Current date and time: 2020-06-07 15:34:20
Successfully connect to DB.
For ['Aleutians East', 'Aleutians West', 'Anchorage', 'Bethel', 'Bristol Bay', 'Denali', 'Dillingham', 'Fairbanks North Star', 'Haines', 'Hoonah-Angoon', 'Juneau', 'Kenai Peninsula', 'Ketchikan Gateway', 'Kodiak Island', 'Lake and Peninsula', 'Matanuska-Susitna', 'Nome', 'North Slope', 'Northwest Arctic', 'Petersburg', 'Prince of Wales-Hyder', 'Sitka', 'Skagway', 'Southeast Fairbanks', 'Valdez-Cordova', 'Wade Hampton', 'Wrangell', 'Yakutat', 'Yukon-Koyukuk']#################################################################
train score for random_forest: 0.9319352225185342
test score for random_forest: 0.5820114821861742
The mean absolute error is:$ 74774.45691403521
r_Score: 0.636808030438058
Voting Regressor (in): 0.9248593171103953
Voting Regressor: 0.636808030438058
5d3cfec58ee5cc973bb102dc
p:  281511.56829988514
5d3cfee20a4618bd9eb102dc
p:  232197.3177311811
5d3cff13095cb74f63b102de
p:  388143.2889185891
5d3cff2e127e303de6b102de
p:  392253.29573260195
5d3cff5c512e92d648b102de
p:  231409.07887341743
5d3cff712d7c6be532b102e2
p:  206277.83287986374
5d3cffb046eba28aeeb102dd
p:  187078.00665455795
5d3cffd5095cb74f63b102e0
p:  175033.92503652233
5d3cffd9c4ce291f2eb102dd
p:  183200.06645170474
5d3cffe80a4618bd9eb102df
p:  519277.8881811673
5d3d0023095cb74f63b102e2
p:  130713.0628335595
5d3d00326cb8f2bd39b102df
p:  283981.4317733788
5d3d00b0512e92d648b102e2
p:  321216.39277578384
5d3d00c046eba28aeeb102df
p:  129983.7550651591
5d3d00e346eba28aeeb102e0
p:  163769.59566329303
5d3d00f02d7c6be532b102e7
p:  174718.24583909102
5d3d01032d7c6be532b102e8
p:  225913.28141811758
5d3d010cc4ce291f2eb102df
p:  187228.68930519378
5d3d012546eba28aeeb102e1
p:  124883.70192035465
5d3d01330a4618bd9eb102e2
p:  391484.7083570382
5d3d017146eba28aeeb102e2
p:  480505.32280404057
5d3d017d512e92d648b102e4
p:  240364.19235399232
5d3d018e127e303de6b102e5
p:  303207.16287417617
5d3d01ab8ee5cc973bb102e0
p:  273887.85133892216
5d3d01c0c4ce291f2eb102e0
p:  259737.00384909607
5d3d01c536d94c9377b102e3
p:  516839.8342966174
5d3d01cf512e92d648b102e5
p:  247225.763516512
5d3d01d5127e303de6b102e6
p:  159492.33998422377
5d3d01d646eba28aeeb102e3
p:  286533.4241081771
5d3d01de6cb8f2bd39b102e0
p:  205911.68527102558
5d3d01f136d94c9377b102e4
p:  194430.24808060995
5d3d01f746eba28aeeb102e4
p:  335287.1209625575
5d3d01ff8ee5cc973bb102e1
p:  266659.5405535209
5d3d0289091a1a4418b102e5
p:  311854.8095406886
5d3d028b46eba28aeeb102e7
p:  235397.3619314342
5d3d02c172cd3677dfb102df
p:  450688.9737787415
5d3d02e0095cb74f63b102e6
p:  452770.972128578
5d3d02ef0a0792e61bb102e2
p:  156159.2455673715
5d3d02f5127e303de6b102e8
p:  369250.735024009
5d3d0307c4ce291f2eb102e1
p:  222022.73743389884
5d3d03162d7c6be532b102eb
p:  161652.21670832994
5d3d0332165df088f1b102e1
p:  441082.8696631822
5d3d033e8ee5cc973bb102e2
p:  155811.9982011132
5d3d035072cd3677dfb102e0
p:  548726.1037823565
5d3d0362165df088f1b102e3
p:  359170.2962293513
5d3d038146eba28aeeb102eb
p:  163769.59566329303
5d3d03f7512e92d648b102e7
p:  258259.9763410073
5d3d03ff165df088f1b102e8
p:  233668.82352782533
5d3d040a2d7c6be532b102f0
p:  193808.4312966499
5d3d04138ee5cc973bb102e4
p:  159807.46940205153
5d3d04428ee5cc973bb102e5
p:  303295.55910825206
5d3d0469165df088f1b102e9
p:  316064.91200686025
5d3d0474091a1a4418b102e9
p:  226877.92027646268
5d3d04bf46eba28aeeb102ed
p:  351462.796006852
5d3d04d1710f0bfb8cb102e8
p:  352156.3474227939
5d3d04fb6cb8f2bd39b102e5
p:  511049.81827189296
5d3d0527710f0bfb8cb102e9
p:  231958.64124395468
5d3d052b127e303de6b102ec
p:  442939.90799658734
5d3d05428ee5cc973bb102e6
p:  230959.67107847985
5d3d05568ee5cc973bb102e7
p:  289860.22173075343
5d3d0586095cb74f63b102ee
p:  111399.63792885764
5d3d05b2165df088f1b102ea
p:  312777.575399942
5d3d05c20a0792e61bb102e9
p:  417413.0498914559
5d3d05d26cc0ceb78db102ef
p:  310020.6842454658
5d3d0604095cb74f63b102ef
p:  134479.69909342792
5d3d061a165df088f1b102eb
p:  340045.4250687971
5d3d0636127e303de6b102ee
p:  266336.37240282854
5d3d0642165df088f1b102ec
p:  441813.6581846692
5d3d064672cd3677dfb102eb
p:  662640.7357729465
5d3d064f6cb8f2bd39b102e9
p:  248366.6017180213
5d3d0664c4ce291f2eb102e5
p:  309117.72645615553
5d3d067372cd3677dfb102ec
p:  411535.2980436447
5d3d06b972cd3677dfb102ed
p:  497864.49720743997
5d3d0706512e92d648b102ec
p:  238369.87957980687
5d3d0712095cb74f63b102f2
p:  301285.9289980632
5d3d0740710f0bfb8cb102ec
p:  222073.70881834114
5d3d077a095cb74f63b102f4
p:  359160.44118065364
5d3d07bac4ce291f2eb102e7
p:  208853.40348707605
5d3d07bf710f0bfb8cb102ef
p:  354523.45460831246
5d3d07c88ee5cc973bb102ea
p:  268042.4061712868
5d3d07d1c4ce291f2eb102e8
p:  228081.9595004294
5d3d085472cd3677dfb102f1
p:  405274.2474575844
5d3d086336d94c9377b102f4
p:  306881.48597273196
5d3d0881c4ce291f2eb102ea
p:  93769.20388400932
5d3d08d036d94c9377b102f7
p:  197768.86712469766
5d3d0912c4ce291f2eb102ec
p:  309576.2997529596
5d3d09136cb8f2bd39b102ec
p:  364321.7828064965
5d3d0918095cb74f63b102f5
p:  346872.2297611209
5d3d091b0a0792e61bb102f6
p:  166955.18135496852
5d3d0935512e92d648b102f0
p:  296223.73425395205
5d3d095e512e92d648b102f1
p:  278427.86079710757
5d3d0986710f0bfb8cb102f4
p:  179631.80252630805
5d3d0988512e92d648b102f2
p:  119590.12347766288
5d3d099436d94c9377b102f9
p:  274293.0686648312
5d3d09a4c4ce291f2eb102ed
p:  164293.3057099192
5d3d09cd6cb8f2bd39b102ed
p:  415758.99086775305
5d3d09df6cc0ceb78db102f7
p:  273611.99278758094
5d3d09e7127e303de6b102f7
p:  428634.853225362
5d3d09e82d7c6be532b102f9
p:  252450.31618834037
5d3d09eb710f0bfb8cb102f5
p:  201480.10702970118
5d3d09fc127e303de6b102f8
p:  280223.8633595806
5d3d0a186cc0ceb78db102f9
p:  348009.8695608404
5d3d0a306cc0ceb78db102fa
p:  383468.5069264014
5d3d0a4e165df088f1b102f1
p:  397255.4135197317
5d3d0a57127e303de6b102fb
p:  324959.9901073718
5d3d0a606cb8f2bd39b102ee
p:  148158.5320340084
5d3d0a71091a1a4418b102fd
p:  161705.43768949382
5d3d0aa1400ad0ff5fb102ee
p:  247315.3152250219
5d3d0acc400ad0ff5fb102ef
p:  234458.93880269688
5d3d0afb512e92d648b102f5
p:  214764.96945030417
5d3d0b06095cb74f63b102fa
p:  420044.7966422691
5d3d0b08091a1a4418b10304
p:  237772.55602844912
5d3d0b2272cd3677dfb102fc
p:  450731.3214380671
5d3d0b28165df088f1b102f2
p:  208621.6365622481
5d3d0b55091a1a4418b10307
p:  167190.8937033367
5d3d0b69c4ce291f2eb102f0
p:  153456.65434086378
5d3d0b716cc0ceb78db102fc
p:  131289.47040361183
5d3d0b86165df088f1b102f3
p:  256956.68187779267
5d3d0b8e091a1a4418b1030a
p:  461781.06284723955
5d3d0b9b400ad0ff5fb102f1
p:  222743.22951908025
5d3d0bca710f0bfb8cb102f6
p:  159799.6360434679
5d3d0be82d7c6be532b102fd
p:  188852.9147880947
5d3d0c1b095cb74f63b102fe
p:  355115.0420248256
5d3d0c1e2d7c6be532b102ff
p:  219805.4917962036
5d3d0ca1127e303de6b102ff
p:  156343.90968045214
5d3d0ca50ac103bb35b102f2
p:  280822.7838118756
5d3d0ca60a0792e61bb102ff
p:  247616.56794517324
5d3d0ca6095cb74f63b102ff
p:  120937.68760766624
5d3d0ccb0a0792e61bb10302
p:  170468.54714504868
5d3d0d192d7c6be532b10302
p:  110685.35978298943
5d3d0d38710f0bfb8cb102f8
p:  219013.79375292326
5d3d0d5072cd3677dfb10304
p:  152171.54383408878
5d3d0d8d2d7c6be532b10303
p:  248293.72491035043
5d3d0de5710f0bfb8cb102fe
p:  281207.1468038438
5d3d0dec095cb74f63b10301
p:  362527.2100462335
5d3d0df58ee5cc973bb102f2
p:  238046.7812606674
5d3d0e2e095cb74f63b10302
p:  199944.31211154567
5d3d0e5f095cb74f63b10303
p:  218269.23105186532
5d3d0e618ee5cc973bb102f3
p:  167600.17106711437
5d3d0e7b165df088f1b102fa
p:  251412.84295689815
5d3d0e87127e303de6b10302
p:  159492.33998422377
5d3d0ea78ee5cc973bb102f4
p:  201747.78000343154
5d3d0efa72cd3677dfb10306
p:  231869.0969337916
5d3d0efe165df088f1b102fd
p:  250315.3917558888
5d3d0f58127e303de6b10304
p:  433350.06644045573
5d3d0f5f165df088f1b102fe
p:  330981.4701724329
5d3d0f74512e92d648b102fb
p:  231409.07887341743
5d3d0fa48ee5cc973bb102f7
p:  285889.24544806767
5d3d0fab0a0792e61bb10306
p:  318829.60517958656
5d3d0fb32d7c6be532b10306
p:  259945.16423917492
5d3d0fc036d94c9377b10303
p:  339360.1557538052
5d3d101736d94c9377b10304
p:  302666.35571770725
5d3d10200a0792e61bb10309
p:  411286.62019435246
5d3d104b36d94c9377b10305
p:  242682.2102640032
5d3d106a46eba28aeeb10300
p:  249483.9264035715
5d3d106f36d94c9377b10306
p:  163431.88347474491
5d3d108346eba28aeeb10301
p:  193694.67313820712
5d3d10d66cc0ceb78db1030e
p:  130326.87633628307
5d3d10f0512e92d648b102fe
p:  506433.5004499473
5d3d1119512e92d648b102ff
p:  243500.35315955753
5d3d1124710f0bfb8cb10300
p:  284980.32208735176
5d3d11390a0792e61bb1030e
p:  181044.55876833625
5d3d1141512e92d648b10300
p:  321216.39277578384
5d3d11698ee5cc973bb102fc
p:  256339.81256688328
5d3d11710a0792e61bb1030f
p:  278028.0397172473
5d3d118436d94c9377b10308
p:  368768.97994593636
5d3d118b710f0bfb8cb10301
p:  236971.84639566817
5d3d11a936d94c9377b10309
p:  247631.98475324624
5d3d11a90ac103bb35b102fb
p:  222563.6266556773
5d3d11cb0a0792e61bb10310
p:  359303.2067712133
5d3d11d872cd3677dfb1030b
p:  190132.16977413167
5d3d11f30a0792e61bb10313
p:  148903.6863706034
5d3d11fa0ac103bb35b102fe
p:  124456.70735702122
5d3d120146eba28aeeb10302
p:  141595.31620269886
5d3d121736d94c9377b1030a
p:  174139.0794132364
5d3d1236512e92d648b10301
p:  280046.604432555
5d3d128e6cb8f2bd39b102fe
p:  75073.20184091703
5d3d12d1c4ce291f2eb102f7
p:  268331.2977643196
5d3d12d246eba28aeeb10303
p:  187604.39970070712
5d3d131f8ee5cc973bb102ff
p:  308010.19261721114
5d3d1325c1f14a6905b102ff
p:  239149.15042851638
5d3d13452d7c6be532b10310
p:  211386.51292576635
5d3d1351165df088f1b10302
p:  292767.59691000846
5d3d1370165df088f1b10303
p:  306967.88715867983
5d3d138d165df088f1b10304
p:  276896.85143624106
5d3d1392400ad0ff5fb102f9
p:  176626.18827664567
5d3d13a2091a1a4418b10324
p:  93681.90546037463
5d3d13b7400ad0ff5fb102fb
p:  234503.58767676423
5d3d13c2091a1a4418b10325
p:  275705.0587682497
5d3d13d0127e303de6b10311
p:  362532.45826101536
5d3d13e0165df088f1b10306
p:  305340.6612538991
5d3d13eec1f14a6905b10300
p:  216087.32508910858
5d3d1409165df088f1b10307
p:  432754.5627097618
5d3d1456c4ce291f2eb102f9
p:  222022.73743389884
5d3d145b400ad0ff5fb102fc
p:  219722.31372533744
5d3d14942d7c6be532b10316
p:  258049.4910227082
5d3d1496c4ce291f2eb102fb
p:  109210.44638141582
5d3d14aac4ce291f2eb102fc
p:  454096.016306805
5d3d14b12d7c6be532b10317
p:  319994.1669358576
5d3d14b8c4ce291f2eb102fd
p:  91278.03547573436
5d3d150e46eba28aeeb10306
p:  141393.1955917998
5d3d15322d7c6be532b10318
p:  508902.10628554766
5d3d1536512e92d648b10309
p:  321124.516345166
5d3d1548400ad0ff5fb10301
p:  272077.0657832279
5d3d1568c4ce291f2eb10302
p:  200290.44263122402
5d3d156d46eba28aeeb10309
p:  141595.31620269886
5d3d15e5095cb74f63b1030c
p:  129225.40043771027
5d3d15e836d94c9377b10310
p:  145709.01598123944
5d3d15f4c1f14a6905b10304
p:  198896.01264175633
5d3d1612091a1a4418b1032d
p:  298936.05558413605
5d3d161446eba28aeeb1030c
p:  94338.07785721938
5d3d161dc1f14a6905b10308
p:  383217.3016072449
5d3d1620710f0bfb8cb10306
p:  286595.36907137465
5d3d1641165df088f1b1030c
p:  332683.6722966627
5d3d16bf8ee5cc973bb10306
p:  288744.341871106
5d3d172ac4ce291f2eb10303
p:  155351.49102959048
5d3d173a165df088f1b1030f
p:  308050.5168291079
5d3d1773710f0bfb8cb10308
p:  269616.1723982878
5d3d1779c4ce291f2eb10305
p:  235832.9196016275
5d3d1799c4ce291f2eb10306
p:  314558.3931252789
5d3d17c16cb8f2bd39b10306
p:  239335.68709901045
5d3d17db400ad0ff5fb10308
p:  184923.71411848912
5d3d17e06cc0ceb78db1031f
p:  223850.0305526969
5d3d17e60ac103bb35b10305
p:  643371.9041264558
5d3d17eb6cb8f2bd39b10307
p:  222709.13525402852
5d3d181346eba28aeeb1030f
p:  256088.1681103025
5d3d18308ee5cc973bb10309
p:  67545.91263572354
5d3d1861c1f14a6905b1030c
p:  250433.79578920707
5d3d18946cb8f2bd39b1030a
p:  228330.56790424697
5d3d18a10ac103bb35b10308
p:  424662.3856525041
5d3d18d70ac103bb35b10309
p:  475072.78975687316
5d3d18e336d94c9377b10313
p:  407814.25748169096
5d3d1907512e92d648b1030e
p:  236981.73932331635
5d3d190c46eba28aeeb10310
p:  166240.11008722195
5d3d192b710f0bfb8cb1030e
p:  273520.65318226174
5d3d19400ac103bb35b1030c
p:  681653.4119699639
5d3d1978710f0bfb8cb10310
p:  259685.42258779967
5d3d19b0512e92d648b10311
p:  279583.5513644309
5d3d19e346eba28aeeb10312
p:  132963.49344560082
5d3d1a23c1f14a6905b10311
p:  257459.72384890515
5d3d1a3c8ee5cc973bb1030c
p:  238573.63673935205
5d3d1a6c0ac103bb35b10311
p:  371025.80853300216
5d3d1aa6710f0bfb8cb10314
p:  281606.10743695224
5d3d1ac4c4ce291f2eb10308
p:  205283.34627795545
5d3d1ac836d94c9377b1031b
p:  377867.1970890574
5d3d1addc4ce291f2eb10309
p:  159492.319712906
5d3d1af2165df088f1b10312
p:  308074.8123212805
5d3d1b068ee5cc973bb1030f
p:  208275.96104485868
5d3d1b0b46eba28aeeb10315
p:  130658.233264285
5d3d1b4936d94c9377b1031c
p:  309484.4534317386
5d3d1b53c1f14a6905b10313
p:  332875.6962259209
5d3d1b6ac4ce291f2eb1030a
p:  80156.26011028099
5d3d1b7146eba28aeeb10317
p:  199043.978776781
5d3d1c27512e92d648b10313
p:  273644.32825813425
5d3d1c36c4ce291f2eb1030e
p:  153129.86711569835
5d3d1c542d7c6be532b1032b
p:  284871.94697645213
5d3d1c79c1f14a6905b10314
p:  344359.55493254773
5d3d1c866cc0ceb78db10326
p:  250630.27107502596
5d3d1c91c1f14a6905b10315
p:  282050.4305043339
5d3d1c9e6cc0ceb78db10327
p:  225390.8727857708
5d3d1cbb6cc0ceb78db10328
p:  131243.9225741197
5d3d1d26165df088f1b10313
p:  320247.31688099884
5d3d1d2b127e303de6b1031e
p:  161481.42660188026
5d3d1d3d165df088f1b10314
p:  307282.73371856223
5d3d1d8846eba28aeeb10319
p:  299037.5767671071
5d3d1d896cb8f2bd39b10315
p:  175026.6819029007
5d3d1d90710f0bfb8cb1031c
p:  290961.9680760888
5d3d1da3c4ce291f2eb10314
p:  144683.2962387107
5d3d1db46cb8f2bd39b10316
p:  117562.47594172265
5d3d1dd42d7c6be532b1032f
p:  271630.0011428822
5d3d1df48ee5cc973bb10316
p:  264827.1201463075
5d3d1e03127e303de6b10320
p:  125525.02480617164
5d3d1e03512e92d648b10317
p:  125766.77386934806
5d3d1e57c4ce291f2eb10315
p:  321068.8762125732
5d3d1e7546eba28aeeb1031f
p:  222346.3263251487
5d3d1e9b2d7c6be532b10332
p:  223570.50126518536
5d3d1eb2400ad0ff5fb10311
p:  309572.5632958234
5d3d1ed0127e303de6b10323
p:  333695.34793300094
5d3d1eeac4ce291f2eb1031c
p:  280055.58555903455
5d3d1ef6c4ce291f2eb1031d
p:  106955.91549066277
5d3d1eff46eba28aeeb10320
p:  232365.29880692944
5d3d1f05c4ce291f2eb1031e
p:  358792.9519646929
5d3d1f1a6cb8f2bd39b1031a
p:  198393.7444574734
5d3d1f6cc4ce291f2eb1031f
p:  308979.9127244565
5d3d1f72c4ce291f2eb10320
p:  545904.6939728564
5d3d1f7746eba28aeeb10323
p:  225087.86893183168
5d3d1fc32d7c6be532b10337
p:  288251.07510802324
5d3d1fe2165df088f1b10318
p:  299923.41225638904
5d3d1ff6127e303de6b10328
p:  344818.90433150576
5d3d2005c1f14a6905b10323
p:  341123.21140266035
5d3d200ec1f14a6905b10324
p:  225797.85388240582
5d3d204fc1f14a6905b10326
p:  180409.22258966503
5d3d2072165df088f1b1031a
p:  396999.7670846811
5d3d20d56cc0ceb78db10332
p:  164411.40056526545
5d3d20ee512e92d648b1031f
p:  195480.20319474122
5d3d20f1c4ce291f2eb10322
p:  265652.2539552051
5d3d20fa165df088f1b1031b
p:  275327.7184639565
5d3d2123165df088f1b1031c
p:  420389.3199916367
5d3d212bc1f14a6905b10329
p:  210742.85729468043
5d3d21d36cb8f2bd39b1031c
p:  100820.88715222877
5d3d2214165df088f1b1031d
p:  436795.9817674408
5d3d2372c4ce291f2eb10325
p:  376997.50840331434
5d3d24012d7c6be532b10340
p:  281982.10079944157
5d3d24342d7c6be532b10341
p:  174718.24583909102
5d3d2443165df088f1b10324
p:  312373.5568452316
5d3d245436d94c9377b10329
p:  332926.06765033386
5d3d24652d7c6be532b10343
p:  271688.58953989885
5d3d247ec1f14a6905b1032a
p:  261839.23474502817
5d3d2490400ad0ff5fb10319
p:  346964.4541703634
5d3d25cf36d94c9377b10331
p:  283032.2335464271
5d3d2652400ad0ff5fb1031f
p:  191968.73539304914
5d3d265c2d7c6be532b10344
p:  144427.13443686848
5d3d266f6cb8f2bd39b10325
p:  249440.9122246164
5d3d2696400ad0ff5fb10321
p:  178028.9360449515
5d3d26e52d7c6be532b10346
p:  354255.82945346535
5d3d2700c1f14a6905b10330
p:  223020.16975822928
5d3d27cd710f0bfb8cb10331
p:  318451.8012294528
5d3d27e2c1f14a6905b10332
p:  108113.86390379808
5d3d281bc1f14a6905b10333
p:  265370.6429381052
5d3d281d400ad0ff5fb10324
p:  125498.66753441241
5d3d284a6cb8f2bd39b1032c
p:  318740.83831367077
5d3d289a2d7c6be532b10349
p:  393426.72731721436
5d3d28a1400ad0ff5fb10326
p:  361025.82492197887
5d3d29a12d7c6be532b1034c
p:  179438.50227033556
5d3d29ba400ad0ff5fb1032b
p:  165073.4864155625
5d3d29c92d7c6be532b1034d
p:  213078.6939644693
5d3d2a17400ad0ff5fb1032d
p:  247315.3152250219/home/testapiuser/HouseApp_2/PricePrediction/AKPrice.py:293: SettingWithCopyWarning: 
A value is trying to be set on a copy of a slice from a DataFrame.
Try using .loc[row_indexer,col_indexer] = value instead

See the caveats in the documentation: http://pandas.pydata.org/pandas-docs/stable/indexing.html#indexing-view-versus-copy
  df2['AreaSpace_SQFT'] = df2['AreaSpace_SQFT'].astype(int)
/home/testapiuser/HouseApp_2/PricePrediction/AKPrice.py:305: SettingWithCopyWarning: 
A value is trying to be set on a copy of a slice from a DataFrame.
Try using .loc[row_indexer,col_indexer] = value instead

See the caveats in the documentation: http://pandas.pydata.org/pandas-docs/stable/indexing.html#indexing-view-versus-copy
  df2['Price'] = z1
/home/testapiuser/HouseApp_2/PricePrediction/AKPrice.py:312: SettingWithCopyWarning: 
A value is trying to be set on a copy of a slice from a DataFrame.
Try using .loc[row_indexer,col_indexer] = value instead

See the caveats in the documentation: http://pandas.pydata.org/pandas-docs/stable/indexing.html#indexing-view-versus-copy
  df2['AreaSpace_SQFT'] = z2

5d3d2ac4710f0bfb8cb10339
p:  318451.8012294528
5d3d2b0f6cb8f2bd39b1032f
p:  76069.79396498435
5d3d2b896cb8f2bd39b10330
p:  131441.46762775665
5d3d2bac6cb8f2bd39b10331
p:  98920.40192844
5d3d2bfe6cb8f2bd39b10332
p:  91260.028282355
5d3d2c3a165df088f1b10336
p:  329201.36370179965
5d3d2c51165df088f1b10337
p:  287999.4447920346
5d3d2cb8165df088f1b10338
p:  331582.38279158727
5d3d2cbfc1f14a6905b1033f
p:  226068.82955727098
5d3d2cd1710f0bfb8cb1033f
p:  296367.44997482776
5d3d2cf4c1f14a6905b10340
p:  276019.2652296212
5d3d2cfa165df088f1b10339
p:  413371.7438151003
5d3d2d05c1f14a6905b10341
p:  175025.64147182473
5d3d2d24c1f14a6905b10342
p:  248174.15717063195
5d3d2d27165df088f1b1033a
p:  326535.1153586646
5d3d2d72165df088f1b1033b
p:  303560.8531394609
5d3d2e32c1f14a6905b10343
p:  171819.9177609253
5d3d2e6b6cb8f2bd39b10333
p:  317342.4815712754
5d3d2e6c165df088f1b1033c
p:  348314.33836917917
5d3d2e70c1f14a6905b10344
p:  228073.88053469174
5d3d2f98c1f14a6905b10347
p:  146674.00085705335
5d3d3014165df088f1b1033d
p:  360401.9399736932
5d3d315e710f0bfb8cb1034b
p:  298430.7051089881
5d3d316e165df088f1b1033f
p:  404481.3597979859
5d3d31af710f0bfb8cb1034e
p:  188534.35472077582
5d3d31e5710f0bfb8cb1034f
p:  159799.6360434679
5d3d3208165df088f1b10341
p:  270092.33920287044
5d3d3234165df088f1b10342
p:  361886.06473815755
5d3d324f165df088f1b10344
p:  332143.4338104642
5d3d328a165df088f1b10345
p:  334951.3456199248
5d3d32b7165df088f1b10346
p:  251822.14059829217
5d3d33ca165df088f1b10347
p:  282257.27118327527
5d3d34be165df088f1b10349
p:  325071.10486101324
5d3d3573710f0bfb8cb1035a
p:  285943.9576923824
5d3d357d710f0bfb8cb1035b
p:  198269.6024910605
5d3d3587710f0bfb8cb1035c
p:  219794.22864203423
5d3d3770165df088f1b1034b
p:  426377.88344390393
5d3d38f5710f0bfb8cb1035d
p:  242372.1268465906
5d3d3925710f0bfb8cb1035e
p:  595907.8236945535
5d3d39e7710f0bfb8cb1035f
p:  243674.28147355362
5d3d39f3710f0bfb8cb10360
p:  250102.41199697432
5d3d3a3e710f0bfb8cb10361
p:  150010.45251693146
5d3d3a96710f0bfb8cb10362
p:  257147.45523937076
5d3d3ce0710f0bfb8cb10365
p:  289238.8073876024
5d3d3d5c710f0bfb8cb10366
p:  276244.64588250406
5d3d3dae710f0bfb8cb10367
p:  138165.7339179991
5d3d3e7a710f0bfb8cb1036a
p:  219013.79375292326
Current date and time: 2020-06-08 15:34:11
Successfully connect to DB.
For ['Aleutians East', 'Aleutians West', 'Anchorage', 'Bethel', 'Bristol Bay', 'Denali', 'Dillingham', 'Fairbanks North Star', 'Haines', 'Hoonah-Angoon', 'Juneau', 'Kenai Peninsula', 'Ketchikan Gateway', 'Kodiak Island', 'Lake and Peninsula', 'Matanuska-Susitna', 'Nome', 'North Slope', 'Northwest Arctic', 'Petersburg', 'Prince of Wales-Hyder', 'Sitka', 'Skagway', 'Southeast Fairbanks', 'Valdez-Cordova', 'Wade Hampton', 'Wrangell', 'Yakutat', 'Yukon-Koyukuk']#################################################################
train score for random_forest: 0.9304065929868464
test score for random_forest: 0.5737271644305727
The mean absolute error is:$ 74589.4204136979
r_Score: 0.640620564879494
Voting Regressor (in): 0.9250488948255994
Voting Regressor: 0.640620564879494
5d3cfec58ee5cc973bb102dc
p:  273365.8388057228
5d3cfee20a4618bd9eb102dc
p:  199899.0319740835
5d3cff13095cb74f63b102de
p:  383765.65734330635
5d3cff2e127e303de6b102de
p:  399471.2248786049
5d3cff5c512e92d648b102de
p:  227972.07731538697
5d3cff712d7c6be532b102e2
p:  214500.84411363307
5d3cffb046eba28aeeb102dd
p:  193999.35537242808
5d3cffd5095cb74f63b102e0
p:  174235.75579418882
5d3cffd9c4ce291f2eb102dd
p:  182993.581802996
5d3cffe80a4618bd9eb102df
p:  491720.84380174323
5d3d0023095cb74f63b102e2
p:  130730.37145234083
5d3d00326cb8f2bd39b102df
p:  278496.53937150363
5d3d00b0512e92d648b102e2
p:  319496.57982083724
5d3d00c046eba28aeeb102df
p:  129784.74931152457
5d3d00e346eba28aeeb102e0
p:  170217.91436553682
5d3d00f02d7c6be532b102e7
p:  179226.65821348166
5d3d01032d7c6be532b102e8
p:  228701.9326958782
5d3d010cc4ce291f2eb102df
p:  181541.02572315297
5d3d012546eba28aeeb102e1
p:  146474.29789299064
5d3d01330a4618bd9eb102e2
p:  398354.48843947996
5d3d017146eba28aeeb102e2
p:  304122.1334901906
5d3d017d512e92d648b102e4
p:  240774.29926885694
5d3d018e127e303de6b102e5
p:  303368.98837728007
5d3d01ab8ee5cc973bb102e0
p:  263755.46002711216
5d3d01c0c4ce291f2eb102e0
p:  254215.78736966173
5d3d01c536d94c9377b102e3
p:  492481.6649035113
5d3d01cf512e92d648b102e5
p:  248672.75550403463
5d3d01d5127e303de6b102e6
p:  163397.76314527955
5d3d01d646eba28aeeb102e3
p:  287444.90325049614
5d3d01de6cb8f2bd39b102e0
p:  209082.08888951346
5d3d01f136d94c9377b102e4
p:  194737.64552100532
5d3d01f746eba28aeeb102e4
p:  311568.86241040146
5d3d01ff8ee5cc973bb102e1
p:  282012.48155827646
5d3d0289091a1a4418b102e5
p:  317081.55025680736
5d3d028b46eba28aeeb102e7
p:  264175.8187628896
5d3d02c172cd3677dfb102df
p:  459544.0623398473
5d3d02e0095cb74f63b102e6
p:  467264.90236634715
5d3d02ef0a0792e61bb102e2
p:  148169.91693604013
5d3d02f5127e303de6b102e8
p:  379673.09864742175
5d3d0307c4ce291f2eb102e1
p:  223504.58476704865
5d3d03162d7c6be532b102eb
p:  171118.81406317477
5d3d0332165df088f1b102e1
p:  407550.4364062736
5d3d033e8ee5cc973bb102e2
p:  164861.2597883141
5d3d035072cd3677dfb102e0
p:  535614.6253510311
5d3d0362165df088f1b102e3
p:  335485.71171762474
5d3d038146eba28aeeb102eb
p:  170217.91436553682
5d3d03f7512e92d648b102e7
p:  242060.1727878699
5d3d03ff165df088f1b102e8
p:  255706.80409186357
5d3d040a2d7c6be532b102f0
p:  189162.63800964766
5d3d04138ee5cc973bb102e4
p:  163304.47747269567
5d3d04428ee5cc973bb102e5
p:  320028.93575527566
5d3d0469165df088f1b102e9
p:  319050.3387261876
5d3d0474091a1a4418b102e9
p:  230856.28640167657
5d3d04bf46eba28aeeb102ed
p:  357476.064197224
5d3d04d1710f0bfb8cb102e8
p:  349836.82826208335
5d3d04fb6cb8f2bd39b102e5
p:  507945.7435535776
5d3d0527710f0bfb8cb102e9
p:  227157.9843268724
5d3d052b127e303de6b102ec
p:  440416.0723527665
5d3d05428ee5cc973bb102e6
p:  232705.45440073026
5d3d05568ee5cc973bb102e7
p:  286584.09702481265
5d3d0586095cb74f63b102ee
p:  110354.85136695029
5d3d05b2165df088f1b102ea
p:  307412.68081510393
5d3d05c20a0792e61bb102e9
p:  296622.6874053568
5d3d05d26cc0ceb78db102ef
p:  305200.01432078425
5d3d0604095cb74f63b102ef
p:  138440.67134253372
5d3d061a165df088f1b102eb
p:  342061.5276204832
5d3d0636127e303de6b102ee
p:  260111.07177105756
5d3d0642165df088f1b102ec
p:  429229.82912765205
5d3d064672cd3677dfb102eb
p:  666456.6611890383
5d3d064f6cb8f2bd39b102e9
p:  237625.68958085007
5d3d0664c4ce291f2eb102e5
p:  297846.3842515933
5d3d067372cd3677dfb102ec
p:  417854.5327750249
5d3d06b972cd3677dfb102ed
p:  481994.0222357854
5d3d0706512e92d648b102ec
p:  268970.7875038473
5d3d0712095cb74f63b102f2
p:  306489.42484772834
5d3d0740710f0bfb8cb102ec
p:  226417.72016817052
5d3d077a095cb74f63b102f4
p:  346779.88922661403
5d3d07bac4ce291f2eb102e7
p:  210222.76218343785
5d3d07bf710f0bfb8cb102ef
p:  354983.3452109968
5d3d07c88ee5cc973bb102ea
p:  283450.813667088
5d3d07d1c4ce291f2eb102e8
p:  212084.25102800853
5d3d085472cd3677dfb102f1
p:  404198.79402863013
5d3d086336d94c9377b102f4
p:  306762.5791821516
5d3d0881c4ce291f2eb102ea
p:  97181.34455687787
5d3d08d036d94c9377b102f7
p:  197312.20207251172
5d3d0912c4ce291f2eb102ec
p:  300827.28086890455
5d3d09136cb8f2bd39b102ec
p:  363407.09427367896
5d3d0918095cb74f63b102f5
p:  374329.2372141267
5d3d091b0a0792e61bb102f6
p:  181669.77233523462
5d3d0935512e92d648b102f0
p:  318582.59003958583
5d3d095e512e92d648b102f1
p:  276244.25255664345
5d3d0986710f0bfb8cb102f4
p:  198572.57112944388
5d3d0988512e92d648b102f2
p:  116456.19627154368
5d3d099436d94c9377b102f9
p:  273038.5468071759
5d3d09a4c4ce291f2eb102ed
p:  155801.16160993744
5d3d09cd6cb8f2bd39b102ed
p:  404673.0800079033
5d3d09df6cc0ceb78db102f7
p:  277103.2264186285
5d3d09e7127e303de6b102f7
p:  452174.3622514256
5d3d09e82d7c6be532b102f9
p:  253789.49543438572
5d3d09eb710f0bfb8cb102f5
p:  193798.0720040276
5d3d09fc127e303de6b102f8
p:  291004.9578888498
5d3d0a186cc0ceb78db102f9
p:  352238.34418754815
5d3d0a306cc0ceb78db102fa
p:  387528.009338281
5d3d0a4e165df088f1b102f1
p:  404156.74261315214
5d3d0a57127e303de6b102fb
p:  303304.1337287133
5d3d0a606cb8f2bd39b102ee
p:  146993.812111056
5d3d0a71091a1a4418b102fd
p:  158076.85578836282
5d3d0aa1400ad0ff5fb102ee
p:  260889.88136957487
5d3d0acc400ad0ff5fb102ef
p:  246675.6982136616
5d3d0afb512e92d648b102f5
p:  216748.3167371945
5d3d0b06095cb74f63b102fa
p:  447198.33791562147
5d3d0b08091a1a4418b10304
p:  225921.83585765594
5d3d0b2272cd3677dfb102fc
p:  454129.05338703474
5d3d0b28165df088f1b102f2
p:  219304.63893138536
5d3d0b55091a1a4418b10307
p:  169024.124521869
5d3d0b69c4ce291f2eb102f0
p:  149502.63404331345
5d3d0b716cc0ceb78db102fc
p:  146183.2555271481
5d3d0b86165df088f1b102f3
p:  243387.48363770332
5d3d0b8e091a1a4418b1030a
p:  451597.37977294344
5d3d0b9b400ad0ff5fb102f1
p:  227379.98112797522
5d3d0bca710f0bfb8cb102f6
p:  168876.127460221
5d3d0be82d7c6be532b102fd
p:  190509.31968329055
5d3d0c1b095cb74f63b102fe
p:  360062.61907175794
5d3d0c1e2d7c6be532b102ff
p:  224984.08420508372
5d3d0ca1127e303de6b102ff
p:  163653.21613849307
5d3d0ca50ac103bb35b102f2
p:  270469.44537946564
5d3d0ca60a0792e61bb102ff
p:  251489.7687712015
5d3d0ca6095cb74f63b102ff
p:  118171.21289768214
5d3d0ccb0a0792e61bb10302
p:  166975.99556873163
5d3d0d192d7c6be532b10302
p:  110653.13417090115
5d3d0d38710f0bfb8cb102f8
p:  221161.3310100758
5d3d0d5072cd3677dfb10304
p:  151052.07587802765
5d3d0d8d2d7c6be532b10303
p:  261593.47512467322
5d3d0de5710f0bfb8cb102fe
p:  285960.9349908523
5d3d0dec095cb74f63b10301
p:  396023.9383036054
5d3d0df58ee5cc973bb102f2
p:  236689.8766452437
5d3d0e2e095cb74f63b10302
p:  197023.95452893758
5d3d0e5f095cb74f63b10303
p:  220479.2044111648
5d3d0e618ee5cc973bb102f3
p:  168229.8700629921
5d3d0e7b165df088f1b102fa
p:  254147.56244881058
5d3d0e87127e303de6b10302
p:  163397.76314527955
5d3d0ea78ee5cc973bb102f4
p:  208877.13733766123
5d3d0efa72cd3677dfb10306
p:  213851.67962919723
5d3d0efe165df088f1b102fd
p:  237083.15342821763
5d3d0f58127e303de6b10304
p:  424760.81795250054
5d3d0f5f165df088f1b102fe
p:  334162.05446503044
5d3d0f74512e92d648b102fb
p:  227972.07731538697
5d3d0fa48ee5cc973bb102f7
p:  281816.33803422307
5d3d0fab0a0792e61bb10306
p:  295342.15807056904
5d3d0fb32d7c6be532b10306
p:  258159.55895155837
5d3d0fc036d94c9377b10303
p:  333795.5706131957
5d3d101736d94c9377b10304
p:  313102.1834351794
5d3d10200a0792e61bb10309
p:  406637.74260253523
5d3d104b36d94c9377b10305
p:  240978.09401756275
5d3d106a46eba28aeeb10300
p:  245687.8511729475
5d3d106f36d94c9377b10306
p:  158980.67315856676
5d3d108346eba28aeeb10301
p:  201291.54264030236
5d3d10d66cc0ceb78db1030e
p:  133486.25034073798
5d3d10f0512e92d648b102fe
p:  494587.8401182643
5d3d1119512e92d648b102ff
p:  272449.92499891075
5d3d1124710f0bfb8cb10300
p:  294438.8384626431
5d3d11390a0792e61bb1030e
p:  194288.27295168856
5d3d1141512e92d648b10300
p:  319496.57982083724
5d3d11698ee5cc973bb102fc
p:  253288.74312612956
5d3d11710a0792e61bb1030f
p:  270315.69013079465
5d3d118436d94c9377b10308
p:  381301.82846883894
5d3d118b710f0bfb8cb10301
p:  233331.94026634324
5d3d11a936d94c9377b10309
p:  250088.34964581009
5d3d11a90ac103bb35b102fb
p:  214210.50485855958
5d3d11cb0a0792e61bb10310
p:  304444.69192608044
5d3d11d872cd3677dfb1030b
p:  178112.2692284079
5d3d11f30a0792e61bb10313
p:  145432.40030043537
5d3d11fa0ac103bb35b102fe
p:  104002.93458394973
5d3d120146eba28aeeb10302
p:  144018.35463461428
5d3d121736d94c9377b1030a
p:  165995.02134383697
5d3d1236512e92d648b10301
p:  277371.54923127854
5d3d128e6cb8f2bd39b102fe
p:  64254.7260286988
5d3d12d1c4ce291f2eb102f7
p:  268714.5458421686
5d3d12d246eba28aeeb10303
p:  191026.98014030236
5d3d131f8ee5cc973bb102ff
p:  304095.926488192
5d3d1325c1f14a6905b102ff
p:  248159.43078745878
5d3d13452d7c6be532b10310
p:  217307.06160516568
5d3d1351165df088f1b10302
p:  289998.5116524027
5d3d1370165df088f1b10303
p:  301674.9552526525
5d3d138d165df088f1b10304
p:  277851.0655893446
5d3d1392400ad0ff5fb102f9
p:  173592.3081716258
5d3d13a2091a1a4418b10324
p:  92621.88402767241
5d3d13b7400ad0ff5fb102fb
p:  243841.99851801048
5d3d13c2091a1a4418b10325
p:  276343.7997886695
5d3d13d0127e303de6b10311
p:  361657.6553238325
5d3d13e0165df088f1b10306
p:  301674.9552526525
5d3d13eec1f14a6905b10300
p:  222510.3159517916
5d3d1409165df088f1b10307
p:  439499.95612268895
5d3d1456c4ce291f2eb102f9
p:  223504.58476704865
5d3d145b400ad0ff5fb102fc
p:  220414.57603344676
5d3d14942d7c6be532b10316
p:  255592.33920746506
5d3d1496c4ce291f2eb102fb
p:  106710.1379725266
5d3d14aac4ce291f2eb102fc
p:  392549.2699945255
5d3d14b12d7c6be532b10317
p:  328914.701451899
5d3d14b8c4ce291f2eb102fd
p:  90409.94043482136
5d3d150e46eba28aeeb10306
p:  129055.43366332026
5d3d15322d7c6be532b10318
p:  495920.89733792475
5d3d1536512e92d648b10309
p:  320268.03909964266
5d3d1548400ad0ff5fb10301
p:  274933.0293049541
5d3d1568c4ce291f2eb10302
p:  203648.36126228154
5d3d156d46eba28aeeb10309
p:  144018.35463461428
5d3d15e5095cb74f63b1030c
p:  133150.07084757986
5d3d15e836d94c9377b10310
p:  156700.09013819936
5d3d15f4c1f14a6905b10304
p:  203655.84612784983
5d3d1612091a1a4418b1032d
p:  305711.3771445592
5d3d161446eba28aeeb1030c
p:  107173.06185755672
5d3d161dc1f14a6905b10308
p:  388772.75119972765
5d3d1620710f0bfb8cb10306
p:  289254.9632411387
5d3d1641165df088f1b1030c
p:  330285.8576253516
5d3d16bf8ee5cc973bb10306
p:  305635.3808057701
5d3d172ac4ce291f2eb10303
p:  153346.80459284212
5d3d173a165df088f1b1030f
p:  322296.08582105656
5d3d1773710f0bfb8cb10308
p:  309824.59465823945
5d3d1779c4ce291f2eb10305
p:  239848.31483606907
5d3d1799c4ce291f2eb10306
p:  313346.9469982161
5d3d17c16cb8f2bd39b10306
p:  229567.97483369612
5d3d17db400ad0ff5fb10308
p:  193615.66325056268
5d3d17e06cc0ceb78db1031f
p:  229182.4966964526
5d3d17e60ac103bb35b10305
p:  618025.0503267164
5d3d17eb6cb8f2bd39b10307
p:  211344.00209396175
5d3d181346eba28aeeb1030f
p:  242290.4615909685
5d3d18308ee5cc973bb10309
p:  73071.16118077481
5d3d1861c1f14a6905b1030c
p:  245862.79977947674
5d3d18946cb8f2bd39b1030a
p:  217972.20202122076
5d3d18a10ac103bb35b10308
p:  432265.7338033443
5d3d18d70ac103bb35b10309
p:  467186.81008479896
5d3d18e336d94c9377b10313
p:  411200.85263392073
5d3d1907512e92d648b1030e
p:  235207.3822518663
5d3d190c46eba28aeeb10310
p:  165181.97840586666
5d3d192b710f0bfb8cb1030e
p:  276291.7299443958
5d3d19400ac103bb35b1030c
p:  612730.382757688
5d3d1978710f0bfb8cb10310
p:  237816.3679414595
5d3d19b0512e92d648b10311
p:  275483.3787313907
5d3d19e346eba28aeeb10312
p:  153257.46679519187
5d3d1a23c1f14a6905b10311
p:  251720.91911082162
5d3d1a3c8ee5cc973bb1030c
p:  236089.82243026682
5d3d1a6c0ac103bb35b10311
p:  374525.39919701556
5d3d1aa6710f0bfb8cb10314
p:  313794.19607444026
5d3d1ac4c4ce291f2eb10308
p:  206713.661583682
5d3d1ac836d94c9377b1031b
p:  380379.00817920524
5d3d1addc4ce291f2eb10309
p:  161963.24792246782
5d3d1af2165df088f1b10312
p:  306338.4027101904
5d3d1b068ee5cc973bb1030f
p:  206182.46502628335
5d3d1b0b46eba28aeeb10315
p:  147583.1989709518
5d3d1b4936d94c9377b1031c
p:  336377.7934073512
5d3d1b53c1f14a6905b10313
p:  314493.8374691459
5d3d1b6ac4ce291f2eb1030a
p:  74343.57757457197
5d3d1b7146eba28aeeb10317
p:  203503.8278069922
5d3d1c27512e92d648b10313
p:  270775.5662313907
5d3d1c36c4ce291f2eb1030e
p:  152887.50057339546
5d3d1c542d7c6be532b1032b
p:  290078.8144463816
5d3d1c79c1f14a6905b10314
p:  344309.50293857866
5d3d1c866cc0ceb78db10326
p:  240509.45166220458
5d3d1c91c1f14a6905b10315
p:  303991.7386797194
5d3d1c9e6cc0ceb78db10327
p:  227981.53149049298
5d3d1cbb6cc0ceb78db10328
p:  131254.72987595949
5d3d1d26165df088f1b10313
p:  323340.9768584516
5d3d1d2b127e303de6b1031e
p:  180771.38152380788
5d3d1d3d165df088f1b10314
p:  310896.72694906313
5d3d1d8846eba28aeeb10319
p:  363623.9172953937
5d3d1d896cb8f2bd39b10315
p:  174454.1188325644
5d3d1d90710f0bfb8cb1031c
p:  314003.5925959764
5d3d1da3c4ce291f2eb10314
p:  147914.46716678806
5d3d1db46cb8f2bd39b10316
p:  114488.54953612052
5d3d1dd42d7c6be532b1032f
p:  269209.81636244536
5d3d1df48ee5cc973bb10316
p:  266885.5757002272
5d3d1e03127e303de6b10320
p:  126350.75343300038
5d3d1e03512e92d648b10317
p:  124397.77590714637
5d3d1e57c4ce291f2eb10315
p:  323528.5989338269
5d3d1e7546eba28aeeb1031f
p:  225461.70155450556
5d3d1e9b2d7c6be532b10332
p:  232687.3231823573
5d3d1eb2400ad0ff5fb10311
p:  317565.9421878345
5d3d1ed0127e303de6b10323
p:  342607.70473276393
5d3d1eeac4ce291f2eb1031c
p:  281687.89334140846
5d3d1ef6c4ce291f2eb1031d
p:  106141.54959681144
5d3d1eff46eba28aeeb10320
p:  228514.78752196918
5d3d1f05c4ce291f2eb1031e
p:  350083.35754567425
5d3d1f1a6cb8f2bd39b1031a
p:  199352.0546291573
5d3d1f6cc4ce291f2eb1031f
p:  305958.934395356
5d3d1f72c4ce291f2eb10320
p:  576131.5885782677
5d3d1f7746eba28aeeb10323
p:  226485.0197574976
5d3d1fc32d7c6be532b10337
p:  290522.23187615775
5d3d1fe2165df088f1b10318
p:  300457.1847668325
5d3d1ff6127e303de6b10328
p:  339210.05176508974
5d3d2005c1f14a6905b10323
p:  322192.05992201687
5d3d200ec1f14a6905b10324
p:  216255.86305504967
5d3d204fc1f14a6905b10326
p:  181431.5405706386
5d3d2072165df088f1b1031a
p:  404156.74261315214
5d3d20d56cc0ceb78db10332
p:  161919.84480289568
5d3d20ee512e92d648b1031f
p:  191822.91027446912
5d3d20f1c4ce291f2eb10322
p:  262612.8433190605
5d3d20fa165df088f1b1031b
p:  273295.1082846612
5d3d2123165df088f1b1031c
p:  436264.6953109649
5d3d212bc1f14a6905b10329
p:  215159.34770904813
5d3d21d36cb8f2bd39b1031c
p:  94687.54860254214
5d3d2214165df088f1b1031d
p:  436657.0280283112
5d3d2372c4ce291f2eb10325
p:  385177.9648340024
5d3d24012d7c6be532b10340
p:  273418.33344420244
5d3d24342d7c6be532b10341
p:  179226.65821348166
5d3d2443165df088f1b10324
p:  325006.859664188
5d3d245436d94c9377b10329
p:  355928.61553275236
5d3d24652d7c6be532b10343
p:  265346.64954498206
5d3d247ec1f14a6905b1032a
p:  263935.091967996
5d3d2490400ad0ff5fb10319
p:  348485.3499071175
5d3d25cf36d94c9377b10331
p:  277654.220257278
5d3d2652400ad0ff5fb1031f
p:  189408.7701579007
5d3d265c2d7c6be532b10344
p:  144548.80482020287
5d3d266f6cb8f2bd39b10325
p:  245532.89906418446
5d3d2696400ad0ff5fb10321
p:  186030.9924430281
5d3d26e52d7c6be532b10346
p:  359501.4549863682
5d3d2700c1f14a6905b10330
p:  223675.71797584236
5d3d27cd710f0bfb8cb10331
p:  276616.39859655715
5d3d27e2c1f14a6905b10332
p:  99674.06588641246
5d3d281bc1f14a6905b10333
p:  262145.4562103984
5d3d281d400ad0ff5fb10324
p:  131022.2600990019
5d3d284a6cb8f2bd39b1032c
p:  317283.2410151489
5d3d289a2d7c6be532b10349
p:  399691.335643671
5d3d28a1400ad0ff5fb10326
p:  347120.7953649564
5d3d29a12d7c6be532b1034c
p:  203620.5987807197
5d3d29ba400ad0ff5fb1032b
p:  186380.51196456703
5d3d29c92d7c6be532b1034d
p:  209675.73852233446
5d3d2a17400ad0ff5fb1032d
p:  260889.88136957487
5d3d2ac4710f0bfb8cb10339/home/testapiuser/HouseApp_2/PricePrediction/AKPrice.py:293: SettingWithCopyWarning: 
A value is trying to be set on a copy of a slice from a DataFrame.
Try using .loc[row_indexer,col_indexer] = value instead

See the caveats in the documentation: http://pandas.pydata.org/pandas-docs/stable/indexing.html#indexing-view-versus-copy
  df2['AreaSpace_SQFT'] = df2['AreaSpace_SQFT'].astype(int)
/home/testapiuser/HouseApp_2/PricePrediction/AKPrice.py:305: SettingWithCopyWarning: 
A value is trying to be set on a copy of a slice from a DataFrame.
Try using .loc[row_indexer,col_indexer] = value instead

See the caveats in the documentation: http://pandas.pydata.org/pandas-docs/stable/indexing.html#indexing-view-versus-copy
  df2['Price'] = z1
/home/testapiuser/HouseApp_2/PricePrediction/AKPrice.py:312: SettingWithCopyWarning: 
A value is trying to be set on a copy of a slice from a DataFrame.
Try using .loc[row_indexer,col_indexer] = value instead

See the caveats in the documentation: http://pandas.pydata.org/pandas-docs/stable/indexing.html#indexing-view-versus-copy
  df2['AreaSpace_SQFT'] = z2

p:  276616.39859655715
5d3d2b0f6cb8f2bd39b1032f
p:  64421.17069042551
5d3d2b896cb8f2bd39b10330
p:  128588.24051333911
5d3d2bac6cb8f2bd39b10331
p:  101215.46243851642
5d3d2bfe6cb8f2bd39b10332
p:  85399.04780926116
5d3d2c3a165df088f1b10336
p:  327929.0336514099
5d3d2c51165df088f1b10337
p:  285044.89956044947
5d3d2cb8165df088f1b10338
p:  335820.0408877259
5d3d2cbfc1f14a6905b1033f
p:  221262.86992203677
5d3d2cd1710f0bfb8cb1033f
p:  324921.4956268027
5d3d2cf4c1f14a6905b10340
p:  276486.0401818036
5d3d2cfa165df088f1b10339
p:  415071.91785914084
5d3d2d05c1f14a6905b10341
p:  175794.74605779152
5d3d2d24c1f14a6905b10342
p:  254067.88993416372
5d3d2d27165df088f1b1033a
p:  326242.5069402478
5d3d2d72165df088f1b1033b
p:  312370.59639695636
5d3d2e32c1f14a6905b10343
p:  167231.95033762546
5d3d2e6b6cb8f2bd39b10333
p:  313392.6353544879
5d3d2e6c165df088f1b1033c
p:  343844.6501940724
5d3d2e70c1f14a6905b10344
p:  254028.1209551753
5d3d2f98c1f14a6905b10347
p:  148259.02082394424
5d3d3014165df088f1b1033d
p:  362590.9197050497
5d3d315e710f0bfb8cb1034b
p:  303361.1004691125
5d3d316e165df088f1b1033f
p:  406667.9183084053
5d3d31af710f0bfb8cb1034e
p:  180347.36490848352
5d3d31e5710f0bfb8cb1034f
p:  168876.127460221
5d3d3208165df088f1b10341
p:  293070.4613059694
5d3d3234165df088f1b10342
p:  359362.86265928444
5d3d324f165df088f1b10344
p:  332926.8817466764
5d3d328a165df088f1b10345
p:  344331.07596849825
5d3d32b7165df088f1b10346
p:  275333.54017118725
5d3d33ca165df088f1b10347
p:  281180.5006203627
5d3d34be165df088f1b10349
p:  330519.5292203546
5d3d3573710f0bfb8cb1035a
p:  281411.40565766545
5d3d357d710f0bfb8cb1035b
p:  195666.1889086765
5d3d3587710f0bfb8cb1035c
p:  221927.2994528896
5d3d3770165df088f1b1034b
p:  439142.8863580254
5d3d38f5710f0bfb8cb1035d
p:  251495.8148738374
5d3d3925710f0bfb8cb1035e
p:  597284.6976250871
5d3d39e7710f0bfb8cb1035f
p:  263995.78358208353
5d3d39f3710f0bfb8cb10360
p:  255284.9810633426
5d3d3a3e710f0bfb8cb10361
p:  158809.04825368483
5d3d3a96710f0bfb8cb10362
p:  258638.87854246437
5d3d3ce0710f0bfb8cb10365
p:  256663.12338623634
5d3d3d5c710f0bfb8cb10366
p:  245412.8328894832
5d3d3dae710f0bfb8cb10367
p:  137610.0140782441
5d3d3e7a710f0bfb8cb1036a
p:  221161.3310100758
Current date and time: 2020-06-09 15:34:11
Successfully connect to DB.
For ['Aleutians East', 'Aleutians West', 'Anchorage', 'Bethel', 'Bristol Bay', 'Denali', 'Dillingham', 'Fairbanks North Star', 'Haines', 'Hoonah-Angoon', 'Juneau', 'Kenai Peninsula', 'Ketchikan Gateway', 'Kodiak Island', 'Lake and Peninsula', 'Matanuska-Susitna', 'Nome', 'North Slope', 'Northwest Arctic', 'Petersburg', 'Prince of Wales-Hyder', 'Sitka', 'Skagway', 'Southeast Fairbanks', 'Valdez-Cordova', 'Wade Hampton', 'Wrangell', 'Yakutat', 'Yukon-Koyukuk']#################################################################
train score for random_forest: 0.930974614962577
test score for random_forest: 0.5928486776387109
The mean absolute error is:$ 74618.5900080757
r_Score: 0.6386201666385811
Voting Regressor (in): 0.9237164271959502
Voting Regressor: 0.6386201666385811
5d3cfec58ee5cc973bb102dc
p:  271394.4373433493
5d3cfee20a4618bd9eb102dc
p:  216626.87111336453
5d3cff13095cb74f63b102de
p:  388615.6615935224
5d3cff2e127e303de6b102de
p:  391614.55587266164
5d3cff5c512e92d648b102de
p:  223787.2762108136
5d3cff712d7c6be532b102e2
p:  211851.8871459047
5d3cffb046eba28aeeb102dd
p:  188670.31286832268
5d3cffd5095cb74f63b102e0
p:  170339.76136260206
5d3cffd9c4ce291f2eb102dd
p:  182430.10000557415
5d3cffe80a4618bd9eb102df
p:  570930.1946761782
5d3d0023095cb74f63b102e2
p:  135241.2537318235
5d3d00326cb8f2bd39b102df
p:  281223.33517271903
5d3d00b0512e92d648b102e2
p:  321390.6580628851
5d3d00c046eba28aeeb102df
p:  131900.355189574
5d3d00e346eba28aeeb102e0
p:  165275.15021529945
5d3d00f02d7c6be532b102e7
p:  192709.1011803426
5d3d01032d7c6be532b102e8
p:  226393.90748459435
5d3d010cc4ce291f2eb102df
p:  185953.33740073477
5d3d012546eba28aeeb102e1
p:  134154.73596369097
5d3d01330a4618bd9eb102e2
p:  411214.6102957272
5d3d017146eba28aeeb102e2
p:  376330.50810420915
5d3d017d512e92d648b102e4
p:  247849.80770484434
5d3d018e127e303de6b102e5
p:  310259.1839941337
5d3d01ab8ee5cc973bb102e0
p:  269756.70564428065
5d3d01c0c4ce291f2eb102e0
p:  263099.23491801956
5d3d01c536d94c9377b102e3
p:  521431.11652719416
5d3d01cf512e92d648b102e5
p:  252099.44441892594
5d3d01d5127e303de6b102e6
p:  158811.9495567755
5d3d01d646eba28aeeb102e3
p:  297071.0101449316
5d3d01de6cb8f2bd39b102e0
p:  208663.47637750255
5d3d01f136d94c9377b102e4
p:  191338.64307789633
5d3d01f746eba28aeeb102e4
p:  346460.0034368217
5d3d01ff8ee5cc973bb102e1
p:  270752.2591928587
5d3d0289091a1a4418b102e5
p:  317125.0105603838
5d3d028b46eba28aeeb102e7
p:  252635.16767758355
5d3d02c172cd3677dfb102df
p:  459634.7122369048
5d3d02e0095cb74f63b102e6
p:  447129.36565627693
5d3d02ef0a0792e61bb102e2
p:  154910.92296594562
5d3d02f5127e303de6b102e8
p:  373178.434187465
5d3d0307c4ce291f2eb102e1
p:  219530.90646787774
5d3d03162d7c6be532b102eb
p:  165103.3292638634
5d3d0332165df088f1b102e1
p:  453416.3219469654
5d3d033e8ee5cc973bb102e2
p:  178692.77032055522
5d3d035072cd3677dfb102e0
p:  540122.7733164639
5d3d0362165df088f1b102e3
p:  333612.63688162767
5d3d038146eba28aeeb102eb
p:  165275.15021529945
5d3d03f7512e92d648b102e7
p:  255981.29111822115
5d3d03ff165df088f1b102e8
p:  231993.2498681406
5d3d040a2d7c6be532b102f0
p:  188235.79199600738
5d3d04138ee5cc973bb102e4
p:  163138.320086508
5d3d04428ee5cc973bb102e5
p:  314124.2299446885
5d3d0469165df088f1b102e9
p:  317135.2283309847
5d3d0474091a1a4418b102e9
p:  239721.2208209344
5d3d04bf46eba28aeeb102ed
p:  347098.29323657055
5d3d04d1710f0bfb8cb102e8
p:  325308.9308629083
5d3d04fb6cb8f2bd39b102e5
p:  502875.0611852658
5d3d0527710f0bfb8cb102e9
p:  218955.49962209404
5d3d052b127e303de6b102ec
p:  442527.7904436224
5d3d05428ee5cc973bb102e6
p:  229897.43551019474
5d3d05568ee5cc973bb102e7
p:  284566.87108550116
5d3d0586095cb74f63b102ee
p:  108526.14793021101
5d3d05b2165df088f1b102ea
p:  309602.19189787935
5d3d05c20a0792e61bb102e9
p:  434223.027453656
5d3d05d26cc0ceb78db102ef
p:  310620.2809133512
5d3d0604095cb74f63b102ef
p:  142921.68728305068
5d3d061a165df088f1b102eb
p:  338430.92765186337
5d3d0636127e303de6b102ee
p:  266065.22647712845
5d3d0642165df088f1b102ec
p:  432561.07659711095
5d3d064672cd3677dfb102eb
p:  662492.4607158732
5d3d064f6cb8f2bd39b102e9
p:  248083.7367722292
5d3d0664c4ce291f2eb102e5
p:  301774.2019542113
5d3d067372cd3677dfb102ec
p:  409204.2818078949
5d3d06b972cd3677dfb102ed
p:  494364.5490006888
5d3d0706512e92d648b102ec
p:  241385.06633770064
5d3d0712095cb74f63b102f2
p:  306622.70447532635
5d3d0740710f0bfb8cb102ec
p:  224560.2002296702
5d3d077a095cb74f63b102f4
p:  341210.6135631795
5d3d07bac4ce291f2eb102e7
p:  209427.94209695398
5d3d07bf710f0bfb8cb102ef
p:  363009.8561639867
5d3d07c88ee5cc973bb102ea
p:  266769.96001758036
5d3d07d1c4ce291f2eb102e8
p:  271671.64815533644
5d3d085472cd3677dfb102f1
p:  408868.0721751179
5d3d086336d94c9377b102f4
p:  309762.12372903305
5d3d0881c4ce291f2eb102ea
p:  103498.35895835384
5d3d08d036d94c9377b102f7
p:  199736.92069419095
5d3d0912c4ce291f2eb102ec
p:  298283.0959685552
5d3d09136cb8f2bd39b102ec
p:  379256.68715601997
5d3d0918095cb74f63b102f5
p:  362744.0385218285
5d3d091b0a0792e61bb102f6
p:  175650.72277354763
5d3d0935512e92d648b102f0
p:  300274.36977142206
5d3d095e512e92d648b102f1
p:  275854.11041238694
5d3d0986710f0bfb8cb102f4
p:  207468.14956942937
5d3d0988512e92d648b102f2
p:  122500.0921059781
5d3d099436d94c9377b102f9
p:  281915.167656665
5d3d09a4c4ce291f2eb102ed
p:  155421.65062884853
5d3d09cd6cb8f2bd39b102ed
p:  409126.77410942427
5d3d09df6cc0ceb78db102f7
p:  263246.5824824396
5d3d09e7127e303de6b102f7
p:  449520.13078229927
5d3d09e82d7c6be532b102f9
p:  242196.5453352941
5d3d09eb710f0bfb8cb102f5
p:  192378.2788450446
5d3d09fc127e303de6b102f8
p:  303265.61131655506
5d3d0a186cc0ceb78db102f9
p:  353800.36782964127
5d3d0a306cc0ceb78db102fa
p:  384256.2206892098
5d3d0a4e165df088f1b102f1
p:  396688.8217474875
5d3d0a57127e303de6b102fb
p:  332522.9032592132
5d3d0a606cb8f2bd39b102ee
p:  149070.27766702953
5d3d0a71091a1a4418b102fd
p:  164453.11744311446
5d3d0aa1400ad0ff5fb102ee
p:  254942.65454279486
5d3d0acc400ad0ff5fb102ef
p:  264051.5049306054
5d3d0afb512e92d648b102f5
p:  210057.473338547
5d3d0b06095cb74f63b102fa
p:  456099.2322193977
5d3d0b08091a1a4418b10304
p:  220801.81287271026
5d3d0b2272cd3677dfb102fc
p:  453391.81257458095
5d3d0b28165df088f1b102f2
p:  208526.67563904508
5d3d0b55091a1a4418b10307
p:  173453.13864969928
5d3d0b69c4ce291f2eb102f0
p:  146646.54276355336
5d3d0b716cc0ceb78db102fc
p:  144187.3868140563
5d3d0b86165df088f1b102f3
p:  254567.49061949863
5d3d0b8e091a1a4418b1030a
p:  446621.8516418709
5d3d0b9b400ad0ff5fb102f1
p:  211751.0095280526
5d3d0bca710f0bfb8cb102f6
p:  158390.89007034732
5d3d0be82d7c6be532b102fd
p:  190613.20005389903
5d3d0c1b095cb74f63b102fe
p:  372185.7099475063
5d3d0c1e2d7c6be532b102ff
p:  222352.91143067804
5d3d0ca1127e303de6b102ff
p:  155241.94060744427
5d3d0ca50ac103bb35b102f2
p:  288752.52221819735
5d3d0ca60a0792e61bb102ff
p:  244946.75403503855
5d3d0ca6095cb74f63b102ff
p:  117235.85209280893
5d3d0ccb0a0792e61bb10302
p:  156992.22795728332
5d3d0d192d7c6be532b10302
p:  113316.40863604523
5d3d0d38710f0bfb8cb102f8
p:  221520.62434341968
5d3d0d5072cd3677dfb10304
p:  154692.84999834775
5d3d0d8d2d7c6be532b10303
p:  251574.00600579628
5d3d0de5710f0bfb8cb102fe
p:  282960.12869560975
5d3d0dec095cb74f63b10301
p:  392902.2529391424
5d3d0df58ee5cc973bb102f2
p:  233384.44390963973
5d3d0e2e095cb74f63b10302
p:  197242.06419670972
5d3d0e5f095cb74f63b10303
p:  212014.07827280211
5d3d0e618ee5cc973bb102f3
p:  167949.73226692638
5d3d0e7b165df088f1b102fa
p:  254711.71958461433
5d3d0e87127e303de6b10302
p:  158811.9495567755
5d3d0ea78ee5cc973bb102f4
p:  209502.53415322487
5d3d0efa72cd3677dfb10306
p:  229469.76384087245
5d3d0efe165df088f1b102fd
p:  240407.15886316585
5d3d0f58127e303de6b10304
p:  433529.1061573499
5d3d0f5f165df088f1b102fe
p:  330019.8356013
5d3d0f74512e92d648b102fb
p:  223787.2762108136
5d3d0fa48ee5cc973bb102f7
p:  282636.7407876107
5d3d0fab0a0792e61bb10306
p:  287267.6160779783
5d3d0fb32d7c6be532b10306
p:  260039.09295872427
5d3d0fc036d94c9377b10303
p:  340438.38501638983
5d3d101736d94c9377b10304
p:  305105.10437105794
5d3d10200a0792e61bb10309
p:  407503.8504800771
5d3d104b36d94c9377b10305
p:  250391.65445832955
5d3d106a46eba28aeeb10300
p:  243076.0313367133
5d3d106f36d94c9377b10306
p:  171056.62056083034
5d3d108346eba28aeeb10301
p:  228559.2019642598
5d3d10d66cc0ceb78db1030e
p:  129572.02353113561
5d3d10f0512e92d648b102fe
p:  424703.3336419692
5d3d1119512e92d648b102ff
p:  260530.1121726641
5d3d1124710f0bfb8cb10300
p:  290226.9919087478
5d3d11390a0792e61bb1030e
p:  185118.189289695
5d3d1141512e92d648b10300
p:  321390.6580628851
5d3d11698ee5cc973bb102fc
p:  256986.62376952838
5d3d11710a0792e61bb1030f
p:  267184.1643562697
5d3d118436d94c9377b10308
p:  385074.7763585945
5d3d118b710f0bfb8cb10301
p:  244383.30086912948
5d3d11a936d94c9377b10309
p:  249038.0792962131
5d3d11a90ac103bb35b102fb
p:  206479.04198262194
5d3d11cb0a0792e61bb10310
p:  347079.14107966056
5d3d11d872cd3677dfb1030b
p:  190127.49473963713
5d3d11f30a0792e61bb10313
p:  142860.7998401283
5d3d11fa0ac103bb35b102fe
p:  118651.20754836177
5d3d120146eba28aeeb10302
p:  137953.00247017154
5d3d121736d94c9377b1030a
p:  173513.49604562018
5d3d1236512e92d648b10301
p:  277491.63012327184
5d3d128e6cb8f2bd39b102fe
p:  66653.4782054365
5d3d12d1c4ce291f2eb102f7
p:  267922.62698387937
5d3d12d246eba28aeeb10303
p:  221987.0457142598
5d3d131f8ee5cc973bb102ff
p:  309299.0502783195
5d3d1325c1f14a6905b102ff
p:  244671.48433367396
5d3d13452d7c6be532b10310
p:  214981.99576950254
5d3d1351165df088f1b10302
p:  284533.39298254705
5d3d1370165df088f1b10303
p:  305422.6515311934
5d3d138d165df088f1b10304
p:  275760.49637429736
5d3d1392400ad0ff5fb102f9
p:  171328.8048625555
5d3d13a2091a1a4418b10324
p:  102135.64460341443
5d3d13b7400ad0ff5fb102fb
p:  214117.7532897171
5d3d13c2091a1a4418b10325
p:  274828.6324405562
5d3d13d0127e303de6b10311
p:  360804.5655284187
5d3d13e0165df088f1b10306
p:  304025.026995259
5d3d13eec1f14a6905b10300
p:  223281.9635010616
5d3d1409165df088f1b10307
p:  437373.60989416734
5d3d1456c4ce291f2eb102f9
p:  219530.90646787774
5d3d145b400ad0ff5fb102fc
p:  221897.0303017106
5d3d14942d7c6be532b10316
p:  252715.3034722376
5d3d1496c4ce291f2eb102fb
p:  107926.03222428028
5d3d14aac4ce291f2eb102fc
p:  401215.39645537245
5d3d14b12d7c6be532b10317
p:  325575.53651695634
5d3d14b8c4ce291f2eb102fd
p:  90319.51033728974
5d3d150e46eba28aeeb10306
p:  130807.9938223424
5d3d15322d7c6be532b10318
p:  526379.1269528356
5d3d1536512e92d648b10309
p:  319276.4395660936
5d3d1548400ad0ff5fb10301
p:  270596.2640143504
5d3d1568c4ce291f2eb10302
p:  202806.8259957988
5d3d156d46eba28aeeb10309
p:  137953.00247017154
5d3d15e5095cb74f63b1030c
p:  129944.30497881742
5d3d15e836d94c9377b10310
p:  147844.7860201209
5d3d15f4c1f14a6905b10304
p:  200901.4896223804
5d3d1612091a1a4418b1032d
p:  280829.35287579615
5d3d161446eba28aeeb1030c
p:  93208.16018487536
5d3d161dc1f14a6905b10308
p:  388292.6015760243
5d3d1620710f0bfb8cb10306
p:  290308.8827802227
5d3d1641165df088f1b1030c
p:  324080.4166196566
5d3d16bf8ee5cc973bb10306
p:  317510.65851518506
5d3d172ac4ce291f2eb10303
p:  155334.4829377342
5d3d173a165df088f1b1030f
p:  314176.46116678504
5d3d1773710f0bfb8cb10308
p:  391350.3393954049
5d3d1779c4ce291f2eb10305
p:  233141.32915143188
5d3d1799c4ce291f2eb10306
p:  319194.4176863154
5d3d17c16cb8f2bd39b10306
p:  222992.60340034618
5d3d17db400ad0ff5fb10308
p:  181157.6863029321
5d3d17e06cc0ceb78db1031f
p:  226966.961311274
5d3d17e60ac103bb35b10305
p:  587113.2200888568
5d3d17eb6cb8f2bd39b10307
p:  224642.59951194792
5d3d181346eba28aeeb1030f
p:  245658.8601347057
5d3d18308ee5cc973bb10309
p:  74219.69421508638
5d3d1861c1f14a6905b1030c
p:  234414.34702496853
5d3d18946cb8f2bd39b1030a
p:  217823.06773961033
5d3d18a10ac103bb35b10308
p:  486924.9673480337
5d3d18d70ac103bb35b10309
p:  478877.0694482103
5d3d18e336d94c9377b10313
p:  389854.6454953983
5d3d1907512e92d648b1030e
p:  237806.2621467158
5d3d190c46eba28aeeb10310
p:  165195.1508700312
5d3d192b710f0bfb8cb1030e
p:  274742.68063612795
5d3d19400ac103bb35b1030c
p:  616273.5066343481
5d3d1978710f0bfb8cb10310
p:  261434.46377772008
5d3d19b0512e92d648b10311
p:  276363.76147737104
5d3d19e346eba28aeeb10312
p:  140844.9895163302
5d3d1a23c1f14a6905b10311
p:  256685.33180697373
5d3d1a3c8ee5cc973bb1030c
p:  235280.4738667693
5d3d1a6c0ac103bb35b10311
p:  373278.27979121305
5d3d1aa6710f0bfb8cb10314
p:  293958.2662031572
5d3d1ac4c4ce291f2eb10308
p:  207805.3909746877
5d3d1ac836d94c9377b1031b
p:  380101.87698562775
5d3d1addc4ce291f2eb10309
p:  161536.7065486086
5d3d1af2165df088f1b10312
p:  313385.88976537006
5d3d1b068ee5cc973bb1030f
p:  202897.56764033396
5d3d1b0b46eba28aeeb10315
p:  128612.37496091286
5d3d1b4936d94c9377b1031c
p:  318278.47518479486
5d3d1b53c1f14a6905b10313
p:  292471.71202604834
5d3d1b6ac4ce291f2eb1030a
p:  70451.22760383258
5d3d1b7146eba28aeeb10317
p:  197868.74727152943
5d3d1c27512e92d648b10313
p:  270528.83960237104
5d3d1c36c4ce291f2eb1030e
p:  149741.84112477914
5d3d1c542d7c6be532b1032b
p:  296253.62476254825
5d3d1c79c1f14a6905b10314
p:  348416.8355904857
5d3d1c866cc0ceb78db10326
p:  261757.90223374232
5d3d1c91c1f14a6905b10315
p:  289095.97896660113
5d3d1c9e6cc0ceb78db10327
p:  208509.78000409898
5d3d1cbb6cc0ceb78db10328
p:  128085.16963006787
5d3d1d26165df088f1b10313
p:  316653.15081417654
5d3d1d2b127e303de6b1031e
p:  155944.1730182973
5d3d1d3d165df088f1b10314
p:  304485.1307272108
5d3d1d8846eba28aeeb10319
p:  292809.509426487
5d3d1d896cb8f2bd39b10315
p:  170368.48832889658
5d3d1d90710f0bfb8cb1031c
p:  298548.10615795816
5d3d1da3c4ce291f2eb10314
p:  144529.31849341324
5d3d1db46cb8f2bd39b10316
p:  116054.56492763135
5d3d1dd42d7c6be532b1032f
p:  260651.68636066362
5d3d1df48ee5cc973bb10316
p:  268917.0372196217
5d3d1e03127e303de6b10320
p:  122855.16078892263
5d3d1e03512e92d648b10317
p:  120263.08087622808
5d3d1e57c4ce291f2eb10315
p:  325230.51226714463
5d3d1e7546eba28aeeb1031f
p:  216042.20780107897
5d3d1e9b2d7c6be532b10332
p:  225462.6245531392
5d3d1eb2400ad0ff5fb10311
p:  314369.8891360406
5d3d1ed0127e303de6b10323
p:  344261.9925974675
5d3d1eeac4ce291f2eb1031c
p:  276346.1583530377
5d3d1ef6c4ce291f2eb1031d
p:  106006.49851784494
5d3d1eff46eba28aeeb10320
p:  233471.03575329698
5d3d1f05c4ce291f2eb1031e
p:  344276.9563872393
5d3d1f1a6cb8f2bd39b1031a
p:  196891.17559331283
5d3d1f6cc4ce291f2eb1031f
p:  309446.48529067996
5d3d1f72c4ce291f2eb10320
p:  511032.8633306527
5d3d1f7746eba28aeeb10323
p:  213317.73026737233
5d3d1fc32d7c6be532b10337
p:  277788.6671722687
5d3d1fe2165df088f1b10318
p:  311378.54219655355
5d3d1ff6127e303de6b10328
p:  356677.0144583741
5d3d2005c1f14a6905b10323
p:  305957.5807542489
5d3d200ec1f14a6905b10324
p:  217025.69086788956
5d3d204fc1f14a6905b10326
p:  181639.41128747235
5d3d2072165df088f1b1031a
p:  396688.8217474875
5d3d20d56cc0ceb78db10332
p:  179167.51008666362
5d3d20ee512e92d648b1031f
p:  197029.84893469856
5d3d20f1c4ce291f2eb10322
p:  262231.4866685468
5d3d20fa165df088f1b1031b
p:  271821.8528720903
5d3d2123165df088f1b1031c
p:  426964.9624792796
5d3d212bc1f14a6905b10329
p:  218582.22490727055
5d3d21d36cb8f2bd39b1031c
p:  99513.44600658116
5d3d2214165df088f1b1031d
p:  434580.5235914262
5d3d2372c4ce291f2eb10325
p:  372347.419592063
5d3d24012d7c6be532b10340
p:  277855.21925548004
5d3d24342d7c6be532b10341
p:  192709.1011803426
5d3d2443165df088f1b10324
p:  308737.5390279611
5d3d245436d94c9377b10329
p:  307477.53629009775
5d3d24652d7c6be532b10343
p:  267202.9252647407
5d3d247ec1f14a6905b1032a
p:  262592.2115488666
5d3d2490400ad0ff5fb10319
p:  344772.7360926833
5d3d25cf36d94c9377b10331
p:  279292.6298896112
5d3d2652400ad0ff5fb1031f
p:  196859.02727230458
5d3d265c2d7c6be532b10344
p:  146268.06235538272
5d3d266f6cb8f2bd39b10325
p:  254356.61126834946
5d3d2696400ad0ff5fb10321
p:  177384.11081552252
5d3d26e52d7c6be532b10346
p:  365293.77376582404
5d3d2700c1f14a6905b10330
p:  218858.76788568022
5d3d27cd710f0bfb8cb10331
p:  259903.7601699116
5d3d27e2c1f14a6905b10332
p:  98911.7604988094
5d3d281bc1f14a6905b10333
p:  265955.73181559227
5d3d281d400ad0ff5fb10324
p:  124507.97231909365
5d3d284a6cb8f2bd39b1032c
p:  307651.3459462767
5d3d289a2d7c6be532b10349
p:  367370.72660407587
5d3d28a1400ad0ff5fb10326
p:  338070.68154487107
5d3d29a12d7c6be532b1034c
p:  215297.76607561845
5d3d29ba400ad0ff5fb1032b
p:  146171.7133331675
5d3d29c92d7c6be532b1034d
p:  252940.3084594424
5d3d2a17400ad0ff5fb1032d
p:  254942.65454279486
5d3d2ac4710f0bfb8cb10339/home/testapiuser/HouseApp_2/PricePrediction/AKPrice.py:293: SettingWithCopyWarning: 
A value is trying to be set on a copy of a slice from a DataFrame.
Try using .loc[row_indexer,col_indexer] = value instead

See the caveats in the documentation: http://pandas.pydata.org/pandas-docs/stable/indexing.html#indexing-view-versus-copy
  df2['AreaSpace_SQFT'] = df2['AreaSpace_SQFT'].astype(int)
/home/testapiuser/HouseApp_2/PricePrediction/AKPrice.py:305: SettingWithCopyWarning: 
A value is trying to be set on a copy of a slice from a DataFrame.
Try using .loc[row_indexer,col_indexer] = value instead

See the caveats in the documentation: http://pandas.pydata.org/pandas-docs/stable/indexing.html#indexing-view-versus-copy
  df2['Price'] = z1
/home/testapiuser/HouseApp_2/PricePrediction/AKPrice.py:312: SettingWithCopyWarning: 
A value is trying to be set on a copy of a slice from a DataFrame.
Try using .loc[row_indexer,col_indexer] = value instead

See the caveats in the documentation: http://pandas.pydata.org/pandas-docs/stable/indexing.html#indexing-view-versus-copy
  df2['AreaSpace_SQFT'] = z2

p:  259903.7601699116
5d3d2b0f6cb8f2bd39b1032f
p:  63775.2671007044
5d3d2b896cb8f2bd39b10330
p:  131073.34618003672
5d3d2bac6cb8f2bd39b10331
p:  93386.44927968967
5d3d2bfe6cb8f2bd39b10332
p:  97023.1420596104
5d3d2c3a165df088f1b10336
p:  325028.66620874836
5d3d2c51165df088f1b10337
p:  283535.35683043976
5d3d2cb8165df088f1b10338
p:  330900.1517356506
5d3d2cbfc1f14a6905b1033f
p:  221653.94501678308
5d3d2cd1710f0bfb8cb1033f
p:  409849.4518630608
5d3d2cf4c1f14a6905b10340
p:  276106.87937393424
5d3d2cfa165df088f1b10339
p:  415169.68369076063
5d3d2d05c1f14a6905b10341
p:  187996.4340321268
5d3d2d24c1f14a6905b10342
p:  251932.2467427804
5d3d2d27165df088f1b1033a
p:  318340.0792910192
5d3d2d72165df088f1b1033b
p:  309108.69197899406
5d3d2e32c1f14a6905b10343
p:  164142.7725143293
5d3d2e6b6cb8f2bd39b10333
p:  318624.3245007629
5d3d2e6c165df088f1b1033c
p:  346459.6872839633
5d3d2e70c1f14a6905b10344
p:  246364.46399227733
5d3d2f98c1f14a6905b10347
p:  145710.58869232662
5d3d3014165df088f1b1033d
p:  358366.90851456526
5d3d315e710f0bfb8cb1034b
p:  296631.71439183055
5d3d316e165df088f1b1033f
p:  406911.9887038219
5d3d31af710f0bfb8cb1034e
p:  176897.5362190657
5d3d31e5710f0bfb8cb1034f
p:  158390.89007034732
5d3d3208165df088f1b10341
p:  269342.69232287066
5d3d3234165df088f1b10342
p:  364133.7434751833
5d3d324f165df088f1b10344
p:  325316.5786045838
5d3d328a165df088f1b10345
p:  348316.9920230802
5d3d32b7165df088f1b10346
p:  269978.32899342757
5d3d33ca165df088f1b10347
p:  281894.41982568766
5d3d34be165df088f1b10349
p:  330363.1700818023
5d3d3573710f0bfb8cb1035a
p:  282977.5892960732
5d3d357d710f0bfb8cb1035b
p:  193904.32877123766
5d3d3587710f0bfb8cb1035c
p:  234883.06148519076
5d3d3770165df088f1b1034b
p:  430453.5089529337
5d3d38f5710f0bfb8cb1035d
p:  218878.28761160903
5d3d3925710f0bfb8cb1035e
p:  607162.675776283
5d3d39e7710f0bfb8cb1035f
p:  250605.62623410864
5d3d39f3710f0bfb8cb10360
p:  255393.23254806118
5d3d3a3e710f0bfb8cb10361
p:  154585.70605039716
5d3d3a96710f0bfb8cb10362
p:  252954.52445468976
5d3d3ce0710f0bfb8cb10365
p:  259132.5379896535
5d3d3d5c710f0bfb8cb10366
p:  227797.99313830046
5d3d3dae710f0bfb8cb10367
p:  146451.08865686817
5d3d3e7a710f0bfb8cb1036a
p:  221520.62434341968
Current date and time: 2020-06-10 15:34:11
Successfully connect to DB.
For ['Aleutians East', 'Aleutians West', 'Anchorage', 'Bethel', 'Bristol Bay', 'Denali', 'Dillingham', 'Fairbanks North Star', 'Haines', 'Hoonah-Angoon', 'Juneau', 'Kenai Peninsula', 'Ketchikan Gateway', 'Kodiak Island', 'Lake and Peninsula', 'Matanuska-Susitna', 'Nome', 'North Slope', 'Northwest Arctic', 'Petersburg', 'Prince of Wales-Hyder', 'Sitka', 'Skagway', 'Southeast Fairbanks', 'Valdez-Cordova', 'Wade Hampton', 'Wrangell', 'Yakutat', 'Yukon-Koyukuk']#################################################################
train score for random_forest: 0.9298402431158653
test score for random_forest: 0.5787489574679331
The mean absolute error is:$ 74555.62934322358
r_Score: 0.6413757998521169
Voting Regressor (in): 0.924335901905685
Voting Regressor: 0.6413757998521169
5d3cfec58ee5cc973bb102dc
p:  270486.86164015916
5d3cfee20a4618bd9eb102dc
p:  199032.98966678366
5d3cff13095cb74f63b102de
p:  383479.04095409764
5d3cff2e127e303de6b102de
p:  391351.20471335674
5d3cff5c512e92d648b102de
p:  227162.8051414958
5d3cff712d7c6be532b102e2
p:  204217.46296060606
5d3cffb046eba28aeeb102dd
p:  189417.30165435362
5d3cffd5095cb74f63b102e0
p:  172239.34333119978
5d3cffd9c4ce291f2eb102dd
p:  183079.04391004238
5d3cffe80a4618bd9eb102df
p:  523753.83791947196
5d3d0023095cb74f63b102e2
p:  130539.22561276484
5d3d00326cb8f2bd39b102df
p:  279544.896246313
5d3d00b0512e92d648b102e2
p:  323181.4353627285
5d3d00c046eba28aeeb102df
p:  130543.62288243044
5d3d00e346eba28aeeb102e0
p:  166704.85960721597
5d3d00f02d7c6be532b102e7
p:  186290.56019549002
5d3d01032d7c6be532b102e8
p:  223380.54930746785
5d3d010cc4ce291f2eb102df
p:  186345.60322248892
5d3d012546eba28aeeb102e1
p:  129741.38676334897
5d3d01330a4618bd9eb102e2
p:  395340.16326021485
5d3d017146eba28aeeb102e2
p:  309466.9727141488
5d3d017d512e92d648b102e4
p:  238944.97268525005
5d3d018e127e303de6b102e5
p:  305247.50731488375
5d3d01ab8ee5cc973bb102e0
p:  288608.30529649823
5d3d01c0c4ce291f2eb102e0
p:  252263.68624817661
5d3d01c536d94c9377b102e3
p:  514252.36801290436
5d3d01cf512e92d648b102e5
p:  243880.19020912872
5d3d01d5127e303de6b102e6
p:  159908.9218187001
5d3d01d646eba28aeeb102e3
p:  284847.68410018046
5d3d01de6cb8f2bd39b102e0
p:  211556.22390912782
5d3d01f136d94c9377b102e4
p:  187409.19288539613
5d3d01f746eba28aeeb102e4
p:  321989.2945558821
5d3d01ff8ee5cc973bb102e1
p:  273742.7405887873
5d3d0289091a1a4418b102e5
p:  331682.3759693906
5d3d028b46eba28aeeb102e7
p:  261449.0835946526
5d3d02c172cd3677dfb102df
p:  454469.06342298473
5d3d02e0095cb74f63b102e6
p:  536997.5111490989
5d3d02ef0a0792e61bb102e2
p:  152109.11971328597
5d3d02f5127e303de6b102e8
p:  342641.23913866654
5d3d0307c4ce291f2eb102e1
p:  219852.6253375974
5d3d03162d7c6be532b102eb
p:  157520.85013721077
5d3d0332165df088f1b102e1
p:  450743.89158500405
5d3d033e8ee5cc973bb102e2
p:  169607.9269349008
5d3d035072cd3677dfb102e0
p:  539938.6447219539
5d3d0362165df088f1b102e3
p:  331191.1407257788
5d3d038146eba28aeeb102eb
p:  166704.85960721597
5d3d03f7512e92d648b102e7
p:  256549.71695539914
5d3d03ff165df088f1b102e8
p:  244522.13726985393
5d3d040a2d7c6be532b102f0
p:  192072.60541524476
5d3d04138ee5cc973bb102e4
p:  161460.34176250733
5d3d04428ee5cc973bb102e5
p:  304947.06988906104
5d3d0469165df088f1b102e9
p:  322669.2733681393
5d3d0474091a1a4418b102e9
p:  229962.64010948432
5d3d04bf46eba28aeeb102ed
p:  345740.317753806
5d3d04d1710f0bfb8cb102e8
p:  348686.9418110536
5d3d04fb6cb8f2bd39b102e5
p:  523117.46755132667
5d3d0527710f0bfb8cb102e9
p:  226737.64805385267
5d3d052b127e303de6b102ec
p:  438063.1834679475
5d3d05428ee5cc973bb102e6
p:  231109.38737931242
5d3d05568ee5cc973bb102e7
p:  294917.8361823335
5d3d0586095cb74f63b102ee
p:  110204.63303392884
5d3d05b2165df088f1b102ea
p:  307192.1055161062
5d3d05c20a0792e61bb102e9
p:  386757.2905722037
5d3d05d26cc0ceb78db102ef
p:  304470.1747405374
5d3d0604095cb74f63b102ef
p:  138285.12102998764
5d3d061a165df088f1b102eb
p:  341632.5555536299
5d3d0636127e303de6b102ee
p:  266794.0250063437
5d3d0642165df088f1b102ec
p:  429437.119655821
5d3d064672cd3677dfb102eb
p:  664588.8628976287
5d3d064f6cb8f2bd39b102e9
p:  252293.43802774604
5d3d0664c4ce291f2eb102e5
p:  284007.8438170205
5d3d067372cd3677dfb102ec
p:  416948.11213233287
5d3d06b972cd3677dfb102ed
p:  486231.1824872398
5d3d0706512e92d648b102ec
p:  264514.4321332822
5d3d0712095cb74f63b102f2
p:  318498.40038702206
5d3d0740710f0bfb8cb102ec
p:  223022.0872729874
5d3d077a095cb74f63b102f4
p:  357580.9610416152
5d3d07bac4ce291f2eb102e7
p:  207973.30756004556
5d3d07bf710f0bfb8cb102ef
p:  352937.5905674568
5d3d07c88ee5cc973bb102ea
p:  288345.47841414565
5d3d07d1c4ce291f2eb102e8
p:  230307.20178220997
5d3d085472cd3677dfb102f1
p:  402472.26122953475
5d3d086336d94c9377b102f4
p:  303633.26133816916
5d3d0881c4ce291f2eb102ea
p:  100712.97031540793
5d3d08d036d94c9377b102f7
p:  199506.1275935204
5d3d0912c4ce291f2eb102ec
p:  307699.42630410823
5d3d09136cb8f2bd39b102ec
p:  379724.11429552286
5d3d0918095cb74f63b102f5
p:  354418.3180086537
5d3d091b0a0792e61bb102f6
p:  187254.13403748715
5d3d0935512e92d648b102f0
p:  308458.24673916027
5d3d095e512e92d648b102f1
p:  279235.5217036424
5d3d0986710f0bfb8cb102f4
p:  182370.04454148788
5d3d0988512e92d648b102f2
p:  118546.23025129913
5d3d099436d94c9377b102f9
p:  269125.22136776993
5d3d09a4c4ce291f2eb102ed
p:  157716.43052279617
5d3d09cd6cb8f2bd39b102ed
p:  397300.24458701117
5d3d09df6cc0ceb78db102f7
p:  261152.84819257905
5d3d09e7127e303de6b102f7
p:  451468.2201838219
5d3d09e82d7c6be532b102f9
p:  269727.73420212185
5d3d09eb710f0bfb8cb102f5
p:  153548.74233239505
5d3d09fc127e303de6b102f8
p:  299098.800357272
5d3d0a186cc0ceb78db102f9
p:  351141.2126359079
5d3d0a306cc0ceb78db102fa
p:  388840.03815476084
5d3d0a4e165df088f1b102f1
p:  392419.45347369905
5d3d0a57127e303de6b102fb
p:  317290.74850897805
5d3d0a606cb8f2bd39b102ee
p:  143589.9042032833
5d3d0a71091a1a4418b102fd
p:  163966.47394641052
5d3d0aa1400ad0ff5fb102ee
p:  242367.72486242576
5d3d0acc400ad0ff5fb102ef
p:  236034.3918042839
5d3d0afb512e92d648b102f5
p:  216377.10173029784
5d3d0b06095cb74f63b102fa
p:  445054.25636298483
5d3d0b08091a1a4418b10304
p:  286973.61542873585
5d3d0b2272cd3677dfb102fc
p:  452621.1586404787
5d3d0b28165df088f1b102f2
p:  207237.22431952163
5d3d0b55091a1a4418b10307
p:  155806.34309222302
5d3d0b69c4ce291f2eb102f0
p:  151134.1880072717