Current date and time: 2020-06-07 15:34:18
Successfully connect to DB.
For ['Colbert', 'DeKalb', 'Franklin', 'Jackson', 'Lauderdale', 'Lawrence', 'Limestone', 'Madison', 'Marshall', 'Morgan']#################################################################
train score for random_forest: 0.9395370830212443
test score for random_forest: 0.5641847896855536
The mean absolute error is:$ 86187.33104102527
r_Score: 0.5903918216813511
Voting Regressor (in): 0.9431638770706531
Voting Regressor: 0.5903918216813511
5d12936cb7ae3de20d8d6e27
p:  91540.59755415935
5d19b882a22b896835d02ed9
p:  682530.1424913565
5d1bbdd303ecbb08e0bf61ae
p:  193325.04398704425
5d1c1d05dbebfd779eefbca9
p:  231107.20418809477
5d2706a7107c1d579eeb6a4c
p:  301214.7239861076
5d2b3657e74da02ca0877b47
p:  147409.85166160623
5d2b388eba0fa27c4a877c2d
p:  95067.33218412046
5d2b3931dfe572f60d877bb6
p:  279571.8907165611
5d2b3978dfe572f60d877bb7
p:  74857.87131529192
5d2b3b69dfe572f60d877bbb
p:  123215.77779272542
5d2b3ce2ba0fa27c4a877c4a
p:  176473.47315791837
5d2b3dfeae5a709008877bcf
p:  106515.86622098752
5d2b3eedba0fa27c4a877c55
p:  183221.28970825858
5d2b3f8dae5a709008877bd0
p:  97026.7345115653
5d2b4079ae5a709008877bd2
p:  120003.04358518476
5d2b4083ba0fa27c4a877c5f
p:  110138.09981777424
5d2b409fae5a709008877bd3
p:  83152.61471267126
5d2b4244ae5a709008877bd6
p:  82081.46727955324
5d2b4282ae5a709008877bd7
p:  91094.7238102791
5d2b4399ae5a709008877bd8
p:  57895.955046216826
5d2b4556ba0fa27c4a877c7c
p:  95067.33218412046
5d2b45862600328d40877b6a
p:  100865.13676539762
5d2b4636ca8a9ac550877b49
p:  120578.53370108712
5d2b4655ca8a9ac550877b4a
p:  120578.53370108712
5d2b47ca59a945b2bb877b98
p:  156046.49729898013
5d2b4812ae5a709008877bde
p:  123506.34913627034
5d2b49212600328d40877b70
p:  57774.94197060773
5d2b49af59a945b2bb877b9c
p:  159082.64343863993
5d2b4a7a2600328d40877b73
p:  118641.32926598011
5d2b4c5529bd8f76e5877b57
p:  144146.58051812107
5d2b4c97ba0fa27c4a877ca4
p:  202174.1925227148
5d2b4cd2ae5a709008877be7
p:  130540.19467686278
5d2b4d13dc84a68f40877bcb
p:  108790.18368195542
5d2b4ee829bd8f76e5877b5a
p:  126089.28182089535
5d2b4f7c2600328d40877b79
p:  53130.784692310495
5d2b4fece74da02ca0877b6c
p:  61512.492084155325
5d2b504cba0fa27c4a877cb9
p:  89416.99793389914
5d2b510a2600328d40877b7c
p:  94374.7533725843
5d2b513159a945b2bb877ba8
p:  93473.20863906399
5d2b522ce74da02ca0877b70
p:  195041.8982235951
5d2b52a429bd8f76e5877b5f
p:  158804.06980939215
5d2b53a1ca8a9ac550877b6d
p:  109599.92861887427
5d2b53aedc84a68f40877bd3
p:  116070.98190176503
5d2b5473ba0fa27c4a877cd2
p:  202481.58952410167
5d2b55302600328d40877b83
p:  98733.679129556
5d2b553fae5a709008877bed
p:  65618.96467709338
5d2b566d2600328d40877b85
p:  111920.05045199986
5d2b57002600328d40877b86
p:  60726.766314218636
5d2b573f2600328d40877b87
p:  91139.8576414054
5d2b57f55a4e807ac4877bf2
p:  76633.41075848593
5d2b58305a4e807ac4877bf3
p:  100212.09546681121
5d2b585d2600328d40877b88
p:  132596.29109766684
5d2b58895a4e807ac4877bf5
p:  99993.78267459729
5d2b58f45a4e807ac4877bf8
p:  103502.31105257428
5d2b59032600328d40877b89
p:  125144.94414861217
5d2b5accdc84a68f40877be2
p:  146838.2203593977
5d2b5b11ae5a709008877bf3
p:  119120.640136986
5d2b5b93dc84a68f40877be3
p:  140970.97420120696
5d2b5c362600328d40877b8f
p:  93708.74884831256
5d2b5c80ba0fa27c4a877d05
p:  147285.38610335923
5d2b5c872600328d40877b90
p:  70290.79366888477
5d2b5d632600328d40877b92
p:  114064.5561517679
5d2b5d6bba0fa27c4a877d0b
p:  107972.89781559995
5d2b5dacba0fa27c4a877d0d
p:  189154.32731969334
5d2b5dc8ba0fa27c4a877d0e
p:  177867.61605501687
5d2b5df4e71ef52ca5877b84
p:  293178.45081392647
5d2b5e8559a945b2bb877bc4
p:  157801.93995152938
5d2b5f29ba0fa27c4a877d16
p:  177629.22496111464
5d2b5f2a2600328d40877b94
p:  53075.793870331996
5d2b6026ba0fa27c4a877d1c
p:  121464.10957754545
5d2b60bdba0fa27c4a877d1f
p:  58778.451216506386
5d2b610de74da02ca0877b85
p:  274258.8672624758
5d2b619bdc84a68f40877bf1
p:  206473.0633141341
5d2b61f42600328d40877b9a
p:  67181.23673715742
5d2b63bc2600328d40877b9c
p:  65332.21310724947
5d2b6476ae5a709008877bfb
p:  109720.10902252473
5d2b64d5e74da02ca0877b8c
p:  62544.434737733594
5d2b6584e74da02ca0877b8e
p:  146492.4517443917
5d2b6776e71ef52ca5877b91
p:  88206.52636453272
5d2b6826773a7e90e1877b4b
p:  106290.39521229555
5d2b683fe71ef52ca5877b97
p:  76489.97143784209
5d2b6884773a7e90e1877b4c
p:  101901.93875908176
5d2b6a552600328d40877ba1
p:  126398.13893715256
5d2b6da7773a7e90e1877b54
p:  429352.8347864739
5d2b6e2a5a4e807ac4877c22
p:  125393.54485372955
5d2b6f225a4e807ac4877c28
p:  234658.07446138843
5d2b70c3ca8a9ac550877b92
p:  148838.16309858146
5d2b71abca8a9ac550877b93
p:  144333.40692394596
5d2b71fcdfe572f60d877c09
p:  82928.86223167209
5d2b726459a945b2bb877beb
p:  144657.35292543142
5d2b72ef2600328d40877bbd
p:  136200.1651266105
5d2b7304ca8a9ac550877b95
p:  120484.1070795166
5d2b736b59a945b2bb877bed
p:  171376.1794585504
5d2b73e759a945b2bb877bee
p:  173613.0239560674
5d2b746cca8a9ac550877b99
p:  122742.77006738019
5d2b75ce773a7e90e1877b5f
p:  241805.87974145444
5d2b7785773a7e90e1877b68
p:  296306.86432802974
5d2b78a7773a7e90e1877b6d
p:  157573.17283355378
5d2b79ab773a7e90e1877b70
p:  208239.25537576416
5d2b79fedc84a68f40877c08
p:  254206.17128922814
5d2b7a012600328d40877be6
p:  494012.8758867766
5d2b7a0fae5a709008877c12
p:  230423.2901407726
5d2b7a825a4e807ac4877c36
p:  193559.12406376455
5d2b7ae459a945b2bb877bf1
p:  217795.65863976008
5d2b7b67ca8a9ac550877ba4
p:  89424.8705597251
5d2b7bf32600328d40877bf1
p:  188784.9625278454
5d2b7c242600328d40877bf2
p:  222571.44928749424
5d2b7c25ae5a709008877c14
p:  171481.50479444436
5d2b7d0d2600328d40877bf8
p:  175571.55246140086
5d2b7e1359a945b2bb877bf7
p:  250569.85327164712
5d2b7e15ae5a709008877c17
p:  118825.04278517689
5d2b7e74ca8a9ac550877baa
p:  150584.8982014982
5d2b7f0fdc84a68f40877c0c
p:  128610.4177027377
5d2b7f66773a7e90e1877b8f
p:  306026.46840455395
5d2b7f995a4e807ac4877c3c
p:  217212.68988378666
5d2b7ff829bd8f76e5877ba3
p:  81111.31379089819
5d2b808cae5a709008877c19
p:  162312.86016067638
5d2b8157dc84a68f40877c10
p:  147549.2521369541
5d2b8199dc84a68f40877c11
p:  244153.94629819147
5d2b822fdfe572f60d877c1d
p:  246444.00069230376
5d2b845dae5a709008877c1c
p:  221631.79246101866
5d2b8482ae5a709008877c1d
p:  262666.1834103408
5d2b8563ae5a709008877c20
p:  228940.2068729251
5d2b8614ae5a709008877c22
p:  322453.0141313957
5d2b86e0ae5a709008877c23
p:  138987.25118345453
5d2b873b5a4e807ac4877c47
p:  192407.64135853417
5d2b8899ae5a709008877c27
p:  167849.5241571817
5d2b8c22773a7e90e1877bab
p:  252001.93617475667
5d2b8cc3ae5a709008877c29
p:  157316.767168962
5d2b8d1cae5a709008877c2a
p:  300790.54895399895
5d2b8dbdae5a709008877c2b
p:  253811.4814044661
5d2b8eb6ae5a709008877c2d
p:  137466.635857058
5d2b8f4b8582e07d57877ba0
p:  201982.00427094905
5d2b8ffae71ef52ca5877bce
p:  127850.76874716574
5d2b9051ae5a709008877c30
p:  240702.20596733625
5d2b9122dfe572f60d877c36
p:  276967.5715896857
5d2b9269e71ef52ca5877bd0
p:  154644.69243299827
5d2b92c2ae5a709008877c33
p:  346121.6100073724
5d2b92c9dc84a68f40877c31
p:  195060.3442034144
5d2b9365dc84a68f40877c36
p:  299469.0037789232
5d2b937cdc84a68f40877c37
p:  209201.2847497122
5d2b93e8dc84a68f40877c3b
p:  529859.2930831141
5d2b95bfae5a709008877c3a
p:  415856.05999747803
5d2b96e6ae5a709008877c3b
p:  159491.73584571737
5d2b973bae5a709008877c3c
p:  215091.47299481858
5d2b977a2600328d40877c1e
p:  264653.12718558067
5d2b987d29bd8f76e5877bdd
p:  361309.48066379543
5d2b989b773a7e90e1877bbb
p:  498722.36134667497
5d2b98ccdc84a68f40877c42
p:  120716.16356697414
5d2b9951dc84a68f40877c44
p:  187891.97176118885
5d2b99f129bd8f76e5877bde
p:  146818.39837456163
5d2b9a6ee71ef52ca5877bda
p:  314769.61621210235
5d2b9afd773a7e90e1877bbd
p:  128822.99440647257
5d2b9b3cdc84a68f40877c47
p:  117902.48250954252
5d2b9b55e71ef52ca5877bdd
p:  188585.81180779525
5d2b9b8fe71ef52ca5877bdf
p:  114156.87083927137
5d2b9be929bd8f76e5877bdf
p:  155290.89683925343
5d2b9c4429bd8f76e5877be1
p:  134610.13752266753
5d2b9cbaae5a709008877c40
p:  205335.61526009202
5d2b9d5929bd8f76e5877be3
p:  200805.78552728659
5d2b9dcee74da02ca0877bd9
p:  174987.3478202074
5d2b9edce74da02ca0877bda
p:  146251.70620776134
5d2ba22ae71ef52ca5877bea
p:  174248.4748572504
5d2ba4f1ae5a709008877c47
p:  138987.25118345453
5d2ba549e71ef52ca5877bed
p:  216016.58122362368
5d2ba61cae5a709008877c48
p:  125771.17224260578
5d2ba69fba0fa27c4a877d7b
p:  91091.69829098802
5d2ba70429bd8f76e5877bf1
p:  129814.51053425891
5d2ba73cae5a709008877c4a
p:  150447.5155185319
5d2ba77429bd8f76e5877bf4
p:  172439.20467255416
5d2ba847dc84a68f40877c59
p:  98281.1510043777
5d2ba8fde71ef52ca5877bf1
p:  470699.4996339417
5d2ba926e71ef52ca5877bf2
p:  269945.07450135134
5d2ba931ba0fa27c4a877d7f
p:  89458.72590659364
5d2ba959ae5a709008877c4d
p:  125509.82992216496
5d2ba97429bd8f76e5877bf9
p:  125584.0669950194
5d2ba984ae5a709008877c4e
p:  485152.12821037567
5d2baad3ba0fa27c4a877d82
p:  72732.87126434225
5d2bab3edfe572f60d877c5c
p:  290195.92229716975
5d2baba1e71ef52ca5877bf7
p:  156619.85284599682
5d2bacf2ba0fa27c4a877d85
p:  90260.71943890366
5d2badbeae5a709008877c59
p:  265554.612378495
5d2baecae74da02ca0877bfc
p:  99832.31081243705
5d2baecdba0fa27c4a877d89
p:  83211.86974466746
5d2baf79ba0fa27c4a877d8a
p:  380647.61640372814
5d2bafd7ba0fa27c4a877d8b
p:  82238.62351600175
5d2bafe429bd8f76e5877c00
p:  280021.1241553293
5d2bb00be74da02ca0877bfe
p:  167957.1660870403
5d2bb024ae5a709008877c5c
p:  63360.722286073316
5d2bb03229bd8f76e5877c01
p:  237368.8870244321
5d2bb06759a945b2bb877c3f
p:  128623.44889690517
5d2bb095ca8a9ac550877bdb
p:  225721.43563026548
5d2bb11de74da02ca0877c00
p:  117447.16519331439
5d2bb14de74da02ca0877c01
p:  49560.43952927833
5d2bb180773a7e90e1877be8
p:  137903.7586710179
5d2bb195ba0fa27c4a877d8d
p:  87827.85705882184
5d2bb1c0e74da02ca0877c02
p:  75005.9254755477
5d2bb205773a7e90e1877be9
p:  62191.633568436504
5d2bb22a29bd8f76e5877c04
p:  159200.11859127143
5d2bb24cae5a709008877c60
p:  126252.06927985986
5d2bb2c5ae5a709008877c63
p:  251970.6305163353
5d2bb306ae5a709008877c65
p:  99528.45486044316
5d2bb30be74da02ca0877c04
p:  61879.05477648876
5d2bb38cca8a9ac550877be6
p:  195137.02218074078
5d2bb434e74da02ca0877c06
p:  158636.44095011445
5d2bb48829bd8f76e5877c08
p:  146527.109864189
5d2bb489773a7e90e1877bea
p:  185500.76388634808
5d2bb4a4e74da02ca0877c07
p:  92466.81020796922
5d2bb4e1773a7e90e1877beb
p:  114547.1780669134
5d2bb526773a7e90e1877bec
p:  99233.39453145265
5d2bb52cba0fa27c4a877d90
p:  206521.9223207978
5d2bb5402600328d40877c47
p:  175571.55246140086
5d2bb547ca8a9ac550877be8
p:  145202.30026200518
5d2bb597ba0fa27c4a877d92
p:  250084.0250948514
5d2bb5e75a4e807ac4877c84
p:  359483.61924505467
5d2bb61ce74da02ca0877c0a
p:  174340.78616131996
5d2bb63fe74da02ca0877c0b
p:  60550.93366990333
5d2bb67629bd8f76e5877c0a
p:  327086.28891431435
5d2bb6f759a945b2bb877c4c
p:  164746.3278297427
5d2bb6fee74da02ca0877c0c
p:  204745.8550369935
5d2bb72fdfe572f60d877c74
p:  298850.35579504893
5d2bb741e71ef52ca5877c03
p:  109848.76168798284
5d2bb80be74da02ca0877c0d
p:  86624.33129976173
5d2bb840e74da02ca0877c0e
p:  86261.45014938776
5d2bb90d773a7e90e1877bed
p:  125034.36844666023
5d2bba0459a945b2bb877c5e
p:  207781.1852583319
5d2bbaab29bd8f76e5877c0e
p:  125584.0669950194
5d2bbb45ca8a9ac550877bf7
p:  223543.60437351424
5d2bbc2c773a7e90e1877bf1
p:  66012.10536549427
5d2bbca72600328d40877c56
p:  289056.67143193923
5d2bbcf159a945b2bb877c6d
p:  85053.59829366663
5d2bbd45773a7e90e1877bf7
p:  155282.99592717545
5d2bbdac29bd8f76e5877c11
p:  297745.40717340715
5d2bbdd7e74da02ca0877c11
p:  55647.548130573836
5d2bbe68ba0fa27c4a877d99
p:  142326.46063729914
5d2bbea759a945b2bb877c75
p:  329483.99883493135
5d2bbec0ba0fa27c4a877d9b
p:  191390.4298647907
5d2bbef55a4e807ac4877c91
p:  162353.57292853858
5d2bbf4d59a945b2bb877c78
p:  200791.27731003638
5d2bbff7ba0fa27c4a877d9e
p:  158242.62876367144
5d2bc0ffe74da02ca0877c14
p:  98249.61996748617
5d2bc1322600328d40877c5a
p:  345353.53580595774
5d2bc13aba0fa27c4a877da1
p:  153807.90317938023
5d2bc14aca8a9ac550877c00
p:  207837.4750122443
5d2bc21cae5a709008877c7d
p:  67344.44246449604
5d2bc26ce74da02ca0877c16
p:  74230.30639543253
5d2bc2f9ae5a709008877c7f
p:  75075.53068063682
5d2bc2fa59a945b2bb877c88
p:  173696.31130062146
5d2bc313dfe572f60d877c7e
p:  543827.8553327692
5d2bc355ba0fa27c4a877da2
p:  160400.96084909124
5d2bc3dbca8a9ac550877c06
p:  107635.90660487102
5d2bc40cba0fa27c4a877da4
p:  131330.6321501251
5d2bc459e74da02ca0877c19
p:  125977.2931366115
5d2bc5edba0fa27c4a877daa
p:  158451.66008753283
5d2bc61be74da02ca0877c1d
p:  59604.44587249305
5d2bc643e74da02ca0877c1e
p:  135420.70879250782
5d2bc64329bd8f76e5877c1b
p:  646102.2839357189
5d2bc71fca8a9ac550877c0b
p:  232425.63741720442
5d2bc7252600328d40877c67
p:  312755.13421054
5d2bc74cdfe572f60d877c86
p:  91995.44504264227
5d2bc7d1e74da02ca0877c21
p:  65451.418026398256
5d2bc844e74da02ca0877c22
p:  224759.38412120764
5d2bc8b5e74da02ca0877c23
p:  150438.83655214324
5d2bc9f7ca8a9ac550877c11
p:  187677.9299703494
5d2bcb7ee74da02ca0877c26
p:  95157.84185202037
5d2bcc0fae5a709008877c85
p:  67629.95633882855
5d2bcc30e74da02ca0877c28
p:  93552.9961146931
5d2bceb7e74da02ca0877c2f
p:  49560.43952927833
5d2bceebe74da02ca0877c30
p:  65451.418026398256
5d2bcfd4ae5a709008877c8a
p:  131081.8987457017
5d2bd030dfe572f60d877c94
p:  390351.0632803984
5d2bd0deca8a9ac550877c1d
p:  136289.58911487216
5d2bd0e8ae5a709008877c8b
p:  216242.81102129584
5d2bd1e629bd8f76e5877c31
p:  201176.70545026666
5d2bd1f5e74da02ca0877c35
p:  49560.43952927833
5d2bd1feae5a709008877c8c
p:  198297.37957103725
5d2bd219ca8a9ac550877c21
p:  107175.33490492884
5d2bd302dfe572f60d877c99
p:  625062.4913694444
5d2bd559ae5a709008877c90
p:  172305.97432867505
5d2bd67bba0fa27c4a877dbd
p:  261444.67810030258
5d2bd90bae5a709008877c99
p:  444150.96988787176
5d2bd97859a945b2bb877cac
p:  98269.92038875217
5d2bd9c12600328d40877c7a
p:  218891.8322335516
5d2bda21ae5a709008877c9d
p:  381974.370839651
5d2bdcb5dfe572f60d877ccb
p:  325785.2643314162
5d2bdf28ca8a9ac550877c34
p:  119828.33765358265
5d2bdf39dfe572f60d877cdd
p:  371165.93601121916
5d2bdfe4dfe572f60d877ce2
p:  331781.10357138095
5d2be150ca8a9ac550877c38
p:  176684.1904656748
5d2be4d2ca8a9ac550877c3e
p:  376331.7927176515
5d2be700ae5a709008877cb2
p:  71158.07624151769
5d2be9d6ca8a9ac550877c4c
p:  116784.74000412792
5d2beacdca8a9ac550877c4f
p:  238491.7514998982
5d2beb71ca8a9ac550877c53
p:  116784.74000412792
5d2bedaadfe572f60d877d3e
p:  131064.7887299695
5d2bedffe74da02ca0877c87
p:  108386.61261914244
5d2bee60ca8a9ac550877c56
p:  176711.86008950687
5d2befdbb48e8ed254877c32
p:  265206.250116582
5d2bf0daca8a9ac550877c59
p:  292359.1140002663
5d2bf200ca8a9ac550877c5d
p:  116784.74000412792
5d2bf25aca8a9ac550877c5e
p:  201766.20412554248
5d2bf3f929bd8f76e5877c65
p:  73660.41262527245
5d2bf5ac29bd8f76e5877c69
p:  78948.00000100871
5d2bf621ca8a9ac550877c69
p:  225462.7305056933
5d2bfbc8b48e8ed254877c42
p:  267392.1623694993
5d2c03f3b48e8ed254877c52
p:  173023.25621114962
5d2c040eb48e8ed254877c53
p:  220690.78140535363
5d2c1355b48e8ed254877c71
p:  166602.19101390376
5d2f6d468b6c8df1a080b6b4
p:  171347.4304175157
5d34bb0ab491b6045f0abcca
p:  152861.95225811418
5d34be9030951c13970abc93
p:  115409.44331542306
5d34c0e930951c13970abc95
p:  201537.49761260417
5d34c31e43e3c14fcd0abc6e
p:  72295.39652044856
5d34c33c43e3c14fcd0abc6f
p:  118641.32926598011
5d34c46548ca28a1960abcff
p:  104336.87569707775
5d34c4ec43e3c14fcd0abc72
p:  91139.8576414054
5d34c6a943e3c14fcd0abc74
p:  121192.51476988319
5d34c95ad4dace2dc70abcab
p:  90275.78609885139
5d34cb3e2a8565d4450abd4b
p:  103437.64551862887
5d34cb9743e3c14fcd0abc7a
p:  81887.890067056
5d34cc35c28e7388930abca4
p:  160382.0437482702
5d34ccc643e3c14fcd0abc7f
p:  70342.92252703133
5d34cde6d4dace2dc70abcb0
p:  150983.0999091622
5d34cdec43e3c14fcd0abc86
p:  71228.55887193645
5d34d21df0c95a9e6e0abcd6
p:  214347.07068529417
5d34d28c2a8565d4450abd53
p:  121648.14472636435
5d34d365c28e7388930abcb0
p:  209620.25239245122
5d34d3d7c28e7388930abcb2
p:  121990.10735107082
5d34d3fbc28e7388930abcb3
p:  158508.6190492508
5d34d4ec65e18fd8850abcdb
p:  181611.06100801576
5d34d56f48ca28a1960abd0b
p:  320652.8828273686
5d34d57543e3c14fcd0abc9a
p:  139532.81764789543
5d34d6ad30951c13970abcb3
p:  234282.67699351814
5d34d6cfdbe06687b60abcd7
p:  240224.59223760542
5d34d82043e3c14fcd0abc9c
p:  205813.14838732017
5d34d84665e18fd8850abcea
p:  206891.56753708428
5d34d86d30951c13970abcb6
p:  201792.33956537355
5d34d8c6dbe06687b60abcda
p:  156606.9697999458
5d34d99448ca28a1960abd12
p:  248385.24477238482
5d34da2b43e3c14fcd0abca2
p:  77770.01352085112
5d34da3730951c13970abcba
p:  103335.38787446728
5d34db9130951c13970abcbc
p:  170615.70971290045
5d34dbb630951c13970abcbd
p:  336638.51510461466
5d34dc0e30951c13970abcbe
p:  318563.5982727657
5d34dc4630951c13970abcbf
p:  295167.22145257046
5d34dc4edbe06687b60abce1
p:  139044.70174477226
5d34dc6530951c13970abcc0
p:  161983.5962365554
5d34df1130951c13970abcc2
p:  161795.6050752076
5d34df1bbd06e5f4620abd23
p:  178994.07955106156
5d34df6a43e3c14fcd0abcad
p:  152105.36553301004
5d34df6e30951c13970abcc3
p:  236952.7148650905
5d34e033b491b6045f0abcfa
p:  260598.99412597113
5d34e0bb48ca28a1960abd19
p:  264719.1217913446
5d34e0ee30951c13970abcc6
p:  305240.58714214864
5d34e1a643e3c14fcd0abcb0
p:  169956.7466385949
5d34e1e543e3c14fcd0abcb1
p:  166254.51007561715
5d34e24c30951c13970abcc8
p:  407710.8924856235
5d34e270b491b6045f0abd00
p:  271107.09405423194
5d34e3382a8565d4450abd6a
p:  320701.1601599974
5d34e43d30951c13970abcca
p:  166775.98696777056
5d34e4cbd4dace2dc70abcc9
p:  231586.54033140553
5d34e58830951c13970abccc
p:  369898.40968900325
5d34e629dbe06687b60abceb
p:  171770.09982572266
5d34e65eb4231f83a30abce5
p:  297717.33350636554
5d34e705d4dace2dc70abccb
p:  128885.72701259202
5d34e976c28e7388930abcc8
p:  113644.03269143736
5d34e9d0c28e7388930abcc9
p:  130145.25526659528
5d34ea11c28e7388930abcca
p:  140137.9935299905
5d34eb4eeaaf0c4f810abca7
p:  54206.265095619485
5d34eb53c28e7388930abcce
p:  98886.18532857132
5d34eb8d2a8565d4450abd74
p:  70944.6331534324
5d34ebcfeaaf0c4f810abca8
p:  117912.69789526443
5d34ec15eaaf0c4f810abcaa
p:  99110.00836719302
5d34ec2343e3c14fcd0abcbb
p:  260371.24804958206
5d34ec252a8565d4450abd75
p:  100340.30022534032
5d34ecdab491b6045f0abd08
p:  663382.282555261
5d34ed0fb4231f83a30abced
p:  213015.4033545541
5d34eebd2a8565d4450abd78
p:  126858.6913823622
5d34efcadbe06687b60abcf7
p:  338594.8489172729
5d34effc43e3c14fcd0abcc0
p:  273168.5873642312
5d34f01feaaf0c4f810abcb0
p:  261444.67810030258
5d34f0712a8565d4450abd7c
p:  90559.2616145977
5d34f091eaaf0c4f810abcb1
p:  259296.4465455513
5d34f0a1b491b6045f0abd0d
p:  278273.2070662289
5d34f0c52a8565d4450abd7d
p:  104232.2015192143
5d34f1132a8565d4450abd7e
p:  69899.59626876496
5d34f17643e3c14fcd0abcc1
p:  265568.4398485884
5d34f19c65e18fd8850abd05
p:  89946.96915946115
5d34f226b491b6045f0abd0f
p:  414070.2541345068
5d34f30b65e18fd8850abd09
p:  77138.33389492321
5d34f335f0c95a9e6e0abcfd
p:  116784.74000412792
5d34f381eaaf0c4f810abcb9
p:  158451.66008753283
5d34f3af2a8565d4450abd80
p:  86176.95562512826
5d34f3b4eaaf0c4f810abcbb
p:  259634.39349394263
5d34f3d02a8565d4450abd81
p:  93491.10129704638
5d34f4512a8565d4450abd82
p:  103881.42661620403
5d34f4e82a8565d4450abd83
p:  61879.05477648876
5d34f5612a8565d4450abd85
p:  93502.99088857786
5d34f65e2a8565d4450abd87
p:  83871.15744380717
5d34f6a82a8565d4450abd88
p:  94477.60786454717
5d34f6f1b491b6045f0abd16
p:  370496.6741463329
5d34f72143e3c14fcd0abcc7
p:  98763.75995373272
5d34f8a8f0c95a9e6e0abd02
p:  158523.41427095406
5d34f8e8b491b6045f0abd18
p:  104768.18009060709
5d34f8fa43e3c14fcd0abccc
p:  124119.08034203881
5d34f8ff65e18fd8850abd0f
p:  67344.44246449604
5d34fe36f0c95a9e6e0abd06
p:  212508.91812067712
5d34fed0f0c95a9e6e0abd07
p:  145249.42180848535
5d350237dbe06687b60abd12
p:  76590.67978476858
5d3503e9f0c95a9e6e0abd0e
p:  87700.15954158004
5d35067cb4231f83a30abd13
p:  225239.7025141801
5d350bc0b4231f83a30abd18
p:  198163.62580051215
5d44ee6baed8f82c9e8b1ff0
p:  81408.09466310391
5d44eefeaed8f82c9e8b1ff1
p:  93332.88789784933
5d44f072a38497a5398b1feb
p:  206161.03780891787
5d44f0b4a38497a5398b1fec
p:  76373.08358177019
5d44f231aed8f82c9e8b1ff7
p:  137917.3392685921
5d44f237651cf327148b200d
p:  133081.47216092533
5d44f2e1a38497a5398b1fee
p:  85592.95980654522
5d44f326aed8f82c9e8b1ff8
p:  95648.8324106095
5d44f378aed8f82c9e8b1ff9
p:  70785.02457124568
5d44f3b61a051c480d8b1ff1
p:  171775.70202175746
5d44f4910121f5dbf38b1ff5
p:  142943.523433668
5d44f585ae3b7ec5eb8b1ff5
p:  154520.5434641748
5d44f6b5ae3b7ec5eb8b1ff7
p:  183010.66505773863
5d44f6df50481fc9a78b1feb
p:  76996.9410354924
5d44f95caed8f82c9e8b2001
p:  106515.86622098752
5d44fcb4aed8f82c9e8b2002
p:  86771.77456938072
5d44fcd37123192f7a8b1ffa
p:  298948.18558305793
5d44fce01a051c480d8b1ffa
p:  88433.9256378129
5d44fd5050481fc9a78b1ff0
p:  100865.13676539762
5d44fe04651cf327148b2015
p:  59691.948579244636
5d44ff0f7123192f7a8b1ffe
p:  151434.7893885179
5d45001a0121f5dbf38b1ffd
p:  89812.01384208849
5d45020ab343cd14ba8b1ff5
p:  75795.17834738246
5d45035c50481fc9a78b1ff6
p:  137134.33963565814
5d450366113eb162608b2001
p:  131923.54828059435
5d4505b1b343cd14ba8b1ffa
p:  168060.91311264256
5d45064ba38497a5398b1fff
p:  192177.80147225666
5d45066a113eb162608b2006
p:  66744.47345816722
5d45073450481fc9a78b1ffd
p:  62536.52591528419
5d4507747123192f7a8b2008
p:  355648.8481153635
5d4508357123192f7a8b200b
p:  248400.1039748567
5d4508680379bfd9d78b200d
p:  148192.1983572989
5d4508b70379bfd9d78b200e
p:  399797.3810689541
5d4509630121f5dbf38b2006
p:  160283.8741073357
5d4509c90121f5dbf38b2007
p:  244879.29313576288
5d450a3a0121f5dbf38b2008
p:  161983.5962365554
5d450a5e0121f5dbf38b2009
p:  119940.36981017308
5d450acd0121f5dbf38b200b
p:  145362.07122968935
5d450ad3a38497a5398b2002
p:  165487.2215032139
5d450b610121f5dbf38b200c
p:  392541.5133625198
5d450b900121f5dbf38b200d
p:  103335.38787446728
5d450bb67123192f7a8b2010
p:  189118.46459375045
5d450bfe0121f5dbf38b2010
p:  325495.32366308477
5d450c140121f5dbf38b2011
p:  200276.69405580638
5d450c7e0121f5dbf38b2013
p:  173870.48221228563
5d450cb60121f5dbf38b2015
p:  145687.45929494867
5d450cce0121f5dbf38b2016
p:  235918.2432741627
5d450cfa0121f5dbf38b2017
p:  146081.6620488415
5d450d360121f5dbf38b2019
p:  149883.98883994576
5d450d7f0121f5dbf38b201b
p:  167542.254908212
5d450dfc0121f5dbf38b201e
p:  112172.49337837794
5d450f220121f5dbf38b2025
p:  141821.7840902944
5d450f63b343cd14ba8b2005
p:  137393.28514274966
5d450f6dd972946a9f8b200a
p:  198357.78473527712
5d450fb4113eb162608b200f
p:  123768.14400697932
5d450fc7d972946a9f8b200b
p:  362993.66343663394
5d4510920379bfd9d78b2011
p:  126165.79194357293
5d4511377123192f7a8b2019
p:  157113.69640893815
5d45119a0121f5dbf38b202f
p:  117851.5887784451
5d4511c1b343cd14ba8b2008
p:  327425.3240689005
5d4511e7113eb162608b2010
p:  235453.22459291754
5d4511f21a051c480d8b2017
p:  93166.53850190173
5d451220aed8f82c9e8b2018
p:  233908.89511300507
5d45125850481fc9a78b2004
p:  183152.69245837236
5d4512c91a051c480d8b2018
p:  96654.06406785417
5d45136da38497a5398b200e
p:  126858.6913823622
5d45137c1a051c480d8b2019
p:  153450.85143482633
5d4513a4a38497a5398b200f
p:  108683.56811353256
5d4513c3fed18e4c6f8b2018
p:  335282.95560883544
5d4513f0fed18e4c6f8b2019
p:  147422.8982521469
5d4513f2aed8f82c9e8b2019
p:  114156.87083927137
5d45146ea38497a5398b2011
p:  61356.37438057814
5d45148aa38497a5398b2012
p:  83297.11664488491
5d4514a8a38497a5398b2013
p:  72346.85875557814
5d4514e77123192f7a8b201e
p:  152968.50205302774
5d4514fefed18e4c6f8b201b
p:  140020.6179071005
5d451522a38497a5398b2017
p:  108126.44460671766
5d451541a38497a5398b2018
p:  117447.16519331439
5d45155da38497a5398b2019
p:  126260.67676588113
5d4515aeb343cd14ba8b200c
p:  153892.0130965865
5d4515b3ae3b7ec5eb8b201d
p:  67213.38757075407
5d451605a38497a5398b201f
p:  81159.46691511528
5d451607ae3b7ec5eb8b201f
p:  79814.09395055754
5d451643a38497a5398b2021
p:  70944.6331534324
5d4516490121f5dbf38b203f
p:  146236.79031935916
5d4516811a051c480d8b201d
p:  83211.86974466746
5d45168dae3b7ec5eb8b2022
p:  165143.98314749877
5d4516980121f5dbf38b2040
p:  338065.7634627701
5d451719a38497a5398b2022
p:  90291.63766218163
5d4517217123192f7a8b201f
p:  203453.12370878062
5d4517847123192f7a8b2020
p:  169790.55578393815
5d4517b11a051c480d8b201f
p:  87241.32224527313
5d45182dd972946a9f8b2010
p:  261306.02362428536
5d4518d17123192f7a8b2023
p:  199315.91377136437
5d4518dcb343cd14ba8b200f
p:  144951.61428238216
5d45193cb343cd14ba8b2010
p:  62548.60874867483
5d45197550481fc9a78b200b
p:  207734.7212150616
5d4519dbaed8f82c9e8b2020
p:  211472.20124999507
5d4519efb343cd14ba8b2011
p:  147381.73067045928
5d451a5b0121f5dbf38b2047
p:  177090.58469991226
5d451a5dfed18e4c6f8b2021
p:  155027.46928020637
5d451a85a38497a5398b2025
p:  108443.0624435207
5d451ab00121f5dbf38b2049
p:  262899.2064849039
5d451adc0121f5dbf38b204a
p:  182860.76432031053
5d451b33b343cd14ba8b2012
p:  82974.93025212779
5d451b45aed8f82c9e8b2022
p:  111555.96912376455
5d451d1ad972946a9f8b2019
p:  124708.29854426088
5d451e0ab343cd14ba8b2014
p:  118780.06716789522
5d451e15651cf327148b2038
p:  183138.55592098867
5d451ee2113eb162608b201f
p:  173777.78368090262
5d451f31b343cd14ba8b2017
p:  85205.72259280049
5d452058fed18e4c6f8b2029
p:  114128.8363277505
5d452099651cf327148b203b
p:  213222.36429885525
5d4520ed113eb162608b2022
p:  197548.8615324405
5d45217e7123192f7a8b202a
p:  143732.31492859116
5d452223a38497a5398b202b
p:  61481.84326040183
5d452229d972946a9f8b202e
p:  258130.0899252052
5d452262d972946a9f8b202f
p:  296456.00464017247
5d45229d113eb162608b2025
p:  116083.81332137907
5d4522f2d972946a9f8b2031
p:  202580.9216243312
5d4523b4113eb162608b202c
p:  203734.18886211806
5d452401113eb162608b202e
p:  77412.12182371269
5d452446113eb162608b202f
p:  241265.202100131
5d45245f0379bfd9d78b2015
p:  194622.85617838433
5d45246cd972946a9f8b2037
p:  248618.73033725342
5d4524ae113eb162608b2032
p:  165160.22677095406
5d4524b2d972946a9f8b2038
p:  319905.8722281237
5d4526bd113eb162608b2033
p:  120023.87426087394
5d4526dc7123192f7a8b202f
p:  202574.03221005056
5d45273ed972946a9f8b2041
p:  485802.7614243759
5d4527c9d972946a9f8b2042
p:  287507.1551068183
5d4527d40379bfd9d78b2019
p:  283274.58796818304
5d45295450481fc9a78b201c
p:  79314.21379607059
5d4529971a051c480d8b2035
p:  235619.5280872229
5d4529c1d972946a9f8b2048
p:  95800.57446037472
5d4530021a051c480d8b203c
p:  150516.90025524676
For ['Barbour', 'Coffee', 'Covington', 'Crenshaw', 'Dale', 'Geneva', 'Henry', 'Houston', 'Pike']#################################################################
train score for random_forest: 0.93890752048637
test score for random_forest: 0.5480916667549152
The mean absolute error is:$ 66636.79309887062
r_Score: 0.5825996972973844
Voting Regressor (in): 0.9524925530231001
Voting Regressor: 0.5825996972973844
5d2c0d24ba0fa27c4a877e07
p:  36778.94343182054
5d2c6ad4b48e8ed254877cf2
p:  209347.9970039617
5d2c6b51b48e8ed254877cf4
p:  250027.62358351366
5d2c6b7ae74da02ca0877d66
p:  99857.2803828987
5d2c6b96b48e8ed254877cf5
p:  581290.8193788928
5d2c6be1ca8a9ac550877d37
p:  141698.81386429278
5d2c6c63ca8a9ac550877d39
p:  250817.53147909563
5d2c6d00ca8a9ac550877d3b
p:  79933.88113116231
5d2c6d72ca8a9ac550877d3d
p:  157239.87820997502
5d2c6da5ca8a9ac550877d3e
p:  162830.4722979109
5d2c6ed2ca8a9ac550877d43
p:  216591.23027603544
5d2c708cca8a9ac550877d4a
p:  143597.73504485574
5d2c73e3b48e8ed254877d15
p:  133185.13005682727
5d2c7428b48e8ed254877d16
p:  238550.3592886556
5d2c75cdb48e8ed254877d1d
p:  128967.4644631868
5d2c7604b48e8ed254877d1e
p:  132810.8619524717
5d2c7664ca8a9ac550877d61
p:  165146.9307022969
5d2c778fb48e8ed254877d23
p:  91300.21553762266
5d2c79b3773a7e90e1877cf7
p:  118209.54044091507
5d2c7baf773a7e90e1877cf9
p:  87243.5439255611
5d2c7cf72600328d40877d54
p:  187149.4494155783
5d2c7f46ca8a9ac550877d85
p:  111168.17990576694
5d2c8094ca8a9ac550877d8b
p:  123357.25224349949
5d2c8247773a7e90e1877d06
p:  85210.48808933533
5d2c82aee74da02ca0877d8a
p:  235828.43724094378
5d2c82d529bd8f76e5877d2b
p:  289542.0994066546
5d2c834829bd8f76e5877d2d
p:  155552.1490073184
5d2c854de74da02ca0877d8e
p:  69760.91954675817
5d2c859d29bd8f76e5877d2e
p:  154426.6254326723
5d2c870be74da02ca0877d8f
p:  124980.12429718344
5d2c885629bd8f76e5877d30
p:  154426.6254326723
5d2c8a87ae5a709008877d7d
p:  80703.2027895223
5d2c8b6829bd8f76e5877d33
p:  185603.5819977927
5d2c8bd7ae5a709008877d80
p:  134759.24637587502
5d2c8d9429bd8f76e5877d37
p:  136682.9467965007
5d2c8f45ca8a9ac550877dc6
p:  762802.0228920402
5d2c900ab48e8ed254877d51
p:  43089.4808961162
5d2c9091ca8a9ac550877dcb
p:  155578.75832451778
5d2c9098773a7e90e1877d19
p:  118198.66235094634
5d2c90fd773a7e90e1877d1a
p:  70125.33479202686
5d2c9212e74da02ca0877d99
p:  180745.3591536815
5d2c925f29bd8f76e5877d3b
p:  169783.84620725428
5d2c932b29bd8f76e5877d3e
p:  253003.44733809904
5d2c936dca8a9ac550877dd6
p:  266359.7237687325
5d2c941629bd8f76e5877d3f
p:  167004.43952666828
5d2c945d29bd8f76e5877d40
p:  122394.55347373763
5d2c9468e74da02ca0877d9c
p:  179829.25584717456
5d2c9489e74da02ca0877d9d
p:  138745.5543839537
5d2c953eca8a9ac550877dde
p:  95831.13713372489
5d2c955429bd8f76e5877d43
p:  140397.44130937709
5d2c95dfca8a9ac550877de1
p:  70951.58716108905
5d2c95f429bd8f76e5877d44
p:  162472.73794638683
5d2c9613ca8a9ac550877de2
p:  128365.0043757089
5d2c9758ca8a9ac550877de7
p:  211333.88925765094
5d2c9858773a7e90e1877d23
p:  90594.03409829123
5d2c98b5e74da02ca0877da6
p:  133139.3058304792
5d2c98d4e74da02ca0877da7
p:  60181.637554100875
5d2c998b29bd8f76e5877d45
p:  179722.82224473433
5d2c9a99ae5a709008877d9c
p:  236588.9568723521
5d2c9b1629bd8f76e5877d48
p:  125228.63123891584
5d2c9b9e29bd8f76e5877d49
p:  141967.2115760451
5d2c9c6929bd8f76e5877d4a
p:  224673.1552959673
5d2c9de2ca8a9ac550877e01
p:  51720.31911279392
5d2c9e1a59a945b2bb877d9c
p:  86480.08988446437
5d2c9e25ca8a9ac550877e02
p:  31688.599928260213
5d2c9e39b48e8ed254877d63
p:  286014.4954237399
5d2c9f2229bd8f76e5877d4e
p:  72727.50766497575
5d2c9f8929bd8f76e5877d50
p:  156664.9659703357
5d2c9f8cae5a709008877da3
p:  210634.66574018454
5d2c9fa6ae5a709008877da4
p:  194747.4551554438
5d2ca14f29bd8f76e5877d51
p:  206845.2813409979
5d2ca30729bd8f76e5877d53
p:  141967.2115760451
5d2ca3b7b48e8ed254877d68
p:  588697.2513336579
5d2ca48f5a4e807ac4877d9b
p:  121874.26987245711
5d2ca6f859a945b2bb877daa
p:  732138.6201487106
5d2ca75829bd8f76e5877d58
p:  73253.32522711928
5d2ca917b48e8ed254877d70
p:  160624.38837289298
5d2ca91859a945b2bb877dad
p:  62228.56798601238
5d2caa18b48e8ed254877d71
p:  284246.74040470435
5d2cadeb29bd8f76e5877d5b
p:  228191.796509774
5d2cae858582e07d57877d30
p:  93139.08509170215
5d2cb27029bd8f76e5877d5e
p:  98755.97674697883
5d2cb46a29bd8f76e5877d5f
p:  125228.63123891584
5d2cb5c629bd8f76e5877d61
p:  113032.94167336688
5d2cb866e74da02ca0877dd2
p:  585626.9080052767
5d2cb87729bd8f76e5877d65
p:  141967.2115760451
5d2cba49773a7e90e1877d5b
p:  93848.3153962961
5d2cbc0ce74da02ca0877dd5
p:  159390.34018851962
5d2cbc5329bd8f76e5877d6d
p:  103309.20592357052
5d2cbe65e74da02ca0877dd9
p:  656596.0672222136
5d2cc425e74da02ca0877de2
p:  155114.27019447405
5d2cc4f229bd8f76e5877d7a
p:  92592.17820304839
5d2ccc63e74da02ca0877df0
p:  585626.9080052767
5d2ccceee74da02ca0877df1
p:  55368.76254803635
5d2cce7f29bd8f76e5877d81
p:  148842.60874007223
5d2cced529bd8f76e5877d82
p:  148621.16043658124
5d2cd3c229bd8f76e5877d91
p:  240390.83580607982
5d2cd6eb29bd8f76e5877d95
p:  194891.15041043476
5d2cecdd29bd8f76e5877db2
p:  72727.50766497575
5d35118d30951c13970abd0b
p:  58451.52906165925
5d3537bd43e3c14fcd0abd1e
p:  80604.80869844498
5d353976d4dace2dc70abd28
p:  81702.0178464351
5d353a2a2a8565d4450abde5
p:  116070.20179622169
5d353cb6d4dace2dc70abd2b
p:  119008.29507178435
5d353da9b4231f83a30abd51
p:  189663.85185017806
5d353fb4f0c95a9e6e0abd6a
p:  68556.07114980517
5d35400ff0c95a9e6e0abd6b
p:  140397.44130937709
5d35403af0c95a9e6e0abd6c
p:  152585.2443709546
5d3542b6f0c95a9e6e0abd70
p:  189692.146011268
5d3543acf0c95a9e6e0abd73
p:  119592.71151251488
5d3543c7c28e7388930abdb7
p:  104150.64570140485
5d3543cff0c95a9e6e0abd74
p:  134300.2273357772
5d3545c8f0c95a9e6e0abd75
p:  169595.33967822354
5d3546ae18f8dde30a0abe04
p:  101520.30514075229
5d3546f0f0c95a9e6e0abd76
p:  111069.83609109942
5d35482eb4231f83a30abd60
p:  71159.84140768045
5d354903f0c95a9e6e0abd78
p:  78045.87075248116
5d3549d9f0c95a9e6e0abd79
p:  111402.14717635044
5d354bc6f0c95a9e6e0abd7a
p:  139472.53138276958
5d354c04f0c95a9e6e0abd7b
p:  93999.25679886356
5d354c85f0c95a9e6e0abd7c
p:  210641.39265289134
5d354cb6d4dace2dc70abd40
p:  89860.25845505434
5d354cf8f0c95a9e6e0abd7d
p:  146224.91673431417
5d354e04eaaf0c4f810abd21
p:  242620.9035940028
5d354ed7f0c95a9e6e0abd80
p:  138465.78273740737
5d354f9cf0c95a9e6e0abd81
p:  127916.28935331039
5d3550eef0c95a9e6e0abd84
p:  170760.5009237077
5d355211f0c95a9e6e0abd85
p:  175953.62092822354
5d3554fcf0c95a9e6e0abd88
p:  153430.7456379504
5d35550e43e3c14fcd0abd49
p:  99684.74937947051
5d3555d5f0c95a9e6e0abd8a
p:  122234.20827227067
5d35563cf0c95a9e6e0abd8b
p:  114830.01715271766
5d3556fff0c95a9e6e0abd8d
p:  143036.87242462253
5d355847f0c95a9e6e0abd8f
p:  148659.9327075171
5d355869f0c95a9e6e0abd90
p:  182749.37516589847
5d355c7cf0c95a9e6e0abd99
p:  73253.32522711928
5d356058f0c95a9e6e0abd9f
p:  124705.88723719129
5d356c23f0c95a9e6e0abda7
p:  143923.40641306317
5d357879f0c95a9e6e0abdb3
p:  82507.71803274528
5d3589e0f0c95a9e6e0abdc9
p:  742349.4669624232
5d4546cd0379bfd9d78b203d
p:  142664.22542803612
5d4547ed0379bfd9d78b203f
p:  217907.35561388853
5d4548ab0379bfd9d78b2040
p:  109133.3579171087
5d4549050379bfd9d78b2041
p:  264067.7920320953
5d45494c0379bfd9d78b2042
p:  234193.14871769655
5d4549b7a38497a5398b2067
p:  508966.283803324
5d454a9fb343cd14ba8b205d
p:  109220.13527790556
5d454b24a38497a5398b2069
p:  74765.7674802216
5d454b580379bfd9d78b2046
p:  150600.73572054593
5d454bd40379bfd9d78b2047
p:  94919.61902637893
5d454d460121f5dbf38b2084
p:  80752.7276295475
5d454d7f0121f5dbf38b2085
p:  167004.43952666828
5d454da0a38497a5398b206e
p:  127388.10985659703
5d454e150121f5dbf38b2087
p:  288836.28028762643
5d454e240379bfd9d78b204a
p:  109221.91140438698
5d454ebdb343cd14ba8b2061
p:  91082.61697518858
5d454fb10121f5dbf38b208a
p:  156110.14668382716
5d454fdd1a051c480d8b2069
p:  114004.71486331713
5d454ff30121f5dbf38b208b
p:  219943.37321916112
5d4550b10121f5dbf38b208d
p:  145565.36878790313
5d45519fd972946a9f8b20ac
p:  46177.82031536875
5d45521e651cf327148b207a
p:  67925.88446321037
5d455375b343cd14ba8b206a
p:  146253.60648041702
5d455554b343cd14ba8b206b
p:  123819.660137893
5d455589113eb162608b2063
p:  93960.21846432184
5d45568cb343cd14ba8b206c
p:  244839.4196171229
5d455741113eb162608b2066
p:  119391.01294211853
5d455765113eb162608b2067
p:  73668.69931785329
5d4559340121f5dbf38b2098
p:  150479.26379204763
5d45596d0121f5dbf38b2099
p:  111402.14717635044
5d4559a00121f5dbf38b209a
p:  155465.3562448943
5d455dfd0121f5dbf38b209f
p:  150426.44364129158
5d455fd90121f5dbf38b20a1
p:  53448.56942185186
5d4561580121f5dbf38b20a4
p:  132601.4813736446
5d4561ff0121f5dbf38b20a5
p:  136682.9467965007
5d45642b0121f5dbf38b20a7
p:  114830.01715271766
5d4564670121f5dbf38b20a8
p:  129504.06858945043
5d456b200121f5dbf38b20ad
p:  131179.1789449425
5d456c260121f5dbf38b20ae
p:  137095.461652292
5d456de40121f5dbf38b20b0
p:  171039.30773187528
5d4572ba0121f5dbf38b20b7
p:  139749.6374025941
For ['Chambers', 'Clay', 'Cleburne', 'Coosa', 'Elmore', 'Lee', 'Randolph', 'Tallapoosa']#################################################################
train score for random_forest: 0.9369409250968809
test score for random_forest: 0.6125558641431352
The mean absolute error is:$ 98440.78445819384
r_Score: 0.6102973493255532
Voting Regressor (in): 0.9565312304367757
Voting Regressor: 0.6102973493255532
5d0a4592fa7544d5f27ba66d
p:  322598.5536826896
5d0b699819aeb54ebe6efc20
p:  169551.0776052749
5d0b69ee19aeb54ebe6efc21
p:  193643.68803622725
5d2a20aae71ef52ca58779a9
p:  148986.88248880886
5d2a2feee71ef52ca58779b8
p:  90628.40842214404
5d2a311be71ef52ca58779b9
p:  72178.92793496043
5d2a31d9e71ef52ca58779ba
p:  76198.40967529261
5d2a3278e71ef52ca58779bb
p:  107560.69029464311
5d2a3b8ee71ef52ca58779d8
p:  122503.67372622258
5d2a518ee71ef52ca58779fc
p:  90628.40842214404
5d2bf97f8582e07d57877c39
p:  149227.63576569877
5d2bf9f68582e07d57877c3a
p:  276043.38480538235
5d2bfb5d8582e07d57877c3d
p:  136124.48667095302
5d2c0814e71ef52ca5877c70
p:  220639.1956368168
5d2c0903ca8a9ac550877c7f
p:  206835.9371838416
5d2c09a7ca8a9ac550877c81
p:  158773.44031046634
5d2c0c8847cfe46363877c94
p:  214125.43399984782
5d2c0d39ca8a9ac550877c87
p:  172864.43991553155
5d2c0d525a4e807ac4877ce6
p:  126609.22620213017
5d2c0f5eca8a9ac550877c8a
p:  156610.56432911218
5d2c156d5a4e807ac4877cfa
p:  221181.71397288144
5d2c19d9ca8a9ac550877c97
p:  151552.56811011484
5d2c1a90ca8a9ac550877c99
p:  263324.162498007
5d2c1ab58582e07d57877c74
p:  74316.1758287533
5d2c1ae48582e07d57877c75
p:  134520.772404566
5d2c1b5cca8a9ac550877c9b
p:  139603.04769376645
5d2c21098582e07d57877c7e
p:  134520.772404566
5d2c2c4f8582e07d57877c8b
p:  159906.5288486516
5d2c314a5a4e807ac4877d1d
p:  167657.22118203464
5d2d709229bd8f76e5877ec6
p:  202928.10908545365
5d2d7136e74da02ca0877ee5
p:  281217.77008046233
5d2d723e29bd8f76e5877ed0
p:  275288.7240030535
5d2d72678582e07d57877fc0
p:  268694.60724251764
5d2d74248582e07d57877fc2
p:  263626.136331333
5d2d744a8582e07d57877fc3
p:  245223.0610318156
5d2d74ece74da02ca0877ee9
p:  157365.48855170404
5d2d7636e71ef52ca5877e8d
p:  216853.83223754942
5d2d77f429bd8f76e5877ef6
p:  299752.9264972205
5d2d781f29bd8f76e5877ef7
p:  374475.07911360555
5d2d78de8582e07d57877fc8
p:  167931.45931599013
5d2d7ad059a945b2bb877f81
p:  177086.59032967384
5d2d7ae18582e07d57877fca
p:  169190.5336413702
5d2d7af4e71ef52ca5877e92
p:  266544.70727327873
5d2d7ebee74da02ca0877efd
p:  157365.48855170404
5d2d80748582e07d57877fd1
p:  261467.6249998086
5d2d822de71ef52ca5877e99
p:  246617.05964921182
5d2d830b8582e07d57877fd6
p:  221746.03065822294
5d2d8498e74da02ca0877f09
p:  229168.5868851993
5d2d84fde71ef52ca5877e9c
p:  269897.2279662283
5d2d8658e74da02ca0877f0e
p:  281574.3118645539
5d2d86f08582e07d57877fd8
p:  143199.95363207976
5d2d8808ba0fa27c4a87801a
p:  257946.09641834535
5d2d89668582e07d57877fde
p:  184749.68882381098
5d2d8a27e74da02ca0877f18
p:  1001493.5324334536
5d2d8a55e74da02ca0877f19
p:  442879.5751768538
5d2d8cf5e71ef52ca5877eac
p:  185569.09447168076
5d2d8df2ba0fa27c4a878026
p:  176989.0754935921
5d2d8e24ba0fa27c4a878027
p:  392948.04755223833
5d2d8e7de71ef52ca5877ead
p:  158632.95106051795
5d2d8e94e74da02ca0877f1e
p:  205040.4824763933
5d2d90a48582e07d57877fe9
p:  338069.1233145305
5d2d927be71ef52ca5877eb5
p:  221681.6728482252
5d2d945b8582e07d57877fec
p:  385040.6487927061
5d2d96998582e07d57877ff0
p:  229998.2988616689
5d2d9895e71ef52ca5877ebb
p:  183943.4603176423
5d2d98adba0fa27c4a87806e
p:  303377.60295807896
5d2d99f4e71ef52ca5877ebe
p:  268974.793502238
5d2d9d798582e07d57878000
p:  142506.96072689805
5d2d9de2e71ef52ca5877ec9
p:  190913.53058557064
5d2d9dffe71ef52ca5877eca
p:  313496.9099686962
5d2da08e59a945b2bb877fb3
p:  70978.84670326386
5d2da1df8582e07d57878004
p:  250291.0548017313
5d2da3128582e07d57878008
p:  308031.5857040128
5d2da3f8e71ef52ca5877ed7
p:  173116.5516389613
5d2da4258582e07d5787800a
p:  224399.50918240746
5d2da46ee71ef52ca5877ed9
p:  229153.62346287846
5d2da5958582e07d5787800d
p:  213411.65686306148
5d2da5f18582e07d5787800e
p:  230783.26039361695
5d2dac0a8582e07d57878017
p:  212633.97846552695
5d2daf9d8582e07d5787801f
p:  370358.57828977995
5d2db1f829bd8f76e5877f66
p:  133318.84253802054
5d2db50fe71ef52ca5877ef8
p:  269260.5401211658
5d2db76b8582e07d5787802b
p:  223797.33364360334
5d2db884e74da02ca0877f59
p:  142426.37855483242
5d2dba4aba0fa27c4a87809c
p:  637353.2930180226
5d2dbb28e71ef52ca5877f09
p:  154751.346896753
5d2dbceb29bd8f76e5877f6e
p:  94380.00941288695
5d2dbd3929bd8f76e5877f6f
p:  123425.09742303428
5d2dbfa58582e07d57878035
p:  268694.60724251764
5d2dc06329bd8f76e5877f73
p:  355010.74092883733
5d2dc07c8582e07d57878036
p:  248212.243778561
5d2dc0c28582e07d57878037
p:  153748.95221380808
5d2dc3718582e07d5787803a
p:  295654.879897441
5d2dc3948582e07d5787803b
p:  319771.8102401791
5d2dc54a8582e07d5787803d
p:  341377.95990598743
5d2dc5c229bd8f76e5877f7c
p:  259738.05613157304
5d2dc6dbba0fa27c4a8780ab
p:  292621.12105705135
5d2dc9ec8582e07d57878046
p:  225610.46323262178
5d2dcb52e71ef52ca5877f24
p:  185569.09447168076
5d2dd114e71ef52ca5877f2b
p:  303320.9541871856
5d2dd2268582e07d5787804e
p:  225181.3006057567
5d2dd24b8582e07d5787804f
p:  227759.2149330402
5d2dd3f88582e07d57878052
p:  267558.5535454515
5d2dd66b59a945b2bb877ffc
p:  266561.44879771373
5d2dd6c58582e07d5787805b
p:  348367.6997076358
5d2dda5b8582e07d5787805d
p:  454802.7513578766
5d2ddc318582e07d57878060
p:  348112.78829172114
5d2dddc38582e07d57878063
p:  215608.035069607
5d2dddee8582e07d57878064
p:  179486.23780566506
5d2de1ec8582e07d57878068
p:  206186.84932308993
5d2dec868582e07d57878078
p:  618851.4610678821
5d2dfdb98582e07d57878096
p:  357869.701902573
5d2dfef48582e07d57878099
p:  296573.6073451176
5d2e02378582e07d5787809e
p:  283363.33752616064
5d2e0a018582e07d578780a9
p:  283420.3759230963
5d2e0a238582e07d578780aa
p:  1066424.0817568148
5d2e0a758582e07d578780ac
p:  141344.9846681501
5d2e0f468582e07d578780b4
p:  195454.5079412869
5d2e0f6e8582e07d578780b5
p:  226687.12463983832
5d2e268a8582e07d578780d9
p:  193098.01915363263
5d2e304e8582e07d578780f1
p:  328197.1199440138
5d2e30f68582e07d578780f2
p:  267993.39126379613
5d34608930951c13970abc25
p:  141390.37675242889
5d3460fd30951c13970abc26
p:  266767.4360674352
5d34628630951c13970abc2a
p:  80589.89442461601
5d350803dbe06687b60abd15
p:  149227.63576569877
5d350a8d65e18fd8850abd2a
p:  225017.78765610905
5d350ac265e18fd8850abd2b
p:  176732.5143062312
5d350c8cdbe06687b60abd1b
p:  132755.48639777408
5d350eaedbe06687b60abd1f
p:  88087.396297587
5d35119365e18fd8850abd32
p:  207592.73935219576
5d35198ad4dace2dc70abd0c
p:  147102.63177059754
5d351a9843e3c14fcd0abcf6
p:  237037.35263494327
5d35219643e3c14fcd0abcfe
p:  290126.81403679604
5d35333248ca28a1960abd9a
p:  97703.51967785158
5d359b4518f8dde30a0abe95
p:  185046.96821565257
5d359b4bdbe06687b60abdd6
p:  113138.75527749566
5d359b7f18f8dde30a0abe96
p:  221681.6728482252
5d359c2eeaaf0c4f810abd80
p:  299857.33063414437
5d359d0018f8dde30a0abe99
p:  265316.02485819976
5d359f0318f8dde30a0abe9d
p:  154110.16136862407
5d359fe118f8dde30a0abe9f
p:  158632.95106051795
5d35a26beaaf0c4f810abd83
p:  319771.8102401791
5d35a307b4231f83a30abdfc
p:  73072.02258532673
5d35a342eaaf0c4f810abd85
p:  259835.21018313305
5d35a43feaaf0c4f810abd87
p:  159591.9609033883
5d35a52f18f8dde30a0abea5
p:  182221.47232287284
5d35a531eaaf0c4f810abd89
p:  337494.8884912828
5d35a634eaaf0c4f810abd8b
p:  240945.84422540374
5d35a77cb4231f83a30abe0c
p:  148791.5316967914
5d35a92feaaf0c4f810abd8f
p:  163868.23715278791
5d35ae7e1557118458f78233
p:  653412.9887634157
5d452c1ad972946a9f8b2051
p:  209834.31009421882
5d452c50d972946a9f8b2052
p:  153353.28863483056
5d452e2a113eb162608b203d
p:  117961.09140713401
5d4530d6113eb162608b2040
p:  99785.5924541419
5d45326a113eb162608b2043
p:  158651.0829289694
5d453786113eb162608b2048
p:  94991.2002998061
5d453c01a38497a5398b205b
p:  276815.25543481065
5d458e38aed8f82c9e8b20c6
p:  539354.8968919597
5d4591dc0379bfd9d78b2093
p:  220631.22255996495
5d4593780379bfd9d78b2095
p:  304465.3322450768
5d45947b0379bfd9d78b2096
p:  222791.83495959797
5d4595aa0121f5dbf38b20e6
p:  268966.1622894435
5d4595e9a38497a5398b20b2
p:  120416.20569189722
5d4597c20379bfd9d78b209d
p:  226096.7255624715
5d4599990379bfd9d78b20a0
p:  146845.07530183624
5d4599f20379bfd9d78b20a1
p:  172653.6448788157
5d459c10ae3b7ec5eb8b20e4
p:  164718.00748201745
5d459c160121f5dbf38b20ee
p:  79927.30705071465
5d459f9aae3b7ec5eb8b20ea
p:  169009.40695056255
5d45a05c0379bfd9d78b20ab
p:  191110.63052482135
5d45a18b0379bfd9d78b20ae
p:  193480.8354177749
5d45a6280379bfd9d78b20b8
p:  131380.29158157812
5d45a73f0379bfd9d78b20ba
p:  241865.2595459923
5d45a7700379bfd9d78b20bb
p:  301242.5099624526
5d45a7fb0379bfd9d78b20be
p:  294827.79335048085
5d45a987a38497a5398b20d4
p:  149490.992174247
5d45aae80379bfd9d78b20c0
p:  289436.0464296973
5d45ac920379bfd9d78b20c7
p:  131380.29158157812
5d45aecc0379bfd9d78b20cc
p:  297366.71825513814
For ['Blount', 'Calhoun', 'Cherokee', 'Cullman', 'Etowah', 'Jefferson', 'St. Clair', 'Shelby', 'Talladega', 'Walker', 'Winston']#################################################################
train score for random_forest: 0.9444631118112129
test score for random_forest: 0.6198814346760448
The mean absolute error is:$ 81222.87823053238
r_Score: 0.6314824673344492
Voting Regressor (in): 0.9286363022054835
Voting Regressor: 0.6314824673344492
5d07e9c57c1d83daee248abf
p:  156802.1387853627
5d0a4ebffa7544d5f27ba688
p:  121422.5818480943
5d0b5530f12fac82e26efb46
p:  108503.07510931592
5d0b5f41f12fac82e26efb7c
p:  210532.38359495427
5d0d362743207cb60914ae2a
p:  133471.7041502849
5d0d3629ae78f7f2d314adf8
p:  133471.7041502849
5d1bbd5903ecbb08e0bf61aa
p:  137435.60775866924
5d1c009f0a1cbc8e6fefbc26
p:  71733.70779827662
5d26970fddcb4129edeb6990
p:  156447.33139146122
5d2a1b585a4e807ac48779a7
p:  171757.2750685811
5d2a1b7a47cfe463638779a7
p:  116065.8465293927
5d2a1bb1b48e8ed2548779a6
p:  93522.468478157
5d2a1bb647cfe463638779a8
p:  68274.44252361331
5d2a1bd58582e07d578779a5
p:  206286.3935150315
5d2a1c0a47cfe463638779a9
p:  125041.76231196866
5d2a1caeae5a7090088779a6
p:  110353.37906898482
5d2a1ce8ae5a7090088779a7
p:  126882.55263335726
5d2a1d248582e07d578779a6
p:  199542.50469636873
5d2a1d6d47cfe463638779ab
p:  148946.41318196384
5d2a1d71ae5a7090088779a8
p:  85302.79888666677
5d2a1dc7773a7e90e18779aa
p:  195147.66409017053
5d2a1ded59a945b2bb8779a7
p:  179095.65901936867
5d2a1e5647cfe463638779ae
p:  103283.70523364103
5d2a1e73ae5a7090088779a9
p:  108943.00116438183
5d2a1ebc8582e07d578779aa
p:  162149.42950389374
5d2a1f058582e07d578779ab
p:  218504.60979749414
5d2a1f2eb48e8ed2548779a9
p:  50894.097546413715
5d2a1fa78582e07d578779ad
p:  168508.90581347444
5d2a1fadb48e8ed2548779aa
p:  77725.84187490893
5d2a1fb059a945b2bb8779a9
p:  201934.53766892952
5d2a2112ae5a7090088779ab
p:  182185.3808120685
5d2a2130dc84a68f408779ab
p:  102603.78965651274
5d2a21aedc84a68f408779ac
p:  119408.01061559515
5d2a21c35a4e807ac48779b4
p:  97705.93582043346
5d2a2223ca8a9ac5508779aa
p:  150798.42732594954
5d2a225bb48e8ed2548779af
p:  48026.38170515881
5d2a22b4b48e8ed2548779b0
p:  80929.48576654459
5d2a22c1dc84a68f408779ae
p:  92652.15662730219
5d2a230f5a4e807ac48779b6
p:  75564.5948502739
5d2a232eb48e8ed2548779b1
p:  57598.68763693083
5d2a2374ca8a9ac5508779ac
p:  112099.75662867879
5d2a2396b48e8ed2548779b2
p:  88306.6590931344
5d2a23a98582e07d578779b3
p:  211573.0608662289
5d2a2416b48e8ed2548779b3
p:  50497.974425568376
5d2a2431773a7e90e18779b3
p:  223584.79236488556
5d2a243747cfe463638779b7
p:  87436.86966153517
5d2a246bae5a7090088779ae
p:  88506.55109900501
5d2a25775a4e807ac48779bc
p:  161947.44501175242
5d2a2610ae5a7090088779b2
p:  109284.40859565786
5d2a26218582e07d578779b9
p:  135800.82974924383
5d2a26ef47cfe463638779ba
p:  153348.56431432476
5d2a27248582e07d578779bb
p:  169308.51890875536
5d2a2757773a7e90e18779b6
p:  139216.40264720656
5d2a276eae5a7090088779b5
p:  125494.40340439724
5d2a2793ca8a9ac5508779b2
p:  130475.05201304212
5d2a27ce8582e07d578779bc
p:  376004.16982850886
5d2a27ebb48e8ed2548779b6
p:  93421.24872471191
5d2a27f8ae5a7090088779b7
p:  97910.68854694832
5d2a281aae5a7090088779b8
p:  62745.58972900577
5d2a287bba0fa27c4a8779b7
p:  89975.2564254402
5d2a287c5a4e807ac48779c3
p:  127331.9394637808
5d2a28e947cfe463638779bd
p:  107221.42875684139
5d2a297cae5a7090088779b9
p:  206026.01109940122
5d2a29a75a4e807ac48779c4
p:  206401.84744392656
5d2a29cdae5a7090088779ba
p:  119550.1344480419
5d2a29f559a945b2bb8779bf
p:  236031.75401900912
5d2a2a058582e07d578779c1
p:  177720.43842244596
5d2a2a3d59a945b2bb8779c0
p:  168343.0820420583
5d2a2aaeae5a7090088779bc
p:  91347.80000686845
5d2a2af5ca8a9ac5508779b4
p:  163125.52847847287
5d2a2b1959a945b2bb8779c1
p:  237509.70140450384
5d2a2b9447cfe463638779c1
p:  91362.13026318913
5d2a2ba7ae5a7090088779be
p:  93579.29569834983
5d2a2bb58582e07d578779c4
p:  168456.42642624426
5d2a2c46ca8a9ac5508779b5
p:  178431.820895295
5d2a2c62ae5a7090088779c0
p:  114057.79074434999
5d2a2c758582e07d578779c5
p:  230112.4332508996
5d2a2ccbae5a7090088779c1
p:  80231.85428322954
5d2a2d5e8582e07d578779c6
p:  170984.03392032164
5d2a2dbc8582e07d578779c7
p:  171749.0524214729
5d2a2de0ae5a7090088779c2
p:  85970.06786533106
5d2a2ec0ae5a7090088779c4
p:  103168.64892160737
5d2a2f5759a945b2bb8779ca
p:  159398.22281786584
5d2a2fb5ae5a7090088779c6
p:  93777.23791566861
5d2a306d59a945b2bb8779cb
p:  139289.19839291056
5d2a308747cfe463638779c7
p:  136148.80995869968
5d2a30d647cfe463638779c8
p:  62202.07736758634
5d2a31015a4e807ac48779d7
p:  151197.74121220465
5d2a316eae5a7090088779c7
p:  193451.38550058147
5d2a328b47cfe463638779cb
p:  145612.86456278246
5d2a32efae5a7090088779cb
p:  183553.60665211658
5d2a33035a4e807ac48779e1
p:  127944.52352925541
5d2a33815a4e807ac48779e2
p:  163006.26460589562
5d2a33aeae5a7090088779cd
p:  67505.06302467418
5d2a347d5a4e807ac48779e6
p:  166876.25877810456
5d2a34fe8582e07d578779d0
p:  178000.39280964702
5d2a353fae5a7090088779d0
p:  154884.87300710945
5d2a35875a4e807ac48779eb
p:  86791.02478366811
5d2a365047cfe463638779cf
p:  160838.42326280344
5d2a369d47cfe463638779d0
p:  168816.35451485444
5d2a37aaca8a9ac5508779c8
p:  130475.05201304212
5d2a37f347cfe463638779d1
p:  83129.21877808245
5d2a384d47cfe463638779d2
p:  71639.0457162164
5d2a38f45a4e807ac4877a00
p:  122321.58865274116
5d2a39a0ca8a9ac5508779cb
p:  156509.288880922
5d2a3a275a4e807ac4877a07
p:  101880.95430549601
5d2a3a4f773a7e90e18779d3
p:  222672.2580077421
5d2a3a76b48e8ed2548779cb
p:  91763.92399948987
5d2a3a8fca8a9ac5508779cc
p:  179200.28834260072
5d2a3b1adfe572f60d8779e6
p:  183115.23251786694
5d2a3b47dfe572f60d8779e7
p:  165521.73959857412
5d2a3b8f8582e07d578779d7
p:  143169.96195376012
5d2a3bc947cfe463638779d5
p:  88230.77655943042
5d2a3c0edfe572f60d8779eb
p:  185065.67186111596
5d2a3c8847cfe463638779d7
p:  145813.63662195852
5d2a3cd5b48e8ed2548779cd
p:  153893.86648713754
5d2a3ce347cfe463638779d8
p:  112863.12254958993
5d2a3ced5a4e807ac4877a17
p:  125100.04525706421
5d2a3d89dfe572f60d8779f2
p:  200611.41192739052
5d2a3dad5a4e807ac4877a1c
p:  190723.7109399521
5d2a3ddbca8a9ac5508779d1
p:  130475.05201304212
5d2a3f95ca8a9ac5508779d5
p:  211358.23659443227
5d2a40628582e07d578779e0
p:  155108.39368041506
5d2a4147dfe572f60d877a04
p:  126718.80424821831
5d2a4174dfe572f60d877a05
p:  126718.80424821831
5d2a41f229bd8f76e58779db
p:  94326.76480467009
5d2a425647cfe463638779e1
p:  79822.64646423643
5d2a42cf47cfe463638779e3
p:  83409.03026179003
5d2a4354ca8a9ac5508779d9
p:  227989.9985881517
5d2a436547cfe463638779e4
p:  118052.14629808257
5d2a43f52600328d408779ea
p:  144202.85625737027
5d2a4472ca8a9ac5508779db
p:  174597.67889393517
5d2a44b929bd8f76e58779de
p:  80218.63971951761
5d2a456adfe572f60d877a18
p:  158466.9533856358
5d2a45fe47cfe463638779e8
p:  59863.426726825586
5d2a463c29bd8f76e58779df
p:  163577.03057290666
5d2a46ec29bd8f76e58779e1
p:  111182.75919345403
5d2a4715e74da02ca08779eb
p:  216867.63396700934
5d2a473029bd8f76e58779e2
p:  64791.54587708782
5d2a47905a4e807ac4877a50
p:  132256.55253957852
5d2a47b329bd8f76e58779e3
p:  129519.8789499631
5d2a47cdae5a709008877a11
p:  123788.2057672828
5d2a49662600328d40877a02
p:  152684.0419513979
5d2a4a022600328d40877a04
p:  229913.15614022088
5d2a4a682600328d40877a05
p:  124010.39195129539
5d2a4ad3e74da02ca08779f2
p:  57049.0359032313
5d2a4b3747cfe463638779ed
p:  101057.70229614679
5d2a4b40dc84a68f408779e4
p:  162651.05727944113
5d2a4d8d47cfe463638779f1
p:  72667.05285844741
5d2a4ddfdfe572f60d877a40
p:  185175.5612365097
5d2a4fb05a4e807ac4877a7a
p:  523574.9478027851
5d2a516947cfe463638779f3
p:  74619.30915609072
5d2a520bca8a9ac5508779eb
p:  786391.6942296579
5d2a53902600328d40877a14
p:  192483.25978217105
5d2a552ddc84a68f408779ef
p:  234619.32872314443
5d2a5537dfe572f60d877a63
p:  101742.87745514882
5d2a5599e74da02ca0877a06
p:  77775.8054736246
5d2a573fdfe572f60d877a6d
p:  186775.9302250307
5d2a5745ca8a9ac5508779f3
p:  130475.05201304212
5d2a579edfe572f60d877a6f
p:  116436.8385233965
5d2a581259a945b2bb877a12
p:  112903.41858280232
5d2a5933dfe572f60d877a75
p:  122933.01187868635
5d2a5a082600328d40877a1d
p:  119197.96111452402
5d2a5b75dc84a68f408779fb
p:  215856.98837388685
5d2a5b8347cfe46363877a00
p:  112629.0939409573
5d2a5be059a945b2bb877a23
p:  237849.1263588161
5d2a5c74ca8a9ac5508779fa
p:  117382.49191552139
5d2a5c8fe71ef52ca5877a0c
p:  110098.53152523882
5d2a5ca3ca8a9ac5508779fb
p:  238406.28541743773
5d2a5ce0ca8a9ac5508779fc
p:  130475.05201304212
5d2a5cfa59a945b2bb877a28
p:  112903.41858280232
5d2a5d0047cfe46363877a02
p:  114785.3934856684
5d2a5d19ca8a9ac5508779fd
p:  130475.05201304212
5d2a5e2eca8a9ac550877a03
p:  117382.49191552139
5d2a5eebca8a9ac550877a07
p:  145284.68416036962
5d2a6063ca8a9ac550877a08
p:  181278.52037134525
5d2a6064773a7e90e1877a07
p:  184416.88798300974
5d2a608fe71ef52ca5877a12
p:  166687.91915964888
5d2a60fbe71ef52ca5877a13
p:  170368.69463965073
5d2a61b2e71ef52ca5877a16
p:  195068.72132890628
5d2a61d247cfe46363877a0d
p:  128405.10601303236
5d2a6214ca8a9ac550877a09
p:  149867.8990554927
5d2a637f773a7e90e1877a09
p:  151445.20361687813
5d2a638429bd8f76e5877a08
p:  179815.0545526597
5d2a63c9e71ef52ca5877a19
p:  212678.05879258664
5d2a63f8e71ef52ca5877a1a
p:  248737.0699479038
5d2a641729bd8f76e5877a09
p:  139872.07298662252
5d2a64a1ca8a9ac550877a0b
p:  119429.97388804212
5d2a6500e71ef52ca5877a1e
p:  140646.11315729414
5d2a6564e71ef52ca5877a20
p:  170941.2556432931
5d2a6585b48e8ed254877a10
p:  126485.59064527167
5d2a6596e71ef52ca5877a21
p:  156444.4382914055
5d2a659d59a945b2bb877a4c
p:  178515.43041659385
5d2a65f8ca8a9ac550877a0d
p:  209958.00570941297
5d2a661eca8a9ac550877a0e
p:  238406.28541743773
5d2a665559a945b2bb877a4f
p:  166540.59469330416
5d2a668bba0fa27c4a877a20
p:  226311.21324838258
5d2a66c4dc84a68f40877a0c
p:  183762.02962141432
5d2a671259a945b2bb877a52
p:  264986.4947605913
5d2a67a6b48e8ed254877a14
p:  179388.0266337878
5d2a67d747cfe46363877a13
p:  75338.29339321738
5d2a67fb47cfe46363877a14
p:  158299.06589884544
5d2a680dba0fa27c4a877a22
p:  147476.2912422618
5d2a681059a945b2bb877a56
p:  119128.71437852207
5d2a6826b48e8ed254877a15
p:  178820.10533951677
5d2a6829dfe572f60d877a8c
p:  155623.393236043
5d2a684659a945b2bb877a57
p:  93044.48840741141
5d2a6858ba0fa27c4a877a23
p:  122510.3566852461
5d2a68cedfe572f60d877a8e
p:  142763.46384441166
5d2a68de47cfe46363877a16
p:  109127.37384241403
5d2a691829bd8f76e5877a0f
p:  133267.35521393112
5d2a696e59a945b2bb877a5c
p:  130815.29660619196
5d2a699729bd8f76e5877a10
p:  135340.53509035544
5d2a69d859a945b2bb877a5e
p:  171032.55174986128
5d2a69ef5a4e807ac4877aa3
p:  216889.2251465
5d2a6a07dfe572f60d877a90
p:  111205.04109320146
5d2a6a6f2600328d40877a35
p:  140391.73464976437
5d2a6b20e71ef52ca5877a2a
p:  143928.87617955782
5d2a6b24ae5a709008877a49
p:  239131.11216319224
5d2a6b2859a945b2bb877a64
p:  90571.51135637559
5d2a6bb15a4e807ac4877aa5
p:  105597.79616170301
5d2a6c35ba0fa27c4a877a2b
p:  170679.81211080792
5d2a6c4229bd8f76e5877a17
p:  164844.27872974175
5d2a6c51b48e8ed254877a1c
p:  126485.59064527167
5d2a6c9be71ef52ca5877a2c
p:  221457.05462923629
5d2a6c9c59a945b2bb877a6a
p:  106726.97691813068
5d2a6cae5a4e807ac4877aa6
p:  106332.36759085118
5d2a6d5659a945b2bb877a6d
p:  87269.08527806694
5d2a6dbdba0fa27c4a877a2e
p:  178044.9532144528
5d2a6e64ba0fa27c4a877a30
p:  197346.1897998485
5d2a6ea3b48e8ed254877a21
p:  126485.59064527167
5d2a6ebeba0fa27c4a877a31
p:  179191.99060447456
5d2a6ec129bd8f76e5877a1b
p:  132266.86629844774
5d2a6ee059a945b2bb877a73
p:  150698.7013350961
5d2a6efbca8a9ac550877a19
p:  176326.59388044247
5d2a6f1e59a945b2bb877a74
p:  190559.60245856928
5d2a6f9a59a945b2bb877a76
p:  156634.42338670406
5d2a6fdd59a945b2bb877a77
p:  88086.65168963556
5d2a6fde29bd8f76e5877a1e
p:  133911.14276480794
5d2a7007dfe572f60d877a9a
p:  133844.80821385217
5d2a701dba0fa27c4a877a33
p:  119810.19240343179
5d2a70205a4e807ac4877aab
p:  229164.9903851571
5d2a7061ba0fa27c4a877a35
p:  145305.97622766244
5d2a7098ba0fa27c4a877a37
p:  168515.54816539498
5d2a70a3ae5a709008877a56
p:  131032.4283820792
5d2a72d6ba0fa27c4a877a3a
p:  183306.40501728593
5d2a72fddc84a68f40877a1d
p:  249902.52677743175
5d2a7425dc84a68f40877a20
p:  199965.59834327956
5d2a74b1ba0fa27c4a877a40
p:  157738.39804830792
5d2a74eb773a7e90e1877a25
p:  153181.58865056
5d2a74fa29bd8f76e5877a21
p:  107542.37938219192
5d2a755de71ef52ca5877a3c
p:  192254.7059387365
5d2a75eae71ef52ca5877a3d
p:  204881.71350626342
5d2a75ee29bd8f76e5877a24
p:  134921.47504245106
5d2a76c929bd8f76e5877a25
p:  156114.11916671586
5d2a76e9e71ef52ca5877a3f
p:  140646.11315729414
5d2a77c147cfe46363877a2e
p:  166808.14245833724
5d2a77deca8a9ac550877a28
p:  117382.49191552139
5d2a77e7ba0fa27c4a877a42
p:  161169.87484654767
5d2a77f429bd8f76e5877a26
p:  233540.32555059064
5d2a797429bd8f76e5877a29
p:  336174.1830128995
5d2a7ab6dfe572f60d877aac
p:  93966.0772688388
5d2a7d33ca8a9ac550877a2b
p:  155369.68342864048
5d2a7d4e29bd8f76e5877a2f
p:  149112.12088878054
5d2a7d69ca8a9ac550877a2c
p:  550254.4660894684
5d2a7dc629bd8f76e5877a30
p:  102734.25351677934
5d2a7df6ca8a9ac550877a2e
p:  143524.69498041103
5d2a7e5b29bd8f76e5877a31
p:  132173.53826358606
5d2a7e9329bd8f76e5877a32
p:  131462.98321559426
5d2a7eeaae5a709008877a71
p:  173984.03367439855
5d2a7eef29bd8f76e5877a33
p:  177490.01749544576
5d2a7f4d29bd8f76e5877a34
p:  171428.17921851878
5d2a7ffbba0fa27c4a877a4b
p:  201127.66490677086
5d2a8036e71ef52ca5877a49
p:  148962.88210474676
5d2a809629bd8f76e5877a36
p:  137897.8955601355
5d2a819de71ef52ca5877a4d
p:  165832.34049270843
5d2a81cd59a945b2bb877a91
p:  103358.84266506636
5d2a83c3dfe572f60d877ab1
p:  173544.30050056125
5d2a83c4e74da02ca0877a4f
p:  151247.95742622993
5d2a83f7e71ef52ca5877a54
p:  132658.46995904497
5d2a841d2600328d40877a58
p:  156626.0903359473
5d2a8543dfe572f60d877ab7
p:  252060.87725157815
5d2a8631dfe572f60d877ab8
p:  138020.93986440738
5d2a870559a945b2bb877a98
p:  138669.9320489265
5d2a8763ca8a9ac550877a3b
p:  181363.89060897214
5d2a87f929bd8f76e5877a40
p:  120676.08561536805
5d2a88152600328d40877a5e
p:  210785.8656616558
5d2a88c15a4e807ac4877ad1
p:  124296.94934039572
5d2a892029bd8f76e5877a42
p:  227194.66182918166
5d2a89f12600328d40877a61
p:  176604.51972384023
5d2a8b0b47cfe46363877a5b
p:  169021.7644564993
5d2a8b7759a945b2bb877a9d
p:  87512.4273123802
5d2a8ba347cfe46363877a5d
p:  142106.3714854582
5d2a8c7729bd8f76e5877a48
p:  166366.6949137757
5d2a8cbb47cfe46363877a5e
p:  172591.7004572269
5d2a8d2429bd8f76e5877a4b
p:  249115.0240262119
5d2a8d3f29bd8f76e5877a4c
p:  132396.97571719228
5d2a9073dc84a68f40877a47
p:  208786.600512443
5d2a90bf29bd8f76e5877a51
p:  164959.14059678948
5d2a91d5dc84a68f40877a4b
p:  184271.40384743275
5d2a921fe74da02ca0877a67
p:  188562.07325225876
5d2a950bdc84a68f40877a57
p:  119874.92300695291
5d2a953f29bd8f76e5877a54
p:  175879.51428256585
5d2a958ab48e8ed254877a96
p:  185121.67857450515
5d2a95c0b48e8ed254877a97
p:  115437.992615561
5d2a96bfb48e8ed254877a9b
p:  893221.8379267002
5d2a96dfdc84a68f40877a68
p:  162651.05727944113
5d2a973bb48e8ed254877a9d
p:  668095.70670737
5d2a975edfe572f60d877ac9
p:  64276.93320293777
5d2a97a8b48e8ed254877a9f
p:  893221.8379267002
5d2a97dfb48e8ed254877aa0
p:  63042.70526537201
5d2a9812b48e8ed254877aa1
p:  180016.1551005758
5d2a984cb48e8ed254877aa2
p:  947402.3855206644
5d2a9916ca8a9ac550877a4c
p:  151986.24698801484
5d2a995de71ef52ca5877a73
p:  92858.13250623821
5d2a996d59a945b2bb877ab6
p:  95158.60178535132
5d2a998cb48e8ed254877aa3
p:  117535.02172472354
5d2a99f92600328d40877a7b
p:  175906.30761702583
5d2a9a8fb48e8ed254877aa5
p:  278037.9223503953
5d2a9a8fe71ef52ca5877a75
p:  54250.32540631345
5d2a9af1e74da02ca0877a70
p:  184077.3487949283
5d2a9b08b48e8ed254877aa6
p:  121422.5818480943
5d2a9b53e71ef52ca5877a77
p:  56404.217779329934
5d2a9bede71ef52ca5877a78
p:  75864.6095735477
5d2a9d33e71ef52ca5877a79
p:  49990.8808184135
5d2a9d4647cfe46363877a73
p:  142294.88031435932
5d2a9d49dfe572f60d877ace
p:  66688.56260368264
5d2a9db4e71ef52ca5877a7a
p:  54270.629245646014
5d2a9f58e71ef52ca5877a7d
p:  92578.2868660201
5d2a9f74dc84a68f40877a8a
p:  344457.653755896
5d2aa09fdc84a68f40877a8d
p:  210160.8434494303
5d2aa0abba0fa27c4a877a79
p:  159933.53262318915
5d2aa0efba0fa27c4a877a7a
p:  124910.17225263146
5d2aa145e71ef52ca5877a80
p:  77058.43228699494
5d2aa21fba0fa27c4a877a7c
p:  76409.39694227047
5d2aa293dc84a68f40877a8f
p:  324016.4539489141
5d2aa2ddca8a9ac550877a5c
p:  48762.53415935056
5d2aa32fca8a9ac550877a5d
p:  52463.1482037097
5d2aa3afe71ef52ca5877a82
p:  53781.84832506324
5d2aa3c1ba0fa27c4a877a7e
p:  50350.70828700856
5d2aa41bb48e8ed254877ab5
p:  177181.11664827703
5d2aa4365a4e807ac4877afb
p:  237712.10922194473
5d2aa456e74da02ca0877a7d
p:  184529.8731451119
5d2aa46ce71ef52ca5877a84
p:  72030.12322627282
5d2aa473ba0fa27c4a877a80
p:  64337.4952191129
5d2aa47f47cfe46363877a7b
p:  262743.08486860746
5d2aa515b48e8ed254877ab7
p:  231865.83568504354
5d2aa58847cfe46363877a7c
p:  296677.0046513573
5d2aa58e29bd8f76e5877a61
p:  795848.5661176987
5d2aa5d4ca8a9ac550877a60
p:  47555.417256282235
5d2aa5ecb48e8ed254877ab8
p:  1083538.492777424
5d2aa664ba0fa27c4a877a81
p:  60700.14057595088
5d2aa6afdc84a68f40877a95
p:  196575.22913396318
5d2aa6f8dc84a68f40877a96
p:  231030.66712999018
5d2aa79be71ef52ca5877a87
p:  94230.0294823351
5d2aa814ba0fa27c4a877a84
p:  59042.51894897144
5d2aa81bca8a9ac550877a62
p:  55900.77740333469
5d2aa870ba0fa27c4a877a86
p:  540686.1654800415
5d2aa87ae71ef52ca5877a89
p:  62252.46994563319
5d2aa8a829bd8f76e5877a65
p:  120751.353599945
5d2aa8c55a4e807ac4877b04
p:  107913.94383978192
5d2aa8d0ba0fa27c4a877a88
p:  53872.771602020985
5d2aa917ba0fa27c4a877a89
p:  58839.17212816018
5d2aa930dfe572f60d877adb
p:  65114.34389878971
5d2aa9418582e07d57877a72
p:  130129.00569465259
5d2aa95847cfe46363877a87
p:  170613.93909299685
5d2aa978dfe572f60d877adc
p:  70382.3737539521
5d2aa97c8582e07d57877a73
p:  146649.5076751408
5d2aa9c447cfe46363877a88
p:  159286.95739062037
5d2aa9c729bd8f76e5877a67
p:  206141.2822769385
5d2aa9f88582e07d57877a75
p:  90499.40468597667
5d2aaa0eb48e8ed254877aba
p:  893221.8379267002
5d2aaa298582e07d57877a76
p:  82289.58174289207
5d2aaa40b48e8ed254877abb
p:  296491.99007922254
5d2aab1b2600328d40877a95
p:  114357.81392776521
5d2aab39b48e8ed254877abd
p:  131966.68285796145
5d2aab3adc84a68f40877a98
p:  469512.3710474513
5d2aab3dba0fa27c4a877a8c
p:  47728.52086362672
5d2aab4dca8a9ac550877a64
p:  107602.57938552399
5d2aabb6dc84a68f40877a99
p:  311893.3711793546
5d2aabba29bd8f76e5877a68
p:  95208.97195434634
5d2aabf047cfe46363877a8a
p:  167334.34544299956
5d2aac4bdfe572f60d877ae0
p:  273247.5132354712
5d2aac59b48e8ed254877abe
p:  590734.0223286452
5d2aacaeca8a9ac550877a66
p:  84567.78226834585
5d2aacbb47cfe46363877a8b
p:  353004.81458742503
5d2aacbeba0fa27c4a877a8d
p:  36552.585684448546
5d2aace5dc84a68f40877a9b
p:  296266.6047974801
5d2aacfd29bd8f76e5877a69
p:  95208.97195434634
5d2aad50ba0fa27c4a877a8e
p:  61142.83431126009
5d2aada629bd8f76e5877a6a
p:  168501.20951554918
5d2aada82600328d40877a9a
p:  148342.40804290562
5d2aae0547cfe46363877a8d
p:  294719.55227433273
5d2aae32b48e8ed254877abf
p:  141779.60034729925
5d2aae4edfe572f60d877ae4
p:  337780.398213101
5d2aae6e29bd8f76e5877a6b
p:  66381.22878083657
5d2aaeaf773a7e90e1877a60
p:  68818.79389275229
5d2aaef7ae5a709008877aab
p:  62049.16425610982
5d2aaf198582e07d57877a79
p:  91466.79451359616
5d2aaf1ab48e8ed254877ac1
p:  238249.68731031567
5d2aaf4dae5a709008877aae
p:  93491.0875537008
5d2aaf73e71ef52ca5877a8d
p:  45571.01700303631
5d2aaf77ba0fa27c4a877a90
p:  133012.12148091928
5d2aaf92ae5a709008877ab1
p:  59850.075875300725
5d2aafa2ae5a709008877ab2
p:  197883.1170330344
5d2aafd0ae5a709008877ab4
p:  80549.55688651785
5d2aafd929bd8f76e5877a6c
p:  106890.18229274453
5d2ab000ae5a709008877ab6
p:  62982.032618735284
5d2ab02dca8a9ac550877a69
p:  46450.32803012969
5d2ab03829bd8f76e5877a6f
p:  107105.99081954714
5d2ab0988582e07d57877a7a
p:  134319.9189740335
5d2ab0a8ae5a709008877abb
p:  89638.11647509385
5d2ab0cf29bd8f76e5877a70
p:  109572.80773227592
5d2ab0d8e71ef52ca5877a8f
p:  138105.0851584761
5d2ab141b48e8ed254877ac5
p:  121303.46640464541
5d2ab14229bd8f76e5877a71
p:  131249.8583508456
5d2ab152ae5a709008877ac0
p:  55705.19641405674
5d2ab170ca8a9ac550877a6b
p:  92934.6215960361
5d2ab19429bd8f76e5877a72
p:  68760.89736364502
5d2ab1a1773a7e90e1877a64
p:  95031.1319889748
5d2ab1b8ae5a709008877ac2
p:  50427.337149037
5d2ab260b48e8ed254877ac6
p:  818202.2898637145
5d2ab2658582e07d57877a7c
p:  133955.11217704523
5d2ab267dfe572f60d877aeb
p:  284909.87529494416
5d2ab2f0dfe572f60d877aec
p:  213059.10302251455
5d2ab2f5ca8a9ac550877a6c
p:  59247.986735250415
5d2ab310e71ef52ca5877a90
p:  39558.35837724412
5d2ab343dfe572f60d877aee
p:  152174.64386045485
5d2ab343dc84a68f40877aa1
p:  294473.308018568
5d2ab351773a7e90e1877a67
p:  159020.36562277243
5d2ab365dfe572f60d877aef
p:  110927.99235095177
5d2ab3d7ca8a9ac550877a6d
p:  132126.44868785213
5d2ab3e6773a7e90e1877a68
p:  84242.85791940332
5d2ab404e71ef52ca58