Current date and time: 2020-06-07 15:34:20
Successfully connect to DB.
For ['Pulaski', 'Grant', 'Faulkner', 'Cle burne', 'White', 'Lonoke', 'Saline', 'Hot Spring', 'Gar land']#################################################################
train score for random_forest: 0.9475339673367585
test score for random_forest: 0.6641491547016289
The mean absolute error is:$ 64483.5397402842
r_Score: 0.6502906159620263
Voting Regressor (in): 0.9648487432215778
Voting Regressor: 0.6502906159620263
5d0d1b96e2ea012a7414ad97
p:  41729.86589571291
5d184d86253e7cfd9b98bcdb
p:  535139.0522186536
5d2b15b747cfe46363877b42
p:  94040.96274593833
5d2f6bd48b6c8df1a080b69f
p:  117991.82242644845
5d430f1f5059a34d102fa208
p:  50411.979989704116
5d475e45acae7a72623cb4c2
p:  144692.19139510032
5d4b952924404e510b2c95e9
p:  111815.5567450036
5d4b953824404e510b2c95ea
p:  111552.53639201038
5d4b95aa24404e510b2c95f3
p:  112952.39446917345
5d4b95dd53f12cb2222c958d
p:  94610.86807381012
5d4b95f653f12cb2222c958e
p:  119971.69313600007
5d4b960124404e510b2c95fa
p:  152161.34363946383
5d4b964a24404e510b2c95fe
p:  112952.39446917345
5d4b964c6a64d253852c9611
p:  127460.96747636133
5d4b970f53f12cb2222c9591
p:  167213.54277721845
5d4b9762b52f8a6dc72c958e
p:  99331.03886583624
5d4b977fb52f8a6dc72c958f
p:  134653.99528800958
5d4b981cdcbf07356f2c958b
p:  141017.26246950126
5d4b9848b52f8a6dc72c9592
p:  244085.84256157296
5d4b989eb52f8a6dc72c9593
p:  137509.1345860808
5d4b98d96a64d253852c9627
p:  137083.7661137281
5d4b99296a64d253852c9629
p:  134583.78068728896
5d4b99766a64d253852c962b
p:  116415.1381810657
5d4b99886a64d253852c962c
p:  126869.79433170045
5d4b99f853f12cb2222c9595
p:  145556.67306568788
5d4b9aa36a64d253852c9633
p:  165416.91206671338
5d4b9b1d53f12cb2222c9599
p:  151878.7433510411
5d4b9b2024404e510b2c9638
p:  214493.91934826953
5d4b9b2f6a64d253852c9638
p:  108651.84534455152
5d4b9b406a64d253852c9639
p:  116678.76702370663
5d4b9bb96a64d253852c963d
p:  64704.89986743739
5d4b9bbb24404e510b2c9647
p:  177798.2045113544
5d4b9bc924404e510b2c9649
p:  88692.06643879972
5d4b9be3211cb7a3dc2c95a0
p:  197400.0876621397
5d4b9bfd24404e510b2c964f
p:  154205.71560529637
5d4b9bffdcbf07356f2c959a
p:  160698.49564935613
5d4b9c6124404e510b2c9650
p:  126911.73098657466
5d4b9c6824404e510b2c9651
p:  126672.47422268725
5d4b9c726a64d253852c9641
p:  122481.18415210235
5d4b9c8224404e510b2c9654
p:  219434.41902471156
5d4b9c8924404e510b2c9655
p:  276522.9197107778
5d4b9c9424404e510b2c9656
p:  218025.6384660071
5d4b9cb9211cb7a3dc2c95a4
p:  216774.3753014552
5d4b9cf0dcbf07356f2c959d
p:  203828.94748876354
5d4b9d1d6a64d253852c9649
p:  129341.01811225292
5d4b9d466a64d253852c964a
p:  153110.51116138615
5d4b9d7d6a64d253852c964c
p:  66768.57430877039
5d4b9dd66a64d253852c964e
p:  58600.479460028
5d4b9de124404e510b2c965c
p:  143996.2842338037
5d4b9e03211cb7a3dc2c95ad
p:  340187.57115288894
5d4b9e126a64d253852c9650
p:  191344.77393090853
5d4b9e1324404e510b2c965d
p:  125046.34578812323
5d4b9e56211cb7a3dc2c95b0
p:  124155.30434742488
5d4b9e68211cb7a3dc2c95b1
p:  179106.03655142078
5d4b9e8e24404e510b2c965f
p:  215931.88028576953
5d4b9ec7dcbf07356f2c95a0
p:  115937.80691072362
5d4b9ef66a64d253852c9656
p:  80758.64115067158
5d4b9f1d6a64d253852c9657
p:  50232.30787241547
5d4b9f4553f12cb2222c95a3
p:  127524.88782056363
5d4b9f6553f12cb2222c95a4
p:  186062.90943996113
5d4b9fa524404e510b2c9662
p:  104796.02211031408
5d4ba0227b3fa6dcc32c95a8
p:  129924.15253156956
5d4ba05ab52f8a6dc72c959a
p:  108324.19890601684
5d4ba0cedcbf07356f2c95a5
p:  132292.1331456937
5d4ba0d36a64d253852c9660
p:  118578.49441429769
5d4ba1056a64d253852c9663
p:  125106.76342776879
5d4ba1147b3fa6dcc32c95ac
p:  108910.24904314107
5d4ba1ed5085937ccc2c95be
p:  131474.46109089514
5d4ba1fa6a64d253852c966c
p:  78204.27877368739
5d4ba2bd24404e510b2c966c
p:  130518.64422872459
5d4ba33224404e510b2c966e
p:  145859.37686595018
5d4ba36724404e510b2c966f
p:  124285.63559781053
5d4ba3ae7b3fa6dcc32c95b1
p:  169217.94267731538
5d4ba3e3dcbf07356f2c95aa
p:  135834.63485321344
5d4ba4597b3fa6dcc32c95b3
p:  175965.42335780474
5d4ba49d7b3fa6dcc32c95b4
p:  191612.63500141556
5d4ba53a7b3fa6dcc32c95b6
p:  180662.17643444147
5d4ba5a55085937ccc2c95c6
p:  84066.5810896607
5d4ba60bb53a2abfde2c9641
p:  104064.56950761871
5d4ba61524404e510b2c9673
p:  120570.12969534511
5d4ba61853f12cb2222c95ae
p:  85345.56545115283
5d4ba62fb53a2abfde2c9642
p:  89543.73371642997
5d4ba6c253f12cb2222c95af
p:  114605.21779492428
5d4ba6db7b3fa6dcc32c95b7
p:  112339.16214536775
5d4ba6dd24404e510b2c9674
p:  80284.43840857295
5d4ba6f77b3fa6dcc32c95b8
p:  83446.15235452872
5d4ba709b53a2abfde2c964b
p:  84021.56220594433
5d4ba73fb53a2abfde2c964e
p:  68862.20864943895
5d4ba7645085937ccc2c95ca
p:  166467.08948087273
5d4ba785211cb7a3dc2c95c8
p:  139514.68784040044
5d4ba839211cb7a3dc2c95cc
p:  124155.30434742488
5d4ba83d6df32ea23d2c95e4
p:  144156.68159296003
5d4ba8556df32ea23d2c95e5
p:  111841.04132299869
5d4ba8886df32ea23d2c95e7
p:  69253.43722221903
5d4ba944b52f8a6dc72c95a8
p:  148467.53778313045
5d4ba9586df32ea23d2c95f1
p:  135555.19272470672
5d4ba9646df32ea23d2c95f2
p:  120951.19295397778
5d4baa007b3fa6dcc32c95c0
p:  127238.32016706515
5d4baa345085937ccc2c95cb
p:  114636.64100193331
5d4baa886df32ea23d2c95fd
p:  119533.70583535334
5d4baa8d5085937ccc2c95cd
p:  129174.23028216578
5d4baa9a95878babe12c95c6
p:  123533.77972321297
5d4baab324404e510b2c967a
p:  138585.39252700174
5d4baad1ae143e00822c95e6
p:  110533.91971771827
5d4babfc24404e510b2c967d
p:  130518.64422872459
5d4bac2f5085937ccc2c95d2
p:  245520.69584065984
5d4bac7a211cb7a3dc2c95e2
p:  156003.1162358601
5d4bacae6df32ea23d2c960e
p:  174810.68376233746
5d4bacd924404e510b2c9683
p:  152793.80395853153
5d4bad3e24404e510b2c9686
p:  83143.61910371284
5d4bae0a3d16fe54972c95d2
p:  58506.840481419626
5d4bae3b6df32ea23d2c961b
p:  120951.19295397778
5d4bae4a24404e510b2c968d
p:  97213.07701821788
5d4bae983d16fe54972c95d3
p:  295904.25393046974
5d4baeafb52f8a6dc72c95b6
p:  93745.50994356509
5d4baeed3d16fe54972c95d5
p:  124631.2413940326
5d4baf533d16fe54972c95d7
p:  102526.91001237696
5d4baf9995878babe12c95d6
p:  91422.33646204427
5d4bafae7b3fa6dcc32c95ce
p:  167849.9884661588
5d4bafbe6a64d253852c9694
p:  72800.71920683421
5d4bafcb5085937ccc2c95db
p:  80735.06043344892
5d4bafe724404e510b2c9693
p:  135517.05631445936
5d4bafed95878babe12c95d8
p:  136324.42061534268
5d4baff35085937ccc2c95dc
p:  112228.64480913975
5d4bb0063d16fe54972c95d9
p:  96315.14987801714
5d4bb06e3d16fe54972c95da
p:  146961.869694941
5d4bb08b24404e510b2c9696
p:  149271.36050577046
5d4bb09595878babe12c95dc
p:  227269.9073241386
5d4bb15853f12cb2222c95d5
p:  49868.78733464337
5d4bb20c211cb7a3dc2c9600
p:  1045161.0206782804
5d4bb21553f12cb2222c95d7
p:  74170.30797654775
5d4bb27e53f12cb2222c95dd
p:  113920.92981780265
5d4bb28d24404e510b2c96a2
p:  120125.15493045253
5d4bb2f53d16fe54972c95de
p:  64991.94069239545
5d4bb30e6a64d253852c969e
p:  80161.83860302916
5d4bb31c53f12cb2222c95e1
p:  89466.52706734411
5d4bb33b3d16fe54972c95df
p:  87272.2663939278
5d4bb3c43d16fe54972c95e1
p:  78818.27025248937
5d4bb42c3d16fe54972c95e2
p:  87386.81582935117
5d4bb49b211cb7a3dc2c960f
p:  179819.74664789555
5d4bb4f85085937ccc2c95e4
p:  169528.2017291277
5d4bb5723d16fe54972c95e4
p:  156710.5044017962
5d4bb5755085937ccc2c95e6
p:  115701.53838621927
5d4bb57a95878babe12c95e7
p:  134511.6933231795
5d4bb59e5085937ccc2c95e7
p:  541248.4224484982
5d4bb5aa24404e510b2c96ae
p:  138358.68446291814
5d4bb5b37b3fa6dcc32c95df
p:  69548.15232652759
5d4bb61424404e510b2c96b1
p:  215319.87184612302
5d4bb6375085937ccc2c95e9
p:  284647.8421948411
5d4bb644b52f8a6dc72c95c8
p:  205039.8896638081
5d4bb6625085937ccc2c95ea
p:  185346.18228333158
5d4bb67b3d16fe54972c95e6
p:  149027.40235344687
5d4bb6b23d16fe54972c95e7
p:  114077.20830752475
5d4bb6b453f12cb2222c95e5
p:  182507.2970406122
5d4bb6c3b52f8a6dc72c95cb
p:  234343.38977905107
5d4bb6d95085937ccc2c95ec
p:  151372.92041508484
5d4bb7043d16fe54972c95e9
p:  69744.2902228634
5d4bb753ae143e00822c95fa
p:  53845.537470748975
5d4bb76424404e510b2c96b8
p:  137013.15527199523
5d4bb79a95878babe12c95ec
p:  87160.4617480294
5d4bb7c3ae143e00822c95fb
p:  98033.8156626122
5d4bb7f23d16fe54972c95ec
p:  75700.64692983856
5d4bb7f395878babe12c95ed
p:  111806.2874612907
5d4bb7fdae143e00822c95fc
p:  85855.58009988774
5d4bb84b6df32ea23d2c9670
p:  83116.06345185133
5d4bb8683d16fe54972c95ee
p:  60795.32092008056
5d4bb8726df32ea23d2c9671
p:  228213.85169217357
5d4bb8a85085937ccc2c95ee
p:  260518.55330723137
5d4bb8c13d16fe54972c95ef
p:  134143.75960600228
5d4bb8ecb52f8a6dc72c95d3
p:  245186.34962959168
5d4bb91995878babe12c95f1
p:  53256.585657221265
5d4bb91eae143e00822c95fd
p:  59918.55475883147
5d4bb92a6df32ea23d2c9677
p:  100963.49995756801
5d4bb9396df32ea23d2c9678
p:  148892.80751923536
5d4bb9563d16fe54972c95f0
p:  130039.74720298739
5d4bb9793d16fe54972c95f1
p:  69608.80679157932
5d4bb97a6df32ea23d2c967a
p:  156769.9385280662
5d4bb9bab52f8a6dc72c95d5
p:  230141.0252110373
5d4bb9ecb915209d172c95f1
p:  101056.34458754405
5d4bba12b915209d172c95f2
p:  50247.63094020306
5d4bba163d16fe54972c95f2
p:  591064.2649092751
5d4bba20211cb7a3dc2c962c
p:  71790.28845794179
5d4bba386df32ea23d2c9682
p:  69345.02929350772
5d4bba52211cb7a3dc2c962d
p:  81585.35157288339
5d4bba82211cb7a3dc2c962e
p:  60870.20748648759
5d4bbaae211cb7a3dc2c962f
p:  72423.06883148837
5d4bbae36df32ea23d2c9687
p:  168997.53243923173
5d4bbaf05085937ccc2c95f0
p:  156184.31183881743
5d4bbb06211cb7a3dc2c9631
p:  76513.20653673707
5d4bbb0a3d16fe54972c95f3
p:  83687.11679482026
5d4bbb0b6df32ea23d2c9688
p:  69345.02929350772
5d4bbb733d16fe54972c95f4
p:  87124.63022500108
5d4bbb90211cb7a3dc2c9634
p:  81319.50559558437
5d4bbb916df32ea23d2c968d
p:  128313.14153489191
5d4bbbc43d16fe54972c95f7
p:  591064.2649092751
5d4bbbe7b52f8a6dc72c95dd
p:  210438.64885405276
5d4bbbf2211cb7a3dc2c9636
p:  78116.28885144144
5d4bbbf86df32ea23d2c9691
p:  110458.2300226566
5d4bbc00ae143e00822c9602
p:  80843.94386090754
5d4bbc0c5085937ccc2c95f1
p:  202423.60690155858
5d4bbc2a3d16fe54972c95f8
p:  118853.07181957486
5d4bbc453d16fe54972c95f9
p:  130097.65726256622
5d4bbc486df32ea23d2c9694
p:  82430.8418049035
5d4bbc6db915209d172c95f5
p:  53476.741037752945
5d4bbc6f6df32ea23d2c9695
p:  158421.6810483391
5d4bbc9bae143e00822c9603
p:  102898.79713665546
5d4bbcb96df32ea23d2c9697
p:  430172.7496317044
5d4bbcca211cb7a3dc2c963b
p:  62365.921671436954
5d4bbd056df32ea23d2c969a
p:  81497.46670347167
5d4bbd1a5085937ccc2c95f3
p:  128465.14245520864
5d4bbd2d6df32ea23d2c969c
p:  108436.81625942371
5d4bbd49ae143e00822c9604
p:  66568.69676866879
5d4bbd6bae143e00822c9605
p:  54088.1572841505
5d4bbda5211cb7a3dc2c963f
p:  101958.50648082572
5d4bbdba3d16fe54972c95fe
p:  114980.53529914081
5d4bbdd3211cb7a3dc2c9640
p:  143478.25509670237
5d4bbe02211cb7a3dc2c9641
p:  102029.27108568612
5d4bbe42ae143e00822c9606
p:  71283.86095086562
5d4bbe78ae143e00822c9608
p:  75882.95613568333
5d4bbe8bb915209d172c95f8
p:  99651.33605104101
5d4bbe8e3d16fe54972c9600
p:  75590.71472624039
5d4bbea4ae143e00822c9609
p:  87852.68621581947
5d4bbeaa5085937ccc2c95f4
p:  168792.87297099055
5d4bbeb7211cb7a3dc2c9645
p:  103130.96540641997
5d4bbeb724404e510b2c96e3
p:  166105.59363969488
5d4bbed0ae143e00822c960a
p:  80935.8364762892
5d4bbee7211cb7a3dc2c9646
p:  68956.03454099788
5d4bbee85085937ccc2c95f5
p:  168343.0589294797
5d4bbeef6df32ea23d2c96a9
p:  114334.52245526883
5d4bbef33d16fe54972c9601
p:  80510.6257039706
5d4bbf146df32ea23d2c96ab
p:  166828.2744786776
5d4bbf21b52f8a6dc72c95e3
p:  99499.94728160417
5d4bbf39b915209d172c95fa
p:  109696.88121579091
5d4bbf40b52f8a6dc72c95e4
p:  144535.39217312948
5d4bbf6f211cb7a3dc2c9649
p:  101958.50648082572
5d4bbf7f24404e510b2c96ea
p:  241016.95456734946
5d4bbf82ae143e00822c960b
p:  80935.8364762892
5d4bbfc5211cb7a3dc2c964b
p:  74864.68311204582
5d4bbff2211cb7a3dc2c964c
p:  98274.29201366976
5d4bc0106df32ea23d2c96b3
p:  115384.85335858476
5d4bc04b211cb7a3dc2c964e
p:  553615.0186101886
5d4bc076211cb7a3dc2c964f
p:  83337.52472155957
5d4bc0a4211cb7a3dc2c9650
p:  80951.93709772744
5d4bc0ae3d16fe54972c9603
p:  242819.5884619402
5d4bc0fcb915209d172c9601
p:  55238.959762865234
5d4bc0feae143e00822c960c
p:  60469.61990172419
5d4bc107211cb7a3dc2c9652
p:  129948.94508665598
5d4bc11c3d16fe54972c9605
p:  45670.43644310374
5d4bc1613d16fe54972c9606
p:  96647.12134377481
5d4bc16a211cb7a3dc2c9654
p:  228922.5450307918
5d4bc198211cb7a3dc2c9655
p:  157413.26681562245
5d4bc1b17b3fa6dcc32c95f1
p:  346593.73259866214
5d4bc1beb52f8a6dc72c95ed
p:  128633.65720052004
5d4bc1dd7b3fa6dcc32c95f2
p:  152713.96565449034
5d4bc1e8b52f8a6dc72c95ee
p:  136801.2706244414
5d4bc1fb211cb7a3dc2c9657
p:  88255.93255540407
5d4bc203ae143e00822c960d
p:  98091.41835341236
5d4bc207b53a2abfde2c96cd
p:  160597.2182747192
5d4bc20fb915209d172c9604
p:  52889.01465506435
5d4bc226b915209d172c9605
p:  63851.33139004907
5d4bc226211cb7a3dc2c9658
p:  137863.48014554984
5d4bc23e3d16fe54972c9607
p:  122768.98233821397
5d4bc2406df32ea23d2c96c3
p:  103548.01542619662
5d4bc24f211cb7a3dc2c9659
p:  144688.25054063232
5d4bc2603d16fe54972c9608
p:  214032.36058682395
5d4bc27a211cb7a3dc2c965a
p:  72957.83278467928
5d4bc2a4b52f8a6dc72c95ef
p:  290469.8781034261
5d4bc2cd211cb7a3dc2c965c
p:  86867.05359415791
5d4bc3133d16fe54972c960a
p:  144443.46149572515
5d4bc3295085937ccc2c95fe
p:  115187.44754061959
5d4bc384211cb7a3dc2c9660
p:  156838.95680542302
5d4bc387ae143e00822c960f
p:  78012.98960451187
5d4bc3b2211cb7a3dc2c9661
p:  45737.78250600331
5d4bc3e2211cb7a3dc2c9662
p:  93851.64393043521
5d4bc3f5b915209d172c9610
p:  115914.85531369201
5d4bc3f87b3fa6dcc32c95f5
p:  184453.93205745576
5d4bc3fe5085937ccc2c9605
p:  62880.30614213136
5d4bc426ae143e00822c9612
p:  121425.63041735103
5d4bc43a6df32ea23d2c96d1
p:  89828.50929452575
5d4bc45e5085937ccc2c9606
p:  96824.36195873824
5d4bc4716df32ea23d2c96d3
p:  99681.75555471082
5d4bc4916df32ea23d2c96d5
p:  164138.66182580724
5d4bc4ff211cb7a3dc2c9668
p:  116730.79520177422
5d4bc516b52f8a6dc72c95f8
p:  256244.04782891643
5d4bc5195085937ccc2c9607
p:  178092.46573226014
5d4bc52b211cb7a3dc2c9669
p:  101958.50648082572
5d4bc5da6df32ea23d2c96e1
p:  91667.79019818723
5d4bc6026df32ea23d2c96e2
p:  144830.0541560517
5d4bc63bae143e00822c9614
p:  69788.76488693675
5d4bc649211cb7a3dc2c966f
p:  81622.12660182768
5d4bc69dc9cdd3b19d2c960f
p:  276784.70199349464
5d4bc6bc5085937ccc2c960d
p:  105525.39902183886
5d4bc6d66df32ea23d2c96e7
p:  207005.7725922843
5d4bc6fc211cb7a3dc2c9673
p:  73844.76191215319
5d4bc71cae143e00822c9615
p:  82050.30083281967
5d4bc758b52f8a6dc72c9600
p:  156025.34335451393
5d4bc7adae143e00822c9616
p:  81084.29941015376
5d4bc7ae6df32ea23d2c96f0
p:  62342.91780225905
5d4bc7c7b52f8a6dc72c9602
p:  119702.80164934669
5d4bc7ec6df32ea23d2c96f3
p:  152816.95777791148
5d4bc7f07b3fa6dcc32c95fa
p:  140841.31913956086
5d4bc80f211cb7a3dc2c9679
p:  93891.771768948
5d4bc818ae143e00822c9618
p:  94619.13926830137
5d4bc8673d16fe54972c9614
p:  260779.07750457156
5d4bc87d7b3fa6dcc32c95fb
p:  117758.63929594772
5d4bc88fb52f8a6dc72c9605
p:  458186.5956530572
5d4bc89e3d16fe54972c9615
p:  209039.2970205701
5d4bc8cfc9cdd3b19d2c961c
p:  283288.6506821334
5d4bc8e77b3fa6dcc32c95fc
p:  114626.33748415302
5d4bc942211cb7a3dc2c9680
p:  729954.7402792712
5d4bc96f211cb7a3dc2c9681
p:  698040.1109537755
5d4bc9c8211cb7a3dc2c9683
p:  65001.97506251856
5d4bca463d16fe54972c9619
p:  164413.0831191443
5d4bca86b52f8a6dc72c960c
p:  204084.04648415727
5d4bcaa67b3fa6dcc32c9601
p:  256476.3298694506
5d4bcabfae143e00822c961b
p:  91550.74371331025
5d4bcac77b3fa6dcc32c9602
p:  114626.33748415302
5d4bcb00ae143e00822c961d
p:  62048.572247046686
5d4bcb037b3fa6dcc32c9604
p:  69694.79664951509
5d4bcb897b3fa6dcc32c9609
p:  139593.02857406408
5d4bcba17b3fa6dcc32c960a
p:  121707.56368720479
5d4bcbbd7b3fa6dcc32c960b
p:  124265.8385915343
5d4bcc076df32ea23d2c9716
p:  108573.22927590355
5d4bcc30dcbf07356f2c960b
p:  96797.3003076825
5d4bcc49dcbf07356f2c960c
p:  133457.0895421544
5d4bcc5e3d16fe54972c961c
p:  111965.257291703
5d4bcc65ae143e00822c9620
p:  314226.876866074
5d4bcc823d16fe54972c961d
p:  83874.61299760318
5d4bcc87b915209d172c962a
p:  146395.10059615248
5d4bcc88ae143e00822c9621
p:  55142.42090979642
5d4bcc9eae143e00822c9623
p:  78012.98960451187
5d4bccdaae143e00822c9628
p:  144383.4532616077
5d4bccfddcbf07356f2c9612
p:  115453.86527780796
5d4bcd1395878babe12c961d
p:  195076.74435930184
5d4bcdc7b52f8a6dc72c9614
p:  171615.5548147626
5d4bcdedb915209d172c9631
p:  137231.48163047762
5d4bcdefae143e00822c962f
p:  276072.1956853417
5d4bce016df32ea23d2c9723
p:  66784.92732827099
5d4bce266df32ea23d2c9724
p:  38111.741495563576
5d4bce3dae143e00822c9636
p:  155023.29307000025
5d4bce42b52f8a6dc72c9615
p:  171615.5548147626
5d4bce423d16fe54972c9621
p:  75590.71472624039
5d4bce436df32ea23d2c9725
p:  63038.24386253535
5d4bce4bae143e00822c9637
p:  147265.37177318684
5d4bce696df32ea23d2c9726
p:  67928.53416551731
5d4bce74b52f8a6dc72c9616
p:  178115.8659850062
5d4bce855085937ccc2c9614
p:  110404.65553282134
5d4bce916df32ea23d2c9727
p:  63121.70713420838
5d4bcec9dcbf07356f2c9617
p:  78432.74909376628
5d4bcec953f12cb2222c9618
p:  145917.58995180327
5d4bceccc9cdd3b19d2c9630
p:  139824.55433346154
5d4bcedadcbf07356f2c9618
p:  148601.37901129553
5d4bcedb6df32ea23d2c9729
p:  83771.96570596492
5d4bcf136df32ea23d2c972b
p:  99801.26025663054
5d4bcf215085937ccc2c9615
p:  137854.52235483483
5d4bcf3ab52f8a6dc72c9617
p:  179052.8501911924
5d4bcf476df32ea23d2c972c
p:  102928.85608922972
5d4bcf53ae143e00822c9647
p:  170454.99165276805
5d4bcf64c9cdd3b19d2c9633
p:  186388.33009662325
5d4bcf72ae143e00822c964a
p:  93529.89076045573
5d4bcf87ae143e00822c964c
p:  194097.77308995737
5d4bcf91ae143e00822c964d
p:  150621.37977445818
5d4bcf936df32ea23d2c972e
p:  66703.6861847184
5d4bcf9aae143e00822c964e
p:  176965.67841456912
5d4bcfa4ae143e00822c964f
p:  141154.96505094378
5d4bcfb06df32ea23d2c972f
p:  69599.97433128535
5d4bcfbaae143e00822c9651
p:  131626.3400004708
5d4bcfcdae143e00822c9653
p:  107397.94149554963
5d4bcfd8ae143e00822c9654
p:  137816.1583914613
5d4bcfeadcbf07356f2c961a
p:  124175.46368192164
5d4bcff4ae143e00822c9657
p:  286686.1989290383
5d4bcffc6df32ea23d2c9731
p:  56928.240273058844
5d4bd0216df32ea23d2c9732
p:  73076.9230647224
5d4bd02cae143e00822c965b
p:  111792.95476982393
5d4bd02f5085937ccc2c9618
p:  205934.48279535718
5d4bd039ae143e00822c965c
p:  172534.14564525202
5d4bd047ae143e00822c965d
p:  182186.53842329554
5d4bd04d6df32ea23d2c9733
p:  110512.80033976363
5d4bd056ae143e00822c965e
p:  114991.85115354057
5d4bd059c9cdd3b19d2c9636
p:  348358.8244401729
5d4bd0756df32ea23d2c9734
p:  112419.9400381736
5d4bd07753f12cb2222c961c
p:  171615.5548147626
5d4bd099c9cdd3b19d2c9637
p:  173137.9407414744
5d4bd0a36df32ea23d2c9735
p:  86415.04093593397
5d4bd0b26df32ea23d2c9736
p:  55009.436723151004
5d4bd0be95878babe12c962e
p:  215094.9758712307
5d4bd0c37b3fa6dcc32c9619
p:  147219.45421001932
5d4bd0ce3d16fe54972c9625
p:  793745.8126908282
5d4bd0f07b3fa6dcc32c961a
p:  83573.29941005136
5d4bd0f56df32ea23d2c973a
p:  107646.40929496041
5d4bd0fddcbf07356f2c961b
p:  48689.33159980116
5d4bd115ae143e00822c965f
p:  127299.935483875
5d4bd11b7b3fa6dcc32c961b
p:  164500.05679609638
5d4bd122ae143e00822c9660
p:  222325.09558709795
5d4bd1276df32ea23d2c973c
p:  62705.997426250666
5d4bd1275085937ccc2c9619
p:  60528.1089553299
5d4bd12fae143e00822c9661
p:  333157.5135377451
5d4bd13c6df32ea23d2c973d
p:  78078.80178944569
5d4bd13e5085937ccc2c961a
p:  87219.67293388821
5d4bd1437b3fa6dcc32c961c
p:  183408.0968770759
5d4bd14f6df32ea23d2c973e
p:  159723.4347295488
5d4bd1646df32ea23d2c973f
p:  73076.9230647224
5d4bd1805085937ccc2c961c
p:  117345.19347213497
5d4bd18b6df32ea23d2c9741
p:  658603.4887336091
5d4bd18e242b730d332c9617
p:  142931.98650995886
5d4bd1a06df32ea23d2c9742
p:  96652.27021067622
5d4bd21a6df32ea23d2c9746
p:  73048.46836253391
5d4bd21b53f12cb2222c9620
p:  305361.16958813445
5d4bd2416df32ea23d2c9747
p:  55416.41497505011
5d4bd2686df32ea23d2c9748
p:  56271.18098465878
5d4bd26e3d16fe54972c9629
p:  52858.005595493814
5d4bd2836df32ea23d2c9749
p:  75592.82694678682
5d4bd2967b3fa6dcc32c9622
p:  107300.5089434137
5d4bd2aa6df32ea23d2c974a
p:  120787.91515654346
5d4bd2e35085937ccc2c961e
p:  24721.945502432445
5d4bd307c9cdd3b19d2c963d
p:  96835.13916449723
5d4bd30f6df32ea23d2c974d
p:  213829.1137008045
5d4bd31cb915209d172c963b
p:  91426.8256429428
5d4bd3227b3fa6dcc32c9624
p:  239723.43183397822
5d4bd332b915209d172c963c
p:  187831.7184914744
5d4bd33e6df32ea23d2c974f
p:  48894.5989372161
5d4bd3556df32ea23d2c9750
p:  65457.94628479262
5d4bd3667b3fa6dcc32c9625
p:  121874.66107934513
5d4bd37b6df32ea23d2c9751
p:  75599.0693347715
5d4bd38553f12cb2222c962e
p:  165890.24336388163
5d4bd389ae143e00822c9665
p:  183592.5784005173
5d4bd3b95085937ccc2c9620
p:  24414.308886679184
5d4bd3d2ae143e00822c9666
p:  192140.15101292357
5d4bd3fb6df32ea23d2c9753
p:  117327.90988751702
5d4bd4206df32ea23d2c9754
p:  56519.36804129839
5d4bd4476df32ea23d2c9755
p:  105261.65254625239
5d4bd4546a64d253852c96f4
p:  219026.31203472614
5d4bd4557b3fa6dcc32c9629
p:  225856.4185716582
5d4bd45a6df32ea23d2c9756
p:  135579.23908260465
5d4bd490242b730d332c961b
p:  93824.32511687072
5d4bd4996df32ea23d2c9758
p:  36196.70050296547
5d4bd4a73d16fe54972c962e
p:  151050.51413517978
5d4bd4ac6df32ea23d2c9759
p:  103670.41941947493
5d4bd4ba242b730d332c961c
p:  70931.49332919758
5d4bd4d3ae143e00822c9668
p:  171396.65228862234
5d4bd4d56df32ea23d2c975a
p:  58902.33396482299
5d4bd4e13d16fe54972c962f
p:  111140.09568346383
5d4bd4fc6df32ea23d2c975b
p:  134148.15693330002
5d4bd517242b730d332c961d
p:  114420.77044633226
5d4bd5277b3fa6dcc32c962c
p:  130057.24121104025
5d4bd5406df32ea23d2c975d
p:  189190.69894025847
5d4bd5415085937ccc2c9624
p:  24825.268804630537
5d4bd5516df32ea23d2c975e
p:  105488.76100858138
5d4bd552dcbf07356f2c961f
p:  122417.83967419682
5d4bd55c242b730d332c961e
p:  79905.70413213961
5d4bd55cae143e00822c9669
p:  85101.36144384033
5d4bd56b7b3fa6dcc32c962d
p:  94971.66730947963
5d4bd5825085937ccc2c9625
p:  114840.14472564355
5d4bd5876df32ea23d2c9760
p:  156638.2749814495
5d4bd5a16df32ea23d2c9761
p:  118079.46484562266
5d4bd5b5b52f8a6dc72c9626
p:  168443.87823148974
5d4bd5ca6df32ea23d2c9763
p:  94171.3789233191
5d4bd5f67b3fa6dcc32c9630
p:  212614.03256942274
5d4bd5f83d16fe54972c9631
p:  87124.63022500108
5d4bd5fbae143e00822c966a
p:  160615.86295452635
5d4bd624ae143e00822c966b
p:  152349.0652813122
5d4bd6526df32ea23d2c9767
p:  32867.54189343747
5d4bd6796df32ea23d2c9768
p:  64867.59177242621
5d4bd685ae143e00822c966c
p:  128343.06124790893
5d4bd69d6df32ea23d2c9769
p:  83159.13111359593
5d4bd6ca6df32ea23d2c976a
p:  57579.11663558957
5d4bd71d242b730d332c9621
p:  230438.937304846
5d4bd722dcbf07356f2c9621
p:  145815.67204122042
5d4bd748dcbf07356f2c9622
p:  143768.72462039994
5d4bd74d7b3fa6dcc32c9638
p:  176545.84043419152
5d4bd74fc9cdd3b19d2c9643
p:  303463.41222332115
5d4bd7576df32ea23d2c976f
p:  118343.1730981628
5d4bd759ae143e00822c966e
p:  152533.73524266822
5d4bd77d6a64d253852c96fb
p:  344870.5164511523
5d4bd77f6df32ea23d2c9770
p:  135274.40053052665
5d4bd78c242b730d332c9622
p:  96294.97197776346
5d4bd78d6df32ea23d2c9771
p:  75232.53702232512
5d4bd79124404e510b2c9726
p:  124902.06223573154
5d4bd79a3d16fe54972c9637
p:  193111.47344534204
5d4bd79e211cb7a3dc2c96b9
p:  421216.9448082667
5d4bd7bf3d16fe54972c9638
p:  111498.68427258916
5d4bd7d5211cb7a3dc2c96ba
p:  132918.37184073759
5d4bd7df7b3fa6dcc32c963a
p:  125267.18519708607
5d4bd7e76df32ea23d2c9774
p:  145300.39008935165
5d4bd7e83d16fe54972c963a
p:  77766.33988967055
5d4bd8163d16fe54972c963b
p:  91936.20070423362
5d4bd8283d16fe54972c963c
p:  89877.27521260825
5d4bd8286a64d253852c96fd
p:  186501.54349910948
5d4bd833ae143e00822c966f
p:  123212.40931992134
5d4bd83bb52f8a6dc72c9628
p:  183798.93084624235
5d4bd851242b730d332c9623
p:  118046.26439050428
5d4bd8736a64d253852c96fe
p:  163988.09551829944
5d4bd87b7b3fa6dcc32c963d
p:  84916.62985821336
5d4bd880242b730d332c9624
p:  188533.772205044
5d4bd8daae143e00822c9670
p:  328001.40769626433
5d4bd9066df32ea23d2c977a
p:  75592.82694678682
5d4bd918ae143e00822c9671
p:  156982.9181438508
5d4bd91a242b730d332c9625
p:  46193.08006764225
5d4bd91c6a64d253852c96ff
p:  156985.58632777876
5d4bd91d7b3fa6dcc32c9641
p:  111192.17922356754
5d4bd92b6df32ea23d2c977b
p:  138457.3746203131
5d4bd9303d16fe54972c9640
p:  145752.5882796009
5d4bd9426df32ea23d2c977d
p:  52240.68550760071
5d4bd953ae143e00822c9672
p:  187197.87360702717
5d4bd9593d16fe54972c9641
p:  145752.5882796009
5d4bd969ae143e00822c9673
p:  179004.52524744085
5d4bd97b6df32ea23d2c9780
p:  211493.23586068142
5d4bd99424404e510b2c9728
p:  98631.28164763926
5d4bd9b7ae143e00822c9674
p:  156063.44033613295
5d4bd9bd6df32ea23d2c9783
p:  46203.66265615694
5d4bd9db242b730d332c9627
p:  188804.40365272033
5d4bd9e0b52f8a6dc72c962b
p:  838138.8985497268
5d4bd9ed7b3fa6dcc32c9646
p:  114626.33748415302
5d4bd9f6242b730d332c9628
p:  200757.2638738791
5d4bd9fd6df32ea23d2c9787
p:  124051.70257329164
5d4bda417b3fa6dcc32c9648
p:  99758.3185234638
5d4bda6a7b3fa6dcc32c9649
p:  138231.68231019023
5d4bda77c9cdd3b19d2c964c
p:  137880.1581557035
5d4bda947b3fa6dcc32c964a
p:  61220.56728606889
5d4bda94242b730d332c962b
p:  51789.59027668467
5d4bdaa5c9cdd3b19d2c964e
p:  152047.115074065
5d4bdaea5085937ccc2c9629
p:  106594.22729987027
5d4bdaec6df32ea23d2c978f
p:  101213.79892479477
5d4bdb0e211cb7a3dc2c96be
p:  136541.99166741385
5d4bdb106df32ea23d2c9790
p:  66703.6861847184
5d4bdb3d242b730d332c962d
p:  170068.5911060904
5d4bdb5d6df32ea23d2c9792
p:  161782.75351037207
5d4bdba15085937ccc2c962b
p:  92697.86806921173
5d4bdbb9ae143e00822c9679
p:  174459.6060135079
5d4bdbcc3d16fe54972c9646
p:  111048.33230704832
5d4bdbef6df32ea23d2c9796
p:  176846.58837178117
5d4bdc036a64d253852c9702
p:  137762.533091022
5d4bdc1195878babe12c9648
p:  125775.44993958135
5d4bdc1d24404e510b2c972b
p:  180897.41487339657
5d4bdc2e6a64d253852c9703
p:  194679.5326445282
5d4bdc4b242b730d332c962e
p:  46193.08006764225
5d4bdc4e5085937ccc2c962f
p:  24414.308886679184
5d4bdc5a242b730d332c962f
p:  74706.28045868006
5d4bdc63ae143e00822c967b
p:  173590.01232475927
5d4bdc69dcbf07356f2c9629
p:  76795.6549180742
5d4bdc6c7b3fa6dcc32c9654
p:  111393.69015359547
5d4bdc7e53f12cb2222c9646
p:  252707.78661275632
5d4bdc853d16fe54972c964a
p:  104394.45689262086
5d4bdc905085937ccc2c9630
p:  18201.070222464496
5d4bdca46df32ea23d2c9799
p:  55416.41497505011
5d4bdcf17b3fa6dcc32c9657
p:  124597.96088971908
5d4bdcf353f12cb2222c9649
p:  123105.21643798768
5d4bdd006df32ea23d2c979d
p:  73048.46836253391
5d4bdd0324404e510b2c972c
p:  109306.88923725282
5d4bdd0a53f12cb2222c964a
p:  246964.89994768333
5d4bdd126df32ea23d2c979e
p:  66958.28157636395
5d4bdd1b211cb7a3dc2c96c1
p:  137769.58737875428
5d4bdd386df32ea23d2c979f
p:  96461.38168951776
5d4bdd4c7b3fa6dcc32c9659
p:  68069.49595643728
5d4bdd50211cb7a3dc2c96c2
p:  188845.5173922655
5d4bdd5653f12cb2222c964c
p:  310110.6670161729
5d4bdd646df32ea23d2c97a1
p:  80097.7018097184
5d4bdd736df32ea23d2c97a2
p:  138457.3746203131
5d4bdd8353f12cb2222c964d
p:  147206.4268863409
5d4bdd886df32ea23d2c97a3
p:  72072.22593149066
5d4bdd9a6df32ea23d2c97a4
p:  154915.68593514012
5d4bddb053f12cb2222c964e
p:  200627.92075637763
5d4bddcd211cb7a3dc2c96c4
p:  176391.20250655888
5d4bdddd53f12cb2222c964f
p:  164261.51181861368
5d4bdde8242b730d332c9636
p:  99041.78717882285
5d4bde017b3fa6dcc32c965d
p:  114626.33748415302
5d4bde347b3fa6dcc32c965e
p:  144809.18765465147
5d4bde383d16fe54972c964b
p:  72380.58653844567
5d4bde45ae143e00822c967d
p:  258458.51934800972
5d4bde8dae143e00822c967e
p:  164477.4228287962
5d4bde937b3fa6dcc32c9660
p:  144289.18032821087
5d4bdeae242b730d332c9637
p:  90510.64121370815
5d4bdeb553f12cb2222c9654
p:  110863.23941211603
5d4bdedf242b730d332c9638
p:  96294.97197776346
5d4bdf167b3fa6dcc32c9663
p:  168588.65653446896
5d4bdf426df32ea23d2c97b1
p:  75617.8640335021
5d4bdf4dae143e00822c9680
p:  125366.57142995106
5d4bdf5c242b730d332c9639
p:  149834.7733037633
5d4bdf83242b730d332c963a
p:  110798.76836553207
5d4bdf936df32ea23d2c97b3
p:  112660.8907175624
5d4bdf947b3fa6dcc32c9666
p:  122821.26408941671
5d4bdfd2242b730d332c963b
p:  112856.26653989987
5d4bdfe76df32ea23d2c97b6
p:  36196.70050296547
5d4bdff76df32ea23d2c97b7
p:  102898.45893939352
5d4be01b242b730d332c963c
p:  158720.7813702178
5d4be028c9cdd3b19d2c9659
p:  127404.12212154293
5d4be03f7b3fa6dcc32c966a
p:  124864.50573461024
5d4be0686a64d253852c9709
p:  161706.71006979872
5d4be08c242b730d332c963d
p:  95250.95077440086
5d4be09553f12cb2222c9661
p:  300169.8995944946
5d4be0b3ae143e00822c9685
p:  162866.94264670872
5d4be0bb6a64d253852c970a
p:  311799.3443089385
5d4be11c24404e510b2c9730
p:  73148.22331402969
5d4be14053f12cb2222c9666
p:  217943.9152229699
5d4be19e7b3fa6dcc32c9672
p:  101616.66526387031
5d4be1c2242b730d332c963e
p:  73430.01139190327
5d4be1c453f12cb2222c9669
p:  161491.8723286045
5d4be202ae143e00822c968a
p:  97647.49820520997
5d4be21753f12cb2222c966c
p:  199251.55259156122
5d4be25c24404e510b2c9732
p:  177739.12556415788
5d4be2a15085937ccc2c963e
p:  59603.35804414081
5d4be2c2242b730d332c963f
p:  77176.71377959197
5d4be2fe24404e510b2c9735
p:  171079.7156224021
5d4be311ae143e00822c968d
p:  173997.19843891647
5d4be31b242b730d332c9640
p:  101181.93018037244
5d4be35824404e510b2c9737
p:  129616.91668362345
5d4be39224404e510b2c9738
p:  118094.68703783481
5d4be3ac24404e510b2c9739
p:  248973.52708253384
5d4be3ee53f12cb2222c9678
p:  137739.7548122591
5d4be3ee95878babe12c9650
p:  243476.8060342114
5d4be40f5085937ccc2c9642
p:  42596.112532731386
5d4be4d053f12cb2222c967d
p:  115773.79031101169
5d4be4e27b3fa6dcc32c9683
p:  404101.95086611214
5d4be589ae143e00822c9691
p:  679580.3609923798
5d4be5a27b3fa6dcc32c9686
p:  152489.3871051473
5d4be5a824404e510b2c973e
p:  157178.13418679356
5d4be5c8211cb7a3dc2c96d3
p:  122938.82579394279
5d4be5e1ae143e00822c9692
p:  173774.73242346285
5d4be5ec53f12cb2222c9683
p:  259941.0389683749
5d4be6687b3fa6dcc32c9689
p:  168616.46162208437
5d4be6a76a64d253852c9719
p:  216898.29309816213
5d4be6b4242b730d332c9649
p:  128094.21068853048
5d4be746242b730d332c964b
p:  149555.24823427614
5d4be7c2ae143e00822c9696
p:  174842.6257978172
5d4be8ed211cb7a3dc2c96d9
p:  324204.596050733
5d4be93a5085937ccc2c964f
p:  161281.8430226599
5d4be9ae95878babe12c965d
p:  248942.53259634285
5d4be9eb6a64d253852c971f
p:  408807.31160200783
5d4be9fe7b3fa6dcc32c9699
p:  128439.75208117289
5d4bea005085937ccc2c9653
p:  134589.58125102296
5d4beab124404e510b2c9743
p:  96625.54701144346
5d4beadf211cb7a3dc2c96dc
p:  184469.86134535953
5d4beb1b5085937ccc2c9657
p:  71890.2599203834
5d4beb32211cb7a3dc2c96e0
p:  172910.03672762698
5d4bec2f24404e510b2c974a
p:  125906.03368840455
5d4bec3b7b3fa6dcc32c96a4
p:  138231.68231019023
5d4becc7211cb7a3dc2c96e2
p:  136938.10634486808
5d4bed997b3fa6dcc32c96ac
p:  178569.80884838884
5d4bedc0ae143e00822c969a
p:  89067.7034872652
5d4bede5ae143e00822c969b
p:  186859.7586769817
5d4bedf17b3fa6dcc32c96ae
p:  124864.50573461024
5d4bee6cae143e00822c969f
p:  198750.4064112223
5d4bef8d211cb7a3dc2c96e7
p:  83217.15694994999
5d4bef9a211cb7a3dc2c96e8
p:  144233.34682115476
5d4befc4ae143e00822c96a1
p:  187359.60017545166
5d4bf0f0211cb7a3dc2c96e9
p:  172691.13476908923
5d4bf323ae143e00822c96a5
p:  107385.90188664652
5d4bf340ae143e00822c96a6
p:  97647.49820520997
5d4bf356ae143e00822c96a7
p:  97944.88403165322
5d4bf421ae143e00822c96aa
p:  142792.93327040307
5d4bf48aae143e00822c96ac
p:  110462.87840602176
5d4bf597ae143e00822c96b1
p:  155108.19872203536
5d4bf6c1ae143e00822c96b3
p:  153864.80971314508
5d4bf748ae143e00822c96b5
p:  186703.25894900342
5d4bf79dae143e00822c96b7
p:  89067.7034872652
5d4bf947ae143e00822c96bc
p:  162866.94264670872
5d4bfac6211cb7a3dc2c96fd
p:  176512.21031905888
5d4bfc78211cb7a3dc2c9702
p:  259758.7097952593
5d4bfcc9ae143e00822c96c5
p:  345534.80890712375
5d4bfd6f211cb7a3dc2c9705
p:  173067.5064520522
5d4bfdc0ae143e00822c96c8
p:  143729.65561117098
5d4bfeb0ae143e00822c96cb
p:  122521.12666293423
5d4bff44211cb7a3dc2c970a
p:  558285.7079159128
5d4bff78211cb7a3dc2c970b
p:  95619.96672301588
5d4c001dae143e00822c96d1
p:  261837.68177861162
5d4c007195878babe12c9681
p:  368642.1693661885
5d4c007d211cb7a3dc2c970e
p:  362453.7706085304
5d4c009f211cb7a3dc2c970f
p:  165534.75040782223
5d4c041d95878babe12c968a
p:  284231.648350522
5d4c04b3211cb7a3dc2c971a
p:  147235.8755885763
5d4c062095878babe12c968c
p:  335978.78736535134
5d4c0d1cae143e00822c96e1
p:  241096.5011709377
5d4c3e3d95878babe12c96ff
p:  205814.30783795903
For ['Randolph', 'Clay', 'Lawrence', 'Greene', 'Craighead', 'Mississippi', 'Phillips', 'Poinsett', 'Jackson', 'Woodruff', 'Cross', 'Crittenden', 'St. Francis', 'Lee', 'Monroe']#################################################################
train score for random_forest: 0.9581962831613386
test score for random_forest: 0.5903839497610763
The mean absolute error is:$ 52864.563802608645
r_Score: 0.6818558843933737
Voting Regressor (in): 0.9720433358922358
Voting Regressor: 0.6818558843933737
5d0a49c8fa7544d5f27ba67c
p:  93815.35451751156
5d4bb4a0b53a2abfde2c96ae
p:  53314.69972934225
5d4be4c6b53a2abfde2c9731
p:  76317.97580818174
5d4be70bb53a2abfde2c9732
p:  54674.860350873285
5d4be745b915209d172c9662
p:  42468.80817073365
5d4bebd23d16fe54972c9682
p:  97877.60663950599
5d4bf0125085937ccc2c9661
p:  36409.822012450895
5d4bf1927b3fa6dcc32c96c1
p:  153130.67300573137
5d4bf2177b3fa6dcc32c96c4
p:  123466.23678452324
5d4bf2627b3fa6dcc32c96c5
p:  123466.23678452324
5d4bf30e7b3fa6dcc32c96c8
p:  142711.2803400355
5d4bf5a9242b730d332c9662
p:  99511.82038694138
5d4bf7627b3fa6dcc32c96d1
p:  179684.1657075099
5d4bf77d242b730d332c9668
p:  126398.38675378848
5d4bf86e7b3fa6dcc32c96d2
p:  195076.75787392363
5d4bf990b52f8a6dc72c9675
p:  70027.76241147047
5d4bfbb353f12cb2222c96a7
p:  96125.91697474068
5d4bfdb953f12cb2222c96aa
p:  112816.49273543553
5d4bfde653f12cb2222c96ab
p:  98643.59048296504
5d4bfe1253f12cb2222c96ac
p:  142456.43026317965
5d4bfe5a53f12cb2222c96ad
p:  105610.71491711635
5d4bfea07b3fa6dcc32c96da
p:  142414.0630128108
5d4bff34b915209d172c96a0
p:  117494.94656623542
5d4c008153f12cb2222c96af
p:  142222.98681953462
5d4c01086df32ea23d2c9803
p:  51497.5553801084
5d4c039424404e510b2c976b
p:  130748.36472688362
5d4c04825085937ccc2c96b3
p:  122359.57896512205
5d4c054b24404e510b2c976e
p:  70267.69515023736
5d4c08cb53f12cb2222c96bb
p:  138276.04259681742
5d4c09a053f12cb2222c96bd
p:  172105.161359924
5d4c0e1053f12cb2222c96c0
p:  79096.69947920207
5d4c0f1c53f12cb2222c96c1
p:  134081.18659832305
5d4c0f6d53f12cb2222c96c2
p:  136731.0025198873
5d4c10cb24404e510b2c9783
p:  86131.59089110952
5d4c129124404e510b2c9787
p:  63407.84724049592
5d4c12df53f12cb2222c96cc
p:  114362.19762664346
5d4c13e253f12cb2222c96cf
p:  158062.43935603258
5d4c163424404e510b2c9792
p:  66823.71151811219
5d4c165253f12cb2222c96d3
p:  96067.73853102705
5d4c168253f12cb2222c96d4
p:  96067.73853102705
5d4c170353f12cb2222c96d6
p:  80036.52874172416
5d4c18e553f12cb2222c96da
p:  89177.28004308493
5d4c1aeb7b3fa6dcc32c9712
p:  118491.84150495121
5d4c1b3c53f12cb2222c96de
p:  189978.33793541903
5d4c1b6953f12cb2222c96df
p:  161312.04328297608
5d4c232c53f12cb2222c96ed
p:  96317.27470551712
5d4c2b9624404e510b2c97de
p:  90416.30475011341
5d4c33b853f12cb2222c970c
p:  185363.31265142246
5d4c3a9653f12cb2222c9720
p:  68540.9480611535
5d4c558253f12cb2222c974e
p:  70502.98285856287
For ['Carroll', 'Boone', 'Newton', 'Marion', 'Searcy', 'Baxter', 'Stone', 'Izard', 'Fulton', 'Sharp', 'Independence']#################################################################
train score for random_forest: 0.9188827696354184
test score for random_forest: 0.2439669091388259
The mean absolute error is:$ 95348.28195683548
r_Score: 0.2657159510231456
Voting Regressor (in): 0.9558121630095855
Voting Regressor: 0.2657159510231456
5d2b612847cfe46363877bb0
p:  123724.72888908251
5d4c05dc6a64d253852c975f
p:  172167.41998343653
5d4c1477b915209d172c96e7
p:  154419.51644910814
5d4c14ba08714dc96f2c96e2
p:  88896.50860839729
5d4c177adcbf07356f2c96b1
p:  363912.8794025952
5d4c19ed211cb7a3dc2c9744
p:  76378.54438918273
5d4c1cdb5085937ccc2c9704
p:  137505.81840697624
5d4c227f211cb7a3dc2c975e
p:  103335.01187463151
5d4c2b79ae143e00822c9738
p:  115455.84724590553
5d4c3725211cb7a3dc2c978a
p:  189491.66340382048
5d4c3f6bb53a2abfde2c9828
p:  185509.1984820462
For ['Polk', 'Montgomery', 'Sevier', 'Howard', 'Pike', 'Clark', 'Dallas', 'Calhoun', 'Ouachita', 'Nevada', 'Hempstead', 'Little River', 'Miller', 'Lafayette', 'Columbia', 'Union']#################################################################
train score for random_forest: 0.9254910571279105
test score for random_forest: 0.32186734701115316
The mean absolute error is:$ 79741.08305707932
r_Score: 0.3136532493152393
Voting Regressor (in): 0.9596741598509632
Voting Regressor: 0.3136532493152393
5d4b81a195878babe12c9563
p:  144306.52769505177
5d4b89713d16fe54972c957e
p:  95761.46382706746
5d4b8ad33d16fe54972c9583
p:  108987.5145598055
5d4b9134ae143e00822c9573
p:  57415.79865192611
5d4b930f3d16fe54972c9596
p:  95014.17046135297
For ['Chicot', 'Ashley', 'Bradley', 'Drew', 'Desha', 'Lincoln', 'Cleveland', 'Arkansas', 'Jefferson', 'Prairie']#################################################################
train score for random_forest: 0.9228383476091089
test score for random_forest: 0.46988052073289593
The mean absolute error is:$ 53808.253179797626
r_Score: 0.42810379379069996
Voting Regressor (in): 0.969262020576464
Voting Regressor: 0.42810379379069996
5d4b7f396df32ea23d2c955e
p:  42625.234825846645
5d4b7fd26df32ea23d2c9561
p:  45822.43931433535
5d4b7fd8b915209d172c955d
p:  71633.53750155594
5d4b7fe36df32ea23d2c9562
p:  42823.09795713227
5d4b8038b915209d172c955f
p:  140796.43419823307
5d4b805eb53a2abfde2c955d
p:  102444.63178274417
5d4b809f211cb7a3dc2c9560
p:  37993.08401212422
5d4b8154b915209d172c9564
p:  71633.53750155594
5d4b8185b53a2abfde2c955e
p:  148842.0401800667
5d4b8185b915209d172c9565
p:  59008.32879625902
5d4b81d1242b730d332c9562
p:  78564.82909541098
5d4b850bb915209d172c9573
p:  59008.11439757261
5d4b895ab915209d172c9581
p:  140342.07552776515
5d4b92afb915209d172c95a4
p:  34658.712193976484
5d4bc369b53a2abfde2c96cf
p:  157640.00347645523
5d4bc3deb53a2abfde2c96d0
p:  139967.50303382642
5d4bc508b53a2abfde2c96d3
p:  158268.00339936352
For ['Franklin', 'Johnson', 'Logan', 'Yell', 'Pope', 'Van Buren', 'Conway', 'Perry']#################################################################
train score for random_forest: 0.9192692910616507
test score for random_forest: 0.47212235988572904
The mean absolute error is:$ 66658.13023846521
r_Score: 0.3800546688302461
Voting Regressor (in): 0.9556230677156811
Voting Regressor: 0.3800546688302461
5d4bb764dcbf07356f2c95da
p:  100175.88883563087
5d4bcaa5b53a2abfde2c96e8
p:  55354.07856197068
5d4c5a98b52f8a6dc72c97ca
p:  161709.14350251743
5d4c5ac2b52f8a6dc72c97cb
p:  87738.82460787313
5d4c5af2b52f8a6dc72c97cc
p:  131015.81881569714
5d4c5b4fb52f8a6dc72c97ce
p:  134610.55699324026
5d4c5b7cb52f8a6dc72c97cf
p:  176392.43503957777
5d4c5d5eb52f8a6dc72c97da
p:  150964.24425612707
5d4c5e67b52f8a6dc72c97e0
p:  180497.97472003137
5d4c5e94b52f8a6dc72c97e1
p:  97573.5270260835
5d4c5f46b52f8a6dc72c97e5
p:  130534.95588037584
5d4c60c7211cb7a3dc2c97e7
p:  220434.3997927025
5d4c6138242b730d332c9747
p:  113951.53514155894
5d4c62a9242b730d332c974a
p:  86829.98727117757
5d4c6458b53a2abfde2c9898
p:  238414.60740309278
5d4c64827b3fa6dcc32c97bb
p:  77350.77558451517
5d4c64d1242b730d332c9751
p:  68908.43223654252
5d4c6525242b730d332c9754
p:  118982.75253314676
5d4c6562b53a2abfde2c989c
p:  71322.5040317124
5d4c659cb53a2abfde2c989f
p:  74220.56846604623
5d4c6636b53a2abfde2c98a0
p:  168620.79520914436
5d4c665508714dc96f2c97b4
p:  122766.82719561443
5d4c66c6242b730d332c975e
p:  183270.8586338364
5d4c68347b3fa6dcc32c97c5
p:  97375.74780933704
5d4c6834b52f8a6dc72c9818
p:  79690.21833529958
5d4c68e5b52f8a6dc72c981c
p:  57793.768377579356
5d4c696eb52f8a6dc72c981f
p:  150964.24425612707
5d4c6bf4b52f8a6dc72c982d
p:  60338.926769693135
5d4c6db8b53a2abfde2c98b6
p:  68039.71640150662
5d4c6f15b53a2abfde2c98bc
p:  68742.34013038728
5d4c714053f12cb2222c9791
p:  88477.30578713205
5d4c777f6df32ea23d2c997e
p:  46386.57162387557
5d4c77b26df32ea23d2c997f
p:  77186.52308224756
5d4c80f53d16fe54972c9835
p:  65621.01595745729
For ['Benton', 'Washington', 'Madison', 'Crawford', 'Sebastian', 'Scott']#################################################################
train score for random_forest: 0.9205581780222307
test score for random_forest: 0.45085719903063926
The mean absolute error is:$ 130064.97352657927
r_Score: 0.46155915212725585
Voting Regressor (in): 0.938307397343544
Voting Regressor: 0.4615591521272559
5d07f69c7c1d83daee248ae6
p:  253930.02757057018
5d0a4b44fa7544d5f27ba680
p:  160181.00906617971
5d0d3b5dae78f7f2d314ae0e
p:  224793.19321717267
5d0ea8582b8f60b82b8f8dcd
p:  363576.4055459195
5d2cc599aa1ce31ade80b074
p:  195009.21831206547
5d4c3282ae143e00822c9752
p:  272236.0429397385
5d4c329bae143e00822c9755
p:  213697.06761399534
5d4c32adae143e00822c9757
p:  465448.6524434072
5d4c32b3ae143e00822c9758
p:  269767.1507019464
5d4c32ccae143e00822c9759
p:  377857.47768443
5d4c33d1ae143e00822c975d
p:  265673.8423599435
5d4c33dbb52f8a6dc72c96fc
p:  210396.0346793106
5d4c33e5ae143e00822c975e
p:  337709.6052457385
5d4c3429ae143e00822c975f
p:  582246.4090584209
5d4c342eb52f8a6dc72c96fe
p:  263896.5646466082
5d4c349bb915209d172c973d
p:  683440.9327752817
5d4c34a2ae143e00822c9760
p:  336381.34917092125
5d4c34a76a64d253852c97cb
p:  192736.18771631422
5d4c34a7b915209d172c973e
p:  685552.9452632548
5d4c34d8b915209d172c973f
p:  281827.3996848741
5d4c34d86a64d253852c97cc
p:  206824.24440716812
5d4c351dae143e00822c9761
p:  211246.88087834473
5d4c35f96a64d253852c97cf
p:  209169.8623890904
5d4c35fcb52f8a6dc72c9701
p:  328145.86076159653
5d4c361eae143e00822c9762
p:  203274.76096364568
5d4c36226a64d253852c97d0
p:  202717.96582942805
5d4c3628b52f8a6dc72c9702
p:  210098.32426256788
5d4c36426a64d253852c97d1
p:  192736.18771631422
5d4c364c24404e510b2c9816
p:  337878.4069252733
5d4c3657b52f8a6dc72c9703
p:  418401.90235821926
5d4c3683c9cdd3b19d2c979f
p:  138728.19890795767
5d4c3685b52f8a6dc72c9704
p:  218781.59182044794
5d4c3695c9cdd3b19d2c97a0
p:  318688.0791429345
5d4c36a53d16fe54972c9711
p:  465701.5459569999
5d4c36deb52f8a6dc72c9706
p:  211534.91798917454
5d4c3709b52f8a6dc72c9707
p:  236923.48077047608
5d4c372a5085937ccc2c9739
p:  202387.65711416327
5d4c3737b52f8a6dc72c9708
p:  196867.6516171367
5d4c37516a64d253852c97d6
p:  205091.68283171058
5d4c3791b52f8a6dc72c970a
p:  224356.3367319791
5d4c37a6b915209d172c9743
p:  283795.911657966
5d4c37a75085937ccc2c973a
p:  205611.96503707272
5d4c37c55085937ccc2c973b
p:  179567.37202866602
5d4c37c8b52f8a6dc72c970b
p:  598711.9671232537
5d4c37f06a64d253852c97d8
p:  215498.90687228815
5d4c383a6a64d253852c97d9
p:  245279.0606696743
5d4c3858ae143e00822c9766
p:  231620.4937091241
5d4c385ab52f8a6dc72c970e
p:  220129.2814713536
5d4c3883ae143e00822c9767
p:  208429.2676118095
5d4c38bcb52f8a6dc72c9710
p:  361238.53480762674
5d4c38c1ae143e00822c9768
p:  307322.9303361499
5d4c38cfb915209d172c974a
p:  187023.71410011384
5d4c38d33d16fe54972c9714
p:  261779.0296710366
5d4c3922b52f8a6dc72c9712
p:  190001.367903659
5d4c3926ae143e00822c9769
p:  456515.3022255775
5d4c392d3d16fe54972c9715
p:  178430.79929136328
5d4c39533d16fe54972c9717
p:  159845.6450263778
5d4c395ab52f8a6dc72c9713
p:  228462.79146809282
5d4c3985ae143e00822c976a
p:  345287.3596824155
5d4c39ab5085937ccc2c973e
p:  188436.5647270508
5d4c39b9b52f8a6dc72c9715
p:  184035.68604951957
5d4c39f35085937ccc2c9740
p:  204029.73773280502
5d4c39f76a64d253852c97db
p:  207877.8770116895
5d4c3a086df32ea23d2c9896
p:  258558.69738502539
5d4c3a1cb52f8a6dc72c9717
p:  116879.53180954196
5d4c3a286a64d253852c97dc
p:  207268.16628216812
5d4c3a77b52f8a6dc72c9719
p:  228355.72983138514
5d4c3a8024404e510b2c9830
p:  182601.58749979758
5d4c3aa3b52f8a6dc72c971a
p:  217869.5224626345
5d4c3ab3b915209d172c974d
p:  342760.4407024705
5d4c3b04ae143e00822c976d
p:  617279.927902146
5d4c3b0fb915209d172c974f
p:  290793.623604315
5d4c3b29b52f8a6dc72c971d
p:  219415.2256612854
5d4c3b7dc9cdd3b19d2c97a6
p:  120437.88955720351
5d4c3b83b52f8a6dc72c971f
p:  187356.64239534747
5d4c3ba66df32ea23d2c989a
p:  447034.92397861066
5d4c3bf8ae143e00822c976e
p:  238342.29886476934
5d4c3c05b52f8a6dc72c9722
p:  216861.49800453335
5d4c3c34b52f8a6dc72c9723
p:  236303.0277739669
5d4c3d276df32ea23d2c98a1
p:  268899.4531402129
5d4c3d776df32ea23d2c98a3
p:  224321.50178719012
5d4c3d81b52f8a6dc72c972a
p:  347236.8321265341
5d4c3dbf6df32ea23d2c98a5
p:  296924.7538694894
5d4c3dca211cb7a3dc2c9798
p:  198918.95461209386
5d4c3dd7b52f8a6dc72c972c
p:  406051.94022146054
5d4c3deb6a64d253852c97e2
p:  207268.16628216812
5d4c3e04b52f8a6dc72c972d
p:  208461.6422981635
5d4c3e3324404e510b2c9847
p:  205512.3990735736
5d4c3e34b52f8a6dc72c972e
p:  194035.47776389698
5d4c3e3f3d16fe54972c971f
p:  171207.08509629616
5d4c3e65b52f8a6dc72c972f
p:  210396.0346793106
5d4c3e8624404e510b2c9849
p:  202896.29388438712
5d4c3e97b52f8a6dc72c9730
p:  119251.55751148456
5d4c3eafae143e00822c9770
p:  280990.8419811937
5d4c3eeeb52f8a6dc72c9732
p:  288285.5272771057
5d4c3f1db52f8a6dc72c9733
p:  201875.17275533493
5d4c3f1fb915209d172c9755
p:  339412.8926902864
5d4c3f3c5085937ccc2c9743
p:  201657.17028783064
5d4c3f62ae143e00822c9772
p:  447990.9215627155
5d4c3fafc9cdd3b19d2c97a9
p:  286375.1319922424
5d4c3fb1211cb7a3dc2c979b
p:  264208.2144478264
5d4c3fb5ae143e00822c9774
p:  220078.6066467244
5d4c3fc05085937ccc2c9745
p:  137560.98008333688
5d4c4004ae143e00822c9775
p:  238342.29886476934
5d4c4005b52f8a6dc72c9737
p:  189328.55334308467
5d4c4032b52f8a6dc72c9738
p:  204094.61917945056
5d4c405f5085937ccc2c9747
p:  237414.20981909995
5d4c405fc9cdd3b19d2c97ab
p:  196918.37173535343
5d4c4060b52f8a6dc72c9739
p:  207325.2621511881
5d4c408eb52f8a6dc72c973a
p:  230170.70051469601
5d4c40af3d16fe54972c9721
p:  160686.84718988105
5d4c40d46a64d253852c97e6
p:  182757.05742738553
5d4c40dfae143e00822c9777
p:  275236.79780997545
5d4c4118b52f8a6dc72c973d
p:  349119.4518180742
5d4c4158211cb7a3dc2c979e
p:  194757.6148713585
5d4c4182211cb7a3dc2c979f
p:  179742.4907640669
5d4c41be6a64d253852c97e8
p:  221396.7330268575
5d4c41cf211cb7a3dc2c97a0
p:  179742.4907640669
5d4c42193d16fe54972c9725
p:  269925.0783052398
5d4c4225211cb7a3dc2c97a1
p:  179669.19386254984
5d4c422ab52f8a6dc72c9743
p:  196867.6516171367
5d4c4246b915209d172c975b
p:  387855.9400630514
5d4c4273211cb7a3dc2c97a4
p:  194757.6148713585
5d4c4297242b730d332c970f
p:  431272.8580655836
5d4c42b9211cb7a3dc2c97a5
p:  139785.28611339084
5d4c42dbb52f8a6dc72c9747
p:  219575.1462701692
5d4c42ee211cb7a3dc2c97a6
p:  183403.1304433979
5d4c430695878babe12c970c
p:  257875.11187927672
5d4c4308b52f8a6dc72c9748
p:  336653.00486451585
5d4c431295878babe12c970d
p:  257875.11187927672
5d4c43313d16fe54972c9728
p:  136742.6595757908
5d4c4334b52f8a6dc72c9749
p:  302967.6056775718
5d4c433d6a64d253852c97eb
p:  315515.1939135428
5d4c435fb52f8a6dc72c974a
p:  226537.3905771452
5d4c438fb52f8a6dc72c974b
p:  215282.06739638158
5d4c43bfb52f8a6dc72c974c
p:  215282.06739638158
5d4c43c1ae143e00822c9778
p:  348101.1020423252
5d4c43d55085937ccc2c974b
p:  238917.38089403303
5d4c43d9ae143e00822c9779
p:  314944.676250668
5d4c44025085937ccc2c974c
p:  164451.36462973937
5d4c44096a64d253852c97ec
p:  360146.6156397817
5d4c441ab52f8a6dc72c974e
p:  195193.38731267542
5d4c4454ae143e00822c977a
p:  314944.676250668
5d4c4460211cb7a3dc2c97a7
p:  211653.6501472669
5d4c44c26a64d253852c97ed
p:  217679.5176655059
5d4c44cac9cdd3b19d2c97b7
p:  282446.10717046674
5d4c44f86a64d253852c97ee
p:  268428.7173810757
5d4c4504211cb7a3dc2c97a8
p:  382988.6247181053
5d4c45875085937ccc2c974e
p:  241196.16800161163
5d4c45936a64d253852c97f1
p:  182955.64822153456
5d4c45bdb915209d172c9762
p:  373486.18225464097
5d4c45db6a64d253852c97f4
p:  289636.53463484754
5d4c45deb52f8a6dc72c9758
p:  184035.68604951957
5d4c45f8ae143e00822c977b
p:  348101.1020423252
5d4c462f6a64d253852c97f5
p:  177744.8664089792
5d4c4645c9cdd3b19d2c97bd
p:  105933.92781180415
5d4c4647ae143e00822c977c
p:  306214.012929068
5d4c4658b915209d172c9764
p:  396151.10477117694
5d4c4673b915209d172c9765
p:  489126.300441793
5d4c469f6a64d253852c97f6
p:  207268.16628216812
5d4c470f6a64d253852c97f7
p:  208184.78122720204
5d4c47526a64d253852c97f8
p:  213003.29217139335
5d4c478bae143e00822c977e
p:  312622.9188083797
5d4c47b95085937ccc2c9752
p:  231918.61005442543
5d4c47d23d16fe54972c9733
p:  138560.00314278126
5d4c47daae143e00822c9780
p:  276664.3071471516
5d4c47e8b52f8a6dc72c9763
p:  198894.5537901684
5d4c47eeae143e00822c9781
p:  179658.1782271177
5d4c47f55085937ccc2c9754
p:  333007.3082841972
5d4c4836ae143e00822c9782
p:  582246.4090584209
5d4c4851b52f8a6dc72c9765
p:  177583.9734369434
5d4c48936df32ea23d2c98c1
p:  238861.96813165006
5d4c48cf242b730d332c971b
p:  146379.42152700177
5d4c48d7b52f8a6dc72c9768
p:  296287.9031402153
5d4c4900211cb7a3dc2c97ae
p:  192487.96532462595
5d4c49276a64d253852c97fc
p:  206824.24440716812
5d4c494b6a64d253852c97fd
p:  206824.24440716812
5d4c49556a64d253852c97fe
p:  206824.24440716812
5d4c49606a64d253852c97ff
p:  207412.51374441065
5d4c4967211cb7a3dc2c97af
p:  229469.83122395637
5d4c49776a64d253852c9800
p:  228425.3863042588
5d4c4990b52f8a6dc72c976c
p:  228018.86959309282
5d4c49ccb915209d172c976b
p:  307964.2514047153
5d4c49f5b52f8a6dc72c976e
p:  290336.35824573797
5d4c49f824404e510b2c9881
p:  191699.2531846196
5d4c4a2d24404e510b2c9882
p:  220869.26559550746
5d4c4a53b52f8a6dc72c9770
p:  217198.50801155996
5d4c4a5b24404e510b2c9884
p:  213038.7825405896
5d4c4aefae143e00822c9788
p:  333394.8762446895
5d4c4b1bb915209d172c976d
p:  308797.065532718
5d4c4b36b52f8a6dc72c9775
p:  186156.19099637796
5d4c4b43ae143e00822c978a
p:  250055.14666659705
5d4c4b58ae143e00822c978b
p:  267487.05627275544
5d4c4b5cb915209d172c976e
p:  264277.6443996378
5d4c4b67b52f8a6dc72c9776
p:  193568.05339263365
5d4c4bbd7b3fa6dcc32c9787
p:  204874.51469507307
5d4c4bc86a64d253852c9805
p:  238375.91678295634
5d4c4bcfb915209d172c9770
p:  357710.8857765191
5d4c4bdeb915209d172c9771
p:  240076.4920567362
5d4c4be17b3fa6dcc32c9788
p:  344640.111749204
5d4c4c13b52f8a6dc72c977a
p:  296287.9031402153
5d4c4c3fb52f8a6dc72c977b
p:  211534.91798917454
5d4c4c6cb52f8a6dc72c977c
p:  194864.6513864516
5d4c4c9bb52f8a6dc72c977d
p:  219780.21611231106
5d4c4ca924404e510b2c9899
p:  133386.67569349793
5d4c4cb83d16fe54972c9750
p:  179702.9758770027
5d4c4cf36a64d253852c9806
p:  257647.7446686895
5d4c4cf6b52f8a6dc72c977f
p:  212645.39743244066
5d4c4d20b52f8a6dc72c9780
p:  212645.39743244066
5d4c4d51b52f8a6dc72c9781
p:  218337.66994544794
5d4c4dc95085937ccc2c9757
p:  166049.3127041664
5d4c4dcc7b3fa6dcc32c9794
p:  192091.31326287036
5d4c4dfe7b3fa6dcc32c9795
p:  570355.8400583012
5d4c4e083d16fe54972c9766
p:  147571.79505001334
5d4c4e096a64d253852c9807
p:  282897.71827796986
5d4c4e52c9cdd3b19d2c97d5
p:  184618.7671279785
5d4c4e61211cb7a3dc2c97b6
p:  175189.799307557
5d4c4eb1211cb7a3dc2c97b8
p:  207415.41243870597
5d4c4ec6b52f8a6dc72c9789
p:  222831.86672463763
5d4c4ed6c9cdd3b19d2c97d9
p:  177353.13964139874
5d4c4ef06a64d253852c9809
p:  192736.18771631422
5d4c4f1e3d16fe54972c9779
p:  328712.3546745387
5d4c4f563d16fe54972c977f
p:  187015.9238425272
5d4c4fa23d16fe54972c9784
p:  190358.94250142644
5d4c4fbe3d16fe54972c9787
p:  187173.68998449805
5d4c4ff23d16fe54972c978c
p:  187015.9238425272
5d4c50163d16fe54972c978d
p:  188245.2567630416
5d4c50293d16fe54972c978f
p:  188245.2567630416
5d4c5034ae143e00822c9791
p:  330877.0270417897
5d4c503f3d16fe54972c9791
p:  177091.77801705035
5d4c50493d16fe54972c9792
p:  296288.16275074333
5d4c504f3d16fe54972c9793
p:  199284.51614930358
5d4c5072242b730d332c9727
p:  147988.60207576444
5d4c50743d16fe54972c9794
p:  186519.53668898623
5d4c507f3d16fe54972c9795
p:  187631.3696610027
5d4c508e24404e510b2c98af
p:  152403.49164106944
5d4c50953d16fe54972c9797
p:  173011.7658608072
5d4c509e3d16fe54972c9798
p:  184857.64672797846
5d4c50c2b52f8a6dc72c9794
p:  225921.63769252808
5d4c50d53d16fe54972c979b
p:  176996.16672129376
5d4c50e73d16fe54972c979d
p:  180651.2476334139
5d4c511224404e510b2c98b2
p:  174206.86967546784
5d4c5116ae143e00822c9794
p:  345235.934755843
5d4c511eb52f8a6dc72c9796
p:  201875.17275533493
5d4c516eae143e00822c9795
p:  281218.318727666
5d4c51723d16fe54972c97a6
p:  112342.58915912923
5d4c517cb52f8a6dc72c9798
p:  226151.10882555868
5d4c51aab52f8a6dc72c9799
p:  222831.86672463763
5d4c51b4ae143e00822c9796
p:  268048.4789110331
5d4c51c224404e510b2c98b6
p:  197059.87049640538
5d4c51cb3d16fe54972c97ac
p:  173011.7658608072
5d4c51fc24404e510b2c98b8
p:  265490.71427597885
5d4c523fb52f8a6dc72c979c
p:  210849.2126106635
5d4c527495878babe12c9730
p:  273590.5843353735
5d4c52847b3fa6dcc32c9798
p:  199234.4898454956
5d4c528aae143e00822c9798
p:  343253.10225153575
5d4c52b224404e510b2c98bc
p:  294259.6435096809
5d4c52ccb52f8a6dc72c979f
p:  189102.89963735134
5d4c52dd24404e510b2c98bd
p:  259826.18634765834
5d4c52f07b3fa6dcc32c9799
p:  600931.4911695456
5d4c530edcbf07356f2c9757
p:  238501.15986643799
5d4c532bb52f8a6dc72c97a1
p:  278141.6613021605
5d4c53355085937ccc2c975c
p:  172929.25803533397
5d4c53465085937ccc2c975d
p:  165392.39820453836
5d4c5350dcbf07356f2c9758
p:  213775.21157647308
5d4c5358b52f8a6dc72c97a2
p:  193026.24099407077
5d4c5361b915209d172c9776
p:  278239.7782831322
5d4c537c24404e510b2c98c1
p:  280981.5585617502
5d4c538fdcbf07356f2c9759
p:  182939.40884453434
5d4c53973d16fe54972c97d1
p:  318085.48638404335
5d4c53bcb52f8a6dc72c97a4
p:  219549.20886110846
5d4c53efb52f8a6dc72c97a5
p:  385273.04244640196
5d4c53f75085937ccc2c975e
p:  241196.16800161163
5d4c53fe6a64d253852c980b
p:  177300.9445339792
5d4c53fe3d16fe54972c97d5
p:  194822.38919074633
5d4c540124404e510b2c98c4
p:  227708.15447986056
5d4c540a3d16fe54972c97d6
p:  253713.2875409961
5d4c54183d16fe54972c97d7
p:  163994.56578519603
5d4c541eae143e00822c979d
p:  372967.5085623589
5d4c54213d16fe54972c97d8
p:  156281.96122976913
5d4c5437ae143e00822c979e
p:  429239.62065763876
5d4c543995878babe12c9732
p:  271954.9176049704
5d4c545b3d16fe54972c97da
p:  273041.9896789854
5d4c545cae143e00822c979f
p:  404465.575834856
5d4c54b524404e510b2c98c8
p:  182940.71234023717
5d4c54c6c9cdd3b19d2c97e9
p:  226713.77913672588
5d4c54e224404e510b2c98c9
p:  196896.6516732164
5d4c555095878babe12c9733
p:  190417.1679503463
5d4c55856a64d253852c980e
p:  302377.73696710676
5d4c55e9b52f8a6dc72c97b0
p:  219549.20886110846
5d4c55eb6df32ea23d2c98d7
p:  304987.3350137051
5d4c5652b52f8a6dc72c97b2
p:  336532.9638021765
5d4c5658dcbf07356f2c9764
p:  328095.36935548973
5d4c565c95878babe12c9735
p:  165878.10276351147
5d4c5682b52f8a6dc72c97b3
p:  222069.9737616313
5d4c56bd24404e510b2c98d5
p:  198369.96711354406
5d4c56d224404e510b2c98d6
p:  149348.8469275005
5d4c56fb95878babe12c9737
p:  209086.77619811147
5d4c5724ae143e00822c97a4
p:  315046.38812134555
5d4c572795878babe12c9738
p:  208342.02011958722
5d4c573224404e510b2c98d9
p:  386301.2107168045
5d4c5737b52f8a6dc72c97b7
p:  219549.20886110846
5d4c574c95878babe12c9739
p:  184971.4773282327
5d4c5763b52f8a6dc72c97b8
p:  219549.20886110846
5d4c576995878babe12c973a
p:  166024.9914852564
5d4c578724404e510b2c98db
p:  173245.23811066334
5d4c57b324404e510b2c98dc
p:  194558.0317496194
5d4c57dadcbf07356f2c9767
p:  240859.40613251313
5d4c57e324404e510b2c98dd
p:  197312.63612140538
5d4c57eaae143e00822c97a6
p:  207746.28459814534
5d4c57ffae143e00822c97a7
p:  429571.20313429064
5d4c58575085937ccc2c9761
p:  290061.2423646335
5d4c5898ae143e00822c97ab
p:  286681.24393640476
5d4c58bd95878babe12c973c
p:  192965.01198549676
5d4c58ddae143e00822c97ac
p:  488252.86555718124
5d4c592eae143e00822c97ad
p:  279304.8295812432
5d4c593a6df32ea23d2c98dd
p:  184167.4812534648
5d4c593ab915209d172c977d
p:  344479.0895884187
5d4c599aae143e00822c97ae
p:  737055.6043748932
5d4c5a1d95878babe12c973e
p:  209889.79271375356
5d4c5a9d5085937ccc2c9764
p:  205611.96503707272
5d4c5ab5b915209d172c977f
p:  280728.7269703727
5d4c5aca211cb7a3dc2c97cc
p:  139172.17421937414
5d4c5acc7b3fa6dcc32c97a6
p:  195397.25175770264
5d4c5b0824404e510b2c98e3
p:  178520.44241820762
5d4c5b15ae143e00822c97b0
p:  367758.3245041196
5d4c5b7eae143e00822c97b2
p:  378207.656681768
5d4c5bb16a64d253852c9812
p:  280108.9149871827
5d4c5bebae143e00822c97b3
p:  278360.61383963475
5d4c5c183d16fe54972c97e4
p:  225087.7887246235
5d4c5c34dcbf07356f2c976c
p:  197017.2289460789
5d4c5cc7b53a2abfde2c9881
p:  278237.092946915
5d4c5cdfdcbf07356f2c9771
p:  239602.18977703148
5d4c5cf03d16fe54972c97e6
p:  203744.59151732904
5d4c5d03dcbf07356f2c9772
p:  174386.1245736014
5d4c5d5eb53a2abfde2c9885
p:  288546.8868533362
5d4c5d7624404e510b2c98eb
p:  199903.82554051327
5d4c5db995878babe12c9742
p:  229672.2430452095
5d4c5ddf95878babe12c9746
p:  165071.88389479212
5d4c5de995878babe12c9747
p:  187199.00418468082
5d4c5e7b95878babe12c9749
p:  172707.72609010484
5d4c5ebaae143e00822c97b7
p:  268637.18209712545
5d4c5ece6df32ea23d2c98e7
p:  159302.31525811082
5d4c5ed3b915209d172c9786
p:  248233.1722752499
5d4c5f46ae143e00822c97ba
p:  189593.68457625277
5d4c5f77b915209d172c9788
p:  508874.9707514312
5d4c5f9db915209d172c9789
p:  259078.307696348
5d4c5faddcbf07356f2c9779
p:  316971.28279935534
5d4c5fd1ae143e00822c97bc
p:  352103.09051080595
5d4c60193d16fe54972c97eb
p:  210657.24406814668
5d4c60bc95878babe12c9750
p:  172454.96046510484
5d4c60fa3d16fe54972c97ec
p:  229024.64293967347
5d4c612dae143e00822c97bd
p:  409107.6327221246
5d4c615d95878babe12c9753
p:  189942.7068094564
5d4c6194ae143e00822c97bf
p:  229092.17990617137
5d4c619dae143e00822c97c0
p:  304186.8656040025
5d4c61a9dcbf07356f2c977e
p:  276905.2748292587
5d4c61b0ae143e00822c97c1
p:  543486.1228981185
5d4c61ba6df32ea23d2c98ea
p:  354904.6482929452
5d4c61c424404e510b2c98f9
p:  194061.65247361755
5d4c62475085937ccc2c976e
p:  172853.7952774593
5d4c627024404e510b2c98fc
p:  256469.71822101026
5d4c628b24404e510b2c98fd
p:  199640.30238229127
5d4c6292ae143e00822c97c5
p:  363012.4246775927
5d4c62f1b915209d172c978e
p:  273214.65546871396
5d4c632e3d16fe54972c97ef
p:  247075.06848828823
5d4c637d6a64d253852c981c
p:  214452.2895523418
5d4c639e6df32ea23d2c98f2
p:  190782.55588531296
5d4c63e16df32ea23d2c98f3
p:  181856.59676713255
5d4c63f1b915209d172c9790
p:  387512.5569683002
5d4c63f26df32ea23d2c98f4
p:  343251.8263367904
5d4c6424b915209d172c9792
p:  325146.9778943011
5d4c6431ae143e00822c97c8
p:  322873.22787469404
5d4c6445ae143e00822c97c9
p:  517408.30417380785
5d4c646795878babe12c975b
p:  166024.9914852564
5d4c646f6a64d253852c981e
p:  225456.21380684938
5d4c64a26a64d253852c981f
p:  207877.8770116895
5d4c64ccdcbf07356f2c9789
p:  239602.18977703148
5d4c64d495878babe12c975c
p:  392088.4712507775
5d4c6511ae143e00822c97ca
p:  291909.5065122675
5d4c6624ae143e00822c97cf
p:  158450.99920704274
5d4c66436a64d253852c9823
p:  277557.9622246825
5d4c66886a64d253852c9824
p:  277330.9396988066
5d4c67076df32ea23d2c9900
p:  218892.33918549598
5d4c675ac9cdd3b19d2c980c
p:  165474.7041691419
5d4c677f6df32ea23d2c9902
p:  158606.5142018145
5d4c6784ae143e00822c97d0
p:  307800.7385484796
5d4c67c5ae143e00822c97d2
p:  307800.7385484796
5d4c67ca6a64d253852c9827
p:  192292.26584131422
5d4c67d7b915209d172c9797
p:  341135.44243310066
5d4c67e66a64d253852c9828
p:  308030.45135251526
5d4c68a9ae143e00822c97d6
p:  392868.6086719694
5d4c68ee6a64d253852c9829
p:  293103.228147552
5d4c69a86df32ea23d2c9906
p:  364547.66539356834
5d4c6a196df32ea23d2c9907
p:  302468.48497530643
5d4c6a5bdcbf07356f2c9791
p:  235681.51979619171
5d4c6a856a64d253852c982c
p:  221806.19132111326
5d4c6a9c6a64d253852c982d
p:  206824.24440716812
5d4c6ab0ae143e00822c97da
p:  437545.6407473972
5d4c6afbdcbf07356f2c9792
p:  201021.04858219082
5d4c6aff3d16fe54972c97ff
p:  342329.1870128691
5d4c6b0c6a64d253852c9830
p:  217324.68947260268
5d4c6b4a6df32ea23d2c9908
p:  328252.2250714825
5d4c6b76dcbf07356f2c9793
p:  257640.17595927016
5d4c6bb6dcbf07356f2c9794
p:  403512.35198411415
5d4c6bbeae143e00822c97de
p:  278360.61383963475
5d4c6be6dcbf07356f2c9795
p:  183833.73622529884
5d4c6c45ae143e00822c97df
p:  251899.9192380139
5d4c6c83ae143e00822c97e0
p:  430026.6157164015
5d4c6cb06df32ea23d2c9909
p:  310766.29154178995
5d4c6cf46a64d253852c9832
p:  186980.27086701908
5d4c6cfeae143e00822c97e1
p:  313483.8655506022
5d4c6d126a64d253852c9833
p:  212860.1556755657
5d4c6d58dcbf07356f2c979a
p:  176773.72746493053
5d4c6d9b6df32ea23d2c990c
p:  292712.0253695842
5d4c6e02ae143e00822c97e3
p:  293891.4678775767
5d4c6e3d6a64d253852c9834
p:  215335.5585132923
5d4c6e66ae143e00822c97e4
p:  274815.97833776334
5d4c6ed6dcbf07356f2c979d
p:  253280.14520687514
5d4c6eda6a64d253852c9836
p:  186689.20765710677
5d4c701e3d16fe54972c980c
p:  203782.4206207837
5d4c70346a64d253852c9837
p:  248537.89325180405
5d4c704e3d16fe54972c980d
p:  370194.3982774221
5d4c7067b915209d172c97a5
p:  236617.73441049122
5d4c70ac6a64d253852c9838
p:  282897.71827796986
5d4c70b16df32ea23d2c991c
p:  193397.43752413322
5d4c70d3b915209d172c97a7
p:  273995.83162447787
5d4c70e06a64d253852c9839
p:  207877.8770116895
5d4c71286df32ea23d2c9921
p:  181439.29756125627
5d4c718aae143e00822c97e8
p:  295093.2795523482
5d4c7196ae143e00822c97e9
p:  284500.88367673557
5d4c71a36df32ea23d2c992a
p:  394543.98032089235
5d4c71bab915209d172c97a9
p:  225432.89044077235
5d4c71bf5085937ccc2c9796
p:  227647.60886454128
5d4c71ce211cb7a3dc2c9838
p:  238973.81542908162
5d4c72186df32ea23d2c9933
p:  210806.85492755624
5d4c722bae143e00822c97ea
p:  348529.1267044362
5d4c72366df32ea23d2c9936
p:  188455.69926589864
5d4c7244211cb7a3dc2c983b
p:  96377.67866143424
5d4c725724404e510b2c991c
p:  256469.71822101026
5d4c72c46df32ea23d2c9941
p:  396274.20949347626
5d4c7398b915209d172c97ac
p:  352659.13343720115
5d4c73b7b52f8a6dc72c9858
p:  132991.0732814939
5d4c73ed211cb7a3dc2c9845
p:  55873.029759150784
5d4c73f895878babe12c9786
p:  117182.2890641859
5d4c741008714dc96f2c97ee
p:  114636.56455859818
5d4c74246df32ea23d2c995d
p:  218078.95533753274
5d4c742995878babe12c978a
p:  212392.38082564285
5d4c743908714dc96f2c97ef
p:  90596.24129445397
5d4c749d211cb7a3dc2c9849
p:  90368.15340545391
5d4c74b695878babe12c9792
p:  128807.65342377644
5d4c74e96a64d253852c983f
p:  245194.59989695234
5d4c74f008714dc96f2c97f1
p:  114384.47560702902
5d4c74f9b915209d172c97ad
p:  290062.39054304466
5d4c74fd242b730d332c9780
p:  159157.45238395635
5d4c750895878babe12c9794
p:  76337.81395583933
5d4c75236df32ea23d2c9963
p:  131723.57302767364
5d4c752c6df32ea23d2c9964
p:  118831.6295126595
5d4c7532b915209d172c97ae
p:  260658.2654519854
5d4c75506a64d253852c9840
p:  194590.70810623278
5d4c756c211cb7a3dc2c984e
p:  82024.85682008919
5d4c757f95878babe12c9799
p:  111769.1166554194
5d4c757f6a64d253852c9841
p:  208061.24848922848
5d4c75886df32ea23d2c996d
p:  234263.37406720046
5d4c75916df32ea23d2c996e
p:  118256.58918733089
5d4c759a6df32ea23d2c996f
p:  152235.44868275564
5d4c75ad6a64d253852c9842
p:  207877.8770116895
5d4c75d295878babe12c979e
p:  131824.52924568445
5d4c75de95878babe12c979f
p:  134940.94998387792
5d4c75ec211cb7a3dc2c9851
p:  51063.487673914184
5d4c760a242b730d332c9781
p:  150011.70417037187
5d4c762995878babe12c97a5
p:  49525.21771283564
5d4c762f08714dc96f2c97f2
p:  55356.0828553163
5d4c763bae143e00822c97f2
p:  278360.61383963475
5d4c765495878babe12c97a9
p:  212034.5834476889
5d4c769a6a64d253852c9845
p:  237432.93314069544
5d4c76d2b52f8a6dc72c9869
p:  185984.97256980714
5d4c778295878babe12c97be
p:  324582.23224612453
5d4c77aa242b730d332c9786
p:  188907.77782033646
5d4c77c8211cb7a3dc2c985c
p:  91730.20455021363
5d4c77ec6a64d253852c9848
p:  239838.8559398051
5d4c78e124404e510b2c992a
p:  1109994.9839052933
5d4c78f1242b730d332c978a
p:  223148.88338678097
5d4c78f9211cb7a3dc2c9861
p:  115787.66311859593
5d4c7916ae143e00822c97f3
p:  248653.69196178555
5d4c792e95878babe12c97d7
p:  87550.41715393696
5d4c7933211cb7a3dc2c9862
p:  169636.39986738982
5d4c795f08714dc96f2c97f8
p:  120470.87141388636
5d4c796a211cb7a3dc2c9863
p:  59136.7741774418
5d4c79a4211cb7a3dc2c9864
p:  90368.15340545391
5d4c79a608714dc96f2c97f9
p:  78121.4721092022
5d4c79e46a64d253852c9849
p:  205343.58273386484
5d4c79f7b52f8a6dc72c9879
p:  110876.8374192462
5d4c79fcb915209d172c97b7
p:  280158.3615764752
5d4c7a4595878babe12c97e9
p:  139285.6638378649
5d4c7aae7b3fa6dcc32c97f7
p:  66056.18797525627
5d4c7ac57b3fa6dcc32c97f8
p:  125688.44229287459
5d4c7af76a64d253852c984c
p:  221368.62954508205
5d4c7b0b211cb7a3dc2c986a
p:  37920.13575469627
5d4c7b6d211cb7a3dc2c986c
p:  63233.249624239215
5d4c7b8aae143e00822c97f4
p:  277829.0290796516
5d4c7bd1211cb7a3dc2c986e
p:  87766.2580379874
5d4c7c2b08714dc96f2c97fc
p:  77581.3119038791
5d4c7c4295878babe12c9813
p:  107576.16205742024
5d4c7d1a08714dc96f2c9800
p:  132295.54950720884
5d4c7d6bdcbf07356f2c97ba
p:  168126.14990759932
5d4c7d946a64d253852c984e
p:  193052.3513962134
5d4c7da495878babe12c982f
p:  124583.40670059994
5d4c7e167b3fa6dcc32c97fa
p:  84412.91117093543
5d4c7e2e6a64d253852c984f
p:  197294.85867464406
5d4c7e77ae143e00822c97fd
p:  213022.90485240117
5d4c7e893d16fe54972c982a
p:  94442.40395637756
5d4c7e935085937ccc2c97ae
p:  130881.94944682052
5d4c7f17b915209d172c97be
p:  301403.1422242827
5d4c7f4d5085937ccc2c97b2
p:  135456.57865226708
5d4c7f4fae143e00822c9800
p:  211590.37300208217
5d4c7f5c6a64d253852c9853
p:  213149.42828734108
5d4c7f6b211cb7a3dc2c9880
p:  44530.66720182488
5d4c7ff3b915209d172c97bf
p:  235309.2876049697
5d4c7ff495878babe12c9855
p:  74986.09116529202
5d4c801195878babe12c9858
p:  125311.0109521006
5d4c804395878babe12c985c
p:  141962.55069132143
5d4c805095878babe12c985d
p:  194420.17140074243
5d4c807895878babe12c9861
p:  142405.8188015712
5d4c8