Current date and time: 2020-06-07 15:34:18
Successfully connect to DB.
For ['La Paz', 'Mohave', 'Yuma']#################################################################
train score for random_forest: 0.9402299416683088
test score for random_forest: 0.5964238513897963
The mean absolute error is:$ 80608.15321601248
r_Score: 0.6344927702309333
Voting Regressor (in): 0.9623476103388023
Voting Regressor: 0.6344927702309333
5d0b5fabf12fac82e26efb82
p:  251302.51269730233
5d0b624cf12fac82e26efb8c
p:  147863.0826267378
5d0bac43f12fac82e26efcee
p:  230661.13916449016
5d0bad2cf12fac82e26efcf1
p:  113415.84682094044
5d0bad84f12fac82e26efcf5
p:  167920.78840093373
5d0bb052f12fac82e26efd12
p:  173079.13978403655
5d0bb06df12fac82e26efd16
p:  223659.48972902092
5d0bb16bf14919197c6efd0e
p:  191630.05095643943
5d0bb290c53278d1106efdcc
p:  137264.45886558207
5d0bbe986595d58c436efddc
p:  110782.92000708064
5d0bbeda6595d58c436efddd
p:  171162.86115115552
5d0bbf8e7bed57e02c6efd7e
p:  302056.2674120723
5d0bbf9a7bed57e02c6efd7f
p:  256568.27891748655
5d0bbfa97bed57e02c6efd80
p:  175873.4213511221
5d0bc09d6595d58c436efde4
p:  163534.2348888357
5d0bc0d57bed57e02c6efd86
p:  167423.1410211226
5d0bc0f87bed57e02c6efd88
p:  116769.9076956661
5d0bc1007bed57e02c6efd89
p:  194419.3824301943
5d0bc1187bed57e02c6efd8a
p:  162923.73036181426
5d0bc13a7bed57e02c6efd8c
p:  569032.8328459603
5d0bc1437bed57e02c6efd8d
p:  159514.55851936404
5d0bc1497bed57e02c6efd8e
p:  238037.94171620044
5d0bc1616595d58c436efde7
p:  53019.774513222364
5d0bc1637bed57e02c6efd91
p:  299043.40462026006
5d0bc1697bed57e02c6efd92
p:  145311.95029326636
5d0bc1a16595d58c436efde8
p:  72149.55416708258
5d0bc1cf7bed57e02c6efd97
p:  117965.08261373697
5d0bc1e56595d58c436efde9
p:  166586.30475124548
5d0bc22af12fac82e26efd87
p:  243620.26320985926
5d0bc243f12fac82e26efd88
p:  239279.799556978
5d0bc254f12fac82e26efd89
p:  239696.02690299743
5d0bc2676595d58c436efdeb
p:  259532.94502062793
5d0bc269f12fac82e26efd8b
p:  244021.1930552032
5d0bc287f12fac82e26efd8d
p:  253157.55195364702
5d0bc2a76595d58c436efdec
p:  151411.2642215265
5d0bc3696595d58c436efdef
p:  407063.0283054059
5d0bc42d6595d58c436efdf2
p:  168949.80386102095
5d0bc45f7bed57e02c6efda3
p:  203422.51597875328
5d0bc4716595d58c436efdf3
p:  161028.12352767907
5d0bc484f12fac82e26efd91
p:  240010.9792936936
5d0bc4c4f12fac82e26efd92
p:  327628.12387495127
5d0bc5227bed57e02c6efda5
p:  167825.59457060898
5d0bc5856595d58c436efdf6
p:  66310.0023873829
5d0bc59cf12fac82e26efd93
p:  196813.78550426965
5d0bc6fa7bed57e02c6efdad
p:  299979.97849820624
5d0bc7876595d58c436efdfe
p:  387340.8162417122
5d0bc7887bed57e02c6efdae
p:  148212.82428133278
5d0bc78ff12fac82e26efd97
p:  191172.0352133675
5d0bc7c3f12fac82e26efd98
p:  248472.40114121852
5d0bc88b6595d58c436efe02
p:  70708.69385229069
5d0bc99a7bed57e02c6efdb6
p:  228185.21910063172
5d0bc9c87bed57e02c6efdb7
p:  148212.82428133278
5d0bc9f66595d58c436efe07
p:  106988.3906464827
5d0bca256595d58c436efe09
p:  242131.69253796808
5d0bca4f6595d58c436efe0d
p:  272054.05442699825
5d0bcaf16595d58c436efe10
p:  177020.82897970028
5d0bcb016595d58c436efe12
p:  152910.69458782792
5d0bcbe77bed57e02c6efdc0
p:  189746.7101472458
5d0bcc75f12fac82e26efdb1
p:  230703.90895902345
5d0bcc836595d58c436efe1c
p:  287703.1548159797
5d0bcca26595d58c436efe1e
p:  155800.42774515031
5d0bcce47bed57e02c6efdc5
p:  146198.17709553897
5d0bce607bed57e02c6efdcc
p:  147276.98925216336
5d0bcee97bed57e02c6efdcf
p:  309230.71978232503
5d0bd0917bed57e02c6efdd4
p:  204109.67524900823
5d0bd0ba7bed57e02c6efdd6
p:  157823.88311279402
5d0bd0fa7bed57e02c6efdd7
p:  148048.33249626774
5d0bd1077bed57e02c6efdd8
p:  228428.4585350619
5d0bd1b66595d58c436efe2d
p:  164647.66934884083
5d0bd1e36595d58c436efe2e
p:  187082.0601841463
5d0bd2f76595d58c436efe36
p:  302409.7753300688
5d0bd45b7bed57e02c6efde9
p:  81750.11166207246
5d0bd53d6595d58c436efe42
p:  45750.81523471147
5d0bd6007bed57e02c6efdf0
p:  304415.5021675179
5d0bd6236595d58c436efe56
p:  164260.42766911647
5d0bd69d6595d58c436efe60
p:  216985.86873067787
5d0bd6e86595d58c436efe66
p:  227321.58906173342
5d0bd7167bed57e02c6efdf7
p:  366611.9758602761
5d0bd9067bed57e02c6efe04
p:  197856.12775124508
5d0bdea87bed57e02c6efe26
p:  353739.90792182967
5d0be40e7bed57e02c6efe2c
p:  180685.93548425066
5d0be6977bed57e02c6efe38
p:  467070.54922078876
5d0bf3537bed57e02c6efe94
p:  76926.35638168511
5d0c56c421171180ce6f0274
p:  164568.72412513033
5d0c56ca21171180ce6f0275
p:  185705.93066342926
5d0c56d11f9a4399f56f02a7
p:  340703.27773392864
5d0c56d721171180ce6f0277
p:  140102.8989397264
5d0c56fd7bed57e02c6f00a6
p:  471071.1849296853
5d0c57877bed57e02c6f00aa
p:  315149.7417314575
5d0c57b3f14919197c6f0071
p:  337779.2687847321
5d0c587df14919197c6f0075
p:  235202.8151322431
5d0c58977bed57e02c6f00ae
p:  247215.79398718278
5d0c58a5910d6eaa1b6f0153
p:  183722.0615320936
5d0c58c17bed57e02c6f00b0
p:  481044.90489296254
5d0c58ef1f9a4399f56f02bb
p:  410743.1875335701
5d0c590b1f9a4399f56f02c0
p:  305793.7621095084
5d0c59101f9a4399f56f02c1
p:  271509.1343461608
5d0c59187bed57e02c6f00b1
p:  299260.2347290178
5d0c59207bed57e02c6f00b2
p:  302454.1718134306
5d0c5962f14919197c6f007b
p:  315971.1847727442
5d0c5979f14919197c6f007e
p:  257757.9199127725
5d0c597c910d6eaa1b6f015b
p:  150275.53408013345
5d0c59b37bed57e02c6f00b6
p:  272504.7659944878
5d0c59ea1f9a4399f56f02c5
p:  225720.97252474603
5d0c59ef7bed57e02c6f00b9
p:  438157.9361432531
5d0c5a0a37fab433546f01bd
p:  132254.04930182098
5d0c5a2837fab433546f01bf
p:  121087.46060973423
5d0c5a3437fab433546f01c0
p:  213459.2454797838
5d0c5a697bed57e02c6f00bd
p:  264985.8016962347
5d0c5a791f9a4399f56f02c8
p:  287363.49721579434
5d0c5ad2f14919197c6f0085
p:  320817.1958724875
5d0c5ad537fab433546f01c7
p:  176639.76684579387
5d0c5ad67bed57e02c6f00be
p:  423767.3834886
5d0c5adf7bed57e02c6f00bf
p:  387091.4758977775
5d0c5b02c53278d1106f01e2
p:  249128.49950353144
5d0c5b327bed57e02c6f00c0
p:  209211.17318536877
5d0c5b3a910d6eaa1b6f0169
p:  59709.610864399496
5d0c5b5af14919197c6f0087
p:  285378.76459220424
5d0c5b6f37fab433546f01d5
p:  318781.8803980778
5d0c5b9921171180ce6f0288
p:  156065.10780329362
5d0c5b9d37fab433546f01da
p:  465686.3777320291
5d0c5bd4f14919197c6f0089
p:  312572.85273688065
5d0c5be4c53278d1106f01e8
p:  186989.25652573368
5d0c5bf5c53278d1106f01ea
p:  257660.72263675553
5d0c5c08c53278d1106f01ec
p:  294058.1680441881
5d0c5c0c21171180ce6f0289
p:  203688.07647360495
5d0c5c3637fab433546f01e1
p:  352461.89976963366
5d0c5c431f9a4399f56f02cb
p:  421459.70698237827
5d0c5c6937fab433546f01e9
p:  349289.0170668656
5d0c5c8d7bed57e02c6f00c9
p:  765896.1991123697
5d0c5c951f9a4399f56f02ce
p:  408292.4565094422
5d0c5ccc7bed57e02c6f00cf
p:  242430.6198470594
5d0c5cdd7bed57e02c6f00d1
p:  254489.13021884178
5d0c5d0f7bed57e02c6f00d5
p:  270440.1945756421
5d0c5d177bed57e02c6f00d6
p:  351488.6259850873
5d0c5d1b1f9a4399f56f02d2
p:  317838.52654890146
5d0c5d69f14919197c6f008f
p:  543115.5846823361
5d0c5d727bed57e02c6f00de
p:  231515.10893744428
5d0c5dbe37fab433546f01ed
p:  326737.1631995884
5d0c5df3910d6eaa1b6f0187
p:  90446.72930438432
5d0c5e7c1f9a4399f56f02ea
p:  432045.3147664496
5d0c5e897bed57e02c6f00e3
p:  243551.34945765417
5d0c5e8a1f9a4399f56f02ec
p:  445628.13757918647
5d0c5fc01f9a4399f56f02ee
p:  382275.30235499324
5d0c6021f12fac82e26f00ca
p:  154681.58909153508
5d0c6048f12fac82e26f00cb
p:  97934.42848552647
5d0c607cf12fac82e26f00cc
p:  232403.85661064467
5d0c6090f14919197c6f009b
p:  355065.9403319799
5d0c60be19aeb54ebe6f01b3
p:  167414.64229882043
5d0c611ef14919197c6f009d
p:  265446.90240453766
5d0c6135910d6eaa1b6f019c
p:  260070.01786846312
5d0c614921171180ce6f02ab
p:  355097.00800224754
5d0c628f7bed57e02c6f00f2
p:  242315.51757323262
5d0c63427bed57e02c6f00f7
p:  251766.70782828517
5d0c6343f12fac82e26f00e8
p:  193628.4879902256
5d0c638c21171180ce6f02b5
p:  194890.04385347778
5d0c63c5f12fac82e26f00ec
p:  218620.9938424714
5d0c641af12fac82e26f00f2
p:  172491.3310338112
5d0c6422f14919197c6f00a9
p:  380498.5381362572
5d0c6427f12fac82e26f00f3
p:  166789.67141266615
5d0c646bf14919197c6f00aa
p:  113947.00546765707
5d0c64cc7bed57e02c6f0104
p:  269894.40295119653
5d0c659cf12fac82e26f00fa
p:  166135.67324958812
5d0c65a7f12fac82e26f00fb
p:  245974.71392291115
5d0c65d51f9a4399f56f030c
p:  200865.17368634767
5d0c66421f9a4399f56f0315
p:  352148.3242545775
5d0c66def12fac82e26f0108
p:  233657.8503300561
5d0c672ef12fac82e26f0111
p:  154142.4021710669
5d0c67b3f14919197c6f00b7
p:  347711.3953144467
5d0c67c41f9a4399f56f0316
p:  339813.3474583933
5d0c6836f14919197c6f00b9
p:  299046.3550591666
5d0c68d37bed57e02c6f0117
p:  464456.628666066
5d0c68fbf14919197c6f00bc
p:  308530.191128567
5d0c69b91f9a4399f56f031f
p:  368112.05828679155
5d0c6ad2f14919197c6f00c3
p:  313745.21653463435
5d0c6b637bed57e02c6f0136
p:  240130.7840696915
5d0c6bc97bed57e02c6f013f
p:  251766.70782828517
5d0c6bdaf14919197c6f00c7
p:  327407.5001464501
5d0c6bde1f9a4399f56f032d
p:  248547.34758925045
5d0c6c20f14919197c6f00c8
p:  273421.86474220303
5d0c6cddf14919197c6f00cb
p:  340198.3538028401
5d0c6d9f1f9a4399f56f0338
p:  317838.52654890146
5d0c6dd6f12fac82e26f0145
p:  205347.30314188875
5d0c6e031f9a4399f56f0342
p:  726504.4427743009
5d0c6ea5f14919197c6f00d2
p:  272902.02442948683
5d0c6fbaf14919197c6f00d6
p:  286535.713497419
5d0c70be1f9a4399f56f0363
p:  1068442.2939031345
5d0c7340f14919197c6f00e2
p:  263121.6694678067
5d0c771df14919197c6f00f1
p:  330366.88416465645
5d0c7901f14919197c6f00f8
p:  338595.5361907962
5d0c7d74f14919197c6f0107
p:  200654.41006368145
5d0c7f95f14919197c6f0117
p:  344520.2102538127
5d0c7fb7f14919197c6f0118
p:  235589.77999323848
5d0c829ff14919197c6f0134
p:  242035.16411605437
5d0c82a8f14919197c6f0135
p:  304969.32088449714
5d0c82bcf14919197c6f0136
p:  334570.68844432966
5d0d36ab09b03f696514adb6
p:  219605.36242023768
5d0d36b709b03f696514adb7
p:  91779.52088119932
5d0d377609b03f696514adb8
p:  352728.3444598386
5d0d379209b03f696514adb9
p:  178016.01716323866
5d0d3e690c2b28d42514adfe
p:  197173.8841733372
5d0d3e810c2b28d42514adff
p:  327824.8073833762
5d0d3ff677397aff9614adda
p:  246791.03951229266
5d0d424c0c2b28d42514ae13
p:  155476.49788605698
5d0d63cdc53b6b920d14aeaa
p:  110987.84733486355
5d0d643009b03f696514ae75
p:  169099.74232235737
5d0d647509b03f696514ae77
p:  252808.93279688025
5d0d647b09b03f696514ae78
p:  398674.2679759852
5d0d64e9ae78f7f2d314af06
p:  107745.45388917807
5d0d64ec8989981cb414ae79
p:  215483.2732781082
5d0d6514ae78f7f2d314af0b
p:  166817.51054944866
5d0d654d09b03f696514ae7d
p:  446950.3145824802
5d0d6550c53b6b920d14aeb0
p:  312572.85273688065
5d0d656177397aff9614ae68
p:  106634.75258941724
5d0d65d1c53b6b920d14aeb2
p:  372858.36022962723
5d0d6612c53b6b920d14aeb3
p:  261688.11084145817
5d0d6683fc646fd79c14ae87
p:  415984.64979279693
5d0d668ae2ea012a7414af11
p:  365301.7556132976
5d0d66a6c53b6b920d14aeb4
p:  257757.9199127725
5d0d66b0c53b6b920d14aeb5
p:  329274.19895191776
5d0d6766e2ea012a7414af19
p:  136296.6566211902
5d0d676afc646fd79c14ae88
p:  268326.75049833715
5d0d6775fc646fd79c14ae89
p:  340574.8618634756
5d0d67a5fc646fd79c14ae8d
p:  483209.0595902429
5d0d67eec53b6b920d14aeb9
p:  355312.6852729283
5d0d6835fc646fd79c14ae95
p:  363553.0816771308
5d0d684dc53b6b920d14aebb
p:  452224.21552053886
5d0d6923fc646fd79c14ae96
p:  391401.966989142
5d0d69a9fc646fd79c14ae98
p:  362541.4746730061
5d0d6cdefc646fd79c14aeab
p:  412256.52096248115
5d0e7b5f3fb23e95a68f8cf3
p:  117721.15679333618
5d0e7bb9e2a4846b2e8f8cd8
p:  145402.05568230402
5d0e7cbae2a4846b2e8f8cde
p:  210178.6926798541
5d0e7cea3fb23e95a68f8cfb
p:  190330.49251069356
5d0e7e7f1b6d3e70008f8d06
p:  239213.46497114043
5d0e936739d9ca3dab8f8d30
p:  342467.25951114646
5d0e9383a79468be448f8d7b
p:  234135.17251612566
5d0e938439d9ca3dab8f8d31
p:  242832.0009143821
5d0e94691b6d3e70008f8d45
p:  281779.5123836448
5d0e949e045f5da4508f8d1c
p:  148444.09254589473
5d0e94d6a79468be448f8d80
p:  240307.60883479245
5d0e94e6a79468be448f8d81
p:  281911.2609484736
5d0ea3722b8f60b82b8f8daf
p:  246642.25090977937
5d185dc8253e7cfd9b98bd3e
p:  198202.25921330127
5d2e54bfb39b58f1d2167d52
p:  186499.62630017244
5d3e7024f046cd7a6407b59e
p:  221037.97717684135
5d3e9b9fbd7b3d656007b668
p:  364825.16769019206
For ['Maricopa']#################################################################
train score for random_forest: 0.973865466485505
test score for random_forest: 0.8272892166404836
The mean absolute error is:$ 94360.32299290414
r_Score: 0.8415803266836728
Voting Regressor (in): 0.961795752892049
Voting Regressor: 0.8415803266836728
5d0a4736fa7544d5f27ba66f
p:  218422.27250648476
5d0a4813fa7544d5f27ba677
p:  221518.5736261718
5d0a4fb1fa7544d5f27ba68f
p:  208913.67804570223
5d0a5483a2813f1d022b6c97
p:  365675.2221831118
5d0acf25f12fac82e26ef900
p:  232323.7881727274
5d0acf557bed57e02c6ef901
p:  318844.56182781793
5d0acf95fc34b87bf26ef900
p:  363923.80046424584
5d0acfae910d6eaa1b6ef902
p:  267747.0688148885
5d0acfb237fab433546ef902
p:  551050.8168156131
5d0acfb837fab433546ef903
p:  421355.5022672775
5d0acfbe7bed57e02c6ef904
p:  293129.44878165
5d0acfc6fc34b87bf26ef902
p:  408201.6639137999
5d0acfd537fab433546ef906
p:  490148.2330890788
5d0acfe221171180ce6ef900
p:  457702.09826861846
5d0acfe637fab433546ef907
p:  328937.57616789325
5d0ad012f14919197c6ef904
p:  299809.4875729976
5d0ad01df14919197c6ef906
p:  281865.0130188947
5d0ad02eab9720ae936ef901
p:  222579.61726249382
5d0ad0344647d75d8b6ef900
p:  259915.6762965753
5d0ad048f14919197c6ef90a
p:  595872.0289494337
5d0ad04c1f9a4399f56ef903
p:  294417.4837046419
5d0ad04f6595d58c436ef902
p:  345142.30036709434
5d0ad04ff14919197c6ef90b
p:  491517.26839610527
5d0ad0591f9a4399f56ef904
p:  244323.98908409826
5d0ad0674647d75d8b6ef902
p:  275755.0054771947
5d0ad07a7bed57e02c6ef90a
p:  551553.2512280638
5d0ad07b6595d58c436ef903
p:  287777.64517510886
5d0ad07f910d6eaa1b6ef908
p:  391701.74305199744
5d0ad097cdbe5784f16ef900
p:  224858.82182798017
5d0ad097f14919197c6ef90d
p:  281318.2959655898
5d0ad09ccdbe5784f16ef901
p:  257952.34027695606
5d0ad09d910d6eaa1b6ef90d
p:  505677.7780879849
5d0ad0ba37fab433546ef90f
p:  396195.3296452778
5d0ad0fb7bed57e02c6ef90f
p:  349083.71515171486
5d0ad102ab9720ae936ef903
p:  254723.21729899466
5d0ad143cdbe5784f16ef903
p:  261065.15524418684
5d0ad14ef14919197c6ef913
p:  236441.61682464572
5d0ad1546595d58c436ef908
p:  296570.2297909461
5d0ad1584647d75d8b6ef904
p:  437435.87570128095
5d0ad158fc34b87bf26ef90a
p:  350000.55992467643
5d0ad15dcdbe5784f16ef904
p:  296360.1950375909
5d0ad15dfc34b87bf26ef90b
p:  293386.2928453424
5d0ad163cdbe5784f16ef905
p:  322946.81976358953
5d0ad168ab9720ae936ef907
p:  140561.85324102375
5d0ad16b6595d58c436ef909
p:  316339.6317590587
5d0ad18021171180ce6ef901
p:  388623.8456310326
5d0ad185cdbe5784f16ef906
p:  323135.6921446051
5d0ad1e8cdbe5784f16ef909
p:  175795.69806554844
5d0ad1f47bed57e02c6ef913
p:  417217.61500010337
5d0ad1fb7bed57e02c6ef914
p:  298895.7655708438
5d0ad24d4647d75d8b6ef908
p:  352769.20442123257
5d0ad28037fab433546ef916
p:  776523.5175406454
5d0ad2a537fab433546ef91c
p:  442297.8942770949
5d0ad2a8f14919197c6ef91c
p:  553078.6984885738
5d0ad2adfc34b87bf26ef913
p:  387851.1267154305
5d0ad2bbfc34b87bf26ef915
p:  386990.60426015453
5d0ad2c0fc34b87bf26ef916
p:  465443.4599171048
5d0ad2c4f12fac82e26ef913
p:  187860.4344935657
5d0ad2cdcdbe5784f16ef90c
p:  316640.64804626827
5d0ad2cfab9720ae936ef90a
p:  211060.2157262992
5d0ad2e46595d58c436ef913
p:  295730.6220653085
5d0ad2ec4647d75d8b6ef90b
p:  322204.1043655227
5d0ad2fafc34b87bf26ef91d
p:  197123.35801685252
5d0ad2fd7bed57e02c6ef918
p:  315558.9126093824
5d0ad301fc34b87bf26ef91e
p:  198657.6060673872
5d0ad3044647d75d8b6ef90f
p:  227783.1564153477
5d0ad308f14919197c6ef921
p:  397567.15552810614
5d0ad3194647d75d8b6ef911
p:  314613.2768399009
5d0ad31d7bed57e02c6ef919
p:  340071.0383262115
5d0ad31d21171180ce6ef904
p:  1217257.516092942
5d0ad33c21171180ce6ef907
p:  422335.1634242404
5d0ad343f12fac82e26ef915
p:  191892.2915755887
5d0ad399ab9720ae936ef910
p:  222579.61726249382
5d0ad3a619aeb54ebe6ef909
p:  329871.3664838156
5d0ad3b3cdbe5784f16ef913
p:  232229.75313792366
5d0ad3c21f9a4399f56ef90f
p:  274946.2778633366
5d0ad3ddfc34b87bf26ef922
p:  465270.4837285125
5d0ad3de21171180ce6ef909
p:  314668.99884247256
5d0ad3e5cdbe5784f16ef914
p:  398274.40301790775
5d0ad3eacdbe5784f16ef915
p:  257602.9656987915
5d0ad4086595d58c436ef91b
p:  437652.77705779154
5d0ad40fcdbe5784f16ef919
p:  280161.74726451456
5d0ad439cdbe5784f16ef91b
p:  397086.91024245066
5d0ad43dcdbe5784f16ef91c
p:  232229.75313792366
5d0ad44e21171180ce6ef90d
p:  325846.3818625533
5d0ad4834647d75d8b6ef919
p:  281523.53667784197
5d0ad4d16595d58c436ef923
p:  305406.3176316933
5d0ad5167bed57e02c6ef922
p:  146106.29558240218
5d0ad53037fab433546ef926
p:  563061.3725782625
5d0ad535ab9720ae936ef916
p:  160332.2524278229
5d0ad55921171180ce6ef90f
p:  330927.1707779475
5d0ad567ab9720ae936ef917
p:  229193.9243419459
5d0ad58121171180ce6ef910
p:  337516.25805470825
5d0ad5d91f9a4399f56ef913
p:  230002.6361568435
5d0ad5eafc34b87bf26ef931
p:  261887.88192310982
5d0ad5ed37fab433546ef927
p:  836167.4810747108
5d0ad5f437fab433546ef928
p:  265184.8000099111
5d0ad6167bed57e02c6ef92c
p:  259848.51069288346
5d0ad628fc34b87bf26ef934
p:  452766.25904527085
5d0ad650ab9720ae936ef919
p:  100885.43544013487
5d0ad6757bed57e02c6ef931
p:  724711.6448164987
5d0ad69af12fac82e26ef921
p:  180982.20862317807
5d0ad6a3c53278d1106ef919
p:  700164.9432794494
5d0ad6c9c53278d1106ef91a
p:  216923.5255061035
5d0ad6daf12fac82e26ef922
p:  242773.89246446927
5d0ad6f06595d58c436ef92b
p:  214399.12733042598
5d0ad7194647d75d8b6ef926
p:  142990.55086834403
5d0ad71df12fac82e26ef923
p:  187860.4344935657
5d0ad7261f9a4399f56ef917
p:  226423.2233201007
5d0ad7514647d75d8b6ef92b
p:  305169.3268909822
5d0ad7b46595d58c436ef92d
p:  287991.5260140459
5d0ad855c53278d1106ef91d
p:  318390.26126385934
5d0ad8a2ab9720ae936ef928
p:  485162.6687263479
5d0ad8bef14919197c6ef930
p:  116686.21860090364
5d0ad8c8ab9720ae936ef92b
p:  294082.1753035982
5d0ad8cdab9720ae936ef92c
p:  295468.25642452494
5d0ad8d0f14919197c6ef931
p:  349263.03914552124
5d0ad8d121171180ce6ef916
p:  337297.13453558716
5d0ad8d1fc34b87bf26ef93f
p:  506218.126719763
5d0ad8d6ab9720ae936ef92d
p:  484889.6179864952
5d0ad8def14919197c6ef933
p:  277557.6138200898
5d0ad8ec21171180ce6ef918
p:  348831.2553652115
5d0ad90bc53278d1106ef924
p:  378225.74404843803
5d0ad90c1f9a4399f56ef91e
p:  169659.8357546909
5d0ad9267bed57e02c6ef93e
p:  216823.5590654331
5d0ad92af14919197c6ef93a
p:  285741.3453006476
5d0ad9361f9a4399f56ef920
p:  319573.8060628321
5d0ad94fc53278d1106ef925
p:  269180.8388835051
5d0ad966c53278d1106ef926
p:  1096287.127776017
5d0ad98921171180ce6ef91a
p:  265033.0744834518
5d0ad9d97bed57e02c6ef943
p:  133876.07451879032
5d0ad9da19aeb54ebe6ef928
p:  265495.24690799153
5d0ad9de19aeb54ebe6ef929
p:  252845.94394210714
5d0ad9e04647d75d8b6ef935
p:  294795.36780430505
5d0ad9e21f9a4399f56ef922
p:  285920.3127245061
5d0ada406595d58c436ef93b
p:  192845.39601773783
5d0ada4b4647d75d8b6ef936
p:  369758.2281087139
5d0ada6321171180ce6ef91b
p:  859983.4173789786
5d0ada6d4647d75d8b6ef93b
p:  338845.7177926606
5d0ada794647d75d8b6ef93d
p:  368034.20515392104
5d0ada7c21171180ce6ef91f
p:  573593.033101507
5d0ada9ef12fac82e26ef931
p:  270405.08030977246
5d0adabd910d6eaa1b6ef93c
p:  271721.62136213173
5d0adad5c53278d1106ef92e
p:  224420.380045403
5d0adad737fab433546ef930
p:  535758.389794176
5d0adaf3910d6eaa1b6ef93f
p:  270395.8867267352
5d0adb5921171180ce6ef923
p:  502537.46398032724
5d0adb6021171180ce6ef924
p:  674031.8382209737
5d0adb7b21171180ce6ef927
p:  359109.97880242486
5d0adb8c1f9a4399f56ef92a
p:  300698.15651497187
5d0adb90fc34b87bf26ef950
p:  560185.6758989946
5d0adb9a7bed57e02c6ef950
p:  179933.95193207933
5d0adb9d1f9a4399f56ef92d
p:  413231.844845123
5d0adba21f9a4399f56ef92e
p:  238178.84862480502
5d0adbe637fab433546ef934
p:  670656.3595364974
5d0adbee910d6eaa1b6ef946
p:  168698.0344981979
5d0adc2d1f9a4399f56ef930
p:  305424.8925744768
5d0adc341f9a4399f56ef931
p:  318435.03053547646
5d0adc75f12fac82e26ef937
p:  243291.71859796374
5d0adc9dc53278d1106ef937
p:  298412.4215498129
5d0adcaefc34b87bf26ef953
p:  406954.65963568725
5d0adccc19aeb54ebe6ef92b
p:  340475.86965089827
5d0adcef37fab433546ef938
p:  265754.6409737434
5d0add5021171180ce6ef92c
p:  431344.50329350255
5d0add5e37fab433546ef93b
p:  245287.09653011267
5d0add67910d6eaa1b6ef94a
p:  194583.84266677743
5d0add87ab9720ae936ef941
p:  400349.01408638956
5d0add9121171180ce6ef92d
p:  583613.4935657771
5d0addba910d6eaa1b6ef94e
p:  252643.32615971204
5d0adde5ab9720ae936ef945
p:  311353.2903960025
5d0addedfc34b87bf26ef95c
p:  442382.92923036055
5d0ade01fc34b87bf26ef95e
p:  310876.66466269817
5d0ade09f12fac82e26ef939
p:  143331.97845017508
5d0ade2037fab433546ef942
p:  772470.75623527
5d0ade54c53278d1106ef93d
p:  201552.18237565295
5d0ade5aab9720ae936ef946
p:  243646.26410815067
5d0ade70c53278d1106ef93f
p:  660863.8688965088
5d0ade70910d6eaa1b6ef94f
p:  621305.8414634161
5d0ade7e910d6eaa1b6ef950
p:  270395.8867267352
5d0ade83f14919197c6ef94f
p:  363055.4487769004
5d0ade8cf12fac82e26ef93b
p:  260586.0191840986
5d0ade90910d6eaa1b6ef951
p:  624769.8012601109
5d0ade94f12fac82e26ef93c
p:  186613.57700096158
5d0adeaefc34b87bf26ef966
p:  440479.85119542887
5d0adedaf14919197c6ef954
p:  364935.2458905231
5d0adee1fc34b87bf26ef968
p:  290710.98081341083
5d0adeedc53278d1106ef947
p:  371055.5239749071
5d0adf0137fab433546ef947
p:  464925.53335558047
5d0adf05fc34b87bf26ef96b
p:  391976.7968833633
5d0adf35f14919197c6ef957
p:  234183.34072268824
5d0adf3719aeb54ebe6ef934
p:  684635.7435941652
5d0adf4937fab433546ef94d
p:  1327174.5727891505
5d0adf5337fab433546ef94e
p:  1661670.868887236
5d0adf65ab9720ae936ef94c
p:  350720.572008024
5d0adf674647d75d8b6ef954
p:  263728.0604999338
5d0adf6c4647d75d8b6ef955
p:  279632.7010204945
5d0adf704647d75d8b6ef956
p:  243567.7541166376
5d0adf7137fab433546ef94f
p:  1661670.868887236
5d0adf77f12fac82e26ef93e
p:  260565.4545557032
5d0adf80c53278d1106ef951
p:  261617.5142526911
5d0adf83910d6eaa1b6ef958
p:  259423.9169315298
5d0adf9937fab433546ef950
p:  448704.80818994297
5d0adfbfcdbe5784f16ef944
p:  396399.2994652982
5d0adfd64647d75d8b6ef957
p:  250410.9134566403
5d0adfdacdbe5784f16ef947
p:  397598.9887954202
5d0adfe337fab433546ef954
p:  556714.3575169322
5d0adfefab9720ae936ef951
p:  291693.80193127843
5d0adff24647d75d8b6ef95a
p:  235066.89046606698
5d0adff237fab433546ef955
p:  327598.8983513284
5d0adff937fab433546ef956
p:  782102.121806188
5d0adff9cdbe5784f16ef94b
p:  375294.56500680314
5d0adfffc53278d1106ef959
p:  533299.9177643643
5d0ae004cdbe5784f16ef94c
p:  373121.52498377627
5d0ae02319aeb54ebe6ef938
p:  175604.04317441076
5d0ae02d4647d75d8b6ef95f
p:  277476.38134338957
5d0ae038ab9720ae936ef953
p:  257406.18012596288
5d0ae03837fab433546ef958
p:  672805.0230518598
5d0ae041c53278d1106ef95b
p:  298615.66294442373
5d0ae0574647d75d8b6ef962
p:  256810.69150038797
5d0ae06037fab433546ef95b
p:  730494.1215887258
5d0ae0654647d75d8b6ef963
p:  356420.09008795046
5d0ae06921171180ce6ef936
p:  412327.1033874566
5d0ae08621171180ce6ef937
p:  310701.9107124157
5d0ae0a0f14919197c6ef958
p:  170931.8694811067
5d0ae0c0f14919197c6ef95b
p:  209728.638741421
5d0ae114f12fac82e26ef946
p:  256476.26001559937
5d0ae13937fab433546ef95f
p:  883519.0131297755
5d0ae14b21171180ce6ef93a
p:  372222.4848589903
5d0ae1c1f12fac82e26ef947
p:  241959.83324336854
5d0ae1d44647d75d8b6ef976
p:  296077.19622966216
5d0ae1f84647d75d8b6ef978
p:  396515.96985195973
5d0ae2201f9a4399f56ef944
p:  589143.3073078133
5d0ae22a4647d75d8b6ef97b
p:  223749.79268064004
5d0ae244fc34b87bf26ef987
p:  181336.8565031194
5d0ae24dcdbe5784f16ef954
p:  355813.4896202713
5d0ae25a4647d75d8b6ef97e
p:  276137.45946838957
5d0ae25f6595d58c436ef966
p:  245709.2283160124
5d0ae29537fab433546ef963
p:  487577.85795474454
5d0ae2a321171180ce6ef93e
p:  261189.85316879407
5d0ae2a64647d75d8b6ef982
p:  256810.69150038797
5d0ae2a81f9a4399f56ef945
p:  419237.0446934395
5d0ae2ae910d6eaa1b6ef96f
p:  246162.21743530242
5d0ae2b1f14919197c6ef95f
p:  269532.7740205614
5d0ae2b64647d75d8b6ef983
p:  254082.48391987255
5d0ae2bf910d6eaa1b6ef970
p:  193648.71240712598
5d0ae2c937fab433546ef966
p:  1258539.8914803758
5d0ae2cbcdbe5784f16ef956
p:  435191.6992388612
5d0ae2d7f12fac82e26ef949
p:  220360.76654529615
5d0ae2f5910d6eaa1b6ef973
p:  252643.32615971204
5d0ae3154647d75d8b6ef987
p:  213663.39985929808
5d0ae31a21171180ce6ef940
p:  581960.2338318862
5d0ae31ff12fac82e26ef94b
p:  258497.258841709
5d0ae344f12fac82e26ef94c
p:  241109.62306755717
5d0ae349cdbe5784f16ef958
p:  422060.51137869706
5d0ae360910d6eaa1b6ef979
p:  362591.6536531778
5d0ae36bf12fac82e26ef94e
p:  252359.19403475596
5d0ae37b37fab433546ef969
p:  354595.2307393253
5d0ae38137fab433546ef96a
p:  2851076.4540430577
5d0ae38737fab433546ef96b
p:  710763.5695203308
5d0ae3981f9a4399f56ef94a
p:  285571.8838183334
5d0ae3a437fab433546ef96f
p:  548063.6405327517
5d0ae3b3f12fac82e26ef953
p:  155104.1278059102
5d0ae3b519aeb54ebe6ef943
p:  308893.1017517904
5d0ae3b8f12fac82e26ef954
p:  239502.47801661715
5d0ae3bec53278d1106ef963
p:  255056.9794313684
5d0ae3c2f14919197c6ef963
p:  302937.3097957958
5d0ae44f910d6eaa1b6ef986
p:  306166.9917000861
5d0ae44ff14919197c6ef964
p:  448900.8630963133
5d0ae4586595d58c436ef96e
p:  235448.7410529105
5d0ae46d6595d58c436ef971
p:  271435.97363812046
5d0ae493910d6eaa1b6ef98a
p:  412737.1607564527
5d0ae4a26595d58c436ef979
p:  293827.924594096
5d0ae4e3cdbe5784f16ef95d
p:  309626.81264480593
5d0ae4ecab9720ae936ef961
p:  346664.46178398305
5d0ae4fdf14919197c6ef96f
p:  255800.39517785783
5d0ae512ab9720ae936ef966
p:  467789.42580915336
5d0ae544fc34b87bf26ef998
p:  193948.51258535066
5d0ae558fc34b87bf26ef99a
p:  210965.72758101596
5d0ae5646595d58c436ef980
p:  248535.68065793626
5d0ae573f12fac82e26ef95b
p:  243459.6487349933
5d0ae57421171180ce6ef951
p:  342860.0294236109
5d0ae584fc34b87bf26ef99d
p:  163489.83877801633
5d0ae58921171180ce6ef952
p:  423675.7384233286
5d0ae5a721171180ce6ef953
p:  620971.9892410378
5d0ae5f1fc34b87bf26ef9a2
p:  222321.7723549938
5d0ae5f14647d75d8b6ef995
p:  374675.55710160907
5d0ae620cdbe5784f16ef962
p:  419963.18983506673
5d0ae6206595d58c436ef98a
p:  187584.51284895046
5d0ae62d37fab433546ef976
p:  1250593.3486190927
5d0ae633910d6eaa1b6ef9a1
p:  304063.39451541874
5d0ae64a6595d58c436ef98c
p:  248535.68065793626
5d0ae6516595d58c436ef98d
p:  257284.5732980597
5d0ae6736595d58c436ef98f
p:  213889.77715140462
5d0ae693f12fac82e26ef95f
p:  262879.9778400719
5d0ae6a119aeb54ebe6ef94e
p:  330927.1707779475
5d0ae6ab7bed57e02c6ef97f
p:  95806.09348657873
5d0ae6ab19aeb54ebe6ef94f
p:  330927.1707779475
5d0ae6c94647d75d8b6ef99c
p:  242921.47700242547
5d0ae7357bed57e02c6ef983
p:  196206.32904791698
5d0ae747f12fac82e26ef962
p:  296589.8994247954
5d0ae78d1f9a4399f56ef957
p:  243372.40381856333
5d0ae7bf1f9a4399f56ef95a
p:  370567.8981237274
5d0ae7c04647d75d8b6ef99d
p:  292028.3864810579
5d0ae7c619aeb54ebe6ef953
p:  1019078.2855683184
5d0ae7cc4647d75d8b6ef99e
p:  310710.67774621
5d0ae81bfc34b87bf26ef9b0
p:  218766.1833790123
5d0ae826910d6eaa1b6ef9b1
p:  221855.20065223105
5d0ae842910d6eaa1b6ef9b2
p:  334954.17293680453
5d0ae871fc34b87bf26ef9b2
p:  210192.12165258883
5d0ae8d8910d6eaa1b6ef9b7
p:  341725.5265499403
5d0ae8d9cdbe5784f16ef96d
p:  403868.0855917562
5d0ae8dd910d6eaa1b6ef9b8
p:  252475.4631117065
5d0ae912910d6eaa1b6ef9b9
p:  298936.6951678925
5d0ae9277bed57e02c6ef988
p:  243113.96683464092
5d0ae9291f9a4399f56ef967
p:  239976.07505344687
5d0ae9467bed57e02c6ef989
p:  323142.2861228875
5d0ae94e7bed57e02c6ef98a
p:  238149.62501078256
5d0ae97df14919197c6ef988
p:  264217.1613220638
5d0ae9a0fc34b87bf26ef9b3
p:  316847.50282024924
5d0ae9c0910d6eaa1b6ef9bf
p:  137952.13712426106
5d0ae9c74647d75d8b6ef9a4
p:  260381.14464277614
5d0ae9dc19aeb54ebe6ef95f
p:  544783.6155598228
5d0ae9e837fab433546ef985
p:  441037.27019999723
5d0ae9f537fab433546ef986
p:  479447.3042626679
5d0aea0f19aeb54ebe6ef960
p:  479447.3042626679
5d0aea1237fab433546ef98a
p:  578190.9585294321
5d0aea2b4647d75d8b6ef9aa
p:  148145.57957951873
5d0aea4f19aeb54ebe6ef964
p:  239926.18609571445
5d0aea76cdbe5784f16ef973
p:  439512.2964181973
5d0aea7c19aeb54ebe6ef968
p:  292589.97883830545
5d0aea86f14919197c6ef98a
p:  361309.3140238285
5d0aeab7fc34b87bf26ef9b8
p:  215005.98673218882
5d0aeabffc34b87bf26ef9b9
p:  204541.59858825328
5d0aeac0ab9720ae936ef980
p:  527924.4509876496
5d0aeade4647d75d8b6ef9ab
p:  190524.73935350805
5d0aeaec1f9a4399f56ef970
p:  223332.23502733847
5d0aeaed910d6eaa1b6ef9c4
p:  358027.1547512994
5d0aeb1421171180ce6ef963
p:  345224.20519281476
5d0aeb651f9a4399f56ef974
p:  226807.3761913568
5d0aeb6f7bed57e02c6ef990
p:  219352.04371942265
5d0aeb7cab9720ae936ef981
p:  268840.65642534866
5d0aeb874647d75d8b6ef9b2
p:  290981.68308298744
5d0aeb886595d58c436ef9ae
p:  263654.6505021918
5d0aeb90f12fac82e26ef972
p:  183444.67660545046
5d0aeb9319aeb54ebe6ef979
p:  280426.22092759056
5d0aebfa19aeb54ebe6ef97f
p:  216260.46468198707
5d0aec074647d75d8b6ef9b3
p:  254856.86783360448
5d0aec0d910d6eaa1b6ef9c6
p:  302628.5856636609
5d0aec1019aeb54ebe6ef980
p:  298300.2048882502
5d0aec32cdbe5784f16ef97a
p:  420414.8025963958
5d0aec7919aeb54ebe6ef981
p:  251356.72885620646
5d0aec9519aeb54ebe6ef982
p:  223940.86091159808
5d0aeca04647d75d8b6ef9b4
p:  243567.7541166376
5d0aecc937fab433546ef997
p:  1266997.7289580156
5d0aecceab9720ae936ef983
p:  274510.4751073436
5d0aece64647d75d8b6ef9b5
p:  249094.51303525537
5d0aece9ab9720ae936ef987
p:  247278.94618094416
5d0aeceeab9720ae936ef988
p:  255764.3487377792
5d0aecf0910d6eaa1b6ef9c9
p:  245218.58665352955
5d0aecf5ab9720ae936ef989
p:  278347.1639456688
5d0aecffab9720ae936ef98a
p:  310655.4617678438
5d0aed12ab9720ae936ef98c
p:  321388.70889483416
5d0aed2bf12fac82e26ef978
p:  220360.76654529615
5d0aedac4647d75d8b6ef9b7
p:  256470.4324008776
5d0aedb337fab433546ef99a
p:  236481.04781829682
5d0aedc34647d75d8b6ef9b8
p:  152899.45660198992
5d0aedd76595d58c436ef9b6
p:  230770.14506175314
5d0aede0ab9720ae936ef98d
p:  316466.2414051915
5d0aedeef12fac82e26ef97b
p:  223424.4240105377
5d0aedf721171180ce6ef96c
p:  1601846.8725174419
5d0aee096595d58c436ef9b8
p:  381341.02945742285
5d0aee306595d58c436ef9ba
p:  222243.1105518577
5d0aee3419aeb54ebe6ef98d
p:  293921.34439814184
5d0aee4737fab433546ef99d
p:  338899.59149678657
5d0aee4821171180ce6ef976
p:  454980.17425541603
5d0aee4d21171180ce6ef977
p:  372222.4848589903
5d0aee4e37fab433546ef99e
p:  256415.33225389099
5d0aee5621171180ce6ef979
p:  714995.1904124388
5d0aee6c19aeb54ebe6ef993
p:  281191.5977989565
5d0aee6dcdbe5784f16ef983
p:  406807.17702766124
5d0aee7319aeb54ebe6ef994
p:  318948.21149544395
5d0aeeaf37fab433546ef9a8
p:  1709394.9560613246
5d0aeeb437fab433546ef9a9
p:  2216079.3355152565
5d0aeeb937fab433546ef9aa
p:  473837.0077048348
5d0aeeed21171180ce6ef97f
p:  274796.6766344347
5d0aef20c53278d1106ef992
p:  242383.11513713404
5d0aef2bf14919197c6ef99f
p:  207287.97571287688
5d0aef73fc34b87bf26ef9c4
p:  193948.51258535066
5d0aef92910d6eaa1b6ef9cc
p:  243003.55271259812
5d0aef9c910d6eaa1b6ef9cd
p:  301883.09554581327
5d0aefbf19aeb54ebe6ef99c
p:  416253.89969915093
5d0aefc7910d6eaa1b6ef9d0
p:  409497.48120530345
5d0aeffa910d6eaa1b6ef9d5
p:  488256.1659804771
5d0af0226595d58c436ef9c2
p:  301437.48160338
5d0af02c6595d58c436ef9c3
p:  451341.96040526894
5d0af0336595d58c436ef9c4
p:  195903.66865758935
5d0af09637fab433546ef9b2
p:  766865.4266299314
5d0af0d7910d6eaa1b6ef9d7
p:  226806.32405359985
5d0af0e01f9a4399f56ef97e
p:  231463.21892302093
5d0af0e437fab433546ef9b9
p:  501499.72429043363
5d0af0e61f9a4399f56ef97f
p:  286968.54611596535
5d0af1031f9a4399f56ef980
p:  190495.99125153964
5d0af11f21171180ce6ef98a
p:  372222.4848589903
5d0af1311f9a4399f56ef981
p:  302098.885994912
5d0af1621f9a4399f56ef982
p:  289376.8850924341
5d0af1751f9a4399f56ef983
p:  310039.55721782264
5d0af17c4647d75d8b6ef9c5
p:  290865.5665636949
5d0af1801f9a4399f56ef984
p:  231463.21892302093
5d0af18c1f9a4399f56ef985
p:  310958.6774379497
5d0af1951f9a4399f56ef986
p:  276487.0343671775
5d0af222910d6eaa1b6ef9db
p:  252475.4631117065
5d0af22b910d6eaa1b6ef9dc
p:  323074.8177016492
5d0af239910d6eaa1b6ef9de
p:  209732.98706029158
5d0af24ffc34b87bf26ef9d0
p:  271540.50154134445
5d0af27b910d6eaa1b6ef9e4
p:  209732.98706029158
5d0af28319aeb54ebe6ef9ad
p:  388428.06419453176
5d0af284f14919197c6ef9b2
p:  500806.9857870565
5d0af29019aeb54ebe6ef9ae
p:  374567.9046839369
5d0af2a037fab433546ef9c6
p:  1206307.2484581787
5d0af2af37fab433546ef9c7
p:  314024.8827365894
5d0af2c319aeb54ebe6ef9b1
p:  387177.300339972
5d0af2e6c53278d1106ef9a5
p:  642439.4303146924
5d0af2fcfc34b87bf26ef9d4
p:  366898.8463445079
5d0af3016595d58c436ef9d2
p:  249028.7930109402
5d0af32ef12fac82e26ef98b
p:  276303.88775174494
5d0af33d4647d75d8b6ef9ce
p:  276104.2554674638
5d0af392fc34b87bf26ef9d6
p:  271540.50154134445
5d0af39d910d6eaa1b6ef9e8
p:  203425.96182080026
5d0af3b1ab9720ae936ef9a8
p:  320364.1204533316
5d0af3d5910d6eaa1b6ef9e9
p:  248651.16615197784
5d0af3ea4647d75d8b6ef9d6
p:  334134.6039868526
5d0af4184647d75d8b6ef9db
p:  249095.51656517724
5d0af4524647d75d8b6ef9df
p:  248575.5703708922
5d0af4951f9a4399f56ef991
p:  305795.84385430475
5d0af4c01f9a4399f56ef992
p:  224734.7895536179
5d0af4c0fc34b87bf26ef9d9
p:  260670.41509201028
5d0af4e04647d75d8b6ef9e2
p:  308273.5251039008
5d0af4e237fab433546ef9cf
p:  263460.88778116694
5d0af4e4fc34b87bf26ef9da
p:  313672.0915907717
5d0af4f037fab433546ef9d0
p:  925498.5681830281
5d0af50c4647d75d8b6ef9e3
p:  196308.92996999584
5d0af511ab9720ae936ef9b1
p:  479233.4332904514
5d0af524fc34b87bf26ef9dc
p:  371372.40464465466
5d0af53619aeb54ebe6ef9c0
p:  396368.9936876885
5d0af548910d6eaa1b6ef9eb
p:  192642.89131868706
5d0af56c1f9a4399f56ef997
p:  221396.46804038266
5d0af57bc53278d1106ef9a9
p:  466639.45866679976
5d0af5901f9a4399f56ef999
p:  274178.04541557055
5d0af5e8fc34b87bf26ef9dd
p:  295761.2021977132
5d0af5e819aeb54ebe6ef9c3
p:  367629.0761250518
5d0af5eb7bed57e02c6ef9b7
p:  282230.0476876664
5d0af62d1f9a4399f56ef99e
p:  279797.4702266544
5d0af6341f9a4399f56ef99f
p:  229308.26745830395
5d0af64419aeb54ebe6ef9c6
p:  473155.6377280215
5d0af66a1f9a4399f56ef9a6
p:  199888.48071024456
5d0af66f1f9a4399f56ef9a7
p:  243713.57708534837
5d0af680ab9720ae936ef9b9
p:  274303.1003217571
5d0af6877bed57e02c6ef9ba
p:  295479.49770583335
5d0af69ac53278d1106ef9b1
p:  229302.20261327087
5d0af6a9ab9720ae936ef9ba
p:  257249.54700488574
5d0af6acc53278d1106ef9b2
p:  279113.68829482317
5d0af6b2f14919197c6ef9c5
p:  398165.63434511353
5d0af6ba1f9a4399f56ef9a9
p:  317167.99344212713
5d0af6c11f9a4399f56ef9aa
p:  266239.833764053
5d0af6ec910d6eaa1b6ef9ef
p:  219885.14791197874
5d0af6f121171180ce6ef9a0
p:  881388.347314777
5d0af718f14919197c6ef9c8
p:  209728.638741421
5d0af794f12fac82e26ef99c
p:  402386.3159746194
5d0af79efc34b87bf26ef9e4
p:  331627.47954246646
5d0af7b9fc34b87bf26ef9e6
p:  331465.97737537604
5d0af7edab9720ae936ef9be
p:  276157.71062551707
5d0af831ab9720ae936ef9c5
p:  287245.1911793939
5d0af83ac53278d1106ef9ba
p:  186697.66740635684
5d0af83afc34b87bf26ef9ef
p:  317370.0279304519
5d0af841c53278d1106ef9bb
p:  200638.40115787095
5d0af846ab9720ae936ef9c8
p:  409646.00640609144
5d0af852ab9720ae936ef9ca
p:  238583.05669197434
5d0af85cfc34b87bf26ef9f2
p:  236812.03860627738
5d0af879fc34b87bf26ef9f4
p:  370126.4491701857
5d0af8854647d75d8b6ef9f6
p:  258299.4835291228
5d0af8a34647d75d8b6ef9fa
p:  396908.4923955498
5d0af8a6f14919197c6ef9d7
p:  480745.89630698506
5d0af8a9f12fac82e26ef9a0
p:  352381.57111950277
5d0af8d1c53278d1106ef9c0
p:  243704.8170195903
5d0af8d61f9a4399f56ef9b3
p:  231463.21892302093
5d0af8e31f9a4399f56ef9b5
p:  241672.65216774744
5d0af8ffc53278d1106ef9c3
p:  275619.63004495925
5d0af930f12fac82e26ef9a2
p:  356676.84351918055
5d0af942910d6eaa1b6ef9f7
p:  174230.00929891304
5d0af9521f9a4399f56ef9bb
p:  227368.6326188465
5d0af955910d6eaa1b6ef9f8
p:  222781.23561319904
5d0af96f6595d58c436ef9e8
p:  493707.4355310893
5d0af96f1f9a4399f56ef9bc
p:  221736.72713989305
5d0af9796595d58c436ef9e9
p:  546175.4474379136
5d0af97bab9720ae936ef9ce
p:  406066.5098844512
5d0af97d1f9a4399f56ef9bd
p:  195914.58055366363
5d0af98bc53278d1106ef9c8
p:  162165.86607010235
5d0af99d1f9a4399f56ef9be
p:  237406.6195461582
5d0af9c9c53278d1106ef9cc
p:  245963.86492492814
5d0af9d21f9a4399f56ef9c1
p:  276487.0343671775
5d0af9e01f9a4399f56ef9c2
p:  303661.89726812905
5d0af9f0910d6eaa1b6ef9fc
p:  274599.95439593523
5d0af9f0f12fac82e26ef9a5
p:  297561.1768735393
5d0afa1bab9720ae936ef9d0
p:  317761.8138786909
5d0afa5ecdbe5784f16ef9ae
p:  745139.689929626
5d0afa64fc34b87bf26ef9ff
p:  241527.2691569395
5d0afa6ff12fac82e26ef9a7
p:  375180.619360141
5d0afa9dcdbe5784f16ef9af
p:  271885.2190739457
5d0afacb910d6eaa1b6efa05
p:  179311.8635693654
5d0afad6910d6eaa1b6efa07
p:  240439.42516601706
5d0afadccdbe5784f16ef9b0
p:  363351.30249250215
5d0afb42ab9720ae936ef9d4
p:  349718.15047364053
5d0afb60c53278d1106ef9d7
p:  260077.57788417468
5d0afb6d1f9a4399f56ef9c6
p:  123016.4480453738
5d0afb707bed57e02c6ef9ce
p:  651053.5657620552
5d0afb91cdbe5784f16ef9b2
p:  354292.013541272
5d0afb9a1f9a4399f56ef9c8
p:  287502.4973883553
5d0afb9bfc34b87bf26efa09
p:  271540.50154134445
5d0afbbcfc34b87bf26efa0c
p:  327098.2845889025
5d0afbd0fc34b87bf26efa0e
p:  392866.4296499131
5d0afc02f14919197c6ef9e2
p:  232883.31048129004
5d0afc1ef14919197c6ef9e4
p:  247420.28515981056
5d0afc204647d75d8b6efa0c
p:  295628.88018212357
5d0afc6f21171180ce6ef9bd
p:  444263.0357560392
5d0afc7d910d6eaa1b6efa0a
p:  232530.73437495035
5d0afc82f12fac82e26ef9af
p:  297333.2523709095
5d0afcad910d6eaa1b6efa0b
p:  275682.2290920341
5d0afcc119aeb54ebe6ef9eb
p:  371301.78496576357
5d0afcc1f12fac82e26ef9b0
p:  445588.9899442779
5d0afce5fc34b87bf26efa16
p:  211172.0679517326
5d0afd1c6595d58c436ef9f1
p:  320932.9927090036
5d0afd7919aeb54ebe6ef9ed
p:  289249.9364607111
5d0afd88910d6eaa1b6efa0e
p:  172733.63167881823
5d0afd97910d6eaa1b6efa11
p:  343011.393179909
5d0afd99f12fac82e26ef9b3
p:  298369.286207612
5d0afd9d7bed57e02c6ef9d6
p:  510755.5290379769
5d0afdc17bed57e02c6ef9d7
p:  316412.65789738926
5d0afddf7bed57e02c6ef9d9
p:  310695.1426368895
5d0afddff12fac82e26ef9b4
p:  424036.6210726639
5d0afdf1ab9720ae936ef9e3
p:  243544.43821746134
5d0afdf8ab9720ae936ef9e4
p:  354637.3522141146
5d0afe09cdbe5784f16ef9bc
p:  319047.3211043718
5d0afe094647d75d8b6efa17
p:  250857.17458622408
5d0afe0aab9720ae936ef9e6
p:  176614.4427387673
5d0afe12ab9720ae936ef9e7
p:  311988.3805284037
5d0afe154647d75d8b6efa19
p:  225700.95937266853
5d0afe256595d58c436efa00
p:  257901.8467836332
5d0afe2bab9720ae936ef9ea
p:  223608.4771532364
5d0afe371f9a4399f56ef9cd
p:  230557.57668963412
5d0afe4aab9720ae936ef9ee
p:  264158.4216697467
5d0afe4b19aeb54ebe6ef9ef
p:  1282439.3893804979
5d0afe5619aeb54ebe6ef9f0
p:  380338.57914097863
5d0afe62ab9720ae936ef9f1
p:  269557.49945542455
5d0afe6aab9720ae936ef9f2
p:  271770.9972710384
5d0afec7cdbe5784f16ef9bf
p:  330688.787823741
5d0afef9910d6eaa1b6efa17
p:  314812.3040482791
5d0aff0121171180ce6ef9c7
p:  291189.9740929428
5d0aff15fc34b87bf26efa1a
p:  308074.76988806494
5d0aff1b6595d58c436efa08
p:  299930.44950854
5d0aff1ef12fac82e26ef9b9
p:  324970.7608610841
5d0aff29f14919197c6ef9e9
p:  192888.48632211756
5d0aff84f14919197c6ef9f0
p:  278826.19923694764
5d0aff867bed57e02c6ef9dd
p:  327477.0895787019
5d0aff8619aeb54ebe6ef9f4
p:  318391.43286515784
5d0aff9637fab433546ef9f9
p:  1763085.6070417278
5d0affd8f14919197c6ef9f6
p:  253844.4203314868
5d0affdfc53278d1106ef9e8
p:  298255.3110018762
5d0affe1ab9720ae936ef9fc
p:  250294.30172067406
5d0affeafc34b87bf26efa1d
p:  312881.73360921536
5d0afff7fc34b87bf26efa1f
p:  157754.46728765988
5d0affff6595d58c436efa0d
p:  302776.5286780938
5d0b000ff14919197c6ef9fc
p:  276378.15520378295
5d0b0044fc34b87bf26efa27
p:  271540.50154134445
5d0b005f7bed57e02c6ef9e7
p:  371522.11306121177
5d0b00647bed57e02c6ef9e8
p:  147265.1820429074
5d0b00847bed57e02c6ef9ed
p:  324341.15523597377
5d0b00904647d75d8b6efa1c
p:  458567.7464307514
5d0b009bc53278d1106ef9ef
p:  328524.11479031947
5d0b00f54647d75d8b6efa24
p:  279917.72355520737
5d0b013621171180ce6ef9cf
p:  316979.1367692284
5d0b014221171180ce6ef9d1
p:  340455.0475945838
5d0b01a9fc34b87bf26efa33
p:  270651.4438076177
5d0b01b1910d6eaa1b6efa1d
p:  245218.58665352955
5d0b01d1f14919197c6efa06
p:  231730.57689946727
5d0b01dbf14919197c6efa07
p:  200368.7844827267
5d0b02047bed57e02c6ef9ef
p:  366103.3988936611
5d0b0207cdbe5784f16ef9cc
p:  438743.80809715687
5d0b020b7bed57e02c6ef9f0
p:  558853.352570938
5d0b02127bed57e02c6ef9f1
p:  435875.7588043865
5d0b021cf14919197c6efa0c
p:  116056.06895072374
5d0b021f7bed57e02c6ef9f3
p:  361225.34885028785
5d0b0225f12fac82e26ef9c5
p:  334377.49011487473
5d0b0231fc34b87bf26efa3e
p:  241527.2691569395
5d0b02576595d58c436efa18
p:  286071.5573948419
5d0b02597bed57e02c6ef9f9
p:  390553.18477752665
5d0b02a7f12fac82e26ef9c7
p:  547811.5375079804
5d0b02c5ab9720ae936efa07
p:  317761.8138786909
5d0b035d7bed57e02c6efa00
p:  299633.63350288826
5d0b0362fc34b87bf26efa46
p:  319034.1048403492
5d0b038c21171180ce6ef9e3
p:  388418.3527605872
5d0b039221171180ce6ef9e4
p:  423625.79493461165
5d0b03d2fc34b87bf26efa4b
p:  331288.5576594979
5d0b03ec4647d75d8b6efa2e
p:  245232.77553462505
5d0b040cf12fac82e26ef9cc
p:  328840.0150171999
5d0b0428fc34b87bf26efa4d
p:  345445.8892740294
5d0b044bf12fac82e26ef9cd
p:  324803.18860153307
5d0b04754647d75d8b6efa37
p:  458567.7464307514
5d0b0475cdbe5784f16ef9d6
p:  319047.3211043718
5d0b0493f12fac82e26ef9ce
p:  305509.6842106802
5d0b049f7bed57e02c6efa05
p:  325931.3791298503
5d0b04dd4647d75d8b6efa39
p:  517260.0322079483
5d0b04fb4647d75d8b6efa3c
p:  258157.61423241615
5d0b05194647d75d8b6efa3e
p:  318469.55469616887
5d0b056e4647d75d8b6efa42
p:  386903.8450174544
5d0b05964647d75d8b6efa47
p:  414216.3204820318
5d0b060ecdbe5784f16ef9e3
p:  390438.1849236119
5d0b06207bed57e02c6efa0b
p:  357731.58208751644
5d0b0643910d6eaa1b6efa3e
p:  318075.1064937414
5d0b0657f12fac82e26ef9d5
p:  271559.76332988683
5d0b067f37fab433546efa16
p:  1423261.6655323715
5d0b06801f9a4399f56ef9ff
p:  255667.82780175196
5d0b0698f12fac82e26ef9d6
p:  301607.1266215099
5d0b06a07bed57e02c6efa0d
p:  289869.4072883464
5d0b06abfc34b87bf26efa5b
p:  359221.3268864355
5d0b06d34647d75d8b6efa5c
p:  563706.3090716429
5d0b06d94647d75d8b6efa5d
p:  269050.1476594937
5d0b07221f9a4399f56efa08
p:  342100.1739156286
5d0b07311f9a4399f56efa09
p:  206114.71648212193
5d0b0748ab9720ae936efa16
p:  229114.26019843068
5d0b075b1f9a4399f56efa0c
p:  494196.22619189904
5d0b076f4647d75d8b6efa62
p:  320446.3709118466
5d0b07801f9a4399f56efa0e
p:  482771.58237608866
5d0b078c1f9a4399f56efa0f
p:  404295.05170337134
5d0b07981f9a4399f56efa10
p:  388635.5856783696
5d0b07b04647d75d8b6efa68
p:  356444.2863696878
5d0b07cc1f9a4399f56efa14
p:  277640.61309465085
5d0b07e3f12fac82e26ef9db
p:  224639.54321937304
5d0b07ef4647d75d8b6efa6d
p:  468052.48670169193
5d0b08191f9a4399f56efa1b
p:  470369.85674877965
5d0b0826f12fac82e26ef9dc
p:  421720.1720128497
5d0b084d1f9a4399f56efa21
p:  345914.8814928669
5d0b08abf14919197c6efa2a
p:  375379.27799718326
5d0b08c5cdbe5784f16ef9ee
p:  420758.888612621
5d0b093af14919197c6efa2e
p:  1249838.661633391
5d0b096f1f9a4399f56efa28
p:  277640.61309465085
5d0b097737fab433546efa2c
p:  555961.8042448427
5d0b097a6595d58c436efa32
p:  493932.7077212956
5d0b0a42cdbe5784f16ef9f4
p:  428424.6765904176
5d0b0a7937fab433546efa38
p:  680456.3583914968
5d0b0aa0f12fac82e26ef9e5
p:  314627.8804631614
5d0b0acefc34b87bf26efa6f
p:  468606.54969127785
5d0b0ad6fc34b87bf26efa70
p:  329298.6674554826
5d0b0af81f9a4399f56efa2a
p:  330809.45894887584
5d0b0b5ff12fac82e26ef9e8
p:  519111.6378437656
5d0b0b941f9a4399f56efa2d
p:  566616.2059335348
5d0b0b9b1f9a4399f56efa2e
p:  410393.3344711474
5d0b0b9ff12fac82e26ef9e9
p:  386247.3961839349
5d0b0bbecdbe5784f16ef9fa
p:  258817.59896002972
5d0b0bc0fc34b87bf26efa7a
p:  344964.02642680495
5d0b0bc44647d75d8b6efa80
p:  672701.6326397874
5d0b0bc5fc34b87bf26efa7b
p:  429116.7520702452
5d0b0bd6fc34b87bf26efa7e
p:  627682.3205540098
5d0b0c8f1f9a4399f56efa35
p:  555147.3028012926
5d0b0ca4f12fac82e26ef9ed
p:  368181.4220703015
5d0b0ccd1f9a4399f56efa38
p:  395700.8534919614
5d0b0cf7fc34b87bf26efa83
p:  346180.3934997818
5d0b0cfc1f9a4399f56efa3a
p:  493794.9461217248
5d0b0d04fc34b87bf26efa85
p:  345852.3508565931
5d0b0d357bed57e02c6efa27
p:  390553.18477752665
5d0b0d441f9a4399f56efa3f
p:  321359.3012408318
5d0b0db47bed57e02c6efa29
p:  454909.33375117986
5d0b0e39fc34b87bf26efa8e
p:  261505.77791967028
5d0b0f11910d6eaa1b6efa73
p:  522114.30740010046
5d0b0f6ff12fac82e26ef9f8
p:  232962.98787042708
5d0b0f73cdbe5784f16efa09
p:  191513.71086193313
5d0b0fb3f12fac82e26ef9f9
p:  386774.71511532174
5d0b0fba6595d58c436efa4a
p:  267216.23905887554
5d0b111bf12fac82e26ef9fd
p:  635091.1352289997
5d0b11441f9a4399f56efa4a
p:  411550.9116632502
5d0b11dbf12fac82e26efa00
p:  286775.6424196712
5d0b120efc34b87bf26efa99
p:  394430.3644122131
5d0b121af12fac82e26efa01
p:  364419.3177679507
5d0b12edcdbe5784f16efa17
p:  432861.5859731551
5d0b13d1910d6eaa1b6efa89
p:  329121.7158020764
5d0b13ef910d6eaa1b6efa8c
p:  298547.04211495357
5d0b14051f9a4399f56efa4e
p:  498172.84922119864
5d0b14437bed57e02c6efa43
p:  511029.19526638533
5d0b14541f9a4399f56efa56
p:  263940.72253576084
5d0b1478910d6eaa1b6efa92
p:  274264.5277256075
5d0b147b910d6eaa1b6efa93
p:  343911.9117122451
5d0b1480910d6eaa1b6efa94
p:  280929.0433034506
5d0b148a910d6eaa1b6efa96
p:  272586.11971881357
5d0b148f910d6eaa1b6efa97
p:  482757.10027818085
5d0b1493910d6eaa1b6efa98
p:  364433.33843841194
5d0b1531fc34b87bf26efaa4
p:  396355.0679020138
5d0b154b910d6eaa1b6efa9c
p:  275895.2134449266
5d0b15c37bed57e02c6efa49
p:  259149.1053628208
5d0b1605fc34b87bf26efaa7
p:  468606.54969127785
5d0b16701f9a4399f56efa64
p:  344289.1285676465
5d0b16a6fc34b87bf26efaae
p:  308265.8980812342
5d0b16defc34b87bf26efab3
p:  418177.97048333765
5d0b172ff12fac82e26efa13
p:  546843.0365828129
5d0b17f3f12fac82e26efa16
p:  291567.2395533085
5d0b18087bed57e02c6efa52
p:  511029.19526638533
5d0b18487bed57e02c6efa53
p:  262062.09640648297
5d0b187d1f9a4399f56efa6d
p:  572373.0778729816
5d0b19741f9a4399f56efa71
p:  344731.26219081564
5d0b19881f9a4399f56efa74
p:  364685.02997370885
5d0b19af1f9a4399f56efa7a
p:  469914.7349660293
5d0b19ba1f9a4399f56efa7c
p:  255667.82780175196
5d0b1a74f12fac82e26efa1e
p:  389618.9706724016
5d0b1a757bed57e02c6efa5b
p:  340096.0477377641
5d0b1aff1f9a4399f56efa89
p:  513056.6553532722
5d0b1b1f910d6eaa1b6efabe
p:  433058.43752655876
5d0b1b39910d6eaa1b6efac3
p:  267315.799249678
5d0b1b3d910d6eaa1b6efac4
p:  624632.2406048297
5d0b1b42910d6eaa1b6efac5
p:  624632.2406048297
5d0b1b591f9a4399f56efa8d
p:  262084.80153600415
5d0b1bb77bed57e02c6efa60
p:  294817.5251419622
5d0b1c01f12fac82e26efa24
p:  351740.35021773947
5d0b1c7dab9720ae936efa9a
p:  157964.59891563782
5d0b1c94ab9720ae936efa9b
p:  244413.5728447569
5d0b1c991f9a4399f56efa95
p:  260267.7767655023
5d0b1cb87bed57e02c6efa64
p:  284601.28696833143
5d0b1cbb910d6eaa1b6efacb
p:  278706.37163984147
5d0b1cc71f9a4399f56efa9b
p:  947002.8668641315
5d0b1ce61f9a4399f56efa9f
p:  889132.3048201224
5d0b1d32ab9720ae936efaa0
p:  296272.1189134392
5d0b1d7b7bed57e02c6efa67
p:  305863.1086969373
5d0b1e3c7bed57e02c6efa6a
p:  168699.08383466656
5d0b1ea91f9a4399f56efaad
p:  471852.66114865686
5d0b1ebc7bed57e02c6efa6c
p:  153326.44244901615
5d0b1ef5f12fac82e26efa38
p:  282192.8126141955
5d0b1efc7bed57e02c6efa6d
p:  310022.98045405035
5d0b1fbc7bed57e02c6efa70
p:  352557.6118769977
5d0b2002ab9720ae936efaa6
p:  302593.4541374983
5d0b20037bed57e02c6efa71
p:  344289.65351684985
5d0b200bab9720ae936efaa7
p:  250196.9181264342
5d0b2038ab9720ae936efaab
p:  181533.6895830268
5d0b20837bed57e02c6efa73
p:  390197.75470130367
5d0b20cb1f9a4399f56efaba
p:  265036.6984061643
5d0b21c47bed57e02c6efa78
p:  260923.82626052777
5d0b21c9ab9720ae936efac5
p:  234725.0891429738
5d0b21caf12fac82e26efa4d
p:  512709.27270975965
5d0b21ecab9720ae936efac7
p:  222664.1417847261
5d0b21fdf12fac82e26efa4f
p:  301059.194445537
5d0b2236c53278d1106efa9d
p:  241750.61215024785
5d0b22457bed57e02c6efa7a
p:  352557.6118769977
5d0b2282f12fac82e26efa56
p:  340888.31390534074
5d0b22877bed57e02c6efa7b
p:  212605.55781214364
5d0b22acf12fac82e26efa58
p:  286775.6424196712
5d0b22df1f9a4399f56efaca
p:  450302.1071208203
5d0b236cc53278d1106efaa3
p:  165832.77975324035
5d0b2377ab9720ae936efacf
p:  186252.27457191746
5d0b240d7bed57e02c6efa81
p:  138354.57302701104
5d0b2459ab9720ae936efad6
p:  243811.38931710733
5d0b248bc53278d1106efaa9
p:  155397.1400530238
5d0b249121171180ce6efa7b
p:  159116.83571874007
5d0b249ac53278d1106efaaa
p:  312014.175119568
5d0b254f7bed57e02c6efa86
p:  294954.0171036657
5d0b25521f9a4399f56efada
p:  494794.9391029872
5d0b255721171180ce6efa80
p:  236363.7997354544
5d0b255c21171180ce6efa81
p:  176773.25503084337
5d0b256221171180ce6efa82
p:  335460.8111470265
5d0b256621171180ce6efa83
p:  285396.57034581795
5d0b256d1f9a4399f56efadb
p:  354129.9210076992
5d0b257021171180ce6efa85
p:  168416.8459258898
5d0b25abc53278d1106efaac
p:  150591.32298501692
5d0b25c0c53278d1106efaad
p:  309254.8755031508
5d0b2626f12fac82e26efa5e
p:  197628.02181234027
5d0b26741f9a4399f56efae3
p:  573032.8982833608
5d0b2694c53278d1106efabb
p:  243725.4403441474
5d0b2697f12fac82e26efa5f
p:  198525.6022880773
5d0b26a5c53278d1106efabe
p:  366680.0079024506
5d0b26b9f12fac82e26efa61
p:  277503.01200456265
5d0b2740f12fac82e26efa64
p:  286302.5895672811
5d0b275ff12fac82e26efa68
p:  156804.14671723061
5d0b2766f12fac82e26efa69
p:  151433.25718700484
5d0b27671f9a4399f56efae4
p:  470571.9414354288
5d0b27dbf12fac82e26efa6a
p:  286361.54026945966
5d0b27ec7bed57e02c6efa8f
p:  163912.61493433517
5d0b284f1f9a4399f56efae9
p:  251032.97505361994
5d0b28861f9a4399f56efaec
p:  442391.516905132
5d0b288f910d6eaa1b6efaf5
p:  534796.6704437241
5d0b2899ab9720ae936efaed
p:  460466.0700937706
5d0b289bfc34b87bf26efae1
p:  292639.25092522433
5d0b289dab9720ae936efaee
p:  217505.22655278814
5d0b28a0fc34b87bf26efae2
p:  282603.4276645621
5d0b28cf910d6eaa1b6efaf7
p:  316709.21417036117
5d0b28e21f9a4399f56efaef
p:  244767.41865296097
5d0b28e4910d6eaa1b6efaf8
p:  293891.938760074
5d0b294ff12fac82e26efa6e
p:  197288.9152096629
5d0b2957f12fac82e26efa70
p:  151433.25718700484
5d0b29741f9a4399f56efaf0
p:  504693.6973579818
5d0b297dab9720ae936efaf2
p:  340821.9731827046
5d0b2984fc34b87bf26efae5
p:  302053.7570637501
5d0b299dfc34b87bf26efae8
p:  337848.48039173306
5d0b299df12fac82e26efa78
p:  231888.45082722115
5d0b29a1f12fac82e26efa79
p:  269666.12375412125
5d0b29b0fc34b87bf26efaea
p:  287520.1633056852
5d0b2a2c21171180ce6efa93
p:  376645.7035008024
5d0b2a39ab9720ae936efaf4
p:  282587.1152569358
5d0b2a5121171180ce6efa98
p:  242247.23682612204
5d0b2a52ab9720ae936efaf6
p:  323222.1845692422
5d0b2a57ab9720ae936efaf7
p:  351323.47840793396
5d0b2a69f12fac82e26efa7f
p:  242928.7717550419
5d0b2a83ab9720ae936efaf8
p:  243293.8828335455
5d0b2a961f9a4399f56efaf3
p:  434540.80264482845
5d0b2ab821171180ce6efa9c
p:  193494.1046933132
5d0b2ac61f9a4399f56efaf4
p:  306902.202180709
5d0b2b211f9a4399f56efaf5
p:  269630.4101552075
5d0b2b31ab9720ae936efafa
p:  199863.69184676168
5d0b2b3e21171180ce6efaa0
p:  212097.64381083113
5d0b2b451f9a4399f56efaf6
p:  346371.8906928553
5d0b2b99ab9720ae936efafc
p:  306414.80113885686
5d0b2ba7c53278d1106efacf
p:  142192.4615595162
5d0b2c00fc34b87bf26efaf6
p:  453784.96307959815
5d0b2c221f9a4399f56efafa
p:  233987.73220354936
5d0b2c271f9a4399f56efafb
p:  254182.93992958183
5d0b2c2c1f9a4399f56efafc
p:  274542.884901236
5d0b2c321f9a4399f56efafd
p:  306185.7744667195
5d0b2c3419aeb54ebe6efaeb
p:  279816.7284246001
5d0b2c72fc34b87bf26efaf8
p:  163213.7709960185
5d0b2cd1fc34b87bf26efaf9
p:  332365.8044429805
5d0b2ce8fc34b87bf26efafc
p:  471062.99810502963
5d0b2ceefc34b87bf26efafd
p:  1470793.5109600355
5d0b2d321f9a4399f56efb01
p:  241899.34501428122
5d0b2d54910d6eaa1b6efb18
p:  250719.19121694856
5d0b2d81f12fac82e26efa8d
p:  290233.64448699576
5d0b2d90f12fac82e26efa90
p:  151433.25718700484
5d0b2d98f12fac82e26efa91
p:  151433.25718700484
5d0b2dae19aeb54ebe6efaf2
p:  236656.17806113852
5d0b2dff19aeb54ebe6efaf3
p:  441613.91678732645
5d0b2e2ffc34b87bf26efb08
p:  382409.3505158713
5d0b2e557bed57e02c6efaab
p:  168740.74197776965
5d0b2e667bed57e02c6efaac
p:  252998.93193974922
5d0b2e7819aeb54ebe6efaf4
p:  358208.8668383651
5d0b2e867bed57e02c6efaae
p:  117073.82654460463
5d0b2e947bed57e02c6efaaf
p:  252998.93193974922
5d0b2eb57bed57e02c6efab1
p:  397577.58750582184
5d0b2edc1f9a4399f56efb0c
p:  333160.5886051647
5d0b2ee47bed57e02c6efab4
p:  291170.54845108587
5d0b2ee81f9a4399f56efb0e
p:  285461.63829651516
5d0b2efe7bed57e02c6efab6
p:  208134.18353650198
5d0b2f331f9a4399f56efb11
p:  298381.53782063845
5d0b2f381f9a4399f56efb12
p:  247915.21052417217
5d0b2f4f1f9a4399f56efb16
p:  234142.24312422107
5d0b2f517bed57e02c6efabc
p:  296980.7254207725
5d0b2f541f9a4399f56efb17
p:  249908.97681885646
5d0b2f62fc34b87bf26efb0a
p:  280477.64200921543
5d0b2f8e7bed57e02c6efabf
p:  144460.10716328965
5d0b2f98c53278d1106efadb
p:  313642.9545941637
5d0b3015fc34b87bf26efb0f
p:  289438.28839753976
5d0b30194647d75d8b6efb5a
p:  289133.1625854254
5d0b30247bed57e02c6efac3
p:  156767.00651091785
5d0b30314647d75d8b6efb5d
p:  292048.10595692217
5d0b30384647d75d8b6efb5e
p:  311314.5587413275
5d0b30407bed57e02c6efac4
p:  173811.89414247172
5d0b304219aeb54ebe6efaf5
p:  325562.3031884275
5d0b30484647d75d8b6efb60
p:  462181.86569231446
5d0b304e4647d75d8b6efb61
p:  463035.683022395
5d0b30544647d75d8b6efb62
p:  313338.9024913275
5d0b305721171180ce6efaaf
p:  201161.0525468198
5d0b305e7bed57e02c6efac5
p:  157566.3710070497
5d0b309d7bed57e02c6efac8
p:  299040.21554759995
5d0b30ad19aeb54ebe6efaf7
p:  271528.8506595724
5d0b30c721171180ce6efab3
p:  271783.8641563574
5d0b30de19aeb54ebe6efaf8
p:  245029.24276307476
5d0b30ff21171180ce6efab5
p:  748103.0335522458
5d0b3100c53278d1106efadf
p:  499888.0628188327
5d0b311d7bed57e02c6efacd
p:  349332.5692414851
5d0b31771f9a4399f56efb1d
p:  245241.21380013242
5d0b317819aeb54ebe6efaf9
p:  288672.99358699506
5d0b317c21171180ce6efac2
p:  245517.85949605034
5d0b3183fc34b87bf26efb15
p:  453784.96307959815
5d0b31abab9720ae936efb0a
p:  203565.9592676684
5d0b31afab9720ae936efb0b
p:  234742.50977202377
5d0b31bc1f9a4399f56efb1e
p:  243108.3490938064
5d0b31c81f9a4399f56efb20
p:  250489.51028356055
5d0b31e47bed57e02c6efad8
p:  233266.78208128578
5d0b31e81f9a4399f56efb23
p:  214539.32769467888
5d0b31ed1f9a4399f56efb24
p:  265981.5248801056
5d0b31f21f9a4399f56efb25
p:  247915.21052417217
5d0b31f6c53278d1106efae5
p:  313862.8525883474
5d0b31f919aeb54ebe6efafc
p:  358208.8668383651
5d0b31fbc53278d1106efae6
p:  338908.6764282837
5d0b3200c53278d1106efae7
p:  295962.78694469004
5d0b3209c53278d1106efae8
p:  313410.1196570598
5d0b3234f12fac82e26efa9a
p:  205637.37612969952
5d0b329a1f9a4399f56efb2a
p:  274609.443126272
5d0b329e19aeb54ebe6efafd
p:  305994.20670481253
5d0b32b21f9a4399f56efb2c
p:  241899.34501428122
5d0b32ebab9720ae936efb11
p:  232085.59571400314
5d0b32f1ab9720ae936efb12
p:  234742.50977202377
5d0b3303ab9720ae936efb13
p:  278377.6013121075
5d0b330d1f9a4399f56efb30
p:  184194.30149131213
5d0b3340ab9720ae936efb1c
p:  382274.96824200393
5d0b334519aeb54ebe6efb01
p:  252956.432545711
5d0b33811f9a4399f56efb34
p:  167644.89123973917
5d0b33ae910d6eaa1b6efb3a
p:  293362.2841131482
5d0b33c5ab9720ae936efb1d
p:  272099.053374951
5d0b33ccfc34b87bf26efb21
p:  275295.55191768694
5d0b33d34647d75d8b6efb72
p:  220538.74305294018
5d0b33e421171180ce6efac6
p:  156766.85019206294
5d0b33eb21171180ce6efac7
p:  172683.1639519861
5d0b33f2ab9720ae936efb1e
p:  215993.49698960714
5d0b341dab9720ae936efb1f
p:  220091.1106038185
5d0b345c7bed57e02c6efade
p:  213278.45306645485
5d0b348c4647d75d8b6efb85
p:  465131.6867339623
5d0b34cd910d6eaa1b6efb41
p:  308368.2976438462
5d0b34d9fc34b87bf26efb29
p:  330533.6431982134
5d0b350c4647d75d8b6efb86
p:  551815.7186889881
5d0b353819aeb54ebe6efb08
p:  384667.5371329223
5d0b354121171180ce6efacc
p:  683076.413884697
5d0b355219aeb54ebe6efb0c
p:  313438.5065881186
5d0b35557bed57e02c6efae0
p:  113901.90066849435
5d0b3567fc34b87bf26efb2d
p:  399587.9398249012
5d0b35afab9720ae936efb29
p:  166125.9942731858
5d0b35c219aeb54ebe6efb0d
p:  313737.1674768891
5d0b35e4ab9720ae936efb30
p:  232085.59571400314
5d0b35fafc34b87bf26efb30
p:  287520.1633056852
5d0b360821171180ce6efad2
p:  238795.09921084656
5d0b361c4647d75d8b6efb8c
p:  183333.92856399866
5d0b362e19aeb54ebe6efb0e
p:  260502.92560591042
5d0b3651fc34b87bf26efb32
p:  316913.7493170628
5d0b3676fc34b87bf26efb33
p:  859118.7868604313
5d0b36bf1f9a4399f56efb42
p:  283444.9549802182
5d0b3787fc34b87bf26efb39
p:  270214.77081479284
5d0b37ea19aeb54ebe6efb10
p:  292424.02056284895
5d0b3822f12fac82e26efab5
p:  566128.435891049
5d0b38317bed57e02c6efaeb
p:  269322.3663039402
5d0b383e4647d75d8b6efb97
p:  220538.74305294018
5d0b38444647d75d8b6efb98
p:  590777.4720526395
5d0b38717bed57e02c6efaec
p:  282825.72934891994
5d0b38fe4647d75d8b6efba0
p:  880919.2307335798
5d0b390a1f9a4399f56efb4c
p:  254555.70671204774
5d0b3929ab9720ae936efb3b
p:  283511.1979228654
5d0b396719aeb54ebe6efb1f
p:  279816.7284246001
5d0b3969f12fac82e26efab8
p:  319276.8548466702
5d0b399bf12fac82e26efabc
p:  191295.12597957684
5d0b39a6f12fac82e26efabd
p:  255003.42674031755
5d0b39bff12fac82e26efabf
p:  231157.61851111762
5d0b3a13fc34b87bf26efb42
p:  521584.13541546155
5d0b3a19fc34b87bf26efb43
p:  287520.1633056852
5d0b3aa021171180ce6efaf8
p:  270694.2773132098
5d0b3aac1f9a4399f56efb51
p:  309212.22442732914
5d0b3ab21f9a4399f56efb52
p:  227481.61525911075
5d0b3ab71f9a4399f56efb53
p:  280153.395857831
5d0b3ab919aeb54ebe6efb24
p:  289933.24028223497
5d0b3abd1f9a4399f56efb54
p:  351124.31723296654
5d0b3ac11f9a4399f56efb55
p:  290130.0968314501
5d0b3b16fc34b87bf26efb49
p:  322758.134897997
5d0b3b35ab9720ae936efb3e
p:  224265.98830574064
5d0b3b377bed57e02c6efaf7
p:  242650.89742677618
5d0b3b621f9a4399f56efb56
p:  238177.83223851584
5d0b3b8621171180ce6efafc
p:  269540.8120012142
5d0b3b92ab9720ae936efb3f
p:  166125.9942731858
5d0b3b9df12fac82e26efac3
p:  318945.16324800224
5d0b3bb31f9a4399f56efb58
p:  320803.84040807537
5d0b3bb9f12fac82e26efac6
p:  201741.38910392337
5d0b3bbbab9720ae936efb42
p:  241112.27391525137
5d0b3becfc34b87bf26efb4e
p:  1086668.331503573
5d0b3c2df12fac82e26efaca
p:  306817.1972606529
5d0b3c3bf12fac82e26efacb
p:  231497.5319978134
5d0b3c3cfc34b87bf26efb51
p:  287520.1633056852
5d0b3c41f12fac82e26efacc
p:  302341.09083213797
5d0b3c76ab9720ae936efb44
p:  283511.1979228654
5d0b3c77f12fac82e26efacf
p:  310987.1035588052
5d0b3c821f9a4399f56efb5a
p:  227868.141532987
5d0b3c8b910d6eaa1b6efb60
p:  507757.2511877591
5d0b3c9019aeb54ebe6efb2c
p:  236481.21676533105
5d0b3c911f9a4399f56efb5b
p:  721211.567048867
5d0b3c951f9a4399f56efb5c
p:  394014.00872517226
5d0b3cabab9720ae936efb46
p:  272099.053374951
5d0b3cd1fc34b87bf26efb54
p:  256635.2047492391
5d0b3cedab9720ae936efb48
p:  365156.6406040733
5d0b3cf1910d6eaa1b6efb64
p:  337744.433713546
5d0b3cf4ab9720ae936efb49
p:  284976.9923517443
5d0b3d0621171180ce6efb06
p:  343113.77037156647
5d0b3d20fc34b87bf26efb5d
p:  320882.46762834507
5d0b3d357bed57e02c6efaff
p:  260930.99374031578
5d0b3d417bed57e02c6efb01
p:  171555.61701707964
5d0b3d45f12fac82e26efad4
p:  301063.29701736337
5d0b3d48ab9720ae936efb4b
p:  295301.5587080254
5d0b3d4fab9720ae936efb4c
p:  265949.29289224825
5d0b3d4f910d6eaa1b6efb69
p:  279788.82444039814
5d0b3d56ab9720ae936efb4d
p:  372395.00853629806
5d0b3d5dab9720ae936efb4e
p:  284976.9923517443
5d0b3d5f1f9a4399f56efb5e
p:  290032.96597314166
5d0b3d66ab9720ae936efb4f
p:  247214.0666848484
5d0b3d6fab9720ae936efb50
p:  247214.0666848484
5d0b3d747bed57e02c6efb09
p:  463440.57236274483
5d0b3d8bab9720ae936efb54
p:  277993.1082258125
5d0b3d91ab9720ae936efb55
p:  245503.06732184187
5d0b3d96ab9720ae936efb56
p:  279308.1518248522
5d0b3dd3ab9720ae936efb58
p:  417810.140025837
5d0b3de1910d6eaa1b6efb71
p:  280929.0433034506
5d0b3e03f12fac82e26efad7
p:  255003.42674031755
5d0b3e1af12fac82e26efadb
p:  284344.6205217518
5d0b3e27910d6eaa1b6efb74
p:  560136.1619837402
5d0b3eacf12fac82e26efade
p:  260383.93154837907
5d0b3ed1f12fac82e26efadf
p:  306550.983017638
5d0b3f344647d75d8b6efbc0
p:  299147.64596707665
5d0b3f6d7bed57e02c6efb0c
p:  932938.113506186
5d0b3f9e910d6eaa1b6efb7f
p:  389329.47184389376
5d0b3fc81f9a4399f56efb63
p:  220791.95788033586
5d0b3fd81f9a4399f56efb64
p:  395574.5191104113
5d0b4017ab9720ae936efb5d
p:  311214.6507587631
5d0b401b7bed57e02c6efb0f
p:  321863.5895968621
5d0b40237bed57e02c6efb10
p:  673572.2325560267
5d0b405819aeb54ebe6efb3c
p:  295086.93246182706
5d0b406419aeb54ebe6efb3d
p:  315984.7786619817
5d0b4066910d6eaa1b6efb83
p:  267315.799249678
5d0b406fc53278d1106efb30
p:  345110.3009584135
5d0b40b01f9a4399f56efb6a
p:  407730.1598830921
5d0b40e21f9a4399f56efb6f
p:  190574.5929635189
5d0b40e6f12fac82e26efae8
p:  406919.9855859281
5d0b40e619aeb54ebe6efb45
p:  232605.0459122855
5d0b40feab9720ae936efb62
p:  361043.38330666046
5d0b41081f9a4399f56efb73
p:  305364.98090207
5d0b41241f9a4399f56efb76
p:  304776.1038861619
5d0b41351f9a4399f56efb78
p:  287485.15091352334
5d0b41471f9a4399f56efb7a
p:  258609.05241690297
5d0b414ef12fac82e26efae9
p:  281928.27498930716
5d0b414f1f9a4399f56efb7b
p:  261601.61231077756
5d0b41571f9a4399f56efb7c
p:  320685.20024913247
5d0b41714647d75d8b6efbc6
p:  328911.39645563456
5d0b418aab9720ae936efb67
p:  198176.16946844116
5d0b423d37fab433546efb84
p:  233939.10454265645
5d0b424537fab433546efb85
p:  355790.3620010237
5d0b424d19aeb54ebe6efb4b
p:  277189.13649222907
5d0b42a8c53278d1106efb38
p:  558991.2176025839
5d0b42b91f9a4399f56efb9c
p:  238177.83223851584
5d0b42cc1f9a4399f56efb9e
p:  256212.43474234827
5d0b42dcab9720ae936efb6f
p:  308622.48669135803
5d0b42f1c53278d1106efb3a
p:  295962.78694469004
5d0b4303c53278d1106efb3b
p:  414111.9695413454
5d0b4332ab9720ae936efb73
p:  428185.0987893941
5d0b433c37fab433546efb89
p:  273016.5998591413
5d0b43454647d75d8b6efbce
p:  473539.5978486185
5d0b4363ab9720ae936efb76
p:  421782.6671289876
5d0b436bab9720ae936efb77
p:  330140.5943687846
5d0b436b37fab433546efb8a
p:  363151.42851092416
5d0b437a1f9a4399f56efbaf
p:  190781.55837048765
5d0b43811f9a4399f56efbb0
p:  190781.55837048765
5d0b4387ab9720ae936efb79
p:  335346.50412898604
5d0b43931f9a4399f56efbb2
p:  463851.80884652934
5d0b439c1f9a4399f56efbb3
p:  263555.43597756105
5d0b43a51f9a4399f56efbb4
p:  281558.74233690824
5d0b43ba1f9a4399f56efbb6
p:  325872.85717506753
5d0b43d71f9a4399f56efbb9
p:  254765.07980401174
5d0b43eac53278d1106efb44
p:  439619.66555669304
5d0b4401ab9720ae936efb7f
p:  267901.07535204315
5d0b44111f9a4399f56efbbf
p:  455919.89416489395
5d0b4413ab9720ae936efb80
p:  284155.9307068255
5d0b44231f9a4399f56efbc1
p:  267233.2622314721
5d0b444e1f9a4399f56efbc5
p:  305980.65032864246
5d0b446a1f9a4399f56efbc8
p:  290032.96597314166
5d0b44911f9a4399f56efbcc
p:  354108.3109167323
5d0b44b937fab433546efb91
p:  313783.2235513895
5d0b44bf1f9a4399f56efbd0
p:  237431.33076179895
5d0b451d1f9a4399f56efbda
p:  308818.2234296043
5d0b451e37fab433546efb97
p:  365208.2556471904
5d0b45261f9a4399f56efbdb
p:  407510.02102694113
5d0b452737fab433546efb98
p:  298927.55490814045
5d0b45791f9a4399f56efbe3
p:  261601.61231077756
5d0b45811f9a4399f56efbe4
p:  266281.42969451274
5d0b45ad19aeb54ebe6efb56
p:  226262.3953716894
5d0b45cb1f9a4399f56efbec
p:  328260.3712441999
5d0b45e34647d75d8b6efbd3
p:  487011.4370237825
5d0b45f01f9a4399f56efbf0
p:  366644.6404162387
5d0b46021f9a4399f56efbf2
p:  380600.2485928008
5d0b4606910d6eaa1b6efb89
p:  246940.10339153826
5d0b4615c53278d1106efb4d
p:  254000.65050291322
5d0b4626fc34b87bf26efb78
p:  187235.1579126928
5d0b46371f9a4399f56efbf7
p:  315370.11175579
5d0b4650ab9720ae936efb8e
p:  260160.5463917729
5d0b46531f9a4399f56efbfa
p:  268495.1155983937
5d0b470c19aeb54ebe6efb5c
p:  259659.4697021559
5d0b47501f9a4399f56efc0c
p:  262106.9980020777
5d0b475d1f9a4399f56efc0f
p:  344577.209022694
5d0b47af37fab433546efba1
p:  342050.33724995505
5d0b47d37bed57e02c6efb20
p:  394483.3981733568
5d0b47d6c53278d1106efb54
p:  365026.4011529994
5d0b47daab9720ae936efb96
p:  268345.91056680307
5d0b47f57bed57e02c6efb23
p:  291976.4399064154
5d0b47fcab9720ae936efb9c
p:  374988.38599487126
5d0b481c37fab433546efba4
p:  373637.6289546034
5d0b48224647d75d8b6efbda
p:  446261.1382240873
5d0b488dab9720ae936efba1
p:  410225.9117472582
5d0b48c919aeb54ebe6efb68
p:  291565.94353073876
5d0b48e44647d75d8b6efbdd
p:  347724.76816910016
5d0b494d910d6eaa1b6efbad
p:  242509.02423379978
5d0b4981910d6eaa1b6efbb2
p:  390089.0410526997
5d0b499bf14919197c6efb75
p:  429424.280923077
5d0b499c37fab433546efba8
p:  301226.62193078536
5d0b49c9910d6eaa1b6efbb8
p:  232672.36258466617
5d0b49ee4647d75d8b6efbe0
p:  344095.9517194582
5d0b49fb37fab433546efba9
p:  262689.71930292156
5d0b49feab9720ae936efba3
p:  312790.750671023
5d0b4a9f910d6eaa1b6efbc9
p:  406029.3230351836
5d0b4aa4ab9720ae936efba4
p:  692954.2139192836
5d0b4aaf4647d75d8b6efbe1
p:  575314.9761401904
5d0b4ac04647d75d8b6efbe2
p:  299391.59517719375
5d0b4acd4647d75d8b6efbe3
p:  291653.9282744749
5d0b4ae2910d6eaa1b6efbce
p:  258196.07259968214
5d0b4ae7fc34b87bf26efbab
p:  258118.3530175572
5d0b4b15910d6eaa1b6efbd2
p:  258196.07259968214
5d0b4b254647d75d8b6efbe9
p:  411436.20997667115
5d0b4b28910d6eaa1b6efbd4
p:  402558.43215509696
5d0b4b3b1f9a4399f56efc14
p:  325119.33781738253
5d0b4bb737fab433546efbab
p:  374162.1951637984
5d0b4c01fc34b87bf26efbb8
p:  589060.6117993777
5d0b4c0bfc34b87bf26efbb9
p:  432930.5355288824
5d0b4c14fc34b87bf26efbba
p:  1225437.4336451562
5d0b4c58ab9720ae936efbac
p:  348974.38500082825
5d0b4c6e1f9a4399f56efc17
p:  361809.8940715175
5d0b4caf4647d75d8b6efbea
p:  613950.5631566262
5d0b4d091f9a4399f