Current date and time: 2020-06-07 15:34:19
Successfully connect to DB.
For ['Butte', 'Colusa', 'El Dorado', 'Glenn', 'Lassen', 'Modoc', 'Nevada', 'Placer', 'Plumas', 'Sacramento', 'Shasta', 'Sierra', 'Siskiyou', 'Sutter', 'Tehama', 'Yolo', 'Yuba']#################################################################
train score for random_forest: 0.9396523431545142
test score for random_forest: 0.6274085420959006
The mean absolute error is:$ 148745.87038708394
r_Score: 0.6356941751890762
Voting Regressor (in): 0.9148375416982903
Voting Regressor: 0.6356941751890762
5d09f91338d042508eb8b531
p:  380720.5672228717
5d09f39f38d042508eb8b51d
p:  332641.2913539214
5d09ca691005ce1674b8b3a7
p:  473237.23370644054
5d09a00b38d042508eb8b29c
p:  626876.9016663036
5d09bcdb38d042508eb8b33b
p:  434028.8827250947
5d09f84e1005ce1674b8b56e
p:  346446.28890815366
5d09df4838d042508eb8b489
p:  493205.72494184104
5d09ca481005ce1674b8b3a5
p:  532321.5116826666
5d09ca982dd597d106b8b3c1
p:  489827.5154521059
5d09d6f6052d3fbcbfb8b4d2
p:  303801.96701904177
5d09db9638d042508eb8b455
p:  532235.0344184258
5d09c4a238d042508eb8b38f
p:  519907.91641279205
5d09d9fc38d042508eb8b440
p:  501890.4283627975
5d09ddcd38d042508eb8b474
p:  485900.4941521493
5d09c70d1005ce1674b8b38b
p:  534978.2787418491
5d09daa338d042508eb8b447
p:  620685.087961562
5d099e1f529b0d510bb8b2a7
p:  609686.3341068277
5d09ffbf529b0d510bb8b52f
p:  340686.07113454037
5d09ca051005ce1674b8b39e
p:  644098.1321051649
5d09d7caa1a696ba69b8b4b6
p:  473227.14189318666
5d09c7992dd597d106b8b3ad
p:  503349.6978195931
5d09dc6838d042508eb8b464
p:  482042.6268222158
5d09b3dd1005ce1674b8b31e
p:  362875.35673112865
5d09c71638d042508eb8b3ac
p:  482042.6268222158
5d099a5042c75979840e8afc
p:  329184.5994427103
5d09fe2b1005ce1674b8b5bc
p:  163532.37899615045
5d0a0b9b529b0d510bb8b574
p:  269975.7878016886
5d09cab12dd597d106b8b3c4
p:  468568.5077262647
5d09d63c3d8dd3fa66b8b3f7
p:  311507.12942874426
5d09fdc61005ce1674b8b5b3
p:  186581.90947386954
5d09feb61005ce1674b8b5c6
p:  373457.4825598643
5d09f9423d8dd3fa66b8b564
p:  169772.31255785632
5d09f8bc3d8dd3fa66b8b55e
p:  240113.1816075837
5d09f83b3d8dd3fa66b8b554
p:  227300.97076753754
5d09fe00a1a696ba69b8b637
p:  270543.37880762253
5d09fbba3f33db7d2bb8b526
p:  183100.8528224116
5d09f9523f33db7d2bb8b50c
p:  321119.39503952867
5d0818357c1d83daee248b7f
p:  193050.1763447091
5d09fd883f33db7d2bb8b531
p:  321325.7865154028
5d0a0277529b0d510bb8b53d
p:  481415.84396707016
5d09f96a529b0d510bb8b509
p:  251076.0143713956
5d0a0afb529b0d510bb8b56e
p:  392750.9832608203
5d09ffaf529b0d510bb8b52d
p:  242821.2251716529
5d09f90b3d8dd3fa66b8b55f
p:  160920.03238656
5d09ffbf3d8dd3fa66b8b5a7
p:  448835.7274520899
5d09f9593d8dd3fa66b8b567
p:  212483.511810111
5d09fa313d8dd3fa66b8b577
p:  464102.1162309352
5d09f9ff3d8dd3fa66b8b56f
p:  1096301.9267423851
5d09fda33d8dd3fa66b8b596
p:  342721.2683970248
5d09fcd1529b0d510bb8b518
p:  225659.52885770216
5d09fa353f33db7d2bb8b518
p:  202679.28227283864
5d09fb453f33db7d2bb8b51c
p:  224362.31796139578
5d09f9043f33db7d2bb8b506
p:  186411.99992980604
5d09fed33f33db7d2bb8b54c
p:  181540.10244475337
5d09fe1d3f33db7d2bb8b53a
p:  323152.1900036554
5d0a0138529b0d510bb8b535
p:  446279.9890261862
5d09fad0529b0d510bb8b511
p:  355240.36293524096
5d09ffa7529b0d510bb8b52c
p:  229613.4082311031
5d0a0e60529b0d510bb8b57f
p:  479275.04978984094
5d0a02cd529b0d510bb8b542
p:  285364.3421508302
5d09fabd529b0d510bb8b50e
p:  428109.95080922014
5d09fc7fa1a696ba69b8b626
p:  251147.70917693287
5d09fc57a1a696ba69b8b624
p:  369807.7556687393
5d09fc96a1a696ba69b8b627
p:  244298.40233038392
5d0a03d43d8dd3fa66b8b5d1
p:  330809.14254742075
5d09f9f83d8dd3fa66b8b56e
p:  422846.75528040726
5d09f8ad3d8dd3fa66b8b55b
p:  281477.0877556308
5d09e6ee3d8dd3fa66b8b48a
p:  390443.9028166496
5d09cc27052d3fbcbfb8b440
p:  619129.3938699125
5d09db35a1a696ba69b8b4ea
p:  391425.522093499
5d0a05df3f33db7d2bb8b583
p:  213481.21325031243
5d0a04b938d042508eb8b5b1
p:  225122.6174662778
5d0a088b3f33db7d2bb8b5ab
p:  220517.1113697443
5d09f81bcd3dc7c345b8b6af
p:  208023.03132213914
5d09f814cd3dc7c345b8b6ae
p:  208248.57726487413
5d09f8b6cd3dc7c345b8b6b2
p:  219423.04721617905
5d09fb351005ce1674b8b582
p:  352407.03976499924
5d09fd3ccd3dc7c345b8b6db
p:  246878.41405037488
5d09f7b11005ce1674b8b567
p:  455404.39299374947
5d09f8cecd3dc7c345b8b6b6
p:  518631.81610644574
5d0a08f538d042508eb8b5e7
p:  272708.9490687947
5d0a0ac138d042508eb8b5ff
p:  562786.3659983507
5d0a08df38d042508eb8b5e6
p:  236733.54025664128
5d0a0be538d042508eb8b60b
p:  249554.14007791635
5d0a090e38d042508eb8b5e8
p:  246687.02278089564
5d0a092538d042508eb8b5e9
p:  275860.5708358033
5d0a08301005ce1674b8b606
p:  346978.14961395226
5d09bf6b3d8dd3fa66b8b384
p:  346075.6211809834
5d09c1213d8dd3fa66b8b38a
p:  415739.7667360508
5d099a5f42c75979840e8afe
p:  473587.04369612195
5d099a5542c75979840e8afd
p:  420143.66783462954
5d099a4a42c75979840e8afb
p:  368897.56574074645
5d09c9ec1005ce1674b8b39b
p:  391599.5420670572
5d099c0338d042508eb8b28a
p:  561357.3472226935
5d099e8038d042508eb8b294
p:  358335.97632324847
5d099c1a38d042508eb8b28e
p:  580325.4002314844
5d09a09438d042508eb8b2a2
p:  869735.5425236267
5d099d3d38d042508eb8b293
p:  762616.5853445966
5d09a35bcd3dc7c345b8b2c1
p:  596205.5715806892
5d099acd3c0e029be20e8b19
p:  575037.1917469286
5d09a204cd3dc7c345b8b2b2
p:  754587.0372479535
5d09a06bcd3dc7c345b8b2a1
p:  533846.1786033809
5d09a06fcd3dc7c345b8b2a2
p:  792329.5739719083
5d09a2cbcd3dc7c345b8b2bb
p:  492470.57749965973
5d09a10fcd3dc7c345b8b2ac
p:  623907.7055736796
5d099d97cd3dc7c345b8b291
p:  779456.0049444379
5d09a212cd3dc7c345b8b2b4
p:  1035986.3551062339
5d09a081cd3dc7c345b8b2a6
p:  747821.1438154725
5d099ac83c0e029be20e8b18
p:  646121.9634753447
5d09beb43d8dd3fa66b8b382
p:  456689.1068937274
5d09ca811005ce1674b8b3aa
p:  454234.7101873175
5d09bd4d38d042508eb8b342
p:  428002.92819519306
5d09bcbd38d042508eb8b339
p:  392662.55254592
5d09a06438d042508eb8b29f
p:  489006.115839598
5d099aa5e869120b0f0e8afa
p:  391219.1187949814
5d099a85e869120b0f0e8af6
p:  532606.3435456662
5d099e63cd3dc7c345b8b29a
p:  697589.1038158942
5d09a22ccd3dc7c345b8b2b7
p:  652102.1595319664
5d099e75cd3dc7c345b8b29d
p:  500784.6874133273
5d09a0d3cd3dc7c345b8b2a8
p:  464821.8009240781
5d099a9de869120b0f0e8af9
p:  553279.141299322
5d09a23bcd3dc7c345b8b2b8
p:  549906.4687474559
5d099d2f38d042508eb8b290
p:  617768.2567373406
5d099a8ee869120b0f0e8af7
p:  557909.805637312
5d099fff38d042508eb8b29b
p:  571842.0610074451
5d09a07538d042508eb8b2a0
p:  859909.3255168607
5d099fa238d042508eb8b296
p:  866191.2242096064
5d099fe538d042508eb8b29a
p:  1046592.8411689224
5d09e317a1a696ba69b8b532
p:  201004.49190967937
5d09e4e2a1a696ba69b8b544
p:  261934.6181944576
5d09e830a1a696ba69b8b55a
p:  396017.0900751242
5d09e82aa1a696ba69b8b559
p:  336974.8936933392
5d09e2b7a1a696ba69b8b52f
p:  208957.12459317088
5d09f20e38d042508eb8b517
p:  283993.2689205405
5d09bd4a529b0d510bb8b38c
p:  321356.9081776259
5d09ef1338d042508eb8b50b
p:  252392.01542953463
5d09e3881005ce1674b8b4b5
p:  491454.7938379351
5d09ac5b2dd597d106b8b2e6
p:  511397.46063762147
5d09ad592dd597d106b8b2ed
p:  534069.6140206452
5d09b18b2dd597d106b8b319
p:  393847.1467487641
5d09b0882dd597d106b8b30e
p:  461843.657413476
5d09b485cd3dc7c345b8b36e
p:  629592.9749562038
5d09b0adcd3dc7c345b8b340
p:  451936.95967293327
5d09b53ba1a696ba69b8b376
p:  417249.30836000165
5d09b7cba1a696ba69b8b37c
p:  427599.8595875179
5d09b528a1a696ba69b8b374
p:  307699.81997443043
5d09b90ba1a696ba69b8b385
p:  315039.0980510215
5d09b519a1a696ba69b8b371
p:  444068.81245446444
5d09bbb7a1a696ba69b8b39f
p:  462831.01064343017
5d09b587cd3dc7c345b8b378
p:  431751.36662459245
5d09b2cfcd3dc7c345b8b35a
p:  317146.7667824661
5d09b16acd3dc7c345b8b34a
p:  402659.3333475011
5d09da7938d042508eb8b443
p:  452303.35307142395
5d09ad682dd597d106b8b2f0
p:  318855.2442898947
5d09a78138d042508eb8b2bb
p:  864020.0181498735
5d0999d0f4557fdfc90e8af5
p:  386268.11516607803
5d09b5bccd3dc7c345b8b37a
p:  298641.87994831614
5d09c6c5529b0d510bb8b3d4
p:  1137284.4029086623
5d09ad15a1a696ba69b8b329
p:  395290.61173784285
5d0999b8f4557fdfc90e8af3
p:  447347.5335005929
5d0999c5f4557fdfc90e8af4
p:  459869.23276839434
5d09bf91a1a696ba69b8b3d2
p:  260484.2566435503
5d09c4ec3f33db7d2bb8b3a3
p:  479125.57338165375
5d09c475a1a696ba69b8b3ea
p:  457766.524817178
5d09c4eaa1a696ba69b8b3ef
p:  477426.97652505996
5d099a24fc6a90ab030e8b04
p:  297926.9916111916
5d0a13283f33db7d2bb8b628
p:  2129242.90031153
5d0a15333d8dd3fa66b8b65d
p:  726676.3596652397
5d0a15063d8dd3fa66b8b659
p:  670465.7952244463
5d0a127a3f33db7d2bb8b61c
p:  992013.1935302474
5d0a151d3d8dd3fa66b8b65b
p:  838346.735630227
5d099dfe052d3fbcbfb8b292
p:  533101.1138305601
5d099da5052d3fbcbfb8b28f
p:  594711.8801589754
5d09b5812dd597d106b8b329
p:  642342.1572956687
5d09b5782dd597d106b8b326
p:  597886.9280645496
5d09b920a1a696ba69b8b389
p:  443234.2280609733
5d09ba16a1a696ba69b8b38d
p:  510984.714657831
5d09cd11a1a696ba69b8b439
p:  534618.7510863608
5d09c6d4a1a696ba69b8b3fb
p:  544171.0382892339
5d09cf68a1a696ba69b8b454
p:  447577.39468750416
5d09c6c5a1a696ba69b8b3fa
p:  468875.8338334133
5d09c711a1a696ba69b8b3ff
p:  541259.4624284713
5d09c7e6a1a696ba69b8b407
p:  554090.5895533815
5d09ca3aa1a696ba69b8b422
p:  533864.3472134811
5d09c6f1a1a696ba69b8b3fd
p:  437904.284018046
5d09ab68a1a696ba69b8b320
p:  564902.320423567
5d09ac23a1a696ba69b8b324
p:  600817.4197748628
5d09ac3aa1a696ba69b8b328
p:  380006.88654405857
5d09c9de529b0d510bb8b3e1
p:  475775.1349943561
5d09ca65529b0d510bb8b3e8
p:  823281.138195682
5d09ac31a1a696ba69b8b326
p:  631257.9705046031
5d09c598529b0d510bb8b3c6
p:  596576.1639181769
5d09c9e3529b0d510bb8b3e2
p:  601714.5724372783
5d09ca78529b0d510bb8b3ea
p:  583820.584744121
5d09b2d9a1a696ba69b8b362
p:  346695.1642925146
5d09b91aa1a696ba69b8b388
p:  385943.47663704085
5d09b51ea1a696ba69b8b372
p:  362294.8171899939
5d09b0fda1a696ba69b8b35a
p:  430381.1464669367
5d09d1e438d042508eb8b3e9
p:  357532.56086727703
5d09d36038d042508eb8b3fe
p:  495991.10279926064
5d09c76b38d042508eb8b3ae
p:  345149.07041853847
5d09e48b38d042508eb8b4bc
p:  450992.5254801753
5d09d2d038d042508eb8b3f3
p:  447090.6735496351
5d09dcf438d042508eb8b468
p:  423407.9764683645
5d09d35838d042508eb8b3fd
p:  750932.3386167783
5d09daf138d042508eb8b44f
p:  628304.3899470464
5d09c67d38d042508eb8b39a
p:  491658.8179030126
5d09c6e038d042508eb8b3a4
p:  360704.26181373734
5d09c46438d042508eb8b38b
p:  418141.15848161967
5d09c52b38d042508eb8b393
p:  360704.26181373734
5d09d50538d042508eb8b420
p:  450403.412102865
5d09e5c63d8dd3fa66b8b472
p:  1537446.3921643463
5d09e4f1529b0d510bb8b46e
p:  353712.887854517
5d09e621529b0d510bb8b481
p:  375347.6430941982
5d09ea283d8dd3fa66b8b4b0
p:  423474.5671398997
5d09e7de3d8dd3fa66b8b495
p:  268431.6370318403
5d09e6373d8dd3fa66b8b47b
p:  326759.2362183308
5d09e6283d8dd3fa66b8b47a
p:  278648.1441925122
5d09eab93d8dd3fa66b8b4ba
p:  554726.4162252615
5d09e6833d8dd3fa66b8b481
p:  264256.3757771114
5d09e4a63d8dd3fa66b8b463
p:  296632.4388225359
5d09ec0acd3dc7c345b8b631
p:  275125.2319728795
5d09e6123d8dd3fa66b8b478
p:  409249.43723167304
5d09ed063d8dd3fa66b8b4df
p:  328129.21376790886
5d09ed233d8dd3fa66b8b4e1
p:  208660.45171156104
5d09ec8d3d8dd3fa66b8b4d7
p:  256173.880359422
5d09f143cd3dc7c345b8b66d
p:  193484.7410741104
5d09e7e6052d3fbcbfb8b575
p:  598117.3795029161
5d09ee13cd3dc7c345b8b63d
p:  379134.1788631176
5d09c463052d3fbcbfb8b3c5
p:  406612.06829404534
5d0a14a73f33db7d2bb8b643
p:  470689.58128577506
5d0a33f4052d3fbcbfb8b7c4
p:  767289.602744326
5d0a2dc6052d3fbcbfb8b778
p:  357129.50643603667
5d0a2db6052d3fbcbfb8b777
p:  357129.50643603667
5d0a202d052d3fbcbfb8b6fa
p:  572273.4842451612
5d0a28d6052d3fbcbfb8b749
p:  370932.6555701804
5d0a18c1052d3fbcbfb8b6bb
p:  480086.8169338534
5d0a1e30052d3fbcbfb8b6eb
p:  452983.0518102035
5d09c8cd052d3fbcbfb8b3e3
p:  363220.0292010957
5d09bb03052d3fbcbfb8b374
p:  374794.69837798795
5d09a118052d3fbcbfb8b2a8
p:  419905.47920749907
5d09ce45cd3dc7c345b8b4a0
p:  520368.08186692616
5d09b38e3f33db7d2bb8b316
p:  558144.5436565314
5d09bca53f33db7d2bb8b36f
p:  456325.6579314193
5d09b70e3f33db7d2bb8b347
p:  464639.2179949978
5d09ad80052d3fbcbfb8b2ec
p:  449079.5821056993
5d09b5293f33db7d2bb8b332
p:  491254.8699527916
5d099aadd044393f990e8b0b
p:  351014.9594020348
5d09b5e2052d3fbcbfb8b33a
p:  570355.3136898924
5d09c7dfcd3dc7c345b8b42e
p:  694143.6641630912
5d09cda3cd3dc7c345b8b492
p:  497463.6966171805
5d09c673cd3dc7c345b8b411
p:  633505.2308913541
5d09c9ffcd3dc7c345b8b453
p:  901291.4739519809
5d09cdebcd3dc7c345b8b499
p:  1218723.8012749366
5d09b47b3f33db7d2bb8b328
p:  461818.74821219686
5d09b09b052d3fbcbfb8b30b
p:  777635.7550419411
5d09b506a1a696ba69b8b36f
p:  411364.97121164214
5d09f7ab052d3fbcbfb8b5e9
p:  249841.87849323227
5d09c28ca1a696ba69b8b3e3
p:  731944.016536174
5d09aa9ea1a696ba69b8b31e
p:  522355.4169940642
5d0a11ac1005ce1674b8b65e
p:  198357.48051432747
5d0a122d1005ce1674b8b669
p:  198953.44337600085
5d0a12071005ce1674b8b665
p:  132673.41494634692
5d0a126c1005ce1674b8b66f
p:  139970.94343246619
5d09ea291005ce1674b8b4ea
p:  326660.5917906264
5d09f288a1a696ba69b8b5be
p:  442028.73522682814
5d09ebb2a1a696ba69b8b589
p:  307406.18124294153
5d09ec55a1a696ba69b8b58d
p:  438191.46560865827
5d09ea24052d3fbcbfb8b592
p:  348241.0595888484
5d09ecdf052d3fbcbfb8b5ae
p:  871104.7716882442
5d09f1bb052d3fbcbfb8b5cd
p:  349042.3496466783
5d0a155b38d042508eb8b656
p:  1478060.4568792363
5d09f1eb1005ce1674b8b53d
p:  220192.3385355418
5d09f0241005ce1674b8b523
p:  502997.5287807084
5d0998cefc6a90ab030e8af2
p:  451875.5967263395
5d09ea781005ce1674b8b4eb
p:  434029.5024070593
5d09f23da1a696ba69b8b5b9
p:  298195.6696115674
5d09ec4a3f33db7d2bb8b496
p:  514417.0816307691
5d09eea73f33db7d2bb8b4a7
p:  605746.1328416185
5d09ef5b3f33db7d2bb8b4b6
p:  337904.8934199455
5d09f55a3f33db7d2bb8b4dc
p:  521122.1522112388
5d09eb413f33db7d2bb8b492
p:  491696.7058481248
5d09eaac3f33db7d2bb8b48f
p:  763502.0161370251
5d09f6be3f33db7d2bb8b4ea
p:  393211.6686199369
5d09ede93f33db7d2bb8b49d
p:  416429.61319048697
5d09ec85a1a696ba69b8b595
p:  541534.0788585024
5d09eb3f052d3fbcbfb8b5a5
p:  374556.5279623547
5d0a259038d042508eb8b6d6
p:  2474866.334638711
5d0a248938d042508eb8b6c9
p:  1621970.6415897799
5d09f7323f33db7d2bb8b4f0
p:  393181.38859491784
5d09ee5d3f33db7d2bb8b49f
p:  214154.6052504714
5d09f480a1a696ba69b8b5d1
p:  672160.3942381964
5d09ed86a1a696ba69b8b597
p:  576557.9304388186
5d09ebd31005ce1674b8b4f7
p:  449405.5040703941
5d09ebdd1005ce1674b8b4f8
p:  399257.12757640774
5d09bd6c38d042508eb8b344
p:  504588.178259243
5d09a365cd3dc7c345b8b2c3
p:  666570.8021597015
5d09e9dc1005ce1674b8b4e5
p:  224758.61918730303
5d09ebc1a1a696ba69b8b58a
p:  330299.4410380722
5d09ebd3a1a696ba69b8b58b
p:  280557.6855361711
5d09e8c9052d3fbcbfb8b581
p:  243422.86684181818
5d09b098cd3dc7c345b8b33d
p:  307783.5754769712
5d09ec5ba1a696ba69b8b58e
p:  366721.53983384353
5d09ec62a1a696ba69b8b58f
p:  366721.53983384353
5d09e8d0052d3fbcbfb8b582
p:  293669.70350617217
5d09f9013f33db7d2bb8b505
p:  163536.43683825052
5d09f947529b0d510bb8b505
p:  424273.92384270194
5d09c657cd3dc7c345b8b40f
p:  794703.0538700423
5d09f95a529b0d510bb8b507
p:  295602.8351798408
5d09b149a1a696ba69b8b35c
p:  293758.6653316202
5d09d9cdcd3dc7c345b8b578
p:  403887.03710016503
5d09ae691005ce1674b8b2fe
p:  563217.2592194697
5d09b0a5cd3dc7c345b8b33f
p:  379495.1931516689
5d09dbf4052d3fbcbfb8b513
p:  341415.330003637
5d0998f2f4557fdfc90e8aec
p:  575850.9447412967
5d099a8e3c0e029be20e8b15
p:  521459.7015631336
5d099a96e869120b0f0e8af8
p:  587172.5955046928
5d09ae25052d3fbcbfb8b2f1
p:  335883.49384035065
5d09dbf0a1a696ba69b8b4f0
p:  220790.73058979877
5d09c6db38d042508eb8b3a3
p:  1462317.0445802663
5d0a16ba052d3fbcbfb8b6ab
p:  362985.8455050235
5d0a0e8e3f33db7d2bb8b5d9
p:  144526.34654534422
5d099983e4bc7c821c0e8b05
p:  393767.98288720223
5d09dfbc2dd597d106b8b462
p:  396692.75037917425
5d099abde869120b0f0e8afc
p:  641259.883822064
5d09dfd72dd597d106b8b463
p:  530375.7730719929
5d09cb962dd597d106b8b3d7
p:  492338.19713253935
5d09c75dcd3dc7c345b8b423
p:  367631.0684837991
5d09e915052d3fbcbfb8b587
p:  246311.43669499303
5d099929fc6a90ab030e8af8
p:  640429.7904812162
5d0a0ad22dd597d106b8b584
p:  208955.11700302764
5d0a0fdc2dd597d106b8b5b7
p:  334074.44067760103
5d09a2a31005ce1674b8b29b
p:  631251.381112416
5d099ae83c0e029be20e8b1b
p:  604026.8882421919
5d09b3bd1005ce1674b8b31a
p:  260754.56275667256
5d09cc143d8dd3fa66b8b3c5
p:  311251.51993104815
5d099c1438d042508eb8b28d
p:  497624.8202220695
5d09c7582dd597d106b8b3a8
p:  456974.3221847374
5d099c0738d042508eb8b28b
p:  469368.56919154053
5d09c68d529b0d510bb8b3cb
p:  576819.9994702433
5d09a4a8529b0d510bb8b2c4
p:  429800.82140107243
5d09bd8038d042508eb8b345
p:  337986.0837410344
5d09d7d21005ce1674b8b441
p:  242355.29141400146
5d09d4b7529b0d510bb8b41c
p:  223293.9186759168
5d099f8e3d8dd3fa66b8b2a6
p:  354419.3026245414
5d09d7da1005ce1674b8b442
p:  233675.09395652832
5d09afd4052d3fbcbfb8b2ff
p:  305108.87170242995
5d09d8f53d8dd3fa66b8b408
p:  324230.96523180534
5d09a5a9529b0d510bb8b2c7
p:  423072.90528051695
5d09a5b9529b0d510bb8b2c8
p:  451128.3864391865
5d09fbbfa1a696ba69b8b620
p:  157310.98561720288
5d09fbe9a1a696ba69b8b621
p:  132005.38766376165
5d09aef12dd597d106b8b2fe
p:  367441.730563542
5d09f89acd3dc7c345b8b6b0
p:  362175.50264215225
5d09cb10052d3fbcbfb8b423
p:  512605.6822366067
5d09c6c0529b0d510bb8b3d3
p:  432819.69921009825
5d09b43c3f33db7d2bb8b31f
p:  472790.4585223447
5d09d36d3d8dd3fa66b8b3e7
p:  281006.5052520132
5d09e0c0052d3fbcbfb8b535
p:  508999.17314966244
5d09e0cb052d3fbcbfb8b536
p:  507950.56940171786
5d0a038a38d042508eb8b5a1
p:  175147.38912728545
5d09a06d3d8dd3fa66b8b2af
p:  467954.54205035313
5d09d2491005ce1674b8b3fc
p:  310742.71749009995
5d09c1193f33db7d2bb8b38c
p:  279001.2437460011
5d09a013a1a696ba69b8b2b1
p:  577753.6813544771
5d09bf0138d042508eb8b356
p:  329021.9315756486
5d09d4223d8dd3fa66b8b3eb
p:  258355.12522432182
5d09dd6aa1a696ba69b8b4fd
p:  210877.2573699304
5d09d42c3d8dd3fa66b8b3ec
p:  240154.21242411586
5d099e70cd3dc7c345b8b29c
p:  364539.31870218914
5d09e4a8a1a696ba69b8b542
p:  208957.12459317088
5d09ffe0529b0d510bb8b532
p:  172550.5930030436
5d09a36d1005ce1674b8b2b3
p:  1000695.9117461253
5d09f8d8052d3fbcbfb8b5ee
p:  165971.72836620949
5d09caa82dd597d106b8b3c3
p:  737800.3014375216
5d09a167a1a696ba69b8b2ba
p:  604240.4687629302
5d09aca4529b0d510bb8b2ff
p:  807737.9238959379
5d09ace0529b0d510bb8b303
p:  453067.5125517789
5d09f15fa1a696ba69b8b5aa
p:  273453.6983046132
5d09d74b529b0d510bb8b432
p:  242614.8978917374
5d0a2027052d3fbcbfb8b6f9
p:  534479.5118702162
5d09f054cd3dc7c345b8b65b
p:  193687.79016359657
5d09ae77cd3dc7c345b8b31d
p:  404970.60788219195
5d0a1fa738d042508eb8b69e
p:  674622.6410545281
5d09d4933f33db7d2bb8b436
p:  210223.7994380027
5d09ca401005ce1674b8b3a4
p:  529879.5747370294
5d09a073cd3dc7c345b8b2a3
p:  400055.1518913787
5d09ce3acd3dc7c345b8b49f
p:  416055.8518323833
5d09d3f5052d3fbcbfb8b487
p:  272840.146470424
5d09cba3052d3fbcbfb8b432
p:  431134.037658777
5d0a02c1529b0d510bb8b540
p:  355041.20661855827
5d09e2d32dd597d106b8b47a
p:  780520.6099399689
5d09b378052d3fbcbfb8b323
p:  358193.8011846675
5d09e6baa1a696ba69b8b54d
p:  417862.9719624674
5d09dcfd38d042508eb8b46a
p:  474562.29944295244
5d0a0ebb3f33db7d2bb8b5db
p:  144526.34654534422
5d09d432052d3fbcbfb8b48a
p:  272840.146470424
5d09d31a1005ce1674b8b40b
p:  274222.3683602973
5d099bd941eeaaa20eb8b28f
p:  420806.7190504237
5d09a25a41eeaaa20eb8b2ad
p:  248536.7789671731
5d09a24e2dd597d106b8b2b3
p:  445773.1632695296
5d09b463052d3fbcbfb8b32a
p:  352892.46631461254
5d09cf6c2dd597d106b8b3f1
p:  345902.25497300306
5d09ce4b3f33db7d2bb8b404
p:  406818.5440003036
5d09fe201005ce1674b8b5bb
p:  163532.37899615045
5d09cbd7052d3fbcbfb8b437
p:  629306.19859041
5d0a0460529b0d510bb8b54a
p:  163983.58636797362
5d09ee541005ce1674b8b511
p:  304208.87908070756
5d0a13941005ce1674b8b68c
p:  175500.9313684713
5d09bb93a1a696ba69b8b39a
p:  332561.9961525358
5d09df7d1005ce1674b8b49d
p:  448901.3448214728
5d09ca791005ce1674b8b3a9
p:  544716.9562080114
5d09ec17052d3fbcbfb8b5aa
p:  381084.8647737097
5d09cfdd2dd597d106b8b3f9
p:  476274.6743675163
5d09cbfc052d3fbcbfb8b43b
p:  573865.023150547
5d09a1fdcd3dc7c345b8b2b1
p:  652102.1595319664
5d09e0ef38d042508eb8b49d
p:  528205.0818379857
5d09d8cea1a696ba69b8b4d4
p:  333745.7946580028
5d0a02322dd597d106b8b548
p:  189300.35923697677
5d09cf50052d3fbcbfb8b468
p:  237509.21350767848
5d09c93d2dd597d106b8b3ba
p:  717509.539805233
5d09f651a1a696ba69b8b5e6
p:  498800.7328954568
5d099bd53d8dd3fa66b8b28f
p:  979788.5202979592
5d09ea683d8dd3fa66b8b4b4
p:  251717.23666689763
5d09cb4f1005ce1674b8b3b9
p:  306530.4468059341
5d09e475cd3dc7c345b8b600
p:  398310.3897770824
5d099da3cd3dc7c345b8b292
p:  284768.09075050877
5d09ffb43f33db7d2bb8b55d
p:  224362.31796139578
5d09bc08052d3fbcbfb8b37b
p:  340422.6316334128
5d0a2d22052d3fbcbfb8b76e
p:  465266.04915625707
5d09d959a1a696ba69b8b4e0
p:  395769.14576335176
5d099e7acd3dc7c345b8b29e
p:  799356.5285781125
5d09f0cb052d3fbcbfb8b5c5
p:  345706.6180701321
5d0a0fbc529b0d510bb8b581
p:  575305.6316584782
5d09b4d7a1a696ba69b8b36c
p:  260989.25976779353
5d09d50c052d3fbcbfb8b4a1
p:  432037.1335310895
5d0a11a3529b0d510bb8b58e
p:  338650.96278037835
5d09b27c529b0d510bb8b335
p:  776063.7729932643
5d09fb743f33db7d2bb8b51f
p:  163536.43683825052
5d09e72c3d8dd3fa66b8b48d
p:  836388.0469933642
5d09d03ea1a696ba69b8b458
p:  479772.74195253034
5d0a2ab038d042508eb8b6f9
p:  1453610.9243389876
5d09faca529b0d510bb8b510
p:  178631.68698714027
5d09fdde1005ce1674b8b5b5
p:  349796.02288388263
5d099bfd38d042508eb8b289
p:  539225.6785333643
5d0a0f0338d042508eb8b61f
p:  264349.8631210752
5d09a994a1a696ba69b8b303
p:  295845.6504079133
5d09cdf6a1a696ba69b8b445
p:  479772.74195253034
5d099aee3c0e029be20e8b1c
p:  457645.0358241521
5d09ae52052d3fbcbfb8b2f3
p:  475328.30222612584
5d09ac8ccd3dc7c345b8b30b
p:  529912.7867716674
5d09cb67052d3fbcbfb8b42a
p:  488472.1487536317
5d09df3d3d8dd3fa66b8b433
p:  440141.37450656673
5d09e7dc2dd597d106b8b4a0
p:  555443.5943188686
5d09d32a2dd597d106b8b40b
p:  487568.9816814798
5d09e842cd3dc7c345b8b626
p:  218716.67208470352
5d09ce903f33db7d2bb8b40b
p:  375235.7556415945
5d09c52e2dd597d106b8b396
p:  580154.1799140623
5d09c5e92dd597d106b8b39a
p:  572574.7087212387
5d09cb943f33db7d2bb8b3dc
p:  614056.3964200851
5d0a024f529b0d510bb8b539
p:  437310.0183499268
5d09be9a3d8dd3fa66b8b380
p:  384456.52201497357
5d09e0d6cd3dc7c345b8b5c8
p:  464995.7930708225
5d09eb18529b0d510bb8b4a4
p:  397723.2598755363
5d09e7cd38d042508eb8b4df
p:  524114.01256517385
5d0a0cd038d042508eb8b617
p:  141326.0982914575
5d09d0522dd597d106b8b3fc
p:  429509.7712540006
5d09df172dd597d106b8b45d
p:  251640.31801866874
5d09b3e13f33db7d2bb8b31c
p:  304318.1707324798
5d09d565529b0d510bb8b427
p:  306659.6827970897
5d09c691529b0d510bb8b3cc
p:  381489.47647088976
5d099e4ecd3dc7c345b8b299
p:  533430.2310819265
5d0a016e3f33db7d2bb8b564
p:  561235.3333485872
5d09cb023f33db7d2bb8b3d3
p:  513133.75023494475
5d099e24cd3dc7c345b8b297
p:  370707.5925354714
5d09e2bfa1a696ba69b8b531
p:  379015.58960542857
5d09a078cd3dc7c345b8b2a4
p:  419418.3049678183
5d09d3553d8dd3fa66b8b3e5
p:  283450.4411928208
5d09cbf4052d3fbcbfb8b43a
p:  763419.243677258
5d09f7e9cd3dc7c345b8b6a8
p:  324233.45531022147
5d09e5243d8dd3fa66b8b467
p:  234400.51422325117
5d09e2a12dd597d106b8b477
p:  721009.805654374
5d09c7352dd597d106b8b3a6
p:  414215.3422879389
5d09cc4b3f33db7d2bb8b3e8
p:  510260.35649309075
5d09a0963d8dd3fa66b8b2b2
p:  544850.2648361339
5d0a098e38d042508eb8b5ed
p:  131776.97069565853
5d09d7fca1a696ba69b8b4bc
p:  276086.46696157113
5d0a02cb1005ce1674b8b5f4
p:  248040.66192248912
5d0a1f9e38d042508eb8b69c
p:  3318948.524578181
5d09f93c3d8dd3fa66b8b563
p:  132580.08830699424
5d0a32d6052d3fbcbfb8b7aa
p:  410317.2573902671
5d09a583a1a696ba69b8b2d8
p:  511197.58408901974
5d09ccc52dd597d106b8b3de
p:  329947.7751327863
5d0a24f9052d3fbcbfb8b72e
p:  960519.3919615543
5d0a161f052d3fbcbfb8b6a7
p:  765332.2936898052
5d09e1a8a1a696ba69b8b51d
p:  310107.885684982
5d09fbf83d8dd3fa66b8b591
p:  265340.4775533936
5d09b252cd3dc7c345b8b354
p:  405360.03463778005
5d0a1862052d3fbcbfb8b6b6
p:  427708.0164422968
5d09ca793d8dd3fa66b8b3b5
p:  432101.5051987935
5d09b02ba1a696ba69b8b345
p:  247541.99711380652
5d09cf74cd3dc7c345b8b4b6
p:  588055.0290163873
5d09b4dca1a696ba69b8b36d
p:  293615.7897012505
5d09fa2b3d8dd3fa66b8b576
p:  188513.14290902735
5d09fccbcd3dc7c345b8b6d4
p:  256045.32850770405
5d09cf8e2dd597d106b8b3f6
p:  466840.4694516212
5d09c7932dd597d106b8b3ac
p:  699259.6022277543
5d09cd3f052d3fbcbfb8b457
p:  397605.44805075455
5d09cae23d8dd3fa66b8b3bb
p:  311970.12127737433
5d0a09db3f33db7d2bb8b5b8
p:  218492.74952993708
5d09ce773d8dd3fa66b8b3d3
p:  381550.37874102837
5d09f970529b0d510bb8b50a
p:  190355.6159638575
5d09cace052d3fbcbfb8b41d
p:  393447.9387276947
5d09a0dfa1a696ba69b8b2b6
p:  592904.4664547737
5d09b7c7a1a696ba69b8b37b
p:  260989.25976779353
5d09d7ff3f33db7d2bb8b444
p:  234030.79107609918
5d09c8d92dd597d106b8b3b6
p:  523128.290301734
5d09c7b82dd597d106b8b3af
p:  422727.3852290625
5d09d36e052d3fbcbfb8b47a
p:  281246.0953517016
5d09996be4bc7c821c0e8b03
p:  367696.45807406947
5d09d43b052d3fbcbfb8b48b
p:  247546.19893533015
5d09d43c2dd597d106b8b40e
p:  278359.24837936036
5d09e9ef1005ce1674b8b4e6
p:  487764.17894014984
5d09a6841005ce1674b8b2c7
p:  485474.64261279814
5d09c7ce2dd597d106b8b3b3
p:  572574.7087212387
5d09e5ac052d3fbcbfb8b55e
p:  1003567.0106197124
5d09a7642dd597d106b8b2d3
p:  1067285.3940683692
5d09cdbb3f33db7d2bb8b3f3
p:  400252.902323229
5d0a05dc529b0d510bb8b554
p:  357336.61693128437
5d09d2aca1a696ba69b8b471
p:  538772.8317455614
5d09aa2aa1a696ba69b8b318
p:  447659.62545212236
5d09cabf38d042508eb8b3c4
p:  418927.4029323834
5d099fbf529b0d510bb8b2ae
p:  549948.105247388
5d09db45cd3dc7c345b8b593
p:  417805.2607514141
5d09e18c052d3fbcbfb8b53e
p:  374166.6823763655
5d09a21dcd3dc7c345b8b2b5
p:  647994.9071418885
5d09e07acd3dc7c345b8b5c3
p:  483216.67158579954
5d09e2e0cd3dc7c345b8b5e8
p:  385331.45227701694
5d09e020cd3dc7c345b8b5bd
p:  447020.95646890707
5d09db50cd3dc7c345b8b595
p:  403887.03710016503
5d09ca1e1005ce1674b8b3a1
p:  728918.3770582969
5d09db411005ce1674b8b469
p:  411505.1324078132
5d09e184052d3fbcbfb8b53d
p:  422786.80256052135
5d09e66e052d3fbcbfb8b567
p:  462465.7535139556
5d09c5c02dd597d106b8b398
p:  530792.4038613564
5d09e2bba1a696ba69b8b530
p:  305626.1662389734
5d09cb6d052d3fbcbfb8b42b
p:  453477.91507769236
5d09cbad052d3fbcbfb8b433
p:  347787.1442919802
5d09cca51005ce1674b8b3bf
p:  493563.76842816
5d09cbde052d3fbcbfb8b438
p:  495221.02981009486
5d09d0841005ce1674b8b3d8
p:  599940.2029429836
5d09ca812dd597d106b8b3bf
p:  293348.01477297454
5d09caba3d8dd3fa66b8b3b9
p:  484879.25113606
5d09cb473d8dd3fa66b8b3c3
p:  571121.8983851173
5d09cac8052d3fbcbfb8b41c
p:  393826.2421578844
5d09cea81005ce1674b8b3c5
p:  555933.5726727713
5d09cfe51005ce1674b8b3cd
p:  478573.9445738798
5d09cecd1005ce1674b8b3ca
p:  555284.1077873781
5d09cf922dd597d106b8b3f7
p:  434787.5469430227
5d09cd923d8dd3fa66b8b3c8
p:  342774.2442107145
5d09cdef2dd597d106b8b3e5
p:  454388.88086292695
5d09cdd62dd597d106b8b3e4
p:  478404.55249973474
5d09cdb92dd597d106b8b3e3
p:  534513.9342388251
5d09cbba2dd597d106b8b3dc
p:  772431.8317033695
5d09cba62dd597d106b8b3d9
p:  583343.3496005957
5d09cbb32dd597d106b8b3db
p:  515708.5011722812
5d09cc193d8dd3fa66b8b3c6
p:  311251.51993104815
5d09cda83d8dd3fa66b8b3ce
p:  403678.5351930406
5d09cca9052d3fbcbfb8b44e
p:  260459.3197558013
5d09cc87052d3fbcbfb8b44a
p:  349834.66840420244
5d09d5ca3d8dd3fa66b8b3f3
p:  249648.1722482898
5d09d3193d8dd3fa66b8b3de
p:  315275.15196617617
5d09cc90052d3fbcbfb8b44b
p:  238960.24552655255
5d09ce52052d3fbcbfb8b459
p:  204169.62811024938
5d09cc98052d3fbcbfb8b44c
p:  236254.8866063418
5d09cd47052d3fbcbfb8b458
p:  509017.4591126202
5d09cd1d052d3fbcbfb8b453
p:  367043.2675995589
5d09cd24052d3fbcbfb8b454
p:  260710.6253276525
5d09cc7e052d3fbcbfb8b449
p:  250250.5922378893
5d09cc64052d3fbcbfb8b446
p:  276768.78004218196
5d09cc76052d3fbcbfb8b448
p:  269859.9420736518
5d09cea6052d3fbcbfb8b45e
p:  263465.51695912
5d09ccaf052d3fbcbfb8b44f
p:  269859.9420736518
5d09cd2d052d3fbcbfb8b455
p:  267168.3460443777
5d09cd38052d3fbcbfb8b456
p:  326186.05618627276
5d09d5e53f33db7d2bb8b43c
p:  313429.9928925507
5d09d2f13f33db7d2bb8b434
p:  231179.7322752287
5d09d92ba1a696ba69b8b4da
p:  743633.1085807466
5d09d7b0a1a696ba69b8b4b3
p:  513832.7538861942
5d09d7d2a1a696ba69b8b4b7
p:  245629.8300603369
5d09d754a1a696ba69b8b4a8
p:  334848.9187542418
5d09d7a0a1a696ba69b8b4b1
p:  385548.98177161894
5d09d77fa1a696ba69b8b4ac
p:  397357.55930216797
5d09d75da1a696ba69b8b4a9
p:  268081.77329717064
5d09d845a1a696ba69b8b4c4
p:  534296.1608920019
5d09d823a1a696ba69b8b4c0
p:  376002.3646433219
5d09d932a1a696ba69b8b4db
p:  489532.19329583226
5d09d82ca1a696ba69b8b4c1
p:  425618.03301262076
5d09d7dca1a696ba69b8b4b8
p:  355909.15856214816
5d09d2ee3f33db7d2bb8b433
p:  351975.8111226604
5d09d3981005ce1674b8b414
p:  246214.22614263307
5d09d81c1005ce1674b8b448
p:  443301.2064950436
5d09d2651005ce1674b8b3fe
p:  259216.05162002743
5d09d8261005ce1674b8b449
p:  279379.6310715155
5d09d2093d8dd3fa66b8b3dc
p:  305387.9297188409
5d09d4353d8dd3fa66b8b3ed
p:  509850.13968423934
5d09d1bf1005ce1674b8b3f1
p:  327101.96689701075
5d09d8db1005ce1674b8b454
p:  306739.3012846537
5d09d8bd3f33db7d2bb8b447
p:  286670.253405484
5d09d9473f33db7d2bb8b449
p:  299871.91312758625
5d09b3c61005ce1674b8b31b
p:  322369.87959196535
5d09b6b91005ce1674b8b32c
p:  402413.12433571334
5d09ae891005ce1674b8b303
p:  379002.7268036769
5d09d44d2dd597d106b8b410
p:  346713.99275158386
5d09d51aa1a696ba69b8b495
p:  239763.2584042516
5d09b0d9529b0d510bb8b327
p:  434341.1624789577
5d09aaa7529b0d510bb8b2ef
p:  506796.44491652545
5d09a977529b0d510bb8b2e8
p:  453817.71002351533
5d09b332529b0d510bb8b349
p:  472128.94838767237
5d09a982529b0d510bb8b2eb
p:  453646.7038528506
5d099d56529b0d510bb8b295
p:  511736.90622568544
5d09ac2b529b0d510bb8b2fb
p:  422679.04875904927
5d099e0b529b0d510bb8b2a4
p:  830377.3874763688
5d09b006529b0d510bb8b317
p:  722180.3298858202
5d099e26529b0d510bb8b2a8
p:  475642.13632963714
5d09b5941005ce1674b8b329
p:  319088.1289828388
5d09b246529b0d510bb8b32f
p:  575616.2208279872
5d09a966529b0d510bb8b2e5
p:  497444.57933696883
5d09ac1d529b0d510bb8b2f8
p:  555687.0638274006
5d09a951529b0d510bb8b2e2
p:  674796.0631446661
5d09a961529b0d510bb8b2e4
p:  466491.60967058525
5d099d73529b0d510bb8b298
p:  394073.458183431
5d09a4ac529b0d510bb8b2c5
p:  481634.9384870494
5d09aa8d529b0d510bb8b2ed
p:  506654.64456949045
5d09ac14529b0d510bb8b2f6
p:  481723.4083947834
5d09b2fd529b0d510bb8b343
p:  470324.0189909664
5d09b4db38d042508eb8b305
p:  696703.8104691688
5d09b9dc38d042508eb8b321
p:  700330.2299798576
5d09d5102dd597d106b8b412
p:  365815.6334936634
5d09d6a42dd597d106b8b429
p:  351956.8389098771
5d09d50ca1a696ba69b8b493
p:  339905.3891833968
5d09d5ec2dd597d106b8b426
p:  385149.9273116621
5d09d64b1005ce1674b8b435
p:  347649.93253905897
5d09d8e51005ce1674b8b455
p:  401593.0121010307
5d09d9c51005ce1674b8b45e
p:  399151.85162388114
5d09d8c41005ce1674b8b451
p:  391434.58976812055
5d09d9b31005ce1674b8b45b
p:  389595.56870099826
5d09a55d1005ce1674b8b2bf
p:  577824.9878338512
5d09cb3a3f33db7d2bb8b3d8
p:  440863.2193337756
5d09ce1d3f33db7d2bb8b3ff
p:  432521.94726279797
5d09d00e3f33db7d2bb8b417
p:  448717.49958641455
5d09cc143f33db7d2bb8b3e4
p:  446257.4644921508
5d09d1251005ce1674b8b3e5
p:  342690.71561935934
5d09d4191005ce1674b8b420
p:  363398.05930041417
5d09d3f91005ce1674b8b41d
p:  275901.48360184307
5d09d1911005ce1674b8b3ed
p:  295684.82388866536
5d09d1f91005ce1674b8b3f6
p:  301897.1090332889
5d09d1771005ce1674b8b3eb
p:  301003.73279862606
5d09d2731005ce1674b8b3ff
p:  386208.2141492657
5d09d3bd1005ce1674b8b417
p:  413493.84115821583
5d09caf83f33db7d2bb8b3d2
p:  417689.64106213
5d09d28f1005ce1674b8b401
p:  257553.02705307177
5d09cbef3f33db7d2bb8b3e1
p:  398378.96516195807
5d09d3671005ce1674b8b411
p:  363132.9944584408
5d09d35d1005ce1674b8b410
p:  298937.06449143204
5d09d2021005ce1674b8b3f7
p:  294209.28373495955
5d09d1591005ce1674b8b3e8
p:  400979.5158956152
5d09ced83f33db7d2bb8b412
p:  519857.6400744801
5d09cc3c3f33db7d2bb8b3e7
p:  410922.35495198925
5d09ceba3f33db7d2bb8b40d
p:  410922.35495198925
5d09caa73f33db7d2bb8b3cc
p:  445658.97666969243
5d09cacd3f33db7d2bb8b3ce
p:  406978.76120198925
5d09c9333f33db7d2bb8b3c0
p:  445377.82450772944
5d09ce2e3f33db7d2bb8b402
p:  495851.19676558895
5d09cac23f33db7d2bb8b3cd
p:  401164.4023653049
5d09c6ef3f33db7d2bb8b3b0
p:  376056.2708621644
5d09cc6c3f33db7d2bb8b3ea
p:  440545.03748887253
5d09d7b8052d3fbcbfb8b4e4
p:  506561.9916565718
5d09d7ae052d3fbcbfb8b4e3
p:  353146.7181669674
5d09d79a052d3fbcbfb8b4e1
p:  353146.7181669674
5d09d713052d3fbcbfb8b4d5
p:  339561.1443670598
5d09d8e8052d3fbcbfb8b502
p:  438633.89401823
5d099c911005ce1674b8b28e
p:  290049.5519017878
5d09a37c1005ce1674b8b2b5
p:  317382.2708746926
5d09d15c3f33db7d2bb8b421
p:  610172.9113770653
5d09a30c1005ce1674b8b2a8
p:  350015.4744248962
5d09a42b1005ce1674b8b2b9
p:  447585.59253478306
5d099c861005ce1674b8b28d
p:  452732.1413515887
5d09a3a73d8dd3fa66b8b2c4
p:  418911.7680864673
5d09a14e3d8dd3fa66b8b2b6
p:  350729.8651245414
5d099f943d8dd3fa66b8b2a7
p:  438847.8674595145
5d09a9a43d8dd3fa66b8b2f8
p:  294648.8726062258
5d09decb1005ce1674b8b493
p:  379514.19570053194
5d09dcc91005ce1674b8b480
p:  381865.5263812461
5d09de601005ce1674b8b48f
p:  377572.1694706532
5d09dede1005ce1674b8b495
p:  411562.3328520333
5d09dd6c1005ce1674b8b488
p:  304347.04193617083
5d099d3c2dd597d106b8b289
p:  399363.67304556957
5d099fdb2dd597d106b8b2a3
p:  362510.7099384144
5d099f012dd597d106b8b29c
p:  388888.7349164392
5d09a16e2dd597d106b8b2af
p:  309559.98747596866
5d099d572dd597d106b8b28d
p:  311809.35772926826
5d099a63e4bc7c821c0e8b17
p:  406333.30539116485
5d09a1432dd597d106b8b2ae
p:  336278.36734369583
5d099e9c2dd597d106b8b297
p:  483304.8671165262
5d099d85529b0d510bb8b29b
p:  590509.6057318237
5d099a4ce4bc7c821c0e8b15
p:  429462.52899689856
5d09a9233d8dd3fa66b8b2f3
p:  343205.1772415575
5d09ac563d8dd3fa66b8b307
p:  308930.6235104694
5d09a9393d8dd3fa66b8b2f4
p:  299357.254326213
5d09de033f33db7d2bb8b45c
p:  300785.8077698618
5d09df403f33db7d2bb8b461
p:  317840.11912050337
5d09db4c3f33db7d2bb8b451
p:  319617.5302969588
5d09dcc83f33db7d2bb8b457
p:  259618.46603103296
5d09dec33f33db7d2bb8b45f
p:  293414.2714294598
5d09df013f33db7d2bb8b460
p:  239497.45531476394
5d09dcc32dd597d106b8b44d
p:  323673.2336425747
5d09df803f33db7d2bb8b462
p:  296561.2800926538
5d09abe2cd3dc7c345b8b304
p:  398569.9279050261
5d09acd2cd3dc7c345b8b30e
p:  361352.93716854684
5d09d90f3d8dd3fa66b8b40a
p:  210581.46390171774
5d09d94e3d8dd3fa66b8b412
p:  364511.59876744717
5d09d473052d3fbcbfb8b491
p:  267708.6946484259
5d09d375052d3fbcbfb8b47b
p:  409547.1647468208
5d099a25e4bc7c821c0e8b11
p:  456900.020819252
5d09ac1ecd3dc7c345b8b307
p:  339645.8638344172
5d09abc9cd3dc7c345b8b302
p:  392196.06613238575
5d09d8ab3d8dd3fa66b8b400
p:  354893.6559898229
5d09d9053d8dd3fa66b8b409
p:  342103.14598672197
5d09d8bd3d8dd3fa66b8b402
p:  328662.61344583554
5d09e039052d3fbcbfb8b531
p:  449499.4523135051
5d09b2ea529b0d510bb8b340
p:  715010.476858138
5d09e03c3f33db7d2bb8b465
p:  243161.77398653614
5d09aa0c3d8dd3fa66b8b2fb
p:  305379.4986073779
5d099e932dd597d106b8b295
p:  405175.2461675094
5d09dbd02dd597d106b8b446
p:  347629.8282781023
5d09a1af2dd597d106b8b2b1
p:  406339.4577982174
5d099f12a1a696ba69b8b2a4
p:  497599.45531080314
5d09ad38cd3dc7c345b8b313
p:  485987.1186025937
5d099e43a1a696ba69b8b29c
p:  462232.24778750027
5d09ac8c3d8dd3fa66b8b30d
p:  415193.83445267053
5d09a24da1a696ba69b8b2c1
p:  310540.6656932314
5d09a300a1a696ba69b8b2c4
p:  425315.8846249865
5d099d8c2dd597d106b8b291
p:  295133.6573978369
5d09a5d3a1a696ba69b8b2db
p:  659410.7885419126
5d09a0c3a1a696ba69b8b2b5
p:  584268.2209661033
5d09a55ba1a696ba69b8b2d6
p:  393059.8438611599
5d09d369052d3fbcbfb8b479
p:  302944.40321252856
5d09d326052d3fbcbfb8b477
p:  722515.4731481046
5d09da143d8dd3fa66b8b416
p:  210084.40575605654
5d09d9463d8dd3fa66b8b411
p:  286515.0252093626
5d09d8ee3d8dd3fa66b8b407
p:  620528.5965478246
5d09dbd03d8dd3fa66b8b425
p:  519566.070251566
5d09cb261005ce1674b8b3b5
p:  442646.9449765794
5d09cb041005ce1674b8b3b1
p:  266061.5723822225
5d09d488529b0d510bb8b418
p:  229657.54642808292
5d09d8a0529b0d510bb8b436
p:  371566.2729706714
5d099e2ca1a696ba69b8b29a
p:  585155.1277516575
5d099d32a1a696ba69b8b295
p:  428661.67229621165
5d09a18aa1a696ba69b8b2bb
p:  390133.9806728534
5d09d9c0cd3dc7c345b8b577
p:  350215.61762784683
5d09dc31a1a696ba69b8b4f3
p:  237525.13753754686
5d09e0d32dd597d106b8b46d
p:  419013.8393422274
5d09e7902dd597d106b8b49b
p:  413470.648256493
5d09d453529b0d510bb8b414
p:  230093.9391900241
5d09e06a2dd597d106b8b468
p:  290840.2874775956
5d09e4a62dd597d106b8b486
p:  567393.3751332721
5d09d557529b0d510bb8b426
p:  387873.4918117451
5d09d547529b0d510bb8b425
p:  491197.6480043599
5d09d9de529b0d510bb8b43e
p:  426406.2252445499
5d09d72e529b0d510bb8b42d
p:  427291.56801236747
5d09c9b3a1a696ba69b8b41b
p:  457859.77394866775
5d09c43738d042508eb8b389
p:  662679.4645004529
5d09a840529b0d510bb8b2de
p:  738186.4399944649
5d09a824529b0d510bb8b2da
p:  698311.2791841736
5d099c6e1005ce1674b8b289
p:  550348.1308502618
5d09ce123f33db7d2bb8b3fd
p:  402043.38382390153
5d09cb703f33db7d2bb8b3db
p:  503211.44578460895
5d09cbb53f33db7d2bb8b3dd
p:  483578.36406378075
5d09ddba052d3fbcbfb8b524
p:  374730.74508428987
5d09e492052d3fbcbfb8b551
p:  482439.32120495697
5d09dd59cd3dc7c345b8b59f
p:  348845.2457820058
5d09e234cd3dc7c345b8b5dc
p:  517340.5932735252
5d09f9493d8dd3fa66b8b565
p:  325167.107701528
5d09f976529b0d510bb8b50b
p:  246344.90896328504
5d09d330cd3dc7c345b8b4fa
p:  592665.7576783611
5d09d0c03f33db7d2bb8b41c
p:  410006.6891724017
5d09b0d6cd3dc7c345b8b344
p:  490593.0991377623
5d09d424a1a696ba69b8b482
p:  415248.0903952643
5d09d64838d042508eb8b42f
p:  435039.3147355465
5d09e4dc052d3fbcbfb8b555
p:  442094.96474769467
5d09adec2dd597d106b8b2f9
p:  392895.97793611186
5d09c9f1a1a696ba69b8b41d
p:  635879.2709651054
5d09cc34a1a696ba69b8b433
p:  592052.1581011799
5d09c9d3a1a696ba69b8b41c
p:  565328.4219251412
5d09cb14a1a696ba69b8b429
p:  565328.4219251412
5d09d4c738d042508eb8b41c
p:  557118.109987146
5d09a6791005ce1674b8b2c5
p:  748256.5638563533
5d09a3741005ce1674b8b2b4
p:  635470.2543475067
5d09a99a1005ce1674b8b2d8
p:  407242.89810121985
5d09a2c81005ce1674b8b29f
p:  501751.64707239106
5d09c7b32dd597d106b8b3ae
p:  437855.97361694626
5d09e170052d3fbcbfb8b53c
p:  506722.2792668032
5d09afb7529b0d510bb8b310
p:  409612.2819885864
5d09fb3d1005ce1674b8b583
p:  399925.9831971306
5d09b553cd3dc7c345b8b376
p:  724135.8351076634
5d09b8f7a1a696ba69b8b382
p:  428245.1282530002
5d09a94538d042508eb8b2d3
p:  467304.965667417
5d09dae038d042508eb8b44d
p:  417762.4541965077
5d09a74d2dd597d106b8b2cf
p:  642342.1572956687
5d09bbdf2dd597d106b8b34f
p:  360524.8773150657
5d09cd21a1a696ba69b8b43b
p:  579669.0532634598
5d09bfa838d042508eb8b360
p:  579613.5966640712
5d09c5252dd597d106b8b395
p:  804828.1890038258
5d09b334a1a696ba69b8b365
p:  925285.3935398385
5d09d32d38d042508eb8b3f8
p:  391866.3448936683
5d099d5c529b0d510bb8b296
p:  587149.6118378664
5d09aec51005ce1674b8b306
p:  431525.9480960561
5d09d6ba052d3fbcbfb8b4cc
p:  355652.6062064776
5d09c7c42dd597d106b8b3b1
p:  484589.65754209366
5d09e0fc052d3fbcbfb8b538
p:  613934.5542031401
5d09dd5e052d3fbcbfb8b51f
p:  387445.4235866601
5d09e34d052d3fbcbfb8b54a
p:  376960.3545060558
5d09e499052d3fbcbfb8b552
p:  483571.89877778874
5d09df35052d3fbcbfb8b52d
p:  445883.1969132418
5d09cd9538d042508eb8b3c7
p:  532648.4918321881
5d09a7dc2dd597d106b8b2da
p:  447111.34481185675
5d09e4ce052d3fbcbfb8b553
p:  447196.87745009194
5d09a350cd3dc7c345b8b2bf
p:  723157.2429392801
5d09ca2e1005ce1674b8b3a2
p:  373614.54354497907
5d09ad722dd597d106b8b2f2
p:  473017.80748899304
5d09b42fcd3dc7c345b8b36a
p:  887582.1595391764
5d09b482cd3dc7c345b8b36d
p:  1087891.9893973824
5d09b1612dd597d106b8b317
p:  620120.1133416798
5d09ade52dd597d106b8b2f7
p:  460859.26495151385
5d09bb6da1a696ba69b8b397
p:  430381.1464669367
5d09b52ca1a696ba69b8b375
p:  671726.1530698417
5d09b4c3a1a696ba69b8b36a
p:  715575.219236581
5d09cb5aa1a696ba69b8b431
p:  687602.1416657139
5d09b74dcd3dc7c345b8b388
p:  553078.4848701153
5d09ac37a1a696ba69b8b327
p:  557432.279782841
5d09cde638d042508eb8b3ca
p:  630077.3347393135
5d09d2d538d042508eb8b3f4
p:  549346.8237728383
5d09c67838d042508eb8b399
p:  459208.5004658359
5d09d2c138d042508eb8b3f1
p:  533100.7566282859
5d09e226052d3fbcbfb8b541
p:  339227.09812247555
5d09b87c38d042508eb8b31b
p:  765019.0475866109
5d09ac121005ce1674b8b2e4
p:  644301.7612313242
5d09cc203f33db7d2bb8b3e5
p:  505232.0593097813
5d09d55e052d3fbcbfb8b4a9
p:  573266.6911872298
5d09c46c2dd597d106b8b38e
p:  432656.0917412044
5d09c8532dd597d106b8b3b5
p:  657539.6420782274
5d09c7012dd597d106b8b3a3
p:  562098.4007459399
5d09c7bd2dd597d106b8b3b0
p:  501719.4266582422
5d099c791005ce1674b8b28b
p:  454228.7480267462
5d09e6e2052d3fbcbfb8b56d
p:  619712.0089672807
5d09ddf0cd3dc7c345b8b5a5
p:  860924.5027245964
5d09d8b43d8dd3fa66b8b401
p:  374074.9316724714
5d09c66bcd3dc7c345b8b410
p:  735236.9077207617
5d09e5d3052d3fbcbfb8b561
p:  387901.9061075571
5d099fb138d042508eb8b297
p:  730233.8001995278
5d09b5842dd597d106b8b32a
p:  692864.0159600982
5d09a04a38d042508eb8b29e
p:  488313.91488478647
5d09ce7d3f33db7d2bb8b408
p:  452215.0889283356
5d09e4b0a1a696ba69b8b543
p:  312150.29085738654
5d09f9a838d042508eb8b533
p:  352770.03514692135
5d09ebef38d042508eb8b4fc
p:  449052.0365537849
5d09e29ba1a696ba69b8b528
p:  331099.0994672799
5d09be7238d042508eb8b350
p:  573013.4333294585
5d09b57e2dd597d106b8b328
p:  706630.0521964699
5d09a5ed529b0d510bb8b2cd
p:  621283.9580653503
5d099ac4e869120b0f0e8afd
p:  514324.05768159404
5d09c46c1005ce1674b8b376
p:  413204.23106098484
5d09ae621005ce1674b8b2fd
p:  431525.9480960561
5d09c8ee2dd597d106b8b3b7
p:  606185.9794723177
5d09c7c92dd597d106b8b3b2
p:  425471.30505661457
5d09c5fb2dd597d106b8b39c
p:  445480.77898643987
5d09c8212dd597d106b8b3b4
p:  611024.6055004252
5d09bb55a1a696ba69b8b395
p:  698683.0032408836
5d09be3538d042508eb8b34f
p:  695654.1205095837
5d09b314cd3dc7c345b8b35e
p:  549384.8954652338
5d09b0f2cd3dc7c345b8b346
p:  541593.5054405304
5d099d6e529b0d510bb8b297
p:  440609.91297390783
5d09d4dfa1a696ba69b8b48d
p:  385873.40949068277
5d09b24c529b0d510bb8b330
p:  404976.5571798675
5d09e2fd052d3fbcbfb8b546
p:  582107.8385467534
5d09d4e6a1a696ba69b8b48e
p:  456783.50075353764
5d09a5c6529b0d510bb8b2ca
p:  483120.7569962827
5d09f803cd3dc7c345b8b6ac
p:  260535.97730912565
5d09f7c9cd3dc7c345b8b6a6
p:  264736.0218930604
5d09fc411005ce1674b8b594
p:  449986.07183415873
5d09fb441005ce1674b8b584
p:  356108.2526987677
5d09afaf529b0d510bb8b30f
p:  615248.6901837436
5d09e4e2529b0d510bb8b46b
p:  324209.34613427136
5d09c6f53f33db7d2bb8b3b1
p:  315692.50245427596
5d09adde529b0d510bb8b30b
p:  444591.4886552934
5d09cd15052d3fbcbfb8b452
p:  684437.8142037549
5d09c5ff1005ce1674b8b37f
p:  569493.2308564284
5d09c4c62dd597d106b8b392
p:  487807.53742977005
5d09c5f02dd597d106b8b39b
p:  472160.4751134142
5d09d7eea1a696ba69b8b4ba
p:  568683.3511762491
5d09d8cc1005ce1674b8b452
p:  295256.82525745896
5d09c6201005ce1674b8b382
p:  490428.72175523674
5d09e117052d3fbcbfb8b539
p:  470579.6188175846
5d09cc2b3f33db7d2bb8b3e6
p:  328029.95912150794
5d09c4872dd597d106b8b390
p:  554551.9565394749
5d09bc5238d042508eb8b335
p:  799298.0634723564
5d09ca141005ce1674b8b3a0
p:  526534.8728583606
5d09a7d52dd597d106b8b2d9
p:  707617.9417758987
5d09ef9e3f33db7d2bb8b4bf
p:  694802.0523977386
5d09ead21005ce1674b8b4ee
p:  476496.65092194197
5d09a7672dd597d106b8b2d4
p:  442741.71844915906
5d09b2cacd3dc7c345b8b359
p:  452221.7046829212
5d09b7b7cd3dc7c345b8b390
p:  451288.36462171713
5d09b8cd2dd597d106b8b33f
p:  1067285.3940683692
5d09b0942dd597d106b8b310
p:  455291.8851715779
5d09ad1fa1a696ba69b8b32b
p:  515927.0472885073
5d09afe62dd597d106b8b307
p:  724755.5160694125
5d09b4d2a1a696ba69b8b36b
p:  442215.77040080976
5d09ade02dd597d106b8b2f6
p:  799678.5622782869
5d09ade82dd597d106b8b2f8
p:  418911.25970485015
5d09c47c38d042508eb8b38c
p:  559781.7981503145
5d09e947052d3fbcbfb8b58f
p:  308571.0445247615
5d099a6742c75979840e8b00
p:  1267837.3687001406
5d0999df42c75979840e8af9
p:  891971.8446039907
5d09bf643d8dd3fa66b8b383
p:  882792.8537179898
5d09be3138d042508eb8b34e
p:  885780.6972204236
5d09f0c838d042508eb8b512
p:  473936.0118178227
5d09c63f1005ce1674b8b385
p:  418849.17819111864
5d09c5f41005ce1674b8b37e
p:  448410.0617968389
5d09d3ea1005ce1674b8b41b
p:  347968.2687604405
5d09e504052d3fbcbfb8b558
p:  562102.7436573924
5d0a0a8a38d042508eb8b5fb
p:  297766.4066903549
5d09ceb4cd3dc7c345b8b4aa
p:  682807.1922803432
5d09c765cd3dc7c345b8b424
p:  921354.4663021088
5d09c697cd3dc7c345b8b414
p:  493150.47971425543
5d09cea6cd3dc7c345b8b4a9
p:  609567.0111364645
5d09d363cd3dc7c345b8b4fd
p:  640691.5839998766
5d09fa961005ce1674b8b576
p:  240439.49009266667
5d09a3061005ce1674b8b2a7
p:  556380.9517165129
5d09e37d052d3fbcbfb8b54f
p:  362989.2913640339
5d09c62c1005ce1674b8b383
p:  450037.9568505479
5d09dd2d052d3fbcbfb8b51c
p:  278004.46996784105
5d09d9553d8dd3fa66b8b413
p:  388271.18299388175
5d09ae731005ce1674b8b2ff
p:  361669.8516962271
5d09bf4638d042508eb8b35a
p:  427920.88457749155
5d09bfe238d042508eb8b363
p:  382728.86108460056
5d09ca371005ce1674b8b3a3
p:  526534.8728583606
5d0a040f529b0d510bb8b548
p:  337035.218811861
5d09b4b6cd3dc7c345b8b370
p:  415558.2642141875
5d09b2782dd597d106b8b31d
p:  478083.3175793089
5d0a2c4b38d042508eb8b707
p:  1245458.5429052566
5d09deea38d042508eb8b47d
p:  729729.76252651
5d09cf5c38d042508eb8b3d8
p:  504561.16269467433
5d09ec921005ce1674b8b500
p:  504149.12486301525
5d09c8a4a1a696ba69b8b40b
p:  462570.4550504505
5d09d65338d042508eb8b430
p:  446474.08383897616
5d09cbce3f33db7d2bb8b3de
p:  500533.08565227676
5d09e043cd3dc7c345b8b5bf
p:  450340.7195464715
5d09e114cd3dc7c345b8b5cb
p:  369114.03056731273
5d099d8a529b0d510bb8b29c
p:  481288.76926938514
5d09ce002dd597d106b8b3e7
p:  707624.5396937665
5d09e4d5052d3fbcbfb8b554
p:  506670.5291237364
5d0a0a461005ce1674b8b614
p:  447115.0199507931
5d09e2b0a1a696ba69b8b52d
p:  423136.32464083075
5d0a20c0052d3fbcbfb8b711
p:  1511070.9251939864
5d0a0644529b0d510bb8b55b
p:  308967.16596646537
5d09b4461005ce1674b8b320
p:  444317.15962930117
5d09a95c529b0d510bb8b2e3
p:  530388.0746511896
5d09e48a052d3fbcbfb8b550
p:  547512.6841517293
5d09d29f1005ce1674b8b402
p:  382288.3762222775
5d09df30052d3fbcbfb8b52c
p:  387198.18607035687
5d09dd1038d042508eb8b46e
p:  431508.92194977606
5d09dfcdcd3dc7c345b8b5b8
p:  251413.9203295132
5d09c6641005ce1674b8b388
p:  540002.9608236252
5d099f3ea1a696ba69b8b2a9
p:  660849.2848216277
5d09ca091005ce1674b8b39f
p:  477184.5573156409
5d09bdad38d042508eb8b349
p:  859487.5258324973
5d09c96c1005ce1674b8b397
p:  484987.7682013471
5d09cced2dd597d106b8b3df
p:  531715.3624084197
5d09b5921005ce1674b8b328
p:  365057.03839570633
5d09e26f052d3fbcbfb8b543
p:  287146.3097879482
5d09c7131005ce1674b8b38c
p:  592629.8496839285
5d099d822dd597d106b8b290
p:  462735.66451167973
5d09bebe2dd597d106b8b362
p:  689668.3959566855
5d09fe543f33db7d2bb8b540
p:  444492.25779611635
5d09fe641005ce1674b8b5c2
p:  330160.0891819936
5d09ca731005ce1674b8b3a8
p:  473602.265472015
5d09a36538d042508eb8b2ad
p:  573517.5760307666
5d09995fe4bc7c821c0e8b02
p:  291342.3751913679
5d09ad61052d3fbcbfb8b2ea
p:  383518.75792569784
5d09e5e53d8dd3fa66b8b474
p:  402961.4281861343
5d09f80c2dd597d106b8b509
p:  501467.7317069577
5d09d9f338d042508eb8b43f
p:  431508.92194977606
5d099fe5529b0d510bb8b2af
p:  561624.9196029285
5d09e0abcd3dc7c345b8b5c6
p:  403887.03710016503
5d09de16cd3dc7c345b8b5a7
p:  657389.1475765079
5d09dbe3052d3fbcbfb8b511
p:  413870.6445805781
5d099f09a1a696ba69b8b2a3
p:  458041.6165681261
5d09da9ccd3dc7c345b8b58a
p:  414671.99471892277
5d09e040052d3fbcbfb8b532
p:  398304.11004310206
5d099d53a1a696ba69b8b296
p:  561335.0778072607
5d09b3e61005ce1674b8b31f
p:  350498.5069992485
5d09d678052d3fbcbfb8b4c4
p:  376137.44918756664
5d099ff7a1a696ba69b8b2ae
p:  465360.5343784329
5d09a7e3529b0d510bb8b2d2
p:  480800.255042266
5d09b28a529b0d510bb8b337
p:  480204.8576577486
5d09d64e052d3fbcbfb8b4bf
p:  331098.23662781075
5d09e095cd3dc7c345b8b5c5
p:  416944.0497831495
5d09df1fcd3dc7c345b8b5b2
p:  425479.180697075
5d09e401cd3dc7c345b8b5f9
p:  432710.37650082045
5d09d99ecd3dc7c345b8b575
p:  407751.5317470152
5d09c7282dd597d106b8b3a5
p:  418903.52335622173
5d0cd63a3786587b8217ebec
p:  362449.54779217986
5d0cd67f31f2ab1c9117edca
p:  640223.8440044397
5d0cd70231f2ab1c9117edce
p:  523131.6867927803
5d0cd70d8f60c3281917ed99
p:  312337.1142977388
5d0cd72a3786587b8217ebf0
p:  634668.4165209001
5d0cd7338f60c3281917ed9e
p:  340387.1686582153
5d0cd75659001cee1a17ecaa
p:  452365.29341989063
5d0cd7c7b7c2ed7f1e17eb67
p:  758713.1151931261
5d0cd7d731f2ab1c9117edd3
p:  348550.9968933464
5d0cd7fd59001cee1a17ecb1
p:  254826.15334352016
5d0cd81859001cee1a17ecb3
p:  378790.21619257506
5d0cd82659001cee1a17ecb4
p:  490650.4647756322
5d0cd829581a78e22517ec21
p:  678965.2390316341
5d0cd83d59001cee1a17ecb5
p:  557683.5031948719
5d0cd842b7c2ed7f1e17eb6e
p:  416279.4608975797
5d0cd84e31f2ab1c9117edda
p:  331042.0771458879
5d0cd85331f2ab1c9117eddb
p:  313412.8789662539
5d0cd85bb7c2ed7f1e17eb70
p:  500720.13704502396
5d0cd865b7c2ed7f1e17eb71
p:  919566.515651013
5d0cd882b7c2ed7f1e17eb74
p:  581423.2892970799
5d0cd88e581a78e22517ec22
p:  500784.6874133273
5d0cd893581a78e22517ec23
p:  537164.9009903497
5d0cd894b7c2ed7f1e17eb76
p:  692115.2902322959
5d0cd899581a78e22517ec24
p:  465264.0336708913
5d0cd89d581a78e22517ec25
p:  571034.6505196184
5d0cd8a0b7c2ed7f1e17eb77
p:  628000.9449043567
5d0cd8b2b7c2ed7f1e17eb78
p:  592325.125748877
5d0cd8beb7c2ed7f1e17eb79
p:  577410.785462901
5d0cd8ccb7c2ed7f1e17eb7a
p:  586507.9688603992
5d0cd8d131f2ab1c9117eddd
p:  321274.7221747908
5d0cd8dc31f2ab1c9117edde
p:  344674.85800682264
5d0cd91cb7c2ed7f1e17eb82
p:  417775.8149652779
5d0cd92359001cee1a17ecb8
p:  723792.5835152227
5d0cd942b7c2ed7f1e17eb85
p:  642480.2134570826
5d0cd954b7c2ed7f1e17eb87
p:  372236.1198965147
5d0cd957581a78e22517ec2a
p:  603895.2391504863
5d0cd960b7c2ed7f1e17eb88
p:  556035.7340555255
5d0cd96cfb7fec59e217ebbe
p:  248539.07341242698
5d0cd96e96566207f317ed45
p:  375813.9903447118
5d0cd9cefb7fec59e217ebc2
p:  485260.4689142205
5d0cd9dbfb7fec59e217ebc5
p:  560626.4327196293
5d0cda05fb7fec59e217ebc7
p:  527168.9868895283
5d0cda0f8f60c3281917eda8
p:  449788.3288210116
5d0cda148f60c3281917eda9
p:  298929.12773553096
5d0cda16581a78e22517ec32
p:  553347.7049306381
5d0cda1e96566207f317ed49
p:  316388.7277158145
5d0cda2c581a78e22517ec34
p:  551708.0196777298
5d0cda3a96566207f317ed4a
p:  385269.11530806066
5d0cdaa08f60c3281917edae
p:  430840.2876117075
5d0cdaa6fb7fec59e217ebcc
p:  481727.5925356946
5d0cdaae59001cee1a17ecc5
p:  438079.78103370726
5d0cdabdfb7fec59e217ebcd
p:  414494.5970307499
5d0cdace96566207f317ed4c
p:  437665.0920321874
5d0cdadc96566207f317ed4d
p:  384086.9536664392
5d0cdae259001cee1a17ecc8
p:  319920.35596002464
5d0cdaf1581a78e22517ec35
p:  495099.0297829006
5d0cdaf6581a78e22517ec36
p:  510392.45991517993
5d0cdb0efb7fec59e217ebce
p:  476814.2790396782
5d0cdb32fb7fec59e217ebcf
p:  493988.37000631075
5d0cdb548f60c3281917edb9
p:  630885.0118919081
5d0cdb9631f2ab1c9117edef
p:  418296.6833888624
5d0cdbc5f487f4b54517eca0
p:  458552.61402440525
5d0cdbe6f487f4b54517eca3
p:  414780.22558476374
5d0cdbff59001cee1a17ecd0
p:  362208.3127770046
5d0cdc47581a78e22517ec37
p:  399901.115555334
5d0cdc61581a78e22517ec39
p:  422019.0945795755
5d0cdc643786587b8217ec21
p:  796330.4650236813
5d0cdc8359001cee1a17ecd4
p:  373647.8050122813
5d0cdc8e581a78e22517ec3b
p:  563260.9338161019
5d0cdcb2fb7fec59e217ebd9
p:  678738.8315402849
5d0cdcc531f2ab1c9117edf7
p:  499510.9083231702
5d0cdd5b3786587b8217ec2d
p:  413946.49081667105
5d0cdd9259001cee1a17ecd8
p:  365670.3375270171
5d0cdda6a81dd603e317ece0
p:  385231.72846272576
5d0cddb6fb7fec59e217ebe0
p:  592490.4897465663
5d0cddddf487f4b54517ecb0
p:  422579.2497396164
5d0cde3ffb7fec59e217ebe3
p:  412275.1341838379
5d0cde703786587b8217ec45
p:  465576.88032781635
5d0cde8031f2ab1c9117edfe
p:  472124.80823457777
5d0cdea2b7c2ed7f1e17ebaa
p:  356781.8373640595
5d0cdec23786587b8217ec47
p:  301081.2871462472
5d0cdec4a81dd603e317ecef
p:  531221.6022685388
5d0cdef5f487f4b54517ecb7
p:  383435.1281638878
5d0cdef6fb7fec59e217ebe6
p:  709591.5705923778
5d0cdefa3786587b8217ec4c
p:  568994.3486483066
5d0cdf08b7c2ed7f1e17ebac
p:  305502.0901060167
5d0cdf28f487f4b54517ecbc
p:  422968.767777816
5d0cdf373786587b8217ec4e
p:  556305.2460693584
5d0cdf3ca81dd603e317ecf2
p:  591367.4127547625
5d0cdf413786587b8217ec4f
p:  574244.5518486202
5d0cdf603786587b8217ec51
p:  463169.1941192362
5d0cdf8859001cee1a17ece4
p:  513349.2654495957
5d0cdfc496566207f317ed6b
p:  483586.69830768806
5d0cdfd7581a78e22517ec4a
p:  387805.48999428184
5d0cdfe7b7c2ed7f1e17ebb4
p:  522912.57511611644
5d0cdfef96566207f317ed71
p:  328590.5283647812
5d0ce00a3786587b8217ec59
p:  509011.0304594893
5d0ce01196566207f317ed74
p:  284000.3235286094
5d0ce0193786587b8217ec5a
p:  564545.9056744438
5d0ce040b7c2ed7f1e17ebb5
p:  426738.3700630971
5d0ce045b7c2ed7f1e17ebb6
p:  574865.0111047598
5d0ce060f487f4b54517ecdd
p:  606439.1066743198
5d0ce085581a78e22517ec4b
p:  431525.9480960561
5d0ce0b73786587b8217ec63
p:  494282.19900480413
5d0ce0e23786587b8217ec66
p:  512007.64471278596
5d0ce0fe96566207f317ed78
p:  466832.68998467724
5d0ce10d96566207f317ed7a
p:  355027.1639270777
5d0ce16196566207f317ed7b
p:  992383.4485497781
5d0ce1e6581a78e22517ec51
p:  326605.3023369956
5d0ce22c31f2ab1c9117ee28
p:  361358.4051719212
5d0ce2498f60c3281917ede7
p:  503193.86283906986
5d0ce25ea81dd603e317ecfe
p:  842222.9003426093
5d0ce263a81dd603e317ecff
p:  816142.0215655203
5d0ce292a81dd603e317ed00
p:  353242.57269456075
5d0d2a44e2ea012a7414ade2
p:  379376.5812922085
5d0d3c36e2ea012a7414ae7b
p:  365303.48446707055
5d0e5782a2ffe594d901e628
p:  444929.17208147113
5d0e579ef633f1e50d01e629
p:  318083.3559767838
5d0e58034dd9285348c72a63
p:  266254.0916963348
5d0e5805cf26868c74c72a62
p:  357649.2783468992
5d0e580c4dd9285348c72a64
p:  344425.82785656484
5d0e58144dd9285348c72a66
p:  497237.1073445775
5d0e581a4dd9285348c72a68
p:  269958.9853321555
5d0e582dcf35c85c1bc72a62
p:  539442.1280739235
5d0e583090d86c22f2c72a62
p:  458702.44846264867
5d0e583b90d86c22f2c72a64
p:  285727.2194124428
5d0e583c78474233f0c72a69
p:  604063.1307521886
5d0e584d95a2ee3f3fc72a66
p:  678720.5776436317
5d0e586d98c9abd4c7c72a65
p:  336950.24711012386
5d0e587178474233f0c72a6e
p:  363399.152245303
5d0e587298c9abd4c7c72a66
p:  307084.6411826571
5d0e587b1ba082794cc72a62
p:  349637.66785234434
5d0e587f78474233f0c72a6f
p:  256489.57788968072
5d0e5886cf26868c74c72a64
p:  517067.1186073151
5d0e588dfbb6b5c131c72a65
p:  250736.1313149659
5d0e5893cf26868c74c72a65
p:  448239.7262690689
5d0e5897cf26868c74c72a66
p:  412032.50923000486
5d0e589dcf26868c74c72a67
p:  501189.9456146821
5d0e58bc98c9abd4c7c72a6d
p:  307084.6411826571
5d0e58bf78474233f0c72a71
p:  330366.90935116285
5d0e58bfcf26868c74c72a6a
p:  322686.8226584465
5d0e58c978474233f0c72a72
p:  321056.99033361184
5d0e58cefbb6b5c131c72a6c
p:  313738.9441836787
5d0e58d11ba082794cc72a64
p:  247007.26381191664
5d0e58d990d86c22f2c72a6e
p:  344769.99774024787
5d0e58e04dd9285348c72a70
p:  314468.1769335178
5d0e58ecaa2bd2b29cc72a65
p:  251137.3717281217
5d0e58f5fbb6b5c131c72a6f
p:  426405.9991643233
5d0e58f84dd9285348c72a72
p:  344425.82785656484
5d0e59074dd9285348c72a73
p:  271142.01732422074
5d0e59118ea6aeb144c72a67
p:  426406.2252445499
5d0e59231ba082794cc72a65
p:  323709.39667139546
5d0e59264dd9285348c72a75
p:  253301.47363574133
5d0e592c4dd9285348c72a76
p:  254400.87378133996
5d0e593298c9abd4c7c72a76
p:  1305060.5227135434
5d0e59358ea6aeb144c72a68
p:  287128.9313736538
5d0e594398c9abd4c7c72a79
p:  308795.3776826187
5d0e5946cf26868c74c72a6e
p:  308795.3776826187
5d0e596e90d86c22f2c72a74
p:  379851.97142471885
5d0e596f2d65c45495c72a63
p:  326048.43825759843
5d0e59734dd9285348c72a7c
p:  307259.6853918601
5d0e59782d65c45495c72a64
p:  382243.74104504124
5d0e5982cf35c85c1bc72a69
p:  420497.861482951
5d0e5983fbb6b5c131c72a74
p:  347284.88725744426
5d0e5988fbb6b5c131c72a75
p:  355732.2396554577
5d0e598c17c8ce45efc72a65
p:  327159.32786971575
5d0e59aecf35c85c1bc72a6c
p:  605277.1632717095
5d0e59ae95a2ee3f3fc72a6c
p:  442815.2013608555
5d0e59b8cf35c85c1bc72a6d
p:  585831.9724821395
5d0e59c478474233f0c72a7b
p:  377552.0981454642
5d0e59c58ea6aeb144c72a6c
p:  384113.36573732994
5d0e59e1cf26868c74c72a72
p:  415341.2229505894
5d0e59edcf35c85c1bc72a70
p:  674893.3558514079
5d0e59f4fbb6b5c131c72a7d
p:  301448.19363028527
5d0e5a17cf35c85c1bc72a73
p:  407492.08734359697
5d0e5a19fbb6b5c131c72a7f
p:  270990.9340676226
5d0e5a1fcf35c85c1bc72a74
p:  556302.9859995442
5d0e5a218ea6aeb144c72a71
p:  387873.4918117451
5d0e5a22aa2bd2b29cc72a70
p:  368247.54751096846
5d0e5a2dcf35c85c1bc72a75
p:  516227.2442749259
5d0e5a2f95a2ee3f3fc72a6f
p:  622484.3148131145
5d0e5a35aa2bd2b29cc72a71
p:  361841.194197661
5d0e5a60aa2bd2b29cc72a73
p:  196358.52895218116
5d0e5a67cf35c85c1bc72a77
p:  560463.2815486959
5d0e5a6ffbb6b5c131c72a86
p:  635657.6753359912
5d0e5a6faa2bd2b29cc72a74
p:  332636.78657769714
5d0e5ad58ea6aeb144c72a76
p:  252846.08186385647
5d0e5add95a2ee3f3fc72a75
p:  699794.02532117
5d0e5aeb8ea6aeb144c72a77
p:  312874.9486468367
5d0e5af3aa2bd2b29cc72a79
p:  295095.35625644703
5d0e5afc2d65c45495c72a69
p:  418554.04552188254
5d0e5b07fbb6b5c131c72a91
p:  296778.88976694655
5d0e5b0faa2bd2b29cc72a7b
p:  274235.30052989983
5d0e5b378ea6aeb144c72a7b
p:  318217.38550521596
5d0e5b402d65c45495c72a6b
p:  395448.1755792975
5d0e5b48aa2bd2b29cc72a7f
p:  318513.25949508115
5d0e5b4c2d65c45495c72a6c
p:  371336.35665068834
5d0e5b552d65c45495c72a6d
p:  218526.88503814652
5d0e5b5c2d65c45495c72a6e
p:  466631.8517685259
5d0e5b6e98c9abd4c7c72a82
p:  682388.8593800986
5d0e5b6f2d65c45495c72a6f
p:  495593.9805266593
5d0e5b74aa2bd2b29cc72a80
p:  218716.67208470352
5d0e5b7878474233f0c72a8a
p:  624683.8328940049
5d0e5b8078474233f0c72a8b
p:  481469.3927295506
5d0e5b981ba082794cc72a6a
p:  336296.4115097587
5d0e5b982d65c45495c72a72
p:  341415.330003637
5d0e5baa17c8ce45efc72a6a
p:  365266.2713925866
5d0e5bc31ba082794cc72a6f
p:  326231.16532653524
5d0e5bce1ba082794cc72a70
p:  214897.1638910792
5d0e5bcf2d65c45495c72a77
p:  473110.38933822257
5d0e5bd990d86c22f2c72a7c
p:  287917.3343808532
5d0e5be02d65c45495c72a79
p:  483947.6885363911
5d0e5bec2d65c45495c72a7a
p:  584943.0746847664
5d0e5bf32d65c45495c72a7b
p:  484488.82929714513
5d0e5bfe2d65c45495c72a7c
p:  478460.9509942943
5d0e5c151ba082794cc72a74
p:  301897.1090332889
5d0e5c252d65c45495c72a80
p:  271867.42760363227
5d0e5c2e2d65c45495c72a81
p:  383544.07830714405
5d0e5c3317c8ce45efc72a6c
p:  524296.2281747276
5d0e5c392d65c45495c72a82
p:  412307.67344505526
5d0e5c8778474233f0c72a8e
p:  331235.2831694266
5d0e5c9290d86c22f2c72a83
p:  493257.9315831987
5d0e5cfbcf35c85c1bc72a84
p:  325883.7495608986
5d0e5d24cf35c85c1bc72a87
p:  351179.020828232
5d0e5d2a4dd9285348c72a96
p:  331692.2050495081
5d0e5d3b1ba082794cc72a75
p:  589398.1323489058
5d0e5d3fcf35c85c1bc72a88
p:  361006.14821814164
5d0e5d5f90d86c22f2c72a88
p:  380720.5672228717
5d0e5d6295a2ee3f3fc72a82
p:  186099.49571169674
5d0e5d7fcf35c85c1bc72a8f
p:  340431.6127222257
5d0e5d8095a2ee3f3fc72a85
p:  418819.48055834277
5d0e5d9095a2ee3f3fc72a87
p:  314817.31471087784
5d0e5d9dcf35c85c1bc72a93
p:  535322.0823587133
5d0e5dcecf35c85c1bc72a99
p:  1066623.664571647
5d0e5dda98c9abd4c7c72aa5
p:  424437.4810521168
5d0e5e1f98c9abd4c7c72aaa
p:  294418.4883044226
5d0e5e2498c9abd4c7c72aab
p:  205397.39105667692
5d0e5e74aa2bd2b29cc72aa2
p:  329842.2659321404
5d0e5e84aa2bd2b29cc72aa3
p:  349571.89375039126
5d0e5ea4aa2bd2b29cc72aa6
p:  411460.27892131754
5d0e5ebe2d65c45495c72a89
p:  481004.4098630616
5d0e5ec190d86c22f2c72a8d
p:  346396.55489859846
5d0e5ecdaa2bd2b29cc72aa9
p:  326400.76860600826
5d0e5edcaa2bd2b29cc72aaa
p:  340028.94843910116
5d0e5eef78474233f0c72a9d
p:  268009.83106179564
5d0e5ef378474233f0c72a9e
p:  202578.63997963868
5d0e5ef7aa2bd2b29cc72aac
p:  306034.99282333266
5d0e5ef917c8ce45efc72a76
p:  305088.8555614939
5d0e5f65aa2bd2b29cc72ab1
p:  440219.60776807775
5d0e5f6bcf35c85c1bc72aa5
p:  201601.52747645736
5d0e5f71cf35c85c1bc72aa6
p:  187441.8869058687
5d0e5fa4cf35c85c1bc72aaa
p:  186965.6627088099
5d0e5fe81ba082794cc72a7a
p:  129140.64411322496
5d0e5fea4dd9285348c72aa8
p:  285998.91523192584
5d0e5fed4dd9285348c72aa9
p:  251076.0143713956
5d0e604378474233f0c72aa2
p:  200769.30985207297
5d0e606e78474233f0c72aa4
p:  142307.49712281144
5d0e60a7cf26868c74c72a93
p:  504943.27513845224
5d0e60c58ea6aeb144c72a8c
p:  329377.51442536776
5d0e60ef1ba082794cc72a7f
p:  196287.02561777295
5d0e60f51ba082794cc72a80
p:  364176.76804769936
5d0e619c95a2ee3f3fc72a97
p:  221390.20977120183
5d0e619e4dd9285348c72ab0
p:  363091.9374895835
5d0e61b195a2ee3f3fc72a98
p:  275860.5708358033
5d0e61bacf35c85c1bc72ab4
p:  352595.6918368032
5d0e62bbcf26868c74c72aa8
p:  302497.6162256489
5d0e62dacf26868c74c72aab
p:  135545.0376599155
5d0e62ef17c8ce45efc72a85
p:  346027.6205118052
5d0e632a4dd9285348c72ab7
p:  269697.79785607243
5d0e63614dd9285348c72abe
p:  273818.4771448974
5d0e63684dd9285348c72abf
p:  297635.5295127686
5d0e636f4dd9285348c72ac0
p:  521844.9809033122
5d0e63894dd9285348c72ac3
p:  365080.60221827915
5d0e63b02d65c45495c72aad
p:  649431.6748207423
5d0e644917c8ce45efc72a8e
p:  676209.3104064456
5d0e646d17c8ce45efc72a90
p:  552870.1590938279
5d0e64a98ea6aeb144c72a99
p:  464341.3407775728
5d0e67798ea6aeb144c72aab
p:  346585.1504465231
5d0e823619f56a0d5b8f8d28
p:  329088.49614367704
5d1186664c3705674fb0597f
p:  387310.63766478223
5d118679a6918bcd68b0589b
p:  344674.85800682264
5d118681a6918bcd68b0589c
p:  386268.11516607803
5d1186834c3705674fb05983
p:  522758.4337860487
5d11868aa6918bcd68b0589d
p:  373958.109952473
5d118692a6918bcd68b0589e
p:  486658.3077005963
5d1186b3782f9e971bb05885
p:  273150.7298064112
5d1186be2cf8ef6e33b05964
p:  373647.8050122813
5d1186d0782f9e971bb05887
p:  693874.34246203
5d1186d62cf8ef6e33b05967
p:  292489.470722042
5d1186d8782f9e971bb05888
p:  457645.0358241521
5d1186df2cf8ef6e33b05968
p:  432193.7398973203
5d1186e16da70b077eb05931
p:  287205.0193141682
5d1186e4782f9e971bb05889
p:  604026.8882421919
5d1186e4585aa68831b058ff
p:  356929.15177049953
5d1186e62cf8ef6e33b05969
p:  298823.4014068175
5d1186ea85b46ef1f5b058bd
p:  494779.7256788936
5d1186ee782f9e971bb0588a
p:  550592.4639543903
5d1186ef2cf8ef6e33b0596a
p:  458042.13831733353
5d1186f4585aa68831b05900
p:  538771.963920621
5d1186fb782f9e971bb0588b
p:  513323.351608689
5d1186fc4c3705674fb0598d
p:  350015.4744248962
5d1186fe6da70b077eb05932
p:  544471.1107049335
5d1187154c3705674fb05990
p:  681328.3456999972
5d118718585aa68831b05903
p:  535155.026420621
5d11872385b46ef1f5b058bf
p:  338367.53909171803
5d11873f4c3705674fb05995
p:  565930.8135646606
5d118753585aa68831b05906
p:  575370.7386474714
5d1187563e3b4f889cb058b8
p:  316388.7277158145
5d118759585aa68831b05907
p:  794251.1899455227
5d118759a6918bcd68b058a5
p:  266866.60185673274
5d11877c3e3b4f889cb058bd
p:  322530.1977994004
5d11878e85b46ef1f5b058c5
p:  356446.9728698388
5d11879a4c3705674fb0599c
p:  495997.2800230846
5d1187a34c3705674fb0599d
p:  546562.2402958929
5d1187d54c3705674fb059a4
p:  450120.64514041366
5d1187de4c3705674fb059a5
p:  386073.50941317796
5d1187e84c3705674fb059a6
p:  464090.3156144862
5d1187f94c3705674fb059a8
p:  474972.54493898526
5d1188024c3705674fb059a9
p:  588925.2363205443
5d11881a3e3b4f889cb058be
p:  338104.30352805194
5d118820585aa68831b0590a
p:  483558.70415487885
5d11883d85b46ef1f5b058cc
p:  415999.4288942111
5d1188854c3705674fb059ac
p:  466491.60967058525
5d11888c4c3705674fb059ad
p:  466491.60967058525
5d1188922cf8ef6e33b05991
p:  364913.33997478586
5d1188974c3705674fb059ae
p:  689634.6648859752
5d1188a94c3705674fb059b0
p:  485325.7314712765
5d1188ac85b46ef1f5b058d1
p:  644934.6925125127
5d1188d785b46ef1f5b058d5
p:  1375652.3131415346
5d118903f684c5accab05985
p:  628700.5195924346
5d11890585b46ef1f5b058d9
p:  598784.1299601366
5d11891185b46ef1f5b058da
p:  638323.2363186098
5d11891d85b46ef1f5b058db
p:  1153988.09025199
5d118955585aa68831b05917
p:  450388.2375186586
5d118966585aa68831b05918
p:  560126.2636490957
5d118973585aa68831b05919
p:  531598.6126229337
5d1189796da70b077eb0593a
p:  473982.7548693805
5d118980585aa68831b0591a
p:  475679.3932931135
5d11898e585aa68831b0591b
p:  515927.0472885073
5d1189906da70b077eb0593d
p:  248032.17158095472
5d11899c585aa68831b0591c
p:  568927.4585068484
5d1189a56da70b077eb0593f
p:  427800.56016202795
5d1189bc585aa68831b0591f
p:  496748.7809279331
5d1189c22cf8ef6e33b059a2
p:  351088.430801755
5d1189c585b46ef1f5b058df
p:  453665.0830388695
5d1189d7585aa68831b05920
p:  457783.93461322447
5d118a0a585aa68831b05922
p:  284026.47703589103
5d118a19585aa68831b05923
p:  536803.5597425345
5d118a1d85b46ef1f5b058e1
p:  545029.4181420269
5d118a1fa56ea5dbccb05892
p:  440717.34539819875
5d118a36585aa68831b05925
p:  405125.5685182953
5d118a3ca6918bcd68b058b3
p:  340422.6316334128
5d118a41782f9e971bb05891
p:  886124.6443232105
5d118a4e782f9e971bb05892
p:  325385.8983251392
5d118a52585aa68831b05927
p:  355956.7998160131
5d118a7385b46ef1f5b058e3
p:  613439.3089171068
5d118a78585aa68831b05929
p:  324065.8791000055
5d118a823e3b4f889cb058c7
p:  347142.81693962915
5d118a83585aa68831b0592a
p:  534138.0423400467
5d118a8d3e3b4f889cb058c9
p:  416598.2821024759
5d118a953e3b4f889cb058cb
p:  478