Current date and time: 2020-06-07 15:34:19
Successfully connect to DB.
For ['Cheyenne', 'Elbert', 'Kit Carson', 'Lincoln', 'Logan', 'Morgan', 'Phillips', 'Sedgwick', 'Washington', 'Yuma', 'Alamosa', 'Baca', 'Bent', 'Conejos', 'Costilla', 'Crowley', 'Huerfano', 'Kiowa', 'Las Animas', 'Mineral', 'Otero', 'Prowers', 'Pueblo', 'Rio Grande', 'Saguache']#################################################################
train score for random_forest: 0.904734842563923
test score for random_forest: 0.3778926224556356
The mean absolute error is:$ 151429.51663446656
r_Score: 0.4148556090196739
Voting Regressor (in): 0.9641807025612895
Voting Regressor: 0.4148556090196739
5d23a1a34aa35b6b648eb3c8
p:  680771.2465719548
5d23adeb4aa35b6b648eb3e8
p:  641498.9327620883
5d23aeb94aa35b6b648eb3f1
p:  644341.1157799985
5d25449fb1e0d6d2c9223237
p:  728279.8966329959
5d254e7bb1e0d6d2c9223249
p:  747129.6088821109
5d2b3b0f396de577b82242a3
p:  146814.16411880095
5d2b3e65396de577b82242ac
p:  118652.20314382436
5d2b4dbab4d1a333fa2242f9
p:  95617.1866016525
5d2b4de9b4d1a333fa2242fa
p:  195698.578346493
5d2b4e20b4d1a333fa2242fb
p:  92501.54825772137
5d2b5033b4d1a333fa2242fd
p:  102883.36528117076
5d2b5269b4d1a333fa224304
p:  188473.20173941524
5d2b5323b4d1a333fa224306
p:  106193.2437869784
5d2b9515b4d1a333fa2243b9
p:  222432.33696381722
5d2dcf1eb39b58f1d2167c51
p:  425357.5623547317
5d2dcf5eb39b58f1d2167c53
p:  102899.2820910374
5d2dcf7db39b58f1d2167c54
p:  110738.35546823451
5d2dcfc11197201fa8167c53
p:  128051.70730715734
5d2dd0b58592bd429f167c58
p:  102098.33402358535
5d2dd0e2b39b58f1d2167c59
p:  104033.47372379922
5d2dd132b39b58f1d2167c5a
p:  112649.13989077485
5d2dd21db39b58f1d2167c5b
p:  234314.33452180628
5d2dd27cb39b58f1d2167c5d
p:  104033.47372379922
5d2dd2fbafb4ebf1b0167c5a
p:  117195.09727760809
5d2dd3311197201fa8167c56
p:  111698.30925351335
5d2dd38b8592bd429f167c5d
p:  120619.9113917173
5d2dd3bf8592bd429f167c5e
p:  125773.08992749896
5d2dd3c6b39b58f1d2167c5e
p:  116776.04676054549
5d2dd3c71197201fa8167c58
p:  361713.9098214968
5d2dd46f1197201fa8167c5a
p:  162504.13958128064
5d2dd5ec8592bd429f167c61
p:  96188.291387449
5d2dd60c8592bd429f167c62
p:  137829.57127281636
5d2dd619b39b58f1d2167c61
p:  112658.90794446718
5d2dd6331197201fa8167c5b
p:  211640.788109078
5d2dd6778592bd429f167c63
p:  559740.1724835993
5d2dd6ae8592bd429f167c64
p:  216898.63220208575
5d2dd6ebb39b58f1d2167c63
p:  267603.68595222564
5d2dd767228777cdfc167c5c
p:  145030.2234754422
5d2dd7ba1197201fa8167c5d
p:  155846.865430621
5d2dd7f7afb4ebf1b0167c67
p:  211552.30395616783
5d2dda36afb4ebf1b0167c6c
p:  128573.52500776276
5d2ddbf78592bd429f167c69
p:  137829.57127281636
5d2ddc358592bd429f167c6a
p:  224385.75920103022
5d2ddc401c4f9f1554167c69
p:  688382.0273172446
5d2ddc741c4f9f1554167c6b
p:  167022.8011173503
5d2ddcc98592bd429f167c6b
p:  113284.45358053915
5d2ddd47228777cdfc167c6c
p:  204286.09532489337
5d2ddd521c4f9f1554167c6f
p:  144207.93849829672
5d2dde92afb4ebf1b0167c71
p:  148467.71341581125
5d2ddf101c4f9f1554167c71
p:  153660.41178121933
5d2ddf2d8592bd429f167c6f
p:  108534.74728719816
5d2de0bdcbfc7f5650167c71
p:  130350.17507414034
5d2de0e2cbfc7f5650167c75
p:  285556.4064661851
5d2de12bcbfc7f5650167c7a
p:  252829.211069745
5d2de134cbfc7f5650167c7b
p:  258861.3135887719
5d2de198cbfc7f5650167c84
p:  143223.59463033074
5d2de21ccbfc7f5650167c89
p:  273237.3354230708
5d2de2adb39b58f1d2167c7a
p:  94706.13342081863
5d2de2c21c4f9f1554167c77
p:  145653.31878477513
5d2de2cc8592bd429f167c75
p:  98409.26567886895
5d2de2e71c4f9f1554167c78
p:  317446.88299904217
5d2de5811c4f9f1554167c83
p:  361838.502783331
5d2de5971c4f9f1554167c84
p:  172789.60783065256
5d2de5a9ece744b122167c86
p:  258775.48375159642
5d2de5ac1c4f9f1554167c85
p:  170183.45029428139
5d2de61c8592bd429f167c7e
p:  98481.62451784167
5d2de7ae1c4f9f1554167c9e
p:  369815.42779134715
5d2de7ee1c4f9f1554167ca1
p:  343339.6939793901
5d2de8081c4f9f1554167ca2
p:  520355.03785005794
5d2de8648592bd429f167c89
p:  118949.33797676707
5d2de88b8592bd429f167c8a
p:  162051.58348220022
5d2de9baafb4ebf1b0167c87
p:  134178.50225072546
5d2deba11c4f9f1554167cb9
p:  226360.77387238364
5d2dec88228777cdfc167c8e
p:  163903.31014280533
5d2decba228777cdfc167c8f
p:  174115.6601772551
5d2decc11c4f9f1554167cbe
p:  162831.41326355026
5d2decc73d8c10b060167c89
p:  128983.77181238172
5d2ded20228777cdfc167c91
p:  166809.60851397226
5d2ded443d8c10b060167c8b
p:  148799.16809557716
5d2ded69228777cdfc167c92
p:  151273.03950082627
5d2deda2228777cdfc167c93
p:  198164.54701875825
5d2def9c228777cdfc167c94
p:  137654.82811945723
5d2defbe228777cdfc167c95
p:  152673.29631025123
5d2defcbafb4ebf1b0167c91
p:  97056.3928231239
5d2df0273d8c10b060167c91
p:  162904.59411195043
5d2df038228777cdfc167c96
p:  197759.5939398863
5d2df069228777cdfc167c97
p:  140031.8769715068
5d2df07d62ad29813e167c97
p:  138234.00734288816
5d2df0ef228777cdfc167c9b
p:  132682.98297660312
5d2df162228777cdfc167c9c
p:  109505.58365598504
5d2df227228777cdfc167ca1
p:  193153.16646809917
5d2df289228777cdfc167ca3
p:  104275.92672375061
5d2df2ab228777cdfc167ca4
p:  137630.18507596158
5d2df382228777cdfc167ca6
p:  208666.2475728157
5d2df4e8228777cdfc167ca8
p:  201868.0606698461
5d2df525228777cdfc167caa
p:  181713.14198062255
5d2df5533d8c10b060167c9d
p:  190969.41405424208
5d2df567228777cdfc167cad
p:  152619.21844699065
5d2df7e93d8c10b060167ca3
p:  101927.19170205982
5d2df7f2228777cdfc167cb2
p:  135369.46276587018
5d2df9b51c4f9f1554167cec
p:  144013.21628601733
5d2df9d83d8c10b060167caf
p:  148799.16809557716
5d2dfae53d8c10b060167cb4
p:  365054.78743102396
5d2dfd831c4f9f1554167cf8
p:  541737.9981107023
For ['Adams', 'Arapahoe', 'Boulder', 'Broomfield', 'Denver', 'Douglas', 'El Paso', 'Jefferson', 'Larimer', 'Weld']#################################################################
train score for random_forest: 0.959693174265468
test score for random_forest: 0.7312749371622935
The mean absolute error is:$ 132734.43648452946
r_Score: 0.7376197925546277
Voting Regressor (in): 0.9407892714037122
Voting Regressor: 0.7376197925546277
5d09d297f184f611416d9930
p:  363367.78929475823
5d09c5f8f184f611416d98b7
p:  526532.4651052529
5d0813487c1d83daee248b61
p:  473461.64969031804
5d0809547c1d83daee248b47
p:  2030218.4528789357
5d0a473bfa7544d5f27ba670
p:  636630.5814785198
5d0a4f95fa7544d5f27ba68e
p:  597802.8722778447
5d0b4d5421171180ce6efb5e
p:  391442.21742046473
5d0b52b521171180ce6efb7a
p:  310694.92026966653
5d0b563cf12fac82e26efb4e
p:  398886.7293839747
5d0b5e3ff12fac82e26efb67
p:  271808.1874905725
5d0b61cef12fac82e26efb89
p:  379472.98253000935
5d0b638c19aeb54ebe6efc0b
p:  179628.87181471506
5d0b668119aeb54ebe6efc13
p:  470384.1630535007
5d0b669b19aeb54ebe6efc14
p:  336018.2520475931
5d0b6cda19aeb54ebe6efc28
p:  477873.722950528
5d0d355c43207cb60914ae14
p:  328960.3973808917
5d0d5014ae78f7f2d314aea3
p:  376251.66835382633
5d0e5a5b45ebd0b4c32fce16
p:  308017.14306767774
5d0e6d8f19f56a0d5b8f8cc7
p:  302980.308201447
5d0e6da819f56a0d5b8f8cc8
p:  386543.0330249929
5d12b4d7b7ae3de20d8d6ef3
p:  404140.0796233412
5d12c4fcb7ae3de20d8d6f72
p:  970009.9600490713
5d178964fb6bf97d8975b5b4
p:  244907.71088207286
5d19b2d7a22b896835d02e9e
p:  271813.0333199165
5d19c684a22b896835d02f51
p:  408392.46100836166
5d19c68ca22b896835d02f52
p:  822349.3329209113
5d1b866003ecbb08e0bf60e2
p:  485686.4732869711
5d1bb9d303ecbb08e0bf618f
p:  444033.00842189917
5d1bec8c7e6c493d5945888b
p:  899856.5942867149
5d1c0bf30a1cbc8e6fefbc31
p:  563498.0143204597
5d1c158802e1f427a5efbc96
p:  406728.3774498608
5d1c2b28dbebfd779eefbcdd
p:  205519.9707111234
5d1c370bdbebfd779eefbd09
p:  368989.8394446747
5d1c4cdc0a1cbc8e6fefbcad
p:  356333.2105127712
5d1c59590a1cbc8e6fefbcc1
p:  222442.31484207604
5d1c8d3edbebfd779eefbd9d
p:  520918.60883448494
5d236ef50b14a9a4f1889d79
p:  377569.65806064423
5d236f030b39cf069c889d79
p:  461545.7154885777
5d236f185aff488db9889d79
p:  415670.7524679434
5d236f5300aed44e90889d7a
p:  312304.5734910886
5d236f96d176a060cc889d79
p:  244393.93967277015
5d236fa6b60ef7476c889d79
p:  164810.5567456145
5d236fe051a492fdb4889d79
p:  186637.85936122402
5d236fe67c6ee221e3889d79
p:  190024.01833693762
5d236fe80b39cf069c889d7e
p:  234737.07926748326
5d236ff58a1b034971889d79
p:  386261.8801658122
5d236fff0b14a9a4f1889d7a
p:  454248.1768956203
5d2370080b39cf069c889d80
p:  431897.9119073905
5d23700b6fb7c649d7889d7a
p:  295743.51006685954
5d2370186fb7c649d7889d7b
p:  162787.38262912008
5d23701f0b14a9a4f1889d7b
p:  291871.94478056504
5d2370300b39cf069c889d81
p:  230504.47024660712
5d237048d176a060cc889d7b
p:  335317.7710067127
5d23704d8a1b034971889d7b
p:  462668.1114309891
5d23705284b75c96c5889d79
p:  331012.06408118596
5d2370610b39cf069c889d85
p:  380706.4353340622
5d2370768a1b034971889d7c
p:  311509.1470749951
5d2370790b39cf069c889d86
p:  402464.61250479956
5d237120d176a060cc889d7c
p:  416409.2470077198
5d2371218a1b034971889d80
p:  626947.0562649772
5d2371598a1b034971889d83
p:  414694.3402008312
5d23715bd176a060cc889d7d
p:  327004.92947295745
5d23716f51a492fdb4889d7d
p:  324596.46198485023
5d2371718a1b034971889d84
p:  388755.04978052457
5d237172b60ef7476c889d82
p:  319731.8236466048
5d23719923c14c4c9e889d80
p:  209920.61564537828
5d2371c80b39cf069c889d89
p:  424617.522808621
5d2371d623c14c4c9e889d83
p:  403253.3582211436
5d2371db8a1b034971889d85
p:  243234.9324100723
5d2371dc0b39cf069c889d8a
p:  286340.14583638846
5d2371de84b75c96c5889d7c
p:  265043.1158885423
5d2371f46fb7c649d7889d7e
p:  253828.2998083512
5d2371f823c14c4c9e889d84
p:  293104.4984258587
5d2372060b14a9a4f1889d7d
p:  669712.1702731915
5d23720a84b75c96c5889d7d
p:  356214.7094608138
5d237214983c25b91f889d86
p:  543728.4609767923
5d23724151a492fdb4889d7f
p:  414248.2256778355
5d2372430b14a9a4f1889d7e
p:  463560.1339029046
5d23724584b75c96c5889d7e
p:  314611.45801237307
5d237250d176a060cc889d82
p:  466089.27201211447
5d237253b60ef7476c889d85
p:  313391.2264152508
5d23725f0b39cf069c889d8b
p:  290149.07619248284
5d23727084b75c96c5889d7f
p:  105202.6285640166
5d237277fed2c50433889d82
p:  330743.4660573726
5d23727c7c6ee221e3889d7b
p:  212107.40195007174
5d23729e23c14c4c9e889d86
p:  306580.8135835113
5d2372bd84b75c96c5889d80
p:  366090.6625858138
5d2372ca6fb7c649d7889d82
p:  196288.66079782404
5d2372d40b39cf069c889d8d
p:  162581.96155824215
5d2372f084b75c96c5889d81
p:  290096.1634343043
5d2372f300aed44e90889d7f
p:  104765.49769566768
5d2382fa0b14a9a4f1889d80
p:  447853.0980538919
5d2383160b14a9a4f1889d81
p:  527157.846101677
5d23833184b75c96c5889d82
p:  350062.01138567587
5d23834223c14c4c9e889d8a
p:  280119.51367927605
5d23834684b75c96c5889d83
p:  361362.9791821721
5d23834d51a492fdb4889d81
p:  259325.86669017706
5d23836800aed44e90889d82
p:  403156.08445372933
5d23838b7c6ee221e3889d7d
p:  114303.03466352983
5d2383a284b75c96c5889d84
p:  332772.80463955586
5d2383ad23c14c4c9e889d8c
p:  149770.43331039415
5d2383d46fb7c649d7889d8d
p:  442273.06391171634
5d2383ec0b14a9a4f1889d82
p:  291871.94478056504
5d2383fcfed2c50433889d85
p:  497763.5645742258
5d23841a0b14a9a4f1889d83
p:  291871.94478056504
5d23841a5aff488db9889d86
p:  393957.3615869961
5d23841e7c6ee221e3889d7e
p:  209774.87485344513
5d23842a23c14c4c9e889d90
p:  379242.47242774867
5d23844d7c6ee221e3889d80
p:  135024.91295217106
5d23844e0b39cf069c889d94
p:  427341.35497011634
5d2384630b39cf069c889d95
p:  509979.91918810434
5d238470b60ef7476c889d8a
p:  444461.0578717112
5d23848784b75c96c5889d87
p:  382701.388430746
5d2384df6fb7c649d7889d97
p:  441107.5803265265
5d2384ec7c6ee221e3889d81
p:  416348.00128188264
5d23850c7c6ee221e3889d82
p:  380430.43337967386
5d23851a5aff488db9889d88
p:  483861.83630917047
5d23852a0b14a9a4f1889d86
p:  369378.55625049316
5d2385570b14a9a4f1889d87
p:  755668.8880145412
5d23856c23c14c4c9e889d92
p:  332827.9090222814
5d2385717c6ee221e3889d83
p:  365250.0941581606
5d238581b60ef7476c889d8e
p:  371003.916992221
5d2385afb60ef7476c889d8f
p:  338648.91745029215
5d2385b97c6ee221e3889d84
p:  371205.1278645362
5d2385bd5aff488db9889d89
p:  414456.8080047786
5d2385d40b14a9a4f1889d89
p:  421813.18911282095
5d2385db51a492fdb4889d83
p:  442164.31625027116
5d2385fe5aff488db9889d8b
p:  389235.5802046391
5d23866e8a1b034971889d8b
p:  331102.55990455055
5d2386b5fed2c50433889d88
p:  510833.31984871137
5d2386d17c6ee221e3889d86
p:  358980.7911635415
5d2386d7fed2c50433889d89
p:  348842.2730368902
5d23872484b75c96c5889d89
p:  310375.8283093001
5d2387296fb7c649d7889dac
p:  303897.11788453255
5d23873bb60ef7476c889d90
p:  335180.9250736055
5d238763d176a060cc889d8b
p:  440314.4339894181
5d23879551a492fdb4889d87
p:  203064.5137229383
5d23879e7c6ee221e3889d8a
p:  180254.1148242639
5d2387b27c6ee221e3889d8b
p:  253852.23843766376
5d2387c4b60ef7476c889d92
p:  369749.58085889893
5d2387d46fb7c649d7889db2
p:  577228.8371883298
5d2387fc51a492fdb4889d89
p:  340271.84821801935
5d23881a8a1b034971889d92
p:  308713.33069851564
5d23881d84b75c96c5889d90
p:  361390.09196340444
5d2388367c6ee221e3889d8d
p:  181610.15969272758
5d23884584b75c96c5889d91
p:  316402.74399416836
5d2388675aff488db9889d8f
p:  337551.7330044734
5d238889d176a060cc889d8e
p:  371125.6695053865
5d23888afed2c50433889d8e
p:  495265.6041094065
5d2388ac23c14c4c9e889d96
p:  382369.24196280155
5d2388c47c6ee221e3889d8f
p:  197818.90192629484
5d23893dd176a060cc889d90
p:  501725.51470564934
5d23896a7c6ee221e3889d91
p:  246640.85182536123
5d238971d176a060cc889d91
p:  466028.04239238554
5d2389907c6ee221e3889d92
p:  364227.19951395586
5d2389950b14a9a4f1889d8a
p:  325704.8123205055
5d23899a84b75c96c5889d93
p:  259122.80145600048
5d23899c00aed44e90889d8b
p:  340099.5872242959
5d2389a87c6ee221e3889d93
p:  122488.38951425071
5d2389b5d176a060cc889d92
p:  467554.91183521855
5d2389c4b60ef7476c889d94
p:  372284.9985151037
5d2389c90b14a9a4f1889d8c
p:  1377020.439629496
5d2389d76fb7c649d7889dc2
p:  438071.81391171634
5d2389f223c14c4c9e889d97
p:  232149.71992742893
5d2389f26fb7c649d7889dc3
p:  611968.9383355775
5d2389f6d176a060cc889d93
p:  417527.98529118847
5d238a04b60ef7476c889d95
p:  359232.2535935792
5d238a1500aed44e90889d8d
p:  282267.33786713245
5d238a3c7c6ee221e3889d95
p:  326324.69301138446
5d238a467c6ee221e3889d96
p:  207922.28017555052
5d238a5351a492fdb4889d8b
p:  162649.19172945077
5d238a9b00aed44e90889d8e
p:  426134.86701192753
5d238abc8a1b034971889d94
p:  566448.6464294643
5d238ae4fed2c50433889d96
p:  339145.8703354887
5d238b03d176a060cc889d97
p:  342542.1450946814
5d238b197c6ee221e3889d98
p:  363992.2198649052
5d238b237c6ee221e3889d99
p:  265163.21595240454
5d238b2e51a492fdb4889d8d
p:  290743.4026239448
5d238b5300aed44e90889d91
p:  357902.96396093705
5d238bb400aed44e90889d93
p:  340393.75968738936
5d238bcd1855089332889d88
p:  364462.2671005025
5d238bd223c14c4c9e889d98
p:  263241.1012773658
5d238c0c84b75c96c5889d95
p:  387205.4224410824
5d238c2100aed44e90889d94
p:  343307.5984459788
5d238c4b00aed44e90889d95
p:  363939.43753488176
5d238c811855089332889d8a
p:  366492.15522409684
5d238ca71855089332889d8b
p:  361643.4675698674
5d238cae23c14c4c9e889d9a
p:  355428.9213085104
5d238cb81855089332889d8d
p:  397663.18329233694
5d238cc700aed44e90889d98
p:  320148.76420015935
5d238cea23c14c4c9e889d9d
p:  278796.8952348813
5d238cebb60ef7476c889d9b
p:  271181.991867872
5d238d0123c14c4c9e889d9e
p:  336382.8460157091
5d238d41fed2c50433889d9c
p:  271221.6168526497
5d238d5784b75c96c5889d97
p:  328323.979713512
5d238d65d176a060cc889d99
p:  249216.7602526906
5d238d7300aed44e90889d99
p:  437084.3945612247
5d238dc2b60ef7476c889d9e
p:  249225.2429507275
5d238dd67c6ee221e3889d9b
p:  357772.086841463
5d238de600aed44e90889d9a
p:  349462.367510624
5d238df90b39cf069c889da4
p:  370080.95300866384
5d238e02983c25b91f889da2
p:  560689.0589740586
5d238e0dd176a060cc889d9c
p:  433676.80318440497
5d238e0f00aed44e90889d9b
p:  287838.98619879596
5d238e1b0b39cf069c889da5
p:  328914.52219237597
5d238e26d176a060cc889d9d
p:  420621.39820218715
5d238e2800aed44e90889d9c
p:  273749.7510248573
5d238e281855089332889d90
p:  429495.50526718615
5d238e3184b75c96c5889d99
p:  387403.730928762
5d238e471855089332889d91
p:  400111.05920683616
5d238e6b84b75c96c5889d9e
p:  443396.5655981295
5d238e6fd176a060cc889d9e
p:  243222.27583836712
5d238e7984b75c96c5889da0
p:  371946.2458773056
5d238e8c0b39cf069c889da7
p:  422847.57297707436
5d238e9e983c25b91f889da3
p:  447621.2488035833
5d238eb023c14c4c9e889da3
p:  194514.19256889695
5d238ec223c14c4c9e889da4
p:  359177.1160609246
5d238ed023c14c4c9e889da5
p:  250612.17735017475
5d238f0e7c6ee221e3889d9d
p:  552115.3412711124
5d238f0e6fb7c649d7889dcf
p:  310790.6692544443
5d238f7f51a492fdb4889d92
p:  336931.4486128929
5d238fa16fb7c649d7889dd0
p:  232766.2106327269
5d238fa851a492fdb4889d94
p:  367512.13029616734
5d238fbd0b39cf069c889daa
p:  423452.14916661463
5d238fcb6fb7c649d7889dd2
p:  218759.36086049106
5d238fcf8a1b034971889d98
p:  426397.4844643609
5d238fe20b14a9a4f1889d98
p:  298163.1010246771
5d238ff30b14a9a4f1889d9a
p:  388414.19863817137
5d2390057c6ee221e3889d9f
p:  365177.61446998117
5d23902e7c6ee221e3889da0
p:  245795.51310851963
5d23904b00aed44e90889d9f
p:  678056.2171257078
5d2390606fb7c649d7889dd3
p:  563089.7085705921
5d2390660b39cf069c889dac
p:  394165.981197882
5d23906c23c14c4c9e889daa
p:  258853.3090746603
5d23909e8a1b034971889d9c
p:  428004.86093679175
5d2390b5d176a060cc889da3
p:  506949.45720462606
5d2390b60b14a9a4f1889d9f
p:  409445.7416326343
5d2390c51855089332889d99
p:  423225.73220458283
5d2390cb00aed44e90889da1
p:  164123.42126381892
5d2390eed176a060cc889da4
p:  306064.7133392955
5d2390ee6fb7c649d7889dd5
p:  380759.42378426413
5d23910384b75c96c5889da4
p:  167176.407319824
5d23911223c14c4c9e889dab
p:  340754.7930952406
5d23912c84b75c96c5889da5
p:  433901.30412661383
5d2391491855089332889d9b
p:  361348.8894416499
5d23919784b75c96c5889da7
p:  244907.71088207286
5d23919e7c6ee221e3889da4
p:  207922.28017555052
5d2391d57c6ee221e3889da5
p:  427446.33257983427
5d2392037c6ee221e3889da6
p:  210831.4593469451
5d23920b1855089332889d9c
p:  406434.2984201278
5d2392217c6ee221e3889da7
p:  320444.3329495612
5d23924b00aed44e90889da5
p:  330010.072661352
5d23925d84b75c96c5889da9
p:  197192.1416009636
5d23929151a492fdb4889d9b
p:  237758.60258808767
5d2392e58a1b034971889d9d
p:  421656.8768608406
5d2393331855089332889da1
p:  187438.78665522626
5d23935984b75c96c5889daa
p:  336228.2144669256
5d2393688a1b034971889d9f
p:  363966.23174527637
5d23936c23c14c4c9e889dae
p:  436120.7845267109
5d23938651a492fdb4889d9e
p:  240775.22081194734
5d23939151a492fdb4889d9f
p:  471425.92122529715
5d23939c7c6ee221e3889dac
p:  301527.4216207203
5d2393ae51a492fdb4889da1
p:  348319.45966803964
5d2393c00b39cf069c889db6
p:  418913.89685652335
5d2393ca23c14c4c9e889db1
p:  280119.51367927605
5d23940d8a1b034971889da1
p:  474819.3226934271
5d239410d176a060cc889dad
p:  249291.67000220105
5d2394208a1b034971889da2
p:  211335.37995263014
5d2394481855089332889da3
p:  424762.5566546349
5d2394537c6ee221e3889dae
p:  327447.67633538326
5d2394667c6ee221e3889daf
p:  445665.7273796381
5d23948a7c6ee221e3889db0
p:  243394.9818805314
5d2394a6fed2c50433889dad
p:  306558.8919526022
5d2394c7b60ef7476c889dac
p:  387119.531717143
5d2394e3fed2c50433889daf
p:  448588.50729962357
5d2394eb00aed44e90889da8
p:  354475.8796123228
5d2394ebb60ef7476c889dad
p:  172396.11681063112
5d2394f300aed44e90889da9
p:  311750.00248935755
5d23950300aed44e90889dab
p:  339885.994536352
5d23950a00aed44e90889dac
p:  423271.67002847814
5d239512b60ef7476c889dae
p:  363589.5324611737
5d23952300aed44e90889dae
p:  405854.5033214062
5d23953400aed44e90889db0
p:  376083.62162044365
5d23954c1855089332889da5
p:  418528.5534083809
5d23956b00aed44e90889db6
p:  287983.3153457468
5d2395b2b60ef7476c889db3
p:  260763.27493328336
5d23960100aed44e90889dc1
p:  392123.3963426391
5d239602b60ef7476c889db7
p:  434852.27886335505
5d23960800aed44e90889dc2
p:  342058.4956165537
5d23960fb60ef7476c889db8
p:  337179.5306947428
5d23963c1855089332889da9
p:  361348.8894416499
5d2396675aff488db9889dac
p:  464611.7968596342
5d23968bfed2c50433889db2
p:  526038.6328179858
5d23968e1855089332889dab
p:  492654.389500901
5d2396a9b60ef7476c889dbb
p:  226563.01487544156
5d239728bc72e95cb58eb3b1
p:  397527.0488800992
5d239784f17e6306c68eb3b1
p:  356954.29949763196
5d2397adf17e6306c68eb3b2
p:  508453.0829968367
5d2397b56e7bc381bb8eb3b1
p:  266374.1144578473
5d2397cc6e7bc381bb8eb3b2
p:  268872.5067903068
5d2397d5f17e6306c68eb3b3
p:  466150.0720874783
5d23980cf17e6306c68eb3b4
p:  667011.1001323069
5d23984dfa2be8d2ef8eb3b2
p:  382600.21478763956
5d2398a048b220f7f78eb3b3
p:  465030.5636273348
5d2398d3bc72e95cb58eb3b4
p:  370149.50236882886
5d23991e6e7bc381bb8eb3b4
p:  435904.14962316875
5d23995348b220f7f78eb3b8
p:  317404.355866218
5d23995cbc72e95cb58eb3bc
p:  322641.86451087776
5d239964bc72e95cb58eb3bd
p:  192967.5542939683
5d23997548b220f7f78eb3b9
p:  618852.279129283
5d23997afa2be8d2ef8eb3b4
p:  381931.6973940098
5d23998e48b220f7f78eb3ba
p:  369365.2258055927
5d239996fa2be8d2ef8eb3b5
p:  504623.5119186333
5d2399a2bc72e95cb58eb3c4
p:  426612.860296626
5d2399b4bc72e95cb58eb3c5
p:  401610.9068483888
5d2399c4bc72e95cb58eb3c7
p:  385368.5616014536
5d2399cdbc72e95cb58eb3c8
p:  404049.9298203243
5d2399d4bc72e95cb58eb3c9
p:  185293.26377435913
5d2399e0da6bcdf33a8eb3b4
p:  360561.00895070296
5d2399edbc72e95cb58eb3cc
p:  368365.58565162116
5d239a16fa2be8d2ef8eb3b7
p:  357765.14870896155
5d239a2444a51ad20c8eb3b4
p:  825489.1727145056
5d239a28fa2be8d2ef8eb3b8
p:  432723.8238620203
5d239a2c916d9e14348eb3b3
p:  735577.3484032091
5d239a40916d9e14348eb3b4
p:  159139.25221858692
5d239a466e7bc381bb8eb3b8
p:  412874.2451550227
5d239a4cf17e6306c68eb3b6
p:  470170.9080943494
5d239a63f17e6306c68eb3b8
p:  411101.23206577345
5d239a6af17e6306c68eb3b9
p:  586754.199222151
5d239a8348b220f7f78eb3c0
p:  515818.16160986724
5d239a86bc72e95cb58eb3ce
p:  355804.0124369556
5d239aa9da6bcdf33a8eb3b8
p:  428682.6842967302
5d239ac6fa2be8d2ef8eb3ba
p:  442970.43337303004
5d239accda6bcdf33a8eb3b9
p:  217191.88252332844
5d239b4444a51ad20c8eb3b7
p:  634690.8595999646
5d239b9ce436c7b07c8eb3b5
p:  352302.3238189212
5d239bac6e7bc381bb8eb3b9
p:  355324.4018787829
5d239bb144a51ad20c8eb3b9
p:  569938.1689175474
5d239bb5e436c7b07c8eb3b6
p:  382920.9004819528
5d239bdaf17e6306c68eb3bd
p:  373771.70265470183
5d239be263e4fdd1268eb3bb
p:  358566.79068366985
5d239be46e7bc381bb8eb3ba
p:  446926.96284036885
5d239bedf17e6306c68eb3be
p:  535187.6483408194
5d239c8d44a51ad20c8eb3ba
p:  370956.7350144029
5d239ca8916d9e14348eb3b6
p:  160209.14484957966
5d239cf1f17e6306c68eb3c1
p:  554848.4466511945
5d239d18fa2be8d2ef8eb3c1
p:  870817.7020949989
5d239d1bc64a9f8eb68eb3b6
p:  676390.992275703
5d239d55c64a9f8eb68eb3b7
p:  607832.7802421006
5d239d806d77b374088eb3b8
p:  500276.1551784321
5d239d8e63e4fdd1268eb3ca
p:  471898.98403347726
5d239d9344a51ad20c8eb3bc
p:  466150.0720874783
5d239dd2c64a9f8eb68eb3b9
p:  611471.8486769407
5d239dd8f17e6306c68eb3c2
p:  454428.5761213271
5d239ddf63e4fdd1268eb3cc
p:  276383.3567697727
5d239e0563e4fdd1268eb3cd
p:  579540.8383050268
5d239e2863e4fdd1268eb3ce
p:  344537.81216697575
5d239e2f44a51ad20c8eb3be
p:  511426.9818595086
5d239e3dbc72e95cb58eb3d1
p:  593759.1638555733
5d239e5763e4fdd1268eb3cf
p:  607765.6146773434
5d239e916e7bc381bb8eb3bc
p:  291604.9678265485
5d239e9263e4fdd1268eb3d1
p:  406322.18560600706
5d239ea8bc72e95cb58eb3d2
p:  594794.0708458965
5d239eba6e7bc381bb8eb3bd
p:  422450.82105014485
5d239ed4bc72e95cb58eb3d3
p:  433902.7673536537
5d239eebe436c7b07c8eb3b8
p:  175042.89259587147
5d239f09f17e6306c68eb3c4
p:  638498.6945861862
5d239f39bc72e95cb58eb3d5
p:  222612.5951257218
5d239f546d77b374088eb3bb
p:  319940.12234653835
5d239f5d6e7bc381bb8eb3bf
p:  268000.4945949835
5d239f6ec64a9f8eb68eb3bb
p:  812181.4587821487
5d239f92c64a9f8eb68eb3bc
p:  339587.38539342734
5d239fc8916d9e14348eb3ba
p:  1188999.6291707847
5d23a00744a51ad20c8eb3c1
p:  413814.5628539231
5d23a042c64a9f8eb68eb3bd
p:  623605.4606695834
5d23a05a63e4fdd1268eb3dd
p:  422813.3193292791
5d23a06e6d77b374088eb3bf
p:  237674.56805344427
5d23a07044a51ad20c8eb3c2
p:  359324.9677956053
5d23a08a63e4fdd1268eb3df
p:  505831.20822490763
5d23a0a3da6bcdf33a8eb3bc
p:  320808.7640206024
5d23a0ab6d77b374088eb3c1
p:  356731.57366496336
5d23a0c663e4fdd1268eb3e1
p:  480715.8386427236
5d23a0d0f17e6306c68eb3c5
p:  517788.3154475546
5d23a0f0bc72e95cb58eb3de
p:  382775.4365077311
5d23a0f56e7bc381bb8eb3c2
p:  474646.7250145341
5d23a135e436c7b07c8eb3bd
p:  483523.5880345047
5d23a196e436c7b07c8eb3be
p:  467090.6902135202
5d23a1b6e436c7b07c8eb3bf
p:  503949.97002371564
5d23a1e063e4fdd1268eb3e5
p:  401015.66808201256
5d23a1efe436c7b07c8eb3c0
p:  470151.56699373486
5d23a203c64a9f8eb68eb3c2
p:  632811.8401170915
5d23a225da6bcdf33a8eb3bf
p:  429528.3620654554
5d23a22d6d77b374088eb3c3
p:  410499.4708724193
5d23a2536e7bc381bb8eb3c4
p:  605078.7904765459
5d23a26863e4fdd1268eb3e7
p:  279322.1478846111
5d23a27cda6bcdf33a8eb3c1
p:  442758.9163750062
5d23a28348b220f7f78eb3d4
p:  415285.6655248855
5d23a287c64a9f8eb68eb3c4
p:  713145.004350246
5d23a2b0c64a9f8eb68eb3c5
p:  795702.2241881688
5d23a2b7fa2be8d2ef8eb3cf
p:  453555.3958231525
5d23a2dc48b220f7f78eb3db
p:  346097.6115226897
5d23a2dee436c7b07c8eb3c2
p:  208705.91240667403
5d23a2f3bc72e95cb58eb3ea
p:  192967.5542939683
5d23a2f8c64a9f8eb68eb3c6
p:  472836.67559320945
5d23a2fc48b220f7f78eb3de
p:  769945.6858417648
5d23a301e436c7b07c8eb3c3
p:  309140.6774893892
5d23a30444a51ad20c8eb3c6
p:  524866.1997967609
5d23a30c48b220f7f78eb3df
p:  557603.8738419856
5d23a322e436c7b07c8eb3c4
p:  445213.05632793787
5d23a342e436c7b07c8eb3c5
p:  289369.13095760683
5d23a343f17e6306c68eb3c9
p:  444305.35977637605
5d23a34cfa2be8d2ef8eb3d1
p:  379855.98559457
5d23a35448b220f7f78eb3e7
p:  170640.5004665186
5d23a38bbc72e95cb58eb3ee
p:  466729.68007400027
5d23a395e436c7b07c8eb3c7
p:  308775.5480368851
5d23a395c64a9f8eb68eb3c8
p:  563490.3806854422
5d23a39663e4fdd1268eb3e8
p:  508321.0612228807
5d23a3ace436c7b07c8eb3c8
p:  290070.5137163354
5d23a3cde436c7b07c8eb3c9
p:  392116.60064596514
5d23a3d0c64a9f8eb68eb3ca
p:  692201.5369358761
5d23a3e3e436c7b07c8eb3ca
p:  429344.9767592524
5d23a3f8bc72e95cb58eb3f0
p:  411044.40419061674
5d23a3f9e436c7b07c8eb3cb
p:  470026.19857712626
5d23a40748b220f7f78eb3ed
p:  385294.55693020317
5d23a46a6d77b374088eb3c9
p:  211369.62666881154
5d23a4726e7bc381bb8eb3c5
p:  251650.47923283058
5d23a48463e4fdd1268eb3ed
p:  401313.97808451776
5d23a48c6d77b374088eb3ca
p:  403134.6578144599
5d23a48cc64a9f8eb68eb3cb
p:  696361.9226868048
5d23a48fe436c7b07c8eb3d0
p:  510914.4747772159
5d23a4b463e4fdd1268eb3ee
p:  268222.27796611085
5d23a4eb48b220f7f78eb3ee
p:  457975.1410944966
5d23a4f5e436c7b07c8eb3d3
p:  470026.19857712626
5d23a50ee436c7b07c8eb3d4
p:  528971.1173005083
5d23a51c63e4fdd1268eb3ef
p:  337239.8833594843
5d23a526e436c7b07c8eb3d5
p:  446263.50682716334
5d23a545e436c7b07c8eb3d6
p:  470026.19857712626
5d23a59afa2be8d2ef8eb3d3
p:  430522.16061072005
5d23a59ee436c7b07c8eb3d7
p:  407533.8579797272
5d23a5b5f17e6306c68eb3cf
p:  470943.23127147346
5d23a5cb44a51ad20c8eb3cb
p:  501200.06581065396
5d23a5cb916d9e14348eb3d1
p:  405038.12377293187
5d23a5d6da6bcdf33a8eb3c9
p:  553442.4814172958
5d23a5ddbc72e95cb58eb3f7
p:  320647.74008330825
5d23a5dff17e6306c68eb3d0
p:  598803.8224502355
5d23a5eafa2be8d2ef8eb3d4
p:  539500.1526016274
5d23a5ed6d77b374088eb3cd
p:  159962.4852233855
5d23a611bc72e95cb58eb3f8
p:  207621.36756953635
5d23a619f17e6306c68eb3d1
p:  289582.3305309556
5d23a61ac64a9f8eb68eb3ce
p:  280549.9881088954
5d23a69e63e4fdd1268eb3f0
p:  337379.0066942883
5d23a6a3e436c7b07c8eb3d9
p:  288700.760495872
5d23a6b8bc72e95cb58eb3fb
p:  397930.6128535437
5d23a6cd6d77b374088eb3d1
p:  324194.6446976351
5d23a6d7c64a9f8eb68eb3cf
p:  264618.20561085135
5d23a6f8fa2be8d2ef8eb3d7
p:  472043.668436025
5d23a704c64a9f8eb68eb3d0
p:  231585.25304066442
5d23a797bc72e95cb58eb3ff
p:  680841.3701357736
5d23a7afc64a9f8eb68eb3d1
p:  254228.91785193974
5d23a7b7f17e6306c68eb3d2
p:  461885.7418762398
5d23a7c944a51ad20c8eb3ce
p:  527614.4309412988
5d23a7e3f17e6306c68eb3d3
p:  615289.4091057915
5d23a834c64a9f8eb68eb3d2
p:  258272.7931674514
5d23a84f63e4fdd1268eb3f3
p:  268644.96875301615
5d23a886bc72e95cb58eb402
p:  327212.62955881644
5d23a89148b220f7f78eb3f9
p:  493263.5538908188
5d23a91c48b220f7f78eb400
p:  382815.64438189764
5d23a92263e4fdd1268eb3f6
p:  568483.8669164951
5d23a945f17e6306c68eb3d6
p:  451397.69325885817
5d23a95dfa2be8d2ef8eb3da
p:  495871.87216949265
5d23a96df17e6306c68eb3d7
p:  510051.37331007695
5d23a98af17e6306c68eb3d8
p:  394941.8754840571
5d23a98c44a51ad20c8eb3cf
p:  476037.816352866
5d23a993e436c7b07c8eb3df
p:  441296.117307716
5d23a999f17e6306c68eb3d9
p:  516553.0914609824
5d23a9aaf17e6306c68eb3da
p:  494351.2122604172
5d23a9da48b220f7f78eb40f
p:  374684.47265472676
5d23aa09f17e6306c68eb3db
p:  394763.0179226815
5d23aa4048b220f7f78eb416
p:  328942.78318858345
5d23aa7848b220f7f78eb41b
p:  338131.702429916
5d23aa79f17e6306c68eb3de
p:  517781.856046761
5d23aa81bc72e95cb58eb40b
p:  263866.33358184557
5d23aac063e4fdd1268eb3f7
p:  452128.50729521195
5d23aac148b220f7f78eb41f
p:  799058.8832426355
5d23aae3916d9e14348eb3f5
p:  322864.0231255867
5d23aaf3da6bcdf33a8eb3d8
p:  844253.1050243748
5d23ab04c64a9f8eb68eb3d8
p:  282911.1949578753
5d23ab0e916d9e14348eb3f6
p:  586831.0004054464
5d23ab2df17e6306c68eb3df
p:  442988.06421678077
5d23ab40bc72e95cb58eb410
p:  507034.33078625996
5d23ab4144a51ad20c8eb3d0
p:  668525.8614384984
5d23ab4ce436c7b07c8eb3e4
p:  491252.01293336553
5d23ab6848b220f7f78eb423
p:  416360.88949515537
5d23ab7b48b220f7f78eb424
p:  642984.7264593843
5d23ab826d77b374088eb3d9
p:  288585.70596675226
5d23ab9048b220f7f78eb425
p:  505902.5593531304
5d23ab9bf17e6306c68eb3e1
p:  514164.3793005029
5d23aba748b220f7f78eb426
p:  195802.88348384935
5d23abb26d77b374088eb3da
p:  315912.3068149007
5d23abc4e436c7b07c8eb3e5
p:  451839.9765947764
5d23abdc6d77b374088eb3db
p:  252981.17017319435
5d23abed6d77b374088eb3dc
p:  565339.0683501698
5d23ac14916d9e14348eb402
p:  1379072.731222669
5d23acaec64a9f8eb68eb3da
p:  388789.587525749
5d23acc1fa2be8d2ef8eb3e5
p:  492207.2542046348
5d23acc36d77b374088eb3df
p:  233118.23483907798
5d23acca48b220f7f78eb42c
p:  421909.79765099555
5d23acdf48b220f7f78eb42d
p:  191319.1637202086
5d23ace5fa2be8d2ef8eb3e6
p:  413197.8574254697
5d23ace9f17e6306c68eb3e5
p:  436076.5800743983
5d23acf644a51ad20c8eb3d5
p:  549315.7706669425
5d23ad106d77b374088eb3e2
p:  224526.13628893602
5d23ad276d77b374088eb3e3
p:  176092.9436363922
5d23ad49bc72e95cb58eb41c
p:  256354.97731388605
5d23ad546d77b374088eb3e5
p:  451505.64360846695
5d23ad6de436c7b07c8eb3eb
p:  289369.13095760683
5d23adace436c7b07c8eb3ec
p:  478094.1453311025
5d23adadc64a9f8eb68eb3dd
p:  615464.5254635995
5d23adc5fa2be8d2ef8eb3ea
p:  426691.57702798024
5d23adef44a51ad20c8eb3d7
p:  737558.3313703726
5d23ae35fa2be8d2ef8eb3ec
p:  461313.93186944723
5d23ae3c44a51ad20c8eb3d8
p:  554848.4466511945
5d23ae5ebc72e95cb58eb423
p:  143508.69210319698
5d23ae6744a51ad20c8eb3d9
p:  528907.6044190101
5d23ae83bc72e95cb58eb424
p:  403901.63334395573
5d23af0044a51ad20c8eb3db
p:  444305.35977637605
5d23af16fa2be8d2ef8eb3f0
p:  424659.5124815698
5d23af9648b220f7f78eb436
p:  384816.92418543494
5d23afd144a51ad20c8eb3df
p:  464815.19554641726
5d23aff963e4fdd1268eb3fe
p:  538076.7313662387
5d23b051bc72e95cb58eb42b
p:  705244.3614369257
5d23b05af17e6306c68eb3f0
p:  413132.0714780442
5d23b06744a51ad20c8eb3e1
p:  509849.6092084416
5d23b08bc64a9f8eb68eb3e1
p:  459184.9314572813
5d23b0a2f17e6306c68eb3f1
p:  415221.94393469766
5d23b0a56d77b374088eb3f4
p:  180731.9276321032
5d23b0e544a51ad20c8eb3e2
p:  448097.2138845158
5d23b0f2f17e6306c68eb3f2
p:  448097.2138845158
5d23b0f86d77b374088eb3f5
p:  438925.3690011165
5d23b11c63e4fdd1268eb402
p:  266739.3669600085
5d23b166f17e6306c68eb3f4
p:  485365.94028632564
5d23b1d26d77b374088eb3f7
p:  253490.10584660666
5d23b1dcbc72e95cb58eb42e
p:  354309.0769580711
5d23b1ddc64a9f8eb68eb3e4
p:  673841.3553014398
5d23b1e2f17e6306c68eb3f6
p:  568168.9583907458
5d23b1f26d77b374088eb3f8
p:  228587.19641430234
5d23b1f9fa2be8d2ef8eb3fd
p:  432337.1029346165
5d23b222da6bcdf33a8eb3e7
p:  420787.7840537777
5d23b231fa2be8d2ef8eb3fe
p:  384068.85273619473
5d23b23cbc72e95cb58eb430
p:  362056.4999651284
5d23b278c64a9f8eb68eb3e6
p:  488905.0804214289
5d23b27cbc72e95cb58eb431
p:  207298.42034268752
5d23b2d8f17e6306c68eb3fa
p:  414592.30842966074
5d23b2e8da6bcdf33a8eb3e8
p:  469779.9103086762
5d23b304bc72e95cb58eb433
p:  450973.8714316491
5d23b314bc72e95cb58eb434
p:  330568.42402357433
5d23b34afa2be8d2ef8eb402
p:  493801.03226348176
5d23b362bc72e95cb58eb435
p:  425481.76395209506
5d23b3a363e4fdd1268eb406
p:  391217.090747923
5d23b3bbfa2be8d2ef8eb404
p:  445504.14153123705
5d23b3bfbc72e95cb58eb436
p:  273027.3425705449
5d23b3e0f17e6306c68eb3fd
p:  682164.6335010632
5d23b3f3fa2be8d2ef8eb405
p:  466744.14669285656
5d23b47a63e4fdd1268eb40b
p:  426442.64852763445
5d23b47f63e4fdd1268eb40c
p:  512167.41802653304
5d23b49548b220f7f78eb43b
p:  184434.30947574857
5d23b4a263e4fdd1268eb40e
p:  268222.27796611085
5d23b4a648b220f7f78eb43c
p:  479758.1646683413
5d23b4ae63e4fdd1268eb40f
p:  427335.4443292791
5d23b4aff17e6306c68eb3ff
p:  493553.28624396585
5d23b4c444a51ad20c8eb3e7
p:  363978.66903078766
5d23b4defa2be8d2ef8eb408
p:  458573.48407283064
5d23b4efda6bcdf33a8eb3eb
p:  482191.3431649655
5d23b4f248b220f7f78eb43d
p:  200749.11268441007
5d23b516fa2be8d2ef8eb409
p:  448301.0218380041
5d23b57d44a51ad20c8eb3ea
p:  505485.0700490834
5d23b5b6f17e6306c68eb400
p:  419491.0305805017
5d23b5d6c64a9f8eb68eb3e8
p:  602035.5442493705
5d23b600bc72e95cb58eb43a
p:  363131.76027844637
5d23b6196d77b374088eb402
p:  538921.0272543358
5d23b6596d77b374088eb403
p:  530835.8091934575
5d23b668fa2be8d2ef8eb40f
p:  501262.30014540965
5d23b67fc64a9f8eb68eb3eb
p:  684414.2048283552
5d23b69144a51ad20c8eb3ed
p:  650242.1437049836
5d23b6e0bc72e95cb58eb43c
p:  429758.8354048537
5d23b6e36e7bc381bb8eb3e1
p:  366540.4076423377
5d23b6e36d77b374088eb406
p:  287742.31541638507
5d23b6ee48b220f7f78eb440
p:  737280.6114290403
5d23b7096d77b374088eb407
p:  672400.6428495331
5d23b7356d77b374088eb408
p:  533953.4470035412
5d23b7466d77b374088eb409
p:  434084.540396499
5d23b753bc72e95cb58eb43d
p:  328489.7501172164
5d23b76844a51ad20c8eb3f2
p:  448218.1348303033
5d23b76f4aa35b6b648eb41d
p:  443574.575420178
5d23b7b244a51ad20c8eb3f3
p:  590381.2734822598
5d23b7b663e4fdd1268eb41b
p:  261099.53201389857
5d23b7c04aa35b6b648eb41e
p:  693752.3328804547
5d23b7da63e4fdd1268eb41c
p:  419499.4130792791
5d23b7ed44a51ad20c8eb3f4
p:  355188.2833385788
5d23b7f4fa2be8d2ef8eb416
p:  405720.70535848266
5d23b7fc6e7bc381bb8eb3e3
p:  560965.2763278005
5d23b81a44a51ad20c8eb3f5
p:  684073.3603964623
5d23b8214aa35b6b648eb420
p:  423700.0666510918
5d23b836e436c7b07c8eb402
p:  302959.9929637904
5d23b83d44a51ad20c8eb3f6
p:  505485.0700490834
5d23b8626e7bc381bb8eb3e5
p:  416677.68755997065
5d23b8d26e7bc381bb8eb3e7
p:  518276.32273610646
5d23b8d5fa2be8d2ef8eb41a
p:  712624.7137947506
5d23b91363e4fdd1268eb41f
p:  512429.3487848906
5d23b9144aa35b6b648eb422
p:  239220.17353652982
5d23b91c916d9e14348eb41e
p:  435741.8864017491
5d23b9274aa35b6b648eb423
p:  466391.04504618724
5d23b9406e7bc381bb8eb3e8
p:  344671.7860368286
5d23b96ef17e6306c68eb406
p:  407586.1002255866
5d23b96f4aa35b6b648eb425
p:  308740.44310474995
5d23b97bf17e6306c68eb407
p:  458309.2015825175
5d23b9d24aa35b6b648eb426
p:  585774.07216236
5d23bab544a51ad20c8eb3f8
p:  429416.9405485285
5d23baf76e7bc381bb8eb3eb
p:  421157.4669642529
5d23bb0444a51ad20c8eb3f9
p:  648518.0837391093
5d23bb176d77b374088eb410
p:  416793.1177828524
5d23bb2a4aa35b6b648eb427
p:  388630.792080883
5d23bb3244a51ad20c8eb3fb
p:  309190.39131838473
5d23bb5d48b220f7f78eb44a
p:  560195.8833238013
5d23bb7348b220f7f78eb44b
p:  617643.720439118
5d23bb7ebc72e95cb58eb440
p:  468153.68462904496
5d23bb86e436c7b07c8eb409
p:  294775.38175743795
5d23bb8bc64a9f8eb68eb3f2
p:  528299.8836779218
5d23bb9344a51ad20c8eb3fd
p:  343764.07320953277
5d23bba6c64a9f8eb68eb3f3
p:  605164.6969015354
5d23bbb9fa2be8d2ef8eb427
p:  556687.2098070274
5d23bc48da6bcdf33a8eb3f6
p:  361658.9528661507
5d23bc486d77b374088eb413
p:  435967.6053809409
5d23bc67916d9e14348eb425
p:  451064.30734367145
5d23bc726d77b374088eb414
p:  750904.8166667696
5d23bcc6916d9e14348eb426
p:  409391.0247257947
5d23bd136e7bc381bb8eb3f1
p:  513701.662924797
5d23bd30916d9e14348eb427
p:  226050.2816300198
5d23bd6af17e6306c68eb410
p:  345192.8688861147
5d23bdde63e4fdd1268eb424
p:  467315.77688387374
5d23bdf3fa2be8d2ef8eb431
p:  458388.92816388706
5d23be686e7bc381bb8eb3f3
p:  437269.8346564164
5d23bf6fbc72e95cb58eb449
p:  240313.010550054
5d23bf8a4a89abe67d8eb40e
p:  612535.6914926616
5d23bfe2bc72e95cb58eb44a
p:  354309.0769580711
5d23bfef4aa35b6b648eb42c
p:  533459.6426385872
5d23c00f6e7bc381bb8eb3f7
p:  555300.4911127056
5d23c0afbc72e95cb58eb44b
p:  264953.6704383041
5d23c0b644a51ad20c8eb407
p:  344637.05540101114
5d23c0d0bc72e95cb58eb44c
p:  506895.91640554054
5d23c0ea44a51ad20c8eb409
p:  547297.8704974226
5d23c111fa2be8d2ef8eb43f
p:  546076.3118931524
5d23c15c63e4fdd1268eb426
p:  657541.4517528589
5d23c18df17e6306c68eb417
p:  420670.20124797104
5d23c1a36e7bc381bb8eb3fc
p:  392628.68503329554
5d23c1c748b220f7f78eb461
p:  376552.74897902994
5d23c209f17e6306c68eb419
p:  621817.7778588706
5d23c217f17e6306c68eb41a
p:  266453.05750863586
5d23c22dfa2be8d2ef8eb444
p:  396445.95237640844
5d23c2426e7bc381bb8eb3ff
p:  452815.894758114
5d23c26e6d77b374088eb41a
p:  718697.9749251124
5d23c293bc72e95cb58eb451
p:  368348.96802334604
5d23c29644a51ad20c8eb40d
p:  370956.7350144029
5d23c2a6bc72e95cb58eb452
p:  450043.8340470995
5d23c2c744a51ad20c8eb40f
p:  559453.7997774316
5d23c2d6fa2be8d2ef8eb447
p:  381931.6973940098
5d23c2dc6d77b374088eb41b
p:  818570.2959745252
5d23c2f7bc72e95cb58eb454
p:  536251.6646960827
5d23c306c64a9f8eb68eb3fe
p:  531801.3887430875
5d23c343bc72e95cb58eb455
p:  403775.8030494151
5d23c36bbc72e95cb58eb456
p:  396229.15782807046
5d23c3bd6e7bc381bb8eb403
p:  427583.7402084109
5d23c40ac64a9f8eb68eb401
p:  585624.5022696031
5d23c41a6e7bc381bb8eb406
p:  632461.4194153438
5d23c44ee436c7b07c8eb41b
p:  469726.72248603683
5d23c44ff17e6306c68eb41d
p:  561687.1230628646
5d23c45fe436c7b07c8eb41c
p:  528253.839190135
5d23c46ce436c7b07c8eb41d
p:  487355.88241022604
5d23c477f17e6306c68eb41e
p:  322436.8793514753
5d23c497e436c7b07c8eb41e
p:  461904.5727071924
5d23c49963e4fdd1268eb430
p:  423046.3252646886
5d23c4d0f17e6306c68eb420
p:  621094.6608548096
5d23c4d0e436c7b07c8eb422
p:  367745.52208244463
5d23c4d3bc72e95cb58eb45b
p:  207298.42034268752
5d23c4dff17e6306c68eb421
p:  583276.5195645342
5d23c4ef6d77b374088eb421
p:  353098.66660806653
5d23c509e436c7b07c8eb424
p:  1100657.0846750583
5d23c576da6bcdf33a8eb409
p:  196067.45279433127
5d23c584fa2be8d2ef8eb453
p:  599105.1707243416
5d23c58df17e6306c68eb427
p:  254987.88328520628
5d23c5b163e4fdd1268eb432
p:  575868.4959956203
5d23c5b2f17e6306c68eb42b
p:  492792.677398098
5d23c5b34aa35b6b648eb431
p:  432428.99161729845
5d23c5bbfa2be8d2ef8eb454
p:  556452.358432249
5d23c5cada6bcdf33a8eb40b
p:  557646.5087352612
5d23c62bfa2be8d2ef8eb456
p:  375515.87103763956
5d23c647f17e6306c68eb42e
p:  491706.5604765818
5d23c64ff17e6306c68eb42f
p:  684628.1299738286
5d23c66448b220f7f78eb46b
p:  282297.4623345288
5d23c68b6d77b374088eb423
p:  683596.3925081926
5d23c6df4a89abe67d8eb421
p:  396325.2694256833
5d23c6e14aa35b6b648eb433
p:  386930.1301013008
5d23c715bc72e95cb58eb460
p:  377894.620684311
5d23c72be436c7b07c8eb42b
p:  498867.2850673365
5d23c7746d77b374088eb426
p:  420826.9551839102
5d23c7764aa35b6b648eb434
p:  247381.99665474525
5d23c7ab6d77b374088eb427
p:  486568.96605603857
5d23c7eae436c7b07c8eb42e
p:  572836.3259257954
5d23c7f0c64a9f8eb68eb407
p:  241954.23340632912
5d23c859f17e6306c68eb434
p:  553535.7815116768
5d23c887e436c7b07c8eb430
p:  464004.24024484865
5d23c8876e7bc381bb8eb410
p:  364504.3628722128
5d23c93e4aa35b6b648eb43a
p:  544923.5329365148
5d23c9544aa35b6b648eb43b
p:  307986.55747241457
5d23c9c2916d9e14348eb44a
p:  522947.35184223857
5d23c9c8da6bcdf33a8eb417
p:  251469.04465769447
5d23c9d063e4fdd1268eb43d
p:  420854.7292379927
5d23c9d4e436c7b07c8eb432
p:  722563.8901606483
5d23ca03da6bcdf33a8eb418
p:  327064.28702071146
5d23ca25da6bcdf33a8eb419
p:  716572.517821324
5d23ca994aa35b6b648eb43e
p:  351266.23398234404
5d23ca9cfa2be8d2ef8eb46a
p:  480646.4818265156
5d23caace436c7b07c8eb433
p:  366951.99427887355
5d23cabd44a51ad20c8eb418
p:  368026.55691061646
5d23caf348b220f7f78eb475
p:  407088.37520003656
5d23cb016e7bc381bb8eb415
p:  290053.9397075574
5d23cb07e436c7b07c8eb435
p:  369416.5013648326
5d23cb3e48b220f7f78eb476
p:  470479.10842885915
5d23cb46da6bcdf33a8eb41c
p:  463378.17632742284
5d23cbc563e4fdd1268eb444
p:  465095.0252219493
5d23cbdbe436c7b07c8eb437
p:  321588.978869623
5d23cbe6da6bcdf33a8eb41e
p:  542741.2425516273
5d23cc266e7bc381bb8eb417
p:  243226.9499563372
5d23cc5244a51ad20c8eb41a
p:  700534.4702110084
5d23cc53c64a9f8eb68eb40b
p:  537078.4825556995
5d23cc5d44a51ad20c8eb41b
p:  506485.7732359534
5d23cc6163e4fdd1268eb446
p:  494597.8861625879
5d23cc7963e4fdd1268eb447
p:  371108.61258375936
5d23cc8ffa2be8d2ef8eb46c
p:  388590.35327750375
5d23ccafda6bcdf33a8eb421
p:  522979.45591458015
5d23ccb944a51ad20c8eb423
p:  813078.3259240335
5d23ccc963e4fdd1268eb449
p:  412597.90752365557
5d23ccde48b220f7f78eb47a
p:  368236.45983709197
5d23cce0fa2be8d2ef8eb46e
p:  458779.16271067446
5d23cd0163e4fdd1268eb44b
p:  600504.605531621
5d23cd0863e4fdd1268eb44c
p:  731342.4299032675
5d23cd7548b220f7f78eb47c
p:  350294.8124471203
5d23cdcff17e6306c68eb43f
p:  506982.1619453559
5d23cdda63e4fdd1268eb44d
p:  545350.8232979968
5d23cdfa63e4fdd1268eb44e
p:  451403.57006916794
5d23ce4463e4fdd1268eb44f
p:  463043.5287612879
5d23ce6b48b220f7f78eb47e
p:  450395.25395229843
5d23ce76fa2be8d2ef8eb470
p:  810990.5573774818
5d23ce8863e4fdd1268eb450
p:  433329.99950166605
5d23ce9ce436c7b07c8eb43a
p:  667965.0346811217
5d23cea1916d9e14348eb46b
p:  1193906.270266058
5d23cea748b220f7f78eb47f
p:  308348.89793495106
5d23ceb6e436c7b07c8eb43b
p:  483231.33499344566
5d23ced563e4fdd1268eb452
p:  505830.5534922355
5d23ced6fa2be8d2ef8eb471
p:  584749.3883289491
5d23cf0c63e4fdd1268eb453
p:  486955.1891157385
5d23cf674aa35b6b648eb444
p:  458055.3811413088
5d23cf9afa2be8d2ef8eb474
p:  371274.02457361296
5d23cfbc48b220f7f78eb481
p:  442529.8462800118
5d23cfdc4aa35b6b648eb445
p:  522580.45202216343
5d23cfeb48b220f7f78eb482
p:  540819.0107861648
5d23d05f6e7bc381bb8eb41d
p:  441433.9909408549
5d23d05f63e4fdd1268eb456
p:  453244.75286611385
5d23d0896d77b374088eb445
p:  353098.66660806653
5d23d0b1916d9e14348eb470
p:  582089.3029736988
5d23d0ebfa2be8d2ef8eb477
p:  372678.2301303521
5d23d10b44a51ad20c8eb433
p:  554253.1090091562
5d23d11f48b220f7f78eb486
p:  369172.10475405434
5d23d1264a89abe67d8eb433
p:  430095.5351487799
5d23d13efa2be8d2ef8eb478
p:  393729.23230254493
5d23d16263e4fdd1268eb459
p:  384242.4578054927
5d23d165e436c7b07c8eb43e
p:  378525.4816631465
5d23d16bda6bcdf33a8eb428
p:  695784.7922973488
5d23d1a1da6bcdf33a8eb429
p:  670794.3062612171
5d23d1c163e4fdd1268eb45a
p:  441874.724608003
5d23d1ef63e4fdd1268eb45b
p:  433700.77592236176
5d23d208da6bcdf33a8eb42a
p:  534062.7542727708
5d23d20d48b220f7f78eb489
p:  467789.956446036
5d23d2116e7bc381bb8eb426
p:  363385.99486630084
5d23d22248b220f7f78eb48a
p:  513959.83476423647
5d23d226fa2be8d2ef8eb47a
p:  420387.270365887
5d23d254e436c7b07c8eb443
p:  367745.52208244463
5d23d29263e4fdd1268eb45c
p:  411400.0033056201
5d23d2b863e4fdd1268eb45d
p:  441874.724608003
5d23d2dbe436c7b07c8eb446
p:  508639.49691115355
5d23d2e063e4fdd1268eb45e
p:  300995.97599041543
5d23d33fbc72e95cb58eb477
p:  428306.5428188385
5d23d38363e4fdd1268eb460
p:  386271.71987835364
5d23d3c9e436c7b07c8eb448
p:  825614.2484444501
5d23d419fa2be8d2ef8eb47e
p:  363782.3731698525
5d23d432e436c7b07c8eb449
p:  586041.8032844446
5d23d438da6bcdf33a8eb431
p:  416387.3779866894
5d23d44dda6bcdf33a8eb432
p:  531549.9094410874
5d23d45dfa2be8d2ef8eb47f
p:  271487.62277201226
5d23d46e48b220f7f78eb494
p:  373015.3646813275
5d23d480e436c7b07c8eb44b
p:  437668.89543827914
5d23d4886e7bc381bb8eb42e
p:  398066.2626282632
5d23d497da6bcdf33a8eb433
p:  431359.1994204825
5d23d49ff17e6306c68eb44e
p:  440264.5133011128
5d23d4eac64a9f8eb68eb419
p:  254228.91785193974
5d23d4f16d77b374088eb44d
p:  524831.6182635188
5d23d4f7fa2be8d2ef8eb481
p:  524592.1939085538
5d23d514e436c7b07c8eb44c
p:  411938.92172744276
5d23d52ff17e6306c68eb450
p:  321980.71634731104
5d23d53548b220f7f78eb495
p:  546783.5528572549
5d23d54e44a51ad20c8eb43e
p:  408319.0519001031
5d23d55c6d77b374088eb44e
p:  443635.0169396034
5d23d566916d9e14348eb479
p:  469687.71248239966
5d23d5c8da6bcdf33a8eb436
p:  373378.6324480814
5d23d5eff17e6306c68eb452
p:  487455.2744084129
5d23d64963e4fdd1268eb464
p:  638027.6437220473
5d23d692f17e6306c68eb456
p:  379675.8030194082
5d23d6bfe436c7b07c8eb44e
p:  373297.5301307881
5d23d6c06d77b374088eb453
p:  273112.4506201392
5d23d72048b220f7f78eb497
p:  255563.81173171962
5d23d73cfa2be8d2ef8eb486
p:  567721.8180417295
5d23d79244a51ad20c8eb446
p:  492716.4481988807
5d23d7e06e7bc381bb8eb436
p:  201611.02218729642
5d23d8204aa35b6b648eb44f
p:  426549.9942325146
5d23d8674aa35b6b648eb451
p:  618333.1851888285
5d23d86ff17e6306c68eb45a
p:  458685.1607641566
5d23d89363e4fdd1268eb469
p:  534540.4099471469
5d23d8b963e4fdd1268eb46a
p:  439699.21789371746
5d23d9294aa35b6b648eb453
p:  568404.9159477283
5d23d92b63e4fdd1268eb46c
p:  443635.2267048388
5d23d94e4a89abe67d8eb442
p:  462461.8942628291
5d23d94f48b220f7f78eb498
p:  249272.1276933348
5d23d95a44a51ad20c8eb447
p:  433258.4888059229
5d23d96f48b220f7f78eb499
p:  436380.82176528557
5d23d99be436c7b07c8eb456
p:  524736.9543244569
5d23d9a54a89abe67d8eb444
p:  844605.1363811424
5d23d9e1da6bcdf33a8eb445
p:  605668.1073056051
5d23d9f54a89abe67d8eb447
p:  473839.2957700452
5d23da0be436c7b07c8eb458
p:  397715.9317347815
5d23da20da6bcdf33a8eb446
p:  307760.16904880013
5d23da264a89abe67d8eb449
p:  482015.5233823736
5d23da9ada6bcdf33a8eb44a
p:  327064.28702071146
5d23da9ff17e6306c68eb461
p:  506222.99215043883
5d23daca4a89abe67d8eb44d
p:  478035.6483823736
5d23db616e7bc381bb8eb438
p:  683937.578655256
5d23db804aa35b6b648eb456
p:  523471.0952432228
5d23dba0da6bcdf33a8eb451
p:  457569.4032181023
5d23dba3fa2be8d2ef8eb489
p:  478102.8824318403
5d23dbdfda6bcdf33a8eb453
p:  486781.52501580166
5d23dbebe436c7b07c8eb45f
p:  597507.7260130323
5d23dbf16e7bc381bb8eb43a
p:  561413.1954481149
5d23dc3163e4fdd1268eb471
p:  436047.8510049497
5d23dc376d77b374088eb45d
p:  449772.79438380594
5d23dc8eda6bcdf33a8eb454
p:  555471.1818025738
5d23dc8efa2be8d2ef8eb48c
p:  626530.9873930749
5d23dc94e436c7b07c8eb462
p:  457600.3360296482
5d23dce8f17e6306c68eb467
p:  433865.2467163296
5d23dd04e436c7b07c8eb464
p:  566561.7174299594
5d23dd084aa35b6b648eb459
p:  421226.0684875775
5d23dd1a48b220f7f78eb49f
p:  553550.586574316
5d23dd43fa2be8d2ef8eb48e
p:  420337.36397397926
5d23dd7cfa2be8d2ef8eb48f
p:  465318.8642770255
5d23dd816d77b374088eb460
p:  312356.0305351438
5d23dde2da6bcdf33a8eb459
p:  466362.06096625724
5d23de1f4a89abe67d8eb44f
p:  489674.5482888898
5d23de2363e4fdd1268eb476
p:  452949.20674170123
5d23de58e436c7b07c8eb46a
p:  227516.76092092076
5d23de90e436c7b07c8eb46b
p:  480211.89076765336
5d23dec8e436c7b07c8eb46c
p:  461945.16237346444
5d23dece6e7bc381bb8eb441
p:  278153.1927278895
5d23df02e436c7b07c8eb46d
p:  369576.74524704594
5d23df0a44a51ad20c8eb454
p:  581499.587030601
5d23df3ae436c7b07c8eb46e
p:  437378.8565941567
5d23df414aa35b6b648eb45e
p:  809642.0197541155
5d23df45fa2be8d2ef8eb492
p:  393579.4569833758
5d23df4b6e7bc381bb8eb442
p:  443692.83799232147
5d23df6948b220f7f78eb4a4
p:  450445.6835981618
5d23df7163e4fdd1268eb477
p:  449668.9572763443
5d23df72e436c7b07c8eb46f
p:  657955.5708141411
5d23dfbd6e7bc381bb8eb443
p:  648843.251873679
5d23dfd3c64a9f8eb68eb42f
p:  598485.188733114
5d23dfe36e7bc381bb8eb444
p:  274303.2041705546
5d23dff64a89abe67d8eb453
p:  430095.5351487799
5d23e0186e7bc381bb8eb445
p:  532791.8244633228
5d23e04b48b220f7f78eb4a8
p:  473993.8812452626
5d23e0c5e436c7b07c8eb475
p:  436713.6110194747
5d23e0f2fa2be8d2ef8eb497
p:  503824.0105770467
5d23e0f248b220f7f78eb4a9
p:  449143.8183689955
5d23e10e44a51ad20c8eb45a
p:  562616.6954556783
5d23e19263e4fdd1268eb47b
p:  597188.5684521693
5d23e1a66d77b374088eb467
p:  802381.834499955
5d23e1a763e4fdd1268eb47c
p:  400127.07043423166
5d23e1e2e436c7b07c8eb47a
p:  781415.8546441165
5d23e1fd4a89abe67d8eb459
p:  423242.5994469521
5d23e235f17e6306c68eb476
p:  482851.6990599554
5d23e252e436c7b07c8eb47c
p:  509441.3841928933
5d23e256f17e6306c68eb477
p:  448373.47060373734
5d23e27b6e7bc381bb8eb448
p:  710044.4741892042
5d23e2b96d77b374088eb469
p:  561383.1700513244
5d23e2b96e7bc381bb8eb449
p:  255381.554477899
5d23e2c1e436c7b07c8eb47e
p:  483622.0361334621
5d23e33f44a51ad20c8eb460
p:  373010.9149422974
5d23e371c64a9f8eb68eb432
p:  668140.3334836431
5d23e3a2e436c7b07c8eb482
p:  458593.68846262945
5d23e3cc63e4fdd1268eb47f
p:  502739.34379341046
5d23e3dd6e7bc381bb8eb44a
p:  388874.24644083634
5d23e40ef17e6306c68eb47a
p:  528592.308183016
5d23e412e436c7b07c8eb484
p:  604956.4062019098
5d23e414fa2be8d2ef8eb49a
p:  393579.4569833758
5d23e43e48b220f7f78eb4b1
p:  347556.3564072711
5d23e44ce436c7b07c8eb485
p:  503176.6800624735
5d23e44ffa2be8d2ef8eb49b
p:  537400.6054693237
5d23e452f17e6306c68eb47c
p:  493726.81861646543
5d23e47d6e7bc381bb8eb44c
p:  508431.30448484817
5d23e4d14a89abe67d8eb464
p:  426548.77839913627
5d23e4e44a89abe67d8eb465
p:  437735.37717330595
5d23e50963e4fdd1268eb483
p:  585809.4331247038
5d23e55444a51ad20c8eb46b
p:  452064.744349784
5d23e56a44a51ad20c8eb46c
p:  509330.6688885585
5d23e56f4aa35b6b648eb46c
p:  523719.0522245879
5d23e5944aa35b6b648eb46d
p:  690847.7603084028
5d23e5a76d77b374088eb471
p:  409065.4324563014
5d23e5adc64a9f8eb68eb433
p:  593157.4135190162
5d23e5b84aa35b6b648eb46e
p:  679166.2609281666
5d23e5d76e7bc381bb8eb44e
p:  550223.6473158172
5d23e5e744a51ad20c8eb46f
p:  484027.8928901326
5d23e5e9bc72e95cb58eb49a
p:  500631.04740866576
5d23e6044aa35b6b648eb470
p:  283302.7676310071
5d23e608c64a9f8eb68eb434
p:  588179.3724369454
5d23e627fa2be8d2ef8eb49f
p:  470439.8888502631
5d23e6294aa35b6b648eb471
p:  954360.5485011754
5d23e64ce436c7b07c8eb48e
p:  460406.644278917
5d23e69b4aa35b6b648eb474
p:  901368.2857330461
5d23e69ebc72e95cb58eb49b
p:  451112.69762664015
5d23e6bce436c7b07c8eb490
p:  624286.5729959954
5d23e6e46d77b374088eb477
p:  546766.3396415013
5d23e6e9c64a9f8eb68eb435
p:  804540.1565550421
5d23e6ebbc72e95cb58eb49c
p:  955529.6369105405
5d23e6f4e436c7b07c8eb491
p:  529259.7675368101
5d23e714bc72e95cb58eb49d
p:  284250.95439517166
5d23e71d6e7bc381bb8eb44f
p:  853460.948307042
5d23e71ec64a9f8eb68eb436
p:  450345.41826441325
5d23e7324aa35b6b648eb478
p:  572176.5089547446
5d23e742c64a9f8eb68eb437
p:  715082.1423350376
5d23e7d7e436c7b07c8eb495
p:  532527.8328888238
5d23e7e8bc72e95cb58eb49e
p:  500631.04740866576
5d23e7f363e4fdd1268eb488
p:  434331.14313201804
5d23e7fbfa2be8d2ef8eb4a1
p:  391083.51768489473
5d23e80f44a51ad20c8eb477
p:  454432.63741909637
5d23e8164aa35b6b648eb47e
p:  640844.382343576
5d23e835c64a9f8eb68eb43a
p:  1123906.3735331094
5d23e850fa2be8d2ef8eb4a3
p:  451666.1350125137
5d23e85cfa2be8d2ef8eb4a4
p:  391083.51768489473
5d23e8884aa35b6b648eb481
p:  458735.6069708464
5d23e88e6e7bc381bb8eb451
p:  277884.77387048176
5d23e8b96e7bc381bb8eb452
p:  315502.4483671316
5d23e8e1da6bcdf33a8eb46d
p:  345619.4573845203
5d23e8e763e4fdd1268eb48e
p:  436235.5320961421
5d23e8fcc64a9f8eb68eb43c
p:  707473.7809813728
5d23e90f4aa35b6b648eb483
p:  530995.1466861394
5d23e91763e4fdd1268eb48f
p:  441790.67203244707
5d23e930bc72e95cb58eb4a0
p:  457405.95916265773
5d23e9346e7bc381bb8eb454
p:  611260.0397276373
5d23e94463e4fdd1268eb490
p:  437095.39989212307
5d23e9484aa35b6b648eb484
p:  485860.03334789537
5d23e965e436c7b07c8eb49c
p:  461904.5727071924
5d23e9a0e436c7b07c8eb49d
p:  484520.83550916903
5d23e9dfbc72e95cb58eb4a1
p:  678502.3233601793
5d23e9e24a89abe67d8eb471
p:  769523.507305599
5d23e9ef4aa35b6b648eb487
p:  1098617.1699695287
5d23ea4ae436c7b07c8eb4a0
p:  628302.3846535839
5d23ea6b6e7bc381bb8eb456
p:  319799.66769533313
5d23eab263e4fdd1268eb494
p:  437198.63442265836
5d23eac36e7bc381bb8eb457
p:  650913.0322599754
5d23eace4aa35b6b648eb48b
p:  496176.46115967876
5d23eae56e7bc381bb8eb458
p:  296757.17326878436
5d23eafc63e4fdd1268eb495
p:  314882.27135831723
5d23eafdfa2be8d2ef8eb4aa
p:  460220.4612442398
5d23eb2063e4fdd1268eb496
p:  273002.08738975733
5d23eb2c63e4fdd1268eb497
p:  555671.4034238312
5d23ebcfbc72e95cb58eb4a3
p:  337875.8939245853
5d23ebd96e7bc381bb8eb45d
p:  278153.1927278895
5d23ebdeda6bcdf33a8eb475
p:  406603.6196420933
5d23ebe24aa35b6b648eb48f
p:  531565.3994870115
5d23ebf263e4fdd1268eb499
p:  1084397.0935027497
5d23ebf56e7bc381bb8eb45e
p:  872551.2839309425
5d23ec076d77b374088eb48e
p:  451979.2853729281
5d23ec47fa2be8d2ef8eb4ad
p:  271487.62277201226
5d23ec6363e4fdd1268eb49a
p:  956358.8907066117
5d23ec6b6e7bc381bb8eb460
p:  281844.5798529013
5d23ec786d77b374088eb490
p:  452055.3572394219
5d23ec78da6bcdf33a8eb477
p:  450013.4161298816
5d23ec7a4aa35b6b648eb490
p:  576109.0102245975
5d23ec9fbc72e95cb58eb4a5
p:  363279.2333984076
5d23eca26e7bc381bb8eb461
p:  544679.85593535
5d23eca64aa35b6b648eb491
p:  941581.4376258578
5d23ecac63e4fdd1268eb49c
p:  523304.08060345985
5d23ecaf6d77b374088eb491
p:  667646.4692861661
5d23ecdd48b220f7f78eb4c6
p:  460913.57268592855
5d23ecf06e7bc381bb8eb463
p:  712490.4930913763
5d23ecf74aa35b6b648eb492
p:  424167.4382973724
5d23ed3e63e4fdd1268eb49f
p:  426800.94819805014
5d23ed46bc72e95cb58eb4a9
p:  484325.64113730553
5d23ed4f4aa35b6b648eb493
p:  1032798.0501867118
5d23ed5dbc72e95cb58eb4aa
p:  995774.8464103743
5d23ed95e436c7b07c8eb4ad
p:  669148.8657120361
5d23eda5f17e6306c68eb48d
p:  509677.84841029404
5d23edcee436c7b07c8eb4ae
p:  580496.4322776704
5d23edd36d77b374088eb496
p:  590043.4164610854
5d23ee396e7bc381bb8eb464
p:  277941.5356508321
5d23ee63bc72e95cb58eb4ab
p:  617461.2888919208
5d23eea4916d9e14348eb4da
p:  353926.2427158158
5d23eeb4fa2be8d2ef8eb4b1
p:  422788.6313782057
5d23eebe916d9e14348eb4db
p:  576816.4187065843
5d23eef9fa2be8d2ef8eb4b2
p:  779109.8075827373
5d23ef246d77b374088eb49c
p:  520767.60397960094
5d23ef626e7bc381bb8eb467
p:  1100350.6259765239
5d23efb0e436c7b07c8eb4b5
p:  923492.0493284224
5d23efb3fa2be8d2ef8eb4b4
p:  571701.9264743916
5d23eff563e4fdd1268eb4a5
p:  881149.3388812854
5d23f041916d9e14348eb4dc
p:  553427.7525184595
5d23f09c6e7bc381bb8eb46a
p:  456405.615897989
5d23f0b56e7bc381bb8eb46b
p:  363554.2595372244
5d23f105e436c7b07c8eb4bb
p:  580883.8488611323
5d23f15d63e4fdd1268eb4a7
p:  911208.901641947
5d23f17e63e4fdd1268eb4a8
p:  428588.3185749145
5d23f195fa2be8d2ef8eb4b6
p:  507134.4442374775
5d23f1afe436c7b07c8eb4be
p:  471594.15417870565
5d23f1c444a51ad20c8eb48d
p:  475738.08485664346
5d23f1c548b220f7f78eb4d1
p:  593389.7625551561
5d23f1ceda6bcdf33a8eb487
p:  522374.95898733963
5d23f1e648b220f7f78eb4d2
p:  308707.16638845654
5d23f1e8e436c7b07c8eb4bf
p:  469726.72248603683
5d23f206da6bcdf33a8eb488
p:  597547.1908398755
5d23f21fe436c7b07c8eb4c0
p:  512161.4792792621
5d23f26ef17e6306c68eb49a
p:  503943.5204463269
5d23f278916d9e14348eb4de
p:  332074.6934476261
5d23f2a0916d9e14348eb4df
p:  333061.3324699752
5d23f2b7916d9e14348eb4e0
p:  694553.6748802899
5d23f2bbda6bcdf33a8eb48a
p:  532476.5658905099
5d23f2cbbc72e95cb58eb4af
p:  592672.4386332005
5d23f2e363e4fdd1268eb4aa
p:  349116.0295088301
5d23f2eebc72e95cb58eb4b0
p:  623185.8731896415
5d23f33ee436c7b07c8eb4c5
p:  1265446.3818062847
5d23f34a916d9e14348eb4e2
p:  410354.6267798922
5d23f35c6e7bc381bb8eb470
p:  257185.98902474256
5d23f362c64a9f8eb68eb451
p:  414351.0101608273
5d23f385da6bcdf33a8eb48b
p:  371279.7499701966
5d23f395f17e6306c68eb4a0
p:  383303.77467745915
5d23f3b1fa2be8d2ef8eb4b9
p:  385005.0144088021
5d23f3b3da6bcdf33a8eb48c
p:  613154.4174531568
5d23f3b848b220f7f78eb4d3
p:  929393.2704743922
5d23f3babc72e95cb58eb4b2
p:  347345.7508515894
5d23f3c3fa2be8d2ef8eb4ba
p:  434246.62740140123
5d23f3d9da6bcdf33a8eb48d
p:  435956.9147689682
5d23f3e36e7bc381bb8eb478
p:  318341.6883530067
5d23f3eb6e7bc381bb8eb479
p:  618890.1407841777
5d23f3fa48b220f7f78eb4d4
p:  500713.7206763488
5d23f3feda6bcdf33a8eb48e
p:  388897.19299309154
5d23f43bfa2be8d2ef8eb4bb
p:  435285.69700265717
5d23f44ada6bcdf33a8eb490
p:  593892.9937195261
5d23f461e436c7b07c8eb4ca
p:  749966.5853328307
5d23f46b6e7bc381bb8eb488
p:  258886.60906689806
5d23f46fda6bcdf33a8eb491
p:  546134.2672783928
5d23f477fa2be8d2ef8eb4bc
p:  699148.0488609136
5d23f494da6bcdf33a8eb492
p:  581553.6166910152
5d23f4bbda6bcdf33a8eb493
p:  653312.4618233625
5d23f4bc6e7bc381bb8eb491
p:  425840.0211699306
5d23f4d06e7bc381bb8eb494
p:  275818.4923287829
5d23f4e1da6bcdf33a8eb494
p:  392810.81596428156
5d23f4e54aa35b6b648eb4a3
p:  430411.31716736546
5d23f502916d9e14348eb4e4
p:  609973.7918773524
5d23f5044aa35b6b648eb4a4
p:  361707.2746405541
5d23f50be436c7b07c8eb4cd
p:  351686.0914118567
5d23f544e436c7b07c8eb4ce
p:  379263.7469778026
5d23f57963e4fdd1268eb4ae
p:  439912.7939718681
5d23f57be436c7b07c8eb4cf
p:  432093.79889183433
5d23f58a916d9e14348eb4e5
p:  585233.4672217333
5d23f5abfa2be8d2ef8eb4be
p:  798433.6961079077
5d23f5adda6bcdf33a8eb499
p:  640705.452723386
5d23f5b3e436c7b07c8eb4d0
p:  301303.6108421858
5d23f5ebe436c7b07c8eb4d1
p:  432093.79889183433
5d23f5f3916d9e14348eb4e6
p:  463780.5014037432
5d23f5f8bc72e95cb58eb4b4
p:  970576.4955438115
5d23f5fada6bcdf33a8eb49b
p:  415513.97273199225
5d23f610fa2be8d2ef8eb4c0
p:  554197.9876029051
5d23f6184aa35b6b648eb4a5
p:  434136.4848761868
5d23f620da6bcdf33a8eb49c
p:  719347.5992885418
5d23f623e436c7b07c8eb4d2
p:  340337.7575704856
5d23f64e916d9e14348eb4e9
p:  383709.7524822792
5d23f6aae436c7b07c8eb4d3
p:  432093.79889183433
5d23f6aa4aa35b6b648eb4a6
p:  483082.6853988189
5d23f6b6fa2be8d2ef8eb4c3
p:  385792.2922904508
5d23f6bcda6bcdf33a8eb4a0
p:  424437.38640259986
5d23f6e1e436c7b07c8eb4d4
p:  642899.256977079
5d23f709da6bcdf33a8eb4a2
p:  543966.1081758451
5d23f7164aa35b6b648eb4a7
p:  309378.58885248034
5d23f72c4aa35b6b648eb4a8
p:  491322.5948363767
5d23f72fda6bcdf33a8eb4a3
p:  603229.1901987416
5d23f753e436c7b07c8eb4d6
p:  604979.2554422852
5d23f755da6bcdf33a8eb4a4
p:  562164.9702846401
5d23f7716d77b374088eb4b1
p:  448323.21151128574
5d23f77bda6bcdf33a8eb4a5
p:  361787.6113985687
5d23f78be436c7b07c8eb4d7
p:  516115.2420676554
5d23f7bf48b220f7f78eb4dc
p:  890850.6700151121
5d23f7c3e436c7b07c8eb4d8
p:  432093.79889183433
5d23f7c8da6bcdf33a8eb4a7
p:  630741.3022510883
5d23f7edda6bcdf33a8eb4a8
p:  625800.4106329079
5d23f7fae436c7b07c8eb4d9
p:  859757.6449898081
5d23f813da6bcdf33a8eb4a9
p:  760889.9916511392
5d23f839da6bcdf33a8eb4aa
p:  615518.5115345183
5d23f85fda6bcdf33a8eb4ab
p:  526587.3975988327
5d23f885da6bcdf33a8eb4ac
p:  748408.4231771798
5d23f889bc72e95cb58eb4b9
p:  572845.3650540635
5d23f88d916d9e14348eb4ed
p:  567316.6677938353
5d23f8a6e436c7b07c8eb4dc
p:  636026.0860122291
5d23f8acda6bcdf33a8eb4ad
p:  390249.84911089716
5d23f8bd48b220f7f78eb4df
p:  497956.6581763488
5d23f8cefa2be8d2ef8eb4c4
p:  383205.1573304263
5d23f8d3da6bcdf33a8eb4ae
p:  898069.6588097338
5d23f8dde436c7b07c8eb4dd
p:  357496.52040656586
5d23f90163e4fdd1268eb4b4
p:  288791.5755021878
5d23f916e436c7b07c8eb4de
p:  547249.3987875287
5d23f91f6d77b374088eb4b2
p:  590043.4164610854
5d23f93663e4fdd1268eb4b5
p:  316560.54737660085
5d23f94ee436c7b07c8eb4df
p:  628191.1756185612
5d23f951da6bcdf33a8eb4b1
p:  542777.4319309827
5d23f978da6bcdf33a8eb4b2
p:  533833.7291735697
5d23f9a3fa2be8d2ef8eb4c7
p:  699334.0938768298
5d23f9cf48b220f7f78eb4e0
p:  1058499.1264490394
5d23f9d6e436c7b07c8eb4e0
p:  697230.2163560882
5d23f9ef48b220f7f78eb4e1
p:  409214.2693872338
5d23fa17da6bcdf33a8eb4b6
p:  290216.5055031979
5d23fa34bc72e95cb58eb4bb
p:  577097.190289468
5d23fa3dda6bcdf33a8eb4b7
p:  522374.95898733963
5d23fa4ae436c7b07c8eb4e2
p:  827287.6860012586
5d23fa61bc72e95cb58eb4bc
p:  556831.5549661088
5d23fa63da6bcdf33a8eb4b8
p:  744634.0734937938
5d23fa83bc72e95cb58eb4bd
p:  300030.2408447828
5d23fa8648b220f7f78eb4e2
p:  722499.4928748885
5d23fa886e7bc381bb8eb49e
p:  390687.49194386887
5d23fab0da6bcdf33a8eb4ba
p:  420072.0176658456
5d23fabc4aa35b6b648eb4ac
p:  678161.6393456891
5d23fabd916d9e14348eb4f2
p:  595229.1369698917
5d23fabf6e7bc381bb8eb4a0
p:  469621.9599771497
5d23fad6da6bcdf33a8eb4bb
p:  352450.55253379076
5d23fafcda6bcdf33a8eb4bc
p:  510106.82711118937
5d23fb0dbc72e95cb58eb4bf
p:  503528.2100458715
5d23fb1848b220f7f78eb4e3
p:  382600.8540950904
5d23fb1e44a51ad20c8eb4a1
p:  459399.3577287686
5d23fb30e436c7b07c8eb4e6
p:  642899.256977079
5d23fb67e436c7b07c8eb4e7
p:  563978.2911735277
5d23fb70bc72e95cb58eb4c1
p:  491174.05223556433
5d23fb84fa2be8d2ef8eb4c9
p:  441143.6984072387
5d23fbbf63e4fdd1268eb4bd
p:  1081001.3428438664
5d23fbc3da6bcdf33a8eb4be
p:  411920.5091472027
5d23fbd9e436c7b07c8eb4e9
p:  379538.5838166948
5d23fbe8da6bcdf33a8eb4bf
p:  766475.2355135658
5d23fbf2fa2be8d2ef8eb4ca
p:  546716.9646685573
5d23fc08bc72e95cb58eb4c4
p:  614078.325346252
5d23fc0eda6bcdf33a8eb4c0
p:  637175.256168776
5d23fc11e436c7b07c8eb4ea
p:  560845.8831203615
5d23fc21916d9e14348eb4f3
p:  408321.2422034608
5d23fc3248b220f7f78eb4e8
p:  645527.5374548116
5d23fc34da6bcdf33a8eb4c1
p:  623591.4291880917
5d23fc37bc72e95cb58eb4c5
p:  605599.870793445
5d23fc49e436c7b07c8eb4eb
p:  351686.0914118567
5d23fc5048b220f7f78eb4e9
p:  670102.2519746507
5d23fc52f17e6306c68eb4b3
p:  457447.6896450028
5d23fc82da6bcdf33a8eb4c3
p:  575855.1437633447
5d23fc87916d9e14348eb4f4
p:  267241.10577196884
5d23fc9a6d77b374088eb4bb
p:  372611.3440482924
5d23fca363e4fdd1268eb4c0
p:  344029.03207424184
5d23fca748b220f7f78eb4ea
p:  672328.4412720515
5d23fcbae436c7b07c8eb4ed
p:  311686.4310740605
5d23fcd0da6bcdf33a8eb4c5
p:  652096.9604805245
5d23fcfffa2be8d2ef8eb4cb
p:  549854.3851475131
5d23fd1dda6bcdf33a8eb4c7
p:  385703.96219041664
5d23fd286d77b374088eb4bc
p:  413601.0111793651
5d23fd5f6e7bc381bb8eb4a3
p:  257185.98902474256
5d23fd61fa2be8d2ef8eb4cd
p:  596299.6335076
5d23fd66e436c7b07c8eb4f0
p:  710506.040268447
5d23fd79fa2be8d2ef8eb4ce
p:  387855.61923497927
5d23fda448b220f7f78eb4ed
p:  287462.71587485285
5d23fdb46d77b374088eb4be
p:  482096.0019226343
5d23fdd7e436c7b07c8eb4f2
p:  381289.27182217897
5d23fdebda6bcdf33a8eb4cc
p:  577835.6916748509
5d23fdf2bc72e95cb58eb4c8
p:  392896.3082982517
5d23fe00916d9e14348eb4f8
p:  408321.2422034608
5d23fe0cbc72e95cb58eb4c9
p:  495991.47565502045
5d23fe0dc64a9f8eb68eb466
p:  1248459.2602316742
5d23fe1763e4fdd1268eb4c2
p:  860449.1698511404
5d23fe2748b220f7f78eb4ef
p:  337506.9881255147
5d23fe46916d9e14348eb4f9
p:  426909.91365395597
5d23fe4dda6bcdf33a8eb4cd
p:  590684.1643489674
5d23fe54fa2be8d2ef8eb4d0
p:  383205.1573304263
5d23fe81e436c7b07c8eb4f5
p:  977171.6926654738
5d23fe92fa2be8d2ef8eb4d1
p:  669120.4908305409
5d23fe9ada6bcdf33a8eb4cf
p:  611134.0593444
5d23feb9e436c7b07c8eb4f6
p:  514087.23488468013
5d23febfda6bcdf33a8eb4d0
p:  324266.2771251495
5d23fee5da6bcdf33a8eb4d1
p:  526023.8540545562
5d23fef0fa2be8d2ef8eb4d3
p:  494834.4186374909
5d23fef1e436c7b07c8eb4f7
p:  477150.6824915458
5d23ff0ada6bcdf33a8eb4d2
p:  716055.7446304794
5d23ff1d48b220f7f78eb4f0
p:  688229.8841525869
5d23ff30da6bcdf33a8eb4d3
p:  961423.2905626022
5d23ff46fa2be8d2ef8eb4d5
p:  735563.4311337674
5d23ff55da6bcdf33a8eb4d4
p:  541621.9564932506
5d23ff5bbc72e95cb58eb4cd
p:  353667.91753095214
5d23ff61e436c7b07c8eb4f9
p:  357496.52040656586
5d23ff93f17e6306c68eb4ba
p:  463887.68476315663
5d23ff974aa35b6b648eb4b4
p:  473713.6051264391
5d23ff9ce436c7b07c8eb4fa
p:  560872.355561639
5d23ffb16e7bc381bb8eb4a8
p:  284794.81303732574
5d23ffee48b220f7f78eb4f4
p:  624424.9910638528
5d24000de436c7b07c8eb4fc
p:  553810.4996862628
5d240019f17e6306c68eb4bc
p:  494072.76354384073
5d240056fa2be8d2ef8eb4d6
p:  664520.7718259892
5d240071f17e6306c68eb4bd
p:  526645.743098553
5d2400816e7bc381bb8eb4aa
p:  652394.8951749066
5d24008df17e6306c68eb4be
p:  850218.9324233719
5d240093fa2be8d2ef8eb4d7
p:  622621.4084047028
5d2400b7e436c7b07c8eb4ff
p:  543471.8247632637
5d2400bc6d77b374088eb4c4
p:  431717.1279390835
5d2400ed916d9e14348eb4fb
p:  415162.60971542785
5d240161e436c7b07c8eb502
p:  340337.7575704856
5d240163fa2be8d2ef8eb4d8
p:  568269.9921560641
5d240199e436c7b07c8eb503
p:  570125.2303969738
5d2401aa6e7bc381bb8eb4ae
p:  257185.98902474256
5d2401b9916d9e14348eb4fd
p:  553395.881521327
5d2401bdfa2be8d2ef8eb4da
p:  378626.7168283318
5d2401cbda6bcdf33a8eb4e4
p:  753740.331343414
5d2401d1e436c7b07c8eb504
p:  411759.1123053124
5d2401d8f17e6306c68eb4c1
p:  404168.5196320015
5d2401f0da6bcdf33a8eb4e5
p:  366258.0467045476
5d2401fefa2be8d2ef8eb4db
p:  444299.99528959667
5d240204916d9e14348eb4fe
p:  559226.3720145108
5d240214bc72e95cb58eb4d4
p:  614078.325346252
5d240216da6bcdf33a8eb4e6
p:  486243.470593539
5d24021c6d77b374088eb4c9
p:  325623.64800199645
5d24023048b220f7f78eb4f6
p:  575795.9348410115
5d240233fa2be8d2ef8eb4dc
p:  540984.0659697743
5d240244fa2be8d2ef8eb4dd
p:  484840.23503367126
5d240257c64a9f8eb68eb46f
p:  604039.2517218392
5d24025848b220f7f78eb4f8
p:  670102.2519746507
5d240264da6bcdf33a8eb4e8
p:  898196.1507136337
5d24027be436c7b07c8eb507
p:  388370.8445564281
5d240289da6bcdf33a8eb4e9
p:  617723.8538373495
5d24029f48b220f7f78eb4fa
p:  498161.1867568306
5d2402afda6bcdf33a8eb4ea
p:  638041.7698104263
5d2402b16d77b374088eb4d5
p:  599256.1591102325
5d2402dd6e7bc381bb8eb4b0
p:  257185.98902474256
5d2402ede436c7b07c8eb509
p:  340337.7575704856
5d24031dfa2be8d2ef8eb4df
p:  312749.6660043456
5d24032763e4fdd1268eb4c9
p:  365981.03933103057
5d240328916d9e14348eb501
p:  330794.0608887649
5d240349fa2be8d2ef8eb4e0
p:  527583.9956191289
5d240376fa2