Current date and time: 2020-06-07 15:34:20
Successfully connect to DB.
For ['Fairfield']#################################################################
train score for random_forest: 0.9464074646524793
test score for random_forest: 0.6776700414126711
The mean absolute error is:$ 359205.51797405677
r_Score: 0.6707321004472022
Voting Regressor (in): 0.9567565523396674
Voting Regressor: 0.6707321004472021
5d0906fc0e7b637eb21f6d75
p:  575454.3938362245
5d08187c7c1d83daee248b81
p:  976705.291122528
5d0b529c19aeb54ebe6efbaf
p:  354138.5316544435
5d0b539319aeb54ebe6efbbc
p:  271968.5266377747
5d0b57c719aeb54ebe6efbd6
p:  337477.5775722866
5d1bbe5e7e6c493d594587d6
p:  173914.74350599747
5d1bc43f7e6c493d594587f6
p:  551581.1162493072
5d1c249d02e1f427a5efbcc1
p:  4730704.448336313
5d1c25050a1cbc8e6fefbc59
p:  4730704.448336313
5d266215e98ff02697eb6931
p:  486914.4433478855
5d267b42e98ff02697eb6955
p:  681204.115048246
5d267c4be98ff02697eb6958
p:  251231.19867900026
5d267e45e98ff02697eb695a
p:  140501.1575610115
5d267e73e98ff02697eb695b
p:  470293.8613164569
5d2cfde1aa1ce31ade80b109
p:  373869.18348565925
5d31aedbd708b0a3d0a64ea9
p:  3750137.9022836443
5d31af30d708b0a3d0a64eab
p:  216220.60687801315
5d34b8f518f8dde30a0abc9b
p:  123779.86838764732
5d355bed094ca4e7d8e80363
p:  296054.3537209694
5d355c48094ca4e7d8e80364
p:  1362849.9618524904
5d356cb1094ca4e7d8e80382
p:  279967.52652732725
5d38e83f02947826d9b03c9f
p:  489897.10450896795
5d47042dff2d2b1894e73ba0
p:  231314.18480853958
5d47068cf3ae1cb150e73bb5
p:  263809.6209908571
5d470844ff2d2b1894e73ba9
p:  460382.66277336376
5d47084b6c242c1455e73bb3
p:  173862.319497601
5d47090ef3ae1cb150e73bb9
p:  311896.67122561816
5d47092cf3ae1cb150e73bba
p:  311896.67122561816
5d47095cff2d2b1894e73bac
p:  337621.00722429005
5d4709d1f3ae1cb150e73bbf
p:  378671.3496161194
5d470ba0ff2d2b1894e73bb1
p:  324528.48360483925
5d470de3c1fd11f34ae73ce9
p:  460891.1680408316
5d47108ac1fd11f34ae73cec
p:  307274.76939049223
5d471112ff2d2b1894e73bbc
p:  425538.61860469065
5d471122c1fd11f34ae73cee
p:  282381.9506135871
5d4712db28725d25cfe73bf8
p:  250604.10728085606
5d4713afc1fd11f34ae73cf2
p:  362401.1992401321
5d47173b28725d25cfe73bfb
p:  123303.153970635
5d471961c1fd11f34ae73cfa
p:  128251.30775676307
5d47199628725d25cfe73bfe
p:  333213.3264398371
5d4719c228725d25cfe73bff
p:  347074.07117158
5d471b1228725d25cfe73c03
p:  244691.13456076838
5d471c1628725d25cfe73c05
p:  296768.7988504525
5d471cf8c1fd11f34ae73cfc
p:  387915.0936968713
5d471ddb28725d25cfe73c06
p:  136956.1793961904
5d471f5628725d25cfe73c08
p:  166496.50490049983
5d471f69c1fd11f34ae73cfd
p:  437263.81030547066
5d471f9ef3ae1cb150e73c06
p:  877188.0823487382
5d47203428725d25cfe73c09
p:  312878.7057206074
5d47209628725d25cfe73c0b
p:  375386.2783977025
5d4721b9c1fd11f34ae73d01
p:  243369.3575927768
5d47221ec1fd11f34ae73d03
p:  324645.6403233153
5d47252d28725d25cfe73c13
p:  100982.28634201051
5d47282128725d25cfe73c18
p:  239935.69412590258
5d4729de28725d25cfe73c1a
p:  2802941.1248741904
5d472a1928725d25cfe73c1b
p:  5265857.898912128
5d472a93ae6ced45bbe73c58
p:  61823.12815211039
5d472abaae6ced45bbe73c59
p:  322593.5155054297
5d472ae5ae6ced45bbe73c5a
p:  346489.2866141469
5d472b12ae6ced45bbe73c5b
p:  549318.9319244435
5d472b41ae6ced45bbe73c5c
p:  1147252.0198076465
5d472bc5ae6ced45bbe73c5f
p:  188307.4191442029
5d472c52c1fd11f34ae73d1e
p:  213479.8925851764
5d472d7eae6ced45bbe73c65
p:  71317.89083106272
5d472db0ae6ced45bbe73c66
p:  451870.32030101505
5d472dfaae6ced45bbe73c67
p:  180417.24888517224
5d472e77a9a609321ae73c06
p:  262076.5704135463
5d472e93ae6ced45bbe73c68
p:  215646.07810632326
5d472ecb28725d25cfe73c24
p:  73905.48372174105
5d472eefa9a609321ae73c09
p:  402862.61749868403
5d472fbaa9a609321ae73c0e
p:  74112.01438772865
5d472fdbc1fd11f34ae73d25
p:  282381.9506135871
5d47302ac1fd11f34ae73d27
p:  269414.3508758865
5d47304a28725d25cfe73c2a
p:  344127.6351738436
5d47305ca9a609321ae73c12
p:  364473.92081088346
5d473089a9a609321ae73c13
p:  230384.49569164094
5d47309bae6ced45bbe73c6a
p:  93809.96654666393
5d4730acae6ced45bbe73c6b
p:  111331.1620003893
5d4730b0a9a609321ae73c14
p:  185052.3109707086
5d4730d7ae6ced45bbe73c6f
p:  345894.1304662503
5d473151c1fd11f34ae73d2a
p:  276195.3360020875
5d47316fa9a609321ae73c19
p:  229584.01117254246
5d473193ae6ced45bbe73c79
p:  98726.83357489947
5d473194a9a609321ae73c1a
p:  215352.99939389434
5d4731b9a9a609321ae73c1b
p:  344664.18304275145
5d4731ef28725d25cfe73c2e
p:  118969.30831983319
5d47320a07359042e5e73c65
p:  440420.59178876167
5d47323aa9a609321ae73c1e
p:  171652.48406822115
5d473265a9a609321ae73c1f
p:  280108.42491652205
5d47327d769ddaf97be73c07
p:  136468.18464966374
5d47329507359042e5e73c68
p:  84821.80915823563
5d4732ab769ddaf97be73c08
p:  3423280.112141738
5d4732d707359042e5e73c69
p:  240612.4228957234
5d4732f86c242c1455e73c00
p:  220639.70120991225
5d473351ae6ced45bbe73c82
p:  290011.0978221989
5d47338407359042e5e73c6b
p:  312103.138985903
5d4733b2ff2d2b1894e73c1e
p:  492873.2110275284
5d4733f1a9a609321ae73c29
p:  171247.07637089392
5d47340c07359042e5e73c6c
p:  310572.73884357704
5d473412ff2d2b1894e73c26
p:  355282.7703697664
5d473413ae6ced45bbe73c83
p:  207834.9469630829
5d47342dff2d2b1894e73c28
p:  348266.1477709392
5d47343cff2d2b1894e73c29
p:  541182.7865669723
5d473448769ddaf97be73c0a
p:  42647.92057844746
5d4734986c242c1455e73c05
p:  96012.341058614
5d4734e76c242c1455e73c06
p:  270714.36789467523
5d4735186c242c1455e73c07
p:  128001.58450824537
5d473519906723e79fe73c1e
p:  382363.1555749678
5d47356007359042e5e73c6e
p:  158399.18317959213
5d4735be28725d25cfe73c32
p:  363546.10448727314
5d4735d3ff2d2b1894e73c43
p:  526296.1513274468
5d473630906723e79fe73c25
p:  728341.930886226
5d473632ff2d2b1894e73c4a
p:  310658.9601606352
5d47366cff2d2b1894e73c4f
p:  336899.6193973473
5d473676ff2d2b1894e73c50
p:  420797.57840490877
5d4736a7ff2d2b1894e73c54
p:  667827.6751097408
5d4736c007359042e5e73c73
p:  154119.6614319734
5d4736eaff2d2b1894e73c58
p:  235002.29638659768
5d473754dc800e0821e73c3f
p:  133026.40154469974
5d473765ff2d2b1894e73c62
p:  326239.5643190312
5d4737ac6c242c1455e73c0d
p:  153149.42087365413
5d473850ae6ced45bbe73c8a
p:  321858.00331855635
5d4738a4f3ae1cb150e73c67
p:  368466.43163155357
5d4738a8ae6ced45bbe73c8c
p:  96220.75506724088
5d4738e628725d25cfe73c3b
p:  167472.2605846581
5d473906ae6ced45bbe73c8d
p:  99082.70567505072
5d473922f3ae1cb150e73c6a
p:  614281.8033298617
5d4739eec1fd11f34ae73d3e
p:  112565.84382287666
5d473a07ae6ced45bbe73c91
p:  281495.7713839252
5d473a76f3ae1cb150e73c6d
p:  192512.75917061593
5d473c08f3ae1cb150e73c6e
p:  377463.1447104759
5d473c4af3ae1cb150e73c6f
p:  235854.14845246082
5d473c5aae6ced45bbe73c97
p:  310255.57902183675
5d473cd4f3ae1cb150e73c70
p:  218741.2736826089
5d473d12f3ae1cb150e73c71
p:  337488.71031781554
5d473db9ff2d2b1894e73c6e
p:  558952.4351594384
5d473defae6ced45bbe73c99
p:  348723.16966942174
5d473e10ae6ced45bbe73c9a
p:  308808.84316233173
5d473e6bae6ced45bbe73c9d
p:  578129.4750849582
5d473eb7ae6ced45bbe73c9f
p:  275642.4169651519
5d473ef4ff2d2b1894e73c73
p:  454740.8326394748
5d473f1cae6ced45bbe73ca2
p:  255973.3427186632
5d473f36ae6ced45bbe73ca3
p:  255973.3427186632
5d473f71ae6ced45bbe73ca5
p:  154327.5020209804
5d473fbaae6ced45bbe73ca7
p:  268493.99433650606
5d473fc607359042e5e73c89
p:  248189.6324268048
5d474030ae6ced45bbe73cab
p:  175028.76896195946
5d474072ae6ced45bbe73cad
p:  282798.91859694273
5d4740b6ae6ced45bbe73caf
p:  195249.71539190708
5d47412fae6ced45bbe73cb2
p:  219966.23115543637
5d4741d9c1fd11f34ae73d4d
p:  217020.65041834622
5d4741e4ae6ced45bbe73cb7
p:  222295.17534033448
5d474244ae6ced45bbe73cba
p:  261261.14022062204
5d47429aae6ced45bbe73cbd
p:  247605.47443840778
5d4742a107359042e5e73c93
p:  325976.648754444
5d4742dcae6ced45bbe73cbf
p:  315943.99164857995
5d474326ae6ced45bbe73cc1
p:  303282.82375716756
5d47433eae6ced45bbe73cc2
p:  669040.5398569179
5d47435ff3ae1cb150e73c7a
p:  368463.1127052806
5d4743bdae6ced45bbe73cc6
p:  262825.56880388747
5d4743c9dc800e0821e73c67
p:  362959.00844280794
5d4743f9ae6ced45bbe73cc8
p:  188569.61401922558
5d47445407359042e5e73c9d
p:  244447.70365823846
5d474482f3ae1cb150e73c7d
p:  298714.45760107087
5d4744aff3ae1cb150e73c7f
p:  264862.3226383105
5d4744deff2d2b1894e73c90
p:  154443.33311511614
5d47456ef3ae1cb150e73c84
p:  263431.6402714069
5d474683ae6ced45bbe73cce
p:  100982.28634201051
5d4746d5ae6ced45bbe73cd0
p:  264794.70995650825
5d474750ae6ced45bbe73cda
p:  225147.77207203367
5d4747c1ae6ced45bbe73ce1
p:  246680.2032329525
5d4747f2c1fd11f34ae73d5c
p:  136062.18372277578
5d4749e5ae6ced45bbe73ce6
p:  283969.44038529217
5d474cafae6ced45bbe73cea
p:  249082.86043046793
5d474d04ae6ced45bbe73ceb
p:  203306.75356430237
5d474d20ae6ced45bbe73cec
p:  287316.40342984436
5d474deeae6ced45bbe73cf0
p:  282155.195326395
5d474ea3f3ae1cb150e73c90
p:  296596.6434608258
5d474eeef3ae1cb150e73c92
p:  570299.4328861597
5d474f0dae6ced45bbe73cf2
p:  244531.14379128529
5d474f14f3ae1cb150e73c93
p:  530828.6731553238
5d4750a5f3ae1cb150e73c99
p:  513385.23439092713
5d4750abae6ced45bbe73cf7
p:  515850.0314242759
5d47511ef3ae1cb150e73c9c
p:  1378497.6356939306
5d47519bf3ae1cb150e73c9f
p:  470745.16157625057
5d475325f3ae1cb150e73ca4
p:  441656.05351482646
5d475510f3ae1cb150e73ca9
p:  257469.41042451747
5d47552ba9a609321ae73c7a
p:  564705.4753569963
5d47557da9a609321ae73c7c
p:  270878.41062619
5d4760ffff2d2b1894e73ce6
p:  360527.2473595413
5d47628e769ddaf97be73c96
p:  691541.9899933127
5d4762a6ff2d2b1894e73ce9
p:  240330.3393607313
5d4762c8f3ae1cb150e73cc8
p:  436031.9687095187
5d4762f6f3ae1cb150e73cc9
p:  236039.94278110086
5d4762feff2d2b1894e73ceb
p:  405088.4758200677
5d4764d9f3ae1cb150e73cd1
p:  377671.1660391828
5d4764ecf3ae1cb150e73cd2
p:  1471854.288817891
5d4765d6769ddaf97be73c9f
p:  553732.801244677
5d476646f3ae1cb150e73cd5
p:  269684.19009148644
5d476661f3ae1cb150e73cd6
p:  258623.74726787937
5d4766c9769ddaf97be73ca1
p:  376458.1417779708
5d4766e9769ddaf97be73ca2
p:  471778.442178702
5d4766fdf3ae1cb150e73cd8
p:  513723.13529717346
5d476735f3ae1cb150e73cd9
p:  473909.51960960566
5d4767b3f3ae1cb150e73cda
p:  245654.99035972398
5d47680ff3ae1cb150e73cdc
p:  552601.2979669448
5d47681f7cbd66be4ae73cea
p:  233995.14946523018
5d476829cf1f554526e73cc9
p:  864558.0866563406
5d476956a9a609321ae73cae
p:  923711.7835804936
5d47696bee0e6b9fa9e73ca9
p:  226981.51169480546
5d476979f3ae1cb150e73cde
p:  212858.18658860202
5d476a59cf1f554526e73ccc
p:  582850.8545851494
5d476a7acf1f554526e73ccd
p:  886251.7436625663
5d476a84906723e79fe73ca8
p:  206857.11408427206
5d476a8bf3ae1cb150e73cdf
p:  786283.2347738929
5d476a90cf1f554526e73cce
p:  2244772.2891236804
5d476a9755e0c6deb3e73d05
p:  237938.0757245788
5d476ab0ae6ced45bbe73d33
p:  294169.8037976107
5d476b3eae6ced45bbe73d35
p:  981519.9437288237
5d476b47ae6ced45bbe73d36
p:  1377335.6145002306
5d476b4d769ddaf97be73ca8
p:  548827.5133943697
5d476b6ba9a609321ae73cb2
p:  1351723.766906399
5d476b9ea9a609321ae73cb3
p:  1431050.1409089784
5d476c09906723e79fe73cad
p:  419818.16425568564
5d476c13f3ae1cb150e73ce1
p:  207365.2803998707
5d476c1ea9a609321ae73cb4
p:  611531.5034911293
5d476c2b55e0c6deb3e73d08
p:  327684.8189406216
5d476c68ee0e6b9fa9e73cb1
p:  341685.574639946
5d476cc5a9a609321ae73cb6
p:  1276972.8724988862
5d476ccacf1f554526e73cd1
p:  843889.86068658
5d476cdb769ddaf97be73cb5
p:  290918.89780688833
5d476ce5ee0e6b9fa9e73cb4
p:  347972.45339741523
5d476d28769ddaf97be73cb7
p:  577767.0384378629
5d476d2dcf1f554526e73cd2
p:  691110.264227319
5d476d3dae6ced45bbe73d37
p:  467759.49109669693
5d476d62cf1f554526e73cd3
p:  1490506.4452346796
5d476d7dc1fd11f34ae73da1
p:  2110114.158849553
5d476d87c1fd11f34ae73da2
p:  1195788.151909825
5d476d99cf1f554526e73cd4
p:  677984.7829975006
5d476dd5c1fd11f34ae73da4
p:  554290.7630892717
5d476dfcc1fd11f34ae73da5
p:  2613477.254271156
5d476e00cf1f554526e73cd5
p:  735567.4729245636
5d476e1a8efc65c8bde73cad
p:  2613477.254271156
5d476e24c1fd11f34ae73da6
p:  1215203.0456851705
5d476e438efc65c8bde73cae
p:  1321586.1461960338
5d476e58c1fd11f34ae73da8
p:  1921845.4414843954
5d476e64c1fd11f34ae73da9
p:  913304.7048389318
5d476e6ec1fd11f34ae73daa
p:  1495967.906531088
5d476e79c1fd11f34ae73dab
p:  2171381.940653305
5d476e7ea9a609321ae73cba
p:  997193.7209806235
5d476e84c1fd11f34ae73dac
p:  1665337.8472304964
5d476e8cae6ced45bbe73d3a
p:  1346829.749302517
5d476e90c1fd11f34ae73dad
p:  475121.7961958344
5d476e94ff2d2b1894e73d00
p:  341444.9576943996
5d476eb5cf1f554526e73cd6
p:  1120917.3967068016
5d476ec2ae6ced45bbe73d3b
p:  588625.5991869844
5d476ef5cf1f554526e73cd7
p:  1302838.1989856786
5d476f1d7cbd66be4ae73cf4
p:  356557.2026065594
5d476f44c1fd11f34ae73db2
p:  1033836.8140944582
5d476f6ac1fd11f34ae73db3
p:  571828.4080657994
5d476f81a9a609321ae73cbb
p:  711272.563964868
5d476f91c1fd11f34ae73db4
p:  3062424.3869454097
5d476f9cf3ae1cb150e73ceb
p:  436031.9687095187
5d476fc6c1fd11f34ae73db6
p:  819340.457770939
5d476fc8a9a609321ae73cbc
p:  1948948.1667903918
5d476ff1a9a609321ae73cbe
p:  1974714.9742688045
5d477001a9a609321ae73cbf
p:  1302213.2157370453
5d477003ff2d2b1894e73d03
p:  484308.7803078527
5d47705f6b6b745670e73d2b
p:  1893292.9591892988
5d47705f906723e79fe73cb7
p:  264294.10556779196
5d47707fee0e6b9fa9e73cbd
p:  357631.66650288313
5d4770936b6b745670e73d2d
p:  772514.5517233445
5d4770a7ee0e6b9fa9e73cbe
p:  315871.58649657236
5d4770b6ff2d2b1894e73d04
p:  357523.77353555174
5d4770b8ae6ced45bbe73d3f
p:  977962.1484609358
5d4770cacf1f554526e73cda
p:  392759.7768013546
5d4770d555e0c6deb3e73d12
p:  712743.768239103
5d4770d5c1fd11f34ae73db8
p:  1677390.7961981595
5d4770e48efc65c8bde73caf
p:  1040281.7664281176
5d4770ee55e0c6deb3e73d13
p:  493342.3100238229
5d47710d906723e79fe73cb9
p:  392273.3443578407
5d477111c1fd11f34ae73db9
p:  922669.553052966
5d477142c1fd11f34ae73dba
p:  1094137.254205697
5d477142a9a609321ae73cc3
p:  954560.3904479092
5d477154ae6ced45bbe73d41
p:  386819.07512160705
5d47716ec1fd11f34ae73dbb
p:  2291948.020661217
5d4771788efc65c8bde73cb1
p:  578023.1693392717
5d477187769ddaf97be73cc1
p:  282498.61190730677
5d4771b255e0c6deb3e73d15
p:  303646.3173291146
5d4772188efc65c8bde73cb2
p:  2870355.620616339
5d47726fae6ced45bbe73d42
p:  532961.1631811629
5d477287906723e79fe73cba
p:  211228.56338752992
5d47728fc1fd11f34ae73dbd
p:  890586.0206720915
5d4772f9a9a609321ae73cc7
p:  1598685.668898406
5d4772f9ff2d2b1894e73d09
p:  381817.71065355034
5d4773aec1fd11f34ae73dc0
p:  2612045.404711621
5d4773c18efc65c8bde73cb6
p:  971041.1301972327
5d4773fb8efc65c8bde73cb8
p:  4936354.459585154
5d4774106b6b745670e73d34
p:  888528.7600318864
5d477459cf1f554526e73cdd
p:  741508.6781287573
5d4774858efc65c8bde73cba
p:  3121527.7695070533
5d4774a4ee0e6b9fa9e73cc4
p:  455545.82605198416
5d4774b58efc65c8bde73cbc
p:  933605.3467978971
5d4774ee8efc65c8bde73cbd
p:  1774275.221901869
5d477568ae6ced45bbe73d4b
p:  409449.6383685829
5d4775eb55e0c6deb3e73d20
p:  1273198.4363728254
5d4775f8cf1f554526e73ce3
p:  471315.77360024425
5d477634ae6ced45bbe73d4e
p:  598143.4683070367
5d47766855e0c6deb3e73d23
p:  502626.5717851592
5d477688ae6ced45bbe73d4f
p:  463168.1417713114
5d477695ee0e6b9fa9e73cc9
p:  239662.3323379826
5d4776a2ae6ced45bbe73d50
p:  451460.2457900266
5d4776aec1fd11f34ae73dc7
p:  684504.1248309072
5d4776ebcf1f554526e73ce4
p:  1968714.652569147
5d4776efff2d2b1894e73d11
p:  273989.3304195254
5d4776f7cf1f554526e73ce5
p:  798446.7100665213
5d477708cf1f554526e73ce6
p:  2396202.893700344
5d47772c8efc65c8bde73cbe
p:  2124979.618421171
5d4777a5a9a609321ae73ccb
p:  1341763.917810644
5d4777a7f3ae1cb150e73d01
p:  833860.746989074
5d4777c46b6b745670e73d3d
p:  3102812.4925002423
5d4777dbee0e6b9fa9e73ccc
p:  2070894.3506080746
5d47783cf3ae1cb150e73d02
p:  1665269.8655327554
5d47784c7cbd66be4ae73d0b
p:  157724.67833098385
5d47787f906723e79fe73cc7
p:  394658.5618857235
5d4778aa73c2e3a45fe73d1f
p:  477605.3010482242
5d4778b47cbd66be4ae73d0d
p:  353377.21181202796
5d4778c2ae6ced45bbe73d51
p:  471087.5829081859
5d4778deee0e6b9fa9e73ccf
p:  376899.338577591
5d4778e3cf1f554526e73cea
p:  334723.25434164645
5d4778fccf1f554526e73ceb
p:  1946739.822177187
5d477989ae6ced45bbe73d53
p:  640987.4021111734
5d477992c1fd11f34ae73dce
p:  519694.07717299834
5d47799573c2e3a45fe73d24
p:  583653.1970158122
5d4779a8c1fd11f34ae73dcf
p:  1223310.0141103468
5d4779bcf3ae1cb150e73d04
p:  1911176.2821395297
5d4779c073c2e3a45fe73d25
p:  743679.9490474947
5d4779c2c1fd11f34ae73dd0
p:  1550804.5232546916
5d4779e18efc65c8bde73cc6
p:  639609.9734180631
5d4779e673c2e3a45fe73d26
p:  614828.2078891268
5d477a03f3ae1cb150e73d05
p:  1821033.6473288266
5d477a1673c2e3a45fe73d27
p:  338524.6386198971
5d477a1755e0c6deb3e73d2d
p:  441439.7672395511
5d477a618efc65c8bde73cc8
p:  628738.7765357652
5d477a90ee0e6b9fa9e73cd1
p:  315871.58649657236
5d477aaa73c2e3a45fe73d2a
p:  649075.7931782117
5d477aaca9a609321ae73cd4
p:  509085.72607535205
5d477ad0f3ae1cb150e73d08
p:  2441264.0623200727
5d477af7f3ae1cb150e73d09
p:  4485397.115603037
5d477b32ae6ced45bbe73d56
p:  1704897.0808840673
5d477b3f73c2e3a45fe73d2d
p:  2051960.48067438
5d477ba073c2e3a45fe73d2f
p:  1356903.0077577266
5d477bb68efc65c8bde73cc9
p:  557732.3539119472
5d477bc9ee0e6b9fa9e73cd4
p:  447322.0500823193
5d477bf2ee0e6b9fa9e73cd5
p:  186829.66007843043
5d477c2fae6ced45bbe73d57
p:  437124.90724115365
5d477c69ae6ced45bbe73d59
p:  336397.29947884445
5d477c77f3ae1cb150e73d0f
p:  300736.1772407654
5d477c8e73c2e3a45fe73d34
p:  824387.0967949193
5d477c8eae6ced45bbe73d5b
p:  401617.68488321535
5d477c9bae6ced45bbe73d5c
p:  551935.8797222737
5d477cb3ae6ced45bbe73d5d
p:  475970.7558014167
5d477cbc73c2e3a45fe73d35
p:  1047222.282718101
5d477cbd7cbd66be4ae73d19
p:  342799.3076710221
5d477cc0ae6ced45bbe73d5e
p:  581120.534237996
5d477ce873c2e3a45fe73d36
p:  773862.7148612163
5d477cf9ee0e6b9fa9e73cd7
p:  153776.80012454386
5d477d25cf1f554526e73cf1
p:  728671.5099351535
5d477d41ae6ced45bbe73d64
p:  451785.6369628373
5d477d5e73c2e3a45fe73d38
p:  582991.028747133
5d477d61ff2d2b1894e73d20
p:  419734.1030042118
5d477d69f3ae1cb150e73d10
p:  697802.9843405674
5d477d6a906723e79fe73ccd
p:  283663.1505461194
5d477d7df3ae1cb150e73d11
p:  1510537.9389941413
5d477da7f3ae1cb150e73d12
p:  2493397.9057363155
5d477dbf73c2e3a45fe73d3a
p:  634345.6402101044
5d477dec73c2e3a45fe73d3b
p:  628161.6319066165
5d477e51ae6ced45bbe73d6f
p:  670996.5607612418
5d477e6cae6ced45bbe73d70
p:  667090.841317548
5d477e7aff2d2b1894e73d22
p:  315533.0556711715
5d477e7bae6ced45bbe73d71
p:  508337.03847764357
5d477e9f55e0c6deb3e73d33
p:  472513.3680572313
5d477eadae6ced45bbe73d74
p:  657408.4685177153
5d477ec6ae6ced45bbe73d75
p:  1806484.0457208063
5d477ed028725d25cfe73cd9
p:  182682.45516570765
5d477ede6b6b745670e73d52
p:  912939.7602748577
5d477f06ae6ced45bbe73d79
p:  612085.7985126344
5d477f2673c2e3a45fe73d42
p:  644355.4063847163
5d477f4e28725d25cfe73cdd
p:  499293.9710309452
5d477f62f3ae1cb150e73d14
p:  3612613.5441561835
5d477f7828725d25cfe73cde
p:  205504.2258872647
5d477f95c1fd11f34ae73dd8
p:  1664960.785978376
5d477fb7ae6ced45bbe73d7c
p:  434519.13598759973
5d477ff2f3ae1cb150e73d15
p:  1550016.8452568096
5d478004ae6ced45bbe73d7e
p:  404520.9953555126
5d4780178efc65c8bde73cd5
p:  829444.8167326464
5d47804673c2e3a45fe73d48
p:  303551.7164867257
5d478056ae6ced45bbe73d81
p:  443920.5785092741
5d47807855e0c6deb3e73d38
p:  207045.67018307588
5d4780ab7cbd66be4ae73d22
p:  199555.85510764705
5d4780b1ae6ced45bbe73d86
p:  924436.954206816
5d4780da55e0c6deb3e73d3a
p:  413969.12487598305
5d47811bee0e6b9fa9e73cdd
p:  597226.7223588827
5d47813255e0c6deb3e73d3b
p:  664245.5670937009
5d478132f3ae1cb150e73d18
p:  2033761.729717579
5d47813873c2e3a45fe73d4d
p:  340680.20089655486
5d4781a7a9a609321ae73ce5
p:  1299292.0914316867
5d4781b473c2e3a45fe73d50
p:  566327.0576459379
5d4781d5a9a609321ae73ce6
p:  629352.2420276497
5d4781e973c2e3a45fe73d51
p:  327017.47381722525
5d4781f7ae6ced45bbe73d94
p:  1906366.2480979748
5d478203a9a609321ae73ce7
p:  1559191.0086954916
5d478223ae6ced45bbe73d98
p:  481197.6020659248
5d47826b73c2e3a45fe73d54
p:  345466.0844387576
5d478298ae6ced45bbe73da1
p:  291889.70133169636
5d4782a273c2e3a45fe73d55
p:  343378.35663017666
5d4782c328725d25cfe73ce5
p:  321520.9468102399
5d4782c66b6b745670e73d59
p:  1657718.7663234668
5d4782eeae6ced45bbe73da4
p:  468673.77771139255
5d4782f773c2e3a45fe73d57
p:  409380.55927367666
5d47835673c2e3a45fe73d59
p:  340011.8618500009
5d4783caf3ae1cb150e73d1a
p:  713167.3430203262
5d4783d87cbd66be4ae73d25
p:  402781.80716367415
5d4783d873c2e3a45fe73d5c
p:  628331.5216047375
5d4783ecae6ced45bbe73daf
p:  648999.7877951855
5d47840af3ae1cb150e73d1b
p:  3168014.7543362156
5d47841b7cbd66be4ae73d28
p:  528076.4334483261
5d47845d28725d25cfe73ce6
p:  363768.83405226865
5d47848d07359042e5e73d35
p:  929866.3488853995
5d4784c173c2e3a45fe73d61
p:  652013.0151830583
5d47851c73c2e3a45fe73d63
p:  436977.5516692492
5d47851f8efc65c8bde73cd6
p:  1936630.7472586613
5d47853b8efc65c8bde73cd7
p:  1507796.6330759672
5d47853b7cbd66be4ae73d30
p:  197059.66365827894
5d47853ef3ae1cb150e73d1e
p:  462056.8202776671
5d4785a673c2e3a45fe73d66
p:  570133.864944576
5d4785f507359042e5e73d36
p:  794071.59669215
5d478608ee0e6b9fa9e73ceb
p:  327808.00594998954
5d47861d8efc65c8bde73cdb
p:  1634031.2960408
5d47866073c2e3a45fe73d6a
p:  627550.586147212
5d47867d906723e79fe73ce3
p:  402569.2544036343
5d478693ae6ced45bbe73dcd
p:  493519.85913879727
5d4786baae6ced45bbe73dce
p:  451460.2457900266
5d47873573c2e3a45fe73d6f
p:  411948.27917993837
5d47876373c2e3a45fe73d70
p:  400612.5931194623
5d478769f3ae1cb150e73d23
p:  1036239.4219450466
5d47878b55e0c6deb3e73d41
p:  542195.0222584462
5d4787a8cf1f554526e73d0a
p:  2034254.6661296077
5d4787ca73c2e3a45fe73d72
p:  502538.63127114915
5d47883d769ddaf97be73cf5
p:  528100.6280167153
5d478883f3ae1cb150e73d25
p:  913129.1796880246
5d47888adc800e0821e73cf7
p:  439728.81017340894
5d47889b55e0c6deb3e73d46
p:  465942.1896794271
5d4788afdc800e0821e73cf8
p:  325105.59537626535
5d4788c873c2e3a45fe73d78
p:  776344.5841414654
5d47890adc800e0821e73cfa
p:  326094.44886298594
5d47892273c2e3a45fe73d7a
p:  723868.8588655383
5d4789c873c2e3a45fe73d7e
p:  436254.0477785185
5d4789e907359042e5e73d41
p:  562504.6953335651
5d4789e98efc65c8bde73ce8
p:  2689037.203943279
5d4789ef73c2e3a45fe73d7f
p:  427867.77701537835
5d4789f028725d25cfe73cec
p:  422818.9167416677
5d4789f58efc65c8bde73ce9
p:  1016876.7309632413
5d478a7d28725d25cfe73cee
p:  258862.00035174354
5d478aa2f3ae1cb150e73d2b
p:  3899176.2053854386
5d478ac4dc800e0821e73cfc
p:  465966.2405860409
5d478ae0dc800e0821e73cfd
p:  693718.2072931803
5d478afd73c2e3a45fe73d85
p:  347441.2113821567
5d478b3055e0c6deb3e73d4a
p:  270948.5069436276
5d478b3928725d25cfe73cf0
p:  466930.9408329293
5d478b788efc65c8bde73cfb
p:  738095.8116710393
5d478b82a9a609321ae73cfb
p:  4892772.5726076495
5d478b85f3ae1cb150e73d2c
p:  2300039.648264951
5d478bb5cf1f554526e73d16
p:  1223559.91312843
5d478be0906723e79fe73cf3
p:  1882137.243204739
5d478bf28efc65c8bde73cfd
p:  5209361.003983225
5d478c1973c2e3a45fe73d8b
p:  421155.38068250695
5d478c5a55e0c6deb3e73d4b
p:  341678.92349560885
5d478c6c55e0c6deb3e73d4c
p:  501696.72100637574
5d478c8f6c242c1455e73cd4
p:  251521.73602280626
5d478ca1f3ae1cb150e73d2f
p:  1281233.2919993917
5d478ceccf1f554526e73d17
p:  500768.54364246817
5d478cfa8efc65c8bde73d07
p:  5698134.327759253
5d478d14769ddaf97be73cf9
p:  214078.08838925604
5d478d24cf1f554526e73d19
p:  756030.2037792268
5d478d418efc65c8bde73d0c
p:  1337685.5007853769
5d478d71cf1f554526e73d1a
p:  491746.6024791936
5d478d8573c2e3a45fe73d93
p:  586934.224423712
5d478da78efc65c8bde73d0f
p:  2299328.6717637274
5d478dcfff2d2b1894e73d40
p:  1459695.35576683
5d478dd028725d25cfe73cf4
p:  257346.49244678265
5d478df807359042e5e73d52
p:  1772697.6079498809
5d478e03ff2d2b1894e73d41
p:  1122496.1441185232
5d478e2aff2d2b1894e73d42
p:  1111075.1286238935
5d478e3d55e0c6deb3e73d55
p:  462875.28995892056
5d478e42ff2d2b1894e73d43
p:  1751900.2968448596
5d478e5228725d25cfe73cf6
p:  357950.2091520003
5d478e64cf1f554526e73d1d
p:  491054.74882149603
5d478e68769ddaf97be73cfb
p:  983734.507385879
5d478e7973c2e3a45fe73d98
p:  341945.4561161514
5d478e7b6c242c1455e73cda
p:  903117.330674972
5d478e9728725d25cfe73cf7
p:  204833.3361231185
5d478ec9cf1f554526e73d1f
p:  1563654.9565554955
5d478eccff2d2b1894e73d44
p:  2293745.5771675175
5d478eef769ddaf97be73cfd
p:  266256.2871447835
5d478ef0c1fd11f34ae73dff
p:  1071763.7782777292
5d478f0dc1fd11f34ae73e01
p:  1627391.3340386448
5d478f116c242c1455e73cdb
p:  991326.1117094599
5d478f17c1fd11f34ae73e02
p:  776679.4325138747
5d478f2b8efc65c8bde73d1f
p:  813127.220276236
5d478f3cc1fd11f34ae73e03
p:  425997.90023411246
5d478f60c1fd11f34ae73e04
p:  2930959.340104649
5d478f726b6b745670e73d75
p:  2196392.9850050104
5d478f818efc65c8bde73d22
p:  3426149.7951618447
5d478fa2ff2d2b1894e73d45
p:  939190.9951233142
5d478fbac1fd11f34ae73e07
p:  1086880.7024881626
5d478fe1ff2d2b1894e73d47
p:  1695636.3838327306
5d478fe2c1fd11f34ae73e08
p:  973359.3178076694
5d478ff0c1fd11f34ae73e09
p:  1428086.0360777169
5d479008cf1f554526e73d22
p:  2498650.83339087
5d479027c1fd11f34ae73e0e
p:  416821.2546667397
5d479031c1fd11f34ae73e0f
p:  986701.2396926071
5d479092a9a609321ae73d05
p:  1894809.665658161
5d479093f3ae1cb150e73d36
p:  482677.8400920926
5d4790a0c1fd11f34ae73e14
p:  701830.4416977494
5d4790a9c1fd11f34ae73e15
p:  1314117.0711395296
5d4790b6c1fd11f34ae73e16
p:  875132.4814663379
5d4790c2cf1f554526e73d23
p:  1461563.7814033073
5d4790c9c1fd11f34ae73e18
p:  658634.1533952607
5d4790cf55e0c6deb3e73d5b
p:  712252.4158102153
5d4790eaf3ae1cb150e73d39
p:  3403993.298169867
5d47911a55e0c6deb3e73d5d
p:  204386.46330040763
5d47914773c2e3a45fe73da4
p:  330328.5259722932
5d479176cf1f554526e73d25
p:  866462.5842066004
5d4791c0ff2d2b1894e73d4b
p:  911462.6036453985
5d4791f0cf1f554526e73d26
p:  707445.8538989171
5d479204c1fd11f34ae73e1c
p:  1189049.6037199982
5d47920628725d25cfe73cfc
p:  682273.0712915136
5d479244cf1f554526e73d27
p:  1567618.361651706
5d47926207359042e5e73d5f
p:  1431538.2093963735
5d47929fff2d2b1894e73d4d
p:  2260780.969691837
5d4792da6c242c1455e73ce2
p:  729864.7046660582
5d4792e6ff2d2b1894e73d4e
p:  1803828.9790769888
5d4792e755e0c6deb3e73d69
p:  334530.04324155464
5d4792fe769ddaf97be73d00
p:  404775.4865545857
5d4793006c242c1455e73ce3
p:  488634.8925060661
5d47930ecf1f554526e73d28
p:  491054.74882149603
5d47931255e0c6deb3e73d6a
p:  589548.264785823
5d4793468efc65c8bde73d4c
p:  6041736.939218938
5d479350cf1f554526e73d29
p:  3890937.039133746
5d4793518efc65c8bde73d4d
p:  3108540.450594498
5d479358ff2d2b1894e73d4f
p:  1778849.0158731444
5d479388f3ae1cb150e73d3b
p:  1115024.766279615
5d4793a2cf1f554526e73d2a
p:  1435648.3619071955
5d4793a8906723e79fe73d03
p:  406975.01136759203
5d4793bdff2d2b1894e73d51
p:  1247368.445445217
5d4793d26c242c1455e73ce5
p:  492399.22281955864
5d4793f055e0c6deb3e73d6e
p:  312607.6693002462
5d4793fc906723e79fe73d04
p:  863991.6471865717
5d4793fef3ae1cb150e73d3c
p:  540101.2514181114
5d479417906723e79fe73d05
p:  613520.9443261798
5d479438769ddaf97be73d02
p:  684355.9708756895
5d47943e55e0c6deb3e73d6f
p:  822994.0693127846
5d47945f8efc65c8bde73d5d
p:  3681147.342153367
5d4794617cbd66be4ae73d47
p:  158166.08361200217
5d479484ff2d2b1894e73d52
p:  1503937.1475519398
5d4794ad906723e79fe73d06
p:  690416.3491089
5d4794beff2d2b1894e73d53
p:  2791981.8943892578
5d4794d5c1fd11f34ae73e1f
p:  807310.1180251283
5d4794ffcf1f554526e73d2d
p:  1142093.972098207
5d47950a55e0c6deb3e73d70
p:  504624.81359420245
5d47952173c2e3a45fe73db7
p:  1045189.0899975941
5d4795968efc65c8bde73d65
p:  3659640.851397663
5d4795bac1fd11f34ae73e21
p:  673984.519235305
5d4795c7dc800e0821e73d17
p:  566302.4975261698
5d4795c7f3ae1cb150e73d3e
p:  674693.1239380897
5d4795c9cf1f554526e73d31
p:  2779754.0907460013
5d4795d5c1fd11f34ae73e22
p:  1740115.8515515407
5d4795f3cf1f554526e73d32
p:  1267750.2024799362
5d47969b8efc65c8bde73d70
p:  2426820.7944957865
5d4796c973c2e3a45fe73dbf
p:  694974.3231880604
5d4796cacf1f554526e73d33
p:  801429.9428166598
5d4796d0dc800e0821e73d19
p:  256239.15378474485
5d47970ecf1f554526e73d35
p:  565314.5043509398
5d47976173c2e3a45fe73dc2
p:  1070542.7952734933
5d4797a073c2e3a45fe73dc3
p:  659422.436453796
5d4797cc73c2e3a45fe73dc4
p:  1089642.278288437
5d4797d2c1fd11f34ae73e25
p:  694497.8576103388
5d4797e7c1fd11f34ae73e26
p:  1130273.6997057218
5d4797f3c1fd11f34ae73e27
p:  753529.316173115
5d47981b906723e79fe73d0e
p:  527838.1897754543
5d47982828725d25cfe73d04
p:  507454.7555927779
5d4798356b6b745670e73d8f
p:  3568327.9203259796
5d47986373c2e3a45fe73dc7
p:  1362179.4890414972
5d4798666b6b745670e73d92
p:  1079660.2719768798
5d4798876c242c1455e73cec
p:  794931.7682428044
5d4798abff2d2b1894e73d57
p:  1385626.0507189946
5d4798e8dc800e0821e73d1d
p:  459120.3651321313
5d47990b3e5210a6f6e73d7a
p:  261042.21070239652
5d47990e8efc65c8bde73d85
p:  1952507.344854294
5d4799186b6b745670e73d9b
p:  655639.5077697305
5d47996173c2e3a45fe73dcc
p:  1056767.708656337
5d4799b9c1fd11f34ae73e2b
p:  1197571.2487630518
5d4799dfc1fd11f34ae73e2c
p:  1070910.6638526188
5d479a1dc1fd11f34ae73e2e
p:  738340.9778778574
5d479a3073c2e3a45fe73dd0
p:  577267.2649775594
5d479a353e5210a6f6e73d7f
p:  1185037.416159198
5d479a3ccf1f554526e73d38
p:  1437076.587094303
5d479a5b3e5210a6f6e73d80
p:  1930689.0170337805
5d479aa5cf1f554526e73d3a
p:  1417973.8082201672
5d479abbdc800e0821e73d22
p:  351405.2642823799
5d479aca73c2e3a45fe73dd3
p:  548198.6453873755
5d479b24c1fd11f34ae73e33
p:  685873.4389254511
5d479b25cf1f554526e73d3b
p:  1055962.4679190505
5d479b25906723e79fe73d0f
p:  677748.4501537648
5d479b4fee0e6b9fa9e73d0b
p:  305809.07906768436
5d479b8c73c2e3a45fe73dd7
p:  622648.2772073338
5d479b8eff2d2b1894e73d5d
p:  1286677.7183350655
5d479bbb769ddaf97be73d0e
p:  633837.4173997956
5d479bbe73c2e3a45fe73dd8
p:  742059.7158178382
5d479bec769ddaf97be73d0f
p:  1525654.4129598374
5d479bf6c1fd11f34ae73e37
p:  1110875.096717837
5d479c46f3ae1cb150e73d4b
p:  1457132.9469187302
5d479c5c07359042e5e73d75
p:  228113.32726247283
5d479d6707359042e5e73d77
p:  274346.0116370034
5d479d736c242c1455e73cf1
p:  373775.1753795942
5d479d8507359042e5e73d78
p:  579325.1895487913
5d479d91f3ae1cb150e73d53
p:  1165739.4314165832
5d479da83e5210a6f6e73d87
p:  595468.1695654077
5d479db8f3ae1cb150e73d54
p:  1178174.4526460478
5d479dcadc800e0821e73d27
p:  535285.1000496179
5d479de4f3ae1cb150e73d55
p:  1548933.223170959
5d479e1fdc800e0821e73d29
p:  1044191.837882006
5d479e2507359042e5e73d7a
p:  495594.10054839414
5d479e603e5210a6f6e73d89
p:  802638.6433084086
5d479ebdcf1f554526e73d42
p:  1928035.3259497865
5d479ecf769ddaf97be73d17
p:  227524.86560034083
5d479eebc1fd11f34ae73e3f
p:  1005612.1053146438
5d479f04dc800e0821e73d2e
p:  1052196.002634605
5d479f058efc65c8bde73da0
p:  1071744.7155986235
5d479f07f3ae1cb150e73d5c
p:  4107845.566199612
5d479f393e5210a6f6e73d8a
p:  708768.8973846113
5d479fd107359042e5e73d7e
p:  308424.92804536
5d47a0a8cf1f554526e73d44
p:  2113871.2346826913
5d47a0af55e0c6deb3e73d83
p:  656217.31254662
5d47a0b9dc800e0821e73d38
p:  548048.0374507719
5d47a102769ddaf97be73d1b
p:  873222.4739015219
5d47a134c1fd11f34ae73e44
p:  971909.1438661921
5d47a135769ddaf97be73d1c
p:  373674.4571057742
5d47a153cf1f554526e73d46
p:  3322930.4313408597
5d47a1c18efc65c8bde73da7
p:  206007.71161780288
5d47a23b906723e79fe73d22
p:  527838.1897754543
5d47a24b8efc65c8bde73da8
p:  455878.7212936181
5d47a259769ddaf97be73d1e
p:  1369554.7169686058
5d47a2678efc65c8bde73da9
p:  748656.8395774238
5d47a2b0cf1f554526e73d4a
p:  2725864.3297251784
5d47a2fdee0e6b9fa9e73d1b
p:  209088.02846981018
5d47a317ee0e6b9fa9e73d1c
p:  378732.3172337969
5d47a363ff2d2b1894e73d72
p:  1183044.8771832548
5d47a371c1fd11f34ae73e47
p:  657834.440469323
5d47a388c1fd11f34ae73e48
p:  1676278.078962561
5d47a3a1c1fd11f34ae73e49
p:  525582.4633730429
5d47a3ba3e5210a6f6e73d94
p:  558456.4192249838
5d47a405c1fd11f34ae73e4b
p:  588427.2288848707
5d47a42907359042e5e73d83
p:  425625.14192380547
5d47a448ee0e6b9fa9e73d1f
p:  628417.8083616458
5d47a49fc1fd11f34ae73e4c
p:  813835.2006457105
5d47a4a37cbd66be4ae73d61
p:  474484.0692070604
5d47a4b07cbd66be4ae73d62
p:  208374.11473120464
5d47a4e6c1fd11f34ae73e4d
p:  1011135.5463690676
5d47a4ee7cbd66be4ae73d64
p:  563029.0090700439
5d47a567c1fd11f34ae73e4f
p:  1400584.0061304327
5d47a5a3c1fd11f34ae73e50
p:  818545.3727266497
5d47a622c1fd11f34ae73e51
p:  1614836.4823723722
5d47a6c0ae6ced45bbe73e31
p:  387081.7992343959
5d47a6d58efc65c8bde73db4
p:  861452.2843277259
5d47a6d83e5210a6f6e73d9a
p:  555914.1394023779
5d47a701ee0e6b9fa9e73d25
p:  520509.91385709064
5d47a702cf1f554526e73d52
p:  2337578.9337375797
5d47a71ccf1f554526e73d53
p:  1488522.0815241449
5d47a7298efc65c8bde73db6
p:  1370555.9636930372
5d47a746c1fd11f34ae73e54
p:  1211652.393343613
5d47a79dff2d2b1894e73d7e
p:  244628.67926280195
5d47a8767cbd66be4ae73d6b
p:  630204.5643140728
5d47a8fc07359042e5e73d88
p:  243387.69909699023
5d47a904769ddaf97be73d29
p:  225277.32355316635
5d47a92e8efc65c8bde73db9
p:  540244.28645339
5d47a95b55e0c6deb3e73d94
p:  219242.9086716175
5d47a97d55e0c6deb3e73d95
p:  470866.00335657666
5d47a9aeee0e6b9fa9e73d2b
p:  385736.10772509495
5d47a9bcc1fd11f34ae73e57
p:  2266143.959405404
5d47a9d3ee0e6b9fa9e73d2c
p:  280520.91808844067
5d47a9ec07359042e5e73d8b
p:  217967.5716332136
5d47aa02ee0e6b9fa9e73d2d
p:  452561.1921752896
5d47aa7bff2d2b1894e73d82
p:  672456.2017736186
5d47aa89ee0e6b9fa9e73d30
p:  689867.6964184161
5d47aa9c07359042e5e73d8d
p:  250638.51011498988
5d47aae3c1fd11f34ae73e5a
p:  783151.1671438427
5d47ab5328725d25cfe73d28
p:  1784317.655866881
5d47ab6273c2e3a45fe73e27
p:  980258.0533801264
5d47abac28725d25cfe73d29
p:  280603.19830270327
5d47ac1c906723e79fe73d3d
p:  261180.06151063574
5d47ac24c1fd11f34ae73e5c
p:  1722948.626526208
5d47ac47ff2d2b1894e73d88
p:  240032.40276828344
5d47ac707cbd66be4ae73d6d
p:  512223.5920134669
5d47acaf8efc65c8bde73dc1
p:  448839.619542754
5d47acb4ff2d2b1894e73d8a
p:  376252.5319500102
5d47acd0ee0e6b9fa9e73d39
p:  303403.39185617096
5d47acdf55e0c6deb3e73d9a
p:  493216.0972536558
5d47ace8769ddaf97be73d2e
p:  290317.31779925287
5d47ad0755e0c6deb3e73d9b
p:  553567.376020696
5d47ad35906723e79fe73d3e
p:  782589.4525582187
5d47ad54ee0e6b9fa9e73d3a
p:  209088.02846981018
5d47ad77ee0e6b9fa9e73d3b
p:  472191.1519630434
5d47adb728725d25cfe73d2b
p:  581659.1841265963
5d47adb77cbd66be4ae73d72
p:  439242.01634412137
5d47adc96c242c1455e73d24
p:  682969.4155146796
5d47ade355e0c6deb3e73d9c
p:  480135.9576015997
5d47adfd906723e79fe73d41
p:  592129.1129796021
5d47ae3f769ddaf97be73d33
p:  403499.3594285643
5d47ae5eee0e6b9fa9e73d3c
p:  257220.48119521354
5d47aef0769ddaf97be73d34
p:  878958.2197564042
5d47af037cbd66be4ae73d77
p:  420634.088185981
5d47af2155e0c6deb3e73d9f
p:  336617.4855087823
5d47af8ac1fd11f34ae73e5e
p:  854711.1923556703
5d47af99ee0e6b9fa9e73d3f
p:  213865.9257924503
5d47b0138efc65c8bde73dca
p:  850079.1159668595
5d47b032ee0e6b9fa9e73d41
p:  254376.37856493122
5d47b0d155e0c6deb3e73da1
p:  639900.3571947974
5d47b0e5906723e79fe73d42
p:  279813.49826593633
5d47b0fc7cbd66be4ae73d7a
p:  619530.7803168483
5d47b0fe73c2e3a45fe73e3c
p:  279813.49826593633
5d47b11d28725d25cfe73d30
p:  618402.5311381252
5d47b12155e0c6deb3e73da2
p:  494538.198162713
5d47b16655e0c6deb3e73da3
p:  235253.71555488755
5d47b181f3ae1cb150e73d95
p:  1794402.0178982918
5d47b184c1fd11f34ae73e62
p:  789783.6375243824
5d47b1d57cbd66be4ae73d7c
p:  551138.3408834548
5d47b1e728725d25cfe73d33
p:  211327.0180150611
5d47b208ee0e6b9fa9e73d45
p:  244337.63054290833
5d47b219769ddaf97be73d39
p:  153034.60029570403
5d47b26455e0c6deb3e73da4
p:  230874.0814710562
5d47b2867cbd66be4ae73d7d
p:  543794.1415818701
5d47b28b3e5210a6f6e73db4
p:  501510.7922506089
5d47b2a255e0c6deb3e73da6
p:  665169.3343125277
5d47b2b7ee0e6b9fa9e73d46
p:  540816.523858781
5d47b2f2ee0e6b9fa9e73d48
p:  209501.16255196655
5d47b330ee0e6b9fa9e73d4a
p:  772809.2062374498
5d47b37873c2e3a45fe73e3e
p:  271547.91935301956
5d47b38fee0e6b9fa9e73d4c
p:  639395.1502347075
5d47b39628725d25cfe73d35
p:  226688.4664695859
5d47b3b5ee0e6b9fa9e73d4d
p:  311149.1941311926
5d47b3c855e0c6deb3e73da7
p:  547649.1922715753
5d47b3cfee0e6b9fa9e73d4e
p:  348162.73111446714
5d47b3edc1fd11f34ae73e6a
p:  3444545.8318679174
5d47b3f3ee0e6b9fa9e73d4f
p:  375363.4064205487
5d47b40bee0e6b9fa9e73d50
p:  244337.63054290833
5d47b40e55e0c6deb3e73da8
p:  297575.4937785922
5d47b43bee0e6b9fa9e73d52
p:  594310.9729223328
5d47b465769ddaf97be73d40
p:  1122692.9134872607
5d47b47cee0e6b9fa9e73d54
p:  244337.63054290833
5d47b4b1906723e79fe73d45
p:  1326565.427908176
5d47b4ba769ddaf97be73d42
p:  265024.9763795201
5d47b4e9906723e79fe73d46
p:  1181538.2524161949
5d47b51328725d25cfe73d37
p:  202219.56975508214
5d47b51673c2e3a45fe73e43
p:  202219.56975508214
5d47b52bee0e6b9fa9e73d55
p:  284860.7756934286
5d47b52e6b6b745670e73dd1
p:  1986449.0125644105
5d47b54b55e0c6deb3e73dab
p:  475994.678774621
5d47b5c273c2e3a45fe73e45
p:  451381.72812694893
5d47b5cdff2d2b1894e73d92
p:  450924.5262442139
5d47b5ecff2d2b1894e73d93
p:  443831.4209119176
5d47b5f673c2e3a45fe73e46
p:  574552.1338026007
5d47b64a55e0c6deb3e73dad
p:  453487.86840761197
5d47b650906723e79fe73d4a
p:  260630.0784888051
5d47b66bff2d2b1894e73d94
p:  570414.7598872681
5d47b674906723e79fe73d4b
p:  433016.12713791383
5d47b689cf1f554526e73d78
p:  1275811.68426453
5d47b694ee0e6b9fa9e73d5a
p:  433016.12713791383
5d47b6ac3e5210a6f6e73dbc
p:  840662.8424929278
5d47b6b1ee0e6b9fa9e73d5b
p:  314041.9857830014
5d47b6ceae6ced45bbe73e53
p:  314041.9857830014
5d47b70d769ddaf97be73d47
p:  1245976.7120380937
5d47b72ac1fd11f34ae73e6e
p:  1957042.8141340083
5d47b75bcf1f554526e73d7a
p:  3793420.466680458
5d47b760ff2d2b1894e73d95
p:  254082.36698344687
5d47b81855e0c6deb3e73db3
p:  446209.76340514526
5d47b89973c2e3a45fe73e4c
p:  1440261.4662400777
5d47b8b57cbd66be4ae73d87
p:  948142.644498832
5d47b8d728725d25cfe73d3f
p:  524195.53012831847
5d47b9db6c242c1455e73d33
p:  1612618.2448354107
5d47ba0b73c2e3a45fe73e52
p:  248920.5553786963
5d47ba1528725d25cfe73d41
p:  244337.63054290833
5d47ba95c1fd11f34ae73e76
p:  1437854.2775026173
5d47bad128725d25cfe73d43
p:  310991.6635303772
5d47bada28725d25cfe73d44
p:  267182.79910433246
5d47bb63ff2d2b1894e73d9b
p:  473492.1368801208
5d47bbb3ff2d2b1894e73d9c
p:  463209.1189516069
5d47bc30c1fd11f34ae73e77
p:  747507.1030919673
5d47bc8c769ddaf97be73d52
p:  1068570.668540933
5d47bcc17cbd66be4ae73d8c
p:  209287.52159068803
5d47bd01ff2d2b1894e73da0
p:  657414.7054737443
5d47bd33906723e79fe73d56
p:  601908.178532376
5d47bd39ee0e6b9fa9e73d6b
p:  601908.178532376
5d47bd5dae6ced45bbe73e5b
p:  601908.178532376
5d47bd6dee0e6b9fa9e73d6c
p:  547221.8669389072
5d47bd8b73c2e3a45fe73e5b
p:  648590.885618082
5d47bdabf3ae1cb150e73dab
p:  2200009.465451115
5d47bdac906723e79fe73d57
p:  547221.8669389072
5d47be81906723e79fe73d5b
p:  250487.50765258973
5d47bec58efc65c8bde73df0
p:  1045727.8701491294
5d47bec9ae6ced45bbe73e5e
p:  418511.177438217
5d47beefc1fd11f34ae73e7d
p:  1077470.9661217378
5d47bf2fae6ced45bbe73e5f
p:  551828.9574853681
5d47bf87ae6ced45bbe73e60
p:  303403.39185617096
5d47bfe4cf1f554526e73d85
p:  1941318.3694368948
5d47bfe5ee0e6b9fa9e73d6f
p:  303403.39185617096
5d47bff4906723e79fe73d5c
p:  1714077.6045382144
5d47c01628725d25cfe73d50
p:  1714077.6045382144
5d47c01fae6ced45bbe73e62
p:  1714077.6045382144
5d47c043ee0e6b9fa9e73d70
p:  1714077.6045382144
5d47c07fcf1f554526e73d87
p:  1570570.9172215667
5d47c08173c2e3a45fe73e5f
p:  303403.39185617096
5d47c1367cbd66be4ae73d93
p:  219969.70554742374
5d47c196906723e79fe73d61
p:  244337.63054290833
5d47c2b4906723e79fe73d64
p:  308672.4931198014
5d47c40c8efc65c8bde73df9
p:  893955.4708019976
5d47c45e906723e79fe73d71
p:  1148087.1995938027
5d47c465cf1f554526e73d8b
p:  1507139.1080149552
5d47c4a67cbd66be4ae73d9a
p:  376627.840745505
5d47c4bbc1fd11f34ae73e8c
p:  2825924.593549746
5d47c53b906723e79fe73d76
p:  240744.47941206736
5d47c53f28725d25cfe73d5b
p:  240744.47941206736
5d47c53f73c2e3a45fe73e64
p:  378732.3172337969
5d47c545ee0e6b9fa9e73d78
p:  240744.47941206736
5d47c54aae6ced45bbe73e6c
p:  240744.47941206736
5d47c632906723e79fe73d7d
p:  943789.8751982942
5d47c64f906723e79fe73d7e
p:  208374.11473120464
5d47c663cf1f554526e73d8f
p:  672760.3934468866
5d47c696cf1f554526e73d90
p:  2525606.796970683
5d47c6c1c1fd11f34ae73e93
p:  477008.31490728725
5d47c6c2cf1f554526e73d91
p:  2768436.8098789463
5d47c6ddc1fd11f34ae73e94
p:  707040.987227537
5d47c80128725d25cfe73d5f
p:  1715223.546356884
5d47c835ae6ced45bbe73e74
p:  1715223.546356884
5d47c852906723e79fe73d8f
p:  2501242.8084932743
5d47c8f5906723e79fe73d95
p:  881487.7378757864
5d47c90ec1fd11f34ae73e96
p:  671721.8449677808
5d47ca4b906723e79fe73da2
p:  250382.4488748871
5d47ca5ccf1f554526e73d99
p:  1580168.2894157083
5d47caac906723e79fe73da5
p:  413479.32265910605
5d47cb85cf1f554526e73d9d
p:  1047015.92899884
5d47cb94769ddaf97be73d79
p:  403895.1283102268
5d47cd2e28725d25cfe73d6e
p:  415795.5491220101
5d47cd46ee0e6b9fa9e73d8a
p:  415795.5491220101
5d47cd77ee0e6b9fa9e73d8b
p:  884100.5378419205
5d47cd80c1fd11f34ae73e9e
p:  1531173.652455831
5d47ce7bc1fd11f34ae73ea7
p:  472987.8351408731
5d47ceb27cbd66be4ae73db4
p:  743465.7705177015
5d47cf49cf1f554526e73da1
p:  578599.9234123584
5d47cf5ccf1f554526e73da2
p:  804652.699087783
5d47cf6373c2e3a45fe73e79
p:  804652.699087783
5d47cfc3f3ae1cb150e73dc1
p:  3514902.2307048603
5d47d0377cbd66be4ae73db6
p:  448939.0774054711
5d47d1a67cbd66be4ae73dbb
p:  261180.06151063574
5d47d30af3ae1cb150e73dcb
p:  307636.77554301976
5d47d3a93e5210a6f6e73dfc
p:  744021.3937348309
5d47d3b2c1fd11f34ae73eb8
p:  1385093.8022540854
5d47d3d4c1fd11f34ae73eba
p:  815925.7052660403
5d47d41fc1fd11f34ae73ebe
p:  1752073.4915253734
5d47d7e3c1fd11f34ae73ecb
p:  1465469.48532022
5d47d84bc1fd11f34ae73ecd
p:  3449838.757413227
5d47d934c1fd11f34ae73ed1
p:  1153653.4156964764
5d47d95bc1fd11f34ae73ed2
p:  2896188.0051968913
5d47da3ec1fd11f34ae73ed7
p:  726437.2733785947
5d47db32c1fd11f34ae73edb
p:  1579773.3247320147
5d47ded1c1fd11f34ae73ee3
p:  846515.9855820637
5d47defdc1fd11f34ae73ee4
p:  1673131.9341474394
5d47e054c1fd11f34ae73ee6
p:  778209.0938990565
5d47e247769ddaf97be73da6
p:  1136417.533567218
5d47e4b9c1fd11f34ae73ef1
p:  630014.6053970475
5d47e558c1fd11f34ae73efa
p:  1021622.6207076118
5d47e6e0c1fd11f34ae73f08
p:  775369.5789927219
5d47e7d4c1fd11f34ae73f0d
p:  1405768.7217434307
5d47eabbc1fd11f34ae73f14
p:  1134333.3929516277
5d47f18bc1fd11f34ae73f22
p:  1020576.0795359997
5d47f8dfc1fd11f34ae73f35
p:  1411968.5740195268
5d47fabac1fd11f34ae73f3d
p:  468660.9828726006
5d47fb04c1fd11f34ae73f3f
p:  826433.264833761
5d47fce2c1fd11f34ae73f4b
p:  813195.3134489034
5d4800b7c1fd11f34ae73f65
p:  1998131.758986857
For ['Hartford']#################################################################
train score for random_forest: 0.9518418757974508
test score for random_forest: 0.7453397179106169
The mean absolute error is:$ 58688.46306503214
r_Score: 0.7806656171058434
Voting Regressor (in): 0.9638160825191582
Voting Regressor: 0.7806656171058434
5d1bd8bc7e6c493d59458840
p:  221331.38924957934
5d29d313199bf96b6045adca
p:  129121.69406074806
5d38f33f02947826d9b03ce7
p:  241153.33164152657
5d467c89cf1f554526e73a86
p:  154129.13982586557
5d467cc86c242c1455e73a86
p:  431586.66148722975
5d467ce1cf1f554526e73a88
p:  267052.44035459944
5d467ce76c242c1455e73a87
p:  382176.12411945494
5d467cfdff2d2b1894e73a86
p:  117143.17880187856
5d467d1e906723e79fe73a87
p:  296416.5690081613
5d467d4d906723e79fe73a8b
p:  260322.42989558954
5d467d6f73c2e3a45fe73a85
p:  178689.23766303743
5d467d71906723e79fe73a8e
p:  149112.01677607733
5d467d7c906723e79fe73a8f
p:  209839.66857710073
5d467d8a906723e79fe73a90
p:  183019.8116171669
5d467d94906723e79fe73a91
p:  162654.5368020357
5d467d9e73c2e3a45fe73a86
p:  327474.0138790874
5d467da6906723e79fe73a93
p:  176805.76599682978
5d467dba906723e79fe73a95
p:  220252.75977811628
5d467dd7dc800e0821e73a89
p:  146052.6169814229
5d467df2ff2d2b1894e73a89
p:  106669.63961357209
5d467dfd73c2e3a45fe73a89
p:  531534.7323830132
5d467e0cdc800e0821e73a8c
p:  223342.2151262783
5d467e19906723e79fe73a9c
p:  423163.4236525794
5d467e4bdc800e0821e73a8e
p:  108434.24337543169
5d467e6655e0c6deb3e73a8f
p:  206071.2295546617
5d467e66dc800e0821e73a8f
p:  157717.8210867946
5d467e69906723e79fe73aa2
p:  237455.01849427982
5d467e6b8efc65c8bde73a8b
p:  230836.09172438394
5d467e78906723e79fe73aa3
p:  177474.19196693413
5d467e83dc800e0821e73a90
p:  184386.91532631675
5d467e89ee0e6b9fa9e73a8c
p:  385726.36411931354
5d467e92906723e79fe73aa5
p:  235380.15130677982
5d467ea4dc800e0821e73a91
p:  181996.3746386313
5d467edb906723e79fe73aab
p:  205213.4732307933
5d467ef1906723e79fe73aac
p:  199406.3797310506
5d467f17dc800e0821e73a92
p:  184386.91532631675
5d467f24906723e79fe73ab0
p:  174582.64678478302
5d467f4e906723e79fe73ab3
p:  169252.30817224784
5d467f686b6b745670e73a87
p:  391608.5713454427
5d467fa9ff2d2b1894e73a8b
p:  155029.46763374447
5d467fb173c2e3a45fe73a8b
p:  503379.26246232295
5d467fcf769ddaf97be73a8c
p:  177565.0462028634
5d4680188efc65c8bde73a91
p:  444474.9153568885
5d46803dee0e6b9fa9e73a8f
p:  329302.5880174038
5d468056769ddaf97be73a8e
p:  268306.62638289557
5d468063dc800e0821e73a94
p:  108434.24337543169
5d4680bb73c2e3a45fe73a94
p:  338551.2300531359
5d4680ebdc800e0821e73a98
p:  276653.6872129204
5d468108dc800e0821e73a99
p:  171196.88414273708
5d4681266b6b745670e73a8a
p:  324554.8390030706
5d46812c906723e79fe73ab8
p:  259007.17620554025
5d46812f73c2e3a45fe73a98
p:  556246.0747854409
5d468177cf1f554526e73a90
p:  270844.16115390335
5d46817d906723e79fe73ab9
p:  148791.75878576247
5d46819b73c2e3a45fe73a9c
p:  292899.77903474006
5d468238a9a609321ae73a94
p:  142941.72176437217
5d46823eee0e6b9fa9e73a9d
p:  468714.13413132273
5d468271cf1f554526e73a93
p:  300392.6280504867
5d4682c4ee0e6b9fa9e73aa1
p:  111221.795378184
5d4682f9dc800e0821e73a9f
p:  141174.10588909072
5d4682fe55e0c6deb3e73a9c
p:  228515.51523038122
5d46831dcf1f554526e73a94
p:  474834.50234851113
5d46833c6b6b745670e73a8f
p:  223350.09146256495
5d46835dee0e6b9fa9e73aa6
p:  213459.50933717302
5d4683f5a9a609321ae73a98
p:  437858.0332273284
5d4684238efc65c8bde73a9e
p:  505438.0367420469
5d4684c6c1fd11f34ae73a9e
p:  145534.3718390902
5d46854eae6ced45bbe73a98
p:  123074.59106898092
5d4685668efc65c8bde73aa3
p:  222705.95660136972
5d46857073c2e3a45fe73aaf
p:  336848.25637073175
5d4685dbae6ced45bbe73a99
p:  147022.63467874005
5d468613a9a609321ae73a9b
p:  220768.03446915056
5d46864d906723e79fe73abf
p:  187147.3663046669
5d46867ba9a609321ae73a9c
p:  260172.8687823347
5d46868ca9a609321ae73a9d
p:  180779.80479008183
5d468754c1fd11f34ae73aa2
p:  153194.7629916172
5d4687d9cf1f554526e73a97
p:  161282.18566855165
5d468814ff2d2b1894e73a97
p:  122779.45249312818
5d4688a9a9a609321ae73aa6
p:  158438.9899833069
5d46891e55e0c6deb3e73aa7
p:  181286.11029365083
5d468968ae6ced45bbe73a9d
p:  159769.20187882456
5d468990ae6ced45bbe73a9e
p:  108545.23940724398
5d468b2a769ddaf97be73aa5
p:  291645.1547105862
5d468b41cf1f554526e73a9a
p:  402837.70929815806
5d468b4df3ae1cb150e73aa1
p:  220308.17691609773
5d468b9d6b6b745670e73a98
p:  144404.18823161285
5d468bf16b6b745670e73a99
p:  144404.18823161285
5d468c02ae6ced45bbe73aa2
p:  110350.5872000232
5d468c0a28725d25cfe73aa8
p:  190093.62719359397
5d468c3fae6ced45bbe73aa7
p:  155973.01305541117
5d468c92ae6ced45bbe73aae
p:  276337.85485771915
5d468cbaae6ced45bbe73ab2
p:  154695.20971348576
5d468cf1ae6ced45bbe73ab7
p:  121563.30182465096
5d468cf9ae6ced45bbe73ab8
p:  142752.0993365458
5d468d0bae6ced45bbe73aba
p:  243132.68531893328
5d468d27ae6ced45bbe73abd
p:  106208.39981837066
5d468d44ae6ced45bbe73ac0
p:  159708.4724372826
5d468d84ae6ced45bbe73ac4
p:  227712.15397314628
5d468d89ee0e6b9fa9e73ac1
p:  136670.30683375074
5d468db0ae6ced45bbe73ac8
p:  102261.75995551035
5d468e78ae6ced45bbe73ad9
p:  166755.4957205965
5d468e81ae6ced45bbe73ada
p:  181916.21533089693
5d468e8bae6ced45bbe73adb
p:  239627.13998938532
5d468ec8ae6ced45bbe73ae0
p:  156310.39078084042
5d468ed56b6b745670e73aa1
p:  522390.8849619576
5d468ef16b6b745670e73aa2
p:  203146.93230643228
5d4690616b6b745670e73aa4
p:  111639.69899357855
5d4691c3ff2d2b1894e73aa8
p:  127388.40387093367
5d4692206c242c1455e73aa9
p:  131024.1872728312
5d46926dcf1f554526e73ab2
p:  223983.52619864704
5d46927a6c242c1455e73aab
p:  170642.88266785094
5d46927fcf1f554526e73ab3
p:  158622.13341304852
5d4692bd6c242c1455e73aad
p:  245740.94247679156
5d4692cccf1f554526e73ab5
p:  237545.81219027174
5d4692e16c242c1455e73aae
p:  135450.5859614412
5d46933ecf1f554526e73ab8
p:  234172.69631870213
5d4693728efc65c8bde73acc
p:  309845.776441182
5d46942dc1fd11f34ae73abf
p:  246324.1198972037
5d46949cc1fd11f34ae73ac4
p:  227967.0878743271
5d4694a255e0c6deb3e73abf
p:  255283.2259872059
5d4694b6c1fd11f34ae73ac5
p:  401420.8727459431
5d4694fec1fd11f34ae73ac8
p:  286575.92209467036
5d46956f8efc65c8bde73ad6
p:  373572.0057100636
5d46962ecf1f554526e73abd
p:  169805.65818401214
5d4696338efc65c8bde73ada
p:  256924.48544373954
5d46965fc1fd11f34ae73acb
p:  373202.4254141433
5d469688cf1f554526e73abf
p:  169805.65818401214
5d4696a3c1fd11f34ae73acc
p:  232569.90550975513
5d4696a56c242c1455e73ab5
p:  120845.95695812086
5d4696f1cf1f554526e73ac1
p:  124587.58509091151
5d4697d6906723e79fe73ae0
p:  200764.84904884946
5d4697e6906723e79fe73ae1
p:  90470.76122169098
5d469866906723e79fe73ae3
p:  137553.81924755525
5d469882cf1f554526e73ac9
p:  382472.5521228004
5d4698d13e5210a6f6e73ad0
p:  194229.08692364674
5d469a147cbd66be4ae73aca
p:  120908.88282321338
5d469a218efc65c8bde73aed
p:  199735.4882867859
5d469a287cbd66be4ae73acb
p:  238308.63953652792
5d469a523e5210a6f6e73ad2
p:  142293.98934616658
5d469a5f6c242c1455e73abc
p:  315065.03145351715
5d469a663e5210a6f6e73ad3
p:  237800.693777431
5d469a7fc1fd11f34ae73ad9
p:  150677.86785659235
5d469a9a6c242c1455e73abe
p:  204855.12570211175
5d469ab1f3ae1cb150e73abe
p:  179094.4899449096
5d469b398efc65c8bde73af3
p:  107744.76541584954
5d469b697cbd66be4ae73acf
p:  205347.5222459254
5d469b957cbd66be4ae73ad0
p:  157075.2444445833
5d469b9d73c2e3a45fe73ae2
p:  199310.24352828375
5d469bda8efc65c8bde73af6
p:  207691.68895933853
5d469bdd3e5210a6f6e73ad4
p:  242444.64637904588
5d469c1328725d25cfe73aef
p:  204146.89745700697
5d469c1e7cbd66be4ae73ad2
p:  164664.99915683473
5d469c686c242c1455e73acd
p:  307502.8114762922
5d469ce68efc65c8bde73afb
p:  102371.6985912222
5d469d2f28725d25cfe73af4
p:  270939.7740248947
5d469d4e7cbd66be4ae73ad8
p:  212814.54632094677
5d469d74cf1f554526e73ad2
p:  159286.35120441054
5d469db76c242c1455e73ad0
p:  191302.67182881842
5d469e167cbd66be4ae73add
p:  238870.30102762434
5d469eabcf1f554526e73ad4
p:  274697.51018427697
5d469f0d28725d25cfe73af6
p:  200589.99585910712
5d469f647cbd66be4ae73ae3
p:  225024.00536293344
5d469fb4dc800e0821e73ad8
p:  149493.3070778571
5d46a0c8cf1f554526e73ada
p:  171709.91550808644
5d46a2a17cbd66be4ae73ae6
p:  119425.80265452892
5d46a2ab8efc65c8bde73b13
p:  162238.25691968994
5d46a2f58efc65c8bde73b15
p:  137042.22646547476
5d46a4bd7cbd66be4ae73aeb
p:  248553.02555912413
5d46a52adc800e0821e73ae4
p:  137163.41389314877
5d46a54bf3ae1cb150e73ad8
p:  165970.0983661689
5d46a592ee0e6b9fa9e73af8
p:  283612.962595756
5d46a5e5f3ae1cb150e73adb
p:  419869.57745197555
5d46a696f3ae1cb150e73ae3
p:  189958.2318157528
5d46a77373c2e3a45fe73af3
p:  348301.7824704439
5d46a7d6f3ae1cb150e73aeb
p:  189925.3950938377
5d46a86b07359042e5e73af4
p:  169942.13010463628
5d46a8bcee0e6b9fa9e73b05
p:  340037.41483534785
5d46a900ee0e6b9fa9e73b06
p:  490889.3329798628
5d46a914a9a609321ae73af6
p:  290830.5115070457
5d46a94a28725d25cfe73b0e
p:  116636.41679830849
5d46a953f3ae1cb150e73af1
p:  268370.69457934087
5d46a9a128725d25cfe73b0f
p:  90332.30527644476
5d46a9d1ee0e6b9fa9e73b08
p:  237522.2189802894
5d46a9e6a9a609321ae73af9
p:  131702.8166915486
5d46aa1ba9a609321ae73afa
p:  386771.0159919688
5d46aa87f3ae1cb150e73af5
p:  142778.3698585324
5d46aaa36b6b745670e73ada
p:  150305.23019911113
5d46ab0e28725d25cfe73b11
p:  153652.4420214442
5d46ab1ef3ae1cb150e73af8
p:  204479.7967891018
5d46ab3b28725d25cfe73b12
p:  132118.55368806847
5d46ab66c1fd11f34ae73b0d
p:  238983.13994218002
5d46ab8dc1fd11f34ae73b0e
p:  399229.6806066858
5d46ac77f3ae1cb150e73afb
p:  271193.88851951296
5d46ac936b6b745670e73add
p:  149305.75164569085
5d46ace1c1fd11f34ae73b17
p:  209060.44277873202
5d46ad0b07359042e5e73b01
p:  165142.1628788442
5d46ad0b6b6b745670e73ae0
p:  240744.84406040804
5d46ad4bee0e6b9fa9e73b0d
p:  93865.74897270813
5d46ad5807359042e5e73b02
p:  271357.3251777214
5d46ad79c1fd11f34ae73b1b
p:  178649.89332006726
5d46ad7cee0e6b9fa9e73b0e
p:  233093.18454503175
5d46add528725d25cfe73b18
p:  106807.65518775245
5d46adf728725d25cfe73b19
p:  341685.13775638863
5d46ae37c1fd11f34ae73b20
p:  171741.01729430867
5d46ae4e73c2e3a45fe73b02
p:  204008.3155715455
5d46ae5928725d25cfe73b1a
p:  166228.75735013557
5d46ae666b6b745670e73ae4
p:  282147.8932398761
5d46ae71f3ae1cb150e73b01
p:  167444.01749177667
5d46af1aee0e6b9fa9e73b10
p:  118648.72627057998
5d46af29ae6ced45bbe73b1a
p:  114894.09433917873
5d46af29a9a609321ae73aff
p:  253149.9589307872
5d46af528efc65c8bde73b2d
p:  192573.33004366118
5d46af7b28725d25cfe73b1e
p:  346013.10359063244
5d46af8ac1fd11f34ae73b29
p:  286433.067951061
5d46afbff3ae1cb150e73b03
p:  199899.6609828822
5d46afc6ae6ced45bbe73b1c
p:  144128.62149480532
5d46afd1f3ae1cb150e73b04
p:  263292.20754653425
5d46afd473c2e3a45fe73b04
p:  264382.8216842691
5d46afd78efc65c8bde73b2f
p:  187836.91452542393
5d46afe57cbd66be4ae73afa
p:  216748.15505162228
5d46afef73c2e3a45fe73b05
p:  342452.9496325134
5d46b0316b6b745670e73ae8
p:  190204.33688992902
5d46b06d6c242c1455e73af2
p:  246301.1273719088
5d46b0896c242c1455e73af3
p:  373504.4181987599
5d46b0a7a9a609321ae73b04
p:  222209.19171867793
5d46b0b8f3ae1cb150e73b06
p:  187816.14482690452
5d46b0bc6c242c1455e73af4
p:  331618.97691159684
5d46b0d26b6b745670e73aeb
p:  201139.8521517621
5d46b0de6c242c1455e73af5
p:  248800.04500863876
5d46b0dff3ae1cb150e73b07
p:  328268.7926834369
5d46b13a8efc65c8bde73b31
p:  166859.0819073525
5d46b15a8efc65c8bde73b32
p:  321521.23749355983
5d46b15bae6ced45bbe73b1e
p:  162635.9755930281
5d46b170a9a609321ae73b06
p:  296028.050589871
5d46b18a73c2e3a45fe73b0d
p:  221420.05913014436
5d46b1c68efc65c8bde73b33
p:  174255.31156693006
5d46b1e3f3ae1cb150e73b08
p:  306279.9205136206
5d46b22ff3ae1cb150e73b0b
p:  182562.56881957068
5d46b277769ddaf97be73afc
p:  161614.93952889374
5d46b2c1c1fd11f34ae73b3e
p:  184237.28232351155
5d46b2c3769ddaf97be73afe
p:  255733.33632126905
5d46b2de769ddaf97be73aff
p:  238296.35245304974
5d46b2e46b6b745670e73af5
p:  124533.83876252698
5d46b2ebae6ced45bbe73b23
p:  207230.6633464616
5d46b33b6c242c1455e73af8
p:  301139.083287589
5d46b343a9a609321ae73b09
p:  553577.5317687639
5d46b3508efc65c8bde73b37
p:  162132.78592376976
5d46b35c906723e79fe73b16
p:  187514.1899779194
5d46b3ae7cbd66be4ae73b06
p:  154782.9234339184
5d46b3f3a9a609321ae73b0b
p:  287674.16422971035
5d46b4186c242c1455e73afa
p:  255484.12512509187
5d46b434f3ae1cb150e73b0c
p:  306279.9205136206
5d46b4703e5210a6f6e73af0
p:  202148.5572820473
5d46b4793e5210a6f6e73af1
p:  142293.98934616658
5d46b47e8efc65c8bde73b3c
p:  128743.86728511422
5d46b488f3ae1cb150e73b0e
p:  210977.31518058345
5d46b4c28efc65c8bde73b3d
p:  129281.91217937786
5d46b4c773c2e3a45fe73b0f
p:  191621.3604025141
5d46b4e428725d25cfe73b28
p:  96270.77634921673
5d46b4f0c1fd11f34ae73b4c
p:  184237.28232351155
5d46b5a36c242c1455e73afd
p:  505144.05658616143
5d46b5a7ee0e6b9fa9e73b1e
p:  89212.2124161004
5d46b5b3f3ae1cb150e73b13
p:  162877.99659842823
5d46b5cd6c242c1455e73aff
p:  322518.2021220296
5d46b68373c2e3a45fe73b19
p:  381310.4656219381
5d46b69328725d25cfe73b2e
p:  136712.92803079862
5d46b6a573c2e3a45fe73b1a
p:  334792.8233326925
5d46b6c873c2e3a45fe73b1b
p:  183133.69665018254
5d46b6eb73c2e3a45fe73b1c
p:  200770.53653604916
5d46b705906723e79fe73b1f
p:  206851.14221011614
5d46b7086c242c1455e73b04
p:  373827.5803914026
5d46b724a9a609321ae73b12
p:  261545.97010448735
5d46b754a9a609321ae73b13
p:  423854.05417578615
5d46b7936c242c1455e73b06
p:  303816.4489568088
5d46b7a73e5210a6f6e73af8
p:  194541.25643343467
5d46b7b0f3ae1cb150e73b14
p:  325453.36395080003
5d46b7cb73c2e3a45fe73b22
p:  200770.53653604916
5d46b7d3f3ae1cb150e73b16
p:  197923.0085287189
5d46b8a773c2e3a45fe73b28
p:  173363.2794857382
5d46b8d9a9a609321ae73b16
p:  328900.2524166153
5d46b90bf3ae1cb150e73b1a
p:  217535.883446639
5d46b92a6c242c1455e73b0d
p:  850288.1477752035
5d46b995769ddaf97be73b07
p:  416141.6976159812
5d46b9b973c2e3a45fe73b2f
p:  186294.38388948923
5d46ba0473c2e3a45fe73b31
p:  210736.01829103834
5d46ba26769ddaf97be73b09
p:  229713.6459741186
5d46ba42769ddaf97be73b0a
p:  53508.39077062599
5d46ba4bff2d2b1894e73b0b
p:  137750.7990586084
5d46ba5b6c242c1455e73b14
p:  331651.407167379
5d46ba726c242c1455e73b15
p:  219505.41422749392
5d46ba8b3e5210a6f6e73b00
p:  189157.93340904912
5d46baae6c242c1455e73b16
p:  294445.6321049293
5d46bae873c2e3a45fe73b37
p:  168329.06348171597
5d46bb89769ddaf97be73b0b
p:  382960.96851146594
5d46bbae6b6b745670e73b05
p:  131629.41116454615
5d46bbe8769ddaf97be73b0d
p:  506102.6991151627
5d46bc16a9a609321ae73b1d
p:  295039.01879105845
5d46bd42c1fd11f34ae73b83
p:  171118.94834555197
5d46bdd0a9a609321ae73b23
p:  263967.1685379238
5d46be19769ddaf97be73b12
p:  383593.88847312203
5d46be4173c2e3a45fe73b4e
p:  197564.44144722098
5d46bee5769ddaf97be73b13
p:  328824.1574213054
5d46bf13769ddaf97be73b14
p:  221922.45240354261
5d46bfe6769ddaf97be73b15
p:  213393.41707082733
5d46c064769ddaf97be73b16
p:  232089.18886584864
5d46c0826b6b745670e73b0a
p:  232509.245363269
5d46c1da769ddaf97be73b18
p:  240793.3743714224
5d46c415a9a609321ae73b2e
p:  179533.53058005596
5d46c4da769ddaf97be73b1d
p:  255463.60226055293
5d46c5e6906723e79fe73b3b
p:  189685.5897791792
5d46c994769ddaf97be73b2b
p:  337081.68178195937
5d46cb02769ddaf97be73b30
p:  577564.5118587874
5d46cb4c769ddaf97be73b32
p:  143280.19268653163
5d46cc92769ddaf97be73b35
p:  223334.08911713888
5d46ce863e5210a6f6e73b2d
p:  319128.5991382079
5d46d463769ddaf97be73b40
p:  196979.06332669873
5d4704a88efc65c8bde73bd1
p:  190621.09957875893
5d4708668efc65c8bde73bda
p:  172300.04387139293
5d4712a48efc65c8bde73bfb
p:  201482.93500174297
5d4715a88efc65c8bde73bfe
p:  186789.83971482195
5d471bbd8efc65c8bde73c0a
p:  435251.98741149355
5d472a028efc65c8bde73c1e
p:  132946.33854318748
5d472b198efc65c8bde73c1f
p:  118131.19515501412
5d472fa08efc65c8bde73c2a
p:  267373.96023374295
For ['Litchfield']#################################################################
train score for random_forest: 0.9208594375825825
test score for random_forest: 0.44407638349925216
The mean absolute error is:$ 273779.64049186104
r_Score: 0.5060012833859686
Voting Regressor (in): 0.9734191916374552
Voting Regressor: 0.5060012833859686
5d185f55253e7cfd9b98bd49
p:  555919.3964347297
5d267cb1e98ff02697eb6959
p:  156671.47964627313
5d467c61a9a609321ae73a85
p:  382469.74912890664
5d467cc207359042e5e73a85
p:  318569.1669955859
5d467d6607359042e5e73a88
p:  1673829.6941949555
5d46800107359042e5e73a8d
p:  2061841.041562867
5d46805c07359042e5e73a8f
p:  420775.6130109916
5d46815107359042e5e73a91
p:  647242.1561173259
5d46824f07359042e5e73a96
p:  422151.0484253361
5d4683bd07359042e5e73a9b
p:  421629.39336304204
5d46842e07359042e5e73a9d
p:  465514.72566047555
5d46865b07359042e5e73a9f
p:  870427.8571957359
5d46869e07359042e5e73aa0
p:  458556.3328208396
5d468a167cbd66be4ae73aaf
p:  159021.59790543444
5d468a4fdc800e0821e73ab7
p:  601793.2795332771
5d468cbb07359042e5e73aa8
p:  749780.9117360733
5d4690abee0e6b9fa9e73ac9
p:  533052.613576724
5d4690d4dc800e0821e73abf
p:  346684.9854341132
5d4691017cbd66be4ae73abf
p:  1459593.3179832473
5d4693b5ee0e6b9fa9e73acf
p:  601248.46692265
5d4695af07359042e5e73ab0
p:  613821.4387942746
5d469615ee0e6b9fa9e73ad4
p:  501384.21666498727
5d46961eae6ced45bbe73aec
p:  299834.9872148504
5d46967bae6ced45bbe73aef
p:  310751.54131777625
5d46993aee0e6b9fa9e73ad9
p:  800244.203505456
5d469b9dae6ced45bbe73af5
p:  541996.0867596306
5d469bbaee0e6b9fa9e73ae0
p:  2010878.4122588383
5d469c57ee0e6b9fa9e73ae1
p:  278769.3575071346
5d469f82ae6ced45bbe73afd
p:  389085.876305509
5d469ff9ae6ced45bbe73b00
p:  513228.2533154001
5d46a03bae6ced45bbe73b02
p:  1327857.3800809882
5d46a110ae6ced45bbe73b05
p:  1549680.0606529322
5d46a679dc800e0821e73ae6
p:  365269.2686669574
5d46a6c0dc800e0821e73ae8
p:  890228.7792530411
5d46b0b4dc800e0821e73afa
p:  200782.65546589595
5d474c3307359042e5e73cc7
p:  570189.9587345737
5d474c827cbd66be4ae73ca7
p:  168151.17901955388
5d474cb9ff2d2b1894e73cb4
p:  412532.0344247169
5d474d637cbd66be4ae73ca9
p:  316460.74628119427
5d474fa87cbd66be4ae73cb0
p:  261628.0617334745
5d475021ff2d2b1894e73cbe
p:  395677.84836222674
5d47502f7cbd66be4ae73cb2
p:  175949.17207794133
5d47532107359042e5e73cd1
p:  420258.6345430602
5d4753237cbd66be4ae73cba
p:  509304.03579026443
5d4753373e5210a6f6e73cd4
p:  172887.1360044006
5d47543a906723e79fe73c70
p:  368987.07902474597
5d47548e906723e79fe73c72
p:  376853.5800563325
5d4754ff6c242c1455e73c4c
p:  244760.5924108954
5d4755c96c242c1455e73c4d
p:  1566841.1661118974
5d4755cc7cbd66be4ae73cc2
p:  671531.8305319599
5d47561928725d25cfe73c79
p:  582499.2199165084
5d47577f28725d25cfe73c81
p:  633547.6847283717
5d4757ac28725d25cfe73c82
p:  917717.8394011749
5d4757b5769ddaf97be73c84
p:  1192656.5994861806
5d4757e7ff2d2b1894e73cce
p:  480350.3998513109
5d47581c6c242c1455e73c55
p:  275153.74663348787
5d4758b928725d25cfe73c88
p:  839633.8162925674
5d4758bfae6ced45bbe73d0c
p:  467058.9834796628
5d47594b55e0c6deb3e73ce1
p:  198865.90337034664
5d47597f6c242c1455e73c58
p:  227473.6393909268
5d4759a46c242c1455e73c59
p:  250642.33302646183
5d4759d528725d25cfe73c8e
p:  726215.583790283
5d475a7507359042e5e73cd9
p:  181521.59679068188
5d475a803e5210a6f6e73ce0
p:  124155.3660003179
5d475a8d28725d25cfe73c92
p:  788253.3876784579
5d475ba27cbd66be4ae73cd1
p:  143882.142575761
5d475ba3769ddaf97be73c89
p:  286886.6578162685
5d475baeff2d2b1894e73cd6
p:  497463.25405153295
5d475c256c242c1455e73c5f
p:  197493.19765848218
5d475c4c07359042e5e73cdd
p:  368633.85812031606
5d475c578efc65c8bde73c8f
p:  1321847.2627505553
5d475cb4c1fd11f34ae73d7a
p:  526149.6152027855
5d475cea07359042e5e73cdf
p:  153829.80919063574
5d475d35ee0e6b9fa9e73c8d
p:  534549.765208895
5d475d58ee0e6b9fa9e73c8f
p:  613822.1013727142
5d475d653e5210a6f6e73cea
p:  126019.58043039973
5d475d8d07359042e5e73ce1
p:  476144.2839929315
5d475e097cbd66be4ae73cd6
p:  140215.33655365845
5d475e2d3e5210a6f6e73cec
p:  84103.67905788294
5d475e423e5210a6f6e73ced
p:  110758.35834823709
5d475e84c1fd11f34ae73d7d
p:  1305087.1149091008
5d475ed0c1fd11f34ae73d7e
p:  503748.4443424593
5d475f9b55e0c6deb3e73cf3
p:  78474.82893925945
5d475fcd3e5210a6f6e73cf0
p:  155730.20702518467
5d475fe7c1fd11f34ae73d81
p:  2653160.5008567423
5d475fec6c242c1455e73c69
p:  250642.33302646183
5d476023c1fd11f34ae73d83
p:  2321203.553863725
5d476023769ddaf97be73c8f
p:  269818.4530538849
5d47605c7cbd66be4ae73ce0
p:  126625.85317100707
5d4760c507359042e5e73ce9
p:  147773.2448827098
5d4760cb6c242c1455e73c6e
p:  161088.03734216973
5d4761f607359042e5e73cec
p:  277649.55351072375
5d476396cf1f554526e73cc2
p:  1080668.4063084866
5d4763b33e5210a6f6e73cf3
p:  254229.5073885837
5d4763dfae6ced45bbe73d23
p:  573260.7458062137
5d47650b07359042e5e73cf4
p:  86281.7022564786
5d47652d3e5210a6f6e73cf8
p:  101305.22665798813
5d47653a28725d25cfe73cab
p:  201609.10464010568
5d476567906723e79fe73c99
p:  2102632.752757739
5d4765ddc1fd11f34ae73d8e
p:  2399550.7321296344
5d47668f28725d25cfe73caf
p:  322998.61146021076
5d4766aeee0e6b9fa9e73ca0
p:  399549.6547732577
5d4767663e5210a6f6e73d08
p:  87112.13704825027
5d4767686c242c1455e73c80
p:  167071.65001021005
5d47684cc1fd11f34ae73d93
p:  720056.866814076
5d476864ae6ced45bbe73d2c
p:  1241963.8900588602
5d476880ae6ced45bbe73d2d
p:  721874.2095750368
5d4768c2ae6ced45bbe73d2e
p:  780748.7993465625
5d47692e28725d25cfe73cb2
p:  300318.02716418006
5d47697cc1fd11f34ae73d96
p:  699767.4053471533
5d4769b96c242c1455e73c82
p:  238951.2870020216
5d4769c228725d25cfe73cb5
p:  264742.0520180851
5d476a366c242c1455e73c84
p:  332816.4245396592
5d476a753e5210a6f6e73d0d
p:  104795.21268998776
5d476a9e3e5210a6f6e73d0e
p:  148223.3351894137
5d476b036c242c1455e73c85
p:  498814.44110328343
5d476cd2c1fd11f34ae73d9d
p:  1847969.179919888
5d476ce06c242c1455e73c8b
p:  371009.3332069467
5d476d726c242c1455e73c8d
p:  431484.76015564345
5d476f9c3e5210a6f6e73d1f
p:  246884.18016618444
5d476fd23e5210a6f6e73d20
p:  99261.69499164494
5d47728928725d25cfe73cc5
p:  202522.44853781018
5d47742c6c242c1455e73c9b
p:  169878.2465154715
5d47749d3e5210a6f6e73d2f
p:  139344.26882098033
5d4774d93e5210a6f6e73d30
p:  84224.26204825027
5d47755c3e5210a6f6e73d32
p:  187161.7746460584
5d4775d807359042e5e73d23
p:  91879.70467287426
5d4777813e5210a6f6e73d39
p:  138441.99198713017
5d4777fa6c242c1455e73ca2
p:  158646.96747147205
5d4778196c242c1455e73ca3
p:  262326.0699087296
5d4779093e5210a6f6e73d3d
p:  107691.98208759038
5d477e0f6c242c1455e73cb1
p:  334101.8215282324
5d4783a16c242c1455e73cc2
p:  154741.42036185364
5d4791c73e5210a6f6e73d64
p:  161933.82941938518
5d4793663e5210a6f6e73d70
p:  193440.33710683172
For ['Windham', 'New London']#################################################################
train score for random_forest: 0.9300662537604419
test score for random_forest: 0.38349166815713587
The mean absolute error is:$ 145172.51895016222
r_Score: 0.3719579325633515
Voting Regressor (in): 0.9614035268138817
Voting Regressor: 0.3719579325633515
5d19b230a22b896835d02e96
p:  165271.8920320966
5d269496ddcb4129edeb698a
p:  547347.8771130956
5d46b7318efc65c8bde73b41