Current date and time: 2020-06-07 15:34:19
Successfully connect to DB.
For ['Kent', 'New Castle', 'Sussex']#################################################################
train score for random_forest: 0.9177605581236323
test score for random_forest: 0.5963363231644605
The mean absolute error is:$ 141437.99759746745
r_Score: 0.6136772796612627
Voting Regressor (in): 0.9299858446923079
Voting Regressor: 0.6136772796612627
5d09c623f184f611416d98bc
p:  271552.24038359395
5d15254032e78cba6d8f0a70
p:  222146.56973351364
5d152546c71ad9e7e28f0a70
p:  196341.73251774727
5d152561c71ad9e7e28f0a73
p:  245526.4225142079
5d1525af90c22692598f0a6e
p:  409364.70674570696
5d1525b24617c8c9038f0a6f
p:  378052.9990187905
5d1525b3f587b45ba58f0a6e
p:  180491.67365023913
5d1525b490c22692598f0a6f
p:  285971.9132406494
5d1525bc90c22692598f0a70
p:  490295.93552186916
5d1525c290c22692598f0a71
p:  178381.0773570509
5d1525c78d4a87f1718f0a6e
p:  112861.63400333637
5d1525eaab6ce467ac8f0a6f
p:  190615.2012811382
5d1525f4432168b8b28f0a6f
p:  115397.51462933759
5d1526028d4a87f1718f0a70
p:  111500.5016565946
5d15260b8d4a87f1718f0a71
p:  186425.44438313067
5d1526138d4a87f1718f0a72
p:  118867.89838137093
5d152632e932dfd1738f0a6e
p:  329199.3830854137
5d1526338d4a87f1718f0a75
p:  108419.92410761461
5d1526478d4a87f1718f0a77
p:  159907.06570828613
5d15264d8d4a87f1718f0a78
p:  159907.06570828613
5d152655ab6ce467ac8f0a72
p:  277335.0895657908
5d1526558d4a87f1718f0a79
p:  287279.13418725214
5d152659e932dfd1738f0a70
p:  92277.37430365775
5d15267a4617c8c9038f0a76
p:  500690.7560055143
5d1526904617c8c9038f0a79
p:  271372.582484978
5d1526a3fe94c9b75b8f0a70
p:  183654.17120014608
5d1526a8f587b45ba58f0a70
p:  88437.29276165516
5d1526a9f61b7293c58f0a7d
p:  388990.5598427643
5d1526abfe94c9b75b8f0a72
p:  401986.4949270326
5d1526acf587b45ba58f0a71
p:  125323.01648697589
5d1526ad4617c8c9038f0a7d
p:  418701.7416136633
5d1526bd4617c8c9038f0a7f
p:  300581.15975966654
5d1526f8a3f6f4d2bf8f0a71
p:  242802.96653777614
5d1526ff90c22692598f0a77
p:  350101.7516236401
5d152716432168b8b28f0a7e
p:  273687.4548086425
5d152744432168b8b28f0a84
p:  136340.70770661486
5d15274690c22692598f0a7a
p:  240017.16100954695
5d1527514617c8c9038f0a80
p:  217674.13065698498
5d15278090c22692598f0a7e
p:  274986.79245388624
5d1527b8fe94c9b75b8f0a74
p:  358209.8924960432
5d1527bc32e78cba6d8f0a73
p:  172659.29768834234
5d1527e7e932dfd1738f0a7c
p:  288149.5065455305
5d1527f04617c8c9038f0a84
p:  335264.3718663455
5d152824c71ad9e7e28f0a85
p:  338146.68540535506
5d152848c71ad9e7e28f0a88
p:  187686.42225842626
5d15284b8d4a87f1718f0a84
p:  91217.3373837271
5d15284dc71ad9e7e28f0a89
p:  273508.13018994685
5d15287f90c22692598f0a81
p:  614711.317659924
5d15288ef587b45ba58f0a75
p:  141483.7905201674
5d15289590c22692598f0a83
p:  314558.02513167734
5d152919ab6ce467ac8f0a7b
p:  255770.5008625117
5d152925ab6ce467ac8f0a7c
p:  295404.22495471593
5d15293b8d4a87f1718f0a86
p:  262908.99936624366
5d152962f587b45ba58f0a7a
p:  90496.70786340188
5d15296bf587b45ba58f0a7b
p:  91395.0000075112
5d152993fe94c9b75b8f0a77
p:  247373.27031699265
5d1529d74617c8c9038f0a8f
p:  244969.05168434803
5d1529f0a3f6f4d2bf8f0a82
p:  226114.71497483796
5d1529ffa3f6f4d2bf8f0a84
p:  413786.85205163155
5d152a0ba3f6f4d2bf8f0a85
p:  367262.090905773
5d152a0d432168b8b28f0a93
p:  123012.2138655282
5d152a23432168b8b28f0a96
p:  118949.50616015658
5d152a63fe078b892d8f0a78
p:  285633.5006531812
5d152a70fe078b892d8f0a79
p:  145210.06232564096
5d152a81fe078b892d8f0a7b
p:  158880.79442715476
5d152a88fe078b892d8f0a7c
p:  179196.83110370958
5d152a99ab6ce467ac8f0a7d
p:  430401.5609912164
5d152aabab6ce467ac8f0a7f
p:  281548.61913626385
5d152ae0f587b45ba58f0a80
p:  264144.1706457155
5d152ae3432168b8b28f0a9d
p:  227439.51283871592
5d152b1e432168b8b28f0a9e
p:  115397.51462933759
5d152b34f61b7293c58f0a8d
p:  203755.56143139134
5d152b5a432168b8b28f0aa2
p:  202114.90188117645
5d152b77ab6ce467ac8f0a80
p:  252643.0160095967
5d152b8290c22692598f0a8a
p:  294711.2357803854
5d152b84f61b7293c58f0a90
p:  134042.0866551472
5d152b8990c22692598f0a8c
p:  374385.5843929978
5d152ba7432168b8b28f0aa4
p:  231436.27818637365
5d152bc0432168b8b28f0aa5
p:  196827.57759799744
5d152bc8f61b7293c58f0a95
p:  191497.93953581277
5d152bcc432168b8b28f0aa7
p:  185722.38246565714
5d152bd1f61b7293c58f0a96
p:  218648.5736829508
5d152bd3f587b45ba58f0a82
p:  197120.13290591398
5d152bdafe078b892d8f0a7d
p:  226214.13668845384
5d152bf5f587b45ba58f0a83
p:  111025.62114318827
5d152c0c90c22692598f0a8e
p:  286515.4923035728
5d152c23fe94c9b75b8f0a7f
p:  352242.148883735
5d152c2c432168b8b28f0ab0
p:  142569.0749541189
5d152c43e932dfd1738f0a89
p:  108526.81564057997
5d152c6b32e78cba6d8f0a7e
p:  269642.2451281565
5d152c7d432168b8b28f0aba
p:  434350.5331138866
5d152c7e90c22692598f0a92
p:  281470.0006353573
5d152c82f61b7293c58f0a98
p:  251060.25219292048
5d152c95f61b7293c58f0a99
p:  200341.31634037918
5d152caffe078b892d8f0a82
p:  148067.7787740811
5d152ccaab6ce467ac8f0a87
p:  156910.54204034744
5d152cd3f587b45ba58f0a85
p:  140240.9723350041
5d152cd5ab6ce467ac8f0a89
p:  213323.64198148463
5d152cd9f61b7293c58f0a9e
p:  221816.8825163697
5d152ce090c22692598f0a97
p:  247401.7357721224
5d152ce3ab6ce467ac8f0a8b
p:  355814.0807959864
5d152ce690c22692598f0a98
p:  141030.60769914088
5d152ce7ab6ce467ac8f0a8c
p:  431299.88322146866
5d152cef90c22692598f0a99
p:  265186.5152000861
5d152d01f61b7293c58f0aa1
p:  239046.64836609532
5d152d074617c8c9038f0a9a
p:  397321.8818647701
5d152d18ab6ce467ac8f0a8f
p:  252891.19823347987
5d152d20ab6ce467ac8f0a90
p:  145930.80081012088
5d152d21f61b7293c58f0aa2
p:  423723.2109818637
5d152d2e32e78cba6d8f0a83
p:  208080.0847215985
5d152d5afe078b892d8f0a85
p:  156058.44862609633
5d152d75ab6ce467ac8f0a91
p:  200780.4462230773
5d152d90ab6ce467ac8f0a92
p:  145930.80081012088
5d152d97f61b7293c58f0aa3
p:  224103.66078816884
5d152dc6f61b7293c58f0aa6
p:  136947.08842117246
5d152dc9f587b45ba58f0a87
p:  117261.9125355465
5d152dd2f587b45ba58f0a88
p:  88437.29276165516
5d152de2f587b45ba58f0a8b
p:  117902.68675820513
5d152e11ab6ce467ac8f0a98
p:  241411.7601533423
5d152e26fe94c9b75b8f0a86
p:  358316.52842868003
5d152e348d4a87f1718f0a95
p:  85573.27364945589
5d152e5fab6ce467ac8f0a9c
p:  175797.7063055136
5d152e6ea3f6f4d2bf8f0a94
p:  372551.21511892497
5d152e74ab6ce467ac8f0a9d
p:  264151.02497437655
5d152e8e90c22692598f0a9c
p:  145381.8004093939
5d152ea090c22692598f0a9d
p:  195693.5588409679
5d152ea032e78cba6d8f0a88
p:  138474.0885196487
5d152ea3f61b7293c58f0aac
p:  136947.08842117246
5d152eab32e78cba6d8f0a89
p:  182632.3195893371
5d152eac90c22692598f0a9e
p:  242518.8238679896
5d152eb6fe94c9b75b8f0a8a
p:  196888.81375957164
5d152eb790c22692598f0a9f
p:  411283.54610335827
5d152eb84617c8c9038f0aa0
p:  392510.35801479
5d152ec190c22692598f0aa0
p:  238273.0532064338
5d152ecc90c22692598f0aa1
p:  439786.8018606262
5d152ed3c71ad9e7e28f0aa3
p:  245757.05716752936
5d152ef8c71ad9e7e28f0aa4
p:  371627.2626668934
5d152ef94617c8c9038f0aa3
p:  175885.97450239793
5d152f3090c22692598f0aa2
p:  179149.3798593053
5d152f33f61b7293c58f0aaf
p:  136947.08842117246
5d152f5290c22692598f0aa6
p:  258512.24286451098
5d152f5890c22692598f0aa7
p:  338016.8265629263
5d152f6390c22692598f0aa8
p:  193433.10781926615
5d152f6c4617c8c9038f0aa6
p:  131586.7975383113
5d152f96432168b8b28f0ac6
p:  445423.9227975204
5d152f9ba3f6f4d2bf8f0a99
p:  244886.72875582072
5d152fa0ab6ce467ac8f0aa3
p:  156910.54204034744
5d152fb0e932dfd1738f0a8b
p:  148793.1985648082
5d152fbbfe94c9b75b8f0a90
p:  278714.91864561127
5d152fc14617c8c9038f0aa8
p:  175885.97450239793
5d152fe2ab6ce467ac8f0aa5
p:  309315.4011241468
5d152fe2a3f6f4d2bf8f0a9b
p:  247070.79960060504
5d152ff7a3f6f4d2bf8f0a9c
p:  196850.13204450288
5d152ff9432168b8b28f0acc
p:  122440.80907602342
5d153009a3f6f4d2bf8f0a9d
p:  230177.3571439093
5d153013a3f6f4d2bf8f0a9e
p:  258156.1048545959
5d15301fe932dfd1738f0a8f
p:  192454.9487284125
5d153020fe94c9b75b8f0a93
p:  279191.3893566623
5d153037e932dfd1738f0a91
p:  216436.44047652642
5d15305eab6ce467ac8f0aab
p:  238295.13121627364
5d153063ab6ce467ac8f0aac
p:  253583.34357533278
5d1530e4a3f6f4d2bf8f0aa3
p:  428180.72304759885
5d1530f3432168b8b28f0ad4
p:  383024.1247121279
5d1530f990c22692598f0aa9
p:  246101.59457565806
5d15311132e78cba6d8f0a92
p:  211840.46727843647
5d153114fe94c9b75b8f0a98
p:  350945.7736104685
5d153122f587b45ba58f0a92
p:  108405.11165192738
5d153152ab6ce467ac8f0ab2
p:  317397.5787883043
5d15317290c22692598f0aaa
p:  187387.30073393535
5d15317aa3f6f4d2bf8f0aa7
p:  194373.82374648767
5d15318390c22692598f0aab
p:  175077.2070594298
5d153189a3f6f4d2bf8f0aa8
p:  685049.4978338913
5d153198fe078b892d8f0a88
p:  252991.31722126648
5d153199a3f6f4d2bf8f0aaa
p:  210114.21867521654
5d1531b0a3f6f4d2bf8f0aac
p:  367728.6934217751
5d1531bcf61b7293c58f0ab4
p:  323357.4338251944
5d1531c0a3f6f4d2bf8f0aae
p:  419844.8153280673
5d1531e990c22692598f0aac
p:  361549.9028050641
5d1531ef432168b8b28f0ad6
p:  433152.634631189
5d1531fdab6ce467ac8f0ab7
p:  463517.6980305522
5d153221432168b8b28f0ad8
p:  207702.40334411146
5d15322de932dfd1738f0a93
p:  116553.1900521577
5d153244ab6ce467ac8f0ab8
p:  396368.20880259736
5d153252a3f6f4d2bf8f0ab1
p:  247217.35243087373
5d153257fe078b892d8f0a8f
p:  178186.813450379
5d153276ab6ce467ac8f0abb
p:  218006.39236451272
5d153277a3f6f4d2bf8f0ab3
p:  219378.60605517347
5d153295a3f6f4d2bf8f0ab4
p:  286658.74660832516
5d1532d790c22692598f0aaf
p:  163967.62027202477
5d1533038d4a87f1718f0ab8
p:  686714.9399234559
5d15330d90c22692598f0ab0
p:  351512.9270171408
5d153322c71ad9e7e28f0aa8
p:  248365.6043873731
5d15332afe078b892d8f0a90
p:  172932.80080180767
5d153334fe94c9b75b8f0a9d
p:  441040.1513272434
5d15333990c22692598f0ab1
p:  255893.89996842024
5d15334fa3f6f4d2bf8f0ab5
p:  400950.7155238271
5d153359a3f6f4d2bf8f0ab6
p:  243835.35740317538
5d15335f90c22692598f0ab2
p:  129120.61945352888
5d153360fe078b892d8f0a94
p:  244578.26273126202
5d153364a3f6f4d2bf8f0ab7
p:  172701.58449011354
5d153376fe94c9b75b8f0a9f
p:  534339.1661749387
5d15338190c22692598f0ab3
p:  334175.99652646633
5d15339afe078b892d8f0a97
p:  262978.8228291969
5d1533a990c22692598f0ab4
p:  193901.27895600317
5d1533e232e78cba6d8f0a99
p:  260816.42646258706
5d15341a32e78cba6d8f0a9a
p:  224379.7418900539
5d153421a3f6f4d2bf8f0ab9
p:  400950.7155238271
5d153432a3f6f4d2bf8f0aba
p:  277871.6118358597
5d153441a3f6f4d2bf8f0abb
p:  224935.22482654787
5d15344efe94c9b75b8f0aa5
p:  378280.64766605303
5d153451a3f6f4d2bf8f0abc
p:  227439.9395412536
5d15345ec71ad9e7e28f0aa9
p:  243499.27865638369
5d153466fe94c9b75b8f0aa8
p:  431671.10330378806
5d15348290c22692598f0ab7
p:  276502.1713181602
5d1534b1e932dfd1738f0a98
p:  133085.86171057433
5d1534bce932dfd1738f0a99
p:  112113.92966647283
5d153508e932dfd1738f0a9d
p:  214956.2040973897
5d153513a3f6f4d2bf8f0ac3
p:  154705.169206226
5d15352190c22692598f0ab8
p:  246461.23445105396
5d153522e932dfd1738f0a9f
p:  216294.05920853425
5d1535234617c8c9038f0ab1
p:  323636.8646701118
5d153539e932dfd1738f0aa0
p:  201563.0371138503
5d15354f90c22692598f0ab9
p:  135310.98506167388
5d15356790c22692598f0aba
p:  193901.27895600317
5d15357d90c22692598f0abb
p:  164824.5291456728
5d15359090c22692598f0abc
p:  380260.14153271867
5d1535a290c22692598f0abd
p:  174880.75252593978
5d1535d4a3f6f4d2bf8f0ac9
p:  220772.85057575328
5d1535d6e932dfd1738f0aa1
p:  116011.08561728534
5d1535d932e78cba6d8f0a9e
p:  224145.54130240742
5d1535e0e932dfd1738f0aa3
p:  107070.97979104535
5d1535e490c22692598f0abf
p:  253266.98275595406
5d1535e8e932dfd1738f0aa4
p:  154617.40824030028
5d1535f5e932dfd1738f0aa6
p:  127653.3900143291
5d153603e932dfd1738f0aa8
p:  165650.38956409576
5d15360790c22692598f0ac1
p:  235996.369890336
5d153618fe94c9b75b8f0ab0
p:  362935.6819864284
5d15361990c22692598f0ac2
p:  215339.5387578739
5d15361e432168b8b28f0ae2
p:  358232.2510952452
5d153641fe94c9b75b8f0ab1
p:  264650.1396156298
5d1536444617c8c9038f0ab4
p:  175885.97450239793
5d15365f4617c8c9038f0ab7
p:  501684.07236770727
5d15365f432168b8b28f0ae3
p:  148696.34601442947
5d1536644617c8c9038f0ab8
p:  290739.5331735343
5d15366c4617c8c9038f0ab9
p:  165812.98076349281
5d1536eca3f6f4d2bf8f0ad0
p:  274116.8003721285
5d15372590c22692598f0ac6
p:  298129.8831978489
5d15374efe94c9b75b8f0ab3
p:  206198.39271549185
5d15377190c22692598f0ac9
p:  248436.04330457386
5d153788fe94c9b75b8f0ab8
p:  447823.38137072546
5d15378832e78cba6d8f0aa5
p:  160793.06306439143
5d153798e932dfd1738f0aab
p:  106026.18295636278
5d1537aae932dfd1738f0aad
p:  112159.18039521962
5d1537b190c22692598f0aca
p:  650790.7675787447
5d1537b690c22692598f0acb
p:  194120.5408524205
5d1537c290c22692598f0acd
p:  195331.69213518064
5d1537ca90c22692598f0ace
p:  315949.0838600927
5d1537d190c22692598f0acf
p:  236261.36409095908
5d1537d690c22692598f0ad0
p:  141030.60769914088
5d1537dff61b7293c58f0ac5
p:  188322.25041188975
5d1537ecfe94c9b75b8f0ac0
p:  183716.74993761256
5d1537f24617c8c9038f0ac0
p:  204548.3522425205
5d15380be932dfd1738f0ab2
p:  100434.62384444672
5d15380d90c22692598f0ad1
p:  270662.6084655253
5d153812e932dfd1738f0ab3
p:  105944.44578480432
5d15381de932dfd1738f0ab4
p:  143757.41848367482
5d15382890c22692598f0ad2
p:  200927.56252200285
5d15383f4617c8c9038f0ac5
p:  141242.44838826515
5d15388e4617c8c9038f0acd
p:  340891.20605680905
5d1538d88d4a87f1718f0ae0
p:  686714.9399234559
5d1539514617c8c9038f0ad6
p:  165678.39671052137
5d15396d32e78cba6d8f0aaa
p:  264058.8923170981
5d153970432168b8b28f0ae6
p:  140584.62488929048
5d15399632e78cba6d8f0aab
p:  107716.48299080621
5d1539ac432168b8b28f0aec
p:  117804.69619976098
5d1539bb32e78cba6d8f0aac
p:  326754.47321994044
5d1539bb432168b8b28f0aee
p:  267504.8149698101
5d1539fe32e78cba6d8f0aae
p:  159019.9042591292
5d153a0632e78cba6d8f0aaf
p:  149605.69819841714
5d153a384617c8c9038f0adf
p:  239483.26969880634
5d153a8cf587b45ba58f0ab1
p:  225713.4903039178
5d153a91f587b45ba58f0ab2
p:  208742.58194159233
5d153a96f587b45ba58f0ab3
p:  208742.58194159233
5d153a9af587b45ba58f0ab4
p:  245059.4890131185
5d153a9ef587b45ba58f0ab5
p:  223162.63281626103
5d153aa4f587b45ba58f0ab6
p:  223162.63281626103
5d153aa8f587b45ba58f0ab7
p:  245059.4890131185
5d153accf587b45ba58f0ab8
p:  280725.16859258554
5d153ad3f587b45ba58f0ab9
p:  231548.58317734295
5d153ae732e78cba6d8f0ab1
p:  268858.48586247594
5d153b38e932dfd1738f0aba
p:  221807.71384115895
5d153b3cfe94c9b75b8f0aca
p:  171941.08777038415
5d153b68fe078b892d8f0aa4
p:  254375.2456479195
5d153b7dfe078b892d8f0aa5
p:  265494.57816396805
5d153b97fe94c9b75b8f0acb
p:  185537.40967889962
5d153ba3fe078b892d8f0aa6
p:  134314.9519325824
5d153ba7fe94c9b75b8f0acd
p:  363573.8668837172
5d153bce32e78cba6d8f0ab2
p:  188369.18200383318
5d153beee932dfd1738f0abc
p:  190643.93910548446
5d153c1bfe078b892d8f0aa9
p:  244971.9571176815
5d153c3ff587b45ba58f0abf
p:  253224.31136826216
5d153c4ffe078b892d8f0aaa
p:  264062.3365579441
5d153c67f587b45ba58f0ac2
p:  272642.9914057165
5d153c83f587b45ba58f0ac3
p:  199177.3924411962
5d153c85432168b8b28f0af7
p:  234995.9316243365
5d153caa90c22692598f0ae0
p:  301272.53923610016
5d153cdffe94c9b75b8f0ada
p:  171475.1314547824
5d153ce0a3f6f4d2bf8f0aec
p:  294226.59865646396
5d153ceefe94c9b75b8f0adc
p:  161478.3021386496
5d153db3f61b7293c58f0ae0
p:  230210.03867384407
5d153e3e90c22692598f0afd
p:  428623.8040358563
5d153eaffe078b892d8f0aac
p:  214734.88704701784
5d153eb7fe078b892d8f0aad
p:  130986.3670694968
5d153ec6fe94c9b75b8f0adf
p:  356966.36778283375
5d153ec890c22692598f0b05
p:  305189.3002984654
5d153ecf90c22692598f0b06
p:  231659.21280300416
5d153ed5fe078b892d8f0aae
p:  246879.14876943873
5d153eea90c22692598f0b08
p:  427157.82795530185
5d153efce932dfd1738f0ac6
p:  250330.28438217661
5d153f85fe078b892d8f0ab4
p:  255990.8778590048
5d153f9090c22692598f0b16
p:  298215.6504305353
5d153fd9e932dfd1738f0ace
p:  119150.27033801062
5d1540a2a3f6f4d2bf8f0afe
p:  516156.5225389278
5d1540be4617c8c9038f0aef
p:  365161.5017411908
5d15418432e78cba6d8f0ac6
p:  300823.6654089773
5d1541854617c8c9038f0afe
p:  287174.4763877911
5d1541d6a3f6f4d2bf8f0b04
p:  403654.63643058494
5d15420f4617c8c9038f0b04
p:  293727.8242472832
5d15423b90c22692598f0b29
p:  1279741.679049921
5d154277fe94c9b75b8f0af4
p:  187426.68049682662
5d1542cce932dfd1738f0ada
p:  98478.64887643326
5d15432fe932dfd1738f0ae4
p:  127890.85555702462
5d15435a4617c8c9038f0b05
p:  405372.8558214637
5d15438f4617c8c9038f0b06
p:  224208.8045709913
5d1543df4617c8c9038f0b08
p:  287174.4763877911
5d1543ec4617c8c9038f0b09
p:  225171.87542981404/home/testapiuser/HouseApp_2/PricePrediction/DEPrice.py:267: SettingWithCopyWarning: 
A value is trying to be set on a copy of a slice from a DataFrame.
Try using .loc[row_indexer,col_indexer] = value instead

See the caveats in the documentation: http://pandas.pydata.org/pandas-docs/stable/indexing.html#indexing-view-versus-copy
  df2['AreaSpace_SQFT'] = df2['AreaSpace_SQFT'].astype(int)
/home/testapiuser/HouseApp_2/PricePrediction/DEPrice.py:279: SettingWithCopyWarning: 
A value is trying to be set on a copy of a slice from a DataFrame.
Try using .loc[row_indexer,col_indexer] = value instead

See the caveats in the documentation: http://pandas.pydata.org/pandas-docs/stable/indexing.html#indexing-view-versus-copy
  df2['Price'] = z1
/home/testapiuser/HouseApp_2/PricePrediction/DEPrice.py:286: SettingWithCopyWarning: 
A value is trying to be set on a copy of a slice from a DataFrame.
Try using .loc[row_indexer,col_indexer] = value instead

See the caveats in the documentation: http://pandas.pydata.org/pandas-docs/stable/indexing.html#indexing-view-versus-copy
  df2['AreaSpace_SQFT'] = z2

5d1544024617c8c9038f0b0c
p:  224208.8045709913
5d15443590c22692598f0b34
p:  402895.8658781202
5d154455a3f6f4d2bf8f0b15
p:  394131.4249495579
5d15453832e78cba6d8f0aca
p:  211851.82216598705
5d15453c432168b8b28f0b10
p:  363360.50586165005
5d1545ee90c22692598f0b3d
p:  925905.620762798
5d15461532e78cba6d8f0ad2
p:  232850.19833370944
5d15466fa3f6f4d2bf8f0b2a
p:  945567.7658417976
5d154767f61b7293c58f0b0a
p:  275369.67722808954
5d1547ac90c22692598f0b48
p:  510721.52147642616
5d1547e532e78cba6d8f0adc
p:  207741.30007041004
5d15490c32e78cba6d8f0ae1
p:  221947.41872397298
5d15499590c22692598f0b5b
p:  475794.3779205006
5d1549a590c22692598f0b5d
p:  864802.0269096624
5d154a60f61b7293c58f0b0e
p:  288053.5304122347
5d154ad9f61b7293c58f0b15
p:  340334.91022016056
5d154b3d32e78cba6d8f0ae8
p:  230624.07854611275
5d154b4b32e78cba6d8f0aea
p:  281429.1376249538
5d154cb2f587b45ba58f0b14
p:  207671.65005804918
5d154d0532e78cba6d8f0aee
p:  309143.3542050158
5d154d0a90c22692598f0b6d
p:  925905.620762798
5d154d10432168b8b28f0b3d
p:  406443.89860831475
5d154d1e32e78cba6d8f0aef
p:  184711.81105443725
5d154d3232e78cba6d8f0af0
p:  171373.50834229827
5d154d8132e78cba6d8f0af5
p:  281589.0156038726
5d154d8b32e78cba6d8f0af7
p:  217470.99384511623
5d154dad32e78cba6d8f0afc
p:  214211.5001950884
5d154e4b432168b8b28f0b3f
p:  387462.2143693904
5d154e5cf587b45ba58f0b1c
p:  177352.74415916833
5d154e74432168b8b28f0b40
p:  319467.1762454491
5d154ea0a3f6f4d2bf8f0b41
p:  392379.0977279295
5d155150f587b45ba58f0b29
p:  283083.0908644174
5d15548ff587b45ba58f0b34
p:  257864.3323324846
5d155496f587b45ba58f0b35
p:  454957.49632385833
5d1557d190c22692598f0bcb
p:  2065885.9889700576
5d15582ca3f6f4d2bf8f0b73
p:  497261.81854327687
5d19c379a22b896835d02f3c
p:  225174.24297650828
5d1b5624de938db059022ab0
p:  197084.78248157824
5d1b562f65b263e7e2022ab1
p:  199366.46382954557
5d1b563965b263e7e2022ab2
p:  428201.41635005013
5d271995107c1d579eeb6a6f
p:  86364.65800537303
5d2719b5107c1d579eeb6a70
p:  121231.37410389024
5d29cca5199bf96b6045adb0
p:  240758.88473229203
5d2b185647cfe46363877b49
p:  262904.13977265294
5d34b7bc18f8dde30a0abc9a
p:  310551.95379868103
5d38c81002947826d9b03c38
p:  135864.49602425244
5d479245acae7a72623cb536
p:  239224.2286037536
Current date and time: 2020-06-08 15:34:11
Successfully connect to DB.
For ['Kent', 'New Castle', 'Sussex']#################################################################
train score for random_forest: 0.9137322050627069
test score for random_forest: 0.5904430225043884
The mean absolute error is:$ 141000.84112004458
r_Score: 0.6123962613950704
Voting Regressor (in): 0.9299842483061544
Voting Regressor: 0.6123962613950704
5d09c623f184f611416d98bc
p:  313846.00123754493
5d15254032e78cba6d8f0a70
p:  225156.34064123762
5d152546c71ad9e7e28f0a70
p:  197012.61823007755
5d152561c71ad9e7e28f0a73
p:  236555.72879379522
5d1525af90c22692598f0a6e
p:  409295.781954026
5d1525b24617c8c9038f0a6f
p:  365393.3703329044
5d1525b3f587b45ba58f0a6e
p:  177430.46903066855
5d1525b490c22692598f0a6f
p:  287645.2206749752
5d1525bc90c22692598f0a70
p:  420784.86549091025
5d1525c290c22692598f0a71
p:  177238.8163187811
5d1525c78d4a87f1718f0a6e
p:  115007.14369946155
5d1525eaab6ce467ac8f0a6f
p:  179334.0897778407
5d1525f4432168b8b28f0a6f
p:  109888.53318424823
5d1526028d4a87f1718f0a70
p:  125079.81861307214
5d15260b8d4a87f1718f0a71
p:  170789.8216321097
5d1526138d4a87f1718f0a72
p:  124234.37192004069
5d152632e932dfd1738f0a6e
p:  325701.5428913421
5d1526338d4a87f1718f0a75
p:  105719.56089410058
5d1526478d4a87f1718f0a77
p:  155640.22491915757
5d15264d8d4a87f1718f0a78
p:  155640.22491915757
5d152655ab6ce467ac8f0a72
p:  278890.6419813002
5d1526558d4a87f1718f0a79
p:  285840.3340870149
5d152659e932dfd1738f0a70
p:  92738.846474209
5d15267a4617c8c9038f0a76
p:  508149.3926281668
5d1526904617c8c9038f0a79
p:  276285.4368310461
5d1526a3fe94c9b75b8f0a70
p:  178693.290259311
5d1526a8f587b45ba58f0a70
p:  85943.56754405686
5d1526a9f61b7293c58f0a7d
p:  403224.0758452178
5d1526abfe94c9b75b8f0a72
p:  400804.25332750333
5d1526acf587b45ba58f0a71
p:  131590.5803336301
5d1526ad4617c8c9038f0a7d
p:  418063.89092049055
5d1526bd4617c8c9038f0a7f
p:  296077.26569989097
5d1526f8a3f6f4d2bf8f0a71
p:  242429.31911293932
5d1526ff90c22692598f0a77
p:  342269.694475586
5d152716432168b8b28f0a7e
p:  266309.4194740072
5d152744432168b8b28f0a84
p:  140285.24374344895
5d15274690c22692598f0a7a
p:  218178.89599652227
5d1527514617c8c9038f0a80
p:  252374.6648568286
5d15278090c22692598f0a7e
p:  258073.22991800826
5d1527b8fe94c9b75b8f0a74
p:  350195.54243780614
5d1527bc32e78cba6d8f0a73
p:  169494.20849148624
5d1527e7e932dfd1738f0a7c
p:  288832.607377733
5d1527f04617c8c9038f0a84
p:  334349.4490121688
5d152824c71ad9e7e28f0a85
p:  342915.84487725364
5d152848c71ad9e7e28f0a88
p:  201983.07587703067
5d15284b8d4a87f1718f0a84
p:  91364.0802013562
5d15284dc71ad9e7e28f0a89
p:  267766.8913130004
5d15287f90c22692598f0a81
p:  583441.7469916502
5d15288ef587b45ba58f0a75
p:  140313.7438625592
5d15289590c22692598f0a83
p:  310285.64421439555
5d152919ab6ce467ac8f0a7b
p:  264667.54672971927
5d152925ab6ce467ac8f0a7c
p:  300164.1031601572
5d15293b8d4a87f1718f0a86
p:  250392.15442286868
5d152962f587b45ba58f0a7a
p:  104817.3307533367
5d15296bf587b45ba58f0a7b
p:  90790.3976542401
5d152993fe94c9b75b8f0a77
p:  249956.9743159954
5d1529d74617c8c9038f0a8f
p:  251394.97842625016
5d1529f0a3f6f4d2bf8f0a82
p:  223852.13523728587
5d1529ffa3f6f4d2bf8f0a84
p:  454027.33150671533
5d152a0ba3f6f4d2bf8f0a85
p:  360620.07777234266
5d152a0d432168b8b28f0a93
p:  127872.29821716665
5d152a23432168b8b28f0a96
p:  119379.85209940816
5d152a63fe078b892d8f0a78
p:  301384.77367933997
5d152a70fe078b892d8f0a79
p:  146868.53744952934
5d152a81fe078b892d8f0a7b
p:  155323.32768980943
5d152a88fe078b892d8f0a7c
p:  171562.9825501133
5d152a99ab6ce467ac8f0a7d
p:  431462.1996099833
5d152aabab6ce467ac8f0a7f
p:  274556.4561790345
5d152ae0f587b45ba58f0a80
p:  317610.83101771155
5d152ae3432168b8b28f0a9d
p:  185296.7939535912
5d152b1e432168b8b28f0a9e
p:  109888.53318424823
5d152b34f61b7293c58f0a8d
p:  209832.46837834243
5d152b5a432168b8b28f0aa2
p:  202439.59206950516
5d152b77ab6ce467ac8f0a80
p:  247856.76828508696
5d152b8290c22692598f0a8a
p:  292154.11136257334
5d152b84f61b7293c58f0a90
p:  134068.4876791202
5d152b8990c22692598f0a8c
p:  365254.6490866032
5d152ba7432168b8b28f0aa4
p:  227392.05096533333
5d152bc0432168b8b28f0aa5
p:  193973.46558990265
5d152bc8f61b7293c58f0a95
p:  201458.7671458252
5d152bcc432168b8b28f0aa7
p:  183430.57521854196
5d152bd1f61b7293c58f0a96
p:  219143.85597691912
5d152bd3f587b45ba58f0a82
p:  204174.58010557742
5d152bdafe078b892d8f0a7d
p:  229398.59137946516
5d152bf5f587b45ba58f0a83
p:  102423.15686451414
5d152c0c90c22692598f0a8e
p:  286581.2624449109
5d152c23fe94c9b75b8f0a7f
p:  348785.14344342373
5d152c2c432168b8b28f0ab0
p:  132732.034221974
5d152c43e932dfd1738f0a89
p:  109760.12481931459
5d152c6b32e78cba6d8f0a7e
p:  268287.2768845706
5d152c7d432168b8b28f0aba
p:  486667.8487205609
5d152c7e90c22692598f0a92
p:  278155.31762437074
5d152c82f61b7293c58f0a98
p:  254905.09734325678
5d152c95f61b7293c58f0a99
p:  205128.83908071916
5d152caffe078b892d8f0a82
p:  145948.06268002663
5d152ccaab6ce467ac8f0a87
p:  147954.9533310678
5d152cd3f587b45ba58f0a85
p:  141468.07926588846
5d152cd5ab6ce467ac8f0a89
p:  222084.87603197194
5d152cd9f61b7293c58f0a9e
p:  221864.1147516112
5d152ce090c22692598f0a97
p:  247531.23847658164
5d152ce3ab6ce467ac8f0a8b
p:  345445.39412127953
5d152ce690c22692598f0a98
p:  140491.14218112224
5d152ce7ab6ce467ac8f0a8c
p:  433846.0303946208
5d152cef90c22692598f0a99
p:  256804.6868694711
5d152d01f61b7293c58f0aa1
p:  244330.74255436534
5d152d074617c8c9038f0a9a
p:  379595.4114758801
5d152d18ab6ce467ac8f0a8f
p:  257332.07474344445
5d152d20ab6ce467ac8f0a90
p:  145715.40609668242
5d152d21f61b7293c58f0aa2
p:  401759.74575567024
5d152d2e32e78cba6d8f0a83
p:  207047.0493023345
5d152d5afe078b892d8f0a85
p:  157903.02250054304
5d152d75ab6ce467ac8f0a91
p:  206912.7715133371
5d152d90ab6ce467ac8f0a92
p:  145715.40609668242
5d152d97f61b7293c58f0aa3
p:  230114.21611734037
5d152dc6f61b7293c58f0aa6
p:  121482.97020004096
5d152dc9f587b45ba58f0a87
p:  118626.01745080116
5d152dd2f587b45ba58f0a88
p:  85943.56754405686
5d152de2f587b45ba58f0a8b
p:  98753.18558134312
5d152e11ab6ce467ac8f0a98
p:  241254.8852820685
5d152e26fe94c9b75b8f0a86
p:  357909.88321660564
5d152e348d4a87f1718f0a95
p:  86178.61872484494
5d152e5fab6ce467ac8f0a9c
p:  182405.74988071673
5d152e6ea3f6f4d2bf8f0a94
p:  381504.3137989578
5d152e74ab6ce467ac8f0a9d
p:  269376.51639333484
5d152e8e90c22692598f0a9c
p:  145621.83301307377
5d152ea090c22692598f0a9d
p:  187675.4355984559
5d152ea032e78cba6d8f0a88
p:  147676.94193156803
5d152ea3f61b7293c58f0aac
p:  121482.97020004096
5d152eab32e78cba6d8f0a89
p:  166167.4730470276
5d152eac90c22692598f0a9e
p:  227259.39577291874
5d152eb6fe94c9b75b8f0a8a
p:  204624.31683308992
5d152eb790c22692598f0a9f
p:  402458.7592863742
5d152eb84617c8c9038f0aa0
p:  396424.73156348034
5d152ec190c22692598f0aa0
p:  239333.07546438868
5d152ecc90c22692598f0aa1
p:  409121.3163185724
5d152ed3c71ad9e7e28f0aa3
p:  243821.6537320288
5d152ef8c71ad9e7e28f0aa4
p:  366255.24457925797
5d152ef94617c8c9038f0aa3
p:  175344.88443650233
5d152f3090c22692598f0aa2
p:  186089.79674330476
5d152f33f61b7293c58f0aaf
p:  121482.97020004096
5d152f5290c22692598f0aa6
p:  253002.1692504676
5d152f5890c22692598f0aa7
p:  339776.0146584421
5d152f6390c22692598f0aa8
p:  190293.79076336444
5d152f6c4617c8c9038f0aa6
p:  138952.8944103315
5d152f96432168b8b28f0ac6
p:  420058.68652631866
5d152f9ba3f6f4d2bf8f0a99
p:  264426.806829692
5d152fa0ab6ce467ac8f0aa3
p:  147954.9533310678
5d152fb0e932dfd1738f0a8b
p:  148726.7444616219
5d152fbbfe94c9b75b8f0a90
p:  281281.46667677746
5d152fc14617c8c9038f0aa8
p:  175344.88443650233
5d152fe2ab6ce467ac8f0aa5
p:  300936.679331464
5d152fe2a3f6f4d2bf8f0a9b
p:  246830.91429536568
5d152ff7a3f6f4d2bf8f0a9c
p:  200917.80486910482
5d152ff9432168b8b28f0acc
p:  122663.16325572757
5d153009a3f6f4d2bf8f0a9d
p:  230847.89731658495
5d153013a3f6f4d2bf8f0a9e
p:  253498.88952660805
5d15301fe932dfd1738f0a8f
p:  184086.55704390607
5d153020fe94c9b75b8f0a93
p:  276202.9881547282
5d153037e932dfd1738f0a91
p:  199075.55557615287
5d15305eab6ce467ac8f0aab
p:  238990.22079041257
5d153063ab6ce467ac8f0aac
p:  255102.15115839697
5d1530e4a3f6f4d2bf8f0aa3
p:  395209.08195019036
5d1530f3432168b8b28f0ad4
p:  392517.27771026525
5d1530f990c22692598f0aa9
p:  244566.52813297196
5d15311132e78cba6d8f0a92
p:  200737.60445909435
5d153114fe94c9b75b8f0a98
p:  340409.2551833916
5d153122f587b45ba58f0a92
p:  103870.07382894424
5d153152ab6ce467ac8f0ab2
p:  314995.1399884452
5d15317290c22692598f0aaa
p:  188099.68566966456
5d15317aa3f6f4d2bf8f0aa7
p:  194403.3180266528
5d15318390c22692598f0aab
p:  169539.6825052788
5d153189a3f6f4d2bf8f0aa8
p:  702316.0473763279
5d153198fe078b892d8f0a88
p:  266655.6308280769
5d153199a3f6f4d2bf8f0aaa
p:  211253.84045219
5d1531b0a3f6f4d2bf8f0aac
p:  370091.7086596701
5d1531bcf61b7293c58f0ab4
p:  317704.6822388297
5d1531c0a3f6f4d2bf8f0aae
p:  402499.8697468523
5d1531e990c22692598f0aac
p:  364090.2388422807
5d1531ef432168b8b28f0ad6
p:  397696.69298289553
5d1531fdab6ce467ac8f0ab7
p:  476172.51995179255
5d153221432168b8b28f0ad8
p:  216089.15066898207
5d15322de932dfd1738f0a93
p:  112377.05529166316
5d153244ab6ce467ac8f0ab8
p:  394637.0221334919
5d153252a3f6f4d2bf8f0ab1
p:  252338.76521274753
5d153257fe078b892d8f0a8f
p:  182138.53890438238
5d153276ab6ce467ac8f0abb
p:  212813.02333108528
5d153277a3f6f4d2bf8f0ab3
p:  209943.89338533973
5d153295a3f6f4d2bf8f0ab4
p:  298510.8487224373
5d1532d790c22692598f0aaf
p:  178151.73581511457
5d1533038d4a87f1718f0ab8
p:  714249.5396409945
5d15330d90c22692598f0ab0
p:  344626.5599838079
5d153322c71ad9e7e28f0aa8
p:  274841.8778202379
5d15332afe078b892d8f0a90
p:  174089.51849695787
5d153334fe94c9b75b8f0a9d
p:  399688.55891823303
5d15333990c22692598f0ab1
p:  251094.6189851812
5d15334fa3f6f4d2bf8f0ab5
p:  393156.22456405027
5d153359a3f6f4d2bf8f0ab6
p:  249920.9619774319
5d15335f90c22692598f0ab2
p:  125441.60956560398
5d153360fe078b892d8f0a94
p:  244797.01565922433
5d153364a3f6f4d2bf8f0ab7
p:  171921.40765553142
5d153376fe94c9b75b8f0a9f
p:  531231.1144032731
5d15338190c22692598f0ab3
p:  333971.3163357031
5d15339afe078b892d8f0a97
p:  259710.12907161916
5d1533a990c22692598f0ab4
p:  195649.80195761623
5d1533e232e78cba6d8f0a99
p:  262248.5494418453
5d15341a32e78cba6d8f0a9a
p:  214137.88352315273
5d153421a3f6f4d2bf8f0ab9
p:  393156.22456405027
5d153432a3f6f4d2bf8f0aba
p:  274566.8736573302
5d153441a3f6f4d2bf8f0abb
p:  228424.3752985721
5d15344efe94c9b75b8f0aa5
p:  359458.1931221045
5d153451a3f6f4d2bf8f0abc
p:  220931.78375640116
5d15345ec71ad9e7e28f0aa9
p:  243664.96177195729
5d153466fe94c9b75b8f0aa8
p:  430331.7310859683
5d15348290c22692598f0ab7
p:  267600.5155724323
5d1534b1e932dfd1738f0a98
p:  129008.11438379707
5d1534bce932dfd1738f0a99
p:  125977.85780669941
5d153508e932dfd1738f0a9d
p:  206832.81895546505
5d153513a3f6f4d2bf8f0ac3
p:  171200.26005790883
5d15352190c22692598f0ab8
p:  259602.8456962579
5d153522e932dfd1738f0a9f
p:  215395.28137288225
5d1535234617c8c9038f0ab1
p:  314170.32289938675
5d153539e932dfd1738f0aa0
p:  206105.85317089502
5d15354f90c22692598f0ab9
p:  117251.38940661546
5d15356790c22692598f0aba
p:  195649.80195761623
5d15357d90c22692598f0abb
p:  175422.42655909905
5d15359090c22692598f0abc
p:  381100.49251778226
5d1535a290c22692598f0abd
p:  181129.7668509551
5d1535d4a3f6f4d2bf8f0ac9
p:  222111.25031855312
5d1535d6e932dfd1738f0aa1
p:  117885.21533100249
5d1535d932e78cba6d8f0a9e
p:  228227.1297052661
5d1535e0e932dfd1738f0aa3
p:  106572.15662832852
5d1535e490c22692598f0abf
p:  250810.5271879229
5d1535e8e932dfd1738f0aa4
p:  168519.0459263723
5d1535f5e932dfd1738f0aa6
p:  127439.40696553762
5d153603e932dfd1738f0aa8
p:  165498.92754240832
5d15360790c22692598f0ac1
p:  235065.0235289071
5d153618fe94c9b75b8f0ab0
p:  342609.3913001048
5d15361990c22692598f0ac2
p:  228307.1450168796
5d15361e432168b8b28f0ae2
p:  331925.2953354727
5d153641fe94c9b75b8f0ab1
p:  248862.20203171085
5d1536444617c8c9038f0ab4
p:  175344.88443650233
5d15365f4617c8c9038f0ab7
p:  451406.8014552789
5d15365f432168b8b28f0ae3
p:  142502.47720603156
5d1536644617c8c9038f0ab8
p:  301095.32236536907
5d15366c4617c8c9038f0ab9
p:  152728.71123444033
5d1536eca3f6f4d2bf8f0ad0
p:  296717.4557975383
5d15372590c22692598f0ac6
p:  292610.44871508016
5d15374efe94c9b75b8f0ab3
p:  210193.7438852313
5d15377190c22692598f0ac9
p:  256636.5426408493
5d153788fe94c9b75b8f0ab8
p:  585193.43250849
5d15378832e78cba6d8f0aa5
p:  183265.1479406514
5d153798e932dfd1738f0aab
p:  106661.22542505593
5d1537aae932dfd1738f0aad
p:  111403.03667437048
5d1537b190c22692598f0aca
p:  633995.2121681822
5d1537b690c22692598f0acb
p:  186433.46920403285
5d1537c290c22692598f0acd
p:  188109.08638971613
5d1537ca90c22692598f0ace
p:  331269.2635029835
5d1537d190c22692598f0acf
p:  237665.47951251818
5d1537d690c22692598f0ad0
p:  140491.14218112224
5d1537dff61b7293c58f0ac5
p:  203057.14973086305
5d1537ecfe94c9b75b8f0ac0
p:  222238.4538772879
5d1537f24617c8c9038f0ac0
p:  201355.12787883263
5d15380be932dfd1738f0ab2
p:  100110.7807953726
5d15380d90c22692598f0ad1
p:  268420.9978245377
5d153812e932dfd1738f0ab3
p:  102068.29636404786
5d15381de932dfd1738f0ab4
p:  127112.60504857186
5d15382890c22692598f0ad2
p:  196322.03233674436
5d15383f4617c8c9038f0ac5
p:  146823.5979537266
5d15388e4617c8c9038f0acd
p:  364364.8076934423
5d1538d88d4a87f1718f0ae0
p:  714249.5396409945
5d1539514617c8c9038f0ad6
p:  164644.0549715349
5d15396d32e78cba6d8f0aaa
p:  257332.72355650464
5d153970432168b8b28f0ae6
p:  129355.33648952215
5d15399632e78cba6d8f0aab
p:  107968.12562190375
5d1539ac432168b8b28f0aec
p:  130955.91087423227
5d1539bb32e78cba6d8f0aac
p:  308767.510246024
5d1539bb432168b8b28f0aee
p:  276765.1284821648
5d1539fe32e78cba6d8f0aae
p:  155085.91429969034
5d153a0632e78cba6d8f0aaf
p:  165968.96604630398
5d153a384617c8c9038f0adf
p:  245936.71650023095
5d153a8cf587b45ba58f0ab1
p:  226759.92506735897
5d153a91f587b45ba58f0ab2
p:  221111.14689369831
5d153a96f587b45ba58f0ab3
p:  221111.14689369831
5d153a9af587b45ba58f0ab4
p:  244967.27439786625
5d153a9ef587b45ba58f0ab5
p:  226824.02196377068
5d153aa4f587b45ba58f0ab6
p:  226824.02196377068
5d153aa8f587b45ba58f0ab7
p:  244967.27439786625
5d153accf587b45ba58f0ab8
p:  291755.07172572566
5d153ad3f587b45ba58f0ab9
p:  235292.2744156237
5d153ae732e78cba6d8f0ab1
p:  266479.85170779575
5d153b38e932dfd1738f0aba
p:  212311.23575791938
5d153b3cfe94c9b75b8f0aca
p:  181905.97884387829
5d153b68fe078b892d8f0aa4
p:  245015.3613774912
5d153b7dfe078b892d8f0aa5
p:  264204.7713268092
5d153b97fe94c9b75b8f0acb
p:  199684.18138934602
5d153ba3fe078b892d8f0aa6
p:  134667.52337865878
5d153ba7fe94c9b75b8f0acd
p:  352431.8243396861
5d153bce32e78cba6d8f0ab2
p:  186829.6193785849
5d153beee932dfd1738f0abc
p:  173597.45212772753
5d153c1bfe078b892d8f0aa9
p:  256858.47647428204
5d153c3ff587b45ba58f0abf
p:  214539.4972604658
5d153c4ffe078b892d8f0aaa
p:  263228.20479183283
5d153c67f587b45ba58f0ac2
p:  264367.463708515
5d153c83f587b45ba58f0ac3
p:  202790.4145625434
5d153c85432168b8b28f0af7
p:  241674.69267614553
5d153caa90c22692598f0ae0
p:  300220.194842962
5d153cdffe94c9b75b8f0ada
p:  171336.9552114188
5d153ce0a3f6f4d2bf8f0aec
p:  300204.1366481994
5d153ceefe94c9b75b8f0adc
p:  183755.17445388227
5d153db3f61b7293c58f0ae0
p:  232190.7086346383
5d153e3e90c22692598f0afd
p:  442185.8272402354
5d153eaffe078b892d8f0aac
p:  207861.06705682472
5d153eb7fe078b892d8f0aad
p:  142889.6049420994
5d153ec6fe94c9b75b8f0adf
p:  373295.9746095156
5d153ec890c22692598f0b05
p:  325087.2515281183
5d153ecf90c22692598f0b06
p:  233936.3942710241
5d153ed5fe078b892d8f0aae
p:  227575.0292672851
5d153eea90c22692598f0b08
p:  457958.2404548805
5d153efce932dfd1738f0ac6
p:  252491.14962006925
5d153f85fe078b892d8f0ab4
p:  253655.65415716075
5d153f9090c22692598f0b16
p:  285862.51586783165
5d153fd9e932dfd1738f0ace
p:  118905.61010434886
5d1540a2a3f6f4d2bf8f0afe
p:  520100.69073056977
5d1540be4617c8c9038f0aef
p:  369938.0885359637
5d15418432e78cba6d8f0ac6
p:  353682.5325639665
5d1541854617c8c9038f0afe
p:  250353.00074727286
5d1541d6a3f6f4d2bf8f0b04
p:  395110.10305698856
5d15420f4617c8c9038f0b04
p:  298601.6428429452
5d15423b90c22692598f0b29
p:  1275762.5760178023
5d154277fe94c9b75b8f0af4
p:  214001.85127055156
5d1542cce932dfd1738f0ada
p:  98709.24453680337
5d15432fe932dfd1738f0ae4
p:  118408.53497017075
5d15435a4617c8c9038f0b05
p:  433549.3040641279
5d15438f4617c8c9038f0b06
p:  224125.23574634912
5d1543df4617c8c9038f0b08
p:  250353.00074727286
5d1543ec4617c8c9038f0b09
p:  222274.1958423534/home/testapiuser/HouseApp_2/PricePrediction/DEPrice.py:267: SettingWithCopyWarning: 
A value is trying to be set on a copy of a slice from a DataFrame.
Try using .loc[row_indexer,col_indexer] = value instead

See the caveats in the documentation: http://pandas.pydata.org/pandas-docs/stable/indexing.html#indexing-view-versus-copy
  df2['AreaSpace_SQFT'] = df2['AreaSpace_SQFT'].astype(int)
/home/testapiuser/HouseApp_2/PricePrediction/DEPrice.py:279: SettingWithCopyWarning: 
A value is trying to be set on a copy of a slice from a DataFrame.
Try using .loc[row_indexer,col_indexer] = value instead

See the caveats in the documentation: http://pandas.pydata.org/pandas-docs/stable/indexing.html#indexing-view-versus-copy
  df2['Price'] = z1
/home/testapiuser/HouseApp_2/PricePrediction/DEPrice.py:286: SettingWithCopyWarning: 
A value is trying to be set on a copy of a slice from a DataFrame.
Try using .loc[row_indexer,col_indexer] = value instead

See the caveats in the documentation: http://pandas.pydata.org/pandas-docs/stable/indexing.html#indexing-view-versus-copy
  df2['AreaSpace_SQFT'] = z2

5d1544024617c8c9038f0b0c
p:  229077.7575915153
5d15443590c22692598f0b34
p:  412282.58727160643
5d154455a3f6f4d2bf8f0b15
p:  390692.6363394603
5d15453832e78cba6d8f0aca
p:  209022.46532248196
5d15453c432168b8b28f0b10
p:  364686.59403156675
5d1545ee90c22692598f0b3d
p:  927749.5020358831
5d15461532e78cba6d8f0ad2
p:  228214.1843730731
5d15466fa3f6f4d2bf8f0b2a
p:  984234.1393209622
5d154767f61b7293c58f0b0a
p:  272188.51863254653
5d1547ac90c22692598f0b48
p:  507903.0802684208
5d1547e532e78cba6d8f0adc
p:  202459.34490456
5d15490c32e78cba6d8f0ae1
p:  225800.35898157166
5d15499590c22692598f0b5b
p:  438418.6957228402
5d1549a590c22692598f0b5d
p:  842392.9354746339
5d154a60f61b7293c58f0b0e
p:  355040.7938139917
5d154ad9f61b7293c58f0b15
p:  352600.56260340265
5d154b3d32e78cba6d8f0ae8
p:  247099.3132567251
5d154b4b32e78cba6d8f0aea
p:  276613.4845851067
5d154cb2f587b45ba58f0b14
p:  215503.57312625422
5d154d0532e78cba6d8f0aee
p:  270435.48677748616
5d154d0a90c22692598f0b6d
p:  927749.5020358831
5d154d10432168b8b28f0b3d
p:  432358.47354849824
5d154d1e32e78cba6d8f0aef
p:  188479.3340864643
5d154d3232e78cba6d8f0af0
p:  125521.69160132098
5d154d8132e78cba6d8f0af5
p:  281730.2723075028
5d154d8b32e78cba6d8f0af7
p:  213101.04808349683
5d154dad32e78cba6d8f0afc
p:  197726.1292240469
5d154e4b432168b8b28f0b3f
p:  405594.3910671093
5d154e5cf587b45ba58f0b1c
p:  136354.19210187616
5d154e74432168b8b28f0b40
p:  318225.9554362481
5d154ea0a3f6f4d2bf8f0b41
p:  385473.34995020804
5d155150f587b45ba58f0b29
p:  296373.7288295495
5d15548ff587b45ba58f0b34
p:  261442.41691251693
5d155496f587b45ba58f0b35
p:  511142.9310849327
5d1557d190c22692598f0bcb
p:  2093216.1477664416
5d15582ca3f6f4d2bf8f0b73
p:  508331.80662907416
5d19c379a22b896835d02f3c
p:  219683.43733585114
5d1b5624de938db059022ab0
p:  170641.30876111434
5d1b562f65b263e7e2022ab1
p:  195484.45620566147
5d1b563965b263e7e2022ab2
p:  423230.5714196067
5d271995107c1d579eeb6a6f
p:  88106.74974467515
5d2719b5107c1d579eeb6a70
p:  115551.90314997094
5d29cca5199bf96b6045adb0
p:  241008.61668755882
5d2b185647cfe46363877b49
p:  252744.58974651468
5d34b7bc18f8dde30a0abc9a
p:  337501.68508280936
5d38c81002947826d9b03c38
p:  132849.5169288161
5d479245acae7a72623cb536
p:  232715.71344390116
Current date and time: 2020-06-09 15:34:11
Successfully connect to DB.
For ['Kent', 'New Castle', 'Sussex']#################################################################
train score for random_forest: 0.9183211068216408
test score for random_forest: 0.5925415054004816
The mean absolute error is:$ 141437.99759746745
r_Score: 0.6136772796612627
Voting Regressor (in): 0.9299858446923079
Voting Regressor: 0.6136772796612627
5d09c623f184f611416d98bc
p:  271552.24038359395
5d15254032e78cba6d8f0a70
p:  222146.56973351364
5d152546c71ad9e7e28f0a70
p:  196341.73251774727
5d152561c71ad9e7e28f0a73
p:  245526.4225142079
5d1525af90c22692598f0a6e
p:  409364.70674570696
5d1525b24617c8c9038f0a6f
p:  378052.9990187905
5d1525b3f587b45ba58f0a6e
p:  180491.67365023913
5d1525b490c22692598f0a6f
p:  285971.9132406494
5d1525bc90c22692598f0a70
p:  490295.93552186916
5d1525c290c22692598f0a71
p:  178381.0773570509
5d1525c78d4a87f1718f0a6e
p:  112861.63400333637
5d1525eaab6ce467ac8f0a6f
p:  190615.2012811382
5d1525f4432168b8b28f0a6f
p:  115397.51462933759
5d1526028d4a87f1718f0a70
p:  111500.5016565946
5d15260b8d4a87f1718f0a71
p:  186425.44438313067
5d1526138d4a87f1718f0a72
p:  118867.89838137093
5d152632e932dfd1738f0a6e
p:  329199.3830854137
5d1526338d4a87f1718f0a75
p:  108419.92410761461
5d1526478d4a87f1718f0a77
p:  159907.06570828613
5d15264d8d4a87f1718f0a78
p:  159907.06570828613
5d152655ab6ce467ac8f0a72
p:  277335.0895657908
5d1526558d4a87f1718f0a79
p:  287279.13418725214
5d152659e932dfd1738f0a70
p:  92277.37430365775
5d15267a4617c8c9038f0a76
p:  500690.7560055143
5d1526904617c8c9038f0a79
p:  271372.582484978
5d1526a3fe94c9b75b8f0a70
p:  183654.17120014608
5d1526a8f587b45ba58f0a70
p:  88437.29276165516
5d1526a9f61b7293c58f0a7d
p:  388990.5598427643
5d1526abfe94c9b75b8f0a72
p:  401986.4949270326
5d1526acf587b45ba58f0a71
p:  125323.01648697589
5d1526ad4617c8c9038f0a7d
p:  418701.7416136633
5d1526bd4617c8c9038f0a7f
p:  300581.15975966654
5d1526f8a3f6f4d2bf8f0a71
p:  242802.96653777614
5d1526ff90c22692598f0a77
p:  350101.7516236401
5d152716432168b8b28f0a7e
p:  273687.4548086425
5d152744432168b8b28f0a84
p:  136340.70770661486
5d15274690c22692598f0a7a
p:  240017.16100954695
5d1527514617c8c9038f0a80
p:  217674.13065698498
5d15278090c22692598f0a7e
p:  274986.79245388624
5d1527b8fe94c9b75b8f0a74
p:  358209.8924960432
5d1527bc32e78cba6d8f0a73
p:  172659.29768834234
5d1527e7e932dfd1738f0a7c
p:  288149.5065455305
5d1527f04617c8c9038f0a84
p:  335264.3718663455
5d152824c71ad9e7e28f0a85
p:  338146.68540535506
5d152848c71ad9e7e28f0a88
p:  187686.42225842626
5d15284b8d4a87f1718f0a84
p:  91217.3373837271
5d15284dc71ad9e7e28f0a89
p:  273508.13018994685
5d15287f90c22692598f0a81
p:  614711.317659924
5d15288ef587b45ba58f0a75
p:  141483.7905201674
5d15289590c22692598f0a83
p:  314558.02513167734
5d152919ab6ce467ac8f0a7b
p:  255770.5008625117
5d152925ab6ce467ac8f0a7c
p:  295404.22495471593
5d15293b8d4a87f1718f0a86
p:  262908.99936624366
5d152962f587b45ba58f0a7a
p:  90496.70786340188
5d15296bf587b45ba58f0a7b
p:  91395.0000075112
5d152993fe94c9b75b8f0a77
p:  247373.27031699265
5d1529d74617c8c9038f0a8f
p:  244969.05168434803
5d1529f0a3f6f4d2bf8f0a82
p:  226114.71497483796
5d1529ffa3f6f4d2bf8f0a84
p:  413786.85205163155
5d152a0ba3f6f4d2bf8f0a85
p:  367262.090905773
5d152a0d432168b8b28f0a93
p:  123012.2138655282
5d152a23432168b8b28f0a96
p:  118949.50616015658
5d152a63fe078b892d8f0a78
p:  285633.5006531812
5d152a70fe078b892d8f0a79
p:  145210.06232564096
5d152a81fe078b892d8f0a7b
p:  158880.79442715476
5d152a88fe078b892d8f0a7c
p:  179196.83110370958
5d152a99ab6ce467ac8f0a7d
p:  430401.5609912164
5d152aabab6ce467ac8f0a7f
p:  281548.61913626385
5d152ae0f587b45ba58f0a80
p:  264144.1706457155
5d152ae3432168b8b28f0a9d
p:  227439.51283871592
5d152b1e432168b8b28f0a9e
p:  115397.51462933759
5d152b34f61b7293c58f0a8d
p:  203755.56143139134
5d152b5a432168b8b28f0aa2
p:  202114.90188117645
5d152b77ab6ce467ac8f0a80
p:  252643.0160095967
5d152b8290c22692598f0a8a
p:  294711.2357803854
5d152b84f61b7293c58f0a90
p:  134042.0866551472
5d152b8990c22692598f0a8c
p:  374385.5843929978
5d152ba7432168b8b28f0aa4
p:  231436.27818637365
5d152bc0432168b8b28f0aa5
p:  196827.57759799744
5d152bc8f61b7293c58f0a95
p:  191497.93953581277
5d152bcc432168b8b28f0aa7
p:  185722.38246565714
5d152bd1f61b7293c58f0a96
p:  218648.5736829508
5d152bd3f587b45ba58f0a82
p:  197120.13290591398
5d152bdafe078b892d8f0a7d
p:  226214.13668845384
5d152bf5f587b45ba58f0a83
p:  111025.62114318827
5d152c0c90c22692598f0a8e
p:  286515.4923035728
5d152c23fe94c9b75b8f0a7f
p:  352242.148883735
5d152c2c432168b8b28f0ab0
p:  142569.0749541189
5d152c43e932dfd1738f0a89
p:  108526.81564057997
5d152c6b32e78cba6d8f0a7e
p:  269642.2451281565
5d152c7d432168b8b28f0aba
p:  434350.5331138866
5d152c7e90c22692598f0a92
p:  281470.0006353573
5d152c82f61b7293c58f0a98
p:  251060.25219292048
5d152c95f61b7293c58f0a99
p:  200341.31634037918
5d152caffe078b892d8f0a82
p:  148067.7787740811
5d152ccaab6ce467ac8f0a87
p:  156910.54204034744
5d152cd3f587b45ba58f0a85
p:  140240.9723350041
5d152cd5ab6ce467ac8f0a89
p:  213323.64198148463
5d152cd9f61b7293c58f0a9e
p:  221816.8825163697
5d152ce090c22692598f0a97
p:  247401.7357721224
5d152ce3ab6ce467ac8f0a8b
p:  355814.0807959864
5d152ce690c22692598f0a98
p:  141030.60769914088
5d152ce7ab6ce467ac8f0a8c
p:  431299.88322146866
5d152cef90c22692598f0a99
p:  265186.5152000861
5d152d01f61b7293c58f0aa1
p:  239046.64836609532
5d152d074617c8c9038f0a9a
p:  397321.8818647701
5d152d18ab6ce467ac8f0a8f
p:  252891.19823347987
5d152d20ab6ce467ac8f0a90
p:  145930.80081012088
5d152d21f61b7293c58f0aa2
p:  423723.2109818637
5d152d2e32e78cba6d8f0a83
p:  208080.0847215985
5d152d5afe078b892d8f0a85
p:  156058.44862609633
5d152d75ab6ce467ac8f0a91
p:  200780.4462230773
5d152d90ab6ce467ac8f0a92
p:  145930.80081012088
5d152d97f61b7293c58f0aa3
p:  224103.66078816884
5d152dc6f61b7293c58f0aa6
p:  136947.08842117246
5d152dc9f587b45ba58f0a87
p:  117261.9125355465
5d152dd2f587b45ba58f0a88
p:  88437.29276165516
5d152de2f587b45ba58f0a8b
p:  117902.68675820513
5d152e11ab6ce467ac8f0a98
p:  241411.7601533423
5d152e26fe94c9b75b8f0a86
p:  358316.52842868003
5d152e348d4a87f1718f0a95
p:  85573.27364945589
5d152e5fab6ce467ac8f0a9c
p:  175797.7063055136
5d152e6ea3f6f4d2bf8f0a94
p:  372551.21511892497
5d152e74ab6ce467ac8f0a9d
p:  264151.02497437655
5d152e8e90c22692598f0a9c
p:  145381.8004093939
5d152ea090c22692598f0a9d
p:  195693.5588409679
5d152ea032e78cba6d8f0a88
p:  138474.0885196487
5d152ea3f61b7293c58f0aac
p:  136947.08842117246
5d152eab32e78cba6d8f0a89
p:  182632.3195893371
5d152eac90c22692598f0a9e
p:  242518.8238679896
5d152eb6fe94c9b75b8f0a8a
p:  196888.81375957164
5d152eb790c22692598f0a9f
p:  411283.54610335827
5d152eb84617c8c9038f0aa0
p:  392510.35801479
5d152ec190c22692598f0aa0
p:  238273.0532064338
5d152ecc90c22692598f0aa1
p:  439786.8018606262
5d152ed3c71ad9e7e28f0aa3
p:  245757.05716752936
5d152ef8c71ad9e7e28f0aa4
p:  371627.2626668934
5d152ef94617c8c9038f0aa3
p:  175885.97450239793
5d152f3090c22692598f0aa2
p:  179149.3798593053
5d152f33f61b7293c58f0aaf
p:  136947.08842117246
5d152f5290c22692598f0aa6
p:  258512.24286451098
5d152f5890c22692598f0aa7
p:  338016.8265629263
5d152f6390c22692598f0aa8
p:  193433.10781926615
5d152f6c4617c8c9038f0aa6
p:  131586.7975383113
5d152f96432168b8b28f0ac6
p:  445423.9227975204
5d152f9ba3f6f4d2bf8f0a99
p:  244886.72875582072
5d152fa0ab6ce467ac8f0aa3
p:  156910.54204034744
5d152fb0e932dfd1738f0a8b
p:  148793.1985648082
5d152fbbfe94c9b75b8f0a90
p:  278714.91864561127
5d152fc14617c8c9038f0aa8
p:  175885.97450239793
5d152fe2ab6ce467ac8f0aa5
p:  309315.4011241468
5d152fe2a3f6f4d2bf8f0a9b
p:  247070.79960060504
5d152ff7a3f6f4d2bf8f0a9c
p:  196850.13204450288
5d152ff9432168b8b28f0acc
p:  122440.80907602342
5d153009a3f6f4d2bf8f0a9d
p:  230177.3571439093
5d153013a3f6f4d2bf8f0a9e
p:  258156.1048545959
5d15301fe932dfd1738f0a8f
p:  192454.9487284125
5d153020fe94c9b75b8f0a93
p:  279191.3893566623
5d153037e932dfd1738f0a91
p:  216436.44047652642
5d15305eab6ce467ac8f0aab
p:  238295.13121627364
5d153063ab6ce467ac8f0aac
p:  253583.34357533278
5d1530e4a3f6f4d2bf8f0aa3
p:  428180.72304759885
5d1530f3432168b8b28f0ad4
p:  383024.1247121279
5d1530f990c22692598f0aa9
p:  246101.59457565806
5d15311132e78cba6d8f0a92
p:  211840.46727843647
5d153114fe94c9b75b8f0a98
p:  350945.7736104685
5d153122f587b45ba58f0a92
p:  108405.11165192738
5d153152ab6ce467ac8f0ab2
p:  317397.5787883043
5d15317290c22692598f0aaa
p:  187387.30073393535
5d15317aa3f6f4d2bf8f0aa7
p:  194373.82374648767
5d15318390c22692598f0aab
p:  175077.2070594298
5d153189a3f6f4d2bf8f0aa8
p:  685049.4978338913
5d153198fe078b892d8f0a88
p:  252991.31722126648
5d153199a3f6f4d2bf8f0aaa
p:  210114.21867521654
5d1531b0a3f6f4d2bf8f0aac
p:  367728.6934217751
5d1531bcf61b7293c58f0ab4
p:  323357.4338251944
5d1531c0a3f6f4d2bf8f0aae
p:  419844.8153280673
5d1531e990c22692598f0aac
p:  361549.9028050641
5d1531ef432168b8b28f0ad6
p:  433152.634631189
5d1531fdab6ce467ac8f0ab7
p:  463517.6980305522
5d153221432168b8b28f0ad8
p:  207702.40334411146
5d15322de932dfd1738f0a93
p:  116553.1900521577
5d153244ab6ce467ac8f0ab8
p:  396368.20880259736
5d153252a3f6f4d2bf8f0ab1
p:  247217.35243087373
5d153257fe078b892d8f0a8f
p:  178186.813450379
5d153276ab6ce467ac8f0abb
p:  218006.39236451272
5d153277a3f6f4d2bf8f0ab3
p:  219378.60605517347
5d153295a3f6f4d2bf8f0ab4
p:  286658.74660832516
5d1532d790c22692598f0aaf
p:  163967.62027202477
5d1533038d4a87f1718f0ab8
p:  686714.9399234559
5d15330d90c22692598f0ab0
p:  351512.9270171408
5d153322c71ad9e7e28f0aa8
p:  248365.6043873731
5d15332afe078b892d8f0a90
p:  172932.80080180767
5d153334fe94c9b75b8f0a9d
p:  441040.1513272434
5d15333990c22692598f0ab1
p:  255893.89996842024
5d15334fa3f6f4d2bf8f0ab5
p:  400950.7155238271
5d153359a3f6f4d2bf8f0ab6
p:  243835.35740317538
5d15335f90c22692598f0ab2
p:  129120.61945352888
5d153360fe078b892d8f0a94
p:  244578.26273126202
5d153364a3f6f4d2bf8f0ab7
p:  172701.58449011354
5d153376fe94c9b75b8f0a9f
p:  534339.1661749387
5d15338190c22692598f0ab3
p:  334175.99652646633
5d15339afe078b892d8f0a97
p:  262978.8228291969
5d1533a990c22692598f0ab4
p:  193901.27895600317
5d1533e232e78cba6d8f0a99
p:  260816.42646258706
5d15341a32e78cba6d8f0a9a
p:  224379.7418900539
5d153421a3f6f4d2bf8f0ab9
p:  400950.7155238271
5d153432a3f6f4d2bf8f0aba
p:  277871.6118358597
5d153441a3f6f4d2bf8f0abb
p:  224935.22482654787
5d15344efe94c9b75b8f0aa5
p:  378280.64766605303
5d153451a3f6f4d2bf8f0abc
p:  227439.9395412536
5d15345ec71ad9e7e28f0aa9
p:  243499.27865638369
5d153466fe94c9b75b8f0aa8
p:  431671.10330378806
5d15348290c22692598f0ab7
p:  276502.1713181602
5d1534b1e932dfd1738f0a98
p:  133085.86171057433
5d1534bce932dfd1738f0a99
p:  112113.92966647283
5d153508e932dfd1738f0a9d
p:  214956.2040973897
5d153513a3f6f4d2bf8f0ac3
p:  154705.169206226
5d15352190c22692598f0ab8
p:  246461.23445105396
5d153522e932dfd1738f0a9f
p:  216294.05920853425
5d1535234617c8c9038f0ab1
p:  323636.8646701118
5d153539e932dfd1738f0aa0
p:  201563.0371138503
5d15354f90c22692598f0ab9
p:  135310.98506167388
5d15356790c22692598f0aba
p:  193901.27895600317
5d15357d90c22692598f0abb
p:  164824.5291456728
5d15359090c22692598f0abc
p:  380260.14153271867
5d1535a290c22692598f0abd
p:  174880.75252593978
5d1535d4a3f6f4d2bf8f0ac9
p:  220772.85057575328
5d1535d6e932dfd1738f0aa1
p:  116011.08561728534
5d1535d932e78cba6d8f0a9e
p:  224145.54130240742
5d1535e0e932dfd1738f0aa3
p:  107070.97979104535
5d1535e490c22692598f0abf
p:  253266.98275595406
5d1535e8e932dfd1738f0aa4
p:  154617.40824030028
5d1535f5e932dfd1738f0aa6
p:  127653.3900143291
5d153603e932dfd1738f0aa8
p:  165650.38956409576
5d15360790c22692598f0ac1
p:  235996.369890336
5d153618fe94c9b75b8f0ab0
p:  362935.6819864284
5d15361990c22692598f0ac2
p:  215339.5387578739
5d15361e432168b8b28f0ae2
p:  358232.2510952452
5d153641fe94c9b75b8f0ab1
p:  264650.1396156298
5d1536444617c8c9038f0ab4
p:  175885.97450239793
5d15365f4617c8c9038f0ab7
p:  501684.07236770727
5d15365f432168b8b28f0ae3
p:  148696.34601442947
5d1536644617c8c9038f0ab8
p:  290739.5331735343
5d15366c4617c8c9038f0ab9
p:  165812.98076349281
5d1536eca3f6f4d2bf8f0ad0
p:  274116.8003721285
5d15372590c22692598f0ac6
p:  298129.8831978489
5d15374efe94c9b75b8f0ab3
p:  206198.39271549185
5d15377190c22692598f0ac9
p:  248436.04330457386
5d153788fe94c9b75b8f0ab8
p:  447823.38137072546
5d15378832e78cba6d8f0aa5
p:  160793.06306439143
5d153798e932dfd1738f0aab
p:  106026.18295636278
5d1537aae932dfd1738f0aad
p:  112159.18039521962
5d1537b190c22692598f0aca
p:  650790.7675787447
5d1537b690c22692598f0acb
p:  194120.5408524205
5d1537c290c22692598f0acd
p:  195331.69213518064
5d1537ca90c22692598f0ace
p:  315949.0838600927
5d1537d190c22692598f0acf
p:  236261.36409095908
5d1537d690c22692598f0ad0
p:  141030.60769914088
5d1537dff61b7293c58f0ac5
p:  188322.25041188975
5d1537ecfe94c9b75b8f0ac0
p:  183716.74993761256
5d1537f24617c8c9038f0ac0
p:  204548.3522425205
5d15380be932dfd1738f0ab2
p:  100434.62384444672
5d15380d90c22692598f0ad1
p:  270662.6084655253
5d153812e932dfd1738f0ab3
p:  105944.44578480432
5d15381de932dfd1738f0ab4
p:  143757.41848367482
5d15382890c22692598f0ad2
p:  200927.56252200285
5d15383f4617c8c9038f0ac5
p:  141242.44838826515
5d15388e4617c8c9038f0acd
p:  340891.20605680905
5d1538d88d4a87f1718f0ae0
p:  686714.9399234559
5d1539514617c8c9038f0ad6
p:  165678.39671052137
5d15396d32e78cba6d8f0aaa
p:  264058.8923170981
5d153970432168b8b28f0ae6
p:  140584.62488929048
5d15399632e78cba6d8f0aab
p:  107716.48299080621
5d1539ac432168b8b28f0aec
p:  117804.69619976098
5d1539bb32e78cba6d8f0aac
p:  326754.47321994044
5d1539bb432168b8b28f0aee
p:  267504.8149698101
5d1539fe32e78cba6d8f0aae
p:  159019.9042591292
5d153a0632e78cba6d8f0aaf
p:  149605.69819841714
5d153a384617c8c9038f0adf
p:  239483.26969880634
5d153a8cf587b45ba58f0ab1
p:  225713.4903039178
5d153a91f587b45ba58f0ab2
p:  208742.58194159233
5d153a96f587b45ba58f0ab3
p:  208742.58194159233
5d153a9af587b45ba58f0ab4
p:  245059.4890131185
5d153a9ef587b45ba58f0ab5
p:  223162.63281626103
5d153aa4f587b45ba58f0ab6
p:  223162.63281626103
5d153aa8f587b45ba58f0ab7
p:  245059.4890131185
5d153accf587b45ba58f0ab8
p:  280725.16859258554
5d153ad3f587b45ba58f0ab9
p:  231548.58317734295
5d153ae732e78cba6d8f0ab1
p:  268858.48586247594
5d153b38e932dfd1738f0aba
p:  221807.71384115895
5d153b3cfe94c9b75b8f0aca
p:  171941.08777038415
5d153b68fe078b892d8f0aa4
p:  254375.2456479195
5d153b7dfe078b892d8f0aa5
p:  265494.57816396805
5d153b97fe94c9b75b8f0acb
p:  185537.40967889962
5d153ba3fe078b892d8f0aa6
p:  134314.9519325824
5d153ba7fe94c9b75b8f0acd
p:  363573.8668837172
5d153bce32e78cba6d8f0ab2
p:  188369.18200383318
5d153beee932dfd1738f0abc
p:  190643.93910548446
5d153c1bfe078b892d8f0aa9
p:  244971.9571176815
5d153c3ff587b45ba58f0abf
p:  253224.31136826216
5d153c4ffe078b892d8f0aaa
p:  264062.3365579441
5d153c67f587b45ba58f0ac2
p:  272642.9914057165
5d153c83f587b45ba58f0ac3
p:  199177.3924411962
5d153c85432168b8b28f0af7
p:  234995.9316243365
5d153caa90c22692598f0ae0
p:  301272.53923610016
5d153cdffe94c9b75b8f0ada
p:  171475.1314547824
5d153ce0a3f6f4d2bf8f0aec
p:  294226.59865646396
5d153ceefe94c9b75b8f0adc
p:  161478.3021386496
5d153db3f61b7293c58f0ae0
p:  230210.03867384407
5d153e3e90c22692598f0afd
p:  428623.8040358563
5d153eaffe078b892d8f0aac
p:  214734.88704701784
5d153eb7fe078b892d8f0aad
p:  130986.3670694968
5d153ec6fe94c9b75b8f0adf
p:  356966.36778283375
5d153ec890c22692598f0b05
p:  305189.3002984654
5d153ecf90c22692598f0b06
p:  231659.21280300416
5d153ed5fe078b892d8f0aae
p:  246879.14876943873
5d153eea90c22692598f0b08
p:  427157.82795530185
5d153efce932dfd1738f0ac6
p:  250330.28438217661
5d153f85fe078b892d8f0ab4
p:  255990.8778590048
5d153f9090c22692598f0b16
p:  298215.6504305353
5d153fd9e932dfd1738f0ace
p:  119150.27033801062
5d1540a2a3f6f4d2bf8f0afe
p:  516156.5225389278
5d1540be4617c8c9038f0aef
p:  365161.5017411908
5d15418432e78cba6d8f0ac6
p:  300823.6654089773
5d1541854617c8c9038f0afe
p:  287174.4763877911
5d1541d6a3f6f4d2bf8f0b04
p:  403654.63643058494
5d15420f4617c8c9038f0b04
p:  293727.8242472832
5d15423b90c22692598f0b29
p:  1279741.679049921
5d154277fe94c9b75b8f0af4
p:  187426.68049682662
5d1542cce932dfd1738f0ada
p:  98478.64887643326
5d15432fe932dfd1738f0ae4
p:  127890.85555702462
5d15435a4617c8c9038f0b05
p:  405372.8558214637
5d15438f4617c8c9038f0b06
p:  224208.8045709913
5d1543df4617c8c9038f0b08
p:  287174.4763877911
5d1543ec4617c8c9038f0b09
p:  225171.87542981404/home/testapiuser/HouseApp_2/PricePrediction/DEPrice.py:267: SettingWithCopyWarning: 
A value is trying to be set on a copy of a slice from a DataFrame.
Try using .loc[row_indexer,col_indexer] = value instead

See the caveats in the documentation: http://pandas.pydata.org/pandas-docs/stable/indexing.html#indexing-view-versus-copy
  df2['AreaSpace_SQFT'] = df2['AreaSpace_SQFT'].astype(int)
/home/testapiuser/HouseApp_2/PricePrediction/DEPrice.py:279: SettingWithCopyWarning: 
A value is trying to be set on a copy of a slice from a DataFrame.
Try using .loc[row_indexer,col_indexer] = value instead

See the caveats in the documentation: http://pandas.pydata.org/pandas-docs/stable/indexing.html#indexing-view-versus-copy
  df2['Price'] = z1
/home/testapiuser/HouseApp_2/PricePrediction/DEPrice.py:286: SettingWithCopyWarning: 
A value is trying to be set on a copy of a slice from a DataFrame.
Try using .loc[row_indexer,col_indexer] = value instead

See the caveats in the documentation: http://pandas.pydata.org/pandas-docs/stable/indexing.html#indexing-view-versus-copy
  df2['AreaSpace_SQFT'] = z2

5d1544024617c8c9038f0b0c
p:  224208.8045709913
5d15443590c22692598f0b34
p:  402895.8658781202
5d154455a3f6f4d2bf8f0b15
p:  394131.4249495579
5d15453832e78cba6d8f0aca
p:  211851.82216598705
5d15453c432168b8b28f0b10
p:  363360.50586165005
5d1545ee90c22692598f0b3d
p:  925905.620762798
5d15461532e78cba6d8f0ad2
p:  232850.19833370944
5d15466fa3f6f4d2bf8f0b2a
p:  945567.7658417976
5d154767f61b7293c58f0b0a
p:  275369.67722808954
5d1547ac90c22692598f0b48
p:  510721.52147642616
5d1547e532e78cba6d8f0adc
p:  207741.30007041004
5d15490c32e78cba6d8f0ae1
p:  221947.41872397298
5d15499590c22692598f0b5b
p:  475794.3779205006
5d1549a590c22692598f0b5d
p:  864802.0269096624
5d154a60f61b7293c58f0b0e
p:  288053.5304122347
5d154ad9f61b7293c58f0b15
p:  340334.91022016056
5d154b3d32e78cba6d8f0ae8
p:  230624.07854611275
5d154b4b32e78cba6d8f0aea
p:  281429.1376249538
5d154cb2f587b45ba58f0b14
p:  207671.65005804918
5d154d0532e78cba6d8f0aee
p:  309143.3542050158
5d154d0a90c22692598f0b6d
p:  925905.620762798
5d154d10432168b8b28f0b3d
p:  406443.89860831475
5d154d1e32e78cba6d8f0aef
p:  184711.81105443725
5d154d3232e78cba6d8f0af0
p:  171373.50834229827
5d154d8132e78cba6d8f0af5
p:  281589.0156038726
5d154d8b32e78cba6d8f0af7
p:  217470.99384511623
5d154dad32e78cba6d8f0afc
p:  214211.5001950884
5d154e4b432168b8b28f0b3f
p:  387462.2143693904
5d154e5cf587b45ba58f0b1c
p:  177352.74415916833
5d154e74432168b8b28f0b40
p:  319467.1762454491
5d154ea0a3f6f4d2bf8f0b41
p:  392379.0977279295
5d155150f587b45ba58f0b29
p:  283083.0908644174
5d15548ff587b45ba58f0b34
p:  257864.3323324846
5d155496f587b45ba58f0b35
p:  454957.49632385833
5d1557d190c22692598f0bcb
p:  2065885.9889700576
5d15582ca3f6f4d2bf8f0b73
p:  497261.81854327687
5d19c379a22b896835d02f3c
p:  225174.24297650828
5d1b5624de938db059022ab0
p:  197084.78248157824
5d1b562f65b263e7e2022ab1
p:  199366.46382954557
5d1b563965b263e7e2022ab2
p:  428201.41635005013
5d271995107c1d579eeb6a6f
p:  86364.65800537303
5d2719b5107c1d579eeb6a70
p:  121231.37410389024
5d29cca5199bf96b6045adb0
p:  240758.88473229203
5d2b185647cfe46363877b49
p:  262904.13977265294
5d34b7bc18f8dde30a0abc9a
p:  310551.95379868103
5d38c81002947826d9b03c38
p:  135864.49602425244
5d479245acae7a72623cb536
p:  239224.2286037536
Current date and time: 2020-06-10 15:34:11
Successfully connect to DB.
For ['Kent', 'New Castle', 'Sussex']#################################################################
train score for random_forest: 0.9139275673296323
test score for random_forest: 0.5957618038240636
The mean absolute error is:$ 141437.99759746745
r_Score: 0.6136772796612627
Voting Regressor (in): 0.9299858446923079
Voting Regressor: 0.6136772796612627
5d09c623f184f611416d98bc
p:  271552.24038359395
5d15254032e78cba6d8f0a70
p:  222146.56973351364
5d152546c71ad9e7e28f0a70
p:  196341.73251774727
5d152561c71ad9e7e28f0a73
p:  245526.4225142079
5d1525af90c22692598f0a6e
p:  409364.70674570696
5d1525b24617c8c9038f0a6f
p:  378052.9990187905
5d1525b3f587b45ba58f0a6e
p:  180491.67365023913
5d1525b490c22692598f0a6f
p:  285971.9132406494
5d1525bc90c22692598f0a70
p:  490295.93552186916
5d1525c290c22692598f0a71
p:  178381.0773570509
5d1525c78d4a87f1718f0a6e
p:  112861.63400333637
5d1525eaab6ce467ac8f0a6f
p:  190615.2012811382
5d1525f4432168b8b28f0a6f
p:  115397.51462933759
5d1526028d4a87f1718f0a70
p:  111500.5016565946
5d15260b8d4a87f1718f0a71
p:  186425.44438313067
5d1526138d4a87f1718f0a72
p:  118867.89838137093
5d152632e932dfd1738f0a6e
p:  329199.3830854137
5d1526338d4a87f1718f0a75
p:  108419.92410761461
5d1526478d4a87f1718f0a77
p:  159907.06570828613
5d15264d8d4a87f1718f0a78
p:  159907.06570828613
5d152655ab6ce467ac8f0a72
p:  277335.0895657908
5d1526558d4a87f1718f0a79
p:  287279.13418725214
5d152659e932dfd1738f0a70
p:  92277.37430365775
5d15267a4617c8c9038f0a76
p:  500690.7560055143
5d1526904617c8c9038f0a79
p:  271372.582484978
5d1526a3fe94c9b75b8f0a70
p:  183654.17120014608
5d1526a8f587b45ba58f0a70
p:  88437.29276165516
5d1526a9f61b7293c58f0a7d
p:  388990.5598427643
5d1526abfe94c9b75b8f0a72
p:  401986.4949270326
5d1526acf587b45ba58f0a71
p:  125323.01648697589
5d1526ad4617c8c9038f0a7d
p:  418701.7416136633
5d1526bd4617c8c9038f0a7f
p:  300581.15975966654
5d1526f8a3f6f4d2bf8f0a71
p:  242802.96653777614
5d1526ff90c22692598f0a77
p:  350101.7516236401
5d152716432168b8b28f0a7e
p:  273687.4548086425
5d152744432168b8b28f0a84
p:  136340.70770661486
5d15274690c22692598f0a7a
p:  240017.16100954695
5d1527514617c8c9038f0a80
p:  217674.13065698498
5d15278090c22692598f0a7e
p:  274986.79245388624
5d1527b8fe94c9b75b8f0a74
p:  358209.8924960432
5d1527bc32e78cba6d8f0a73
p:  172659.29768834234
5d1527e7e932dfd1738f0a7c
p:  288149.5065455305
5d1527f04617c8c9038f0a84
p:  335264.3718663455
5d152824c71ad9e7e28f0a85
p:  338146.68540535506
5d152848c71ad9e7e28f0a88
p:  187686.42225842626
5d15284b8d4a87f1718f0a84
p:  91217.3373837271
5d15284dc71ad9e7e28f0a89
p:  273508.13018994685
5d15287f90c22692598f0a81
p:  614711.317659924
5d15288ef587b45ba58f0a75
p:  141483.7905201674
5d15289590c22692598f0a83
p:  314558.02513167734
5d152919ab6ce467ac8f0a7b
p:  255770.5008625117
5d152925ab6ce467ac8f0a7c
p:  295404.22495471593
5d15293b8d4a87f1718f0a86
p:  262908.99936624366
5d152962f587b45ba58f0a7a
p:  90496.70786340188
5d15296bf587b45ba58f0a7b
p:  91395.0000075112
5d152993fe94c9b75b8f0a77
p:  247373.27031699265
5d1529d74617c8c9038f0a8f
p:  244969.05168434803
5d1529f0a3f6f4d2bf8f0a82
p:  226114.71497483796
5d1529ffa3f6f4d2bf8f0a84
p:  413786.85205163155
5d152a0ba3f6f4d2bf8f0a85
p:  367262.090905773
5d152a0d432168b8b28f0a93
p:  123012.2138655282
5d152a23432168b8b28f0a96
p:  118949.50616015658
5d152a63fe078b892d8f0a78
p:  285633.5006531812
5d152a70fe078b892d8f0a79
p:  145210.06232564096
5d152a81fe078b892d8f0a7b
p:  158880.79442715476
5d152a88fe078b892d8f0a7c
p:  179196.83110370958
5d152a99ab6ce467ac8f0a7d
p:  430401.5609912164
5d152aabab6ce467ac8f0a7f
p:  281548.61913626385
5d152ae0f587b45ba58f0a80
p:  264144.1706457155
5d152ae3432168b8b28f0a9d
p:  227439.51283871592
5d152b1e432168b8b28f0a9e
p:  115397.51462933759
5d152b34f61b7293c58f0a8d
p:  203755.56143139134
5d152b5a432168b8b28f0aa2
p:  202114.90188117645
5d152b77ab6ce467ac8f0a80
p:  252643.0160095967
5d152b8290c22692598f0a8a
p:  294711.2357803854
5d152b84f61b7293c58f0a90
p:  134042.0866551472
5d152b8990c22692598f0a8c
p:  374385.5843929978
5d152ba7432168b8b28f0aa4
p:  231436.27818637365
5d152bc0432168b8b28f0aa5
p:  196827.57759799744
5d152bc8f61b7293c58f0a95
p:  191497.93953581277
5d152bcc432168b8b28f0aa7
p:  185722.38246565714
5d152bd1f61b7293c58f0a96
p:  218648.5736829508
5d152bd3f587b45ba58f0a82
p:  197120.13290591398
5d152bdafe078b892d8f0a7d
p:  226214.13668845384
5d152bf5f587b45ba58f0a83
p:  111025.62114318827
5d152c0c90c22692598f0a8e
p:  286515.4923035728
5d152c23fe94c9b75b8f0a7f
p:  352242.148883735
5d152c2c432168b8b28f0ab0
p:  142569.0749541189
5d152c43e932dfd1738f0a89
p:  108526.81564057997
5d152c6b32e78cba6d8f0a7e
p:  269642.2451281565
5d152c7d432168b8b28f0aba
p:  434350.5331138866
5d152c7e90c22692598f0a92
p:  281470.0006353573
5d152c82f61b7293c58f0a98
p:  251060.25219292048
5d152c95f61b7293c58f0a99
p:  200341.31634037918
5d152caffe078b892d8f0a82
p:  148067.7787740811
5d152ccaab6ce467ac8f0a87
p:  156910.54204034744
5d152cd3f587b45ba58f0a85
p:  140240.9723350041
5d152cd5ab6ce467ac8f0a89
p:  213323.64198148463
5d152cd9f61b7293c58f0a9e
p:  221816.8825163697
5d152ce090c22692598f0a97
p:  247401.7357721224
5d152ce3ab6ce467ac8f0a8b
p:  355814.0807959864
5d152ce690c22692598f0a98
p:  141030.60769914088
5d152ce7ab6ce467ac8f0a8c
p:  431299.88322146866
5d152cef90c22692598f0a99
p:  265186.5152000861
5d152d01f61b7293c58f0aa1
p:  239046.64836609532
5d152d074617c8c9038f0a9a
p:  397321.8818647701
5d152d18ab6ce467ac8f0a8f
p:  252891.19823347987
5d152d20ab6ce467ac8f0a90
p:  145930.80081012088
5d152d21f61b7293c58f0aa2
p:  423723.2109818637
5d152d2e32e78cba6d8f0a83
p:  208080.0847215985
5d152d5afe078b892d8f0a85
p:  156058.44862609633
5d152d75ab6ce467ac8f0a91
p:  200780.4462230773
5d152d90ab6ce467ac8f0a92
p:  145930.80081012088
5d152d97f61b7293c58f0aa3
p:  224103.66078816884
5d152dc6f61b7293c58f0aa6
p:  136947.08842117246
5d152dc9f587b45ba58f0a87
p:  117261.9125355465
5d152dd2f587b45ba58f0a88
p:  88437.29276165516
5d152de2f587b45ba58f0a8b
p:  117902.68675820513
5d152e11ab6ce467ac8f0a98
p:  241411.7601533423
5d152e26fe94c9b75b8f0a86
p:  358316.52842868003
5d152e348d4a87f1718f0a95
p:  85573.27364945589
5d152e5fab6ce467ac8f0a9c
p:  175797.7063055136
5d152e6ea3f6f4d2bf8f0a94
p:  372551.21511892497
5d152e74ab6ce467ac8f0a9d
p:  264151.02497437655
5d152e8e90c22692598f0a9c
p:  