Current date and time: 2020-06-07 15:34:19
Successfully connect to DB.
For ['Bay', 'Calhoun', 'Escambia', 'Gulf', 'Holmes', 'Jackson', 'Okaloosa', 'Santa Rosa', 'Walton', 'Washington']#################################################################
train score for random_forest: 0.9452242801880549
test score for random_forest: 0.667709388135107
The mean absolute error is:$ 162515.8553065335
r_Score: 0.6972604918035272
Voting Regressor (in): 0.937044231145668
Voting Regressor: 0.6972604918035273
5d0e6ca245ebd0b4c32fce9f
p:  240388.02663250134
5d0e9dc82b8f60b82b8f8d90
p:  195062.11608485226
5d0e9fde19f56a0d5b8f8df0
p:  254113.84717557655
5d129391b7ae3de20d8d6e2e
p:  196992.5777780577
5d1b773d03ecbb08e0bf6095
p:  208141.36532840726
5d1bc63e03ecbb08e0bf61d4
p:  255694.39027411665
5d1c7a592815e12fa7458af4
p:  113129.31296816976
5d1c7a942815e12fa7458af8
p:  99044.30728026955
5d1c7bc92815e12fa7458aff
p:  91898.35637044438
5d1c7c854d734b483d458b90
p:  213704.15530031605
5d1c7d534d734b483d458b93
p:  209625.1708398118
5d1c7da82815e12fa7458b06
p:  607654.9758507872
5d1c7f154d734b483d458b9b
p:  165067.45590508464
5d1c7fdec7c8300865458ad6
p:  732493.0972949811
5d1c805b199bf96b60458afc
p:  314500.39772394416
5d1c80678defc08084458bca
p:  488744.90456048225
5d1c807f2385b96d95458b5a
p:  482993.5662429333
5d1c81be2385b96d95458b64
p:  268451.55503488565
5d1c81d3c7c8300865458ada
p:  276219.58441747027
5d1c8245199bf96b60458b0b
p:  438621.60284772294
5d1c825d2385b96d95458b6a
p:  377485.8606900481
5d1c82652385b96d95458b6b
p:  266002.02863893553
5d1c8371199bf96b60458b0e
p:  456051.8386964738
5d1c8388c7c8300865458ae6
p:  120912.18562861445
5d1c83f52385b96d95458b71
p:  129182.28804983458
5d1c84a14d734b483d458bb4
p:  268566.4811298284
5d1c8502c7c8300865458aeb
p:  263471.53953877423
5d1c85462385b96d95458b76
p:  140849.5250977568
5d1c85afc7c8300865458af1
p:  134284.17898225063
5d1c85bb4d734b483d458bb9
p:  262548.00729980273
5d1c85e0c7c8300865458af6
p:  382206.9798742739
5d1c8615c7c8300865458af9
p:  116202.07818218702
5d1c861fc7c8300865458afa
p:  218573.87607046438
5d1c869e7e6c493d59458ae5
p:  349425.11415133975
5d1c86a3199bf96b60458b1f
p:  449078.50744593306
5d1c86d57e6c493d59458ae6
p:  320252.45543493604
5d1c87437e6c493d59458ae8
p:  480250.9130873921
5d1c88071a28aa5690458b2e
p:  527880.0565065742
5d1c881f7e6c493d59458aec
p:  306616.6369687499
5d1c882167ba46c848458b4c
p:  199792.52653609074
5d1c885067ba46c848458b4e
p:  204005.4570930865
5d1c892c4d734b483d458bc8
p:  269653.1590325481
5d1c8a29c7c8300865458b03
p:  128188.30862988782
5d1c8a3b4d734b483d458bcd
p:  288512.15990478965
5d1c8a56c7c8300865458b07
p:  373972.99862197007
5d1c8a907e6c493d59458af7
p:  382947.0940751841
5d1c8a93199bf96b60458b35
p:  287475.7024587673
5d1c8b347e6c493d59458afa
p:  440813.1221693065
5d1c8b6fc7c8300865458b09
p:  295521.8694146827
5d1c8b78c7c8300865458b0a
p:  148322.11107736328
5d1c8c961a28aa5690458b4c
p:  325906.1060627687
5d1c8d134d734b483d458bda
p:  197671.98246477966
5d1c8d557e6c493d59458b04
p:  413676.92010555975
5d1c8dd51a28aa5690458b59
p:  331714.27741045365
5d1c8defe3c6a18d4b458aee
p:  155249.13395871402
5d1c8e022385b96d95458b9a
p:  364375.9086616159
5d1c8e16e3c6a18d4b458aef
p:  125202.0144199406
5d1c8e234d734b483d458bdf
p:  392579.1148103593
5d1c8e31e3c6a18d4b458af0
p:  68257.6675456977
5d1c8e541a28aa5690458b63
p:  250077.7970942578
5d1c8e661a28aa5690458b64
p:  250077.7970942578
5d1c8f8f2385b96d95458b9f
p:  294238.3546322872
5d1c9001a9e65619f8458a97
p:  177922.66334826447
5d1c9025199bf96b60458b6f
p:  399479.7078006399
5d1c9032c7c8300865458b16
p:  295674.3526522716
5d1c90aba9e65619f8458aa6
p:  219431.7456950047
5d1c90f32815e12fa7458b64
p:  274304.52914634557
5d1c91052815e12fa7458b66
p:  354872.46769588406
5d1c91152815e12fa7458b67
p:  314380.2552140987
5d1c91312815e12fa7458b68
p:  184954.93149892625
5d1c92001a28aa5690458b75
p:  350427.5966144059
5d1c920aa9e65619f8458ab3
p:  107433.84727236639
5d1c92114d734b483d458bf1
p:  360543.06495402544
5d1c924de3c6a18d4b458afb
p:  256679.6206897344
5d1c929dc7c8300865458b19
p:  356546.1284003493
5d1c9352c7c8300865458b1d
p:  291721.57709820184
5d1c936667ba46c848458b7d
p:  859966.042211367
5d1c94542815e12fa7458b78
p:  197883.16054888724
5d1c949267ba46c848458b82
p:  858373.2654878255
5d1c94a5abcfa3314a458ab0
p:  223068.11812105682
5d1c94b7abcfa3314a458ab1
p:  329062.8077799087
5d1c94d0abcfa3314a458ab2
p:  83586.5701208393
5d1c94e0abcfa3314a458ab3
p:  94881.31861639045
5d1c950c4d734b483d458bff
p:  192285.1294891181
5d1c953fa9e65619f8458abb
p:  208584.34629099537
5d1c96bae3c6a18d4b458b11
p:  283575.78864687844
5d1c970e2815e12fa7458b7c
p:  231997.07478117273
5d1c976a2815e12fa7458b80
p:  90576.89299392376
5d1c9772e3c6a18d4b458b15
p:  344607.7484689723
5d1c980b4d734b483d458c0d
p:  133934.19080867962
5d1c98794d734b483d458c0f
p:  457046.3926216797
5d1c994da9e65619f8458acb
p:  250755.29184028518
5d1c99c44d734b483d458c15
p:  406058.61844476307
5d1c9aacabcfa3314a458ada
p:  203451.15518500094
5d1c9b09abcfa3314a458add
p:  165417.775244285
5d1c9b3dabcfa3314a458ade
p:  185920.59253671858
5d1c9b3f8defc08084458c2e
p:  1236153.1165821347
5d1c9c412815e12fa7458bb4
p:  226549.00002110237
5d1c9c594d734b483d458c21
p:  150281.54869800294
5d1c9c7e1a28aa5690458b9f
p:  242716.02601707677
5d1c9c904d734b483d458c22
p:  420910.8038882336
5d1c9c9e1a28aa5690458ba2
p:  157678.58382608148
5d1c9ca47f6cc0a0f0458bb3
p:  178445.1779583608
5d1c9ca98defc08084458c33
p:  956387.3293554613
5d1c9cc01a28aa5690458ba5
p:  121560.7875921583
5d1c9cd72815e12fa7458bbc
p:  111618.89582201469
5d1c9ce01a28aa5690458ba8
p:  166843.79831227427
5d1c9ced2815e12fa7458bbd
p:  109868.68136088246
5d1c9d0e1a28aa5690458bab
p:  99527.5477381273
5d1c9d171a28aa5690458bac
p:  152444.65011526254
5d1c9d202815e12fa7458bc0
p:  291542.47089742566
5d1c9d211a28aa5690458bad
p:  175215.56701849663
5d1c9d2e2815e12fa7458bc1
p:  195643.1344703108
5d1c9d3a1a28aa5690458baf
p:  201984.4445412525
5d1c9d5babcfa3314a458af0
p:  294442.1906546743
5d1c9d632815e12fa7458bc4
p:  146066.0033433201
5d1c9d822815e12fa7458bc5
p:  261936.36001106427
5d1c9d922815e12fa7458bc6
p:  109868.68136088246
5d1c9da21a28aa5690458bb3
p:  199987.06951740157
5d1c9dbeabcfa3314a458af1
p:  277297.11181657267
5d1c9dcc1a28aa5690458bb5
p:  81830.19136353763
5d1c9dd5abcfa3314a458af2
p:  317211.18741141167
5d1c9e1f2815e12fa7458bcc
p:  207514.9815402481
5d1c9e3b1a28aa5690458bb9
p:  197776.15126683755
5d1c9e622815e12fa7458bcf
p:  224438.21300297324
5d1c9e972815e12fa7458bd3
p:  340281.0098504804
5d1c9ea27f6cc0a0f0458bbb
p:  194297.99171182542
5d1c9ecf2815e12fa7458bd5
p:  195643.1344703108
5d1c9ed08defc08084458c43
p:  570889.4384772035
5d1c9ee77e6c493d59458b64
p:  362710.27948991465
5d1c9eec8defc08084458c44
p:  853731.8430200552
5d1c9f137f6cc0a0f0458bbc
p:  110518.98477708176
5d1c9f19abcfa3314a458af4
p:  249350.11334149342
5d1c9f40abcfa3314a458af5
p:  536005.6070257523
5d1c9f7a1a28aa5690458bbc
p:  175904.4855523124
5d1c9f862815e12fa7458bd6
p:  186110.7010261259
5d1c9f8f2385b96d95458bea
p:  320472.72836174275
5d1c9f9a7e6c493d59458b69
p:  130063.51299851816
5d1ca04b1a28aa5690458bc2
p:  219357.07200258953
5d1ca04d2815e12fa7458bd9
p:  209765.29827316906
5d1ca0627f6cc0a0f0458bbe
p:  109543.56801319425
5d1ca0761a28aa5690458bc3
p:  172363.29640724923
5d1ca07f2815e12fa7458bdb
p:  55361.07512487682
5d1ca0807f6cc0a0f0458bc0
p:  1045202.0661434245
5d1ca0952815e12fa7458bdc
p:  230886.26689653622
5d1ca0e02815e12fa7458be0
p:  247086.50188359985
5d1ca0ff2815e12fa7458be2
p:  141201.81986624148
5d1ca1057f6cc0a0f0458bc5
p:  186544.79147969297
5d1ca1347f6cc0a0f0458bc6
p:  138184.13224055036
5d1ca13b7f6cc0a0f0458bc7
p:  288750.07501105184
5d1ca1958defc08084458c51
p:  987575.5300556862
5d1ca19b2815e12fa7458bea
p:  203128.51341339597
5d1ca1ec2385b96d95458bfc
p:  422975.79701915366
5d1ca200c7c8300865458b4f
p:  78478.7226231664
5d1ca27cc7c8300865458b54
p:  152081.65742660777
5d1ca294c7c8300865458b56
p:  182836.39864782244
5d1ca2d24d734b483d458c3f
p:  310615.36551985296
5d1ca325c7c8300865458b59
p:  278475.4854868702
5d1ca35ac7c8300865458b5d
p:  108030.99629117647
5d1ca37a1a28aa5690458bcc
p:  170894.3842637986
5d1ca388c7c8300865458b60
p:  117657.11291287793
5d1ca3921a28aa5690458bce
p:  42882.150384573324
5d1ca39fc7c8300865458b62
p:  74859.89138052122
5d1ca3a5199bf96b60458bd7
p:  138704.58546569996
5d1ca3aec7c8300865458b63
p:  167779.55380312662
5d1ca3c8199bf96b60458bd8
p:  184093.5805412091
5d1ca3cac7c8300865458b65
p:  97652.10360281382
5d1ca3e1c7c8300865458b67
p:  165296.65601188183
5d1ca3ed199bf96b60458bd9
p:  154597.6737070447
5d1ca3ed8defc08084458c5a
p:  915230.679871964
5d1ca3fa7f6cc0a0f0458bcd
p:  123405.08028721173
5d1ca419c7c8300865458b6c
p:  78541.35781202334
5d1ca453199bf96b60458bdc
p:  114319.43299100487
5d1ca471c7c8300865458b74
p:  79351.40523804077
5d1ca475199bf96b60458bdd
p:  129630.10285021138
5d1ca497199bf96b60458bde
p:  108472.20298137696
5d1ca4b6c7c8300865458b77
p:  83554.00429659095
5d1ca4c4199bf96b60458bdf
p:  186856.07827292648
5d1ca4ddc7c8300865458b79
p:  79493.314840303
5d1ca4e467ba46c848458be9
p:  764378.885710235
5d1ca523c7c8300865458b7f
p:  73261.44295580052
5d1ca556199bf96b60458be2
p:  229663.69807621866
5d1ca558c7c8300865458b84
p:  91940.32007257946
5d1ca57f199bf96b60458be3
p:  225513.91334903523
5d1ca5a8199bf96b60458be4
p:  197650.84124611007
5d1ca5b5c7c8300865458b8b
p:  260981.53666293676
5d1ca5c267ba46c848458bef
p:  673766.2914261741
5d1ca601199bf96b60458be6
p:  114319.43299100487
5d1ca65fa9e65619f8458af6
p:  292474.4224471732
5d1ca6a3199bf96b60458bea
p:  172561.70392654935
5d1ca6c4199bf96b60458beb
p:  165470.03577357106
5d1ca756199bf96b60458bee
p:  153798.46854420766
5d1ca77e199bf96b60458bef
p:  72477.76343838981
5d1ca79da9e65619f8458afc
p:  305079.4920107052
5d1ca7bf7f6cc0a0f0458be4
p:  164494.32087642894
5d1ca82967ba46c848458bfd
p:  812942.436095205
5d1ca85f67ba46c848458bfe
p:  607365.6072176464
5d1ca864abcfa3314a458b20
p:  128530.14510608345
5d1ca879199bf96b60458bf5
p:  162875.71826710936
5d1ca87eabcfa3314a458b21
p:  352317.7791463124
5d1ca885abcfa3314a458b22
p:  208413.48388301255
5d1ca88babcfa3314a458b23
p:  236218.27668944577
5d1ca89eabcfa3314a458b25
p:  174704.37346592534
5d1ca8a62815e12fa7458bfd
p:  100665.01756478075
5d1ca8b1199bf96b60458bf6
p:  163907.2788520062
5d1ca8d9199bf96b60458bf7
p:  184784.34528657564
5d1ca8fc199bf96b60458bf8
p:  145751.53156517138
5d1ca915abcfa3314a458b26
p:  174104.97332620708
5d1ca91e199bf96b60458bf9
p:  166120.19459329802
5d1ca999c7c8300865458b98
p:  127471.43402661233
5d1ca9a867ba46c848458c04
p:  863148.3022555126
5d1caa12a9e65619f8458afe
p:  142656.67785090907
5d1caa29199bf96b60458bfe
p:  108094.30587096044
5d1caa542815e12fa7458c0b
p:  166430.5481174615
5d1caa76199bf96b60458c00
p:  177180.70612307425
5d1caa8367ba46c848458c08
p:  450402.45256685634
5d1caa8cabcfa3314a458b2e
p:  198977.80721659848
5d1caa93abcfa3314a458b2f
p:  170645.94827726536
5d1caa952815e12fa7458c12
p:  363503.8824160958
5d1caa98199bf96b60458c01
p:  191570.4036687487
5d1caad41a28aa5690458bea
p:  154990.70179849304
5d1caad6199bf96b60458c03
p:  71492.93117387884
5d1cab0fabcfa3314a458b35
p:  48214.17453616419
5d1cab72abcfa3314a458b3b
p:  163550.5802784106
5d1cabbfabcfa3314a458b40
p:  178716.85709278996
5d1cabc8a9e65619f8458b01
p:  285779.1930494565
5d1cac381a28aa5690458bf0
p:  159489.59385699575
5d1cac4babcfa3314a458b41
p:  172687.73116619195
5d1cac5a1a28aa5690458bf1
p:  160162.12835786378
5d1cac7d1a28aa5690458bf2
p:  152980.39527250882
5d1cac8eabcfa3314a458b43
p:  96498.23635854805
5d1cacd0c7c8300865458ba5
p:  229867.12956513296
5d1cace4a9e65619f8458b05
p:  325662.4328326269
5d1cad34a9e65619f8458b09
p:  302254.9758171241
5d1cada2a9e65619f8458b10
p:  355754.4527262732
5d1cadafa9e65619f8458b11
p:  259626.99783570375
5d1cadbfa9e65619f8458b12
p:  126568.85328908704
5d1cadbf199bf96b60458c13
p:  174499.31039608424
5d1cadc6c7c8300865458baa
p:  224813.1046116519
5d1cadd9abcfa3314a458b4f
p:  162033.61050555334
5d1cadfca9e65619f8458b17
p:  196391.19029398775
5d1cae027f6cc0a0f0458c06
p:  101607.14834742405
5d1cae04199bf96b60458c15
p:  144361.1347629811
5d1cae2d67ba46c848458c19
p:  358260.0026640048
5d1cae9a67ba46c848458c1b
p:  830162.1879863904
5d1caeb8abcfa3314a458b5c
p:  211572.65091283421
5d1caf36199bf96b60458c1d
p:  196149.51424309437
5d1caf382815e12fa7458c1f
p:  149372.51206580922
5d1caf9a199bf96b60458c20
p:  326174.97249878786
5d1cafc8199bf96b60458c21
p:  92567.97709895595
5d1cafec199bf96b60458c22
p:  74474.5480290248
5d1cb033199bf96b60458c24
p:  281672.73863861867
5d1cb07babcfa3314a458b63
p:  145215.96468134096
5d1cb1a0a9e65619f8458b1d
p:  356264.10599804437
5d1cb1d6a9e65619f8458b1e
p:  836193.6703304427
5d1cb246a9e65619f8458b20
p:  234520.1489496639
5d1cb27ea9e65619f8458b21
p:  357201.3534044869
5d1cb2efa9e65619f8458b23
p:  276541.80810584885
5d1cb326a9e65619f8458b24
p:  591803.690255283
5d1cb373199bf96b60458c39
p:  82294.1185277951
5d1cb399a9e65619f8458b26
p:  141510.48065046984
5d1cb43167ba46c848458c35
p:  538604.4325689166
5d1cb460199bf96b60458c3e
p:  154274.7551326807
5d1cb4811a28aa5690458c11
p:  159901.66269797896
5d1cb4c74d734b483d458c91
p:  718410.0707004062
5d1cb4f72815e12fa7458c3e
p:  238452.41312672585
5d1cb56eabcfa3314a458b72
p:  91193.80363328289
5d1cb6142815e12fa7458c44
p:  161111.59550821257
5d1cb61d199bf96b60458c49
p:  78965.43007021231
5d1cb673abcfa3314a458b76
p:  321695.9772049461
5d1cb68f199bf96b60458c4c
p:  131823.67355686004
5d1cb69367ba46c848458c40
p:  826249.7250796484
5d1cb6b0199bf96b60458c4d
p:  84590.49827042336
5d1cb6dba9e65619f8458b34
p:  129157.2343019388
5d1cb6db1a28aa5690458c16
p:  355783.01201304124
5d1cb7c1a9e65619f8458b38
p:  255744.52552144093
5d1cb7d3199bf96b60458c57
p:  39148.67763989407
5d1cb7f7a9e65619f8458b39
p:  143463.14953189643
5d1cb82c2815e12fa7458c4a
p:  195182.49667622702
5d1cb86a2815e12fa7458c4d
p:  193009.76120000018
5d1cb8792815e12fa7458c4f
p:  211059.0016150388
5d1cb885c7c8300865458bc4
p:  330827.58046695543
5d1cb88ac7c8300865458bc5
p:  305784.527238682
5d1cb89da9e65619f8458b3c
p:  165096.93495591544
5d1cb8e74d734b483d458ca4
p:  309048.4227124611
5d1cb912c7c8300865458bc8
p:  152061.07523114394
5d1cb9254d734b483d458ca5
p:  201773.85221550008
5d1cb95b4d734b483d458ca6
p:  342299.01324696816
5d1cb97aa9e65619f8458b40
p:  274614.91344625823
5d1cb98067ba46c848458c4e
p:  925697.0070273331
5d1cb981199bf96b60458c62
p:  82514.46234829018
5d1cb9a1abcfa3314a458b83
p:  119036.0838812279
5d1cb9bd1a28aa5690458c21
p:  208652.82027772506
5d1cb9dbc7c8300865458bca
p:  319318.9431073478
5d1cba344d734b483d458caa
p:  176075.21047886502
5d1cba58a9e65619f8458b44
p:  292474.4224471732
5d1cba6a4d734b483d458cab
p:  250214.6604879493
5d1cba90a9e65619f8458b45
p:  394830.9975904395
5d1cbaa04d734b483d458cac
p:  319130.7346123538
5d1cbada1a28aa5690458c27
p:  118448.84238103562
5d1cbb134d734b483d458cae
p:  212439.30030570802
5d1cbb157f6cc0a0f0458c1e
p:  323223.09983396635
5d1cbb2e1a28aa5690458c2b
p:  205035.40648273207
5d1cbb367f6cc0a0f0458c20
p:  181580.93458830297
5d1cbb4c7f6cc0a0f0458c22
p:  180891.20845242823
5d1cbb6167ba46c848458c5b
p:  666737.9267553189
5d1cbb6d7f6cc0a0f0458c27
p:  429324.4774243529
5d1cbb71c7c8300865458bdb
p:  276049.70369859296
5d1cbb7a7f6cc0a0f0458c29
p:  233956.01236827933
5d1cbb89c7c8300865458bdc
p:  132712.03980460853
5d1cbc234d734b483d458cb3
p:  204268.88228675042
5d1cbc577f6cc0a0f0458c2b
p:  233956.01236827933
5d1cbca0e3c6a18d4b458ba1
p:  226916.19639243593
5d1cbcb0abcfa3314a458b87
p:  148876.15954990115
5d1cbcc74d734b483d458cb6
p:  308027.81741266046
5d1cbcebc7c8300865458be2
p:  350280.65421082184
5d1cbcf3a9e65619f8458b4f
p:  198267.67888044307
5d1cbcfd4d734b483d458cb7
p:  139056.94693680524
5d1cbd14c7c8300865458be5
p:  221654.93980339624
5d1cbd25e3c6a18d4b458ba3
p:  227569.96567306115
5d1cbd2fe3c6a18d4b458ba4
p:  287914.1943171483
5d1cbd54e3c6a18d4b458ba7
p:  258202.05427034455
5d1cbd57199bf96b60458c6f
p:  500898.48645256925
5d1cbd704d734b483d458cb9
p:  135197.39442307304
5d1cbd7b7f6cc0a0f0458c36
p:  189533.66106954552
5d1cbd847f6cc0a0f0458c37
p:  274453.34390383924
5d1cbd87e3c6a18d4b458ba9
p:  143592.72685118834
5d1cbd927f6cc0a0f0458c39
p:  194779.62701313448
5d1cbd9aa9e65619f8458b52
p:  288409.99676426745
5d1cbda64d734b483d458cba
p:  203151.72721550008
5d1cbe21e3c6a18d4b458baa
p:  316190.6457278925
5d1cbe5ee3c6a18d4b458bab
p:  153005.59994919965
5d1cbe8767ba46c848458c71
p:  618466.7522782595
5d1cbe874d734b483d458cbe
p:  324222.4204413785
5d1cbea0e3c6a18d4b458baf
p:  239958.7241412151
5d1cbeada9e65619f8458b57
p:  270842.86213126243
5d1cbeaf7f6cc0a0f0458c3b
p:  159789.9284311413
5d1cbebe4d734b483d458cbf
p:  284548.28259334504
5d1cbef64d734b483d458cc0
p:  93162.23021959112
5d1cbf2e4d734b483d458cc1
p:  268548.4220988235
5d1cbf34e3c6a18d4b458bb1
p:  360217.1402082137
5d1cbf70e3c6a18d4b458bb2
p:  244629.08709114953
5d1cc003a9e65619f8458b5d
p:  277950.3636515966
5d1cc0061a28aa5690458c34
p:  259084.23893270007
5d1cc03aa9e65619f8458b5e
p:  125904.7777004476
5d1cc0482815e12fa7458c62
p:  314249.8188493738
5d1cc0507f6cc0a0f0458c42
p:  188638.8738010314
5d1cc0754d734b483d458cc7
p:  123195.53083914671
5d1cc0e14d734b483d458cc9
p:  213689.47268650605
5d1cc10e67ba46c848458c81
p:  894544.982379192
5d1cc1bae3c6a18d4b458bb6
p:  275722.72792851843
5d1cc1e91a28aa5690458c43
p:  176207.52512056543
5d1cc1f72815e12fa7458c64
p:  184998.88374044438
5d1cc1ff1a28aa5690458c45
p:  253118.26158262443
5d1cc2061a28aa5690458c46
p:  307887.10909271793
5d1cc2111a28aa5690458c47
p:  148569.12077284176
5d1cc22a2815e12fa7458c66
p:  271455.58179864025
5d1cc233a9e65619f8458b65
p:  348610.4640826269
5d1cc24f2815e12fa7458c67
p:  487827.939463577
5d1cc25ee3c6a18d4b458bb8
p:  391219.87420225976
5d1cc278e3c6a18d4b458bb9
p:  203172.30416594207
5d1cc2b54d734b483d458cd1
p:  205017.02184005897
5d1cc2c07f6cc0a0f0458c43
p:  139365.15454082988
5d1cc2dca9e65619f8458b68
p:  334197.9274040974
5d1cc2dd1a28aa5690458c48
p:  160091.31012585427
5d1cc2ff1a28aa5690458c4a
p:  221496.02830801322
5d1cc304abcfa3314a458b96
p:  144967.798986812
5d1cc33c4d734b483d458cd3
p:  79899.78450146774
5d1cc33de3c6a18d4b458bbe
p:  271035.493902131
5d1cc3632815e12fa7458c68
p:  610355.2721829277
5d1cc3732815e12fa7458c69
p:  487827.939463577
5d1cc3c67f6cc0a0f0458c46
p:  99570.45082574761
5d1cc3e24d734b483d458cd6
p:  228082.83152639994
5d1cc4462815e12fa7458c6d
p:  709380.2924049976
5d1cc46e7f6cc0a0f0458c4a
p:  272150.6683120842
5d1cc4797f6cc0a0f0458c4b
p:  141066.3941166547
5d1cc47d7f6cc0a0f0458c4c
p:  233269.0680145388
5d1cc4f34d734b483d458cdb
p:  159581.71907712982
5d1cc56eabcfa3314a458b98
p:  467013.864307423
5d1cc5722815e12fa7458c73
p:  382081.5861828507
5d1cc57b2815e12fa7458c74
p:  327100.3354885868
5d1cc57b199bf96b60458c77
p:  495606.53096450726
5d1cc5d91a28aa5690458c52
p:  228820.59034166316
5d1cc6031a28aa5690458c53
p:  194538.29680246164
5d1cc6081a28aa5690458c54
p:  394258.34638210194
5d1cc60ee3c6a18d4b458bc5
p:  279207.052466856
5d1cc65aa9e65619f8458b78
p:  352761.76607910765
5d1cc662e3c6a18d4b458bc8
p:  284170.6761489893
5d1cc6a02815e12fa7458c7c
p:  374898.9438570716
5d1cc6d34d734b483d458ce2
p:  203716.91033242558
5d1cc6fd7f6cc0a0f0458c51
p:  310947.0946482689
5d1cc701a9e65619f8458b7b
p:  320863.1241372335
5d1cc710abcfa3314a458b9d
p:  212324.79173326137
5d1cc737abcfa3314a458b9e
p:  901731.0994460534
5d1cc741e3c6a18d4b458bcd
p:  185137.88909004215
5d1cc762e3c6a18d4b458bce
p:  127074.60429154799
5d1cc794e3c6a18d4b458bd0
p:  418031.89101366105
5d1cc7b7e3c6a18d4b458bd1
p:  297617.5730088812
5d1cc7d2e3c6a18d4b458bd2
p:  235932.32722912432
5d1cc801e3c6a18d4b458bd4
p:  238748.03831095295
5d1cc81fe3c6a18d4b458bd5
p:  294666.591511396
5d1cc823abcfa3314a458ba3
p:  473959.10879950866
5d1cc8532815e12fa7458c80
p:  311298.4217260723
5d1cc869e3c6a18d4b458bd7
p:  165949.71680446784
5d1cc89b199bf96b60458c80
p:  466714.28989621496
5d1cc8e1199bf96b60458c82
p:  404395.184398132
5d1cc8eb67ba46c848458cab
p:  361435.59553750127
5d1cc8f1a9e65619f8458b84
p:  164448.25232665008
5d1cc909e3c6a18d4b458bdd
p:  279207.052466856
5d1cc961e3c6a18d4b458bdf
p:  319019.7472515771
5d1cc9812385b96d95458cbc
p:  306271.1705030474
5d1cc995199bf96b60458c83
p:  335006.615484889
5d1cc9ec4d734b483d458cf0
p:  295195.46409078315
5d1cca59e3c6a18d4b458be5
p:  235456.26668891808
5d1cca772815e12fa7458c84
p:  357154.67846706114
5d1cca82e3c6a18d4b458be6
p:  159623.71250432814
5d1ccb64e3c6a18d4b458bee
p:  1239508.7761992412
5d1ccb892385b96d95458cc4
p:  339005.4865604827
5d1ccb8a67ba46c848458cb6
p:  571488.8245948526
5d1ccb95e3c6a18d4b458bf0
p:  476825.3625693745
5d1ccbe0e3c6a18d4b458bf3
p:  586465.9560445158
5d1ccc38199bf96b60458c88
p:  1180945.9660380129
5d1ccc7e199bf96b60458c8c
p:  1071743.0652300909
5d1cccb1199bf96b60458c8f
p:  1154274.679643515
5d1cccce199bf96b60458c91
p:  492013.9220057559
5d1ccd24abcfa3314a458bb7
p:  721391.8179919738
5d1ccdcd199bf96b60458ca2
p:  1043488.1374813414
5d1cce1267ba46c848458cc7
p:  396181.47053750127
5d1cce3e199bf96b60458cab
p:  537811.1633160315
5d1cce512385b96d95458ccf
p:  397014.02413794416
5d1cce682385b96d95458cd0
p:  510751.73161671095
5d1cce6e199bf96b60458cac
p:  413367.6173052954
5d1cce6ea9e65619f8458b9c
p:  378873.6450508066
5d1cce8f199bf96b60458cae
p:  556940.9755008181
5d1cceb62385b96d95458cd4
p:  450304.7079406817
5d1ccf1e7f6cc0a0f0458c74
p:  228543.4346268495
5d1ccf3f199bf96b60458cba
p:  473701.88675113115
5d1ccf6e199bf96b60458cbe
p:  235320.920366513
5d1ccf83a9e65619f8458ba1
p:  281215.13178558764
5d1ccfbaa9e65619f8458ba2
p:  324443.71348474966
5d1cd068c7c8300865458c2e
p:  285127.2897133014
5d1cd068199bf96b60458cc3
p:  525034.6697304663
5d1cd075c7c8300865458c2f
p:  216527.91735480016
5d1cd09ec7c8300865458c31
p:  261327.98125069367
5d1cd11a199bf96b60458cc8
p:  975250.9787075757
5d1cd1212815e12fa7458c9b
p:  370618.90134979505
5d1cd142c7c8300865458c35
p:  298419.9613391005
5d1cd14cc7c8300865458c36
p:  255319.3006379464
5d1cd1512815e12fa7458c9d
p:  168656.24906499745
5d1cd155c7c8300865458c37
p:  166933.838192524
5d1cd164abcfa3314a458bc3
p:  510484.99838062364
5d1cd179c7c8300865458c3a
p:  300861.6231019972
5d1cd1b6c7c8300865458c40
p:  235370.37597476924
5d1cd1ebc7c8300865458c44
p:  239634.78736953836
5d1cd1ed199bf96b60458cca
p:  476858.3774313263
5d1cd2cb2385b96d95458cd8
p:  481525.84244878683
5d1cd3c1e3c6a18d4b458c17
p:  370308.8158167819
5d1cd3ef2385b96d95458ce1
p:  747998.1026612818
5d1cd4011a28aa5690458c9a
p:  146693.8852608018
5d1cd42cc7c8300865458c47
p:  339782.8762409893
5d1cd490c7c8300865458c4c
p:  382733.3655879507
5d1cd4ba199bf96b60458cd9
p:  618306.5184284588
5d1cd4d3199bf96b60458cda
p:  847333.3829847574
5d1cd4fcc7c8300865458c50
p:  345638.8728185104
5d1cd52fc7c8300865458c53
p:  278856.4516802883
5d1cd6de7f6cc0a0f0458c98
p:  106273.96527685657
5d1cd6ece3c6a18d4b458c18
p:  289062.64336522203
5d1cd7147f6cc0a0f0458c99
p:  240302.7345355398
5d1cd74a7f6cc0a0f0458c9a
p:  248495.77555473364
5d1cd7932385b96d95458cf2
p:  682017.9630703371
5d1cd7b367ba46c848458cec
p:  346960.9353846264
5d1cd7b8e3c6a18d4b458c1c
p:  222302.3292468864
5d1cd7bb2385b96d95458cf4
p:  1032510.0816105735
5d1cd870a9e65619f8458bc9
p:  500339.2365094779
5d1cd8c54d734b483d458d24
p:  196295.96225168926
5d1cd8ce4d734b483d458d25
p:  151111.51143646956
5d1cd8d74d734b483d458d26
p:  220237.67690100858
5d1cd914199bf96b60458d0d
p:  808854.6759363957
5d1cd917a9e65619f8458bcc
p:  386899.4482877953
5d1cd9217f6cc0a0f0458ca2
p:  146254.64653504497
5d1cd960e3c6a18d4b458c21
p:  296834.4101789502
5d1cd980abcfa3314a458be6
p:  652678.3790328815
5d1cd9847e6c493d59458cc8
p:  195971.59280274645
5d1cd9c47f6cc0a0f0458ca5
p:  195655.16129067435
5d1cda0bc7c8300865458c6e
p:  306119.12654177716
5d1cda2ee3c6a18d4b458c24
p:  283867.9513946043
5d1cda667f6cc0a0f0458ca8
p:  170687.9021032321
5d1cda7aabcfa3314a458be9
p:  481100.34519935347
5d1cdab62385b96d95458d11
p:  1031087.3572711076
5d1cdad27f6cc0a0f0458caa
p:  107833.66242407281
5d1cdb10e3c6a18d4b458c28
p:  215378.44045523973
5d1cdb1c4d734b483d458d2a
p:  328060.7335055418
5d1cdb427f6cc0a0f0458cac
p:  118836.41547936082
5d1cdbe3e3c6a18d4b458c2c
p:  288785.3559371256
5d1cdbff4d734b483d458d2f
p:  287501.01100066956
5d1cdc1be3c6a18d4b458c2e
p:  311543.7177041058
5d1cdc2a4d734b483d458d30
p:  319668.3511435962
5d1cdc2c7e6c493d59458cce
p:  468365.4138316898
5d1cdc4e7e6c493d59458cd1
p:  172133.53415668954
5d1cdc527f6cc0a0f0458cb1
p:  141565.9170637721
5d1cdc7bc7c8300865458c72
p:  193785.19826656344
5d1cdcaec7c8300865458c74
p:  282736.38550592714
5d1cdcd94d734b483d458d37
p:  274377.6021645831
5d1cdd16c7c8300865458c76
p:  266793.8893541489
5d1cdd297e6c493d59458cd5
p:  287103.1744318617
5d1cdd587e6c493d59458cd6
p:  666769.4241227695
5d1cdd667f6cc0a0f0458cb6
p:  185051.9839772491
5d1cdd67abcfa3314a458bf3
p:  207927.43799872836
5d1cdd9c7f6cc0a0f0458cb7
p:  334420.006803466
5d1cddd27f6cc0a0f0458cb8
p:  179733.06394865015
5d1cde077e6c493d59458cd9
p:  355145.23843589507
5d1cde07c7c8300865458c7d
p:  218855.2717474633
5d1cde278defc08084458d70
p:  227907.97665975493
5d1cde3f8defc08084458d72
p:  314599.29512830725
5d1cde417f6cc0a0f0458cba
p:  126499.04225414633
5d1cde5be3c6a18d4b458c32
p:  284249.19600228395
5d1cde60a9e65619f8458be4
p:  442959.755725958
5d1cde69c7c8300865458c81
p:  285127.2897133014
5d1cde8c7f6cc0a0f0458cbb
p:  86163.18602664367
5d1cdef6e3c6a18d4b458c34
p:  290948.63437392726
5d1cdef97f6cc0a0f0458cbd
p:  161258.76584264217
5d1cdf0ca9e65619f8458be7
p:  286393.38986764196
5d1cdf178defc08084458d75
p:  273779.00622140034
5d1cdf64e3c6a18d4b458c35
p:  402687.07950652915
5d1cdf667f6cc0a0f0458cbf
p:  120076.46064646784
5d1cdf89e3c6a18d4b458c36
p:  266024.6766260627
5d1cdf9d7f6cc0a0f0458cc0
p:  299728.980634431
5d1ce0242385b96d95458d2a
p:  526589.713069739
5d1ce062c7c8300865458c8e
p:  301758.87603230076
5d1ce09fe3c6a18d4b458c39
p:  220579.96460573346
5d1ce0ad2385b96d95458d36
p:  551352.4304868461
5d1ce0d3199bf96b60458d5d
p:  575237.3314793048
5d1ce1387e6c493d59458ce8
p:  211618.07251596428
5d1ce1774d734b483d458d5a
p:  272395.0337422635
5d1ce18f8defc08084458d7b
p:  674541.0079586095
5d1ce1b84d734b483d458d5e
p:  160519.84518294598
5d1ce1c34d734b483d458d5f
p:  226465.8472743569
5d1ce1ca8defc08084458d7c
p:  216716.95140536485
5d1ce1d32385b96d95458d50
p:  491284.8722236179
5d1ce20b7f6cc0a0f0458ccb
p:  213100.0493723617
5d1ce2352385b96d95458d59
p:  276702.39649533597
5d1ce2562385b96d95458d5b
p:  230470.07764098735
5d1ce2622385b96d95458d5c
p:  283000.41027148097
5d1ce26b2385b96d95458d5d
p:  131866.80671793473
5d1ce2882385b96d95458d60
p:  254972.06687327172
5d1ce2952385b96d95458d61
p:  275270.35695946804
5d1ce2a3a9e65619f8458bf6
p:  295269.3659371592
5d1ce2a82385b96d95458d63
p:  116904.6630809363
5d1ce2b22385b96d95458d64
p:  185059.94389282813
5d1ce3108defc08084458d82
p:  289701.04227505537
5d1ce31b2385b96d95458d6e
p:  254972.06687327172
5d1ce31de3c6a18d4b458c3f
p:  272955.0038276923
5d1ce3457e6c493d59458ce9
p:  461099.02126713487
5d1ce3478defc08084458d83
p:  403669.13707438693
5d1ce374c7c8300865458c9b
p:  431939.0078178485
5d1ce37f8defc08084458d84
p:  513520.7830122442
5d1ce38a4d734b483d458d66
p:  99285.92855370615
5d1ce3ee8defc08084458d86
p:  391666.7843886744
5d1ce3ef4d734b483d458d68
p:  260593.66385501143
5d1ce411e3c6a18d4b458c44
p:  347328.4819929956
5d1ce4897e6c493d59458cea
p:  185669.67626933655
5d1ce4927e6c493d59458ceb
p:  364877.3515986937
5d1ce4a17f6cc0a0f0458cd7
p:  174540.52169690613
5d1ce4a54d734b483d458d75
p:  360464.9778622278
5d1ce4c5abcfa3314a458c0d
p:  545582.4962147021
5d1ce5467f6cc0a0f0458cda
p:  174112.6653719709
5d1ce5477e6c493d59458cf1
p:  390836.87998684414
5d1ce5817f6cc0a0f0458cdb
p:  195655.16129067435
5d1ce5fce3c6a18d4b458c49
p:  408255.55629108055
5d1ce6267f6cc0a0f0458cde
p:  172444.77456146464
5d1ce642e3c6a18d4b458c4b
p:  274288.07577352424
5d1ce6c58defc08084458d8f
p:  283025.65025307564
5d1ce6ca8defc08084458d90
p:  457771.23493473174
5d1ce6ce7f6cc0a0f0458ce1
p:  247721.5454793416
5d1ce6da8defc08084458d92
p:  329536.9417176482
5d1ce7057f6cc0a0f0458ce2
p:  266786.1423650351
5d1ce738e3c6a18d4b458c51
p:  222302.3292468864
5d1ce745e3c6a18d4b458c52
p:  230991.63153133198
5d1ce7457f6cc0a0f0458ce3
p:  186001.39786678256
5d1ce75d8defc08084458d96
p:  357213.4052755669
5d1ce764e3c6a18d4b458c56
p:  391062.7184092427
5d1ce77c7f6cc0a0f0458ce4
p:  215235.65237209632
5d1ce7877e6c493d59458cf2
p:  314591.79844340635
5d1ce7937e6c493d59458cf3
p:  204840.0300915717
5d1ce7ae7e6c493d59458cf5
p:  200602.66813666734
5d1ce8581a28aa5690458cd4
p:  169167.08724535067
5d1ce87babcfa3314a458c1d
p:  490838.8366368814
5d1ce88d2815e12fa7458d06
p:  202347.46824518297
5d1ce8f68defc08084458d9d
p:  317576.64784977195
5d1ce95aabcfa3314a458c29
p:  766521.0735419746
5d1ce97467ba46c848458d40
p:  154783.38814248415
5d1cea05e3c6a18d4b458c5c
p:  496367.37658057275
5d1cea242385b96d95458d85
p:  202377.37881041446
5d1cea508defc08084458da1
p:  309149.3648137287
5d1ceaa28defc08084458da5
p:  169409.79884423874
5d1ceab48defc08084458da7
p:  157244.83063794207
5d1ceae87f6cc0a0f0458ce8
p:  213367.75748823938
5d1ceafb7f6cc0a0f0458cea
p:  250390.89355695155
5d1cebc88defc08084458da8
p:  261847.24850320813
5d1cebcd8defc08084458da9
p:  276350.04058276163
5d1cebd28defc08084458daa
p:  284986.3217024293
5d1cec748defc08084458dab
p:  394894.04604709207
5d1cec7e2815e12fa7458d15
p:  134344.81648219848
5d1cecc267ba46c848458d4a
p:  97652.10360281382
5d1cecd62815e12fa7458d17
p:  97652.10360281382
5d1ced46a9e65619f8458c26
p:  172782.65120652044
5d1cee348defc08084458dac
p:  573060.5002688451
5d1cee7be3c6a18d4b458c66
p:  239956.99040802295
5d1ceed28defc08084458dad
p:  301091.13122140034
5d1ceed68defc08084458dae
p:  385140.2835246173
5d1ceed72385b96d95458d98
p:  451077.5622900572
5d1ceeda8defc08084458daf
p:  368661.83287965006
5d1cef442385b96d95458d9a
p:  248448.83073195582
5d1cef528defc08084458db0
p:  293920.7461618674
5d1cefc58defc08084458db3
p:  164311.0867429225
5d1cf12a2385b96d95458da3
p:  215975.2618859618
5d1cf172e3c6a18d4b458c77
p:  379953.3288045906
5d1cf1962385b96d95458da5
p:  270083.47132949333
5d1cf1cb2385b96d95458da6
p:  270083.47132949333
5d1cf2382385b96d95458da8
p:  221886.5358323169
5d1cf276a9e65619f8458c3c
p:  163643.09275395365
5d1cf2fae3c6a18d4b458c7d
p:  278136.3716862707
5d1cf3102385b96d95458dac
p:  255155.47747665385
5d1cf33d8defc08084458dc2
p:  394442.3560082837
5d1cf366e3c6a18d4b458c81
p:  245632.26243163293
5d1cf3d3e3c6a18d4b458c8e
p:  310827.4932728928
5d1cf3dae3c6a18d4b458c8f
p:  467531.9678729328
5d1cf3f88defc08084458dc5
p:  383923.80838174373
5d1cf4387f6cc0a0f0458d04
p:  174112.6653719709
5d1cf4aee3c6a18d4b458c92
p:  368019.6442088042
5d1cf541e3c6a18d4b458c96
p:  348050.0443902294
5d1cf5692385b96d95458db7
p:  136888.33301082818
5d1cf5f58defc08084458dcc
p:  416532.55777054327
5d1cf70e8defc08084458dd3
p:  219284.4652893493
5d1cf71d8defc08084458dd5
p:  280709.96649832244
5d1cf9858defc08084458de0
p:  429278.3004002009
5d1cfb4ee3c6a18d4b458cab
p:  411554.0273454228
5d1cfe1ce3c6a18d4b458ccf
p:  261011.91683696862
5d1d013aa9e65619f8458c7c
p:  554015.1949518111
5d2703e7107c1d579eeb6a47
p:  299223.3725152294
5d271867107c1d579eeb6a67
p:  101935.09629626041
5d29bac0199bf96b6045ad69
p:  259794.16488715034
5d29be2b199bf96b6045ad75
p:  305666.4756884823
5d2b548c47cfe46363877b9e
p:  641849.3723509087
5d2cea322a9e188b3780b0d7
p:  129585.70883173028
5d2cea627eb9cc953e80b103
p:  331072.3029536033
5d2ceab22a9e188b3780b0db
p:  104781.43523915432
5d2ceb112a9e188b3780b0df
p:  159834.4078406275
5d2ceb4edddac9863780b108
p:  267299.90781195625
5d2ceb7a7eb9cc953e80b10a
p:  151437.5821890456
5d2ceb942a9e188b3780b0e6
p:  121416.51169906923
5d2cebb8dddac9863780b10c
p:  121143.16855265576
5d2cec63aaca712b0680b0de
p:  252749.4371706568
5d2cec968609655adb80b0d7
p:  306701.729299188
5d2cecd585624ba3f980b111
p:  260412.58582486326
5d2cecf385624ba3f980b113
p:  476150.9930413229
5d2cedecdddac9863780b110
p:  268566.4811298284
5d2ceec72a9e188b3780b0f6
p:  356325.3368665271
5d2ceefedddac9863780b113
p:  202862.31272612515
5d2cef5cde2956c42580b0e1
p:  284766.53210754314
5d2cefc3de2956c42580b0e3
p:  447702.175728551
5d2cf055cf42953d8480b0f3
p:  238109.099531271
5d2cf060de2956c42580b0e5
p:  241734.88628494664
5d2cf0617eb9cc953e80b120
p:  369181.1748091723
5d2cf06fcf42953d8480b0f4
p:  323236.8071968094
5d2cf07485624ba3f980b118
p:  460709.9294986791
5d2cf0822a9e188b3780b0ff
p:  138546.9912692124
5d2cf0d0cf42953d8480b0f6
p:  114455.77170606774
5d2cf124aaca712b0680b0e6
p:  286405.6947706572
5d2cf19fcf42953d8480b0f7
p:  228416.25643255637
5d2cf1e003947c686080b0b3
p:  156356.36288594082
5d2cf1e8aaca712b0680b0e8
p:  491299.78634044586
5d2cf231a5deea0a9480b0c4
p:  71645.87742022605
5d2cf258807926770b80b0ef
p:  196651.8994892377
5d2cf26aa5deea0a9480b0c5
p:  90576.89299392376
5d2cf27b8609655adb80b0e4
p:  300399.28865581134
5d2cf2e5807926770b80b0f3
p:  168133.2978388272
5d2cf2ec85624ba3f980b120
p:  225816.11788010155
5d2cf34caaca712b0680b0ea
p:  177740.44232416133
5d2cf374aaca712b0680b0eb
p:  316640.3438370176
5d2cf38785624ba3f980b122
p:  266836.63088726916
5d2cf3efdddac9863780b11d
p:  165582.74033183837
5d2cf411dddac9863780b11e
p:  200705.45662585634
5d2cf446807926770b80b0f5
p:  547594.117904386
5d2cf504cf42953d8480b0ff
p:  220387.6964848945
5d2cf5a9a5deea0a9480b0ca
p:  675076.312221409
5d2cf615dddac9863780b12a
p:  243440.82080305737
5d2cf6847eb9cc953e80b142
p:  720465.9288645844
5d2cf6868609655adb80b0f0
p:  167619.48379425623
5d2cf69acf42953d8480b102
p:  360709.6981875667
5d2cf6f87eb9cc953e80b145
p:  302382.1146960432
5d2cf71f7eb9cc953e80b146
p:  454337.21062425897
5d2cf7487eb9cc953e80b147
p:  307592.6284470357
5d2cf76c2a9e188b3780b10e
p:  191186.0002892472
5d2cf7f1de2956c42580b0fb
p:  266258.12142019137
5d2cf7fbde2956c42580b0fc
p:  220179.77746438642
5d2cf8078b6c8df1a080b0ed
p:  191739.11054198316
5d2cf81a8609655adb80b0f4
p:  513430.9356469192
5d2cf84ede2956c42580b0fd
p:  181406.557363236
5d2cf853de2956c42580b0fe
p:  97740.98949432965
5d2cf85703947c686080b0c0
p:  224943.1649879379
5d2cf87b807926770b80b0f9
p:  728220.6067888535
5d2cf8eb2a9e188b3780b111
p:  193528.2831412543
5d2cf92b03947c686080b0c2
p:  45984.138125124126
5d2cf93703947c686080b0c3
p:  271201.35360823176
5d2cf939807926770b80b0fa
p:  758269.6155653727
5d2cf943de2956c42580b103
p:  136574.62117389758
5d2cf95b807926770b80b0fb
p:  839300.958376342
5d2cf99acf42953d8480b107
p:  247133.47610311038
5d2cf9d18b6c8df1a080b0ee
p:  291071.8767684244
5d2cf9eacf42953d8480b109
p:  183019.48692174407
5d2cf9f4de2956c42580b108
p:  203439.8116987482
5d2cfa5c03947c686080b0c8
p:  297419.75350070465
5d2cfa657cbb5860d980b175
p:  339912.5933512732
5d2cfa70de2956c42580b10b
p:  110213.59241597619
5d2cfa9dde2956c42580b10c
p:  319578.8288511401
5d2cfab408429bd35a80b116
p:  108297.44372727572
5d2cfae503947c686080b0ca
p:  246166.30461348555
5d2cfaeb7cbb5860d980b178
p:  289391.7078521128
5d2cfb16de2956c42580b10e
p:  121388.31024011364
5d2cfb42de2956c42580b10f
p:  447011.5194324073
5d2cfba7e4a7bc757d80b108
p:  225130.93872848176
5d2cfbade4a7bc757d80b109
p:  158119.41685324305
5d2cfc0faaca712b0680b0fd
p:  130809.23391266642
5d2cfc3803947c686080b0cd
p:  240007.81026729217
5d2cfc4508429bd35a80b11b
p:  168882.5084865559
5d2cfc80dddac9863780b132
p:  288456.3228311095
5d2cfcb08b6c8df1a080b0f3
p:  225282.60711797856
5d2cfcc57cbb5860d980b17c
p:  595852.0223970321
5d2cfcc82a9e188b3780b118
p:  146041.17893701175
5d2cfcf008429bd35a80b11e
p:  138861.6930912535
5d2cfcfee4a7bc757d80b10e
p:  168312.51191575616
5d2cfd28e4a7bc757d80b10f
p:  238180.1995887935
5d2cfd3ae4a7bc757d80b110
p:  211822.4499248902
5d2cfd51dddac9863780b138
p:  377005.92071265803
5d2cfdd38b6c8df1a080b0f6
p:  275289.57139370486
5d2cfe18e4a7bc757d80b115
p:  202865.7532480302
5d2cfe2308429bd35a80b11f
p:  312733.9436748453
5d2cfe2dcf42953d8480b10f
p:  192206.22669238877
5d2cfe34aaca712b0680b0ff
p:  47704.45022282777
5d2cfe43de2956c42580b117
p:  213235.74321617314
5d2cfe452a9e188b3780b119
p:  114319.43299100487
5d2cfe4ee4a7bc757d80b118
p:  116471.55847448524
5d2cfe56cf42953d8480b110
p:  137268.38400592815
5d2cfe7c2a9e188b3780b11a
p:  123152.27968191965
5d2cfeac08429bd35a80b120
p:  117428.55622737465
5d2cfeec8b6c8df1a080b0f7
p:  219193.9938030282
5d2cff2308429bd35a80b121
p:  86234.50422689687
5d2cff247cbb5860d980b180
p:  144746.1935862883
5d2cff6ae4a7bc757d80b11a
p:  208156.27760593817
5d2cff7108429bd35a80b122
p:  152504.08001703763
5d2cff7a7cbb5860d980b181
p:  143941.59384922354
5d2cff80e4a7bc757d80b11b
p:  186407.99517366212
5d2cff9f7cbb5860d980b182
p:  285196.64223852195
5d2cffa0dddac9863780b13c
p:  154271.8138375633
5d2cffb97cbb5860d980b183
p:  309928.442895515
5d2cffc58b6c8df1a080b0fa
p:  135234.5630572304
5d2cffce7cbb5860d980b184
p:  284605.66055794805
5d2cffd62a9e188b3780b11c
p:  199701.1884364569
5d2cffd98b6c8df1a080b0fb
p:  516720.03150688054
5d2cffe82a9e188b3780b11d
p:  364945.9083281468
5d2d00092a9e188b3780b11e
p:  113956.3670900079
5d2d0011cf42953d8480b111
p:  197259.01743745606
5d2d0014e4a7bc757d80b122
p:  161675.5401969689
5d2d002ccf42953d8480b112
p:  136669.6387972978
5d2d002d2a9e188b3780b11f
p:  114982.06905273821
5d2d0039e4a7bc757d80b124
p:  92566.74372021655
5d2d003ccf42953d8480b113
p:  216847.99803067435
5d2d00537cbb5860d980b186
p:  309242.9400467881
5d2d00687cbb5860d980b187
p:  165772.59748126467
5d2d006ae4a7bc757d80b127
p:  346650.774030539
5d2d0075f65ef1596980b165
p:  245187.4911248172
5d2d00822a9e188b3780b121
p:  313622.7512425261
5d2d00a47cbb5860d980b189
p:  308867.60956025193
5d2d00ab8b6c8df1a080b0ff
p:  265271.6972293295
5d2d00bff65ef1596980b16b
p:  133920.79322686244
5d2d00c6f65ef1596980b16c
p:  208633.75599831453
5d2d00cdf65ef1596980b16d
p:  205681.99138466443
5d2d00e0f65ef1596980b16f
p:  204019.86894477525
5d2d011008429bd35a80b126
p:  88615.29338978046
5d2d012ef65ef1596980b176
p:  164214.80932835193
5d2d013b08429bd35a80b127
p:  188246.0879977195
5d2d013cf65ef1596980b178
p:  160891.51854065782
5d2d0146f65ef1596980b179
p:  319793.7034097429
5d2d0158f65ef1596980b17b
p:  308475.8964635333
5d2d01918b6c8df1a080b100
p:  168029.28494587523
5d2d0199de2956c42580b124
p:  231331.28044293716
5d2d01be2a9e188b3780b125
p:  114645.94325402344
5d2d01dfcf42953d8480b115
p:  109118.43466632735
5d2d0205cf42953d8480b116
p:  195556.64545288752
5d2d020d8609655adb80b117
p:  373710.5860168404
5d2d021d2a9e188b3780b126
p:  80695.18758793577
5d2d02692a9e188b3780b129
p:  324049.58664527314
5d2d026c7cbb5860d980b18e
p:  331956.65193225036
5d2d0297dddac9863780b14a
p:  165301.10385842604
5d2d0298cf42953d8480b118
p:  191997.8360614213
5d2d02a7aaca712b0680b101
p:  144967.798986812
5d2d02b0aaca712b0680b102
p:  75405.81172367875
5d2d02c6f65ef1596980b17e
p:  170789.47626830474
5d2d02c72a9e188b3780b12a
p:  129630.10285021138
5d2d02d97cbb5860d980b18f
p:  211606.07496435495
5d2d030daaca712b0680b108
p:  235694.9493426538
5d2d031d7cbb5860d980b190
p:  133092.2904090791
5d2d0321cf42953d8480b11a
p:  79695.2010396877
5d2d036f2a9e188b3780b12b
p:  108094.30587096044
5d2d0395e4a7bc757d80b12a
p:  148569.12077284176
5d2d039c807926770b80b11a
p:  427798.33522512135
5d2d03e6cf42953d8480b11e
p:  258467.5858924272
5d2d04108b6c8df1a080b105
p:  80264.40230103763
5d2d0457de2956c42580b12d
p:  254079.60452265566
5d2d0490cf42953d8480b120
p:  400497.9311414933
5d2d04dfde2956c42580b12e
p:  135707.30239705104
5d2d04f62a9e188b3780b12d
p:  154274.7551326807
5d2d05342a9e188b3780b12f
p:  204321.41208560712
5d2d054085624ba3f980b142
p:  410922.0522006289
5d2d059108429bd35a80b134
p:  340594.5144802701
5d2d05b3e4a7bc757d80b12c
p:  200185.02482609922
5d2d05b57eb9cc953e80b16b
p:  258447.14522033784
5d2d05c97eb9cc953e80b16c
p:  138150.60620505764
5d2d05fc2a9e188b3780b131
p:  183698.40793540725
5d2d06062a9e188b3780b132
p:  280445.6241129285
5d2d06162a9e188b3780b133
p:  129539.5456308231
5d2d0639de2956c42580b130
p:  202701.6065741741
5d2d064dde2956c42580b131
p:  232149.82446170217
5d2d064ef65ef1596980b185
p:  212110.71830911026
5d2d06787eb9cc953e80b16d
p:  309220.02428016736
5d2d06bdde2956c42580b133
p:  172118.55411790652
5d2d06c2f65ef1596980b186
p:  207315.68101355922
5d2d06c9cf42953d8480b128
p:  553673.7741895575
5d2d06d07eb9cc953e80b16f
p:  364033.9286921483
5d2d06ea85624ba3f980b14a
p:  385641.7481571904
5d2d06ec2a9e188b3780b134
p:  264597.81533267675
5d2d07127eb9cc953e80b171
p:  112637.85132867243
5d2d0720f65ef1596980b188
p:  231485.87737730867
5d2d077ade2956c42580b137
p:  308849.28836498305
5d2d0782dddac9863780b155
p:  218855.2717474633
5d2d07872a9e188b3780b135
p:  74474.5480290248
5d2d07992a9e188b3780b136
p:  87767.5364165522
5d2d07c87cbb5860d980b196
p:  272593.1357137302
5d2d07d9a5deea0a9480b0fa
p:  583729.6491812351
5d2d07dfcf42953d8480b12a
p:  215819.45931784424
5d2d080c7cbb5860d980b197
p:  274136.72267318587
5d2d081aa5deea0a9480b0fb
p:  539838.1780927025
5d2d08252a9e188b3780b137
p:  167895.89294204232
5d2d08372a9e188b3780b138
p:  108094.30587096044
5d2d0847de2956c42580b13a
p:  166638.4972943533
5d2d08512a9e188b3780b139
p:  101935.09629626041
5d2d085885624ba3f980b154
p:  415315.0194844662
5d2d08632a9e188b3780b13a
p:  458258.09159980394
5d2d088108429bd35a80b140
p:  231425.56603857182
5d2d089cf65ef1596980b18a
p:  231656.11100038886
5d2d089f08429bd35a80b141
p:  340594.5144802701
5d2d08a0a5deea0a9480b0fd
p:  557210.4217492787
5d2d08af08429bd35a80b142
p:  179797.59336069052
5d2d08c22a9e188b3780b13b
p:  182867.97365751234
5d2d08f0aaca712b0680b11d
p:  478919.9937102478
5d2d08f27cbb5860d980b199
p:  122666.37085489433
5d2d0907aaca712b0680b11e
p:  263743.03811529
5d2d0916f65ef1596980b18b
p:  313701.529863911
5d2d09a58b6c8df1a080b10b
p:  304879.5823840089
5d2d09f37cbb5860d980b19c
p:  371181.2452998477
5d2d0a04cf42953d8480b12f
p:  413958.55026392173
5d2d0a2185624ba3f980b15b
p:  738405.7653461299
5d2d0a237eb9cc953e80b172
p:  164595.165212583
5d2d0a4b7eb9cc953e80b174
p:  351347.58106181794
5d2d0a6385624ba3f980b15c
p:  276165.58418880793
5d2d0a69a5deea0a9480b105
p:  424781.3356241507
5d2d0a7baaca712b0680b124
p:  222599.48531108396
5d2d0a947cbb5860d980b19f
p:  293256.7751585493
5d2d0a9f7cbb5860d980b1a0
p:  298234.9315294869
5d2d0aabdddac9863780b15c
p:  287470.58583784103
5d2d0acbe4a7bc757d80b137
p:  219540.0161991885
5d2d0ae8dddac9863780b15d
p:  261482.418788329
5d2d0af17eb9cc953e80b177
p:  296340.1438481353
5d2d0b3baaca712b0680b127
p:  236831.0263967375
5d2d0b48e4a7bc757d80b13a
p:  358556.4035441336
5d2d0b91aaca712b0680b12a
p:  230437.3920500623
5d2d0b958609655adb80b12f
p:  281999.32913401944
5d2d0bb4cf42953d8480b138
p:  603949.2099356073
5d2d0beede2956c42580b141
p:  158361.77636123114
5d2d0c0fdddac9863780b160
p:  159859.29684642437
5d2d0c1508429bd35a80b153
p:  418498.36363792274
5d2d0c16de2956c42580b142
p:  139365.15454082988
5d2d0c23dddac9863780b161
p:  199044.74894425497
5d2d0c427eb9cc953e80b17d
p:  332591.1186154048
5d2d0c558609655adb80b134
p:  335547.5974725323
5d2d0c5885624ba3f980b15e
p:  234854.9735308414
5d2d0c6bdddac9863780b162
p:  175922.7302832016
5d2d0c77dddac9863780b163
p:  259802.33314482123
5d2d0c7b03947c686080b0d5
p:  164575.62549126157
5d2d0c88e4a7bc757d80b13d
p:  185674.4000266269
5d2d0c88aaca712b0680b12d
p:  527733.0872309284
5d2d0c898609655adb80b137
p:  129611.3215182502
5d2d0c8ca5deea0a9480b109
p:  438677.5595085495
5d2d0c95dddac9863780b165
p:  263850.196642158
5d2d0ca1aaca712b0680b12e
p:  378755.01838493394
5d2d0caadddac9863780b166
p:  262872.6341225425
5d2d0ccedddac9863780b167
p:  233917.22041455918
5d2d0cf0dddac9863780b16a
p:  310119.10664539476
5d2d0cffdddac9863780b16b
p:  118375.81744597653
5d2d0d008609655adb80b13a
p:  261722.75709224088
5d2d0d17e4a7bc757d80b13f
p:  472111.3280865202
5d2d0d17dddac9863780b16c
p:  237454.18468247814
5d2d0d1bf65ef1596980b191
p:  393228.633005228
5d2d0d2003947c686080b0db
p:  360319.0540440084
5d2d0d2085624ba3f980b161
p:  354637.852232353
5d2d0d2a2a9e188b3780b142
p:  223320.46033408353
5d2d0d48f65ef1596980b193
p:  169409.79884423874
5d2d0dd303947c686080b0dc
p:  237399.7621267612
5d2d0e357eb9cc953e80b181
p:  344374.7201861092
5d2d0e4f8b6c8df1a080b115
p:  319726.059078698
5d2d0e587eb9cc953e80b182
p:  342012.3472239177
5d2d0e7e8b6c8df1a080b117
p:  319261.7823563225
5d2d0e8685624ba3f980b164
p:  845276.7572455448
5d2d0ea62a9e188b3780b147
p:  174112.6653719709
5d2d0eb3f65ef1596980b194
p:  298220.6852738913
5d2d0eb8de2956c42580b144
p:  173449.30236201588
5d2d0ec3de2956c42580b145
p:  201497.47666358534
5d2d0ed37eb9cc953e80b185
p:  551057.0079970914
5d2d0ed5f65ef1596980b195
p:  214314.9466965177
5d2d0edb03947c686080b0e2
p:  224442.07983877952
5d2d0eee2a9e188b3780b14a
p:  267332.02331728966
5d2d0ef87eb9cc953e80b186
p:  191671.7029528992
5d2d0f0b7eb9cc953e80b187
p:  235932.32722912432
5d2d0f0cf65ef1596980b197
p:  149359.98739796813
5d2d0f1a03947c686080b0e3
p:  193577.7256824784
5d2d0f2fde2956c42580b146
p:  179794.4921626944
5d2d0f65f65ef1596980b199
p:  291532.84602273087
5d2d0f9a7eb9cc953e80b189
p:  166189.2900180685
5d2d0fb503947c686080b0e7
p:  141875.52890090286
5d2d100c03947c686080b0e9
p:  173245.87883414805
5d2d103e03947c686080b0ea
p:  274600.4730160643
5d2d1044aaca712b0680b135
p:  387637.1679582863
5d2d1059aaca712b0680b136
p:  228127.3222764241
5d2d105b8b6c8df1a080b11a
p:  148422.6335848551
5d2d1077f65ef1596980b19e
p:  211351.06837388698
5d2d10bbaaca712b0680b138
p:  307316.7028014227
5d2d10c48b6c8df1a080b11b
p:  291240.3433471643
5d2d10cdf65ef1596980b1a0
p:  193795.3853822101
5d2d10d12a9e188b3780b14b
p:  253210.4324066792
5d2d10e77cbb5860d980b1a4
p:  197291.0873344757
5d2d10f2aaca712b0680b139
p:  327375.3004637336
5d2d112ff65ef1596980b1a2
p:  254922.56468805872
5d2d11428609655adb80b144
p:  221766.9404282229
5d2d115a8609655adb80b145
p:  274377.6021645831
5d2d1171aaca712b0680b13a
p:  372845.0685080349
5d2d11777cbb5860d980b1a6
p:  176024.10145964334
5d2d11937cbb5860d980b1a7
p:  106981.10487262704
5d2d11cf2a9e188b3780b150
p:  179306.4422511014
5d2d11d92a9e188b3780b151
p:  146166.0511918131
5d2d11dfaaca712b0680b13c
p:  249139.63698647497
5d2d125ff65ef1596980b1a6
p:  384547.4232255372
5d2d12a6f65ef1596980b1a7
p:  277156.3075753335
5d2d1333f65ef1596980b1a9
p:  274153.630391919
5d2d13692a9e188b3780b153
p:  165439.70391316956
5d2d13872a9e188b3780b154
p:  325223.08290654025
5d2d139da5deea0a9480b11a
p:  148631.03994119313
5d2d13c0a5deea0a9480b11b
p:  239824.35798806688
5d2d1417aaca712b0680b13e
p:  237581.66569473385
5d2d149b2a9e188b3780b157
p:  217287.15195932903
5d2d1536aaca712b0680b145
p:  222986.4117240372
5d2d156caaca712b0680b147
p:  275151.28810060455
5d2d158085624ba3f980b16c
p:  424489.98830262513
5d2d15b108429bd35a80b169
p:  442219.80153921637
5d2d15b28609655adb80b150
p:  407340.77031142917
5d2d162908429bd35a80b16c
p:  729711.9079119485
5d2d16a1aaca712b0680b149
p:  242991.17003496588
5d2d17cfa5deea0a9480b120
p:  251089.77606035653
5d2d181aa5deea0a9480b121
p:  216765.49505270156
5d2d1861a5deea0a9480b122
p:  127609.76026329197
5d2d18a308429bd35a80b171
p:  771855.4516624529
5d2d18dbf65ef1596980b1b8
p:  159986.04130750915
5d2d18f98609655adb80b155
p:  149322.19152003597
5d2d1969aaca712b0680b14a
p:  286193.43166430545
5d2d1a5cf65ef1596980b1bc
p:  284986.3217024293
5d2d1b0eaaca712b0680b14d
p:  355718.5047370804
5d2d1d0af65ef1596980b1bf
p:  401249.02659399796
5d2d1e78aaca712b0680b156
p:  222986.4117240372
5d35064718f8dde30a0abd26
p:  293765.4957473466
5d38e01f02947826d9b03c8c
p:  276117.93829385564
5d39102a7110e453a0b03bdc
p:  157141.25858787494
5d39103e7110e453a0b03bdd
p:  318959.54045069905
5d39104f7110e453a0b03bde
p:  289701.04227505537
5d44053a0c2b93cba458ad47
p:  320021.1081428159
5d441bcb0c2b93cba458ad74
p:  206635.3553057335
5d4432200c2b93cba458ae4c
p:  354494.3319085069
For ['Baker', 'Columbia', 'Dixie', 'Franklin', 'Gadsden', 'Hamilton', 'Jefferson', 'Lafayette', 'Leon', 'Liberty', 'Madison', 'Suwannee', 'Taylor', 'Union', 'Wakulla']#################################################################
train score for random_forest: 0.9328392561533461
test score for random_forest: 0.5542102094751724
The mean absolute error is:$ 99518.35464534585
r_Score: 0.5721027520035264
Voting Regressor (in): 0.9505260595183745
Voting Regressor: 0.5721027520035264
5d0a480ffa7544d5f27ba676
p:  119436.33756388063
5d0d355fe2ea012a7414ae47
p:  107747.55855282921
5d12c1d8b7ae3de20d8d6f3f
p:  163319.42469117607
5d1b58f72385b96d95458650
p:  193547.32959190512
5d1b59042385b96d95458651
p:  138557.33622293104
5d1b5a342385b96d95458654
p:  150943.48015152512
5d1b5a3b2385b96d95458655
p:  122291.89046688462
5d1b5a44a9e65619f8458653
p:  129612.67275557037
5d1b5a7ec7c8300865458658
p:  121525.54499387562
5d1b5a8a2815e12fa7458650
p:  124364.21825039337
5d1b5bb9c7c830086545866e
p:  118195.86124120919
5d1b5bbe8defc0808445865b
p:  217702.3349543246
5d1b5bdfc7c8300865458671
p:  157116.53878424817
5d1b5bfac7c8300865458673
p:  106996.13839538716
5d1b5c4ac7c8300865458679
p:  261404.57652968404
5d1b5c8bc7c830086545867e
p:  167979.578279615
5d1b5c8d2815e12fa7458657
p:  276874.6170997184
5d1b5cd1c7c8300865458683
p:  169670.23118197772
5d1b5d49c7c830086545868c
p:  98565.05006604805
5d1b5d80199bf96b60458660
p:  78498.48688866099
5d1b5dc9a9e65619f845866d
p:  97853.20214129165
5d1b5de42815e12fa745865b
p:  210281.15090673306
5d1b5e68199bf96b60458666
p:  95575.22447950544
5d1b5efc2815e12fa7458660
p:  150997.73237884542
5d1b5f072815e12fa7458661
p:  123531.52561764882
5d1b613c67ba46c84845866b
p:  223501.19394296734
5d1c3ed9a9e65619f8458984
p:  177165.20554277074
5d1c3ee9a9e65619f8458985
p:  152186.9589829329
5d1c3ef9a9e65619f8458986
p:  155265.37822633004
5d1c4235a9e65619f8458992
p:  127710.91959302455
5d1c42c1a9e65619f8458997
p:  191378.69911305455
5d1c470da9e65619f845899a
p:  234673.31157207952
5d1c472ba9e65619f845899b
p:  147527.21598170127
5d1c488da9e65619f845899c
p:  153626.15685189777
5d1c48aaa9e65619f845899d
p:  110852.78132528142
5d1c4c3ca9e65619f845899f
p:  204003.27352809178
5d1c4c4a8defc08084458adc
p:  146242.57546017604
5d1c4c991a28aa5690458a49
p:  107915.81532754007
5d1c4d381a28aa5690458a4d
p:  94544.13580657206
5d1c4d5a1a28aa5690458a4e
p:  130608.96170589828
5d1c4d811a28aa5690458a4f
p:  302969.4824682386
5d1c4df31a28aa5690458a51
p:  116854.22375060887
5d1c4e5e1a28aa5690458a53
p:  124069.43774821359
5d1c4e801a28aa5690458a54
p:  98371.2602361828
5d1c4e8aa9e65619f84589a2
p:  150649.46690349077
5d1c4ebe8defc08084458add
p:  100927.65393123284
5d1c4f081a28aa5690458a58
p:  110507.09731391803
5d1c4efd8defc08084458ade
p:  206980.1117525065
5d1c4f13a9e65619f84589a6
p:  87956.1891102246
5d1c4f768defc08084458ae0
p:  136933.0257483379
5d1c4f9f8defc08084458ae3
p:  111681.1698585884
5d1c4fa91a28aa5690458a5b
p:  98136.84768540831
5d1c50cd8defc08084458ae4
p:  130049.0501706648
5d1c517a8defc08084458ae7
p:  156200.06677712337
5d1c5182a9e65619f84589b0
p:  103248.52698548387
5d1c53b02385b96d95458a9c
p:  77571.81008850086
5d1c53c2abcfa3314a4589d1
p:  212080.5611739611
5d1c53c62385b96d95458a9e
p:  139067.8952772606
5d1c53c9abcfa3314a4589d2
p:  235388.3406583828
5d1c53d02385b96d95458a9f
p:  199606.6527543951
5d1c53db1a28aa5690458a5c
p:  136517.2077313367
5d1c5432abcfa3314a4589d3
p:  160295.85560706691
5d1c5446abcfa3314a4589d4
p:  417913.393761355
5d1c546a2385b96d95458aa7
p:  67675.81213877638
5d1c54ab1a28aa5690458a5d
p:  130492.80690568939
5d1c54ec1a28aa5690458a5e
p:  57739.70496768734
5d1c551e1a28aa5690458a5f
p:  66762.3314897333
5d1c556c1a28aa5690458a60
p:  117382.8597571232
5d1c55782385b96d95458aa8
p:  168113.80509164766
5d1c55e71a28aa5690458a61
p:  79587.93075024261
5d1c55f21a28aa5690458a62
p:  109104.37356511975
5d1c56091a28aa5690458a63
p:  96643.68209719996
5d1c56161a28aa5690458a64
p:  66336.01473188962
5d1c563fa9e65619f84589bf
p:  126670.90846903305
5d1c5653a9e65619f84589c1
p:  112418.75156783458
5d1c5674abcfa3314a4589e1
p:  197716.1420902636
5d1c568f8defc08084458aec
p:  116791.05587219298
5d1c56961a28aa5690458a6a
p:  98371.2602361828
5d1c569f1a28aa5690458a6b
p:  168711.95443801896
5d1c56ab1a28aa5690458a6c
p:  142701.68882496486
5d1c56aeabcfa3314a4589e2
p:  228172.16513413072
5d1c56b41a28aa5690458a6d
p:  96735.44493930548
5d1c56bc8defc08084458aee
p:  163319.42469117607
5d1c56bf1a28aa5690458a6e
p:  227141.31328590174
5d1c56db1a28aa5690458a6f
p:  81794.24755128207
5d1c56e1abcfa3314a4589e4
p:  199617.86416240688
5d1c56f5a9e65619f84589c3
p:  249644.52075774415
5d1c57738defc08084458af0
p:  85009.56284103332
5d1c57858defc08084458af2
p:  165835.98119242294
5d1c579e1a28aa5690458a71
p:  131660.65196650123
5d1c57aa8defc08084458af7
p:  213500.54116926144
5d1c57ef1a28aa5690458a74
p:  94544.13580657206
5d1c58511a28aa5690458a76
p:  94544.13580657206
5d1c5867abcfa3314a4589e8
p:  548153.9135376181
5d1c58948defc08084458af9
p:  181399.4262863742
5d1c589f8defc08084458afa
p:  174158.55950492504
5d1c58a8a9e65619f84589c7
p:  113093.8558401544
5d1c58eb199bf96b60458a46
p:  212722.69066005677
5d1c58f3199bf96b60458a47
p:  489590.2962927731
5d1c597aabcfa3314a4589ea
p:  195982.9157953131
5d1c59891a28aa5690458a77
p:  151883.59769516223
5d1c5997abcfa3314a4589eb
p:  268612.51910705195
5d1c599d8defc08084458afd
p:  140426.73846587318
5d1c59e1a9e65619f84589c8
p:  107875.29853673218
5d1c5a09199bf96b60458a4b
p:  332649.0483891739
5d1c5ae92385b96d95458ab8
p:  184348.3388277201
5d1c5b002385b96d95458ab9
p:  184276.4184722617
5d1c5b162385b96d95458aba
p:  113990.2828984718
5d1c5b1e2385b96d95458abb
p:  240981.66516751662
5d1c5b332385b96d95458abd
p:  103067.67345537145
5d1c5b3a2385b96d95458abe
p:  117593.63864712337
5d1c5b432385b96d95458abf
p:  117593.63864712337
5d1c5b4d8defc08084458b02
p:  183086.10133259668
5d1c5b542385b96d95458ac1
p:  103445.8692315827
5d1c5b588defc08084458b03
p:  127050.4885206243
5d1c5b5c2385b96d95458ac2
p:  152895.68778487697
5d1c5b982385b96d95458ac4
p:  197775.86758383972
5d1c5bae8defc08084458b06
p:  266006.8430399552
5d1c5bb72385b96d95458ac6
p:  141311.1900332215
5d1c5be4abcfa3314a4589ee
p:  176864.84333604807
5d1c5bf98defc08084458b09
p:  136933.0257483379
5d1c5c1b2385b96d95458ac9
p:  112590.15631280132
5d1c5c288defc08084458b0f
p:  197367.56189561263
5d1c5c2a2385b96d95458acb
p:  181466.00573470528
5d1c5c30199bf96b60458a54
p:  327222.25001537416
5d1c5c761a28aa5690458a7b
p:  142384.62082003843
5d1c5c8e1a28aa5690458a7c
p:  171989.51695076248
5d1c5cfe199bf96b60458a58
p:  478454.2409318876
5d1c5d1c199bf96b60458a5a
p:  98911.32829028838
5d1c5d251a28aa5690458a7d
p:  187465.96215920924
5d1c5d3a199bf96b60458a5d
p:  200275.9601867306
5d1c5d80199bf96b60458a5e
p:  490915.23043080466
5d1c5d938defc08084458b13
p:  120526.91917654454
5d1c5e02a9e65619f84589d0
p:  126823.1728685013
5d1c5e0cabcfa3314a4589f6
p:  150892.38186847162
5d1c5e35a9e65619f84589d1
p:  164039.73162850091
5d1c5e401a28aa5690458a7f
p:  165440.95498351948
5d1c5e45abcfa3314a4589f7
p:  416550.3143472149
5d1c5e61199bf96b60458a65
p:  178527.15107854854
5d1c5e74199bf96b60458a66
p:  167558.42205428274
5d1c5e871a28aa5690458a81
p:  77618.14988439047
5d1c5e971a28aa5690458a82
p:  129471.92887422128
5d1c5ea7199bf96b60458a69
p:  173362.43879869222
5d1c5ea81a28aa5690458a83
p:  140541.51455841737
5d1c5eba199bf96b60458a6a
p:  359301.7436031188
5d1c5ec61a28aa5690458a84
p:  154540.56746427534
5d1c5ed81a28aa5690458a85
p:  126551.78859178431
5d1c5edc199bf96b60458a6c
p:  409124.0084565107
5d1c5eee199bf96b60458a6d
p:  453490.0844463842
5d1c5f0d1a28aa5690458a87
p:  117356.59274804578
5d1c5f3f7e6c493d59458a29
p:  183781.31888938235
5d1c5f51a9e65619f84589d7
p:  166177.1107823134
5d1c5f5aa9e65619f84589d8
p:  193403.5734696068
5d1c5f927e6c493d59458a2b
p:  115641.4300764073
5d1c5f9b199bf96b60458a75
p:  357278.6575417096
5d1c5fbc67ba46c848458a40
p:  160440.38994510565
5d1c5fe07e6c493d59458a2f
p:  305752.6539811184
5d1c60221a28aa5690458a88
p:  252841.22209684257
5d1c602f1a28aa5690458a89
p:  107747.55855282921
5d1c60391a28aa5690458a8a
p:  199384.48927561252
5d1c60431a28aa5690458a8b
p:  127807.22566906971
5d1c604e1a28aa5690458a8c
p:  161389.65067766357
5d1c60517e6c493d59458a32
p:  229629.2781528498
5d1c60581a28aa5690458a8d
p:  154140.08573281261
5d1c60671a28aa5690458a8e
p:  151461.26458421035
5d1c60801a28aa5690458a90
p:  123967.29073271112
5d1c60818defc08084458b1a
p:  89804.71482105719
5d1c60928defc08084458b1b
p:  120526.91917654454
5d1c60961a28aa5690458a92
p:  111193.71030636283
5d1c60a88defc08084458b1d
p:  267237.67868061503
5d1c60b31a28aa5690458a94
p:  126261.63595291853
5d1c611667ba46c848458a4a
p:  217905.14967382266
5d1c61691a28aa5690458a95
p:  95919.41107517801
5d1c61951a28aa5690458a97
p:  492423.3344084716
5d1c61a41a28aa5690458a98
p:  124552.20254131788
5d1c626667ba46c848458a53
p:  245970.41048416845
5d1c627da9e65619f84589df
p:  210250.75742587107
5d1c6286a9e65619f84589e0
p:  121933.27386839263
5d1c628a67ba46c848458a54
p:  259650.15930523275
5d1c62931a28aa5690458aa0
p:  133807.4756875063
5d1c62ac67ba46c848458a55
p:  332501.87654143746
5d1c62c5a9e65619f84589e8
p:  201860.21290318348
5d1c631467ba46c848458a58
p:  229991.9707216142
5d1c6328199bf96b60458a87
p:  152139.02179112498
5d1c632aabcfa3314a458a05
p:  297121.1644580562
5d1c63347e6c493d59458a3c
p:  151514.55955490243
5d1c633e8defc08084458b1f
p:  102851.61714850235
5d1c63558defc08084458b20
p:  119771.34892136665
5d1c635967ba46c848458a5a
p:  242278.8013553702
5d1c635b199bf96b60458a89
p:  187016.44108990565
5d1c635f8defc08084458b21
p:  102851.61714850235
5d1c636c8defc08084458b22
p:  220859.91107461794
5d1c63998defc08084458b25
p:  335724.5540261028
5d1c63a067ba46c848458a5c
p:  355927.86463402177
5d1c63a48defc08084458b26
p:  225652.4964830397
5d1c63b08defc08084458b27
p:  139294.63870817583
5d1c63c267ba46c848458a5d
p:  217905.14967382266
5d1c63fc1a28aa5690458aa2
p:  98136.84768540831
5d1c6403a9e65619f84589eb
p:  419842.4212675741
5d1c641a1a28aa5690458aa4
p:  150840.9823220661
5d1c64251a28aa5690458aa5
p:  122491.46419399533
5d1c647d1a28aa5690458aa6
p:  122491.46419399533
5d1c648e8defc08084458b2f
p:  162372.57366896773
5d1c649a8defc08084458b31
p:  144896.64693700982
5d1c64a91a28aa5690458aa7
p:  190666.09160978155
5d1c65248defc08084458b33
p:  111501.5363185246
5d1c65588defc08084458b34
p:  138209.53110628075
5d1c658f8defc08084458b35
p:  129779.85424766241
5d1c65e38defc08084458b38
p:  138387.76493068555
5d1c66037e6c493d59458a40
p:  238657.19257847272
5d1c660f8defc08084458b3a
p:  236055.60653954264
5d1c66102815e12fa7458aab
p:  220860.68764344003
5d1c661a67ba46c848458a6c
p:  441468.4604174919
5d1c662e7e6c493d59458a41
p:  228714.9763792007
5d1c66328defc08084458b3c
p:  129262.3214207099
5d1c66458defc08084458b3d
p:  393896.24548684846
5d1c66567e6c493d59458a43
p:  161270.96327918203
5d1c66617e6c493d59458a44
p:  169747.6177420423
5d1c66958defc08084458b41
p:  200126.06484216056
5d1c66ce1a28aa5690458aad
p:  432827.45922244457
5d1c66e47e6c493d59458a4a
p:  300018.2751306188
5d1c66e58defc08084458b45
p:  176251.53049425338
5d1c67311a28aa5690458aae
p:  128870.57077529805
5d1c67401a28aa5690458aaf
p:  149965.22295301346
5d1c67508defc08084458b49
p:  117418.4663198536
5d1c67681a28aa5690458ab0
p:  117234.92575283188
5d1c67ab7e6c493d59458a4b
p:  248142.3040206583
5d1c67c47e6c493d59458a4c
p:  248541.34744117397
5d1c67e01a28aa5690458ab1
p:  122491.46419399533
5d1c67ed1a28aa5690458ab2
p:  86553.48956285886
5d1c685067ba46c848458a7c
p:  204242.23770318643
5d1c688a8defc08084458b51
p:  119268.08860166979
5d1c689d8defc08084458b52
p:  232261.9273886227
5d1c68b67e6c493d59458a4e
p:  441503.18136439665
5d1c68ea1a28aa5690458ab4
p:  190168.63032570327
5d1c68f41a28aa5690458ab5
p:  188367.98514650925
5d1c691d1a28aa5690458ab6
p:  187465.96215920924
5d1c69278defc08084458b55
p:  210647.052899316
5d1c692a7e6c493d59458a53
p:  399760.87547555094
5d1c69428defc08084458b58
p:  212982.10207484034
5d1c697f2385b96d95458af7
p:  203504.60827168438
5d1c6ad08defc08084458b5a
p:  165320.5768472448
5d1c6afa8defc08084458b5c
p:  120526.91917654454
5d1c6b208defc08084458b5e
p:  103426.32529974924
5d1c6b471a28aa5690458abb
p:  223816.5809978011
5d1c6b4f1a28aa5690458abc
p:  154016.76967844146
5d1c6b791a28aa5690458ac0
p:  152098.2839612238
5d1c6b821a28aa5690458ac1
p:  162857.85897502291
5d1c6c0d7e6c493d59458a5d
p:  205053.3466829697
5d1c6c20abcfa3314a458a1a
p:  350958.4041860143
5d1c6c6c67ba46c848458a97
p:  259788.35231529432
5d1c6c7d8defc08084458b61
p:  93054.34960493726
5d1c6cd81a28aa5690458ac2
p:  114507.4099242609
5d1c6cf3199bf96b60458aaa
p:  157994.85405247373
5d1c6d021a28aa5690458ac3
p:  110507.09731391803
5d1c6d07199bf96b60458aab
p:  214500.14882153802
5d1c6d391a28aa5690458ac4
p:  151495.41620412917
5d1c6d807e6c493d59458a6b
p:  218135.90654542067
5d1c6d8d8defc08084458b66
p:  138819.63964794442
5d1c6d971a28aa5690458ac5
p:  112254.4732080278
5d1c6d9a8defc08084458b67
p:  125526.6634087283
5d1c6dac7e6c493d59458a6d
p:  125875.28384569523
5d1c6dafabcfa3314a458a1c
p:  226516.57322109008
5d1c6dcd1a28aa5690458aca
p:  97401.80064361925
5d1c6dcf7e6c493d59458a6f
p:  161270.96327918203
5d1c6dd51a28aa5690458acb
p:  108383.08858221918
5d1c6df47e6c493d59458a71
p:  132063.02967631852
5d1c6e4367ba46c848458aa4
p:  345262.6577721145
5d1c6e8b8defc08084458b6e
p:  121172.01431388926
5d1c6eaa67ba46c848458aa7
p:  233845.51090443542
5d1c6ee71a28aa5690458ace
p:  116854.22375060887
5d1c6f3f67ba46c848458aab
p:  372546.08685103024
5d1c6f591a28aa5690458ad1
p:  95175.38924417303
5d1c6f657e6c493d59458a81
p:  351269.23134207155
5d1c6f8d1a28aa5690458ad2
p:  157462.80488699017
5d1c6fea1a28aa5690458ad4
p:  269011.6266586
5d1c6fec7e6c493d59458a8e
p:  63290.001283032645
5d1c6fee8defc08084458b70
p:  173238.65113956522
5d1c701da9e65619f8458a28
p:  323002.52909333305
5d1c70297e6c493d59458a94
p:  112427.50225451923
5d1c703e1a28aa5690458ad5
p:  88561.6190670293
5d1c70461a28aa5690458ad6
p:  90320.66527131641
5d1c70621a28aa5690458ad9
p:  109196.56209994963
5d1c7067a9e65619f8458a2c
p:  148054.68728533818
5d1c706c1a28aa5690458ada
p:  86553.48956285886
5d1c708a8defc08084458b75
p:  302130.05664349
5d1c70bbabcfa3314a458a1e
p:  253819.97619650076
5d1c70e61a28aa5690458adc
p:  215349.53128588616
5d1c711f67ba46c848458ab7
p:  395621.2452359712
5d1c713a1a28aa5690458add
p:  114507.4099242609
5d1c71541a28aa5690458ade
p:  114507.4099242609
5d1c716c8defc08084458b7b
p:  214646.96930322226
5d1c71791a28aa5690458adf
p:  235445.41127180477
5d1c719c8defc08084458b7f
p:  120187.78369989622
5d1c71a88defc08084458b80
p:  146242.57546017604
5d1c71b48defc08084458b81
p:  120187.78369989622
5d1c71b41a28aa5690458ae1
p:  143923.78388768103
5d1c71be8defc08084458b82
p:  400684.4603148076
5d1c71c68defc08084458b83
p:  208509.2734689826
5d1c71d18defc08084458b84
p:  162115.29807188315
5d1c71da8defc08084458b85
p:  256927.12322301394
5d1c71e78defc08084458b86
p:  102003.60281951116
5d1c71f18defc08084458b87
p:  212982.10207484034
5d1c72448defc08084458b8c
p:  335054.33379618195
5d1c72588defc08084458b8e
p:  187669.50488761294
5d1c72618defc08084458b8f
p:  98616.73672358369
5d1c72b41a28aa5690458ae3
p:  180974.53000057768
5d1c72fd8defc08084458b9c
p:  243212.01503564726
5d1c7315a9e65619f8458a43
p:  207373.3833936022
5d1c735f67ba46c848458ac7
p:  196024.51085698034
5d1c73701a28aa5690458ae4
p:  208149.7539445663
5d1c74a51a28aa5690458ae6
p:  189926.15324424749
5d1c74cd1a28aa5690458ae7
p:  108559.23330191763
5d1c74cfabcfa3314a458a31
p:  221046.56911129254
5d1c752a1a28aa5690458ae8
p:  162857.85897502291
5d1c757c8defc08084458ba9
p:  107154.30908535435
5d1c760e1a28aa5690458aea
p:  185443.24415522208
5d1c76841a28aa5690458af0
p:  191774.8515133331
5d1c76991a28aa5690458af1
p:  191774.8515133331
5d1c76a2abcfa3314a458a3a
p:  253438.54866997944
5d1c76aaa9e65619f8458a53
p:  152906.86318425369
5d1c76b31a28aa5690458af2
p:  127029.01617644896
5d1c76c61a28aa5690458af3
p:  177395.354630626
5d1c76f71a28aa5690458af5
p:  177395.354630626
5d1c77362815e12fa7458ae7
p:  92694.63046271485
5d1c78a6199bf96b60458aca
p:  221754.77160161908
5d1c7973abcfa3314a458a45
p:  267360.8327463875
5d1c7a86199bf96b60458ad9
p:  87501.27763429719
5d1c7aafabcfa3314a458a4b
p:  168383.8254160897
5d1c7ab41a28aa5690458b0a
p:  282954.4824372664
5d1c7b992385b96d95458b39
p:  135979.54518481155
5d2c8d3af65ef1596980b002
p:  139917.24554900272
5d2c8d4ff65ef1596980b004
p:  166190.91753586082
5d2c8d97dddac9863780b001
p:  220808.71328193397
5d2c8db4f65ef1596980b007
p:  133429.35915950133
5d2c8dbbdddac9863780b003
p:  250610.38428198232
5d2c8dfcdddac9863780b005
p:  137435.94236964127
5d2c8e478b6c8df1a080b002
p:  112527.11903728807
5d2c8e5ea5deea0a9480b005
p:  95757.43333475989
5d2c8ea1dddac9863780b008
p:  215695.62528495854
5d2c8eafe4a7bc757d80b002
p:  117088.10556034264
5d2c901ae4a7bc757d80b005
p:  129459.34583288518
5d2c903df65ef1596980b00b
p:  169388.87117073304
5d2c90a3f65ef1596980b00c
p:  119309.25108438807
5d2cd70bcf42953d8480b0ba
p:  107915.81532754007
5d2cd766e4a7bc757d80b0c6
p:  88699.12331906718
5d2cd7672a9e188b3780b0a2
p:  160864.1858556469
5d2cd782e4a7bc757d80b0c7
p:  142787.2631629226
5d2cd79ae4a7bc757d80b0c8
p:  111681.1698585884
5d2cd7a0e4a7bc757d80b0c9
p:  112779.44769491084
5d2cd8548609655adb80b0a3
p:  129693.00463302393
5d2cd8b78609655adb80b0a4
p:  157626.90496933053
5d2cd8c3cf42953d8480b0bb
p:  234224.78741985952
5d2cd8ff08429bd35a80b0bf
p:  148600.88464586658
5d2cd93608429bd35a80b0c0
p:  161144.8054085952
5d2cd97fcf42953d8480b0bc
p:  171989.51695076248
5d2cd9d3cf42953d8480b0be
p:  124069.43774821359
5d2cda0c08429bd35a80b0c3
p:  193541.06157321803
5d2cda6acf42953d8480b0c0
p:  204091.7404678753
5d2cda92cf42953d8480b0c1
p:  117828.62903036509
5d2cdacca5deea0a9480b097
p:  93540.86100132615
5d2cdade08429bd35a80b0c8
p:  184749.70870732493
5d2cdaf58609655adb80b0ad
p:  108144.31613908891
5d2cdb3d7eb9cc953e80b0ba
p:  153130.205810062
5d2cdb4308429bd35a80b0c9
p:  87135.93226097606
5d2cdb4e2a9e188b3780b0a5
p:  153626.15685189777
5d2cdb5f7eb9cc953e80b0bb
p:  101389.95562623737
5d2cdb62cf42953d8480b0c5
p:  128870.57077529805
5d2cdb7708429bd35a80b0cb
p:  111700.933528525
5d2cdb907eb9cc953e80b0bc
p:  87418.23922692378
5d2cdb992a9e188b3780b0a6
p:  147527.21598170127
5d2cdc017eb9cc953e80b0bf
p:  113990.2828984718
5d2cdc0ccf42953d8480b0c6
p:  187465.9621592