Current date and time: 2020-06-07 15:34:19
Successfully connect to DB.
For ['Bartow', 'Catoosa', 'Chattooga', 'Cobb', 'Dade', 'Floyd', 'Gordon', 'Murray', 'Paulding', 'Polk', 'Walker', 'Whitfield']#################################################################
train score for random_forest: 0.9425813071714313
test score for random_forest: 0.6006166554407535
The mean absolute error is:$ 87249.20299493874
r_Score: 0.6258567142992986
Voting Regressor (in): 0.9429064377677506
Voting Regressor: 0.6258567142992986
5d0ca4d93786587b8217ea6e
p:  63925.9203052517
5d0e796645ebd0b4c32fceff
p:  224982.70826918032
5d185da2253e7cfd9b98bd3d
p:  303148.1595936479
5d186325253e7cfd9b98bd63
p:  307002.3554115393
5d1bbd7b03ecbb08e0bf61ac
p:  198063.8933848866
5d267e4b107c1d579eeb6958
p:  295625.21627925243
5d299652199bf96b6045acfc
p:  166916.81394981727
5d29c168199bf96b6045ad87
p:  116144.43025377208
5d2cc403aa1ce31ade80b06f
p:  286168.80033690226
5d2d01c2aa1ce31ade80b113
p:  273456.33165235945
5d2e4327b39b58f1d2167d29
p:  678816.9767882626
5d317ca8d708b0a3d0a64e3d
p:  530414.5895350176
5d319456d708b0a3d0a64e7b
p:  235992.73401848783
5d31bb09d708b0a3d0a64ec4
p:  197763.77507766263
5d3463f5287c7952a4b0309e
p:  272155.32056973665
5d346557287c7952a4b0309f
p:  232686.89681349124
5d34656f287c7952a4b030a0
p:  284077.07000074175
5d3467c3287c7952a4b030a3
p:  267222.37297036196
5d346850287c7952a4b030a5
p:  150029.8581992124
5d346be0287c7952a4b030ae
p:  135652.47205643976
5d346d67287c7952a4b030b2
p:  204675.42325983229
5d346ef7287c7952a4b030b5
p:  150029.8581992124
5d346f97287c7952a4b030b7
p:  154669.2141254152
5d346fc6287c7952a4b030b8
p:  326415.7252226358
5d3472db287c7952a4b030c0
p:  267222.37297036196
5d347458287c7952a4b030c4
p:  223808.56810417696
5d34764e287c7952a4b030c9
p:  246844.66988843566
5d3476a2287c7952a4b030ca
p:  193275.20145026786
5d347833287c7952a4b030cb
p:  171015.93848974007
5d347a4e287c7952a4b030ce
p:  127668.9338370857
5d347ca0287c7952a4b030d2
p:  193311.00610986655
5d347ceb287c7952a4b030d3
p:  132816.6366064482
5d347dc3287c7952a4b030d5
p:  129050.86046937833
5d347ea7287c7952a4b030d6
p:  121870.99515398484
5d347f3e287c7952a4b030d8
p:  106338.87625210607
5d34836e287c7952a4b030dc
p:  289664.92686598084
5d3483ed287c7952a4b030de
p:  125664.95886731191
5d34842c287c7952a4b030df
p:  269248.17387239356
5d348493287c7952a4b030e0
p:  273693.9914804269
5d348605287c7952a4b030e2
p:  263676.9537830602
5d348654287c7952a4b030e4
p:  196153.32891929627
5d3487f0287c7952a4b030e6
p:  314090.04184321524
5d348871287c7952a4b030e7
p:  148838.24827793997
5d348896287c7952a4b030e8
p:  100238.6609532022
5d3488be287c7952a4b030e9
p:  148838.24827793997
5d348a44287c7952a4b030eb
p:  150334.55426240468
5d348af9287c7952a4b030ec
p:  199934.8306399243
5d348b34287c7952a4b030ed
p:  157847.05476936442
5d348d22287c7952a4b030f2
p:  169539.6778412091
5d348d8f287c7952a4b030f4
p:  110783.57037919547
5d349523287c7952a4b030ff
p:  274924.4969847191
5d349600287c7952a4b03101
p:  270196.19345402997
5d349629287c7952a4b03102
p:  230146.74433416766
5d349646287c7952a4b03103
p:  207452.19167727506
5d34fbab02947826d9b0322d
p:  238898.56966208285
5d34fdab02947826d9b03239
p:  367635.9980740249
5d34fdb802947826d9b0323a
p:  186186.02067688122
5d34fe9c02947826d9b03243
p:  276505.72474657244
5d3500c902947826d9b03249
p:  229406.89545726625
5d350101a463697edcb031ef
p:  377194.14165894955
5d350222a463697edcb031f3
p:  263619.0809896467
5d350235a463697edcb031f4
p:  347732.1921169459
5d350265a463697edcb031f5
p:  280481.59358439466
5d350285a463697edcb031f6
p:  458677.6169025077
5d35035e02947826d9b0324f
p:  336589.85208442365
5d3503fe02947826d9b03252
p:  240565.52447371208
5d3507d502947826d9b03259
p:  236620.758697094
5d350817a463697edcb031fe
p:  274240.1082984895
5d3508d202947826d9b0325e
p:  380386.839350812
5d35094802947826d9b0325f
p:  194803.11421141104
5d350a757110e453a0b03215
p:  267705.11378434947
5d350ab6a463697edcb03205
p:  388106.5700586723
5d350bb2a463697edcb03207
p:  320831.5064273203
5d350c3ecd42ac9270b03214
p:  219930.08069328382
5d350d6dcd42ac9270b0321b
p:  295146.6062142083
5d350e3aa463697edcb0320a
p:  337247.95333761
5d350e63c3efa1c96ab03253
p:  208312.36471491013
5d350e73c3efa1c96ab03254
p:  204618.81843421372
5d350ebdcd42ac9270b0321e
p:  351489.88808225276
5d350eeea463697edcb0320b
p:  326179.58046895394
5d350f897110e453a0b0321f
p:  267570.8324382297
5d350f9bcd42ac9270b03221
p:  342482.7495894131
5d350fbac3efa1c96ab03258
p:  226006.95731369808
5d350fc9a463697edcb03212
p:  369114.2898554766
5d350fcf7110e453a0b03220
p:  215038.4052622949
5d350fdc02947826d9b0326a
p:  242329.75142897014
5d35106002947826d9b0326e
p:  306635.24583209335
5d3510f7a463697edcb03217
p:  318882.5089302041
5d351134cd42ac9270b03227
p:  391795.13735349133
5d35115dc3efa1c96ab0325e
p:  392249.17773899477
5d35121bc3efa1c96ab0325f
p:  285244.6037086054
5d351254a463697edcb03218
p:  263824.28813342494
5d3512cba463697edcb0321b
p:  370663.43440378504
5d3513327110e453a0b03227
p:  360640.85353811376
5d3513c4c3efa1c96ab03263
p:  180754.68625708413
5d3513f5571b606843b03266
p:  334167.41717561247
5d351439cd42ac9270b0322c
p:  331592.37635935907
5d35145dc3efa1c96ab03265
p:  253006.5247237054
5d351495c3efa1c96ab03267
p:  491441.1377964887
5d3514ed02947826d9b0327a
p:  157443.27862799735
5d35152ac3efa1c96ab0326b
p:  244434.9686070043
5d3515bfc3efa1c96ab0326d
p:  239825.15101232965
5d351689a463697edcb03223
p:  331605.05536112905
5d35168c571b606843b03267
p:  258943.1378195774
5d3516b27110e453a0b03230
p:  506971.1244794036
5d3516b8c3efa1c96ab0326f
p:  180754.68625708413
5d3516be571b606843b03268
p:  375908.4475885683
5d351700571b606843b03269
p:  199758.4363174009
5d351726c3efa1c96ab03271
p:  229017.08880619018
5d351751cd42ac9270b03230
p:  317022.46595545916
5d3517ce571b606843b0326a
p:  312824.63857471675
5d351816c3efa1c96ab03272
p:  458731.5614481205
5d351848c3efa1c96ab03273
p:  263578.10758991714
5d351870571b606843b0326c
p:  461795.67891672964
5d3518c1571b606843b0326e
p:  286014.24521165516
5d3518e1571b606843b0326f
p:  306073.74378901004
5d3519ac7110e453a0b03237
p:  269344.92929079017
5d3519b7c3efa1c96ab03275
p:  458731.5614481205
5d3519ea7110e453a0b03238
p:  254701.9572140843
5d351a82c3efa1c96ab03277
p:  461539.8839194488
5d351aafcd42ac9270b03236
p:  550641.7625816724
5d351bfaa463697edcb0322b
p:  339578.6497685694
5d351c37571b606843b03272
p:  381051.859466422
5d351c7ea463697edcb0322d
p:  578097.12878055
5d351cf27110e453a0b03242
p:  264410.59390169266
5d351d027110e453a0b03243
p:  429844.5588213623
5d351d6bcd42ac9270b0323a
p:  272612.7597470897
5d351db8571b606843b03276
p:  361815.28234113846
5d351dcdc3efa1c96ab0327b
p:  216338.42614098795
5d351de2571b606843b03277
p:  332715.2569028707
5d351e5bcd42ac9270b0323e
p:  616833.8756040502
5d351e5bc3efa1c96ab0327c
p:  293068.96265711193
5d351ea2c3efa1c96ab0327d
p:  381148.7902835717
5d351ee9a463697edcb03234
p:  377028.4667281532
5d351f427110e453a0b0324e
p:  378714.2304803608
5d351f747110e453a0b0324f
p:  350698.8385351186
5d351fb4571b606843b03279
p:  365896.89012636046
5d351fc7571b606843b0327a
p:  342099.71606299025
5d351fff571b606843b0327c
p:  447281.8008029008
5d35201b7110e453a0b03251
p:  285307.9289745712
5d35201fcd42ac9270b03243
p:  261858.68427053647
5d3520c6c3efa1c96ab03283
p:  371164.37778583297
5d3520e4cd42ac9270b03245
p:  308401.4083879512
5d3520e8c3efa1c96ab03285
p:  178947.74447042402
5d3520f7571b606843b0327e
p:  365911.848225681
5d35212ba463697edcb0323b
p:  452025.0727763186
5d3521eba463697edcb0323d
p:  324863.2055731821
5d3521facd42ac9270b0324b
p:  300959.31266699603
5d352228c3efa1c96ab03287
p:  181921.38758346622
5d35228aa463697edcb0323f
p:  272926.49601757666
5d3523c4cd42ac9270b03255
p:  169879.09408997878
5d3523f0571b606843b03284
p:  398506.119195172
5d352420cd42ac9270b03257
p:  274460.70462860825
5d35245dcd42ac9270b03258
p:  409703.1143294856
5d3524e6c3efa1c96ab0328b
p:  223512.75677594417
5d3524f37110e453a0b0325e
p:  295243.2593238442
5d35251ecd42ac9270b0325c
p:  300000.23970194196
5d3525d2a463697edcb03245
p:  260874.8039017851
5d352615c3efa1c96ab0328d
p:  185147.57520999986
5d352730a463697edcb03247
p:  334269.05475658143
5d352746a463697edcb03248
p:  311288.461393195
5d3527757110e453a0b03265
p:  291876.777003851
5d35277aa463697edcb0324a
p:  319712.39156162855
5d35278fa463697edcb0324b
p:  325101.15670628403
5d35295b571b606843b0328a
p:  378238.66700916283
5d352a09571b606843b0328d
p:  317102.04296318453
5d352a1ac3efa1c96ab03295
p:  1424265.460555004
5d352a61571b606843b0328e
p:  634542.3443192767
5d352a77a463697edcb0324e
p:  644390.9176101262
5d352aeecd42ac9270b03266
p:  310039.7373050465
5d352af1a463697edcb03250
p:  562303.1618764437
5d352b4fa463697edcb03251
p:  336129.6861060965
5d352b5e7110e453a0b03273
p:  434939.9294978312
5d352ca8571b606843b03298
p:  366095.92206310574
5d352cc0cd42ac9270b0326a
p:  514095.53962905897
5d352d37cd42ac9270b0326b
p:  622046.7435024123
5d352d9dcd42ac9270b0326d
p:  303219.9934257441
5d352f5ac3efa1c96ab032a4
p:  266413.35719104984
5d352f64a463697edcb03256
p:  257984.07859191438
5d352fd5571b606843b032a3
p:  349881.0105336712
5d3530fecd42ac9270b03275
p:  262607.9915951954
5d35311a571b606843b032a7
p:  360110.74988184636
5d353160571b606843b032a9
p:  349154.0197472239
5d3531a67110e453a0b03285
p:  266462.0113421481
5d3531c5a463697edcb0325a
p:  400216.1276132718
5d35332e571b606843b032ac
p:  360110.74988184636
5d35332fa463697edcb0325f
p:  375308.43348294764
5d3533807110e453a0b0328b
p:  259746.73652248873
5d35340ba463697edcb03260
p:  261222.00753978017
5d353466cd42ac9270b03280
p:  291792.50627555663
5d353482cd42ac9270b03281
p:  249633.92102561198
5d3534b4c3efa1c96ab032aa
p:  257618.84919681912
5d35350e7110e453a0b0328e
p:  358695.73431842297
5d35363ccd42ac9270b03288
p:  343008.23693856865
5d3536d07110e453a0b03294
p:  316194.37842929224
5d35373aa463697edcb0326a
p:  310039.31603111164
5d353862d81bed9258b03246
p:  178195.89061283378
5d3538b8d81bed9258b03248
p:  163753.0543452712
5d353970c3efa1c96ab032af
p:  737841.5473991099
5d353982c3efa1c96ab032b0
p:  324039.964569738
5d353a6fc3efa1c96ab032b1
p:  222918.09261218397
5d353addcd42ac9270b03297
p:  288319.66252555663
5d353c07a463697edcb03271
p:  366947.3429444915
5d353c2aa463697edcb03272
p:  510981.29881539394
5d353d6fff9aade8d9b03346
p:  263965.7525021174
5d353dd4ff9aade8d9b03348
p:  265196.7536007599
5d353e22cd42ac9270b032a1
p:  675137.6487088283
5d353f11a463697edcb0327b
p:  427419.26856099383
5d353f34c3efa1c96ab032be
p:  535792.0875563067
5d353fe4a463697edcb0327d
p:  301057.4549081067
5d354063a463697edcb03280
p:  713769.594612479
5d3540d4c3efa1c96ab032c2
p:  503021.36490652297
5d3540e3cd42ac9270b032a5
p:  307002.3554115393
5d354102c3efa1c96ab032c4
p:  253006.5247237054
5d354143571b606843b032c8
p:  296534.282104367
5d3541d4cd42ac9270b032a7
p:  347779.24258721137
5d35420eff9aade8d9b0334f
p:  399715.36166436464
5d354255571b606843b032ce
p:  393744.5117174684
5d354282571b606843b032d0
p:  413535.77920775296
5d3542ceff9aade8d9b03352
p:  252015.71426859003
5d3542d2cd42ac9270b032a9
p:  268700.74940114
5d3542d9ff9aade8d9b03353
p:  222099.67240407504
5d3542dfa463697edcb03283
p:  367191.43857914803
5d354307ff9aade8d9b03354
p:  371766.41141942574
5d354356a463697edcb03285
p:  308332.98215230496
5d3543bca463697edcb03288
p:  315463.8165652645
5d3543cc7110e453a0b032ab
p:  331070.0709804873
5d3543fdcd42ac9270b032ac
p:  280286.3300147421
5d35441fa463697edcb0328a
p:  301446.77370880387
5d35443ea463697edcb0328b
p:  324219.28299098776
5d354461ff9aade8d9b03356
p:  319303.2312389711
5d3544aecd42ac9270b032ae
p:  231904.93276724665
5d354502ff9aade8d9b0335a
p:  300797.1536728153
5d354530571b606843b032dd
p:  385814.1333697457
5d354667ff9aade8d9b0335c
p:  189293.40609510618
5d3546b0cd42ac9270b032b1
p:  269503.02640742215
5d3546d7cd42ac9270b032b2
p:  359113.2196853813
5d3546decd42ac9270b032b3
p:  351375.6724583036
5d3546e5cd42ac9270b032b4
p:  334423.55849066563
5d354705ff9aade8d9b03363
p:  244464.8942826111
5d354811571b606843b032e2
p:  552271.0961446112
5d354901d81bed9258b03264
p:  363956.58246640686
5d354994a463697edcb03296
p:  543603.268342438
5d354a12a463697edcb03299
p:  321898.09374286234
5d354a94c3efa1c96ab032d4
p:  395674.7573822086
5d354aa0ff9aade8d9b0336e
p:  171582.0252774314
5d354adaff9aade8d9b0336f
p:  309155.14991404256
5d354b31a463697edcb0329d
p:  281519.44330824516
5d354c59d81bed9258b0326d
p:  370287.45746640686
5d354cfa571b606843b032eb
p:  386972.3454515729
5d354e6bd81bed9258b03272
p:  413022.74956159905
5d354eb0ff9aade8d9b0337a
p:  323588.7373044562
5d354ee4c3efa1c96ab032e3
p:  835563.8637772275
5d354f62cd42ac9270b032c3
p:  361074.53461919585
5d3550b9ff9aade8d9b0337d
p:  439641.39222461934
5d3551c0ff9aade8d9b0337e
p:  246418.39172644122
5d3552f2ff9aade8d9b03381
p:  164850.06940652672
5d355310c3efa1c96ab032eb
p:  383669.81083592813
5d355344ff9aade8d9b03382
p:  203873.40715226915
5d355354ff9aade8d9b03383
p:  200880.2547303645
5d35543fff9aade8d9b03387
p:  258860.13219409384
5d355479a463697edcb032b6
p:  369152.7045053987
5d3554c4cd42ac9270b032d7
p:  169879.09408997878
5d355597ff9aade8d9b0338a
p:  373523.6524023912
5d3555d2ff9aade8d9b0338c
p:  469611.47391794267
5d3556b3cd42ac9270b032d8
p:  273109.30886074255
5d3556f4d81bed9258b03288
p:  290720.52983388136
5d355825ff9aade8d9b03390
p:  333254.39557162265
5d355851d81bed9258b0328c
p:  218759.45701764672
5d355a39d81bed9258b0328f
p:  300938.49339108646
5d355aafff9aade8d9b03392
p:  277807.33968611073
5d355d5aa463697edcb032c6
p:  772502.1018711962
5d355ddfff9aade8d9b03399
p:  332432.97975757776
5d355fb7cd42ac9270b032e9
p:  623428.8361362885
5d355fbbff9aade8d9b0339d
p:  263965.7525021174
5d356240cd42ac9270b032f0
p:  288307.4202992851
5d356465cd42ac9270b032fa
p:  348553.61322924047
5d3564c6ff9aade8d9b033a8
p:  208499.87590226915
5d3564e2d81bed9258b032a3
p:  181739.93219879078
5d35665dd81bed9258b032a4
p:  402394.4379349585
5d35690fd81bed9258b032a9
p:  476628.00173805363
5d356acdd81bed9258b032ac
p:  301033.0043851406
5d356c4fd81bed9258b032b0
p:  393668.1518053101
5d35708302947826d9b03362
p:  201908.5946814117
5d3570e3d81bed9258b032b6
p:  188473.37919513017
5d3570e7ff9aade8d9b033b8
p:  338572.728298079
5d35726602947826d9b03364
p:  254898.08484526677
5d35729802947826d9b03365
p:  282517.3644693129
5d3572ba02947826d9b03366
p:  327217.34409407264
5d3572db02947826d9b03367
p:  195924.4842389495
5d35731ad81bed9258b032ba
p:  390203.33236402425
5d35734bd81bed9258b032bb
p:  480937.10576783516
5d35735202947826d9b03368
p:  307741.6600081383
5d35737802947826d9b03369
p:  245336.95985890194
5d3573a6ff9aade8d9b033bd
p:  179420.65442696627
5d357417ff9aade8d9b033bf
p:  187458.9823814292
5d357485ff9aade8d9b033c1
p:  150312.8527130445
5d35758302947826d9b0336e
p:  268367.1143351631
5d3575f502947826d9b03371
p:  423902.9630103392
5d357612d81bed9258b032c1
p:  340465.2015485355
5d3576bd02947826d9b03372
p:  228446.0816971297
5d3576ff02947826d9b03374
p:  229768.52289746568
5d35778cd81bed9258b032c3
p:  184140.26629401982
5d3577c5d81bed9258b032c4
p:  318483.14195015107
5d35788902947826d9b0337a
p:  288414.67873412964
5d3578c502947826d9b0337b
p:  218084.40018960362
5d3578ded81bed9258b032c6
p:  181089.92431011383
5d3579fcd81bed9258b032cd
p:  164922.25208488732
5d357ab3ff9aade8d9b033cf
p:  124169.31668166185
5d357d2d36b898edc1b0333f
p:  355778.5555173192
5d357dd436b898edc1b03342
p:  284670.15801266057
5d357e1302947826d9b0337f
p:  237744.51454202982
5d357ea936b898edc1b03344
p:  113441.2173546961
5d35801d36b898edc1b03347
p:  337805.2165183691
5d35819a02947826d9b03388
p:  361493.7068598427
5d358336ff9aade8d9b033e2
p:  174904.1925252191
5d35835736b898edc1b0334b
p:  216707.59212782484
5d3585c502947826d9b03392
p:  267559.16410877183
5d35861202947826d9b03395
p:  284122.6967645843
5d35864902947826d9b03398
p:  322120.9871690107
5d358660d81bed9258b032e4
p:  326321.02573402086
5d35868a02947826d9b0339b
p:  228106.58651066135
5d3586b402947826d9b0339d
p:  185481.01755378442
5d3586d736b898edc1b0334e
p:  214857.5494367047
5d3586e302947826d9b0339e
p:  246324.64601449508
5d3586fa36b898edc1b0334f
p:  204143.28364680754
5d35875c36b898edc1b03350
p:  162606.3063218558
5d3587c336b898edc1b03351
p:  309417.95938894176
5d3587f636b898edc1b03353
p:  252972.55213430466
5d358a5d02947826d9b033a5
p:  225050.63779773045
5d358a88d81bed9258b032e9
p:  185465.63903519922
5d358ada36b898edc1b03354
p:  197016.72693656117
5d358b0a36b898edc1b03355
p:  231153.75508659356
5d358b7036b898edc1b03356
p:  189443.56288825377
5d358b9936b898edc1b03357
p:  91137.42818731631
5d358c5dd81bed9258b032ec
p:  459961.9918508842
5d358ce1d81bed9258b032f0
p:  266070.80127000314
5d358d2c36b898edc1b03359
p:  99640.99399931793
5d35901136b898edc1b0335a
p:  189839.24182663186
5d35903b02947826d9b033b2
p:  266256.3472043134
5d35907d36b898edc1b0335b
p:  235939.10687197838
5d3590dfd81bed9258b032f7
p:  192873.36257058976
5d3590e236b898edc1b0335d
p:  124287.03208135179
5d3590e902947826d9b033b4
p:  247070.78797026677
5d3591dd02947826d9b033b7
p:  280541.1065048303
5d3591e8d81bed9258b032f8
p:  246890.69193954708
5d35920c02947826d9b033b8
p:  298703.6622092029
5d359223d81bed9258b032f9
p:  215707.99384524964
5d35930b36b898edc1b03362
p:  230946.70119489738
5d3593ca36b898edc1b03365
p:  206615.4846756315
5d3595c102947826d9b033ba
p:  306727.18220509484
5d35962d287c7952a4b0335e
p:  264118.02917772584
5d35965b287c7952a4b0335f
p:  184347.4611106246
5d35967736b898edc1b0336e
p:  251091.4547245287
5d35976ed81bed9258b03304
p:  227458.42335639754
5d35979f287c7952a4b03362
p:  183400.83435656084
5d3597dcff9aade8d9b0340a
p:  220544.90385162295
5d3597ee02947826d9b033bc
p:  201908.5946814117
5d359806d81bed9258b03306
p:  278989.8929792796
5d35981502947826d9b033bd
p:  230468.84021542646
5d35983e02947826d9b033be
p:  263285.2455903176
5d35991336b898edc1b03371
p:  230304.06800230534
5d35991802947826d9b033c0
p:  233704.9127699562
5d359926d81bed9258b03309
p:  441019.80434192973
5d359969ff9aade8d9b0340c
p:  111480.92747511639
5d359975287c7952a4b03367
p:  157380.6043411566
5d3599c202947826d9b033c2
p:  182108.96592991438
5d359b40ff9aade8d9b03411
p:  203677.22970989387
5d359cc1d81bed9258b03310
p:  380552.22923385503
5d359cec02947826d9b033ca
p:  265086.34672318003
5d359edf02947826d9b033d3
p:  231244.46521542646
5d359f0a02947826d9b033d4
p:  222625.86427419382
5d359f5402947826d9b033d6
p:  229116.93278318655
5d359fa5d81bed9258b03319
p:  244150.82833364542
5d359ff5d81bed9258b0331b
p:  422290.0482489951
5d35a17102947826d9b033db
p:  221115.39972831885
5d35a1afff9aade8d9b03422
p:  213658.15722700904
5d35a21cff9aade8d9b03423
p:  164370.176018141
5d35a266287c7952a4b0337f
p:  163590.318758387
5d35a497d81bed9258b03324
p:  226090.645923068
5d35a56ed81bed9258b03327
p:  235551.2191666169
5d35a5f4cd42ac9270b0339c
p:  122436.84157020127
5d35a662ff9aade8d9b03429
p:  331145.9299656039
5d35a74b02947826d9b033e4
p:  220969.06259072293
5d35a85f02947826d9b033e9
p:  228106.58651066135
5d35a889cd42ac9270b033a3
p:  250623.17099240664
5d35a8daff9aade8d9b03435
p:  204653.4737100429
5d35a96bff9aade8d9b03437
p:  211815.25569926613
5d35a9b802947826d9b033eb
p:  221115.39972831885
5d35aa09ff9aade8d9b03439
p:  232169.08384000685
5d35aa5202947826d9b033ec
p:  237892.74906307075
5d35aa9e02947826d9b033ed
p:  330791.7115784574
5d35abf9ff9aade8d9b0343f
p:  174005.0330917281
5d35ac26ff9aade8d9b03440
p:  132359.68320861267
5d35ac84ff9aade8d9b03442
p:  167517.6808879405
5d35ad50ff9aade8d9b03443
p:  260176.7327952593
5d35adf5287c7952a4b0339e
p:  212020.32549612405
5d35aea1571b606843b033be
p:  215526.88023512907
5d35aef4cd42ac9270b033af
p:  312817.90397737536
5d35af7e571b606843b033bf
p:  210272.18562110455
5d35b18d287c7952a4b033a3
p:  325675.4563888986
5d35b1afd81bed9258b03355
p:  221747.55736223038
5d35b1b9287c7952a4b033a4
p:  248661.58155263605
5d35b1dcff9aade8d9b0344b
p:  172475.1360740788
5d35b1f8287c7952a4b033a5
p:  344050.72857076745
5d35b23fcd42ac9270b033b2
p:  248187.12235660106
5d35b25e571b606843b033c3
p:  209039.55783646763
5d35b26fcd42ac9270b033b3
p:  247841.09426925896
5d35b2fccd42ac9270b033b5
p:  157073.18190530944
5d35b377287c7952a4b033a8
p:  270017.47729674896
5d35b3f8cd42ac9270b033b8
p:  192833.43029972966
5d35b4d102947826d9b033fc
p:  242763.18618653243
5d35b50702947826d9b033fd
p:  182108.96592991438
5d35b53aff9aade8d9b03450
p:  210211.5750126646
5d35b5fa287c7952a4b033b7
p:  240943.84692740906
5d35b60102947826d9b03400
p:  266400.37169759034
5d35b65c02947826d9b03402
p:  276812.4248600049
5d35b661ff9aade8d9b03456
p:  107572.21814899924
5d35b69b02947826d9b03403
p:  302155.2819362122
5d35b6fe287c7952a4b033ba
p:  237632.25006090768
5d35b732cd42ac9270b033ba
p:  284898.8661477113
5d35b739287c7952a4b033bb
p:  160845.61720145674
5d35b74fcd42ac9270b033bb
p:  284898.8661477113
5d35b776ff9aade8d9b03457
p:  244908.13656481827
5d35b7f5cd42ac9270b033c0
p:  370988.38617977477
5d35b8237110e453a0b033b4
p:  250197.7461618684
5d35b824571b606843b033d2
p:  292305.6801368296
5d35b9b3571b606843b033d4
p:  188237.23504526503
5d35ba99d81bed9258b03374
p:  456132.2794749597
5d35baefdd2d94d3c8b033c2
p:  161348.15673386175
5d35bb1c571b606843b033d8
p:  132012.3093305757
5d35bb45dd2d94d3c8b033c5
p:  208681.70772939286
5d35bb53571b606843b033d9
p:  299688.9138925121
5d35bbd0571b606843b033da
p:  241000.67469198583
5d35bc3036b898edc1b033ac
p:  132958.24815103546
5d35bc71dd2d94d3c8b033ca
p:  202656.8479878644
5d35bcd436b898edc1b033ad
p:  191925.6313876894
5d35bd13dd2d94d3c8b033cd
p:  203091.84725024062
5d35bd3236b898edc1b033af
p:  223237.09281205357
5d35bd6236b898edc1b033b0
p:  247362.3470995362
5d35bdc536b898edc1b033b2
p:  244822.10211197473
5d35bde736b898edc1b033b3
p:  98849.22186748631
5d35be38571b606843b033e2
p:  181552.89483763103
5d35be44287c7952a4b033c4
p:  251225.56602621858
5d35be63f867ff1780b0362e
p:  400742.080865768
5d35be75571b606843b033e3
p:  199027.95332467067
5d35bf48dd2d94d3c8b033d4
p:  235692.19249445765
5d35bf70dd2d94d3c8b033d5
p:  250805.7499436716
5d35bfe602947826d9b03411
p:  145651.50920588055
5d35c07802947826d9b03413
p:  233603.07221318432
5d35c0d5287c7952a4b033cd
p:  255821.2716389647
5d35c143dd2d94d3c8b033da
p:  197369.74456724257
5d35c16fdd2d94d3c8b033db
p:  203495.4766769477
5d35c1aecd42ac9270b033d6
p:  214216.4574610086
5d35c1da571b606843b033ed
p:  187640.54250124178
5d35c206571b606843b033ee
p:  176853.17551050457
5d35c23cdd2d94d3c8b033df
p:  255720.80602373654
5d35c24e571b606843b033ef
p:  177694.38648153917
5d35c265dd2d94d3c8b033e0
p:  202773.6660499195
5d35c271d81bed9258b03385
p:  148817.7937530715
5d35c28c36b898edc1b033bb
p:  275212.69637812977
5d35c295dd2d94d3c8b033e1
p:  258375.22799235873
5d35c2a736b898edc1b033bc
p:  272750.6525503042
5d35c2ea36b898edc1b033bd
p:  235715.08132158357
5d35c30636b898edc1b033be
p:  222221.73555209732
5d35c31436b898edc1b033bf
p:  252114.22099082996
5d35c394571b606843b033f4
p:  217895.16116706477
5d35c3e2dd2d94d3c8b033e3
p:  200188.8467482799
5d35c3ff36b898edc1b033c0
p:  225750.71991675865
5d35c410cd42ac9270b033da
p:  387260.2006138513
5d35c43f287c7952a4b033db
p:  73224.86547552487
5d35c45bcd42ac9270b033db
p:  227919.6139059586
5d35c46602947826d9b03419
p:  228067.88357407265
5d35c4a9f867ff1780b03657
p:  189294.21490860992
5d35c50a571b606843b033f9
p:  232944.77000235766
5d35c55136b898edc1b033c3
p:  225845.79165793848
5d35c605d81bed9258b03390
p:  191689.72827060762
5d35c677f867ff1780b03663
p:  230917.06353400927
5d35c70436b898edc1b033c8
p:  271239.1726988194
5d35c81036b898edc1b033c9
p:  281449.29490387917
5d35c816cd42ac9270b033e7
p:  228757.7682614444
5d35c81a287c7952a4b033e7
p:  170475.2734109579
5d35c82536b898edc1b033ca
p:  265119.76330519875
5d35c8a836b898edc1b033cc
p:  212717.75645011084
5d35c8f202947826d9b0341f
p:  235146.75443891942
5d35c911cd42ac9270b033ed
p:  373773.17464189243
5d35c91d36b898edc1b033cd
p:  235715.08132158357
5d35c94936b898edc1b033ce
p:  223024.29404502432
5d35c94ccd42ac9270b033ee
p:  340115.2862621871
5d35c98536b898edc1b033cf
p:  235637.46780580588
5d35c9f3ff9aade8d9b03493
p:  166445.41814423277
5d35ca0e571b606843b03407
p:  249303.4989736177
5d35ca1c02947826d9b03421
p:  249262.2230392499
5d35ca5fcd42ac9270b033f5
p:  235442.98040030408
5d35caa7571b606843b03408
p:  302559.25829828053
5d35cae8287c7952a4b033f2
p:  120193.53649819063
5d35cbbcf867ff1780b03683
p:  139837.51978612918
5d35cbd3dd2d94d3c8b033f2
p:  171234.34985993133
5d35cbdbd81bed9258b03399
p:  227588.00570522196
5d35cbfbdd2d94d3c8b033f3
p:  251789.81293979957
5d35cc09f867ff1780b03685
p:  168556.43780825118
5d35cc0f3900afdcd6b03406
p:  177395.7096133005
5d35cc38dd2d94d3c8b033f4
p:  234069.5717986219
5d35cc8fdd2d94d3c8b033f6
p:  262317.1086973122
5d35cca4d81bed9258b0339a
p:  284966.76422349014
5d35cca6dd2d94d3c8b033f7
p:  190419.1238087832
5d35cd55dd2d94d3c8b033fa
p:  195946.97844253056
5d35cda7dd2d94d3c8b033fc
p:  209191.05245361186
5d35cde93900afdcd6b03408
p:  259293.20142926238
5d35cdfe3900afdcd6b03409
p:  303986.70740464516
5d35ce31dd2d94d3c8b03400
p:  234498.42748542284
5d35ce47dd2d94d3c8b03401
p:  236153.62870243628
5d35ce6002947826d9b0342d
p:  293157.4338180664
5d35ce83571b606843b03417
p:  205900.80978742687
5d35cf0f571b606843b03419
p:  177694.38648153917
5d35cf3536b898edc1b033d9
p:  269236.3965813408
5d35cf6c3900afdcd6b03412
p:  145969.8641552829
5d35cff336b898edc1b033db
p:  185946.21658318816
5d35d02302947826d9b03430
p:  316398.94513460825
5d35d03736b898edc1b033dc
p:  252712.38716723697
5d35d07036b898edc1b033dd
p:  251235.59510396572
5d35d0a9f867ff1780b036a0
p:  122564.77774676039
5d35d0acd81bed9258b033a1
p:  286283.7047995224
5d35d0ccd81bed9258b033a2
p:  189650.0891293407
5d35d0cff867ff1780b036a1
p:  114571.80966610363
5d35d0d6287c7952a4b03406
p:  361716.7730213889
5d35d0f8f867ff1780b036a2
p:  454819.04071199935
5d35d124dd2d94d3c8b03409
p:  196543.47336425673
5d35d168f867ff1780b036a5
p:  113113.84827620382
5d35d189287c7952a4b03408
p:  160340.34831726344
5d35d210f867ff1780b036a9
p:  109905.26806970399
5d35d2183900afdcd6b03419
p:  219677.96243948018
5d35d218287c7952a4b0340b
p:  215745.85523351518
5d35d25e3900afdcd6b0341a
p:  197174.55059861403
5d35d275d81bed9258b033a6
p:  274998.5947772197
5d35d27b36b898edc1b033df
p:  256983.92636948498
5d35d31cdd2d94d3c8b0340d
p:  169313.56200981486
5d35d3483900afdcd6b0341c
p:  271247.4758327696
5d35d378dd2d94d3c8b0340f
p:  172347.56467916822
5d35d37e36b898edc1b033e6
p:  488277.4800601837
5d35d38acd42ac9270b0340c
p:  201592.206982249
5d35d38e571b606843b03423
p:  260214.4309512481
5d35d3c2dd2d94d3c8b03411
p:  317635.35614490067
5d35d408287c7952a4b0340d
p:  296153.79061763047
5d35d40ecd42ac9270b0340e
p:  117406.12608545274
5d35d4b0cd42ac9270b03410
p:  204210.06191318907
5d35d4d5f867ff1780b036b8
p:  94282.22447754903
5d35d5243900afdcd6b03423
p:  204847.48962719436
5d35d594f867ff1780b036bd
p:  87439.54281433855
5d35d59d3900afdcd6b03424
p:  179982.8450452321
5d35d5a73900afdcd6b03425
p:  158807.08049398474
5d35d5b23900afdcd6b03426
p:  318113.2057355773
5d35d608f867ff1780b036c0
p:  88462.0080776253
5d35d669571b606843b03428
p:  148799.5602277816
5d35d6b836b898edc1b033eb
p:  330503.55790558376
5d35d6d7571b606843b03429
p:  199246.73993791407
5d35d72b3900afdcd6b03429
p:  195775.00084486243
5d35d72bd81bed9258b033af
p:  251432.6982545781
5d35d7f7dd2d94d3c8b0341f
p:  220191.5206233787
5d35d80136b898edc1b033ed
p:  292628.32382593036
5d35d80e3900afdcd6b03430
p:  279009.7736476106
5d35d817571b606843b0342b
p:  328556.82957223774
5d35d835cd42ac9270b03419
p:  230502.84169360524
5d35d86b36b898edc1b033ef
p:  201336.37989322812
5d35d87dcd42ac9270b0341a
p:  240950.28611388736
5d35d8ba571b606843b0342f
p:  210983.17198219956
5d35d8d836b898edc1b033f0
p:  185028.614410406
5d35d8e3571b606843b03431
p:  229155.72548305575
5d35d8ff3900afdcd6b03432
p:  147477.50952105265
5d35d909571b606843b03433
p:  217308.47666969956
5d35d948571b606843b03435
p:  480922.8933992609
5d35d97036b898edc1b033f1
p:  262768.7142468016
5d35d99e36b898edc1b033f2
p:  157840.0571107322
5d35d9a83900afdcd6b03436
p:  147477.50952105265
5d35d9c636b898edc1b033f3
p:  249498.1635935887
5d35d9fbcd42ac9270b03420
p:  172272.8911454531
5d35da3c36b898edc1b033f5
p:  217777.7784416682
5d35da4a571b606843b0343a
p:  208731.13474435278
5d35daa43900afdcd6b03438
p:  352718.4377184449
5d35dabbf867ff1780b036df
p:  123170.58230507499
5d35db0a36b898edc1b033f8
p:  276923.39363128756
5d35db10287c7952a4b03423
p:  215745.85523351518
5d35db25ff9aade8d9b034bd
p:  84163.44040865294
5d35db3f287c7952a4b03424
p:  236231.91903039406
5d35db743900afdcd6b0343d
p:  225041.6733796533
5d35dbf736b898edc1b033f9
p:  211920.59436537782
5d35dc243900afdcd6b03441
p:  177151.11646612707
5d35dc5536b898edc1b033fa
p:  235715.08132158357
5d35dc58287c7952a4b03428
p:  165060.9510327829
5d35dc86571b606843b03448
p:  413533.0476622749
5d35dcb0287c7952a4b0342a
p:  259568.34419160165
5d35dcd2571b606843b0344a
p:  189149.7911683299
5d35dcf0f867ff1780b036ec
p:  83156.902722503
5d35dcf8571b606843b0344b
p:  235992.73401848783
5d35dd46571b606843b0344d
p:  262405.07738721377
5d35dda03900afdcd6b03443
p:  221031.7441157929
5d35ddff36b898edc1b033fc
p:  138587.98310224529
5d35de07cd42ac9270b03429
p:  333719.66649704997
5d35de33cd42ac9270b0342a
p:  179874.37860472215
5d35de483900afdcd6b03444
p:  230576.75405006786
5d35df37ff9aade8d9b034c5
p:  121768.80707295038
5d35df5b571b606843b03462
p:  250542.2861072543
5d35dff836b898edc1b033fe
p:  286866.60458966397
5d35e006ff9aade8d9b034c8
p:  252511.96267300774
5d35e049f867ff1780b03702
p:  151833.04240796636
5d35e083c3efa1c96ab034ab
p:  204417.5102162743
5d35e0df36b898edc1b03400
p:  292369.62866178364
5d35e116d81bed9258b033ca
p:  201963.54442820617
5d35e15336b898edc1b03401
p:  294634.92339710344
5d35e3193900afdcd6b0344b
p:  107058.1068196791
5d35e331d81bed9258b033cf
p:  222219.98427649605
5d35e3bd571b606843b03481
p:  479752.060449266
5d35e3d536b898edc1b03403
p:  221228.216137747
5d35e40036b898edc1b03404
p:  242726.11161582996
5d35e42e36b898edc1b03405
p:  247307.0180278293
5d35e485287c7952a4b03445
p:  321048.13448424404
5d35e4ca287c7952a4b03446
p:  212020.32549612405
5d35e4cfd81bed9258b033d6
p:  121128.98607305725
5d35e4eac3efa1c96ab034ae
p:  282853.7175054786
5d35e505c3efa1c96ab034af
p:  189452.29464785935
5d35e541c3efa1c96ab034b0
p:  313999.23747165874
5d35e55b36b898edc1b03409
p:  299479.25864810403
5d35e589287c7952a4b03448
p:  271680.32778916263
5d35e69936b898edc1b0340c
p:  171538.9486913258
5d35e6eb36b898edc1b0340e
p:  225030.32670609
5d35e6eb3900afdcd6b03454
p:  217113.38525073847
5d35e6ed02947826d9b03470
p:  554947.2032093494
5d35e70ad81bed9258b033da
p:  208386.21523816898
5d35e71236b898edc1b0340f
p:  151935.1065494271
5d35e73836b898edc1b03410
p:  193130.440397779
5d35e7423900afdcd6b03458
p:  162049.61923889813
5d35e76c3900afdcd6b0345a
p:  277424.6947242971
5d35e76c02947826d9b03471
p:  267469.26449885656
5d35e7c136b898edc1b03412
p:  269236.3965813408
5d35e7f93900afdcd6b03462
p:  158807.08049398474
5d35e7fb36b898edc1b03413
p:  306042.61420950986
5d35e82d36b898edc1b03414
p:  288249.93354670564
5d35e839c3efa1c96ab034b4
p:  187675.20697522222
5d35e84136b898edc1b03415
p:  223590.32173174951
5d35e85dd81bed9258b033dd
p:  198637.78115158426
5d35e87036b898edc1b03417
p:  268594.1600217383
5d35e87a3900afdcd6b03469
p:  195337.23877320468
5d35e890d81bed9258b033de
p:  121832.76926391618
5d35e89e3900afdcd6b0346c
p:  217529.81553592347
5d35e8b4d81bed9258b033df
p:  412751.55094130465
5d35e8bc36b898edc1b0341a
p:  166015.05033569143
5d35e8ded81bed9258b033e2
p:  317812.04350876866
5d35e8ff36b898edc1b0341c
p:  208891.26497424662
5d35e9bd36b898edc1b0341d
p:  286373.7584995533
5d35e9efc3efa1c96ab034b6
p:  164502.37081877224
5d35e9fe36b898edc1b0341e
p:  237473.2070675211
5d35ea1aff9aade8d9b034da
p:  127115.63904900897
5d35ea4cc3efa1c96ab034b8
p:  164502.37081877224
5d35eae9d81bed9258b033e5
p:  304219.7651920127
5d35eaee36b898edc1b03421
p:  263704.3638444212
5d35eb41d81bed9258b033e6
p:  331584.2022207773
5d35ebf8d81bed9258b033e8
p:  296624.308943718
5d35ebfc36b898edc1b03424
p:  355476.88844138954
5d35ec823900afdcd6b03473
p:  276864.3252042181
5d35ed46287c7952a4b0344e
p:  214765.38544655868
5d35ed723900afdcd6b03476
p:  155323.25437070368
5d35edb3d81bed9258b033ea
p:  245133.06480061146
5d35edd43900afdcd6b03479
p:  203428.76076335253
5d35ede13900afdcd6b0347a
p:  244461.2182864427
5d35ee43c3efa1c96ab034bf
p:  156708.56408535712
5d35ef68c3efa1c96ab034c4
p:  198583.55626109004
5d35ef85c3efa1c96ab034c5
p:  194252.86022926238
5d35ef9e3900afdcd6b0347d
p:  147725.40372347506
5d35efeec3efa1c96ab034c7
p:  229245.93934289098
5d35efef287c7952a4b03453
p:  189469.553942428
5d35f06bc3efa1c96ab034c9
p:  192916.7973296012
5d35f0be571b606843b034a3
p:  246097.14649627457
5d35f0e33900afdcd6b03481
p:  152968.58639671654
5d35f11b571b606843b034a4
p:  252729.43782323872
5d35f144c3efa1c96ab034cb
p:  258479.61730175163
5d35f18a287c7952a4b03455
p:  148417.90291768062
5d35f195287c7952a4b03456
p:  155688.63721416733
5d35f1b73900afdcd6b03483
p:  261766.34092739577
5d35f2713900afdcd6b03484
p:  200117.44722435245
5d35f2e1571b606843b034a8
p:  255235.74005550495
5d35f2ecff9aade8d9b034eb
p:  146615.13823371124
5d35f2f8c3efa1c96ab034ce
p:  91884.98823252067
5d35f311c3efa1c96ab034cf
p:  194389.49790015747
5d35f341571b606843b034aa
p:  230234.49902435532
5d35f357c3efa1c96ab034d1
p:  183399.39707074384
5d35f369d81bed9258b033f7
p:  207003.61275964818
5d35f37036b898edc1b03437
p:  248209.55670348275
5d35f385c3efa1c96ab034d2
p:  173682.47866323602
5d35f4803900afdcd6b03485
p:  158616.61470168206
5d35f4b6c3efa1c96ab034d4
p:  311495.4567899004
5d35f520287c7952a4b0345e
p:  215054.9492725451
5d35f586d81bed9258b033fd
p:  505073.9549896958
5d35f58a36b898edc1b0343d
p:  231623.94871989018
5d35f5e8571b606843b034af
p:  240438.01704262465
5d35f5f83900afdcd6b03488
p:  203440.27692829096
5d35f6143900afdcd6b03489
p:  158555.6467309259
5d35f6743900afdcd6b0348c
p:  299155.5421406408
5d35f72cc3efa1c96ab034d7
p:  120029.41178170315
5d35f77ec3efa1c96ab034d9
p:  186619.56279058772
5d35f81cc3efa1c96ab034db
p:  191980.4754208567
5d35f96d571b606843b034bb
p:  141119.0340852039
5d35f97536b898edc1b03442
p:  335390.13835000264
5d35f97d3900afdcd6b03495
p:  241846.34699261992
5d35f986c3efa1c96ab034df
p:  124344.81939446146
5d35f992287c7952a4b03468
p:  196066.30919514838
5d35f9c53900afdcd6b03497
p:  221834.92855277617
5d35fac8c3efa1c96ab034e1
p:  231973.7181749105
5d35fb583900afdcd6b03499
p:  240416.19732209278
5d35fb933900afdcd6b0349a
p:  225041.6733796533
5d35fd3f3900afdcd6b034a1
p:  195416.9958898587
5d35fd42c3efa1c96ab034e9
p:  238481.64601430285
5d35fd7e3900afdcd6b034a3
p:  176469.1127377217
5d35fe173900afdcd6b034a5
p:  158807.08049398474
5d35fe443900afdcd6b034a6
p:  368235.1820729858
5d35ff793900afdcd6b034aa
p:  230566.58121006814
5d35ffb4287c7952a4b0347a
p:  170620.50943180232
5d36002c287c7952a4b0347d
p:  306478.42653363524
5d3600c43900afdcd6b034ac
p:  198752.05314149545
5d3601553900afdcd6b034ad
p:  271345.5348595522
5d36017dff9aade8d9b03508
p:  144095.99092385013
5d3601aa3900afdcd6b034af
p:  229803.03757228516
5d3601d9ff9aade8d9b03509
p:  86509.97574240979
5d3602003900afdcd6b034b1
p:  259829.0094186445
5d36021036b898edc1b03455
p:  220382.65763723978
5d36031d36b898edc1b03459
p:  247353.23255469563
5d3604abd81bed9258b0341c
p:  311856.5206881857
5d36056eff9aade8d9b03513
p:  359019.6530843277
5d360921ff9aade8d9b0351b
p:  120210.82863678582
5d3609d93900afdcd6b034c3
p:  200577.81497761275
5d360abf3900afdcd6b034c7
p:  154299.84933547833
5d360afe3900afdcd6b034ca
p:  277597.1597377155
5d360bec3900afdcd6b034cd
p:  192942.35993023304
5d360e433900afdcd6b034d5
p:  195775.00084486243
5d360e993900afdcd6b034d7
p:  154351.1740922628
5d3610783900afdcd6b034dc
p:  215886.95596116775
5d3610c23900afdcd6b034dd
p:  776913.9804238346
5d3617ea3900afdcd6b034f0
p:  186408.6674900039
5d361de93900afdcd6b03502
p:  155793.85320786666
5d3621593900afdcd6b0350d
p:  147477.50952105265
5d3626f03900afdcd6b0351d
p:  190118.89310674625
5d370990b33d7196b0b03700
p:  294254.609923395
5d371752b33d7196b0b03712
p:  207590.23775045224
5d371c3eb33d7196b0b0371e
p:  321306.5342116292
5d371c4eb33d7196b0b0371f
p:  312129.53980817995
5d371dadb33d7196b0b03725
p:  821853.1192784242
5d371f64b33d7196b0b03729
p:  1375050.362882013
5d372d48b33d7196b0b03748
p:  180291.53548849974
5d372dc3b33d7196b0b0374a
p:  289314.71698538767
5d372de2b33d7196b0b0374b
p:  487989.3471644089
5d373f4bb33d7196b0b03775
p:  364393.4992038883
5d37425eb33d7196b0b0377b
p:  1110273.4087586103
5d380205c3efa1c96ab039a5
p:  207421.9531069651
5d380af33900afdcd6b03992
p:  209497.2594869035
5d380b1d3900afdcd6b03993
p:  129979.05843897993
5d381007ff9aade8d9b03a2b
p:  152699.6644073056
5d38110bff9aade8d9b03a2e
p:  428707.20915842033
5d38116bff9aade8d9b03a31
p:  210370.3902334395
5d381319d81bed9258b03991
p:  116781.0656226381
5d38155acd42ac9270b03b32
p:  248535.98949510517
5d381cf2a463697edcb039b1
p:  262628.06955549854
5d381de702947826d9b03a82
p:  118240.55522547563
5d381e1acd42ac9270b03b46
p:  91105.9091584234
5d381e48c3efa1c96ab039e2
p:  283793.38269528083
5d381e51287c7952a4b03996
p:  176440.65453568764
5d381e7acd42ac9270b03b48
p:  104417.10468285423
5d381ee102947826d9b03a85
p:  107390.0581997734
5d381fc7cd42ac9270b03b49
p:  140309.76346953306
5d382004ff9aade8d9b03a75
p:  112452.74695408913
5d38217dcd42ac9270b03b4e
p:  114573.46113835121
5d3821c83900afdcd6b039c4
p:  167192.1909361822
5d3821e6f867ff1780b03d2d
p:  402069.0435285502
5d38241002947826d9b03a89
p:  143872.3236719644
5d38250202947826d9b03a8a
p:  84723.96440469899
5d38264c02947826d9b03a91
p:  102161.84721295937
5d3826a3f867ff1780b03d3b
p:  382620.12793175504
5d38270002947826d9b03a94
p:  168817.7740909292
5d382787b33d7196b0b03996
p:  120781.18771853413
5d3827afa463697edcb039c9
p:  165050.3182959389
5d3827afb33d7196b0b03997
p:  116571.68207419552
5d38283002947826d9b03a97
p:  80077.97248885929
5d3828cd02947826d9b03a99
p:  204156.45805479842
5d3829ccb33d7196b0b0399b
p:  123898.829251899
5d382b5e99930e762cb03a4f
p:  73420.0385354259
5d382c7aa463697edcb039da
p:  255094.54563241088
5d382ca2a463697edcb039db
p:  131784.45557878652
5d383f4a02947826d9b03ab9
p:  140068.75226020836
5d3cfed4de59fca9d107b303
p:  329379.7118590288
5d3cff53de59fca9d107b306
p:  229421.93452468008
5d3d002ade59fca9d107b307
p:  153405.8636034169
5d3d0231de59fca9d107b30a
p:  221273.951201288
5d3d0296de59fca9d107b30c
p:  136264.07818941283
5d3d0675de59fca9d107b310
p:  105655.80449815403
5d3d2f3c6129fd3e3b07b378
p:  194519.31347640592
5d3d2fb76d6c8b9f0707b383
p:  302370.00519387185
5d3d2fc1bd7b3d656007b353
p:  197336.040250733
5d3d2fc9246966e92407b362
p:  266188.51704452874
5d3d2ff96d6c8b9f0707b384
p:  554657.2669119975
5d3d30706129fd3e3b07b37c
p:  389089.35698936053
5d3d30a36d6c8b9f0707b386
p:  319775.56353894126
5d3d3112bd7b3d656007b355
p:  378516.8150859497
5d3d31ed6d6c8b9f0707b389
p:  190426.62087267175
5d3d32206129fd3e3b07b384
p:  393404.0238337298
5d3d32d4246966e92407b369
p:  345112.0947278502
5d3d33186129fd3e3b07b386
p:  354849.2306002453
5d3d33576d6c8b9f0707b38e
p:  345374.16587099317
5d3d338fbd7b3d656007b358
p:  203411.05665463308
5d3d33bf0714fe12f807b35f
p:  176697.13107621943
5d3d34440714fe12f807b361
p:  556977.6346310333
5d3d34870714fe12f807b363
p:  414948.16426948435
5d3d35396d6c8b9f0707b390
p:  261858.68427053647
5d3d35a36129fd3e3b07b38b
p:  403042.09112577967
5d3d36f4f046cd7a6407b36e
p:  516903.52506495867
5d3d38996129fd3e3b07b391
p:  394569.3271153873
5d3d38db6129fd3e3b07b392
p:  267110.15540805133
5d3d38f96129fd3e3b07b393
p:  298092.193953471
5d3d395df046cd7a6407b373
p:  521283.11166997266
5d3d395e6129fd3e3b07b395
p:  353949.4221448887
5d3d39946d6c8b9f0707b395
p:  290196.0853389888
5d3d39bb6d6c8b9f0707b396
p:  262267.5007690574
5d3d3a74bd7b3d656007b362
p:  226802.09270536323
5d3d3af56129fd3e3b07b39a
p:  312810.21454877267
5d3d3af86d6c8b9f0707b397
p:  360525.5944091412
5d3d3b05f046cd7a6407b377
p:  312552.93012693425
5d3d3b61246966e92407b373
p:  298131.6473228235
5d3d3bda6d6c8b9f0707b39a
p:  248676.6006259856
5d3d3c3e6129fd3e3b07b39d
p:  315512.75365580997
5d3d3c746129fd3e3b07b39e
p:  293913.08777046215
5d3d3cacbd7b3d656007b369
p:  255366.36006888747
5d3d3d2a6d6c8b9f0707b39b
p:  326752.1451145432
5d3d3d31f046cd7a6407b379
p:  301268.9075541147
5d3d3dd66129fd3e3b07b39f
p:  398808.1939382558
5d3d3e08f046cd7a6407b37d
p:  269684.5378921068
5d3d3ec76129fd3e3b07b3a1
p:  242986.6286976057
5d3d3eca6d6c8b9f0707b39d
p:  261581.64704281802
5d3d3eef6129fd3e3b07b3a2
p:  372331.9901378582
5d3d3ef66d6c8b9f0707b39e
p:  343074.8198864907
5d3d3f5e6d6c8b9f0707b39f
p:  273057.17320431786
5d3d3f6c6129fd3e3b07b3a4
p:  340854.38812936755
5d3d3f936129fd3e3b07b3a5
p:  405870.9497103917
5d3d41216d6c8b9f0707b3a2
p:  308803.3547822702
5d3d41a86d6c8b9f0707b3a4
p:  277115.57784689043
5d3d42c7bd7b3d656007b379
p:  320230.98820197664
5d3d42d36129fd3e3b07b3a9
p:  368453.9696807505
5d3d42dc246966e92407b37e
p:  355615.59444274066
5d3d437f6129fd3e3b07b3ab
p:  324219.28299098776
5d3d4384f046cd7a6407b385
p:  536171.2334275614
5d3d43f9f046cd7a6407b387
p:  531353.2637088072
5d3d4419246966e92407b383
p:  331510.1928100346
5d3d44716129fd3e3b07b3ae
p:  521340.21450325573
5d3d447a6129fd3e3b07b3af
p:  287905.1319358088
5d3d44930714fe12f807b36e
p:  300247.98098185315
5d3d4519246966e92407b389
p:  278954.6432315053
5d3d4710f046cd7a6407b388
p:  403039.80021460215
5d3d47baf046cd7a6407b389
p:  290721.9897603722
5d3d47c4246966e92407b391
p:  220443.32054680426
5d3d47dbbd7b3d656007b383
p:  379201.3111144152
5d3d485e246966e92407b393
p:  390474.53532513324
5d3d48a36129fd3e3b07b3bb
p:  360601.7174663159
5d3d48ff6d6c8b9f0707b3ae
p:  304753.5755792632
5d3d497bf046cd7a6407b38a
p:  530017.7871713234
5d3d49996129fd3e3b07b3bc
p:  370153.8924784295
5d3d49cff046cd7a6407b38c
p:  399476.21945573285
5d3d4b8cbd7b3d656007b38c
p:  250677.03041111951
5d3d4bedf046cd7a6407b391
p:  362468.46386988903
5d3d4ca3bd7b3d656007b38e
p:  181793.0268249662
5d3d4cb9bd7b3d656007b38f
p:  505473.08686986694
5d3d4d720714fe12f807b379
p:  212408.07549879205
5d3d4da7f046cd7a6407b393
p:  537056.2622567359
5d3d4e436d6c8b9f0707b3b6
p:  298927.6459938993
5d3d4e83bd7b3d656007b392
p:  182092.6625401129
5d3d4f736d6c8b9f0707b3bc
p:  327246.66368290235
5d3d50c10714fe12f807b37b
p:  298151.5875648464
5d3d53040714fe12f807b37e
p:  272774.77718611073
5d3d53ee0714fe12f807b381
p:  252213.45881539249
5d3d54096129fd3e3b07b3cf
p:  641049.1479860595
5d3d5476bd7b3d656007b399
p:  529632.2523532487
5d3d55560714fe12f807b386
p:  165399.6248214736
5d3d55a40714fe12f807b388
p:  472553.52566748776
5d3d5678bd7b3d656007b39d
p:  407004.07344389416
5d3d56a30714fe12f807b38a
p:  304898.68236526416
5d3d56da6129fd3e3b07b3d2
p:  264484.1974564409
5d3d59c66d6c8b9f0707b3c8
p:  565648.1477739967
5d3d5a0dbd7b3d656007b3a1
p:  377296.71385785623
5d3d5a3d0714fe12f807b390
p:  244805.38984327327
5d3d5e3bbd7b3d656007b3a7
p:  286165.52375654445
5d3d5e60bd7b3d656007b3a8
p:  164922.25208488732
5d3d602e0714fe12f807b397
p:  249019.1610285366
5d3d61e90714fe12f807b39d
p:  317766.61041293415
5d3d630fbd7b3d656007b3b1
p:  282827.71728961705
5d3d63610714fe12f807b3a2
p:  293197.0771753177
5d3d643fbd7b3d656007b3b7
p:  234707.52964164515
5d3d66c5bd7b3d656007b3bb
p:  233584.8692661406
5d3d6811594509e7bb07b402
p:  212386.83261204348
5d3d6827de59fca9d107b3d2
p:  208753.0185763688
5d3d6881594509e7bb07b403
p:  96517.23544933904
5d3d6916de59fca9d107b3d7
p:  241036.95033910812
5d3d69f2594509e7bb07b404
p:  270144.78156337136
5d3d6ae9de59fca9d107b3dd
p:  320502.30249518994
5d3d6b35bd7b3d656007b3c4
p:  185854.72337685636
5d3d6bd6594509e7bb07b406
p:  292853.7884698389
5d3d6c0a594509e7bb07b407
p:  264111.4484983685
5d3d6cdcbd7b3d656007b3c8
p:  424090.1545400426
5d3d6ce2de59fca9d107b3e3
p:  178409.88755764317
5d3d6d16594509e7bb07b40b
p:  309417.95938894176
5d3d6d53594509e7bb07b40c
p:  201397.22286903544
5d3d6dc9bd7b3d656007b3ca
p:  187359.26583081193
5d3d6e9cde59fca9d107b3e4
p:  282358.9018259549
5d3d6f8cb14d38681107b3ce
p:  133413.7206346618
5d3d6fd317bde571b007b3be
p:  126290.72460048358
5d3d711017bde571b007b3c1
p:  254131.3958463044
5d3d7114de59fca9d107b3e8
p:  362838.09294535103
5d3d7138a331beb50907b3f4
p:  206265.73708418658
5d3d71a9de59fca9d107b3eb
p:  200311.93640867443
5d3d71b717bde571b007b3c4
p:  324792.0879711873
5d3d71db17bde571b007b3c5
p:  239130.36029387254
5d3d7304de59fca9d107b3ee
p:  176737.9712209417
5d3d733cde59fca9d107b3ef
p:  309518.4334833935
5d3d73bfde59fca9d107b3f0
p:  242785.25840007397
5d3d742e341db5443f07b3ca
p:  423516.1385782253
5d3d748d594509e7bb07b413
p:  272053.11802034115
5d3d74eb341db5443f07b3cc
p:  339297.092376641
5d3d75c96d6c8b9f0707b3ef
p:  256411.53731229802
5d3d75f06d6c8b9f0707b3f0
p:  184749.1532424948
5d3d75f1bd7b3d656007b3de
p:  249669.94005767212
5d3d765ade59fca9d107b3f4
p:  273678.7832331506
5d3d7691a331beb50907b3f9
p:  94520.59753985627
5d3d76b8341db5443f07b3d2
p:  228757.7682614444
5d3d7742341db5443f07b3d4
p:  211304.590404651
5d3d7896bd7b3d656007b3e1
p:  247230.51264922123
5d3d78fe17bde571b007b3cd
p:  163975.05484733736
5d3d7975bd7b3d656007b3e6
p:  136080.28762234544
5d3d7a04d47d1cbf4f07b408
p:  190419.1238087832
5d3d7a28341db5443f07b3d9
p:  210907.99160068907
5d3d7a2b17bde571b007b3ce
p:  161541.1781057205
5d3d7a2fa331beb50907b3ff
p:  224380.56990338
5d3d7a75d47d1cbf4f07b40b
p:  235801.40943761007
5d3d7a90bd7b3d656007b3e8
p:  327823.40012264694
5d3d7aa6bd7b3d656007b3e9
p:  290824.42332122126
5d3d7aaad47d1cbf4f07b40d
p:  214837.1272776383
5d3d7ab217bde571b007b3cf
p:  250925.0078640047
5d3d7aee17bde571b007b3d0
p:  264951.26259067777
5d3d7b23d47d1cbf4f07b410
p:  251408.8821058452
5d3d7b41d47d1cbf4f07b411
p:  211244.81199098006
5d3d7b43bd7b3d656007b3eb
p:  403599.9679702807
5d3d7ba0d47d1cbf4f07b415
p:  221890.8901635126
5d3d7bc26d6c8b9f0707b3fe
p:  182290.81668675013
5d3d7bfb6d6c8b9f0707b3ff
p:  182004.5037408169
5d3d7c2917bde571b007b3d2
p:  220406.64859275642
5d3d7c89bd7b3d656007b3ef
p:  261233.6909430573
5d3d7c8f17bde571b007b3d4
p:  157729.75544555718
5d3d7ce5d47d1cbf4f07b419
p:  322882.06055223825
5d3d7d0dbd7b3d656007b3f0
p:  249030.24472537235
5d3d7d2f6d6c8b9f0707b402
p:  134037.04300191702
5d3d7d30bd7b3d656007b3f2
p:  237502.75301925986
5d3d7d36bd7b3d656007b3f3
p:  241548.10711861507
5d3d7e6ba331beb50907b40a
p:  223409.38818128617
5d3d7ebcd47d1cbf4f07b420
p:  145028.0965337203
5d3d7f2cbd7b3d656007b3f6
p:  241548.10711861507
5d3d804517bde571b007b3df
p:  178648.7176372041
5d3d814317bde571b007b3e1
p:  232169.08384000685
5d3d815d17bde571b007b3e2
p:  238668.32096857927
5d3d8187a331beb50907b40f
p:  192543.67878459813
5d3d81a8a331beb50907b410
p:  202547.3943258898
5d3d81d0a331beb50907b411
p:  223024.29404502432
5d3d8213bd7b3d656007b3fd
p:  328801.6488150698
5d3d82c1de59fca9d107b40b
p:  311303.7581709297
5d3d82e4341db5443f07b3e9
p:  151080.52014469024
5d3d8356f16b6c27c807b3e8
p:  286683.83916210476
5d3d8380f16b6c27c807b3e9
p:  236667.85581174484
5d3d8389bd7b3d656007b3fe
p:  325675.4563888986
5d3d83a9a331beb50907b415
p:  165349.80984736874
5d3d8476a331beb50907b417
p:  258474.04895964073
5d3d8543a331beb50907b418
p:  287962.5190200985
5d3d8634f16b6c27c807b3ef
p:  170525.305480682
5d3d863ef046cd7a6407b3f8
p:  145884.05010191072
5d3d870bbd7b3d656007b407
p:  241548.10711861507
5d3d87b5a331beb50907b41a
p:  169405.8231853203
5d3d87dbf16b6c27c807b3f3
p:  236099.31908564735
5d3d87ecb14d38681107b3f3
p:  139714.5645440439
5d3d882e17bde571b007b3eb
p:  139714.5645440439
5d3d8880b14d38681107b3f5
p:  140027.08617276998
5d3d88a8a331beb50907b41c
p:  222618.63569670473
5d3d88b4f16b6c27c807b3f5
p:  198833.09863335104
5d3d88e9b14d38681107b3f7
p:  246408.5960875279
5d3d8911f046cd7a6407b401
p:  197452.4436160001
5d3d8956b14d38681107b3f9
p:  126976.5371144596
5d3d89deb14d38681107b3fa
p:  126170.65807327742
5d3d89fdf16b6c27c807b3f9
p:  508471.91955213697
5d3d8a67341db5443f07b3ed
p:  181947.6390360492
5d3d8a97a331beb50907b41e
p:  516096.0816790398
5d3d8c4ef16b6c27c807b3fb
p:  243503.53073311207
5d3d8c596d6c8b9f0707b414
p:  184362.22224491354
5d3d8c93a331beb50907b422
p:  232019.24832424414
5d3d8ccc341db5443f07b3f3
p:  213801.4369196592
5d3d8dccf16b6c27c807b3fe
p:  167991.35884044477
5d3d8df0b14d38681107b400
p:  201948.5459777327
5d3d8e13b14d38681107b401
p:  180980.94603732543
5d3d8e41b14d38681107b402
p:  207458.90312457082
5d3d8ea6d47d1cbf4f07b44a
p:  163876.28020802976
5d3d8f3ea331beb50907b426
p:  227850.19033915648
5d3d8f5c341db5443f07b3f6
p:  252534.09322200593
5d3d8ff5f16b6c27c807b402
p:  273135.24880699476
5d3d9018341db5443f07b3f7
p:  156475.49853823666
5d3d901fb14d38681107b405
p:  219257.57289130508
5d3d905cb14d38681107b406
p:  114400.6386826814
5d3d907eb14d38681107b407
p:  180980.94603732543
5d3d9096a331beb50907b42c
p:  243616.176217383
5d3d90b2b14d38681107b408
p:  117932.47361225098
5d3d9103d47d1cbf4f07b44f
p:  84459.41596768078
5d3d9146b14d38681107b409
p:  250139.53298737173
5d3d93bcf046cd7a6407b40b
p:  253837.2232829825
5d3d93e7f16b6c27c807b40a
p:  271288.3454372463
5d3d93fcf046cd7a6407b40c
p:  177753.36884586437
5d3d943ea331beb50907b42f
p:  231508.98597201233
5d3d9446f046cd7a6407b40d
p:  165225.44169463363
5d3d9509341db5443f07b3fe
p:  331434.4840642525
5d3d954ea331beb50907b430
p:  198132.37900960626
5d3d9565a331beb50907b431
p:  288594.0575514527
5d3d9567f16b6c27c807b40e
p:  113794.39944357544
5d3d958ef046cd7a6407b40f
p:  225041.6733796533
5d3d979cf16b6c27c807b40f
p:  97469.17300760382
5d3d9b5ff046cd7a6407b414
p:  192915.5217410001
5d3d9bbcf046cd7a6407b418
p:  157621.11774672614
5d3d9ceef16b6c27c807b413
p:  296624.308943718
5d3d9ddaf046cd7a6407b41a
p:  211173.29237728912
5d3d9e1bf046cd7a6407b41b
p:  248156.00570735842
5d3d9e3ef046cd7a6407b41c
p:  158215.9691105771
5d3d9f03f046cd7a6407b420
p:  277550.5605750331
5d3da015f046cd7a6407b422
p:  211071.5952140275
5d3da050f046cd7a6407b423
p:  237526.36870413856
5d3da082f046cd7a6407b424
p:  183484.30090186515
5d3da1d7f16b6c27c807b41c
p:  574994.508853279
5d3da380f046cd7a6407b427
p:  253540.9921597661
5d3dedc4de59fca9d107b4cd
p:  148859.6667999558
5d3df0c0de59fca9d107b4d1
p:  271092.33678939956
5d3df2d6de59fca9d107b4d6
p:  601257.82173458
5d3df6a4de59fca9d107b4e3
p:  369729.4194813457
5d3e430bde59fca9d107b57d
p:  199392.37225278007
5d3e44e0a331beb50907b585
p:  195284.86209288513
5d3e45a4bd7b3d656007b59b
p:  173215.49668958702
5d3e46802c3a06b7a107b584
p:  119258.52813755075
5d3e497c17bde571b007b53e
p:  169601.95668454867
5d3e49a0594509e7bb07b5a5
p:  99016.93959401324
5d3e49f4de59fca9d107b58b
p:  249216.25809479022
5d3e4a6c594509e7bb07b5a6
p:  107416.18683077882
5d3e4ae40714fe12f807b564
p:  244667.67202696123
5d3e4da3594509e7bb07b5ac
p:  64541.46931644043
5d3e4deebd7b3d656007b5b4
p:  110259.75161053137
5d3e4e6cbd7b3d656007b5b5
p:  301069.6790885343
5d3e5005bd7b3d656007b5ba
p:  237355.36005630018
5d3e54d8a331beb50907b5a2
p:  117905.84634144121
5d3e6287bd7b3d656007b5da
p:  98236.45428082393
5d3e6d3af046cd7a6407b595
p:  406224.5990311017
5d4573e2f6b4c2439b8b20a6
p:  122356.2421478804
5d45b7e4f6b4c2439b8b2100
p:  433960.29397545534
For ['Barrow', 'Cherokee', 'Dawson', 'Fannin', 'Forsyth', 'Gilmer', 'Gwinnett', 'Hall', 'Lumpkin', 'Pickens', 'Union', 'Walton']#################################################################
train score for random_forest: 0.9395022377984242
test score for random_forest: 0.5810638969632299
The mean absolute error is:$ 108785.03640491224
r_Score: 0.6166441917120361
Voting Regressor (in): 0.9151167720015837
Voting Regressor: 0.6166441917120361
5d0d14e7ae78f7f2d314ad4a
p:  396252.70704168815
5d19b7e4a22b896835d02ed0
p:  254114.42445564189
5d1bcc5b7e6c493d59458811
p:  330776.84284198517
5d1c224e0a1cbc8e6fefbc54
p:  181211.8050620479
5d1c3e99dbebfd779eefbd25
p:  218037.33542062272
5d27188d107c1d579eeb6a68
p:  294756.071465296
5d299684199bf96b6045acfd
p:  283705.29651746363
5d29c37f199bf96b6045ad8e
p:  281253.6478596098
5d29c579199bf96b6045ad8f
p:  604991.8226335107
5d29c5b4199bf96b6045ad90
p:  383987.33610890666
5d29c5c4199bf96b6045ad91
p:  268560.418276191
5d29c5e7199bf96b6045ad93
p:  251634.4574285543
5d29c5f3199bf96b6045ad94
p:  262342.59677591687
5d29cd6c199bf96b6045adb7
p:  163090.58198782007
5d2b0e3847cfe46363877b2d
p:  219192.94144147116
5d2b0ec747cfe46363877b2e
p:  322925.9732611476
5d2b0efe47cfe46363877b2f
p:  278062.0809888272
5d2b0f5347cfe46363877b30
p:  395136.2323134998
5d2b0fc947cfe46363877b31
p:  257408.15796292835
5d2b158d47cfe46363877b41
p:  247333.09545136252
5d2b1ca147cfe46363877b50
p:  288324.70029632153
5d2f6d278b6c8df1a080b6b1
p:  273312.47124323464
5d2f6d328b6c8df1a080b6b2
p:  363297.05903441156
5d31947ad708b0a3d0a64e7c
p:  462601.51462206524
5d3463da02947826d9b0309e
p:  210969.82721491036
5d346400d81bed9258b0309f
p:  321526.51383986627
5d346411d81bed9258b030a0
p:  329479.7188326769
5d34645fd81bed9258b030a1
p:  337719.60794838774
5d3464cc36b898edc1b030a3
p:  416999.79414096155
5d3464f0571b606843b030a0
p:  246865.2313682301
5d34651736b898edc1b030a4
p:  293014.9799938927
5d346591d81bed9258b030a7
p:  311923.95248258836
5d3465f536b898edc1b030a7
p:  262943.346240191
5d34667202947826d9b030a0
p:  173853.60318075906
5d346676571b606843b030a4
p:  267997.840269623
5d34668ad81bed9258b030a9
p:  275495.4927425687
5d34668e36b898edc1b030a9
p:  289736.1588598589
5d3466b836b898edc1b030aa
p:  346339.3021807006
5d34678b571b606843b030a8
p:  259070.7967465656
5d3467cf571b606843b030a9
p:  268048.0298655975
5d346812571b606843b030aa
p:  262142.19437031276
5d34696a571b606843b030af
p:  280569.3162062436
5d346b0b36b898edc1b030b2
p:  248065.93670142052
5d346d5b36b898edc1b030b7
p:  276513.71128934505
5d346f5036b898edc1b030ba
p:  273496.88143130275
5d34708b02947826d9b030bf
p:  300942.039961634
5d347215571b606843b030c2
p:  247655.71396303858
5d3473a3571b606843b030c6
p:  281413.332135234
5d3476da571b606843b030cc
p:  189760.77008209744
5d3477a7571b606843b030ce
p:  243999.7109948338
5d3477c6ff9aade8d9b030c4
p:  311299.69815165806
5d3477da36b898edc1b030c8
p:  346417.0118958347
5d3477ff36b898edc1b030c9
p:  341981.088256289
5d34785d36b898edc1b030ce
p:  310125.8670298289
5d34789cff9aade8d9b030c8
p:  317217.2045195001
5d347932571b606843b030d0
p:  344442.45267916424
5d34793e36b898edc1b030d0
p:  286229.573526043
5d347987d81bed9258b030d5
p:  311799.003043433
5d3479b236b898edc1b030d1
p:  281671.8221635868
5d347adcff9aade8d9b030cb
p:  341455.88823393756
5d347d0436b898edc1b030db
p:  226461.42178836936
5d347d3836b898edc1b030dc
p:  231903.48525029147
5d347d48571b606843b030da
p:  314273.9597431626
5d347d9ad81bed9258b030d9
p:  290394.66974772676
5d347dcb571b606843b030dc
p:  248982.98052959578
5d3481a4571b606843b030e0
p:  298452.70650382363
5d348266571b606843b030e2
p:  267315.09336622077
5d348273571b606843b030e3
p:  316453.6302106036
5d34828dd81bed9258b030e3
p:  351727.26342277206
5d34832736b898edc1b030ea
p:  259867.6178393044
5d34839036b898edc1b030ed
p:  294304.16034756607
5d3484fa571b606843b030e7
p:  242278.95264103235
5d34858ad81bed9258b030eb
p:  316358.90066469123
5d348865ff9aade8d9b030e0
p:  350082.2148029357
5d34891fff9aade8d9b030e7
p:  313822.87745457987
5d348923571b606843b030f4
p:  332830.5721998573
5d348940ff9aade8d9b030e9
p:  459391.8130620849
5d348974571b606843b030f5
p:  332830.5721998573
5d348b39d81bed9258b030f1
p:  294159.206168433
5d348b81d81bed9258b030f2
p:  358921.54432063
5d348bf102947826d9b030f0
p:  292402.93580597616
5d348c1736b898edc1b03107
p:  343465.16797143244
5d348c5002947826d9b030f3
p:  346921.5578385815
5d348ce1d81bed9258b030f6
p:  332936.1448644333
5d348d07571b606843b030fd
p:  277283.89512794325
5d348e72ff9aade8d9b030f1
p:  257995.7275292174
5d348ef6d81bed9258b030fb
p:  319775.5105893341
5d34905cd81bed9258b030ff
p:  370975.81417552143
5d3490fd571b606843b03107
p:  267493.1747536025
5d349204ff9aade8d9b030f6
p:  273754.50826658384
5d349236571b606843b0310b
p:  318908.11866318365
5d34928a571b606843b0310e
p:  284543.6137495352
5d3492ae571b606843b03110
p:  252827.94534592493
5d349409ff9aade8d9b030fc
p:  366020.37602457276
5d3494bdff9aade8d9b03100
p:  381259.6083949657
5d34956302947826d9b0310e
p:  295034.2086498382
5d34970d571b606843b0311a
p:  242203.1752547498
5d349816ff9aade8d9b0310c
p:  179462.78452549104
5d349856ff9aade8d9b0310d
p:  245562.5386127429
5d34990c571b606843b0311e
p:  267493.1747536025
5d34991ad81bed9258b0310e
p:  307321.577369226
5d3499b3571b606843b03120
p:  291405.3471412567
5d349c15571b606843b03122
p:  254474.71016266965
5d349c99571b606843b03124
p:  249396.45909284928
5d349d6c571b606843b03126
p:  307457.96637453977
5d349ea1ff9aade8d9b0311b
p:  256914.764985465
5d349ea5571b606843b03128
p:  260308.03862569405
5d34a095571b606843b0312c
p:  300138.50991499645
5d34a304ff9aade8d9b03120
p:  332833.7837105244
5d34a36802947826d9b03130
p:  625822.057468561
5d34a78a571b606843b03141
p:  255883.97578766965
5d34a9a2571b606843b03148
p:  296625.7824632949
5d34a9e2571b606843b03149
p:  258042.8498723662
5d34aa05571b606843b0314a
p:  268773.6197642378
5d34aa08d81bed9258b03130
p:  346072.44912007207
5d34ad50ff9aade8d9b03138
p:  341455.88823393756
5d34ad6ad81bed9258b03137
p:  199159.85939049756
5d34ad87ff9aade8d9b03139
p:  331462.630406515
5d34adcbd81bed9258b03139
p:  331643.5524676547
5d34adf2d81bed9258b0313a
p:  489557.01747675205
5d34af07571b606843b03154
p:  279160.0662062436
5d34affbd81bed9258b0313b
p:  276535.27577204746
5d34b01ad81bed9258b0313c
p:  262490.58170955564
5d34b055ff9aade8d9b03140
p:  295480.7577606525
5d34b0c4ff9aade8d9b03141
p:  298158.6520047864
5d34b0e6571b606843b03157
p:  288312.1248330229
5d34b15df867ff1780b03176
p:  247593.6319670453
5d34b17fd81bed9258b0313e
p:  283705.29651746363
5d34b1eaf867ff1780b03178
p:  262115.33580225948
5d34b2e4f867ff1780b03179
p:  193111.9820104898
5d34b334f867ff1780b0317b
p:  221734.0019951062
5d34b38b571b606843b0315e
p:  247168.48386501797
5d34b3c5ff9aade8d9b03149
p:  353138.32188428
5d34b42ff867ff1780b0317c
p:  215590.11127644478
5d34b554571b606843b03163
p:  276731.9263014447
5d34b79cf867ff1780b03182
p:  243186.30210062745
5d34b878f867ff1780b03185
p:  241656.6522783715
5d34b8b5dd2d94d3c8b0316c
p:  291348.2978661234
5d34b8d7dd2d94d3c8b0316e
p:  266722.30853474233
5d34ba5cff9aade8d9b03158
p:  326164.8855519941
5d34ba79d81bed9258b03148
p:  293438.2045327615
5d34bdf4dd2d94d3c8b03176
p:  208470.8246826704
5d34be01dd2d94d3c8b03177
p:  323092.2723080688
5d34be24f867ff1780b0318b
p:  229878.06435158005
5d34c0e3f867ff1780b03191
p:  215590.11127644478
5d34c180f867ff1780b03194
p:  170067.27828991992
5d34c2d3f867ff1780b03196
p:  363578.0601145207
5d34c36136b898edc1b031ae
p:  298615.8393476955
5d34c3a6f867ff1780b0319c
p:  175808.83534285126
5d34c3adf867ff1780b0319d
p:  216986.3087295751
5d34c45b287c7952a4b03165
p:  275193.26941344095
5d34c54df867ff1780b031a0
p:  271191.48535912647
5d34c586dd2d94d3c8b0318b
p:  285130.69522447395
5d34c5a9dd2d94d3c8b0318c
p:  311446.06844672695
5d34c5f7287c7952a4b03169
p:  287832.8736410259
5d34c600dd2d94d3c8b0318f
p:  330749.338459124
5d34c646dd2d94d3c8b03192
p:  267404.6634448122
5d34c657287c7952a4b0316a
p:  256475.66323763685
5d34c69299930e762cb0316c
p:  258676.98051976203
5d34c69c99930e762cb0316d
p:  249512.1362852727
5d34c780287c7952a4b0316e
p:  341139.27238132944
5d34c889d81bed9258b0315a
p:  469048.99967264454
5d34c8a5287c7952a4b03170
p:  291892.7885523947
5d34c8cc99930e762cb03174
p:  218385.54438042326
5d34c8d7f867ff1780b031a9
p:  324377.63020961743
5d34c8f1c3efa1c96ab03192
p:  237473.3908433317
5d34c8fcc3efa1c96ab03193
p:  230070.18230491487
5d34c918287c7952a4b03171
p:  234010.659910087
5d34c952c3efa1c96ab03198
p:  244171.86817907114
5d34c972dd2d94d3c8b03199
p:  327348.5137031474
5d34c98af867ff1780b031ab
p:  269636.953441394
5d34c9af36b898edc1b031b1
p:  400971.60326527833
5d34c9bef867ff1780b031ac
p:  227581.82413023483
5d34c9d2dd2d94d3c8b0319b
p:  348271.97714204236
5d34c9f9f867ff1780b031ad
p:  258782.2680433648
5d34ca2299930e762cb03175
p:  369700.78660677734
5d34cb05287c7952a4b03176
p:  273279.20558108645
5d34cb11287c7952a4b03177
p:  289953.83961933764
5d34cb5c36b898edc1b031b3
p:  309879.75271194684
5d34cb8d287c7952a4b03178
p:  222428.15063407633
5d34cbb8287c7952a4b03179
p:  362496.33384788275
5d34cc20f867ff1780b031b4
p:  190335.57254333678
5d34cc99c3efa1c96ab0319f
p:  233192.45470458927
5d34cc9cdd2d94d3c8b031a7
p:  304545.4959216942
5d34cce436b898edc1b031b8
p:  352117.698090674
5d34cd39571b606843b031aa
p:  309414.72515871865
5d34cd6936b898edc1b031ba
p:  345774.8397726633
5d34cd98287c7952a4b0317e
p:  310462.4491092664
5d34cdf936b898edc1b031bc
p:  278220.9626680068
5d34cf4edd2d94d3c8b031ab
p:  296983.83242074726
5d34d03af867ff1780b031b8
p:  209424.87929691555
5d34d0a099930e762cb03180
p:  261580.31094847852
5d34d0d899930e762cb03181
p:  223835.43337437935
5d34d10fd81bed9258b03163
p:  288350.50622045
5d34d124dd2d94d3c8b031b0
p:  289635.20775318576
5d34d25199930e762cb03182
p:  218613.09395332154
5d34d283571b606843b031ba
p:  320500.1984838592
5d34d295d81bed9258b03169
p:  469048.99967264454
5d34d298f867ff1780b031bf
p:  268092.4419678088
5d34d29d287c7952a4b03183
p:  264781.7715305506
5d34d2acdd2d94d3c8b031b1
p:  296983.83242074726
5d34d38ed81bed9258b0316c
p:  323888.16522870865
5d34d39d99930e762cb03185
p:  263772.8688894472
5d34d3c599930e762cb03187
p:  231813.28506052663
5d34d418c3efa1c96ab031ac
p:  255372.37523298681
5d34d47bf867ff1780b031c4
p:  357336.838027801
5d34d49236b898edc1b031c8
p:  278757.6895063742
5d34d4c599930e762cb03189
p:  235017.61734839657
5d34d4c6dd2d94d3c8b031b8
p:  426463.76921849203
5d34d4d1f867ff1780b031c7
p:  212352.96955219546
5d34d4d436b898edc1b031c9
p:  344552.2951132613
5d34d4f8dd2d94d3c8b031ba
p:  395796.30489350803
5d34d509571b606843b031bf
p:  334863.1802502931
5d34d50dd81bed9258b03170
p:  454851.76833659166
5d34d52199930e762cb0318a
p:  227079.83057645388
5d34d5daf867ff1780b031ce
p:  214790.2228236819
5d34d5eec3efa1c96ab031b1
p:  748314.4238079902
5d34d61e287c7952a4b03188
p:  319244.39822491375
5d34d657f867ff1780b031d2
p:  238897.9386059307
5d34d6a2571b606843b031c3
p:  233969.05157556914
5d34d6d2287c7952a4b03189
p:  185657.6504327621
5d34d714f867ff1780b031d7
p:  220189.04604519968
5d34d720287c7952a4b0318a
p:  414124.64408158424
5d34d75799930e762cb0318c
p:  292754.3896826906
5d34d769f867ff1780b031da
p:  262295.65842390805
5d34d7daf867ff1780b031dd
p:  255377.58417376695
5d34d80799930e762cb0318d
p:  263939.5780226684
5d34d81f36b898edc1b031d1
p:  228695.6040292518
5d34d825f867ff1780b031df
p:  184104.11897841035
5d34d86ff867ff1780b031e1
p:  184281.88074845343
5d34d8d499930e762cb03190
p:  196316.87249490048
5d34d8df287c7952a4b03192
p:  313515.237299872
5d34d910ff9aade8d9b03197
p:  333356.11155778565
5d34d92bf867ff1780b031e6
p:  284863.4158299461
5d34d950f867ff1780b031e7
p:  245831.6632546875
5d34d958c3efa1c96ab031b7
p:  274083.906109769
5d34d959dd2d94d3c8b031c5
p:  362159.50800956227
5d34d965a463697edcb0317c
p:  246856.7913009542
5d34d9a6a463697edcb0317e
p:  271156.99655617913
5d34d9d0c3efa1c96ab031b8
p:  229649.42633803212
5d34d9dda463697edcb03180
p:  227663.84071641593
5d34d9e8f867ff1780b031eb
p:  222336.01384905961
5d34da10ff9aade8d9b0319b
p:  447637.4610949312
5d34da19571b606843b031cc
p:  253417.5319702796
5d34da1ba463697edcb03181
p:  225462.60393796116
5d34da9699930e762cb03192
p:  216572.00165373227
5d34daa936b898edc1b031d2
p:  219157.6659705614
5d34dab8dd2d94d3c8b031cd
p:  332020.464809965
5d34dad4f867ff1780b031f4
p:  214911.42867416743
5d34db13287c7952a4b03197
p:  269795.4871100859
5d34db39c3efa1c96ab031bd
p:  327113.88015155215
5d34db78f867ff1780b031f9
p:  439169.3103052913
5d34db88c3efa1c96ab031bf
p:  262137.92221747112
5d34dbb336b898edc1b031d6
p:  410412.93514707824
5d34dbe2a463697edcb03183
p:  236157.3024411101
5d34dbe9f867ff1780b031fc
p:  411074.50611693575
5d34dc0099930e762cb03199
p:  207547.93988014787
5d34dc15a463697edcb03184
p:  142839.71924165147
5d34dc26287c7952a4b0319a
p:  231696.6252519507
5d34dc3e571b606843b031d3
p:  248974.02400128904
5d34dc57ff9aade8d9b031a3
p:  454088.4092183562
5d34dc5fdd2d94d3c8b031d4
p:  432174.7406932751
5d34dc7299930e762cb0319c
p:  195547.55817313184
5d34dcbca463697edcb03185
p:  216533.66552759224
5d34dcc9a463697edcb03186
p:  289284.4320217016
5d34dced99930e762cb0319d
p:  245313.15872013892
5d34dda499930e762cb031a1
p:  262354.75602538674
5d34ddd6a463697edcb03187
p:  217659.14254658134
5d34ddf9c3efa1c96ab031c3
p:  267700.11027613305
5d34de97571b606843b031da
p:  292157.2935473607
5d34dea1dd2d94d3c8b031dd
p:  258873.87638042634
5d34df4b287c7952a4b0319e
p:  309205.4355870785
5d34df54f867ff1780b03215
p:  379809.3556756523
5d34df89a463697edcb0318c
p:  168912.62153023988
5d34df973900afdcd6b031ee
p:  261304.03329234867
5d34df9ac3efa1c96ab031c6
p:  322760.27991897066
5d34dfc0a463697edcb0318d
p:  229994.61259532656
5d34dfccc3efa1c96ab031cb
p:  276802.25531212223
5d34dfd099930e762cb031a6
p:  247529.15418668036
5d34dfe8c3efa1c96ab031ce
p:  257019.58404386474
5d34e000a463697edcb0318e
p:  230901.7737331691
5d34e0423900afdcd6b031f1
p:  294754.01408405125
5d34e05edd2d94d3c8b031e0
p:  239104.4714873126
5d34e0653900afdcd6b031f2
p:  253436.0077758545
5d34e080571b606843b031db
p:  232817.2346974825
5d34e09399930e762cb031a7
p:  244319.6575086048
5d34e0b9c3efa1c96ab031d2
p:  245710.1593540695
5d34e13fff9aade8d9b031b4
p:  257392.44423950548
5d34e159a463697edcb03192
p:  254961.97634316742
5d34e191d81bed9258b03181
p:  389560.56564778776
5d34e1aaa463697edcb03193
p:  231277.97147258604
5d34e200f867ff1780b03226
p:  298013.4851376319
5d34e209a463697edcb03196
p:  230598.69234575488
5d34e2123900afdcd6b031f7
p:  266526.56391800585
5d34e21fc3efa1c96ab031d5
p:  234831.44225242885
5d34e22a3900afdcd6b031f8
p:  494000.2880561937
5d34e268a463697edcb03198
p:  285859.0776644276
5d34e282a463697edcb03199
p:  220564.14561867388
5d34e282c3efa1c96ab031d7
p:  233146.47575802327
5d34e28599930e762cb031ab
p:  247640.1504846423
5d34e2a2f867ff1780b0322b
p:  270549.954527531
5d34e2a599930e762cb031ac
p:  250404.26685371925
5d34e2b4a463697edcb0319a
p:  281801.73322603106
5d34e2b9287c7952a4b031a6
p:  231451.2207475