Current date and time: 2020-06-07 15:34:19
Successfully connect to DB.
For ['Hawaii', 'Honolulu', 'Kalawao', 'Kauai', 'Maui']#################################################################
train score for random_forest: 0.9351911678600815
test score for random_forest: 0.42703151931622285
The mean absolute error is:$ 469754.1711611914
r_Score: 0.48510222424918303
Voting Regressor (in): 0.9426186764036079
Voting Regressor: 0.48510222424918303
5d5b3af08b72fedfd4e5c2b1
p:  385379.3028218086
5d5b3b86881b63c64be5c2b1
p:  1920557.0043606886
5d5b3bc22196bf1d25e5c2b2
p:  815952.7395195183
5d5b3bdf1698376029e5c2b1
p:  908829.1417788985
5d5b3be58b72fedfd4e5c2b2
p:  641637.1855863174
5d5b3beb446a107056e5c2b1
p:  811336.8887895965
5d5b3bf12196bf1d25e5c2b3
p:  567778.2150436885
5d5b3bfb1698376029e5c2b2
p:  614545.7861476408
5d5b3c2e446a107056e5c2b2
p:  1208061.8099202039
5d5b3c412196bf1d25e5c2b4
p:  989497.0388449753
5d5b3c62cfde6e12e2e5c2b1
p:  1310466.213574896
5d5b3cb934127e0275e5c2b3
p:  793127.8728514666
5d5b3cd4fef2137f0ae5c2b5
p:  387922.9817088725
5d5b3ce5fef2137f0ae5c2b6
p:  457980.9075398027
5d5b3d0734127e0275e5c2b4
p:  376476.8568676419
5d5b3d16446a107056e5c2b3
p:  1482588.6680899984
5d5b3d182196bf1d25e5c2b6
p:  1996059.3210316338
5d5b3d28881b63c64be5c2b7
p:  617788.7810630945
5d5b3d42446a107056e5c2b4
p:  898692.2873802794
5d5b3d4434127e0275e5c2b5
p:  780293.0115851955
5d5b3d9f1698376029e5c2b6
p:  1690273.6337169483
5d5b3ddb2196bf1d25e5c2b9
p:  763346.4082968982
5d5b3e0dcfde6e12e2e5c2b8
p:  453879.6963620666
5d5b3e281698376029e5c2b7
p:  805153.3761208269
5d5b3e531698376029e5c2b8
p:  675802.801351343
5d5b3e6459564ad758e5c2b6
p:  539739.1647020585
5d5b3e82e90ad79342e5c2b6
p:  452891.55460679997
5d5b3ebb1698376029e5c2ba
p:  933812.6971672014
5d5b3ed259564ad758e5c2b7
p:  624336.0671941021
5d5b3ed92196bf1d25e5c2bb
p:  500875.7586693457
5d5b3eeb8b72fedfd4e5c2b8
p:  562461.8534723413
5d5b3f7234127e0275e5c2b9
p:  347080.1121417115
5d5b3fa98b72fedfd4e5c2bb
p:  529182.6690521097
5d5b3fc9cfde6e12e2e5c2ba
p:  529182.6690521097
5d5b3fd925c3006712e5c2b8
p:  660975.590069104
5d5b3ff125c3006712e5c2b9
p:  541362.7967187711
5d5b3ff959564ad758e5c2ba
p:  890414.2600894301
5d5b401f2196bf1d25e5c2be
p:  901737.0994443116
5d5b4066446a107056e5c2b6
p:  1673952.9875756428
5d5b406a34127e0275e5c2ba
p:  613243.8058985765
5d5b40858b72fedfd4e5c2be
p:  685197.278509034
5d5b408c446a107056e5c2b7
p:  2338007.430099198
5d5b408d2196bf1d25e5c2bf
p:  2009275.8332569178
5d5b40d78b72fedfd4e5c2bf
p:  655357.6461815448
5d5b40e1446a107056e5c2b9
p:  898692.2873802794
5d5b410225c3006712e5c2ba
p:  641600.1439648345
5d5b410ccfde6e12e2e5c2bb
p:  655357.6461815448
5d5b411c25c3006712e5c2bb
p:  490746.7492778127
5d5b411ffef2137f0ae5c2c0
p:  735361.6841621121
5d5b41368b72fedfd4e5c2c0
p:  307619.6808513354
5d5b415fcfde6e12e2e5c2bc
p:  307619.6808513354
5d5b417925c3006712e5c2bf
p:  1391101.6045055313
5d5b418f25c3006712e5c2c0
p:  1094845.5778116162
5d5b41a4cfde6e12e2e5c2bd
p:  738421.0513864823
5d5b41b4fef2137f0ae5c2c4
p:  2109587.0813334603
5d5b41decfde6e12e2e5c2be
p:  320290.0742775409
5d5b425634127e0275e5c2bf
p:  421240.62402909773
5d5b426d881b63c64be5c2cc
p:  625193.3071002781
5d5b4295cfde6e12e2e5c2c2
p:  675040.596782509
5d5b42b0fef2137f0ae5c2c5
p:  1051905.6372061467
5d5b42d48b72fedfd4e5c2c2
p:  675040.596782509
5d5b42e6446a107056e5c2bd
p:  912905.8593787816
5d5b42facfde6e12e2e5c2c3
p:  391276.70168106054
5d5b43011698376029e5c2bf
p:  371744.8642769927
5d5b43068b72fedfd4e5c2c3
p:  391276.70168106054
5d5b431f82996c93c6e5c2ce
p:  361343.7031039597
5d5b4339446a107056e5c2be
p:  1688249.6290597478
5d5b435c446a107056e5c2bf
p:  3011974.7212931886
5d5b438834127e0275e5c2c5
p:  656598.4187963491
5d5b43c8fef2137f0ae5c2c7
p:  803605.7331237086
5d5b43e82b270e9e3ce5c2bf
p:  696450.2170159516
5d5b43f0446a107056e5c2c0
p:  1793875.5939213156
5d5b43fb8b72fedfd4e5c2c5
p:  1123572.5257041543
5d5b442952f8045140e5c2cd
p:  2790205.9274470983
5d5b446ecfde6e12e2e5c2c7
p:  685197.278509034
5d5b44721698376029e5c2c4
p:  406275.0992855076
5d5b44962196bf1d25e5c2c8
p:  1119450.9041685127
5d5b44c41698376029e5c2c9
p:  448088.41712964425
5d5b44da25c3006712e5c2d1
p:  1076656.6870863494
5d5b44e82196bf1d25e5c2cb
p:  500875.7586693457
5d5b45331698376029e5c2d2
p:  367452.6435368331
5d5b454d1698376029e5c2d5
p:  784018.6455452194
5d5b45561698376029e5c2d6
p:  523917.1420001206
5d5b455f1698376029e5c2d7
p:  992187.9528060242
5d5b45711698376029e5c2d9
p:  1182759.9944871387
5d5b45942b270e9e3ce5c2c8
p:  784910.7869864167
5d5b45be82996c93c6e5c2d8
p:  1017424.436397837
5d5b462134127e0275e5c2cb
p:  756072.4919090859
5d5b4622fef2137f0ae5c2cb
p:  782435.5577562577
5d5b4645cfde6e12e2e5c2cb
p:  397860.9761793824
5d5b46e652f8045140e5c2d7
p:  783925.8133384264
5d5b475efef2137f0ae5c2ce
p:  961751.0105479341
5d5b476952f8045140e5c2d9
p:  520789.0032917608
5d5b477a59564ad758e5c2cc
p:  910417.098676594
5d5b478920eee0a8ece5c2c6
p:  805465.6696574765
5d5b479f446a107056e5c2c5
p:  672713.2891517397
5d5b47ab82996c93c6e5c2dd
p:  307940.6462798595
5d5b47cb1adaa97a9de5c2ba
p:  572634.4447564362
5d5b47f0fef2137f0ae5c2d0
p:  940995.828434792
5d5b47f51adaa97a9de5c2bc
p:  473725.8469662718
5d5b47fb52f8045140e5c2db
p:  641320.185412961
5d5b48061698376029e5c2db
p:  819285.5768592756
5d5b481a52f8045140e5c2dc
p:  759819.7919008706
5d5b482a1698376029e5c2dc
p:  770177.1846250703
5d5b483e82996c93c6e5c2de
p:  826599.5420019738
5d5b48451698376029e5c2dd
p:  794844.2973997116
5d5b48811adaa97a9de5c2bf
p:  222999.5811067138
5d5b488e1698376029e5c2df
p:  730305.2568242123
5d5b4890fef2137f0ae5c2d1
p:  940995.828434792
5d5b48ac1698376029e5c2e0
p:  881403.6452221399
5d5b48c02196bf1d25e5c2d6
p:  1169873.9668361256
5d5b49111adaa97a9de5c2c0
p:  161744.09743384062
5d5b491dfef2137f0ae5c2d3
p:  1578539.6724661714
5d5b497f8b72fedfd4e5c2ce
p:  991424.1240719887
5d5b49bccfde6e12e2e5c2d3
p:  991424.1240719887
5d5b49fc52f8045140e5c2e1
p:  483248.37513901456
5d5b4a3fe90ad79342e5c2d4
p:  386655.5016759364
5d5b4a411698376029e5c2e9
p:  520490.1762636914
5d5b4a551698376029e5c2ea
p:  1041701.5319751215
5d5b4a5a52f8045140e5c2e2
p:  834638.6834728215
5d5b4a5ffef2137f0ae5c2d6
p:  416325.04451787216
5d5b4ab61698376029e5c2ed
p:  1279463.4731747324
5d5b4ac452f8045140e5c2e3
p:  408955.05079543963
5d5b4ac4fef2137f0ae5c2d7
p:  838123.8568997008
5d5b4ad32196bf1d25e5c2da
p:  739753.9413486987
5d5b4af8cfde6e12e2e5c2d9
p:  1061782.8398852395
5d5b4b1efef2137f0ae5c2d9
p:  990821.4158047453
5d5b4b1f52f8045140e5c2e4
p:  604006.7447493386
5d5b4b28fef2137f0ae5c2da
p:  1292075.4051255765
5d5b4b451adaa97a9de5c2c5
p:  847524.8529611074
5d5b4b48881b63c64be5c2df
p:  1069433.598777343
5d5b4b618b72fedfd4e5c2d0
p:  737012.0616294144
5d5b4b6acfde6e12e2e5c2dc
p:  737012.0616294144
5d5b4ba98b72fedfd4e5c2d2
p:  447378.11902721913
5d5b4bd8446a107056e5c2cf
p:  1261808.8210733784
5d5b4bdc1698376029e5c2f2
p:  685978.7706938388
5d5b4c56fef2137f0ae5c2de
p:  404448.31971780595
5d5b4c961698376029e5c2f6
p:  694366.8012410032
5d5b4cc01adaa97a9de5c2c9
p:  345873.650120668
5d5b4cf8cfde6e12e2e5c2de
p:  326766.06728248997
5d5b4d161adaa97a9de5c2ca
p:  505101.7879678276
5d5b4d681adaa97a9de5c2cb
p:  458455.30850149295
5d5b4d9525c3006712e5c2ec
p:  1923807.106491398
5d5b4d9b1adaa97a9de5c2cc
p:  489974.7079893989
5d5b4da9e90ad79342e5c2df
p:  355817.19843213493
5d5b4dc334127e0275e5c2d8
p:  769993.4112482828
5d5b4dc8881b63c64be5c2e5
p:  430274.22200090357
5d5b4debfef2137f0ae5c2e0
p:  1172781.4662937836
5d5b4dfafef2137f0ae5c2e1
p:  1045089.8983703979
5d5b4e0234127e0275e5c2d9
p:  808759.610879568
5d5b4e20881b63c64be5c2e7
p:  683075.4519804139
5d5b4e361698376029e5c2fc
p:  1576982.3630739704
5d5b4ec152f8045140e5c2e7
p:  905741.0286970396
5d5b4f0734127e0275e5c2dc
p:  359406.447784784
5d5b4f3ffef2137f0ae5c2e4
p:  1124809.7212848854
5d5b4f63fef2137f0ae5c2e5
p:  908024.844954038
5d5b4f831698376029e5c2fe
p:  333744.7464993538
5d5b4fb31698376029e5c2ff
p:  696068.1356625939
5d5b4fd225c3006712e5c2f0
p:  1002405.3628632722
5d5b4fff881b63c64be5c2e9
p:  589570.9218398134
5d5b50811698376029e5c300
p:  686462.6225105855
5d5b50db446a107056e5c2d9
p:  279718.87269899854
5d5b512834127e0275e5c2e4
p:  376476.8568676419
5d5b513852f8045140e5c2e9
p:  842354.5897228215
5d5b51451698376029e5c302
p:  672191.179988052
5d5b514e34127e0275e5c2e5
p:  671892.6405571969
5d5b5257446a107056e5c2db
p:  939092.6063805076
5d5b5284446a107056e5c2dc
p:  483469.5028996272
5d5b528f881b63c64be5c2ec
p:  503232.06382300827
5d5b52a2fef2137f0ae5c2e8
p:  334377.2759721939
5d5b53ab881b63c64be5c2f1
p:  428068.4231547451
5d5b53e61adaa97a9de5c2d1
p:  278699.37566343637
5d5b541b52f8045140e5c2f0
p:  292016.0814637798
5d5b545f59564ad758e5c2f4
p:  1711388.9750442612
5d5b54f62196bf1d25e5c2fa
p:  966475.1824290229
5d5b55491adaa97a9de5c2d2
p:  679612.9363923497
5d5b555a1698376029e5c30b
p:  654937.0025614458
5d5b557f1698376029e5c30c
p:  744716.8644654477
5d5b55982196bf1d25e5c2fc
p:  1147037.4094182458
5d5b55a252f8045140e5c2f5
p:  292016.0814637798
5d5b55c28b72fedfd4e5c2eb
p:  322630.15381128
5d5b5628446a107056e5c2dd
p:  841524.2674794375
5d5b56751698376029e5c311
p:  1128541.8308747318
5d5b5687fef2137f0ae5c2ee
p:  958273.6490317376
5d5b5691cfde6e12e2e5c2f7
p:  1002921.7207952274
5d5b5697cfde6e12e2e5c2f8
p:  438808.98592758155
5d5b56b51adaa97a9de5c2d6
p:  355499.166761291
5d5b56d21adaa97a9de5c2d7
p:  433889.70354581287
5d5b574052f8045140e5c2f8
p:  444193.5806474661
5d5b576f1adaa97a9de5c2d9
p:  293904.7570365022
5d5b577952f8045140e5c2f9
p:  555721.5278846787
5d5b57b1fef2137f0ae5c2f0
p:  665056.3697373844
5d5b57ef34127e0275e5c2ee
p:  684449.7410761148
5d5b5852fef2137f0ae5c2f1
p:  926210.2645984084
5d5b58fa34127e0275e5c2f2
p:  715521.1307981876
5d5b5938fef2137f0ae5c2f2
p:  998681.9621589137
5d5b59772196bf1d25e5c303
p:  541892.2182014214
5d5b5992446a107056e5c2e6
p:  372088.3214363581
5d5b59bd1adaa97a9de5c2e1
p:  762517.2274423108
5d5b59c1fef2137f0ae5c2f4
p:  941664.0532521561
5d5b59e41adaa97a9de5c2e2
p:  1017560.2249663988
5d5b59ea52f8045140e5c2fb
p:  436914.59388544864
5d5b5a13fef2137f0ae5c2f5
p:  421329.2768706259
5d5b5a1e20eee0a8ece5c2f4
p:  893154.1182210807
5d5b5a7d52f8045140e5c2fc
p:  463193.9028845755
5d5b5a7ffef2137f0ae5c2f6
p:  983943.1551899724
5d5b5a9b52f8045140e5c2fd
p:  808058.0790195393
5d5b5ae4fef2137f0ae5c2f8
p:  681297.7089958945
5d5b5b22fef2137f0ae5c2f9
p:  927160.8303057747
5d5b5b68fef2137f0ae5c2fa
p:  1010740.0284244176
5d5b5bbd1698376029e5c31d
p:  696412.0095207323
5d5b5bbecfde6e12e2e5c305
p:  1585511.264171648
5d5b5bc352f8045140e5c301
p:  984775.7017334388
5d5b5bfc15a5c25cafe5c30c
p:  3136791.1496565463
5d5b5c0152f8045140e5c302
p:  4190314.919165902
5d5b5c10e90ad79342e5c2ff
p:  358975.0512883956
5d5b5c1c52f8045140e5c303
p:  567583.8719206981
5d5b5c4b20eee0a8ece5c2fb
p:  1174049.5934521968
5d5b5c9e52f8045140e5c304
p:  984083.447860768
5d5b5cd3fef2137f0ae5c2fb
p:  1602664.419749647
5d5b5ceb52f8045140e5c305
p:  355393.40197242494
5d5b5d0bfef2137f0ae5c2fc
p:  2631410.8970301123
5d5b5d102196bf1d25e5c30a
p:  1615425.7536475644
5d5b5d1852f8045140e5c306
p:  355393.40197242494
5d5b5d331698376029e5c324
p:  521572.3776699746
5d5b5d7b2196bf1d25e5c30c
p:  1209086.918845218
5d5b5d85fef2137f0ae5c2fd
p:  324314.0128431806
5d5b5d8c8b72fedfd4e5c301
p:  2567323.071040719
5d5b5da252f8045140e5c307
p:  1110490.4079453894
5d5b5de2446a107056e5c2ef
p:  699747.690545436
5d5b5e1c1698376029e5c329
p:  806991.3660189628
5d5b5e1e15a5c25cafe5c313
p:  633858.7467029098
5d5b5e2dfef2137f0ae5c301
p:  881895.5046096343
5d5b5e84446a107056e5c2f3
p:  216053.64232727303
5d5b5edbfef2137f0ae5c302
p:  1021901.9437085215
5d5b5ee215a5c25cafe5c315
p:  1009973.4482832818
5d5b5f1120eee0a8ece5c30f
p:  562393.9372560891
5d5b5f23446a107056e5c2f8
p:  501314.54549130186
5d5b5f43446a107056e5c2f9
p:  338627.75245806156
5d5b5f4fe90ad79342e5c304
p:  1422381.8957783426
5d5b5f508b72fedfd4e5c308
p:  280146.1556934595
5d5b5f502196bf1d25e5c310
p:  573181.5061072465
5d5b5f62446a107056e5c2fa
p:  702474.6336205633
5d5b5f668b72fedfd4e5c309
p:  631768.0921103389
5d5b5f6d881b63c64be5c30d
p:  1165495.9906413103
5d5b5f8120eee0a8ece5c312
p:  798347.3595073981
5d5b5f908b72fedfd4e5c30a
p:  381188.0164778703
5d5b60172196bf1d25e5c315
p:  1753877.0165951345
5d5b606b20eee0a8ece5c319
p:  439602.22380399005
5d5b60abfef2137f0ae5c306
p:  619807.6587473257
5d5b60d72b270e9e3ce5c30d
p:  511383.8970341019
5d5b60e52b270e9e3ce5c30e
p:  339206.8448427833
5d5b60fe25c3006712e5c316
p:  395952.3844233039
5d5b61278b72fedfd4e5c30d
p:  590553.9088593707
5d5b621f15a5c25cafe5c31d
p:  997810.8544356648
5d5b623b2b270e9e3ce5c312
p:  393253.64977382985
5d5b625acfde6e12e2e5c31c
p:  609098.3218788615
5d5b62622b270e9e3ce5c313
p:  244624.2008127963
5d5b62ee2196bf1d25e5c31a
p:  913975.5119341601
5d5b6317446a107056e5c303
p:  542121.1313227715
5d5b631d15a5c25cafe5c31f
p:  414639.4683652767
5d5b635452f8045140e5c30f
p:  579846.9075922945
5d5b6356e90ad79342e5c315
p:  34242.907309004026
5d5b637be90ad79342e5c316
p:  525200.1317177813
5d5b63938b72fedfd4e5c312
p:  680592.5640777736
5d5b63db34127e0275e5c300
p:  642584.5037866026
5d5b644d881b63c64be5c318
p:  419822.8808288725
5d5b646a52f8045140e5c311
p:  879675.7524351066
5d5b64ca1698376029e5c339
p:  582049.1763937514
5d5b65ab25c3006712e5c323
p:  742034.5773031716
5d5b661b15a5c25cafe5c325
p:  525977.8148756567
5d5b664efef2137f0ae5c310
p:  860766.0920379129
5d5b665734127e0275e5c309
p:  641175.4225064806
5d5b668d1698376029e5c33c
p:  716317.3752548107
5d5b66a7446a107056e5c30a
p:  475627.2440608323
5d5b66c31698376029e5c33d
p:  311097.83951103804
5d5b67a6fef2137f0ae5c313
p:  735361.6841621121
5d5b67ec8b72fedfd4e5c31a
p:  1135233.6709462446
5d5b67fffef2137f0ae5c314
p:  631076.1333423385
5d5b68d32196bf1d25e5c31d
p:  1536026.7217948548
5d5b691134127e0275e5c311
p:  607172.4077989397
5d5b6941e90ad79342e5c323
p:  228639.84788624579
5d5b69c015a5c25cafe5c330
p:  2048098.2284183772
5d5b69d834127e0275e5c313
p:  646111.0903902564
5d5b6a1d52f8045140e5c31d
p:  927414.2288253307
5d5b6a3e34127e0275e5c316
p:  507302.6177430124
5d5b6a6d446a107056e5c317
p:  404613.7297158061
5d5b6a79fef2137f0ae5c316
p:  2783723.2733576978
5d5b6b7515a5c25cafe5c336
p:  826878.7950581932
5d5b6be352f8045140e5c321
p:  781729.2363841101
5d5b6bee52f8045140e5c322
p:  579846.9075922945
5d5b6beffef2137f0ae5c31b
p:  991591.5781693129
5d5b6d258b72fedfd4e5c327
p:  195281.32970452803
5d5b6d3f15a5c25cafe5c33c
p:  742662.4833339193
5d5b6d4134127e0275e5c31b
p:  2472851.0584364943
5d5b6d4352f8045140e5c325
p:  428716.0681391957
5d5b6d46446a107056e5c31e
p:  536099.7112396944
5d5b6d6620eee0a8ece5c330
p:  935881.6231013839
5d5b6d8020eee0a8ece5c331
p:  906121.0702428841
5d5b6d83fef2137f0ae5c31e
p:  986878.4301507837
5d5b6da515a5c25cafe5c33d
p:  1834752.4474639236
5d5b6db252f8045140e5c327
p:  721488.8889426471
5d5b6e2934127e0275e5c31d
p:  930747.1048659903
5d5b6e6515a5c25cafe5c340
p:  1006996.0187491259
5d5b6e7bfef2137f0ae5c321
p:  1533126.1346594838
5d5b6e8f1698376029e5c34c
p:  631167.9592442352
5d5b6e9ecfde6e12e2e5c368
p:  412672.05404614523
5d5b6ebdfef2137f0ae5c322
p:  620291.9343686161
5d5b6f611adaa97a9de5c316
p:  721519.3432030178
5d5b6f97fef2137f0ae5c323
p:  1400779.014634083
5d5b6fa515a5c25cafe5c342
p:  413822.54246823327
5d5b6fcafef2137f0ae5c324
p:  774839.7361931056
5d5b6fe0cfde6e12e2e5c370
p:  472845.3193126805
5d5b7027e90ad79342e5c32d
p:  296996.90276106744
5d5b702ccfde6e12e2e5c372
p:  166969.5350809287
5d5b7031fef2137f0ae5c325
p:  324314.0128431806
5d5b704b2196bf1d25e5c330
p:  467057.284300286
5d5b7053cfde6e12e2e5c373
p:  890570.48083138
5d5b707a2196bf1d25e5c331
p:  873857.4028670863
5d5b707acfde6e12e2e5c374
p:  758880.8543832357
5d5b70bb2196bf1d25e5c332
p:  564969.102047167
5d5b70f4cfde6e12e2e5c377
p:  535927.2076916129
5d5b713f1698376029e5c34f
p:  174387.42872339796
5d5b7170881b63c64be5c32e
p:  754827.6073602746
5d5b717f1698376029e5c350
p:  509483.10491868877
5d5b71922b270e9e3ce5c334
p:  1096020.9831817336
5d5b71a1cfde6e12e2e5c37a
p:  297232.66098026605
5d5b71b415a5c25cafe5c343
p:  753979.0278242272
5d5b71b5fef2137f0ae5c326
p:  1224638.807160642
5d5b7206cfde6e12e2e5c37c
p:  1593273.4912452744
5d5b7207881b63c64be5c331
p:  193322.15463361487
5d5b721d34127e0275e5c324
p:  1234095.754712135
5d5b7237fef2137f0ae5c329
p:  933452.6456347734
5d5b7252cfde6e12e2e5c37e
p:  263034.69451007864
5d5b7255881b63c64be5c332
p:  732442.6930467675
5d5b7278cfde6e12e2e5c37f
p:  448120.7905628466
5d5b72908b72fedfd4e5c335
p:  215638.41184490314
5d5b72a120eee0a8ece5c33a
p:  563124.7681766823
5d5b731dcfde6e12e2e5c383
p:  299084.19373260625
5d5b732f881b63c64be5c336
p:  461465.69265279593
5d5b734620eee0a8ece5c33c
p:  274379.0285248731
5d5b7369cfde6e12e2e5c385
p:  166969.5350809287
5d5b736e82996c93c6e5c33a
p:  257757.3898385046
5d5b737d8b72fedfd4e5c336
p:  1066691.7712303929
5d5b738ce90ad79342e5c338
p:  371042.7571184704
5d5b73b02b270e9e3ce5c337
p:  858710.7818688252
5d5b73b28b72fedfd4e5c337
p:  379388.4544983466
5d5b73c1cfde6e12e2e5c387
p:  295074.4127597227
5d5b742234127e0275e5c327
p:  744785.9783777455
5d5b744520eee0a8ece5c33e
p:  740344.5556166664
5d5b74a382996c93c6e5c33c
p:  638263.4961738968
5d5b74d5cfde6e12e2e5c38e
p:  263332.84853028
5d5b74e182996c93c6e5c33d
p:  377147.9756061194
5d5b74fd20eee0a8ece5c340
p:  889852.4908654301
5d5b75312196bf1d25e5c33c
p:  620092.9003775052
5d5b75622b270e9e3ce5c33a
p:  414987.6754324151
5d5b75b9cfde6e12e2e5c394
p:  371643.5592504843
5d5b75bc20eee0a8ece5c342
p:  850798.2670707614
5d5b75ca34127e0275e5c32a
p:  360704.38107125735
5d5b76602b270e9e3ce5c33c
p:  482647.7392874704
5d5b767820eee0a8ece5c343
p:  742069.6398334133
5d5b769720eee0a8ece5c344
p:  666689.3370503167
5d5b769be90ad79342e5c33d
p:  339813.8960442266
5d5b76b720eee0a8ece5c345
p:  698837.4645913218
5d5b76c8446a107056e5c330
p:  297678.73668944347
5d5b773ee90ad79342e5c341
p:  270003.87346227193
5d5b7744881b63c64be5c339
p:  577464.1765545451
5d5b7778cfde6e12e2e5c39f
p:  561909.415009578
5d5b779bfef2137f0ae5c32f
p:  1135423.0102343247
5d5b779c52f8045140e5c33b
p:  411696.41605171724
5d5b77b22b270e9e3ce5c33e
p:  4535227.3707187725
5d5b77ca52f8045140e5c33d
p:  1270497.8031656044
5d5b77d282996c93c6e5c344
p:  525536.0930537864
5d5b77ec82996c93c6e5c345
p:  506490.9441155554
5d5b781882996c93c6e5c346
p:  558629.9201054646
5d5b781bcfde6e12e2e5c3a3
p:  930238.3277704285
5d5b782352f8045140e5c33e
p:  886168.341400981
5d5b7840fef2137f0ae5c332
p:  841910.5658099719
5d5b786a20eee0a8ece5c349
p:  407689.22300311364
5d5b7872fef2137f0ae5c333
p:  463267.1704990695
5d5b789152f8045140e5c33f
p:  1293671.2519257655
5d5b789282996c93c6e5c347
p:  257757.3898385046
5d5b78be82996c93c6e5c348
p:  397382.1887365768
5d5b78c152f8045140e5c341
p:  832529.9959728215
5d5b78c1cfde6e12e2e5c3a7
p:  800409.0002255498
5d5b79041698376029e5c363
p:  1231048.7447957974
5d5b790fcfde6e12e2e5c3a9
p:  720588.2550927233
5d5b7910fef2137f0ae5c335
p:  1043482.8687696711
5d5b791782996c93c6e5c349
p:  300638.3935360663
5d5b79242b270e9e3ce5c341
p:  535224.5377828851
5d5b792f881b63c64be5c33d
p:  399588.1957808918
5d5b79651698376029e5c364
p:  486486.38538983307
5d5b79abcfde6e12e2e5c3ad
p:  1754792.0388458406
5d5b79bffef2137f0ae5c339
p:  502147.9515302131
5d5b79c21adaa97a9de5c326
p:  215734.3235365582
5d5b79c9e90ad79342e5c346
p:  698478.503568313
5d5b79d9e90ad79342e5c347
p:  201186.138283349
5d5b7a0d8b72fedfd4e5c349
p:  279584.7141379043
5d5b7a10e90ad79342e5c348
p:  152756.03340600285
5d5b7a191698376029e5c367
p:  320764.38662512915
5d5b7a48cfde6e12e2e5c3b1
p:  332607.14871414343
5d5b7a5b20eee0a8ece5c34b
p:  685364.0044014525
5d5b7a628b72fedfd4e5c34a
p:  682580.5268633177
5d5b7abfe90ad79342e5c349
p:  292852.3698391531
5d5b7ac520eee0a8ece5c34c
p:  1620011.115761973
5d5b7b1fcfde6e12e2e5c3b6
p:  894209.9235691845
5d5b7b24e90ad79342e5c34b
p:  371923.13681147806
5d5b7b45cfde6e12e2e5c3b7
p:  731971.9961217229
5d5b7b5ce90ad79342e5c34c
p:  182142.00280211578
5d5b7b662196bf1d25e5c347
p:  2199476.393307233
5d5b7b71cfde6e12e2e5c3b8
p:  692486.6425810016
5d5b7b9820eee0a8ece5c34f
p:  432485.8929374156
5d5b7b98cfde6e12e2e5c3b9
p:  515494.7409978191
5d5b7bbfcfde6e12e2e5c3ba
p:  367908.85223894584
5d5b7bc4fef2137f0ae5c33e
p:  1045089.8983703979
5d5b7bda20eee0a8ece5c352
p:  936655.2094454367
5d5b7bec20eee0a8ece5c353
p:  726226.1858971909
5d5b7c0052f8045140e5c349
p:  335718.1825330212
5d5b7c0fcfde6e12e2e5c3bc
p:  599252.4491305926
5d5b7c4a20eee0a8ece5c357
p:  362794.59968198196
5d5b7c4c2196bf1d25e5c34a
p:  560926.4686368615
5d5b7c5c20eee0a8ece5c358
p:  457160.832576202
5d5b7c5ccfde6e12e2e5c3be
p:  760052.9332901296
5d5b7c6e881b63c64be5c341
p:  382263.4236654333
5d5b7c8920eee0a8ece5c359
p:  554884.0634229919
5d5b7ca3fef2137f0ae5c340
p:  1392807.5944520256
5d5b7ca720eee0a8ece5c35a
p:  650829.99530726
5d5b7cbd20eee0a8ece5c35b
p:  609356.7830060329
5d5b7cbe881b63c64be5c342
p:  562458.8920004839
5d5b7cd152f8045140e5c34a
p:  878982.6663621601
5d5b7cd3cfde6e12e2e5c3c1
p:  400919.27397365833
5d5b7d0c82996c93c6e5c351
p:  525536.0930537864
5d5b7d4f20eee0a8ece5c35f
p:  422900.87516879354
5d5b7d5b82996c93c6e5c352
p:  890220.9046857511
5d5b7d8482996c93c6e5c353
p:  820266.9349789993
5d5b7dc334127e0275e5c336
p:  696772.8192889241
5d5b7dcafef2137f0ae5c342
p:  362134.6821218975
5d5b7e2820eee0a8ece5c365
p:  316054.1112723046
5d5b7e2d446a107056e5c34a
p:  1051717.8951428977
5d5b7e6634127e0275e5c338
p:  760063.3399066784
5d5b7ea0fef2137f0ae5c344
p:  465908.4502449562
5d5b7eaa82996c93c6e5c357
p:  474302.88031886355
5d5b7ece82996c93c6e5c358
p:  543414.9162265409
5d5b7edb34127e0275e5c339
p:  909222.7632004304
5d5b7ef182996c93c6e5c359
p:  487765.7785393644
5d5b7f3a881b63c64be5c34b
p:  382263.4236654333
5d5b7f7282996c93c6e5c35c
p:  651652.8773793902
5d5b7f88446a107056e5c34f
p:  676177.42073369
5d5b7fc3446a107056e5c350
p:  261324.3804503505
5d5b7fd3fef2137f0ae5c34a
p:  1348471.7576421576
5d5b7fd820eee0a8ece5c36a
p:  740902.526248863
5d5b800dfef2137f0ae5c34c
p:  919974.0381356785
5d5b801dfef2137f0ae5c34d
p:  855102.120783861
5d5b809559564ad758e5c35c
p:  270345.1022570352
5d5b80ea34127e0275e5c340
p:  583659.2609432805
5d5b80f020eee0a8ece5c36e
p:  263964.33150420093
5d5b80f5881b63c64be5c356
p:  518725.3466623984
5d5b811e59564ad758e5c35e
p:  451820.2849456001
5d5b812a20eee0a8ece5c36f
p:  708141.1400738988
5d5b816c881b63c64be5c359
p:  734474.1381575495
5d5b8192881b63c64be5c35a
p:  589779.3914771908
5d5b819bfef2137f0ae5c355
p:  738560.5162927767
5d5b81b920eee0a8ece5c371
p:  894190.0585859902
5d5b81e1881b63c64be5c35c
p:  2665304.3023393657
5d5b81e1fef2137f0ae5c356
p:  619807.6587473257
5d5b81ea59564ad758e5c361
p:  924798.846204414
5d5b826a446a107056e5c357
p:  550327.2892672475
5d5b82b6446a107056e5c358
p:  315054.8917904548
5d5b82bc82996c93c6e5c362
p:  391511.0079361014
5d5b8300446a107056e5c35a
p:  866650.6015910832
5d5b831e446a107056e5c35b
p:  362174.1562139727
5d5b836b20eee0a8ece5c375
p:  332185.6405694933
5d5b836f446a107056e5c35d
p:  362971.901881975
5d5b837b34127e0275e5c342
p:  397231.7956469675
5d5b83861698376029e5c37d
p:  1285857.3830816853
5d5b83a359564ad758e5c365
p:  1305283.521152495
5d5b83c059564ad758e5c366
p:  270345.1022570352
5d5b83c5446a107056e5c35e
p:  362971.901881975
5d5b83e18b72fedfd4e5c35f
p:  273609.1842329325
5d5b842925c3006712e5c36f
p:  1133205.9917519647
5d5b842e881b63c64be5c36a
p:  399588.1957808918
5d5b845034127e0275e5c345
p:  749308.6771684506
5d5b84732b270e9e3ce5c35c
p:  652613.873206185
5d5b84ae34127e0275e5c348
p:  412785.401313302
5d5b84de34127e0275e5c34a
p:  376476.8568676419
5d5b850e1698376029e5c381
p:  681387.078489252
5d5b85182b270e9e3ce5c35d
p:  727804.4576889108
5d5b8525fef2137f0ae5c35b
p:  1546838.1890716748
5d5b856852f8045140e5c356
p:  515996.63191249786
5d5b858f52f8045140e5c357
p:  580474.9122229973
5d5b85c91adaa97a9de5c33e
p:  485027.2741432178
5d5b85ce59564ad758e5c36d
p:  394537.1028230544
5d5b85d820eee0a8ece5c37d
p:  871183.3565965322
5d5b8673fef2137f0ae5c35f
p:  651949.4711145606
5d5b868815a5c25cafe5c38d
p:  2140414.1077991184
5d5b86a78b72fedfd4e5c365
p:  673609.6432951298
5d5b86ad34127e0275e5c351
p:  930747.1048659903
5d5b86b41adaa97a9de5c33f
p:  564970.9570077233
5d5b86dc1adaa97a9de5c340
p:  551336.0604504216
5d5b86f78b72fedfd4e5c369
p:  398763.99429097224
5d5b87011adaa97a9de5c341
p:  568368.7445416248
5d5b870b446a107056e5c368
p:  972004.830605982
5d5b871f1698376029e5c382
p:  248057.01600673178
5d5b876559564ad758e5c373
p:  679557.3196154475
5d5b87778b72fedfd4e5c36a
p:  525095.8692959981
5d5b87b68b72fedfd4e5c36b
p:  254132.44141185976
5d5b87b9446a107056e5c369
p:  902375.1431908009
5d5b87cf82996c93c6e5c369
p:  271532.5205317961
5d5b87e0fef2137f0ae5c363
p:  1754536.2761041652
5d5b87fb52f8045140e5c35a
p:  1830642.4513059668
5d5b88008b72fedfd4e5c36d
p:  526749.0440695775
5d5b880359564ad758e5c377
p:  5641039.5602482315
5d5b882552f8045140e5c35b
p:  1130651.0007173058
5d5b8838446a107056e5c36b
p:  726475.5253311007
5d5b884e446a107056e5c36c
p:  614118.4839580762
5d5b888a446a107056e5c36e
p:  507061.2397372618
5d5b889034127e0275e5c353
p:  370933.88769635686
5d5b88a3446a107056e5c36f
p:  1247563.0234214747
5d5b88b282996c93c6e5c36a
p:  726776.2748102057
5d5b88cc8b72fedfd4e5c371
p:  1111117.5668321084
5d5b890252f8045140e5c35e
p:  528480.9953360303
5d5b892520eee0a8ece5c380
p:  428374.717381046
5d5b896352f8045140e5c361
p:  474262.51329622336
5d5b89778b72fedfd4e5c372
p:  235141.53292300025
5d5b897e34127e0275e5c354
p:  565441.7068786076
5d5b8980446a107056e5c372
p:  362174.1562139727
5d5b89891adaa97a9de5c344
p:  1356149.9947760676
5d5b89998b72fedfd4e5c373
p:  615428.9693270455
5d5b899efef2137f0ae5c367
p:  1181727.300433895
5d5b89a082996c93c6e5c36c
p:  380000.02292832336
5d5b89eb446a107056e5c374
p:  355711.8905031027
5d5b8a0f59564ad758e5c37f
p:  655139.3461183163
5d5b8a6ecfde6e12e2e5c3e5
p:  489359.4745959144
5d5b8a9352f8045140e5c364
p:  561732.4806637411
5d5b8af98b72fedfd4e5c375
p:  333851.63493257924
5d5b8b6d52f8045140e5c365
p:  456414.9459659165
5d5b8bd152f8045140e5c366
p:  762380.8846179567
5d5b8bda82996c93c6e5c36f
p:  955914.5030071749
5d5b8c0052f8045140e5c367
p:  2835568.558108008
5d5b8c0220eee0a8ece5c385
p:  774515.0814921695
5d5b8c10cfde6e12e2e5c3eb
p:  1181711.3170941335
5d5b8c352b270e9e3ce5c36f
p:  541363.6110707284
5d5b8c741698376029e5c38c
p:  372354.85345935763
5d5b8c8052f8045140e5c369
p:  682248.4019369285
5d5b8cee52f8045140e5c36a
p:  712417.8998130071
5d5b8cee881b63c64be5c37b
p:  1396807.127817947
5d5b8d0820eee0a8ece5c386
p:  350683.90575131454
5d5b8d2452f8045140e5c36b
p:  3923629.2215008377
5d5b8d2d1698376029e5c38e
p:  680401.8885608399
5d5b8d3a52f8045140e5c36c
p:  168370.64110837074
5d5b8d5a1698376029e5c38f
p:  761945.2388212243
5d5b8d9f52f8045140e5c36d
p:  739908.8510246007
5d5b8dbe881b63c64be5c37d
p:  1669153.4709075238
5d5b8dd552f8045140e5c36e
p:  400046.7364867919
5d5b8deb1698376029e5c391
p:  328609.4468904369
5d5b8e0052f8045140e5c36f
p:  930463.5097158472
5d5b8e491698376029e5c392
p:  548625.7383618201
5d5b8ea9881b63c64be5c381
p:  695892.8355481479
5d5b8eecfef2137f0ae5c36f
p:  836413.4856834325
5d5b8eee881b63c64be5c382
p:  2518155.3739859117
5d5b8f1182996c93c6e5c378
p:  651652.8773793902
5d5b8f1b446a107056e5c387
p:  658566.0425509013
5d5b8f1c881b63c64be5c383
p:  1746826.6206146001
5d5b8f2f34127e0275e5c35b
p:  513911.3573725026
5d5b8f398b72fedfd4e5c379
p:  534937.818392902
5d5b8f4052f8045140e5c371
p:  1925104.875120505
5d5b8f521adaa97a9de5c34c
p:  366628.55767797783
5d5b8f5d881b63c64be5c384
p:  855662.6409689143
5d5b8f5e82996c93c6e5c37a
p:  483625.50744086807
5d5b8f8482996c93c6e5c37b
p:  192563.57008460193
5d5b8feccfde6e12e2e5c3f0
p:  866504.7692854723
5d5b8fee1adaa97a9de5c350
p:  366628.55767797783
5d5b901a881b63c64be5c386
p:  1108487.8277464216
5d5b902ee90ad79342e5c374
p:  270003.87346227193
5d5b906c52f8045140e5c372
p:  682503.8615646808
5d5b90731698376029e5c393
p:  649757.8283874609
5d5b907bcfde6e12e2e5c3f3
p:  431466.83572962077
5d5b90e61698376029e5c394
p:  489003.7460434818
5d5b90e782996c93c6e5c381
p:  786699.0841340192
5d5b91681adaa97a9de5c352
p:  228689.29492781978
5d5b918752f8045140e5c373
p:  878584.4250176183
5d5b91c4fef2137f0ae5c37a
p:  1948653.2637931795
5d5b91c652f8045140e5c374
p:  168588.92777778447
5d5b91e952f8045140e5c375
p:  915798.0137947449
5d5b91f934127e0275e5c361
p:  855658.3225389102
5d5b920e20eee0a8ece5c392
p:  343427.63978358184
5d5b925020eee0a8ece5c394
p:  734304.5625289686
5d5b926d2b270e9e3ce5c37b
p:  515467.38869339833
5d5b927e1adaa97a9de5c356
p:  918646.9135133231
5d5b9314cfde6e12e2e5c3f8
p:  966835.0645801066
5d5b9344cfde6e12e2e5c3f9
p:  402957.84250025795
5d5b937a8b72fedfd4e5c37d
p:  820425.7210394896
5d5b93b91698376029e5c39c
p:  1304491.8770692176
5d5b93db881b63c64be5c38c
p:  1005427.8558466753
5d5b9404881b63c64be5c38d
p:  2265064.6711559715
5d5b9422881b63c64be5c38e
p:  1114003.9601442488
5d5b943f881b63c64be5c38f
p:  931911.3132630697
5d5b945e881b63c64be5c390
p:  275595.4935896342
5d5b946959564ad758e5c390
p:  423223.9093261387
5d5b9489881b63c64be5c392
p:  2890833.1987544345
5d5b949659564ad758e5c391
p:  678748.6998839075
5d5b95011698376029e5c3a0
p:  372354.85345935763
5d5b951a1adaa97a9de5c35a
p:  361332.23492218414
5d5b953c8b72fedfd4e5c37f
p:  645496.6637337594
5d5b953e1adaa97a9de5c35b
p:  563208.3425916843
5d5b955c52f8045140e5c378
p:  624629.9242281164
5d5b955d8b72fedfd4e5c380
p:  379070.4042971821
5d5b95b020eee0a8ece5c39b
p:  1352932.0054253736
5d5b95e11698376029e5c3a1
p:  351406.3443118775
5d5b95e452f8045140e5c379
p:  474262.51329622336
5d5b95f91698376029e5c3a2
p:  462965.40267060034
5d5b969c2b270e9e3ce5c385
p:  1494313.6032028936
5d5b96a8446a107056e5c396
p:  373386.510834027
5d5b9723881b63c64be5c398
p:  1318587.7132380635
5d5b978459564ad758e5c39c
p:  1229595.2517785537
5d5b978d52f8045140e5c37a
p:  800939.4725677492
5d5b97e91698376029e5c3a8
p:  608577.8523374272
5d5b97f052f8045140e5c37c
p:  2814227.0291165058
5d5b98171698376029e5c3a9
p:  1283397.150915849
5d5b983e881b63c64be5c39b
p:  267853.8692201193
5d5b988acfde6e12e2e5c405
p:  660854.3287138953
5d5b99201698376029e5c3ac
p:  250644.25225368846
5d5b99778b72fedfd4e5c389
p:  526749.0440695775
5d5b997a52f8045140e5c380
p:  993829.6077181881
5d5b999d1698376029e5c3ae
p:  667867.5276213496
5d5b99b4881b63c64be5c3a0
p:  893894.382997972
5d5b99f582996c93c6e5c399
p:  178375.24109052017
5d5b9a0ecfde6e12e2e5c40b
p:  648206.0153297792
5d5b9a41fef2137f0ae5c38d
p:  329336.5580989111
5d5b9a4a52f8045140e5c381
p:  447753.15533799515
5d5b9a62cfde6e12e2e5c40d
p:  951527.3135829265
5d5b9a66fef2137f0ae5c38e
p:  375907.6239217593
5d5b9a6d52f8045140e5c382
p:  2252582.6652899585
5d5b9a9e1698376029e5c3b2
p:  229592.36929443033
5d5b9ab2fef2137f0ae5c390
p:  252389.66007390514
5d5b9ad9fef2137f0ae5c391
p:  1004724.3094735784
5d5b9afefef2137f0ae5c392
p:  792443.3300303501
5d5b9b15881b63c64be5c3a5
p:  1318076.5662666003
5d5b9b24fef2137f0ae5c393
p:  434207.4005161533
5d5b9b49fef2137f0ae5c394
p:  358261.633149178
5d5b9b6ffef2137f0ae5c395
p:  262834.3601881652
5d5b9b8920eee0a8ece5c3a2
p:  397513.60609065817
5d5b9b95fef2137f0ae5c396
p:  329336.5580989111
5d5b9bcfcfde6e12e2e5c411
p:  1027515.397408746
5d5b9c07fef2137f0ae5c399
p:  395255.6279023964
5d5b9c2dfef2137f0ae5c39a
p:  548768.3685803472
5d5b9c4c52f8045140e5c385
p:  562814.1505676894
5d5b9c681adaa97a9de5c364
p:  445950.993145133
5d5b9c9ffef2137f0ae5c39d
p:  265626.55854961125
5d5b9caf1adaa97a9de5c366
p:  797726.8069403598
5d5b9cb0e90ad79342e5c394
p:  552018.6922359064
5d5b9cc5fef2137f0ae5c39e
p:  323436.7003618905
5d5b9cebfef2137f0ae5c39f
p:  450232.1701888763
5d5b9d0ffef2137f0ae5c3a0
p:  399685.7686888983
5d5b9d7c20eee0a8ece5c3ac
p:  708386.5706865464
5d5b9f0b1adaa97a9de5c36d
p:  239972.899217495
5d5b9f101698376029e5c3c5
p:  431452.6364259925
5d5b9f608b72fedfd4e5c394
p:  585634.9730319967
5d5b9fef8b72fedfd4e5c396
p:  1046087.475337964
5d5b9fef52f8045140e5c38b
p:  1045237.5588743411
5d5ba00fcfde6e12e2e5c41d
p:  237795.4137396775
5d5ba021fef2137f0ae5c3a2
p:  246352.97609339468
5d5ba02620eee0a8ece5c3b2
p:  793700.1296589798
5d5ba027881b63c64be5c3b2
p:  1329490.5471564364
5d5ba062fef2137f0ae5c3a3
p:  806015.9325571773
5d5ba0cf1adaa97a9de5c378
p:  241150.44703695574
5d5ba10afef2137f0ae5c3a5
p:  392056.15818868164
5d5ba1248b72fedfd4e5c398
p:  352037.2404376994
5d5ba14b20eee0a8ece5c3b6
p:  1154625.0800333212
5d5ba224446a107056e5c3c0
p:  354641.6652993331
5d5ba24a446a107056e5c3c1
p:  375740.3926036264
5d5ba2701adaa97a9de5c382
p:  716280.5551195994
5d5ba27b446a107056e5c3c2
p:  702295.5810500116
5d5ba28a1adaa97a9de5c383
p:  222385.31049223457
5d5ba2f920eee0a8ece5c3bb
p:  962119.5595196451
5d5ba3111adaa97a9de5c386
p:  544416.4405463975
5d5ba311fef2137f0ae5c3ab
p:  438107.5776755179
5d5ba32b20eee0a8ece5c3bc
p:  953709.2463371311
5d5ba344446a107056e5c3c5
p:  285364.43133705296
5d5ba36320eee0a8ece5c3bd
p:  1755483.2136758962
5d5ba3b6446a107056e5c3c6
p:  361757.0006631145
5d5ba41820eee0a8ece5c3bf
p:  642983.8364229249
5d5ba42b446a107056e5c3c8
p:  690879.540428932
5d5ba4901698376029e5c3d3
p:  576729.5693826543
5d5ba4d8fef2137f0ae5c3ae
p:  390172.9350780245
5d5ba57e52f8045140e5c398/home/testapiuser/HouseApp_2/PricePrediction/HIPrice.py:269: SettingWithCopyWarning: 
A value is trying to be set on a copy of a slice from a DataFrame.
Try using .loc[row_indexer,col_indexer] = value instead

See the caveats in the documentation: http://pandas.pydata.org/pandas-docs/stable/indexing.html#indexing-view-versus-copy
  df2['AreaSpace_SQFT'] = df2['AreaSpace_SQFT'].astype(int)
/home/testapiuser/HouseApp_2/PricePrediction/HIPrice.py:281: SettingWithCopyWarning: 
A value is trying to be set on a copy of a slice from a DataFrame.
Try using .loc[row_indexer,col_indexer] = value instead

See the caveats in the documentation: http://pandas.pydata.org/pandas-docs/stable/indexing.html#indexing-view-versus-copy
  df2['Price'] = z1
/home/testapiuser/HouseApp_2/PricePrediction/HIPrice.py:288: SettingWithCopyWarning: 
A value is trying to be set on a copy of a slice from a DataFrame.
Try using .loc[row_indexer,col_indexer] = value instead

See the caveats in the documentation: http://pandas.pydata.org/pandas-docs/stable/indexing.html#indexing-view-versus-copy
  df2['AreaSpace_SQFT'] = z2

p:  407390.2240799003
5d5ba5a352f8045140e5c399
p:  1458236.4480791525
5d5ba5f752f8045140e5c39b
p:  958104.4329868315
5d5ba60b34127e0275e5c389
p:  907390.8606439953
5d5ba612446a107056e5c3cd
p:  400731.049199559
5d5ba624446a107056e5c3ce
p:  790875.8719410854
5d5ba6431698376029e5c3d6
p:  302488.1273115191
5d5ba668fef2137f0ae5c3b1
p:  362044.2420769159
5d5ba66920eee0a8ece5c3c1
p:  840672.5672147484
5d5ba66b52f8045140e5c39e
p:  532716.0774858366
5d5ba6821698376029e5c3d7
p:  426533.4800073008
5d5ba6c852f8045140e5c3a0
p:  753199.0587231608
5d5ba6d5cfde6e12e2e5c428
p:  1028732.0518249215
5d5ba721cfde6e12e2e5c429
p:  674370.3033688031
5d5ba72420eee0a8ece5c3c3
p:  3568930.7529079756
5d5ba76959564ad758e5c3d0
p:  564808.5390159929
5d5ba777cfde6e12e2e5c42a
p:  477145.07565340924
5d5ba7a420eee0a8ece5c3c5
p:  776302.4421589798
5d5ba7a4fef2137f0ae5c3b4
p:  270238.9355386502
5d5ba7dc52f8045140e5c3a7
p:  1874527.491610345
5d5ba81fcfde6e12e2e5c42b
p:  341594.7535355957
5d5ba8f620eee0a8ece5c3c7
p:  4574672.831933261
5d5ba96882996c93c6e5c3b9
p:  242429.24100706007
5d5ba9691698376029e5c3e1
p:  336365.687474376
5d5ba9b734127e0275e5c393
p:  758931.7733063292
5d5ba9e4fef2137f0ae5c3b8
p:  270238.9355386502
5d5ba9e91adaa97a9de5c393
p:  398077.80384580244
5d5baa50fef2137f0ae5c3b9
p:  575090.7455228725
5d5baa708b72fedfd4e5c3b0
p:  400731.049199559
5d5baa81fef2137f0ae5c3ba
p:  622405.2200189945
5d5baa9d8b72fedfd4e5c3b1
p:  514951.9461283664
5d5baaabfef2137f0ae5c3bb
p:  323436.7003618905
5d5baad7cfde6e12e2e5c42f
p:  228689.29492781978
5d5bab1e20eee0a8ece5c3c9
p:  1901000.2583745052
5d5bab7a446a107056e5c3d2
p:  314682.2788663776
5d5bab9752f8045140e5c3c5
p:  447753.15533799515
5d5bab9a446a107056e5c3d3
p:  357790.6582556246
5d5bab9f20eee0a8ece5c3cc
p:  905892.7853233349
5d5babaa52f8045140e5c3c6
p:  805402.7420022709
5d5babcf20eee0a8ece5c3cd
p:  903451.0904440663
5d5bac4e20eee0a8ece5c3d0
p:  790890.0045975312
5d5bac638b72fedfd4e5c3b5
p:  179190.90665010014
5d5bad281698376029e5c3e6
p:  702210.5588521124
5d5bad58fef2137f0ae5c3bf
p:  355424.8448307326
5d5bad7534127e0275e5c39e
p:  808759.610879568
5d5bad92fef2137f0ae5c3c0
p:  1016159.8027300059
5d5badcb8b72fedfd4e5c3b8
p:  278149.21331671276
5d5badcd881b63c64be5c3cd
p:  1008537.1851837452
5d5badcefef2137f0ae5c3c1
p:  773388.1757927232
5d5bae07fef2137f0ae5c3c2
p:  508354.1995777838
5d5bae7cfef2137f0ae5c3c4
p:  707078.0287012283
5d5bae8352f8045140e5c3d8
p:  548341.3031008065
5d5baeb6fef2137f0ae5c3c5
p:  1058383.728384113
5d5baeddcfde6e12e2e5c432
p:  342901.6825903293
5d5baee01adaa97a9de5c39f
p:  406905.41942808393
5d5baf8b1698376029e5c3ed
p:  513063.250518079
5d5bafa91698376029e5c3ee
p:  499328.85636908293
5d5bafbf1adaa97a9de5c3a3
p:  782578.4061933891
5d5bafc21698376029e5c3ef
p:  777371.2848265121
5d5bb03cfef2137f0ae5c3cc
p:  497133.21469777107
5d5bb04152f8045140e5c3e1
p:  447753.15533799515
5d5bb063446a107056e5c3d9
p:  933210.1204442044
5d5bb0a5cfde6e12e2e5c435
p:  926232.2930857347
5d5bb0db34127e0275e5c3a6
p:  724976.9162307946
5d5bb0e3cfde6e12e2e5c436
p:  1782141.5145219485
5d5bb108446a107056e5c3db
p:  314682.2788663776
5d5bb1291698376029e5c3f1
p:  248057.01600673178
5d5bb12fcfde6e12e2e5c437
p:  377520.944792321
5d5bb14dfef2137f0ae5c3cf
p:  503635.9900958436
5d5bb17820eee0a8ece5c3e0
p:  758708.7924681853
5d5bb18752f8045140e5c3ea
p:  688714.8579236922
5d5bb1b252f8045140e5c3eb
p:  782263.9191558685
5d5bb1b68b72fedfd4e5c3c3
p:  405747.23562642315
5d5bb1db52f8045140e5c3ec
p:  5212258.227285974
5d5bb207cfde6e12e2e5c439
p:  1069756.4337339432
5d5bb2a0fef2137f0ae5c3d3
p:  270238.9355386502
5d5bb2bd52f8045140e5c3f0
p:  1787850.8954609088
5d5bb2cafef2137f0ae5c3d4
p:  310658.2693482989
5d5bb35220eee0a8ece5c3e5
p:  1094802.8036440217
5d5bb382446a107056e5c3de
p:  380260.19430789864
5d5bb39620eee0a8ece5c3e6
p:  850550.0679602376
5d5bb3d720eee0a8ece5c3e7
p:  2478548.2721535317
5d5bb42652f8045140e5c3f8
p:  4691285.174820865
5d5bb44620eee0a8ece5c3e8
p:  859806.9975826605
5d5bb49f446a107056e5c3e1
p:  614928.3910635187
5d5bb4bb446a107056e5c3e2
p:  674908.436961601
5d5bb50e446a107056e5c3e5
p:  808989.2390680731
5d5bb527446a107056e5c3e6
p:  645760.4316959174
5d5bb52dcfde6e12e2e5c43d
p:  393454.94860614475
5d5bb54f446a107056e5c3e7
p:  334360.0558354325
5d5bb58520eee0a8ece5c3ea
p:  1004663.3897388262
5d5bb6d252f8045140e5c408
p:  3186092.2581669195
5d5bb6d4446a107056e5c3e9
p:  731332.2590031631
5d5bb6f9446a107056e5c3ea
p:  340761.5368752657
5d5bb70d20eee0a8ece5c3ed
p:  675021.0834246099
5d5bb7b5fef2137f0ae5c3e0
p:  445304.1571944137
5d5bb868446a107056e5c3ec
p:  601185.3738866753
5d5bb8731698376029e5c406
p:  518168.14022870525
5d5bb8aacfde6e12e2e5c441
p:  861179.7942779516
5d5bb93fcfde6e12e2e5c443
p:  726081.8417695008
5d5bb951fef2137f0ae5c3e4
p:  360444.121667185
5d5bb9841698376029e5c40a
p:  814762.0862065204
5d5bb98bfef2137f0ae5c3e5
p:  262834.3601881652
5d5bb9f8cfde6e12e2e5c446
p:  403353.1051759925
5d5bba5bfef2137f0ae5c3e8
p:  362598.83316617564
5d5bba82cfde6e12e2e5c449
p:  629632.9407707808
5d5bbb84cfde6e12e2e5c44c
p:  805213.7383173604
5d5bbc23446a107056e5c3ee
p:  254836.25440770324
5d5bbc2420eee0a8ece5c3f7
p:  262123.82817198551
5d5bbd13fef2137f0ae5c3ed
p:  254272.76453108178
5d5bbd451698376029e5c415
p:  328609.4468904369
5d5bbd53fef2137f0ae5c3ee
p:  707078.0287012283
5d5bbda0cfde6e12e2e5c450
p:  405608.527159311
5d5bbdedcfde6e12e2e5c452
p:  358447.2598555359
5d5bbea3cfde6e12e2e5c455
p:  614421.3224856707
5d5bbf1dcfde6e12e2e5c457
p:  373852.10653677245
5d5bbf55fef2137f0ae5c3f4
p:  1271270.2518749128
5d5bbfc282996c93c6e5c3f0
p:  2543460.56171952
5d5bc07d2b270e9e3ce5c3f4
p:  349353.7752435433
5d5bc0b8cfde6e12e2e5c460
p:  448139.35636628076
5d5bc13afef2137f0ae5c3f8
p:  2397834.018408765
5d5bc21d1698376029e5c421
p:  1131313.207712472
5d5bc227cfde6e12e2e5c465
p:  328758.6423547715
5d5bc4b6fef2137f0ae5c3fd
p:  327436.0753237036
5d5bc4bbcfde6e12e2e5c46c
p:  443756.5219875425
5d5bc5092b270e9e3ce5c3ff
p:  518100.02091708675
5d5bc6022b270e9e3ce5c408
p:  931603.0972210716
5d5bc60b20eee0a8ece5c40f
p:  1036227.6083320316
5d5bc6f0cfde6e12e2e5c471
p:  790006.386881032
5d5bc751fef2137f0ae5c3ff
p:  352086.71640261676
5d5bc7d31698376029e5c42c
p:  240042.2733813728
5d5bc874fef2137f0ae5c401
p:  358261.633149178
5d5bc8bf2b270e9e3ce5c457
p:  1187397.641994714
5d5bcc321698376029e5c431
p:  955324.9034764841
5d5bcedd1698376029e5c439
p:  509819.0235204469
5d5bd0e61698376029e5c442
p:  538930.2748101521
5d5bd1481698376029e5c445
p:  240042.2733813728
5d5bd4a9fef2137f0ae5c410
p:  426867.00555558247
5d5bd7ccfef2137f0ae5c419
p:  252389.66007390514
5d5bd8fb20eee0a8ece5c449
p:  276895.744873069
5d5bd96ffef2137f0ae5c41f
p:  340698.79844168364
5d5bd9d8fef2137f0ae5c422
p:  314975.5193687924
5d5bda0920eee0a8ece5c44d
p:  332790.0221398996
5d5bdc65fef2137f0ae5c427
p:  254272.76453108178
5d5bdd2cfef2137f0ae5c42a
p:  450867.3127729667
5d5be1c71698376029e5c46a
p:  1243565.2107389534
5d5be47efef2137f0ae5c436
p:  250298.66731164412
5d5be67ffef2137f0ae5c439
p:  265626.55854961125
5d5bee4afef2137f0ae5c448
p:  233553.97232180048
5d5bf478fef2137f0ae5c45c
p:  399244.4433370228
5d5c05f71698376029e5c4cf
p:  430269.04366341745
Current date and time: 2020-06-08 15:34:10
Successfully connect to DB.
For ['Hawaii', 'Honolulu', 'Kalawao', 'Kauai', 'Maui']#################################################################
train score for random_forest: 0.9340835870534775
test score for random_forest: 0.45276102186954625
The mean absolute error is:$ 470912.60195999197
r_Score: 0.48053566029181605
Voting Regressor (in): 0.9417172247759152
Voting Regressor: 0.48053566029181605
5d5b3af08b72fedfd4e5c2b1
p:  395854.1212855935
5d5b3b86881b63c64be5c2b1
p:  1578848.7457762668
5d5b3bc22196bf1d25e5c2b2
p:  854141.9522877862
5d5b3bdf1698376029e5c2b1
p:  855077.6499757351
5d5b3be58b72fedfd4e5c2b2
p:  554727.5059248733
5d5b3beb446a107056e5c2b1
p:  806265.2478487035
5d5b3bf12196bf1d25e5c2b3
p:  605560.3666840869
5d5b3bfb1698376029e5c2b2
p:  629364.5965048178
5d5b3c2e446a107056e5c2b2
p:  1251662.312230913
5d5b3c412196bf1d25e5c2b4
p:  925050.0067996929
5d5b3c62cfde6e12e2e5c2b1
p:  1231964.7632644558
5d5b3cb934127e0275e5c2b3
p:  775506.2167140373
5d5b3cd4fef2137f0ae5c2b5
p:  441567.1725074635
5d5b3ce5fef2137f0ae5c2b6
p:  491579.29587469075
5d5b3d0734127e0275e5c2b4
p:  387534.4483261055
5d5b3d16446a107056e5c2b3
p:  1515885.1328308242
5d5b3d182196bf1d25e5c2b6
p:  2109233.810841619
5d5b3d28881b63c64be5c2b7
p:  626930.492432642
5d5b3d42446a107056e5c2b4
p:  891430.8489089299
5d5b3d4434127e0275e5c2b5
p:  857432.2440875532
5d5b3d9f1698376029e5c2b6
p:  1704372.0451777368
5d5b3ddb2196bf1d25e5c2b9
p:  815108.8334377211
5d5b3e0dcfde6e12e2e5c2b8
p:  408799.03163721354
5d5b3e281698376029e5c2b7
p:  798033.9872157462
5d5b3e531698376029e5c2b8
p:  674869.0235401959
5d5b3e6459564ad758e5c2b6
p:  561066.5590027678
5d5b3e82e90ad79342e5c2b6
p:  464414.07584523427
5d5b3ebb1698376029e5c2ba
p:  964369.6536190818
5d5b3ed259564ad758e5c2b7
p:  574330.4530744356
5d5b3ed92196bf1d25e5c2bb
p:  541796.90985242
5d5b3eeb8b72fedfd4e5c2b8
p:  509475.6751218238
5d5b3f7234127e0275e5c2b9
p:  357106.5521628213
5d5b3fa98b72fedfd4e5c2bb
p:  531745.0463803853
5d5b3fc9cfde6e12e2e5c2ba
p:  531745.0463803853
5d5b3fd925c3006712e5c2b8
p:  634726.0289387775
5d5b3ff125c3006712e5c2b9
p:  687934.0984974811
5d5b3ff959564ad758e5c2ba
p:  758406.4595398144
5d5b401f2196bf1d25e5c2be
p:  903131.0589538252
5d5b4066446a107056e5c2b6
p:  1650150.235838283
5d5b406a34127e0275e5c2ba
p:  622616.8435896527
5d5b40858b72fedfd4e5c2be
p:  642963.8274664271
5d5b408c446a107056e5c2b7
p:  2267782.013179387
5d5b408d2196bf1d25e5c2bf
p:  1944069.402983773
5d5b40d78b72fedfd4e5c2bf
p:  719741.7578967758
5d5b40e1446a107056e5c2b9
p:  891430.8489089299
5d5b410225c3006712e5c2ba
p:  564462.4500969092
5d5b410ccfde6e12e2e5c2bb
p:  719741.7578967758
5d5b411c25c3006712e5c2bb
p:  485720.07547182
5d5b411ffef2137f0ae5c2c0
p:  683594.2695311278
5d5b41368b72fedfd4e5c2c0
p:  311988.785244365
5d5b415fcfde6e12e2e5c2bc
p:  311988.785244365
5d5b417925c3006712e5c2bf
p:  1541156.446149759
5d5b418f25c3006712e5c2c0
p:  1038191.0234957277
5d5b41a4cfde6e12e2e5c2bd
p:  751678.4872416588
5d5b41b4fef2137f0ae5c2c4
p:  2186749.5787018193
5d5b41decfde6e12e2e5c2be
p:  318399.8063462308
5d5b425634127e0275e5c2bf
p:  426363.3327458021
5d5b426d881b63c64be5c2cc
p:  680457.1895248573
5d5b4295cfde6e12e2e5c2c2
p:  743442.2018026809
5d5b42b0fef2137f0ae5c2c5
p:  1004317.686192944
5d5b42d48b72fedfd4e5c2c2
p:  743442.2018026809
5d5b42e6446a107056e5c2bd
p:  829476.8143279608
5d5b42facfde6e12e2e5c2c3
p:  382576.3368268922
5d5b43011698376029e5c2bf
p:  406447.0274942317
5d5b43068b72fedfd4e5c2c3
p:  382576.3368268922
5d5b431f82996c93c6e5c2ce
p:  361149.5818808832
5d5b4339446a107056e5c2be
p:  1655254.287099563
5d5b435c446a107056e5c2bf
p:  2714955.9314483833
5d5b438834127e0275e5c2c5
p:  641085.7277588751
5d5b43c8fef2137f0ae5c2c7
p:  776296.4790824039
5d5b43e82b270e9e3ce5c2bf
p:  659621.4504360432
5d5b43f0446a107056e5c2c0
p:  1966611.8553088347
5d5b43fb8b72fedfd4e5c2c5
p:  863714.0991193061
5d5b442952f8045140e5c2cd
p:  2347044.7961630863
5d5b446ecfde6e12e2e5c2c7
p:  642963.8274664271
5d5b44721698376029e5c2c4
p:  418291.4839557073
5d5b44962196bf1d25e5c2c8
p:  1184366.4774568663
5d5b44c41698376029e5c2c9
p:  473547.43044992705
5d5b44da25c3006712e5c2d1
p:  1219443.3480287264
5d5b44e82196bf1d25e5c2cb
p:  541796.90985242
5d5b45331698376029e5c2d2
p:  374748.511130333
5d5b454d1698376029e5c2d5
p:  732243.0468188789
5d5b45561698376029e5c2d6
p:  551127.8926979973
5d5b455f1698376029e5c2d7
p:  1045392.4059883723
5d5b45711698376029e5c2d9
p:  1113504.3689208012
5d5b45942b270e9e3ce5c2c8
p:  751450.4796059972
5d5b45be82996c93c6e5c2d8
p:  1044048.4877491568
5d5b462134127e0275e5c2cb
p:  821618.6208844237
5d5b4622fef2137f0ae5c2cb
p:  692682.4601826632
5d5b4645cfde6e12e2e5c2cb
p:  414872.41212346795
5d5b46e652f8045140e5c2d7
p:  786883.8384143314
5d5b475efef2137f0ae5c2ce
p:  822389.0731602106
5d5b476952f8045140e5c2d9
p:  551834.4328237658
5d5b477a59564ad758e5c2cc
p:  986938.2185581797
5d5b478920eee0a8ece5c2c6
p:  779517.6634821461
5d5b479f446a107056e5c2c5
p:  695110.6732944279
5d5b47ab82996c93c6e5c2dd
p:  241349.3311434619
5d5b47cb1adaa97a9de5c2ba
p:  656727.6494559883
5d5b47f0fef2137f0ae5c2d0
p:  924412.2907588289
5d5b47f51adaa97a9de5c2bc
p:  483489.3934150025
5d5b47fb52f8045140e5c2db
p:  622350.797282498
5d5b48061698376029e5c2db
p:  816870.3788640817
5d5b481a52f8045140e5c2dc
p:  756452.9226854485
5d5b482a1698376029e5c2dc
p:  819533.4641781587
5d5b483e82996c93c6e5c2de
p:  818626.4569497916
5d5b48451698376029e5c2dd
p:  805865.5970590729
5d5b48811adaa97a9de5c2bf
p:  223593.48234812336
5d5b488e1698376029e5c2df
p:  689293.0043823011
5d5b4890fef2137f0ae5c2d1
p:  924412.2907588289
5d5b48ac1698376029e5c2e0
p:  855164.3540679668
5d5b48c02196bf1d25e5c2d6
p:  1384790.9731494528
5d5b49111adaa97a9de5c2c0
p:  138684.13559332566
5d5b491dfef2137f0ae5c2d3
p:  1584513.315477298
5d5b497f8b72fedfd4e5c2ce
p:  1049112.8193369885
5d5b49bccfde6e12e2e5c2d3
p:  1049112.8193369885
5d5b49fc52f8045140e5c2e1
p:  458684.1927713648
5d5b4a3fe90ad79342e5c2d4
p:  346580.9212422549
5d5b4a411698376029e5c2e9
p:  516518.3767289312
5d5b4a551698376029e5c2ea
p:  915415.9162151031
5d5b4a5a52f8045140e5c2e2
p:  896474.584862583
5d5b4a5ffef2137f0ae5c2d6
p:  420289.0735819568
5d5b4ab61698376029e5c2ed
p:  1681038.0286455047
5d5b4ac452f8045140e5c2e3
p:  417939.7129553399
5d5b4ac4fef2137f0ae5c2d7
p:  846758.0564220524
5d5b4ad32196bf1d25e5c2da
p:  767627.2809450205
5d5b4af8cfde6e12e2e5c2d9
p:  1105852.371863515
5d5b4b1efef2137f0ae5c2d9
p:  988857.1542444824
5d5b4b1f52f8045140e5c2e4
p:  610651.1066204921
5d5b4b28fef2137f0ae5c2da
p:  1116990.6227757682
5d5b4b451adaa97a9de5c2c5
p:  766623.535102861
5d5b4b48881b63c64be5c2df
p:  1016485.8433594668
5d5b4b618b72fedfd4e5c2d0
p:  746034.1573134655
5d5b4b6acfde6e12e2e5c2dc
p:  746034.1573134655
5d5b4ba98b72fedfd4e5c2d2
p:  447455.7431200942
5d5b4bd8446a107056e5c2cf
p:  1238710.5169639783
5d5b4bdc1698376029e5c2f2
p:  752854.4712424728
5d5b4c56fef2137f0ae5c2de
p:  390311.25107306766
5d5b4c961698376029e5c2f6
p:  668046.7928852477
5d5b4cc01adaa97a9de5c2c9
p:  362263.85467364785
5d5b4cf8cfde6e12e2e5c2de
p:  332492.5568825479
5d5b4d161adaa97a9de5c2ca
p:  471196.7855948664
5d5b4d681adaa97a9de5c2cb
p:  460606.2558965323
5d5b4d9525c3006712e5c2ec
p:  2004481.2073403317
5d5b4d9b1adaa97a9de5c2cc
p:  918337.1186855012
5d5b4da9e90ad79342e5c2df
p:  372800.0898036411
5d5b4dc334127e0275e5c2d8
p:  781426.9067345421
5d5b4dc8881b63c64be5c2e5
p:  437544.77225741785
5d5b4debfef2137f0ae5c2e0
p:  1218819.5687436806
5d5b4dfafef2137f0ae5c2e1
p:  986623.5868495737
5d5b4e0234127e0275e5c2d9
p:  785249.9002607279
5d5b4e20881b63c64be5c2e7
p:  662029.360067069
5d5b4e361698376029e5c2fc
p:  1479817.855200309
5d5b4ec152f8045140e5c2e7
p:  908286.8763170894
5d5b4f0734127e0275e5c2dc
p:  380899.3782020429
5d5b4f3ffef2137f0ae5c2e4
p:  1050759.1782000884
5d5b4f63fef2137f0ae5c2e5
p:  928322.2388408639
5d5b4f831698376029e5c2fe
p:  374605.31358874484
5d5b4fb31698376029e5c2ff
p:  761004.0243596018
5d5b4fd225c3006712e5c2f0
p:  1038336.1573811214
5d5b4fff881b63c64be5c2e9
p:  565387.1727964017
5d5b50811698376029e5c300
p:  677227.8103480547
5d5b50db446a107056e5c2d9
p:  271747.2881776576
5d5b512834127e0275e5c2e4
p:  387534.4483261055
5d5b513852f8045140e5c2e9
p:  899988.147362583
5d5b51451698376029e5c302
p:  669889.8793073716
5d5b514e34127e0275e5c2e5
p:  755671.718806533
5d5b5257446a107056e5c2db
p:  960896.4922095201
5d5b5284446a107056e5c2dc
p:  496493.0184982667
5d5b528f881b63c64be5c2ec
p:  469397.4300343573
5d5b52a2fef2137f0ae5c2e8
p:  317399.09373992245
5d5b53ab881b63c64be5c2f1
p:  317148.4538237476
5d5b53e61adaa97a9de5c2d1
p:  266422.47030904656
5d5b541b52f8045140e5c2f0
p:  270110.9885735261
5d5b545f59564ad758e5c2f4
p:  1552767.8035975243
5d5b54f62196bf1d25e5c2fa
p:  954110.4537143118
5d5b55491adaa97a9de5c2d2
p:  712446.178332197
5d5b555a1698376029e5c30b
p:  661968.690485414
5d5b557f1698376029e5c30c
p:  714796.9084696176
5d5b55982196bf1d25e5c2fc
p:  1176858.2630787482
5d5b55a252f8045140e5c2f5
p:  270110.9885735261
5d5b55c28b72fedfd4e5c2eb
p:  309909.4787593299
5d5b5628446a107056e5c2dd
p:  1097585.9246484556
5d5b56751698376029e5c311
p:  1087910.224993981
5d5b5687fef2137f0ae5c2ee
p:  992546.3431552561
5d5b5691cfde6e12e2e5c2f7
p:  942747.6525914508
5d5b5697cfde6e12e2e5c2f8
p:  372237.76589033124
5d5b56b51adaa97a9de5c2d6
p:  378346.29878283513
5d5b56d21adaa97a9de5c2d7
p:  385383.5420818826
5d5b574052f8045140e5c2f8
p:  385701.60915131995
5d5b576f1adaa97a9de5c2d9
p:  343940.27811926545
5d5b577952f8045140e5c2f9
p:  558925.1258400403
5d5b57b1fef2137f0ae5c2f0
p:  618103.7032308069
5d5b57ef34127e0275e5c2ee
p:  754119.9593504472
5d5b5852fef2137f0ae5c2f1
p:  926365.1074883628
5d5b58fa34127e0275e5c2f2
p:  750968.340419383
5d5b5938fef2137f0ae5c2f2
p:  1016336.5496969037
5d5b59772196bf1d25e5c303
p:  546795.8134932953
5d5b5992446a107056e5c2e6
p:  368914.31485064427
5d5b59bd1adaa97a9de5c2e1
p:  843599.926390157
5d5b59c1fef2137f0ae5c2f4
p:  940795.6732983473
5d5b59e41adaa97a9de5c2e2
p:  985644.9455422878
5d5b59ea52f8045140e5c2fb
p:  419873.0833992446
5d5b5a13fef2137f0ae5c2f5
p:  391896.1851527063
5d5b5a1e20eee0a8ece5c2f4
p:  847553.3191221913
5d5b5a7d52f8045140e5c2fc
p:  456696.29583951563
5d5b5a7ffef2137f0ae5c2f6
p:  973900.792379929
5d5b5a9b52f8045140e5c2fd
p:  811763.4411636626
5d5b5ae4fef2137f0ae5c2f8
p:  666097.791339906
5d5b5b22fef2137f0ae5c2f9
p:  946609.8370194319
5d5b5b68fef2137f0ae5c2fa
p:  987407.1956725487
5d5b5bbd1698376029e5c31d
p:  674647.1244662848
5d5b5bbecfde6e12e2e5c305
p:  1561875.285207946
5d5b5bc352f8045140e5c301
p:  1014988.9026270255
5d5b5bfc15a5c25cafe5c30c
p:  2978188.7091702945
5d5b5c0152f8045140e5c302
p:  4266080.853620904
5d5b5c10e90ad79342e5c2ff
p:  377831.81785977905
5d5b5c1c52f8045140e5c303
p:  556489.5599996164
5d5b5c4b20eee0a8ece5c2fb
p:  1123859.6651013084
5d5b5c9e52f8045140e5c304
p:  910879.7318614192
5d5b5cd3fef2137f0ae5c2fb
p:  1622247.3069412336
5d5b5ceb52f8045140e5c305
p:  334119.84405282105
5d5b5d0bfef2137f0ae5c2fc
p:  2268789.5012190207
5d5b5d102196bf1d25e5c30a
p:  1574877.4621457998
5d5b5d1852f8045140e5c306
p:  334119.84405282105
5d5b5d331698376029e5c324
p:  561478.4890437186
5d5b5d7b2196bf1d25e5c30c
p:  1148643.300735565
5d5b5d85fef2137f0ae5c2fd
p:  296809.4993853873
5d5b5d8c8b72fedfd4e5c301
p:  1934326.9175679586
5d5b5da252f8045140e5c307
p:  1125674.8249932192
5d5b5de2446a107056e5c2ef
p:  665425.3858311223
5d5b5e1c1698376029e5c329
p:  803329.2009455384
5d5b5e1e15a5c25cafe5c313
p:  644311.7785882261
5d5b5e2dfef2137f0ae5c301
p:  873118.626167556
5d5b5e84446a107056e5c2f3
p:  210212.30556029227
5d5b5edbfef2137f0ae5c302
p:  1037781.2982289582
5d5b5ee215a5c25cafe5c315
p:  991099.4494576217
5d5b5f1120eee0a8ece5c30f
p:  605342.7931618673
5d5b5f23446a107056e5c2f8
p:  483537.0369039243
5d5b5f43446a107056e5c2f9
p:  334682.2348751315
5d5b5f4fe90ad79342e5c304
p:  1466061.6151142316
5d5b5f508b72fedfd4e5c308
p:  274094.6449041567
5d5b5f502196bf1d25e5c310
p:  548706.895499235
5d5b5f62446a107056e5c2fa
p:  735160.7885429212
5d5b5f668b72fedfd4e5c309
p:  595627.3613571012
5d5b5f6d881b63c64be5c30d
p:  1139920.5477111964
5d5b5f8120eee0a8ece5c312
p:  775101.0290140611
5d5b5f908b72fedfd4e5c30a
p:  371395.2629814311
5d5b60172196bf1d25e5c315
p:  1689731.1758565912
5d5b606b20eee0a8ece5c319
p:  428444.3416539995
5d5b60abfef2137f0ae5c306
p:  489362.3841566452
5d5b60d72b270e9e3ce5c30d
p:  428256.96964090597
5d5b60e52b270e9e3ce5c30e
p:  268331.21823994507
5d5b60fe25c3006712e5c316
p:  394276.76256742445
5d5b61278b72fedfd4e5c30d
p:  566285.4144060165
5d5b621f15a5c25cafe5c31d
p:  1022203.1157767837
5d5b623b2b270e9e3ce5c312
p:  436483.55456171476
5d5b625acfde6e12e2e5c31c
p:  707831.9965479597
5d5b62622b270e9e3ce5c313
p:  255449.7037425861
5d5b62ee2196bf1d25e5c31a
p:  865771.5898614293
5d5b6317446a107056e5c303
p:  468283.09771990764
5d5b631d15a5c25cafe5c31f
p:  406756.3144193072
5d5b635452f8045140e5c30f
p:  599842.9178432857
5d5b6356e90ad79342e5c315
p:  62726.12371109214
5d5b637be90ad79342e5c316
p:  597529.4381376359
5d5b63938b72fedfd4e5c312
p:  702913.7760600669
5d5b63db34127e0275e5c300
p:  589769.2848585835
5d5b644d881b63c64be5c318
p:  391330.9705550238
5d5b646a52f8045140e5c311
p:  929861.8957839174
5d5b64ca1698376029e5c339
p:  527498.9353854852
5d5b65ab25c3006712e5c323
p:  754514.0798018444
5d5b661b15a5c25cafe5c325
p:  385557.53997787327
5d5b664efef2137f0ae5c310
p:  798374.507250794
5d5b665734127e0275e5c309
p:  652049.4995116983
5d5b668d1698376029e5c33c
p:  693422.351001509
5d5b66a7446a107056e5c30a
p:  1058989.3126254107
5d5b66c31698376029e5c33d
p:  300096.088257147
5d5b67a6fef2137f0ae5c313
p:  683594.2695311278
5d5b67ec8b72fedfd4e5c31a
p:  1168929.0517313918
5d5b67fffef2137f0ae5c314
p:  620206.4678327856
5d5b68d32196bf1d25e5c31d
p:  1484608.6929023124
5d5b691134127e0275e5c311
p:  685217.0509829208
5d5b6941e90ad79342e5c323
p:  208380.33247054374
5d5b69c015a5c25cafe5c330
p:  2060945.3443592752
5d5b69d834127e0275e5c313
p:  657890.3501263015
5d5b6a1d52f8045140e5c31d
p:  954011.4196686363
5d5b6a3e34127e0275e5c316
p:  523421.7035583418
5d5b6a6d446a107056e5c317
p:  365461.7628451328
5d5b6a79fef2137f0ae5c316
p:  2782638.8122643465
5d5b6b7515a5c25cafe5c336
p:  841135.4308227729
5d5b6be352f8045140e5c321
p:  775677.2881344294
5d5b6bee52f8045140e5c322
p:  599842.9178432857
5d5b6beffef2137f0ae5c31b
p:  1110231.7954372042
5d5b6d258b72fedfd4e5c327
p:  166771.77710362533
5d5b6d3f15a5c25cafe5c33c
p:  719331.999681724
5d5b6d4134127e0275e5c31b
p:  2606368.1690658983
5d5b6d4352f8045140e5c325
p:  417077.39142602484
5d5b6d46446a107056e5c31e
p:  538767.6350274112
5d5b6d6620eee0a8ece5c330
p:  660520.7822397458
5d5b6d8020eee0a8ece5c331
p:  909851.5358945034
5d5b6d83fef2137f0ae5c31e
p:  868206.514600765
5d5b6da515a5c25cafe5c33d
p:  1653245.740898236
5d5b6db252f8045140e5c327
p:  723190.4356007533
5d5b6e2934127e0275e5c31d
p:  885431.2424037654
5d5b6e6515a5c25cafe5c340
p:  969432.0506578737
5d5b6e7bfef2137f0ae5c321
p:  1991028.8517309402
5d5b6e8f1698376029e5c34c
p:  627626.3153329869
5d5b6e9ecfde6e12e2e5c368
p:  370961.7877785131
5d5b6ebdfef2137f0ae5c322
p:  692216.1461219926
5d5b6f611adaa97a9de5c316
p:  717599.2536140266
5d5b6f97fef2137f0ae5c323
p:  1290569.470778916
5d5b6fa515a5c25cafe5c342
p:  403207.68429295544
5d5b6fcafef2137f0ae5c324
p:  821238.3785476675
5d5b6fe0cfde6e12e2e5c370
p:  493775.9068262444
5d5b7027e90ad79342e5c32d
p:  313482.23688621365
5d5b702ccfde6e12e2e5c372
p:  187667.1273186002
5d5b7031fef2137f0ae5c325
p:  296809.4993853873
5d5b704b2196bf1d25e5c330
p:  449538.3078533704
5d5b7053cfde6e12e2e5c373
p:  860392.0042301794
5d5b707a2196bf1d25e5c331
p:  984770.2048021532
5d5b707acfde6e12e2e5c374
p:  777437.4723506549
5d5b70bb2196bf1d25e5c332
p:  444984.5086333869
5d5b70f4cfde6e12e2e5c377
p:  535855.0359176274
5d5b713f1698376029e5c34f
p:  195751.33540954092
5d5b7170881b63c64be5c32e
p:  707617.9871174609
5d5b717f1698376029e5c350
p:  501404.3381647964
5d5b71922b270e9e3ce5c334
p:  1268529.3344101608
5d5b71a1cfde6e12e2e5c37a
p:  298117.29235464666
5d5b71b415a5c25cafe5c343
p:  759820.7134278368
5d5b71b5fef2137f0ae5c326
p:  1373778.96888234
5d5b7206cfde6e12e2e5c37c
p:  1225615.0775527116
5d5b7207881b63c64be5c331
p:  208514.69941540645
5d5b721d34127e0275e5c324
p:  1557018.0302262448
5d5b7237fef2137f0ae5c329
p:  916107.7467123553
5d5b7252cfde6e12e2e5c37e
p:  267514.59158966097
5d5b7255881b63c64be5c332
p:  685553.8212861511
5d5b7278cfde6e12e2e5c37f
p:  300362.06588139106
5d5b72908b72fedfd4e5c335
p:  226422.2099181217
5d5b72a120eee0a8ece5c33a
p:  622469.185671013
5d5b731dcfde6e12e2e5c383
p:  296371.3546800527
5d5b732f881b63c64be5c336
p:  429042.1484288629
5d5b734620eee0a8ece5c33c
p:  281013.5023801365
5d5b7369cfde6e12e2e5c385
p:  187667.1273186002
5d5b736e82996c93c6e5c33a
p:  265772.09372243506
5d5b737d8b72fedfd4e5c336
p:  1286013.354539171
5d5b738ce90ad79342e5c338
p:  404003.643798624
5d5b73b02b270e9e3ce5c337
p:  937222.8041876026
5d5b73b28b72fedfd4e5c337
p:  335768.46847762493
5d5b73c1cfde6e12e2e5c387
p:  292380.66198204365
5d5b742234127e0275e5c327
p:  672180.1873161639
5d5b744520eee0a8ece5c33e
p:  832153.7141663093
5d5b74a382996c93c6e5c33c
p:  626575.4187789499
5d5b74d5cfde6e12e2e5c38e
p:  296550.8020188228
5d5b74e182996c93c6e5c33d
p:  357440.0354167258
5d5b74fd20eee0a8ece5c340
p:  928878.0970141389
5d5b75312196bf1d25e5c33c
p:  610995.8318844147
5d5b75622b270e9e3ce5c33a
p:  391176.81718142156
5d5b75b9cfde6e12e2e5c394
p:  354650.2149450508
5d5b75bc20eee0a8ece5c342
p:  794305.3997955886
5d5b75ca34127e0275e5c32a
p:  382416.0924529785
5d5b76602b270e9e3ce5c33c
p:  332199.1328670357
5d5b767820eee0a8ece5c343
p:  793041.5184885776
5d5b769720eee0a8ece5c344
p:  651675.1341545375
5d5b769be90ad79342e5c33d
p:  350025.5412691417
5d5b76b720eee0a8ece5c345
p:  673060.1453308165
5d5b76c8446a107056e5c330
p:  335225.4256270806
5d5b773ee90ad79342e5c341
p:  263630.67371850903
5d5b7744881b63c64be5c339
p:  563079.2692239974
5d5b7778cfde6e12e2e5c39f
p:  552079.8754692744
5d5b779bfef2137f0ae5c32f
p:  1113099.8133702166
5d5b779c52f8045140e5c33b
p:  402775.29149375355
5d5b77b22b270e9e3ce5c33e
p:  4567849.268964533
5d5b77ca52f8045140e5c33d
p:  1357208.1732580676
5d5b77d282996c93c6e5c344
p:  548866.1125214631
5d5b77ec82996c93c6e5c345
p:  470211.91668497195
5d5b781882996c93c6e5c346
p:  575603.2666202597
5d5b781bcfde6e12e2e5c3a3
p:  973124.2859219532
5d5b782352f8045140e5c33e
p:  879825.9661407738
5d5b7840fef2137f0ae5c332
p:  849575.7389975342
5d5b786a20eee0a8ece5c349
p:  415672.0774418077
5d5b7872fef2137f0ae5c333
p:  459988.7509933243
5d5b789152f8045140e5c33f
p:  1105505.8523242124
5d5b789282996c93c6e5c347
p:  265772.09372243506
5d5b78be82996c93c6e5c348
p:  258721.8058531141
5d5b78c152f8045140e5c341
p:  845095.5030048292
5d5b78c1cfde6e12e2e5c3a7
p:  933463.8069306524
5d5b79041698376029e5c363
p:  1070921.341810572
5d5b790fcfde6e12e2e5c3a9
p:  617108.9599290788
5d5b7910fef2137f0ae5c335
p:  1017593.1776285861
5d5b791782996c93c6e5c349
p:  320878.3037577247
5d5b79242b270e9e3ce5c341
p:  466124.21879389783
5d5b792f881b63c64be5c33d
p:  465556.4283738736
5d5b79651698376029e5c364
p:  366902.41426789714
5d5b79abcfde6e12e2e5c3ad
p:  1760576.4961599708
5d5b79bffef2137f0ae5c339
p:  425539.10159641824
5d5b79c21adaa97a9de5c326
p:  207212.7767511516
5d5b79c9e90ad79342e5c346
p:  790616.9220482719
5d5b79d9e90ad79342e5c347
p:  204093.633962601
5d5b7a0d8b72fedfd4e5c349
p:  284730.8298393388
5d5b7a10e90ad79342e5c348
p:  192107.94720658037
5d5b7a191698376029e5c367
p:  250033.83443906964
5d5b7a48cfde6e12e2e5c3b1
p:  362602.2858134171
5d5b7a5b20eee0a8ece5c34b
p:  675283.0663211124
5d5b7a628b72fedfd4e5c34a
p:  670466.3710802889
5d5b7abfe90ad79342e5c349
p:  296116.3739363699
5d5b7ac520eee0a8ece5c34c
p:  1674295.1004104218
5d5b7b1fcfde6e12e2e5c3b6
p:  826762.1047075987
5d5b7b24e90ad79342e5c34b
p:  292181.55087179283
5d5b7b45cfde6e12e2e5c3b7
p:  723067.9130534542
5d5b7b5ce90ad79342e5c34c
p:  199613.61663904478
5d5b7b662196bf1d25e5c347
p:  2322233.6263080006
5d5b7b71cfde6e12e2e5c3b8
p:  673601.3787909129
5d5b7b9820eee0a8ece5c34f
p:  453600.4111724859
5d5b7b98cfde6e12e2e5c3b9
p:  513355.12565882003
5d5b7bbfcfde6e12e2e5c3ba
p:  399727.8795634171
5d5b7bc4fef2137f0ae5c33e
p:  986623.5868495737
5d5b7bda20eee0a8ece5c352
p:  910344.1889670979
5d5b7bec20eee0a8ece5c353
p:  839821.799189811
5d5b7c0052f8045140e5c349
p:  299504.4106314201
5d5b7c0fcfde6e12e2e5c3bc
p:  603785.278268774
5d5b7c4a20eee0a8ece5c357
p:  369854.3066727207
5d5b7c4c2196bf1d25e5c34a
p:  509918.44598414283
5d5b7c5c20eee0a8ece5c358
p:  416181.37685763615
5d5b7c5ccfde6e12e2e5c3be
p:  832517.4839210592
5d5b7c6e881b63c64be5c341
p:  372690.597281493
5d5b7c8920eee0a8ece5c359
p:  539306.4909018119
5d5b7ca3fef2137f0ae5c340
p:  1642705.376234613
5d5b7ca720eee0a8ece5c35a
p:  636277.9219912359
5d5b7cbd20eee0a8ece5c35b
p:  623043.6901392078
5d5b7cbe881b63c64be5c342
p:  517982.7419790468
5d5b7cd152f8045140e5c34a
p:  874848.7005074082
5d5b7cd3cfde6e12e2e5c3c1
p:  399985.28990309814
5d5b7d0c82996c93c6e5c351
p:  548866.1125214631
5d5b7d4f20eee0a8ece5c35f
p:  427406.28375547624
5d5b7d5b82996c93c6e5c352
p:  924050.0070620414
5d5b7d8482996c93c6e5c353
p:  771425.9198141955
5d5b7dc334127e0275e5c336
p:  687156.7133933598
5d5b7dcafef2137f0ae5c342
p:  365833.144548423
5d5b7e2820eee0a8ece5c365
p:  322664.2005738572
5d5b7e2d446a107056e5c34a
p:  1084439.8372772234
5d5b7e6634127e0275e5c338
p:  846901.4327284278
5d5b7ea0fef2137f0ae5c344
p:  446892.5629416853
5d5b7eaa82996c93c6e5c357
p:  728999.0694192875
5d5b7ece82996c93c6e5c358
p:  573991.0121130638
5d5b7edb34127e0275e5c339
p:  912363.7095636956
5d5b7ef182996c93c6e5c359
p:  488050.01822231885
5d5b7f3a881b63c64be5c34b
p:  372690.597281493
5d5b7f7282996c93c6e5c35c
p:  634712.8664860387
5d5b7f88446a107056e5c34f
p:  675815.221216846
5d5b7fc3446a107056e5c350
p:  257588.0179862312
5d5b7fd3fef2137f0ae5c34a
p:  1139780.0796813513
5d5b7fd820eee0a8ece5c36a
p:  724361.2710207943
5d5b800dfef2137f0ae5c34c
p:  899962.1641145293
5d5b801dfef2137f0ae5c34d
p:  837682.2412044674
5d5b809559564ad758e5c35c
p:  272321.8385881472
5d5b80ea34127e0275e5c340
p:  578038.8766641435
5d5b80f020eee0a8ece5c36e
p:  267280.27530525695
5d5b80f5881b63c64be5c356
p:  469116.1892515488
5d5b811e59564ad758e5c35e
p:  425122.4439027321
5d5b812a20eee0a8ece5c36f
p:  688077.7738113102
5d5b816c881b63c64be5c359
p:  652654.6882180406
5d5b8192881b63c64be5c35a
p:  607931.6698547009
5d5b819bfef2137f0ae5c355
p:  743371.3217018996
5d5b81b920eee0a8ece5c371
p:  772031.9043839606
5d5b81e1881b63c64be5c35c
p:  2179010.919126454
5d5b81e1fef2137f0ae5c356
p:  489362.3841566452
5d5b81ea59564ad758e5c361
p:  944139.9567993914
5d5b826a446a107056e5c357
p:  554300.6585646085
5d5b82b6446a107056e5c358
p:  289009.9683347718
5d5b82bc82996c93c6e5c362
p:  396135.29917509074
5d5b8300446a107056e5c35a
p:  799161.4957242205
5d5b831e446a107056e5c35b
p:  376331.2378468144
5d5b836b20eee0a8ece5c375
p:  335952.06965921354
5d5b836f446a107056e5c35d
p:  377719.3425371056
5d5b837b34127e0275e5c342
p:  381741.00849027105
5d5b83861698376029e5c37d
p:  1360121.193314678
5d5b83a359564ad758e5c365
p:  1129519.2388122927
5d5b83c059564ad758e5c366
p:  272321.8385881472
5d5b83c5446a107056e5c35e
p:  377719.3425371056
5d5b83e18b72fedfd4e5c35f
p:  276303.19053344696
5d5b842925c3006712e5c36f
p:  1198704.811868133
5d5b842e881b63c64be5c36a
p:  492356.05485559365
5d5b845034127e0275e5c345
p:  706368.5650049308
5d5b84732b270e9e3ce5c35c
p:  643696.0411157698
5d5b84ae34127e0275e5c348
p:  417266.04436388443
5d5b84de34127e0275e5c34a
p:  387534.4483261055
5d5b850e1698376029e5c381
p:  656349.5777382837
5d5b85182b270e9e3ce5c35d
p:  702484.4214380851
5d5b8525fef2137f0ae5c35b
p:  1620413.6231802688
5d5b856852f8045140e5c356
p:  511105.37798404146
5d5b858f52f8045140e5c357
p:  597025.9533923632
5d5b85c91adaa97a9de5c33e
p:  523825.35738079774
5d5b85ce59564ad758e5c36d
p:  396111.87135825155
5d5b85d820eee0a8ece5c37d
p:  772031.9043839606
5d5b8673fef2137f0ae5c35f
p:  570647.3365765057
5d5b868815a5c25cafe5c38d
p:  2134311.406707895
5d5b86a78b72fedfd4e5c365
p:  663326.8499365821
5d5b86ad34127e0275e5c351
p:  885431.2424037654
5d5b86b41adaa97a9de5c33f
p:  598848.2448265336
5d5b86dc1adaa97a9de5c340
p:  501746.0866381725
5d5b86f78b72fedfd4e5c369
p:  394552.35199929145
5d5b87011adaa97a9de5c341
p:  571726.2588348258
5d5b870b446a107056e5c368
p:  806121.1623715088
5d5b871f1698376029e5c382
p:  244573.4812102444
5d5b876559564ad758e5c373
p:  684343.1972320614
5d5b87778b72fedfd4e5c36a
p:  523960.0714931853
5d5b87b68b72fedfd4e5c36b
p:  256882.11531531194
5d5b87b9446a107056e5c369
p:  899192.3870920625
5d5b87cf82996c93c6e5c369
p:  273642.28645377525
5d5b87e0fef2137f0ae5c363
p:  1774580.6588131743
5d5b87fb52f8045140e5c35a
p:  194467