Current date and time: 2020-06-07 15:34:20
Successfully connect to DB.
For ['Boone', 'Calhoun', 'Carroll', 'Dallas', 'Greene', 'Grundy', 'Hamilton', 'Hardin', 'Jasper', 'Marshall', 'Polk', 'Poweshiek', 'Story', 'Tama', 'Warren', 'Webster']#################################################################
train score for random_forest: 0.9489904176300599
test score for random_forest: 0.5517005981232754
The mean absolute error is:$ 74457.37334676272
r_Score: 0.5888859541989393
Voting Regressor (in): 0.9483121995701076
Voting Regressor: 0.5888859541989393
5d0d23bd43207cb60914adac
p:  185263.58459295094
5d1c3acd02e1f427a5efbd00
p:  252080.7936969038
5d2b336447cfe46363877b67
p:  94503.97933356272
5d2e2dc9b39b58f1d2167d03
p:  284553.4045345922
5d30d25e63d3944b03e023c5
p:  214991.91518280382
5d30d260012f1461cee023c5
p:  212297.18359512693
5d30fba2a75b1a18d6a64d2a
p:  146746.94737067498
5d30fbafa75b1a18d6a64d2b
p:  137303.90116553567
5d30fc032791551558a64d2a
p:  156977.78845081438
5d30fcb774ea9a1999a64d2d
p:  86783.40173933408
5d30fcd8670cfa09f3a64d30
p:  270413.4692270857
5d30fd4b73aae9fbe8a64d31
p:  121956.81290441239
5d30fd64a4c5012bc3a64d30
p:  145470.83428353086
5d30fe11eba6e6f463a64d34
p:  382191.55733231746
5d30fe4feba6e6f463a64d36
p:  267565.3091481199
5d30fe9ceba6e6f463a64d38
p:  228492.60380174045
5d30fec712ec52713aa64d33
p:  192213.79610119082
5d30ff39e433f8b938a64d35
p:  242089.1604594069
5d30ff73e433f8b938a64d37
p:  169392.35240089468
5d30ffc7a75b1a18d6a64d2f
p:  160862.1229960444
5d30ffe5eba6e6f463a64d39
p:  188174.50150260207
5d310051670cfa09f3a64d36
p:  245032.03434810898
5d3100e3a75b1a18d6a64d31
p:  108782.47913465524
5d3100e9a75b1a18d6a64d32
p:  160862.1229960444
5d31010fa4c5012bc3a64d39
p:  134217.71856460764
5d3101aa2791551558a64d4c
p:  444797.55286243535
5d310271eba6e6f463a64d40
p:  150537.57449194297
5d31037374ea9a1999a64d46
p:  81875.46894803185
5d31039990dd967526a64d3c
p:  98944.38187399066
5d310439eba6e6f463a64d48
p:  235240.1447357817
5d31044beba6e6f463a64d49
p:  196184.29801428795
5d31046dd708b0a3d0a64d36
p:  99314.52249019966
5d3104c8a75b1a18d6a64d3a
p:  145121.55905954793
5d3104fea75b1a18d6a64d3c
p:  127258.09421579793
5d310512670cfa09f3a64d42
p:  309671.14989196195
5d310522a75b1a18d6a64d3d
p:  643770.3568333036
5d31059574ea9a1999a64d52
p:  125280.79925614224
5d3105fa73aae9fbe8a64d4d
p:  125076.42370977404
5d310609670cfa09f3a64d45
p:  130146.96771426161
5d31066deba6e6f463a64d4f
p:  299854.4155380374
5d3106832a01edefcba64d4a
p:  255694.10307831716
5d310756eba6e6f463a64d51
p:  172995.79397175915
5d3107c5d708b0a3d0a64d3f
p:  179241.13706238093
5d31080874ea9a1999a64d5f
p:  162589.89283214964
5d310819d708b0a3d0a64d41
p:  119490.17163106374
5d310836d708b0a3d0a64d42
p:  132860.42364126217
5d31089bd708b0a3d0a64d45
p:  228641.91816153564
5d31096deba6e6f463a64d56
p:  151218.34900283907
5d31098b90dd967526a64d4d
p:  1077132.312511522
5d310ae5670cfa09f3a64d48
p:  181035.11970848072
5d310b0cd53b284506a64d5e
p:  254168.32219410274
5d310b19a75b1a18d6a64d4b
p:  127258.09421579793
5d310c33a75b1a18d6a64d50
p:  188778.51876830062
5d310cd373aae9fbe8a64d5a
p:  125076.42370977404
5d310d0e90dd967526a64d56
p:  187591.3587223681
5d310d6cd53b284506a64d6b
p:  261944.05764729693
5d310e8974ea9a1999a64d82
p:  87102.39654864544
5d310f0ea4c5012bc3a64d59
p:  286826.4242910029
5d3110572791551558a64dcc
p:  197753.59744263333
5d31108400c1d728c5a64d5c
p:  226368.5308502408
5d3110858d6d36f6c2a64d67
p:  174894.6914792906
5d31109c670cfa09f3a64d4d
p:  168063.91596411954
5d3111792791551558a64dd6
p:  111989.48884955425
5d3111b7d708b0a3d0a64d5e
p:  118001.66354362393
5d3111faeba6e6f463a64d66
p:  249621.55674952338
5d3112f9a75b1a18d6a64d55
p:  825912.0776933704
5d31131ca75b1a18d6a64d56
p:  661865.5906655688
5d31135aa75b1a18d6a64d58
p:  132408.85991460344
5d3113cee42bb968dea64d4b
p:  202514.52675153862
5d311431a4c5012bc3a64d64
p:  135052.16345562355
5d31145f90dd967526a64d65
p:  187298.6450494371
5d31154da75b1a18d6a64d5d
p:  191748.0858433802
5d31155feba6e6f463a64d6e
p:  251711.06229907533
5d31157474ea9a1999a64d90
p:  143668.71828268247
5d311584670cfa09f3a64d59
p:  137053.62298769428
5d31159290dd967526a64d69
p:  164616.7983117022
5d3115a6670cfa09f3a64d5a
p:  246066.12900927578
5d3115b990dd967526a64d6a
p:  239938.46973538332
5d3115c073aae9fbe8a64d69
p:  217168.37770436745
5d31165590dd967526a64d6d
p:  444270.22135804227
5d31166d90dd967526a64d6e
p:  239938.46973538332
5d3116c112ec52713aa64d5f
p:  298415.368360867
5d3116f812ec52713aa64d60
p:  140775.92828312726
5d311722a75b1a18d6a64d5f
p:  306474.8142948082
5d31172912ec52713aa64d61
p:  122419.77758480975
5d311751a75b1a18d6a64d60
p:  127561.35383514568
5d31180da75b1a18d6a64d64
p:  144585.70502996643
5d31190700c1d728c5a64d65
p:  85350.96008416664
5d31191fa75b1a18d6a64d69
p:  170382.11526735756
5d311984d708b0a3d0a64d77
p:  184477.23035851558
5d3119e0a75b1a18d6a64d6d
p:  148389.46342962387
5d3119fd90dd967526a64d74
p:  240964.60036737358
5d311ba1d708b0a3d0a64d7c
p:  128078.99614165432
5d311c018d6d36f6c2a64d78
p:  86562.00201304254
5d311c20d708b0a3d0a64d7d
p:  206905.70045394718
5d311c9beba6e6f463a64d80
p:  390154.88238911994
5d311cb612ec52713aa64d66
p:  409128.0778885575
5d311d1bbcb3016c7aa64d72
p:  128135.69072628027
5d311d33670cfa09f3a64d65
p:  163364.01258662553
5d311d4ca75b1a18d6a64d6f
p:  304788.5104564262
5d311d5ca75b1a18d6a64d70
p:  133069.18912313256
5d311e0cd53b284506a64db0
p:  295486.24543169845
5d311e15d708b0a3d0a64d83
p:  386305.5413097886
5d311eadd708b0a3d0a64d86
p:  255032.3324176015
5d311faa00c1d728c5a64d6c
p:  85350.96008416664
5d311fb7eba6e6f463a64d89
p:  173195.50313691865
5d31200ca75b1a18d6a64d79
p:  127258.09421579793
5d312204670cfa09f3a64d6a
p:  136579.7352648147
5d312207a75b1a18d6a64d7e
p:  127258.09421579793
5d312236670cfa09f3a64d6b
p:  653165.0684195291
5d3122bda75b1a18d6a64d7f
p:  160862.1229960444
5d312366bcb3016c7aa64d7e
p:  147185.9918806045
5d31240673aae9fbe8a64e01
p:  262901.89048530266
5d31240e670cfa09f3a64d6c
p:  141553.22443183267
5d312461a4c5012bc3a64d82
p:  169048.51504737465
5d31247873aae9fbe8a64e03
p:  214119.79483697703
5d3124a82a01edefcba64d84
p:  283609.94817226485
5d312612a75b1a18d6a64d84
p:  254617.72903902672
5d31266be42bb968dea64d7a
p:  114864.48648413987
5d312672a75b1a18d6a64d86
p:  119426.52646475288
5d31267f2a01edefcba64d8c
p:  187403.26022893738
5d3126a612ec52713aa64d7d
p:  263254.4816544407
5d3126fef2d40d0798a64d8c
p:  154453.14528297924
5d3127032a01edefcba64d8e
p:  327406.42951376736
5d312704e433f8b938a64d81
p:  194248.79576520534
5d3127298d6d36f6c2a64d8a
p:  119578.72969219423
5d312738e42bb968dea64d7b
p:  155729.16320228862
5d31276e2791551558a64e15
p:  158759.27687375483
5d31279d2791551558a64e16
p:  177629.21330478461
5d3128862a01edefcba64d91
p:  268017.14017164113
5d31289d2a01edefcba64d92
p:  167218.91253028536
5d3128af670cfa09f3a64d75
p:  128057.9460058718
5d3128eea75b1a18d6a64d8d
p:  121684.91798410047
5d3128f4a75b1a18d6a64d8e
p:  134919.74959552556
5d31298c2a01edefcba64d94
p:  393096.0932739762
5d312a74a4c5012bc3a64d8a
p:  382332.0838458545
5d312ab72791551558a64e19
p:  115596.07458069363
5d312ac700c1d728c5a64d83
p:  140508.1201460642
5d312b36f245d5d13ba64d88
p:  183674.84776870185
5d312b892a01edefcba64d9a
p:  293064.9074303729
5d312b8fbcb3016c7aa64d86
p:  230265.06986258796
5d312b902791551558a64e1a
p:  175378.66556692423
5d312b92a75b1a18d6a64d92
p:  115608.24924163762
5d312b95e433f8b938a64d88
p:  164137.36826864898
5d312c498d6d36f6c2a64d95
p:  107306.19574754385
5d312c4a74ea9a1999a64db6
p:  134873.11793278452
5d312c5af245d5d13ba64d8c
p:  286318.956570088
5d312d2dd53b284506a64de0
p:  128329.54273716584
5d312d61bcb3016c7aa64d8a
p:  129256.07725220591
5d312d8f2a01edefcba64d9c
p:  126906.22467886496
5d312dcabcb3016c7aa64d8d
p:  192753.91471032886
5d312ddb8d6d36f6c2a64d96
p:  106240.91061059285
5d312de12791551558a64e1c
p:  127899.42301438191
5d312e0074ea9a1999a64dba
p:  186130.89787939034
5d312e01f245d5d13ba64d90
p:  191594.0289866134
5d312e242a01edefcba64d9e
p:  147943.5077642735
5d312e7073aae9fbe8a64e12
p:  323495.913653704
5d312eada75b1a18d6a64d99
p:  197646.74585897388
5d312f17a75b1a18d6a64d9b
p:  163096.31396927946
5d312f258d6d36f6c2a64d9a
p:  102158.54107638943
5d312f3a00c1d728c5a64d87
p:  186249.08913848054
5d312f7f73aae9fbe8a64e15
p:  328241.2064860573
5d31302bf245d5d13ba64d94
p:  248893.6126820945
5d31304b2791551558a64e20
p:  178997.30370948085
5d313086eba6e6f463a64d9f
p:  115819.80756246203
5d313087670cfa09f3a64d81
p:  189276.93965944884
5d31309aa75b1a18d6a64d9c
p:  99684.17473913985
5d3130aca75b1a18d6a64d9d
p:  217600.13182537927
5d3130af74ea9a1999a64dbf
p:  100291.70379499355
5d3130cb2a01edefcba64da0
p:  327468.71409395844
5d313132e42bb968dea64d88
p:  161133.46920150367
5d31316a74ea9a1999a64dc0
p:  183136.24254782894
5d31317de42bb968dea64d89
p:  278609.4975145553
5d31320b12ec52713aa64d98
p:  387044.64700304484
5d31321774ea9a1999a64dc2
p:  127356.63524869052
5d31326074ea9a1999a64dc3
p:  138924.9337890931
5d31326812ec52713aa64d9a
p:  309544.4994061078
5d3132912791551558a64e26
p:  190475.43392991315
5d3132dca4c5012bc3a64d9c
p:  144664.67091595556
5d313330bcb3016c7aa64d99
p:  256741.11014535557
5d31337400c1d728c5a64d8e
p:  114766.89667801751
5d3133c8e42bb968dea64d90
p:  178148.4795303732
5d3133fb670cfa09f3a64d8b
p:  135742.06078415186
5d313439d53b284506a64de6
p:  176918.46450862795
5d313447670cfa09f3a64d8d
p:  200281.05867367936
5d3135032a01edefcba64da6
p:  315501.3094631194
5d31359d74ea9a1999a64dc7
p:  146646.44071837052
5d3135c82a01edefcba64da7
p:  298084.66118364746
5d31360712ec52713aa64da2
p:  380818.0746811502
5d31362df245d5d13ba64d9f
p:  327869.4343315227
5d3136478d6d36f6c2a64da4
p:  109730.7749430897
5d313659670cfa09f3a64d90
p:  309986.0303204483
5d31367b670cfa09f3a64d91
p:  309986.0303204483
5d31368112ec52713aa64da3
p:  380818.0746811502
5d31373712ec52713aa64da4
p:  380818.0746811502
5d313781dd3bc15673a64daf
p:  119263.46710488907
5d3137c1d53b284506a64def
p:  149931.1961013064
5d3137f290dd967526a64db0
p:  128928.59596620144
5d313800a75b1a18d6a64da8
p:  378340.8865044776
5d31380174ea9a1999a64dca
p:  142153.39306119052
5d31380300c1d728c5a64d90
p:  114744.08712487736
5d31384800c1d728c5a64d96
p:  190251.06749295862
5d31386400c1d728c5a64d98
p:  157674.64316505834
5d31388c670cfa09f3a64d99
p:  186828.25282370826
5d3138a174ea9a1999a64dcd
p:  131921.10810380537
5d31392ca75b1a18d6a64dac
p:  189528.44885659515
5d31395abcb3016c7aa64da2
p:  149676.17432116676
5d31399a2a01edefcba64dab
p:  281267.73139794543
5d313a00a75b1a18d6a64dae
p:  219520.93441222128
5d313a1112ec52713aa64dac
p:  288689.8754280825
5d313a37dd3bc15673a64db2
p:  331409.63296747743
5d313a3fbcb3016c7aa64da4
p:  107995.4986986056
5d313a408d6d36f6c2a64da6
p:  119408.2087743093
5d313a4274ea9a1999a64dce
p:  138981.744734236
5d313a5573aae9fbe8a64e34
p:  336128.1763495188
5d313a6ba75b1a18d6a64daf
p:  405455.1061223879
5d313a82e42bb968dea64d97
p:  128940.49235567797
5d313a9600c1d728c5a64daf
p:  221563.71436318452
5d313aa6e42bb968dea64d98
p:  194426.5671679933
5d313aaf73aae9fbe8a64e35
p:  329874.03899441985
5d313ac9e42bb968dea64d99
p:  143807.82754125068
5d313adf74ea9a1999a64dd0
p:  123436.5243126668
5d313af5a75b1a18d6a64db1
p:  191403.1730225944
5d313b1fd708b0a3d0a64db5
p:  240887.7167632159
5d313b278d6d36f6c2a64da9
p:  375623.63981306535
5d313b2ca4c5012bc3a64da9
p:  113684.88116795153
5d313b372791551558a64e37
p:  149602.68476531113
5d313b922a01edefcba64daf
p:  305904.9260974813
5d313b992791551558a64e39
p:  192049.36919635726
5d313ba7bcb3016c7aa64da8
p:  138717.0361847431
5d313baef245d5d13ba64da3
p:  300815.14422124915
5d313bdce42bb968dea64d9d
p:  119839.81575515347
5d313cb9eba6e6f463a64db5
p:  106315.50345766006
5d313cba74ea9a1999a64dd2
p:  108687.72990490004
5d313cd974ea9a1999a64dd3
p:  148284.95518815191
5d313cf174ea9a1999a64dd4
p:  158376.72711430205
5d313d04f245d5d13ba64da6
p:  458054.2969771972
5d313d2ddd3bc15673a64db5
p:  119975.00448026694
5d313d4d73aae9fbe8a64e39
p:  251323.47572121792
5d313d58a75b1a18d6a64db5
p:  126487.55139252033
5d313d73dd3bc15673a64db6
p:  126487.55139252033
5d313d7c73aae9fbe8a64e3a
p:  371728.28110428515
5d313dbbd708b0a3d0a64dbe
p:  270519.9121024369
5d313e362a01edefcba64db4
p:  320542.04759279557
5d313e5ea75b1a18d6a64db9
p:  99349.23519546713
5d313e66e42bb968dea64da4
p:  131386.0870677137
5d313e82dd3bc15673a64db8
p:  99349.23519546713
5d313eb2f2d40d0798a64db4
p:  128719.33270142693
5d313ec4d708b0a3d0a64dc3
p:  382304.1101679791
5d313f102a01edefcba64db6
p:  296724.0068365868
5d313f2bf2d40d0798a64db7
p:  230014.01853581233
5d313f8cdd3bc15673a64dba
p:  133774.3291863623
5d313f90d708b0a3d0a64dc5
p:  280544.3379922402
5d313feae433f8b938a64db9
p:  228332.03490071604
5d31406f00c1d728c5a64dba
p:  155831.62563512038
5d3140c300c1d728c5a64dbf
p:  196713.3231627547
5d3140f0f245d5d13ba64dad
p:  191594.0289866134
5d3141b0d708b0a3d0a64dc8
p:  334720.8869495083
5d314206a75b1a18d6a64dc3
p:  130391.96057800748
5d314225a75b1a18d6a64dc4
p:  182791.45021878113
5d314259bcb3016c7aa64db3
p:  119273.65411003745
5d314357670cfa09f3a64da8
p:  261397.39385121496
5d314391a75b1a18d6a64dc8
p:  102276.37369779778
5d3143cf73aae9fbe8a64e3d
p:  291960.68097226403
5d31443112ec52713aa64dbb
p:  156144.24462670818
5d3144bc2a01edefcba64dc5
p:  392979.82442166
5d3144e22a01edefcba64dc8
p:  337351.9670293803
5d3144e8dd3bc15673a64dc6
p:  132885.09465267207
5d31450fdd3bc15673a64dc8
p:  101689.42572814117
5d314512f245d5d13ba64db1
p:  340785.3238411526
5d314524dd3bc15673a64dc9
p:  225300.8963527761
5d3145aa73aae9fbe8a64e3f
p:  219760.30225773068
5d3145ecd53b284506a64e0b
p:  120856.89783296704
5d3145f9e42bb968dea64db0
p:  145013.53976324882
5d3146b174ea9a1999a64de1
p:  159170.9497572926
5d3146c674ea9a1999a64de2
p:  120662.39421221863
5d314808f245d5d13ba64db8
p:  286726.73877720314
5d314813f2d40d0798a64dcf
p:  122644.56886464877
5d31483b73aae9fbe8a64e44
p:  257410.53147744367
5d3148ab73aae9fbe8a64e46
p:  243565.77638099057
5d3148d0670cfa09f3a64db0
p:  238132.39580252673
5d314980f2d40d0798a64dd1
p:  268184.9931325532
5d3149bb74ea9a1999a64de9
p:  101125.86465562499
5d3149def245d5d13ba64dbd
p:  180057.0063488197
5d314a01f245d5d13ba64dbe
p:  316153.37367449596
5d314adb73aae9fbe8a64e4d
p:  287511.26764576184
5d314b18670cfa09f3a64db7
p:  383367.0488864964
5d314b63670cfa09f3a64db8
p:  149505.59051384398
5d314b8a670cfa09f3a64db9
p:  159887.00577959532
5d314cb3d708b0a3d0a64dd2
p:  191487.4830661855
5d314db300c1d728c5a64dd6
p:  125438.27711034058
5d314e5612ec52713aa64dcd
p:  380818.0746811502
5d314f552791551558a64e4e
p:  484671.50370810396
5d3150fc73aae9fbe8a64e56
p:  167989.4131570556
5d31516073aae9fbe8a64e57
p:  246639.24021243418
5d31518d74ea9a1999a64df6
p:  150780.24042173434
5d31525874ea9a1999a64dfa
p:  123203.2480406666
5d31559573aae9fbe8a64e66
p:  400430.370857205
5d31569a12ec52713aa64ddc
p:  842881.4566462252
5d31575e2791551558a64e61
p:  192049.36919635726
5d31577674ea9a1999a64e05
p:  110165.60573754655
5d3157ad74ea9a1999a64e06
p:  99007.61688640562
5d3158a4d53b284506a64e31
p:  58977.54194018121
5d3158ab73aae9fbe8a64e6b
p:  287511.26764576184
5d3158c873aae9fbe8a64e6c
p:  368796.17490535846
5d3158d92791551558a64e65
p:  236729.611533873
5d3158dbd53b284506a64e32
p:  62215.96622134828
5d315d66d708b0a3d0a64de8
p:  193047.7227592984
5d315e06d53b284506a64e3d
p:  61636.23646921724
5d315e3d00c1d728c5a64dec
p:  55391.04817005601
5d315f03d708b0a3d0a64dec
p:  467807.98980520887
5d315ffad53b284506a64e3f
p:  58534.617986107885
5d3160ad2a01edefcba64df9
p:  184578.98903109384
5d316339d53b284506a64e47
p:  62233.2780162991
5d3163a9d708b0a3d0a64dfd
p:  122363.17997851793
5d31643ed53b284506a64e4a
p:  107250.41291782566
5d316665d708b0a3d0a64e07
p:  122363.17997851793
5d31696b2a01edefcba64e12
p:  472344.7670661524
5d3169ece42bb968dea64e07
p:  239003.26261030493
5d31701512ec52713aa64e15
p:  311637.56854795193
5d31703d12ec52713aa64e16
p:  312256.8371529293
5d317054d53b284506a64e69
p:  82482.9002107048
5d31710f00c1d728c5a64e08
p:  85221.42566865473
5d3172aad708b0a3d0a64e1d
p:  122363.17997851793
5d317426d708b0a3d0a64e20
p:  380865.8953595592
5d3175cf12ec52713aa64e2c
p:  271455.3935449199
5d3175e473aae9fbe8a64eb9
p:  290767.4668008092
5d31765012ec52713aa64e2f
p:  168588.40744760365
5d317b28d53b284506a64e83
p:  101090.04110817851
5d317df612ec52713aa64e41
p:  272343.935175695
5d317f2973aae9fbe8a64ed2
p:  167227.2106958932
5d318a9073aae9fbe8a64ee7
p:  186641.62089534983
5d318e3712ec52713aa64e6b
p:  254754.23494103889
5d31913d12ec52713aa64e77
p:  272343.935175695
5d4b7f0874ae9d8f98656999
p:  146367.6145509602
5d4b7f387c6f358e2a656999
p:  151218.34900283907
5d4b7fd31df94c73e765699a
p:  265800.37826935004
5d4b800836199024b665699b
p:  137770.40891422617
For ['Allamakee', 'Bremer', 'Butler', 'Cerro Gordo', 'Chickasaw', 'Emmet', 'Fayette', 'Floyd', 'Franklin', 'Hancock', 'Howard', 'Humboldt', 'Kossuth', 'Mitchell', 'Winnebago', 'Winneshiek', 'Worth', 'Wright']#################################################################
train score for random_forest: 0.9231683243496002
test score for random_forest: 0.36620779227868494
The mean absolute error is:$ 73939.2094258462
r_Score: 0.40588510960878177
Voting Regressor (in): 0.953848767535675
Voting Regressor: 0.4058851096087817
5d31423da4c5012bc3a64db2
p:  77648.7264901203
5d314549a4c5012bc3a64dbc
p:  106263.85134344167
5d314f3f8d6d36f6c2a64dda
p:  66974.33588989679
5d3151d8f2d40d0798a64de6
p:  85984.17987821621
5d31524aa75b1a18d6a64de2
p:  115332.97969623003
5d315260e433f8b938a64df1
p:  130970.38800236078
5d31547bf2d40d0798a64de7
p:  115630.38757206945
5d3156008d6d36f6c2a64deb
p:  89933.72589972476
5d31697de433f8b938a64e23
p:  98639.29706882032
5d3171badd3bc15673a64e29
p:  55417.95147162682
5d317276f2d40d0798a64e1f
p:  237733.69751091738
5d318f4b2791551558a64f61
p:  231827.91872080145
5d318f822791551558a64f62
p:  245032.08556457065
5d31ac04eba6e6f463a64ea7
p:  111711.96177319513
For ['Buena Vista', 'Cherokee', 'Clay', 'Crawford', 'Dickinson', 'Ida', 'Lyon', 'Monona', "O'Brien", 'Osceola', 'Palo Alto', 'Plymouth', 'Pocahontas', 'Sac', 'Sioux', 'Woodbury']#################################################################
train score for random_forest: 0.9209000143863085
test score for random_forest: 0.45834321337920386
The mean absolute error is:$ 98806.91086472782
r_Score: 0.43827258019858284
Voting Regressor (in): 0.965467777020021
Voting Regressor: 0.4382725801985829
5d3161a3a75b1a18d6a64e03
p:  88310.37839537114
5d3180d4e42bb968dea64e44
p:  129011.66496698566
5d3184b8f2d40d0798a64e3f
p:  155262.0457401959
5d31862c2791551558a64f26
p:  145177.58165125822
5d31868ef2d40d0798a64e43
p:  118753.43715562792
5d318744dd3bc15673a64e53
p:  228002.8680122334
5d3187ee2a01edefcba64e4a
p:  116368.25512791099
5d318931d53b284506a64eae
p:  99535.57127970626
5d31895fe42bb968dea64e75
p:  145230.31631948194
5d3189c7eba6e6f463a64e52
p:  53341.37860100725
5d318a9bdd3bc15673a64e5d
p:  165137.31569815113
5d319317e433f8b938a64e74
p:  125708.2994874705
5d3193702791551558a64f7b
p:  156073.82989495638
5d3193c5a75b1a18d6a64e62
p:  142986.2816584582
5d319ca073aae9fbe8a64f20
p:  138605.3479097772
5d31a6ac73aae9fbe8a64f3e
p:  309627.1110203581
5d31a78d73aae9fbe8a64f41
p:  241518.78988769252
5d31a94d73aae9fbe8a64f42
p:  138605.3479097772
5d34fdef18f8dde30a0abd18
p:  59221.28621495063
For ['Adair', 'Adams', 'Audubon', 'Cass', 'Clarke', 'Decatur', 'Fremont', 'Guthrie', 'Harrison', 'Madison', 'Mills', 'Montgomery', 'Page', 'Pottawattamie', 'Ringgold', 'Shelby', 'Taylor', 'Union']#################################################################
train score for random_forest: 0.9339121655726502
test score for random_forest: 0.5245625624788218
The mean absolute error is:$ 73351.67037978774
r_Score: 0.5190439099937618
Voting Regressor (in): 0.9728515301446161
Voting Regressor: 0.5190439099937618
5d2996f7199bf96b6045ad01
p:  131634.82921869616
5d3114112791551558a64de8
p:  196250.4886600364
5d3114362791551558a64dea
p:  134910.48079900502
5d3118682791551558a64df5
p:  134910.48079900502
5d3119172791551558a64dfa
p:  134910.48079900502
5d311a062791551558a64dfe
p:  192291.5118167334
5d311a562791551558a64e00
p:  132679.8684805666
5d311a912791551558a64e02
p:  131206.07182640946
5d311deb2791551558a64e08
p:  134910.48079900502
5d313664dd3bc15673a64dab
p:  111934.42702482617
5d3177fda75b1a18d6a64e28
p:  48242.628449221345
5d3179c8f2d40d0798a64e28
p:  51988.619420520816
5d317c9aeba6e6f463a64e33
p:  59606.65313209909
5d317cd4f2d40d0798a64e2f
p:  197109.41803398446
5d3196bdf245d5d13ba64e5d
p:  69450.02956249993
5d31972cf245d5d13ba64e5f
p:  91470.52051774188
5d3197e6f245d5d13ba64e62
p:  85413.02342152558
5d31988ff245d5d13ba64e64
p:  91470.52051774188
5d3198e3f245d5d13ba64e66
p:  74918.84543848268
5d319917f245d5d13ba64e67
p:  111582.77659724103
5d3199502791551558a64f9f
p:  223985.1970008363
5d31999c2791551558a64fa1
p:  154039.33061146474
5d319be3eba6e6f463a64e8a
p:  53850.634918505275
5d319d68f2d40d0798a64e73
p:  79653.56352265425
5d319d8d00c1d728c5a64e78
p:  242749.46479373326
5d319e99f2d40d0798a64e74
p:  79086.68997604464
5d319fa9f245d5d13ba64e7c
p:  92496.14942287232
5d319fe9f245d5d13ba64e7d
p:  160831.01312768558
For ['Appanoose', 'Davis', 'Des Moines', 'Henry', 'Jefferson', 'Keokuk', 'Lee', 'Louisa', 'Lucas', 'Mahaska', 'Marion', 'Monroe', 'Muscatine', 'Van Buren', 'Wapello', 'Washington', 'Wayne']#################################################################
train score for random_forest: 0.9238439618427366
test score for random_forest: 0.5413929332745542
The mean absolute error is:$ 54490.413151210494
r_Score: 0.553285423525906
Voting Regressor (in): 0.9537859282126098
Voting Regressor: 0.553285423525906
5d31193ff2d40d0798a64d6d
p:  84468.7331638324
5d31b5b7dd3bc15673a64ed4
p:  70976.46929402299
5d31bb1edd3bc15673a64edc
p:  310787.6709954827
5d31d206eba6e6f463a64ef8
p:  80394.6873803526
5d31d28490dd967526a64ef7
p:  64539.840090060854
5d31d4e990dd967526a64eff
p:  136881.65924255538
5d31d4f890dd967526a64f00
p:  109141.88076889826
5d31d70a90dd967526a64f03
p:  204876.4754837872
5d31da5e2a01edefcba64f04
p:  69223.9913014388
5d31dac974ea9a1999a64f72
p:  50804.05768821511
5d31dc0374ea9a1999a64f78
p:  120607.5939181179
5d31dc0d2a01edefcba64f0b
p:  106647.51375060818
5d31dfac74ea9a1999a64f8e
p:  46698.800162829444
5d31e0c690dd967526a64f1b
p:  213277.63338628566
5d31e33cd53b284506a64fec
p:  62289.00101337688
5d31e398eba6e6f463a64f14
p:  48031.850753173305
5d31e9f374ea9a1999a64fa9
p:  150182.0631422171
5d31eadcbcb3016c7aa64f44
p:  89613.5287128899
5d31f01d8d6d36f6c2a64f74
p:  66489.1368982248
5d31f05c8d6d36f6c2a64f77
p:  66734.13698655905
5d31f0858d6d36f6c2a64f79
p:  82287.48607099068
5d31f0a48d6d36f6c2a64f7b
p:  62861.60969196574
5d31f0bf8d6d36f6c2a64f7d
p:  223135.80948930196
5d31f279a4c5012bc3a64f42
p:  170132.59453380955
For ['Benton', 'Black Hawk', 'Buchanan', 'Cedar', 'Clayton', 'Clinton', 'Delaware', 'Dubuque', 'Iowa', 'Jackson', 'Johnson', 'Jones', 'Linn', 'Scott']#################################################################
train score for random_forest: 0.9513022971835452
test score for random_forest: 0.6827151533290686
The mean absolute error is:$ 62887.70031179779
r_Score: 0.733199366552534
Voting Regressor (in): 0.9570184272458298
Voting Regressor: 0.733199366552534
5d0a4555fa7544d5f27ba66c
p:  390560.11754885264
5d1bd8f27e6c493d59458841
p:  227221.91988770344
5d1c111cdbebfd779eefbc85
p:  190255.35097663125
5d1c11fb0a1cbc8e6fefbc39
p:  347554.52999645437
5d297fe3199bf96b6045aca9
p:  165016.5322086173
5d2ae73847cfe46363877ae2
p:  76966.6904884133
5d2f6c4e8b6c8df1a080b6a9
p:  102532.61222697908
5d3168b290dd967526a64e15
p:  125299.91588356231
5d3169f990dd967526a64e19
p:  210679.93540999515
5d3172c690dd967526a64e26
p:  155247.46388622845
5d31744190dd967526a64e28
p:  295340.56833019806
5d3174b590dd967526a64e2c
p:  137457.15202919743
5d3174c6a75b1a18d6a64e23
p:  78562.69138875944
5d3175ed90dd967526a64e30
p:  204785.26913993078
5d31768d00c1d728c5a64e18
p:  104627.42139832841
5d317794e42bb968dea64e1b
p:  131821.178722981
5d3177b600c1d728c5a64e1a
p:  99921.37950832656
5d3177f100c1d728c5a64e1c
p:  147499.32761523832
5d317854e433f8b938a64e3e
p:  52335.76558172688
5d3178f5e433f8b938a64e40
p:  84312.78122521713
5d3179b5e42bb968dea64e20
p:  63918.8731119875
5d3179eae433f8b938a64e41
p:  80443.58402355615
5d317a5ea4c5012bc3a64e31
p:  97504.24059914422
5d317a97a4c5012bc3a64e32
p:  116286.15142374398
5d317b61a4c5012bc3a64e33
p:  69375.13169892743
5d317bc7e433f8b938a64e44
p:  86027.24246226731
5d317c0ee433f8b938a64e45
p:  59185.59217101225
5d317cf2a4c5012bc3a64e37
p:  104618.23950087061
5d317d4200c1d728c5a64e2c
p:  45665.40462110516
5d317e0de433f8b938a64e48
p:  88994.39070306206
5d317e4be433f8b938a64e49
p:  76959.62474707003
5d317e75e433f8b938a64e4a
p:  81820.27748450122
5d317eb700c1d728c5a64e2e
p:  273223.0247038533
5d317ec5a4c5012bc3a64e3c
p:  106422.53575046864
5d3180e900c1d728c5a64e32
p:  212773.01583055488
5d31815d90dd967526a64e47
p:  149049.84071263665
5d31845990dd967526a64e4a
p:  140682.84933785896
5d31846a90dd967526a64e4b
p:  74023.03780243632
5d31847aa4c5012bc3a64e41
p:  112436.72209432119
5d318560a4c5012bc3a64e44
p:  146429.07656389804
5d3186ab90dd967526a64e4d
p:  104638.42784452734
5d31871090dd967526a64e4f
p:  169847.84921751433
5d3187b700c1d728c5a64e47
p:  170455.83929671
5d318824e433f8b938a64e53
p:  107184.24365213286
5d318844e433f8b938a64e54
p:  83280.07898219078
5d318886a4c5012bc3a64e4b
p:  87080.74721541269
5d31890600c1d728c5a64e4b
p:  99370.03752193955
5d318935a4c5012bc3a64e4d
p:  93382.55210049276
5d318950a4c5012bc3a64e4e
p:  86836.41375574225
5d3189bb00c1d728c5a64e4d
p:  73240.17046304108
5d318b3b00c1d728c5a64e57
p:  61909.23052898987
5d318be290dd967526a64e58
p:  200497.93391247973
5d318c1090dd967526a64e59
p:  196260.03143305448
5d318d27e433f8b938a64e60
p:  79538.68356170821
5d318de190dd967526a64e5c
p:  175674.80492552387
5d318e8200c1d728c5a64e5c
p:  168298.2903159164
5d3190f600c1d728c5a64e64
p:  48057.45890242692
5d31916ca4c5012bc3a64e57
p:  166486.92376791802
5d319176e433f8b938a64e6d
p:  113187.33447812698
5d319215a4c5012bc3a64e5c
p:  89051.53175706626
5d3196ec90dd967526a64e71
p:  196260.03143305448
5d3197ce90dd967526a64e73
p:  128003.16931768475
5d319df190dd967526a64e77
p:  222035.66045201733
5d319e6790dd967526a64e79
p:  190627.14801598314
5d319f9690dd967526a64e7f
p:  214090.59604012262
5d31a1522a01edefcba64e85
p:  270995.31355681125
5d31a177670cfa09f3a64ea7
p:  130731.06437028557
5d31a1eb670cfa09f3a64eaa
p:  115746.49322497065
5d31a205670cfa09f3a64eab
p:  121984.25950799654
5d31a21e670cfa09f3a64eac
p:  112665.90303345397
5d31a254670cfa09f3a64ead
p:  91867.31754033145
5d31a289670cfa09f3a64eaf
p:  74956.70273041469
5d31a2d000c1d728c5a64e84
p:  177190.78869592815
5d31a47990dd967526a64e8e
p:  488125.46156657994
5d31a4b32a01edefcba64e8e
p:  273867.8895927996
5d31a4dbdd3bc15673a64e9b
p:  106287.14448465675
5d31a4ef670cfa09f3a64eb4
p:  52458.07907803767
5d31a50b670cfa09f3a64eb5
p:  86344.36212580343
5d31a5302a01edefcba64e90
p:  169994.0693245653
5d31a5c9670cfa09f3a64eb6
p:  182138.0465469635
5d31a65b670cfa09f3a64eb9
p:  116410.46187439337
5d31a684670cfa09f3a64eba
p:  164373.8689046561
5d31a69b670cfa09f3a64ebc
p:  91867.31754033145
5d31a6bae433f8b938a64ea1
p:  147615.8765168632
5d31a88590dd967526a64e97
p:  141670.52660397685
5d31a9eb90dd967526a64e9c
p:  203537.07757289225
5d31aa062791551558a64fdf
p:  151778.54630870384
5d31aa3190dd967526a64e9e
p:  202841.50275179246
5d31add490dd967526a64ea5
p:  150628.88573273466
5d31ae668d6d36f6c2a64ebc
p:  187342.49297227216
5d31aebc90dd967526a64ea7
p:  139480.5517995616
5d31aed290dd967526a64ea8
p:  209898.83624653588
5d31af40bcb3016c7aa64ec4
p:  77821.10166481108
5d31b0a9e42bb968dea64eea
p:  120314.2889286112
5d31b0f390dd967526a64eb1
p:  73264.60572998159
5d31b13d90dd967526a64eb2
p:  225914.8781823049
5d31b15012ec52713aa64ea1
p:  109224.35331422923
5d31b19100c1d728c5a64ea9
p:  141896.10132648284
5d31b1f4e433f8b938a64ebb
p:  202428.5719245369
5d31b217f245d5d13ba64e92
p:  223942.88183382357
5d31b21800c1d728c5a64eaa
p:  240473.72537443682
5d31b23be433f8b938a64ebc
p:  164345.71430157806
5d31b2bfe433f8b938a64ebd
p:  133021.36845104667
5d31b2e2a75b1a18d6a64eab
p:  149032.57662422658
5d31b352670cfa09f3a64eca
p:  54757.54341381216
5d31b3caf2d40d0798a64e91
p:  123171.31394659661
5d31b3d200c1d728c5a64ead
p:  295891.184194098
5d31b40f00c1d728c5a64eb0
p:  199010.1018736367
5d31b41f2a01edefcba64ea9
p:  141284.13808938977
5d31b42d00c1d728c5a64eb1
p:  225188.54659919709
5d31b459f2d40d0798a64e93
p:  147554.646473282
5d31b50800c1d728c5a64eb7
p:  209432.2083843602
5d31b544f2d40d0798a64e94
p:  112148.91262035913
5d31b54700c1d728c5a64eb9
p:  182504.21654837258
5d31b5a400c1d728c5a64ebb
p:  291846.2199427613
5d31b5cc2791551558a64ff4
p:  224307.5952521293
5d31b5db00c1d728c5a64ebc
p:  149653.61098071912
5d31b60500c1d728c5a64ebd
p:  148111.87487209844
5d31b62312ec52713aa64ea8
p:  124442.28844599632
5d31b6272791551558a64ff6
p:  235547.70296492265
5d31b628670cfa09f3a64ecd
p:  165152.0685843288
5d31b67e90dd967526a64ecd
p:  155938.09402849368
5d31b73700c1d728c5a64ec1
p:  222533.2211845455
5d31b7b500c1d728c5a64ec2
p:  265828.8423064624
5d31b817f2d40d0798a64e9a
p:  193974.2491981549
5d31b8662791551558a64ffc
p:  281669.35839525284
5d31b892e42bb968dea64efb
p:  248458.93101117358
5d31b8962a01edefcba64eac
p:  264887.81779014703
5d31b986e433f8b938a64ecc
p:  141566.25355206896
5d31b98ef2d40d0798a64ea0
p:  267696.472095716
5d31b99af2d40d0798a64ea1
p:  191217.00200079416
5d31b9ab00c1d728c5a64ec8
p:  267672.96497340396
5d31b9ade433f8b938a64ecd
p:  211929.61913412943
5d31b9c8e433f8b938a64ece
p:  116052.74243279314
5d31ba34e42bb968dea64f01
p:  157710.21489571192
5d31ba8c00c1d728c5a64eca
p:  316143.9615978567
5d31bad2e433f8b938a64ed2
p:  248328.1971086409
5d31bb372791551558a65002
p:  161734.34676181813
5d31bb782791551558a65005
p:  174076.6214866704
5d31bbb3a75b1a18d6a64eb8
p:  160902.34827306995
5d31bcf52a01edefcba64eba
p:  156468.8356426226
5d31bd1f2a01edefcba64ebb
p:  177451.68062782218
5d31bd3a00c1d728c5a64ed0
p:  232689.32721204162
5d31be01d53b284506a64f5c
p:  113038.42755787613
5d31be66e433f8b938a64ed9
p:  156806.7913077824
5d31be7ce42bb968dea64f08
p:  375983.1544708215
5d31be922a01edefcba64ebe
p:  253721.8994524598
5d31be97bcb3016c7aa64ee7
p:  258649.39655861337
5d31beaa670cfa09f3a64edd
p:  96068.39182566671
5d31beca00c1d728c5a64ed4
p:  326426.3021529838
5d31bfb1e433f8b938a64edd
p:  181036.379938068
5d31bfb574ea9a1999a64eff
p:  168485.2962444426
5d31bfdbe42bb968dea64f0e
p:  308379.62299352966
5d31bff92791551558a6500e
p:  273388.1278542952
5d31c0722791551558a6500f
p:  239875.5525827224
5d31c0e42a01edefcba64ec2
p:  217576.53495922085
5d31c11de433f8b938a64edf
p:  179754.95734832674
5d31c1532791551558a65014
p:  253795.4227021037
5d31c1e2f2d40d0798a64eae
p:  149952.00829699208
5d31c22400c1d728c5a64ed7
p:  279436.837240057
5d31c2b22a01edefcba64ec6
p:  310951.01204082824
5d31c2fa8d6d36f6c2a64ef6
p:  96892.86235394643
5d31c30100c1d728c5a64eda
p:  263098.61606125144
5d31c339f245d5d13ba64eb4
p:  80565.16778965291
5d31c36ee42bb968dea64f16
p:  126898.50211408503
5d31c386e42bb968dea64f17
p:  193795.46920415584
5d31c398e433f8b938a64ee2
p:  199190.32741507306
5d31c3cc74ea9a1999a64f07
p:  208104.39452478115
5d31c3d2f2d40d0798a64eb1
p:  118825.03164373049
5d31c40c2a01edefcba64ecb
p:  100610.20470453906
5d31c422bcb3016c7aa64ef4
p:  209456.65179665288
5d31c4412a01edefcba64ecd
p:  259047.06255345745
5d31c465a75b1a18d6a64ebb
p:  162813.7626664511
5d31c481d53b284506a64f93
p:  177658.99186424658
5d31c4822a01edefcba64ed1
p:  496523.391246284
5d31c49ba75b1a18d6a64ebc
p:  223856.7083370312
5d31c4a1d53b284506a64f94
p:  194076.90026201753
5d31c4c800c1d728c5a64ede
p:  245490.4840210547
5d31c518d53b284506a64f98
p:  175105.36611528747
5d31c53f12ec52713aa64ec7
p:  239840.00814935626
5d31c54e8d6d36f6c2a64ef8
p:  101562.51751954507
5d31c585bcb3016c7aa64ef9
p:  277896.4584205251
5d31c5bf8d6d36f6c2a64efb
p:  91728.72398128845
5d31c5bfd53b284506a64f9c
p:  142108.61188980652
5d31c5f32791551558a6501a
p:  234197.5255729074
5d31c60af245d5d13ba64eb9
p:  107915.4369186316
5d31c62d12ec52713aa64ec9
p:  228273.8655643494
5d31c690d53b284506a64fa2
p:  180846.2335434942
5d31c6912a01edefcba64edc
p:  137404.3551876329
5d31c6c4f245d5d13ba64eba
p:  174365.34523856494
5d31c6cad53b284506a64fa4
p:  148272.930151789
5d31c745e42bb968dea64f1b
p:  176069.1873595634
5d31c75d73aae9fbe8a64f7e
p:  138800.4939838786
5d31c7822a01edefcba64ede
p:  216546.10542794946
5d31c79ee42bb968dea64f1c
p:  139696.81539518872
5d31c7a073aae9fbe8a64f7f
p:  170317.91511589033
5d31c7b5d53b284506a64fab
p:  234362.62579425052
5d31c7bdf245d5d13ba64ebc
p:  131057.75530457581
5d31c7c473aae9fbe8a64f80
p:  239205.00737724354
5d31c7e100c1d728c5a64ee0
p:  198744.07252411416
5d31c7eae433f8b938a64eeb
p:  174626.12890580605
5d31c8002a01edefcba64edf
p:  189039.21784898455
5d31c83b2a01edefcba64ee0
p:  162982.0180719977
5d31c83fbcb3016c7aa64f00
p:  194155.28038998897
5d31c854e433f8b938a64eed
p:  384615.73410967074
5d31c865f2d40d0798a64eb4
p:  229436.61955188974
5d31c8898d6d36f6c2a64eff
p:  91493.51096372269
5d31c8d0d53b284506a64fb3
p:  207553.84512584924
5d31c8fff245d5d13ba64ebf
p:  387593.93259364506
5d31c900bcb3016c7aa64f01
p:  282312.9742263502
5d31c926d53b284506a64fb6
p:  139290.64022659464
5d31c929f245d5d13ba64ec0
p:  268095.4288360525
5d31c935d53b284506a64fb7
p:  97145.38235502345
5d31c93f73aae9fbe8a64f82
p:  122850.76509431808
5d31c95ef245d5d13ba64ec1
p:  172646.18760646274
5d31c9cce433f8b938a64ef1
p:  133628.50966408366
5d31c9f000c1d728c5a64ee7
p:  229287.49485131272
5d31cadbf2d40d0798a64ebb
p:  201224.89622696
5d31cb3c2791551558a65023
p:  210155.9192017051
5d31cb712791551558a65024
p:  263348.56393503386
5d31cc6173aae9fbe8a64f8b
p:  130903.90514185594
5d31cc6ba75b1a18d6a64eca
p:  245190.51370661135
5d31cc8273aae9fbe8a64f8c
p:  129664.57063532015
5d31cc97f245d5d13ba64ec5
p:  79506.71249299613
5d31ccc82a01edefcba64ee6
p:  235822.80817555718
5d31cd2ee42bb968dea64f22
p:  202035.0001426439
5d31cd3400c1d728c5a64ee9
p:  280979.7342948533
5d31cdcc8d6d36f6c2a64f07
p:  108372.10254595187
5d31ce68a75b1a18d6a64ed4
p:  265466.6860902782
5d31ce9d2791551558a6502b
p:  258751.0755853909
5d31ceca73aae9fbe8a64f90
p:  110526.44965433638
5d31cef9e433f8b938a64ef7
p:  170648.70051457913
5d31cf0df2d40d0798a64ec1
p:  267941.88371266145
5d31cf10e42bb968dea64f2a
p:  267941.88371266145
5d31cf4cf2d40d0798a64ec3
p:  265693.2169730835
5d31cf4ff245d5d13ba64ec7
p:  103881.84060143506
5d31cf942791551558a6502e
p:  226706.29872471478
5d31cf9fe42bb968dea64f2e
p:  231654.07970095775
5d31cfe273aae9fbe8a64f95
p:  208807.8152030544
5d31cfe3e42bb968dea64f30
p:  169589.56717592
5d31cfed73aae9fbe8a64f96
p:  110200.84754482674
5d31d048e433f8b938a64efa
p:  333802.68162381183
5d31d1082791551558a65033
p:  407557.09993128333
5d31d12e00c1d728c5a64eee
p:  237764.5140334894
5d31d13ae433f8b938a64eff
p:  208662.11060821867
5d31d158e433f8b938a64f00
p:  208662.11060821867
5d31d19473aae9fbe8a64f9e
p:  185363.69746916564
5d31d1e68d6d36f6c2a64f0c
p:  391666.53295681917
5d31d1fd2a01edefcba64eef
p:  217734.84350355412
5d31d2048d6d36f6c2a64f0d
p:  92535.13836978664
5d31d2462a01edefcba64ef0
p:  224476.19404918444
5d31d251f245d5d13ba64eca
p:  171989.00713687172
5d31d2ffa75b1a18d6a64ee1
p:  360624.26200627146
5d31d30f00c1d728c5a64ef3
p:  283183.6792894514
5d31d3238d6d36f6c2a64f0f
p:  95563.69507998017
5d31d3642a01edefcba64ef3
p:  173228.038728961
5d31d3d4f2d40d0798a64ece
p:  120783.04203781465
5d31d3e8d53b284506a64fca
p:  280840.7479078469
5d31d401d53b284506a64fcb
p:  244316.75339894043
5d31d4122a01edefcba64ef6
p:  427590.5928163891
5d31d41773aae9fbe8a64fa9
p:  219052.27732744731
5d31d4472791551558a65038
p:  240120.3334001292
5d31d4baf2d40d0798a64ed2
p:  131551.14279982197
5d31d4d700c1d728c5a64efc
p:  135339.84992107135
5d31d5202a01edefcba64efa
p:  281692.7751952827
5d31d54b2a01edefcba64efb
p:  281692.7751952827
5d31d57f2a01edefcba64efc
p:  225433.75900222096
5d31d5a7f2d40d0798a64ed6
p:  153262.3377474444
5d31d648e433f8b938a64f07
p:  124186.62435097067
5d31d70ff245d5d13ba64ece
p:  75653.3422610607
5d31d751f245d5d13ba64ecf
p:  151537.8502898591
5d31d75abcb3016c7aa64f17
p:  121429.00569238915
5d31d7cd00c1d728c5a64f03
p:  188088.5720814015
5d31d7f000c1d728c5a64f04
p:  148111.87487209844
5d31d822a75b1a18d6a64ef0
p:  217750.45204692223
5d31d84af2d40d0798a64ed9
p:  169867.478604322
5d31d88c73aae9fbe8a64fb1
p:  180338.00109790242
5d31d915a75b1a18d6a64ef6
p:  163430.32905829028
5d31d95a2791551558a6503f
p:  222123.1056397102
5d31d9afe433f8b938a64f09
p:  162683.33032669098
5d31d9cee42bb968dea64f46
p:  132505.39895351641
5d31da12f2d40d0798a64ee0
p:  186622.60137749006
5d31da3ae42bb968dea64f47
p:  132505.39895351641
5d31dbb28d6d36f6c2a64f1b
p:  97995.79525834751
5d31dc1073aae9fbe8a64fb9
p:  121137.04683377224
5d31dc9200c1d728c5a64f0d
p:  267672.96497340396
5d31dc9bf245d5d13ba64ed2
p:  102025.3904973276
5d31de7ff2d40d0798a64eea
p:  149275.46463497292
5d31dea4f2d40d0798a64eeb
p:  185370.4088919565
5d31dffae433f8b938a64f0e
p:  313014.1703058295
5d31e01fe433f8b938a64f0f
p:  178115.84595169098
5d31e037f245d5d13ba64ed7
p:  77880.29495717702
5d31e0b600c1d728c5a64f19
p:  411476.8175618412
5d31e0de00c1d728c5a64f1a
p:  158310.04121760625
5d31e1858d6d36f6c2a64f24
p:  97008.83336281897
5d31e2c2e433f8b938a64f19
p:  152122.72862773287
5d31e35ee433f8b938a64f1a
p:  224126.8251239477
5d31e367e433f8b938a64f1b
p:  212894.1938113867
5d31e3efe42bb968dea64f56
p:  201336.52714122174
5d31e40de42bb968dea64f57
p:  197071.41482095676
5d31e448a75b1a18d6a64f0a
p:  164609.31801404874
5d31e47de42bb968dea64f5c
p:  232499.747275649
5d31e481a75b1a18d6a64f0b
p:  136195.452213056
5d31e49ef2d40d0798a64ef9
p:  189611.63751618867
5d31e5dce42bb968dea64f63
p:  235570.2329630224
5d31e6d000c1d728c5a64f1d
p:  281474.1730677613
5d31e6d82791551558a6505c
p:  136406.99525415644
5d31e85da75b1a18d6a64f0f
p:  109887.63327267238
5d31e89700c1d728c5a64f20
p:  272236.9653985766
5d31e914e433f8b938a64f25
p:  276820.2775543118
5d31e92ca75b1a18d6a64f10
p:  227648.55739999935
5d31e97900c1d728c5a64f21
p:  272236.9653985766
5d31e97ce433f8b938a64f27
p:  140196.89956088568
5d31e9a200c1d728c5a64f22
p:  216191.20048555208
5d31e9e98d6d36f6c2a64f3b
p:  122324.21544311297
5d31ea178d6d36f6c2a64f3c
p:  99693.15706080639
5d31ea8373aae9fbe8a64fdf
p:  261310.91665704118
5d31eb2be433f8b938a64f28
p:  203532.00953430316
5d31eb738d6d36f6c2a64f49
p:  193246.25954391898
5d31eb79e433f8b938a64f29
p:  195748.75056573623
5d31eb9d2791551558a6506a
p:  235547.70296492265
5d31ebaee433f8b938a64f2a
p:  202842.87089468975
5d31ebd82791551558a6506b
p:  151318.4865277977
5d31ec338d6d36f6c2a64f4f
p:  168594.4477835279
5d31ec4fd53b284506a65019
p:  63984.38126773134
5d31ed1d8d6d36f6c2a64f5a
p:  87652.06555665338
5d31ed2c8d6d36f6c2a64f5b
p:  175349.66994677542
5d31ed2d2791551558a6506e
p:  281149.1701816329
5d31ed568d6d36f6c2a64f5d
p:  95563.69507998017
5d31ed57f245d5d13ba64ee2
p:  109681.69377995178
5d31ede1e433f8b938a64f2d
p:  130093.53580917191
5d31edede433f8b938a64f2e
p:  159362.79406918943
5d31f0212791551558a65073
p:  120883.85307507604
5d31f02673aae9fbe8a6501f
p:  106142.23013127982
5d31f08473aae9fbe8a65022
p:  390560.11754885264
5d31f090e433f8b938a64f33
p:  171230.30665006724
5d31f0b573aae9fbe8a65023
p:  390560.11754885264
5d31f0cbe433f8b938a64f35
p:  153962.8362316939
5d31f13073aae9fbe8a65024
p:  264048.57380191796
5d31f14b73aae9fbe8a65025
p:  264048.57380191796
5d31f158670cfa09f3a64f40
p:  297029.4563458067
5d31f15c73aae9fbe8a65026
p:  257186.99450407675
5d31f1f8e433f8b938a64f37
p:  261856.37058568114
5d31f213d53b284506a6501f
p:  54883.679739862215
5d31f22fe433f8b938a64f38
p:  157542.67948209803
5d31f26473aae9fbe8a6502d
p:  325390.31181323144
5d31f271e433f8b938a64f39
p:  201622.2040106638
5d31f37373aae9fbe8a65034
p:  264048.57380191796
5d31f38a73aae9fbe8a65035
p:  284852.5549300752
5d31f39773aae9fbe8a65036
p:  297835.828274847
5d31f3a873aae9fbe8a65037
p:  264048.57380191796
5d31f3b573aae9fbe8a65038
p:  290266.07395940064
5d31f3bf73aae9fbe8a65039
p:  258991.67566363764
5d31f3c0670cfa09f3a64f49
p:  142165.74124548264
5d31f3cc73aae9fbe8a6503a
p:  272069.103063908
5d31f3d5670cfa09f3a64f4b
p:  115361.907437096
5d31f3db12ec52713aa64f22
p:  78861.69032331597
5d31f3ea670cfa09f3a64f4d
p:  117242.20512931394
5d31f3fb670cfa09f3a64f4e
p:  218666.25662654982
5d31f40b73aae9fbe8a6503e
p:  264048.57380191796
5d31f41973aae9fbe8a6503f
p:  264048.57380191796
5d31f42a670cfa09f3a64f52
p:  153165.2685201973
5d31f46273aae9fbe8a65045
p:  250983.83142511817
5d31f51812ec52713aa64f28
p:  81478.65819091999
5d31f524bcb3016c7aa64f5a
p:  136452.7233399732
5d31f58212ec52713aa64f29
p:  120288.63070487205
5d31f59ebcb3016c7aa64f5c
p:  154355.38183954067
5d31f5aaf245d5d13ba64eee
p:  151320.9758705604
5d31f5e02791551558a65081
p:  292267.59139091877
5d31f5f2bcb3016c7aa64f5d
p:  102113.03075973275
5d31f61512ec52713aa64f2c
p:  104291.8901323541
5d31f666670cfa09f3a64f54
p:  323910.8796236323
5d31f679670cfa09f3a64f55
p:  114740.46483117086
5d31f6a7d53b284506a65022
p:  66228.45922634416
5d31f72ddd3bc15673a64f77
p:  140714.2512435053/home/testapiuser/HouseApp_2/PricePrediction/IAPrice.py:269: SettingWithCopyWarning: 
A value is trying to be set on a copy of a slice from a DataFrame.
Try using .loc[row_indexer,col_indexer] = value instead

See the caveats in the documentation: http://pandas.pydata.org/pandas-docs/stable/indexing.html#indexing-view-versus-copy
  df2['AreaSpace_SQFT'] = df2['AreaSpace_SQFT'].astype(int)
/home/testapiuser/HouseApp_2/PricePrediction/IAPrice.py:281: SettingWithCopyWarning: 
A value is trying to be set on a copy of a slice from a DataFrame.
Try using .loc[row_indexer,col_indexer] = value instead

See the caveats in the documentation: http://pandas.pydata.org/pandas-docs/stable/indexing.html#indexing-view-versus-copy
  df2['Price'] = z1
/home/testapiuser/HouseApp_2/PricePrediction/IAPrice.py:288: SettingWithCopyWarning: 
A value is trying to be set on a copy of a slice from a DataFrame.
Try using .loc[row_indexer,col_indexer] = value instead

See the caveats in the documentation: http://pandas.pydata.org/pandas-docs/stable/indexing.html#indexing-view-versus-copy
  df2['AreaSpace_SQFT'] = z2
/home/testapiuser/HouseApp_2/PricePrediction/IAPrice.py:269: SettingWithCopyWarning: 
A value is trying to be set on a copy of a slice from a DataFrame.
Try using .loc[row_indexer,col_indexer] = value instead

See the caveats in the documentation: http://pandas.pydata.org/pandas-docs/stable/indexing.html#indexing-view-versus-copy
  df2['AreaSpace_SQFT'] = df2['AreaSpace_SQFT'].astype(int)
/home/testapiuser/HouseApp_2/PricePrediction/IAPrice.py:281: SettingWithCopyWarning: 
A value is trying to be set on a copy of a slice from a DataFrame.
Try using .loc[row_indexer,col_indexer] = value instead

See the caveats in the documentation: http://pandas.pydata.org/pandas-docs/stable/indexing.html#indexing-view-versus-copy
  df2['Price'] = z1
/home/testapiuser/HouseApp_2/PricePrediction/IAPrice.py:288: SettingWithCopyWarning: 
A value is trying to be set on a copy of a slice from a DataFrame.
Try using .loc[row_indexer,col_indexer] = value instead

See the caveats in the documentation: http://pandas.pydata.org/pandas-docs/stable/indexing.html#indexing-view-versus-copy
  df2['AreaSpace_SQFT'] = z2
/home/testapiuser/HouseApp_2/PricePrediction/IAPrice.py:269: SettingWithCopyWarning: 
A value is trying to be set on a copy of a slice from a DataFrame.
Try using .loc[row_indexer,col_indexer] = value instead

See the caveats in the documentation: http://pandas.pydata.org/pandas-docs/stable/indexing.html#indexing-view-versus-copy
  df2['AreaSpace_SQFT'] = df2['AreaSpace_SQFT'].astype(int)
/home/testapiuser/HouseApp_2/PricePrediction/IAPrice.py:281: SettingWithCopyWarning: 
A value is trying to be set on a copy of a slice from a DataFrame.
Try using .loc[row_indexer,col_indexer] = value instead

See the caveats in the documentation: http://pandas.pydata.org/pandas-docs/stable/indexing.html#indexing-view-versus-copy
  df2['Price'] = z1
/home/testapiuser/HouseApp_2/PricePrediction/IAPrice.py:288: SettingWithCopyWarning: 
A value is trying to be set on a copy of a slice from a DataFrame.
Try using .loc[row_indexer,col_indexer] = value instead

See the caveats in the documentation: http://pandas.pydata.org/pandas-docs/stable/indexing.html#indexing-view-versus-copy
  df2['AreaSpace_SQFT'] = z2
/home/testapiuser/HouseApp_2/PricePrediction/IAPrice.py:269: SettingWithCopyWarning: 
A value is trying to be set on a copy of a slice from a DataFrame.
Try using .loc[row_indexer,col_indexer] = value instead

See the caveats in the documentation: http://pandas.pydata.org/pandas-docs/stable/indexing.html#indexing-view-versus-copy
  df2['AreaSpace_SQFT'] = df2['AreaSpace_SQFT'].astype(int)
/home/testapiuser/HouseApp_2/PricePrediction/IAPrice.py:281: SettingWithCopyWarning: 
A value is trying to be set on a copy of a slice from a DataFrame.
Try using .loc[row_indexer,col_indexer] = value instead

See the caveats in the documentation: http://pandas.pydata.org/pandas-docs/stable/indexing.html#indexing-view-versus-copy
  df2['Price'] = z1
/home/testapiuser/HouseApp_2/PricePrediction/IAPrice.py:288: SettingWithCopyWarning: 
A value is trying to be set on a copy of a slice from a DataFrame.
Try using .loc[row_indexer,col_indexer] = value instead

See the caveats in the documentation: http://pandas.pydata.org/pandas-docs/stable/indexing.html#indexing-view-versus-copy
  df2['AreaSpace_SQFT'] = z2
/home/testapiuser/HouseApp_2/PricePrediction/IAPrice.py:269: SettingWithCopyWarning: 
A value is trying to be set on a copy of a slice from a DataFrame.
Try using .loc[row_indexer,col_indexer] = value instead

See the caveats in the documentation: http://pandas.pydata.org/pandas-docs/stable/indexing.html#indexing-view-versus-copy
  df2['AreaSpace_SQFT'] = df2['AreaSpace_SQFT'].astype(int)
/home/testapiuser/HouseApp_2/PricePrediction/IAPrice.py:281: SettingWithCopyWarning: 
A value is trying to be set on a copy of a slice from a DataFrame.
Try using .loc[row_indexer,col_indexer] = value instead

See the caveats in the documentation: http://pandas.pydata.org/pandas-docs/stable/indexing.html#indexing-view-versus-copy
  df2['Price'] = z1
/home/testapiuser/HouseApp_2/PricePrediction/IAPrice.py:288: SettingWithCopyWarning: 
A value is trying to be set on a copy of a slice from a DataFrame.
Try using .loc[row_indexer,col_indexer] = value instead

See the caveats in the documentation: http://pandas.pydata.org/pandas-docs/stable/indexing.html#indexing-view-versus-copy
  df2['AreaSpace_SQFT'] = z2
/home/testapiuser/HouseApp_2/PricePrediction/IAPrice.py:269: SettingWithCopyWarning: 
A value is trying to be set on a copy of a slice from a DataFrame.
Try using .loc[row_indexer,col_indexer] = value instead

See the caveats in the documentation: http://pandas.pydata.org/pandas-docs/stable/indexing.html#indexing-view-versus-copy
  df2['AreaSpace_SQFT'] = df2['AreaSpace_SQFT'].astype(int)
/home/testapiuser/HouseApp_2/PricePrediction/IAPrice.py:281: SettingWithCopyWarning: 
A value is trying to be set on a copy of a slice from a DataFrame.
Try using .loc[row_indexer,col_indexer] = value instead

See the caveats in the documentation: http://pandas.pydata.org/pandas-docs/stable/indexing.html#indexing-view-versus-copy
  df2['Price'] = z1
/home/testapiuser/HouseApp_2/PricePrediction/IAPrice.py:288: SettingWithCopyWarning: 
A value is trying to be set on a copy of a slice from a DataFrame.
Try using .loc[row_indexer,col_indexer] = value instead

See the caveats in the documentation: http://pandas.pydata.org/pandas-docs/stable/indexing.html#indexing-view-versus-copy
  df2['AreaSpace_SQFT'] = z2

5d31f7b012ec52713aa64f31
p:  76190.66335123111
5d31f7f3e433f8b938a64f40
p:  176911.4968513532
5d31f804dd3bc15673a64f79
p:  209347.32482374672
5d31f846d53b284506a6502b
p:  79105.672351191
5d31f853bcb3016c7aa64f63
p:  97109.4057210355
5d31f868f2d40d0798a64f1a
p:  134216.7746326271
5d31f874f245d5d13ba64ef4
p:  100952.41345313998
5d31f8a3bcb3016c7aa64f64
p:  86233.7551807418
5d31f968d53b284506a6503a
p:  45559.28915821895
5d31f96ebcb3016c7aa64f67
p:  78897.12635173464
5d31f9bcbcb3016c7aa64f69
p:  84852.007087345
5d31fa01bcb3016c7aa64f6a
p:  86179.7975572907
5d31fa472791551558a6508d
p:  211292.0505507001
5d31fa8ff2d40d0798a64f25
p:  292292.3434062095
5d31fae8670cfa09f3a64f5c
p:  110004.48655943974
5d31faf92791551558a6508e
p:  269418.22249641607
5d31faff2a01edefcba64f45
p:  94317.65713107405
5d31fb25bcb3016c7aa64f6c
p:  55706.778928784384
5d31fb30bcb3016c7aa64f6d
p:  138696.01880286133
5d31fb6fd53b284506a6505e
p:  64352.46320686587
5d31fbfdbcb3016c7aa64f70
p:  102093.59379252593
5d31fc5ce433f8b938a64f50
p:  198574.55512958716
5d31fcf8d53b284506a65081
p:  61611.94158801089
5d31fd20bcb3016c7aa64f72
p:  160854.8092231063
5d31fd62bcb3016c7aa64f75
p:  85832.47485850466
5d31fd692a01edefcba64f46
p:  114422.51117719011
5d31fd83bcb3016c7aa64f76
p:  135149.6193910639
5d31fda22a01edefcba64f48
p:  89197.46114343425
5d31fdb62a01edefcba64f49
p:  267180.8618255189
5d31fdf52a01edefcba64f4c
p:  103213.13614978423
5d31fe4f2791551558a65091
p:  306950.07202040695
5d31fe96f245d5d13ba64f02
p:  98143.07012650996
5d31fed6bcb3016c7aa64f77
p:  95019.45453304064
5d31ff09f2d40d0798a64f2c
p:  187926.04390037965
5d31ff46bcb3016c7aa64f7a
p:  99918.65364365038
5d31ff4fbcb3016c7aa64f7b
p:  283883.0500557857
5d31ff57bcb3016c7aa64f7c
p:  164404.1791271031
5d31ff84bcb3016c7aa64f7d
p:  253305.8378975033
5d31ffff2a01edefcba64f52
p:  213368.2153805558
5d320013f245d5d13ba64f04
p:  196870.3948000676
5d3201022a01edefcba64f54
p:  187507.8132524081
5d3201272791551558a65096
p:  144887.2196301294
5d320134bcb3016c7aa64f81
p:  101578.1656398931
5d320152670cfa09f3a64f63
p:  158374.61842612113
5d3201cb670cfa09f3a64f64
p:  98446.78536504768
5d3202002791551558a65097
p:  203017.6653345003
5d32020bbcb3016c7aa64f85
p:  87217.95680880139
5d32021af245d5d13ba64f0b
p:  199235.92716425663
5d320236bcb3016c7aa64f86
p:  142217.78479315978
5d32029e2791551558a6509c
p:  120793.56136214235
5d320347dd3bc15673a64f89
p:  133351.8914633427
5d3203882791551558a6509d
p:  146798.72588496978
5d3203b7670cfa09f3a64f69
p:  79097.99465670859
5d320447f245d5d13ba64f19
p:  88409.37688780497
5d32047cbcb3016c7aa64f89
p:  177723.51442305947
5d3204dc2a01edefcba64f57
p:  106852.32634033568
5d3204f4bcb3016c7aa64f8d
p:  86014.26239414206
5d320679bcb3016c7aa64f91
p:  102093.59379252593
5d3206882791551558a650a6
p:  168324.1037468684
5d3206fbbcb3016c7aa64f93
p:  106533.03661735292
5d3206fef245d5d13ba64f2b
p:  81558.53095348165
5d320719bcb3016c7aa64f94
p:  85832.47485850466
5d3207202791551558a650a9
p:  271128.6542084358
5d3207772a01edefcba64f5b
p:  190267.9787459015
5d32082df245d5d13ba64f33
p:  132041.18132644484
5d32089ef245d5d13ba64f36
p:  94292.77075224648
5d3208a0670cfa09f3a64f71
p:  88579.26810066265
5d320928670cfa09f3a64f73
p:  325988.1891931683
5d32092f2a01edefcba64f5f
p:  272061.7778004317
5d320983f245d5d13ba64f3c
p:  74393.93059823073
5d32098b2a01edefcba64f61
p:  119498.12322163601
5d320a30670cfa09f3a64f77
p:  93725.49182166303
5d320a75bcb3016c7aa64f9b
p:  165884.4023723834
5d320a93bcb3016c7aa64f9d
p:  143782.04893340255
5d320acdbcb3016c7aa64f9f
p:  210153.71168275224
5d320ad9bcb3016c7aa64fa0
p:  67208.41820686049
5d320af7bcb3016c7aa64fa2
p:  161493.81959770765
5d320b03bcb3016c7aa64fa3
p:  59004.81707018708
5d320b80bcb3016c7aa64fa7
p:  77770.86126626946
5d320e9a2791551558a650af
p:  141125.60450422487
5d3213bf2791551558a650bf
p:  323610.73672692943
5d3215232791551558a650c4
p:  432110.5239684287
5d32156c2791551558a650c7
p:  143309.40516029036
5d321cf22791551558a650d3
p:  456868.6338843488
5d321e202791551558a650d7
p:  121121.11881424487
5d321e572791551558a650d8
p:  137615.91466128454
5d321edc2791551558a650d9
p:  123807.27809696432
5d321fbf2791551558a650dd
p:  168705.16613301303
5d32217a2791551558a650e2
p:  321608.9822833025
5d3226d82791551558a650f2
p:  261031.31164033228
5d3228d52791551558a650f8
p:  356840.16453408316
5d322c1e2791551558a650fc
p:  163606.54355417576
5d322c5b2791551558a650fd
p:  113908.95854382604
5d322d0e2791551558a65100
p:  336414.1318328292
5d322d5b2791551558a65102
p:  118259.17258054786
5d322f2b2791551558a65103
p:  272960.46127950586
5d3884217110e453a0b03a6e
p:  77603.63339727579
5d3e9c5fbd7b3d656007b66a
p:  187120.47088055155
5d42eff85059a34d102fa1d0
p:  137380.59723514208
5d473c11d57846aad03cb384
p:  251600.94150966898
5d474c48acae7a72623cb477
p:  162521.08568877954
Current date and time: 2020-06-08 15:34:11
Successfully connect to DB.
For ['Boone', 'Calhoun', 'Carroll', 'Dallas', 'Greene', 'Grundy', 'Hamilton', 'Hardin', 'Jasper', 'Marshall', 'Polk', 'Poweshiek', 'Story', 'Tama', 'Warren', 'Webster']#################################################################
train score for random_forest: 0.9489979381932651
test score for random_forest: 0.5545663335634983
The mean absolute error is:$ 75361.37921824875
r_Score: 0.5674701740590973
Voting Regressor (in): 0.948813282175943
Voting Regressor: 0.5674701740590973
5d0d23bd43207cb60914adac
p:  192378.83533037722
5d1c3acd02e1f427a5efbd00
p:  245084.27584841428
5d2b336447cfe46363877b67
p:  92445.49303410185
5d2e2dc9b39b58f1d2167d03
p:  289036.38222358923
5d30d25e63d3944b03e023c5
p:  221119.22709830286
5d30d260012f1461cee023c5
p:  224176.79197710013
5d30fba2a75b1a18d6a64d2a
p:  145221.9697981842
5d30fbafa75b1a18d6a64d2b
p:  133192.83667327993
5d30fc032791551558a64d2a
p:  157973.98453923242
5d30fcb774ea9a1999a64d2d
p:  89501.11853932466
5d30fcd8670cfa09f3a64d30
p:  279634.5238712065
5d30fd4b73aae9fbe8a64d31
p:  131223.88344216143
5d30fd64a4c5012bc3a64d30
p:  150629.7285664557
5d30fe11eba6e6f463a64d34
p:  345408.5585211346
5d30fe4feba6e6f463a64d36
p:  241667.35304032135
5d30fe9ceba6e6f463a64d38
p:  234324.4381650308
5d30fec712ec52713aa64d33
p:  193289.49642684634
5d30ff39e433f8b938a64d35
p:  290660.6276615917
5d30ff73e433f8b938a64d37
p:  167731.36144096416
5d30ffc7a75b1a18d6a64d2f
p:  171009.30973778368
5d30ffe5eba6e6f463a64d39
p:  194959.57999954742
5d310051670cfa09f3a64d36
p:  266828.32376360067
5d3100e3a75b1a18d6a64d31
p:  105617.11182555131
5d3100e9a75b1a18d6a64d32
p:  171009.30973778368
5d31010fa4c5012bc3a64d39
p:  135411.67347712614
5d3101aa2791551558a64d4c
p:  469093.18427927163
5d310271eba6e6f463a64d40
p:  145413.94763201533
5d31037374ea9a1999a64d46
p:  85872.2946836357
5d31039990dd967526a64d3c
p:  89381.91224979717
5d310439eba6e6f463a64d48
p:  232188.45101568202
5d31044beba6e6f463a64d49
p:  190325.24260911578
5d31046dd708b0a3d0a64d36
p:  96906.28330220742
5d3104c8a75b1a18d6a64d3a
p:  144713.700464627
5d3104fea75b1a18d6a64d3c
p:  127814.055933377
5d310512670cfa09f3a64d42
p:  323390.50081799366
5d310522a75b1a18d6a64d3d
p:  682433.9919545345
5d31059574ea9a1999a64d52
p:  117674.82463941899
5d3105fa73aae9fbe8a64d4d
p:  130413.58521389226
5d310609670cfa09f3a64d45
p:  124169.438332207
5d31066deba6e6f463a64d4f
p:  271553.4263135893
5d3106832a01edefcba64d4a
p:  258314.56859717844
5d310756eba6e6f463a64d51
p:  187811.8916002864
5d3107c5d708b0a3d0a64d3f
p:  171552.21916030074
5d31080874ea9a1999a64d5f
p:  155915.4388044654
5d310819d708b0a3d0a64d41
p:  128900.91735258856
5d310836d708b0a3d0a64d42
p:  122584.8278394148
5d31089bd708b0a3d0a64d45
p:  229445.15919343548
5d31096deba6e6f463a64d56
p:  153098.81977111642
5d31098b90dd967526a64d4d
p:  1048072.2478532223
5d310ae5670cfa09f3a64d48
p:  177874.48010393008
5d310b0cd53b284506a64d5e
p:  254335.76887411915
5d310b19a75b1a18d6a64d4b
p:  127814.055933377
5d310c33a75b1a18d6a64d50
p:  198583.32787427984
5d310cd373aae9fbe8a64d5a
p:  130413.58521389226
5d310d0e90dd967526a64d56
p:  192186.13335391984
5d310d6cd53b284506a64d6b
p:  267070.7099351733
5d310e8974ea9a1999a64d82
p:  90252.21148248285
5d310f0ea4c5012bc3a64d59
p:  287103.65441326075
5d3110572791551558a64dcc
p:  218476.94668240813
5d31108400c1d728c5a64d5c
p:  228482.24278300413
5d3110858d6d36f6c2a64d67
p:  162806.14033890233
5d31109c670cfa09f3a64d4d
p:  152321.7498570824
5d3111792791551558a64dd6
p:  107161.77607890789
5d3111b7d708b0a3d0a64d5e
p:  137678.59791441238
5d3111faeba6e6f463a64d66
p:  248157.58510131564
5d3112f9a75b1a18d6a64d55
p:  867844.0991775983
5d31131ca75b1a18d6a64d56
p:  693844.2225152028
5d31135aa75b1a18d6a64d58
p:  113572.7085090811
5d3113cee42bb968dea64d4b
p:  193092.5494224223
5d311431a4c5012bc3a64d64
p:  140854.55095281708
5d31145f90dd967526a64d65
p:  186452.9603730521
5d31154da75b1a18d6a64d5d
p:  208992.87751277717
5d31155feba6e6f463a64d6e
p:  251151.94669163236
5d31157474ea9a1999a64d90
p:  138990.27140470143
5d311584670cfa09f3a64d59
p:  150003.05364995223
5d31159290dd967526a64d69
p:  169060.41157305887
5d3115a6670cfa09f3a64d5a
p:  261375.5928796928
5d3115b990dd967526a64d6a
p:  243281.23691183515
5d3115c073aae9fbe8a64d69
p:  216010.05611988864
5d31165590dd967526a64d6d
p:  441482.7754002259
5d31166d90dd967526a64d6e
p:  243281.23691183515
5d3116c112ec52713aa64d5f
p:  296880.487429206
5d3116f812ec52713aa64d60
p:  143602.75755767146
5d311722a75b1a18d6a64d5f
p:  298099.86883891094
5d31172912ec52713aa64d61
p:  122064.15455128817
5d311751a75b1a18d6a64d60
p:  126897.26695163487
5d31180da75b1a18d6a64d64
p:  141743.39263608487
5d31190700c1d728c5a64d65
p:  74974.01411126944
5d31191fa75b1a18d6a64d69
p:  170624.79400151075
5d311984d708b0a3d0a64d77
p:  184444.82284421043
5d3119e0a75b1a18d6a64d6d
p:  147170.09033974726
5d3119fd90dd967526a64d74
p:  247783.64348493968
5d311ba1d708b0a3d0a64d7c
p:  127998.45732822958
5d311c018d6d36f6c2a64d78
p:  102525.51413423826
5d311c20d708b0a3d0a64d7d
p:  213915.80008270327
5d311c9beba6e6f463a64d80
p:  387871.0494081494
5d311cb612ec52713aa64d66
p:  351514.6774660342
5d311d1bbcb3016c7aa64d72
p:  132040.3135474598
5d311d33670cfa09f3a64d65
p:  147387.59312870662
5d311d4ca75b1a18d6a64d6f
p:  302335.82299405406
5d311d5ca75b1a18d6a64d70
p:  131970.63088220826
5d311e0cd53b284506a64db0
p:  289428.5456028802
5d311e15d708b0a3d0a64d83
p:  393297.7800185265
5d311eadd708b0a3d0a64d86
p:  259779.61339611106
5d311faa00c1d728c5a64d6c
p:  74974.01411126944
5d311fb7eba6e6f463a64d89
p:  167671.64644895325
5d31200ca75b1a18d6a64d79
p:  127814.055933377
5d312204670cfa09f3a64d6a
p:  138650.23091646645
5d312207a75b1a18d6a64d7e
p:  127814.055933377
5d312236670cfa09f3a64d6b
p:  699922.0427639893
5d3122bda75b1a18d6a64d7f
p:  171009.30973778368
5d312366bcb3016c7aa64d7e
p:  151919.36230426517
5d31240673aae9fbe8a64e01
p:  245013.90999654063
5d31240e670cfa09f3a64d6c
p:  143383.1724517736
5d312461a4c5012bc3a64d82
p:  168439.58358329552
5d31247873aae9fbe8a64e03
p:  209158.3408709116
5d3124a82a01edefcba64d84
p:  311327.0485830689
5d312612a75b1a18d6a64d84
p:  241612.28271677857
5d31266be42bb968dea64d7a
p:  115079.31527825654
5d312672a75b1a18d6a64d86
p:  118925.70825011464
5d31267f2a01edefcba64d8c
p:  176026.96170925576
5d3126a612ec52713aa64d7d
p:  251563.17144050595
5d3126fef2d40d0798a64d8c
p:  153899.69336693926
5d3127032a01edefcba64d8e
p:  352283.6200573113
5d312704e433f8b938a64d81
p:  203801.71123201167
5d3127298d6d36f6c2a64d8a
p:  119087.09097432063
5d312738e42bb968dea64d7b
p:  157032.82767158857
5d31276e2791551558a64e15
p:  165708.83546249353
5d31279d2791551558a64e16
p:  170594.34409085737
5d3128862a01edefcba64d91
p:  257697.94992916816
5d31289d2a01edefcba64d92
p:  181242.86225754267
5d3128af670cfa09f3a64d75
p:  135483.02913989947
5d3128eea75b1a18d6a64d8d
p:  121084.53160648007
5d3128f4a75b1a18d6a64d8e
p:  121025.56468703775
5d31298c2a01edefcba64d94
p:  392386.12487311696
5d312a74a4c5012bc3a64d8a
p:  363266.84560079704
5d312ab72791551558a64e19
p:  102320.18572401113
5d312ac700c1d728c5a64d83
p:  157312.22198610433
5d312b36f245d5d13ba64d88
p:  174918.9867446718
5d312b892a01edefcba64d9a
p:  286980.12893742666
5d312b8fbcb3016c7aa64d86
p:  225032.99517918873
5d312b902791551558a64e1a
p:  171795.55324663385
5d312b92a75b1a18d6a64d92
p:  105846.35171369923
5d312b95e433f8b938a64d88
p:  168139.93277261528
5d312c498d6d36f6c2a64d95
p:  102031.27364977945
5d312c4a74ea9a1999a64db6
p:  127470.78417579454
5d312c5af245d5d13ba64d8c
p:  283716.3262611275
5d312d2dd53b284506a64de0
p:  134202.1913926082
5d312d61bcb3016c7aa64d8a
p:  132319.53156626842
5d312d8f2a01edefcba64d9c
p:  133930.1271516338
5d312dcabcb3016c7aa64d8d
p:  204293.1831067473
5d312ddb8d6d36f6c2a64d96
p:  104464.03282670525
5d312de12791551558a64e1c
p:  160570.36066006758
5d312e0074ea9a1999a64dba
p:  186056.99760510045
5d312e01f245d5d13ba64d90
p:  190614.65351522242
5d312e242a01edefcba64d9e
p:  145570.6373636378
5d312e7073aae9fbe8a64e12
p:  322334.17409581854
5d312eada75b1a18d6a64d99
p:  208118.3913746045
5d312f17a75b1a18d6a64d9b
p:  159125.67831185472
5d312f258d6d36f6c2a64d9a
p:  103684.600671535
5d312f3a00c1d728c5a64d87
p:  193638.300442793
5d312f7f73aae9fbe8a64e15
p:  323984.1343912502
5d31302bf245d5d13ba64d94
p:  237940.71884768305
5d31304b2791551558a64e20
p:  194964.6653316752
5d313086eba6e6f463a64d9f
p:  115775.38517259786
5d313087670cfa09f3a64d81
p:  189461.58578225586
5d31309aa75b1a18d6a64d9c
p:  99439.84724140602
5d3130aca75b1a18d6a64d9d
p:  220653.42295287774
5d3130af74ea9a1999a64dbf
p:  104355.44094473502
5d3130cb2a01edefcba64da0
p:  334395.1505880236
5d313132e42bb968dea64d88
p:  160835.2557900977
5d31316a74ea9a1999a64dc0
p:  186398.66606847872
5d31317de42bb968dea64d89
p:  273435.5206375923
5d31320b12ec52713aa64d98
p:  370440.03064213047
5d31321774ea9a1999a64dc2
p:  140958.15322107208
5d31326074ea9a1999a64dc3
p:  138045.89291010183
5d31326812ec52713aa64d9a
p:  323888.6049102292
5d3132912791551558a64e26
p:  197537.23866754118
5d3132dca4c5012bc3a64d9c
p:  148236.22054869944
5d313330bcb3016c7aa64d99
p:  256261.77330950223
5d31337400c1d728c5a64d8e
p:  112924.44159974609
5d3133c8e42bb968dea64d90
p:  197878.7469548569
5d3133fb670cfa09f3a64d8b
p:  136779.6710605704
5d313439d53b284506a64de6
p:  174510.28086591547
5d313447670cfa09f3a64d8d
p:  225829.84426706046
5d3135032a01edefcba64da6
p:  317243.5897763656
5d31359d74ea9a1999a64dc7
p:  168322.3808555057
5d3135c82a01edefcba64da7
p:  307736.6355332506
5d31360712ec52713aa64da2
p:  382375.62104800774
5d31362df245d5d13ba64d9f
p:  327135.96505747904
5d3136478d6d36f6c2a64da4
p:  112613.59141015224
5d313659670cfa09f3a64d90
p:  311610.37142851274
5d31367b670cfa09f3a64d91
p:  311610.37142851274
5d31368112ec52713aa64da3
p:  382375.62104800774
5d31373712ec52713aa64da4
p:  382375.62104800774
5d313781dd3bc15673a64daf
p:  122665.49139412954
5d3137c1d53b284506a64def
p:  146423.14074092705
5d3137f290dd967526a64db0
p:  128282.0087609743
5d313800a75b1a18d6a64da8
p:  392415.13219494495
5d31380174ea9a1999a64dca
p:  155334.11806482208
5d31380300c1d728c5a64d90
p:  112206.54862937731
5d31384800c1d728c5a64d96
p:  191044.8694950132
5d31386400c1d728c5a64d98
p:  163877.71308787802
5d31388c670cfa09f3a64d99
p:  191120.03163611417
5d3138a174ea9a1999a64dcd
p:  130516.7678454628
5d31392ca75b1a18d6a64dac
p:  185459.9227650863
5d31395abcb3016c7aa64da2
p:  147090.7578665439
5d31399a2a01edefcba64dab
p:  280309.96699394437
5d313a00a75b1a18d6a64dae
p:  220941.4751715445
5d313a1112ec52713aa64dac
p:  286630.418429615
5d313a37dd3bc15673a64db2
p:  340926.83448728116
5d313a3fbcb3016c7aa64da4
p:  108971.65308081656
5d313a408d6d36f6c2a64da6
p:  114920.04094717282
5d313a4274ea9a1999a64dce
p:  144665.87346511625
5d313a5573aae9fbe8a64e34
p:  316764.04098447826
5d313a6ba75b1a18d6a64daf
p:  441789.40692412574
5d313a82e42bb968dea64d97
p:  126264.66467211633
5d313a9600c1d728c5a64daf
p:  221696.9963908096
5d313aa6e42bb968dea64d98
p:  192378.3986995223
5d313aaf73aae9fbe8a64e35
p:  353704.8853231732
5d313ac9e42bb968dea64d99
p:  156917.26123269612
5d313adf74ea9a1999a64dd0
p:  122000.21517847995
5d313af5a75b1a18d6a64db1
p:  195952.6708694558
5d313b1fd708b0a3d0a64db5
p:  236945.21246080648
5d313b278d6d36f6c2a64da9
p:  389187.70910263644
5d313b2ca4c5012bc3a64da9
p:  127201.9181633738
5d313b372791551558a64e37
p:  153461.0660973865
5d313b922a01edefcba64daf
p:  305445.00697012607
5d313b992791551558a64e39
p:  189749.08576634817
5d313ba7bcb3016c7aa64da8
p:  143591.95874009025
5d313baef245d5d13ba64da3
p:  307689.57607312885
5d313bdce42bb968dea64d9d
p:  117517.52332327189
5d313cb9eba6e6f463a64db5
p:  106671.3495863111
5d313cba74ea9a1999a64dd2
p:  110059.93302713695
5d313cd974ea9a1999a64dd3
p:  174221.88067493596
5d313cf174ea9a1999a64dd4
p:  177380.4076965283
5d313d04f245d5d13ba64da6
p:  452431.2490047156
5d313d2ddd3bc15673a64db5
p:  115021.3412930218
5d313d4d73aae9fbe8a64e39
p:  249439.841349827
5d313d58a75b1a18d6a64db5
p:  120762.11845417906
5d313d73dd3bc15673a64db6
p:  120762.11845417906
5d313d7c73aae9fbe8a64e3a
p:  378427.5169288648
5d313dbbd708b0a3d0a64dbe
p:  310778.65094805334
5d313e362a01edefcba64db4
p:  318226.04044505494
5d313e5ea75b1a18d6a64db9
p:  101837.23832941071
5d313e66e42bb968dea64da4
p:  133033.65832390968
5d313e82dd3bc15673a64db8
p:  101837.23832941071
5d313eb2f2d40d0798a64db4
p:  132414.4031762137
5d313ec4d708b0a3d0a64dc3
p:  387314.89119336475
5d313f102a01edefcba64db6
p:  292174.47893850337
5d313f2bf2d40d0798a64db7
p:  232565.23014225753
5d313f8cdd3bc15673a64dba
p:  129905.95509775556
5d313f90d708b0a3d0a64dc5
p:  292783.2460035806
5d313feae433f8b938a64db9
p:  224672.6657494455
5d31406f00c1d728c5a64dba
p:  166303.24127959512
5d3140c300c1d728c5a64dbf
p:  209520.39971622988
5d3140f0f245d5d13ba64dad
p:  190614.65351522242
5d3141b0d708b0a3d0a64dc8
p:  331093.4186092686
5d314206a75b1a18d6a64dc3
p:  160401.20139927714
5d314225a75b1a18d6a64dc4
p:  178983.51324288175
5d314259bcb3016c7aa64db3
p:  117515.98644511131
5d314357670cfa09f3a64da8
p:  264457.8517414512
5d314391a75b1a18d6a64dc8
p:  103477.0193666647
5d3143cf73aae9fbe8a64e3d
p:  293363.639