Current date and time: 2020-06-07 15:34:19
Successfully connect to DB.
For ['Benewah', 'Bonner', 'Boundary', 'Kootenai', 'Shoshone', 'Ada', 'Adams', 'Boise', 'Canyon', 'Elmore', 'Gem', 'Owyhee', 'Payette', 'Valley', 'Washington']#################################################################
train score for random_forest: 0.9051069572433381
test score for random_forest: 0.32336387720718696
The mean absolute error is:$ 149774.33056477262
r_Score: 0.38314355413955636
Voting Regressor (in): 0.9371730393132857
Voting Regressor: 0.38314355413955636
5d0818e67c1d83daee248b84
p:  284256.8575263794
5d0b65c819aeb54ebe6efc10
p:  293140.47759872436
5d19bb91a22b896835d02efb
p:  373227.14312971965
5d26fa66107c1d579eeb6a35
p:  173236.1219707342
5d299707199bf96b6045ad02
p:  258963.7654063282
5d2997fc199bf96b6045ad04
p:  205616.98016466442
5d299dcb199bf96b6045ad0b
p:  272807.23882907454
5d2cea29aa1ce31ade80b0d1
p:  89935.41177370641
5d318f4ad708b0a3d0a64e62
p:  310640.43168840924
5d388769dd2d94d3c8b03ba2
p:  305581.1001860425
5d38a6f602947826d9b03bc7
p:  215208.3410598608
5d38f36502947826d9b03ce8
p:  180073.92123796837
5d53227482a56c755369ee72
p:  217189.55198174354
5d53228882a56c755369ee73
p:  590173.1399210715
5d53240782a56c755369ee75
p:  333200.20391665027
5d53259b3ce3d2536f69eebd
p:  294911.6066759316
5d5325ac6c9a6bf99e69ee95
p:  363332.07028142863
5d53268cdef993ac6a69eea4
p:  380904.6173881398
5d532704d1ce208a9669eea8
p:  301711.31451502535
5d532791d1ce208a9669eeaa
p:  205238.7861337703
5d532829d1ce208a9669eeac
p:  228751.5320729034
5d532928d1ce208a9669eeb5
p:  280142.2526164825
5d53294c82a56c755369ee7c
p:  283714.8714648442
5d532980d1ce208a9669eeb9
p:  282910.24793949124
5d5329a4d1ce208a9669eebb
p:  269096.7308036126
5d532a79d1ce208a9669eec8
p:  352256.1679094803
5d532ac782a56c755369ee7f
p:  194953.96163133372
5d532b3c3ce3d2536f69eeca
p:  360774.3960788322
5d532cb93ce3d2536f69eecd
p:  341243.9479717897
5d532e3f3ce3d2536f69eed1
p:  505060.86739717086
5d53307ae2f0b1502169eeb3
p:  397936.51261464995
5d53308d3ce3d2536f69eed7
p:  321750.5477467892
5d5330f6756c92bcdd69eea6
p:  474418.2735873299
5d5330f8def993ac6a69eed6
p:  362029.5791240341
5d533293c31d2e140f69eeae
p:  311295.13855395385
5d53338be2f0b1502169eeb8
p:  288540.8154609654
5d5333b4def993ac6a69eede
p:  677019.3738023008
5d5333f9c31d2e140f69eeb2
p:  214544.72844989278
5d533456bb0ea4894d69eea5
p:  194228.02709421795
5d533517e2f0b1502169eebe
p:  299432.25688351155
5d53353fe2f0b1502169eec0
p:  604105.7181584102
5d53354fe2f0b1502169eec1
p:  327218.6195845387
5d53359d77a58e6c2c69eee7
p:  264993.18536118243
5d5335e8def993ac6a69eee0
p:  338132.56476173503
5d53366987c194431569eeaa
p:  280578.700671586
5d5336803ce3d2536f69eee2
p:  411234.21683785645
5d53369877a58e6c2c69eeea
p:  399332.9927137866
5d5336d087c194431569eeab
p:  386390.32180659194
5d53374477a58e6c2c69eeeb
p:  226562.44316476036
5d5337d13ce3d2536f69eee3
p:  406717.90075304
5d5337f6bb0ea4894d69eeaf
p:  242250.4536036282
5d5339b43ce3d2536f69eee7
p:  303375.4180104608
5d5339d6bb0ea4894d69eeb4
p:  232589.11306690896
5d533a4f87c194431569eeb1
p:  302465.52731940674
5d533a63bb0ea4894d69eeb5
p:  196169.5489874399
5d533a990c00befe4669eed6
p:  420029.83374913485
5d533ab587c194431569eeb3
p:  321644.3194325565
5d533b3cdef993ac6a69eeec
p:  281991.40118307306
5d533b9587c194431569eeb5
p:  413085.38039083465
5d533c8bc31d2e140f69eebe
p:  233436.82048952472
5d533c90e2f0b1502169eed0
p:  353770.35089407826
5d533c98bb0ea4894d69eebb
p:  259307.72806560926
5d533dce7f51cc5f1b69eeb6
p:  452894.03727302904
5d533ddb3ce3d2536f69eeeb
p:  356667.8942632695
5d533e03fd992a45b569eecf
p:  392561.8999370917
5d533f75e2f0b1502169eed7
p:  315478.4492004389
5d533f827f51cc5f1b69eeba
p:  857565.5542674423
5d533f9477a58e6c2c69ef03
p:  265935.5767349664
5d533faa77a58e6c2c69ef04
p:  269349.47700250964
5d53401887c194431569eebb
p:  417250.2862761164
5d5340a67f51cc5f1b69eebb
p:  435085.13869808277
5d534120bb0ea4894d69eec6
p:  194228.02709421795
5d53414782a56c755369eeaa
p:  257441.1502368432
5d5341f587c194431569eebd
p:  254412.68495776772
5d5341fa7f51cc5f1b69eec1
p:  265391.2528195565
5d534211bb0ea4894d69eec9
p:  227243.79166369548
5d5342296c9a6bf99e69eedc
p:  405262.07169509714
5d53426fe2f0b1502169eedc
p:  294952.8739088456
5d5342d26c9a6bf99e69eede
p:  258958.6922412583
5d53430387c194431569eec0
p:  414198.72951686056
5d5343f6e2f0b1502169eee1
p:  284549.77328527137
5d5344703ce3d2536f69eef6
p:  410598.6624396562
5d534495e2f0b1502169eee3
p:  272672.50352267583
5d5344c40c00befe4669eef0
p:  320900.5476044045
5d53451e87c194431569eec7
p:  334342.52728319506
5d534532e2f0b1502169eee4
p:  324273.7296982589
5d5345c9e5d9f640b469ef0e
p:  389543.3381214609
5d5345dd7f51cc5f1b69eec6
p:  408262.44485092023
5d5345fd6c9a6bf99e69eee7
p:  233404.69178140952
5d53462a3ce3d2536f69eef8
p:  427048.4546163021
5d534657756c92bcdd69eece
p:  227648.3559700746
5d53467687c194431569eec9
p:  251603.8946484282
5d5346ab6c9a6bf99e69eee9
p:  221802.15846633856
5d5346f3e2f0b1502169eee7
p:  242421.2808359533
5d5347120c00befe4669eef6
p:  516815.494522659
5d53476fa51186e7ca69ef0c
p:  297521.0140221497
5d5347700c00befe4669eef7
p:  218327.97610679493
5d5347e80c00befe4669eef8
p:  231026.28304636388
5d5348846c9a6bf99e69eeef
p:  232264.2520329724
5d53489682a56c755369eebe
p:  69108.29001053021
5d53489e0c00befe4669eef9
p:  325569.43804182357
5d53491be5d9f640b469ef13
p:  275395.26069686987
5d534931a51186e7ca69ef0e
p:  361649.8119138387
5d5349a7bb0ea4894d69eed9
p:  168746.68806807633
5d5349c17f51cc5f1b69eecf
p:  265462.44664376
5d5349f9e5d9f640b469ef14
p:  256145.95991579822
5d534a32def993ac6a69ef08
p:  213384.61065738983
5d534a35a51186e7ca69ef11
p:  282789.12997549016
5d534a46def993ac6a69ef09
p:  554764.6626299811
5d534a5987c194431569eed4
p:  306739.75054933724
5d534a74a51186e7ca69ef12
p:  305613.9677673362
5d534a7787c194431569eed5
p:  432520.85753987345
5d534a89d1ce208a9669ef03
p:  264165.06939086516
5d534a9787c194431569eed6
p:  334791.17598695203
5d534ab7def993ac6a69ef0a
p:  279872.2227339441
5d534af3d1ce208a9669ef04
p:  678088.4885463802
5d534b20e5d9f640b469ef15
p:  270514.6402863023
5d534b20def993ac6a69ef0b
p:  322391.9955423153
5d534b430c00befe4669eeff
p:  512196.04942759254
5d534b5dd1ce208a9669ef05
p:  364467.78855953214
5d534b713ce3d2536f69ef11
p:  703588.6445784994
5d534b80a51186e7ca69ef15
p:  346604.81283990014
5d534bab6c9a6bf99e69eefb
p:  173704.03589219728
5d534bd80c00befe4669ef01
p:  596494.0996112721
5d534bfe82a56c755369eec7
p:  219589.078536943
5d534c3c87c194431569eed9
p:  288870.18916354666
5d534c70756c92bcdd69eeda
p:  265234.399720833
5d534c80e5d9f640b469ef17
p:  277689.4740934917
5d534cab6c9a6bf99e69eefd
p:  180149.02883117128
5d534cb5a51186e7ca69ef19
p:  365399.88121840154
5d534cc587c194431569eeda
p:  395441.4374246793
5d534d55d1ce208a9669ef0a
p:  529558.7414317625
5d534d5de5d9f640b469ef1b
p:  339778.5427552109
5d534da577a58e6c2c69ef21
p:  265414.5994842549
5d534dbfa51186e7ca69ef1c
p:  352989.6166608629
5d534dc9a51186e7ca69ef1d
p:  327482.2393300441
5d534dcb6c9a6bf99e69eeff
p:  181232.70804932297
5d534dd3a51186e7ca69ef1e
p:  291457.1107963978
5d534deaa51186e7ca69ef20
p:  313225.1864675488
5d534dead1ce208a9669ef0c
p:  256898.29950609943
5d534df4a51186e7ca69ef21
p:  352175.3808100267
5d534dfcd1ce208a9669ef0d
p:  212153.13317390863
5d534dfea51186e7ca69ef22
p:  720145.519123425
5d534e2ba51186e7ca69ef23
p:  397604.6388157252
5d534e5c3ce3d2536f69ef23
p:  410598.6624396562
5d534e6687c194431569eedf
p:  390355.9399968907
5d534e770c00befe4669ef06
p:  381022.2559420829
5d534e85756c92bcdd69eee2
p:  164256.5341712403
5d534e8b7f51cc5f1b69eedb
p:  491841.2520862339
5d534ea687c194431569eee0
p:  339036.39665841614
5d534ea9e5d9f640b469ef20
p:  279096.3372982064
5d534eda87c194431569eee1
p:  298338.3055557419
5d534eda3ce3d2536f69ef26
p:  424721.14763279445
5d534ee0e2f0b1502169eef9
p:  296997.32166640525
5d534effe5d9f640b469ef21
p:  286868.52136260737
5d534f06def993ac6a69ef0e
p:  269357.3100550907
5d534f4fe5d9f640b469ef22
p:  292865.86788303056
5d534f5f3ce3d2536f69ef29
p:  314233.35053781606
5d534f7b0c00befe4669ef08
p:  414918.0866594837
5d534f98d1ce208a9669ef10
p:  258601.94387447386
5d534fcbd1ce208a9669ef11
p:  278989.26897104434
5d534fccdef993ac6a69ef0f
p:  274363.8851616231
5d534fd23255e222f269eeda
p:  315127.87566844263
5d534ff4def993ac6a69ef10
p:  496844.7506401129
5d53502cd1ce208a9669ef13
p:  472624.49135243206
5d53506ee5d9f640b469ef26
p:  248319.26556704746
5d535088d1ce208a9669ef15
p:  256531.1660908183
5d535091756c92bcdd69eee5
p:  329591.3102960316
5d53510182a56c755369eeda
p:  237289.14299481642
5d53511ed1ce208a9669ef19
p:  264838.3073959937
5d53512ae5d9f640b469ef29
p:  333681.1990052109
5d53512d87c194431569eee4
p:  428707.43117857
5d53512f0c00befe4669ef09
p:  448340.552312501
5d535151c31d2e140f69eef2
p:  291349.4321489432
5d5351600c00befe4669ef0a
p:  336839.5461644773
5d5351800c00befe4669ef0b
p:  351461.4673757368
5d53518fdef993ac6a69ef11
p:  319217.89605815406
5d53519dd1ce208a9669ef1c
p:  344070.24326609983
5d5351bc3255e222f269eedd
p:  948643.787550827
5d5351c1def993ac6a69ef12
p:  256268.2279639067
5d5351fce5d9f640b469ef2a
p:  237888.4095475746
5d53521ddef993ac6a69ef13
p:  716757.0712891469
5d5352320c00befe4669ef0c
p:  443308.7881357722
5d535246d1ce208a9669ef20
p:  546616.8056647519
5d535258e5d9f640b469ef2b
p:  344735.9611321671
5d53526dd1ce208a9669ef21
p:  282319.9997012877
5d5352747f51cc5f1b69eee4
p:  387690.188095503
5d53528e0c00befe4669ef0d
p:  557657.3204535441
5d5352aadef993ac6a69ef14
p:  268952.2326590637
5d5352af3255e222f269eee0
p:  323761.7763520295
5d5352d33255e222f269eee1
p:  502563.97951636545
5d5352d9def993ac6a69ef15
p:  221896.21286331004
5d5352df0c00befe4669ef0e
p:  353535.7903924298
5d5352e1e5d9f640b469ef2c
p:  269524.19270760415
5d535302d1ce208a9669ef24
p:  231405.62511074936
5d5353273ce3d2536f69ef40
p:  716814.4588465758
5d53532ad1ce208a9669ef25
p:  643020.8844769455
5d53534f6c9a6bf99e69ef0b
p:  244910.74691234907
5d535357d1ce208a9669ef26
p:  297015.39020365605
5d5353656c9a6bf99e69ef0c
p:  250113.8796913242
5d535366c31d2e140f69eef3
p:  352059.63652628753
5d535367e5d9f640b469ef2e
p:  310296.01040446386
5d53537b3255e222f269eee3
p:  248899.33219434577
5d5353af3255e222f269eee4
p:  291433.72055949876
5d5353b7d1ce208a9669ef28
p:  278989.26897104434
5d5353c3756c92bcdd69eeec
p:  232796.21158970718
5d5353c987c194431569eeec
p:  403313.865163965
5d5353cad1ce208a9669ef29
p:  284446.6209945845
5d5353dfe5d9f640b469ef2f
p:  328308.16977750295
5d535450d1ce208a9669ef2c
p:  258601.94387447386
5d53546ed1ce208a9669ef2d
p:  259950.99625942868
5d5354733ce3d2536f69ef48
p:  338687.32325446757
5d535488c31d2e140f69eef5
p:  604050.1988602271
5d5354bfe5d9f640b469ef30
p:  321150.36898238095
5d5354ced1ce208a9669ef2f
p:  276808.8679102737
5d535503c31d2e140f69eef7
p:  522516.88550444343
5d53550bd1ce208a9669ef31
p:  329086.20120284584
5d535540c31d2e140f69eef8
p:  560353.7020553134
5d53555dd1ce208a9669ef33
p:  263920.08834716235
5d5355e2d1ce208a9669ef36
p:  249112.09671374736
5d53562bc31d2e140f69eefb
p:  367441.23329158965
5d535661c31d2e140f69eefc
p:  322352.3869950678
5d535684756c92bcdd69eef6
p:  252228.74279879814
5d5356c40c00befe4669ef16
p:  504327.0071820797
5d53579ba51186e7ca69ef3a
p:  283666.2173249634
5d5357c2def993ac6a69ef1c
p:  252751.56507624907
5d535843a51186e7ca69ef3d
p:  260507.62503028067
5d535893756c92bcdd69eefc
p:  382826.91166799143
5d535944def993ac6a69ef21
p:  317674.27836283465
5d535974def993ac6a69ef22
p:  365698.32925221825
5d53597cd1ce208a9669ef4a
p:  261486.59249092833
5d5359d3d1ce208a9669ef4c
p:  506448.9105256429
5d5359f63255e222f269eeef
p:  261033.2662880568
5d535a283255e222f269eef1
p:  193230.13177360455
5d535a2dd1ce208a9669ef4e
p:  374876.6721982615
5d535a54d1ce208a9669ef4f
p:  231333.11771888728
5d535a7382a56c755369eef1
p:  257466.82777364182
5d535aca82a56c755369eef2
p:  377110.63077445026
5d535b7f0c00befe4669ef20
p:  506672.83766038984
5d535bb4d1ce208a9669ef57
p:  243363.49019568734
5d535bbfbb0ea4894d69eefc
p:  956069.6031268582
5d535c0ed1ce208a9669ef59
p:  268431.8637026483
5d535c2ea51186e7ca69ef42
p:  384564.3289433463
5d535c816c9a6bf99e69ef1e
p:  563726.8212895188
5d535cd0c31d2e140f69ef07
p:  525299.8523794604
5d535cd83ce3d2536f69ef7b
p:  444854.43212706636
5d535ceb87c194431569ef00
p:  423435.26228289003
5d535d1387c194431569ef01
p:  537370.0946796917
5d535d22def993ac6a69ef26
p:  262872.13836441486
5d535d64def993ac6a69ef27
p:  298664.1858280429
5d535d663255e222f269eef2
p:  253216.18332441192
5d535d7fd1ce208a9669ef63
p:  332267.9281149376
5d535d84def993ac6a69ef28
p:  334139.43934511405
5d535d953255e222f269eef3
p:  444517.33136370126
5d535dcf3255e222f269eef4
p:  374529.62117532955
5d535dd8bb0ea4894d69eeff
p:  465158.18050397676
5d535ddca51186e7ca69ef47
p:  339474.061292931
5d535df13255e222f269eef5
p:  270500.92552282976
5d535e0d756c92bcdd69ef0c
p:  245185.8774664992
5d535e22e5d9f640b469ef41
p:  513093.3857128239
5d535e27e2f0b1502169ef1a
p:  301301.6427705481
5d535e67a51186e7ca69ef49
p:  354987.84393346857
5d535e6fdef993ac6a69ef29
p:  292065.0453155529
5d535ebe0c00befe4669ef26
p:  568111.7670130609
5d535ed577a58e6c2c69ef52
p:  273570.0581786473
5d535ee20c00befe4669ef27
p:  218327.97610679493
5d535f13756c92bcdd69ef0e
p:  258900.46122129896
5d535f29d1ce208a9669ef6e
p:  418573.93766389857
5d535f35c31d2e140f69ef0c
p:  293361.234282641
5d535f4d82a56c755369eefc
p:  432751.91565353423
5d535f54d1ce208a9669ef6f
p:  575161.505858294
5d535f5777a58e6c2c69ef54
p:  285157.94009661133
5d535f66bb0ea4894d69ef02
p:  293361.234282641
5d535f86e2f0b1502169ef1c
p:  296997.32166640525
5d535fa53ce3d2536f69ef8c
p:  665796.6600248741
5d535fea0c00befe4669ef29
p:  557612.1095152786
5d535ff182a56c755369eefe
p:  429072.9502650212
5d535ff1e5d9f640b469ef43
p:  383246.59122350893
5d536038bb0ea4894d69ef05
p:  660218.8954743793
5d536048d1ce208a9669ef74
p:  253252.40597145865
5d53607682a56c755369ef02
p:  281523.706843005
5d53609fa51186e7ca69ef52
p:  409170.49206353026
5d5360badef993ac6a69ef2e
p:  372096.0964826135
5d5360c5d1ce208a9669ef77
p:  321838.04555891745
5d5360dc756c92bcdd69ef11
p:  218644.90313628523
5d53612e3255e222f269eef9
p:  261755.97044635998
5d536156d1ce208a9669ef7b
p:  524140.451522937
5d5361c63ce3d2536f69ef99
p:  549693.650125193
5d5361d8d1ce208a9669ef7e
p:  601880.7795037506
5d53620fdef993ac6a69ef30
p:  324435.28370151366
5d53622d0c00befe4669ef2c
p:  492564.84031498095
5d536260d1ce208a9669ef82
p:  351652.75316794694
5d536277def993ac6a69ef34
p:  478047.3800183921
5d53628087c194431569ef15
p:  304237.20367433724
5d536287d1ce208a9669ef83
p:  266044.8952002668
5d5362ced1ce208a9669ef87
p:  460370.26269629115
5d5362d6d1ce208a9669ef88
p:  211226.58146765447
5d53635fd1ce208a9669ef8f
p:  436159.0302595844
5d5363c677a58e6c2c69ef6b
p:  256268.2279639067
5d5363d03255e222f269eefa
p:  261755.97044635998
5d5363fe3255e222f269eefb
p:  352614.81459122105
5d536401def993ac6a69ef37
p:  236025.43563640106
5d536433d1ce208a9669ef9a
p:  265457.5214690729
5d53644377a58e6c2c69ef6d
p:  423075.1834195277
5d5364430c00befe4669ef30
p:  491107.6941445529
5d5364523255e222f269eefd
p:  327868.71073283994
5d53646ad1ce208a9669ef9c
p:  310804.73086781247
For ['Bonneville', 'Butte', 'Clark', 'Custer', 'Fremont', 'Jefferson', 'Lemhi', 'Madison', 'Teton']#################################################################
train score for random_forest: 0.9297663872983087
test score for random_forest: -0.04441169335554229
The mean absolute error is:$ 202353.68591155065
r_Score: -0.08861052336163122
Voting Regressor (in): 0.9752790523928552
Voting Regressor: -0.08861052336163122
5d1bbbbf03ecbb08e0bf61a0
p:  155646.56718349148
5d530489e5d9f640b469ee45
p:  155402.4528975163
5d530494e5d9f640b469ee46
p:  211530.90727830154
5d5304a0e5d9f640b469ee47
p:  276489.14371570275
5d5304c2e5d9f640b469ee4a
p:  183008.05473592738
5d5304e4e5d9f640b469ee4d
p:  206495.46196580154
5d53059ae5d9f640b469ee52
p:  173140.52071443756
5d5305ae0c00befe4669ee5a
p:  503610.8355740089
5d5305c5756c92bcdd69ee44
p:  305318.04623814457
5d53066282a56c755369ee39
p:  435535.60317292996
5d5306647f51cc5f1b69ee4a
p:  181795.1833497451
5d5306cd82a56c755369ee3b
p:  315623.2040018876
5d53073f756c92bcdd69ee4a
p:  158240.35626693582
5d530772e5d9f640b469ee60
p:  475491.76592946344
5d5307fee5d9f640b469ee66
p:  186854.9008319574
5d53080fe5d9f640b469ee67
p:  133758.07885071516
5d5308f7756c92bcdd69ee4c
p:  370114.7790827702
5d53091be2f0b1502169ee4e
p:  199672.74190396295
5d530984e5d9f640b469ee6d/home/testapiuser/HouseApp_2/PricePrediction/IDPrice.py:279: SettingWithCopyWarning: 
A value is trying to be set on a copy of a slice from a DataFrame.
Try using .loc[row_indexer,col_indexer] = value instead

See the caveats in the documentation: http://pandas.pydata.org/pandas-docs/stable/indexing.html#indexing-view-versus-copy
  df2['AreaSpace_SQFT'] = df2['AreaSpace_SQFT'].astype(int)
/home/testapiuser/HouseApp_2/PricePrediction/IDPrice.py:291: SettingWithCopyWarning: 
A value is trying to be set on a copy of a slice from a DataFrame.
Try using .loc[row_indexer,col_indexer] = value instead

See the caveats in the documentation: http://pandas.pydata.org/pandas-docs/stable/indexing.html#indexing-view-versus-copy
  df2['Price'] = z1
/home/testapiuser/HouseApp_2/PricePrediction/IDPrice.py:298: SettingWithCopyWarning: 
A value is trying to be set on a copy of a slice from a DataFrame.
Try using .loc[row_indexer,col_indexer] = value instead

See the caveats in the documentation: http://pandas.pydata.org/pandas-docs/stable/indexing.html#indexing-view-versus-copy
  df2['AreaSpace_SQFT'] = z2
/home/testapiuser/HouseApp_2/PricePrediction/IDPrice.py:279: SettingWithCopyWarning: 
A value is trying to be set on a copy of a slice from a DataFrame.
Try using .loc[row_indexer,col_indexer] = value instead

See the caveats in the documentation: http://pandas.pydata.org/pandas-docs/stable/indexing.html#indexing-view-versus-copy
  df2['AreaSpace_SQFT'] = df2['AreaSpace_SQFT'].astype(int)
/home/testapiuser/HouseApp_2/PricePrediction/IDPrice.py:291: SettingWithCopyWarning: 
A value is trying to be set on a copy of a slice from a DataFrame.
Try using .loc[row_indexer,col_indexer] = value instead

See the caveats in the documentation: http://pandas.pydata.org/pandas-docs/stable/indexing.html#indexing-view-versus-copy
  df2['Price'] = z1
/home/testapiuser/HouseApp_2/PricePrediction/IDPrice.py:298: SettingWithCopyWarning: 
A value is trying to be set on a copy of a slice from a DataFrame.
Try using .loc[row_indexer,col_indexer] = value instead

See the caveats in the documentation: http://pandas.pydata.org/pandas-docs/stable/indexing.html#indexing-view-versus-copy
  df2['AreaSpace_SQFT'] = z2
/home/testapiuser/HouseApp_2/PricePrediction/IDPrice.py:279: SettingWithCopyWarning: 
A value is trying to be set on a copy of a slice from a DataFrame.
Try using .loc[row_indexer,col_indexer] = value instead

See the caveats in the documentation: http://pandas.pydata.org/pandas-docs/stable/indexing.html#indexing-view-versus-copy
  df2['AreaSpace_SQFT'] = df2['AreaSpace_SQFT'].astype(int)
/home/testapiuser/HouseApp_2/PricePrediction/IDPrice.py:291: SettingWithCopyWarning: 
A value is trying to be set on a copy of a slice from a DataFrame.
Try using .loc[row_indexer,col_indexer] = value instead

See the caveats in the documentation: http://pandas.pydata.org/pandas-docs/stable/indexing.html#indexing-view-versus-copy
  df2['Price'] = z1
/home/testapiuser/HouseApp_2/PricePrediction/IDPrice.py:298: SettingWithCopyWarning: 
A value is trying to be set on a copy of a slice from a DataFrame.
Try using .loc[row_indexer,col_indexer] = value instead

See the caveats in the documentation: http://pandas.pydata.org/pandas-docs/stable/indexing.html#indexing-view-versus-copy
  df2['AreaSpace_SQFT'] = z2
/home/testapiuser/HouseApp_2/PricePrediction/IDPrice.py:279: SettingWithCopyWarning: 
A value is trying to be set on a copy of a slice from a DataFrame.
Try using .loc[row_indexer,col_indexer] = value instead

See the caveats in the documentation: http://pandas.pydata.org/pandas-docs/stable/indexing.html#indexing-view-versus-copy
  df2['AreaSpace_SQFT'] = df2['AreaSpace_SQFT'].astype(int)
/home/testapiuser/HouseApp_2/PricePrediction/IDPrice.py:291: SettingWithCopyWarning: 
A value is trying to be set on a copy of a slice from a DataFrame.
Try using .loc[row_indexer,col_indexer] = value instead

See the caveats in the documentation: http://pandas.pydata.org/pandas-docs/stable/indexing.html#indexing-view-versus-copy
  df2['Price'] = z1
/home/testapiuser/HouseApp_2/PricePrediction/IDPrice.py:298: SettingWithCopyWarning: 
A value is trying to be set on a copy of a slice from a DataFrame.
Try using .loc[row_indexer,col_indexer] = value instead

See the caveats in the documentation: http://pandas.pydata.org/pandas-docs/stable/indexing.html#indexing-view-versus-copy
  df2['AreaSpace_SQFT'] = z2

p:  178126.8051063781
5d530a55e2f0b1502169ee53
p:  164431.11048665713
5d530a81e5d9f640b469ee73
p:  168774.57675696013
5d530ad1e5d9f640b469ee75
p:  131622.54780930147
5d530ca6756c92bcdd69ee55
p:  176874.6166862078
5d530eb36c9a6bf99e69ee55
p:  143902.72146566678
5d530f04e5d9f640b469ee89
p:  145286.23660187755
5d530fcd6c9a6bf99e69ee58
p:  208878.9508686209
5d531124756c92bcdd69ee5d
p:  294633.7243571335
5d5311a56c9a6bf99e69ee63
p:  214102.9690931777
5d5311cd6c9a6bf99e69ee64
p:  197564.55206792668
5d5311f56c9a6bf99e69ee65
p:  204798.24709867843
5d531395d1ce208a9669ee68
p:  193680.6503044727
5d53146bd1ce208a9669ee6c
p:  131732.14837362786
5d5314c077a58e6c2c69ee5f
p:  218224.8524123284
5d53158177a58e6c2c69ee64
p:  168706.84936406297
5d5316136c9a6bf99e69ee6d
p:  231715.30680214713
5d53163b6c9a6bf99e69ee6e
p:  313301.7913246169
5d5316cf7f51cc5f1b69ee5b
p:  115884.80078233624
5d53179177a58e6c2c69ee72
p:  375860.2854119605
5d5317ac7f51cc5f1b69ee5d
p:  182654.64916248462
5d531808756c92bcdd69ee6c
p:  171369.88530387514
5d5318367f51cc5f1b69ee60
p:  182654.64916248462
5d53185d6c9a6bf99e69ee73
p:  197564.55206792668
5d53191a3ce3d2536f69ee9c
p:  173096.24705281027
5d531f5a7f51cc5f1b69ee6a
p:  178944.67575902242
5d5320e37f51cc5f1b69ee72
p:  262577.91812269425
5d5321417f51cc5f1b69ee77
p:  181795.1833497451
5d5321557f51cc5f1b69ee78
p:  159929.01706382685
5d5321de6c9a6bf99e69ee8c
p:  219249.9887938585
5d5327f27f51cc5f1b69ee88
p:  251812.39675047726
5d532d957f51cc5f1b69ee91
p:  180228.6441324869
For ['Clearwater', 'Idaho', 'Latah', 'Lewis', 'Nez Perce', 'Bingham', 'Power', 'Bannock', 'Caribou', 'Franklin', 'Bear Lake']#################################################################
train score for random_forest: 0.8985598531982139
test score for random_forest: 0.16658666427837787
The mean absolute error is:$ 157061.9231765597
r_Score: 0.28780224421712364
Voting Regressor (in): 0.9611655502307666
Voting Regressor: 0.28780224421712364
5d52ee8c3ce3d2536f69ee11
p:  205073.38660201902
5d52eed2d1ce208a9669ee12
p:  224372.57634361996
5d52efc5bb0ea4894d69ee13
p:  214941.38913923156
5d52efe3fd992a45b569ee13
p:  152985.58054248407
5d52effde2f0b1502169ee14
p:  329718.3777681079
5d52f0c1e2f0b1502169ee18
p:  355305.8436321262
5d52f159fd992a45b569ee14
p:  209860.83141954153
5d52f27ee2f0b1502169ee19
p:  196673.41951831192
5d52f2cad1ce208a9669ee1b
p:  388579.0760079119
5d52f330e2f0b1502169ee1a
p:  291616.02601509757
5d52f36adef993ac6a69ee17
p:  94984.70188945107
5d52f3c9e2f0b1502169ee1c
p:  335766.0840774074
5d52f409fd992a45b569ee18
p:  240294.2579241295
5d52f409e2f0b1502169ee1d
p:  202882.25172689714
5d52f430fd992a45b569ee19
p:  236839.12353880328
5d52f487fd992a45b569ee1b
p:  163977.5510506709
5d52f4a8bb0ea4894d69ee1c
p:  370630.28292887146
5d52f4c6fd992a45b569ee1e
p:  166499.114061889
5d52f520bb0ea4894d69ee1d
p:  175837.08204256173
5d52f550fd992a45b569ee23
p:  152395.6291857987
5d52f567fd992a45b569ee24
p:  172883.0793950628
5d52f576bb0ea4894d69ee21
p:  300695.77739437734
5d52f59afd992a45b569ee27
p:  154757.47999503004
5d52f5f9fd992a45b569ee2b
p:  243934.63008633035
5d52f5fae2f0b1502169ee21
p:  148720.48766508495
5d52f62bfd992a45b569ee2d
p:  190932.6422542601
5d52f632e2f0b1502169ee23
p:  113962.00766287043
5d52f649fd992a45b569ee2e
p:  148324.70031852653
5d52f663fd992a45b569ee2f
p:  153400.1562431943
5d52f671fd992a45b569ee30
p:  192402.5877367566
5d52f6b2fd992a45b569ee33
p:  171821.303551759
5d52f857e2f0b1502169ee25
p:  134270.54622642457
5d52f95dfd992a45b569ee39
p:  139633.6889972997
5d52f989e2f0b1502169ee28
p:  296890.0980321834
5d52f9c8e2f0b1502169ee29
p:  147757.98068780155
5d52fa36e2f0b1502169ee2a
p:  219691.27254000475
5d52fbc4fd992a45b569ee41
p:  121941.0485696032
5d52fcc1fd992a45b569ee44
p:  141493.12922705954
5d52ff1be2f0b1502169ee39
p:  294419.46068795497
5d52ff32fd992a45b569ee49
p:  147942.87472351396
5d52ff55e2f0b1502169ee3b
p:  391282.2050417306
5d5303d3fd992a45b569ee4c
p:  125034.92965016575
5d530518fd992a45b569ee53
p:  248148.28794324846
5d530542fd992a45b569ee54
p:  200218.60950569378
5d530550fd992a45b569ee55
p:  149062.78555433083
5d530570fd992a45b569ee56
p:  151318.1161340509
5d530610fd992a45b569ee59
p:  195711.46178016148
5d530db8fd992a45b569ee64
p:  111466.50720047744
5d5318ece5d9f640b469eea3
p:  95004.52893308489
5d53198fd1ce208a9669ee89
p:  435106.3686324252
5d5319e6e5d9f640b469eea9
p:  322425.95851116476
5d531b02e5d9f640b469eeb0
p:  199730.75939689163
5d531b2be5d9f640b469eeb1
p:  236340.81007514364
5d531b50e5d9f640b469eeb2
p:  218619.84642903082
5d531c88e5d9f640b469eeba
p:  340974.9177637915
5d531cbee5d9f640b469eebb
p:  315691.6553020389
5d531eb0e5d9f640b469eec1
p:  278321.2634959128
5d53206582a56c755369ee6a
p:  348074.52139025833
5d53209e3255e222f269ee69
p:  252918.39912738808
5d53262de5d9f640b469eecd
p:  147620.36133083544
5d5339b6e5d9f640b469eeef
p:  315691.6553020389
5d533f87e5d9f640b469eeff
p:  167345.1245552513
For ['Blaine', 'Bonneville', 'Camas', 'Cassia', 'Custer', 'Gooding', 'Jerome', 'Lincoln', 'Minidoka', 'Oneida', 'Twin Falls']#################################################################
train score for random_forest: 0.9460490065478069
test score for random_forest: 0.6496682800029452
The mean absolute error is:$ 317268.79962890066
r_Score: 0.6405896224279929
Voting Regressor (in): 0.9749240666939216
Voting Regressor: 0.6405896224279929
5d1bbbbf03ecbb08e0bf61a0
p:  147864.80850009347
5d2e5be2b39b58f1d2167d68
p:  349078.83378762816
5d52f3c93ebe8dfc5469ee16
p:  307305.23444031045
5d52f7096c9a6bf99e69ee27
p:  363592.31746227655
5d52f8d83ce3d2536f69ee2b
p:  275159.35352570546
5d52f9063ce3d2536f69ee2c
p:  171802.66722570267
5d52f9106c9a6bf99e69ee31
p:  348910.63207680534
5d52f9676c9a6bf99e69ee33
p:  207275.39662399597
5d52fb0edef993ac6a69ee2c
p:  507269.49410993845
5d52fbef77a58e6c2c69ee31
p:  696257.8690786669
5d52fc016c9a6bf99e69ee39
p:  182904.7518649905
5d52fc2e6c9a6bf99e69ee3a
p:  300931.94751406903
5d52fdd377a58e6c2c69ee35
p:  253402.48499903877
5d530023a51186e7ca69ee36
p:  1452475.929908752
5d53029edef993ac6a69ee38
p:  391226.93318395433
5d5303e1e5d9f640b469ee36
p:  373336.52188290714
5d5304696c9a6bf99e69ee47
p:  258058.6791976203
5d530489e5d9f640b469ee45
p:  158162.90713056904
5d530494e5d9f640b469ee46
p:  149337.2197370876
5d5304a0e5d9f640b469ee47
p:  230140.42498538844
5d5304c2e5d9f640b469ee4a
p:  419055.10805649904
5d5304e4e5d9f640b469ee4d
p:  133929.5068464626
5d530552bb0ea4894d69ee41
p:  189549.97197346308
5d53059ae5d9f640b469ee52
p:  172969.30168949792
5d5305c5756c92bcdd69ee44
p:  291964.24728100374
5d5306443ebe8dfc5469ee38
p:  334391.3387508617
5d5306647f51cc5f1b69ee4a
p:  272745.52623635007
5d53073f756c92bcdd69ee4a
p:  163882.37691115643
5d530772e5d9f640b469ee60
p:  83194.40037411082
5d5307fee5d9f640b469ee66
p:  188350.05508473725
5d53080fe5d9f640b469ee67
p:  132468.45797242213
5d5308f7756c92bcdd69ee4c
p:  378207.5508752994
5d53091be2f0b1502169ee4e
p:  547397.4443687885
5d530984e5d9f640b469ee6d
p:  149220.83738121108
5d530a55e2f0b1502169ee53
p:  139387.38215336588
5d530a81e5d9f640b469ee73
p:  269631.9689729383
5d530ad1e5d9f640b469ee75
p:  210171.33763107023
5d530afc3ebe8dfc5469ee40
p:  200672.83317481994
5d530ca6756c92bcdd69ee55
p:  256416.56448892405
5d530f04e5d9f640b469ee89
p:  165777.9181763248
5d531124756c92bcdd69ee5d
p:  424769.4259084818
5d5316cf7f51cc5f1b69ee5b
p:  62021.56316595019
5d5317ac7f51cc5f1b69ee5d
p:  276067.61243843735
5d531808756c92bcdd69ee6c
p:  172981.11850494475
5d5318367f51cc5f1b69ee60
p:  276067.61243843735
5d5319df3ebe8dfc5469ee55
p:  219374.4579267947
5d531ad23ebe8dfc5469ee58
p:  264092.38546193787
5d531f5a7f51cc5f1b69ee6a
p:  168470.77559140685
5d531fbc3ebe8dfc5469ee5f
p:  233778.46563147454
5d5320e37f51cc5f1b69ee72
p:  236972.6770047453
5d5321417f51cc5f1b69ee77
p:  272745.52623635007
5d5321557f51cc5f1b69ee78
p:  91621.04165581086
5d5327693ebe8dfc5469ee7f
p:  384160.7921576841
5d5327f27f51cc5f1b69ee88
p:  275521.2953558282
5d532d793ebe8dfc5469ee8b
p:  206567.70004997926
5d532d957f51cc5f1b69ee91
p:  276067.61243843735
5d53434f3ebe8dfc5469eeba
p:  165726.4993239629
Current date and time: 2020-06-08 15:34:11
Successfully connect to DB.
For ['Benewah', 'Bonner', 'Boundary', 'Kootenai', 'Shoshone', 'Ada', 'Adams', 'Boise', 'Canyon', 'Elmore', 'Gem', 'Owyhee', 'Payette', 'Valley', 'Washington']#################################################################
train score for random_forest: 0.9063668381543803
test score for random_forest: 0.3225824256053854
The mean absolute error is:$ 151320.65052351827
r_Score: 0.3831115512045472
Voting Regressor (in): 0.9372334098490209
Voting Regressor: 0.3831115512045472
5d0818e67c1d83daee248b84
p:  280480.4581896063
5d0b65c819aeb54ebe6efc10
p:  284403.9375569511
5d19bb91a22b896835d02efb
p:  363175.3223788199
5d26fa66107c1d579eeb6a35
p:  172757.1088921415
5d299707199bf96b6045ad02
p:  259107.84434317827
5d2997fc199bf96b6045ad04
p:  219567.07571392914
5d299dcb199bf96b6045ad0b
p:  272878.56857989455
5d2cea29aa1ce31ade80b0d1
p:  123278.98454732289
5d318f4ad708b0a3d0a64e62
p:  273815.8609390466
5d388769dd2d94d3c8b03ba2
p:  301842.16374279663
5d38a6f602947826d9b03bc7
p:  219337.89194608084
5d38f36502947826d9b03ce8
p:  164499.99459495497
5d53227482a56c755369ee72
p:  182033.58398060472
5d53228882a56c755369ee73
p:  779033.4835998546
5d53240782a56c755369ee75
p:  401513.41411381523
5d53259b3ce3d2536f69eebd
p:  291450.8352333917
5d5325ac6c9a6bf99e69ee95
p:  356456.34293344594
5d53268cdef993ac6a69eea4
p:  383664.07960378414
5d532704d1ce208a9669eea8
p:  290162.9876233921
5d532791d1ce208a9669eeaa
p:  205151.33962785648
5d532829d1ce208a9669eeac
p:  229180.33948933103
5d532928d1ce208a9669eeb5
p:  283081.4843302637
5d53294c82a56c755369ee7c
p:  307164.6214740622
5d532980d1ce208a9669eeb9
p:  266481.38944790757
5d5329a4d1ce208a9669eebb
p:  237978.0005742818
5d532a79d1ce208a9669eec8
p:  352773.9077779082
5d532ac782a56c755369ee7f
p:  195863.6782413219
5d532b3c3ce3d2536f69eeca
p:  358924.8853778249
5d532cb93ce3d2536f69eecd
p:  340150.11285328877
5d532e3f3ce3d2536f69eed1
p:  502498.66380704375
5d53307ae2f0b1502169eeb3
p:  366269.8828779062
5d53308d3ce3d2536f69eed7
p:  315434.9514266682
5d5330f6756c92bcdd69eea6
p:  442601.3585331234
5d5330f8def993ac6a69eed6
p:  406019.33669024054
5d533293c31d2e140f69eeae
p:  326968.86384428194
5d53338be2f0b1502169eeb8
p:  300067.3344782457
5d5333b4def993ac6a69eede
p:  677301.2766732906
5d5333f9c31d2e140f69eeb2
p:  214736.9103382201
5d533456bb0ea4894d69eea5
p:  199634.80965414713
5d533517e2f0b1502169eebe
p:  306297.14916040946
5d53353fe2f0b1502169eec0
p:  607650.6942355523
5d53354fe2f0b1502169eec1
p:  339671.69511703064
5d53359d77a58e6c2c69eee7
p:  257364.04312842357
5d5335e8def993ac6a69eee0
p:  346993.8411931202
5d53366987c194431569eeaa
p:  289816.0302303259
5d5336803ce3d2536f69eee2
p:  409566.8959637243
5d53369877a58e6c2c69eeea
p:  417639.37550464814
5d5336d087c194431569eeab
p:  415448.4097186568
5d53374477a58e6c2c69eeeb
p:  204342.56537114928
5d5337d13ce3d2536f69eee3
p:  428967.89080645866
5d5337f6bb0ea4894d69eeaf
p:  238378.1520499202
5d5339b43ce3d2536f69eee7
p:  303521.81875856034
5d5339d6bb0ea4894d69eeb4
p:  308840.3164443333
5d533a4f87c194431569eeb1
p:  308691.56687700003
5d533a63bb0ea4894d69eeb5
p:  181851.09777220967
5d533a990c00befe4669eed6
p:  368854.3216487485
5d533ab587c194431569eeb3
p:  320611.52152236993
5d533b3cdef993ac6a69eeec
p:  281538.63052978634
5d533b9587c194431569eeb5
p:  397928.24968426593
5d533c8bc31d2e140f69eebe
p:  222467.60585719364
5d533c90e2f0b1502169eed0
p:  353722.85705553996
5d533c98bb0ea4894d69eebb
p:  261619.69310721866
5d533dce7f51cc5f1b69eeb6
p:  458674.89413035667
5d533ddb3ce3d2536f69eeeb
p:  354395.9513975455
5d533e03fd992a45b569eecf
p:  391240.0241811767
5d533f75e2f0b1502169eed7
p:  316395.7561013041
5d533f827f51cc5f1b69eeba
p:  840393.3429491883
5d533f9477a58e6c2c69ef03
p:  269474.982233666
5d533faa77a58e6c2c69ef04
p:  256835.57705232594
5d53401887c194431569eebb
p:  460649.73020945594
5d5340a67f51cc5f1b69eebb
p:  400176.82078611053
5d534120bb0ea4894d69eec6
p:  199634.80965414713
5d53414782a56c755369eeaa
p:  264528.82249677065
5d5341f587c194431569eebd
p:  252690.23634655983
5d5341fa7f51cc5f1b69eec1
p:  258531.5409790685
5d534211bb0ea4894d69eec9
p:  227563.9476280315
5d5342296c9a6bf99e69eedc
p:  442566.1655713499
5d53426fe2f0b1502169eedc
p:  293565.27878431743
5d5342d26c9a6bf99e69eede
p:  260330.63836110107
5d53430387c194431569eec0
p:  410295.44701156474
5d5343f6e2f0b1502169eee1
p:  294531.1160486842
5d5344703ce3d2536f69eef6
p:  392282.5475441927
5d534495e2f0b1502169eee3
p:  272520.10303329676
5d5344c40c00befe4669eef0
p:  325769.54983471637
5d53451e87c194431569eec7
p:  342111.7118910211
5d534532e2f0b1502169eee4
p:  322818.3519401204
5d5345c9e5d9f640b469ef0e
p:  440336.2615484418
5d5345dd7f51cc5f1b69eec6
p:  408550.9016066028
5d5345fd6c9a6bf99e69eee7
p:  232232.8064269346
5d53462a3ce3d2536f69eef8
p:  396207.56293657084
5d534657756c92bcdd69eece
p:  229340.20512077544
5d53467687c194431569eec9
p:  249335.09862034698
5d5346ab6c9a6bf99e69eee9
p:  221780.98988512933
5d5346f3e2f0b1502169eee7
p:  248609.52711090673
5d5347120c00befe4669eef6
p:  517561.2680319776
5d53476fa51186e7ca69ef0c
p:  296062.7634471308
5d5347700c00befe4669eef7
p:  216176.4104679345
5d5347e80c00befe4669eef8
p:  231029.56498159675
5d5348846c9a6bf99e69eeef
p:  234294.56557558704
5d53489682a56c755369eebe
p:  73685.93571238304
5d53489e0c00befe4669eef9
p:  325576.5946198789
5d53491be5d9f640b469ef13
p:  274386.62330307416
5d534931a51186e7ca69ef0e
p:  413776.20124706376
5d5349a7bb0ea4894d69eed9
p:  171445.9837469834
5d5349c17f51cc5f1b69eecf
p:  256578.042857095
5d5349f9e5d9f640b469ef14
p:  255966.38700981037
5d534a32def993ac6a69ef08
p:  217045.05882845883
5d534a35a51186e7ca69ef11
p:  300911.327242451
5d534a46def993ac6a69ef09
p:  548995.9408514817
5d534a5987c194431569eed4
p:  312228.46719850646
5d534a74a51186e7ca69ef12
p:  307242.4289919761
5d534a7787c194431569eed5
p:  461849.0095339847
5d534a89d1ce208a9669ef03
p:  262636.16479222605
5d534a9787c194431569eed6
p:  341446.0055255768
5d534ab7def993ac6a69ef0a
p:  267711.1896695447
5d534af3d1ce208a9669ef04
p:  762362.2417592222
5d534b20e5d9f640b469ef15
p:  262492.22711321106
5d534b20def993ac6a69ef0b
p:  314739.0400653053
5d534b430c00befe4669eeff
p:  511586.0915387345
5d534b5dd1ce208a9669ef05
p:  361529.8944979779
5d534b713ce3d2536f69ef11
p:  544263.0821719016
5d534b80a51186e7ca69ef15
p:  356847.8004041198
5d534bab6c9a6bf99e69eefb
p:  181032.94877066335
5d534bd80c00befe4669ef01
p:  596793.5318737067
5d534bfe82a56c755369eec7
p:  219269.8299104841
5d534c3c87c194431569eed9
p:  291752.32902498473
5d534c70756c92bcdd69eeda
p:  265681.3308885619
5d534c80e5d9f640b469ef17
p:  274915.3577197705
5d534cab6c9a6bf99e69eefd
p:  185700.09439706913
5d534cb5a51186e7ca69ef19
p:  366424.9407709027
5d534cc587c194431569eeda
p:  400178.9523895702
5d534d55d1ce208a9669ef0a
p:  482905.3256222689
5d534d5de5d9f640b469ef1b
p:  342021.7944610556
5d534da577a58e6c2c69ef21
p:  253008.0704897484
5d534dbfa51186e7ca69ef1c
p:  357816.2919998147
5d534dc9a51186e7ca69ef1d
p:  323690.71087099594
5d534dcb6c9a6bf99e69eeff
p:  187347.15520966394
5d534dd3a51186e7ca69ef1e
p:  285446.25098902814
5d534deaa51186e7ca69ef20
p:  310934.34058492666
5d534dead1ce208a9669ef0c
p:  223310.61374044197
5d534df4a51186e7ca69ef21
p:  353081.20214076235
5d534dfcd1ce208a9669ef0d
p:  214512.2634272001
5d534dfea51186e7ca69ef22
p:  701138.1973629153
5d534e2ba51186e7ca69ef23
p:  386668.5326648562
5d534e5c3ce3d2536f69ef23
p:  392282.5475441927
5d534e6687c194431569eedf
p:  392046.36228362506
5d534e770c00befe4669ef06
p:  376353.2247328501
5d534e85756c92bcdd69eee2
p:  171737.85591686936
5d534e8b7f51cc5f1b69eedb
p:  467425.18910998176
5d534ea687c194431569eee0
p:  360564.2247230495
5d534ea9e5d9f640b469ef20
p:  276709.4883257601
5d534eda87c194431569eee1
p:  294138.8757406268
5d534eda3ce3d2536f69ef26
p:  430064.71846479457
5d534ee0e2f0b1502169eef9
p:  302100.19868431374
5d534effe5d9f640b469ef21
p:  287073.8760520003
5d534f06def993ac6a69ef0e
p:  279155.21841177077
5d534f4fe5d9f640b469ef22
p:  286908.45877782913
5d534f5f3ce3d2536f69ef29
p:  295740.24643821624
5d534f7b0c00befe4669ef08
p:  440162.95031945547
5d534f98d1ce208a9669ef10
p:  258489.77935715872
5d534fcbd1ce208a9669ef11
p:  287508.9877232649
5d534fccdef993ac6a69ef0f
p:  274753.4288507314
5d534fd23255e222f269eeda
p:  299880.58706050843
5d534ff4def993ac6a69ef10
p:  508415.5472224938
5d53502cd1ce208a9669ef13
p:  443181.22970446805
5d53506ee5d9f640b469ef26
p:  253956.75777768545
5d535088d1ce208a9669ef15
p:  258752.14901078583
5d535091756c92bcdd69eee5
p:  340235.55406745436
5d53510182a56c755369eeda
p:  235398.4340284075
5d53511ed1ce208a9669ef19
p:  268080.1307889192
5d53512ae5d9f640b469ef29
p:  335924.4507110556
5d53512d87c194431569eee4
p:  419422.6364047082
5d53512f0c00befe4669ef09
p:  477945.81488639605
5d535151c31d2e140f69eef2
p:  298307.86140514
5d5351600c00befe4669ef0a
p:  346879.3551247006
5d5351800c00befe4669ef0b
p:  339342.1820212154
5d53518fdef993ac6a69ef11
p:  299838.59575300076
5d53519dd1ce208a9669ef1c
p:  342508.78834825184
5d5351bc3255e222f269eedd
p:  867002.2830961691
5d5351c1def993ac6a69ef12
p:  256731.1948949837
5d5351fce5d9f640b469ef2a
p:  212321.68469573872
5d53521ddef993ac6a69ef13
p:  591028.0415809227
5d5352320c00befe4669ef0c
p:  472462.31121796253
5d535246d1ce208a9669ef20
p:  517063.1506928066
5d535258e5d9f640b469ef2b
p:  346904.30587088503
5d53526dd1ce208a9669ef21
p:  276304.826446649
5d5352747f51cc5f1b69eee4
p:  365966.70662769984
5d53528e0c00befe4669ef0d
p:  567605.9785583654
5d5352aadef993ac6a69ef14
p:  265223.7573475906
5d5352af3255e222f269eee0
p:  325717.56672900997
5d5352d33255e222f269eee1
p:  488898.7811116147
5d5352d9def993ac6a69ef15
p:  221897.3676694049
5d5352df0c00befe4669ef0e
p:  363332.8834400667
5d5352e1e5d9f640b469ef2c
p:  263881.9936585386
5d535302d1ce208a9669ef24
p:  230977.86678848206
5d5353273ce3d2536f69ef40
p:  681334.6951193576
5d53532ad1ce208a9669ef25
p:  658359.3526786509
5d53534f6c9a6bf99e69ef0b
p:  253705.29735393747
5d535357d1ce208a9669ef26
p:  288762.8667325678
5d5353656c9a6bf99e69ef0c
p:  257163.87420363858
5d535366c31d2e140f69eef3
p:  315777.6729155098
5d535367e5d9f640b469ef2e
p:  319729.7190983705
5d53537b3255e222f269eee3
p:  252075.32167356572
5d5353af3255e222f269eee4
p:  298836.0982710816
5d5353b7d1ce208a9669ef28
p:  287508.9877232649
5d5353c3756c92bcdd69eeec
p:  231173.69247085016
5d5353c987c194431569eeec
p:  399433.2239774051
5d5353cad1ce208a9669ef29
p:  282723.46897012333
5d5353dfe5d9f640b469ef2f
p:  347229.5198172615
5d535450d1ce208a9669ef2c
p:  258489.77935715872
5d53546ed1ce208a9669ef2d
p:  242082.39284372207
5d5354733ce3d2536f69ef48
p:  338195.8187350478
5d535488c31d2e140f69eef5
p:  611160.4076290365
5d5354bfe5d9f640b469ef30
p:  309427.6533386989
5d5354ced1ce208a9669ef2f
p:  283431.4936458651
5d535503c31d2e140f69eef7
p:  543122.1189532611
5d53550bd1ce208a9669ef31
p:  340273.05124786857
5d535540c31d2e140f69eef8
p:  641274.9520736805
5d53555dd1ce208a9669ef33
p:  267305.86950634187
5d5355e2d1ce208a9669ef36
p:  238794.46863853128
5d53562bc31d2e140f69eefb
p:  356026.26599904604
5d535661c31d2e140f69eefc
p:  303167.48216032714
5d535684756c92bcdd69eef6
p:  248103.79303200642
5d5356c40c00befe4669ef16
p:  500281.1003107291
5d53579ba51186e7ca69ef3a
p:  294545.1691991845
5d5357c2def993ac6a69ef1c
p:  260066.03000304403
5d535843a51186e7ca69ef3d
p:  258262.7942963253
5d535893756c92bcdd69eefc
p:  369924.66689289775
5d535944def993ac6a69ef21
p:  322598.1573820903
5d535974def993ac6a69ef22
p:  357978.64433775365
5d53597cd1ce208a9669ef4a
p:  258749.01374063894
5d5359d3d1ce208a9669ef4c
p:  535124.3878383476
5d5359f63255e222f269eeef
p:  263644.1379096353
5d535a283255e222f269eef1
p:  198663.83814490063
5d535a2dd1ce208a9669ef4e
p:  367038.9909819881
5d535a54d1ce208a9669ef4f
p:  229772.51591086353
5d535a7382a56c755369eef1
p:  266929.8363448136
5d535aca82a56c755369eef2
p:  390023.66459031287
5d535b7f0c00befe4669ef20
p:  503343.65858295513
5d535bb4d1ce208a9669ef57
p:  240473.06005122344
5d535bbfbb0ea4894d69eefc
p:  938462.8803985808
5d535c0ed1ce208a9669ef59
p:  259867.2062696355
5d535c2ea51186e7ca69ef42
p:  391649.2892508813
5d535c816c9a6bf99e69ef1e
p:  527926.6874572097
5d535cd0c31d2e140f69ef07
p:  545093.903795214
5d535cd83ce3d2536f69ef7b
p:  444809.9838086564
5d535ceb87c194431569ef00
p:  417222.2659520821
5d535d1387c194431569ef01
p:  519624.7379394981
5d535d22def993ac6a69ef26
p:  262889.1733402259
5d535d64def993ac6a69ef27
p:  296857.2663683725
5d535d663255e222f269eef2
p:  264817.02697310405
5d535d7fd1ce208a9669ef63
p:  329912.21024279884
5d535d84def993ac6a69ef28
p:  348317.41831109155
5d535d953255e222f269eef3
p:  434715.4564551661
5d535dcf3255e222f269eef4
p:  362839.82992481114
5d535dd8bb0ea4894d69eeff
p:  489896.65333340364
5d535ddca51186e7ca69ef47
p:  328469.49332684895
5d535df13255e222f269eef5
p:  272123.23349573533
5d535e0d756c92bcdd69ef0c
p:  249560.67347284238
5d535e22e5d9f640b469ef41
p:  423449.0166448725
5d535e27e2f0b1502169ef1a
p:  298532.3750352679
5d535e67a51186e7ca69ef49
p:  362369.3283003104
5d535e6fdef993ac6a69ef29
p:  289508.9538683725
5d535ebe0c00befe4669ef26
p:  556372.7660968205
5d535ed577a58e6c2c69ef52
p:  273126.9280423056
5d535ee20c00befe4669ef27
p:  216176.4104679345
5d535f13756c92bcdd69ef0e
p:  257096.88499940204
5d535f29d1ce208a9669ef6e
p:  409480.3130825322
5d535f35c31d2e140f69ef0c
p:  305086.3556625022
5d535f4d82a56c755369eefc
p:  434558.1485969805
5d535f54d1ce208a9669ef6f
p:  569664.9357205884
5d535f5777a58e6c2c69ef54
p:  284478.90730207437
5d535f66bb0ea4894d69ef02
p:  305086.3556625022
5d535f86e2f0b1502169ef1c
p:  302100.19868431374
5d535fa53ce3d2536f69ef8c
p:  635650.3647488612
5d535fea0c00befe4669ef29
p:  532763.9277070137
5d535ff182a56c755369eefe
p:  434381.2408472829
5d535ff1e5d9f640b469ef43
p:  379239.0442920467
5d536038bb0ea4894d69ef05
p:  656497.5859528386
5d536048d1ce208a9669ef74
p:  256592.85836861737
5d53607682a56c755369ef02
p:  284517.5608632968
5d53609fa51186e7ca69ef52
p:  530826.9396246988
5d5360badef993ac6a69ef2e
p:  372718.68370109156
5d5360c5d1ce208a9669ef77
p:  309218.8489890829
5d5360dc756c92bcdd69ef11
p:  224538.24328100786
5d53612e3255e222f269eef9
p:  266120.1236114355
5d536156d1ce208a9669ef7b
p:  509871.55891022575
5d5361c63ce3d2536f69ef99
p:  538018.6244804515
5d5361d8d1ce208a9669ef7e
p:  597447.5621013837
5d53620fdef993ac6a69ef30
p:  317774.94510725146
5d53622d0c00befe4669ef2c
p:  495588.5921947111
5d536260d1ce208a9669ef82
p:  360201.4332083957
5d536277def993ac6a69ef34
p:  429113.0853811782
5d53628087c194431569ef15
p:  310394.48026777525
5d536287d1ce208a9669ef83
p:  255595.88151000475
5d5362ced1ce208a9669ef87
p:  503953.293311831
5d5362d6d1ce208a9669ef88
p:  214202.49355018075
5d53635fd1ce208a9669ef8f
p:  436220.65951922943
5d5363c677a58e6c2c69ef6b
p:  256731.1948949837
5d5363d03255e222f269eefa
p:  266120.1236114355
5d5363fe3255e222f269eefb
p:  356690.0815668473
5d536401def993ac6a69ef37
p:  235091.90732235965
5d536433d1ce208a9669ef9a
p:  264208.3716811952
5d53644377a58e6c2c69ef6d
p:  425756.7841676936
5d5364430c00befe4669ef30
p:  509295.1838300958
5d5364523255e222f269eefd
p:  320169.5395512356
5d53646ad1ce208a9669ef9c
p:  314648.3177363099
For ['Bonneville', 'Butte', 'Clark', 'Custer', 'Fremont', 'Jefferson', 'Lemhi', 'Madison', 'Teton']#################################################################
train score for random_forest: 0.9225866161825107
test score for random_forest: -0.005831729513779305
The mean absolute error is:$ 196617.70923111902
r_Score: -0.042066014015175845
Voting Regressor (in): 0.9752793820033359
Voting Regressor: -0.042066014015175845
5d1bbbbf03ecbb08e0bf61a0
p:  155230.11030800635
5d530489e5d9f640b469ee45
p:  161018.7980789175
5d530494e5d9f640b469ee46
p:  233189.13015618295
5d5304a0e5d9f640b469ee47
p:  267902.06798934826
5d5304c2e5d9f640b469ee4a
p:  182929.33662802936
5d5304e4e5d9f640b469ee4d
p:  228153.68484368295
5d53059ae5d9f640b469ee52
p:  163983.81052693032
5d5305ae0c00befe4669ee5a
p:  569323.1699055309
5d5305c5756c92bcdd69ee44
p:  331575.0179819395
5d53066282a56c755369ee39
p:  441569.7427157426
5d5306647f51cc5f1b69ee4a
p:  171049.8554544467
5d5306cd82a56c755369ee3b
p:  315787.0684495891
5d53073f756c92bcdd69ee4a
p:  171293.58081952424
5d530772e5d9f640b469ee60
p:  517035.42586321104
5d5307fee5d9f640b469ee66
p:  185392.24456622446
5d53080fe5d9f640b469ee67
p:  139741.72329273785
5d5308f7756c92bcdd69ee4c
p:  370577.72265613143
5d53091be2f0b1502169ee4e
p:  195057.45086814463
5d530984e5d9f640b469ee6d/home/testapiuser/HouseApp_2/PricePrediction/IDPrice.py:279: SettingWithCopyWarning: 
A value is trying to be set on a copy of a slice from a DataFrame.
Try using .loc[row_indexer,col_indexer] = value instead

See the caveats in the documentation: http://pandas.pydata.org/pandas-docs/stable/indexing.html#indexing-view-versus-copy
  df2['AreaSpace_SQFT'] = df2['AreaSpace_SQFT'].astype(int)
/home/testapiuser/HouseApp_2/PricePrediction/IDPrice.py:291: SettingWithCopyWarning: 
A value is trying to be set on a copy of a slice from a DataFrame.
Try using .loc[row_indexer,col_indexer] = value instead

See the caveats in the documentation: http://pandas.pydata.org/pandas-docs/stable/indexing.html#indexing-view-versus-copy
  df2['Price'] = z1
/home/testapiuser/HouseApp_2/PricePrediction/IDPrice.py:298: SettingWithCopyWarning: 
A value is trying to be set on a copy of a slice from a DataFrame.
Try using .loc[row_indexer,col_indexer] = value instead

See the caveats in the documentation: http://pandas.pydata.org/pandas-docs/stable/indexing.html#indexing-view-versus-copy
  df2['AreaSpace_SQFT'] = z2
/home/testapiuser/HouseApp_2/PricePrediction/IDPrice.py:279: SettingWithCopyWarning: 
A value is trying to be set on a copy of a slice from a DataFrame.
Try using .loc[row_indexer,col_indexer] = value instead

See the caveats in the documentation: http://pandas.pydata.org/pandas-docs/stable/indexing.html#indexing-view-versus-copy
  df2['AreaSpace_SQFT'] = df2['AreaSpace_SQFT'].astype(int)
/home/testapiuser/HouseApp_2/PricePrediction/IDPrice.py:291: SettingWithCopyWarning: 
A value is trying to be set on a copy of a slice from a DataFrame.
Try using .loc[row_indexer,col_indexer] = value instead

See the caveats in the documentation: http://pandas.pydata.org/pandas-docs/stable/indexing.html#indexing-view-versus-copy
  df2['Price'] = z1
/home/testapiuser/HouseApp_2/PricePrediction/IDPrice.py:298: SettingWithCopyWarning: 
A value is trying to be set on a copy of a slice from a DataFrame.
Try using .loc[row_indexer,col_indexer] = value instead

See the caveats in the documentation: http://pandas.pydata.org/pandas-docs/stable/indexing.html#indexing-view-versus-copy
  df2['AreaSpace_SQFT'] = z2
/home/testapiuser/HouseApp_2/PricePrediction/IDPrice.py:279: SettingWithCopyWarning: 
A value is trying to be set on a copy of a slice from a DataFrame.
Try using .loc[row_indexer,col_indexer] = value instead

See the caveats in the documentation: http://pandas.pydata.org/pandas-docs/stable/indexing.html#indexing-view-versus-copy
  df2['AreaSpace_SQFT'] = df2['AreaSpace_SQFT'].astype(int)
/home/testapiuser/HouseApp_2/PricePrediction/IDPrice.py:291: SettingWithCopyWarning: 
A value is trying to be set on a copy of a slice from a DataFrame.
Try using .loc[row_indexer,col_indexer] = value instead

See the caveats in the documentation: http://pandas.pydata.org/pandas-docs/stable/indexing.html#indexing-view-versus-copy
  df2['Price'] = z1
/home/testapiuser/HouseApp_2/PricePrediction/IDPrice.py:298: SettingWithCopyWarning: 
A value is trying to be set on a copy of a slice from a DataFrame.
Try using .loc[row_indexer,col_indexer] = value instead

See the caveats in the documentation: http://pandas.pydata.org/pandas-docs/stable/indexing.html#indexing-view-versus-copy
  df2['AreaSpace_SQFT'] = z2
/home/testapiuser/HouseApp_2/PricePrediction/IDPrice.py:279: SettingWithCopyWarning: 
A value is trying to be set on a copy of a slice from a DataFrame.
Try using .loc[row_indexer,col_indexer] = value instead

See the caveats in the documentation: http://pandas.pydata.org/pandas-docs/stable/indexing.html#indexing-view-versus-copy
  df2['AreaSpace_SQFT'] = df2['AreaSpace_SQFT'].astype(int)
/home/testapiuser/HouseApp_2/PricePrediction/IDPrice.py:291: SettingWithCopyWarning: 
A value is trying to be set on a copy of a slice from a DataFrame.
Try using .loc[row_indexer,col_indexer] = value instead

See the caveats in the documentation: http://pandas.pydata.org/pandas-docs/stable/indexing.html#indexing-view-versus-copy
  df2['Price'] = z1
/home/testapiuser/HouseApp_2/PricePrediction/IDPrice.py:298: SettingWithCopyWarning: 
A value is trying to be set on a copy of a slice from a DataFrame.
Try using .loc[row_indexer,col_indexer] = value instead

See the caveats in the documentation: http://pandas.pydata.org/pandas-docs/stable/indexing.html#indexing-view-versus-copy
  df2['AreaSpace_SQFT'] = z2

p:  173878.43699691974
5d530a55e2f0b1502169ee53
p:  170166.2501860878
5d530a81e5d9f640b469ee73
p:  168774.4834674819
5d530ad1e5d9f640b469ee75
p:  134612.61108627712
5d530ca6756c92bcdd69ee55
p:  162275.77644076984
5d530eb36c9a6bf99e69ee55
p:  140415.3814391619
5d530f04e5d9f640b469ee89
p:  141629.61971203279
5d530fcd6c9a6bf99e69ee58
p:  220527.42283375713
5d531124756c92bcdd69ee5d
p:  292176.85744137573
5d5311a56c9a6bf99e69ee63
p:  214540.7979885383
5d5311cd6c9a6bf99e69ee64
p:  169141.97478700613
5d5311f56c9a6bf99e69ee65
p:  262503.53434261575
5d531395d1ce208a9669ee68
p:  183163.96474278992
5d53146bd1ce208a9669ee6c
p:  147508.17301375396
5d5314c077a58e6c2c69ee5f
p:  235433.68398489789
5d53158177a58e6c2c69ee64
p:  169135.39769205268
5d5316136c9a6bf99e69ee6d
p:  183711.9670890523
5d53163b6c9a6bf99e69ee6e
p:  244260.91079163045
5d5316cf7f51cc5f1b69ee5b
p:  113141.7659541574
5d53179177a58e6c2c69ee72
p:  368676.3389503453
5d5317ac7f51cc5f1b69ee5d
p:  172551.14643616305
5d531808756c92bcdd69ee6c
p:  173409.23887836887
5d5318367f51cc5f1b69ee60
p:  172551.14643616305
5d53185d6c9a6bf99e69ee73
p:  169141.97478700613
5d53191a3ce3d2536f69ee9c
p:  176535.53700074076
5d531f5a7f51cc5f1b69ee6a
p:  166060.61967011984
5d5320e37f51cc5f1b69ee72
p:  263094.51386300416
5d5321417f51cc5f1b69ee77
p:  171049.8554544467
5d5321557f51cc5f1b69ee78
p:  164616.69052111264
5d5321de6c9a6bf99e69ee8c
p:  214464.26329814916
5d5327f27f51cc5f1b69ee88
p:  266419.07618630544
5d532d957f51cc5f1b69ee91
p:  169574.46234267455
For ['Clearwater', 'Idaho', 'Latah', 'Lewis', 'Nez Perce', 'Bingham', 'Power', 'Bannock', 'Caribou', 'Franklin', 'Bear Lake']#################################################################
train score for random_forest: 0.8980283295677824
test score for random_forest: 0.17850983305394075
The mean absolute error is:$ 158197.98637547847
r_Score: 0.2506898022396675
Voting Regressor (in): 0.9611654891769374
Voting Regressor: 0.2506898022396675
5d52ee8c3ce3d2536f69ee11
p:  177926.06052814296
5d52eed2d1ce208a9669ee12
p:  302168.72214199184
5d52efc5bb0ea4894d69ee13
p:  230399.30207398866
5d52efe3fd992a45b569ee13
p:  154740.6328672457
5d52effde2f0b1502169ee14
p:  334440.81320890074
5d52f0c1e2f0b1502169ee18
p:  350914.49794382445
5d52f159fd992a45b569ee14
p:  215588.20460372974
5d52f27ee2f0b1502169ee19
p:  199265.9764913948
5d52f2cad1ce208a9669ee1b
p:  419516.27498482936
5d52f330e2f0b1502169ee1a
p:  266954.4666205877
5d52f36adef993ac6a69ee17
p:  94559.95648256727
5d52f3c9e2f0b1502169ee1c
p:  326924.2727648612
5d52f409fd992a45b569ee18
p:  264249.8499384199
5d52f409e2f0b1502169ee1d
p:  192629.0861636139
5d52f430fd992a45b569ee19
p:  258189.3193834466
5d52f487fd992a45b569ee1b
p:  163032.04641276578
5d52f4a8bb0ea4894d69ee1c
p:  363042.7158001909
5d52f4c6fd992a45b569ee1e
p:  161256.90943910019
5d52f520bb0ea4894d69ee1d
p:  175754.46150104393
5d52f550fd992a45b569ee23
p:  154054.29111559477
5d52f567fd992a45b569ee24
p:  172886.1033650561
5d52f576bb0ea4894d69ee21
p:  283398.75195029797
5d52f59afd992a45b569ee27
p:  145605.65042669338
5d52f5f9fd992a45b569ee2b
p:  235191.4667123332
5d52f5fae2f0b1502169ee21
p:  147942.90099997688
5d52f62bfd992a45b569ee2d
p:  180265.24210468295
5d52f632e2f0b1502169ee23
p:  111910.50591958535
5d52f649fd992a45b569ee2e
p:  143551.5831135766
5d52f663fd992a45b569ee2f
p:  149115.17933555943
5d52f671fd992a45b569ee30
p:  199672.4212140895
5d52f6b2fd992a45b569ee33
p:  172391.1093839631
5d52f857e2f0b1502169ee25
p:  135364.82561934408
5d52f95dfd992a45b569ee39
p:  146027.94917886384
5d52f989e2f0b1502169ee28
p:  285896.9154349968
5d52f9c8e2f0b1502169ee29
p:  157351.62642489467
5d52fa36e2f0b1502169ee2a
p:  217790.07986710587
5d52fbc4fd992a45b569ee41
p:  120354.93285760173
5d52fcc1fd992a45b569ee44
p:  141758.0929476978
5d52ff1be2f0b1502169ee39
p:  310466.4468901205
5d52ff32fd992a45b569ee49
p:  145252.8963829655
5d52ff55e2f0b1502169ee3b
p:  364010.8707384699
5d5303d3fd992a45b569ee4c
p:  124800.48407995547
5d530518fd992a45b569ee53
p:  264522.7929320402
5d530542fd992a45b569ee54
p:  299381.3768467684
5d530550fd992a45b569ee55
p:  150670.46882802687
5d530570fd992a45b569ee56
p:  151317.1341635394
5d530610fd992a45b569ee59
p:  198489.05104138306
5d530db8fd992a45b569ee64
p:  118175.46892270626
5d5318ece5d9f640b469eea3
p:  107055.00496955245
5d53198fd1ce208a9669ee89
p:  432412.1652473399
5d5319e6e5d9f640b469eea9
p:  395968.87426979304
5d531b02e5d9f640b469eeb0
p:  201797.97854226764
5d531b2be5d9f640b469eeb1
p:  235710.8951781271
5d531b50e5d9f640b469eeb2
p:  221872.32567363651
5d531c88e5d9f640b469eeba
p:  351983.57704549254
5d531cbee5d9f640b469eebb
p:  287817.89435629616
5d531eb0e5d9f640b469eec1
p:  260537.06016527792
5d53206582a56c755369ee6a
p:  305822.93815273
5d53209e3255e222f269ee69
p:  332101.32211474853
5d53262de5d9f640b469eecd
p:  154617.89457695774
5d5339b6e5d9f640b469eeef
p:  287817.89435629616
5d533f87e5d9f640b469eeff
p:  142168.80927958144
For ['Blaine', 'Bonneville', 'Camas', 'Cassia', 'Custer', 'Gooding', 'Jerome', 'Lincoln', 'Minidoka', 'Oneida', 'Twin Falls']#################################################################
train score for random_forest: 0.9448606431189633
test score for random_forest: 0.6458254364185037
The mean absolute error is:$ 307262.0343765055
r_Score: 0.6808685812706718
Voting Regressor (in): 0.974516525842955
Voting Regressor: 0.6808685812706718
5d1bbbbf03ecbb08e0bf61a0
p:  149334.54549353922
5d2e5be2b39b58f1d2167d68
p:  389931.5310988758
5d52f3c93ebe8dfc5469ee16
p:  303027.70679487195
5d52f7096c9a6bf99e69ee27
p:  372439.8134937854
5d52f8d83ce3d2536f69ee2b
p:  328928.87426000077
5d52f9063ce3d2536f69ee2c
p:  172617.0306537095
5d52f9106c9a6bf99e69ee31
p:  285574.6617840713
5d52f9676c9a6bf99e69ee33
p:  223533.0809902455
5d52fb0edef993ac6a69ee2c
p:  511449.4160447434
5d52fbef77a58e6c2c69ee31
p:  640075.4184217289
5d52fc016c9a6bf99e69ee39
p:  234080.18893692738
5d52fc2e6c9a6bf99e69ee3a
p:  281559.7374580758
5d52fdd377a58e6c2c69ee35
p:  269237.51570797595
5d530023a51186e7ca69ee36
p:  1509927.0575755306
5d53029edef993ac6a69ee38
p:  397198.6239940715
5d5303e1e5d9f640b469ee36
p:  435802.72821273986
5d5304696c9a6bf99e69ee47
p:  271258.170031115
5d530489e5d9f640b469ee45
p:  157606.76246885664
5d530494e5d9f640b469ee46
p:  140166.61103068234
5d5304a0e5d9f640b469ee47
p:  233227.93448294973
5d5304c2e5d9f640b469ee4a
p:  445523.94637443614
5d5304e4e5d9f640b469ee4d
p:  128447.67743693232
5d530552bb0ea4894d69ee41
p:  175505.2527879599
5d53059ae5d9f640b469ee52
p:  184833.66088328027
5d5305c5756c92bcdd69ee44
p:  283380.6429322625
5d5306443ebe8dfc5469ee38
p:  297215.4947882833
5d5306647f51cc5f1b69ee4a
p:  292703.7591739169
5d53073f756c92bcdd69ee4a
p:  146273.4037716303
5d530772e5d9f640b469ee60
p:  83968.46401917987
5d5307fee5d9f640b469ee66
p:  185998.91529172694
5d53080fe5d9f640b469ee67
p:  139178.3128792274
5d5308f7756c92bcdd69ee4c
p:  381593.9686170806
5d53091be2f0b1502169ee4e
p:  482018.82012824074
5d530984e5d9f640b469ee6d
p:  137757.23495195626
5d530a55e2f0b1502169ee53
p:  152261.15348726328
5d530a81e5d9f640b469ee73
p:  265504.945081554
5d530ad1e5d9f640b469ee75
p:  198652.01615987782
5d530afc3ebe8dfc5469ee40
p:  206920.5292091671
5d530ca6756c92bcdd69ee55
p:  268875.4033694668
5d530f04e5d9f640b469ee89
p:  175353.76821221993
5d531124756c92bcdd69ee5d
p:  417260.36459111836
5d5316cf7f51cc5f1b69ee5b
p:  91800.75740349817
5d5317ac7f51cc5f1b69ee5d
p:  270924.79859524436
5d531808756c92bcdd69ee6c
p:  143338.68821310304
5d5318367f51cc5f1b69ee60
p:  270924.79859524436
5d5319df3ebe8dfc5469ee55
p:  226519.43593194342
5d531ad23ebe8dfc5469ee58
p:  261411.81033786715
5d531f5a7f51cc5f1b69ee6a
p:  189302.63266533642
5d531fbc3ebe8dfc5469ee5f
p:  233780.7976428271
5d5320e37f51cc5f1b69ee72
p:  231517.0174010822
5d5321417f51cc5f1b69ee77
p:  292703.7591739169
5d5321557f51cc5f1b69ee78
p:  105972.9368552893
5d5327693ebe8dfc5469ee7f
p:  382764.3397700285
5d5327f27f51cc5f1b69ee88
p:  250383.4352621976
5d532d793ebe8dfc5469ee8b
p:  214171.45224415587
5d532d957f51cc5f1b69ee91
p:  270924.79859524436
5d53434f3ebe8dfc5469eeba
p:  168019.4794458034
Current date and time: 2020-06-09 15:34:11
Successfully connect to DB.
For ['Benewah', 'Bonner', 'Boundary', 'Kootenai', 'Shoshone', 'Ada', 'Adams', 'Boise', 'Canyon', 'Elmore', 'Gem', 'Owyhee', 'Payette', 'Valley', 'Washington']#################################################################
train score for random_forest: 0.9070987653420226
test score for random_forest: 0.32354127616416206
The mean absolute error is:$ 148871.82385124086
r_Score: 0.3817677517871777
Voting Regressor (in): 0.9341266730893591
Voting Regressor: 0.3817677517871777
5d0818e67c1d83daee248b84
p:  281772.8449088802
5d0b65c819aeb54ebe6efc10
p:  274694.2439180622
5d19bb91a22b896835d02efb
p:  353190.1662922744
5d26fa66107c1d579eeb6a35
p:  164302.21688514305
5d299707199bf96b6045ad02
p:  263240.7369084442
5d2997fc199bf96b6045ad04
p:  223030.47723272815
5d299dcb199bf96b6045ad0b
p:  274551.59253873467
5d2cea29aa1ce31ade80b0d1
p:  133667.50388263125
5d318f4ad708b0a3d0a64e62
p:  308539.5985995864
5d388769dd2d94d3c8b03ba2
p:  302340.49515887373
5d38a6f602947826d9b03bc7
p:  219057.3617827053
5d38f36502947826d9b03ce8
p:  162570.75917760233
5d53227482a56c755369ee72
p:  184486.08166686798
5d53228882a56c755369ee73
p:  688086.9389332375
5d53240782a56c755369ee75
p:  347963.52616492327
5d53259b3ce3d2536f69eebd
p:  385017.7413041602
5d5325ac6c9a6bf99e69ee95
p:  367349.13280664734
5d53268cdef993ac6a69eea4
p:  373854.7661156518
5d532704d1ce208a9669eea8
p:  284033.8002272782
5d532791d1ce208a9669eeaa
p:  201407.67904585577
5d532829d1ce208a9669eeac
p:  226948.16438238468
5d532928d1ce208a9669eeb5
p:  274107.8481330896
5d53294c82a56c755369ee7c
p:  301463.6030983443
5d532980d1ce208a9669eeb9
p:  277724.14086807123
5d5329a4d1ce208a9669eebb
p:  251345.99102203245
5d532a79d1ce208a9669eec8
p:  327413.721300452
5d532ac782a56c755369ee7f
p:  185928.38768830016
5d532b3c3ce3d2536f69eeca
p:  358039.93765541725
5d532cb93ce3d2536f69eecd
p:  331798.84199926455
5d532e3f3ce3d2536f69eed1
p:  514829.1606954575
5d53307ae2f0b1502169eeb3
p:  373116.1242616059
5d53308d3ce3d2536f69eed7
p:  319643.7391458526
5d5330f6756c92bcdd69eea6
p:  498547.34396422806
5d5330f8def993ac6a69eed6
p:  372669.8185707695
5d533293c31d2e140f69eeae
p:  314252.7641676862
5d53338be2f0b1502169eeb8
p:  277518.4553116112
5d5333b4def993ac6a69eede
p:  673927.9704365794
5d5333f9c31d2e140f69eeb2
p:  215156.53988242528
5d533456bb0ea4894d69eea5
p:  195625.42855568853
5d533517e2f0b1502169eebe
p:  302890.53570499306
5d53353fe2f0b1502169eec0
p:  594823.6309705884
5d53354fe2f0b1502169eec1
p:  330788.464507694
5d53359d77a58e6c2c69eee7
p:  290743.19575731293
5d5335e8def993ac6a69eee0
p:  336804.69351816206
5d53366987c194431569eeaa
p:  278464.13330368337
5d5336803ce3d2536f69eee2
p:  400784.87044748635
5d53369877a58e6c2c69eeea
p:  413570.6147396695
5d5336d087c194431569eeab
p:  349920.8624655331
5d53374477a58e6c2c69eeeb
p:  224917.33213167285
5d5337d13ce3d2536f69eee3
p:  413716.03513405926
5d5337f6bb0ea4894d69eeaf
p:  248322.54985692137
5d5339b43ce3d2536f69eee7
p:  307809.4542970666
5d5339d6bb0ea4894d69eeb4
p:  282751.7764707682
5d533a4f87c194431569eeb1
p:  307117.92475341714
5d533a63bb0ea4894d69eeb5
p:  181308.7048620708
5d533a990c00befe4669eed6
p:  667577.7487472268
5d533ab587c194431569eeb3
p:  322645.0826906176
5d533b3cdef993ac6a69eeec
p:  299154.72862464964
5d533b9587c194431569eeb5
p:  425379.92162338726
5d533c8bc31d2e140f69eebe
p:  226145.1551658213
5d533c90e2f0b1502169eed0
p:  352577.22926145885
5d533c98bb0ea4894d69eebb
p:  259318.08734284513
5d533dce7f51cc5f1b69eeb6
p:  444479.2433121847
5d533ddb3ce3d2536f69eeeb
p:  352810.02344534686
5d533e03fd992a45b569eecf
p:  387492.6027160036
5d533f75e2f0b1502169eed7
p:  316943.41485043976
5d533f827f51cc5f1b69eeba
p:  939284.0384691819
5d533f9477a58e6c2c69ef03
p:  277895.7997063183
5d533faa77a58e6c2c69ef04
p:  265894.965662455
5d53401887c194431569eebb
p:  408701.8712305337
5d5340a67f51cc5f1b69eebb
p:  413718.9551900666
5d534120bb0ea4894d69eec6
p:  195625.42855568853
5d53414782a56c755369eeaa
p:  256398.3622218097
5d5341f587c194431569eebd
p:  251587.21863159107
5d5341fa7f51cc5f1b69eec1
p:  265206.83528117975
5d534211bb0ea4894d69eec9
p:  226292.3601614993
5d5342296c9a6bf99e69eedc
p:  429831.5877073837
5d53426fe2f0b1502169eedc
p:  294093.2751135003
5d5342d26c9a6bf99e69eede
p:  267585.2673630486
5d53430387c194431569eec0
p:  409473.5666268725
5d5343f6e2f0b1502169eee1
p:  288243.6450168018
5d5344703ce3d2536f69eef6
p:  433199.69401072455
5d534495e2f0b1502169eee3
p:  272592.8502407782
5d5344c40c00befe4669eef0
p:  320413.62872077106
5d53451e87c194431569eec7
p:  348274.04520881554
5d534532e2f0b1502169eee4
p:  327263.7487314423
5d5345c9e5d9f640b469ef0e
p:  416880.80945053993
5d5345dd7f51cc5f1b69eec6
p:  408449.3413707029
5d5345fd6c9a6bf99e69eee7
p:  230235.75636461272
5d53462a3ce3d2536f69eef8
p:  439984.9555539291
5d534657756c92bcdd69eece
p:  232053.7976966812
5d53467687c194431569eec9
p:  241753.40083265625
5d5346ab6c9a6bf99e69eee9
p:  222522.47416516225
5d5346f3e2f0b1502169eee7
p:  244906.897817086
5d5347120c00befe4669eef6
p:  519088.94623564836
5d53476fa51186e7ca69ef0c
p:  281151.9670326777
5d5347700c00befe4669eef7
p:  215022.8534805504
5d5347e80c00befe4669eef8
p:  234051.83436293242
5d5348846c9a6bf99e69eeef
p:  232722.36934150354
5d53489682a56c755369eebe
p:  62778.425367952885
5d53489e0c00befe4669eef9
p:  329918.7878516655
5d53491be5d9f640b469ef13
p:  274947.28762695123
5d534931a51186e7ca69ef0e
p:  422617.74390134786
5d5349a7bb0ea4894d69eed9
p:  160681.14747364674
5d5349c17f51cc5f1b69eecf
p:  264649.34732362005
5d5349f9e5d9f640b469ef14
p:  261086.27630476822
5d534a32def993ac6a69ef08
p:  218807.90157996095
5d534a35a51186e7ca69ef11
p:  273542.8950777545
5d534a46def993ac6a69ef09
p:  548759.2081571277
5d534a5987c194431569eed4
p:  308712.0045318997
5d534a74a51186e7ca69ef12
p:  307588.79869548825
5d534a7787c194431569eed5
p:  474733.78085336956
5d534a89d1ce208a9669ef03
p:  267481.59317769425
5d534a9787c194431569eed6
p:  330938.90046480007
5d534ab7def993ac6a69ef0a
p:  251030.8714916388
5d534af3d1ce208a9669ef04
p:  634829.3275608297
5d534b20e5d9f640b469ef15
p:  285655.9468334215
5d534b20def993ac6a69ef0b
p:  312944.2477579928
5d534b430c00befe4669eeff
p:  504286.2992354502
5d534b5dd1ce208a9669ef05
p:  369318.7633457981
5d534b713ce3d2536f69ef11
p:  690750.9305317653
5d534b80a51186e7ca69ef15
p:  343650.2233588672
5d534bab6c9a6bf99e69eefb
p:  174933.44061942608
5d534bd80c00befe4669ef01
p:  611967.0620915694
5d534bfe82a56c755369eec7
p:  222120.0160763532
5d534c3c87c194431569eed9
p:  290827.9570408275
5d534c70756c92bcdd69eeda
p:  236201.68427353312
5d534c80e5d9f640b469ef17
p:  273331.2644059659
5d534cab6c9a6bf99e69eefd
p:  179678.14301757945
5d534cb5a51186e7ca69ef19
p:  361423.7450025998
5d534cc587c194431569eeda
p:  355482.3272824299
5d534d55d1ce208a9669ef0a
p:  547703.1139605854
5d534d5de5d9f640b469ef1b
p:  343463.5286392005
5d534da577a58e6c2c69ef21
p:  261335.85639161972
5d534dbfa51186e7ca69ef1c
p:  321380.98110506864
5d534dc9a51186e7ca69ef1d
p:  321746.06240042293
5d534dcb6c9a6bf99e69eeff
p:  190860.37046476442
5d534dd3a51186e7ca69ef1e
p:  287868.1951015603
5d534deaa51186e7ca69ef20
p:  318117.1536210828
5d534dead1ce208a9669ef0c
p:  235356.7952094051
5d534df4a51186e7ca69ef21
p:  358523.82039462053
5d534dfcd1ce208a9669ef0d
p:  232106.17118152336
5d534dfea51186e7ca69ef22
p:  684627.947517598
5d534e2ba51186e7ca69ef23
p:  390000.7481702118
5d534e5c3ce3d2536f69ef23
p:  433199.69401072455
5d534e6687c194431569eedf
p:  396288.5736307237
5d534e770c00befe4669ef06
p:  388740.9412477494
5d534e85756c92bcdd69eee2
p:  170316.3831860099
5d534e8b7f51cc5f1b69eedb
p:  464224.43791573355
5d534ea687c194431569eee0
p:  349390.45441076526
5d534ea9e5d9f640b469ef20
p:  280549.1988536905
5d534eda87c194431569eee1
p:  301263.25216538185
5d