Current date and time: 2020-06-07 15:34:20
Successfully connect to DB.
For ['Boone', 'Carroll', 'DeKalb', 'JoDaviess', 'LaSalle', 'Lee', 'Ogle', 'Putnam', 'Stephenson', 'Whiteside', 'Winnebago']#################################################################
train score for random_forest: 0.929442951731999
test score for random_forest: 0.565032459179192
The mean absolute error is:$ 54500.48748755597
r_Score: 0.6138502305065383
Voting Regressor (in): 0.9427651245685504
Voting Regressor: 0.6138502305065383
5d1c055f7e6c493d594588d9
p:  165531.46288151026
5d1c05faa4b117674a340e4e
p:  118337.83078425459
5d1c067da4b117674a340e50
p:  129761.98342823393
5d1c0880a4b117674a340e57
p:  124018.95165367195
5d1c08f7a4b117674a340e58
p:  139676.97402620089
5d1c0c454974f3301f340e3f
p:  110887.27688957882
5d1c0c694974f3301f340e40
p:  138901.2596216543
5d1c0e104974f3301f340e46
p:  133984.22061658217
5d1c0e224974f3301f340e47
p:  189836.39309230354
5d1c0efa4974f3301f340e4d
p:  83479.59144310135
5d1c0f404974f3301f340e51
p:  127232.68662900211
5d1c0f514974f3301f340e52
p:  160549.91365129783
5d1c10644974f3301f340e55
p:  99145.131908332
5d1c10fa4974f3301f340e5b
p:  168341.16825422028
5d1c113d4974f3301f340e5f
p:  151799.4978610042
5d1c11524974f3301f340e61
p:  306455.4604256082
5d1c11664974f3301f340e63
p:  171960.1916820901
5d1c135c4974f3301f340e68
p:  240003.0985674255
5d1c14814974f3301f340e6f
p:  133305.93424798362
5d1c158c4974f3301f340e72
p:  192660.68844457297
5d1c15ac4974f3301f340e73
p:  380578.4919134074
5d1c1b934974f3301f340e84
p:  224532.69445435298
5d1c1d444974f3301f340e89
p:  73327.52923588332
5d1c1e9a4974f3301f340e8e
p:  83479.59144310135
5d1c1fcd4974f3301f340e96
p:  126839.3151673679
5d1c22958410cd1953340f42
p:  116152.6056941531
5d1c229e8410cd1953340f43
p:  79557.41577451327
5d1c2cc79a36a1b7e9340e14
p:  230605.31602419575
5d1c2f699a36a1b7e9340e20
p:  369427.4559698325
5d1c5a3bab11b69b11340e0c
p:  134430.7829333254
5d1c5a80ab11b69b11340e0d
p:  163367.34928136852
5d1c5ac4ab11b69b11340e0e
p:  129863.02464424513
5d1c5b51ab11b69b11340e10
p:  109675.92589804393
5d1c5b93ab11b69b11340e11
p:  115229.97373925449
5d1c5c3dab11b69b11340e14
p:  151606.66416507825
5d1c61cbdbebfd779eefbd51
p:  134430.7829333254
5d1c6549ab11b69b11340e33
p:  164418.3349993185
5d1c671dab11b69b11340e3b
p:  121276.0466677227
5d1c6730ab11b69b11340e3c
p:  371499.2156253907
5d1c6799ab11b69b11340e3d
p:  165114.3259782872
5d1d082fab11b69b113410e6
p:  157792.29154386278
5d1d0841ab11b69b113410e8
p:  145960.72561750078
5d1d0e0fa4b117674a34124f
p:  126670.93336634457
5d1d2236f3ecb232203412a8
p:  206572.8239821037
5d1d2261f3ecb232203412ab
p:  148489.83467768942
5d1d25394974f3301f34126c
p:  202803.69743070798
5d1d2556260b290bbe341273
p:  99157.74282848882
5d1d25fa260b290bbe34127c
p:  260626.15236645006
5d1d2611260b290bbe34127d
p:  359967.0926619477
5d1dea27260b290bbe341632
p:  74634.05447278939
5d1ded059cf6bfe6b33417ce
p:  156985.16918248485
5d1ded179cf6bfe6b33417d0
p:  251648.18484151614
5d1ded259cf6bfe6b33417d2
p:  141285.78905861801
5d1ded719cf6bfe6b33417db
p:  227828.56850662772
5d1dedae49f85ba45d34166b
p:  157933.2586636091
5d1dee5c49f85ba45d34166f
p:  51063.62985580828
5d1dee9d9cf6bfe6b33417fa
p:  121065.17999015616
5d1deea59cf6bfe6b33417fb
p:  71321.17834813273
5d1def6e4974f3301f3416d8
p:  71779.0455294406
5d1df0654974f3301f3416db
p:  87567.37125211138
5d1df08b9cf6bfe6b334182b
p:  68304.2908192184
5d1df0bb8410cd1953341613
p:  178398.89540036343
5d1df13d4974f3301f3416e1
p:  44922.12875333661
5d1df1874974f3301f3416e4
p:  53133.409814610364
5d1df21e9cf6bfe6b334183d
p:  194253.6883526632
5d1df2338410cd1953341627
p:  71460.0510168086
5d1df25a8410cd1953341629
p:  65820.95208110858
5d1df30b4974f3301f3416f6
p:  62716.20660143729
5d1df31949f85ba45d341680
p:  166207.59002265107
5d1df3214974f3301f3416f7
p:  53133.409814610364
5d1df3734974f3301f3416fb
p:  196969.75768819958
5d1df3c79a36a1b7e93415b6
p:  158436.21142123654
5d1df4327f58d1fd2834158a
p:  65631.530350735
5d1df44c7f58d1fd2834158b
p:  85849.23205150617
5d1df4559a36a1b7e93415ba
p:  213858.2678097239
5d1df4c549f85ba45d34168e
p:  91086.9422370678
5d1df554ab11b69b1134167b
p:  47966.68497806834
5d1df5b49a36a1b7e93415c5
p:  189272.65793498384
5d1df68e4974f3301f34170f
p:  64945.66617665767
5d1df6917f58d1fd2834159a
p:  60448.46230361938
5d1df88850a3d30d8c3414e6
p:  147437.18283752256
5d1df89f4974f3301f341713
p:  50238.57142306518
5d1df8eb8410cd1953341685
p:  77335.26145492106
5d1df9567f58d1fd283415bc
p:  52820.1898701787
5d1df9718410cd195334168d
p:  71074.34126911443
5d1df97c9cf6bfe6b3341850
p:  123650.30894126381
5d1df9dc7f58d1fd283415c3
p:  55144.509034537106
5d1dfa484974f3301f341715
p:  86844.8394413309
5d1dfa5f4974f3301f341717
p:  44922.12875333661
5d1dfb5bab11b69b11341686
p:  77129.51907900779
5d1dfda58410cd19533416c9
p:  37421.353206350395
5d1dfdb78410cd19533416ca
p:  34492.92862006965
5d1dfdc88410cd19533416cb
p:  66848.66522690935
5d1dfe099cf6bfe6b3341865
p:  48930.17847327092
5d1dfe6b8410cd19533416d5
p:  54303.74508489073
5d1dfe989cf6bfe6b3341868
p:  84158.74579300545
5d1dfea29cf6bfe6b3341869
p:  50179.530626535925
5d1dfebf8410cd19533416da
p:  54303.74508489073
5d1dfefc8410cd19533416de
p:  59374.28873722034
5d1dff0e8410cd19533416df
p:  64058.39935163158
5d1dff329a36a1b7e9341602
p:  41260.11839949359
5d1dff458410cd19533416e2
p:  44052.23562730801
5d1dff658410cd19533416e4
p:  37701.04020423111
5d1dffa79ca8939feb34161e
p:  49371.79677230326
5d1dffb64974f3301f341727
p:  53111.916851038666
5d1dffff8410cd19533416ee
p:  87081.6029973623
5d1e00108410cd19533416ef
p:  44101.81820382685
5d1e0042a4b117674a3418e9
p:  60517.58797971549
5d1e00508410cd19533416f3
p:  177789.38443163494
5d1e00638410cd19533416f4
p:  45951.108371954324
5d1e008050a3d30d8c341517
p:  199722.53200111634
5d1e00848410cd19533416f6
p:  38766.16758269031
5d1e00d89ca8939feb341622
p:  63938.40790397035
5d1e01129ca8939feb341626
p:  65517.67708595936
5d1e0146a4b117674a3418ea
p:  113876.57992263293
5d1e014e9ca8939feb34162a
p:  55904.41687336223
5d1e015f9ca8939feb34162b
p:  63387.29252561247
5d1e01728410cd1953341705
p:  46146.70507164467
5d1e01749ca8939feb34162c
p:  58346.128880385804
5d1e01a39ca8939feb34162f
p:  49364.18119686023
5d1e01a89cf6bfe6b3341872
p:  54464.20139974746
5d1e01bd9ca8939feb341630
p:  33257.562697356916
5d1e01d18410cd195334170b
p:  125705.19037372607
5d1e01d29ca8939feb341631
p:  73515.06716044468
5d1e0200a4b117674a3418f1
p:  133812.63996707866
5d1e02369a36a1b7e9341615
p:  43246.356069397225
5d1e02477f58d1fd28341622
p:  88856.80588516322
5d1e02568410cd1953341713
p:  72979.11285699948
5d1e025e50a3d30d8c341524
p:  70360.281661457
5d1e02739ca8939feb341634
p:  48558.80165315089
5d1e027f9ca8939feb341635
p:  68585.40952711795
5d1e02ae7f58d1fd28341623
p:  98977.56416181722
5d1e02ae8410cd1953341719
p:  113727.94818669272
5d1e02d485cb0648e3341646
p:  97632.23097781141
5d1e032b8410cd1953341721
p:  93736.57614095401
5d1e034c7f58d1fd28341626
p:  61826.29032321074
5d1e039e8410cd1953341728
p:  172969.97581054014
5d1e03ac49f85ba45d3416c8
p:  124762.1567236688
5d1e03b67f58d1fd28341628
p:  117415.92584518285
5d1e03d39cf6bfe6b334187c
p:  92121.29617173306
5d1e03f39a36a1b7e934161b
p:  44263.66019615859
5d1e04079cf6bfe6b3341880
p:  146079.08073076812
5d1e04237f58d1fd2834162a
p:  65867.81200761392
5d1e0430a4b117674a3418fa
p:  212900.7542156675
5d1e044e7f58d1fd2834162b
p:  59790.90396644853
5d1e047449f85ba45d3416c9
p:  100485.86638911621
5d1e047e49f85ba45d3416ca
p:  100485.86638911621
5d1e04998410cd1953341738
p:  86923.31274276518
5d1e049d7f58d1fd2834162d
p:  59782.94887257456
5d1e04ada4b117674a3418fd
p:  78326.94618159859
5d1e04e4f3ecb23220341684
p:  158030.0104196464
5d1e05717f58d1fd28341631
p:  133663.98599701098
5d1e0585f3ecb23220341687
p:  160918.46448826333
5d1e05a07f58d1fd28341632
p:  98083.45617223071
5d1e05a38410cd1953341749
p:  81623.73320156673
5d1e05c17f58d1fd28341633
p:  114049.56148824943
5d1e05eb7f58d1fd28341634
p:  114049.56148824943
5d1e065ca4b117674a341905
p:  61435.81502180896
5d1e067a7f58d1fd28341638
p:  60781.649189994976
5d1e0680a4b117674a341907
p:  85653.4852083172
5d1e068bf3ecb23220341691
p:  174219.24617854983
5d1e0692a4b117674a341908
p:  143503.74972541496
5d1e069d7f58d1fd28341639
p:  195349.94934058917
5d1e06ce49f85ba45d3416cd
p:  158163.8713124336
5d1e080a9ca8939feb34163c
p:  100201.59982351941
5d1e083249f85ba45d3416d2
p:  128173.90318677918
5d1e08a085cb0648e334165b
p:  146202.57423672773
5d1e08a1a4b117674a341921
p:  197658.7928237263
5d1e08ee85cb0648e334165c
p:  255114.4748341218
5d1e08f249f85ba45d3416d3
p:  126804.51721643483
5d1e090349f85ba45d3416d4
p:  288981.7981896915
5d1e090c7f58d1fd28341648
p:  94926.79625586735
5d1e0911a4b117674a341926
p:  80220.5862231896
5d1e093da4b117674a341928
p:  114449.93734668547
5d1e0998a4b117674a34192d
p:  91259.7232307814
5d1e09c049f85ba45d3416de
p:  90955.47025860881
5d1e09d149f85ba45d3416df
p:  71956.60518243967
5d1e09d885cb0648e3341662
p:  72114.51605113456
5d1e09f849f85ba45d3416e1
p:  125285.22776199672
5d1e0a2785cb0648e3341665
p:  52853.54402790585
5d1e0a397f58d1fd2834164e
p:  116062.28349277328
5d1e0a867f58d1fd28341650
p:  79159.44202528121
5d1e0aaca4b117674a34193d
p:  317326.1196092715
5d1e0ac449f85ba45d3416ef
p:  72278.28622579924
5d1e0adc49f85ba45d3416f0
p:  72278.28622579924
5d1e0b3c7f58d1fd28341651
p:  55890.124508301116
5d1e0b4785cb0648e334166a
p:  63551.08527678085
5d1e0b7349f85ba45d3416f9
p:  97775.24017922982
5d1e0b9649f85ba45d3416fb
p:  210438.27740662132
5d1e0bab49f85ba45d3416fc
p:  127339.93489680786
5d1e0bc785cb0648e3341670
p:  72965.31470399027
5d1e0bf349f85ba45d341701
p:  121176.67373113756
5d1e0c1349f85ba45d341703
p:  98769.76506899533
5d1e0c4d49f85ba45d341707
p:  71855.41051576263
5d1e0d7c7f58d1fd28341656
p:  98717.17338829892
5d1e0e479ca8939feb34165d
p:  64065.652100258994
5d1e0ed49ca8939feb341665
p:  42358.78464315714
5d1e0f9549f85ba45d341720
p:  86745.20557737484
5d1e0fd549f85ba45d341721
p:  85928.63908360769
5d1e100ca4b117674a34194f
p:  301168.1499254212
5d1e14009a36a1b7e934166b
p:  104087.93784449893
5d1e14359a36a1b7e934166d
p:  97285.14036855428
5d1e1628ab11b69b11341738
p:  79806.66912031293
5d1e16339a36a1b7e9341676
p:  115420.49603471826
5d1e16ca9ca8939feb34167a
p:  159819.92324182572
5d1e170b8410cd19533417c5
p:  172708.47920508962
5d1e175ba4b117674a341969
p:  89151.20952894648
5d1e177385cb0648e3341692
p:  103709.79918880096
5d1e179aab11b69b11341745
p:  579698.0990194471
5d1e1873ab11b69b1134174e
p:  85095.12985538463
5d1e18d849f85ba45d341755
p:  110558.71557178073
5d1e18ed49f85ba45d341756
p:  137420.69830409263
5d1e18eff3ecb232203416d4
p:  53062.39496435142
5d1e191249f85ba45d341758
p:  367779.41401081765
5d1e19529a36a1b7e9341684
p:  92222.6966862436
5d1e196f260b290bbe341798
p:  39496.747225393294
5d1e199485cb0648e3341697
p:  124440.96143927178
5d1e19a716ccf47d8334157d
p:  119768.31893292151
5d1e1a82260b290bbe34179c
p:  41312.384431123246
5d1e1b53ab11b69b11341760
p:  153269.27599411533
5d1e1b8bab11b69b11341761
p:  104543.38012091102
5d1e1e9a260b290bbe3417ad
p:  49633.22935477775
5d1e2010a4b117674a341986
p:  108572.35891137493
5d1e21efa4b117674a34198e
p:  152670.54075386364
5d1e223da4b117674a341993
p:  152670.54075386364
5d1e2b56a4b117674a3419bb
p:  103425.73913045943
5d297fa6199bf96b6045aca8
p:  158554.1548038247
5d29804d199bf96b6045acaa
p:  41989.822031565556
5d2e2e60b39b58f1d2167d05
p:  100485.86638911621
5d2f8aee8b6c8df1a080b70a
p:  73888.71999974022
5d45bb1ff6b4c2439b8b2115
p:  88616.5972967165
For ['Cook', 'DuPage', 'Grundy', 'Kane', 'Kankakee', 'Kendall', 'Lake', 'McHenry', 'Will']#################################################################
train score for random_forest: 0.9637963896173414
test score for random_forest: 0.7587707341427318
The mean absolute error is:$ 99912.90295815688
r_Score: 0.7629242162533018
Voting Regressor (in): 0.9212971387236946
Voting Regressor: 0.7629242162533018
5d09d1cff184f611416d9925
p:  265022.6682296854
5d0a49e8fa7544d5f27ba67e
p:  218544.22588855837
5d0a4d05fa7544d5f27ba681
p:  251764.70505663866
5d0a4e7efa7544d5f27ba685
p:  172044.07661157392
5d0b52c321171180ce6efb7b
p:  284106.7894298427
5d0b566cf12fac82e26efb4f
p:  206179.69892600857
5d0d3e86e2ea012a7414ae82
p:  132840.2270294634
5d0d49c3ae78f7f2d314ae83
p:  154265.78876411094
5d0e6ecb45ebd0b4c32fcea5
p:  234669.04298313824
5d0e73f119f56a0d5b8f8ce3
p:  269355.6622729893
5d0e771a19f56a0d5b8f8cf0
p:  176028.86699682838
5d0e82212b8f60b82b8f8d14
p:  408979.816794586
5d0e92892b8f60b82b8f8d5c
p:  798701.6311580075
5d0e9bfc2b8f60b82b8f8d87
p:  370678.73821288976
5d0e9f502b8f60b82b8f8d93
p:  378513.07515061856
5d0e9f5c2b8f60b82b8f8d94
p:  112139.0854130808
5d0ea36f19f56a0d5b8f8e0d
p:  270084.7713879418
5d12aed2b7ae3de20d8d6ed0
p:  469003.67054311413
5d12b8ceb7ae3de20d8d6f03
p:  351443.5420916246
5d12ce5bb7ae3de20d8d6f99
p:  276303.1150545926
5d12ce86b7ae3de20d8d6f9a
p:  334372.83410520176
5d12cebcb7ae3de20d8d6f9b
p:  349509.2443804639
5d12cec9b7ae3de20d8d6f9c
p:  282680.3830772524
5d12ced3b7ae3de20d8d6f9d
p:  163915.680980577
5d12d324b7ae3de20d8d6fa5
p:  203813.86564831817
5d1851b2253e7cfd9b98bcf4
p:  228946.05948797148
5d1851e0253e7cfd9b98bcf5
p:  267071.9037270874
5d18651e253e7cfd9b98bd6d
p:  244261.58435122643
5d1b5a8a9cf6bfe6b3340afb
p:  172022.7257088291
5d1b5a977f58d1fd28340afa
p:  297753.5720153353
5d1b5ab550a3d30d8c340afe
p:  166290.53981452057
5d1b5abd8410cd1953340afa
p:  398126.68905415037
5d1b5adb9cf6bfe6b3340afd
p:  250580.27578220144
5d1b5af39a36a1b7e9340afb
p:  164634.9258630185
5d1b5af59ca8939feb340afa
p:  391329.0344283876
5d1b5b2516ccf47d83340afa
p:  287253.22122978664
5d1b5b279a36a1b7e9340afe
p:  228066.58802503388
5d1b5b748410cd1953340b00
p:  215016.75550977956
5d1b5b869cf6bfe6b3340b03
p:  284853.4644864336
5d1b5b8f7f58d1fd28340afe
p:  177139.586241154
5d1b5b908410cd1953340b01
p:  272225.96905006777
5d1b5be14974f3301f340b03
p:  125637.5287025922
5d1b5c26260b290bbe340af9
p:  297125.94402200624
5d1b5c4e50a3d30d8c340b06
p:  148829.40225758485
5d1b5c9450a3d30d8c340b09
p:  382729.37352363905
5d1b5c9449f85ba45d340b03
p:  224055.56282648048
5d1b5c957f58d1fd28340b02
p:  133552.6090778546
5d1b5cc516ccf47d83340b01
p:  277746.50033433456
5d1b5ce016ccf47d83340b02
p:  232831.79179641104
5d1b5d4fa4b117674a340afb
p:  237162.7834245856
5d1b5d9549f85ba45d340b06
p:  234114.68393617816
5d1b5db7260b290bbe340afb
p:  210502.07193576885
5d1b5e058410cd1953340b0a
p:  326971.4712832014
5d1b5e659a36a1b7e9340b02
p:  160287.55825918482
5d1b5e8f9ca8939feb340b02
p:  188723.14404153696
5d1b5e958410cd1953340b0d
p:  277985.81674206106
5d1b5ea3260b290bbe340b03
p:  302948.73101531377
5d1b5ed2260b290bbe340b05
p:  324561.8354000652
5d1b5f53f3ecb23220340b05
p:  231813.31533595393
5d1b5f69f3ecb23220340b07
p:  173513.04848810297
5d1b5fc99ca8939feb340b07
p:  304722.5152678791
5d1b60347f58d1fd28340b0a
p:  296811.40066074516
5d1b60679ca8939feb340b0a
p:  307995.6198096841
5d1b6089a4b117674a340b04
p:  329609.0832792708
5d1b60a74974f3301f340b0d
p:  140095.9315813826
5d1b60bb8410cd1953340b11
p:  294436.4103586838
5d1b60dc50a3d30d8c340b10
p:  252370.06033202345
5d1b613116ccf47d83340b14
p:  196251.14174771123
5d1b614b260b290bbe340b0b
p:  312550.66553704895
5d1b61e14974f3301f340b11
p:  274124.9081374655
5d1b61ec4974f3301f340b12
p:  104229.04991596885
5d1b62079cf6bfe6b3340b10
p:  356092.5774686451
5d1b624f9ca8939feb340b12
p:  300871.3215407206
5d1b62564974f3301f340b14
p:  496506.51172853296
5d1b625a9cf6bfe6b3340b15
p:  300266.07712049485
5d1b62639ca8939feb340b13
p:  384704.70375062566
5d1b62674974f3301f340b15
p:  316893.63859826745
5d1b62719ca8939feb340b14
p:  385084.7980087921
5d1b62954974f3301f340b19
p:  203880.9564597612
5d1b62dd49f85ba45d340b1a
p:  133843.97075062775
5d1b62f39ca8939feb340b16
p:  391147.11871465656
5d1b633d50a3d30d8c340b1f
p:  170289.05113170535
5d1b63479ca8939feb340b18
p:  564181.1852838472
5d1b635450a3d30d8c340b20
p:  290152.66591780935
5d1b63669a36a1b7e9340b11
p:  224434.5335283155
5d1b63754974f3301f340b1b
p:  217183.74334347836
5d1b63c17f58d1fd28340b19
p:  516735.58636650967
5d1b63d2ab11b69b11340b12
p:  505016.35212855774
5d1b64297f58d1fd28340b1a
p:  453596.9813568789
5d1b64388410cd1953340b17
p:  317474.9580705951
5d1b645ef3ecb23220340b1c
p:  201867.08425277326
5d1b64718410cd1953340b18
p:  294010.49614314793
5d1b64ce50a3d30d8c340b26
p:  177314.8924184497
5d1b6516a4b117674a340b17
p:  153373.7716232827
5d1b652b9ca8939feb340b1f
p:  272498.96553453617
5d1b65339ca8939feb340b20
p:  244834.39413787052
5d1b654c49f85ba45d340b1f
p:  207923.667804943
5d1b65508410cd1953340b1c
p:  461596.8461740974
5d1b65524974f3301f340b1f
p:  217183.74334347836
5d1b6554f3ecb23220340b20
p:  262755.67237924004
5d1b65ee16ccf47d83340b25
p:  115611.29430460185
5d1b670f50a3d30d8c340b31
p:  315049.60719165695
5d1b673f9ca8939feb340b2b
p:  1343113.383188825
5d1b674116ccf47d83340b29
p:  225806.62740279493
5d1b6768a4b117674a340b1f
p:  162617.11712251347
5d1b677450a3d30d8c340b33
p:  293245.23498270643
5d1b677d50a3d30d8c340b34
p:  260010.67941161073
5d1b6789a4b117674a340b21
p:  123877.80994053528
5d1b679250a3d30d8c340b36
p:  163223.2929203638
5d1b67a4ab11b69b11340b15
p:  1234230.3838450997
5d1b6830ab11b69b11340b1b
p:  777826.0175628581
5d1b6836a4b117674a340b22
p:  520492.88435654313
5d1b68517f58d1fd28340b22
p:  250356.43519618644
5d1b6898ab11b69b11340b1f
p:  506950.6899875535
5d1b68c89a36a1b7e9340b22
p:  251317.0566431251
5d1b68f750a3d30d8c340b3d
p:  669707.9233221601
5d1b68ff260b290bbe340b1c
p:  115808.3802102925
5d1b692b4974f3301f340b24
p:  244653.8715854176
5d1b69ecf3ecb23220340b34
p:  279543.26740837854
5d1b6a0716ccf47d83340b2b
p:  306435.76375194953
5d1b6a14ab11b69b11340b27
p:  668074.1138148492
5d1b6a349cf6bfe6b3340b2e
p:  125487.26853559173
5d1b6a6cf3ecb23220340b36
p:  213433.92176018204
5d1b6ab516ccf47d83340b30
p:  187213.45670047496
5d1b6af250a3d30d8c340b42
p:  261881.07284186964
5d1b6afa9ca8939feb340b34
p:  775023.0563515299
5d1b6b5f7f58d1fd28340b28
p:  136408.20185124455
5d1b6bb7260b290bbe340b25
p:  359492.09064156906
5d1b6bcd8410cd1953340b37
p:  278135.98334414646
5d1b6c0a16ccf47d83340b33
p:  150343.88319234055
5d1b6c0e9a36a1b7e9340b2e
p:  256692.02563161714
5d1b6c44a4b117674a340b33
p:  135973.43104751458
5d1b6c7316ccf47d83340b35
p:  398842.39045990247
5d1b6c89260b290bbe340b29
p:  359730.65076191956
5d1b6c8fa4b117674a340b37
p:  121498.71830880716
5d1b6cb2260b290bbe340b2b
p:  694228.8229130253
5d1b6d999ca8939feb340b3b
p:  370366.5801972015
5d1b6d9df3ecb23220340b42
p:  175559.09605907102
5d1b6e4cf3ecb23220340b45
p:  243692.9559300109
5d1b6ed8a4b117674a340b40
p:  144777.14258035866
5d1b6f3ea4b117674a340b43
p:  222109.83437087148
5d1b70338410cd1953340b46
p:  270946.9996881702
5d1b703c9ca8939feb340b3f
p:  200097.64913279907
5d1b70568410cd1953340b48
p:  298418.87292561843
5d1b70927f58d1fd28340b37
p:  275897.32094125677
5d1b70f07f58d1fd28340b3b
p:  271300.85867943603
5d1b715a9cf6bfe6b3340b41
p:  263828.9202118039
5d1b7170a4b117674a340b48
p:  227482.632692152
5d1b71d29cf6bfe6b3340b44
p:  579598.463613659
5d1b71d59ca8939feb340b47
p:  360342.5937038581
5d1b7221a4b117674a340b4a
p:  418619.8872386636
5d1b728c9a36a1b7e9340b42
p:  69769.88650453027
5d1b72ba260b290bbe340b3c
p:  311402.47440640646
5d1b72dbf3ecb23220340b59
p:  326735.08547193336
5d1b7397f3ecb23220340b5c
p:  172199.70090918927
5d1b74259cf6bfe6b3340b4a
p:  447776.21174780274
5d1b74427f58d1fd28340b46
p:  334900.8103533913
5d1b74539cf6bfe6b3340b4d
p:  376144.01878558844
5d1b75089cf6bfe6b3340b51
p:  366904.5447978064
5d1b750b9ca8939feb340b4f
p:  304936.0808302779
5d1b76429cf6bfe6b3340b57
p:  191280.21342640577
5d1b771a9cf6bfe6b3340b5a
p:  351019.7929702972
5d1b773f7f58d1fd28340b51
p:  310392.2872219001
5d1b77939ca8939feb340b56
p:  534191.2097414545
5d1b77da9cf6bfe6b3340b5b
p:  998432.7551071183
5d1b7861a4b117674a340b61
p:  251785.41448858223
5d1b78e39cf6bfe6b3340b60
p:  597808.3742965328
5d1b79039cf6bfe6b3340b62
p:  229577.39266920259
5d1b79399cf6bfe6b3340b65
p:  368921.69117694953
5d1b79b516ccf47d83340b58
p:  152317.6906278563
5d1b7a2b9cf6bfe6b3340b73
p:  413823.0499501652
5d1b7a689cf6bfe6b3340b76
p:  356241.4236474652
5d1b7a829cf6bfe6b3340b77
p:  413188.8250679397
5d1b7aba9cf6bfe6b3340b79
p:  490200.2038547094
5d1b7b6a9cf6bfe6b3340b83
p:  287059.0282943188
5d1b7ba27f58d1fd28340b73
p:  205918.9961448157
5d1b7cba9cf6bfe6b3340b94
p:  191280.21342640577
5d1b7d1a9cf6bfe6b3340b99
p:  364825.63107434555
5d1b7d257f58d1fd28340b79
p:  299198.5259853267
5d1b7d2b260b290bbe340b5a
p:  434491.03667925415
5d1b7d98260b290bbe340b5d
p:  645368.6728334362
5d1b7daeab11b69b11340b60
p:  589666.2121712908
5d1b7dbc9cf6bfe6b3340ba4
p:  1173697.5509630824
5d1b7dd39cf6bfe6b3340ba6
p:  275505.2558477469
5d1b7e8416ccf47d83340b66
p:  144967.4755069167
5d1b7e979cf6bfe6b3340bb5
p:  1241098.2564924343
5d1b7ef04974f3301f340b5c
p:  177112.03478759332
5d1b7f0d8410cd1953340b72
p:  236243.414157333
5d1b7f2a9cf6bfe6b3340bc1
p:  1246298.3691489813
5d1b7f318410cd1953340b73
p:  376986.8180992985
5d1b7f5d9cf6bfe6b3340bc4
p:  598975.552125945
5d1b7f759cf6bfe6b3340bc6
p:  198076.78859920707
5d1b7f839cf6bfe6b3340bc7
p:  368962.0339060484
5d1b7fa89cf6bfe6b3340bc9
p:  294155.1935486048
5d1b7ff89cf6bfe6b3340bcc
p:  412103.3589761426
5d1b8043260b290bbe340b68
p:  305862.9772351146
5d1b807fab11b69b11340b68
p:  426166.0989504715
5d1b80879cf6bfe6b3340bd4
p:  712401.2732450047
5d1b808aab11b69b11340b69
p:  1400651.4603740894
5d1b80ae85cb0648e3340b7e
p:  234462.57767601951
5d1b816016ccf47d83340b70
p:  284316.9165949136
5d1b817316ccf47d83340b71
p:  157151.2659218933
5d1b8179260b290bbe340b80
p:  225844.52281854796
5d1b8189ab11b69b11340b6e
p:  707942.6752382538
5d1b81ac9cf6bfe6b3340be2
p:  141827.03241297475
5d1b81d78410cd1953340b74
p:  224734.0654639855
5d1b81dbab11b69b11340b70
p:  410007.95803914557
5d1b821e9cf6bfe6b3340beb
p:  653495.6652338353
5d1b823885cb0648e3340b84
p:  301175.544619041
5d1b82438410cd1953340b75
p:  370024.81074919656
5d1b82599ca8939feb340b83
p:  616038.4138836594
5d1b82908410cd1953340b77
p:  222329.82364601712
5d1b830f8410cd1953340b7c
p:  173375.61110533352
5d1b831a260b290bbe340ba1
p:  498351.85548182955
5d1b8327260b290bbe340ba2
p:  279503.40992738196
5d1b83628410cd1953340b7f
p:  222976.47217992722
5d1b8363ab11b69b11340b77
p:  663042.081626572
5d1b838c85cb0648e3340b89
p:  339050.40034355165
5d1b8396260b290bbe340bab
p:  366312.93003156665
5d1b83af4974f3301f340b67
p:  259200.19373657482
5d1b84834974f3301f340b6c
p:  144888.49999130837
5d1b849d49f85ba45d340b82
p:  1337790.896495626
5d1b84cf50a3d30d8c340b9f
p:  640868.3875285382
5d1b84e316ccf47d83340b84
p:  290271.4055152484
5d1b84f59ca8939feb340b8c
p:  443161.5298252762
5d1b855750a3d30d8c340ba1
p:  273285.50685238215
5d1b85e849f85ba45d340b83
p:  866357.6622044437
5d1b862c9cf6bfe6b3340c37
p:  1758580.775995489
5d1b86374974f3301f340b6f
p:  129338.14704323554
5d1b863c85cb0648e3340b93
p:  599242.2046482267
5d1b8680ab11b69b11340b7e
p:  502671.2464927208
5d1b868c49f85ba45d340b88
p:  482333.86210755096
5d1b8704ab11b69b11340b7f
p:  757323.6230705554
5d1b8744260b290bbe340bd3
p:  316522.6078446075
5d1b87d74974f3301f340b76
p:  383499.4721862515
5d1b87e04974f3301f340b77
p:  187986.82152259114
5d1b884749f85ba45d340b8b
p:  568204.9926794631
5d1b894cab11b69b11340b84
p:  731256.2765437716
5d1b89d7f3ecb23220340baa
p:  336185.7370887435
5d1b89e64974f3301f340b7c
p:  224656.9525281078
5d1b89ebf3ecb23220340bab
p:  323420.62894530175
5d1b8a25f3ecb23220340bad
p:  120180.03657648797
5d1b8b1950a3d30d8c340bb5
p:  1854982.1336850203
5d1b8b43260b290bbe340bdc
p:  370776.91454009427
5d1b8b5950a3d30d8c340bb6
p:  2030270.458220161
5d1b8b5b8410cd1953340b96
p:  238876.61260618156
5d1b8b638410cd1953340b97
p:  328437.9808153139
5d1b8b6c8410cd1953340b98
p:  165344.58931697038
5d1b8b6d85cb0648e3340ba6
p:  768153.581487895
5d1b8b7bab11b69b11340b8f
p:  270421.8094845811
5d1b8c4d4974f3301f340b8a
p:  158410.95318904234
5d1b8c4d8410cd1953340b9b
p:  222976.47217992722
5d1b8c5816ccf47d83340b97
p:  144967.4755069167
5d1b8c6050a3d30d8c340bba
p:  470308.48208502895
5d1b8ca150a3d30d8c340bbb
p:  1468750.0293340741
5d1b8d02a4b117674a340ba9
p:  257468.9929931527
5d1b8d1d8410cd1953340b9f
p:  238066.01330936764
5d1b8dcf49f85ba45d340b93
p:  290680.7177291956
5d1b8dee4974f3301f340b91
p:  80045.23409242387
5d1b8e214974f3301f340b93
p:  178855.49178735382
5d1b8e6d260b290bbe340be5
p:  415393.87692140095
5d1b8e798410cd1953340ba2
p:  225937.8871088345
5d1b8e7f50a3d30d8c340bc2
p:  2743631.6011247723
5d1b8ea78410cd1953340ba5
p:  207684.17190588592
5d1b8ecc8410cd1953340ba7
p:  219554.6603405283
5d1b8ee149f85ba45d340b97
p:  300858.1336578034
5d1b8ee949f85ba45d340b98
p:  269865.00281576684
5d1b8f10ab11b69b11340ba0
p:  892995.054004367
5d1b8f83260b290bbe340bf0
p:  694901.0075736013
5d1b8f9e260b290bbe340bf1
p:  235443.75978602766
5d1b8fb7a4b117674a340bb4
p:  243726.07191015582
5d1b8fbe260b290bbe340bf2
p:  507637.4441670814
5d1b90e149f85ba45d340b9f
p:  310773.6929171559
5d1b912216ccf47d83340ba1
p:  281668.35857354297
5d1b9165260b290bbe340c00
p:  182778.3194866121
5d1b92177f58d1fd28340bd7
p:  297753.5720153353
5d1b924449f85ba45d340ba5
p:  553771.2481041278
5d1b924e260b290bbe340c0a
p:  981444.1373140845
5d1b925049f85ba45d340ba6
p:  1057260.7285341055
5d1b926249f85ba45d340ba7
p:  227762.33268389938
5d1b926f8410cd1953340bab
p:  188858.3876360785
5d1b92b88410cd1953340bad
p:  229374.74375313031
5d1b92cf49f85ba45d340ba8
p:  646830.8626793353
5d1b930e85cb0648e3340bc2
p:  262999.7147270201
5d1b935b8410cd1953340bb6
p:  235077.86416200295
5d1b93af260b290bbe340c12
p:  286627.97054021293
5d1b94bbab11b69b11340bc5
p:  442608.60724322125
5d1b95319a36a1b7e9340bbe
p:  498526.85512380116
5d1b95619a36a1b7e9340bbf
p:  747148.2401369661
5d1b957aab11b69b11340bc9
p:  282330.00610569236
5d1b95b08410cd1953340bc2
p:  786718.7556571742
5d1b95d6ab11b69b11340bcc
p:  286245.8484541071
5d1b96137f58d1fd28340bea
p:  305973.47210347996
5d1b96149ca8939feb340bca
p:  621628.8746509475
5d1b969e9ca8939feb340bcc
p:  717690.6354404899
5d1b9758ab11b69b11340bdb
p:  362299.7128743729
5d1b979a8410cd1953340bce
p:  140611.00689382915
5d1b98398410cd1953340bd5
p:  408701.18036365067
5d1b984e7f58d1fd28340bf4
p:  476925.22572561004
5d1b997aa4b117674a340bd8
p:  439918.2851517722
5d1b9a0249f85ba45d340bc2
p:  409657.93288324383
5d1b9a769a36a1b7e9340bd9
p:  500127.2457723518
5d1b9aa39a36a1b7e9340bdb
p:  474361.24936189794
5d1b9abfa4b117674a340be0
p:  259819.44566938878
5d1b9b00a4b117674a340be2
p:  420859.4318533427
5d1b9b4950a3d30d8c340be1
p:  172453.97990559664
5d1b9b8750a3d30d8c340be2
p:  366261.65704308706
5d1b9ba59a36a1b7e9340bdf
p:  2308623.521345523
5d1b9badf3ecb23220340be8
p:  351520.0325405005
5d1b9bafa4b117674a340be8
p:  280546.3179565408
5d1b9bb59a36a1b7e9340be0
p:  754360.322816789
5d1b9bc39cf6bfe6b3340ca0
p:  257217.48501937627
5d1b9bdda4b117674a340be9
p:  684199.5731851762
5d1b9bfea4b117674a340bea
p:  185114.13956693263
5d1b9c2b85cb0648e3340bd3
p:  362968.8016437943
5d1b9c689a36a1b7e9340be3
p:  499199.41514756903
5d1b9c8af3ecb23220340bec
p:  199240.83259669784
5d1b9c8ba4b117674a340bee
p:  226702.72100531304
5d1b9cc2a4b117674a340bf0
p:  199249.18067995703
5d1b9cc59a36a1b7e9340be5
p:  473731.533269166
5d1b9cdaab11b69b11340bdf
p:  127099.6728933415
5d1b9cf8f3ecb23220340bee
p:  164552.8020103263
5d1b9d0da4b117674a340bf2
p:  680650.4023339235
5d1b9d5f85cb0648e3340bd9
p:  261545.81820926652
5d1b9d6750a3d30d8c340be5
p:  146660.96222017508
5d1b9d7385cb0648e3340bda
p:  323660.68356242107
5d1b9d8885cb0648e3340bdb
p:  390704.3859360385
5d1b9de9a4b117674a340bf7
p:  581216.5219604658
5d1b9e829a36a1b7e9340bed
p:  595053.0889889601
5d1b9e84f3ecb23220340bf2
p:  701186.7085358852
5d1b9f318410cd1953340be7
p:  415246.98501091683
5d1b9f6a260b290bbe340c91
p:  429585.7727772265
5d1b9f989a36a1b7e9340bf2
p:  174630.03511924483
5d1ba0249cf6bfe6b3340cb0
p:  128379.31628175205
5d1ba0499cf6bfe6b3340cb2
p:  101978.22161419361
5d1ba06d9cf6bfe6b3340cb4
p:  300095.0795438894
5d1ba0ce50a3d30d8c340bf3
p:  382924.43427561224
5d1ba0f150a3d30d8c340bf4
p:  206352.1751299245
5d1ba1389ca8939feb340be6
p:  216905.44144349394
5d1ba18c9a36a1b7e9340bfb
p:  302249.0345126906
5d1ba1fa9a36a1b7e9340bfd
p:  358504.56519946735
5d1ba20f9cf6bfe6b3340cb7
p:  177530.81064137758
5d1ba231f3ecb23220340c03
p:  290776.56900355476
5d1ba2d350a3d30d8c340bf5
p:  152667.87774389604
5d1ba2e185cb0648e3340be5
p:  259019.88773839345
5d1ba2fdf3ecb23220340c07
p:  1094735.556373001
5d1ba3378410cd1953340bf3
p:  300211.8919211817
5d1ba37bab11b69b11340beb
p:  130897.01583750892
5d1ba3b57f58d1fd28340c33
p:  244812.3187354796
5d1ba452f3ecb23220340c0b
p:  307208.78690699604
5d1ba4689ca8939feb340beb
p:  364594.91338060296
5d1ba472ab11b69b11340bef
p:  186545.7086518125
5d1ba4729a36a1b7e9340c0b
p:  398805.98190519016
5d1ba492a4b117674a340c06
p:  492391.1385756869
5d1ba4a5260b290bbe340ca7
p:  509354.7665219705
5d1ba4b250a3d30d8c340bff
p:  311697.61099197547
5d1ba4b416ccf47d83340bcc
p:  300258.12122950103
5d1ba4b5260b290bbe340ca8
p:  286788.2678326566
5d1ba4b649f85ba45d340bda
p:  1581330.668971894
5d1ba4bd9a36a1b7e9340c0d
p:  320550.23244055896
5d1ba4fe9cf6bfe6b3340cc6
p:  244136.14591518085
5d1ba5279cf6bfe6b3340cc7
p:  236287.62604084262
5d1ba52849f85ba45d340bde
p:  393825.87969644147
5d1ba52c9a36a1b7e9340c10
p:  1547531.8557272214
5d1ba5e750a3d30d8c340c02
p:  310813.0763932301
5d1ba5ea260b290bbe340cab
p:  172665.7596206856
5d1ba5f116ccf47d83340bd2
p:  289593.5354525866
5d1ba5f950a3d30d8c340c03
p:  227082.00105037098
5d1ba5f99cf6bfe6b3340ccb
p:  209710.50618089456
5d1ba612ab11b69b11340bf6
p:  238243.62049045035
5d1ba6259a36a1b7e9340c15
p:  1900813.386762177
5d1ba6277f58d1fd28340c3e
p:  172905.31056940142
5d1ba64ba4b117674a340c0a
p:  328918.64731843956
5d1ba698a4b117674a340c0c
p:  430721.4103021324
5d1ba6e416ccf47d83340bd7
p:  291702.6431467095
5d1ba72e9a36a1b7e9340c1c
p:  387605.6333307388
5d1ba73bf3ecb23220340c1d
p:  273135.1084144324
5d1ba7479cf6bfe6b3340cd6
p:  346459.8972137624
5d1ba7529a36a1b7e9340c1d
p:  426542.4857076624
5d1ba78f85cb0648e3340bfb
p:  369751.38278976455
5d1ba81a9ca8939feb340bfe
p:  284136.11722752155
5d1ba82ba4b117674a340c11
p:  332495.41176310205
5d1ba82d260b290bbe340cb8
p:  372090.0848655634
5d1ba8389ca8939feb340bff
p:  379970.0945497608
5d1ba877260b290bbe340cb9
p:  284788.6018674643
5d1ba89aa4b117674a340c13
p:  465046.9371720536
5d1ba90650a3d30d8c340c06
p:  260167.1249614746
5d1ba97a9ca8939feb340c02
p:  217752.21189491314
5d1ba99d9ca8939feb340c03
p:  262531.812733913
5d1ba9ef4974f3301f340bd0
p:  161351.30268834988
5d1ba9fff3ecb23220340c30
p:  286304.03666594625
5d1baa1d8410cd1953340c17
p:  169592.90350357827
5d1baa3f7f58d1fd28340c44
p:  876236.06243224
5d1baa9316ccf47d83340be6
p:  339848.61097283196
5d1baaa9a4b117674a340c1c
p:  1075070.8069862432
5d1baad0260b290bbe340cbd
p:  244372.7069813549
5d1bab53a4b117674a340c1f
p:  238927.75086151852
5d1babc9260b290bbe340cbe
p:  225834.2155915233
5d1babef260b290bbe340cc0
p:  292802.2114522605
5d1babf2ab11b69b11340c08
p:  165744.0834348257
5d1babf9a4b117674a340c22
p:  204343.83313178722
5d1bac4d85cb0648e3340c08
p:  568127.7279657125
5d1bac68a4b117674a340c24
p:  106327.083773566
5d1bac779cf6bfe6b3340ce3
p:  270759.6664428847
5d1bac9149f85ba45d340bf7
p:  282935.8257612559
5d1baca516ccf47d83340be8
p:  376992.9195733407
5d1bacb2ab11b69b11340c0a
p:  114422.07329161919
5d1bacd116ccf47d83340be9
p:  299172.44167292316
5d1bacecf3ecb23220340c44
p:  539798.2869709183
5d1bad0c7f58d1fd28340c48
p:  299868.417344339
5d1bad0fa4b117674a340c27
p:  202915.78212235018
5d1bad7c260b290bbe340cc4
p:  164206.7608726596
5d1bad7da4b117674a340c29
p:  224328.78263603497
5d1badc17f58d1fd28340c4b
p:  282734.64608400414
5d1badcf50a3d30d8c340c1b
p:  295840.25765441265
5d1badd07f58d1fd28340c4c
p:  268748.9945664817
5d1badd750a3d30d8c340c1c
p:  185614.8897574407
5d1bae6a8410cd1953340c2e
p:  366032.62070135184
5d1baec78410cd1953340c2f
p:  163315.16268830586
5d1baefff3ecb23220340c52
p:  331819.0286972073
5d1baf3e260b290bbe340ccb
p:  328169.1046295871
5d1baf5ff3ecb23220340c53
p:  326297.7303796743
5d1baf63260b290bbe340ccc
p:  255389.39613314773
5d1baf6e260b290bbe340ccd
p:  294170.7371501904
5d1bafae9ca8939feb340c1a
p:  343507.267310402
5d1bafc449f85ba45d340c05
p:  326482.56290969683
5d1baff1260b290bbe340cd0
p:  189143.55991340894
5d1baffc50a3d30d8c340c20
p:  368368.6202119264
5d1bb06949f85ba45d340c08
p:  99489.5208367956
5d1bb06b50a3d30d8c340c22
p:  279721.55440417107
5d1bb0768410cd1953340c31
p:  360016.4613667598
5d1bb07a260b290bbe340cd4
p:  331474.93708199594
5d1bb11c7f58d1fd28340c54
p:  264277.9958092568
5d1bb15f50a3d30d8c340c25
p:  313049.6692355509
5d1bb161f3ecb23220340c60
p:  456405.9595444378
5d1bb165a4b117674a340c36
p:  243851.93533997133
5d1bb19ba4b117674a340c37
p:  282531.53391205653
5d1bb19e8410cd1953340c35
p:  333033.01245687786
5d1bb1caa4b117674a340c38
p:  278395.7811140724
5d1bb20a9cf6bfe6b3340cf6
p:  196968.08312322682
5d1bb23df3ecb23220340c64
p:  250375.1255375615
5d1bb29116ccf47d83340bf5
p:  188511.00713643426
5d1bb29816ccf47d83340bf6
p:  188511.00713643426
5d1bb35050a3d30d8c340c2c
p:  281595.85792132723
5d1bb352f3ecb23220340c69
p:  817951.3240007398
5d1bb3729a36a1b7e9340c3f
p:  624378.1430107291
5d1bb3daa4b117674a340c42
p:  411784.5576696602
5d1bb3e98410cd1953340c3d
p:  653446.2051147548
5d1bb3ea16ccf47d83340bfd
p:  290466.7387165089
5d1bb3fcab11b69b11340c1d
p:  269412.76123600244
5d1bb3fd8410cd1953340c3e
p:  333954.8632369997
5d1bb3ff260b290bbe340ce1
p:  316455.0871115825
5d1bb4067f58d1fd28340c57
p:  302518.3490911616
5d1bb45f8410cd1953340c41
p:  198403.93948332782
5d1bb4968410cd1953340c42
p:  490736.38225843484
5d1bb4b07f58d1fd28340c5d
p:  277039.58964741556
5d1bb4c68410cd1953340c43
p:  168157.42265059685
5d1bb4f07f58d1fd28340c5f
p:  260784.05271274733
5d1bb4f28410cd1953340c44
p:  231955.3938214442
5d1bb4f94974f3301f340bfd
p:  197462.9032385875
5d1bb56550a3d30d8c340c2f
p:  281595.85792132723
5d1bb5b58410cd1953340c49
p:  392344.794455133
5d1bb5d2260b290bbe340ce5
p:  291052.1529392167
5d1bb67aa4b117674a340c4b
p:  1000850.8192952847
5d1bb67b8410cd1953340c4e
p:  379505.8667129234
5d1bb69e260b290bbe340cea
p:  198569.91243793064
5d1bb6eb8410cd1953340c50
p:  581493.6102024969
5d1bb7028410cd1953340c51
p:  409854.2384713557
5d1bb7069cf6bfe6b3340d09
p:  117051.95009165269
5d1bb7208410cd1953340c52
p:  377374.5634957099
5d1bb7348410cd1953340c53
p:  471158.2861743559
5d1bb750f3ecb23220340c7a
p:  874364.1231442516
5d1bb769a4b117674a340c53
p:  207756.05080900484
5d1bb7d485cb0648e3340c27
p:  539745.9616476787
5d1bb7e18410cd1953340c58
p:  361913.8872064158
5d1bb7f6f3ecb23220340c7d
p:  433467.80603887
5d1bb8258410cd1953340c59
p:  255192.18222104516
5d1bb8497f58d1fd28340c64
p:  300933.338253953
5d1bb8b485cb0648e3340c28
p:  1549028.4757629214
5d1bb8b54974f3301f340c51
p:  140749.97570527927
5d1bb8c74974f3301f340c53
p:  164707.09904414433
5d1bb8d04974f3301f340c54
p:  127400.09289316976
5d1bb8d38410cd1953340c5e
p:  379505.8667129234
5d1bb9194974f3301f340c5c
p:  252499.24648850685
5d1bb9354974f3301f340c5d
p:  209506.11356517533
5d1bb93d4974f3301f340c5e
p:  254360.66606123463
5d1bb95cf3ecb23220340c82
p:  458174.60672553524
5d1bb9798410cd1953340c62
p:  337271.2604538875
5d1bb9cd85cb0648e3340c2d
p:  412062.8573205543
5d1bb9fe4974f3301f340c6f
p:  322184.11964400695
5d1bba0c4974f3301f340c71
p:  583272.2052213601
5d1bba129a36a1b7e9340c4e
p:  586092.7268257444
5d1bba3f8410cd1953340c67
p:  150372.0084427885
5d1bbae98410cd1953340c6c
p:  359504.10263683024
5d1bbb064974f3301f340c78
p:  481138.44895826624
5d1bbb137f58d1fd28340c67
p:  276966.576823949
5d1bbb294974f3301f340c7d
p:  197359.45508907776
5d1bbb2a260b290bbe340cf9
p:  242110.00868372276
5d1bbb548410cd1953340c6f
p:  337271.2604538875
5d1bbb8f8410cd1953340c71
p:  396459.26401473593
5d1bbbaa8410cd1953340c72
p:  285237.19231006765
5d1bbbd185cb0648e3340c34
p:  285101.1877533492
5d1bbc114974f3301f340c91
p:  225844.70897635724
5d1bbc174974f3301f340c92
p:  326111.76283637196
5d1bbc2e4974f3301f340c95
p:  406256.24968923227
5d1bbc36260b290bbe340cfe
p:  285557.52039183595
5d1bbc43a4b117674a340c8f
p:  222736.51141746866
5d1bbc5da4b117674a340c92
p:  193935.55585897408
5d1bbc968410cd1953340c77
p:  179885.08044433297
5d1bbcdc8410cd1953340c79
p:  428933.86198305263
5d1bbd0816ccf47d83340c18
p:  338768.27458203316
5d1bbd6d85cb0648e3340c3f
p:  229225.72076378792
5d1bbd89a4b117674a340cac
p:  852942.9233090617
5d1bbda48410cd1953340c7f
p:  181456.6271262876
5d1bbdad260b290bbe340d07
p:  207184.11212313036
5d1bbdb64974f3301f340cb2
p:  301424.0729940982
5d1bbdc14974f3301f340cb3
p:  232079.34293269017
5d1bbdcc4974f3301f340cb4
p:  197359.45508907776
5d1bbdd34974f3301f340cb5
p:  344392.1800154767
5d1bbdf4260b290bbe340d09
p:  310954.8963722745
5d1bbe054974f3301f340cba
p:  209506.11356517533
5d1bbe17260b290bbe340d0a
p:  236382.87629275915
5d1bbe6e4974f3301f340cc9
p:  209506.11356517533
5d1bbe834974f3301f340ccb
p:  298213.0563764047
5d1bbe999ca8939feb340c69
p:  486881.67626712704
5d1bbea34974f3301f340ccf
p:  159548.5889575009
5d1bbead8410cd1953340c87
p:  269226.913549516
5d1bbeba4974f3301f340cd1
p:  177417.3226797292
5d1bbed34974f3301f340cd4
p:  369068.0018114737
5d1bbf0a85cb0648e3340c44
p:  250967.36979935932
5d1bbf0f50a3d30d8c340c4d
p:  244649.0040815315
5d1bbf7dab11b69b11340c47
p:  190055.67340973328
5d1bbfb88410cd1953340c90
p:  379505.8667129234
5d1bbfd68410cd1953340c91
p:  240999.26840868016
5d1bc02a4974f3301f340ced
p:  189539.79555120954
5d1bc0ae4974f3301f340cfd
p:  126155.52111125621
5d1bc0bb85cb0648e3340c51
p:  229225.72076378792
5d1bc0c685cb0648e3340c52
p:  344720.17892862274
5d1bc0eb4974f3301f340d04
p:  402544.4936197838
5d1bc10b85cb0648e3340c58
p:  284772.3205387844
5d1bc13e8410cd1953340c9a
p:  495241.94271609874
5d1bc1698410cd1953340c9b
p:  180453.82983435295
5d1bc1c3ab11b69b11340c56
p:  308495.36252313934
5d1bc22185cb0648e3340c59
p:  1205752.1236207208
5d1bc23cf3ecb23220340cad
p:  211020.10893450445
5d1bc2604974f3301f340d2c
p:  258897.26360601728
5d1bc275260b290bbe340d14
p:  228999.04594321788
5d1bc2a285cb0648e3340c5b
p:  364401.81220110715
5d1bc2af85cb0648e3340c5c
p:  323182.8509673781
5d1bc2b44974f3301f340d35
p:  396146.33209605736
5d1bc2bc4974f3301f340d36
p:  198920.75242360486
5d1bc2d34974f3301f340d39
p:  225844.70897635724
5d1bc2f7260b290bbe340d17
p:  223411.17939237718
5d1bc30c7f58d1fd28340c75
p:  106868.27821201243
5d1bc320260b290bbe340d18
p:  286817.1946357783
5d1bc32cab11b69b11340c5a
p:  333861.3986396095
5d1bc35550a3d30d8c340c52
p:  281322.2678783215
5d1bc379ab11b69b11340c5c
p:  908091.5349568247
5d1bc3938410cd1953340cab
p:  278712.69275657076
5d1bc3b19cf6bfe6b3340d38
p:  278785.35966575856
5d1bc3b57f58d1fd28340c77
p:  115801.22505531275
5d1bc3c016ccf47d83340c2e
p:  315309.7293724172
5d1bc3f785cb0648e3340c62
p:  553975.0149964038
5d1bc40e85cb0648e3340c63
p:  324145.7612872915
5d1bc4217f58d1fd28340c79
p:  412560.5186253253
5d1bc4a29a36a1b7e9340c85
p:  636991.8240582698
5d1bc4f78410cd1953340cb5
p:  203346.22172526564
5d1bc550f3ecb23220340cc2
p:  828654.3897707236
5d1bc5847f58d1fd28340c7c
p:  267807.5969563819
5d1bc62f85cb0648e3340c6b
p:  676260.7310559605
5d1bc6389a36a1b7e9340c8c
p:  628668.1755970505
5d1bc65f85cb0648e3340c6c
p:  256635.6943791909
5d1bc73b8410cd1953340cc5
p:  179885.08044433297
5d1bc797ab11b69b11340c66
p:  143201.19749175652
5d1bc7a8f3ecb23220340cd2
p:  910767.3626675475
5d1bc7d37f58d1fd28340c82
p:  451314.41972131305
5d1bc85a8410cd1953340cce
p:  268893.5451862281
5d1bc8d39cf6bfe6b3340d43
p:  945085.3591761135
5d1bc97385cb0648e3340c75
p:  354451.4065451219
5d1bca0f50a3d30d8c340c65
p:  346835.29588507774
5d1bca9dab11b69b11340c6e
p:  1087251.2992989076
5d1bcc10f3ecb23220340cf0
p:  332576.19283164584
5d1bcc73ab11b69b11340c78
p:  230721.3111872896
5d1bccda85cb0648e3340c7e
p:  392882.35002422263
5d1bcd59a4b117674a340ce9
p:  351029.68174933235
5d1bcd7850a3d30d8c340c72
p:  612121.1975145685
5d1bce3385cb0648e3340c84
p:  433962.8845148851
5d1bce4c7f58d1fd28340ca6
p:  281424.48014714674
5d1bce637f58d1fd28340ca7
p:  338848.97011544614
5d1bce917f58d1fd28340caa
p:  305115.5883842933
5d1bcf498410cd1953340d05
p:  181456.6271262876
5d1bcf629ca8939feb340cab
p:  120615.63998747627
5d1bcfabab11b69b11340c7d
p:  722385.1664522195
5d1bd0229a36a1b7e9340cba
p:  394156.1618824998
5d1bd1597f58d1fd28340cb3
p:  417897.6113872027
5d1bd1819cf6bfe6b3340d5f
p:  357530.4566026445
5d1bd1da49f85ba45d340cd0
p:  1636361.1142384661
5d1bd2299cf6bfe6b3340d62
p:  448910.91381067794
5d1bd26d8410cd1953340d1b
p:  268893.8981938096
5d1bd2dc8410cd1953340d1f
p:  217190.5397946362
5d1bd361ab11b69b11340c87
p:  367002.60337217216
5d1bd3a18410cd1953340d25
p:  219537.03258804255
5d1bd4239ca8939feb340cbe
p:  129686.61313734378
5d1bd43b85cb0648e3340ca0
p:  474716.9122334351
5d1bd43b8410cd1953340d2a
p:  192650.13602503983
5d1bd4659ca8939feb340cc0
p:  250209.04775055457
5d1bd46c9cf6bfe6b3340d6d
p:  406272.43297514366
5d1bd47149f85ba45d340cec
p:  201321.80888168406
5d1bd48049f85ba45d340ced
p:  317019.70413668465
5d1bd49d49f85ba45d340cef
p:  193626.3079536172
5d1bd4ad49f85ba45d340cf0
p:  308853.740417751
5d1bd4c449f85ba45d340cf2
p:  173491.4085740859
5d1bd51349f85ba45d340cf8
p:  338224.1728340214
5d1bd53b8410cd1953340d32
p:  166547.50523073657
5d1bd5489cf6bfe6b3340d6f
p:  316389.46482140024
5d1bd55b8410cd1953340d33
p:  152475.35599074216
5d1bd55c49f85ba45d340cfe
p:  293830.65306902945
5d1bd5739ca8939feb340cc3
p:  134884.15293607715
5d1bd62449f85ba45d340d08
p:  305457.7753086925
5d1bd6378410cd1953340d3a
p:  472356.3904209208
5d1bd6a4ab11b69b11340c8c
p:  292174.1127039925
5d1bd6c68410cd1953340d3e
p:  237903.6300617978
5d1bd6f18410cd1953340d3f
p:  157270.93574576476
5d1bd7698410cd1953340d43
p:  212918.98223022232
5d1bd7878410cd1953340d44
p:  312863.2798417972
5d1bd7c68410cd1953340d46
p:  232129.28528340615
5d1bd7e849f85ba45d340d1d
p:  220831.50505255352
5d1bd7f48410cd1953340d47
p:  219072.76267421403
5d1bd81dab11b69b11340c90
p:  281879.0873799059
5d1bd8849cf6bfe6b3340d7f
p:  571527.8210831337
5d1bd8adab11b69b11340c99
p:  361864.4065873667
5d1bd9768410cd1953340d50
p:  92198.76001437215
5d1bda1f9a36a1b7e9340cef
p:  590641.7636270944
5d1bda5eab11b69b11340c9b
p:  345547.46110078413
5d1bdaed260b290bbe340d67
p:  287475.75477327197
5d1bdaf69cf6bfe6b3340d8a
p:  464252.04290277837
5d1bdaf88410cd1953340d54
p:  421870.5243365222
5d1bdb3a49f85ba45d340d31
p:  284981.49389316246
5d1bdb3b260b290bbe340d68
p:  201190.0768621159
5d1bdb3b85cb0648e3340cb0
p:  858191.9853333223
5d1bdb408410cd1953340d55
p:  230663.27349040867
5d1bdb808410cd1953340d56
p:  253810.89470491256
5d1bdbcc9ca8939feb340cd4
p:  171841.57304258944
5d1bdbfbf3ecb23220340d56
p:  922672.1002732471
5d1bdc5b9ca8939feb340cd5
p:  128401.32384761123
5d1bdc6e8410cd1953340d58
p:  351287.08263932116
5d1bdc8a8410cd1953340d59
p:  139216.1266190258
5d1bdc909ca8939feb340cd6
p:  128401.32384761123
5d1bdce19ca8939feb340cd9
p:  353740.6811488904
5d1bdd44260b290bbe340d6c
p:  208934.92506892723
5d1bddef260b290bbe340d6e
p:  209842.85586782842
5d1bde0950a3d30d8c340cb4
p:  160918.09887360493
5d1bde3c9ca8939feb340cdd
p:  278198.99531680555
5d1bde3d260b290bbe340d6f
p:  201190.0768621159
5d1bde5d9ca8939feb340cde
p:  128401.32384761123
5d1bde68ab11b69b11340ca2
p:  282124.7589370347
5d1bde7449f85ba45d340d4a
p:  471930.1963404025
5d1bde828410cd1953340d5f
p:  117585.77609082402
5d1bdede9ca8939feb340ce0
p:  250209.04775055457
5d1bdf1a16ccf47d83340c98
p:  95018.35999711318
5d1bdf2316ccf47d83340c99
p:  380409.2861917328
5d1bdf6116ccf47d83340c9a
p:  399474.28075259447
5d1be010a4b117674a340d1c
p:  351181.30543206935
5d1be016260b290bbe340d71
p:  307027.9830101502
5d1be03e50a3d30d8c340cb9
p:  135047.3010604162
5d1be043260b290bbe340d72
p:  147390.06616598082
5d1be0c69ca8939feb340ce4
p:  146660.96222017508
5d1be0cf9ca8939feb340ce5
p:  138658.584644528
5d1be0d8f3ecb23220340d76
p:  197829.78266137297
5d1be181a4b117674a340d25
p:  314641.0548210108
5d1be192f3ecb23220340d7b
p:  171741.27244597275
5d1be20a260b290bbe340d7a
p:  281877.2733800998
5d1be21c260b290bbe340d7b
p:  324086.9215470565
5d1be2df260b290bbe340d7c
p:  552597.3768000233
5d1be32cf3ecb23220340d86
p:  239197.52486512196
5d1be33016ccf47d83340ca7
p:  325617.4923828809
5d1be355a4b117674a340d2c
p:  263120.909162824
5d1be362260b290bbe340d7e
p:  269114.29690717254
5d1be38d8410cd1953340d6e
p:  173448.03298675222
5d1be3a08410cd1953340d6f
p:  160013.13455860157
5d1be4028410cd1953340d74
p:  424834.04041315045
5d1be43bf3ecb23220340d8d
p:  302987.3667731149
5d1be4aaf3ecb23220340d90
p:  162586.512227365
5d1be514260b290bbe340d8b
p:  222877.4365689268
5d1be519f3ecb23220340d93
p:  357220.4542011266
5d1be571260b290bbe340d8c
p:  258949.48611637193
5d1be5969ca8939feb340cf8
p:  136141.7243465765
5d1be5f9f3ecb23220340d99
p:  211411.40264968417
5d1be61b4974f3301f340dd4
p:  483066.0854099534
5d1be61ef3ecb23220340d9a
p:  100011.81728488229
5d1be6d78410cd1953340d9f
p:  85674.54205806443
5d1be6d8f3ecb23220340d9f
p:  126801.74832449187
5d1be6e949f85ba45d340d5f
p:  421426.5050795291
5d1be6f749f85ba45d340d60
p:  193407.51501824806
5d1be7dc8410cd1953340dad
p:  413812.89392674924
5d1be7e6f3ecb23220340da6
p:  289246.24167951953
5d1be7fc8410cd1953340daf
p:  398910.4956330276
5d1be831f3ecb23220340da8
p:  164000.38231414094
5d1be8568410cd1953340db5
p:  209940.10693882068
5d1be87af3ecb23220340daa
p:  114665.0627259503
5d1be911f3ecb23220340dae
p:  266680.9739338825
5d1be934ab11b69b11340cc8
p:  135693.89975664634
5d1be9488410cd1953340dbe
p:  323412.0591149315
5d1be95bf3ecb23220340db0
p:  232346.23866216274
5d1be96b9ca8939feb340d08
p:  186001.53383864125
5d1be980f3ecb23220340db1
p:  197490.23360765088
5d1be9908410cd1953340dc3
p:  224204.44897217123
5d1be99b50a3d30d8c340cd9
p:  424742.34665278066
5d1be9db9ca8939feb340d0a
p:  283634.28030131914
5d1be9db9cf6bfe6b3340dbc
p:  221000.83170677267
5d1bea39f3ecb23220340db6
p:  396632.05361881433
5d1bea679cf6bfe6b3340dbd
p:  237974.77323334676
5d1beb119cf6bfe6b3340dc0
p:  135263.6000669213
5d1beb84f3ecb23220340dbe
p:  101614.56258477784
5d1beba116ccf47d83340cbd
p:  227946.40136246555
5d1beba8f3ecb23220340dbf
p:  101614.56258477784
5d1bebf1f3ecb23220340dc1
p:  236728.80842958915
5d1bec1a4974f3301f340df2
p:  139823.69545099774
5d1bec519ca8939feb340d15
p:  219074.1240864494
5d1bec6d8410cd1953340df1
p:  412402.23788653116
5d1bec8749f85ba45d340d63
p:  447508.6568533727
5d1becf28410cd1953340df8
p:  194772.4255428241
5d1bed03a4b117674a340d54
p:  705936.2850077895
5d1bed2da4b117674a340d59
p:  486771.47630524234
5d1bed34a4b117674a340d5a
p:  591498.8373037878
5d1bed3ea4b117674a340d5b
p:  380991.92795096955
5d1bed45a4b117674a340d5c
p:  348737.4046429935
5d1bed638410cd1953340dff
p:  144653.82255187712
5d1bed679ca8939feb340d1a
p:  527594.9791343301
5d1bed7da4b117674a340d5f
p:  640551.48822855
5d1bed8ea4b117674a340d61
p:  351715.8366347252
5d1bed948410cd1953340e02
p:  135703.33781978622
5d1bedb7a4b117674a340d66
p:  1265296.1254862656
5d1bedcfa4b117674a340d69
p:  431699.0429099039
5d1beddba4b117674a340d6a
p:  414269.8223504112
5d1bede38410cd1953340e07
p:  225620.32871335588
5d1bede94974f3301f340df9
p:  464221.1025074932
5d1bedf4a4b117674a340d6d
p:  762180.7395359073
5d1bee2049f85ba45d340d6a
p:  262955.7636089987
5d1bee384974f3301f340dfa
p:  280097.9775919351
5d1bee3ba4b117674a340d73
p:  360589.00166586525
5d1bee3f8410cd1953340e0d
p:  254910.3718766588
5d1bee42a4b117674a340d74
p:  496712.5679571532
5d1bee6ca4b117674a340d79
p:  774969.06790759
5d1bee78ab11b69b11340cd8
p:  408561.37593521224
5d1beeaea4b117674a340d7d
p:  470649.73300323525
5d1bef068410cd1953340e18
p:  255268.9762112247
5d1bef27a4b117674a340d8a
p:  2543126.2065476873
5d1bef298410cd1953340e1a
p:  212953.12024429865
5d1bef2ea4b117674a340d8b
p:  389533.70907177863
5d1bef37a4b117674a340d8c
p:  460531.45377050154
5d1bef3b8410cd1953340e1b
p:  157939.23318887182
5d1bef404974f3301f340dfd
p:  389704.1491365922
5d1bef738410cd1953340e1e
p:  310202.84902539465
5d1bef7ea4b117674a340d91
p:  399425.07064185024
5d1bef954974f3301f340e01
p:  314891.9743683744
5d1befa34974f3301f340e02
p:  367786.74825675215
5d1befa58410cd1953340e21
p:  188169.05999938666
5d1befe2a4b117674a340d99
p:  534391.0171070406
5d1beff38410cd1953340e26
p:  191543.64217083724
5d1bf0068410cd1953340e27
p:  119201.73660776022
5d1bf01e9cf6bfe6b3340dd1
p:  201052.36054184882
5d1bf0304974f3301f340e05
p:  504526.0769037426
5d1bf0654974f3301f340e06
p:  1008912.1700958894
5d1bf06a8410cd1953340e2d
p:  164814.9288318238
5d1bf082a4b117674a340da3
p:  394939.8609352835
5d1bf08c8410cd1953340e2f
p:  252480.33756370068
5d1bf0b8a4b117674a340da6
p:  367108.3375694512
5d1bf0c5260b290bbe340db7
p:  204816.77075086706
5d1bf0df8410cd1953340e34
p:  352488.137272747
5d1bf1299ca8939feb340d2b
p:  483182.67143969366
5d1bf134a4b117674a340dae
p:  1107401.455055912
5d1bf1829cf6bfe6b3340ddc
p:  84407.02272682918
5d1bf1997f58d1fd28340d35
p:  198639.4341014853
5d1bf1c0a4b117674a340dba
p:  360589.00166586525
5d1bf1e6a4b117674a340dbf
p:  637624.5661716936
5d1bf1eaf3ecb23220340dde
p:  324808.6498061022
5d1bf1ea9a36a1b7e9340d44
p:  169477.41786041536
5d1bf1f950a3d30d8c340cf7
p:  254684.939450906
5d1bf213f3ecb23220340ddf
p:  785543.2054071284
5d1bf22a8410cd1953340e46
p:  239097.83019844588
5d1bf25ca4b117674a340dca
p:  713331.779878532
5d1bf263a4b117674a340dcb
p:  377603.5438028927
5d1bf263260b290bbe340dcc
p:  262463.22081385774
5d1bf27c49f85ba45d340d78
p:  367240.5203936589
5d1bf29ca4b117674a340dcf
p:  486771.47630524234
5d1bf2cfa4b117674a340dd5
p:  392232.5665045512
5d1bf2e47f58d1fd28340d3a
p:  298828.3878624581
5d1bf2e79ca8939feb340d33
p:  305347.8481219473
5d1bf31a7f58d1fd28340d3b
p:  159993.92257159442
5d1bf39749f85ba45d340d81
p:  279400.4733484866
5d1bf3a749f85ba45d340d82
p:  190700.40050914034
5d1bf3a950a3d30d8c340cfe
p:  228182.41412006615
5d1bf3c1a4b117674a340de4
p:  379086.8599534634
5d1bf446f3ecb23220340de3
p:  363151.23892166454
5d1bf47cf3ecb23220340de4
p:  659201.894935791
5d1bf4b9a4b117674a340e01
p:  675417.2344722489
5d1bf4be9ca8939feb340d3a
p:  262425.96788054286
5d1bf4c8a4b117674a340e03
p:  566812.835496482
5d1bf4f09cf6bfe6b3340de5
p:  350378.84837675595
5d1bf55150a3d30d8c340d02
p:  113786.8434987593
5d1bf5a049f85ba45d340d8d
p:  219783.91529074064
5d1bf64ef3ecb23220340def
p:  706257.3466864494
5d1bf69850a3d30d8c340d03
p:  280790.5923530372
5d1bf6b449f85ba45d340d91
p:  319007.5810258095
5d1bf6bf49f85ba45d340d92
p:  345243.8768895057
5d1bf6d349f85ba45d340d93
p:  320293.6560901119
5d1bf70585cb0648e3340d0e
p:  249909.7714501078
5d1bf74049f85ba45d340d94
p:  185002.4828944335
5d1bf765260b290bbe340de1
p:  265595.1929232983
5d1bf77a49f85ba45d340d97
p:  132930.2667673777
5d1bf79149f85ba45d340d98
p:  368368.6202119264
5d1bf7a549f85ba45d340d99
p:  134781.81471863968
5d1bf7be49f85ba45d340d9a
p:  364756.913358815
5d1bf80c49f85ba45d340d9e
p:  489166.39632550353
5d1bf84049f85ba45d340da1
p:  310321.34536697547
5d1bf86d8410cd1953340ea0
p:  273383.9372804285
5d1bf87e8410cd1953340ea1
p:  228177.4508913859
5d1bf88ff3ecb23220340df9
p:  211997.3644988881
5d1bf8908410cd1953340ea2
p:  260176.86267622572
5d1bf8b0a4b117674a340e1e
p:  488157.6411543305
5d1bf8df49f85ba45d340daa
p:  279904.669507457
5d1bf8e09cf6bfe6b3340ded
p:  126717.2979149993
5d1bf90ff3ecb23220340dfc
p:  312169.3613622056
5d1bf91c49f85ba45d340dad
p:  356419.935903284
5d1bf978260b290bbe340de3
p:  125726.70050085965
5d1bf9929cf6bfe6b3340def
p:  259114.32626226128
5d1bf9b149f85ba45d340db5
p:  390398.0117033971
5d1bf9fd9cf6bfe6b3340df2
p:  248593.49202456995
5d1bfa11f3ecb23220340e03
p:  309385.45403677545
5d1bfa12260b290bbe340de5
p:  244510.9200340949
5d1bfa739cf6bfe6b3340df6
p:  135790.1175691801
5d1bfaa49cf6bfe6b3340df7
p:  213304.21531990822
5d1bfb1bf3ecb23220340e07
p:  537590.5882555465
5d1bfb879a36a1b7e9340d66
p:  546766.4098254021
5d1bfb9c9a36a1b7e9340d67
p:  247113.23991776843
5d1bfbb2260b290bbe340dec
p:  154118.61202202196
5d1bfbb29a36a1b7e9340d68
p:  168087.0003330355
5d1bfbc49a36a1b7e9340d69
p:  437912.5508232464
5d1bfc0e9cf6bfe6b3340dfb
p:  213037.63589287322
5d1bfc679a36a1b7e9340d6f
p:  234412.68263030922
5d1bfc728410cd1953340ea9
p:  202982.44671812316
5d1bfc879ca8939feb340d5c
p:  182259.66550539195
5d1bfc8c8410cd1953340eaa
p:  252248.94968885178
5d1bfcb3f3ecb23220340e0e
p:  550660.0025680065
5d1bfcbf9ca8939feb340d5d
p:  222445.01350496424
5d1bfceff3ecb23220340e11
p:  1391045.9145361646
5d1bfcfaf3ecb23220340e12
p:  419063.23162118054
5d1bfd1cf3ecb23220340e15
p:  1296702.1596412128
5d1bfd2e9ca8939feb340d5f
p:  213112.85878782917
5d1bfd9050a3d30d8c340d1b
p:  136736.6475833564
5d1bfdad9cf6bfe6b3340e07
p:  126556.63062351366
5d1bfdae50a3d30d8c340d1c
p:  217241.47493615485
5d1bfdd39ca8939feb340d62
p:  409841.06446668366
5d1bfde449f85ba45d340dc0
p:  369303.3408127754
5d1bfde650a3d30d8c340d1d
p:  197521.74537167035
5d1bfdea9a36a1b7e9340d75
p:  245316.49031047596
5d1bfe844974f3301f340e25
p:  241845.50578599866
5d1bfecf0a1cbc8e6fefbc21
p:  276148.8773841619
5d1bfeb79ca8939feb340d66
p:  310134.1817727927
5d1bfec39cf6bfe6b3340e0d
p:  70881.94761547164
5d1bfec88410cd1953340ead
p:  294580.5415659291
5d1bff0150a3d30d8c340d22
p:  303536.5068364092
5d1bff709cf6bfe6b3340e12
p:  185981.88482228987
5d1bff969cf6bfe6b3340e14
p:  158931.2700517811
5d1bffc850a3d30d8c340d28
p:  88219.81345848407
5d1c00219a36a1b7e9340d78
p:  238062.52242350497
5d1c0093f3ecb23220340e1b
p:  1441108.8142312411
5d1c00f616ccf47d83340cf0
p:  339688.7643110447
5d1c01189a36a1b7e9340d7f
p:  471464.64869300363
5d1c01679cf6bfe6b3340e19
p:  201985.8065271307
5d1c01799cf6bfe6b3340e1a
p:  201985.8065271307
5d1c01ab7f58d1fd28340d54
p:  343565.394131946
5d1c023249f85ba45d340dd5
p:  227198.12924386625
5d1c023e9ca8939feb340d6c
p:  131165.39741136474
5d1c02709ca8939feb340d6e
p:  193730.3595833894
5d1c02aa4974f3301f340e2d
p:  223961.78075984732
5d1c02df7e6c493d594588d5
p:  236581.5001614882
5d1c03167e6c493d594588d6
p:  311270.5771049253
5d1c03189cf6bfe6b3340e1c
p:  98295.96419310453
5d1c03348410cd1953340ebb
p:  357967.9864870586
5d1c036c9cf6bfe6b3340e1e
p:  110087.96586114712
5d1c039b7e6c493d594588d7
p:  324117.25507559616
5d1c03aa16ccf47d83340cf9
p:  209891.111464247
5d1c03c916ccf47d83340cfa
p:  419253.6824182492
5d1c03e97f58d1fd28340d5a
p:  164856.6138802322
5d1c042050a3d30d8c340d3d
p:  201248.2943537301
5d1c04267f58d1fd28340d5b
p:  112804.63187050517
5d1c04984974f3301f340e30
p:  134057.5056218062
5d1c051816ccf47d83340cfd
p:  140828.20388468207
5d1c05249ca8939feb340d72
p:  203076.74687955
5d1c053e7e6c493d594588d8
p:  297832.29048426764
5d1c056c7e6c493d594588da
p:  247447.18914964527
5d1c056c50a3d30d8c340d41
p:  178176.5797074251
5d1c057349f85ba45d340ddc
p:  394020.82461879833
5d1c058f7e6c493d594588db
p:  294952.4766541476
5d1c0586f3ecb23220340e31
p:  490266.98420680175
5d1c05ce8410cd1953340ec1
p:  202896.47406833607
5d1c06358410cd1953340ec3
p:  249731.97966997183
5d1c063c7f58d1fd28340d64
p:  125084.87137962558
5d1c06517e6c493d594588dc
p:  82192.37024781822
5d1c064b9a36a1b7e9340d88
p:  251042.08626239677
5d1c066f85cb0648e3340d4e
p:  492934.11128645524
5d1c067f50a3d30d8c340d46
p:  251250.95203755744
5d1c06a49ca8939feb340d74
p:  152999.77559987555
5d1c06b050a3d30d8c340d48
p:  179439.61277984918
5d1c06e37f58d1fd28340d75
p:  232003.62871857994
5d1c0723f3ecb23220340e35
p:  211997.3644988881
5d1c07809a36a1b7e9340d8c
p:  133330.24253214756
5d1c078f49f85ba45d340dde
p:  465338.67733513366
5d1c07ac9cf6bfe6b3340e2c
p:  110087.96586114712
5d1c07e6f3ecb23220340e3a
p:  2203029.831423964
5d1c07ed16ccf47d83340d08
p:  228323.1558048557
5d1c07f89a36a1b7e9340d90
p:  376224.28493716085
5d1c082c50a3d30d8c340d50
p:  155747.12138898787
5d1c083449f85ba45d340ddf
p:  282423.090306301
5d1c085e9ca8939feb340d75
p:  229385.49271319053
5d1c089e50a3d30d8c340d54
p:  240041.072783551
5d1c092616ccf47d83340d19
p:  332617.58625020983
5d1c093e260b290bbe340e0d
p:  154118.61202202196
5d1c09597f58d1fd28340d92
p:  251728.39014198584
5d1c0960260b290bbe340e0e
p:  228100.43303781946
5d1c09767f58d1fd28340d95
p:  562246.0746862185
5d1c09e416ccf47d83340d22
p:  367524.7434682731
5d1c0a3e16ccf47d83340d24
p:  144539.0917499339
5d1c0a469ca8939feb340d7b
p:  162681.83747747616
5d1c0aa39a36a1b7e9340d96
p:  232759.61835869722
5d1c0b3750a3d30d8c340d57
p:  158618.4441717969
5d1c0b6649f85ba45d340df1
p:  396745.26077651465
5d1c0b8f49f85ba45d340df3
p:  293774.7723977285
5d1c0ba69ca8939feb340d7f
p:  267956.3514582064
5d1c0bb19ca8939feb340d80
p:  222445.01350496424
5d1c0c1a50a3d30d8c340d5a
p:  225391.80583626672
5d1c0cf5a4b117674a340e62
p:  340642.50215336424
5d1c0d6b8410cd1953340edf
p:  245164.54823379155
5d1c0da3a4b117674a340e65
p:  144184.29604333793
5d1c0e4f9cf6bfe6b3340e45
p:  184948.65716879157
5d1c0ea99ca8939feb340d86
p:  222445.01350496424
5d1c0eaa9cf6bfe6b3340e4a
p:  143663.5770491137
5d1c0f9985cb0648e3340d78
p:  484957.0854760302
5d1c10ccdbebfd779eefbc84
p:  399596.6791544062
5d1c10fd9ca8939feb340d91
p:  268535.12201330665
5d1c11cea4b117674a340e74
p:  236901.5899635626
5d1c11fe49f85ba45d340e12
p:  447336.44007801777
5d1c12469ca8939feb340d95
p:  251707.35645196942
5d1c1303260b290bbe340e36
p:  188962.3625837606
5d1c138ff3ecb23220340e62
p:  1616005.3769644266
5d1c15be9ca8939feb340d9f
p:  267842.6501875825
5d1c161150a3d30d8c340d6a
p:  160190.62551736974
5d1c1616ab11b69b11340d58
p:  90238.72078316558
5d1c1624ab11b69b11340d59
p:  123425.36413287773
5d1c164750a3d30d8c340d6d
p:  160190.62551736974
5d1c167549f85ba45d340e1f
p:  222065.6782823458
5d1c16a849f85ba45d340e21
p:  229902.40519514523
5d1c1719ab11b69b11340d5d
p:  521706.9158687586
5d1c1746ab11b69b11340d5f
p:  334378.50229699025
5d1c1759a4b117674a340e8e
p:  299928.4051976344
5d1c17709ca8939feb340da5
p:  252749.85157462675
5d1c17c616ccf47d83340d5c
p:  150811.81395377265
5d1c18a39a36a1b7e9340dba
p:  168087.0003330355
5d1c18b8a4b117674a340e93
p:  299186.6685771208
5d1c18be49f85ba45d340e26
p:  132271.20691639485
5d1c18e449f85ba45d340e28
p:  282874.2093782573
5d1c190849f85ba45d340e29
p:  141193.44297136547
5d1c190c9ca8939feb340dad
p:  127115.46768377456
5d1c1942ab11b69b11340d68
p:  136516.96839387796
5d1c194d9a36a1b7e9340dbd
p:  254335.1579836367
5d1c19589cf6bfe6b3340e71
p:  446741.5614759801
5d1c19f2ab11b69b11340d72
p:  219512.79498589245
5d1c1a01a4b117674a340e99
p:  103110.64125776978
5d1c1aa19cf6bfe6b3340e75
p:  225718.9267159722
5d1c1ab585cb0648e3340dab
p:  254178.34653709742
5d1c1b36ab11b69b11340d76
p:  160467.68144985172
5d1c1b3a9a36a1b7e9340dc6
p:  284447.1170518105
5d1c1b4bab11b69b11340d77
p:  436826.0859450925
5d1c1b6aab11b69b11340d79
p:  285754.9720061969
5d1c1b9f9ca8939feb340dbd
p:  222445.01350496424
5d1c1bbb9ca8939feb340dbe
p:  262518.61980384716
5d1c1bd549f85ba45d340e31
p:  248700.9730401847
5d1c1c3fab11b69b11340d7c
p:  117491.97997535198
5d1c1c859a36a1b7e9340dcc
p:  146205.47586159792
5d1c1d1750a3d30d8c340d91
p:  147282.83438490093
5d1c1d409cf6bfe6b3340e7f
p:  184309.84605004586
5d1c1dab260b290bbe340e5c
p:  218998.80970058963
5d1c1ddc49f85ba45d340e35
p:  141193.44297136547
5d1c1e0a260b290bbe340e5e
p:  325412.0336188496
5d1c1e0a49f85ba45d340e36
p:  275903.53577458014
5d1c1e2b260b290bbe340e5f
p:  381050.50945527735
5d1c1e32ab11b69b11340d7f
p:  370678.73821288976
5d1c1e929a36a1b7e9340dd4
p:  282995.8707812008
5d1c1ee950a3d30d8c340d94
p:  128638.13999908749
5d1c1f0850a3d30d8c340d95
p:  104802.48686750553
5d1c1f0f49f85ba45d340e3c
p:  204440.733068563
5d1c1f2349f85ba45d340e3e
p:  124348.0819440544
5d1c1f5a9ca8939feb340dcd
p:  210368.9601422616
5d1c1f74260b290bbe340e65
p:  321296.1206008301
5d1c1fc350a3d30d8c340d98
p:  103057.42369096831
5d1c1ff950a3d30d8c340d9a
p:  105603.1442048763
5d1c203149f85ba45d340e41
p:  134667.8793441287
5d1c205849f85ba45d340e44
p:  143422.29760045029
5d1c20af50a3d30d8c340da0
p:  190739.4027346907
5d1c20e250a3d30d8c340da3
p:  115989.94373641376
5d1c20fb7f58d1fd28340ddc
p:  160645.95345203014
5d1c210a260b290bbe340e6a
p:  331700.2284526903
5d1c213250a3d30d8c340da6
p:  250590.2079804851
5d1c21a8260b290bbe340e6c
p:  315815.01591823355
5d1c21db02e1f427a5efbcb4
p:  489789.72874663095
5d1c21bd49f85ba45d340e48
p:  250896.93154978525
5d1c21ca7f58d1fd28340de0
p:  388158.4793725511
5d1c21d4a4b117674a340eba
p:  153378.70858706592
5d1c21e6260b290bbe340e6d
p:  318716.5784205799
5d1c220aa4b117674a340ebb
p:  139591.94275525166
5d1c222250a3d30d8c340da8
p:  104802.48686750553
5d1c2289ab11b69b11340d87
p:  466266.84552289476
5d1c229749f85ba45d340e4c
p:  197961.99529949916
5d1c22bc260b290bbe340e73
p:  242594.10974690126
5d1c22be50a3d30d8c340dac
p:  162722.60988407023
5d1c230250a3d30d8c340dae
p:  156521.83232034318
5d1c23067f58d1fd28340de5
p:  217918.9990310808
5d1c233d49f85ba45d340e52
p:  224797.61886373922
5d1c2388a4b117674a340ec2
p:  150870.81114163174
5d1c23a9ab11b69b11340d8d
p:  214742.18636550312
5d1c23bea4b117674a340ec3
p:  246886.07984915524
5d1c23f450a3d30d8c340db5
p:  157405.81334992466
5d1c241249f85ba45d340e54
p:  139894.68675907276
5d1c242ba4b117674a340ec5
p:  242219.90191335278
5d1c2441260b290bbe340e77
p:  194412.49314335187
5d1c2461a4b117674a340ec6
p:  248684.98960755038
5d1c249aa4b117674a340ec7
p:  194097.55835599365
5d1c24e549f85ba45d340e5b
p:  224224.4752716609
5d1c255f260b290bbe340e7d
p:  525199.144306497
5d1c25767f58d1fd28340deb
p:  387737.2662632808
5d1c25e450a3d30d8c340dba
p:  336170.57885652303
5d1c262f50a3d30d8c340dbb
p:  118917.61681724488
5d1c2645ab11b69b11340d94
p:  238597.03039684333
5d1c264fab11b69b11340d95
p:  467071.83805262577
5d1c2659a4b117674a340ecf
p:  276285.3464081954
5d1c26597f58d1fd28340df0
p:  350423.03105680953
5d1c2667ab11b69b11340d96
p:  260180.63514291457
5d1c268fa4b117674a340ed0
p:  230216.11942606408
5d1c26c27f58d1fd28340df8
p:  312639.6625789845
5d1c26da50a3d30d8c340dbe
p:  186003.9515148189
5d1c26f250a3d30d8c340dbf
p:  147282.83438490093
5d1c270e260b290bbe340e8b
p:  241062.36847711075
5d1c27364974f3301f340eba
p:  132840.2270294634
5d1c2769a4b117674a340ed4
p:  289677.31807404215
5d1c27d3ab11b69b11340d98
p:  341273.4224321363
5d1c2846a4b117674a340ed8
p:  170127.15523925895
5d1c28648410cd1953340f59
p:  226388.88952976296
5d1c287ca4b117674a340ed9
p:  204756.59968375304
5d1c28878410cd1953340f5a
p:  332773.05194006034
5d1c288b260b290bbe340e90
p:  173303.43686703074
5d1c2897260b290bbe340e91
p:  300417.47552183736
5d1c289f8410cd1953340f5b
p:  145274.65229517588
5d1c28b2a4b117674a340eda
p:  300402.9368604394
5d1c28b68410cd1953340f5c
p:  182233.4201966765
5d1c28b74974f3301f340ebc
p:  314875.5726768893
5d1c2903dbebfd779eefbcd5
p:  234676.37792789767
5d1c292650a3d30d8c340dc5
p:  499802.06897783023
5d1c29458410cd1953340f64
p:  147518.11815303995
5d1c29518410cd1953340f65
p:  252096.16221191225
5d1c2959a4b117674a340edd
p:  285191.32886770467
5d1c29dc9a36a1b7e9340e08
p:  286831.72253013647
5d1c2a1e8410cd1953340f6a
p:  132851.4205401484
5d1c2a5b8410cd1953340f6b
p:  275528.7827410636
5d1c2b218410cd1953340f6d
p:  277808.81471884286
5d1c2b379cf6bfe6b3340eb6
p:  196283.19693684892
5d1c2b5650a3d30d8c340dc8
p:  200653.911385342
5d1c2b8b49f85ba45d340e74
p:  250215.0017998392
5d1c2b9750a3d30d8c340dca
p:  192326.48460089916
5d1c2b997f58d1fd28340e0b
p:  487548.76541856467
5d1c2bc7260b290bbe340e9d
p:  360534.711721103
5d1c2be39cf6bfe6b3340eb9
p:  307480.6876287732
5d1c2c6bf3ecb23220340ec0
p:  272735.72328583983
5d1c2cc3ab11b69b11340da7
p:  354846.8556646629
5d1c2ce58410cd1953340f70
p:  298811.30851817864
5d1c2d0e8410cd1953340f71
p:  209430.47706198017
5d1c2d2550a3d30d8c340dcc
p:  150091.00586388013
5d1c2d2e9ca8939feb340ded
p:  342287.86986266356
5d1c2d418410cd1953340f72
p:  243997.1127345865
5d1c2eaff3ecb23220340ec5
p:  415356.615067274
5d1c2ef9260b290bbe340ea6
p:  446625.43006088305
5d1c2f088410cd1953340f74
p:  248995.77022970634
5d1c2f539ca8939feb340df7
p:  209868.7026947334
5d1c2f9616ccf47d83340da9
p:  285975.9424608919
5d1c2f979cf6bfe6b3340eca
p:  322744.1676242997
5d1c2fce8410cd1953340f77
p:  213661.31784927187
5d1c2fda7f58d1fd28340e14
p:  258409.9593293661
5d1c301c260b290bbe340ea8
p:  332220.6794122343
5d1c30488410cd1953340f82
p:  178885.4530995732
5d1c30d9260b290bbe340eac
p:  289917.5953581716
5d1c30da50a3d30d8c340dda
p:  313735.7128493182
5d1c31079a36a1b7e9340e26
p:  219009.65518818176
5d1c319085cb0648e3340e14
p:  340282.61279106163
5d1c31bc260b290bbe340eb4
p:  218743.6502840359
5d1c31e39a36a1b7e9340e2a
p:  248527.19637603962
5d1c3204260b290bbe340eba
p:  315326.7931620269
5d1c3259a4b117674a340efd
p:  267500.95960047276
5d1c32bf16ccf47d83340daf
p:  221442.40216144963
5d1c32f79a36a1b7e9340e2f
p:  238231.21524350552
5d1c3338a4b117674a340f08
p:  176472.72386700578
5d1c33f950a3d30d8c340df1
p:  153090.97540331038
5d1c343dab11b69b11340dc1
p:  229956.82104349366
5d1c346785cb0648e3340e21
p:  505639.6403919499
5d1c34729ca8939feb340e12
p:  209868.7026947334
5d1c34a59cf6bfe6b3340ee1
p:  137788.4611432765
5d1c351f16ccf47d83340db4
p:  351051.12914300145
5d1c353216ccf47d83340db6
p:  243054.42818872302
5d1c35bcab11b69b11340dce
p:  140874.4304261884
5d1c35cd9a36a1b7e9340e3c
p:  275459.5820939959
5d1c35d18410cd1953340f8d
p:  140541.6603976423
5d1c35f77f58d1fd28340e2f
p:  417589.26540911454
5d1c360849f85ba45d340ea6
p:  107574.8030812284
5d1c3658a4b117674a340f27
p:  243938.30800365927
5d1c36759a36a1b7e9340e3f
p:  243778.1932555498
5d1c371b9a36a1b7e9340e42
p:  263803.4104732015
5d1c375f7f58d1fd28340e37
p:  271242.14478993346
5d1c376d7f58d1fd28340e38
p:  263495.74274003727
5d1c378aa4b117674a340f36
p:  234676.37792789767
5d1c382aa4b117674a340f3d
p:  236887.7628412322
5d1c3845a4b117674a340f40
p:  349205.24126092275
5d1c385ca4b117674a340f43
p:  450756.8265997581
5d1c386d260b290bbe340ee6
p:  324071.28390631895
5d1c3892a4b117674a340f4a
p:  312970.11813882686
5d1c389aa4b117674a340f4b
p:  137519.64435111746
5d1c3939a4b117674a340f50
p:  102265.9854795679
5d1c39b79a36a1b7e9340e4e
p:  346491.1631583096
5d1c3a3ba4b117674a340f5e
p:  287659.4761414996
5d1c3a42a4b117674a340f5f
p:  199838.85378670128
5d1c3a4ba4b117674a340f60
p:  284758.2043160347
5d1c3a52a4b117674a340