Current date and time: 2020-06-07 15:34:19
Successfully connect to DB.
For ['Lake', 'Porter', 'LaPorte', 'St. Joseph', 'Elkhart', 'Lagrange', 'Steuben', 'Newton', 'Jasper', 'Starke', 'Marshall', 'Kosciusko', 'Noble', 'DeKalb', 'Pulaski', 'Fulton', 'Whitley', 'Allen', 'Benton', 'White', 'Cass', 'Miami', 'Wabasha', 'Huntington', 'Wells', 'Adams', 'Carroll', 'Howard', 'Grant', 'Blackford', 'Jay']#################################################################
train score for random_forest: 0.9359608850410155
test score for random_forest: 0.4425159284461152
The mean absolute error is:$ 88482.71759182445
r_Score: 0.48932047863533723
Voting Regressor (in): 0.9252165363400736
Voting Regressor: 0.4893204786353372
5d0b66da19aeb54ebe6efc15
p:  245815.16723516962
5d12c3c2b7ae3de20d8d6f52
p:  85868.19465499994
5d17a2f7fb6bf97d8975b5f3
p:  62508.25289292559
5d1856f4253e7cfd9b98bd15
p:  538036.7722180896
5d19c3faa22b896835d02f47
p:  57898.02048338791
5d19c40ea22b896835d02f49
p:  142014.54089295503
5d1b7a0503ecbb08e0bf60a7
p:  123403.25319728433
5d1b7a2503ecbb08e0bf60a8
p:  145879.63914689416
5d1c5a3b0a1cbc8e6fefbcc8
p:  58397.176709712694
5d1c5a5a0a1cbc8e6fefbcc9
p:  76797.14898726028
5d1c5a7a0a1cbc8e6fefbcca
p:  279194.01434247545
5d26a999ddcb4129edeb69b1
p:  233557.00964289915
5d2d2d02aa1ce31ade80b18a
p:  220501.98739083804
5d414e90f8538079d564ba0e
p:  285655.37861846655
5d414f3d717e72bd5c64b9cf
p:  141939.65650058322
5d4150ee26959b0e9b64ba16
p:  251127.49569749885
5d41514c717e72bd5c64b9d8
p:  143032.96531720375
5d4151749799d80f0864b9fc
p:  77766.09309858986
5d41519e91ab70cb0764ba5c
p:  287325.99521886196
5d41524285dd3bc6af64b9ed
p:  218209.57597795367
5d4152891d656a5a0364b9db
p:  247557.7328302911
5d4152a39799d80f0864b9ff
p:  166252.22631608124
5d4152bc85dd3bc6af64b9ef
p:  86364.71569403284
5d4153141d656a5a0364b9df
p:  72765.02683357385
5d41539a91ab70cb0764ba5f
p:  243553.57725112693
5d4153b31d656a5a0364b9e1
p:  84271.81662672845
5d41549885dd3bc6af64b9f2
p:  96684.29736747965
5d41553e1d656a5a0364b9e6
p:  75217.56032212345
5d41557cbb8c37743464b9d0
p:  257310.36396445605
5d4155921c3faab38564b9d6
p:  163326.18656184044
5d41560685dd3bc6af64b9f8
p:  123162.42475764509
5d41562ca1a2b91e3664b9f6
p:  116942.1590182297
5d4156b81c3faab38564b9db
p:  179485.71450447547
5d4156de1c3faab38564b9dc
p:  113886.0688290861
5d4157021d656a5a0364b9e7
p:  91125.34163203416
5d4157311d656a5a0364b9e8
p:  429038.8923732558
5d4157401c3faab38564b9dd
p:  153852.45151828678
5d4157874dbd1be0a064ba23
p:  185924.86460366746
5d4157b15edd9a13c064ba32
p:  146599.5377249893
5d4157e54dbd1be0a064ba26
p:  139206.22923720718
5d41583b5edd9a13c064ba34
p:  115954.94834807682
5d4158c7a1a2b91e3664b9f8
p:  106670.68255087784
5d41591abb8c37743464b9d5
p:  137532.9720459122
5d41591b9799d80f0864ba0f
p:  109187.08629951815
5d4159299799d80f0864ba10
p:  121995.07727900776
5d4159451c3faab38564b9e1
p:  178255.43122452666
5d4159b24dbd1be0a064ba2a
p:  186361.55408333644
5d415a36a1a2b91e3664b9fb
p:  81842.32293934132
5d415a40bb8c37743464b9d9
p:  305002.4004614131
5d415a421c3faab38564b9e4
p:  104768.01776969098
5d415a759799d80f0864ba12
p:  101956.34270262066
5d415ac01c3faab38564b9e6
p:  363128.95622994925
5d415ad44dbd1be0a064ba2f
p:  103776.5186798588
5d415b92717e72bd5c64b9ff
p:  133075.40744960753
5d415bd9a1a2b91e3664ba00
p:  154939.54013362672
5d415c744dbd1be0a064ba33
p:  145603.66927277815
5d415ca9717e72bd5c64ba07
p:  366526.41081222217
5d415cb7a1a2b91e3664ba01
p:  106428.2956841418
5d415d13a1a2b91e3664ba02
p:  117498.0687697678
5d415d398f6c2fc05064b9e8
p:  98118.86969815721
5d415d6a717e72bd5c64ba0e
p:  188402.19737716683
5d415dd54dbd1be0a064ba3c
p:  135721.8890309697
5d415dfba1a2b91e3664ba03
p:  183578.9437231669
5d415e4fa1a2b91e3664ba04
p:  145392.54553479297
5d415eb8bb8c37743464b9df
p:  238454.6180285032
5d415edc9799d80f0864ba19
p:  99016.1122863111
5d41601591ab70cb0764ba75
p:  267058.0218446952
5d4160794c0074b67464ba3d
p:  142392.8803316694
5d4160b391ab70cb0764ba78
p:  147696.33805440002
5d4160bc4c0074b67464ba3e
p:  138604.67856477032
5d4160cabb8c37743464b9e4
p:  165973.78784899207
5d4162471c3faab38564b9f4
p:  312405.87259198056
5d4162549799d80f0864ba1c
p:  183492.08577158046
5d4162634dbd1be0a064ba4a
p:  327971.82918128016
5d4162651c3faab38564b9f5
p:  265161.5318667112
5d4162d591ab70cb0764ba7d
p:  191080.68014750062
5d41631985dd3bc6af64ba06
p:  139821.7875263011
5d4163254c0074b67464ba47
p:  145846.71295246654
5d4163619799d80f0864ba1d
p:  102024.22970815157
5d41636a4c0074b67464ba49
p:  161055.16111065372
5d416397f8538079d564ba3b
p:  303723.2925324774
5d4163a81c3faab38564b9f9
p:  170026.8483761834
5d4163b091ab70cb0764ba80
p:  238299.83744579108
5d4163bd85dd3bc6af64ba08
p:  275279.58361779153
5d4163c18ca354bc9e64b9d8
p:  318784.8730965466
5d4163e08ca354bc9e64b9d9
p:  113117.15024388031
5d416444f8538079d564ba3c
p:  141059.1410044083
5d41648c47d5c0f35664b9f8
p:  158612.22374634826
5d4164b38ca354bc9e64b9e1
p:  411250.9450442425
5d4164c3bb8c37743464b9ec
p:  123984.03274730638
5d4164f18ca354bc9e64b9e3
p:  270633.6467568297
5d4164f91d656a5a0364b9fb
p:  501374.2049355634
5d416559f8538079d564ba43
p:  246100.75421278054
5d4166378ca354bc9e64b9ec
p:  271809.97013238375
5d4166648ca354bc9e64b9ed
p:  142735.120746332
5d4166754c0074b67464ba4d
p:  119450.1608998013
5d4167b726959b0e9b64ba43
p:  126744.53416474198
5d416886bb8c37743464b9ee
p:  237473.3554566551
5d416930bb8c37743464b9f1
p:  199165.6418576986
5d416942a1a2b91e3664ba18
p:  219983.13083323103
5d41694426959b0e9b64ba47
p:  104631.62248609128
5d4169b1bb8c37743464b9f4
p:  109623.88921190245
5d416aa826959b0e9b64ba4a
p:  94411.20947619753
5d416ac126959b0e9b64ba4b
p:  119876.78767458495
5d416c124c0074b67464ba58
p:  120365.67536027695
5d416c6a91ab70cb0764ba94
p:  334345.06632522924
5d416c7447d5c0f35664ba0a
p:  122572.02277243159
5d416d4c5edd9a13c064ba62
p:  44243.9673903357
5d416ddc91ab70cb0764ba95
p:  145742.02145709976
5d416e1247d5c0f35664ba0d
p:  125079.65809031727
5d416e78bb8c37743464ba02
p:  227499.916057883
5d416ea98ca354bc9e64ba21
p:  59773.10504618571
5d416eded9e9a7b7d764b975
p:  133733.37407681643
5d416f3c1c3faab38564ba0b
p:  60229.494176392174
5d416f97d9e9a7b7d764b97a
p:  52333.82180402176
5d416fc18f6c2fc05064ba1a
p:  82253.3673249023
5d416fefbb8c37743464ba04
p:  139366.9717570424
5d416ff39799d80f0864ba2a
p:  100809.70222815427
5d41700cd9e9a7b7d764b97e
p:  45578.30194992735
5d4170511c3faab38564ba0e
p:  61176.059012603226
5d4170a6d9e9a7b7d764b982
p:  279330.7762196029
5d4170bb8ca354bc9e64ba25
p:  18552.35724512062
5d4171474c0074b67464ba60
p:  122923.03920107111
5d4171b35edd9a13c064ba67
p:  67368.7154118298
5d4171b3d9e9a7b7d764b98a
p:  51334.20034444735
5d41721a8ca354bc9e64ba27
p:  46264.62475740538
5d4172354dbd1be0a064ba6e
p:  41335.467288440144
5d41725c4dbd1be0a064ba6f
p:  124913.31928271014
5d4172658ca354bc9e64ba28
p:  75597.71006177893
5d41726a8f6c2fc05064ba1d
p:  50561.33477151243
5d4172794dbd1be0a064ba70
p:  42114.99970560266
5d4172ac717e72bd5c64ba35
p:  147208.38963345834
5d4173ae1c3faab38564ba10
p:  76381.07362119254
5d4173d15edd9a13c064ba69
p:  84325.34665077893
5d4173dc1c3faab38564ba11
p:  74535.62256307964
5d4174494dbd1be0a064ba72
p:  56115.41242672897
5d4174541c3faab38564ba12
p:  53134.96976514301
5d41748f1c3faab38564ba13
p:  118498.63704055261
5d4174a04dbd1be0a064ba73
p:  41999.41854044951
5d4174ae8ca354bc9e64ba2c
p:  62363.56659053202
5d4174ca5edd9a13c064ba6d
p:  252800.05307096627
5d4174e48ca354bc9e64ba2d
p:  76570.52269238455
5d4174e41c3faab38564ba14
p:  45464.78820180884
5d41750c9799d80f0864ba2f
p:  53364.35585955482
5d417543bb8c37743464ba0f
p:  227499.916057883
5d41767f717e72bd5c64ba3f
p:  139713.20916892134
5d4177575edd9a13c064ba70
p:  153074.35148060857
5d4178169799d80f0864ba33
p:  49046.66622334394
5d4179008ca354bc9e64ba2f
p:  154697.29996918066
5d41798c9799d80f0864ba38
p:  44514.88857052932
5d4179a71c3faab38564ba18
p:  38850.81360704679
5d417a075edd9a13c064ba73
p:  167513.09639138455
5d417a8a1c3faab38564ba1a
p:  42422.99506421444
5d417ac9f8538079d564ba66
p:  95434.51895046682
5d417ad15edd9a13c064ba76
p:  52666.38328377865
5d417bdf9799d80f0864ba39
p:  59870.47642550484
5d417bf49799d80f0864ba3a
p:  35749.76828815148
5d417d3d717e72bd5c64ba4e
p:  125291.44373269701
5d417d5091ab70cb0764baaa
p:  267058.0218446952
5d417d981c3faab38564ba1c
p:  111887.47306572538
5d417ded1c3faab38564ba1f
p:  72956.3881237685
5d417e0de3a87001ca64ba00
p:  76664.16922213351
5d417edde3a87001ca64ba01
p:  81031.31101686947
5d41800a717e72bd5c64ba58
p:  150525.46275853942
5d4180675edd9a13c064ba81
p:  215533.16613989486
5d41814dbb8c37743464ba31
p:  227499.916057883
5d41823e9799d80f0864ba40
p:  130772.37071374076
5d4182f3717e72bd5c64ba63
p:  206356.19362923884
5d4183559799d80f0864ba45
p:  178223.19626829075
5d4183721c3faab38564ba28
p:  64113.08947334672
5d4183db8f6c2fc05064ba35
p:  260134.11772192817
5d4183fe717e72bd5c64ba66
p:  206356.19362923884
5d41843d8ca354bc9e64ba40
p:  41039.03449522679
5d41843ebb8c37743464ba36
p:  130274.93546946865
5d41847c91ab70cb0764bab8
p:  213758.71219429956
5d41850cbb8c37743464ba39
p:  159026.14434106497
5d41859bf8538079d564ba76
p:  145171.3044450037
5d4185c21c3faab38564ba30
p:  73856.7463279875
5d41870f717e72bd5c64ba70
p:  253249.09449145396
5d4187be1c3faab38564ba32
p:  191637.05101629105
5d418808717e72bd5c64ba71
p:  130805.15643865109
5d4188eee3a87001ca64ba19
p:  74210.849751584
5d418973bb8c37743464ba3e
p:  150002.04612829705
5d4189944dbd1be0a064ba9a
p:  160767.7448778603
5d4189a7bb8c37743464ba3f
p:  392235.0304871289
5d418a7f4dbd1be0a064ba9b
p:  239347.34860854913
5d418ac226959b0e9b64ba9b
p:  140930.57787975285
5d418ac8a1a2b91e3664ba4f
p:  235125.04004305447
5d418bcd8ca354bc9e64ba5b
p:  213208.89013289666
5d418c17a1a2b91e3664ba51
p:  304471.12983951403
5d418c669799d80f0864ba4e
p:  148619.8167850299
5d418c6aa1a2b91e3664ba53
p:  367676.61902756226
5d418c869799d80f0864ba4f
p:  183443.9416183086
5d418c8e1c3faab38564ba3a
p:  72140.82686996374
5d418d181c3faab38564ba3c
p:  72647.16562285139
5d418e1f5edd9a13c064baa3
p:  115113.99831338547
5d418e27bb8c37743464ba4e
p:  424605.62261768355
5d418ee61c3faab38564ba40
p:  99098.3869529875
5d418effe3a87001ca64ba1f
p:  96069.21293617728
5d418f2e91ab70cb0764bac7
p:  273106.76316104457
5d418f82a1a2b91e3664ba5d
p:  233222.84432096168
5d418f969799d80f0864ba5a
p:  130772.37071374076
5d419032d9e9a7b7d764b9e1
p:  79850.60147619006
5d41911de3a87001ca64ba23
p:  105008.4357497286
5d419177a1a2b91e3664ba62
p:  369976.4623227862
5d41918bbb8c37743464ba55
p:  97815.61173850924
5d4191b39799d80f0864ba60
p:  130772.37071374076
5d4191e89799d80f0864ba61
p:  148619.8167850299
5d4192245edd9a13c064baac
p:  221644.49864042838
5d4192309799d80f0864ba62
p:  148619.8167850299
5d41939bd9e9a7b7d764b9ef
p:  72569.09122697543
5d419402d9e9a7b7d764b9f2
p:  117060.3422867442
5d4194299799d80f0864ba63
p:  148619.8167850299
5d4194769799d80f0864ba64
p:  148619.8167850299
5d4194994dbd1be0a064baaf
p:  230896.95088205862
5d4194d5a1a2b91e3664ba69
p:  223174.3957691873
5d4194ea9799d80f0864ba65
p:  148619.8167850299
5d4195059799d80f0864ba66
p:  130772.37071374076
5d4195a49799d80f0864ba67
p:  148619.8167850299
5d4195c69799d80f0864ba68
p:  148619.8167850299
5d4195e026959b0e9b64babb
p:  69332.67636320544
5d4195f19799d80f0864ba69
p:  130772.37071374076
5d41961026959b0e9b64babc
p:  69907.6871893164
5d4196349799d80f0864ba6a
p:  130772.37071374076
5d4197c326959b0e9b64babe
p:  182268.65458105248
5d41991cbb8c37743464ba6e
p:  92003.04157332706
5d419ad826959b0e9b64bac2
p:  106323.06493400951
5d419b5126959b0e9b64bac4
p:  69232.55482114956
5d419cbf717e72bd5c64ba91
p:  237209.98664480928
5d419d0e1c3faab38564ba5e
p:  88298.71997689115
5d419daf9799d80f0864ba81
p:  169345.81884684553
5d419dd2d9e9a7b7d764ba05
p:  92093.59677347263
5d419e5726959b0e9b64bac6
p:  80898.12268370323
5d419ee18f6c2fc05064ba6e
p:  88997.1786387077
5d419f08a1a2b91e3664ba7f
p:  170346.8807532164
5d419f47e3a87001ca64ba42
p:  144224.68899259274
5d419f84e3a87001ca64ba43
p:  144224.68899259274
5d41a0d9a1a2b91e3664ba83
p:  286183.97440860095
5d41a0e2ac79733e2564ba76
p:  110865.29204188309
5d41a1228f6c2fc05064ba6f
p:  154537.19701049398
5d41a167ac79733e2564ba78
p:  102250.60283050383
5d41a18a8f6c2fc05064ba70
p:  161238.40744714552
5d41a1b6ac79733e2564ba7a
p:  146072.51189913996
5d41a1c89799d80f0864ba87
p:  216778.00272756314
5d41a1f7ac79733e2564ba7b
p:  77803.21257593005
5d41a265ac79733e2564ba7d
p:  72009.21362869129
5d41a27ebb8c37743464ba83
p:  218881.20718773946
5d41a2b6ac79733e2564ba7f
p:  127310.4050393189
5d41a2babb8c37743464ba84
p:  105079.35810878818
5d41a35c4c0074b67464bac2
p:  74763.3162456569
5d41a36926959b0e9b64bad1
p:  126377.52222226988
5d41a3be9799d80f0864ba88
p:  130772.37071374076
5d41a3d19799d80f0864ba89
p:  139717.27384389745
5d41a3ea9799d80f0864ba8a
p:  130772.37071374076
5d41a4399799d80f0864ba8b
p:  148619.8167850299
5d41a4801c3faab38564ba73
p:  162218.772608004
5d41a486ac79733e2564ba84
p:  75706.72306188106
5d41a5168f6c2fc05064ba7a
p:  127530.83017809832
5d41a5429799d80f0864ba8d
p:  178921.6868843137
5d41a599a1a2b91e3664ba8e
p:  96056.32140998183
5d41a5a726959b0e9b64bad6
p:  72420.68781223753
5d41a73b26959b0e9b64badc
p:  68988.4400028286
5d41a7b9f8538079d564bacd
p:  88515.09312605015
5d41a83dd9e9a7b7d764ba21
p:  59852.15787345413
5d41a8dc9799d80f0864ba9d
p:  201698.32604900462
5d41a9071c3faab38564ba81
p:  96847.34611361005
5d41a90bf8538079d564bacf
p:  85171.29200242252
5d41a94e1c3faab38564ba83
p:  161521.46501070287
5d41a96ff8538079d564bad2
p:  73461.32797753255
5d41a98df8538079d564bad3
p:  66277.5393278861
5d41a9941c3faab38564ba85
p:  101681.53959287272
5d41aa1d4dbd1be0a064bad5
p:  218420.6962635808
5d41aa2a1c3faab38564ba87
p:  130824.55727530555
5d41aa328f6c2fc05064ba7e
p:  69765.95973255392
5d41aa618f6c2fc05064ba7f
p:  111553.05529943333
5d41aa77f8538079d564bad7
p:  103819.7668861023
5d41aa7a8f6c2fc05064ba80
p:  70087.97427405854
5d41aa86a1a2b91e3664ba9a
p:  124550.97104535467
5d41aa9f8f6c2fc05064ba81
p:  71717.54570788394
5d41aaa1a1a2b91e3664ba9b
p:  69979.2543678165
5d41aab1f8538079d564bad8
p:  116639.20910884877
5d41aabb1c3faab38564ba8a
p:  138629.0446326564
5d41aac7bb8c37743464ba95
p:  94592.98373003856
5d41aae8a1a2b91e3664ba9d
p:  128554.62489432804
5d41ab4b4c0074b67464bad3
p:  88127.95880346802
5d41ac348f6c2fc05064ba84
p:  86324.00917064596
5d41ac52f8538079d564badb
p:  255214.30613493273
5d41ac7e8f6c2fc05064ba85
p:  83655.44304750119
5d41ad881c3faab38564ba8d
p:  126121.43904195377
5d41adcfbb8c37743464ba9d
p:  95827.6191042536
5d41addfa1a2b91e3664baa8
p:  60103.78148657803
5d41adfe8f6c2fc05064ba8a
p:  204370.2994724554
5d41ae488f6c2fc05064ba8b
p:  84826.49361501736
5d41ae661c3faab38564ba90
p:  89548.80538536613
5d41aeb7ac79733e2564ba93
p:  109944.59081711572
5d41af5d4c0074b67464badf
p:  252995.70924364758
5d41aff8bb8c37743464baa0
p:  61531.3800330947
5d41b0a38f6c2fc05064ba93
p:  146612.19352785093
5d41b1e21c3faab38564ba98
p:  298075.17141800304
5d41b23cbb8c37743464baa2
p:  77468.74218298978
5d41b2504c0074b67464bae6
p:  81145.89154350712
5d41b29f1c3faab38564ba9a
p:  83967.23145438725
5d41b2f34c0074b67464bae8
p:  101982.81732475712
5d41b2ff8f6c2fc05064ba9b
p:  74353.02857713893
5d41b39fbb8c37743464baa4
p:  69323.5403374083
5d41b3d04c0074b67464bae9
p:  179444.0742918345
5d41b42a1c3faab38564ba9b
p:  275612.8719776201
5d41b6569799d80f0864baaf
p:  97010.94761930488
5d41b7d15edd9a13c064baef
p:  177783.79863670445
5d41b7edf8538079d564baf3
p:  116654.30700248267
5d41b8359799d80f0864bab5
p:  213369.3271971976
5d41b8debb8c37743464bab1
p:  116306.61458045828
5d41b8ffbb8c37743464bab2
p:  82481.08374287578
5d41b90b1c3faab38564baa5
p:  94763.03010468476
5d41b95cbb8c37743464bab3
p:  73961.46705293248
5d41b9d3bb8c37743464bab4
p:  82796.13550695934
5d41ba394dbd1be0a064bb0a
p:  191940.8977148842
5d41baf5a1a2b91e3664baba
p:  401868.5218319034
5d41bcbc1c3faab38564baae
p:  130549.05615224305
5d41bccd26959b0e9b64bb00
p:  143324.4280030284
5d41bd04a1a2b91e3664bac1
p:  132046.91986382555
5d41bd071c3faab38564bab0
p:  295504.6605117653
5d41bd521c3faab38564bab2
p:  72757.1108123609
5d41bde1717e72bd5c64bae5
p:  151671.68325625485
5d41be31bb8c37743464bac0
p:  72637.0538982686
5d41be73f8538079d564bb01
p:  106375.06456827706
5d41bef4bb8c37743464bac6
p:  86838.75327504841
5d41bf78bb8c37743464bac7
p:  130206.52237329185
5d41c044bb8c37743464bacb
p:  153192.6327341927
5d41c0a64dbd1be0a064bb2a
p:  234721.45522912225
5d41c17d4dbd1be0a064bb2f
p:  211761.50230891752
5d41c1a74dbd1be0a064bb30
p:  486987.8852529704
5d41c20e717e72bd5c64bb01
p:  223222.9455130267
5d41c2401c3faab38564bad1
p:  255646.08287094097
5d41c5039799d80f0864bacd
p:  77562.15733488637
5d41c5271c3faab38564bae3
p:  74374.57152818599
5d41c548717e72bd5c64bb15
p:  190032.60463937896
5d41c5dd9799d80f0864bad2
p:  72113.67689040597
5d41c69a26959b0e9b64bb09
p:  143324.4280030284
5d41c6a49799d80f0864bad7
p:  73361.65049552753
5d41c6eb717e72bd5c64bb20
p:  209888.988069663
5d41c7f74dbd1be0a064bb3c
p:  114446.94193148933
5d41c936717e72bd5c64bb2f
p:  232683.86076234147
5d41c96ff8538079d564bb16
p:  112284.02144749687
5d41c9d01c3faab38564baff
p:  231027.3034595851
5d41cb01717e72bd5c64bb3b
p:  85673.31990086958
5d41cb164dbd1be0a064bb47
p:  78317.34095622148
5d41cbd526959b0e9b64bb15
p:  121350.41820243091
5d41cc9d91ab70cb0764bb41
p:  74472.26941104588
5d41cd155edd9a13c064bb17
p:  186417.73663065955
5d41cd46f8538079d564bb21
p:  107062.06091318713
5d41cd555edd9a13c064bb18
p:  152805.36415718545
5d41cd614dbd1be0a064bb4b
p:  68712.78618803775
5d41cd64717e72bd5c64bb40
p:  128163.08894544173
5d41cd825edd9a13c064bb19
p:  172086.97348918053
5d41cda35edd9a13c064bb1a
p:  152805.36415718545
5d41cdb94dbd1be0a064bb4c
p:  112642.206327719
5d41cdd24dbd1be0a064bb4d
p:  124232.3051008087
5d41cdd9bb8c37743464bae7
p:  92863.31201960266
5d41cdf94dbd1be0a064bb4e
p:  157801.4283263503
5d41cdfb717e72bd5c64bb44
p:  106116.78532969789
5d41ce0d4dbd1be0a064bb4f
p:  108178.17872085983
5d41ce1f4dbd1be0a064bb50
p:  99473.08769010982
5d41ce2e4dbd1be0a064bb51
p:  174818.97481734172
5d41ce595edd9a13c064bb1c
p:  227438.03419771712
5d41cecc1c3faab38564bb1f
p:  200171.9726195171
5d41cef21c3faab38564bb20
p:  321515.46575444157
5d41cef58ca354bc9e64baee
p:  86912.70027770799
5d41cf181c3faab38564bb21
p:  148438.79303292575
5d41cf3f1c3faab38564bb22
p:  94589.3362754544
5d41cf661c3faab38564bb23
p:  116384.5572241002
5d41cf83ac79733e2564bace
p:  75184.20471596732
5d41cfb31c3faab38564bb25
p:  150714.92232896737
5d41cfdc1d656a5a0364ba9e
p:  364081.34459121025
5d41cfe0ac79733e2564bad0
p:  155395.52186630623
5d41cfe55edd9a13c064bb20
p:  145150.64493897062
5d41d0001c3faab38564bb27
p:  174761.25496967736
5d41d022a1a2b91e3664baf4
p:  74727.34022956525
5d41d082bb8c37743464baec
p:  80680.8997330857
5d41d099ac79733e2564bad1
p:  227365.35959480022
5d41d0b44c0074b67464bb30
p:  205370.89032116742
5d41d0c51c3faab38564bb2c
p:  95750.27129464186
5d41d0ea1c3faab38564bb2d
p:  95346.80964030008
5d41d1111c3faab38564bb2e
p:  174544.4689039673
5d41d1381c3faab38564bb2f
p:  115298.6690228866
5d41d1601c3faab38564bb30
p:  141594.7635008383
5d41d1614c0074b67464bb33
p:  370991.82713933755
5d41d177ac79733e2564bad4
p:  144287.0654139327
5d41d1861c3faab38564bb31
p:  235836.90947750522
5d41d2111c3faab38564bb33
p:  274644.0738798382
5d41d2361c3faab38564bb34
p:  227540.76776960396
5d41d23885dd3bc6af64bace
p:  151293.4324811304
5d41d2584dbd1be0a064bb60
p:  135092.69624482098
5d41d25b1c3faab38564bb35
p:  280725.9170397113
5d41d26685dd3bc6af64bad1
p:  162885.66686143735
5d41d27185dd3bc6af64bad2
p:  149375.82603932312
5d41d292e3a87001ca64baae
p:  136996.5265411834
5d41d29385dd3bc6af64bad4
p:  195223.06798469345
5d41d297a1a2b91e3664bb00
p:  40185.12905193942
5d41d2b54dbd1be0a064bb62
p:  136812.02248009195
5d41d2da1c3faab38564bb38
p:  100641.2221093073
5d41d2de5edd9a13c064bb25
p:  195907.83275012794
5d41d2f9a1a2b91e3664bb02
p:  58615.916759765554
5d41d32791ab70cb0764bb4f
p:  76974.2427690531
5d41d32d1c3faab38564bb3a
p:  102517.6502185236
5d41d33b4c0074b67464bb36
p:  179477.25139105832
5d41d352a1a2b91e3664bb04
p:  84285.74395578267
5d41d355717e72bd5c64bb4e
p:  266568.8678940105
5d41d35a91ab70cb0764bb51
p:  93306.52288646031
5d41d35d1c3faab38564bb3b
p:  108078.27868118379
5d41d37ca1a2b91e3664bb05
p:  99194.27901809294
5d41d3895edd9a13c064bb26
p:  135003.90804804594
5d41d3ae5edd9a13c064bb27
p:  186154.74983961153
5d41d3b0a1a2b91e3664bb06
p:  84127.67032670524
5d41d3c08ca354bc9e64baf5
p:  191477.862737883
5d41d3faac79733e2564bad8
p:  91805.23883905268
5d41d41df8538079d564bb2e
p:  88698.7359826478
5d41d43591ab70cb0764bb53
p:  75408.70868807627
5d41d440f8538079d564bb2f
p:  106733.04152768236
5d41d454a1a2b91e3664bb0a
p:  56711.152616662424
5d41d47da1a2b91e3664bb0b
p:  97475.17511772239
5d41d48526959b0e9b64bb24
p:  75883.46177778099
5d41d4a426959b0e9b64bb25
p:  72944.65994835393
5d41d4bd1c3faab38564bb44
p:  135152.87259421332
5d41d50a1c3faab38564bb46
p:  229485.2367246874
5d41d5301c3faab38564bb47
p:  96859.85085468087
5d41d530a1a2b91e3664bb0f
p:  99912.95217942935
5d41d5a61c3faab38564bb4a
p:  102662.37659767592
5d41d614bb8c37743464bb02
p:  85673.36720806366
5d41d652a1a2b91e3664bb16
p:  62649.18853812177
5d41d69726959b0e9b64bb29
p:  92540.5484336227
5d41d6d291ab70cb0764bb60
p:  79683.5917530384
5d41d6e81c3faab38564bb52
p:  261201.31141539157
5d41d6f5a1a2b91e3664bb1a
p:  62375.952361770236
5d41d735e3a87001ca64bab9
p:  370070.75429745996
5d41d75c5edd9a13c064bb2f
p:  151171.6259287419
5d41d78d4dbd1be0a064bb74
p:  83713.28552239524
5d41d793ac79733e2564bade
p:  74725.33171883241
5d41d7a691ab70cb0764bb63
p:  81625.69947832916
5d41d7c1e3a87001ca64babb
p:  196678.27896998753
5d41d7c1a1a2b91e3664bb1f
p:  57403.24945388168
5d41d82fac79733e2564badf
p:  57147.874965458635
5d41d921e3a87001ca64babd
p:  205588.85497016466
5d41d95d91ab70cb0764bb66
p:  75883.25747831588
5d41d9678ca354bc9e64bafe
p:  147984.5984040415
5d41d9b291ab70cb0764bb69
p:  85566.37411025955
5d41da065edd9a13c064bb35
p:  113720.23075763407
5d41daaa4dbd1be0a064bb7d
p:  122305.1073597763
5d41db06ac79733e2564bae8
p:  130557.42565561587
5d41db478ca354bc9e64bb00
p:  299140.4900215979
5d41db6491ab70cb0764bb76
p:  73499.44908948196
5d41db7591ab70cb0764bb77
p:  179922.89881293595
5d41db7d26959b0e9b64bb31
p:  74786.22649084318
5d41db9685dd3bc6af64baee
p:  125868.23560737503
5d41dbaea1a2b91e3664bb35
p:  57898.02048338791
5d41dbbbac79733e2564baeb
p:  130521.88525410651
5d41dbd791ab70cb0764bb7c
p:  88831.66347629917
5d41dbd84dbd1be0a064bb81
p:  126599.1387170912
5d41dc0391ab70cb0764bb7e
p:  96486.71857679824
5d41dc1b91ab70cb0764bb7f
p:  80777.66497944389
5d41dcf88ca354bc9e64bb03
p:  104335.68240010887
5d41dd20a1a2b91e3664bb3e
p:  75277.46183280973
5d41dd308ca354bc9e64bb04
p:  151600.4981985587
5d41dd4d8ca354bc9e64bb05
p:  158852.83785359678
5d41dd69a1a2b91e3664bb40
p:  58787.62885306391
5d41dde991ab70cb0764bb89
p:  46159.254497370406
5d41de1391ab70cb0764bb8a
p:  143759.5570444024
5d41de95a1a2b91e3664bb47
p:  50165.35108286118
5d41dec8ac79733e2564baf0
p:  140092.31768746657
5d41df0e9799d80f0864bb53
p:  168740.96190599346
5d41df6d4dbd1be0a064bb8a
p:  201100.3987005997
5d41df79bb8c37743464bb14
p:  74643.9352225319
5d41df8e9799d80f0864bb56
p:  399202.5035143419
5d41dfab1d656a5a0364bad0
p:  252328.95580443222
5d41e039a1a2b91e3664bb50
p:  62290.67824058376
5d41e09ba1a2b91e3664bb52
p:  69887.78040675333
5d41e1074dbd1be0a064bb8f
p:  107503.90328920803
5d41e17885dd3bc6af64bafc
p:  81707.11457250659
5d41e28fbb8c37743464bb17
p:  74477.28050212222
5d41e2e54dbd1be0a064bb92
p:  122305.1073597763
5d41e2f69799d80f0864bb6b
p:  87207.93961921937
5d41e3084dbd1be0a064bb93
p:  112520.19609037375
5d41e38fbb8c37743464bb1d
p:  45979.21910879322
5d41e40bf8538079d564bb57
p:  119346.53117167178
5d41e57b4dbd1be0a064bb97
p:  113790.58366794861
5d41e59bf8538079d564bb58
p:  43024.01910976854
5d41e77547d5c0f35664bafd
p:  51889.08814361492
5d41eb0a47d5c0f35664bb05
p:  59799.27526800052
5d41ec5c47d5c0f35664bb09
p:  40150.48846793541
5d41eec526959b0e9b64bb5b
p:  81993.9530919209
5d41eedf1d656a5a0364bafe
p:  170951.66873421246
5d41effba1a2b91e3664bbad
p:  75185.21816860666
5d41f002d9e9a7b7d764bab6
p:  41010.743076593135
5d41f08a1d656a5a0364bb06
p:  255204.05516908882
5d41f0c01d656a5a0364bb07
p:  141330.52809033578
5d41f39947d5c0f35664bb18
p:  54100.73045906707
5d41f42326959b0e9b64bb63
p:  117540.22369848471
5d41f45b26959b0e9b64bb64
p:  55147.09750871488
5d41f8e4f8538079d564bb87
p:  74231.99747128347
5d41fd6347d5c0f35664bb30
p:  201523.06438973144
5d41fe74bb8c37743464bb62
p:  70682.27532385202
5d41ff6547d5c0f35664bb3c
p:  65412.73094126886
5d41ff7747d5c0f35664bb3d
p:  65412.73094126886
5d41ff8a47d5c0f35664bb3e
p:  65412.73094126886
5d42149bbb8c37743464bba1
p:  63019.11628466725
5d42189cbb8c37743464bba4
p:  48435.2537376424
5d421b11ac79733e2564bb3f
p:  183793.64898298506
5d422c0fe3a87001ca64bb6f
p:  127644.29600540959
5d422c3be3a87001ca64bb70
p:  59621.499483967884
5d4286d6bb8c37743464bcae
p:  97427.29268780864
5d44030b0c2b93cba458ad42
p:  58928.21698847454
5d45653df6b4c2439b8b2092
p:  138596.3250302528
For ['Warren', 'Fountain', 'Tippecanoe', 'Clinton', 'Tipton', 'Madison', 'Delaware', 'Randolph', 'Vermillion', 'Montgomery', 'Boone', 'Hamilton', 'Henry', 'Wayne', 'Parke', 'Putnam', 'Hendricks', 'Marion', 'Hancock', 'Vigo', 'Clay', 'Morgan', 'Johnson', 'Shelby', 'Rush', 'Fayette', 'Union', 'Owen', 'Monroe', 'Brown', 'Bartholomew', 'Decatur', 'Franklin']#################################################################
train score for random_forest: 0.9495976263733217
test score for random_forest: 0.5836023548796183
The mean absolute error is:$ 88012.8726001141
r_Score: 0.6298488728769194
Voting Regressor (in): 0.9394939086188396
Voting Regressor: 0.6298488728769194
5d0b54bdf12fac82e26efb43
p:  70114.59806990152
5d0b560df12fac82e26efb49
p:  121981.40732560039
5d0b5cf9f12fac82e26efb62
p:  198545.91470907693
5d0d311aae78f7f2d314add6
p:  48153.185940782685
5d0d4844ae78f7f2d314ae79
p:  203223.87815373443
5d0d485dae78f7f2d314ae7a
p:  266280.60718591907
5d0d4abdae78f7f2d314ae86
p:  417360.8158476382
5d0d4fbeae78f7f2d314aea1
p:  162834.09754073858
5d0e9f422b8f60b82b8f8d91
p:  94156.31872268298
5d185620253e7cfd9b98bd10
p:  142793.79949981964
5d186012253e7cfd9b98bd4f
p:  100078.55901969268
5d1b907403ecbb08e0bf6108
p:  162464.01296824377
5d299698199bf96b6045acff
p:  231051.2472851388
5d29bfb7199bf96b6045ad82
p:  103835.52082618015
5d2ae78b47cfe46363877ae5
p:  175150.36000168492
5d2ccab5aa1ce31ade80b07b
p:  68927.38335642833
5d2d03f7aa1ce31ade80b11a
p:  123087.22941178294
5d34e72e18f8dde30a0abcef
p:  96193.73956409337
5d38d4b202947826d9b03c6a
p:  86137.71696060552
5d38dd1202947826d9b03c80
p:  115378.32529399655
5d3e7161bd7b3d656007b5f9
p:  219617.56904413056
5d408d57f8538079d564b86a
p:  39506.1353431036
5d408d97f8538079d564b86c
p:  114069.56426639951
5d408dc84dbd1be0a064b86d
p:  144851.55733256193
5d408deff8538079d564b86e
p:  43215.77821997181
5d408eb14dbd1be0a064b871
p:  96173.97464741382
5d408ec2717e72bd5c64b86a
p:  117479.46452024499
5d408ed8717e72bd5c64b86b
p:  133401.2712079663
5d408eec4dbd1be0a064b872
p:  186367.36767225305
5d408ef3a1a2b91e3664b86c
p:  94361.8113945383
5d408ef38f6c2fc05064b86b
p:  133159.59129565797
5d408ef8717e72bd5c64b86c
p:  133401.2712079663
5d408f08e3a87001ca64b86a
p:  199140.0690907776
5d408f1a26959b0e9b64b874
p:  77515.29278579743
5d408f1be3a87001ca64b86b
p:  474209.85550622165
5d408f27a1a2b91e3664b86d
p:  64524.672595700904
5d408faef8538079d564b872
p:  27308.333021097933
5d408fb6a1a2b91e3664b86e
p:  84073.8927254315
5d40903dbb8c37743464b870
p:  208422.2898735315
5d4090c1a1a2b91e3664b874
p:  90424.18306393964
5d4091284dbd1be0a064b879
p:  62173.27761898068
5d40916e1c3faab38564b879
p:  235678.31325493855
5d40918c8f6c2fc05064b870
p:  265624.3657949035
5d4091a3a1a2b91e3664b87b
p:  72302.50689961172
5d4091ecbb8c37743464b873
p:  279164.6857446503
5d409221a1a2b91e3664b87e
p:  134882.4228174029
5d409291bb8c37743464b874
p:  246266.75307719852
5d4092f84c0074b67464b875
p:  296800.3300217217
5d4093069799d80f0864b876
p:  156394.77935768483
5d409318f8538079d564b87a
p:  39827.107056432535
5d409349f8538079d564b87b
p:  26445.23141574405
5d4093509799d80f0864b878
p:  70718.75286782462
5d409359bb8c37743464b876
p:  206692.94218166266
5d409367bb8c37743464b877
p:  223286.11473635683
5d40939b26959b0e9b64b885
p:  251537.80497915976
5d4093fea1a2b91e3664b882
p:  42392.268410523866
5d409461a1a2b91e3664b883
p:  101019.31629349146
5d4095651d656a5a0364b896
p:  248879.44919971097
5d40960d9799d80f0864b87b
p:  106206.05453444188
5d40961c8ca354bc9e64b87d
p:  221771.72557979103
5d40970e47d5c0f35664b87b
p:  208452.88449282967
5d4097835edd9a13c064b877
p:  108447.48776263729
5d4097aabb8c37743464b87b
p:  240213.78241487168
5d4097bf4c0074b67464b882
p:  107524.21332417199
5d4097d31d656a5a0364b898
p:  282147.07972674206
5d40985fac79733e2564b877
p:  249451.66450931327
5d409878ac79733e2564b878
p:  298346.2341867542
5d40988bd9e9a7b7d764b874
p:  255589.1354326179
5d409893f8538079d564b885
p:  30117.337653408336
5d4098b81d656a5a0364b899
p:  268366.1677158626
5d4098d491ab70cb0764b872
p:  119293.1483893811
5d40997e47d5c0f35664b87e
p:  216886.6384877373
5d409a1626959b0e9b64b88e
p:  257937.03686766536
5d409a9ebb8c37743464b882
p:  228110.24791334462
5d409aa347d5c0f35664b880
p:  331190.7100048554
5d409aa326959b0e9b64b890
p:  188717.15824912395
5d409ac98ca354bc9e64b889
p:  273750.8974194134
5d409b448ca354bc9e64b88a
p:  271114.8819661118
5d409b59717e72bd5c64b87c
p:  239851.80052366905
5d409ba247d5c0f35664b882
p:  247045.47423239722
5d409c0c47d5c0f35664b883
p:  248942.2890771241
5d409c43e3a87001ca64b87f
p:  152400.9819058862
5d409cd6f8538079d564b88f
p:  167142.06270293889
5d409d6226959b0e9b64b896
p:  188717.15824912395
5d409dcb47d5c0f35664b886
p:  250987.00117788019
5d409dedd9e9a7b7d764b882
p:  121529.47064339058
5d409e1247d5c0f35664b887
p:  404951.0574727281
5d409e24d9e9a7b7d764b883
p:  210503.21541231708
5d409eb6f8538079d564b892
p:  58075.7068128255
5d409efd26959b0e9b64b898
p:  132805.77960304398
5d409f1c4dbd1be0a064b89b
p:  282195.1675274972
5d409f554dbd1be0a064b89e
p:  192891.73159662914
5d409f7bf8538079d564b895
p:  38655.91404822156
5d409f7b47d5c0f35664b888
p:  158778.30008137686
5d409fae47d5c0f35664b889
p:  227687.7582064644
5d409fb0bb8c37743464b88a
p:  257030.47443003525
5d409fda47d5c0f35664b88a
p:  230905.89989523558
5d409ff54dbd1be0a064b8a5
p:  198805.4591016185
5d409fff47d5c0f35664b88b
p:  278217.71124680917
5d40a058bb8c37743464b88c
p:  293802.35705118935
5d40a06426959b0e9b64b89c
p:  209052.52679996294
5d40a0a547d5c0f35664b88f
p:  250227.44223680312
5d40a1374dbd1be0a064b8ac
p:  126648.48336646636
5d40a1604dbd1be0a064b8ad
p:  134343.50108486757
5d40a1a647d5c0f35664b890
p:  269387.4138970317
5d40a1ac4dbd1be0a064b8af
p:  159639.025196646
5d40a1fd4dbd1be0a064b8b1
p:  99726.98466748015
5d40a21926959b0e9b64b8a0
p:  374965.44432199525
5d40a23c8ca354bc9e64b897
p:  267321.47122163355
5d40a2af4dbd1be0a064b8b7
p:  98820.7515080467
5d40a2ed4dbd1be0a064b8ba
p:  150449.02364061092
5d40a3054dbd1be0a064b8bb
p:  130612.2248931915
5d40a3164dbd1be0a064b8bc
p:  75964.73529306248
5d40a34047d5c0f35664b891
p:  197165.028735268
5d40a351d9e9a7b7d764b891
p:  127740.0607528171
5d40a3b9d9e9a7b7d764b893
p:  161162.23473995918
5d40a3c4a1a2b91e3664b8a8
p:  145776.74522422103
5d40a410f8538079d564b8a1
p:  35864.71161334613
5d40a42d8ca354bc9e64b899
p:  187011.82437163184
5d40a4374dbd1be0a064b8bf
p:  218530.67249267985
5d40a4751d656a5a0364b8ac
p:  258772.44429594005
5d40a488717e72bd5c64b88d
p:  220587.39468744447
5d40a48b4dbd1be0a064b8c3
p:  277906.86594996345
5d40a49eac79733e2564b884
p:  175598.23262539937
5d40a4a34dbd1be0a064b8c4
p:  224845.15182375617
5d40a4b71d656a5a0364b8ad
p:  253641.06642105477
5d40a4c24dbd1be0a064b8c6
p:  292443.00689348404
5d40a4cf1d656a5a0364b8ae
p:  242844.05956899677
5d40a5104dbd1be0a064b8cb
p:  301354.22165973304
5d40a51d4dbd1be0a064b8cc
p:  175835.5189309512
5d40a52a4dbd1be0a064b8cd
p:  179767.70249095574
5d40a53647d5c0f35664b896
p:  244236.78013219254
5d40a5514dbd1be0a064b8ce
p:  297516.69407496345
5d40a5774dbd1be0a064b8cf
p:  257542.18765439992
5d40a59147d5c0f35664b897
p:  218720.64332334686
5d40a59e4dbd1be0a064b8d1
p:  231600.99392601493
5d40a63b47d5c0f35664b898
p:  227236.13345212286
5d40a6714dbd1be0a064b8d8
p:  234053.47772861482
5d40a6a047d5c0f35664b899
p:  193137.51345611413
5d40a757a1a2b91e3664b8ac
p:  146964.73514055123
5d40a8d59799d80f0864b8a9
p:  280020.64810220106
5d40a9004dbd1be0a064b8da
p:  232646.741236451
5d40a9364dbd1be0a064b8db
p:  171930.4627291612
5d40a9ab8f6c2fc05064b891
p:  247116.13461068782
5d40a9d71d656a5a0364b8bc
p:  240225.47820298723
5d40aa1d1c3faab38564b8aa
p:  276717.3002882182
5d40aac4d9e9a7b7d764b89d
p:  120591.25956315159
5d40aae51d656a5a0364b8c2
p:  264155.34630028426
5d40ab6026959b0e9b64b8ae
p:  223648.3398682464
5d40ac02a1a2b91e3664b8b5
p:  209240.78227217612
5d40ac24bb8c37743464b8a4
p:  244674.20879795036
5d40ac8e717e72bd5c64b89e
p:  218218.22659190884
5d40aca49799d80f0864b8b1
p:  308542.5844219955
5d40acd31c3faab38564b8af
p:  288688.5931771859
5d40ace11d656a5a0364b8c9
p:  264155.34630028426
5d40acfbbb8c37743464b8a5
p:  299188.10668155225
5d40ad248f6c2fc05064b896
p:  296398.23139831726
5d40ad26bb8c37743464b8a6
p:  254146.71002447623
5d40ad529799d80f0864b8b5
p:  257005.3474420245
5d40ad5526959b0e9b64b8b2
p:  127164.52656629923
5d40adcd9799d80f0864b8b8
p:  169253.53348765598
5d40af0cac79733e2564b88e
p:  380443.9430030652
5d40af1b9799d80f0864b8c0
p:  195330.8484702745
5d40af2b1d656a5a0364b8ce
p:  334188.76557176246
5d40af8b26959b0e9b64b8b6
p:  140668.78918054735
5d40afec8f6c2fc05064b8a5
p:  322350.4544355527
5d40b019d9e9a7b7d764b8a3
p:  217043.32756416412
5d40b01c8ca354bc9e64b8b0
p:  196999.70986421342
5d40b07a47d5c0f35664b8a1
p:  254486.96085263768
5d40b0ea47d5c0f35664b8a5
p:  263514.60850665293
5d40b11685dd3bc6af64b8b0
p:  331917.54669920565
5d40b1414dbd1be0a064b8eb
p:  228494.76272068592
5d40b1624dbd1be0a064b8ec
p:  259718.7114967719
5d40b17c26959b0e9b64b8bb
p:  240493.6605635159
5d40b1874dbd1be0a064b8ed
p:  213930.74936550853
5d40b1eee3a87001ca64b885
p:  324972.66499809595
5d40b20dd9e9a7b7d764b8a7
p:  144076.36115407062
5d40b24d8f6c2fc05064b8b2
p:  307765.28386444866
5d40b2688f6c2fc05064b8b4
p:  309722.57062868855
5d40b3721d656a5a0364b8d6
p:  249173.78176466018
5d40b44f5edd9a13c064b8a9
p:  170631.53754161828
5d40b4579799d80f0864b8ca
p:  356856.6463296756
5d40b4758f6c2fc05064b8b7
p:  251883.43722971922
5d40b4b04dbd1be0a064b8f5
p:  229815.70962984167
5d40b50b4dbd1be0a064b8f6
p:  219221.5728430292
5d40b50d1d656a5a0364b8d9
p:  204590.4924753257
5d40b524bb8c37743464b8ba
p:  297257.74730655225
5d40b55e26959b0e9b64b8c0
p:  161238.86796072446
5d40b57726959b0e9b64b8c1
p:  312282.8453110906
5d40b6014dbd1be0a064b8f8
p:  258811.32615150808
5d40b6224dbd1be0a064b8f9
p:  246996.9281775675
5d40b6524dbd1be0a064b8fa
p:  238262.5041478107
5d40b68b717e72bd5c64b8af
p:  223104.78641098534
5d40b6b51c3faab38564b8c2
p:  347428.5278396073
5d40b6bd5edd9a13c064b8aa
p:  152774.69961793168
5d40b7125edd9a13c064b8ac
p:  96148.65011834091
5d40b71a4dbd1be0a064b8fc
p:  276628.59690444724
5d40b71a5edd9a13c064b8ad
p:  159808.06810669723
5d40b769bb8c37743464b8bd
p:  253786.63392671058
5d40b7c247d5c0f35664b8b0
p:  255994.81556577483
5d40b7e14dbd1be0a064b8fd
p:  271697.7017082417
5d40b82c47d5c0f35664b8b2
p:  272705.2903508011
5d40b9404dbd1be0a064b8ff
p:  236042.21603102543
5d40b9d24c0074b67464b8c1
p:  103732.88757849805
5d40b9d8bb8c37743464b8c1
p:  260666.86665962928
5d40b9f5bb8c37743464b8c2
p:  247742.74478106096
5d40ba141c3faab38564b8cd
p:  364008.5240953758
5d40ba8da1a2b91e3664b8d0
p:  349334.7406512325
5d40baa7a1a2b91e3664b8d1
p:  381620.57760197215
5d40bacea1a2b91e3664b8d2
p:  200492.22968305304
5d40bb33717e72bd5c64b8bc
p:  280190.4116323564
5d40bbe791ab70cb0764b8a2
p:  138078.8093736997
5d40bc2891ab70cb0764b8a5
p:  152576.91937819257
5d40bc36e3a87001ca64b88b
p:  356817.3836725305
5d40bc8d8ca354bc9e64b8c2
p:  203761.51544375368
5d40bca291ab70cb0764b8a9
p:  213181.905745483
5d40bcb1bb8c37743464b8cb
p:  244163.92111776094
5d40bd1026959b0e9b64b8ce
p:  273106.4303059804
5d40bd4391ab70cb0764b8af
p:  99149.26649293245
5d40bd768f6c2fc05064b8be
p:  177529.69359269575
5d40bd905edd9a13c064b8b3
p:  282671.6859450569
5d40bd9a91ab70cb0764b8b2
p:  248185.62067267954
5d40bda9bb8c37743464b8cf
p:  269402.58780145604
5d40bdc591ab70cb0764b8b3
p:  233084.83486316312
5d40bde791ab70cb0764b8b4
p:  204762.35950891842
5d40be0a717e72bd5c64b8c7
p:  199794.7560601087
5d40becca1a2b91e3664b8d6
p:  191516.30916547755
5d40bf965edd9a13c064b8bc
p:  179295.28186764946
5d40bf9726959b0e9b64b8d1
p:  205541.96217098337
5d40bffa91ab70cb0764b8c6
p:  247707.92900739092
5d40c02e5edd9a13c064b8bf
p:  224800.89777218373
5d40c0b691ab70cb0764b8cd
p:  112336.41113572076
5d40c0ca91ab70cb0764b8ce
p:  220105.23915305213
5d40c0ef26959b0e9b64b8d3
p:  191860.8137007079
5d40c179ac79733e2564b8aa
p:  447724.0501343462
5d40c1d626959b0e9b64b8d6
p:  127807.45606728076
5d40c23891ab70cb0764b8dd
p:  213859.53307662514
5d40c26391ab70cb0764b8de
p:  102140.49741620244
5d40c31e91ab70cb0764b8e4
p:  205177.43170998112
5d40c419bb8c37743464b8d7
p:  247742.74478106096
5d40c4691d656a5a0364b8f2
p:  150211.97529379057
5d40c46b91ab70cb0764b8ee
p:  115645.76162585086
5d40c48b91ab70cb0764b8ef
p:  120432.42966246561
5d40c4ee91ab70cb0764b8f2
p:  248185.62067267954
5d40c5cb26959b0e9b64b8da
p:  293306.6791533471
5d40c61426959b0e9b64b8db
p:  179344.26947051776
5d40c634bb8c37743464b8dc
p:  216795.56765864207
5d40c6681c3faab38564b8dc
p:  332570.20458807587
5d40c671bb8c37743464b8dd
p:  255208.16892958392
5d40c6c226959b0e9b64b8dc
p:  367402.83282471704
5d40c70191ab70cb0764b902
p:  153472.15121591842
5d40c76d5edd9a13c064b8c6
p:  126807.69307173592
5d40c8028f6c2fc05064b8cf
p:  349221.9468467253
5d40c84a26959b0e9b64b8de
p:  191390.80967517063
5d40c8721c3faab38564b8dd
p:  273309.5453444283
5d40c88326959b0e9b64b8df
p:  343940.7476319338
5d40c8931d656a5a0364b8f7
p:  203790.42856999533
5d40c8b91d656a5a0364b8f8
p:  97756.10468714108
5d40c8c61c3faab38564b8df
p:  327085.845513748
5d40c94326959b0e9b64b8e1
p:  218025.5463235252
5d40c9d15edd9a13c064b8ce
p:  252703.48334307098
5d40c9e626959b0e9b64b8e2
p:  239603.12134388665
5d40cb414dbd1be0a064b922
p:  381863.4509970902
5d40cb508f6c2fc05064b8d6
p:  270068.65531402203
5d40cb5d1d656a5a0364b8fc
p:  173790.6192333626
5d40cb8cbb8c37743464b8e6
p:  263011.06042894546
5d40cbea9799d80f0864b8e0
p:  241759.69175625188
5d40cc141d656a5a0364b901
p:  319892.42594972206
5d40cc1f26959b0e9b64b8e5
p:  202397.27436854708
5d40cc5a1d656a5a0364b902
p:  275323.671967696
5d40cc6d26959b0e9b64b8e6
p:  209928.51256503764
5d40cc74a1a2b91e3664b8e4
p:  243193.56498643826
5d40cca6f8538079d564b8e9
p:  195551.35356914863
5d40cd4b1d656a5a0364b905
p:  214511.75489479135
5d40cd6b1d656a5a0364b906
p:  172402.83377996244
5d40cdbba1a2b91e3664b8e7
p:  324634.71588781266
5d40ce22f8538079d564b8ef
p:  266384.7599822522
5d40ce6291ab70cb0764b938
p:  213361.7085556438
5d40ce805edd9a13c064b8d4
p:  257150.52781139856
5d40cefa26959b0e9b64b8e7
p:  222752.20469914848
5d40cefc4dbd1be0a064b928
p:  91951.2931638202
5d40cfb626959b0e9b64b8e9
p:  352145.2746309214
5d40cfc826959b0e9b64b8ea
p:  142886.79093791297
5d40cff28ca354bc9e64b8de
p:  260090.81974099428
5d40cff45edd9a13c064b8d8
p:  270568.2947483221
5d40d0204dbd1be0a064b92b
p:  293607.98658432363
5d40d0574dbd1be0a064b92c
p:  292848.6356096555
5d40d06c85dd3bc6af64b8f1
p:  124101.22124898018
5d40d07c5edd9a13c064b8d9
p:  237978.62236515293
5d40d08a9799d80f0864b8e5
p:  311053.6355417716
5d40d0bd8ca354bc9e64b8e3
p:  201129.53187893704
5d40d1b2f8538079d564b8fb
p:  244782.59175109383
5d40d1fc26959b0e9b64b8eb
p:  196650.50293900276
5d40d218a1a2b91e3664b8f2
p:  220988.36980662728
5d40d2691c3faab38564b8ec
p:  426308.9211218795
5d40d2765edd9a13c064b8df
p:  225735.45801219688
5d40d3188ca354bc9e64b8e5
p:  455869.7583430647
5d40d38026959b0e9b64b8ed
p:  283851.3540022169
5d40d38b5edd9a13c064b8e1
p:  237978.62236515293
5d40d398bb8c37743464b8ef
p:  295464.15559185436
5d40d3a11c3faab38564b8ef
p:  315855.657294099
5d40d4318f6c2fc05064b8e5
p:  224040.27844818565
5d40d4fe5edd9a13c064b8e3
p:  240478.99782586796
5d40d52a5edd9a13c064b8e4
p:  158847.17088380238
5d40d5895edd9a13c064b8e5
p:  162966.14436587528
5d40d5c8bb8c37743464b8f5
p:  230960.4785879507
5d40d66cbb8c37743464b8f7
p:  374988.41292041633
5d40d6d0717e72bd5c64b8ed
p:  228582.56597523362
5d40d7948f6c2fc05064b8ee
p:  315577.52480168524
5d40d7a68f6c2fc05064b8ef
p:  287736.7901161124
5d40d7d3bb8c37743464b8fb
p:  275405.5755101726
5d40d7d6d9e9a7b7d764b8ef
p:  283271.272387293
5d40d990bb8c37743464b900
p:  226481.04144696635
5d40d9a21d656a5a0364b915
p:  161986.92203143722
5d40da9f1d656a5a0364b919
p:  173737.60253176402
5d40dbc5bb8c37743464b905
p:  275400.751448425
5d40dc01bb8c37743464b907
p:  251744.57886022414
5d40dc6e1d656a5a0364b91d
p:  204999.82570016012
5d40dd684c0074b67464b911
p:  138800.04286088477
5d40dd864dbd1be0a064b949
p:  193089.72032639384
5d40dda04c0074b67464b912
p:  262700.56294709246
5d40ddb61d656a5a0364b91e
p:  302155.73180302326
5d40de5b4c0074b67464b919
p:  273932.0260071489
5d40deff4c0074b67464b91d
p:  152042.11150745413
5d40df05717e72bd5c64b905
p:  249567.09990805108
5d40df195edd9a13c064b8f3
p:  194759.4979261679
5d40df291d656a5a0364b91f
p:  150211.97529379057
5d40df53e3a87001ca64b8ae
p:  87448.99721290672
5d40df8f1d656a5a0364b920
p:  293913.4931166312
5d40df994c0074b67464b91f
p:  134296.92092108907
5d40df9f1d656a5a0364b921
p:  298859.64309714996
5d40e005bb8c37743464b90e
p:  263011.06042894546
5d40e014a1a2b91e3664b918
p:  322952.04339416395
5d40e01dbb8c37743464b90f
p:  269518.7894766698
5d40e02f4c0074b67464b920
p:  163083.09792991498
5d40e0474c0074b67464b921
p:  145928.8880603026
5d40e05c4dbd1be0a064b94f
p:  253187.60951340213
5d40e0664c0074b67464b922
p:  75684.25684006861
5d40e07b4dbd1be0a064b950
p:  214831.85061569372
5d40e1514c0074b67464b923
p:  210693.7460862507
5d40e1b39799d80f0864b900
p:  241668.10580081842
5d40e1f5ac79733e2564b8f8
p:  197475.13023908393
5d40e1ffac79733e2564b8f9
p:  84986.66372733739
5d40e2561d656a5a0364b926
p:  221101.14609509328
5d40e2854c0074b67464b926
p:  265668.3679880635
5d40e299ac79733e2564b8fa
p:  97735.12888767937
5d40e2aa4c0074b67464b927
p:  257286.8637446793
5d40e2b54dbd1be0a064b954
p:  255797.7375898845
5d40e2d3ac79733e2564b8fd
p:  99121.37854184546
5d40e2ee47d5c0f35664b915
p:  115681.62224871383
5d40e30126959b0e9b64b8f9
p:  208581.3023586029
5d40e31d4c0074b67464b928
p:  237368.69493801182
5d40e384bb8c37743464b914
p:  232705.2860988477
5d40e3bebb8c37743464b916
p:  279393.0806971506
5d40e3d1a1a2b91e3664b920
p:  277505.16707326716
5d40e3ed1d656a5a0364b92a
p:  243925.39033925312
5d40e445a1a2b91e3664b922
p:  286682.46457600786
5d40e470ac79733e2564b8fe
p:  129085.40926708718
5d40e4b5ac79733e2564b8ff
p:  66507.16874338343
5d40e4d2ac79733e2564b900
p:  153992.6637978155
5d40e4edac79733e2564b901
p:  129177.54938743633
5d40e4fdac79733e2564b902
p:  121908.90585809958
5d40e513ac79733e2564b903
p:  79600.7650172651
5d40e523ac79733e2564b904
p:  114532.13063588426
5d40e5254c0074b67464b92b
p:  257240.82060708478
5d40e53abb8c37743464b919
p:  249800.49345130887
5d40e62a5edd9a13c064b900
p:  121047.04607923988
5d40e62d8f6c2fc05064b8fd
p:  102096.71934444562
5d40e6301d656a5a0364b933
p:  271139.9188073007
5d40e6504c0074b67464b92c
p:  236558.74906346694
5d40e6721d656a5a0364b936
p:  262234.40709403704
5d40e68a4c0074b67464b92d
p:  203623.36346432174
5d40e6911d656a5a0364b937
p:  136486.33244833222
5d40e696a1a2b91e3664b923
p:  263812.54448003246
5d40e6ac8f6c2fc05064b8ff
p:  125788.47039013
5d40e6be4c0074b67464b92e
p:  263080.2923841278
5d40e6c6a1a2b91e3664b924
p:  259841.8286077284
5d40e6d4ac79733e2564b907
p:  129075.3059240703
5d40e714a1a2b91e3664b925
p:  323982.45676388254
5d40e71e1d656a5a0364b93c
p:  150211.97529379057
5d40e7d326959b0e9b64b904
p:  346715.15320716874
5d40e7e58f6c2fc05064b901
p:  131242.05097237218
5d40e7e791ab70cb0764b9a6
p:  282051.36209187156
5d40e861717e72bd5c64b911
p:  271355.85375876504
5d40e8728f6c2fc05064b903
p:  119627.18150836913
5d40e8bc8f6c2fc05064b906
p:  328476.4378998078
5d40e8e04c0074b67464b938
p:  422147.8712814626
5d40e9354c0074b67464b93b
p:  356908.0305212582
5d40e93d91ab70cb0764b9a9
p:  357773.05834301334
5d40e9af8f6c2fc05064b909
p:  129879.15835568144
5d40e9b48ca354bc9e64b902
p:  710545.4121154463
5d40e9f28f6c2fc05064b90a
p:  58721.31443885807
5d40e9f51d656a5a0364b93f
p:  201373.7303438428
5d40e9fb8ca354bc9e64b904
p:  248719.09386616232
5d40ea1f4c0074b67464b93f
p:  439290.8078409462
5d40ea564c0074b67464b940
p:  425811.87211065495
5d40ea7e4c0074b67464b941
p:  167257.05135435934
5d40eb171c3faab38564b91a
p:  384568.0947438247
5d40eb4dac79733e2564b90b
p:  108644.99725244116
5d40eb948f6c2fc05064b90d
p:  92418.33422788302
5d40ebe88f6c2fc05064b90f
p:  120395.33046209345
5d40ec521d656a5a0364b946
p:  163489.2082436316
5d40eca991ab70cb0764b9ad
p:  265000.41967335786
5d40ecf1a1a2b91e3664b92b
p:  291667.81608613767
5d40ed8ef8538079d564b92c
p:  108722.1703807524
5d40ed9a91ab70cb0764b9b0
p:  184868.34505771054
5d40eda2f8538079d564b92d
p:  66772.87022094101
5d40edb48f6c2fc05064b911
p:  164929.35634932696
5d40edc31d656a5a0364b94c
p:  200792.18912074284
5d40edcff8538079d564b92f
p:  91015.59175304463
5d40ede41d656a5a0364b94d
p:  172402.83377996244
5d40ee0c1d656a5a0364b94e
p:  96683.14567863276
5d40ee10ac79733e2564b912
p:  74704.88496249076
5d40ee3f85dd3bc6af64b928
p:  44422.929262535414
5d40ee4b8f6c2fc05064b913
p:  115185.75995098567
5d40ee5785dd3bc6af64b929
p:  70615.75115826815
5d40ee63f8538079d564b930
p:  91015.59175304463
5d40ee721d656a5a0364b950
p:  215328.93908554123
5d40eeaaf8538079d564b931
p:  93187.46234295843
5d40ef2a1d656a5a0364b951
p:  147645.27206427488
5d40ef6e26959b0e9b64b90c
p:  294249.419746474
5d40ef7585dd3bc6af64b92a
p:  194366.20092872408
5d40ef9f8f6c2fc05064b915
p:  118413.89953320188
5d40effc8f6c2fc05064b917
p:  323122.5629120372
5d40f0178f6c2fc05064b918
p:  164501.0824384131
5d40f01d91ab70cb0764b9b5
p:  126713.89367339206
5d40f0668f6c2fc05064b91b
p:  91590.62044274813
5d40f0af8f6c2fc05064b91c
p:  85434.40204449343
5d40f119a1a2b91e3664b936
p:  166710.09229151555
5d40f13ea1a2b91e3664b937
p:  113596.96781349373
5d40f14991ab70cb0764b9b9
p:  147077.32191050082
5d40f14e5edd9a13c064b917
p:  165420.93055079374
5d40f1aa91ab70cb0764b9ba
p:  255179.9213253939
5d40f2255edd9a13c064b918
p:  165420.93055079374
5d40f234f8538079d564b936
p:  67408.32570482307
5d40f24ff8538079d564b937
p:  125901.4179862183
5d40f25085dd3bc6af64b92d
p:  79799.37912093342
5d40f26091ab70cb0764b9bb
p:  131281.20180157665
5d40f262f8538079d564b938
p:  99921.2858712402
5d40f29a5edd9a13c064b919
p:  165420.93055079374
5d40f2a0f8538079d564b939
p:  163663.72458544775
5d40f2b31d656a5a0364b958
p:  197730.7118865557
5d40f2c18ca354bc9e64b909
p:  202878.71064657075
5d40f314f8538079d564b93a
p:  169095.83071081067
5d40f3291d656a5a0364b959
p:  256422.86250610452
5d40f3468f6c2fc05064b920
p:  109517.24526687182
5d40f35d47d5c0f35664b92f
p:  288333.78322882764
5d40f35d85dd3bc6af64b92e
p:  64360.12853735545
5d40f3aa8f6c2fc05064b921
p:  124531.56968815134
5d40f3f1a1a2b91e3664b939
p:  187197.629105589
5d40f447f8538079d564b940
p:  69383.23732970274
5d40f45bac79733e2564b920
p:  73877.73480810953
5d40f4ab91ab70cb0764b9bf
p:  147044.3954297045
5d40f4aff8538079d564b941
p:  130510.9665402927
5d40f4b81d656a5a0364b960
p:  281325.0300086622
5d40f4cd85dd3bc6af64b931
p:  75594.98022574413
5d40f4e7a1a2b91e3664b93c
p:  114551.11429781895
5d40f51b4dbd1be0a064b980
p:  119614.30990230732
5d40f56b4c0074b67464b955
p:  132462.80096789694
5d40f58985dd3bc6af64b935
p:  134247.45979826702
5d40f59685dd3bc6af64b936
p:  46764.429355171844
5d40f5a84c0074b67464b956
p:  219534.29453107854
5d40f5c64dbd1be0a064b981
p:  217258.69575747685
5d40f616ac79733e2564b922
p:  80817.40976258312
5d40f64b5edd9a13c064b91d
p:  110834.07472524565
5d40f67f1d656a5a0364b964
p:  154565.9046521833
5d40f6848ca354bc9e64b911
p:  209388.55788214534
5d40f68985dd3bc6af64b937
p:  167679.3324427451
5d40f689bb8c37743464b930
p:  311950.6235788212
5d40f69c91ab70cb0764b9c2
p:  330542.9676328035
5d40f6c591ab70cb0764b9c3
p:  473878.72994818696
5d40f6e8f8538079d564b943
p:  121788.00602310552
5d40f713f8538079d564b944
p:  196444.95153718686
5d40f71eac79733e2564b923
p:  77308.80873396723
5d40f72aa1a2b91e3664b942
p:  312408.2550355974
5d40f7359799d80f0864b91d
p:  251445.32565054944
5d40f7404c0074b67464b958
p:  91314.76595475362
5d40f763f8538079d564b945
p:  70691.93867784811
5d40f799a1a2b91e3664b944
p:  126411.5616962431
5d40f7a847d5c0f35664b934
p:  171937.65667581174
5d40f7dcf8538079d564b946
p:  48923.00769196809
5d40f80aa1a2b91e3664b946
p:  167283.17280744837
5d40f825ac79733e2564b924
p:  139506.5460083105
5d40f82ae3a87001ca64b8f9
p:  157566.4487278091
5d40f838ac79733e2564b925
p:  139459.28339041542
5d40f83e91ab70cb0764b9c7
p:  379927.4490133661
5d40f85ba1a2b91e3664b947
p:  118372.86555135777
5d40f85cac79733e2564b926
p:  115929.9746553122
5d40f860f8538079d564b948
p:  188114.88296847348
5d40f8714dbd1be0a064b985
p:  74808.8864158497
5d40f8914c0074b67464b95a
p:  144807.03468507994
5d40f8c5ac79733e2564b927
p:  90585.53535065462
5d40f8e0f8538079d564b94a
p:  89946.30078558883
5d40f8fb1d656a5a0364b968
p:  208095.12030137965
5d40f906f8538079d564b94b
p:  66402.38871895031
5d40f90d4c0074b67464b95b
p:  152158.1496708443
5d40f957f8538079d564b94d
p:  64686.52447197662
5d40f98b85dd3bc6af64b93b
p:  76153.67701128591
5d40f9de91ab70cb0764b9c9
p:  149643.46000284882
5d40fa25f8538079d564b94e
p:  86056.35461426999
5d40fa5a1d656a5a0364b96a
p:  221101.14609509328
5d40fa76ac79733e2564b928
p:  129293.87760640036
5d40fa7c85dd3bc6af64b940
p:  75631.63252274657
5d40fa965edd9a13c064b928
p:  183380.267608397
5d40faa626959b0e9b64b91e
p:  278290.1291647911
5d40faa78f6c2fc05064b925
p:  121752.52970760092
5d40fab38f6c2fc05064b926
p:  191187.14541182696
5d40fac68f6c2fc05064b927
p:  219305.57443439297
5d40fac6ac79733e2564b929
p:  102531.19626726012
5d40fade8f6c2fc05064b928
p:  100477.0499457384
5d40faeb8f6c2fc05064b929
p:  164929.35634932696
5d40faecac79733e2564b92a
p:  94599.6957910266
5d40faf8a1a2b91e3664b949
p:  279802.7574305346
5d40fafd5edd9a13c064b929
p:  198793.0394384566
5d40fb2a5edd9a13c064b92a
p:  105406.82948249439
5d40fb5426959b0e9b64b920
p:  86178.55932900141
5d40fb6447d5c0f35664b937
p:  226652.76256061826
5d40fb8247d5c0f35664b938
p:  201831.8782078607
5d40fb8e9799d80f0864b926
p:  261158.84685044247
5d40fba34dbd1be0a064b989
p:  107917.66848697944
5d40fba6f8538079d564b950
p:  95907.01031995867
5d40fbbb4dbd1be0a064b98a
p:  71623.87609190187
5d40fc4b1d656a5a0364b96d
p:  157340.05382201637
5d40fc8585dd3bc6af64b943
p:  85833.50790357661
5d40fcc04c0074b67464b962
p:  118648.04452850932
5d40fcda4c0074b67464b963
p:  160829.89464319736
5d40fce285dd3bc6af64b945
p:  126881.08895168774
5d40fcf6ac79733e2564b92d
p:  79336.61532566766
5d40fd2a85dd3bc6af64b946
p:  124314.03588624537
5d40fd2bac79733e2564b930
p:  109856.46920833201
5d40fd41ac79733e2564b932
p:  68380.8056089303
5d40fd50ac79733e2564b933
p:  143875.5969444943
5d40fd6b47d5c0f35664b93c
p:  150671.92220881098
5d40fd78f8538079d564b952
p:  78559.08878354279
5d40fd8ff8538079d564b953
p:  61470.71916305937
5d40fdf28f6c2fc05064b92c
p:  96408.22949544521
5d40fe1e8f6c2fc05064b92d
p:  114868.75371635705
5d40fe6426959b0e9b64b922
p:  79169.55616284869
5d40fe6c8f6c2fc05064b92e
p:  107593.32188837082
5d40fe7a8f6c2fc05064b92f
p:  112016.39834221394
5d40fe8226959b0e9b64b923
p:  143805.2478412963
5d40fe921d656a5a0364b96e
p:  276552.32226835226
5d40fe994c0074b67464b965
p:  242639.90633180324
5d40fea326959b0e9b64b924
p:  230453.45366954157
5d40feb1a1a2b91e3664b951
p:  147862.62141568848
5d40fec54c0074b67464b966
p:  164242.8579051296
5d40feca4dbd1be0a064b98c
p:  89194.31545142565
5d40feef91ab70cb0764b9d1
p:  131706.04165777474
5d40ff2d4c0074b67464b968
p:  189701.45463082247
5d40ff3bf8538079d564b954
p:  250854.35660372267
5d40ff92d9e9a7b7d764b920
p:  219779.07209493459
5d40ff9fac79733e2564b936
p:  83707.57153512514
5d40ffd4ac79733e2564b937
p:  176535.07774500383
5d40fff6a1a2b91e3664b953
p:  109828.57976567023
5d41000d5edd9a13c064b933
p:  130422.09375481187
5d41002e47d5c0f35664b940
p:  157276.51169254055
5d41004a85dd3bc6af64b94a
p:  92910.18088718134
5d41007a47d5c0f35664b941
p:  117321.74703437541
5d41007eac79733e2564b938
p:  95819.8356975388
5d41009fbb8c37743464b942
p:  323110.7034359586
5d4100d347d5c0f35664b944
p:  108636.4588174262
5d4100e55edd9a13c064b934
p:  161060.60727135843
5d4100fe4c0074b67464b96e
p:  209993.16997944913
5d4101271d656a5a0364b975
p:  256537.12711038732
5d41012d4c0074b67464b96f
p:  341215.0914057084
5d4101514c0074b67464b970
p:  145431.88150149872
5d41015bac79733e2564b939
p:  140017.86902935975
5d4101681d656a5a0364b976
p:  150211.97529379057
5d41017947d5c0f35664b945
p:  61546.249418861495
5d4101971d656a5a0364b977
p:  221101.14609509328
5d41019ebb8c37743464b947
p:  227930.2114141686
5d4101ac4c0074b67464b973
p:  178752.12032200518
5d4101b247d5c0f35664b946
p:  118094.34073761426
5d4101c1a1a2b91e3664b955
p:  207477.40621994445
5d4101c11d656a5a0364b978
p:  161950.2319678733
5d4101ca85dd3bc6af64b94e
p:  78798.54285753364
5d4101f91d656a5a0364b97a
p:  304322.47845618334
5d410207a1a2b91e3664b956
p:  159904.04762472853
5d4102074dbd1be0a064b98e
p:  76217.0590815151
5d41020891ab70cb0764b9d9
p:  116253.80420760522
5d41021ad9e9a7b7d764b925
p:  201831.8782078607
5d4102421d656a5a0364b97b
p:  217527.8320707343
5d4102444dbd1be0a064b98f
p:  70101.94798647842
5d41024eac79733e2564b93a
p:  108644.99725244116
5d41025a9799d80f0864b935
p:  149333.4535233327
5d41025a4c0074b67464b975
p:  186806.58838751604
5d410261f8538079d564b95c
p:  133734.7798724376
5d410267ac79733e2564b93b
p:  172210.54280768053
5d41027b26959b0e9b64b92f
p:  73575.86741781748
5d4102b626959b0e9b64b930
p:  117509.72401695204
5d41030df8538079d564b95e
p:  104812.29784128183
5d4103471d656a5a0364b97d
p:  256986.9744028029
5d41035c9799d80f0864b936
p:  174513.7440234759
5d4103658f6c2fc05064b939
p:  229709.6732906472
5d41038e1c3faab38564b92f
p:  117693.33729105187
5d410392ac79733e2564b940
p:  93262.10964626569
5d4103a785dd3bc6af64b952
p:  91503.37207773773
5d4103e58f6c2fc05064b93b
p:  164929.35634932696
5d4103ec4c0074b67464b977
p:  168423.80981303944
5d4103f95edd9a13c064b93b
p:  271964.96429596073
5d41041c8f6c2fc05064b93c
p:  164929.35634932696
5d4104441c3faab38564b930
p:  49879.237483484954
5d410467ac79733e2564b941
p:  87384.56975906098
5d41046926959b0e9b64b934
p:  68335.76846492678
5d41047b8ca354bc9e64b925
p:  213127.22554836978
5d4104891c3faab38564b931
p:  160435.92165256263
5d4104958f6c2fc05064b93e
p:  90438.74916910852
5d4104b1ac79733e2564b943
p:  100435.19633625663
5d4104b926959b0e9b64b935
p:  79169.55616284869
5d4104c547d5c0f35664b948
p:  76896.62923748969
5d4104d1ac79733e2564b944
p:  83707.57153512514
5d4104da26959b0e9b64b936
p:  117698.4084846374
5d41050126959b0e9b64b937
p:  79554.04352776869
5d41052691ab70cb0764b9e0
p:  200003.3623490176
5d41052826959b0e9b64b938
p:  99342.82222587167
5d41052ef8538079d564b960
p:  140797.31272276532
5d41054826959b0e9b64b939
p:  79057.21440221232
5d4105581d656a5a0364b97f
p:  249046.02093097044
5d41059ba1a2b91e3664b957
p:  71082.65617394414
5d4105aaf8538079d564b961
p:  109466.46905899503
5d4105bd1d656a5a0364b981
p:  323167.2426587655
5d4105d526959b0e9b64b93a
p:  177293.46691395543
5d4105e91c3faab38564b934
p:  158368.3733106422
5d4105f61c3faab38564b935
p:  417617.0151367227
5d41060f8f6c2fc05064b945
p:  93575.1200684805
5d4106521c3faab38564b938
p:  214352.03040901787
5d41066026959b0e9b64b93b
p:  109848.02581921632
5d41066d5edd9a13c064b942
p:  512918.71337051544
5d41067d26959b0e9b64b93c
p:  86052.1912232299
5d4106af26959b0e9b64b93d
p:  71252.59461996223
5d4106b54dbd1be0a064b998
p:  64560.72486022375
5d4106c54dbd1be0a064b999
p:  46764.84930829705
5d4106c64c0074b67464b97d
p:  167265.53501079325
5d4106f226959b0e9b64b93e
p:  71252.59461996223
5d4107094c0074b67464b97e
p:  160829.89464319736
5d4107294c0074b67464b97f
p:  160829.89464319736
5d41073d4c0074b67464b980
p:  206212.76892384232
5d41073f26959b0e9b64b93f
p:  130532.16386403774
5d41075591ab70cb0764b9ea
p:  115164.13728195644
5d41078cac79733e2564b947
p:  66887.61301810935
5d4107ae1d656a5a0364b983
p:  277097.25745340885
5d4107b0ac79733e2564b948
p:  115731.30382129583
5d4107b7a1a2b91e3664b95a
p:  128636.68580796757
5d4107c71d656a5a0364b984
p:  359702.9050807392
5d4107cc4c0074b67464b982
p:  158117.47434920762
5d4107d7ac79733e2564b949
p:  172734.31107070425
5d4107fdac79733e2564b94a
p:  225805.97487506893
5d4108065edd9a13c064b948
p:  222540.33495442866
5d4108271d656a5a0364b985
p:  171371.67952464923
5d41084d1d656a5a0364b986
p:  250297.56959840798
5d41087585dd3bc6af64b95f
p:  220987.38521118974
5d4108765edd9a13c064b94c
p:  308523.4976188179
5d410896ac79733e2564b94e
p:  110142.28403012437
5d4108a51d656a5a0364b987
p:  317886.9086527971
5d4108a65edd9a13c064b94d
p:  142972.6239734306
5d4108b44c0074b67464b986
p:  136733.80052095343
5d4108c947d5c0f35664b94d
p:  99385.03893212994
5d4108cb1d656a5a0364b988
p:  171371.67952464923
5d4108de47d5c0f35664b94e
p:  202259.57862092325
5d4108e2ac79733e2564b950
p:  122307.75528688503
5d4108f447d5c0f35664b94f
p:  107485.2264865086
5d4109131c3faab38564b93d
p:  89268.24397636729
5d41092a1d656a5a0364b98a
p:  198179.41324835087
5d41092dac79733e2564b952
p:  133174.7803389756
5d410932f8538079d564b964
p:  77263.88150459332
5d4109331d656a5a0364b98b
p:  227279.55468835618
5d41094747d5c0f35664b950
p:  152904.42151551595
5d410949f8538079d564b965
p:  110213.68446537637
5d41097d1d656a5a0364b98c
p:  281526.49595571734
5d4109965edd9a13c064b94e
p:  112242.91345479281
5d4109974dbd1be0a064b99d
p:  64193.27266339576
5d4109a2ac79733e2564b955
p:  149597.28830890774
5d4109a847d5c0f35664b951
p:  173273.18847689382
5d4109cf5edd9a13c064b94f
p:  113684.78227526898
5d4109d5ac79733e2564b956
p:  64967.13358808422
5d4109f785dd3bc6af64b961
p:  158023.0199427451
5d4109fdac79733e2564b957
p:  84979.70614208718
5d410a125edd9a13c064b950
p:  86494.27876158619
5d410a21ac79733e2564b958
p:  128196.1841273998
5d410a46ac79733e2564b959
p:  100895.964046985
5d410a715edd9a13c064b951
p:  112337.2337503908
5d410a91ac79733e2564b95b
p:  67026.2131645559
5d410a955edd9a13c064b952
p:  215713.17801529518
5d410ab95edd9a13c064b953
p:  105237.07700714286
5d410adb85dd3bc6af64b963
p:  87502.45737637382
5d410adcac79733e2564b95d
p:  66887.61301810935
5d410b00ac79733e2564b95e
p:  88337.52495002467
5d410b094dbd1be0a064b99e
p:  68203.50920896066
5d410b26a1a2b91e3664b960
p:  79695.44008978702
5d410b4bac79733e2564b960
p:  154570.16234693493
5d410b5fa1a2b91e3664b961
p:  70114.59806990152
5d410b7585dd3bc6af64b965
p:  71469.93474131229
5d410b86f8538079d564b968
p:  77314.41424976026
5d410c3085dd3bc6af64b966
p:  71469.93474131229
5d410c3c8f6c2fc05064b94c
p:  99604.58769668287
5d410c7385dd3bc6af64b967
p:  138406.34075147661
5d410c8eac79733e2564b968
p:  85783.56684502744
5d410c981d656a5a0364b990
p:  275697.8634636124
5d410cb84dbd1be0a064b99f
p:  75068.09127394001
5d410cc385dd3bc6af64b969
p:  97986.7825842379
5d410cd9ac79733e2564b96a
p:  94531.86840892598
5d410cf926959b0e9b64b947
p:  79169.55616284869
5d410d044c0074b67464b98a
p:  120354.73225606255
5d410d0785dd3bc6af64b96a
p:  89114.87755870514
5d410d2526959b0e9b64b948
p:  83229.28941404406
5d410d274c0074b67464b98b
p:  130273.55404421585
5d410d2ca1a2b91e3664b962
p:  60360.310502109205
5d410d81ac79733e2564b96e
p:  93874.46445184958
5d410d9391ab70cb0764b9f0
p:  257775.5779563884
5d410da047d5c0f35664b957
p:  109411.85904774122
5d410da7a1a2b91e3664b963
p:  105379.06364062885
5d410db8ac79733e2564b96f
p:  203896.45242981846
5d410dc1717e72bd5c64b94a
p:  211013.37581804348
5d410defac79733e2564b970
p:  80817.40976258312
5d410e0f4c0074b67464b98c
p:  150901.84565559213
5d410e3d47d5c0f35664b95a
p:  137979.7169061143
5d410e59ac79733e2564b972
p:  78252.16978811412
5d410e6b1c3faab38564b944
p:  236425.2702527881
5d410e73a1a2b91e3664b965
p:  50261.72289850027
5d410e8da1a2b91e3664b966
p:  50261.72289850027
5d410e8e4c0074b67464b98d
p:  143907.73919459953
5d410ea585dd3bc6af64b96b
p:  87574.26970005987
5d410ea58f6c2fc05064b953
p:  127193.53657420646
5d410eb947d5c0f35664b95c
p:  111337.8545028804
5d410edd91ab70cb0764b9f5
p:  284317.57160655037
5d410ee047d5c0f35664b95d
p:  167124.22194251406
5d410efa26959b0e9b64b94a
p:  90723.38172669674
5d410efa85dd3bc6af64b96c
p:  74064.58719663546
5d410efca1a2b91e3664b968
p:  96499.56119905593
5d410f02ac79733e2564b975
p:  100691.07761815641
5d410f0b8f6c2fc05064b956
p:  114678.5917866712
5d410f39ac79733e2564b976
p:  88547.79946966836
5d410f634dbd1be0a064b9a2
p:  89644.05691771719
5d410f70ac79733e2564b977
p:  101963.02428526751
5d410f8085dd3bc6af64b96d
p:  79814.8680015728
5d410f8b1c3faab38564b947
p:  296147.2918719725
5d410faf1d656a5a0364b994
p:  276552.32226835226
5d410fba5edd9a13c064b95e
p:  181549.28291424678
5d4110004dbd1be0a064b9a4
p:  69312.55474448847
5d411013ac79733e2564b97a
p:  79336.61532566766
5d41101a26959b0e9b64b94b
p:  82537.67774351279
5d4110481c3faab38564b94a
p:  87258.16873064755
5d411057a1a2b91e3664b96a
p:  93476.12424174843
5d41107026959b0e9b64b94d
p:  148125.49910946432
5d411080ac79733e2564b97c
p:  73812.22762646223
5d411082f8538079d564b977
p:  78559.08878354279
5d4110aaa1a2b91e3664b96b
p:  92466.98307539852
5d4110b2ac79733e2564b97d
p:  75757.36052381244
5d4110bdf8538079d564b978
p:  165793.20803936082
5d4110d585dd3bc6af64b96e
p:  149118.69996275555
5d4110f04c0074b67464b990
p:  123372.39561550076
5d41112af8538079d564b97a
p:  101220.68735977878
5d4111b8f8538079d564b97c
p:  101220.68735977878
5d4111bd4c0074b67464b992
p:  217258.69575747685
5d4111d626959b0e9b64b94e
p:  91329.76436061373
5d4111d985dd3bc6af64b974
p:  166029.26237756037
5d4111ed717e72bd5c64b959
p:  257785.7579275677
5d4111ef26959b0e9b64b94f
p:  73575.86741781748
5d41121091ab70cb0764b9fc
p:  410720.24415905075
5d41122626959b0e9b64b950
p:  85433.72813617214
5d41129c4c0074b67464b996
p:  154021.9697066745
5d4112b84c0074b67464b997
p:  160829.89464319736
5d4112c091ab70cb0764b9ff
p:  341895.15993285784
5d41130f47d5c0f35664b961
p:  109411.85904774122
5d41130f1c3faab38564b94f
p:  206387.29428651312
5d41132e26959b0e9b64b952
p:  80583.6388651997
5d41137626959b0e9b64b954
p:  190480.57053237304
5d41138a1c3faab38564b950
p:  251238.7885273071
5d4113b15edd9a13c064b965
p:  109645.51605061459
5d4113b226959b0e9b64b956
p:  171943.13634835609
5d4113f14dbd1be0a064b9a7
p:  65496.88873819997
5d41142491ab70cb0764ba01
p:  410720.24415905075
5d41146991ab70cb0764ba02
p:  410720.24415905075
5d41148347d5c0f35664b962
p:  156282.81848993935
5d411491a1a2b91e3664b96c
p:  65056.74666624449
5d4114a5a1a2b91e3664b96d
p:  54329.54896499601
5d4114b15edd9a13c064b968
p:  172237.47624762944
5d4114ca8f6c2fc05064b95f
p:  112131.98364705971
5d4114cc26959b0e9b64b958
p:  71737.85175925864
5d4114e6a1a2b91e3664b96f
p:  50261.72289850027
5d41151347d5c0f35664b963
p:  164690.94146943212
5d4115261c3faab38564b955
p:  56288.41227371481
5d41155c8f6c2fc05064b961
p:  129878.34172366245
5d4115854dbd1be0a064b9a8
p:  64227.52054700085
5d4115c3f8538079d564b980
p:  99777.90263371667
5d4115d6a1a2b91e3664b971
p:  191096.65656985907
5d4115e985dd3bc6af64b979
p:  90878.54884338504
5d4116275edd9a13c064b96e
p:  210229.5761122428
5d411632a1a2b91e3664b972
p:  54852.22155669861
5d4116768f6c2fc05064b963
p:  91875.43873677125
5d4116871c3faab38564b957
p:  95801.04784339778
5d4116c21c3faab38564b958
p:  95801.04784339778
5d4116d24dbd1be0a064b9ab
p:  65454.25761883013
5d41172526959b0e9b64b95e
p:  182015.62262017268
5d41175147d5c0f35664b967
p:  97312.02634934578
5d41175bac79733e2564b98a
p:  125094.78061779197
5d41176691ab70cb0764ba08
p:  337599.8370048352
5d411767d9e9a7b7d764b92d
p:  263554.1350381833
5d4117e84dbd1be0a064b9af
p:  70729.94892873827
5d41180d4dbd1be0a064b9b0
p:  260908.19859126932
5d41182047d5c0f35664b968
p:  105340.3602773145
5d41183285dd3bc6af64b97c
p:  127486.84341473722
5d41183326959b0e9b64b961
p:  77700.50473890518
5d41184147d5c0f35664b969
p:  165338.0220533761
5d4118494dbd1be0a064b9b1
p:  128124.71117039539
5d4118519799d80f0864b974
p:  112480.47059729222
5d41186947d5c0f35664b96b
p:  105005.64384480113
5d41189647d5c0f35664b96c
p:  164525.77512562065
5d4118994c0074b67464b9a5
p:  494113.74234335334
5d41189f91ab70cb0764ba0c
p:  180502.09026862332
5d4118bf47d5c0f35664b96e
p:  159202.99157265638
5d4118cc47d5c0f35664b96f
p:  180937.10913583846
5d4119351c3faab38564b95c
p:  79336.61532566766
5d41193f1d656a5a0364b9a5
p:  323167.2426587655
5d41194dac79733e2564b98e
p:  68278.60775447014
5d4119531c3faab38564b95d
p:  192931.48230627537
5d41195585dd3bc6af64b97e
p:  116787.6607392763
5d411992a1a2b91e3664b975
p:  93476.12424174843
5d4119c0a1a2b91e3664b976
p:  67644.40172433636
5d4119c24dbd1be0a064b9b4
p:  72517.37952759754
5d4119d326959b0e9b64b964
p:  80696.58814405746
5d411a024dbd1be0a064b9b5
p:  106215.44666712637
5d411a1847d5c0f35664b973
p:  116139.09492832422
5d411ac15edd9a13c064b977
p:  284860.9881899047
5d411af75edd9a13c064b979
p:  217963.56577285216
5d411aff85dd3bc6af64b980
p:  236283.64446806326
5d411aff8ca354bc9e64b939
p:  227679.5318235532
5d411b16a1a2b91e3664b97b
p:  76932.76691256456
5d411b3885dd3bc6af64b981
p:  206810.37227186642
5d411b46ac79733e2564b992
p:  78252.16978811412
5d411b55a1a2b91e3664b97d
p:  52268.615491310804
5d411b564dbd1be0a064b9b8
p:  45604.33467822251
5d411b638ca354bc9e64b93b
p:  188392.36561512563
5d411b674c0074b67464b9a9
p:  110015.07140533409
5d411b964c0074b67464b9aa
p:  189701.45463082247
5d411ba78ca354bc9e64b93c
p:  201528.35636373228
5d411bbb47d5c0f35664b977
p:  148079.62668051157
5d411bcb1d656a5a0364b9a9
p:  157340.05382201637
5d411bcb85dd3bc6af64b982
p:  201552.6386804747
5d411c1b8ca354bc9e6