Current date and time: 2020-06-07 15:34:18
Successfully connect to DB.
For ['Barton', 'Cheyenne', 'Clark', 'Decatur', 'Edwards', 'Ellis', 'Finney', 'Ford', 'Gove', 'Graham', 'Grant', 'Gray', 'Greeley', 'Hamilton', 'Haskell', 'Hodgeman', 'Kearny', 'Lane', 'Logan', 'Meade', 'Morton', 'Ness', 'Norton', 'Osborne', 'Pawnee', 'Phillips', 'Rawlins', 'Rooks', 'Rush', 'Russell', 'Scott', 'Seward', 'Sheridan', 'Sherman', 'Smith', 'Stanton', 'Stevens', 'Thomas', 'Trego', 'Wallace', 'Wichita']#################################################################
train score for random_forest: 0.9255137891815456
test score for random_forest: 0.501586368663355
The mean absolute error is:$ 53034.72486806241
r_Score: 0.48480992402470746
Voting Regressor (in): 0.9663020411972948
Voting Regressor: 0.48480992402470746
5d17a244fb6bf97d8975b5f1
p:  95414.32424751681
5d4c799a42104fe74cff5ddf
p:  66455.37885719974
5d4c7a66c07bbc045fff5e46
p:  55157.97345909165
5d4c7ae77668f6cad8ff5d8d
p:  56654.83117020363
5d4c7afd7668f6cad8ff5d8e
p:  63483.70537217562
5d4c7b0742104fe74cff5de1
p:  59512.740370221676
5d4c7b2e42104fe74cff5de2
p:  66498.99219752775
5d4c7d0b42104fe74cff5dea
p:  109190.06241187819
5d4c7d2942104fe74cff5deb
p:  57555.61173625944
5d4c7e5b42104fe74cff5df0
p:  80515.76613475429
5d4c805742104fe74cff5df5
p:  81781.75701681225
5d4c8512c07bbc045fff5e75
p:  99240.22072318032
5d4c8a43afea7002a4ff5d9b
p:  44409.33249090375
5d4c8d85afea7002a4ff5da4
p:  67001.48776234685
5d4c913333c270e547ff5dd9
p:  65760.41609741874
5d4c913e30bede9576ff5f8b
p:  181500.02262258303
5d4c914833c270e547ff5dda
p:  108801.69646990977
5d4c9607b2867ec16cff5e46
p:  71775.71043754845
5d4c9918b2867ec16cff5e49
p:  72775.30939269938
5d4c99589a6f06d7a7ff5e3f
p:  143107.5425560217
5d4c9a7cafea7002a4ff5dcb
p:  97238.37215198501
For ['Brown', 'Clay', 'Cloud', 'Dickinson', 'Ellsworth', 'Geary', 'Jackson', 'Jewell', 'Lincoln', 'Marion', 'Marshall', 'McPherson', 'Mitchell', 'Morris', 'Nemaha', 'Ottawa', 'Pottawatomie', 'Republic', 'Rice', 'Riley', 'Saline', 'Shawnee', 'Wabaunsee', 'Washington']#################################################################
train score for random_forest: 0.9321907530749386
test score for random_forest: 0.5246906721796951
The mean absolute error is:$ 58833.08872792351
r_Score: 0.5400652285769839
Voting Regressor (in): 0.9556898140981301
Voting Regressor: 0.5400652285769839
5d08124f7c1d83daee248b5b
p:  138140.73865497863
5d0d4f92ae78f7f2d314aea0
p:  96812.84637545147
5d0e7e6d2b8f60b82b8f8d03
p:  80839.90358235143
5d26c1f4ddcb4129edeb69d8
p:  247474.3804205833
5d2e481fb39b58f1d2167d33
p:  195127.67084732623
5d477b58acae7a72623cb50a
p:  211675.59592162387
5d4bbcc507918b5fbbff5c67
p:  109727.11026463269
5d4bbcfb07918b5fbbff5c68
p:  121876.76796372916
5d4bc0f9a1117eb7deff5be5
p:  291357.29111961677
5d4bc5c8afea7002a4ff5bf0
p:  72915.65983267252
5d4bc6c0afea7002a4ff5bf1
p:  134424.6763762124
5d4bc6efafea7002a4ff5bf2
p:  70620.84864210007
5d4bc79230bede9576ff5d6f
p:  109764.52130012371
5d4bc8bfafea7002a4ff5bf3
p:  152278.9840313664
5d4bc8deafea7002a4ff5bf4
p:  72915.65983267252
5d4bc95fafea7002a4ff5bf5
p:  100590.02487444502
5d4bc98007918b5fbbff5c84
p:  270300.79199074
5d4bc9a807918b5fbbff5c85
p:  195275.76684746746
5d4bc9be07918b5fbbff5c86
p:  134441.90882158367
5d4bc9c3afea7002a4ff5bf6
p:  63519.80196172721
5d4bc9ffafea7002a4ff5bf7
p:  70609.04627765293
5d4bca3e07918b5fbbff5c8a
p:  192506.75195057708
5d4bca5207918b5fbbff5c8b
p:  187521.33259372902
5d4bcb8107918b5fbbff5c94
p:  137504.94645328238
5d4bcb92442790f05dff5bf4
p:  180613.82125899347
5d4bcc6e07918b5fbbff5c98
p:  156676.70068599563
5d4bccf6442790f05dff5bf5
p:  227844.4279145272
5d4bcd13442790f05dff5bf6
p:  195858.54620041925
5d4bcd9a07918b5fbbff5c99
p:  156053.05285198372
5d4bce9dafea7002a4ff5bfb
p:  153348.60032562946
5d4bcebaafea7002a4ff5bfc
p:  45386.52811647812
5d4bcf1ba1117eb7deff5c03
p:  92529.61865067191
5d4bcf4b07918b5fbbff5c9a
p:  204605.6241832801
5d4bcf7207918b5fbbff5c9b
p:  197407.63738792366
5d4bcffcd55b60dae8ff5c03
p:  207330.56702616817
5d4bd014442790f05dff5bf9
p:  159124.49656540528
5d4bd02107918b5fbbff5ca0
p:  210256.12896510086
5d4bd034d55b60dae8ff5c05
p:  380191.182299103
5d4bd09807918b5fbbff5ca1
p:  311294.98863125336
5d4bd0a907918b5fbbff5ca2
p:  199544.34752381005
5d4bd0b6d55b60dae8ff5c09
p:  219485.27945655416
5d4bd0cb07918b5fbbff5ca3
p:  164060.6087638219
5d4bd0fe42104fe74cff5c04
p:  105452.18990758347
5d4bd17a42104fe74cff5c05
p:  105452.18990758347
5d4bd197afea7002a4ff5c01
p:  259262.29259980103
5d4bd19907918b5fbbff5ca4
p:  139966.29015763095
5d4bd1ab42104fe74cff5c06
p:  105452.18990758347
5d4bd1c007918b5fbbff5ca6
p:  187160.10813684683
5d4bd1d742104fe74cff5c07
p:  105452.18990758347
5d4bd1fc42104fe74cff5c08
p:  165915.05994088497
5d4bd22642104fe74cff5c09
p:  46146.02471095625
5d4bd24542104fe74cff5c0a
p:  188566.31244295632
5d4bd26142104fe74cff5c0b
p:  98210.80168172528
5d4bd2ba07918b5fbbff5cac
p:  159151.1173085058
5d4bd2c407918b5fbbff5cad
p:  143071.03233526865
5d4bd34342104fe74cff5c0f
p:  105452.18990758347
5d4bd35442104fe74cff5c10
p:  159212.44238928508
5d4bd36242104fe74cff5c11
p:  100020.40359801007
5d4bd37542104fe74cff5c12
p:  105452.18990758347
5d4bd37d07918b5fbbff5cb3
p:  146279.4888095659
5d4bd3a207918b5fbbff5cb4
p:  609230.3215096735
5d4bd3c807918b5fbbff5cb5
p:  207318.54641648429
5d4bd3ee07918b5fbbff5cb6
p:  206897.9601637143
5d4bd43242104fe74cff5c13
p:  145222.70423629484
5d4bd4c7afea7002a4ff5c04
p:  98840.5227587322
5d4bd4d507918b5fbbff5cbd
p:  391183.0144600178
5d4bd4e642104fe74cff5c15
p:  105452.18990758347
5d4bd4fb07918b5fbbff5cbe
p:  291189.4535104389
5d4bd52107918b5fbbff5cbf
p:  154488.8994226512
5d4bd52eafea7002a4ff5c05
p:  560319.866388609
5d4bd52e42104fe74cff5c17
p:  97796.41477323198
5d4bd5de42104fe74cff5c1a
p:  105452.18990758347
5d4bd5de07918b5fbbff5cc4
p:  183457.62129616673
5d4bd627442790f05dff5c09
p:  265525.52581795224
5d4bd62a07918b5fbbff5cc6
p:  181070.2509932487
5d4bd64f07918b5fbbff5cc7
p:  135366.54466273164
5d4bd660afea7002a4ff5c07
p:  143906.90794660035
5d4bd664442790f05dff5c0a
p:  258849.29705037383
5d4bd6ab442790f05dff5c0b
p:  258849.29705037383
5d4bd6dfafea7002a4ff5c08
p:  153493.9516871749
5d4bd6fc30bede9576ff5d90
p:  118105.41580886437
5d4bd72dafea7002a4ff5c09
p:  92524.79025177922
5d4bd72f07918b5fbbff5ccd
p:  154488.8994226512
5d4bd73a42104fe74cff5c1b
p:  100020.40359801007
5d4bd75042104fe74cff5c1c
p:  111634.02859634055
5d4bd776afea7002a4ff5c0a
p:  165406.58426323507
5d4bd792afea7002a4ff5c0b
p:  92524.79025177922
5d4bd7b5442790f05dff5c0e
p:  191495.0977194267
5d4bd7bcafea7002a4ff5c0c
p:  81301.98356635802
5d4bd7d207918b5fbbff5cd1
p:  147075.1286987845
5d4bd7efafea7002a4ff5c0d
p:  161739.76064110128
5d4bd7f807918b5fbbff5cd2
p:  163409.06095468812
5d4bd88142104fe74cff5c1d
p:  74626.7805134003
5d4bd89e07918b5fbbff5cd6
p:  183457.62129616673
5d4bd8ab42104fe74cff5c1e
p:  165915.05994088497
5d4bd8b207918b5fbbff5cd7
p:  156200.25981518242
5d4bd8b3afea7002a4ff5c0f
p:  169897.38944664036
5d4bd8cdafea7002a4ff5c10
p:  70609.04627765293
5d4bd8d942104fe74cff5c1f
p:  165915.05994088497
5d4bd90942104fe74cff5c20
p:  108334.67242236156
5d4bd912d55b60dae8ff5c2f
p:  67199.55397960189
5d4bd92e07918b5fbbff5cda
p:  163409.06095468812
5d4bd93542104fe74cff5c21
p:  178654.92513942096
5d4bd95707918b5fbbff5cdb
p:  156676.70068599563
5d4bd95d442790f05dff5c13
p:  159359.31846178405
5d4bd96507918b5fbbff5cdc
p:  609230.3215096735
5d4bd98242104fe74cff5c23
p:  105452.18990758347
5d4bd99bafea7002a4ff5c13
p:  84715.6144174145
5d4bd9b042104fe74cff5c24
p:  165915.05994088497
5d4bd9daafea7002a4ff5c14
p:  52448.85790553082
5d4bd9e9afea7002a4ff5c15
p:  81301.98356635802
5d4bd9ff07918b5fbbff5cde
p:  395289.69239095855
5d4bda3807918b5fbbff5ce0
p:  200915.78616638127
5d4bda9fafea7002a4ff5c17
p:  132758.38479648513
5d4bda9f07918b5fbbff5ce3
p:  187190.44615436858
5d4bdab5afea7002a4ff5c18
p:  183881.5418843247
5d4bdb0a30bede9576ff5d98
p:  175027.86427134965
5d4bdb4f30bede9576ff5d9a
p:  153014.29005259965
5d4bdc1042104fe74cff5c27
p:  105452.18990758347
5d4bdc2f42104fe74cff5c28
p:  165915.05994088497
5d4bdc4630bede9576ff5d9b
p:  175027.86427134965
5d4bdc6aafea7002a4ff5c1b
p:  81301.98356635802
5d4bdc7642104fe74cff5c29
p:  105452.18990758347
5d4bdca4afea7002a4ff5c1c
p:  169897.38944664036
5d4bdcab42104fe74cff5c2a
p:  148636.77869088497
5d4bdcba30bede9576ff5d9d
p:  122982.67679117195
5d4bdcc242104fe74cff5c2b
p:  100020.40359801007
5d4bdccfafea7002a4ff5c1d
p:  110045.94301944325
5d4bdd23afea7002a4ff5c1e
p:  159169.90852761545
5d4bddadb2867ec16cff5c32
p:  152261.04507586776
5d4bddc942104fe74cff5c2c
p:  120969.48721922722
5d4bddfc07918b5fbbff5ce9
p:  152084.1562829378
5d4bde1207918b5fbbff5cea
p:  161354.019693508
5d4bde2007918b5fbbff5ceb
p:  178420.23812034662
5d4bdeb042104fe74cff5c2e
p:  118931.07648196531
5d4bdedda1117eb7deff5c27
p:  41633.68443705668
5d4bdef5a1117eb7deff5c28
p:  68278.54024807934
5d4bdf0507918b5fbbff5ced
p:  181447.56426755153
5d4bdf2507918b5fbbff5cee
p:  283777.7013331892
5d4bdf71a1117eb7deff5c2a
p:  231812.2199338445
5d4bdfe007918b5fbbff5cf0
p:  116795.41270510165
5d4be01107918b5fbbff5cf1
p:  234655.7247039936
5d4be02ba1117eb7deff5c2c
p:  72336.60338041642
5d4be0397668f6cad8ff5c42
p:  179766.48960624012
5d4be03bd55b60dae8ff5c43
p:  143765.4912136777
5d4be043a1117eb7deff5c2d
p:  108731.45946881882
5d4be05242104fe74cff5c35
p:  60266.736025934515
5d4be06a442790f05dff5c29
p:  214112.29659127246
5d4be084afea7002a4ff5c1f
p:  152369.73510502896
5d4be0a342104fe74cff5c37
p:  40089.721913175104
5d4be0a3c07bbc045fff5c27
p:  83055.81791932513
5d4be0a8442790f05dff5c2a
p:  193748.58466833516
5d4be0d4442790f05dff5c2b
p:  259314.15786669828
5d4be0d59a6f06d7a7ff5c4d
p:  55566.62917740669
5d4be0ddafea7002a4ff5c20
p:  104243.0433088654
5d4be0ee9a6f06d7a7ff5c4e
p:  112838.60420944831
5d4be0fdd55b60dae8ff5c44
p:  60595.80697246479
5d4be124afea7002a4ff5c22
p:  210831.71911598617
5d4be14442104fe74cff5c3b
p:  59933.66415660928
5d4be161d55b60dae8ff5c46
p:  86748.70707798988
5d4be18c9a6f06d7a7ff5c4f
p:  61746.453185345395
5d4be1b307918b5fbbff5cf3
p:  143188.43898381852
5d4be1be9a6f06d7a7ff5c50
p:  57308.99768180938
5d4be1f3a1117eb7deff5c31
p:  73814.99581868266
5d4be1f707918b5fbbff5cf4
p:  395289.69239095855
5d4be29242104fe74cff5c43
p:  67722.7606813446
5d4be297b2867ec16cff5c3a
p:  62095.53465800085
5d4be2a8442790f05dff5c2d
p:  133931.0099485765
5d4be2bfa1117eb7deff5c33
p:  68481.26002702175
5d4be2c7c07bbc045fff5c2b
p:  83055.81791932513
5d4be2cf442790f05dff5c2e
p:  235240.06748314854
5d4be2e1b2867ec16cff5c3b
p:  83246.27260773373
5d4be2efc07bbc045fff5c2c
p:  83055.81791932513
5d4be30c42104fe74cff5c46
p:  59176.1704803389
5d4be335a1117eb7deff5c35
p:  68478.19734864251
5d4be36eb2867ec16cff5c3d
p:  70797.50484725556
5d4be3a0442790f05dff5c31
p:  223955.16495328618
5d4be3d542104fe74cff5c4b
p:  61845.20202750611
5d4be3e007918b5fbbff5cf6
p:  158585.6216378397
5d4be41cafea7002a4ff5c23
p:  63654.29288837267
5d4be42642104fe74cff5c4d
p:  58250.185327351464
5d4be44e42104fe74cff5c4e
p:  51781.69179226468
5d4be4a2442790f05dff5c33
p:  304448.2006392951
5d4be4a79a6f06d7a7ff5c52
p:  61746.453185345395
5d4be4e107918b5fbbff5cfa
p:  159151.1173085058
5d4be5529a6f06d7a7ff5c55
p:  75345.33209780065
5d4be59fa1117eb7deff5c3b
p:  46313.972060956454
5d4be5bb42104fe74cff5c57
p:  59176.1704803389
5d4be5cfa1117eb7deff5c3c
p:  125962.01515457712
5d4be5e242104fe74cff5c58
p:  41167.79089261029
5d4be60cafea7002a4ff5c24
p:  72504.67807052877
5d4be617a1117eb7deff5c3d
p:  73375.6556639448
5d4be6239a6f06d7a7ff5c59
p:  56413.90144359409
5d4be644c07bbc045fff5c31
p:  83055.81791932513
5d4be65e42104fe74cff5c5b
p:  56040.04831061062
5d4be666a1117eb7deff5c3e
p:  36680.73476818174
5d4be68642104fe74cff5c5c
p:  64577.04175949519
5d4be69d07918b5fbbff5cfb
p:  194629.4202491349
5d4be69f9a6f06d7a7ff5c5c
p:  37577.94742652937
5d4be6a79a6f06d7a7ff5c5d
p:  137560.4108684189
5d4be6cb7668f6cad8ff5c50
p:  108636.22244490133
5d4be6d4a1117eb7deff5c40
p:  76856.04322347367
5d4be72642104fe74cff5c60
p:  61659.32971481884
5d4be73aa1117eb7deff5c43
p:  123844.38552322642
5d4be74307918b5fbbff5cfd
p:  169087.93365571887
5d4be74e42104fe74cff5c61
p:  273253.1086509113
5d4be76e442790f05dff5c35
p:  225453.78290668252
5d4be77007918b5fbbff5cfe
p:  169916.19090436533
5d4be7c742104fe74cff5c64
p:  69469.59813871626
5d4be8059a6f06d7a7ff5c5f
p:  62612.3343113405
5d4be808d55b60dae8ff5c4c
p:  105073.17226817882
5d4be81ca1117eb7deff5c45
p:  57793.15167972665
5d4be84a07918b5fbbff5cff
p:  147309.60783110856
5d4be874b2867ec16cff5c42
p:  54137.56663486126
5d4be88fb2867ec16cff5c43
p:  56112.7955134635
5d4be8c2a1117eb7deff5c47
p:  55348.64615827927
5d4be8d507918b5fbbff5d01
p:  166522.12941598028
5d4be8e207918b5fbbff5d02
p:  166522.12941598028
5d4be8e4442790f05dff5c39
p:  208887.828164002
5d4be9204872c9003bff5c53
p:  81582.64355826893
5d4be92dafea7002a4ff5c2a
p:  214426.2290544817
5d4be9aab2867ec16cff5c47
p:  82416.92863308615
5d4be9bb4872c9003bff5c58
p:  135825.32851867564
5d4be9d24872c9003bff5c59
p:  130117.26767057531
5d4bea094872c9003bff5c5c
p:  65791.96486773144
5d4bea1ab2867ec16cff5c48
p:  59097.068768137244
5d4bea2107918b5fbbff5d07
p:  201069.89785617724
5d4bea384872c9003bff5c5e
p:  99355.58949470049
5d4bea66a1117eb7deff5c4a
p:  84117.14751189726
5d4bea904872c9003bff5c63
p:  62745.48282725172
5d4beaa1a1117eb7deff5c4b
p:  102559.23468483565
5d4beaa94872c9003bff5c65
p:  156009.3468729899
5d4beabcb2867ec16cff5c49
p:  41583.72791326459
5d4beabd4872c9003bff5c66
p:  164694.8352795231
5d4beb089a6f06d7a7ff5c62
p:  63235.893375862615
5d4beb27d55b60dae8ff5c51
p:  83349.55777343299
5d4beb2807918b5fbbff5d09
p:  116728.945142468
5d4beb3f4872c9003bff5c6e
p:  165882.79146320003
5d4beb44d55b60dae8ff5c52
p:  50616.422535522805
5d4beb669a6f06d7a7ff5c63
p:  62751.19708453151
5d4bebc8442790f05dff5c3d
p:  207415.31932294788
5d4bec179a6f06d7a7ff5c64
p:  92505.14434505338
5d4bec35afea7002a4ff5c2f
p:  181715.34309824812
5d4bec4fa1117eb7deff5c4d
p:  81598.85811416814
5d4bec5b9a6f06d7a7ff5c65
p:  107521.89699521582
5d4bec8da1117eb7deff5c4e
p:  226014.16768273164
5d4becbf4872c9003bff5c79
p:  137569.5332955753
5d4bed3aa1117eb7deff5c52
p:  53510.93583643272
5d4bede7442790f05dff5c44
p:  319458.9173592558
5d4bedefb2867ec16cff5c52
p:  47627.073097821325
5d4bee209a6f06d7a7ff5c6c
p:  100042.28106926873
5d4bee82442790f05dff5c45
p:  131119.28018513066
5d4bee99afea7002a4ff5c31
p:  128405.69176588123
5d4beeceafea7002a4ff5c32
p:  158076.71928890032
5d4beee107918b5fbbff5d10
p:  148620.10846619715
5d4beef4afea7002a4ff5c33
p:  109932.35433300343
5d4bef14afea7002a4ff5c34
p:  128405.69176588123
5d4bef4aa1117eb7deff5c54
p:  61437.29148188468
5d4bef61afea7002a4ff5c36
p:  136091.310257652
5d4bef89442790f05dff5c48
p:  153666.50708354884
5d4bef96afea7002a4ff5c37
p:  250371.31182735023
5d4beff830bede9576ff5dc3
p:  74873.91660950586
5d4bf008afea7002a4ff5c38
p:  250371.31182735023
5d4bf0319a6f06d7a7ff5c71
p:  64045.17159164417
5d4bf05030bede9576ff5dc5
p:  128857.37368181022
5d4bf0af9a6f06d7a7ff5c72
p:  48069.082881528
5d4bf0c7442790f05dff5c4c
p:  180393.10065202106
5d4bf188afea7002a4ff5c3c
p:  85655.36141651876
5d4bf1acafea7002a4ff5c3d
p:  406275.95894522447
5d4bf1ceafea7002a4ff5c3e
p:  136502.97790694452
5d4bf1fcafea7002a4ff5c3f
p:  123287.20010435207
5d4bf225afea7002a4ff5c40
p:  119112.67629288622
5d4bf22b4872c9003bff5c7d
p:  109254.06046166245
5d4bf264afea7002a4ff5c41
p:  230089.86160843898
5d4bf2ffafea7002a4ff5c43
p:  141975.81669389142
5d4bf31b9a6f06d7a7ff5c76
p:  58950.840305555925
5d4bf33d07918b5fbbff5d1a
p:  210139.32427359975
5d4bf34a442790f05dff5c50
p:  179601.58250290528
5d4bf37807918b5fbbff5d1b
p:  131804.5158990912
5d4bf3799a6f06d7a7ff5c77
p:  74910.41255532074
5d4bf388afea7002a4ff5c45
p:  85904.46818057276
5d4bf39607918b5fbbff5d1c
p:  447200.5556451471
5d4bf3bcafea7002a4ff5c46
p:  64274.42058140104
5d4bf3ca4872c9003bff5c7e
p:  109254.06046166245
5d4bf3ef442790f05dff5c51
p:  122173.74856112339
5d4bf3efafea7002a4ff5c47
p:  109932.35433300343
5d4bf43b4872c9003bff5c7f
p:  135825.32851867564
5d4bf45f9a6f06d7a7ff5c7b
p:  56731.75578684463
5d4bf4cc7668f6cad8ff5c65
p:  57952.269121016165
5d4bf4f77668f6cad8ff5c66
p:  148861.245725139
5d4bf53a07918b5fbbff5d20
p:  281388.97498014284
5d4bf5574872c9003bff5c80
p:  193491.84760620436
5d4bf56a4872c9003bff5c81
p:  109254.06046166245
5d4bf5d807918b5fbbff5d24
p:  311294.98863125336
5d4bf6034872c9003bff5c82
p:  135825.32851867564
5d4bf6eb07918b5fbbff5d26
p:  198254.60813105246
5d4bf6feafea7002a4ff5c4c
p:  140255.40326633782
5d4bf7124872c9003bff5c89
p:  215813.9997625078
5d4bf71507918b5fbbff5d27
p:  114899.15398049634
5d4bf7af4872c9003bff5c8d
p:  109254.06046166245
5d4bf7b07668f6cad8ff5c6c
p:  64080.83043119596
5d4bf7d64872c9003bff5c8e
p:  109254.06046166245
5d4bf7fd4872c9003bff5c8f
p:  122355.53706887824
5d4bf839afea7002a4ff5c4e
p:  78019.60185202508
5d4bf87a4872c9003bff5c92
p:  109254.06046166245
5d4bf8fb07918b5fbbff5d2b
p:  146007.8085090879
5d4bf957afea7002a4ff5c52
p:  190983.68386670953
5d4bf96aafea7002a4ff5c53
p:  109932.35433300343
5d4bf9894872c9003bff5c9b
p:  130094.46963027724
5d4bf9b14872c9003bff5c9c
p:  202000.39920235326
5d4bf9d87668f6cad8ff5c70
p:  52833.186467698215
5d4bfabaafea7002a4ff5c54
p:  55820.23310212736
5d4bfb9fa1117eb7deff5c65
p:  65731.20287563044
5d4bfbd4a1117eb7deff5c66
p:  53641.844013981674
5d4bfc8707918b5fbbff5d30
p:  145167.39320540824
5d4bfccd07918b5fbbff5d32
p:  143588.34166455522
5d4bfd0607918b5fbbff5d34
p:  132612.70941895508
5d4bfd1f442790f05dff5c6d
p:  199361.96570249027
5d4bfd5707918b5fbbff5d37
p:  218531.24108648748
5d4bfda5442790f05dff5c6f
p:  153666.50708354884
5d4bff1807918b5fbbff5d3b
p:  201628.24420916213
5d4bff5807918b5fbbff5d3c
p:  217249.8547976692
5d4bffe907918b5fbbff5d3f
p:  162664.28289727075
5d4c000c442790f05dff5c75
p:  180613.82125899347
5d4c005007918b5fbbff5d40
p:  311294.98863125336
5d4c006bafea7002a4ff5c5c
p:  153397.04006844052
5d4c007c07918b5fbbff5d42
p:  191129.53090495634
5d4c00b007918b5fbbff5d43
p:  168168.4818244451
5d4c00c707918b5fbbff5d44
p:  283777.7013331892
5d4c00e4442790f05dff5c76
p:  180613.82125899347
5d4c00e507918b5fbbff5d45
p:  283777.7013331892
5d4c00f507918b5fbbff5d46
p:  241626.33153775855
5d4c010507918b5fbbff5d47
p:  229525.9927240119
5d4c011507918b5fbbff5d48
p:  169414.62892500986
5d4c012507918b5fbbff5d49
p:  158833.32172702125
5d4c013bafea7002a4ff5c5f
p:  85904.46818057276
5d4c017f442790f05dff5c78
p:  174437.7966026785
5d4c0195442790f05dff5c79
p:  288287.4098322339
5d4c01e407918b5fbbff5d4b
p:  204147.04994561255
5d4c0207afea7002a4ff5c60
p:  84990.82646184806
5d4c035aafea7002a4ff5c64
p:  155417.5281770565
5d4c041807918b5fbbff5d53
p:  130321.06118708517
5d4c042107918b5fbbff5d54
p:  143892.65451150422
5d4c0434afea7002a4ff5c66
p:  134128.15616509196
5d4c043b07918b5fbbff5d55
p:  332384.81459064275
5d4c04a9442790f05dff5c80
p:  163259.74770661097
5d4c05ae07918b5fbbff5d5a
p:  311294.98863125336
5d4c05c507918b5fbbff5d5b
p:  283777.7013331892
5d4c05ddafea7002a4ff5c69
p:  74797.92353731969
5d4c061c07918b5fbbff5d5f
p:  268856.2020585185
5d4c064807918b5fbbff5d60
p:  150904.91636764273
5d4c07cd442790f05dff5c85
p:  158352.89649841015
5d4c087307918b5fbbff5d61
p:  270239.94178883126
5d4c08f1afea7002a4ff5c6e
p:  138317.01142298838
5d4c09b907918b5fbbff5d62
p:  211259.53381401615
5d4c0a0307918b5fbbff5d64
p:  172717.56699486542
5d4c0a1507918b5fbbff5d65
p:  167772.4522186391
5d4c0b5e07918b5fbbff5d6a
p:  166522.12941598028
5d4c0b6a07918b5fbbff5d6b
p:  395289.69239095855
5d4c0c87afea7002a4ff5c73
p:  104239.27341360383
5d4c0d0d07918b5fbbff5d6e
p:  255915.09846138218
5d4c0d2807918b5fbbff5d6f
p:  150904.91636764273
5d4c0ddcafea7002a4ff5c75
p:  185170.03601826582
5d4c0de5c07bbc045fff5c7a
p:  88871.78871933333
5d4c0fb6afea7002a4ff5c76
p:  223781.43786598617
5d4c0fed07918b5fbbff5d73
p:  160794.96183937404
5d4c106c07918b5fbbff5d76
p:  188555.92612715543
5d4c10d7afea7002a4ff5c77
p:  158979.77395745556
5d4c110bafea7002a4ff5c78
p:  70609.04627765293
5d4c11a4afea7002a4ff5c79
p:  61168.55356141869
5d4c11ca07918b5fbbff5d77
p:  167164.838117377
5d4c11faafea7002a4ff5c7a
p:  170475.0597994533
5d4c13b5afea7002a4ff5c80
p:  70891.2458755381
5d4c13e9afea7002a4ff5c81
p:  70609.04627765293
5d4c142fafea7002a4ff5c84
p:  65429.08180753339
5d4c14d007918b5fbbff5d78
p:  164407.58996908815
5d4c14d8afea7002a4ff5c87
p:  128993.44659049594
5d4c1507afea7002a4ff5c88
p:  85904.46818057276
5d4c152dafea7002a4ff5c89
p:  135337.19203785065
5d4c156fafea7002a4ff5c8c
p:  85880.96818057276
5d4c15d007918b5fbbff5d79
p:  365491.7207082319
5d4c17d0afea7002a4ff5c94
p:  145024.01027593086
5d4c1812afea7002a4ff5c97
p:  121016.64060110383
5d4c182fafea7002a4ff5c98
p:  142362.12643639176
5d4c19d4c07bbc045fff5c98
p:  200643.11648081793
5d4c1ab407918b5fbbff5d88
p:  395289.69239095855
5d4c1af807918b5fbbff5d89
p:  199236.1459610714
5d4c1b24afea7002a4ff5c9f
p:  104598.87299903404
5d4c1c3dafea7002a4ff5ca4
p:  193755.2315801272
5d4c1ceb07918b5fbbff5d8b
p:  176139.38037349563
5d4c1e8c07918b5fbbff5d8d
p:  160152.36831398826
5d4c1ee807918b5fbbff5d8e
p:  174831.2638542729
5d4c1f6f07918b5fbbff5d8f
p:  311294.98863125336
5d4c1fe9afea7002a4ff5cab
p:  97301.95335996838
5d4c210607918b5fbbff5d90
p:  153288.43647381425
5d4c214907918b5fbbff5d91
p:  195982.20546571186
5d4c217207918b5fbbff5d92
p:  145263.5621889498
5d4c219107918b5fbbff5d93
p:  261423.20388924214
5d4c219f07918b5fbbff5d94
p:  145251.89021431532
5d4c222407918b5fbbff5d96
p:  205476.92238190756
5d4c224d07918b5fbbff5d97
p:  209303.49035743653
5d4c228907918b5fbbff5d98
p:  395289.69239095855
5d4c2290afea7002a4ff5cb0
p:  85880.96818057276
5d4c238d07918b5fbbff5d99
p:  196843.16774146416
5d4c23c007918b5fbbff5d9a
p:  165540.98242038433
5d4c23cf07918b5fbbff5d9b
p:  143588.34166455522
5d4c240207918b5fbbff5d9c
p:  241626.33153775855
5d4c243b07918b5fbbff5d9d
p:  131744.86935766495
5d4c246107918b5fbbff5d9e
p:  311294.98863125336
5d4c24b007918b5fbbff5d9f
p:  285272.88375568937
5d4c252907918b5fbbff5da0
p:  132311.33159474118
5d4c255007918b5fbbff5da1
p:  148007.53796207177
5d4c265307918b5fbbff5da2
p:  291189.4535104389
5d4c269607918b5fbbff5da3
p:  205432.32516812108
5d4c26de07918b5fbbff5da4
p:  395289.69239095855
5d4c273707918b5fbbff5da5
p:  182940.68353895383
5d4c2a1407918b5fbbff5da7
p:  195275.76684746746
5d4c2b4e442790f05dff5cd8
p:  75367.7418346638
5d4c2b9207918b5fbbff5da9
p:  122359.26347643533
5d4c2bc807918b5fbbff5daa
p:  360952.8457082319
5d4c62ed07918b5fbbff5e36
p:  138225.03069681377
5d4c63b807918b5fbbff5e3a
p:  82823.184802208
5d4c63ef7668f6cad8ff5d57
p:  75513.9111105096
5d4c644f7668f6cad8ff5d58
p:  132589.89046040733
5d4c64b407918b5fbbff5e40
p:  89145.83136218315
5d4c64f8b2867ec16cff5d9a
p:  283107.22552835295
5d4c652bb2867ec16cff5d9e
p:  84536.9574180602
5d4c653cb2867ec16cff5d9f
p:  283419.2392335221
5d4c655fb2867ec16cff5da1
p:  74479.90121113845
5d4c6569b2867ec16cff5da2
p:  94128.70350358036
5d4c6574b2867ec16cff5da3
p:  211394.94138366042
5d4c658cb2867ec16cff5da5
p:  239728.34875650055
5d4c659507918b5fbbff5e45
p:  93590.60883551484
5d4c65b0b2867ec16cff5da8
p:  105098.69593209989
5d4c65bbb2867ec16cff5da9
p:  220779.68374331805
5d4c65bf07918b5fbbff5e46
p:  91445.70501703562
5d4c65eeb2867ec16cff5dad
p:  134388.93792696245
5d4c661307918b5fbbff5e48
p:  91168.42030077298
5d4c666607918b5fbbff5e4a
p:  75598.69788210448
5d4c668e07918b5fbbff5e4b
p:  99642.8983083042
5d4c66df07918b5fbbff5e4d
p:  109566.12944522081
5d4c675d07918b5fbbff5e50
p:  134493.8613553757
5d4c678607918b5fbbff5e51
p:  143379.3782811535
5d4c67af07918b5fbbff5e52
p:  234924.60106877657
5d4c67d807918b5fbbff5e53
p:  74031.89147206355
5d4c67f333c270e547ff5d7e
p:  85333.10352073534
5d4c685933c270e547ff5d81
p:  87694.5524722914
5d4c687e07918b5fbbff5e57
p:  80717.66914085356
5d4c68ca33c270e547ff5d83
p:  144962.84671369387
5d4c68f807918b5fbbff5e5a
p:  77415.63340131639
5d4c69b907918b5fbbff5e5c
p:  97387.73024275596
5d4c69e307918b5fbbff5e5d
p:  76657.50778165524
5d4c6a5807918b5fbbff5e5e
p:  160769.21610107936
5d4c6a7c07918b5fbbff5e5f
p:  91390.04142197272
5d4c6b3ad55b60dae8ff5d85
p:  64324.89506310849
5d4c6e347668f6cad8ff5d6c
p:  251162.02360453806
5d4c6fa6afea7002a4ff5d5c
p:  71597.92544037996
5d4c6fbeafea7002a4ff5d5d
p:  52740.92659115967
5d4c712dd55b60dae8ff5d8b
p:  224158.9758999123
5d4c71b7c07bbc045fff5dc9
p:  148115.24039482532
5d4c7259b2867ec16cff5dcf
p:  243470.09731157805
5d4c796407918b5fbbff5e81
p:  102263.55103836009
5d4c7f264872c9003bff5e34
p:  45500.80856373677
5d4c827407918b5fbbff5e8e
p:  90604.88237227296
5d4c833407918b5fbbff5e8f
p:  108242.36403952466
5d4c838407918b5fbbff5e90
p:  85074.50449993633
5d4c851707918b5fbbff5e92
p:  115322.68645060586
5d4c8dc107918b5fbbff5ea5
p:  91684.45101079639
5d4c8f7807918b5fbbff5ea8
p:  95794.04495393924
5d4c9c3b07918b5fbbff5ec5
p:  267701.6738291948
For ['Barber', 'Butler', 'Chase', 'Comanche', 'Cowley', 'Harper', 'Harvey', 'Kingman', 'Kiowa', 'Lyon', 'Pratt', 'Reno', 'Sedgwick', 'Stafford', 'Sumner']#################################################################
train score for random_forest: 0.9542065730633763
test score for random_forest: 0.73538511205711
The mean absolute error is:$ 57641.96143676309
r_Score: 0.749607269912787
Voting Regressor (in): 0.9705739306171681
Voting Regressor: 0.749607269912787
5d0b61c2f12fac82e26efb87
p:  187347.01764538512
5d0e7f4e19f56a0d5b8f8d1e
p:  78964.6324531126
5d0e907d2b8f60b82b8f8d4e
p:  72653.60905381068
5d0e9b5c2b8f60b82b8f8d74
p:  74372.49029625431
5d1c58b30a1cbc8e6fefbcbb
p:  225479.52136619028
5d2ad20447cfe46363877abb
p:  49892.64361427354
5d38dfccdd2d94d3c8b03c99
p:  225828.08185276462
5d3e91ef2c3a06b7a107b629
p:  118942.25348099471
5d442abf0c2b93cba458ade5
p:  144063.13271416427
5d4c0ca0b2867ec16cff5ca7
p:  80381.97354299306
5d4c0cc9b2867ec16cff5ca8
p:  74003.84738315627
5d4c0d0fb2867ec16cff5ca9
p:  68513.77300034594
5d4c12bbd55b60dae8ff5cb5
p:  49500.806903666016
5d4c1445b2867ec16cff5cbb
p:  61562.18723625727
5d4c14d3d55b60dae8ff5cbb
p:  109465.8744602823
5d4c15997668f6cad8ff5c9f
p:  268849.77416174795
5d4c16327668f6cad8ff5ca1
p:  147218.12086397526
5d4c16ab7668f6cad8ff5ca2
p:  172603.28562979575
5d4c17047668f6cad8ff5ca3
p:  244095.77819732993
5d4c172db2867ec16cff5cc9
p:  91969.18677069189
5d4c178f442790f05dff5ca1
p:  78889.15429194129
5d4c180230bede9576ff5e4d
p:  65104.79453361264
5d4c18717668f6cad8ff5ca7
p:  652145.3959267954
5d4c18ce442790f05dff5cab
p:  127794.14046229795
5d4c192f442790f05dff5caf
p:  157522.1394712597
5d4c19edd55b60dae8ff5cc4
p:  57079.639461122446
5d4c1a02d55b60dae8ff5cc5
p:  191094.6659451081
5d4c1a42d55b60dae8ff5cc6
p:  29864.017907417576
5d4c1bb342104fe74cff5ce5
p:  84708.54465327959
5d4c1bdfc07bbc045fff5ca4
p:  89920.38096397324
5d4c1d8a42104fe74cff5ceb
p:  61891.12287031903
5d4c1d9542104fe74cff5cec
p:  84462.08887680802
5d4c1e7a33c270e547ff5cb8
p:  151658.67978417294
5d4c1eab33c270e547ff5cb9
p:  231616.97489753662
5d4c1efa42104fe74cff5cf4
p:  59909.787708923584
5d4c1f5b42104fe74cff5cf7
p:  90976.14931306917
5d4c1f5dc07bbc045fff5ca7
p:  89343.30806631118
5d4c1f7a442790f05dff5cbe
p:  88817.39880041957
5d4c1f82c07bbc045fff5ca8
p:  284994.42917754594
5d4c1fa642104fe74cff5cfa
p:  85115.55328197515
5d4c1fce33c270e547ff5cc0
p:  171638.76962792294
5d4c1ff7c07bbc045fff5ca9
p:  188161.9427709718
5d4c200c442790f05dff5cc0
p:  78948.89005001725
5d4c206cb2867ec16cff5cdd
p:  138907.97096357762
5d4c20c89a6f06d7a7ff5cec
p:  82747.22740697142
5d4c20d133c270e547ff5cc6
p:  85388.55847961604
5d4c20fa33c270e547ff5cc7
p:  121226.23995615629
5d4c212533c270e547ff5cc8
p:  84163.0990665447
5d4c216230bede9576ff5e6c
p:  115019.28850320866
5d4c217042104fe74cff5cff
p:  75010.10481263752
5d4c218742104fe74cff5d00
p:  79133.58812200467
5d4c21b87668f6cad8ff5cb1
p:  233246.70016337937
5d4c224142104fe74cff5d0a
p:  67955.50328037114
5d4c225433c270e547ff5cd1
p:  73498.45759862472
5d4c226842104fe74cff5d0c
p:  114232.12715406396
5d4c22c333c270e547ff5cd5
p:  79942.6723619366
5d4c22e97668f6cad8ff5cb2
p:  237171.64266010938
5d4c22f5c07bbc045fff5cad
p:  224363.68990421627
5d4c23087668f6cad8ff5cb4
p:  244095.77819732993
5d4c23177668f6cad8ff5cb5
p:  247030.14615534584
5d4c23357668f6cad8ff5cb6
p:  408513.95358012844
5d4c23737668f6cad8ff5cb9
p:  229869.80344184808
5d4c23917668f6cad8ff5cbc
p:  141025.94362629027
5d4c23997668f6cad8ff5cbd
p:  244095.77819732993
5d4c23a27668f6cad8ff5cbe
p:  481160.1962257613
5d4c23db7668f6cad8ff5cbf
p:  459062.1533247783
5d4c247030bede9576ff5e71
p:  119097.90518536922
5d4c24e4c07bbc045fff5caf
p:  178381.04052902613
5d4c25017668f6cad8ff5cc7
p:  74150.12669397637
5d4c25769a6f06d7a7ff5cfb
p:  63119.156573662
5d4c25d79a6f06d7a7ff5d00
p:  120494.5439713207
5d4c25e19a6f06d7a7ff5d01
p:  120494.5439713207
5d4c26699a6f06d7a7ff5d08
p:  242711.7497820956
5d4c26a933c270e547ff5ce0
p:  55143.923361713736
5d4c26d433c270e547ff5ce1
p:  68353.69902612586
5d4c274db2867ec16cff5cee
p:  112271.98915767943
5d4c27b4c07bbc045fff5cb2
p:  129743.9726399776
5d4c280ec07bbc045fff5cb3
p:  110183.29682937892
5d4c28c230bede9576ff5e84
p:  127393.21075362682
5d4c28d6b2867ec16cff5cf2
p:  90907.78060433627
5d4c293f30bede9576ff5e86
p:  96525.65410026319
5d4c2a629a6f06d7a7ff5d20
p:  87090.55740148854
5d4c2a8ac07bbc045fff5cb5
p:  170729.80217330623
5d4c2c1fd55b60dae8ff5cf5
p:  95050.32815111507
5d4c2c2f9a6f06d7a7ff5d25
p:  63404.76969033072
5d4c2c4333c270e547ff5cfb
p:  105610.41278790095
5d4c2c649a6f06d7a7ff5d26
p:  68980.12551935922
5d4c2c6b33c270e547ff5cfe
p:  132212.31941750745
5d4c2cf833c270e547ff5d01
p:  73489.57505656744
5d4c2d5633c270e547ff5d03
p:  145796.33771581552
5d4c2d6e33c270e547ff5d04
p:  168571.39268272277
5d4c2dc49a6f06d7a7ff5d27
p:  86576.32207869805
5d4c2df64872c9003bff5d71
p:  73084.41701830857
5d4c2e529a6f06d7a7ff5d2a
p:  61663.824679681406
5d4c2e794872c9003bff5d72
p:  71181.52621730723
5d4c2ea84872c9003bff5d73
p:  107175.94934579068
5d4c2ef533c270e547ff5d05
p:  172345.7329497793
5d4c2f4433c270e547ff5d07
p:  136164.01514132522
5d4c2f4e9a6f06d7a7ff5d2d
p:  74595.77601615395
5d4c2f7533c270e547ff5d08
p:  189688.7113827066
5d4c2fb99a6f06d7a7ff5d2f
p:  67768.06191559938
5d4c2fb942104fe74cff5d2d
p:  44316.354226498486
5d4c30e607918b5fbbff5db5
p:  68245.43537025752
5d4c31129a6f06d7a7ff5d34
p:  74530.66650609349
5d4c316430bede9576ff5e97
p:  285545.37551485
5d4c31a74872c9003bff5d7f
p:  58523.04495922693
5d4c31b7c07bbc045fff5cbe
p:  155925.81267149327
5d4c31cb9a6f06d7a7ff5d38
p:  62463.57096035088
5d4c3242d55b60dae8ff5d0d
p:  124698.43755293131
5d4c3273d55b60dae8ff5d0f
p:  227769.20137712333
5d4c3282afea7002a4ff5ce4
p:  94471.90853869147
5d4c32a5afea7002a4ff5ce5
p:  124826.83992783132
5d4c33bbafea7002a4ff5ce8
p:  63631.86416996036
5d4c33c07668f6cad8ff5cea
p:  76533.06822772724
5d4c3443afea7002a4ff5ce9
p:  73211.95541890245
5d4c344907918b5fbbff5dba
p:  55860.57949889199
5d4c34b8442790f05dff5ce5
p:  141417.671278972
5d4c34de30bede9576ff5e9d
p:  254536.99002374397
5d4c3510c07bbc045fff5cc5
p:  87241.06824480034
5d4c351230bede9576ff5e9e
p:  213810.04056279632
5d4c3575afea7002a4ff5cec
p:  101229.91151617677
5d4c35cc442790f05dff5ce8
p:  190698.09610605674
5d4c35da442790f05dff5ce9
p:  117526.1870187787
5d4c35e3afea7002a4ff5cee
p:  63235.37269134417
5d4c3612c07bbc045fff5cca
p:  128798.01096845641
5d4c3615afea7002a4ff5cef
p:  71106.44830727749
5d4c365db2867ec16cff5d1e
p:  145384.59601975628
5d4c3685afea7002a4ff5cf1
p:  115622.89228591358
5d4c3696d55b60dae8ff5d15
p:  263854.9934471957
5d4c36a730bede9576ff5ea3
p:  167308.59574116115
5d4c376133c270e547ff5d17
p:  77449.3758634594
5d4c384933c270e547ff5d1a
p:  90499.24161734064
5d4c38614872c9003bff5d8c
p:  95914.60384932514
5d4c3862442790f05dff5cef
p:  185675.7976393039
5d4c3886442790f05dff5cf0
p:  192416.88526456984
5d4c38bdc07bbc045fff5cd4
p:  90214.61219494176
5d4c38df33c270e547ff5d1b
p:  82032.3663239076
5d4c38eb442790f05dff5cf3
p:  177334.8357855024
5d4c393333c270e547ff5d1c
p:  154779.17427991502
5d4c393ed55b60dae8ff5d18
p:  78954.67820371108
5d4c3968afea7002a4ff5cf7
p:  58273.50091754319
5d4c39c3442790f05dff5cf5
p:  157888.62898268778
5d4c3a3fd55b60dae8ff5d1b
p:  200365.17847779248
5d4c3a567668f6cad8ff5cf4
p:  449752.19826318615
5d4c3a584872c9003bff5d92
p:  189153.22441706288
5d4c3a7bd55b60dae8ff5d1c
p:  227383.94123487966
5d4c3a7cafea7002a4ff5cfa
p:  57138.81727338374
5d4c3a82442790f05dff5cf6
p:  60393.29379781182
5d4c3aa7afea7002a4ff5cfb
p:  76862.53635874641
5d4c3ad04872c9003bff5d95
p:  204505.82865396817
5d4c3ae5afea7002a4ff5cfc
p:  65393.335381913406
5d4c3af830bede9576ff5eb2
p:  189323.59651438642
5d4c3b56c07bbc045fff5cd8
p:  231664.12986364952
5d4c3b65d55b60dae8ff5d1e
p:  218811.0029904426
5d4c3bc84872c9003bff5d98
p:  163450.18215344552
5d4c3bec442790f05dff5cf7
p:  91735.95692940638
5d4c3c5a4872c9003bff5d9a
p:  146874.26563266665
5d4c3c5aafea7002a4ff5cfe
p:  118070.07298154722
5d4c3c6833c270e547ff5d20
p:  143106.86912426818
5d4c3c6b30bede9576ff5eb6
p:  300506.7860452371
5d4c3c829a6f06d7a7ff5d4b
p:  74595.77601615395
5d4c3c8a33c270e547ff5d21
p:  110090.75150387583
5d4c3c9cafea7002a4ff5cff
p:  130490.80117691035
5d4c3c9e442790f05dff5cf8
p:  68725.0259854069
5d4c3cc533c270e547ff5d22
p:  54253.36862836184
5d4c3d0fc07bbc045fff5cdd
p:  177811.72886424954
5d4c3d78442790f05dff5cfa
p:  69344.4326427603
5d4c3d7eb2867ec16cff5d33
p:  82553.94776871694
5d4c3dcc442790f05dff5cfb
p:  162978.733380378
5d4c3dcf4872c9003bff5d9d
p:  146876.7529679546
5d4c3de833c270e547ff5d23
p:  149225.45798066197
5d4c3dfbb2867ec16cff5d37
p:  189850.9918902593
5d4c3e0833c270e547ff5d24
p:  75288.95231355139
5d4c3e2e33c270e547ff5d25
p:  76382.29116206829
5d4c3e3bb2867ec16cff5d39
p:  142553.4045842492
5d4c3e58b2867ec16cff5d3a
p:  175622.90075328262
5d4c3e7533c270e547ff5d26
p:  209206.46445314065
5d4c3e82b2867ec16cff5d3b
p:  189850.9918902593
5d4c3e96d55b60dae8ff5d22
p:  326533.919030295
5d4c3ea3b2867ec16cff5d3c
p:  142553.4045842492
5d4c3eb6afea7002a4ff5d02
p:  61121.160705920745
5d4c3ebb442790f05dff5cff
p:  144126.43038493505
5d4c3fa4442790f05dff5d01
p:  162359.0235121457
5d4c3fd8d55b60dae8ff5d26
p:  265549.1927952776
5d4c400f442790f05dff5d03
p:  102873.01616363671
5d4c4089d55b60dae8ff5d29
p:  249415.56841806465
5d4c40d807918b5fbbff5df8
p:  65177.091619009254
5d4c40e5442790f05dff5d04
p:  61705.559026371855
5d4c40fa42104fe74cff5d59
p:  48744.156611964776
5d4c410e07918b5fbbff5df9
p:  82779.20551942784
5d4c411a442790f05dff5d05
p:  134930.41160107855
5d4c413fafea7002a4ff5d05
p:  57715.25900035423
5d4c4143d55b60dae8ff5d2c
p:  248140.17024295434
5d4c418007918b5fbbff5dfa
p:  120394.28503452124
5d4c41aad55b60dae8ff5d2d
p:  179512.59553975036
5d4c41b133c270e547ff5d2b
p:  162658.70827435565
5d4c41dad55b60dae8ff5d2e
p:  270585.63594809227
5d4c41dc33c270e547ff5d2c
p:  175750.47458236472
5d4c41f333c270e547ff5d2d
p:  120806.12825694532
5d4c42124872c9003bff5da4
p:  68845.7935384557
5d4c421a442790f05dff5d08
p:  154861.49751814478
5d4c423d07918b5fbbff5dfd
p:  57855.62191823214
5d4c4265442790f05dff5d09
p:  145018.1790342321
5d4c4280442790f05dff5d0a
p:  114823.93560667188
5d4c429033c270e547ff5d2e
p:  195251.63676918138
5d4c4292b2867ec16cff5d48
p:  157871.41249463032
5d4c4313afea7002a4ff5d08
p:  101229.91151617677
5d4c432007918b5fbbff5dfe
p:  73818.88402316335
5d4c43354872c9003bff5da5
p:  132209.15737022005
5d4c433e42104fe74cff5d5c
p:  46562.02575055054
5d4c435407918b5fbbff5dff
p:  56571.78136734899
5d4c4363442790f05dff5d0b
p:  233723.52109629853
5d4c43784872c9003bff5da6
p:  64219.516654188585
5d4c4385afea7002a4ff5d09
p:  113978.46188694585
5d4c438733c270e547ff5d31
p:  278462.29614602996
5d4c43ac4872c9003bff5da7
p:  58555.003161915985
5d4c43c242104fe74cff5d5d
p:  42496.4736903118
5d4c43d307918b5fbbff5e01
p:  49211.339777529676
5d4c43f39a6f06d7a7ff5d5c
p:  67605.36317112263
5d4c440633c270e547ff5d34
p:  137916.44730939032
5d4c441a42104fe74cff5d5f
p:  40118.952086844605
5d4c44204872c9003bff5daa
p:  69878.72569370005
5d4c442e07918b5fbbff5e02
p:  68981.31107054302
5d4c445833c270e547ff5d35
p:  82032.3663239076
5d4c4463afea7002a4ff5d0c
p:  77714.93920687483
5d4c448e33c270e547ff5d36
p:  286309.2404635283
5d4c44ac4872c9003bff5dac
p:  68204.02576398535
5d4c44d142104fe74cff5d60
p:  58293.671544338766
5d4c44d3afea7002a4ff5d0e
p:  73862.8762027046
5d4c44f94872c9003bff5dad
p:  74065.91576105091
5d4c44f933c270e547ff5d37
p:  95075.44467660284
5d4c456f42104fe74cff5d63
p:  46562.02575055054
5d4c457a33c270e547ff5d39
p:  62260.30083526598
5d4c45e1b2867ec16cff5d4c
p:  73671.58764583315
5d4c45f007918b5fbbff5e05
p:  63154.01184810643
5d4c45f742104fe74cff5d64
p:  35353.63173222802
5d4c460f4872c9003bff5daf
p:  99384.43758012867
5d4c463db2867ec16cff5d4d
p:  59426.779850806735
5d4c466842104fe74cff5d66
p:  39355.73440522896
5d4c467b442790f05dff5d12
p:  147171.69524540825
5d4c46b69a6f06d7a7ff5d64
p:  57608.825964331714
5d4c46c4442790f05dff5d14
p:  177334.8357855024
5d4c47094872c9003bff5db0
p:  48641.09941656731
5d4c472842104fe74cff5d67
p:  40108.99456592496
5d4c474c42104fe74cff5d68
p:  88961.1534986177
5d4c477e442790f05dff5d18
p:  423198.95414611517
5d4c47839a6f06d7a7ff5d65
p:  116276.09705602768
5d4c47b2b2867ec16cff5d4e
p:  153323.92916538555
5d4c48029a6f06d7a7ff5d66
p:  39615.178200811606
5d4c481942104fe74cff5d6d
p:  77796.66209646789
5d4c484e9a6f06d7a7ff5d68
p:  75951.20503023305
5d4c48759a6f06d7a7ff5d69
p:  68506.07218632472
5d4c489c4872c9003bff5db5
p:  69549.93449456681
5d4c48abafea7002a4ff5d14
p:  341840.1887483346
5d4c4929b2867ec16cff5d52
p:  113676.71178526932
5d4c494207918b5fbbff5e08
p:  64394.58824892115
5d4c497b07918b5fbbff5e09
p:  59530.7513673241
5d4c4a20b2867ec16cff5d55
p:  148860.20679396938
5d4c4a244872c9003bff5db6
p:  49730.88542992665
5d4c4a3a33c270e547ff5d3c
p:  154633.73835440655
5d4c4a7ab2867ec16cff5d57
p:  73509.85725643598
5d4c4a9eb2867ec16cff5d58
p:  77569.62595261683
5d4c4aedc07bbc045fff5d15
p:  147307.4206139475
5d4c4af3b2867ec16cff5d5a
p:  175358.97532515158
5d4c4afcc07bbc045fff5d16
p:  193423.43315081485
5d4c4b15b2867ec16cff5d5b
p:  179875.52869637066
5d4c4b28c07bbc045fff5d19
p:  42358.64276877162
5d4c4b34c07bbc045fff5d1a
p:  81251.40179202301
5d4c4b4dc07bbc045fff5d1c
p:  62252.42148662178
5d4c4b59b2867ec16cff5d5d
p:  57026.92660999512
5d4c4b76c07bbc045fff5d1f
p:  74833.03154001273
5d4c4b82c07bbc045fff5d20
p:  90535.49696503516
5d4c4b9bb2867ec16cff5d5f
p:  64407.80371927605
5d4c4bb1c07bbc045fff5d23
p:  73874.43869368122
5d4c4bc233c270e547ff5d3f
p:  80865.42704316809
5d4c4bfec07bbc045fff5d28
p:  62666.747130396696
5d4c4c0cc07bbc045fff5d29
p:  53966.616463540115
5d4c4c1bc07bbc045fff5d2a
p:  59342.31561942866
5d4c4c78c07bbc045fff5d30
p:  48636.72788308901
5d4c4c957668f6cad8ff5d1c
p:  114491.07230060684
5d4c4c974872c9003bff5dbb
p:  68604.6872022174
5d4c4cb0c07bbc045fff5d34
p:  91470.5999885387
5d4c4ccb07918b5fbbff5e0e
p:  71694.62995808639
5d4c4cd9afea7002a4ff5d17
p:  121483.09282777463
5d4c4ce5afea7002a4ff5d18
p:  53770.4739150802
5d4c4cf7c07bbc045fff5d39
p:  74300.05433336449
5d4c4d49c07bbc045fff5d3f
p:  93153.60871574571
5d4c4d64c07bbc045fff5d41
p:  47912.54835457826
5d4c4d7633c270e547ff5d43
p:  81382.18934712952
5d4c4d8ac07bbc045fff5d44
p:  51558.93535827199
5d4c4db24872c9003bff5dbd
p:  60473.741098087914
5d4c4dbbb2867ec16cff5d62
p:  169942.43789033603
5d4c4dce07918b5fbbff5e0f
p:  81750.72605549634
5d4c4de84872c9003bff5dbe
p:  75042.84413287984
5d4c4df807918b5fbbff5e10
p:  62998.407858476305
5d4c4e107668f6cad8ff5d1e
p:  58613.2949854852
5d4c4e35c07bbc045fff5d4b
p:  146347.24510767145
5d4c4e839a6f06d7a7ff5d75
p:  56059.40900230213
5d4c4ea54872c9003bff5dbf
p:  74804.68558423562
5d4c4eb407918b5fbbff5e12
p:  127125.99188300007
5d4c4f039a6f06d7a7ff5d78
p:  81084.94526254522
5d4c4f209a6f06d7a7ff5d79
p:  57146.308984310475
5d4c4f2e4872c9003bff5dc1
p:  66801.4199690009
5d4c4f31b2867ec16cff5d66
p:  191202.9766158089
5d4c4f497668f6cad8ff5d21
p:  73167.98073029323
5d4c4f6d4872c9003bff5dc2
p:  67252.13658446039
5d4c4fc74872c9003bff5dc4
p:  54614.45230927953
5d4c4fcbb2867ec16cff5d68
p:  152404.5513293829
5d4c4ff17668f6cad8ff5d22
p:  70907.35312124154
5d4c4ff3b2867ec16cff5d69
p:  149032.1408050875
5d4c503c07918b5fbbff5e17
p:  42816.533631334445
5d4c5058442790f05dff5d24
p:  156580.3672621457
5d4c50627668f6cad8ff5d24
p:  64586.868122137086
5d4c50bb7668f6cad8ff5d26
p:  78174.64636371983
5d4c50e707918b5fbbff5e19
p:  60486.29031290629
5d4c50e87668f6cad8ff5d27
p:  84139.6846198944
5d4c50f9afea7002a4ff5d21
p:  217849.11027628102
5d4c5101442790f05dff5d25
p:  146755.36152504117
5d4c51334872c9003bff5dc8
p:  78309.67369383539
5d4c5195d55b60dae8ff5d50
p:  219869.87166009378
5d4c51ad7668f6cad8ff5d2b
p:  85911.57197319416
5d4c51c3d55b60dae8ff5d51
p:  258024.34522685065
5d4c51e4d55b60dae8ff5d52
p:  174279.13957899562
5d4c520033c270e547ff5d4f
p:  56416.02498169466
5d4c52219a6f06d7a7ff5d7f
p:  77254.7833104801
5d4c52237668f6cad8ff5d2c
p:  60280.87965189619
5d4c52567668f6cad8ff5d2d
p:  85911.57197319416
5d4c52c87668f6cad8ff5d2e
p:  176393.7791535582
5d4c52dfd55b60dae8ff5d54
p:  194241.95900492388
5d4c52f3442790f05dff5d29
p:  197171.49782288517
5d4c530bafea7002a4ff5d28
p:  62473.71304362354
5d4c53697668f6cad8ff5d30
p:  74372.49029625431
5d4c5398d55b60dae8ff5d55
p:  228102.12744513858
5d4c53b2afea7002a4ff5d2a
p:  82131.93974814645
5d4c53c7b2867ec16cff5d6c
p:  96643.3053376791
5d4c53cf4872c9003bff5dcd
p:  68604.6872022174
5d4c53e4442790f05dff5d2f
p:  67030.83667734473
5d4c53e57668f6cad8ff5d32
p:  64586.868122137086
5d4c53efb2867ec16cff5d6d
p:  136204.1689458246
5d4c5405afea7002a4ff5d2e
p:  57744.33128886333
5d4c542a07918b5fbbff5e1d
p:  85654.31096904897
5d4c54317668f6cad8ff5d33
p:  68865.34477453695
5d4c54bd4872c9003bff5dce
p:  57441.35906757038
5d4c54cc42104fe74cff5d7d
p:  200298.30404733962
5d4c55247668f6cad8ff5d37
p:  71001.22241059187
5d4c553f442790f05dff5d31
p:  125879.41268758994
5d4c5558afea7002a4ff5d34
p:  161522.66564188915
5d4c557207918b5fbbff5e20
p:  43468.16363642489
5d4c5583d55b60dae8ff5d58
p:  150572.15542707965
5d4c55e5afea7002a4ff5d37
p:  57505.43167894527
5d4c560842104fe74cff5d82
p:  129936.56807866605
5d4c5613d55b60dae8ff5d59
p:  167799.91368512332
5d4c56aed55b60dae8ff5d5c
p:  178486.49887619377
5d4c56d9afea7002a4ff5d38
p:  82014.12356414655
5d4c581a7668f6cad8ff5d3d
p:  65557.29704484013
5d4c59037668f6cad8ff5d3e
p:  85911.57197319416
5d4c59977668f6cad8ff5d40
p:  83989.64678223513
5d4c59d59a6f06d7a7ff5d8d
p:  235013.98564476642
5d4c5a2b442790f05dff5d39
p:  288554.21038945584
5d4c5a487668f6cad8ff5d42
p:  55520.658405880946
5d4c5a8442104fe74cff5d87
p:  233230.74687084596
5d4c5b4842104fe74cff5d88
p:  197848.8974804204
5d4c5b61442790f05dff5d3d
p:  198554.3014301805
5d4c5c1db2867ec16cff5d7d
p:  155869.90465419786
5d4c5c439a6f06d7a7ff5d92
p:  341761.60766842903
5d4c5c4f07918b5fbbff5e2c
p:  71876.44545498009
5d4c5d7b42104fe74cff5d8e
p:  277723.2114081509
5d4c5d7c442790f05dff5d43
p:  156605.26829447842
5d4c5da742104fe74cff5d8f
p:  277723.2114081509
5d4c5df0442790f05dff5d44
p:  156605.26829447842
5d4c5f899a6f06d7a7ff5d98
p:  539754.4802285279
5d4c60ae42104fe74cff5d98
p:  212896.291347334
5d4c613bb2867ec16cff5d8d
p:  57026.92660999512
5d4c61dc42104fe74cff5d9e
p:  223703.6866846814
5d4c6264442790f05dff5d4e
p:  311676.16861211543
5d4c626b42104fe74cff5da0
p:  195394.5888854855
5d4c655c9a6f06d7a7ff5da3
p:  275386.5721382557
5d4c6668afea7002a4ff5d49
p:  168029.9864626317
5d4c6c5f42104fe74cff5daf
p:  220069.5286757811
5d4c6cb99a6f06d7a7ff5daf
p:  214257.8053651221
5d4c6f9142104fe74cff5dbc
p:  202778.53842233962
5d4c7832442790f05dff5d7d
p:  60041.7344250767
5d4c78c5d55b60dae8ff5d9e
p:  78739.0646924407
5d4c7922442790f05dff5d81
p:  124901.50893471634
5d4c7944c07bbc045fff5e2d
p:  48445.457608276774
5d4c7948442790f05dff5d82
p:  117939.5494500519
5d4c7980442790f05dff5d83
p:  66856.19345955887
5d4c7989c07bbc045fff5e34
p:  43916.55479855134
5d4c79ab442790f05dff5d84
p:  68366.32183702703
5d4c79ded55b60dae8ff5da2
p:  61151.808835497155
5d4c7d20442790f05dff5d88
p:  82983.264403987
5d4c7dac442790f05dff5d8b
p:  65690.70116979524
5d4c7e38442790f05dff5d8d
p:  68090.9882601852
5d4c7ee3442790f05dff5d8f
p:  44740.69568928948
5d4c80f9442790f05dff5d91
p:  63407.9775661427
5d4c819a442790f05dff5d94
p:  57845.333655318056
5d4c8212d55b60dae8ff5dbc
p:  210800.92797554005
5d4c8409d55b60dae8ff5dbf
p:  128984.97983988834
5d4c8613d55b60dae8ff5dc6
p:  68167.44118662174
5d4c88d3442790f05dff5da6
p:  50967.25677291258
5d4c89cbd55b60dae8ff5ddd
p:  47254.276909501656
5d4c8a4b442790f05dff5db1
p:  43569.02536000923
5d4c8c0ed55b60dae8ff5de4
p:  113456.08418255662
For ['Allen', 'Bourbon', 'Chautauqua', 'Cherokee', 'Crawford', 'Elk', 'Greenwood', 'Labette', 'Montgomery', 'Neosho', 'Wilson', 'Woodson']#################################################################
train score for random_forest: 0.9151349767965634
test score for random_forest: 0.3439854586467965
The mean absolute error is:$ 62000.16341387668
r_Score: 0.33224107243880163
Voting Regressor (in): 0.9671723328489857
Voting Regressor: 0.33224107243880163
5d3e8e7bbd7b3d656007b648
p:  86379.77526628882
5d4bf4a633c270e547ff5c66
p:  73928.56543423166
5d4bf85f42104fe74cff5c8e
p:  64543.339552371
5d4bfb94b2867ec16cff5c75
p:  53127.78488152553
5d4bfc0fb2867ec16cff5c79
p:  53145.62329904209
5d4c01274872c9003bff5cc4
p:  84101.97856902046
5d4c036f4872c9003bff5cc9
p:  46879.64227519772
5d4c03954872c9003bff5cca
p:  73414.1765970553
5d4c042030bede9576ff5df0
p:  105303.16465726792
5d4c04754872c9003bff5cd0
p:  45545.813728870875
5d4c049b4872c9003bff5cd1
p:  63175.2609419897
5d4c04c04872c9003bff5cd2
p:  87538.8325552924
5d4c04e64872c9003bff5cd3
p:  27153.94338094938
5d4c05d84872c9003bff5cdb
p:  45768.712029544586
5d4c062c4872c9003bff5cdd
p:  63175.2609419897
5d4c06534872c9003bff5cde
p:  58974.84360041336
5d4c073a4872c9003bff5ce3
p:  71858.76178109119
5d4c07964872c9003bff5ce6
p:  90782.67472965569
5d4c07ce4872c9003bff5ce8
p:  51042.717318393465
5d4c07e24872c9003bff5ce9
p:  46143.41709360805
5d4c08094872c9003bff5cea
p:  46059.407525552626
5d4c080d9a6f06d7a7ff5cb0
p:  46309.81073755819
5d4c08864872c9003bff5ced
p:  46158.53689732871
5d4c08c04872c9003bff5cef
p:  41476.47435290359
5d4c08e74872c9003bff5cf0
p:  47203.59118912826
5d4c09f74872c9003bff5cf8
p:  27153.94338094938
5d4c0b744872c9003bff5d03
p:  101002.70319269787
5d4c0f514872c9003bff5d1f
p:  67009.50081109881
5d4c11134872c9003bff5d2a
p:  67009.50081109881
5d4c5de4c07bbc045fff5d5f
p:  30410.603737544734
5d4c605dc07bbc045fff5d6b
p:  310117.97689089546
5d4c6140c07bbc045fff5d71
p:  16942.456843873904
5d4c6165c07bbc045fff5d72
p:  35916.64282069862
For ['Anderson', 'Atchison', 'Coffey', 'Doniphan', 'Douglas', 'Franklin', 'Jefferson', 'Johnson', 'Leavenworth', 'Linn', 'Miami', 'Osage', 'Wyandotte']#################################################################
train score for random_forest: 0.9507130501394312
test score for random_forest: 0.6004194194784904
The mean absolute error is:$ 112044.53891783203
r_Score: 0.6245071685760009
Voting Regressor (in): 0.9636489599739696
Voting Regressor: 0.6245071685760007
5d0d521643207cb60914aebf
p:  75579.50479864703
5d0e793645ebd0b4c32fcefa
p:  234071.07108185758
5d0e858945ebd0b4c32fcf4d
p:  98276.93886764388
5d19b81ea22b896835d02ed4
p:  257391.55060370424
5d1be6557e6c493d59458879
p:  240959.07836348255
5d2b7bbd47cfe46363877bdb
p:  328610.0258403708
5d2e4581b39b58f1d2167d32
p:  275059.3833437448
5d3e819ebd7b3d656007b627
p:  228203.51450133242
5d4b8018afea7002a4ff5b3b
p:  178314.28665340744
5d4b80357668f6cad8ff5b3b
p:  441017.4827335615
5d4b807030bede9576ff5b3c
p:  200047.60786127907
5d4b80a530bede9576ff5b3d
p:  210740.7248146355
5d4b80d530bede9576ff5b3e
p:  375968.24466697965
5d4b80feafea7002a4ff5b3c
p:  143071.39668326455
5d4b812d442790f05dff5b3d
p:  466721.53241626726
5d4b8155c07bbc045fff5b3e
p:  466721.53241626726
5d4b815bb2867ec16cff5b3f
p:  296918.832527274
5d4b816fb2867ec16cff5b40
p:  133360.85555889993
5d4b81b642104fe74cff5b3d
p:  133469.12161536093
5d4b81c907918b5fbbff5b40
p:  221462.69797918896
5d4b81d7442790f05dff5b40
p:  266375.54288074176
5d4b81e730bede9576ff5b40
p:  282239.8940097422
5d4b821730bede9576ff5b41
p:  163294.4583852769
5d4b82714872c9003bff5b42
p:  405961.97056402103
5d4b829f4872c9003bff5b43
p:  260518.24702965032
5d4b83024872c9003bff5b44
p:  212316.64322751245
5d4b835e4872c9003bff5b45
p:  145805.4189687734
5d4b83da33c270e547ff5b46
p:  244241.40309223745
5d4b83ff9a6f06d7a7ff5b47
p:  103854.801595238
5d4b842ad55b60dae8ff5b3f
p:  1075644.9390486863
5d4b843e30bede9576ff5b48
p:  126246.12476965858
5d4b848930bede9576ff5b49
p:  159483.59671449297
5d4b84b530bede9576ff5b4a
p:  215596.47057455475
5d4b84bfb2867ec16cff5b4b
p:  282416.6669472349
5d4b84c0d55b60dae8ff5b42
p:  271785.5933095496
5d4b8508d55b60dae8ff5b43
p:  181234.91730306705
5d4b850a30bede9576ff5b4b
p:  292283.4582405368
5d4b852a9a6f06d7a7ff5b4d
p:  136951.139623839
5d4b854130bede9576ff5b4c
p:  161508.95653144628
5d4b855f7668f6cad8ff5b42
p:  119636.70510641122
5d4b858830bede9576ff5b4d
p:  210052.89661079203
5d4b85a6edc73cc88eff5b48
p:  202736.14708604972
5d4b85c8edc73cc88eff5b49
p:  126008.35197123521
5d4b85df30bede9576ff5b50
p:  270860.44449334545
5d4b85e830bede9576ff5b51
p:  210740.7248146355
5d4b85feedc73cc88eff5b4a
p:  193091.053857885
5d4b861630bede9576ff5b52
p:  251179.14039258752
5d4b861ac07bbc045fff5b4e
p:  197820.4443509087
5d4b863633c270e547ff5b4b
p:  161657.68650559813
5d4b863a9a6f06d7a7ff5b50
p:  105699.93345114842
5d4b865dedc73cc88eff5b4d
p:  182549.58090109882
5d4b8666d55b60dae8ff5b46
p:  223963.43617838196
5d4b86a3d55b60dae8ff5b47
p:  276270.22092217323
5d4b86dcc07bbc045fff5b50
p:  207706.7259589291
5d4b86f5c07bbc045fff5b51
p:  190857.3851287393
5d4b871e7668f6cad8ff5b44
p:  236885.02669324173
5d4b873cedc73cc88eff5b4e
p:  210775.43430610653
5d4b873c7668f6cad8ff5b45
p:  196050.24959356256
5d4b875730bede9576ff5b53
p:  200047.60786127907
5d4b877e9a6f06d7a7ff5b53
p:  118270.26985207832
5d4b87979a6f06d7a7ff5b54
p:  181319.10051906173
5d4b879a30bede9576ff5b54
p:  210740.7248146355
5d4b879cafea7002a4ff5b46
p:  201086.06520710827
5d4b87c49a6f06d7a7ff5b55
p:  323157.59051717096
5d4b87c97668f6cad8ff5b47
p:  153637.339892981
5d4b882307918b5fbbff5b53
p:  189414.4363097435
5d4b883742104fe74cff5b4a
p:  365254.0018710961
5d4b885fedc73cc88eff5b53
p:  183701.41024531212
5d4b8875c07bbc045fff5b55
p:  103963.27675083707
5d4b8894d55b60dae8ff5b49
p:  185888.35726141313
5d4b88b3edc73cc88eff5b55
p:  345873.0371616506
5d4b88c9d55b60dae8ff5b4b
p:  213247.84477548065
5d4b88daedc73cc88eff5b56
p:  294468.63517868053
5d4b88dd7668f6cad8ff5b49
p:  181080.8843174779
5d4b88e330bede9576ff5b57
p:  200047.60786127907
5d4b88ed30bede9576ff5b58
p:  262266.1664200316
5d4b88f4d55b60dae8ff5b4c
p:  132046.57300634732
5d4b88f97668f6cad8ff5b4a
p:  120734.49798461587
5d4b89059a6f06d7a7ff5b57
p:  199911.839364403
5d4b890bd55b60dae8ff5b4d
p:  181234.91730306705
5d4b8918edc73cc88eff5b58
p:  193091.053857885
5d4b892ac07bbc045fff5b58
p:  281076.1770738517
5d4b894042104fe74cff5b4d
p:  259024.57499891747
5d4b8949edc73cc88eff5b59
p:  193091.053857885
5d4b89a99a6f06d7a7ff5b59
p:  101614.15750749425
5d4b89dc7668f6cad8ff5b4c
p:  132403.25324895117
5d4b89f8d55b60dae8ff5b4e
p:  125512.80362080956
5d4b8a20d55b60dae8ff5b4f
p:  225137.35424886108
5d4b8a47d55b60dae8ff5b50
p:  228267.39819932217
5d4b8a717668f6cad8ff5b4e
p:  95489.41979261997
5d4b8a72d55b60dae8ff5b52
p:  155818.1127769186
5d4b8a80d55b60dae8ff5b53
p:  126498.40568180791
5d4b8a8a30bede9576ff5b59
p:  199796.59584068198
5d4b8a9e7668f6cad8ff5b4f
p:  215824.6973960346
5d4b8ac6d55b60dae8ff5b55
p:  269383.8288728356
5d4b8ae330bede9576ff5b5b
p:  175859.40145030094
5d4b8aeed55b60dae8ff5b56
p:  152518.33814611685
5d4b8b77edc73cc88eff5b5c
p:  225579.88252340973
5d4b8c53d55b60dae8ff5b59
p:  194588.3375443999
5d4b8c7430bede9576ff5b60
p:  261183.89936831323
5d4b8c75afea7002a4ff5b50
p:  201086.06520710827
5d4b8c7d9a6f06d7a7ff5b5c
p:  100796.39163679405
5d4b8c8bedc73cc88eff5b5f
p:  184388.96129014884
5d4b8cced55b60dae8ff5b5a
p:  98276.93886764388
5d4b8cd733c270e547ff5b5b
p:  154515.47511060914
5d4b8ce530bede9576ff5b61
p:  277687.684203821
5d4b8cf0edc73cc88eff5b60
p:  126008.35197123521
5d4b8cf4d55b60dae8ff5b5b
p:  138908.39042728225
5d4b8d0f9a6f06d7a7ff5b5e
p:  159723.59742561143
5d4b8d1f7668f6cad8ff5b54
p:  119690.98602846406
5d4b8d3730bede9576ff5b62
p:  200047.60786127907
5d4b8d3a9a6f06d7a7ff5b60
p:  119981.86078020468
5d4b8d4d9a6f06d7a7ff5b61
p:  119996.64879148529
5d4b8d617668f6cad8ff5b56
p:  122871.48874279555
5d4b8d71d55b60dae8ff5b5c
p:  131888.67610813343
5d4b8da27668f6cad8ff5b58
p:  119690.98602846406
5d4b8da9b2867ec16cff5b64
p:  409014.1304881555
5d4b8db9d55b60dae8ff5b5d
p:  128526.62839823269
5d4b8dd7d55b60dae8ff5b5e
p:  219618.16226919502
5d4b8de07668f6cad8ff5b5a
p:  148940.6346873744
5d4b8dee30bede9576ff5b64
p:  210740.7248146355
5d4b8e2c30bede9576ff5b65
p:  261183.89936831323
5d4b8e5530bede9576ff5b66
p:  241776.02122795803
5d4b8e604872c9003bff5b5f
p:  296389.7439052466
5d4b8e917668f6cad8ff5b5f
p:  120734.49798461587
5d4b8eebc07bbc045fff5b62
p:  139327.83938250644
5d4b8f327668f6cad8ff5b64
p:  130071.68009858088
5d4b8f437668f6cad8ff5b65
p:  115080.90588816439
5d4b8f4ad55b60dae8ff5b62
p:  207299.7595822931
5d4b8f4a30bede9576ff5b6c
p:  209041.64559362145
5d4b8f5bd55b60dae8ff5b63
p:  244013.79194786766
5d4b8f6330bede9576ff5b6e
p:  211882.21593798068
5d4b8f66b2867ec16cff5b6a
p:  233385.35991209018
5d4b8f939a6f06d7a7ff5b65
p:  287793.80160015577
5d4b8fad30bede9576ff5b74
p:  245973.12220667937
5d4b8fb84872c9003bff5b62
p:  238484.70581390001
5d4b8fba30bede9576ff5b75
p:  175859.40145030094
5d4b8fc6d55b60dae8ff5b65
p:  223398.7251869762
5d4b8fda7668f6cad8ff5b6a
p:  137208.18653730227
5d4b8fed7668f6cad8ff5b6b
p:  149047.02439221577
5d4b8ff6d55b60dae8ff5b66
p:  157077.94211930217
5d4b900530bede9576ff5b7b
p:  277687.684203821
5d4b901b7668f6cad8ff5b6c
p:  181805.16423813615
5d4b903a9a6f06d7a7ff5b68
p:  135929.4794416568
5d4b903ba1117eb7deff5b64
p:  105230.81047161017
5d4b90417668f6cad8ff5b6e
p:  190138.8066739263
5d4b9044a1117eb7deff5b65
p:  105230.81047161017
5d4b909b7668f6cad8ff5b72
p:  285771.62048985745
5d4b909fb2867ec16cff5b70
p:  228360.60488649303
5d4b90b27668f6cad8ff5b73
p:  230320.3741230375
5d4b90e94872c9003bff5b64
p:  200198.62240891805
5d4b91007668f6cad8ff5b77
p:  149686.11692504917
5d4b9127c07bbc045fff5b6a
p:  205105.09060701996
5d4b91727668f6cad8ff5b7b
p:  169089.96469012016
5d4b917e9a6f06d7a7ff5b6c
p:  224642.48517751883
5d4b91847668f6cad8ff5b7c
p:  268036.27959248156
5d4b9187b2867ec16cff5b7c
p:  198288.40467568545
5d4b9196c07bbc045fff5b6d
p:  465996.5825755615
5d4b9196b2867ec16cff5b7d
p:  224867.2592647922
5d4b91a9b2867ec16cff5b7e
p:  231211.10878613987
5d4b91d330bede9576ff5b99
p:  198108.805980578
5d4b91dc30bede9576ff5b9a
p:  178684.29237400612
5d4b91f4c07bbc045fff5b6e
p:  146123.5001820926
5d4b92454872c9003bff5b68
p:  297409.59549815074
5d4b9249a1117eb7deff5b6b
p:  89105.60867567423
5d4b929aedc73cc88eff5b6c
p:  141133.57760637946
5d4b92a542104fe74cff5b62
p:  259024.57499891747
5d4b92dfc07bbc045fff5b6f
p:  146717.54763385392
5d4b9377b2867ec16cff5b82
p:  349593.66411494976
5d4b9415d55b60dae8ff5b6a
p:  259994.4021259574
5d4b9426c07bbc045fff5b74
p:  264475.8332088544
5d4b945107918b5fbbff5bd7
p:  575525.9647781395
5d4b9484b2867ec16cff5b86
p:  240961.21366336444
5d4b94ba4872c9003bff5b6a
p:  169096.48197899252
5d4b94bdd55b60dae8ff5b6c
p:  140597.15684446422
5d4b94fb07918b5fbbff5bdd
p:  507721.82583961845
5d4b952d4872c9003bff5b6c
p:  99746.07765413998
5d4b955807918b5fbbff5be0
p:  371951.56158976373
5d4b95999a6f06d7a7ff5b7a
p:  303161.37972515577
5d4b95a3d55b60dae8ff5b6d
p:  202889.3252786242
5d4b95bf07918b5fbbff5be5
p:  284975.59947990935
5d4b95d3d55b60dae8ff5b6e
p:  266392.37527478696
5d4b95fcd55b60dae8ff5b6f
p:  215388.70876831436
5d4b9668c07bbc045fff5b77
p:  260313.9748225598
5d4b968230bede9576ff5bce
p:  122880.50128562839
5d4b969833c270e547ff5b74
p:  110582.98627042357
5d4b96af9a6f06d7a7ff5b7e
p:  211105.58136495663
5d4b96cf30bede9576ff5bd2
p:  87118.00206349303
5d4b96d930bede9576ff5bd3
p:  89504.1444772605
5d4b972b30bede9576ff5bda
p:  97696.8721475052
5d4b972dedc73cc88eff5b7b
p:  270793.2844152968
5d4b975730bede9576ff5bde
p:  78613.25223812804
5d4b9762edc73cc88eff5b7c
p:  146166.83771319748
5d4b97634872c9003bff5b72
p:  137806.0605753461
5d4b976330bede9576ff5bdf
p:  323318.78794747044
5d4b9778c07bbc045fff5b79
p:  433648.0215383712
5d4b978242104fe74cff5b6d
p:  78784.96120696948
5d4b97d2442790f05dff5b75
p:  257352.03511595668
5d4b97f19a6f06d7a7ff5b84
p:  200251.25586759052
5d4b9825d55b60dae8ff5b79
p:  245589.37580234022
5d4b982733c270e547ff5b77
p:  91990.10461286797
5d4b983530bede9576ff5be7
p:  75322.08004144
5d4b989e4872c9003bff5b73
p:  186077.26642666673
5d4b98b1b2867ec16cff5b90
p:  221022.6241782709
5d4b98c0c07bbc045fff5b7d
p:  193935.7936311348
5d4b98c630bede9576ff5bf5
p:  80626.58847990585
5d4b98e133c270e547ff5b79
p:  87205.90311542037
5d4b98e7d55b60dae8ff5b7b
p:  247432.57423760177
5d4b992333c270e547ff5b7b
p:  146510.7993045644
5d4b99349a6f06d7a7ff5b89
p:  208290.29202636913
5d4b994c33c270e547ff5b7c
p:  195793.80393368646
5d4b994f4872c9003bff5b76
p:  228679.5653248235
5d4b99734872c9003bff5b77
p:  425064.1736167051
5d4b997d30bede9576ff5bfc
p:  109652.50779051079
5d4b9a2133c270e547ff5b7f
p:  122709.78241190333
5d4b9a639a6f06d7a7ff5b8c
p:  92800.42305154432
5d4b9a7830bede9576ff5c05
p:  114625.38081043422
5d4b9a8542104fe74cff5b70
p:  129022.57995864589
5d4b9aa333c270e547ff5b82
p:  326727.1843253515
5d4b9aa99a6f06d7a7ff5b8e
p:  169339.0165411838
5d4b9aac30bede9576ff5c0a
p:  90573.62696965049
5d4b9ad230bede9576ff5c0d
p:  110757.00894819137
5d4b9b1bb2867ec16cff5b96
p:  253026.28989152767
5d4b9b219a6f06d7a7ff5b92
p:  99461.90486819351
5d4b9b21442790f05dff5b7b
p:  87429.62759530854
5d4b9b4433c270e547ff5b84
p:  95375.39490807199
5d4b9b4630bede9576ff5c16
p:  84224.31241922021
5d4b9b5130bede9576ff5c17
p:  84224.31241922021
5d4b9b53b2867ec16cff5b97
p:  181643.76218333008
5d4b9b7830bede9576ff5c18
p:  120793.3960900624
5d4b9b8133c270e547ff5b85
p:  84540.66348671439
5d4b9b8330bede9576ff5c19
p:  84224.31241922021
5d4b9bb0d55b60dae8ff5b7e
p:  202225.4783884398
5d4b9bbc33c270e547ff5b86
p:  209154.60844835168
5d4b9cf1d55b60dae8ff5b83
p:  379570.4284013296
5d4b9d44b2867ec16cff5b9d
p:  139525.5956236684
5d4b9d50b2867ec16cff5b9e
p:  109770.08280431299
5d4b9d614872c9003bff5b7f
p:  179106.98105504038
5d4b9d65d55b60dae8ff5b85
p:  139171.96719350474
5d4b9d6a07918b5fbbff5c16
p:  163608.11076057196
5d4b9d8030bede9576ff5c2c
p:  363477.17884974333
5d4b9d8d30bede9576ff5c2d
p:  103101.32821732425
5d4b9d919a6f06d7a7ff5b95
p:  88235.72210371104
5d4b9d9b30bede9576ff5c2e
p:  101377.35885439982
5d4b9db430bede9576ff5c30
p:  594523.0844059826
5d4b9dbcafea7002a4ff5b8b
p:  142481.55409413963
5d4b9dce42104fe74cff5b7a
p:  238150.66377915704
5d4b9de6c07bbc045fff5b83
p:  137610.46382366467
5d4b9e05a1117eb7deff5b87
p:  209252.0587897428
5d4b9e16d55b60dae8ff5b87
p:  173447.7466605901
5d4b9e37edc73cc88eff5b8d
p:  238789.2525370209
5d4b9e4133c270e547ff5b88
p:  141809.35836950975
5d4b9e5542104fe74cff5b7b
p:  181892.43320866075
5d4b9e7c42104fe74cff5b7c
p:  154681.19177528584
5d4b9e8907918b5fbbff5c1a
p:  182862.39725670774
5d4b9e96d55b60dae8ff5b88
p:  228475.1474634935
5d4b9e9c442790f05dff5b7f
p:  1214806.0367468963
5d4b9e9d4872c9003bff5b80
p:  201823.5028442673
5d4b9ecb07918b5fbbff5c1b
p:  198441.6662418286
5d4b9ed630bede9576ff5c3b
p:  186072.19365309947
5d4b9ee530bede9576ff5c3c
p:  186236.39745465177
5d4b9ee9d55b60dae8ff5b89
p:  226085.99069494053
5d4b9eff33c270e547ff5b8a
p:  160206.29612704116
5d4b9f0242104fe74cff5b7f
p:  200513.10053343792
5d4b9f0e30bede9576ff5c3f
p:  286327.74713787914
5d4b9f1830bede9576ff5c40
p:  258114.6692123123
5d4b9f1e9a6f06d7a7ff5b98
p:  100796.39163679405
5d4b9f2130bede9576ff5c41
p:  173776.87077319488
5d4b9f2a30bede9576ff5c42
p:  234715.6764373192
5d4b9f3007918b5fbbff5c1c
p:  214904.28900547262
5d4b9f41afea7002a4ff5b92
p:  169818.77104872256
5d4b9f4330bede9576ff5c44
p:  245420.32030764758
5d4b9f4d30bede9576ff5c45
p:  774310.9154805396
5d4b9f5830bede9576ff5c46
p:  245071.8127294698
5d4b9f8830bede9576ff5c4a
p:  150627.0609627075
5d4b9f9242104fe74cff5b83
p:  295699.30055734026
5d4b9fa733c270e547ff5b8b
p:  87432.579465441
5d4b9fb030bede9576ff5c4b
p:  150627.0609627075
5d4b9fb542104fe74cff5b84
p:  181462.04582357427
5d4b9fc530bede9576ff5c4d
p:  232131.69559352883
5d4b9fcf42104fe74cff5b85
p:  192400.88797155826
5d4b9fd130bede9576ff5c4e
p:  185198.3951708268
5d4b9fde33c270e547ff5b8d
p:  451253.0396491102
5d4b9fe930bede9576ff5c50
p:  239883.60905461502
5d4ba002d55b60dae8ff5b8a
p:  286548.68247236364
5d4ba02530bede9576ff5c53
p:  177822.45420782914
5d4ba03930bede9576ff5c55
p:  177822.45420782914
5d4ba04933c270e547ff5b8f
p:  143648.32553480082
5d4ba05a442790f05dff5b86
p:  104883.56062459291
5d4ba06930bede9576ff5c59
p:  209190.17935081368
5d4ba07e30bede9576ff5c5b
p:  182854.6588208624
5d4ba09230bede9576ff5c5d
p:  169176.83205138898
5d4ba0a830bede9576ff5c5f
p:  170931.17235632025
5d4ba0c4d55b60dae8ff5b8c
p:  198379.89648485483
5d4ba0cb30bede9576ff5c62
p:  129639.75594667549
5d4ba0d242104fe74cff5b8a
p:  142419.6835231827
5d4ba0d430bede9576ff5c63
p:  216481.02846925304
5d4ba11930bede9576ff5c67
p:  184018.28223427522
5d4ba12507918b5fbbff5c1e
p:  132063.75773937962
5d4ba13730bede9576ff5c6a
p:  191273.02119363064
5d4ba1457668f6cad8ff5baa
p:  244294.80489444893
5d4ba14f07918b5fbbff5c1f
p:  129868.99498627249
5d4ba161b2867ec16cff5ba5
p:  145487.78362645413
5d4ba16a30bede9576ff5c6f
p:  198545.76892556698
5d4ba17630bede9576ff5c70
p:  296208.2419393943
5d4ba18330bede9576ff5c71
p:  278598.03724126273
5d4ba19d30bede9576ff5c73
p:  185680.95954469952
5d4ba1a930bede9576ff5c74
p:  190327.9859528597
5d4ba1bc30bede9576ff5c76
p:  201617.33303378866
5d4ba1c7afea7002a4ff5b9a
p:  120588.17561781124
5d4ba1d630bede9576ff5c78
p:  185680.95954469952
5d4ba1de42104fe74cff5b8d
p:  168162.2226340323
5d4ba1ec30bede9576ff5c7a
p:  273945.3387528
5d4ba1f830bede9576ff5c7b
p:  405178.35754082084
5d4ba1ffb2867ec16cff5ba7
p:  263530.68494325597
5d4ba20430bede9576ff5c7c
p:  207968.19859540596
5d4ba22a30bede9576ff5c7e
p:  295334.6397211367
5d4ba24030bede9576ff5c80
p:  320547.315539508
5d4ba25507918b5fbbff5c21
p:  240800.31957640414
5d4ba25530bede9576ff5c82
p:  187655.79813400062
5d4ba26330bede9576ff5c83
p:  321436.8310421694
5d4ba27a30bede9576ff5c85
p:  189826.77968050545
5d4ba28430bede9576ff5c86
p:  319670.83563567954
5d4ba287b2867ec16cff5ba9
p:  220954.5891824577
5d4ba29d30bede9576ff5c88
p:  230398.93110976083
5d4ba2b2b2867ec16cff5baa
p:  315990.1931483832
5d4ba2baa1117eb7deff5b8f
p:  209252.0587897428
5d4ba2bc30bede9576ff5c8b
p:  303673.8317231183
5d4ba2c630bede9576ff5c8c
p:  308076.1501256912
5d4ba2c9a1117eb7deff5b90
p:  209252.0587897428
5d4ba2cb42104fe74cff5b8f
p:  170922.30837524892
5d4ba2d130bede9576ff5c8d
p:  338198.0643997488
5d4ba2dab2867ec16cff5bab
p:  272143.1581820917
5d4ba307a1117eb7deff5b91
p:  189411.82564850818
5d4ba31630bede9576ff5c91
p:  187655.79813400062
5d4ba32930bede9576ff5c93
p:  218615.7208712783
5d4ba38bd55b60dae8ff5b8f
p:  211324.70492329932
5d4ba3abb2867ec16cff5bb0
p:  209709.36439567094
5d4ba3b2d55b60dae8ff5b90
p:  405239.963361852
5d4ba3c830bede9576ff5c9f
p:  189687.15856031716
5d4ba3fbafea7002a4ff5b9e
p:  181283.87252685684
5d4ba3fb30bede9576ff5ca1
p:  296870.7958306822
5d4ba412edc73cc88eff5b9c
p:  947319.8286652486
5d4ba41c30bede9576ff5ca4
p:  328534.8794227921
5d4ba42942104fe74cff5b95
p:  218749.67187482468
5d4ba42b30bede9576ff5ca5
p:  305030.58624551934
5d4ba43530bede9576ff5ca6
p:  288244.68696983147
5d4ba43f30bede9576ff5ca7
p:  270530.8248918402
5d4ba44830bede9576ff5ca8
p:  404358.9131108058
5d4ba44ab2867ec16cff5bb2
p:  254656.75924545794
5d4ba46f42104fe74cff5b97
p:  180710.21730186295
5d4ba492a1117eb7deff5b93
p:  144253.79963350558
5d4ba4ab4872c9003bff5b8c
p:  121925.87500446697
5d4ba4acd55b60dae8ff5b92
p:  172534.6262183035
5d4ba4bb30bede9576ff5cb1
p:  318696.8126454209
5d4ba4c1d55b60dae8ff5b93
p:  202225.4783884398
5d4ba4d630bede9576ff5cb4
p:  375694.63593998784
5d4ba4f130bede9576ff5cb6
p:  228436.30353369258
5d4ba4fdedc73cc88eff5ba0
p:  309682.9399200134
5d4ba4fd30bede9576ff5cb7
p:  209207.72617122007
5d4ba50cb2867ec16cff5bb3
p:  338035.7315853774
5d4ba53f30bede9576ff5cbb
p:  364038.60791203764
5d4ba57430bede9576ff5cbd
p:  305047.0932376331
5d4ba578d55b60dae8ff5b96
p:  202889.3252786242
5d4ba58130bede9576ff5cbe
p:  305347.24920997804
5d4ba58f30bede9576ff5cbf
p:  213045.91456122196
5d4ba59242104fe74cff5b98
p:  142709.95190709835
5d4ba59733c270e547ff5b9c
p:  268647.1145705851
5d4ba59930bede9576ff5cc0
p:  242983.3308278523
5d4ba5a930bede9576ff5cc1
p:  188103.50220544531
5d4ba5ba33c270e547ff5b9d
p:  280619.09656071424
5d4ba5d242104fe74cff5b99
p:  211590.0103471332
5d4ba5d59a6f06d7a7ff5ba9
p:  85378.83120115851
5d4ba60730bede9576ff5cc8
p:  187558.03534931643
5d4ba61630bede9576ff5cc9
p:  239926.9196135929
5d4ba62630bede9576ff5cca
p:  231198.3665944183
5d4ba63242104fe74cff5b9b
p:  149432.67738681094
5d4ba66d30bede9576ff5cd0
p:  355199.62076430867
5d4ba69030bede9576ff5cd2
p:  299226.3056443108
5d4ba6a730bede9576ff5cd4
p:  233688.34672140068
5d4ba6e630bede9576ff5cd9
p:  355561.4377935501
5d4ba6f130bede9576ff5cda
p:  299906.0139200961
5d4ba72430bede9576ff5cdf
p:  218825.38268379195
5d4ba77133c270e547ff5ba3
p:  345139.56984183914
5d4ba77a30bede9576ff5ce7
p:  297735.64147181896
5d4ba78e30bede9576ff5ce8
p:  236770.7728752635
5d4ba79830bede9576ff5ce9
p:  262286.0596487658
5d4ba79e07918b5fbbff5c2a
p:  226775.6800847281
5d4ba7a6b2867ec16cff5bb8
p:  253026.28989152767
5d4ba7b430bede9576ff5ceb
p:  365360.9744054579
5d4ba7e130bede9576ff5cef
p:  227141.02085588744
5d4ba82c30bede9576ff5cf6
p:  290300.4777949718
5d4ba864442790f05dff5b95
p:  155522.1409009538
5d4ba88c30bede9576ff5cfe
p:  300603.83121204225
5d4ba8c730bede9576ff5d02
p:  297735.64147181896
5d4ba8eb30bede9576