Current date and time: 2020-06-07 15:34:19
Successfully connect to DB.
For ['Bell', 'Breathitt', 'Boyd', 'Carter', 'Clay', 'Elliott', 'Floyd', 'Greenup', 'Harlan', 'Jackson', 'Johnson', 'Knott', 'Knox', 'Laurel', 'Lawrence', 'Lee', 'Leslie', 'Letcher', 'Magoffin', 'Martin', 'McCreary', 'Menifee', 'Montgomery', 'Morgan', 'Owsley', 'Perry', 'Pike', 'Powell', 'Rowan', 'Whitley', 'Wolfe', 'Anderson', 'Bath', 'Boone', 'Bourbon', 'Boyle', 'Bracken', 'Campbell', 'Carroll', 'Clark', 'Fayette', 'Fleming', 'Franklin', 'Gallatin', 'Grant', 'Henry', 'Harrison', 'Jefferson', 'Jessamine', 'Kenton', 'Lewis', 'Mason', 'Mercer', 'Nicholas', 'Oldham', 'Owen', 'Pendleton', 'Robertson', 'Scott', 'Shelby', 'Spencer', 'Trimble', 'Washington', 'Woodford']#################################################################
train score for random_forest: 0.951111953247288
test score for random_forest: 0.6274006931430587
The mean absolute error is:$ 90268.63547096471
r_Score: 0.648937053419117
Voting Regressor (in): 0.937983175484974
Voting Regressor: 0.648937053419117
5d0b637219aeb54ebe6efc09
p:  154999.27900781878
5d12a862b7ae3de20d8d6ea2
p:  125493.71847837727
5d1bfca00a1cbc8e6fefbc20
p:  165124.7858999956
5d1c6a0a0a1cbc8e6fefbd36
p:  138024.99899543452
5d2675f6107c1d579eeb6943
p:  167686.2181986317
5d2ae25547cfe46363877ad9
p:  219978.9019193839
5d2ce7f3aa1ce31ade80b0c5
p:  220523.76924724958
5d38be0202947826d9b03c15
p:  203040.8693762314
5d44029d0c2b93cba458ad3b
p:  215557.18748939072
5d449aa921ea27b301e55bec
p:  337882.716477948
5d449be121ea27b301e55bf0
p:  126909.35100240645
5d449bf94816ed9857e55bfa
p:  152286.72056169424
5d449c604816ed9857e55bfb
p:  198019.30425972736
5d449d6a4816ed9857e55bfe
p:  217378.61758765008
5d449d7ce6e726aac4e55bf4
p:  303003.55339265766
5d449da74816ed9857e55bff
p:  212805.456607627
5d449f5bb4a93b4523e55bf6
p:  441513.9033986225
5d449fcee6e726aac4e55c05
p:  258583.87907293095
5d449fd719999e5f5ae55bf9
p:  235548.55791288902
5d44a0fb0c8d249f55e55c03
p:  207320.98609710974
5d44a140b4a93b4523e55bf9
p:  426148.9051634124
5d44a1d4e6e726aac4e55c0c
p:  432657.1344527526
5d44a229b4a93b4523e55bfc
p:  430571.09841561137
5d44a24021ea27b301e55bfd
p:  403423.7340540411
5d44a37f2a80791330e55bf8
p:  398589.25619277515
5d44a5864703a2a220e55c17
p:  391737.676377152
5d44a5a4b4a93b4523e55c07
p:  584238.9141656002
5d44a9f3a9e981df37e55c17
p:  395773.59848271764
5d44acf0b4a93b4523e55c1c
p:  253028.45941942767
5d44ad4fe6e726aac4e55c25
p:  182035.0852134605
5d44af60b4a93b4523e55c21
p:  152529.085305215
5d44af9619999e5f5ae55c15
p:  142912.97032251878
5d44b06119999e5f5ae55c18
p:  326330.98945824534
5d44b2222021d6d2bee55c27
p:  243942.00064397304
5d44b26e2021d6d2bee55c29
p:  380281.0136336366
5d44b2932021d6d2bee55c2b
p:  281084.30981776107
5d44b2a221ea27b301e55c23
p:  196372.78379258545
5d44b33119999e5f5ae55c1c
p:  135717.44046728653
5d44b33c293dc67162e55c55
p:  155480.62380051432
5d44b4d0a6d42881ece55c16
p:  143825.79590424558
5d44b4ec2021d6d2bee55c35
p:  323806.81138163153
5d44b4ef293dc67162e55c59
p:  198838.5319669811
5d44b5254816ed9857e55c28
p:  151769.60342890111
5d44b52a21ea27b301e55c24
p:  149348.82022550155
5d44b5c321ea27b301e55c27
p:  285084.98335558386
5d44b5e1293dc67162e55c5b
p:  262571.0360392239
5d44b615293dc67162e55c5d
p:  192505.64182348817
5d44b6374816ed9857e55c2a
p:  358046.895177721
5d44b65621ea27b301e55c29
p:  209116.1058306991
5d44b69021ea27b301e55c2a
p:  228707.0535000586
5d44b698e6e726aac4e55c3a
p:  182035.0852134605
5d44b6b2e6e726aac4e55c3b
p:  181362.7542967531
5d44b6de4703a2a220e55c3f
p:  58568.78606391513
5d44b7194703a2a220e55c40
p:  151021.1299002964
5d44b741a6d42881ece55c18
p:  148743.27864818362
5d44b7d94703a2a220e55c42
p:  70458.37673861455
5d44b8014816ed9857e55c2e
p:  259554.1168913383
5d44b8444703a2a220e55c45
p:  49179.034019902916
5d44b863a6d42881ece55c1a
p:  179946.8213732031
5d44b88c293dc67162e55c61
p:  136382.81787831106
5d44b8b7a6d42881ece55c1b
p:  160055.16748013702
5d44b8bd2a80791330e55c2f
p:  366867.3222586777
5d44b9804703a2a220e55c48
p:  141936.62138003972
5d44b98f4816ed9857e55c32
p:  144446.21429105592
5d44b99eb4a93b4523e55c34
p:  581295.513287005
5d44b9a04703a2a220e55c49
p:  211841.08055264934
5d44b9c70c8d249f55e55c49
p:  81796.54557892293
5d44b9db2a80791330e55c34
p:  255891.29301235933
5d44ba044816ed9857e55c34
p:  324663.1967187221
5d44ba16b4a93b4523e55c35
p:  414838.0401807816
5d44ba1f4703a2a220e55c4a
p:  146640.70959710324
5d44ba3721ea27b301e55c32
p:  129405.19972974551
5d44ba6a0c8d249f55e55c4a
p:  67922.73880321159
5d44ba6a4703a2a220e55c4b
p:  68421.19436015653
5d44baa2a6d42881ece55c1f
p:  175043.67930459502
5d44baab21ea27b301e55c33
p:  229938.59348347867
5d44bb200c8d249f55e55c4b
p:  97428.31639559472
5d44bb5d2a80791330e55c38
p:  140658.73547710056
5d44bb84293dc67162e55c6b
p:  254408.67587431555
5d44bba521ea27b301e55c35
p:  153827.14106504287
5d44bbc9b4a93b4523e55c39
p:  215388.54567898327
5d44bc064703a2a220e55c50
p:  332512.52512644546
5d44bc242a80791330e55c3c
p:  593702.536203023
5d44bc5bb4a93b4523e55c3a
p:  512189.05011310166
5d44bcd50c8d249f55e55c4d
p:  48398.63948446202
5d44bcfc21ea27b301e55c38
p:  179471.4399297654
5d44bd022a80791330e55c3e
p:  561407.277953366
5d44bd0b4703a2a220e55c52
p:  208456.4539075542
5d44bd644703a2a220e55c53
p:  60000.50855978205
5d44be6321ea27b301e55c3b
p:  133174.52880473062
5d44be644703a2a220e55c56
p:  79739.09790637443
5d44be864703a2a220e55c57
p:  444629.5093622621
5d44be932a80791330e55c43
p:  333174.9590055269
5d44beed0c8d249f55e55c53
p:  44804.412501846804
5d44bf142021d6d2bee55c4b
p:  54910.45585374818
5d44bf1d2a80791330e55c45
p:  303421.36630006635
5d44bf3121ea27b301e55c3d
p:  136278.91240218777
5d44bf364703a2a220e55c5c
p:  315481.8855022162
5d44bf564703a2a220e55c5d
p:  111530.6632826044
5d44bf682a80791330e55c46
p:  315334.27620018274
5d44bf71a6d42881ece55c2a
p:  602839.7102320893
5d44bf7a4703a2a220e55c5e
p:  142521.44351054163
5d44bfc72021d6d2bee55c4d
p:  82330.79521233958
5d44bff42a80791330e55c47
p:  252736.32007851923
5d44c02a21ea27b301e55c3f
p:  154610.8471935582
5d44c0412a80791330e55c49
p:  213136.85569138604
5d44c09a293dc67162e55c73
p:  234108.05730822193
5d44c0b02021d6d2bee55c4e
p:  55724.73345790967
5d44c0d84816ed9857e55c3a
p:  303047.13115151925
5d44c11ba6d42881ece55c2b
p:  270105.77376317943
5d44c167a6d42881ece55c2c
p:  173965.52046696295
5d44c1db21ea27b301e55c45
p:  151115.9559625608
5d44c1fca6d42881ece55c2d
p:  160055.16748013702
5d44c20d2021d6d2bee55c50
p:  43707.90865926312
5d44c21221ea27b301e55c47
p:  284626.1248405465
5d44c21ca6d42881ece55c2e
p:  178731.2422710046
5d44c2354816ed9857e55c3d
p:  264696.9415294146
5d44c23621ea27b301e55c48
p:  239158.8408362134
5d44c241293dc67162e55c77
p:  159286.89577692572
5d44c2aab4a93b4523e55c48
p:  318761.7979719642
5d44c2c5a6d42881ece55c30
p:  440405.21961319307
5d44c2c519999e5f5ae55c39
p:  207585.04785312296
5d44c300b4a93b4523e55c49
p:  552352.1640523976
5d44c3930c8d249f55e55c5a
p:  51209.437921624514
5d44c3c40c8d249f55e55c5b
p:  86816.57294698627
5d44c3d92021d6d2bee55c55
p:  149770.48637049884
5d44c3e40c8d249f55e55c5c
p:  64094.77995392293
5d44c40621ea27b301e55c4b
p:  204207.2301631592
5d44c48b293dc67162e55c79
p:  205918.3564612632
5d44c4f6e6e726aac4e55c5b
p:  54794.721231460804
5d44c4fc4816ed9857e55c41
p:  208885.99680406347
5d44c505293dc67162e55c7b
p:  192857.23106074095
5d44c5152021d6d2bee55c5a
p:  77304.47060795329
5d44c51ee6e726aac4e55c5c
p:  80962.21769878417
5d44c55e2021d6d2bee55c5b
p:  86567.88572671419
5d44c55e4816ed9857e55c42
p:  186191.89278544416
5d44c5a2293dc67162e55c7e
p:  462792.16315720335
5d44c5c6e6e726aac4e55c5d
p:  98651.7038782802
5d44c6042021d6d2bee55c5e
p:  41373.58563951579
5d44c615a6d42881ece55c35
p:  499649.2659204998
5d44c6232021d6d2bee55c5f
p:  46407.51035267458
5d44c638e6e726aac4e55c5f
p:  73351.3252092575
5d44c63c2a80791330e55c54
p:  281249.4107643912
5d44c65b2a80791330e55c55
p:  196678.0505883193
5d44c683e6e726aac4e55c60
p:  28452.03200772529
5d44c68521ea27b301e55c52
p:  167941.69380854815
5d44c6972021d6d2bee55c61
p:  35875.04435568604
5d44c6a7b4a93b4523e55c57
p:  542851.5093776314
5d44c81ce6e726aac4e55c64
p:  39631.96534047705
5d44c8a02a80791330e55c59
p:  370180.3988995301
5d44c8a5a6d42881ece55c3d
p:  185811.6684456559
5d44c8b12021d6d2bee55c64
p:  65975.98300892458
5d44c8cae6e726aac4e55c68
p:  44526.58935160472
5d44c8cda6d42881ece55c3e
p:  295441.79092669155
5d44c98b4703a2a220e55c6c
p:  106342.01091370109
5d44c9974816ed9857e55c4d
p:  623860.613146587
5d44c9b14703a2a220e55c6d
p:  249213.58190255053
5d44c9d4e6e726aac4e55c6b
p:  39375.123635993514
5d44c9f6e6e726aac4e55c6c
p:  32418.352358542703
5d44ca06e6e726aac4e55c6d
p:  37900.98840352023
5d44ca52a6d42881ece55c40
p:  180593.90978335484
5d44ca5c0c8d249f55e55c68
p:  57756.99142986743
5d44caa6293dc67162e55c8b
p:  339137.4450066595
5d44cab20c8d249f55e55c69
p:  48398.63948446202
5d44caea2021d6d2bee55c68
p:  55649.616004241034
5d44cb420c8d249f55e55c6a
p:  95031.52105662244
5d44cbd54703a2a220e55c70
p:  95021.72180779192
5d44cbf921ea27b301e55c5c
p:  448309.73898773047
5d44cc4ba6d42881ece55c45
p:  135727.23473056933
5d44ccfbe6e726aac4e55c71
p:  69642.34243947241
5d44cd30e6e726aac4e55c72
p:  73775.30614141398
5d44cd44a9e981df37e55c5f
p:  85854.69848692173
5d44cd470c8d249f55e55c6c
p:  124825.04805744856
5d44cd6d21ea27b301e55c5d
p:  135594.72556878344
5d44cd952021d6d2bee55c6b
p:  40378.77023973763
5d44cd9ca6d42881ece55c48
p:  221759.10425010935
5d44cdbda9e981df37e55c61
p:  116307.950415553
5d44cdefa9e981df37e55c62
p:  143989.62896407442
5d44cdf4b4a93b4523e55c76
p:  398723.76188450895
5d44ce1f2021d6d2bee55c6c
p:  117079.22116106427
5d44ce202a80791330e55c69
p:  307717.1627021239
5d44ce24c813b312dfe55c7a
p:  94457.6491459811
5d44ce47a6d42881ece55c4b
p:  235745.460796902
5d44ce5919999e5f5ae55c4c
p:  159455.8794976487
5d44ce5d2021d6d2bee55c6d
p:  52587.72555435536
5d44ce75293dc67162e55c93
p:  119202.45631533353
5d44ce7f2021d6d2bee55c6e
p:  65401.98804837328
5d44cecfdc5eda239ce55c54
p:  141005.3243815595
5d44ced621ea27b301e55c63
p:  157779.6889029534
5d44cee92a80791330e55c6b
p:  260214.91430342747
5d44cf0c19999e5f5ae55c50
p:  128589.4033711371
5d44cf1321ea27b301e55c64
p:  137980.58446479548
5d44cf320c8d249f55e55c71
p:  50686.93591689243
5d44cf69a9e981df37e55c64
p:  117995.73767071046
5d44cf70a6d42881ece55c4e
p:  172052.52125129403
5d44cf77a9e981df37e55c65
p:  230576.9082508735
5d44cf8adc5eda239ce55c57
p:  99344.08158293224
5d44cfbfc813b312dfe55c81
p:  93552.925823409
5d44cfe6c813b312dfe55c82
p:  93552.925823409
5d44d004c813b312dfe55c83
p:  105499.69887987009
5d44d029e6e726aac4e55c77
p:  41585.78833084393
5d44d03019999e5f5ae55c52
p:  136877.0900594757
5d44d060c813b312dfe55c86
p:  142662.24446595035
5d44d06c19999e5f5ae55c53
p:  145818.33434697974
5d44d0714703a2a220e55c7d
p:  220579.81903780383
5d44d07dc813b312dfe55c87
p:  87064.91842174248
5d44d0a4a9e981df37e55c67
p:  82051.2732151274
5d44d0b521ea27b301e55c6a
p:  83658.64097089594
5d44d0bca6d42881ece55c51
p:  423970.6201132324
5d44d0c4dc5eda239ce55c59
p:  125136.37603621179
5d44d0eec813b312dfe55c8a
p:  87064.91842174248
5d44d0eea9e981df37e55c68
p:  137091.28951197228
5d44d0f92a80791330e55c6f
p:  347673.621297702
5d44d113dc5eda239ce55c5a
p:  86503.89682026245
5d44d119c813b312dfe55c8b
p:  184778.14213367162
5d44d13bc813b312dfe55c8c
p:  141447.0739568905
5d44d159a6d42881ece55c54
p:  144663.60311475737
5d44d15fc813b312dfe55c8d
p:  79831.03803765979
5d44d17ec813b312dfe55c8e
p:  138606.13352983104
5d44d19ec813b312dfe55c8f
p:  129637.88313569204
5d44d1ac2a80791330e55c70
p:  170127.00430803286
5d44d1b2a9e981df37e55c6a
p:  110973.8142663982
5d44d1f6c813b312dfe55c91
p:  114183.2843088501
5d44d1f819999e5f5ae55c58
p:  204246.47683100804
5d44d239c813b312dfe55c92
p:  130723.999501276
5d44d26ba9e981df37e55c6d
p:  79080.62557391038
5d44d29b19999e5f5ae55c59
p:  129314.5539296821
5d44d2c54816ed9857e55c5d
p:  480057.70361800364
5d44d2f64816ed9857e55c5f
p:  189005.03293678182
5d44d310dc5eda239ce55c5c
p:  118192.23511824713
5d44d32719999e5f5ae55c5c
p:  157916.71476951183
5d44d3b5dc5eda239ce55c5e
p:  313076.57222685765
5d44d40c2a80791330e55c78
p:  136739.45078434184
5d44d430c813b312dfe55c96
p:  115844.61737390736
5d44d4454703a2a220e55c7f
p:  133540.7087640763
5d44d4624816ed9857e55c62
p:  195183.38785113316
5d44d483a9e981df37e55c6f
p:  82819.15824731263
5d44d49421ea27b301e55c6e
p:  63860.566605575106
5d44d54619999e5f5ae55c5f
p:  198219.3035559557
5d44d565c813b312dfe55c98
p:  155017.31774470242
5d44d5d621ea27b301e55c75
p:  131677.08057786446
5d44d620e6e726aac4e55c85
p:  37606.23200014797
5d44d625c813b312dfe55c9b
p:  161729.04511769762
5d44d6da4703a2a220e55c82
p:  419897.5772923931
5d44d6fbdc5eda239ce55c64
p:  88384.27568409027
5d44d7044703a2a220e55c83
p:  188676.33101163455
5d44d72c19999e5f5ae55c61
p:  199195.89357688738
5d44d761dc5eda239ce55c66
p:  76545.4265098105
5d44d77c19999e5f5ae55c62
p:  169137.49674512545
5d44d7aedc5eda239ce55c67
p:  119329.12267395432
5d44d7da4703a2a220e55c85
p:  159148.38602767367
5d44d7e1c813b312dfe55ca0
p:  104579.26671789806
5d44d7e9a9e981df37e55c7c
p:  82423.53681987441
5d44d80d19999e5f5ae55c63
p:  129795.2054004349
5d44d80fa9e981df37e55c7d
p:  77117.66807284277
5d44d833a9e981df37e55c7e
p:  83605.74528345827
5d44d843c813b312dfe55ca2
p:  193736.86844548024
5d44d87ce6e726aac4e55c8b
p:  44285.8187201593
5d44d87d21ea27b301e55c7b
p:  146898.05237892986
5d44d8844703a2a220e55c86
p:  101374.59952943817
5d44d893b4a93b4523e55cb5
p:  244007.0398753983
5d44d8a3a9e981df37e55c81
p:  84285.89263321814
5d44d8bd4703a2a220e55c87
p:  139305.3890295465
5d44d8c8a9e981df37e55c82
p:  82815.24941357141
5d44d8eca9e981df37e55c83
p:  84955.91250211175
5d44d91521ea27b301e55c7d
p:  201061.8922537766
5d44d935a9e981df37e55c85
p:  85231.18068138757
5d44d96db4a93b4523e55cb7
p:  160695.11914375937
5d44d98221ea27b301e55c7f
p:  191281.96216670366
5d44d9ebdc5eda239ce55c6c
p:  88384.27568409027
5d44da0cb4a93b4523e55cbc
p:  316740.1569037015
5d44da1221ea27b301e55c81
p:  169168.08488842408
5d44da57e6e726aac4e55c92
p:  54794.721231460804
5d44da58a9e981df37e55c8b
p:  81287.80319701359
5d44da6719999e5f5ae55c67
p:  180655.42068354116
5d44da90b4a93b4523e55cbe
p:  138582.60303771298
5d44daa3a9e981df37e55c8d
p:  67775.73254058401
5d44daaab4a93b4523e55cbf
p:  192444.18003151266
5d44dac8a9e981df37e55c8e
p:  78293.15027749186
5d44db2d0c8d249f55e55c85
p:  139216.9013840269
5d44db5da9e981df37e55c92
p:  71364.47246550846
5d44db88b4a93b4523e55cc3
p:  144765.3973565512
5d44dbb1b4a93b4523e55cc5
p:  208063.05484051252
5d44dc10dc5eda239ce55c71
p:  109660.03305994815
5d44dc13b4a93b4523e55cc9
p:  221042.0444932836
5d44dc18a9e981df37e55c97
p:  159201.1758927498
5d44dc580c8d249f55e55c86
p:  236870.91610467414
5d44dc79293dc67162e55caf
p:  186482.9386263482
5d44dc9319999e5f5ae55c6b
p:  135480.23102049937
5d44dcb019999e5f5ae55c6c
p:  181375.913742579
5d44dcb4293dc67162e55cb0
p:  756182.5092111487
5d44dcbfc813b312dfe55ca8
p:  99611.75684361169
5d44dcd3a9e981df37e55c9c
p:  119894.94615077952
5d44dce3b4a93b4523e55cca
p:  189282.93995454255
5d44dd1b4816ed9857e55c6c
p:  266888.7223111568
5d44dd3621ea27b301e55c89
p:  201556.8271216551
5d44dd3db4a93b4523e55cce
p:  232224.54175358504
5d44dd42a9e981df37e55c9f
p:  113061.25971739658
5d44dd4db4a93b4523e55ccf
p:  232224.54175358504
5d44dda62021d6d2bee55c8e
p:  211964.79351561278
5d44ddaddc5eda239ce55c75
p:  121707.72033118736
5d44dddb0c8d249f55e55c8a
p:  138358.28231394003
5d44de41c813b312dfe55cac
p:  90002.18577276853
5d44de7f0c8d249f55e55c8d
p:  184124.16515823558
5d44df2e21ea27b301e55c8e
p:  259724.9914405379
5d44df8bb4a93b4523e55cd5
p:  205064.68097721145
5d44df9e4703a2a220e55c8d
p:  243957.59267824856
5d44dfa321ea27b301e55c8f
p:  196595.3226523934
5d44e02c21ea27b301e55c90
p:  125389.62961538012
5d44e035c813b312dfe55cb0
p:  157139.81964962796
5d44e03a4703a2a220e55c8f
p:  192670.49066358083
5d44e0554703a2a220e55c90
p:  101374.59952943817
5d44e058c813b312dfe55cb1
p:  316700.3808283154
5d44e07819999e5f5ae55c70
p:  133438.0083455501
5d44e09f2021d6d2bee55c96
p:  263221.27910550317
5d44e0c5293dc67162e55cb8
p:  149775.92163267056
5d44e0d421ea27b301e55c93
p:  236211.22032179424
5d44e10a4703a2a220e55c91
p:  143050.68140286102
5d44e15419999e5f5ae55c72
p:  125485.01977367996
5d44e184293dc67162e55cb9
p:  171659.57412849585
5d44e1884703a2a220e55c93
p:  254546.61689831124
5d44e198fb5ff19d58e55c99
p:  223008.62772316072
5d44e1a34703a2a220e55c94
p:  186723.0916771965
5d44e1cf19999e5f5ae55c73
p:  169915.3431914138
5d44e1e6b4a93b4523e55cd9
p:  213409.4680445448
5d44e211293dc67162e55cbb
p:  183841.45244800142
5d44e211b4a93b4523e55cdb
p:  397163.4918220232
5d44e21ffb5ff19d58e55c9b
p:  377391.47315558733
5d44e243a6d42881ece55c79
p:  451135.37988706876
5d44e2790c8d249f55e55c95
p:  164810.35349139167
5d44e283c813b312dfe55cb5
p:  85777.53281563791
5d44e2a0a9e981df37e55caa
p:  483432.19759736984
5d44e2b319999e5f5ae55c75
p:  148714.09409510382
5d44e2c2a9e981df37e55cab
p:  156367.08322305023
5d44e2f4dc5eda239ce55c7f
p:  141005.3243815595
5d44e3292021d6d2bee55c9f
p:  341177.1012665467
5d44e345a9e981df37e55cac
p:  200280.99395075676
5d44e3b7a6d42881ece55c7b
p:  201577.29237127313
5d44e3be4703a2a220e55c9b
p:  146994.84800560493
5d44e3fdc813b312dfe55cb7
p:  175431.21461882963
5d44e41f21ea27b301e55c9a
p:  125800.83871338713
5d44e4aab4a93b4523e55ce0
p:  97719.48686210127
5d44e4fb0c8d249f55e55c99
p:  167000.32853230985
5d44e52afb5ff19d58e55c9f
p:  103294.86158470885
5d44e53319999e5f5ae55c77
p:  202295.97734924307
5d44e538293dc67162e55cbf
p:  172636.50595889322
5d44e57ffb5ff19d58e55ca0
p:  153618.28853795497
5d44e5ac293dc67162e55cc1
p:  158250.86205306585
5d44e5d10c8d249f55e55c9a
p:  167706.38187110284
5d44e5da19999e5f5ae55c79
p:  170650.98357795927
5d44e61b19999e5f5ae55c7a
p:  144546.71349855146
5d44e624dc5eda239ce55c86
p:  114160.53644106584
5d44e661fb5ff19d58e55ca3
p:  154789.70442450035
5d44e663a6d42881ece55c81
p:  166424.3231371969
5d44e676a9e981df37e55cb1
p:  102925.24060234812
5d44e67621ea27b301e55c9f
p:  203263.71997226594
5d44e6dac813b312dfe55cbe
p:  102696.8446465167
5d44e6edfb5ff19d58e55ca6
p:  171565.60252095194
5d44e782dc5eda239ce55c89
p:  156518.30386436172
5d44e7cf21ea27b301e55ca6
p:  317731.7538619854
5d44e7e24703a2a220e55ca2
p:  179643.8170646659
5d44e829a9e981df37e55cb5
p:  389158.50194477686
5d44e8440c8d249f55e55ca0
p:  135710.94840921758
5d44e86b0c8d249f55e55ca1
p:  211194.85740081774
5d44e91bdc5eda239ce55c8d
p:  155595.38740423968
5d44e9224816ed9857e55c7a
p:  244689.99395111995
5d44e941c813b312dfe55cc4
p:  59605.97895291363
5d44e95719999e5f5ae55c7e
p:  133438.0083455501
5d44e9640c8d249f55e55ca3
p:  107117.99781199702
5d44e9990c8d249f55e55ca4
p:  138358.28231394003
5d44e9b14816ed9857e55c85
p:  161056.69631372206
5d44e9c019999e5f5ae55c80
p:  100349.70798843954
5d44e9c54816ed9857e55c87
p:  202034.9593070118
5d44e9d44816ed9857e55c88
p:  144737.71744170997
5d44eaafb4a93b4523e55cee
p:  283356.86620050983
5d44eab1dc5eda239ce55c8e
p:  136098.0292527325
5d44eac7b4a93b4523e55cf0
p:  227218.45614915795
5d44eb31dc5eda239ce55c90
p:  125690.34468683702
5d44eb65b4a93b4523e55cfb
p:  253194.01167506172
5d44ebeedc5eda239ce55c92
p:  123183.75223599939
5d44ec1c4703a2a220e55caa
p:  176671.10796931363
5d44ec47293dc67162e55cd2
p:  210236.54012584075
5d44ec604816ed9857e55c8e
p:  171248.00434119214
5d44ec97b4a93b4523e55d0c
p:  359878.6641785559
5d44ed14b4a93b4523e55d10
p:  185886.32347459893
5d44ed6cb4a93b4523e55d13
p:  206451.8785294416
5d44ed80b4a93b4523e55d15
p:  137616.89202567155
5d44ed99dc5eda239ce55c96
p:  128676.00706264937
5d44ee08b4a93b4523e55d1d
p:  258940.54100917233
5d44ee4bdc5eda239ce55c99
p:  115928.6691942378
5d44eecba6d42881ece55c8f
p:  212525.08464552386
5d44eee1dc5eda239ce55c9b
p:  153143.54463939124
5d44ef11e6e726aac4e55cbe
p:  146258.22131852584
5d44ef63e6e726aac4e55cbf
p:  163302.1384631315
5d44ef634816ed9857e55c94
p:  134366.81077151588
5d44ef784816ed9857e55c95
p:  268145.8912620438
5d44ef96b4a93b4523e55d36
p:  107084.77871574351
5d44efb64703a2a220e55cae
p:  247738.8693219854
5d44eff84703a2a220e55caf
p:  81254.82572614611
5d44f017b4a93b4523e55d42
p:  106374.77076617586
5d44f020c813b312dfe55cd3
p:  151199.38056472762
5d44f032c813b312dfe55cd4
p:  180570.2662519754
5d44f0534703a2a220e55cb1
p:  215450.72373436083
5d44f103b4a93b4523e55d53
p:  71227.28536198841
5d44f126e6e726aac4e55cc5
p:  210748.48115735484
5d44f139dc5eda239ce55c9d
p:  115928.6691942378
5d44f17ce6e726aac4e55cc6
p:  106637.3456913132
5d44f18f21ea27b301e55cbc
p:  75626.23256097322
5d44f1c24816ed9857e55c97
p:  754788.4402385256
5d44f1ebdc5eda239ce55c9f
p:  111432.50300595863
5d44f218dc5eda239ce55ca0
p:  178854.39544682245
5d44f304dc5eda239ce55ca3
p:  237051.9633254871
5d44f307b4a93b4523e55d6f
p:  113709.06523491254
5d44f384e6e726aac4e55ccd
p:  118945.2167625343
5d44f3c1c813b312dfe55cf3
p:  105511.58403086205
5d44f3c4b4a93b4523e55d79
p:  196528.60328620486
5d44f3da19999e5f5ae55c91
p:  162446.67833460058
5d44f423a9e981df37e55cc9
p:  228184.73568071576
5d44f4dbb4a93b4523e55d8c
p:  104455.42714541343
5d44f502dc5eda239ce55ca6
p:  110699.06113798206
5d44f53ae6e726aac4e55ccf
p:  162179.12225976665
5d44f552e6e726aac4e55cd0
p:  121188.24069717481
5d44f56021ea27b301e55cc2
p:  120423.08954390466
5d44f57adc5eda239ce55ca9
p:  252948.24602016696
5d44f5d9e6e726aac4e55cd2
p:  168774.65628366623
5d44f5f119999e5f5ae55c95
p:  181852.89153072954
5d44f61a4703a2a220e55cbd
p:  112071.22003467841
5d44f628dc5eda239ce55cae
p:  133643.3674101971
5d44f658e6e726aac4e55cd5
p:  255139.53452897765
5d44f67e4703a2a220e55cbf
p:  233284.02250671003
5d44f692dc5eda239ce55caf
p:  167216.5330099647
5d44f6b7dc5eda239ce55cb0
p:  135190.37294011156
5d44f73a19999e5f5ae55c99
p:  89709.46324467458
5d44f76afb5ff19d58e55cbe
p:  195539.29393923515
5d44f796b4a93b4523e55dbf
p:  132967.05549570645
5d44f81419999e5f5ae55c9e
p:  108218.42918316579
5d44f86519999e5f5ae55ca0
p:  110291.13013587435
5d44f87de6e726aac4e55cdc
p:  170021.13225295595
5d44f8ce4703a2a220e55cc2
p:  201317.95733877778
5d44f8ef21ea27b301e55ccd
p:  201098.7907242743
5d44f93521ea27b301e55cce
p:  136734.48237902354
5d44f988c813b312dfe55cfe
p:  105511.58403086205
5d44f9b92a80791330e55cca
p:  173778.03434857412
5d44f9c92a80791330e55ccb
p:  127440.60743998275
5d44f9d52a80791330e55ccc
p:  140214.8383068522
5d44fc8cdc5eda239ce55cb3
p:  111432.50300595863
5d44fcaf4816ed9857e55ca3
p:  166162.50007141856
5d44fcc7e6e726aac4e55cdf
p:  242734.57184783302
5d44fd0d4703a2a220e55cc6
p:  144314.8085575109
5d44fd0f19999e5f5ae55ca7
p:  110550.46635558819
5d44fd864703a2a220e55cc8
p:  121285.82289711175
5d44fddd4703a2a220e55cc9
p:  124565.1411070937
5d44fdea4816ed9857e55caa
p:  209801.81375804482
5d44fe0b4703a2a220e55cca
p:  144820.21214897354
5d44fe452021d6d2bee55ce9
p:  233075.73585397142
5d44fe9721ea27b301e55cd5
p:  162631.94285660656
5d44feb04703a2a220e55ccb
p:  186773.17213509727
5d44ff142a80791330e55cd2
p:  227855.32779653685
5d44ff312a80791330e55cd3
p:  131406.85446737657
5d44ff5ba9e981df37e55cd5
p:  165123.95534649777
5d44ff782a80791330e55cd5
p:  227468.3203619848
5d44ff84a9e981df37e55cd6
p:  178680.2268094053
5d44ff84dc5eda239ce55cb7
p:  145282.24707595358
5d44ffc6dc5eda239ce55cb8
p:  142776.27067164227
5d44fffea9e981df37e55cd7
p:  102925.24060234812
5d450053a9e981df37e55cd9
p:  268204.0824011278
5d45007aa9e981df37e55cda
p:  325139.5159752632
5d4500b021ea27b301e55cdb
p:  74312.22279900865
5d4500d221ea27b301e55cde
p:  190478.16124204858
5d4500f221ea27b301e55ce0
p:  109932.88913283854
5d4501512a80791330e55cdd
p:  116477.88728043088
5d450176a9e981df37e55cdb
p:  252557.36535169114
5d4501c1dc5eda239ce55cbb
p:  148075.90749233053
5d4501ed21ea27b301e55ce3
p:  210867.39717163244
5d45026a4703a2a220e55ccf
p:  176600.91352372375
5d450287c813b312dfe55d13
p:  105511.58403086205
5d4503d54703a2a220e55cd2
p:  137826.61586586176
5d450423dc5eda239ce55cc0
p:  138711.2506350694
5d45046719999e5f5ae55cb9
p:  106246.95412147982
5d4504d64703a2a220e55cd4
p:  106603.67301558449
5d4504f921ea27b301e55ced
p:  169209.30315460206
5d4505464703a2a220e55cd6
p:  150342.12113871425
5d450558a9e981df37e55ce4
p:  285144.3306859228
5d4505a521ea27b301e55cee
p:  127574.17283332351
5d450665dc5eda239ce55cc2
p:  249960.96439092673
5d450699a9e981df37e55ce7
p:  266228.29254134913
5d4506acdc5eda239ce55cc3
p:  218659.57657146332
5d4506e621ea27b301e55cf2
p:  263160.1437761417
5d4506f1dc5eda239ce55cc5
p:  120647.10586839198
5d4507a1a6d42881ece55cc0
p:  189564.7645161008
5d4507e0fb5ff19d58e55cd0
p:  363678.13905466394
5d450800dc5eda239ce55cc7
p:  147917.835742183
5d45084f4703a2a220e55cdb
p:  143079.4804325109
5d45086a293dc67162e55d0f
p:  144368.40740154366
5d450881a6d42881ece55cc2
p:  163530.589095403
5d45088c4703a2a220e55cdd
p:  127976.34927132007
5d450905293dc67162e55d16
p:  232141.7541259145
5d45090e2a80791330e55cf0
p:  143416.32424522872
5d45095ba6d42881ece55cc4
p:  271245.5594075677
5d4509c8a6d42881ece55cc5
p:  118162.17230082757
5d450b892a80791330e55cf9
p:  133787.9506624976
5d450cc72a80791330e55cfc
p:  89257.03745760393
5d450d6f293dc67162e55d2b
p:  73596.64156688229
5d450d9b2021d6d2bee55d1d
p:  173330.3534097841
5d450db72021d6d2bee55d1e
p:  212812.01181954757
5d450ebb19999e5f5ae55cd8
p:  136536.69821871264
5d450ece2021d6d2bee55d25
p:  248929.33496483916
5d450ee0a6d42881ece55cd6
p:  107325.97920400658
5d450f462021d6d2bee55d2a
p:  178744.7416240477
5d450f524816ed9857e55cc2
p:  199559.40736245766
5d450f6f2021d6d2bee55d2b
p:  135086.7169873477
5d450f7c2a80791330e55d06
p:  132344.49585752297
5d450f982021d6d2bee55d2c
p:  102796.47129871037
5d4510752021d6d2bee55d30
p:  173604.4764404347
5d4510922021d6d2bee55d31
p:  230510.0577043004
5d4511282021d6d2bee55d34
p:  123040.41113173153
5d45113b4816ed9857e55cc6
p:  131381.43846012666
5d45114f2021d6d2bee55d35
p:  236540.18399473713
5d45119e2021d6d2bee55d38
p:  223040.33171339807
5d4511ef2021d6d2bee55d3c
p:  260973.9117111812
5d4512172021d6d2bee55d3e
p:  92561.27471530762
5d45123e2021d6d2bee55d40
p:  481919.7239851991
5d45124d2021d6d2bee55d41
p:  162038.4210967876
5d45125b2021d6d2bee55d42
p:  192771.71578387497
5d4512682021d6d2bee55d43
p:  211236.1761160183
5d4512812021d6d2bee55d44
p:  212083.75488750343
5d4512902021d6d2bee55d45
p:  235177.21910821454
5d45132f2a80791330e55d0e
p:  122322.817776279
5d4513482021d6d2bee55d4a
p:  211691.26181673916
5d45139f2021d6d2bee55d4d
p:  144808.82561563372
5d4513a14816ed9857e55ccb
p:  150994.72929769062
5d4513bc2021d6d2bee55d4f
p:  241917.48644837708
5d4513f32021d6d2bee55d53
p:  212500.97627462557
5d4514002021d6d2bee55d54
p:  225534.10101676715
5d4514272021d6d2bee55d56
p:  281835.8591330934
5d4514412021d6d2bee55d57
p:  346836.7218082808
5d4514682021d6d2bee55d59
p:  437292.0516866087
5d4514ed2021d6d2bee55d5d
p:  135448.20399242832
5d45155e4816ed9857e55cce
p:  196824.4308336618
5d4516342a80791330e55d14
p:  201154.85847325105
5d4516e54816ed9857e55cd2
p:  268750.5542416255
5d45180d4816ed9857e55cd5
p:  284340.3938280798
5d45186621ea27b301e55d3a
p:  205952.6580101946
5d45187adc5eda239ce55cf7
p:  303289.57266975264
5d4518fcdc5eda239ce55cf9
p:  238417.07889104102
5d451923dc5eda239ce55cfa
p:  221489.38986557347
5d451a42dc5eda239ce55cfc
p:  303289.57266975264
5d451a9edc5eda239ce55cfd
p:  231076.11431796243
5d451b10dc5eda239ce55cff
p:  239429.7367984297
5d451b3519999e5f5ae55cee
p:  136736.74523800597
5d451ba0dc5eda239ce55d01
p:  234944.53420321655
5d451bd3dc5eda239ce55d02
p:  237447.3916903456
5d451bed19999e5f5ae55cf0
p:  366466.6652226357
5d451c3819999e5f5ae55cf1
p:  183970.7557167503
5d451c68dc5eda239ce55d04
p:  250587.66769372422
5d451c95dc5eda239ce55d05
p:  172495.6416697837
5d451c9719999e5f5ae55cf2
p:  174551.6689546081
5d451e162021d6d2bee55d6b
p:  221773.8823245524
5d451e2ca9e981df37e55d0b
p:  211059.24744348897
5d451e5b2021d6d2bee55d6c
p:  158561.50871179736
5d451eb519999e5f5ae55cf4
p:  131101.54676276998
5d451ed419999e5f5ae55cf5
p:  141952.35187565268
5d451ee819999e5f5ae55cf6
p:  278424.4765889837
5d451eeddc5eda239ce55d06
p:  265242.14650702686
5d451ef4a9e981df37e55d10
p:  371402.75096233655
5d451f0b2021d6d2bee55d6e
p:  176188.39244102384
5d451f8121ea27b301e55d4a
p:  173809.31954160053
5d451fa619999e5f5ae55cf7
p:  216842.7432555157
5d451fc119999e5f5ae55cf8
p:  124925.5581100306
5d451fe42a80791330e55d2f
p:  121248.79220369649
5d452083a6d42881ece55d06
p:  334224.8401553489
5d4520db19999e5f5ae55cfa
p:  213943.84759852506
5d4520f919999e5f5ae55cfb
p:  117749.69337323468
5d4521342021d6d2bee55d73
p:  253813.51830335855
5d452144e6e726aac4e55d3c
p:  191059.8507524728
5d4521534816ed9857e55ce3
p:  120929.64006097396
5d4521832021d6d2bee55d74
p:  191683.78053979453
5d452185e6e726aac4e55d3d
p:  191612.97765752662
5d4521ecfb5ff19d58e55cfb
p:  333578.2715438956
5d4521f319999e5f5ae55cfc
p:  134148.8139214391
5d452203a6d42881ece55d0b
p:  176690.96459944284
5d45226b4816ed9857e55ce4
p:  206931.25452728692
5d452296a6d42881ece55d0f
p:  263337.4234081914
5d4522a0dc5eda239ce55d09
p:  172578.82894760504
5d452375293dc67162e55d78
p:  198515.59817982258
5d4523aea6d42881ece55d11
p:  320833.7671724046
5d45241f19999e5f5ae55d00
p:  146110.7665532001
5d45249719999e5f5ae55d01
p:  199245.7036391938
5d4524c6dc5eda239ce55d0b
p:  262022.330419932
5d4524cd19999e5f5ae55d02
p:  198082.4839398039
5d4524d6293dc67162e55d79
p:  173162.30180598193
5d4524f8293dc67162e55d7a
p:  130248.62025058459
5d45250f2021d6d2bee55d7c
p:  178851.8122968393
5d452518293dc67162e55d7b
p:  154409.56058364408
5d4525a0293dc67162e55d7c
p:  130248.62025058459
5d4525a2e6e726aac4e55d43
p:  152877.78824358492
5d4525a54816ed9857e55cea
p:  144458.28882956583
5d4525fea9e981df37e55d1e
p:  171910.5871811069
5d4526174816ed9857e55ceb
p:  275572.56916545704
5d45262219999e5f5ae55d06
p:  326663.2246360001
5d452624293dc67162e55d7e
p:  232753.0825391693
5d45262bb4a93b4523e55e43
p:  458989.2900779011
5d4526574816ed9857e55cec
p:  406473.91394591227
5d45269921ea27b301e55d5d
p:  185200.03443049506
5d4526a0b4a93b4523e55e44
p:  223882.20647583046
5d4526cf19999e5f5ae55d08
p:  228481.5965723956
5d4526d0e6e726aac4e55d46
p:  176609.51127924898
5d45274f293dc67162e55d7f
p:  128465.71643157509
5d452768dc5eda239ce55d11
p:  168033.2172059801
5d452789dc5eda239ce55d12
p:  199628.32834509076
5d45278c2021d6d2bee55d83
p:  443144.24106261856
5d452793a6d42881ece55d1b
p:  324321.4297672634
5d4528022021d6d2bee55d84
p:  118254.94256951648
5d452850293dc67162e55d83
p:  143583.8266778965
5d45285a19999e5f5ae55d09
p:  139601.03889664955
5d452887dc5eda239ce55d14
p:  236202.01765365014
5d4528aa2021d6d2bee55d85
p:  115016.96102739371
5d45290a2021d6d2bee55d86
p:  496482.62145874556
5d45290ee6e726aac4e55d47
p:  144356.7014247101
5d45290e293dc67162e55d87
p:  176240.62447391235
5d45292b293dc67162e55d88
p:  183978.5017207609
5d452930a6d42881ece55d20
p:  330398.3483112658
5d452963e6e726aac4e55d49
p:  158303.66102654117
5d45298ba6d42881ece55d21
p:  176803.39457479573
5d4529a1c813b312dfe55d7c
p:  179787.7511986933
5d4529bce6e726aac4e55d4b
p:  126740.84778296077
5d4529bd4816ed9857e55cf7
p:  358373.6662668741
5d4529cee6e726aac4e55d4c
p:  126740.84778296077
5d4529dfe6e726aac4e55d4d
p:  124780.00891423372
5d4529ede6e726aac4e55d4e
p:  148063.87790968217
5d4529fbe6e726aac4e55d4f
p:  138535.25588656138
5d4529fc2021d6d2bee55d89
p:  177860.72437813965
5d452a0ae6e726aac4e55d50
p:  485742.123835072
5d452a16fb5ff19d58e55d05
p:  326119.59725034883
5d452a1ae6e726aac4e55d51
p:  149393.98766001547
5d452a24dc5eda239ce55d17
p:  264486.6409568421
5d452a28e6e726aac4e55d52
p:  129448.2940989109
5d452a2a293dc67162e55d8a
p:  214666.67344281264
5d452a35e6e726aac4e55d53
p:  183764.08126360958
5d452a40dc5eda239ce55d18
p:  163261.71187444034
5d452a54e6e726aac4e55d55
p:  167712.28228335112
5d452a64e6e726aac4e55d56
p:  162325.7212936635
5d452a6fb4a93b4523e55e4b
p:  236561.19657923415
5d452a71e6e726aac4e55d57
p:  218785.71635564056
5d452a78dc5eda239ce55d1a
p:  177919.7985509223
5d452a81e6e726aac4e55d58
p:  144545.23096859534
5d452a8fdc5eda239ce55d1b
p:  314063.5639717387
5d452ab3e6e726aac4e55d5b
p:  143606.82643026934
5d452ac3e6e726aac4e55d5c
p:  131191.58936180445
5d452acb19999e5f5ae55d0d
p:  225231.9563320733
5d452ace293dc67162e55d8c
p:  140734.7476962197
5d452ad3e6e726aac4e55d5d
p:  155239.51845059003
5d452b2ee6e726aac4e55d5f
p:  140375.77044275802
5d452b3119999e5f5ae55d0e
p:  202274.32935420502
5d452b444703a2a220e55d37
p:  208649.63134849718
5d452b55c813b312dfe55d80
p:  216962.26386065033
5d452b59a9e981df37e55d2a
p:  370831.20832865196
5d452c3519999e5f5ae55d10
p:  201705.9925149252
5d452c4ea6d42881ece55d29
p:  181471.99672371836
5d452ca4a6d42881ece55d2a
p:  340863.7482507745
5d452ce8b4a93b4523e55e4d
p:  192117.98007735098
5d452cf8e6e726aac4e55d62
p:  163383.44055063074
5d452d3ddc5eda239ce55d24
p:  108596.11837344154
5d452d7ce6e726aac4e55d63
p:  208420.62060163217
5d452db9a9e981df37e55d31
p:  203395.03326345398
5d452dc8dc5eda239ce55d26
p:  229167.56616360118
5d452de219999e5f5ae55d11
p:  209963.14689966783
5d452e8f19999e5f5ae55d14
p:  232231.32862813232
5d452f49dc5eda239ce55d29
p:  134753.37301609735
5d452f85dc5eda239ce55d2a
p:  249084.35112891428
5d452f86fb5ff19d58e55d0d
p:  215914.79746298146
5d452fad4816ed9857e55d06
p:  242804.59584935688
5d452fb9e6e726aac4e55d68
p:  227932.65721749986
5d453061dc5eda239ce55d2c
p:  119333.23587245356
5d4530fda6d42881ece55d34
p:  260404.69665139253
5d45315319999e5f5ae55d16
p:  228975.72118539212
5d4531662021d6d2bee55d94
p:  220745.91768474958
5d4531dc2021d6d2bee55d95
p:  184932.52608994185
5d45320719999e5f5ae55d18
p:  212058.07890126843
5d45321e19999e5f5ae55d19
p:  194480.2991626049
5d4532264703a2a220e55d47
p:  286370.71862027457
5d4532cf19999e5f5ae55d1c
p:  184069.37296747824
5d453323c813b312dfe55d89
p:  323365.770934885
5d453354b4a93b4523e55e59
p:  295005.1160511371
5d45337db4a93b4523e55e5a
p:  267643.6219494621
5d4533acc813b312dfe55d8a
p:  173507.81022686983
5d45342f4816ed9857e55d16
p:  215492.51631843497
5d453437c813b312dfe55d8b
p:  215523.4025988942
5d45346ae6e726aac4e55d6f
p:  124771.98133542208
5d45346ec813b312dfe55d8c
p:  253021.44695788942
5d453476b4a93b4523e55e5b
p:  272778.83666800754
5d45351dc813b312dfe55d8e
p:  182398.65547532722
5d453535293dc67162e55da2
p:  166870.28961541725
5d453560a6d42881ece55d42
p:  261687.4021710481
5d453591a6d42881ece55d43
p:  215466.81129982002
5d45359e2021d6d2bee55da3
p:  265263.6114251
5d4535a54816ed9857e55d19
p:  219497.16179900494
5d4535f1dc5eda239ce55d32
p:  167834.2503151133
5d45361719999e5f5ae55d22
p:  208278.03046782903
5d45362ec813b312dfe55d91
p:  316968.2667790015
5d453657fb5ff19d58e55d18
p:  438711.0013181715
5d45365d19999e5f5ae55d23
p:  212255.15515076934
5d4536b5fb5ff19d58e55d1a
p:  214499.63783497454
5d45372a19999e5f5ae55d25
p:  283018.6590403312
5d4537874703a2a220e55d54
p:  286370.71862027457
5d453796fb5ff19d58e55d1c
p:  283930.0750304505
5d4537a9a9e981df37e55d94
p:  132534.75530652775
5d4537c2dc5eda239ce55d35
p:  133740.40619597927
5d453800fb5ff19d58e55d1e
p:  220299.6793465225
5d4538354816ed9857e55d1b
p:  224194.41113951377
5d45383fc813b312dfe55d97
p:  206195.19922353924
5d45385d2021d6d2bee55dac
p:  296925.8384440483
5d4538872a80791330e55d5f
p:  94173.12127194545
5d453896a6d42881ece55d4e
p:  203528.5917365395
5d4538b2a6d42881ece55d4f
p:  265106.24826239794
5d4538c7e6e726aac4e55d7e
p:  239601.89081760304
5d4538e0293dc67162e55dad
p:  103743.27621578868
5d4538e5e6e726aac4e55d7f
p:  241692.3170846745
5d4538e8a6d42881ece55d50
p:  194110.85857419512
5d4538ef4816ed9857e55d1c
p:  149194.52254542493
5d4538ffc813b312dfe55d9a
p:  336477.13586564397
5d453924293dc67162e55dae
p:  124002.32163775885
5d453937e6e726aac4e55d84
p:  188347.04825351032
5d453943e6e726aac4e55d85
p:  112859.93295922207
5d45394419999e5f5ae55d2b
p:  212019.7201407321
5d4539484816ed9857e55d1e
p:  212578.6209025081
5d453975293dc67162e55daf
p:  180424.15311294544
5d453981a9e981df37e55da1
p:  75205.31163202686
5d4539a7c813b312dfe55d9c
p:  237036.9304556019
5d4539b82021d6d2bee55db1
p:  247193.87806358814
5d4539cdc813b312dfe55d9d
p:  196797.45817127184
5d4539e3e6e726aac4e55d89
p:  155551.8123713087
5d453a16293dc67162e55db0
p:  203955.1289504144
5d453a30e6e726aac4e55d8b
p:  267735.02240681904
5d453a33c813b312dfe55d9e
p:  186201.52403202106
5d453a44e6e726aac4e55d8c
p:  267735.02240681904
5d453a4da9e981df37e55da7
p:  426033.71140572714
5d453a67c813b312dfe55d9f
p:  154328.2894344494
5d453a68a9e981df37e55da9
p:  89494.40538202686
5d453a6ee6e726aac4e55d8d
p:  267735.02240681904
5d453a7ee6e726aac4e55d8e
p:  267735.02240681904
5d453a8de6e726aac4e55d8f
p:  267735.02240681904
5d453a99e6e726aac4e55d90
p:  181152.77960582255
5d453aa9c813b312dfe55da0
p:  171695.51634103135
5d453ab2e6e726aac4e55d92
p:  231113.88794658176
5d453ab5a9e981df37e55dae
p:  168068.30808751943
5d453abfe6e726aac4e55d93
p:  255296.2289124879
5d453ac12021d6d2bee55db8
p:  239210.69772642408
5d453ad8e6e726aac4e55d95
p:  247356.07877039822
5d453ae9a6d42881ece55d55
p:  484706.62887856516
5d453b102021d6d2bee55dba
p:  182944.3357647837
5d453b5f4816ed9857e55d20
p:  262452.91149093944
5d453b7aa9e981df37e55db4
p:  91622.17887179137
5d453b8ec813b312dfe55da1
p:  207359.96767120477
5d453b93293dc67162e55db2
p:  213158.578042012
5d453bb9dc5eda239ce55d39
p:  131428.0826059377
5d453bbec813b312dfe55da2
p:  317238.74089955445
5d453bdab4a93b4523e55e69
p:  333140.78482276294
5d453bf7293dc67162e55db3
p:  151926.90357787162
5d453c35e6e726aac4e55d9a
p:  151441.42075335284
5d453c49293dc67162e55db4
p:  120208.81756308643
5d453c5ce6e726aac4e55d9b
p:  354518.84661846136
5d453cade6e726aac4e55da0
p:  290597.0716879036
5d453cc8c813b312dfe55da3
p:  317398.6865211909
5d453cd4e6e726aac4e55da3
p:  167339.49388413498
5d453d1a4816ed9857e55d23
p:  136886.9144642238
5d453d1ee6e726aac4e55da8
p:  156082.57848997717
5d453d4fdc5eda239ce55d3d
p:  318723.50428240385
5d453d5019999e5f5ae55d36
p:  200100.1939538765
5d453d68dc5eda239ce55d3e
p:  221762.6941646096
5d453d7a293dc67162e55db6
p:  113433.20644539174
5d453dcbe6e726aac4e55db2
p:  411519.66176819627
5d453df2a6d42881ece55d5e
p:  234367.35627379105
5d453df8e6e726aac4e55db5
p:  147285.48099251866
5d453e2edc5eda239ce55d3f
p:  192717.87534246215
5d453e45c813b312dfe55da6
p:  200957.22100601305
5d453e50e6e726aac4e55dbc
p:  273536.9281396583
5d453ea7e6e726aac4e55dc3
p:  138804.56629976523
5d453ee2c813b312dfe55da7
p:  323364.14135818975
5d453f01c813b312dfe55da8
p:  192839.5399026966
5d453f2ddc5eda239ce55d40
p:  178348.6284682711
5d453f2d4816ed9857e55d25
p:  133264.47755767492
5d453f36e6e726aac4e55dc9
p:  178580.45964775688
5d453f7b4816ed9857e55d28
p:  204588.4330806685
5d453f7be6e726aac4e55dce
p:  143354.829871515
5d453fc9a9e981df37e55dda
p:  157885.90074149307
5d454094dc5eda239ce55d43
p:  218466.95092011374
5d4540a3a9e981df37e55de3
p:  235474.50583024652
5d4540eec813b312dfe55daa
p:  186281.21138512157
5d4540fa293dc67162e55db7
p:  103383.2404376823
5d454126dc5eda239ce55d44
p:  393004.77995830716
5d45414e293dc67162e55dbb
p:  137854.28982446055
5d45415f293dc67162e55dbc
p:  176899.8618272799
5d4541a2a9e981df37e55ded
p:  81667.83413894435
5d4541a9e6e726aac4e55df7
p:  73431.25115557369
5d45421efb5ff19d58e55d3b
p:  282217.28848672257
5d454285dc5eda239ce55d45
p:  335613.48726738524
5d4542f0c813b312dfe55daf
p:  258199.6795325237
5d45432b2021d6d2bee55dd2
p:  307014.2009588337
5d454360293dc67162e55dbf
p:  169322.13395741512
5d4543c5293dc67162e55dc0
p:  168962.10568450694
5d45443f4816ed9857e55d39
p:  298488.2992189656
5d45449f293dc67162e55dc2
p:  190687.94745812152
5d4544bd4816ed9857e55d3a
p:  247860.90508737203
5d4544f6293dc67162e55dc3
p:  190687.94745812152
5d45454a293dc67162e55dc5
p:  164033.86496449972
5d45458edc5eda239ce55d4b
p:  153542.90367902495
5d454600dc5eda239ce55d4e
p:  221553.45177823812
5d454624dc5eda239ce55d4f
p:  218466.95092011374
5d454649dc5eda239ce55d50
p:  208173.59991572247
5d45464a293dc67162e55dc7
p:  313630.89097622316
5d454695dc5eda239ce55d52
p:  221489.38986557347
5d4546b3a6d42881ece55d73
p:  194407.63353534043
5d4546b9dc5eda239ce55d53
p:  189955.9724843971
5d4546dedc5eda239ce55d54
p:  232722.99800347618
5d454705c813b312dfe55db8
p:  209678.08557984064
5d454729dc5eda239ce55d56
p:  222188.5570684272
5d454738a6d42881ece55d77
p:  215748.87380173072
5d45476bb4a93b4523e55e80
p:  275927.89077339286
5d4547c9a6d42881ece55d7a
p:  332195.92762331676
5d4547e7293dc67162e55dcb
p:  199487.52478378295
5d454896c813b312dfe55dc0
p:  300319.44560194446
5d454a93fb5ff19d58e55d46
p:  106817.89348130485
5d454dce4816ed9857e55d49
p:  351342.3449883763
5d454ec0293dc67162e55ddd
p:  290763.7869261222
5d454eefdc5eda239ce55d8c
p:  276979.5785568608
5d454efe2021d6d2bee55e09
p:  210435.20313170308
5d454f3f293dc67162e55de1
p:  261358.8592593966
5d454f572a80791330e55d93
p:  280822.0320816813
5d454f83293dc67162e55de3
p:  198050.8335609259
5d454ffa293dc67162e55de6
p:  278196.1827050835
5d455016293dc67162e55de7
p:  278076.9545977253
5d4550c34816ed9857e55d54
p:  413030.66736171825
5d45510c293dc67162e55ded
p:  385941.7526793921
5d4551332a80791330e55d97
p:  178386.65873450844
5d45514cfb5ff19d58e55d81
p:  107256.63307607041
5d45515bfb5ff19d58e55d82
p:  212727.69446982024
5d455190fb5ff19d58e55d84
p:  204964.96727595833
5d455226fb5ff19d58e55d8a
p:  227397.79419653612
5d455288fb5ff19d58e55d8e
p:  262076.20594936053
5d45529eb4a93b4523e55e99
p:  84599.72615449587
5d4552a74703a2a220e55dab
p:  93284.4418460652
5d45536fdc5eda239ce55dab
p:  137099.12722339277
5d455470fb5ff19d58e55d9f
p:  93754.31828296039
5d455474e6e726aac4e55eb3
p:  152774.03061302594
5d4554fcfb5ff19d58e55da3
p:  102801.70490751037
5d455501a9e981df37e55e2c
p:  191720.27206887468
5d45550afb5ff19d58e55da4
p:  293498.18623951497
5d4555f3c813b312dfe55ddc
p:  216384.52226557847
5d4557184703a2a220e55db8
p:  145646.2072328003
5d4558c6fb5ff19d58e55dc2
p:  292800.01556151547
5d455967dc5eda239ce55dd4
p:  216830.27634038875
5d4559cf4703a2a220e55dc2
p:  130592.52095147711
5d4559d7dc5eda239ce55dd7
p:  132947.7625733617
5d4559fcdc5eda239ce55dd8
p:  171389.98547921452
5d455a4dfb5ff19d58e55dcf
p:  136673.06894075655
5d455b6edc5eda239ce55de2
p:  190337.10399788024
5d455bd0fb5ff19d58e55dde
p:  151949.34527368355
5d455c07dc5eda239ce55de6
p:  193425.17556373138
5d455ce3e6e726aac4e55ec2
p:  225202.6970729669
5d455ce7dc5eda239ce55dec
p:  238798.05490575725
5d455d9de6e726aac4e55ec5
p:  405809.81669690425
5d455dc7dc5eda239ce55df2
p:  238202.90583461957
5d455dd8fb5ff19d58e55df6
p:  232669.343109434
5d455df64703a2a220e55dce
p:  209415.05305608374
5d455e9bfb5ff19d58e55e00
p:  190740.81132914
5d455ef7fb5ff19d58e55e03
p:  245421.67080392654
5d455f03b4a93b4523e55eb3
p:  202014.28133465094
5d455f66dc5eda239ce55dfd
p:  173581.59403672136
5d456090dc5eda239ce55e05
p:  389338.2956585301
5d4560b4dc5eda239ce55e06
p:  238033.55632516602
5d4560d7fb5ff19d58e55e13
p:  192149.7806251031
5d456172fb5ff19d58e55e18
p:  353148.97554130177
5d4561a119999e5f5ae55d8f
p:  156349.03763752303
5d4561bb4703a2a220e55ddb
p:  226471.54261117763
5d4561c44816ed9857e55d7e
p:  183963.915191711
5d4562014703a2a220e55ddd
p:  190355.07992887616
5d45623bb4a93b4523e55ebc
p:  174549.3910625946
5d45625db4a93b4523e55ebd
p:  287655.3212869961
5d4562a0a6d42881ece55dd0
p:  87893.8663050363
5d4562d021ea27b301e55ddf
p:  139258.35771182235
5d4562f74703a2a220e55de1
p:  101155.15922962927
5d45630221ea27b301e55de1
p:  160741.00699680147
5d4563fb4703a2a220e55de4
p:  143758.63390018494
5d45641ce6e726aac4e55ed1
p:  160250.85508092324
5d45643de6e726aac4e55ed2
p:  270530.5205006901
5d4564774703a2a220e55de6
p:  337806.40555259684
5d45648ac813b312dfe55dfe
p:  206357.3694466845
5d45649d19999e5f5ae55d9f
p:  325133.2548776425
5d45655dfb5ff19d58e55e42
p:  166396.4725203117
5d45656aa9e981df37e55e55
p:  119271.50239263076
5d45657bfb5ff19d58e55e43
p:  209049.10176469735
5d45658c4816ed9857e55d89
p:  289382.9463326065
5d4565c6fb5ff19d58e55e46
p:  158826.78761458403
5d4565e819999e5f5ae55da5
p:  313346.94265353086
5d45660021ea27b301e55deb
p:  107509.08448913677
5d456631a6d42881ece55dda
p:  237529.1770460759
5d45663fb4a93b4523e55ec4
p:  95544.18075529391
5d4566a02a80791330e55dbf
p:  293454.62811412563
5d4566a5e6e726aac4e55ed9
p:  233080.0752820752
5d4566db293dc67162e55e29
p:  288959.44483831583
5d4566f719999e5f5ae55daa
p:  251641.89617746047
5d45670c19999e5f5ae55dab
p:  361460.09715052415
5d45672a4703a2a220e55de7
p:  232371.41645911505
5d456753293dc67162e55e2b
p:  273096.6196716556
5d4568582021d6d2bee55e77
p:  129090.51165516725
5d45689e4703a2a220e55dec
p:  194512.28213952988
5d4569ed2021d6d2bee55e7d
p:  113634.67860736277
5d456a63fb5ff19d58e55e75
p:  182041.2494619154
5d456aba4703a2a220e55df1
p:  89990.58215136512
5d456b4d2021d6d2bee55e82
p:  59564.001515216136
5d456bc0e6e726aac4e55ef9
p:  182385.36298876227
5d456d1ffb5ff19d58e55e8a
p:  134060.54914227777
5d456dd9c813b312dfe55e21
p:  109121.45084392361
5d456deb293dc67162e55e3a
p:  77603.11428348646
5d456e092a80791330e55dd3
p:  216304.4036942215
5d45703ce6e726aac4e55f04
p:  380459.54375230585
5d4570760c8d249f55e55e0e
p:  205999.39597473617
5d45711a21ea27b301e55dfd
p:  90939.81770258938
5d45722a2021d6d2bee55e96
p:  259956.10867252716
5d4575cd4816ed9857e55da7
p:  78278.17505919895
5d457ac40c8d249f55e55e23
p:  134244.8505663879
5d457b5f0c8d249f55e55e25
p:  105919.60884707968
5d457bfaa9e981df37e55eac
p:  110182.26780610197
5d457d200c8d249f55e55e2c
p:  175625.40345496236
5d457f60fb5ff19d58e55f35
p:  107794.14819094678
5d457fa60c8d249f55e55e34
p:  116936.33994761547
5d457fcf0c8d249f55e55e36
p:  140063.0500294123
5d457ff50c8d249f55e55e37
p:  116318.68107561329
5d45805bfb5ff19d58e55f3d
p:  100926.46496252125
5d4580814816ed9857e55dc5
p:  202105.28014979596
5d45818bfb5ff19d58e55f4b
p:  202585.98393260717
5d458236fb5ff19d58e55f54
p:  147659.18114420946
5d4584ecb4a93b4523e55f10
p:  178452.69101079545
5d458b5019999e5f5ae55e19
p:  381961.3083395796
For ['Bullitt', 'Estill', 'Garrard', 'Lincoln', 'Madison', 'Marion', 'Nelson', 'Rockcastle']#################################################################
train score for random_forest: 0.9243592325068196
test score for random_forest: 0.5463934788748019
The mean absolute error is:$ 72953.01594202874
r_Score: 0.5101552673276981
Voting Regressor (in): 0.9642318384817843
Voting Regressor: 0.5101552673276981
5d449e36c813b312dfe55bf4
p:  467450.87269457197
5d449f50293dc67162e55bf4
p:  97291.02664244254
5d449f84293dc67162e55bf5
p:  97291.02664244254
5d449fc1c813b312dfe55bfa
p:  163205.52477064967
5d449fcbc813b312dfe55bfb
p:  154799.05802826482
5d44a19cc813b312dfe55bfc
p:  166732.78401371522
5d44ab50fb5ff19d58e55c15
p:  271213.74966566346
5d44ae15fb5ff19d58e55c1b
p:  258800.7125521237
5d44b20afb5ff19d58e55c24
p:  295858.8934066136
5d44b310c813b312dfe55c2f
p:  166726.02648411988
5d44b464c813b312dfe55c33
p:  119242.75101416395
5d44c450fb5ff19d58e55c47
p:  121887.8925531092
5d44c4a8fb5ff19d58e55c4a
p:  143906.8930590129
5d44c960fb5ff19d58e55c54
p:  237200.2296501049
5d44c971fb5ff19d58e55c55
p:  237200.2296501049
5d44dc58fb5ff19d58e55c8e
p:  141859.95298369817
5d450a23e6e726aac4e55d00
p:  119327.92595494742
5d450a88b4a93b4523e55e02
p:  108178.40315369888
5d450f0bdc5eda239ce55cdd
p:  87680.71494507085
5d45124ddc5eda239ce55ce7
p:  101176.56568633064
5d4516150c8d249f55e55d22
p:  103397.4883020808
5d4519c60c8d249f55e55d29
p:  246765.50356441562
5d451fcf0c8d249f55e55d2f
p:  194513.0415713063
5d4526ca0c8d249f55e55d3a
p:  55133.26995174873
5d45271e0c8d249f55e55d3c
p:  143536.90156946453
5d4528f60c8d249f55e55d40
p:  142429.1257654199
5d4529430c8d249f55e55d42
p:  132708.70816387964
5d4529690c8d249f55e55d43
p:  87799.41288141368
5d4529900c8d249f55e55d44
p:  188009.73099345042
5d452af70c8d249f55e55d4d
p:  220350.3525069396
5d452b700c8d249f55e55d50
p:  65307.12275994508
5d452e390c8d249f55e55d5d
p:  309871.61855072627
5d452e790c8d249f55e55d5e
p:  95901.70723757084
5d452ead0c8d249f55e55d5f
p:  95901.70723757084
5d45318b0c8d249f55e55d70
p:  129143.91042826988
5d4531a60c8d249f55e55d72
p:  250852.51937131915
5d4531f60c8d249f55e55d73
p:  316895.5594810754
5d4532ab0c8d249f55e55d76
p:  208958.7318728932
5d45362e0c8d249f55e55d7a
p:  103348.35357439872
5d4536a00c8d249f55e55d7d
p:  85559.75730318617
5d453a350c8d249f55e55d86
p:  112583.09706006551
5d453bae0c8d249f55e55d8a
p:  81435.32435236945
5d453d1c0c8d249f55e55d8f
p:  95901.70723757084
5d4544f80c8d249f55e55da1
p:  205156.0800627154
5d4547e60c8d249f55e55dae
p:  96412.15506891368
5d454a9d0c8d249f55e55db8
p:  78424.572401616
For ['Adair', 'Allen', 'Barren', 'Breckinridge', 'Caldwell', 'Casey', 'Christian', 'Clinton', 'Crittenden', 'Cumberland', 'Green', 'Hardin', 'Hart', 'Hopkins', 'Larue', 'Livingston', 'Logan', 'Lyon', 'Meade', 'Metcalfe', 'Monroe', 'Pulaski', 'Russell', 'Simpson', 'Taylor', 'Todd', 'Trigg', 'Warren', 'Wayne']#################################################################
train score for random_forest: 0.9260420538568117
test score for random_forest: 0.624269007163807
The mean absolute error is:$ 58713.059601262365
r_Score: 0.6334905464991204
Voting Regressor (in): 0.9329494586626251
Voting Regressor: 0.6334905464991204
5d38c5227110e453a0b03b18
p:  83356.17207560089
5d44a5352a80791330e55bfd
p:  235817.41408562713
5d44a7c62a80791330e55c05
p:  239088.5715703791
5d44a9b4dc5eda239ce55c05
p:  117205.30038305743
5d44aa1da6d42881ece55c01
p:  99302.63133458077
5d44abcb2a80791330e55c18
p:  110526.9461457593
5d44ace3dc5eda239ce55c09
p:  146399.56894894424
5d44acef0c8d249f55e55c30
p:  203504.6294485256
5d44add7dc5eda239ce55c0b
p:  139649.56491002446
5d44adf6a9e981df37e55c20
p:  193473.6864701666
5d44ae3bdc5eda239ce55c0e
p:  129270.23764341907
5d44ae774816ed9857e55c24
p:  230228.15971801954
5d44aebca9e981df37e55c22
p:  135885.30721453857
5d44aee4a9e981df37e55c23
p:  208881.0319707393
5d44af1cdc5eda239ce55c0f
p:  237928.7044363157
5d44af2b0c8d249f55e55c35
p:  223536.11845457111
5d44af4adc5eda239ce55c10
p:  117417.36376934314
5d44b1320c8d249f55e55c37
p:  223943.2883290782
5d44b1c8dc5eda239ce55c15
p:  115933.86652086169
5d44b1e50c8d249f55e55c3b
p:  221668.23349939007
5d44b3740c8d249f55e55c43
p:  253697.32290158744
5d44b413dc5eda239ce55c1a
p:  153875.09578272703
5d44b46edc5eda239ce55c1b
p:  151143.94725560173
5d44b480dc5eda239ce55c1c
p:  167844.65046818386
5d44b5aadc5eda239ce55c1d
p:  107126.02166694374
5d44b5bcdc5eda239ce55c1e
p:  107126.02166694374
5d44b664dc5eda239ce55c23
p:  107126.02166694374
5d44b694dc5eda239ce55c24
p:  90239.65421327742
5d44b6a7a9e981df37e55c36
p:  213535.38744769458
5d44b717dc5eda239ce55c27
p:  160665.24354992248
5d44ba9ba9e981df37e55c3e
p:  216627.03163369588
5d44bb00dc5eda239ce55c2c
p:  144889.7827246383
5d44bb9fdc5eda239ce55c2d
p:  116350.89146045517
5d44bbd1dc5eda239ce55c2e
p:  147545.11406271363
5d44bd35a9e981df37e55c44
p:  193473.6864701666
5d44be7aa9e981df37e55c46
p:  224056.72754804842
5d44bf3adc5eda239ce55c36
p:  133816.41813783036
5d44bf9fdc5eda239ce55c38
p:  111390.86520768295
5d44c188dc5eda239ce55c3f
p:  264647.97491394635
5d44c24edc5eda239ce55c40
p:  198765.49037690833
5d44c449dc5eda239ce55c43
p:  146772.5935954086
5d44c4d3dc5eda239ce55c46
p:  197613.1882307004
5d44c720dc5eda239ce55c4b
p:  171478.66493523167
5d458d6021ea27b301e55e41
p:  122922.74060766223
5d4596722021d6d2bee55eec
p:  195255.7913827757
5d4597092021d6d2bee55eed
p:  171438.30375218156
5d4597ad2021d6d2bee55eee
p:  166260.63047737963
5d4598172021d6d2bee55eef
p:  271921.77053703985
5d45991c2021d6d2bee55ef0
p:  126028.05232214389
5d45991ce6e726aac4e55f6a
p:  258563.6252587989
5d45995b2021d6d2bee55ef1
p:  157806.39689398825
5d459b572021d6d2bee55ef4
p:  356320.18319962465
5d459c1be6e726aac4e55f70
p:  160085.7821969207
5d459c812021d6d2bee55ef7
p:  137287.48665768033
5d459d134816ed9857e55e16
p:  220472.47348025226
5d459d444816ed9857e55e17
p:  302778.18577565206
5d459d814816ed9857e55e18
p:  207356.7586701156
5d459dac2021d6d2bee55ef9
p:  207506.76873134135
5d459f79e6e726aac4e55f74
p:  181869.17690063178
5d459f9b2021d6d2bee55efd
p:  132430.3389601304
5d459fbbe6e726aac4e55f75
p:  139455.63525550067
5d45a0312021d6d2bee55f00
p:  136662.6309716832
5d45a05ce6e726aac4e55f77
p:  454856.17167048494
5d45a0ece6e726aac4e55f7b
p:  265552.6696979555
5d45a1222021d6d2bee55f05
p:  195926.15222531755
5d45a14e2021d6d2bee55f07
p:  448467.6148468482
5d45a1902021d6d2bee55f09
p:  233895.06982422312
5d45a1b12021d6d2bee55f0b
p:  153937.37155680082
5d45a1c52021d6d2bee55f0c
p:  187222.98273699722
5d45a1d30c8d249f55e55e92
p:  166676.59930302942
5d45a1dd4816ed9857e55e21
p:  176460.87495502486
5d45a2430c8d249f55e55e96
p:  178061.76657788362
5d45a2704816ed9857e55e24
p:  233190.49381350097
5d45a2bd0c8d249f55e55e99
p:  211403.12774619606
5d45a4b44703a2a220e55eb3
p:  75801.88412859318
5d45a5ab2021d6d2bee55f0f
p:  209956.9035222091
5d45a5d32021d6d2bee55f10
p:  200777.73628855433
5d45a6044816ed9857e55e2d
p:  228088.33537524357
5d45a793fb5ff19d58e56096
p:  80229.67139849754
5d45a999fb5ff19d58e560a7
p:  136510.41085351826
5d45a9c24816ed9857e55e34
p:  135676.89740757277
5d45a9d2fb5ff19d58e560a9
p:  106480.78622501908
5d45a9f7fb5ff19d58e560aa
p:  141495.52453115792
5d45aa222021d6d2bee55f1a
p:  135263.69402791475
5d45aa902021d6d2bee55f1b
p:  168514.44268448738
5d45ab83293dc67162e55f13
p:  98843.83407007458
5d45ac874816ed9857e55e39
p:  308588.0686982196
5d45ac8cfb5ff19d58e560c2
p:  81863.01907442883
5d45acb64816ed9857e55e3b
p:  167442.99045827967
5d45adcb2021d6d2bee55f25
p:  166260.63047737963
5d45add0293dc67162e55f18
p:  97486.23422862511
5d45ae0ee6e726aac4e55f8f
p:  139967.37540876307
5d45ae35293dc67162e55f19
p:  149257.72358326917
5d45ae4c293dc67162e55f1a
p:  98843.83407007458
5d45ae71fb5ff19d58e560d0
p:  84717.18878924083
5d45ae73293dc67162e55f1b
p:  111679.07928098578
5d45ae8b293dc67162e55f1c
p:  105672.57252307204
5d45aecce6e726aac4e55f92
p:  127535.82184615178
5d45af222a80791330e55ea1
p:  127082.37192725862
5d45af562a80791330e55ea4
p:  96433.31713651333
5d45af8d293dc67162e55f1e
p:  111464.3800282013
5d45afe62a80791330e55eaa
p:  94370.82782204245
5d45b048293dc67162e55f20
p:  77636.36384612118
5d45b065fb5ff19d58e560e0
p:  106159.19594493792
5d45b091293dc67162e55f21
p:  111464.3800282013
5d45b0b1fb5ff19d58e560e2
p:  98662.4492478264
5d45b0c42021d6d2bee55f30
p:  139922.0211693044
5d45b0eafb5ff19d58e560e4
p:  104416.24954937711
5d45b125293dc67162e55f24
p:  117392.28747287864
5d45b143fb5ff19d58e560e8
p:  99606.87589798245
5d45b1f04816ed9857e55e42
p:  247098.58079836017
5d45b23e2a80791330e55eb2
p:  134643.61964905701
5d45b2f82021d6d2bee55f39
p:  145549.9714346391
5d45b390293dc67162e55f2a
p:  103503.51211006544
5d45b3d9e6e726aac4e55f99
p:  685048.3568263557
5d45b42b4816ed9857e55e47
p:  143119.63911023163
5d45b5fd0c8d249f55e55ec4
p:  97302.20540339981
5d45b640e6e726aac4e55fa0
p:  147151.59306609578
5d45b6802021d6d2bee55f43
p:  169854.65025721755
5d45b7062021d6d2bee55f45
p:  149291.52505269667
5d45b71b2021d6d2bee55f47
p:  124367.18757645435
5d45b7a24816ed9857e55e51
p:  161937.75351600136
5d45b8eee6e726aac4e55fa6
p:  122074.58651097791
5d45b913e6e726aac4e55fa7
p:  292980.1141848293
5d45b9b12021d6d2bee55f4e
p:  227855.39338949477
5d45b9c34816ed9857e55e56
p:  234968.0053003465
5d45b9dc293dc67162e55f37
p:  128932.80994551635
5d45b9f92021d6d2bee55f4f
p:  150233.61621627037
5d45ba6a2021d6d2bee55f50
p:  165992.3469813948
5d45ba724816ed9857e55e58
p:  396351.56834388815
5d45ba7a2021d6d2bee55f51
p:  179843.56302721694
5d45bbb1293dc67162e55f39
p:  97928.25630015452
5d45bbcf4816ed9857e55e5c
p:  200707.94994028116
5d45bc0a4816ed9857e55e5d
p:  360285.4662663789
5d45bcbd2021d6d2bee55f54
p:  203229.00966443156
5d45bd54293dc67162e55f3a
p:  220942.7102847197
5d45bdb2293dc67162e55f3c
p:  68165.00973548014
5d45be4d4816ed9857e55e61
p:  294750.0972622854
5d45c0142021d6d2bee55f5b
p:  230060.52544974865
5d45c2144816ed9857e55e6a
p:  240718.73827760824
5d45c297e6e726aac4e55fb7
p:  292980.1141848293
5d45c3d6293dc67162e55f54
p:  104129.41445381544
5d45c4442021d6d2bee55f65
p:  178821.2755024121
5d45c4f2a9e981df37e55f6b
p:  174578.86661028914
5d45c5a62021d6d2bee55f6c
p:  162455.42840130837
5d45c64c2021d6d2bee55f6e
p:  148574.89679983736
5d45c6762021d6d2bee55f6f
p:  149300.70252724353
5d45c72a2021d6d2bee55f71
p:  223189.42667594113
5d45c7d32021d6d2bee55f72
p:  154285.25989337906
5d45c8252021d6d2bee55f74
p:  206745.3877955419
5d45c85c2021d6d2bee55f75
p:  202145.93252666132
5d45c9092021d6d2bee55f77
p:  524393.9050666953
5d45c9414816ed9857e55e77
p:  251379.76097755125
5d45cabb2021d6d2bee55f78
p:  316718.08251034137
5d45cb48a9e981df37e55f7c
p:  112874.57208303959
5d45cdd62021d6d2bee55f83
p:  143986.1953966245
5d45d0c1dc5eda239ce55f92
p:  87604.83224642795
5d45d1cba9e981df37e55f8f
p:  101176.2086146064
5d45d4dca9e981df37e55f9a
p:  104162.06548652038
5d45d7d4fb5ff19d58e561dc
p:  107512.64988071496
5d45d7ecfb5ff19d58e561dd
p:  120789.07712635148
5d45d8c62021d6d2bee55f9a
p:  187795.088659249
5d45d8ea2021d6d2bee55f9c
p:  200023.71404384135
5d45d8ebfb5ff19d58e561e4
p:  349131.9849121705
5d45d92cfb5ff19d58e561e6
p:  166640.21309652674
5d45d9b0fb5ff19d58e561eb
p:  138386.9678003408
5d45d9c9fb5ff19d58e561ec
p:  170450.89461076382
5d45da024816ed9857e55ea7
p:  126923.51649506223
5d45dbc9a9e981df37e55fae
p:  183584.93281550542
5d45dbd5293dc67162e55f9a
p:  283174.2857204416
5d45de422021d6d2bee55fad
p:  244545.27171657304
5d45e0982021d6d2bee55fb5
p:  152785.90424507085
5d45e0b32021d6d2bee55fb6
p:  157806.39689398825
5d45e10e2021d6d2bee55fb9
p:  155973.2227265449
5d45e1c04816ed9857e55ed5
p:  412650.98687117326
5d45e20b2021d6d2bee55fba
p:  196032.9798919101
5d45e379fb5ff19d58e56208
p:  376984.39352123305
5d45e524fb5ff19d58e5620d
p:  261179.13777855938
5d45e614fb5ff19d58e56211
p:  247369.3426717423
5d45e93ffb5ff19d58e56219
p:  235622.97713872124
5d45ee21fb5ff19d58e56224
p:  161758.7280127306
5d45ee3afb5ff19d58e56225/home/testapiuser/HouseApp_2/PricePrediction/KYPrice.py:269: SettingWithCopyWarning: 
A value is trying to be set on a copy of a slice from a DataFrame.
Try using .loc[row_indexer,col_indexer] = value instead

See the caveats in the documentation: http://pandas.pydata.org/pandas-docs/stable/indexing.html#indexing-view-versus-copy
  df2['AreaSpace_SQFT'] = df2['AreaSpace_SQFT'].astype(int)
/home/testapiuser/HouseApp_2/PricePrediction/KYPrice.py:281: SettingWithCopyWarning: 
A value is trying to be set on a copy of a slice from a DataFrame.
Try using .loc[row_indexer,col_indexer] = value instead

See the caveats in the documentation: http://pandas.pydata.org/pandas-docs/stable/indexing.html#indexing-view-versus-copy
  df2['Price'] = z1
/home/testapiuser/HouseApp_2/PricePrediction/KYPrice.py:288: SettingWithCopyWarning: 
A value is trying to be set on a copy of a slice from a DataFrame.
Try using .loc[row_indexer,col_indexer] = value instead

See the caveats in the documentation: http://pandas.pydata.org/pandas-docs/stable/indexing.html#indexing-view-versus-copy
  df2['AreaSpace_SQFT'] = z2
/home/testapiuser/HouseApp_2/PricePrediction/KYPrice.py:269: SettingWithCopyWarning: 
A value is trying to be set on a copy of a slice from a DataFrame.
Try using .loc[row_indexer,col_indexer] = value instead

See the caveats in the documentation: http://pandas.pydata.org/pandas-docs/stable/indexing.html#indexing-view-versus-copy
  df2['AreaSpace_SQFT'] = df2['AreaSpace_SQFT'].astype(int)
/home/testapiuser/HouseApp_2/PricePrediction/KYPrice.py:281: SettingWithCopyWarning: 
A value is trying to be set on a copy of a slice from a DataFrame.
Try using .loc[row_indexer,col_indexer] = value instead

See the caveats in the documentation: http://pandas.pydata.org/pandas-docs/stable/indexing.html#indexing-view-versus-copy
  df2['Price'] = z1
/home/testapiuser/HouseApp_2/PricePrediction/KYPrice.py:288: SettingWithCopyWarning: 
A value is trying to be set on a copy of a slice from a DataFrame.
Try using .loc[row_indexer,col_indexer] = value instead

See the caveats in the documentation: http://pandas.pydata.org/pandas-docs/stable/indexing.html#indexing-view-versus-copy
  df2['AreaSpace_SQFT'] = z2
/home/testapiuser/HouseApp_2/PricePrediction/KYPrice.py:269: SettingWithCopyWarning: 
A value is trying to be set on a copy of a slice from a DataFrame.
Try using .loc[row_indexer,col_indexer] = value instead

See the caveats in the documentation: http://pandas.pydata.org/pandas-docs/stable/indexing.html#indexing-view-versus-copy
  df2['AreaSpace_SQFT'] = df2['AreaSpace_SQFT'].astype(int)
/home/testapiuser/HouseApp_2/PricePrediction/KYPrice.py:281: SettingWithCopyWarning: 
A value is trying to be set on a copy of a slice from a DataFrame.
Try using .loc[row_indexer,col_indexer] = value instead

See the caveats in the documentation: http://pandas.pydata.org/pandas-docs/stable/indexing.html#indexing-view-versus-copy
  df2['Price'] = z1
/home/testapiuser/HouseApp_2/PricePrediction/KYPrice.py:288: SettingWithCopyWarning: 
A value is trying to be set on a copy of a slice from a DataFrame.
Try using .loc[row_indexer,col_indexer] = value instead

See the caveats in the documentation: http://pandas.pydata.org/pandas-docs/stable/indexing.html#indexing-view-versus-copy
  df2['AreaSpace_SQFT'] = z2
/home/testapiuser/HouseApp_2/PricePrediction/KYPrice.py:269: SettingWithCopyWarning: 
A value is trying to be set on a copy of a slice from a DataFrame.
Try using .loc[row_indexer,col_indexer] = value instead

See the caveats in the documentation: http://pandas.pydata.org/pandas-docs/stable/indexing.html#indexing-view-versus-copy
  df2['AreaSpace_SQFT'] = df2['AreaSpace_SQFT'].astype(int)
/home/testapiuser/HouseApp_2/PricePrediction/KYPrice.py:281: SettingWithCopyWarning: 
A value is trying to be set on a copy of a slice from a DataFrame.
Try using .loc[row_indexer,col_indexer] = value instead

See the caveats in the documentation: http://pandas.pydata.org/pandas-docs/stable/indexing.html#indexing-view-versus-copy
  df2['Price'] = z1
/home/testapiuser/HouseApp_2/PricePrediction/KYPrice.py:288: SettingWithCopyWarning: 
A value is trying to be set on a copy of a slice from a DataFrame.
Try using .loc[row_indexer,col_indexer] = value instead

See the caveats in the documentation: http://pandas.pydata.org/pandas-docs/stable/indexing.html#indexing-view-versus-copy
  df2['AreaSpace_SQFT'] = z2

p:  97390.75300400442
5d45f148fb5ff19d58e5622b
p:  205732.27464902133
5d45f159fb5ff19d58e5622c
p:  332703.93347765214
5d45f397fb5ff19d58e56233
p:  234565.03492764296
5d45f3c8fb5ff19d58e56234
p:  659400.5803378002
5d45f88efb5ff19d58e5623d
p:  263034.524094522
5d46074bfb5ff19d58e56254
p:  513216.72209964506
5d461098fb5ff19d58e5626e
p:  233862.06666205206
For ['Ballard', 'Calloway', 'Carlisle', 'Fulton', 'Graves', 'Hickman', 'Marshall', 'McCracken', 'Butler', 'Daviess', 'Edmonson', 'Grayson', 'Hancock', 'Henderson', 'McLean', 'Muhlenberg', 'Ohio', 'Union', 'Webster']#################################################################
train score for random_forest: 0.9409162635775663
test score for random_forest: 0.6732515791721928
The mean absolute error is:$ 61129.95493393192
r_Score: 0.6932175892778591
Voting Regressor (in): 0.9594328153808682
Voting Regressor: 0.6932175892778591
5d4585c1a9e981df37e55ec6
p:  87358.94458558985
5d4586432a80791330e55e18
p:  54073.77103120829
5d4587e4fb5ff19d58e55f89
p:  367190.91719068924
5d458aed4703a2a220e55e42
p:  137850.8483097705
5d458b562a80791330e55e2c
p:  227457.92944066034
5d458f49fb5ff19d58e55fd0
p:  223634.87920670584
5d458f70fb5ff19d58e55fd1
p:  75857.86509717439
5d458f9afb5ff19d58e55fd2
p:  157796.5736601631
5d458fbffb5ff19d58e55fd3
p:  77424.17608114911
5d458fe3fb5ff19d58e55fd4
p:  84204.20700219499
5d459030fb5ff19d58e55fd6
p:  122878.8020753263
5d459058fb5ff19d58e55fd7
p:  262544.19662834285
5d459089a9e981df37e55edb
p:  187218.71164909404
5d45915efb5ff19d58e55fe2
p:  75857.86509717439
5d459164b4a93b4523e55f2a
p:  94955.70133480488
5d4591a9fb5ff19d58e55fe5
p:  86354.24321549459
5d4591e3fb5ff19d58e55fe8
p:  213042.5582567131
5d459209fb5ff19d58e55fea
p:  82206.93918037279
5d45929cfb5ff19d58e55fee
p:  181128.40292366548
5d4592e3b4a93b4523e55f2f
p:  187123.8406724477
5d459337fb5ff19d58e55ff4
p:  200668.5320516799
5d4593a6fb5ff19d58e55ff9
p:  152384.47616542893
5d4593bafb5ff19d58e55ffa
p:  339170.79041236546
5d459524fb5ff19d58e56005
p:  150276.31145049026
5d45963321ea27b301e55e5d
p:  166026.99041324714
5d4596d621ea27b301e55e5e
p:  132042.66521695914
5d459908fb5ff19d58e56024
p:  143168.72965865114
5d459bf3fb5ff19d58e56040
p:  157312.480242676
5d45a9b24703a2a220e55ecb
p:  127756.19125898922
5d45ab924703a2a220e55ed6
p:  486451.3979683021
5d45b2824703a2a220e55ee5
p:  144416.40713897272
5d45b2a44703a2a220e55ee6
p:  90327.55137085318
5d45b4284703a2a220e55eec
p:  78889.13757627599
5d45b719c813b312dfe55ee0
p:  259907.86483361968
5d45b741c813b312dfe55ee1
p:  81562.94147449333
5d45b7c0c813b312dfe55ee4
p:  216093.80510659638
5d45bf7b21ea27b301e55ee1
p:  51663.03210135369
5d45c5542a80791330e55ee0
p:  301253.92995497125
5d45c8f819999e5f5ae55eab
p:  78389.49143046075
5d45cbc44703a2a220e55f41
p:  218825.50797526492
5d45ce1ac813b312dfe55f1a
p:  89315.5177326643
5d45d13a4703a2a220e55f53
p:  117878.43644567957
5d45d2e4c813b312dfe55f33
p:  71644.63868908875
5d45d6d04703a2a220e55f66
p:  172991.83654046297
5d45d99db4a93b4523e5602f
p:  85981.99829745639
Current date and time: 2020-06-08 15:34:11
Successfully connect to DB.
For ['Bell', 'Breathitt', 'Boyd', 'Carter', 'Clay', 'Elliott', 'Floyd', 'Greenup', 'Harlan', 'Jackson', 'Johnson', 'Knott', 'Knox', 'Laurel', 'Lawrence', 'Lee', 'Leslie', 'Letcher', 'Magoffin', 'Martin', 'McCreary', 'Menifee', 'Montgomery', 'Morgan', 'Owsley', 'Perry', 'Pike', 'Powell', 'Rowan', 'Whitley', 'Wolfe', 'Anderson', 'Bath', 'Boone', 'Bourbon', 'Boyle', 'Bracken', 'Campbell', 'Carroll', 'Clark', 'Fayette', 'Fleming', 'Franklin', 'Gallatin', 'Grant', 'Henry', 'Harrison', 'Jefferson', 'Jessamine', 'Kenton', 'Lewis', 'Mason', 'Mercer', 'Nicholas', 'Oldham', 'Owen', 'Pendleton', 'Robertson', 'Scott', 'Shelby', 'Spencer