Current date and time: 2020-06-07 15:34:19
Successfully connect to DB.
For ['Jefferson', 'Orleans', 'St. Bernard', 'St. Tammany', 'St. Charles', 'St. John the Baptist', 'Tangipahoa']#################################################################
train score for random_forest: 0.94698176763017
test score for random_forest: 0.6170168421926362
The mean absolute error is:$ 101016.49709500474
r_Score: 0.6438873501058127
Voting Regressor (in): 0.9567918775849706
Voting Regressor: 0.6438873501058127
5d0e69dd19f56a0d5b8f8caa
p:  1362011.3908892644
5d12c013b7ae3de20d8d6f1a
p:  154199.7533218625
5d179aaafb6bf97d8975b5de
p:  171566.3504144455
5d1b971803ecbb08e0bf611b
p:  439861.4003832455
5d1b973403ecbb08e0bf611c
p:  212781.18044035754
5d1b974d03ecbb08e0bf611d
p:  206714.674672671
5d1b979003ecbb08e0bf611e
p:  259586.21758650028
5d1b9ace03ecbb08e0bf6128
p:  332669.37160255545
5d1bd9727e6c493d59458844
p:  216301.60631493904
5d1be3777e6c493d5945886b
p:  296292.86325301987
5d1be38c7e6c493d5945886c
p:  668681.6313207196
5d1be3967e6c493d5945886d
p:  205723.256405602
5d1be4947e6c493d5945886e
p:  168126.6094564355
5d1c23d002e1f427a5efbcbd
p:  281914.55149726325
5d2e4a4ab39b58f1d2167d35
p:  460294.3031813655
5d40f06fe3a87001ca64b8e8
p:  261318.2767145303
5d40f0a8e3a87001ca64b8e9
p:  152903.53754807537
5d40f0c3e3a87001ca64b8ea
p:  370353.3510457276
5d40f0d1e3a87001ca64b8eb
p:  267445.7864199322
5d40f1bee3a87001ca64b8ed
p:  122739.00881711108
5d40f1ebe3a87001ca64b8ee
p:  132226.14546321234
5d4416ca0c2b93cba458ad65
p:  265422.5789352978
5d4416f20c2b93cba458ad66
p:  362263.1171250162
5d44171e0c2b93cba458ad67
p:  159875.12671349797
5d4417610c2b93cba458ad68
p:  223683.59506821234
5d4417890c2b93cba458ad69
p:  169553.28667245677
5d4418550c2b93cba458ad6a
p:  138173.03696312563
5d4419110c2b93cba458ad6b
p:  206692.74377782046
5d449a79142619ecb4d0ff09
p:  142033.92840898182
5d449a805594b9ee5cd0ff07
p:  141197.95056254318
5d449a80142619ecb4d0ff0a
p:  131228.4445094191
5d449a8b47a9b3ed66d0ff0a
p:  87282.47448653204
5d449aa747a9b3ed66d0ff0b
p:  145166.22893193577
5d449ac347a9b3ed66d0ff0c
p:  160189.22085140797
5d449acbcf99429922d0ff07
p:  133227.5688745444
5d449ad19bad31505fd0ff07
p:  321369.82920248946
5d449af2a62727c317d0ff08
p:  254554.60753302113
5d449b05142619ecb4d0ff0d
p:  467173.8453199458
5d449b208ef024a939d0ff09
p:  232817.14308867464
5d449b385594b9ee5cd0ff08
p:  141197.95056254318
5d449b8ccf99429922d0ff0a
p:  138255.47420595298
5d449bafd35b2506f7d0ff09
p:  243777.4428608379
5d449baf0bc1840797d0ff09
p:  235489.5653585119
5d449bca99410fea02d0ff10
p:  124043.6443936555
5d449bd28378b97c03d0ff07
p:  176161.40371992503
5d449be7502ad2df93d0ff0a
p:  297384.1423497785
5d449be9a62727c317d0ff0a
p:  141224.5636471355
5d449bee5b46faf596d0ff0a
p:  197035.16707766295
5d449c0c84c74bfb45d0ff09
p:  354427.67487605783
5d449c1b5b46faf596d0ff0c
p:  140927.77275795882
5d449c1d5594b9ee5cd0ff0a
p:  148994.64816495567
5d449c7084c74bfb45d0ff0a
p:  232542.41887890012
5d449c9ecf99429922d0ff0b
p:  131884.17182666174
5d449ce4cf99429922d0ff0d
p:  352983.33290821547
5d449d10d35b2506f7d0ff0e
p:  72215.62703367815
5d449d29c388a5c3b8d0ff10
p:  146553.7663515293
5d449d2c5594b9ee5cd0ff0d
p:  114553.7778862454
5d449d3f5b46faf596d0ff0f
p:  84075.24135253031
5d449d4e502ad2df93d0ff0e
p:  154839.45271824813
5d449da65b46faf596d0ff11
p:  130062.10982331798
5d449db6a62727c317d0ff0d
p:  243123.6563815051
5d449dc19bad31505fd0ff10
p:  206300.64024866116
5d449de7c388a5c3b8d0ff12
p:  115160.987230674
5d449df884c74bfb45d0ff0c
p:  154196.02664033504
5d449e09cf99429922d0ff0f
p:  138255.47420595298
5d449e1784c74bfb45d0ff0d
p:  251870.99699449344
5d449e1d9bad31505fd0ff11
p:  102430.25825020167
5d449e3084c74bfb45d0ff0e
p:  593267.1883178519
5d449e6b5594b9ee5cd0ff11
p:  490121.26372908277
5d449e720bc1840797d0ff10
p:  167335.07646984496
5d449e7f84c74bfb45d0ff10
p:  179337.08557169407
5d449e91a62727c317d0ff0e
p:  233802.08960114396
5d449e9984c74bfb45d0ff11
p:  421448.8222565798
5d449ec19bad31505fd0ff14
p:  131507.42693347632
5d449ee33778535475d0ff0e
p:  160868.74767379108
5d449f04502ad2df93d0ff12
p:  152199.5616247971
5d449f1e142619ecb4d0ff17
p:  205013.05468689153
5d449f3ed31b3da3d3d0ff10
p:  175852.5853963811
5d449f9784c74bfb45d0ff14
p:  382259.7098353831
5d449fe69bad31505fd0ff16
p:  376328.6996411192
5d449ff9502ad2df93d0ff15
p:  120790.83946932592
5d449ffe5b46faf596d0ff17
p:  183545.7042224612
5d44a00c0bc1840797d0ff13
p:  221910.7589459477
5d44a0189bad31505fd0ff17
p:  245324.5756562007
5d44a020d35b2506f7d0ff12
p:  188418.07066460914
5d44a032c388a5c3b8d0ff17
p:  149412.98412640835
5d44a03f502ad2df93d0ff16
p:  120790.83946932592
5d44a06dc388a5c3b8d0ff18
p:  140401.7397342004
5d44a06d502ad2df93d0ff17
p:  290270.7982308543
5d44a07a5594b9ee5cd0ff18
p:  342051.60147405195
5d44a07cd35b2506f7d0ff13
p:  172479.1577226549
5d44a07f502ad2df93d0ff18
p:  111999.5685534981
5d44a0b984c74bfb45d0ff16
p:  274531.90600507025
5d44a0d79bad31505fd0ff1a
p:  293944.306837061
5d44a0ee5594b9ee5cd0ff1a
p:  319791.65026339423
5d44a0ee0bc1840797d0ff16
p:  151385.15453770518
5d44a0fbd35b2506f7d0ff17
p:  357343.3896860074
5d44a124d31b3da3d3d0ff15
p:  161390.22587192836
5d44a16d8378b97c03d0ff0e
p:  195049.18336039246
5d44a18b84c74bfb45d0ff18
p:  145165.8990461948
5d44a18f5594b9ee5cd0ff1d
p:  251574.7305380933
5d44a1a05594b9ee5cd0ff1e
p:  198753.58943317446
5d44a1f45594b9ee5cd0ff1f
p:  163957.99809052906
5d44a21cd35b2506f7d0ff23
p:  187944.76992633383
5d44a2280bc1840797d0ff18
p:  142811.36020157006
5d44a22ed35b2506f7d0ff24
p:  268566.469873443
5d44a27199410fea02d0ff19
p:  205954.06820288577
5d44a29cd35b2506f7d0ff27
p:  115347.7997268964
5d44a2c03778535475d0ff1a
p:  113753.45412867868
5d44a2c6c388a5c3b8d0ff1d
p:  463989.34510213137
5d44a2d0502ad2df93d0ff1c
p:  130643.75420429392
5d44a2d1d31b3da3d3d0ff18
p:  488235.9757330242
5d44a2e8a62727c317d0ff16
p:  236696.20535931544
5d44a2fdd35b2506f7d0ff29
p:  445012.60006199306
5d44a31dd35b2506f7d0ff2b
p:  72215.62703367815
5d44a330c388a5c3b8d0ff1f
p:  135987.39885590106
5d44a3348ef024a939d0ff1a
p:  206761.6146497992
5d44a3435b46faf596d0ff21
p:  198179.71659305927
5d44a36084c74bfb45d0ff1a
p:  902563.2950938276
5d44a38684c74bfb45d0ff1b
p:  275216.35374436027
5d44a3b80bc1840797d0ff1c
p:  147220.30372913677
5d44a3bcd35b2506f7d0ff2e
p:  587680.6209545557
5d44a3be5b46faf596d0ff25
p:  141844.88485602319
5d44a3e184c74bfb45d0ff1d
p:  697051.7350627135
5d44a41c84c74bfb45d0ff1f
p:  355227.4423857099
5d44a4228378b97c03d0ff15
p:  136578.56490650628
5d44a42f84c74bfb45d0ff20
p:  339630.1562896331
5d44a469c388a5c3b8d0ff22
p:  141929.43764221895
5d44a482d35b2506f7d0ff34
p:  389631.3406490516
5d44a4c7d35b2506f7d0ff36
p:  166962.02439347247
5d44a4d53778535475d0ff20
p:  164166.93829177733
5d44a4d884c74bfb45d0ff24
p:  375257.06237105647
5d44a4dc142619ecb4d0ff1e
p:  127812.8240439655
5d44a4f0142619ecb4d0ff1f
p:  118860.75534907845
5d44a4f33778535475d0ff21
p:  128686.97565743889
5d44a515d35b2506f7d0ff3b
p:  257838.85820286837
5d44a51e8ef024a939d0ff1c
p:  197216.04989626654
5d44a51f84c74bfb45d0ff27
p:  255444.1044600155
5d44a5280bc1840797d0ff21
p:  221910.7589459477
5d44a56084c74bfb45d0ff2a
p:  367831.00103053544
5d44a58a0bc1840797d0ff23
p:  307278.94366013847
5d44a58c142619ecb4d0ff21
p:  123864.48794022058
5d44a58ed35b2506f7d0ff41
p:  206973.94489410613
5d44a60ecf99429922d0ff23
p:  183530.2738633505
5d44a6335b46faf596d0ff34
p:  130752.70377082989
5d44a6458ef024a939d0ff1d
p:  93554.38282592566
5d44a64f84c74bfb45d0ff2f
p:  133611.41287127248
5d44a65ba62727c317d0ff23
p:  275259.1464770042
5d44a6768ef024a939d0ff1e
p:  98904.1510464391
5d44a67f84c74bfb45d0ff30
p:  111196.95399666998
5d44a6a15594b9ee5cd0ff28
p:  123185.00359801465
5d44a6b8142619ecb4d0ff23
p:  134446.7474492223
5d44a6dc5594b9ee5cd0ff2a
p:  183204.99822967895
5d44a6e13778535475d0ff24
p:  106354.32112108733
5d44a74ad31b3da3d3d0ff1f
p:  196937.4956333597
5d44a770c388a5c3b8d0ff26
p:  151613.2189991912
5d44a7a284c74bfb45d0ff37
p:  103484.46429591514
5d44a7ae99410fea02d0ff24
p:  109212.12087566825
5d44a7db3778535475d0ff28
p:  157415.9013994449
5d44a81b47a9b3ed66d0ff2b
p:  263243.4442876297
5d44a87a142619ecb4d0ff26
p:  120210.8872418118
5d44a88d47a9b3ed66d0ff2d
p:  168089.14720618585
5d44a8e947a9b3ed66d0ff2f
p:  92828.63909680146
5d44a8fa99410fea02d0ff28
p:  142763.8492891215
5d44a909142619ecb4d0ff28
p:  159160.75289318778
5d44a93e142619ecb4d0ff29
p:  198158.95122761605
5d44a97d142619ecb4d0ff2a
p:  209819.7182819086
5d44a9b6142619ecb4d0ff2b
p:  120210.8872418118
5d44a9f184c74bfb45d0ff48
p:  282942.51992580807
5d44aa0384c74bfb45d0ff49
p:  542418.0105869613
5d44aa658ef024a939d0ff27
p:  165708.70107528698
5d44aaa28ef024a939d0ff28
p:  191909.20643909945
5d44aac93778535475d0ff2d
p:  278419.2566406176
5d44aada142619ecb4d0ff2c
p:  127740.57008099243
5d44ab0ad35b2506f7d0ff4f
p:  72215.62703367815
5d44ab7c142619ecb4d0ff2d
p:  117869.0896689655
5d44aba447a9b3ed66d0ff36
p:  319081.0467972877
5d44abaacf99429922d0ff35
p:  113217.23144601934
5d44abb347a9b3ed66d0ff37
p:  445682.21233678015
5d44abde84c74bfb45d0ff5f
p:  986398.080875633
5d44abf784c74bfb45d0ff61
p:  385011.77430004906
5d44abfb0bc1840797d0ff33
p:  254092.13613624425
5d44ac0a8378b97c03d0ff23
p:  144640.3905228422
5d44ac2184c74bfb45d0ff63
p:  385986.25535846734
5d44ac25a62727c317d0ff2a
p:  223712.3842013417
5d44ac3d8378b97c03d0ff25
p:  150531.51819585252
5d44ac5c84c74bfb45d0ff65
p:  1026150.2883735546
5d44ac8347a9b3ed66d0ff3b
p:  464645.94555558974
5d44ac8e4b0fb14054d0ff34
p:  286233.7922312375
5d44acc784c74bfb45d0ff6b
p:  267139.6623543035
5d44acf184c74bfb45d0ff6c
p:  217467.20159058872
5d44acfe84c74bfb45d0ff6d
p:  207024.75365291158
5d44ad1984c74bfb45d0ff6e
p:  595620.9007372868
5d44ad3e84c74bfb45d0ff70
p:  226375.85283499604
5d44ad59d35b2506f7d0ff52
p:  261406.31921387816
5d44ad5a47a9b3ed66d0ff3c
p:  1241884.652143972
5d44ad6e84c74bfb45d0ff72
p:  270882.61928303476
5d44ad87142619ecb4d0ff2e
p:  160654.26368194842
5d44ade9502ad2df93d0ff2c
p:  114575.06642100772
5d44adf1a62727c317d0ff2f
p:  161756.1877328371
5d44ae1e8ef024a939d0ff2f
p:  48765.89440484629
5d44ae2ed31b3da3d3d0ff2b
p:  135594.23453838693
5d44ae31502ad2df93d0ff2d
p:  180444.05863898306
5d44ae5c4b0fb14054d0ff38
p:  247214.3812118056
5d44ae65502ad2df93d0ff2e
p:  273461.9353873732
5d44aea0502ad2df93d0ff2f
p:  193709.44054285053
5d44aeae142619ecb4d0ff32
p:  194962.31845973223
5d44aee499410fea02d0ff36
p:  202100.63716813968
5d44af10a62727c317d0ff33
p:  149719.7745846355
5d44af5c3778535475d0ff36
p:  690253.9268123417
5d44af698378b97c03d0ff29
p:  139852.4045599316
5d44af6f84c74bfb45d0ff7e
p:  748141.3490310404
5d44af75142619ecb4d0ff35
p:  250106.77743059047
5d44afa8142619ecb4d0ff36
p:  139584.86944838328
5d44afed84c74bfb45d0ff81
p:  199191.17538511596
5d44b00084c74bfb45d0ff82
p:  590614.7508003702
5d44b02784c74bfb45d0ff83
p:  367067.0168254432
5d44b053142619ecb4d0ff38
p:  120276.319959143
5d44b0928378b97c03d0ff2a
p:  123641.34603452687
5d44b0a584c74bfb45d0ff86
p:  237788.5677676278
5d44b0b1d31b3da3d3d0ff34
p:  219233.63276290765
5d44b0bc142619ecb4d0ff3a
p:  262362.7464195262
5d44b0cd84c74bfb45d0ff88
p:  500610.78362286283
5d44b0de84c74bfb45d0ff89
p:  598768.0810801238
5d44b10fc388a5c3b8d0ff38
p:  183088.58437397052
5d44b1268ef024a939d0ff36
p:  117955.36563527692
5d44b14e84c74bfb45d0ff8c
p:  1083342.8175258432
5d44b16084c74bfb45d0ff8d
p:  350274.7879972977
5d44b18884c74bfb45d0ff8e
p:  331646.02532905433
5d44b18bd31b3da3d3d0ff36
p:  213321.0080604481
5d44b1e08378b97c03d0ff2c
p:  182254.72929291415
5d44b1e6502ad2df93d0ff36
p:  298383.7605677435
5d44b2048ef024a939d0ff38
p:  149826.5657931242
5d44b20fcf99429922d0ff3f
p:  123303.48535287369
5d44b2160bc1840797d0ff45
p:  309759.3588200607
5d44b21a5594b9ee5cd0ff45
p:  379578.93365722767
5d44b22084c74bfb45d0ff90
p:  407738.23527809087
5d44b22b3778535475d0ff39
p:  655757.7797661137
5d44b2498ef024a939d0ff39
p:  115272.75319787402
5d44b2668378b97c03d0ff2e
p:  179440.7011334771
5d44b26f9bad31505fd0ff41
p:  196736.2929110212
5d44b27f5b46faf596d0ff58
p:  356298.0706695755
5d44b2898ef024a939d0ff3a
p:  161581.90229403047
5d44b28c84c74bfb45d0ff92
p:  309809.2628866179
5d44b28f9bad31505fd0ff42
p:  206303.39560604224
5d44b291cf99429922d0ff43
p:  141545.80020846106
5d44b2d58378b97c03d0ff31
p:  317326.12850850023
5d44b2f45b46faf596d0ff59
p:  322076.2559417456
5d44b2f68ef024a939d0ff3c
p:  112507.81859547677
5d44b2f8502ad2df93d0ff37
p:  158080.59307249787
5d44b2ff8378b97c03d0ff32
p:  290930.4564786173
5d44b30384c74bfb45d0ff95
p:  415244.2248563408
5d44b309c388a5c3b8d0ff3b
p:  418075.079849261
5d44b316502ad2df93d0ff38
p:  337011.7400142686
5d44b3258378b97c03d0ff33
p:  183899.77035433787
5d44b327a62727c317d0ff3d
p:  150078.0870420986
5d44b32c84c74bfb45d0ff96
p:  234043.9781127273
5d44b32f502ad2df93d0ff39
p:  162735.67247072348
5d44b331c388a5c3b8d0ff3c
p:  297194.22725535877
5d44b33b0bc1840797d0ff48
p:  48630.558493005636
5d44b35684c74bfb45d0ff99
p:  897210.9454380574
5d44b35f84c74bfb45d0ff9a
p:  183507.81735666964
5d44b3719bad31505fd0ff43
p:  173154.18552132783
5d44b3845b46faf596d0ff5a
p:  253149.50834874774
5d44b38d84c74bfb45d0ff9b
p:  227486.0748326757
5d44b39fd31b3da3d3d0ff3e
p:  201976.34884112014
5d44b3b584c74bfb45d0ff9c
p:  293299.10833030357
5d44b3c0d35b2506f7d0ff5f
p:  309377.256381612
5d44b3cb8ef024a939d0ff3e
p:  261346.2485350222
5d44b3e284c74bfb45d0ff9e
p:  315985.4002389274
5d44b3efd35b2506f7d0ff60
p:  226124.58514082618
5d44b40b84c74bfb45d0ffa0
p:  238448.68272739608
5d44b44184c74bfb45d0ffa2
p:  481386.7207518894
5d44b4598378b97c03d0ff35
p:  155194.5474183492
5d44b46984c74bfb45d0ffa3
p:  254472.7399924989
5d44b4828378b97c03d0ff36
p:  161515.93475534354
5d44b4af9bad31505fd0ff44
p:  204729.62173256627
5d44b4b83778535475d0ff3a
p:  714938.5420419106
5d44b4c684c74bfb45d0ffa5
p:  284332.63213165395
5d44b4e13778535475d0ff3b
p:  1162657.3041443035
5d44b4ed84c74bfb45d0ffa6
p:  520579.97412530344
5d44b4f0d35b2506f7d0ff63
p:  147096.92769290917
5d44b51484c74bfb45d0ffa7
p:  394252.77679214824
5d44b51a8378b97c03d0ff3a
p:  120503.36571731625
5d44b547cf99429922d0ff48
p:  112374.48351515927
5d44b54d4b0fb14054d0ff45
p:  403995.1252578984
5d44b566502ad2df93d0ff3c
p:  218622.0086050266
5d44b591502ad2df93d0ff3e
p:  219816.390894001
5d44b5985b46faf596d0ff5c
p:  357483.5321040392
5d44b59c84c74bfb45d0ffaa
p:  227723.31805872326
5d44b5b28378b97c03d0ff3e
p:  165023.94761959426
5d44b5e33778535475d0ff3c
p:  627255.0493617402
5d44b5eb84c74bfb45d0ffac
p:  315067.7912795911
5d44b6169bad31505fd0ff48
p:  66274.96607552438
5d44b61984c74bfb45d0ffad
p:  399370.85951416753
5d44b6333778535475d0ff3d
p:  314800.50679933524
5d44b64184c74bfb45d0ffae
p:  420413.9428699513
5d44b6570bc1840797d0ff50
p:  563899.4313829127
5d44b66884c74bfb45d0ffaf
p:  234043.9781127273
5d44b66ba62727c317d0ff45
p:  161756.1877328371
5d44b6720bc1840797d0ff51
p:  433629.33637117804
5d44b68aa62727c317d0ff46
p:  255218.628430504
5d44b6a0142619ecb4d0ff4e
p:  189055.34458903613
5d44b6a18378b97c03d0ff44
p:  85605.46657282977
5d44b6ada62727c317d0ff47
p:  171443.02793995215
5d44b6b484c74bfb45d0ffb1
p:  197324.9173142485
5d44b6c8142619ecb4d0ff4f
p:  113919.10477658847
5d44b6c98378b97c03d0ff45
p:  182254.72929291415
5d44b6dd84c74bfb45d0ffb2
p:  308440.77631130436
5d44b6e53778535475d0ff40
p:  402875.5711511256
5d44b6e7502ad2df93d0ff3f
p:  628093.3884189096
5d44b6ed0bc1840797d0ff53
p:  275188.6127366623
5d44b7365b46faf596d0ff5e
p:  354304.7632936993
5d44b740142619ecb4d0ff52
p:  120210.8872418118
5d44b74e5b46faf596d0ff5f
p:  221641.36169927585
5d44b755a62727c317d0ff48
p:  202275.88203071838
5d44b767142619ecb4d0ff53
p:  293506.9331668848
5d44b77b84c74bfb45d0ffb6
p:  1043702.8263271829
5d44b7a484c74bfb45d0ffb7
p:  360739.21080050396
5d44b7aed31b3da3d3d0ff43
p:  96244.18275073444
5d44b7b1cf99429922d0ff4e
p:  94125.60374756668
5d44b7cb9bad31505fd0ff4a
p:  174802.15059021284
5d44b7cf84c74bfb45d0ffb8
p:  1022702.9540530976
5d44b7d5c388a5c3b8d0ff43
p:  429016.49099307554
5d44b7da8378b97c03d0ff4c
p:  183899.77035433787
5d44b7f784c74bfb45d0ffb9
p:  227486.0748326757
5d44b801cf99429922d0ff4f
p:  137984.12833625538
5d44b80a0bc1840797d0ff56
p:  372350.0120914695
5d44b8169bad31505fd0ff4c
p:  190325.32173240592
5d44b81e84c74bfb45d0ffba
p:  324332.57151746744
5d44b84a84c74bfb45d0ffbb
p:  204368.6632159425
5d44b85a84c74bfb45d0ffbc
p:  544090.9413605455
5d44b85dd35b2506f7d0ff67
p:  269457.6894713336
5d44b87084c74bfb45d0ffbd
p:  446860.2988768894
5d44b8a90bc1840797d0ff58
p:  640743.4379429459
5d44b8b3a62727c317d0ff4a
p:  248176.05890882254
5d44b8c647a9b3ed66d0ff50
p:  150479.7278647764
5d44b8ce84c74bfb45d0ffc2
p:  321544.653032291
5d44b8ef47a9b3ed66d0ff52
p:  262397.60808885924
5d44b8f13778535475d0ff42
p:  384589.66995071666
5d44b8f584c74bfb45d0ffc3
p:  262641.69166188093
5d44b8ff142619ecb4d0ff5d
p:  269557.81908618635
5d44b902d35b2506f7d0ff68
p:  196919.4969707826
5d44b927502ad2df93d0ff44
p:  84877.3440760739
5d44b92a142619ecb4d0ff5e
p:  123435.40407328817
5d44b92b84c74bfb45d0ffc5
p:  423683.1327131554
5d44b92f5594b9ee5cd0ff53
p:  196224.1887550599
5d44b9309bad31505fd0ff51
p:  177762.80093237586
5d44b9354b0fb14054d0ff4f
p:  408637.00349208433
5d44b9425594b9ee5cd0ff54
p:  106204.90928071763
5d44b9469bad31505fd0ff52
p:  299082.8527916084
5d44b95384c74bfb45d0ffc6
p:  301808.81107031845
5d44b953142619ecb4d0ff5f
p:  120812.48634779002
5d44b9535594b9ee5cd0ff55
p:  486382.53830137104
5d44b96a47a9b3ed66d0ff57
p:  179610.043939344
5d44b97f3778535475d0ff43
p:  375408.67290821637
5d44b9800bc1840797d0ff5b
p:  576617.9967044087
5d44b9a74b0fb14054d0ff50
p:  402215.20479762636
5d44b9b1a62727c317d0ff4c
p:  597354.6510686604
5d44b9b70bc1840797d0ff5c
p:  383772.6104598255
5d44b9bc84c74bfb45d0ffc9
p:  437068.92772566364
5d44b9c8502ad2df93d0ff45
p:  108017.12458022614
5d44b9d15b46faf596d0ff62
p:  224520.96796469775
5d44b9d484c74bfb45d0ffca
p:  358243.1478250283
5d44b9e484c74bfb45d0ffcb
p:  406471.33309451555
5d44ba0ea62727c317d0ff50
p:  340554.39101236395
5d44ba2a502ad2df93d0ff46
p:  414788.081570198
5d44ba2c9bad31505fd0ff53
p:  177762.80093237586
5d44ba48c388a5c3b8d0ff45
p:  358219.77756730176
5d44ba5184c74bfb45d0ffcf
p:  293297.6977873149
5d44ba7f5594b9ee5cd0ff58
p:  277898.4723262299
5d44ba8d5b46faf596d0ff63
p:  280569.3343370766
5d44baba5b46faf596d0ff64
p:  226313.83371134818
5d44bac2c388a5c3b8d0ff46
p:  624211.9052367399
5d44bac83778535475d0ff45
p:  244308.6765904828
5d44baf93778535475d0ff46
p:  1247138.910171009
5d44bafc142619ecb4d0ff69
p:  434524.4021967986
5d44bb098378b97c03d0ff5b
p:  356545.0326765126
5d44bb1c84c74bfb45d0ffd3
p:  916436.4912642037
5d44bb329bad31505fd0ff57
p:  280604.5806952982
5d44bb4e5594b9ee5cd0ff5a
p:  250542.6887753165
5d44bb685b46faf596d0ff66
p:  133084.56836518378
5d44bb8a84c74bfb45d0ffd7
p:  301808.81107031845
5d44bba9a62727c317d0ff53
p:  269088.5052407843
5d44bbb384c74bfb45d0ffd8
p:  437068.92772566364
5d44bbb35594b9ee5cd0ff5c
p:  356727.98205555475
5d44bbc29bad31505fd0ff5c
p:  169444.17558908142
5d44bc00a62727c317d0ff55
p:  136841.80595489615
5d44bc0584c74bfb45d0ffdb
p:  589727.3875164157
5d44bc1d3778535475d0ff47
p:  720387.9803826245
5d44bc268378b97c03d0ff60
p:  178919.93545957442
5d44bc3a0bc1840797d0ff62
p:  265994.71814362914
5d44bc3fd35b2506f7d0ff6e
p:  256665.60503604906
5d44bc4484c74bfb45d0ffde
p:  773826.1822401572
5d44bc47142619ecb4d0ff71
p:  337984.25171464274
5d44bc4f84c74bfb45d0ffdf
p:  531993.3416551242
5d44bc52a62727c317d0ff56
p:  360711.37680424936
5d44bc7684c74bfb45d0ffe0
p:  992318.3957443954
5d44bc805b46faf596d0ff68
p:  194773.33511814842
5d44bc823778535475d0ff48
p:  610346.5395670997
5d44bca69bad31505fd0ff63
p:  172429.46235740592
5d44bcb9d35b2506f7d0ff6f
p:  193253.8144881777
5d44bcc2142619ecb4d0ff74
p:  129948.88142566246
5d44bcd1d31b3da3d3d0ff4d
p:  128003.6415596501
5d44bcdf84c74bfb45d0ffe4
p:  399370.85951416753
5d44bcea84c74bfb45d0ffe5
p:  1022908.7492083489
5d44bcf347a9b3ed66d0ff5d
p:  182935.5198210241
5d44bcf684c74bfb45d0ffe6
p:  175538.9974258523
5d44bd2184c74bfb45d0ffe8
p:  371698.134026509
5d44bd2a5b46faf596d0ff6a
p:  359936.4290324594
5d44bd35142619ecb4d0ff76
p:  150834.94664269837
5d44bd3b4b0fb14054d0ff57
p:  116379.21449178764
5d44bd433778535475d0ff4a
p:  701929.7184285972
5d44bd588378b97c03d0ff67
p:  197758.35780610645
5d44bd6c3778535475d0ff4b
p:  245127.73176778088
5d44bd7c5b46faf596d0ff6b
p:  178362.88992566802
5d44bd808378b97c03d0ff68
p:  124741.5822956979
5d44bdb247a9b3ed66d0ff61
p:  226756.08927202225
5d44bdb75594b9ee5cd0ff5d
p:  198495.93922253163
5d44bdb9c388a5c3b8d0ff4d
p:  438192.8961454318
5d44bdba84c74bfb45d0ffec
p:  1104759.0156144393
5d44bdd10bc1840797d0ff67
p:  373041.7399946437
5d44bdd4c388a5c3b8d0ff4e
p:  225106.3966491187
5d44bde4142619ecb4d0ff79
p:  150834.94664269837
5d44bdfad35b2506f7d0ff72
p:  174611.9400889005
5d44be28d31b3da3d3d0ff50
p:  236508.52120605734
5d44be528378b97c03d0ff6d
p:  265686.6732690391
5d44be563778535475d0ff4e
p:  355886.12660002237
5d44be785594b9ee5cd0ff5e
p:  265422.5789352978
5d44be8fd35b2506f7d0ff73
p:  159875.12671349797
5d44bea65b46faf596d0ff6d
p:  237724.3314748786
5d44bea85594b9ee5cd0ff5f
p:  706068.5547490111
5d44beac3778535475d0ff50
p:  223013.25593087825
5d44bebb84c74bfb45d0fff4
p:  418370.38219628984
5d44bec55594b9ee5cd0ff60
p:  211648.8989560164
5d44bec799410fea02d0ff58
p:  212365.82004144223
5d44becf3778535475d0ff51
p:  203183.1038813115
5d44bed95594b9ee5cd0ff61
p:  460735.50450305425
5d44bf2184c74bfb45d0fff9
p:  636287.6778031251
5d44bf3c8378b97c03d0ff73
p:  124782.63903728711
5d44bf3c0bc1840797d0ff6b
p:  445598.4899619567
5d44bf525b46faf596d0ff6e
p:  102875.98248616491
5d44bf628378b97c03d0ff74
p:  189426.9401491611
5d44bf785594b9ee5cd0ff65
p:  106204.90928071763
5d44bf8d0bc1840797d0ff6f
p:  257127.28500357794
5d44bf9e502ad2df93d0ff4f
p:  111898.05455643884
5d44bfaa47a9b3ed66d0ff67
p:  297352.148982662
5d44bfad84c74bfb45d10000
p:  314804.6719508915
5d44bfb399410fea02d0ff59
p:  321073.271305686
5d44bfba502ad2df93d0ff50
p:  148023.77688994585
5d44bfc80bc1840797d0ff71
p:  315272.4775001553
5d44bfc95594b9ee5cd0ff66
p:  304261.3382519089
5d44bfde47a9b3ed66d0ff68
p:  394218.36709520663
5d44bfe25b46faf596d0ff70
p:  185393.83570793713
5d44c001502ad2df93d0ff51
p:  148023.77688994585
5d44c0110bc1840797d0ff72
p:  256177.20840905892
5d44c063142619ecb4d0ff84
p:  134365.22259029464
5d44c0678378b97c03d0ff7b
p:  168433.52920957442
5d44c07284c74bfb45d10004
p:  459302.36484900943
5d44c0bb5594b9ee5cd0ff69
p:  196677.31162971992
5d44c0cc5b46faf596d0ff72
p:  360371.5346201847
5d44c0e18378b97c03d0ff7e
p:  356545.0326765126
5d44c10084c74bfb45d10008
p:  313213.4148583369
5d44c10f84c74bfb45d10009
p:  350274.7879972977
5d44c10f5594b9ee5cd0ff6a
p:  232259.00651004803
5d44c123c388a5c3b8d0ff52
p:  387197.2042584806
5d44c13a84c74bfb45d1000b
p:  207024.75365291158
5d44c14b142619ecb4d0ff88
p:  122490.68221014776
5d44c173d35b2506f7d0ff79
p:  811701.8182782088
5d44c17c8378b97c03d0ff82
p:  184644.28311952075
5d44c1883778535475d0ff55
p:  314800.50679933524
5d44c188a62727c317d0ff61
p:  382325.6269515152
5d44c18c5594b9ee5cd0ff6c
p:  213370.80312959373
5d44c19ca62727c317d0ff62
p:  233802.08960114396
5d44c1a647a9b3ed66d0ff6c
p:  207982.66232207234
5d44c1ae3778535475d0ff56
p:  203183.1038813115
5d44c1c684c74bfb45d10012
p:  446748.93646653334
5d44c1d1a62727c317d0ff63
p:  156604.94621313282
5d44c1e73778535475d0ff57
p:  357390.6418128173
5d44c1ebd35b2506f7d0ff7a
p:  110986.21082634467
5d44c2525b46faf596d0ff75
p:  228891.12889310886
5d44c2595594b9ee5cd0ff71
p:  216066.59002520156
5d44c2745594b9ee5cd0ff72
p:  247701.3189913365
5d44c29f84c74bfb45d1001b
p:  284332.63213165395
5d44c2c784c74bfb45d1001c
p:  219794.84506003605
5d44c2c85b46faf596d0ff76
p:  719960.3352026866
5d44c2f599410fea02d0ff5e
p:  159204.88248094107
5d44c3030bc1840797d0ff78
p:  289875.6806104125
5d44c30b142619ecb4d0ff93
p:  289971.5616234725
5d44c332c388a5c3b8d0ff53
p:  225106.3966491187
5d44c3509bad31505fd0ff7e
p:  462596.5711641296
5d44c35b3778535475d0ff5c
p:  240210.28784437082
5d44c36c84c74bfb45d10021
p:  301808.81107031845
5d44c3915594b9ee5cd0ff7a
p:  233188.6575704555
5d44c398d35b2506f7d0ff7f
p:  538800.224282926
5d44c3b499410fea02d0ff61
p:  164576.17243401235
5d44c3c35594b9ee5cd0ff7d
p:  374096.90373701346
5d44c3ca502ad2df93d0ff58
p:  352494.25991045556
5d44c3d7d35b2506f7d0ff80
p:  206162.82149718452
5d44c3e95594b9ee5cd0ff7e
p:  192928.793064131
5d44c3f85b46faf596d0ff78
p:  229071.81060755806
5d44c4135b46faf596d0ff79
p:  499163.15406445006
5d44c4304b0fb14054d0ff60
p:  112720.71866283966
5d44c44d99410fea02d0ff64
p:  189434.76612331523
5d44c47a5594b9ee5cd0ff83
p:  236362.8175857729
5d44c48c3778535475d0ff5d
p:  281421.49643239763
5d44c4c98378b97c03d0ff8e
p:  124658.17326734593
5d44c4eec388a5c3b8d0ff57
p:  354430.58901625447
5d44c4ff5594b9ee5cd0ff88
p:  234042.9259791213
5d44c5195b46faf596d0ff7b
p:  303755.54624312784
5d44c520a62727c317d0ff6a
p:  243123.6563815051
5d44c52f5b46faf596d0ff7c
p:  488448.6475712913
5d44c5344b0fb14054d0ff65
p:  315637.2966731546
5d44c53da62727c317d0ff6b
p:  270063.92128299887
5d44c549c388a5c3b8d0ff58
p:  229869.55223603366
5d44c59f142619ecb4d0ffa3
p:  501824.6936628206
5d44c6154b0fb14054d0ff66
p:  167288.7206762314
5d44c623d35b2506f7d0ff83
p:  366682.06745393027
5d44c63f84c74bfb45d10034
p:  768277.7440119372
5d44c65b5b46faf596d0ff80
p:  322076.2559417456
5d44c665d35b2506f7d0ff85
p:  148148.42608935363
5d44c66b84c74bfb45d10035
p:  893409.6099544326
5d44c6db3778535475d0ff61
p:  368359.27387452254
5d44c6f547a9b3ed66d0ff73
p:  148959.3515311365
5d44c6fe5b46faf596d0ff81
p:  248710.70681253637
5d44c70cc388a5c3b8d0ff5c
p:  180056.33566931955
5d44c75ccf99429922d0ff76
p:  304394.2560236766
5d44c77ed35b2506f7d0ff86
p:  134103.59012090357
5d44c7b1cf99429922d0ff78
p:  482332.5451767888
5d44c812d35b2506f7d0ff88
p:  178174.49203343003
5d44c88184c74bfb45d10046
p:  102875.98248616491
5d44c88e5b46faf596d0ff84
p:  247886.44854217515
5d44c8a20bc1840797d0ff84
p:  444230.08583451796
5d44c8c184c74bfb45d10048
p:  361311.72258936905
5d44c8f80bc1840797d0ff85
p:  313825.2303913705
5d44c93484c74bfb45d1004a
p:  408051.47961252206
5d44c952c388a5c3b8d0ff60
p:  311388.0820142312
5d44c957d35b2506f7d0ff8a
p:  148148.42608935363
5d44c95a502ad2df93d0ff63
p:  100713.3749898519
5d44c96599410fea02d0ff6f
p:  157470.74736722012
5d44c97f5b46faf596d0ff85
p:  356603.3023381505
5d44c9d847a9b3ed66d0ff79
p:  125022.33100431343
5d44c9d95b46faf596d0ff86
p:  278272.55908105214
5d44c9eacf99429922d0ff7f
p:  429665.87597693724
5d44ca114b0fb14054d0ff6e
p:  159300.0832368678
5d44ca1d84c74bfb45d1004e
p:  509782.0262357969
5d44ca5384c74bfb45d1004f
p:  386505.32836777397
5d44ca6d84c74bfb45d10050
p:  237177.2677381677
5d44ca9cc388a5c3b8d0ff62
p:  186500.79280108158
5d44cabaa62727c317d0ff7d
p:  329638.9224145105
5d44cafa84c74bfb45d10053
p:  120503.36571731625
5d44cb12d35b2506f7d0ff8e
p:  154292.55906267272
5d44cb2e9bad31505fd0ff8e
p:  124040.84316469182
5d44cb35d35b2506f7d0ff8f
p:  344764.6462428651
5d44cb3dc388a5c3b8d0ff63
p:  297194.22725535877
5d44cb519bad31505fd0ff8f
p:  153358.422947391
5d44cb785b46faf596d0ff87
p:  229845.61903170164
5d44cb8fc388a5c3b8d0ff64
p:  427306.1843064929
5d44cb9c9bad31505fd0ff90
p:  131096.12996325543
5d44cba984c74bfb45d10057
p:  1135716.5920682722
5d44cbd0c388a5c3b8d0ff65
p:  251749.64244618342
5d44cbd484c74bfb45d10058
p:  765800.8440214794
5d44cbfc5b46faf596d0ff8b
p:  190023.60287369147
5d44cc4f5b46faf596d0ff8d
p:  161980.23901805803
5d44cc685b46faf596d0ff8e
p:  254086.84152384818
5d44cc9784c74bfb45d1005a
p:  375259.30879322917
5d44cce90bc1840797d0ff8b
p:  237710.58418511454
5d44cd055b46faf596d0ff95
p:  237898.1153446757
5d44cd059bad31505fd0ff94
p:  481730.620162759
5d44cd44c388a5c3b8d0ff68
p:  149154.37600819572
5d44cd865b46faf596d0ff99
p:  174226.2554435799
5d44cd8bd35b2506f7d0ff96
p:  336987.88790819305
5d44cdc49bad31505fd0ff98
p:  153837.75293106848
5d44cde13778535475d0ff6a
p:  298322.9529420228
5d44cdef9bad31505fd0ff99
p:  182401.78273398546
5d44ce28502ad2df93d0ff72
p:  219816.390894001
5d44ce8bd35b2506f7d0ff97
p:  204500.33948708687
5d44ce8f0bc1840797d0ff8f
p:  305577.404272654
5d44ce9bcf99429922d0ff86
p:  317144.21690579224
5d44cefcc388a5c3b8d0ff6c
p:  229886.7144345862
5d44cf16502ad2df93d0ff76
p:  420538.19111025846
5d44cf42c388a5c3b8d0ff6e
p:  270515.89753192285
5d44cf69c388a5c3b8d0ff6f
p:  258485.44286103366
5d44cf9084c74bfb45d10063
p:  285883.841261961
5d44cf93c388a5c3b8d0ff70
p:  156675.91647741594
5d44cfb6c388a5c3b8d0ff71
p:  345886.52052252804
5d44cfc384c74bfb45d10065
p:  545381.0467973816
5d44cfcfc388a5c3b8d0ff72
p:  682038.987035396
5d44cfd284c74bfb45d10066
p:  274021.5780894846
5d44cfe184c74bfb45d10067
p:  355097.84336606204
5d44cfe4c388a5c3b8d0ff73
p:  463403.0750140671
5d44cfeb84c74bfb45d10068
p:  203183.1038813115
5d44cffd84c74bfb45d10069
p:  543136.9107277856
5d44cfffc388a5c3b8d0ff74
p:  454382.986099261
5d44d03a84c74bfb45d1006b
p:  631082.3307515355
5d44d0d6c388a5c3b8d0ff78
p:  266475.70300759585
5d44d0efd35b2506f7d0ff9a
p:  139662.23677554974
5d44d13784c74bfb45d10072
p:  501241.0790847308
5d44d14a84c74bfb45d10073
p:  356878.89153523766
5d44d15f9bad31505fd0ffa3
p:  333745.4333179234
5d44d1b784c74bfb45d10075
p:  723854.2127445182
5d44d221c388a5c3b8d0ff7a
p:  246784.0406269568
5d44d25884c74bfb45d10079
p:  1437457.2710897373
5d44d28284c74bfb45d1007a
p:  856208.9374089091
5d44d346c388a5c3b8d0ff7b
p:  125867.27714228648
5d44d3873778535475d0ff6f
p:  287316.6766506755
5d44d4213778535475d0ff71
p:  442498.57797910954
5d44d486d35b2506f7d0ffa1
p:  267086.4118604788
5d44d4b7d35b2506f7d0ffa2
p:  173214.84956790917
5d44d4e3502ad2df93d0ff7f
p:  77290.94706602202
5d44d4ff502ad2df93d0ff80
p:  217356.64769139266
5d44d517d35b2506f7d0ffa3
p:  185571.96157724256
5d44d578c388a5c3b8d0ff7e
p:  375143.71418335935
5d44d5aa84c74bfb45d10088
p:  607487.3751960302
5d44d5c5c388a5c3b8d0ff80
p:  411787.5849338281
5d44d5edc388a5c3b8d0ff81
p:  165895.19484089327
5d44d6133778535475d0ff73
p:  1540274.6675230977
5d44d635c388a5c3b8d0ff83
p:  246735.98872338253
5d44d683cf99429922d0ff8d
p:  631082.3307515355
5d44d699d35b2506f7d0ffa9
p:  55687.415109880516
5d44d6d5c388a5c3b8d0ff87
p:  246818.9495019641
5d44d6e0d35b2506f7d0ffaa
p:  293460.3184831505
5d44d6fdc388a5c3b8d0ff88
p:  272547.4947433686
5d44d73f5b46faf596d0ffaf
p:  572119.6352354069
5d44d74bc388a5c3b8d0ff8a
p:  355874.1326209713
5d44d7efc388a5c3b8d0ff8e
p:  293369.66496838984
5d44d837c388a5c3b8d0ff90
p:  125867.27714228648
5d44d85584c74bfb45d1008b
p:  323008.41303992574
5d44d8cbc388a5c3b8d0ff94
p:  183088.58437397052
5d44d9045b46faf596d0ffb1
p:  370174.7423921821
5d44d9880bc1840797d0ffa4
p:  411452.841209174
5d44da89cf99429922d0ff97
p:  520963.1032493955
5d44da95c388a5c3b8d0ffa0
p:  236756.45564537976
5d44dac7cf99429922d0ff98
p:  619108.5860408387
5d44dae6c388a5c3b8d0ffa2
p:  241358.17353324182
5d44db31c388a5c3b8d0ffa4
p:  345886.52052252804
5d44dc84c388a5c3b8d0ffad
p:  927773.8660608267
5d44de3c84c74bfb45d10091
p:  391290.01740433334
5d44decfd35b2506f7d0ffb9
p:  141898.48340012052
5d44def484c74bfb45d10092
p:  111999.5685534981
5d44df1384c74bfb45d10093
p:  223300.3306978385
5d44df17cf99429922d0ffa5
p:  765082.0401675499
5d44e06784c74bfb45d10094
p:  222229.2355486608
5d44e090c388a5c3b8d0ffc8
p:  964786.7916740159
5d44e181502ad2df93d0ff9d
p:  209325.4415081511
5d44e2a5502ad2df93d0ff9e
p:  209938.83698671678
5d44e399d35b2506f7d0ffc5
p:  477309.37461109087
5d44e3a5cf99429922d0ffb0
p:  543136.9107277856
5d44e4a9c388a5c3b8d0ffe2
p:  121117.62360613019
5d44e4f0cf99429922d0ffb4
p:  477297.7191888086
5d44e4f1c388a5c3b8d0ffe4
p:  188076.96935537673
5d44e518c388a5c3b8d0ffe5
p:  87569.26191816252
5d44e5b7c388a5c3b8d0ffe9
p:  127713.14613545337
5d44e5be5b46faf596d0ffd1
p:  81395.0176440826
5d44e5d35b46faf596d0ffd2
p:  102385.45225269758
5d44e692c388a5c3b8d0ffef
p:  180033.56613273118
5d44e6b9c388a5c3b8d0fff0
p:  141583.5090864944
5d44e6e0c388a5c3b8d0fff1
p:  148698.05826508056
5d44e706c388a5c3b8d0fff2
p:  290928.9159019603
5d44e72fc388a5c3b8d0fff3
p:  154898.0175082077
5d44e74fcf99429922d0ffb7
p:  499922.38671099924
5d44e755c388a5c3b8d0fff4
p:  143317.5672907626
5d44e7b45b46faf596d0ffd7
p:  65658.51664766211
5d44e7cec388a5c3b8d0fff7
p:  109770.3967331654
5d44e89d5b46faf596d0ffda
p:  343504.6447219788
5d44e9a45b46faf596d0ffdc
p:  150687.71417402782
5d44e9c384c74bfb45d100af
p:  232088.55288192912
5d44e9f1c388a5c3b8d10005
p:  105249.95222858863
5d44ea15c388a5c3b8d10006
p:  105249.95222858863
5d44ea5fc388a5c3b8d10008
p:  118375.57857074411
5d44eaa284c74bfb45d100b1
p:  265735.0796245673
5d44eaeccf99429922d0ffbf
p:  861792.030799404
5d44eaf584c74bfb45d100b3
p:  157432.9036794132
5d44eb2cc388a5c3b8d1000d
p:  85478.10339274886
5d44eb53c388a5c3b8d1000e
p:  115316.45406812988
5d44eca5cf99429922d0ffc4
p:  254009.73072800093
5d44ecb0c388a5c3b8d10012
p:  395160.61455495213
5d44ee82c388a5c3b8d1001e
p:  259415.58101833684
5d44ef6a84c74bfb45d100c2
p:  217889.85844263074
5d44efb35b46faf596d0ffe1
p:  150016.38739185495
5d44efcb142619ecb4d10071
p:  200391.9790117702
5d44f06499410fea02d0ffb7
p:  975213.5550145344
5d44f0b4d35b2506f7d0ffe8
p:  200942.5610492443
5d44f150d35b2506f7d0ffeb
p:  204515.83256890418
5d44f15f502ad2df93d0ffd6
p:  315806.8681756656
5d44f161142619ecb4d10075
p:  172891.1232345024
5d44f1685b46faf596d0ffe5
p:  480889.23525960976
5d44f19399410fea02d0ffbc
p:  591153.7358887439
5d44f1eec388a5c3b8d10035
p:  105249.95222858863
5d44f1f499410fea02d0ffbf
p:  398481.63695745205
5d44f203cf99429922d0ffd0
p:  614480.1452123402
5d44f24199410fea02d0ffc0
p:  204642.0498941011
5d44f24a502ad2df93d0ffe2
p:  205769.39296649004
5d44f2989bad31505fd0fff1
p:  214856.58114040675
5d44f31f502ad2df93d0ffed
p:  315806.8681756656
5d44f326c388a5c3b8d1003d
p:  238243.80303768918
5d44f337d35b2506f7d0ffef
p:  241871.97563376697
5d44f34799410fea02d0ffc2
p:  322650.12323732005
5d44f375502ad2df93d0ffef
p:  151315.06457876525
5d44f378142619ecb4d10079
p:  429710.1294209908
5d44f3c1cf99429922d0ffd2
p:  279506.92675466195
5d44f45d502ad2df93d0fff7
p:  159498.55188675126
5d44f46f502ad2df93d0fff8
p:  291288.8481318199
5d44f476142619ecb4d1007b
p:  276698.54442315816
5d44f4b65b46faf596d0ffe9
p:  265177.7250090075
5d44f4b7502ad2df93d0fffa
p:  237387.24934292666
5d44f4ec142619ecb4d1007c
p:  219342.50852227886
5d44f5053778535475d0ffae
p:  314523.2610806774
5d44f508502ad2df93d0fffd
p:  345529.387499206
5d44f56a502ad2df93d10001
p:  204213.8364780118
5d44f5fd502ad2df93d10006
p:  192444.04099143983
5d44f63cd35b2506f7d0fff6
p:  202094.19447115672
5d44f72f142619ecb4d10083
p:  153023.21818754548
5d44f7ee142619ecb4d10085
p:  212827.0700033108
5d44f80ac388a5c3b8d1005c
p:  233239.0341935762
5d44f8925b46faf596d0ffef
p:  179599.87225096463
5d44f8a184c74bfb45d100db
p:  199931.34577382138
5d44f94ac388a5c3b8d1005f
p:  1319400.9306095417
5d44fa6e5b46faf596d0fff1
p:  144882.41720291149
5d44fc4f84c74bfb45d100e1
p:  212373.4552510004
5d44fcdd5b46faf596d0fff2
p:  189886.07643720877
5d44fd07c388a5c3b8d10063
p:  281231.7335140897
5d44fd405b46faf596d0fff3
p:  173141.8009115592
5d44fd623778535475d0ffba
p:  295930.58573412185
5d44fd65142619ecb4d10088
p:  198210.18137810973
5d44fd710bc1840797d0fff2
p:  135182.77122311576
5d44fd968378b97c03d1000b
p:  202360.38157245505
5d44fe5d142619ecb4d1008b
p:  271817.7753537053
5d44fee999410fea02d0ffd4
p:  539958.7691128352
5d44ff05cf99429922d0ffde
p:  484010.9559956064
5d44ff8084c74bfb45d100e8
p:  272148.1544836467
5d44ff8f5b46faf596d0fffc
p:  179599.87225096463
5d44ffd15b46faf596d0fffe
p:  177668.79426439916
5d44ffd3d35b2506f7d10008
p:  107672.53921728945
5d44ffe2cf99429922d0ffdf
p:  557495.8708492281
5d45017ac388a5c3b8d1006d
p:  354902.0101467024
5d4501c83778535475d0ffc6
p:  515509.1197139751
5d4501f78378b97c03d10012
p:  332213.57320733124
5d4502149bad31505fd10007
p:  142936.60292023537
5d4502498378b97c03d10014
p:  255802.08205623477
5d45025d47a9b3ed66d0fff3
p:  132908.60547667227
5d4502939bad31505fd10009
p:  129323.51562383916
5d4502a447a9b3ed66d0fff4
p:  300828.3874765479
5d4502a6142619ecb4d10091
p:  218131.73421129293
5d4502b33778535475d0ffca
p:  182118.51231191045
5d45030347a9b3ed66d0fff6
p:  163991.27679973273
5d45035a5b46faf596d10009
p:  177384.3069621699
5d4503845b46faf596d1000a
p:  238752.29599670714
5d4503c7d35b2506f7d10013
p:  196619.58130834566
5d4503d94b0fb14054d0ffd7
p:  138316.19422523413
5d4503d98378b97c03d10019
p:  200669.9707825034
5d45040147a9b3ed66d0fff7
p:  267442.71580040193
5d4504284b0fb14054d0ffd9
p:  170295.69015795732
5d45043a5594b9ee5cd10136
p:  257558.83235643164
5d4504503778535475d0ffcd
p:  142561.11751315376
5d4504655b46faf596d1000e
p:  270439.6306696412
5d4504714b0fb14054d0ffdb
p:  161934.32136697986
5d4504895594b9ee5cd10137
p:  1329449.6102231708
5d4504984b0fb14054d0ffdc
p:  140530.78230447986
5d45049f5b46faf596d1000f
p:  217162.30341075672
5d4504a0d35b2506f7d10017
p:  113020.82282540185
5d4504b147a9b3ed66d0fffa
p:  125548.15150363541
5d4504bd9bad31505fd1000c
p:  247982.26038383832
5d4504bf4b0fb14054d0ffdd
p:  286216.60548367165
5d4504f5142619ecb4d10099
p:  135334.13119270676
5d4505104b0fb14054d0ffdf
p:  139039.38296377295
5d450526142619ecb4d1009a
p:  226754.5678009628
5d45053a4b0fb14054d0ffe0
p:  251051.79916622167
5d45054fc388a5c3b8d1007c
p:  223586.6607336009
5d4505644b0fb14054d0ffe1
p:  144856.9148184909
5d450587c388a5c3b8d1007d
p:  197261.94182433633
5d45058e5b46faf596d10013
p:  196399.65921851134
5d4505fa8378b97c03d1001c
p:  183120.4514556765
5d450601c388a5c3b8d10080
p:  223586.6607336009
5d4506179bad31505fd1000f
p:  206132.25376707973
5d45063d99410fea02d0ffe3
p:  127250.18647000586
5d45064b4b0fb14054d0ffe7
p:  129461.7379717826
5d4506543778535475d0ffd0
p:  119989.1636346284
5d4506734b0fb14054d0ffe8
p:  434588.2202752606
5d45067d5b46faf596d10018
p:  185436.00563171483
5d4506c34b0fb14054d0ffea
p:  160088.69175853164
5d4506f14b0fb14054d0ffeb
p:  188206.74593426957
5d4506fd142619ecb4d100a0
p:  222054.2217451974
5d4507154b0fb14054d0ffec
p:  296307.00157878455
5d4507684b0fb14054d0ffee
p:  368082.4944682198
5d45076b8378b97c03d1001e
p:  315511.8130327312
5d45077f9bad31505fd10011
p:  113877.83495294835
5d4507964b0fb14054d0ffef
p:  131657.67194859154
5d4507a88378b97c03d1001f
p:  306513.12723524997
5d4507bf4b0fb14054d0fff0
p:  673133.1127015837
5d4507d98378b97c03d10020
p:  184166.03578557336
5d4507e74b0fb14054d0fff1
p:  486040.1230626013
5d4507f48378b97c03d10021
p:  314621.4379056011
5d450859c388a5c3b8d10087
p:  216700.4152730219
5d4508604b0fb14054d0fff4
p:  318633.7628434659
5d4508798378b97c03d10022
p:  188254.169081381
5d450885142619ecb4d100a3
p:  342435.6751980701
5d4508874b0fb14054d0fff5
p:  136912.30925845896
5d45088b47a9b3ed66d10000
p:  133963.55020204242
5d4508963778535475d0ffd3
p:  161630.1212184484
5d4508fd3778535475d0ffd5
p:  186460.65903774402
5d45092d4b0fb14054d0fff9
p:  169341.25507376657
5d45093847a9b3ed66d10001
p:  314619.5250857169
5d4509768378b97c03d10024
p:  205438.63596161478
5d45097d4b0fb14054d0fffb
p:  141421.4086816721
5d4509c94b0fb14054d0fffd
p:  293178.624650768
5d4509ef4b0fb14054d0fffe
p:  324735.81339888915
5d450a154b0fb14054d0ffff
p:  274212.938095284
5d450a7147a9b3ed66d10004
p:  92557.74788578192
5d450aab9bad31505fd10016
p:  150767.92893196462
5d450ad547a9b3ed66d10005
p:  195578.08006022923
5d450ad53778535475d0ffda
p:  182396.48881147924
5d450aef502ad2df93d1003d
p:  161032.61467827833
5d450b043778535475d0ffdb
p:  182396.48881147924
5d450b1b47a9b3ed66d10007
p:  693873.2796258826
5d450b2d4b0fb14054d10006
p:  319216.1924001331
5d450b4347a9b3ed66d10008
p:  112061.21527834565
5d450b468378b97c03d10026
p:  241935.3044028796
5d450ba34b0fb14054d10009
p:  169341.25507376657
5d450ba847a9b3ed66d10009
p:  119903.04434208921
5d450bc94b0fb14054d1000a
p:  393655.9804681543
5d450bfe5b46faf596d10028
p:  157302.27607092517
5d450c2b5b46faf596d1002a
p:  61400.78652825026
5d450c4a8378b97c03d10028
p:  188927.09254911303
5d450c884b0fb14054d1000e
p:  120160.36072979346
5d450cea3778535475d0ffdf
p:  145793.76281819606
5d450d0347a9b3ed66d1000c
p:  138768.25378040358
5d450d173778535475d0ffe0
p:  456776.28659455315
5d450d674b0fb14054d10012
p:  287318.20753520646
5d450deb9bad31505fd1001d
p:  533429.3287251325
5d450e649bad31505fd1001e
p:  362883.06036596553
5d450e90142619ecb4d100aa
p:  177984.6807263908
5d450ea23778535475d0ffe5
p:  167710.4247873405
5d450eac4b0fb14054d10016
p:  455807.777124631
5d450ee2c388a5c3b8d1009b
p:  206830.62488768296
5d450f0ac388a5c3b8d1009c
p:  269456.1427827397
5d450f2e8378b97c03d1002e
p:  171150.61933949002
5d450f57c388a5c3b8d1009e
p:  664974.3015338369
5d450f7ed35b2506f7d1002d
p:  286331.6818179988
5d450f9ad35b2506f7d1002e
p:  153505.73346680004
5d450fa5c388a5c3b8d100a0
p:  353754.6445431921
5d450fc3142619ecb4d100ab
p:  327083.0211624929
5d450fe447a9b3ed66d10011
p:  201097.387865177
5d45100f47a9b3ed66d10012
p:  175269.5021423763
5d45100f8378b97c03d10030
p:  340127.83650094795
5d4510164b0fb14054d1001d
p:  176804.7928183633
5d45105547a9b3ed66d10013
p:  104870.14755220899
5d4510a0d35b2506f7d1002f
p:  200823.84340990798
5d4510ef8378b97c03d10031
p:  211808.26163001405
5d45110d9bad31505fd10023
p:  188176.60564227085
5d451124d35b2506f7d10032
p:  151494.6762133403
5d4511304b0fb14054d10022
p:  272681.5717387176
5d45113247a9b3ed66d10018
p:  245169.96992014092
5d451151d35b2506f7d10033
p:  99610.01883180893
5d451232d35b2506f7d10036
p:  210408.59633917065
5d4512364b0fb14054d10026
p:  146840.65076494252
5d4512983778535475d0ffeb
p:  456776.28659455315
5d4513464b0fb14054d1002b
p:  357204.5007638077
5d45136a47a9b3ed66d1001d
p:  140870.2788881468
5d451378142619ecb4d100b6
p:  242160.40610589177
5d4513864b0fb14054d1002c
p:  305072.3513765705
5d451402142619ecb4d100b7
p:  182339.78242940077
5d45140c3778535475d0ffee
p:  160036.4009811302
5d45140f8378b97c03d10034
p:  317519.8531823448
5d45143c3778535475d0ffef
p:  130031.94806204322
5d45144d8378b97c03d10035
p:  289639.89279171726
5d45154e47a9b3ed66d10020
p:  160276.1287725225
5d4515935594b9ee5cd1015c
p:  260817.60951605777
5d4515e18378b97c03d1003a
p:  184166.03578557336
5d4515f78378b97c03d1003b
p:  190775.1358887264
5d45160b5594b9ee5cd1015d
p:  131359.21608270405
5d45160d9bad31505fd1002d
p:  169487.47573071727
5d4516828378b97c03d1003c
p:  189397.44949880516
5d4517554b0fb14054d1003d
p:  187863.91383508977
5d4517918378b97c03d1003f
p:  275210.5648604285
5d4517ee47a9b3ed66d10028
p:  249711.55947964813
5d4518479bad31505fd10031
p:  206459.90370830538
5d4518515594b9ee5cd10161
p:  148722.89904221048
5d45193b8378b97c03d10042
p:  240643.13344826293
5d4519a94b0fb14054d10047
p:  573307.0331611168
5d4519ba5594b9ee5cd10167
p:  149077.96925713652
5d4519ef3778535475d0fff7
p:  456776.28659455315
5d451a223778535475d0fff8
p:  171181.61172297216
5d451a44142619ecb4d100bd
p:  333588.4828100803
5d451a763778535475d0fff9
p:  189971.6059291946
5d451aae3778535475d0fffb
p:  500545.7379988231
5d451acf4b0fb14054d1004d
p:  440468.76291203767
5d451b459bad31505fd10034
p:  186479.44702378416
5d451b5d9bad31505fd10036
p:  100519.76696154069
5d451be38378b97c03d10047
p:  156551.98774427664
5d451bf79bad31505fd10038
p:  143800.33095062384
5d451c8a142619ecb4d100c2
p:  236661.20726102655
5d451c9a142619ecb4d100c3
p:  312909.82203721884
5d451cb2142619ecb4d100c4
p:  152712.29291334463
5d451cbf8378b97c03d10048
p:  254357.89079946664
5d451d358378b97c03d10049
p:  142765.91154438406
5d451de45594b9ee5cd1016c
p:  122150.97836605622
5d451e005594b9ee5cd1016d
p:  142961.93035070208
5d451e815594b9ee5cd1016e
p:  710376.8409725371
5d451f3e8378b97c03d1004f
p:  165623.28603105043
5d451f983778535475d10007
p:  215805.6456495445
5d451faf8378b97c03d10051
p:  638677.5299295295
5d451fe13778535475d1000a
p:  329278.0456766732
5d4520078378b97c03d10052
p:  242920.7668481836
5d4520d94b0fb14054d1005d
p:  176748.1086538654
5d45212a5594b9ee5cd10176
p:  222414.15445148386
5d45217bc388a5c3b8d100de
p:  268974.2165179635
5d4522798378b97c03d10056
p:  156551.98774427664
5d45237c3778535475d10012
p:  268757.56740272074
5d4523855594b9ee5cd1017c
p:  143702.2860668318
5d4523c3142619ecb4d100d4
p:  136452.16230622662
5d45243d3778535475d10014
p:  169799.01767289912
5d452441c388a5c3b8d100e5
p:  207838.9121895727
5d4524743778535475d10015
p:  221090.25142684256
5d45247a5594b9ee5cd1017e
p:  168255.56161937153
5d4524f78378b97c03d10059
p:  173178.48662938213
5d4525188378b97c03d1005b
p:  270471.0467488016
5d45254c8378b97c03d1005c
p:  270910.82876076293
5d4525df8378b97c03d1005d
p:  225103.32145561944
5d4526165594b9ee5cd10181
p:  325506.677387421
5d4526728378b97c03d1005f
p:  251011.50900606025
5d4527105594b9ee5cd10183
p:  119507.77765258664
5d4527ed5594b9ee5cd10184
p:  204197.370096387
5d452856d35b2506f7d1006f
p:  129674.70931430956
5d4528ac8378b97c03d10064
p:  267464.7584072775
5d45296bc388a5c3b8d100ec
p:  405690.69070789206
5d4529963778535475d10019
p:  177789.74334835977
5d4529e29bad31505fd1004d
p:  176627.51625033945
5d452b1a8378b97c03d10065
p:  314087.5181528245
5d452b964b0fb14054d10075
p:  273586.208163938
5d452bbe142619ecb4d100ed
p:  410714.4766873425
5d452be69bad31505fd1004e
p:  173961.92460925196
5d452c4e3778535475d1001b
p:  227524.6771631636
5d452d5bd35b2506f7d10079
p:  328557.68411737157
5d452d689bad31505fd10051
p:  185565.91130948675
5d452dde142619ecb4d100f3
p:  171566.3504144455
5d452e36142619ecb4d100f5
p:  171566.3504144455
5d452e8b8378b97c03d1006c
p:  577989.9364056209
5d452f928378b97c03d10071
p:  272402.08030358894
5d452ffb8378b97c03d10077
p:  221035.63818889682
5d45300a8378b97c03d10078
p:  188396.8862236896
5d4530468378b97c03d1007a
p:  437795.8886059741
5d4530669bad31505fd10057
p:  183440.65452422784
5d4530939bad31505fd10058
p:  169856.70343344077
5d4531188378b97c03d10082
p:  251478.41966095753
5d45311c3778535475d1001e
p:  144823.5237678719
5d4531238378b97c03d10083
p:  511745.726824575
5d4531e68378b97c03d1008c
p:  172919.77859288402
5d4532c08378b97c03d10094
p:  284639.1101520758
5d45335b8378b97c03d1009b
p:  215096.76509556844
5d4533ef3778535475d10026
p:  116437.69276437763
5d453422142619ecb4d10104
p:  286446.5759662848
5d4534538378b97c03d100a8
p:  200295.8164067662
5d4535293778535475d1002c
p:  456776.28659455315
5d453557142619ecb4d10108
p:  167836.46479371696
5d4535abd35b2506f7d10085
p:  226082.779443421
5d4535c13778535475d1002e
p:  141417.54934824607
5d45363c142619ecb4d1010c
p:  171566.3504144455
5d4538115594b9ee5cd1019d
p:  259260.0307676451
5d453fa53778535475d1003e
p:  207064.67605810886
5d453ff09bad31505fd1007a
p:  143079.32006254396
5d45442a142619ecb4d10124
p:  202068.07446455627
5d454488142619ecb4d10126
p:  123907.76461674183
5d4545559bad31505fd10087
p:  389855.22057843953
5d4547575594b9ee5cd101ba
p:  261756.17077742997
5d4547aa142619ecb4d1012b
p:  379155.58039164636
5d4555059bad31505fd100b2
p:  106225.02380407327
5d455d35142619ecb4d1017d
p:  368411.3328191362
5d455e40142619ecb4d10182
p:  127850.05321384307
5d455f123778535475d10084
p:  302402.0497368464
5d455f38142619ecb4d10187
p:  265587.49506735057
5d45617d142619ecb4d10193
p:  169606.7428633988
5d45621d5594b9ee5cd10201
p:  246263.4635139414
5d45624d142619ecb4d10197
p:  611136.7975248811
5d4564295594b9ee5cd10206
p:  248947.06380557714
5d45685e3778535475d1009e
p:  285821.0626083872
For ['Acadia', 'Ascension', 'Assumption', 'Avoyelles', 'Calcasieu', 'Cameron', 'Evangeline', 'Iberia', 'Iberville', 'Jefferson Davis', 'Lafayette', 'Lafourche', 'Pointe Coupee', 'St. James', 'St. Landry', 'St. Martin', 'St. Mary', 'Terrebonne', 'Vermilion', 'West Baton Rouge']#################################################################
train score for random_forest: 0.9387392442084912
test score for random_forest: 0.5264191257295329
The mean absolute error is:$ 76837.23682625836
r_Score: 0.5602353575465524
Voting Regressor (in): 0.9383429705357618
Voting Regressor: 0.5602353575465524
5d0e96e719f56a0d5b8f8db9
p:  67702.91314823151
5d19b29aa22b896835d02e97
p:  182463.3692515921
5d19ba4ca22b896835d02ef2
p:  99644.79153904499
5d1b99e103ecbb08e0bf6127
p:  59512.27291111666
5d1c5e560a1cbc8e6fefbce8
p:  158870.1437764005
5d319134d708b0a3d0a64e66
p:  337046.95328225463
5d319153d708b0a3d0a64e67
p:  279703.6052839749
5d319170d708b0a3d0a64e68
p:  81786.03335751101
5d319193d708b0a3d0a64e69
p:  139011.42143173172
5d3191ead708b0a3d0a64e6b
p:  139011.42143173172
5d38b1c27110e453a0b03ada
p:  410797.7726386813
5d442f410c2b93cba458ae1f
p:  229693.51189554186
5d44c849142619ecb4d0ffae
p:  93182.38714067775
5d44c871142619ecb4d0ffaf
p:  79962.87436805209
5d44c90d142619ecb4d0ffb3
p:  213659.1285573109
5d44ca1b5594b9ee5cd0ffb7
p:  130318.59319511303
5d44ca20142619ecb4d0ffba
p:  149431.34196770174
5d44ca6e142619ecb4d0ffbc
p:  195060.4126159259
5d44cb5c8378b97c03d0ff9c
p:  110322.0395880623
5d44cbbc5594b9ee5cd0ffc8
p:  324286.36438665644
5d44cc26142619ecb4d0ffc7
p:  143178.00950161635
5d44ce05142619ecb4d0ffd3
p:  74031.74978729626
5d44ce338378b97c03d0ffa2
p:  105660.51591123946
5d44cf43142619ecb4d0ffdb
p:  139071.78988402808
5d44cf6a142619ecb4d0ffdc
p:  74031.74978729626
5d44d094142619ecb4d0ffe1
p:  126855.78898465363
5d44d109142619ecb4d0ffe3
p:  74031.74978729626
5d44d3275594b9ee5cd10018
p:  210618.58043687645
5d44d44d5594b9ee5cd10027
p:  150897.7663736385
5d44d4725594b9ee5cd10029
p:  213544.29252325668
5d44d52f5594b9ee5cd1002f
p:  140544.31120478932
5d44d532d31b3da3d3d0ff83
p:  151542.85704168057
5d44d53f5594b9ee5cd10030
p:  150544.23096703444
5d44d591d31b3da3d3d0ff85
p:  140906.33387224164
5d44d5ce142619ecb4d0fff8
p:  74696.36528302422
5d44d5ec8ef024a939d0ff80
p:  141248.0134192692
5d44d67e5594b9ee5cd1003d
p:  183691.36287525547
5d44d768142619ecb4d0ffff
p:  151227.70895974513
5d44d8ed8ef024a939d0ff87
p:  57388.255301455
5d44d9a6142619ecb4d10009
p:  143178.00950161635
5d44d9ff5594b9ee5cd1005b
p:  138353.40458929288
5d44dabe5594b9ee5cd10060
p:  287359.7008031751
5d44dae1d31b3da3d3d0ff91
p:  63690.820458421265
5d44db175594b9ee5cd10064
p:  118760.27494446753
5d44dc20142619ecb4d10013
p:  138800.94144453655
5d44dc6b8ef024a939d0ff8b
p:  146590.51626939725
5d44dd0ad31b3da3d3d0ff99
p:  105955.26663117064
5d44dd698ef024a939d0ff8d
p:  141248.0134192692
5d44dddf5594b9ee5cd1007f
p:  127058.4295353451
5d44de6dd31b3da3d3d0ff9c
p:  175825.35874182
5d44de91d31b3da3d3d0ff9d
p:  63690.820458421265
5d44e082d31b3da3d3d0ffa0
p:  140906.33387224164
5d44e141a62727c317d0ffb9
p:  78416.99736684254
5d44e2c9d31b3da3d3d0ffa6
p:  112342.86186610407
5d44e34ca62727c317d0ffc1
p:  136771.81578148308
5d44e3655594b9ee5cd100ae
p:  147149.95686422003
5d44e3ab99410fea02d0ff9a
p:  373000.61150465696
5d44e40f8378b97c03d0ffe4
p:  123076.74596175825
5d44e4e747a9b3ed66d0ff9d
p:  60648.448954134554
5d44e5a599410fea02d0ff9f
p:  82428.28407788808
5d44e5fe8ef024a939d0ffa3
p:  57388.255301455
5d44e6e68378b97c03d0ffe8
p:  57509.663597635445
5d44e7a0d31b3da3d3d0ffb0
p:  188131.8397432201
5d44e836d31b3da3d3d0ffb1
p:  168564.14588443068
5d44e8afa62727c317d0ffce
p:  172686.31955511222
5d44e923142619ecb4d1005e
p:  172495.8556887158
5d44e9268378b97c03d0ffec
p:  88380.91246468287
5d44ebdbd31b3da3d3d0ffbe
p:  158209.0467749976
5d44ebf0142619ecb4d1006f
p:  138800.94144453655
5d44f00ef6b4c2439b8b1ff6
p:  771239.9137990922
5d44f524d31b3da3d3d0ffd7
p:  173711.1343967549
5d44f534d31b3da3d3d0ffd8
p:  142326.13855974164
5d44f7268ef024a939d0ffc2
p:  51670.63597085856
5d44f75ba62727c317d0ffe6
p:  178788.36877083036
5d44ff1ed31b3da3d3d0ffea
p:  153489.00444985094
5d45046bd31b3da3d3d0fff2
p:  173378.06780900678
5d450481d31b3da3d3d0fff3
p:  120149.10269287726
5d4504d0d31b3da3d3d0fff4
p:  46309.70569042872
5d4504f28ef024a939d0ffce
p:  154649.74486677314
5d450511a62727c317d0fffc
p:  154649.74486677314
5d4505c88ef024a939d0ffd0
p:  105145.86069739313
5d4505fdd31b3da3d3d0fff5
p:  87035.57438719846
5d4506128ef024a939d0ffd1
p:  82242.30977775704
5d4506458ef024a939d0ffd2
p:  194094.60794685426
5d4507360bc1840797d10011
p:  121269.91317600652
5d4507688ef024a939d0ffd4
p:  113081.31047067523
5d45081ea62727c317d0fffe
p:  130509.0781449255
5d4508950bc1840797d10018
p:  183970.1480380553
5d4508b28ef024a939d0ffd6
p:  144196.65713967086
5d4509010bc1840797d1001b
p:  96610.37345661756
5d450947d31b3da3d3d0fff7
p:  160557.20300427044
5d45099399410fea02d0fff2
p:  119935.28992378624
5d4509c9a62727c317d10001
p:  183000.26718023233
5d450a7ad31b3da3d3d0fffb
p:  46309.70569042872
5d450a98a62727c317d10003
p:  232717.20605983457
5d450acf0bc1840797d10021
p:  159059.87427818094
5d450aeed31b3da3d3d0fffc
p:  73581.60215841126
5d450b078ef024a939d0ffd8
p:  257489.30414810887
5d450b09a62727c317d10004
p:  280662.8564761371
5d450c320bc1840797d10022
p:  363023.5522760395
5d450c3599410fea02d0fff7
p:  138728.2803400639
5d450c3acf99429922d0fff9
p:  125625.11983465798
5d450c50a62727c317d10006
p:  248093.33303521192
5d450c73cf99429922d0fffa
p:  151332.98692550347
5d450ca68ef024a939d0ffda
p:  198225.62673097017
5d450cbacf99429922d0fffb
p:  350282.48601238243
5d450cbbd31b3da3d3d0fffe
p:  105145.86069739313
5d450ce1cf99429922d0fffc
p:  129834.36804459344
5d450ce80bc1840797d10025
p:  134379.91324427136
5d450cfa0bc1840797d10026
p:  201213.13453850476
5d450d02a62727c317d10008
p:  180282.08297013876
5d450d0999410fea02d0fff9
p:  163907.17906914838
5d450d0d0bc1840797d10027
p:  108221.30884516233
5d450d0fd31b3da3d3d10000
p:  101339.53758665324
5d450d200bc1840797d10028
p:  53302.666911948036
5d450d28d31b3da3d3d10001
p:  65171.103261720404
5d450d2f99410fea02d0fffa
p:  84042.78198547874
5d450d440bc1840797d1002a
p:  95657.38229861628
5d450d69a62727c317d10009
p:  183000.26718023233
5d450d9799410fea02d0fffb
p:  183505.13872963347
5d450dffa62727c317d1000a
p:  68237.69161146213
5d450e47d31b3da3d3d10003
p:  119338.75763957607
5d450e54a62727c317d1000c
p:  162197.65532922975
5d450e668ef024a939d0ffdc
p:  53268.27192164694
5d450e6aa62727c317d1000d
p:  279032.94005831715
5d450e94a62727c317d1000e
p:  245486.576165519
5d450ecad31b3da3d3d10007
p:  87035.57438719846
5d450eecd31b3da3d3d10008
p:  271171.08870648494
5d450ef28ef024a939d0ffdd
p:  87035.57438719846
5d450ef699410fea02d0ffff
p:  119632.5205119918
5d450f26d31b3da3d3d1000a
p:  91815.87389377263
5d450f2b8ef024a939d0ffdf
p:  91815.87389377263
5d450f43a62727c317d1000f
p:  163060.8264639267
5d450f44d31b3da3d3d1000b
p:  53268.27192164694
5d450f60d31b3da3d3d1000c
p:  88534.48887716126
5d450f800bc1840797d1002e
p:  135231.1638521317
5d451046a62727c317d10014
p:  192904.8473716325
5d4510498ef024a939d0ffe1
p:  147977.3792535254
5d45108ea62727c317d10015
p:  160480.92845548093
5d4510950bc1840797d1002f
p:  148294.79343290982
5d4510f00bc1840797d10030
p:  124470.8251173652
5d45112199410fea02d10001
p:  133269.83153186133
5d451162d31b3da3d3d10010
p:  121948.4194041437
5d451194a62727c317d10019
p:  82092.08353804397
5d45119ed31b3da3d3d10012
p:  54526.386631728004
5d4511ad99410fea02d10004
p:  92852.92926019298
5d451237502ad2df93d1004e
p:  100220.97783660179
5d451273502ad2df93d1004f
p:  72231.17643256109
5d451280502ad2df93d10050
p:  92287.47334899925
5d45129a8ef024a939d0ffe5
p:  54526.386631728004
5d4512bea62727c317d1001b
p:  117261.97586949333
5d4512d60bc1840797d10033
p:  159059.87427818094
5d4512e38ef024a939d0ffe6
p:  130799.34493210167
5d451310a62727c317d1001d
p:  263349.815517358
5d4513238ef024a939d0ffe7
p:  498396.51899192994
5d451345d31b3da3d3d10016
p:  85877.5227574278
5d4513528ef024a939d0ffe8
p:  194094.60794685426
5d45135f0bc1840797d10034
p:  113498.172060657
5d4513738ef024a939d0ffe9
p:  117976.48540939504
5d4513a10bc1840797d1003a
p:  169623.87806788756
5d4513e7d31b3da3d3d10019
p:  152604.33147539914
5d4514330bc1840797d1003d
p:  162475.52027979807
5d45145a8ef024a939d0ffeb
p:  68237.69161146213
5d4514610bc1840797d1003e
p:  215183.9377638885
5d45147599410fea02d10012
p:  110105.60909831108
5d4514828ef024a939d0ffec
p:  183000.26718023233
5d4514b0a62727c317d10020
p:  68237.69161146213
5d4514b8cf99429922d10004
p:  193426.27385445696
5d4515130bc1840797d1003f
p:  156731.13717247066
5d451543cf99429922d10005
p:  154249.6442733279
5d4515b5cf99429922d10007
p:  150164.87170865585
5d4515da0bc1840797d10041
p:  183330.65015561858
5d4515ebcf99429922d10008
p:  305448.6208880786
5d4515f9a62727c317d10022
p:  274725.35334081575
5d4516298ef024a939d0ffed
p:  274725.35334081575
5d4516410bc1840797d10043
p:  65430.96473036327
5d45166b0bc1840797d10044
p:  117700.10233072624
5d451678d31b3da3d3d1001e
p:  225149.89475585977
5d4516db8ef024a939d0fff0
p:  126203.57847918195
5d4516e799410fea02d10018
p:  84042.78198547874
5d4516ffd31b3da3d3d10025
p:  117653.75193222024
5d451721d31b3da3d3d10027
p:  154438.2982197648
5d4517330bc1840797d10045
p:  126136.24523128918
5d4517b9a62727c317d10027
p:  129504.95628359925
5d4517d70bc1840797d10047
p:  60142.88446386786
5d4517f90bc1840797d10048
p:  150116.44941826182
5d4518840bc1840797d1004b
p:  121269.91317600652
5d4518fdd31b3da3d3d1002b
p:  73581.60215841126
5d45190dcf99429922d10011
p:  194297.9520750161
5d451923d31b3da3d3d1002c
p:  145397.38669778386
5d4519660bc1840797d1004f
p:  89576.56187890537
5d4519b7d31b3da3d3d10031
p:  102036.83747851473
5d4519d684c74bfb45d10133
p:  161021.36540678347
5d451a4ed31b3da3d3d10033
p:  123502.44331708865
5d451a78d31b3da3d3d10035
p:  104645.25874182937
5d451aa7d31b3da3d3d10037
p:  164667.32527029866
5d451aaaa62727c317d10029
p:  177759.9276895736
5d451acfa62727c317d1002a
p:  145363.8849351165
5d451aeb0bc1840797d10053
p:  126136.24523128918
5d451b0a0bc1840797d10054
p:  93072.71080090015
5d451b15a62727c317d1002c
p:  190555.86852925643
5d451b248ef024a939d0fff6
p:  190555.86852925643
5d451b2ca62727c317d1002d
p:  400687.38753352273
5d451b3147a9b3ed66d1002c
p:  118168.39938018212
5d451b3f8ef024a939d0fff7
p:  400687.38753352273
5d451b4984c74bfb45d10134
p:  161021.36540678347
5d451b850bc1840797d10055
p:  125151.32468695108
5d451b8784c74bfb45d10135
p:  110511.43933348666
5d451b90a62727c317d10030
p:  163575.14665257436
5d451c14d31b3da3d3d1003b
p:  79605.16091783784
5d451c21a62727c317d10032
p:  154649.74486677314
5d451c3bd31b3da3d3d1003c
p:  149514.58803912398
5d451c520bc1840797d1005a
p:  181712.38955148146
5d451c74d31b3da3d3d1003d
p:  144893.101748188
5d451c8f8ef024a939d0fffb
p:  181712.38955148146
5d451ca4cf99429922d1001b
p:  240177.28162836801
5d451cd1d31b3da3d3d1003f
p:  145397.38669778386
5d451dad502ad2df93d10068
p:  92447.95547988373
5d451db9d31b3da3d3d10046
p:  147331.02283088118
5d451dfad31b3da3d3d10048
p:  147100.21073534247
5d451e0d502ad2df93d1006c
p:  93749.63437654814
5d451e13d31b3da3d3d10049
p:  145397.38669778386
5d451ef78ef024a939d10000
p:  59512.27291111666
5d451ef8d31b3da3d3d1004c
p:  65171.103261720404
5d451f910bc1840797d10060
p:  153843.2504440787
5d451fdad31b3da3d3d10054
p:  65171.103261720404
5d451fea84c74bfb45d10138
p:  117174.12262157742
5d451fead31b3da3d3d10055
p:  85877.5227574278
5d4520058ef024a939d10003
p:  68221.15864039694
5d4520aed31b3da3d3d10058
p:  124677.25147194695
5d4521280bc1840797d10064
p:  121269.91317600652
5d45214ba62727c317d1003b
p:  160480.92845548093
5d45226ca62727c317d1003f
p:  183430.86558750595
5d4522788ef024a939d10007
p:  114279.67891044775
5d45228fa62727c317d10040
p:  196270.66782450053
5d45233547a9b3ed66d1003a
p:  83233.8580556727
5d45233784c74bfb45d10142
p:  213091.60586763354
5d4523498ef024a939d10009
p:  175926.49384475662
5d452369cf99429922d10023
p:  176550.29565423075
5d45236c47a9b3ed66d1003b
p:  136642.9647925875
5d4523a299410fea02d10039
p:  154404.79843165984
5d4523c58ef024a939d1000e
p:  115801.97784735714
5d4523f38ef024a939d1000f
p:  126136.24523128918
5d4524980bc1840797d10070
p:  122245.25554655638
5d4524aba62727c317d10041
p:  121766.81320950121
5d4524fccf99429922d10026
p:  155397.10669332498
5d45257899410fea02d1003c
p:  67179.86202709319
5d45258ca62727c317d10043
p:  218627.70207914294
5d4525d2a62727c317d10045
p:  186868.69749055937
5d4525f447a9b3ed66d10041
p:  95433.58394278394
5d45260b47a9b3ed66d10042
p:  138079.3774622543
5d45268fcf99429922d10029
p:  180211.60746537126
5d4526d98ef024a939d10012
p:  108875.58849843571
5d452721a62727c317d10048
p:  148884.5437840808
5d4527d9a62727c317d10049
p:  260638.99745874794
5d452903cf99429922d1002d
p:  221864.18043364183
5d452a5b84c74bfb45d1014f
p:  205603.15609893954
5d452a8284c74bfb45d10150
p:  163671.26928423555
5d452ab20bc1840797d10077
p:  215183.9377638885
5d452ac9a62727c317d10050
p:  195902.53656797047
5d452ae58ef024a939d1001a
p:  126136.24523128918
5d452b8acf99429922d10033
p:  166776.28944391603
5d452c3284c74bfb45d10157
p:  85757.91401801328
5d452c85cf99429922d10034
p:  149848.06989438977
5d452d650bc1840797d1007f
p:  277626.8195532668
5d452d780bc1840797d10080
p:  66039.99844622795
5d452da584c74bfb45d10158
p:  152520.0055202674
5d452db40bc1840797d10082
p:  157591.45188488532
5d452e32cf99429922d1003a
p:  171360.39194647933
5d452e4147a9b3ed66d1004e
p:  318321.2236541042
5d452e6a47a9b3ed66d1004f
p:  67007.08154607707
5d452e6c8ef024a939d1001f
p:  160073.5498182337
5d452e7ad31b3da3d3d1007b
p:  141458.44722906145
5d452f1084c74bfb45d10162
p:  242401.27460331132
5d452f2784c74bfb45d10163
p:  255786.39449478764
5d452f3f84c74bfb45d10164
p:  166748.83939570433
5d452f6a84c74bfb45d10166
p:  118115.13280487354
5d452f830bc1840797d10085
p:  117791.89061787885
5d452f8384c74bfb45d10167
p:  154188.74062235173
5d452fb2cf99429922d1003b
p:  143366.20762253273
5d452fd0502ad2df93d10098
p:  104816.47777687755
5d452fd647a9b3ed66d10052
p:  274537.39476639946
5d45302ecf99429922d1003c
p:  349577.4924942015
5d45306047a9b3ed66d10053
p:  228356.1214490199
5d45308784c74bfb45d1016b
p:  142367.09863682676
5d4530a547a9b3ed66d10056
p:  70636.63936868569
5d4530f099410fea02d10056
p:  175400.7416206621
5d4530f15b46faf596d10078
p:  72064.62902496607
5d453172502ad2df93d1009d
p:  132298.27210847376
5d45325da62727c317d1005d
p:  145363.8849351165
5d45327484c74bfb45d1016f
p:  137836.90647895884
5d453285d31b3da3d3d10080
p:  169596.3432934663
5d45329bd31b3da3d3d10081
p:  77075.21296266242
5d45337684c74bfb45d10174
p:  91318.09450092743
5d45338684c74bfb45d10175
p:  91318.09450092743
5d4533fa99410fea02d1005b
p:  145990.06309904365
5d45343d502ad2df93d100a7
p:  168897.5732596147
5d4534548ef024a939d1002a
p:  108677.64944524485
5d45349b8ef024a939d1002c
p:  232758.2641671995
5d4536b6d31b3da3d3d10086
p:  130250.55229190818
5d4536c1cf99429922d10043
p:  245307.51865580765
5d4536ffd31b3da3d3d10088
p:  190540.8838131487
5d45376399410fea02d10069
p:  237329.94450628827
5d4537fb8378b97c03d100ca
p:  66635.63539286365
5d4538304b0fb14054d10092
p:  60222.35181633359
5d4538508ef024a939d10035
p:  96100.66019040463
5d45385f4b0fb14054d10093
p:  59090.186769754
5d4538630bc1840797d10097
p:  186474.89108729933
5d45387c502ad2df93d100b4
p:  125864.14309641474
5d45390a99410fea02d10072
p:  160883.85946557045
5d4539e0d31b3da3d3d1008e
p:  142562.66459262298
5d4539ff84c74bfb45d1018a
p:  154188.74062235173
5d453a8047a9b3ed66d1008b
p:  174015.26705563586
5d453b61cf99429922d1004b
p:  150721.2113612687
5d453c28c388a5c3b8d1011c
p:  122716.96525678503
5d453c4784c74bfb45d1018c
p:  207932.26766685123
5d453c93a62727c317d10074
p:  68237.69161146213
5d453c9b8ef024a939d1003c
p:  129376.03946713942
5d453e0d47a9b3ed66d100a4
p:  72863.02332104617
5d453e3447a9b3ed66d100a5
p:  198750.20128603978
5d453f07a62727c317d1007b
p:  174139.25571690284
5d454017a62727c317d10080
p:  238662.5728812269
5d45405047a9b3ed66d100ba
p:  218994.95282467088
5d45408e0bc1840797d100a8
p:  106425.99547265537
5d4540cb84c74bfb45d10194
p:  78484.05438567942
5d454151d31b3da3d3d100a5
p:  238087.33628293633
5d4541df502ad2df93d100e6
p:  41227.71247249906
5d45420484c74bfb45d10196
p:  101671.90424238048
5d4542738378b97c03d1012d
p:  78399.34124871386
5d45427784c74bfb45d10198
p:  618427.1924596924
5d45427ad31b3da3d3d100a7
p:  98896.22678255556
5d4542c947a9b3ed66d100cb
p:  94493.0909123243
5d4543b947a9b3ed66d100d1
p:  63437.67107788853
5d4543de47a9b3ed66d100d2
p:  125419.83371150406
5d4544310bc1840797d100b4
p:  122245.25554655638
5d454445502ad2df93d100f3
p:  80592.23908472994
5d45448ed31b3da3d3d100ac
p:  87935.09923929168
5d4544af84c74bfb45d101a3
p:  81593.46794796578
5d4545288378b97c03d10140
p:  57022.23621329478
5d45452a502ad2df93d100f4
p:  42236.517902228195
5d4545a2502ad2df93d100f5
p:  54847.98903248957
5d4545c4502ad2df93d100f6
p:  113430.2463278648
5d4545e847a9b3ed66d100e7
p:  170192.77647808014
5d4545f9502ad2df93d100f8
p:  281045.9273443039
5d454611d35b2506f7d100af
p:  203162.09396989766
5d454645cf99429922d1005b
p:  112816.91861049939
5d4546ee0bc1840797d100ca
p:  126136.24523128918
5d45470599410fea02d100c6
p:  62478.56810500031
5d4547135b46faf596d100b3
p:  51252.05750278397
5d454756502ad2df93d100fa
p:  84770.48432536883
5d454766502ad2df93d100fb
p:  109503.1417983727
5d454774502ad2df93d100fc
p:  43852.01789219145
5d454791cf99429922d1005e
p:  278257.7144634318
5d4547bfd31b3da3d3d100b3
p:  145133.25311416233
5d454856d31b3da3d3d100b5
p:  89263.50218878515
5d4548bd84c74bfb45d101af
p:  251021.21000363486
5d4549085b46faf596d100c0
p:  64230.93320255069
5d45493c84c74bfb45d101b1
p:  217805.87981929464
5d45499384c74bfb45d101b4
p:  58423.712171046165
5d4549b7502ad2df93d10101
p:  100642.69050495591
5d4549c4d35b2506f7d100b7
p:  101622.53337792662
5d454a5ad31b3da3d3d100b6
p:  184813.19142046018
5d454a7a5b46faf596d100ca
p:  125284.11732615452
5d454b17502ad2df93d10106
p:  42236.517902228195
5d454b21d31b3da3d3d100ba
p:  56985.713182900334
5d454b5c47a9b3ed66d10112
p:  197838.81031447867
5d454bcd0bc1840797d100e6
p:  385294.5947978929
5d454bf647a9b3ed66d10116
p:  166542.61255336233
5d454bfe5b46faf596d100d4
p:  139722.4236794155
5d454c6947a9b3ed66d10119
p:  87222.25906962817
5d454cc45b46faf596d100d9
p:  155927.91518342355
5d454d4747a9b3ed66d1011f
p:  155737.39742600807
5d454d6f47a9b3ed66d10120
p:  358538.67334808235
5d454d878ef024a939d10065
p:  90618.11603339395
5d454d9e8378b97c03d10160
p:  127975.41765589814
5d454def8378b97c03d10161
p:  62937.47527029052
5d454e1147a9b3ed66d10124
p:  334435.7062069166
5d454e3b8ef024a939d10066
p:  158179.38718299373
5d454e634b0fb14054d100cd
p:  43138.46265897051
5d454e8c0bc1840797d100eb
p:  229533.51136545892
5d