Current date and time: 2020-06-07 15:34:19
Successfully connect to DB.
For ['Suffolk', 'Middlesex', 'Essex', 'Norfolk', 'Worcester']#################################################################
train score for random_forest: 0.958708411730636
test score for random_forest: 0.6179338680776203
The mean absolute error is:$ 236161.64895173433
r_Score: 0.6502822062223416
Voting Regressor (in): 0.9655102891083871
Voting Regressor: 0.6502822062223416
5d0d453dae78f7f2d314ae6b
p:  605175.425244257
5d1bb1db03ecbb08e0bf6171
p:  450415.40005934227
5d1c6635dbebfd779eefbd56
p:  1019681.2771179974
5d26a4f0107c1d579eeb69a1
p:  254146.4195409012
5d26bd7b107c1d579eeb69d5
p:  2412459.743840603
5d27191e107c1d579eeb6a6c
p:  191237.64338085626
5d29b450199bf96b6045ad5b
p:  476660.60164622864
5d29ba87199bf96b6045ad68
p:  423828.5805110847
5d2ae75847cfe46363877ae3
p:  958936.9268236832
5d2ae7a047cfe46363877ae6
p:  470567.5745318568
5d2ae7b247cfe46363877ae7
p:  2501209.9860906526
5d2ae7f447cfe46363877aea
p:  2059655.9275990992
5d2aedd947cfe46363877af5
p:  231914.15221281128
5d2b07ef47cfe46363877b20
p:  2697969.296552269
5d2b11f247cfe46363877b38
p:  565867.3080616605
5d2b127347cfe46363877b3c
p:  1491760.9396285468
5d2b3ba847cfe46363877b70
p:  736774.1420988711
5d2b4dc547cfe46363877b95
p:  4339165.747743323
5d2cd4afaa1ce31ade80b091
p:  1569602.285326311
5d2cdcdfaa1ce31ade80b0ab
p:  692810.0769569004
5d2d2a3aaa1ce31ade80b17a
p:  187841.17386214423
5d2d2f2baa1ce31ade80b18c
p:  524619.7412395378
5d2dffd4b39b58f1d2167cb5
p:  544885.0463462521
5d2e0045b39b58f1d2167cb6
p:  2040342.043797904
5d2e3bb2b39b58f1d2167d1a
p:  1852497.6697436878
5d2f6c548b6c8df1a080b6aa
p:  504849.06753244763
5d2f6c5f8b6c8df1a080b6ab
p:  2548936.501267246
5d317cb5d708b0a3d0a64e3f
p:  2459645.82300061
5d3199fdd708b0a3d0a64e88
p:  1847356.107249809
5d31a262d708b0a3d0a64e93
p:  2203538.2403896255
5d31a2a3d708b0a3d0a64e94
p:  394243.7281993148
5d31bc3fd708b0a3d0a64ed0
p:  901661.2158772048
5d34ae2018f8dde30a0abc86
p:  698703.0566187619
5d38a64b7110e453a0b03abb
p:  715905.8842332002
5d3e718cbd7b3d656007b5fb
p:  456217.49974984844
5d3ea40b2c3a06b7a107b65e
p:  545753.5706773339
5d4098d9a2787e65838052d7
p:  232121.57142061208
5d4101906d6e6af0b1805331
p:  580414.9612110211
5d41021e05d1ee6f5780534a
p:  202301.94848946566
5d4102726deb951dc1805330
p:  502141.83604879794
5d41065505d1ee6f57805352
p:  272899.60467902554
5d4107513180e24cb380533b
p:  342870.235471112
5d41079c3180e24cb380533c
p:  255625.28667322226
5d410af2140122a3d5805341
p:  320611.7769692448
5d410baf3180e24cb3805340
p:  305969.39944519586
5d410c293794e95517805370
p:  524905.0156687917
5d410cea6d6e6af0b1805341
p:  382203.1481416711
5d410d92a2787e6583805341
p:  203703.5168672503
5d410deaa2787e6583805342
p:  377518.0159121933
5d410e0440f2e4771f805351
p:  327290.28781783127
5d41100405d1ee6f5780535e
p:  117360.41322570626
5d41106ec9efbdecc680534e
p:  420174.16829499585
5d4111bdfd6c3456d7805350
p:  243481.79298684013
5d41130540f2e4771f805356
p:  262305.4343369085
5d41135ee76069e535805335
p:  307434.8018658298
5d4114a2a2787e658380534d
p:  201091.51681452908
5d41153505d1ee6f57805369
p:  297451.3466220981
5d411596bf1cb783f280535e
p:  505986.76840359904
5d4115abff60a2221b805341
p:  505986.76840359904
5d411615a2787e658380534f
p:  361278.6114721913
5d4116213794e95517805376
p:  567152.0238626172
5d4118d5c9efbdecc6805354
p:  278449.3330257848
5d41197fa2787e6583805354
p:  249756.78773632593
5d411efcff60a2221b805349
p:  401539.1479335313
5d4120013794e95517805382
p:  445633.2376056084
5d41218d3180e24cb3805351
p:  283022.59254362434
5d4122223794e95517805386
p:  315771.1740560102
5d4126673794e9551780538b
p:  581317.9300016367
5d412b206deb951dc180535a
p:  330095.0940657235
5d412c0a3794e95517805395
p:  230506.51110004797
5d412c102e5caa84a8805386
p:  207997.30117659978
5d413023ff60a2221b805359
p:  431934.1207207448
5d4131cd2e5caa84a880539c
p:  193560.01437692848
5d41332c2e5caa84a88053a0
p:  477787.7284180716
5d41350cc9efbdecc6805374
p:  252823.0000841997
5d41352d2e5caa84a88053a2
p:  495643.2798364821
5d41366ce76069e535805377
p:  444412.49395551556
5d41398ce76069e535805385
p:  506549.7771572578
5d4139f13180e24cb3805368
p:  607126.3958221055
5d413aaae76069e53580538c
p:  429618.04071106156
5d413adbc9efbdecc680537a
p:  219234.51374895812
5d413d303180e24cb380536a
p:  681142.2970995568
5d413fa4e76069e5358053a4
p:  290627.1700054619
5d41404ae76069e5358053a9
p:  295944.6565737978
5d41437b6deb951dc180536a
p:  1011470.343248054
5d414380bf1cb783f280538b
p:  272249.450499123
5d4144df05d1ee6f5780539c
p:  315376.27159733867
5d414552bf1cb783f280538e
p:  620170.6662832532
5d4145bfbf1cb783f280538f
p:  390408.9688448785
5d41465b3180e24cb380536f
p:  292860.0994023684
5d41465b40f2e4771f8053a6
p:  252590.37820289083
5d41465ebf1cb783f2805391
p:  359486.910664549
5d4146c86deb951dc1805371
p:  994232.0854278079
5d4146cf140122a3d5805374
p:  150456.39557211235
5d414842140122a3d5805376
p:  306135.49680713506
5d4148c9a2787e658380537b
p:  241853.9537734553
5d414ce3fd6c3456d7805386
p:  1319627.323191825
5d414d8ccb419402c780537b
p:  1118198.378268348
5d414de66deb951dc180537d
p:  1085495.3856663802
5d414e09fd6c3456d7805387
p:  183232.22416483762
5d414e54e76069e5358053e2
p:  1011343.0496766565
5d414e706deb951dc180537e
p:  348050.59229525214
5d414f38e76069e5358053e3
p:  1488835.836700219
5d414f4dfd6c3456d7805388
p:  1319627.323191825
5d414f993180e24cb3805379
p:  224455.40487778952
5d414ff9fd6c3456d7805389
p:  1319627.323191825
5d4150ac3180e24cb380537b
p:  359659.63140290603
5d41511efd6c3456d780538a
p:  2820683.1115574557
5d41520be76069e5358053e6
p:  1011343.0496766565
5d41527be76069e5358053e7
p:  1011343.0496766565
5d4152833794e955178053af
p:  279572.2384656251
5d4152e3e76069e5358053e8
p:  321734.9490115921
5d4153e3a2787e6583805385
p:  247861.7766218079
5d41543f2e5caa84a88053bf
p:  228793.25309615652
5d4155b4c9efbdecc680538d
p:  1357762.2811916345
5d4156c03794e955178053b3
p:  288993.9526001698
5d4157532e5caa84a88053c7
p:  193405.6305875061
5d4157f42e5caa84a88053c8
p:  980574.095758528
5d415836e76069e5358053ec
p:  971688.166239577
5d415988e76069e5358053ee
p:  238993.4277253691
5d4159c53794e955178053b6
p:  327609.6592764999
5d4159d1a2787e6583805388
p:  231128.89227382012
5d415a55e76069e5358053ef
p:  328713.38243184605
5d415a826d6e6af0b1805382
p:  306186.30347269995
5d415acdfd6c3456d780539b
p:  505292.17907998746
5d415ae7a2787e6583805389
p:  243307.77375602123
5d415c06e76069e5358053f1
p:  1011343.0496766565
5d415c9be76069e5358053f2
p:  1011343.0496766565
5d415ccb3794e955178053c6
p:  157866.9172098134
5d415ce63794e955178053c7
p:  548296.6653950254
5d415d033794e955178053c8
p:  209051.39174653235
5d415d492e5caa84a88053cd
p:  245436.84952880096
5d415d4a3794e955178053ca
p:  221700.66290076042
5d415d55fd6c3456d780539f
p:  486179.00848462683
5d415dd53794e955178053cd
p:  220610.34170804656
5d415e2ba2787e658380538b
p:  325794.47916012787
5d415eb6a2787e658380538c
p:  1011343.0496766565
5d416001e76069e5358053f3
p:  340942.5350079872
5d41607c6deb951dc1805391
p:  860458.0557895985
5d416145c9efbdecc6805399
p:  181195.9090686373
5d4161cebf1cb783f28053ac
p:  765847.3428956417
5d41629ba2787e6583805390
p:  1319361.6189434582
5d4163746deb951dc1805397
p:  255572.1099305757
5d4164312e5caa84a88053d4
p:  628818.0975949815
5d4164c26deb951dc180539b
p:  349298.9716165343
5d4164c9fd6c3456d78053b1
p:  432115.2072026534
5d4165f22e5caa84a88053da
p:  351852.75259810535
5d416656c9efbdecc680539d
p:  190996.85070036253
5d41666f2e5caa84a88053dc
p:  231306.89418183116
5d4166d52e5caa84a88053de
p:  455627.81822010333
5d416707cb419402c7805393
p:  450446.765228242
5d4167786d6e6af0b180538c
p:  482027.2689876647
5d4167ee2e5caa84a88053e1
p:  212400.379249557
5d4168176d6e6af0b180538d
p:  558738.9737601102
5d41682540f2e4771f8053ce
p:  667103.0982159288
5d4169263180e24cb3805390
p:  531872.4849998385
5d416a6bcb419402c7805396
p:  1140841.6342098634
5d416ac76d6e6af0b1805390
p:  459849.7051131731
5d416ad9e76069e5358053fb
p:  232989.72948909304
5d416b1c6deb951dc18053a4
p:  215935.39281897212
5d416b23140122a3d5805393
p:  497834.14000945905
5d416b606d6e6af0b1805391
p:  457030.58478611574
5d416cf1a2787e6583805396
p:  222799.66948344588
5d416e7a6d6e6af0b1805392
p:  480217.6020905012
5d416f0449adcef79d805387
p:  653432.3498130115
5d416f0fa2787e6583805397
p:  344869.9920366409
5d416f44cb419402c780539c
p:  1277403.6475397518
5d416f62a2787e6583805399
p:  442852.0055862637
5d417011ff60a2221b805394
p:  812490.449646453
5d417031e76069e5358053fd
p:  341062.9322265091
5d41723905d1ee6f578053c5
p:  515629.3848162554
5d41725f05d1ee6f578053c6
p:  750779.316643645
5d4174bf40f2e4771f8053d5
p:  492380.1890408463
5d4174bf2e5caa84a88053fe
p:  386367.65103522874
5d4174c505d1ee6f578053c7
p:  388529.0864973428
5d417678a2787e65838053b2
p:  637442.474020988
5d4176a76d6e6af0b1805395
p:  254424.5495452275
5d41772ee76069e535805403
p:  330192.3309282407
5d417762bf1cb783f28053bc
p:  579727.7376258217
5d4178e16deb951dc18053b9
p:  386568.4548226401
5d417b1abf1cb783f28053be
p:  799621.9305393442
5d417c533794e955178053fc
p:  471995.03803749906
5d417ddbe76069e535805408
p:  170938.4210041672
5d417f052e5caa84a8805404
p:  507603.6614924133
5d4180bd3794e95517805402
p:  654979.2659242523
5d4181083794e95517805403
p:  654979.2659242523
5d418163fd6c3456d78053c9
p:  336298.05880225985
5d4181a2140122a3d58053a6
p:  460910.9110901279
5d4182733794e95517805408
p:  698503.0485003744
5d41827949adcef79d80539d
p:  440374.1643201711
5d41827d05d1ee6f578053d5
p:  388525.82592614065
5d4183913794e9551780540a
p:  555913.49154315
5d4183db140122a3d58053ab
p:  566677.8657854894
5d418406a2787e65838053bf
p:  313823.5427980401
5d41842405d1ee6f578053d6
p:  331868.8194268916
5d4184df140122a3d58053ad
p:  649634.1521608457
5d418510a2787e65838053c1
p:  524800.5812706745
5d41856bbf1cb783f28053ca
p:  895456.0360983617
5d418639fd6c3456d78053d0
p:  811050.8868083815
5d4186ee05d1ee6f578053d8
p:  575715.6932433194
5d4187e62e5caa84a8805408
p:  458982.4293702969
5d41884505d1ee6f578053d9
p:  504633.0435319176
5d41885fe76069e53580540f
p:  352409.9099105302
5d418899140122a3d58053b5
p:  439603.10369026085
5d41891a3794e9551780540f
p:  812728.2804469656
5d4189fb140122a3d58053b8
p:  376746.4244581341
5d418a28a2787e65838053c4
p:  273848.0975568373
5d418a60a2787e65838053c5
p:  702745.9319679446
5d418b7ec9efbdecc68053b4
p:  358274.2265772286
5d418bb205d1ee6f578053db
p:  331365.0951554661
5d418bda2e5caa84a880540b
p:  352559.1924292033
5d418bedc9efbdecc68053b5
p:  461319.8275619877
5d418c732e5caa84a880540c
p:  410271.030372438
5d418cca2e5caa84a880540d
p:  698540.7180374207
5d418e0b140122a3d58053c0
p:  209985.16172476206
5d418e75140122a3d58053c1
p:  459328.553579069
5d418e916deb951dc18053cf
p:  523971.16891851823
5d418f0705d1ee6f578053dc
p:  458281.267773679
5d418f352e5caa84a8805410
p:  464272.6206659655
5d4190876deb951dc18053d0
p:  342654.3148514924
5d41917da2787e65838053ce
p:  210404.89466089266
5d4191cd05d1ee6f578053e2
p:  306068.49001255253
5d4191e2cb419402c78053b7
p:  664701.7917680574
5d419212bf1cb783f28053d3
p:  753592.3012157879
5d41922d05d1ee6f578053e3
p:  280306.65511220414
5d4192f5bf1cb783f28053d4
p:  556655.2765530439
5d419307140122a3d58053cb
p:  250569.46207598114
5d41936bfd6c3456d78053e1
p:  1156613.1546901197
5d4193bebf1cb783f28053d6
p:  502129.1750838716
5d4194a105d1ee6f578053e4
p:  418852.6252681315
5d419574bf1cb783f28053d8
p:  320347.7169082
5d41958805d1ee6f578053e5
p:  481071.4343146489
5d41963cbf1cb783f28053d9
p:  1552511.9447684
5d4197ecc9efbdecc68053bb
p:  388873.2915369329
5d41988dc9efbdecc68053bc
p:  416430.3157047265
5d4198f605d1ee6f578053e7
p:  327670.3869824046
5d419a74140122a3d58053d7
p:  267052.3181269454
5d419aea3180e24cb38053bb
p:  239900.96848188384
5d419e866d6e6af0b18053b8
p:  207498.96730765523
5d419f912e5caa84a8805419
p:  326705.80076879216
5d419ff36d6e6af0b18053b9
p:  719946.599115027
5d41a0d8ff60a2221b8053b7
p:  406313.62079971307
5d41a190a2787e65838053da
p:  549528.3455869851
5d41a2626d6e6af0b18053ba
p:  888505.2896736949
5d41a41949adcef79d8053b4
p:  254001.9660017453
5d41a4752e5caa84a880541f
p:  569952.0004940701
5d41a4bb6d6e6af0b18053bc
p:  279108.89192554506
5d41a4f4bf1cb783f28053e0
p:  591359.5633945339
5d41a5563794e95517805427
p:  279902.1520502205
5d41a630ff60a2221b8053bb
p:  334114.61073148064
5d41a6b3ff60a2221b8053bc
p:  296648.5252464876
5d41a8ae49adcef79d8053ba
p:  400500.4360009659
5d41a974c9efbdecc68053cb
p:  512480.0909936284
5d41aa95140122a3d58053ec
p:  562834.8895251709
5d41ab0e6d6e6af0b18053be
p:  292722.23283838655
5d41ab6b3794e9551780542e
p:  309429.20773973194
5d41abd46deb951dc18053e4
p:  530198.5581723251
5d41ad89e76069e535805435
p:  289006.237915214
5d41ae4649adcef79d8053bd
p:  310135.9728400537
5d41af2c40f2e4771f805419
p:  518815.9202822682
5d41afb06d6e6af0b18053c4
p:  493420.5391530697
5d41b03e49adcef79d8053be
p:  243797.769951119
5d41b266e76069e53580543b
p:  681267.0504737328
5d41b296140122a3d58053fb
p:  359861.6043752554
5d41b34349adcef79d8053c2
p:  2756374.6309256954
5d41b4a749adcef79d8053c3
p:  459058.2854352386
5d41b4f93180e24cb38053d7
p:  270620.6755655131
5d41b5cd49adcef79d8053c5
p:  658240.0298578141
5d41b7ae6deb951dc18053ef
p:  402967.7133743752
5d41b86c2e5caa84a8805431
p:  368696.587760498
5d41b9116d6e6af0b18053cc
p:  281410.38315941807
5d41b95a6d6e6af0b18053cd
p:  281410.38315941807
5d41b9edc9efbdecc68053de
p:  379579.96280273574
5d41ba2cbf1cb783f28053f2
p:  453496.13688102685
5d41ba2f49adcef79d8053ce
p:  431614.05676867085
5d41ba62140122a3d5805407
p:  941193.4351192729
5d41ba9d3180e24cb38053dc
p:  719097.4192439798
5d41bb1e140122a3d5805408
p:  1075056.6534905424
5d41bbea140122a3d5805409
p:  326426.75124440115
5d41bc1ccb419402c78053e1
p:  356227.7302768009
5d41bc1d6deb951dc18053f2
p:  572986.2039703515
5d41bc71c9efbdecc68053e1
p:  511155.30843857233
5d41be38fd6c3456d7805417
p:  634772.7521517809
5d41be82e76069e535805450
p:  428478.70203441556
5d41bea2140122a3d580540c
p:  1121834.6281994102
5d41bef6140122a3d580540d
p:  568667.1297067956
5d41bf29bf1cb783f28053f8
p:  579901.2824917412
5d41bfd46d6e6af0b18053d2
p:  598504.6113574003
5d41bfe1140122a3d580540f
p:  657068.7411155881
5d41c021140122a3d5805410
p:  407192.69400307816
5d41c1153180e24cb38053e0
p:  499324.8944418694
5d41c16e3180e24cb38053e1
p:  248081.34396952685
5d41c220e76069e53580545a
p:  485241.3413880133
5d41c22740f2e4771f805427
p:  380383.48027772043
5d41c250bf1cb783f28053f9
p:  692613.9890997449
5d41c4a33794e95517805442
p:  1076545.258527016
5d41c5703180e24cb38053e4
p:  254655.3429022042
5d41c647140122a3d5805417
p:  1211267.838055476
5d41c886a2787e6583805413
p:  493371.5283363358
5d41c9d249adcef79d8053db
p:  412147.4234939682
5d41cad3ff60a2221b8053e0
p:  329849.7246921453
5d41cbb149adcef79d8053de
p:  436996.9696275577
5d41cc2f3794e9551780544f
p:  604638.077921402
5d41cea13180e24cb38053ec
p:  363541.15869426704
5d41cfece76069e53580546b
p:  888560.9760246833
5d41d0c805d1ee6f5780541a
p:  435872.3233758918
5d41d11840f2e4771f80543a
p:  339664.6373865551
5d41d1333794e95517805457
p:  473822.9670322489
5d41d1796d6e6af0b18053dc
p:  527532.0962234118
5d41d23e40f2e4771f80543c
p:  416543.0708465697
5d41d3e06deb951dc1805403
p:  270258.09257426194
5d41d3fb6d6e6af0b18053e6
p:  852661.8914546248
5d41d42e49adcef79d8053e6
p:  301183.70258409437
5d41d474a2787e6583805422
p:  1247054.7707485936
5d41d4acff60a2221b8053ee
p:  340044.89439039957
5d41d4ba6d6e6af0b18053e8
p:  323925.1181279869
5d41d5496d6e6af0b18053e9
p:  1041515.2343620306
5d41d5e22e5caa84a8805455
p:  1144650.125271358
5d41d6116d6e6af0b18053eb
p:  856927.4442281872
5d41d633a2787e6583805423
p:  539370.899927558
5d41d6a3fd6c3456d7805433
p:  620739.4898859409
5d41d78ffd6c3456d7805434
p:  526499.4014471811
5d41d7d73794e9551780545b
p:  370249.9396765161
5d41d8533794e9551780545c
p:  727673.3247450127
5d41d9003794e9551780545d
p:  741097.4846698286
5d41d9eca2787e6583805427
p:  664939.6052815667
5d41da39fd6c3456d7805438
p:  589749.6770742335
5d41db25fd6c3456d7805439
p:  729526.1257662105
5d41dbf93794e95517805460
p:  728546.5294969941
5d41dbfc140122a3d580542e
p:  692351.6502835844
5d41dc23a2787e658380542c
p:  724277.9659625399
5d41dc7d6d6e6af0b18053f0
p:  381170.4294759653
5d41dc8d49adcef79d8053f0
p:  247469.8155146105
5d41dcdf3794e95517805461
p:  583985.2058177573
5d41dd5e3794e95517805462
p:  242356.2729910263
5d41de28ff60a2221b8053f9
p:  270137.6965781456
5d41dee5a2787e658380542e
p:  700496.745707813
5d41deede76069e53580547c
p:  450730.62631452933
5d41df26cb419402c7805402
p:  558591.6176104404
5d41df65a2787e6583805430
p:  708349.2510183912
5d41e016e76069e53580547d
p:  460201.8606289367
5d41e07e6d6e6af0b18053f6
p:  444095.77290986176
5d41e136e76069e53580547f
p:  601539.7037647909
5d41e1396d6e6af0b18053f7
p:  688145.5107294559
5d41e1b13794e95517805464
p:  647014.8529795231
5d41e1e8e76069e535805480
p:  1979902.311890037
5d41e26fe76069e535805481
p:  613004.9600877268
5d41e3126d6e6af0b18053f9
p:  780991.2553787688
5d41e3716deb951dc1805410
p:  606896.4883075026
5d41e3a13180e24cb38053fc
p:  437211.2567964251
5d41e4b8bf1cb783f280541a
p:  627343.662593929
5d41e4c540f2e4771f80544d
p:  817549.039263065
5d41e5cd2e5caa84a8805461
p:  244384.37048581959
5d41e68c3180e24cb38053ff
p:  440378.9430355631
5d41e6ad140122a3d580543a
p:  468283.8909016629
5d41e6d305d1ee6f5780542c
p:  801422.4300127793
5d41e6d6e76069e53580548c
p:  440222.6843970644
5d41e799bf1cb783f280541c
p:  541343.8757176902
5d41e841e76069e53580548d
p:  502634.4826616724
5d41e858c9efbdecc680540c
p:  452317.8782865999
5d41e8cbe76069e53580548e
p:  368232.6235045373
5d41e8e5bf1cb783f280541d
p:  563262.6773988353
5d41e922ff60a2221b805414
p:  1193112.5259579066
5d41e9853180e24cb3805403
p:  525631.7887854751
5d41e989bf1cb783f280541e
p:  725545.5443446147
5d41e9d62e5caa84a8805465
p:  355802.7457082275
5d41ea34bf1cb783f280541f
p:  438280.563532737
5d41ea51e76069e53580548f
p:  567872.4327334391
5d41ea89c9efbdecc680540f
p:  370699.5556069671
5d41eb13e76069e535805490
p:  466202.2921219105
5d41eb1740f2e4771f805454
p:  895570.2504198754
5d41ebff40f2e4771f805455
p:  952944.5908774196
5d41eeb36d6e6af0b1805405
p:  714424.9691228797
5d41effde76069e535805494
p:  525247.9000220782
5d41f173c9efbdecc6805416
p:  381093.80506609473
5d41f283e76069e535805499
p:  630655.9980529901
5d41f2edc9efbdecc6805418
p:  358898.2378149889
5d41f69d40f2e4771f805467
p:  875666.9396051383
5d41f6f7c9efbdecc680541b
p:  450182.1848077516
5d41f76fcb419402c7805420
p:  297792.53336421767
5d41f7f33180e24cb3805411
p:  494288.81385749206
5d41f9376d6e6af0b1805410
p:  480960.36426669685
5d41f9706d6e6af0b1805411
p:  741615.9929674095
5d41f9c26d6e6af0b1805412
p:  502652.2330465353
5d41fcf02e5caa84a8805480
p:  2227064.2790128565
5d41fd0340f2e4771f80546b
p:  421163.1885153479
5d41fd1efd6c3456d7805458
p:  733703.9396119821
5d41fd20a2787e658380544a
p:  1216059.2431519523
5d41fdf0a2787e658380544c
p:  2441565.677911784
5d41fffbc9efbdecc6805421
p:  574312.3508181567
5d42005d49adcef79d805412
p:  294981.91146424226
5d42007bc9efbdecc6805422
p:  470690.3714062782
5d4200bd40f2e4771f805470
p:  1006338.1905416148
5d4200f62e5caa84a8805490
p:  418093.7108439803
5d42034e40f2e4771f805472
p:  917317.4698350882
5d4203b3ff60a2221b805437
p:  718740.817890425
5d4203d83180e24cb380541d
p:  423774.63319493446
5d42043705d1ee6f57805446
p:  367904.9321139181
5d42046140f2e4771f805473
p:  875974.0808088036
5d4206c9ff60a2221b80543c
p:  641841.0386298693
5d4207f8ff60a2221b80543f
p:  485498.6374202564
5d4208fa6d6e6af0b180541f
p:  471631.0882092498
5d42096cbf1cb783f280543b
p:  458594.42418111966
5d420ca9cb419402c7805432
p:  456354.27568779583
5d420cc0e76069e5358054c2
p:  468864.32068259455
5d420e3d6d6e6af0b1805424
p:  528348.1282401106
5d420fed05d1ee6f57805454
p:  430375.85467704386
5d4210dc6deb951dc1805444
p:  358913.91438953014
5d4211a66deb951dc1805445
p:  1250549.9355972693
5d4211bc49adcef79d805431
p:  388727.5154485173
5d4212b56deb951dc1805446
p:  299319.10572414903
5d42142305d1ee6f5780545b
p:  544627.8724817621
5d4214766deb951dc1805448
p:  443265.7851329914
5d42149ebf1cb783f2805446
p:  682290.2290727012
5d4219426deb951dc180544c
p:  572577.3131319571
5d4219f2cb419402c7805440
p:  379438.79743726854
5d421ba9e76069e5358054cf
p:  376672.93952681194
5d421ebecb419402c7805447
p:  873405.7365004623
5d422066ff60a2221b805454
p:  428699.35382958816
5d42209fcb419402c7805448
p:  443366.56900325156
5d4221c905d1ee6f57805466
p:  513547.7831463085
5d4221e0ff60a2221b805456
p:  397720.35668484453
5d422300140122a3d5805473
p:  276411.36309725477
5d42248b05d1ee6f5780546b
p:  290432.8556653612
5d4224e5cb419402c780544c
p:  513602.1261453097
5d42255bff60a2221b805459
p:  535267.4540739099
5d4225acc9efbdecc6805441
p:  730665.0824674814
5d4225d9140122a3d5805478
p:  456367.2623200144
5d42261349adcef79d80549b
p:  816393.5676292065
5d422614e76069e5358054d8
p:  394600.1598496766
5d42265249adcef79d80549c
p:  967024.9096035773
5d4226af49adcef79d80549e
p:  668984.2775165471
5d422700c9efbdecc6805443
p:  531314.0722754325
5d42271f140122a3d580547a
p:  287084.10178015986
5d4227b0140122a3d580547c
p:  326489.92825672065
5d4228206deb951dc180545b
p:  313592.0938859454
5d42283849adcef79d8054a5
p:  864212.6694091008
5d42283bff60a2221b80545c
p:  513267.4588979982
5d4228be05d1ee6f5780546d
p:  586442.245194419
5d42294fff60a2221b805460
p:  1714941.4513439634
5d422aad49adcef79d8054b0
p:  1838178.7955066245
5d422ba749adcef79d8054b5
p:  663946.5403021679
5d422bdb140122a3d5805485
p:  281994.3758296317
5d422c866d6e6af0b180543c
p:  961961.5059797051
5d422cdf140122a3d580548a
p:  409301.4312718847
5d422dda49adcef79d8054bf
p:  971186.1869542436
5d422e2849adcef79d8054c0
p:  2636575.7089377884
5d422ee9ff60a2221b805466
p:  579610.9793506386
5d422f3f40f2e4771f805495
p:  1224827.8631112573
5d423061c9efbdecc6805449
p:  682789.1734806139
5d4230a26d6e6af0b180543d
p:  2381733.9765261994
5d4230bae76069e5358054e2
p:  366677.97608081135
5d423113c9efbdecc680544a
p:  674960.5897538149
5d4231acc9efbdecc680544b
p:  424719.95765995525
5d423456cb419402c780545c
p:  402347.9533978747
5d4234b6140122a3d5805490
p:  1201767.6911590835
5d423552140122a3d5805491
p:  711687.6533430658
5d42362005d1ee6f57805478
p:  2980535.020132808
5d4236c0140122a3d5805492
p:  1757511.079680895
5d4236d005d1ee6f57805479
p:  592841.1519801528
5d42375dcb419402c780545e
p:  919311.4675851589
5d42378805d1ee6f5780547a
p:  2133626.217529297
5d42383005d1ee6f5780547c
p:  1213859.1780063943
5d42388105d1ee6f5780547d
p:  626854.4934085661
5d4238cdcb419402c780545f
p:  2687826.602753409
5d423960140122a3d5805494
p:  1884369.6543383645
5d4239b005d1ee6f57805480
p:  592841.1519801528
5d423ac1140122a3d5805495
p:  1884369.6543383645
5d423adaff60a2221b805476
p:  526036.3348693352
5d423b64cb419402c7805462
p:  591745.0792789949
5d423bd1cb419402c7805463
p:  2716460.425365206
5d423c0a05d1ee6f57805482
p:  962632.5681615025
5d423c37cb419402c7805464
p:  600034.665670252
5d423cdbcb419402c7805465
p:  522224.3773385355
5d423d33140122a3d5805497
p:  5115051.818072987
5d423d33c9efbdecc6805458
p:  831744.125427265
5d423de749adcef79d8054d2
p:  2387120.436289997
5d423e1005d1ee6f57805484
p:  533671.9042069009
5d423e1acb419402c7805466
p:  539055.2859923892
5d423ecb6d6e6af0b180544d
p:  8137823.773721615
5d423f47cb419402c7805467
p:  833840.6374660688
5d423f756deb951dc1805474
p:  1028462.6378641697
5d423fecff60a2221b80547b
p:  833872.4867544321
5d424041ff60a2221b80547c
p:  644447.8311727745
5d4240456d6e6af0b1805453
p:  963707.4381925935
5d4240f7cb419402c7805468
p:  896224.6827040631
5d4241e1cb419402c7805469
p:  785703.4996785559
5d4241f4140122a3d580549a
p:  550257.1876602902
5d424207ff60a2221b80547d
p:  1060462.8827576924
5d42429acb419402c780546a
p:  1376490.23038097
5d4242a36d6e6af0b180545a
p:  1512683.2437797133
5d4242e56d6e6af0b180545b
p:  649338.3106176604
5d424307cb419402c780546b
p:  1876218.0473424082
5d4243886d6e6af0b180545d
p:  898548.4525762541
5d42438acb419402c780546c
p:  673688.5741663792
5d42438d49adcef79d8054d7
p:  1100959.256143964
5d4243dd6d6e6af0b180545e
p:  898548.4525762541
5d424411cb419402c780546d
p:  695958.9928999376
5d42446f6d6e6af0b180545f
p:  696490.8581945174
5d42449fcb419402c780546e
p:  618982.1158435991
5d4244b96d6e6af0b1805460
p:  3003092.463405191
5d4245bdc9efbdecc680545e
p:  441097.5131677659
5d4245f43794e955178054cd
p:  645380.1723654824
5d42463a40f2e4771f8054ab
p:  4843287.726481149
5d42464605d1ee6f57805486
p:  535588.4686428494
5d42469cff60a2221b80547f
p:  699149.6419874972
5d4246d46d6e6af0b1805461
p:  768872.2413354128
5d4246f53794e955178054ce
p:  665233.6170823582
5d42472f40f2e4771f8054ad
p:  601798.4421954881
5d4247ce05d1ee6f57805487
p:  559103.6272385161
5d4247d53794e955178054cf
p:  721552.2044998663
5d4247f949adcef79d8054dc
p:  1156593.9671895236
5d4247f9ff60a2221b805481
p:  1386509.4157003332
5d42484805d1ee6f57805488
p:  756636.4461792791
5d4248cacb419402c7805471
p:  524140.941774484
5d4248cb40f2e4771f8054ae
p:  1001984.833560641
5d424941ff60a2221b805482
p:  1522724.047200281
5d4249793180e24cb3805458
p:  729798.6768709486
5d424a366d6e6af0b1805463
p:  882183.1019861493
5d424aa740f2e4771f8054b0
p:  487134.3330123145
5d424b0440f2e4771f8054b1
p:  688881.5686124479
5d424b1da2787e6583805491
p:  299892.15143417346
5d424b2d3180e24cb3805459
p:  847013.614847509
5d424b3b05d1ee6f57805489
p:  712656.7230576449
5d424bab3794e955178054d2
p:  1109853.6178411092
5d424bac40f2e4771f8054b2
p:  1811875.285275329
5d424c2eff60a2221b805483
p:  575639.8160158002
5d424c88ff60a2221b805484
p:  644447.8311727745
5d424c8d3180e24cb380545a
p:  2523961.597731785
5d424c9940f2e4771f8054b3
p:  475182.1732195909
5d424ced3180e24cb380545b
p:  493081.2775027193
5d424cfeff60a2221b805485
p:  2071630.1189971967
5d424d8d40f2e4771f8054b4
p:  433796.681797768
5d424dff6d6e6af0b1805465
p:  1841136.1967806693
5d424e2ecb419402c7805475
p:  6194064.105151087
5d424e816d6e6af0b1805466
p:  1710751.1813390155
5d424ea13180e24cb380545c
p:  547813.8830620337
5d424ebdcb419402c7805476
p:  676237.4293031793
5d424ed940f2e4771f8054b5
p:  2321683.6999741415
5d424ef4ff60a2221b805487
p:  6147296.543099709
5d424f1f40f2e4771f8054b6
p:  1148580.821769099
5d424f7240f2e4771f8054b7
p:  728818.9393624207
5d424f7d3180e24cb380545d
p:  433599.1424643639
5d425046cb419402c7805479
p:  591745.0792789949
5d425053ff60a2221b805489
p:  1104768.1903820022
5d425109ff60a2221b80548a
p:  2833439.4111370137
5d42511040f2e4771f8054b8
p:  494928.5738053203
5d4251143180e24cb380545e
p:  2161136.65844193
5d425118cb419402c780547a
p:  662541.3088793312
5d42514205d1ee6f5780548e
p:  1535969.8293569805
5d425185c9efbdecc6805465
p:  427354.3854597514
5d4251b6ff60a2221b80548b
p:  1809501.3781721578
5d42520da2787e6583805495
p:  2131297.0022510095
5d4252526d6e6af0b1805468
p:  2470810.56046358
5d42526c3794e955178054d9
p:  1944002.2397603048
5d425285ff60a2221b80548c
p:  629852.0708593356
5d4252d6ff60a2221b80548d
p:  3549914.212303545
5d4252f16d6e6af0b1805469
p:  772846.3971084983
5d42531cff60a2221b80548e
p:  2071630.1189971967
5d425361ff60a2221b80548f
p:  1429795.6325171385
5d4253baff60a2221b805490
p:  2071630.1189971967
5d4253e43180e24cb380545f
p:  2315651.8587143635
5d4254053794e955178054db
p:  2463317.01529409
5d42541dff60a2221b805492
p:  616364.7190844952
5d42545205d1ee6f57805491
p:  800375.185276534
5d4254616deb951dc180548b
p:  573756.5568695499
5d425461ff60a2221b805493
p:  948727.9139752373
5d42547ecb419402c780547c
p:  584889.4925963343
5d4254843180e24cb3805460
p:  669878.5814608962
5d42549f6deb951dc180548c
p:  478446.19163290237
5d4254a06d6e6af0b180546b
p:  2107635.151507537
5d4254adff60a2221b805494
p:  907507.1942691563
5d4254db40f2e4771f8054bd
p:  1221987.9406959931
5d4254f5ff60a2221b805495
p:  1087860.1873475276
5d42550305d1ee6f57805492
p:  734317.6280404958
5d42552eff60a2221b805496
p:  905320.9308788422
5d42553a40f2e4771f8054be
p:  489701.1860603805
5d425583ff60a2221b805497
p:  742185.6496116685
5d425588140122a3d58054aa
p:  722577.4342646014
5d4255923180e24cb3805461
p:  1241114.2376522692
5d4255d56d6e6af0b180546c
p:  603103.7176926855
5d425607c9efbdecc6805468
p:  637358.5264345491
5d42565d3180e24cb3805462
p:  735558.9439615684
5d4256966d6e6af0b180546d
p:  3133356.0217968775
5d42569a49adcef79d8054e8
p:  705377.4346569775
5d4256bdff60a2221b805499
p:  1434670.9252525973
5d4256fa3794e955178054dc
p:  973692.5427257272
5d42571e40f2e4771f8054c0
p:  634546.515427598
5d42574e49adcef79d8054e9
p:  1879633.0682501935
5d4257723794e955178054dd
p:  1020196.2674435949
5d42578240f2e4771f8054c1
p:  4984122.671261955
5d4257e9e76069e535805500
p:  965506.0287698782
5d42580f3180e24cb3805464
p:  483798.5053341354
5d42584840f2e4771f8054c2
p:  590634.0965955561
5d425864fd6c3456d78054ac
p:  508350.67233460513
5d4258686d6e6af0b180546e
p:  667415.4050716182
5d42588305d1ee6f57805495
p:  1641316.6619028514
5d42588d3180e24cb3805465
p:  571023.4325559302
5d4258c040f2e4771f8054c3
p:  544144.7203347152
5d42591b3794e955178054df
p:  908206.7540903947
5d4259386deb951dc1805491
p:  555271.9083327481
5d4259513180e24cb3805466
p:  2235361.0569696003
5d42595249adcef79d8054eb
p:  683052.5923412612
5d42595905d1ee6f57805496
p:  1017530.0509328885
5d425962fd6c3456d78054ad
p:  747333.1522548703
5d42596cff60a2221b80549d
p:  550208.092984185
5d4259cb40f2e4771f8054c4
p:  580835.8603646191
5d425a213180e24cb3805467
p:  2235361.0569696003
5d425a31e76069e535805502
p:  467945.0394522168
5d425a3f49adcef79d8054ed
p:  4372024.637827698
5d425aa3140122a3d58054b0
p:  6107228.361876367
5d425ac8cb419402c780547d
p:  601254.8208925503
5d425ad905d1ee6f57805497
p:  1528369.5208614818
5d425ae66d6e6af0b180546f
p:  2258840.459213293
5d425b27ff60a2221b80549e
p:  571891.6539323453
5d425b313794e955178054e1
p:  651774.051035682
5d425b363180e24cb3805468
p:  2523961.597731785
5d425b9cc9efbdecc680546f
p:  868382.3525567389
5d425ba6ff60a2221b80549f
p:  1993173.2903226453
5d425bbb49adcef79d8054ef
p:  577898.459854858
5d425c0eff60a2221b8054a0
p:  2362614.5018107006
5d425c2e49adcef79d8054f0
p:  661425.295626689
5d425c5ccb419402c780547f
p:  1856171.1140611554
5d425c72ff60a2221b8054a1
p:  1993173.2903226453
5d425caf6d6e6af0b1805470
p:  656325.8385523646
5d425d0b05d1ee6f57805498
p:  3171659.2932851072
5d425d696d6e6af0b1805471
p:  781602.5987018193
5d425da5bf1cb783f2805477
p:  705751.6968072664
5d425e38cb419402c7805482
p:  584257.9468634601
5d425e653180e24cb380546a
p:  516084.18719484936
5d425e76e76069e535805503
p:  638893.7624996381
5d425ef43180e24cb380546b
p:  4985272.143963558
5d425f436deb951dc1805498
p:  2217993.5166661674
5d425f433794e955178054e5
p:  953343.3514622434
5d425f7aa2787e658380549f
p:  1894773.825167356
5d425face76069e535805504
p:  730728.6641814534
5d425fd0bf1cb783f2805479
p:  859506.9051121005
5d425feb3794e955178054e6
p:  694575.1681320982
5d425ff0cb419402c7805483
p:  500215.8158944093
5d426005bf1cb783f280547a
p:  837795.7756884499
5d42606c40f2e4771f8054ca
p:  849910.9780391932
5d426072a2787e65838054a0
p:  495021.92113662267
5d426080140122a3d58054b7
p:  1884369.6543383645
5d426084cb419402c7805485
p:  578783.8081490519
5d4260ad3794e955178054e7
p:  557370.5184561204
5d426134a2787e65838054a1
p:  429383.9118519421
5d4261456deb951dc1805499
p:  577180.6385901478
5d42614dff60a2221b8054a3
p:  907507.1942691563
5d4261573180e24cb380546c
p:  2191211.8194591817
5d4261aacb419402c7805489
p:  546882.6504601478
5d4261cd3180e24cb380546d
p:  1908837.9733644442
5d4261f06deb951dc180549a
p:  2239048.723332989
5d426201ff60a2221b8054a4
p:  644447.8311727745
5d42625fbf1cb783f280547f
p:  648539.3021012424
5d426290a2787e65838054a3
p:  768708.6283624351
5d4262cffd6c3456d78054b7
p:  937302.5687476873
5d4262d5bf1cb783f2805480
p:  677973.0296167615
5d4262d7e76069e535805505
p:  498005.12884156284
5d4262e340f2e4771f8054cc
p:  645823.3336810912
5d42632e6d6e6af0b1805475
p:  3262121.327136065
5d426342fd6c3456d78054b8
p:  517977.8542380164
5d42635e3180e24cb380546e
p:  2459645.82300061
5d426381e76069e535805506
p:  684520.8071949645
5d426389c9efbdecc6805473
p:  640750.0743340768
5d4263b5e76069e535805507
p:  700864.5478336178
5d4263bccb419402c780548c
p:  478826.32513568463
5d42640ebf1cb783f2805481
p:  555758.0678400742
5d426417e76069e535805508
p:  519378.9447870643
5d42645b3180e24cb380546f
p:  644969.6889915466
5d426480bf1cb783f2805482
p:  543562.9461060767
5d4264923180e24cb3805470
p:  793750.3269076737
5d4264b1fd6c3456d78054b9
p:  1967326.3303685123
5d4264bda2787e65838054a4
p:  871269.2934966853
5d4264df3180e24cb3805471
p:  644969.6889915466
5d426501e76069e535805509
p:  639078.0345070206
5d4266416d6e6af0b1805477
p:  607896.7176926855
5d426642bf1cb783f2805485
p:  826738.8394856257
5d426673e76069e53580550b
p:  862098.5701767467
5d4266873180e24cb3805472
p:  964721.2126757402
5d42669040f2e4771f8054d1
p:  1843928.1311170817
5d4266a3c9efbdecc6805474
p:  662890.5817667149
5d4266c7bf1cb783f2805488
p:  956501.1074926701
5d4266cb40f2e4771f8054d2
p:  527492.9261990429
5d4266fde76069e53580550c
p:  869876.2283767052
5d42670dcb419402c780548e
p:  597842.8127824869
5d426715a2787e65838054a5
p:  448046.03577573085
5d426748c9efbdecc6805476
p:  674064.6152281123
5d426774ff60a2221b8054a8
p:  1023596.785683887
5d426793c9efbdecc6805477
p:  816969.8475691027
5d42679405d1ee6f578054a1
p:  1905562.5925292969
5d4267d5bf1cb783f280548b
p:  801571.7661453364
5d426800ff60a2221b8054a9
p:  2024766.6049021953
5d4268106d6e6af0b1805478
p:  739953.2152106778
5d42684ce76069e53580550d
p:  513078.89183490304
5d42684fa2787e65838054a6
p:  735571.0002496276
5d42689005d1ee6f578054a2
p:  804185.120983388
5d4268966deb951dc180549e
p:  388931.0332022623
5d4268e240f2e4771f8054d5
p:  680459.3328944144
5d4268f8e76069e53580550e
p:  491336.6581203871
5d42690e3180e24cb3805473
p:  2451935.801561813
5d4269b2140122a3d58054ba
p:  1304577.455381629
5d4269b7fd6c3456d78054be
p:  511480.75164787704
5d4269c1e76069e53580550f
p:  706468.7677831906
5d4269d83180e24cb3805474
p:  805883.988555375
5d426a18fd6c3456d78054bf
p:  672199.096153358
5d426a4b05d1ee6f578054a3
p:  954516.0816198994
5d426a793180e24cb3805475
p:  629647.9934485952
5d426a98e76069e535805510
p:  759604.4669338497
5d426a9e3794e955178054ee
p:  1257592.3653759263
5d426ac16d6e6af0b1805479
p:  607896.7176926855
5d426adb140122a3d58054bb
p:  579654.0388605553
5d426ae06deb951dc18054a0
p:  606623.3541078421
5d426b0ea2787e65838054a7
p:  1894773.825167356
5d426b23e76069e535805511
p:  948100.5195755551
5d426b70fd6c3456d78054c2
p:  456081.8274355418
5d426b78bf1cb783f280548c
p:  590682.9331394825
5d426b893180e24cb3805476
p:  538020.3798624207
5d426b9cff60a2221b8054ab
p:  655228.686734185
5d426bb805d1ee6f578054a5
p:  1404763.4933407228
5d426bdacb419402c7805490
p:  491343.6979327406
5d426be36deb951dc18054a1
p:  1079055.747178673
5d426c6a3794e955178054f0
p:  772787.6635601441
5d426c736deb951dc18054a2
p:  483700.7090715312
5d426c7b140122a3d58054bc
p:  578107.4344157919
5d426c7ba2787e65838054a9
p:  603073.7905314227
5d426c83fd6c3456d78054c3
p:  982086.0021346404
5d426ced3180e24cb3805477
p:  622360.0070631192
5d426d083794e955178054f1
p:  663016.6364007946
5d426d2aff60a2221b8054ac
p:  1365032.062610881
5d426d4ba2787e65838054aa
p:  843405.4532214501
5d426d4e49adcef79d805501
p:  676463.4479007204
5d426d813180e24cb3805478
p:  2302953.977717952
5d426dcd140122a3d58054bd
p:  4078702.047729362
5d426dd8ff60a2221b8054ad
p:  2071630.1189971967
5d426de7bf1cb783f280548f
p:  554358.3145891712
5d426df2e76069e535805514
p:  608381.2784438897
5d426e006deb951dc18054a4
p:  734332.0210594306
5d426e4fe76069e535805515
p:  1082028.739402857
5d426ea53180e24cb3805479
p:  982200.3861979551
5d426ebaff60a2221b8054ae
p:  1993173.2903226453
5d426f0dcb419402c7805496
p:  589748.8936662481
5d426f2bff60a2221b8054af
p:  795051.5378390052
5d426f393794e955178054f2
p:  668755.2897612106
5d426f523180e24cb380547a
p:  517851.634917328
5d426f5740f2e4771f8054db
p:  846573.5580979945
5d426fa3ff60a2221b8054b0
p:  616364.7190844952
5d426faa140122a3d58054bf
p:  918125.7768029927
5d426fc2e76069e535805517
p:  557809.2267620596
5d4270133180e24cb380547b
p:  2184705.247571246
5d4270186d6e6af0b180547c
p:  1496008.0838685925
5d42701b49adcef79d805502
p:  574287.9767079875
5d427028cb419402c780549c
p:  919679.6312434111
5d4270366deb951dc18054a6
p:  1182011.3030590536
5d4270883180e24cb380547c
p:  556481.6073080823
5d4270b06d6e6af0b180547d
p:  2107635.151507537
5d4270d2ff60a2221b8054b1
p:  2071630.1189971967
5d4270dd6deb951dc18054a7
p:  506491.3231276686
5d4270e03180e24cb380547d
p:  3981951.5517893606
5d427114cb419402c78054a1
p:  628188.1027918605
5d427117ff60a2221b8054b2
p:  1063926.9719225531
5d42712f3180e24cb380547e
p:  851713.4252631152
5d427135cb419402c78054a2
p:  698342.2603927744
5d42714d6d6e6af0b180547e
p:  1949275.0062560074
5d42716abf1cb783f2805491
p:  705285.92561577
5d427177140122a3d58054c0
p:  688521.7660561563
5d42717e3180e24cb380547f
p:  2380847.57300061
5d427180cb419402c78054a4
p:  669022.7208044906
5d42718b6d6e6af0b180547f
p:  1273890.0700966124
5d4271d43180e24cb3805480
p:  553121.488325668
5d4272196d6e6af0b1805480
p:  2640788.2435412062
5d42721ea2787e65838054ad
p:  586552.9714478136
5d42722e3794e955178054f4
p:  862724.5983263066
5d42723e3180e24cb3805481
p:  677290.6009578074
5d42724d05d1ee6f578054a7
p:  2382221.7742802985
5d427263cb419402c78054a8
p:  2791356.0517932763
5d42728c3180e24cb3805482
p:  1129610.3187765316
5d4272a33794e955178054f5
p:  657626.7688834842
5d4272cd3180e24cb3805483
p:  780196.3473316105
5d4272d6ff60a2221b8054b4
p:  833872.4867544321
5d4272faa2787e65838054ae
p:  4283796.918010691
5d42730e3180e24cb3805484
p:  708262.774506018
5d427315140122a3d58054c1
p:  1029924.024904164
5d427334cb419402c78054ad
p:  436439.8984152278
5d42733d05d1ee6f578054a8
p:  994377.7662565393
5d42738dbf1cb783f2805493
p:  471975.65529067826
5d427392140122a3d58054c2
p:  859868.0537807823
5d4273ccff60a2221b8054b5
p:  2071630.1189971967
5d4273daa2787e65838054af
p:  999439.572016306
5d4273ddcb419402c78054b1
p:  469557.394537439
5d427483cb419402c78054b4
p:  2239937.8536024736
5d427488140122a3d58054c3
p:  1852497.6697436878
5d427495bf1cb783f2805495
p:  952584.8500579776
5d4274d8cb419402c78054b6
p:  504696.7496976516
5d4274ea49adcef79d805505
p:  2492888.2819924504
5d4274fccb419402c78054b7
p:  458621.961468627
5d427524ff60a2221b8054b6
p:  2071630.1189971967
5d42752b6deb951dc18054ab
p:  510355.2336867981
5d427558fd6c3456d78054cb
p:  850433.0215811133
5d4275673180e24cb3805486
p:  531923.5290804037
5d4275a13794e955178054f6
p:  485062.14711618447
5d4275b3140122a3d58054c4
p:  626774.827253387
5d4275cfcb419402c78054bb
p:  1621915.793197345
5d4275eb6deb951dc18054ac
p:  504137.5351662091
5d42763be76069e53580551c
p:  467945.0394522168
5d4276533180e24cb3805487
p:  2459645.82300061
5d42766349adcef79d805507
p:  521802.89228081587
5d427681cb419402c78054be
p:  816135.5632055528
5d42769b6d6e6af0b1805481
p:  777486.9947304688
5d4276b3ff60a2221b8054b7
p:  742185.6496116685
5d4276bbcb419402c78054bf
p:  537422.4698199246
5d4276decb419402c78054c0
p:  2006452.4836136173
5d4276f7c9efbdecc6805487
p:  798518.3144073974
5d4276f76d6e6af0b1805482
p:  1177820.2159391232
5d4276fdcb419402c78054c1
p:  2137111.6683358885
5d427746cb419402c78054c2
p:  699915.3763117462
5d427787bf1cb783f2805496
p:  901190.833658312
5d42779dcb419402c78054c3
p:  2331855.228103579
5d4277a43180e24cb3805488
p:  1561025.0233975276
5d4277aee76069e53580551d
p:  785779.8806726381
5d4277be3794e955178054f8
p:  471035.9585297659
5d4277f3140122a3d58054c6
p:  2459263.0501063433
5d427804cb419402c78054c5
p:  705759.0518156651
5d427809c9efbdecc6805488
p:  543727.7664524426
5d427825cb419402c78054c6
p:  718054.4467111847
5d4278273180e24cb3805489
p:  648062.6857911514
5d42783bfd6c3456d78054ce
p:  1967326.3303685123
5d427845cb419402c78054c7
p:  843372.2351989526
5d42787ccb419402c78054c8
p:  1018735.6835660306
5d4278906deb951dc18054ad
p:  733112.4483145855
5d42789ecb419402c78054c9
p:  703917.090748091
5d4278c049adcef79d805509
p:  626433.0817043916
5d4278cacb419402c78054ca
p:  674088.1911725695
5d4278d13180e24cb380548a
p:  2014935.3434730093
5d4278e5e76069e53580551e
p:  1059892.8308443408
5d4278edcb419402c78054cb
p:  826824.0758900226
5d42790ccb419402c78054cc
p:  799668.8003696853
5d427957cb419402c78054ce
p:  1599110.8086060565
5d427983a2787e65838054b5
p:  2494812.8345176955
5d427986c9efbdecc6805489
p:  815823.2434952382
5d4279a7e76069e53580551f
p:  868604.2153735904
5d4279bdcb419402c78054d0
p:  850424.6519687868
5d427a22c9efbdecc680548a
p:  898861.5081776832
5d427a38cb419402c78054d2
p:  675965.00434924
5d427a4ca2787e65838054b6
p:  548888.9445626088
5d427a773794e955178054f9
p:  892957.9226761609
5d427a8dcb419402c78054d3
p:  1057596.319193756
5d427a95e76069e535805520
p:  991221.7633448687
5d427a98140122a3d58054c7
p:  541222.5601484762
5d427aa105d1ee6f578054ab
p:  881803.635658903
5d427aaacb419402c78054d4
p:  674088.1911725695
5d427ac8cb419402c78054d5
p:  949444.6021607345
5d427af4bf1cb783f2805499
p:  2343395.480638693
5d427b0acb419402c78054d6
p:  823230.9810563237
5d427b3b6d6e6af0b1805484
p:  2107635.151507537
5d427b3ce76069e535805521
p:  1114240.0202506739
5d427b6805d1ee6f578054ac
p:  1450455.5307292035
5d427b7ecb419402c78054d8
p:  1078124.5750642992
5d427ba3bf1cb783f280549b
p:  992272.2005609381
5d427bc1cb419402c78054d9
p:  2137111.6683358885
5d427bc1140122a3d58054c9
p:  1852497.6697436878
5d427bffcb419402c78054da
p:  533663.2648636663
5d427c32cb419402c78054db
p:  1367640.0300891057
5d427c7bcb419402c78054dc
p:  2309671.2933358885
5d427c7ca2787e65838054b7
p:  701202.9005466311
5d427c7f6d6e6af0b1805485
p:  663351.1268426843
5d427c7fbf1cb783f280549c
p:  979229.3467141916
5d427c7fff60a2221b8054b8
p:  909139.4203120861
5d427c8749adcef79d80550e
p:  499903.36823639984
5d427c94140122a3d58054ca
p:  842874.2421189785
5d427ca9cb419402c78054dd
p:  859403.9078469442
5d427cd6cb419402c78054de
p:  3887165.419941237
5d427ce1bf1cb783f280549d
p:  1712866.1876288645
5d427d0ccb419402c78054df
p:  3917304.118013948
5d427d1aa2787e65838054b8
p:  538047.3817070161
5d427d50cb419402c78054e0
p:  774807.3297845729
5d427d51140122a3d58054cb
p:  611529.7159019713
5d427d51ff60a2221b8054b9
p:  806795.4188332856
5d427d636d6e6af0b1805486
p:  4627597.88838536
5d427d78cb419402c78054e1
p:  996225.2250162582
5d427d85bf1cb783f280549e
p:  567882.6517233069
5d427d8e3180e24cb380548b
p:  2113728.089695917
5d427d9fcb419402c78054e2
p:  785066.7042601435
5d427dcac9efbdecc680548c
p:  3901916.7218724424
5d427debff60a2221b8054ba
p:  797581.3115069641
5d427df8cb419402c78054e3
p:  702885.7813316206
5d427e813794e955178054fc
p:  2448630.6189600364
5d427eeb140122a3d58054cd
p:  599951.8393866085
5d427f043180e24cb380548c
p:  981224.8890610465
5d427f206d6e6af0b1805487
p:  859972.6491176044
5d427f3e40f2e4771f8054e8
p:  688952.157472234
5d427f44bf1cb783f280549f
p:  571066.8756610417
5d427f6b6d6e6af0b1805488
p:  739953.2152106778
5d427fb56d6e6af0b1805489
p:  2107635.151507537
5d427fc1c9efbdecc680548e
p:  736594.6111342801
5d427ffabf1cb783f28054a0
p:  722844.1485795706
5d427ffa3180e24cb380548d
p:  531923.5290804037
5d4280476deb951dc18054b5
p:  688726.6065979537
5d428065c9efbdecc680548f
p:  2257736.4996727556
5d42809f40f2e4771f8054eb
p:  4304083.205557186
5d4280bf3794e955178054ff
p:  1013621.4892283163
5d4280ed140122a3d58054cf
p:  2459263.0501063433
5d4280fa05d1ee6f578054af
p:  591181.750584143
5d4281153180e24cb380548e
p:  519684.0979242457
5d42811a40f2e4771f8054ec
p:  1092348.1979657374
5d428132cb419402c78054e5
p:  3017336.7287278776
5d428135bf1cb783f28054a1
p:  1073062.0419181369
5d4281726d6e6af0b180548b
p:  777686.4098991903
5d4281863794e95517805500
p:  1789137.9703950314
5d42819efd6c3456d78054d6
p:  490391.9160076915
5d4281a7cb419402c78054e6
p:  841336.2820942082
5d4281edff60a2221b8054bd
p:  2071630.1189971967
5d4281fbc9efbdecc6805490
p:  843643.8247928217
5d4282083180e24cb380548f
p:  2288270.1560391146
5d42820aa2787e65838054bb
p:  489747.9504664667
5d42820f3794e95517805501
p:  801697.4133808252
5d428231fd6c3456d78054d7
p:  576068.7161324166
5d42826f3180e24cb3805490
p:  542127.9099216029
5d428295bf1cb783f28054a3
p:  487682.348011054
5d4282e13180e24cb3805491
p:  2380847.57300061
5d42832bbf1cb783f28054a4
p:  665434.1431902434
5d42834c6d6e6af0b180548c
p:  891049.4058135572
5d428352ff60a2221b8054bf
p:  6407011.951340734
5d4283823180e24cb3805492
p:  816404.1334025897
5d428393fd6c3456d78054d9
p:  493789.660998962
5d4283cfc9efbdecc6805491
p:  467382.13372526644
5d4283edff60a2221b8054c0
p:  803801.6418987196
5d4283f53180e24cb3805493
p:  2288270.1560391146
5d4283f840f2e4771f8054f0
p:  794657.9185030367
5d4283f9140122a3d58054d1
p:  454095.50815391156
5d428477bf1cb783f28054a5
p:  707442.5971781075
5d4284943180e24cb3805494
p:  727434.6401003584
5d4284abe76069e535805524
p:  682448.7366947591
5d4284c86d6e6af0b180548d
p:  1405169.8419196806
5d4284e2cb419402c78054e7
p:  760891.2541514263
5d4284e86deb951dc18054b8
p:  528669.7760780548
5d4284f7140122a3d58054d2
p:  2452260.510933916
5d4284fec9efbdecc6805492
p:  2659127.9591478873
5d4284ffa2787e65838054be
p:  823572.020276146
5d428515bf1cb783f28054a6
p:  700636.4760989854
5d428529cb419402c78054e8
p:  2309671.2933358885
5d4285496deb951dc18054b9
p:  622337.446559416
5d428573a2787e65838054bf
p:  576195.5956723657
5d42857d3180e24cb3805495
p:  2375984.051561813
5d428595140122a3d58054d3
p:  2325922.1973267584
5d4285afa2787e65838054c0
p:  603073.7905314227
5d42860ee76069e535805526
p:  594402.20007579
5d4286283180e24cb3805496
p:  2451935.801561813
5d42862aa2787e65838054c2
p:  566878.8131654537
5d42862fff60a2221b8054c2
p:  833872.4867544321
5d42864bfd6c3456d78054db
p:  587350.197154319
5d42864fbf1cb783f28054a7
p:  4298444.254641798
5d42866ecb419402c78054e9
p:  729321.49630482
5d428685c9efbdecc6805493
p:  496288.5870171691
5d428694bf1cb783f28054a8
p:  687938.9417188838
5d4286a8fd6c3456d78054dc
p:  1491319.4498919016
5d4286b8ff60a2221b8054c3
p:  1993173.2903226453
5d4286c2140122a3d58054d4
p:  535392.2712690256
5d4286c53180e24cb3805497
p:  2124801.435498312
5d4286d1bf1cb783f28054a9
p:  2343395.480638693
5d4286e2a2787e65838054c3
p:  577995.6929406251
5d4287382e5caa84a8805516
p:  1989539.00299271
5d4287403180e24cb3805498
p:  1130094.089828951
5d4287736d6e6af0b180548e
p:  1846235.8054237633
5d428784140122a3d58054d5
p:  858721.0920597613
5d42879f49adcef79d805513
p:  391997.30124758754
5d4287c2e76069e535805527
p:  491336.6581203871
5d42881c2e5caa84a8805517
p:  712634.9333376747
5d42881f6d6e6af0b180548f
p:  2038928.3634648777
5d42882b140122a3d58054d6
p:  719303.5862655381
5d42882fa2787e65838054c5
p:  554302.6730692879
5d42882fff60a2221b8054c4
p:  1993173.2903226453
5d428831cb419402c78054ea
p:  476142.12672594
5d42883a3180e24cb3805499
p:  851713.4252631152
5d42883afd6c3456d78054df
p:  1988742.6511495695
5d4288832e5caa84a8805518
p:  845266.1027201229
5d4288d62e5caa84a8805519
p:  2557651.412332992
5d4288ec3180e24cb380549a
p:  832312.8679509533
5d4288ee6d6e6af0b1805490
p:  759404.8652838167
5d42890940f2e4771f8054f2
p:  655143.914298672
5d4289476deb951dc18054bd
p:  642306.8156150377
5d42894fe76069e535805528
p:  782062.1072285334
5d428970bf1cb783f28054aa
p:  806665.3348177609
5d428986cb419402c78054eb
p:  2331855.228103579
5d428992140122a3d58054d7
p:  748094.581856697
5d4289a4a2787e65838054c7
p:  4820549.472445339
5d4289b4e76069e535805529
p:  817352.2845987049
5d4289c02e5caa84a880551b
p:  703863.8106716305
5d4289e46d6e6af0b1805491
p:  759404.8652838167
5d4289e7e76069e53580552a
p:  704392.3864719584
5d428a176deb951dc18054be
p:  2358671.936085455
5d428a34140122a3d58054d8
p:  2177664.65037487
5d428a3549adcef79d805515
p:  562622.4083992708
5d428a4940f2e4771f8054f3
p:  1980781.8674851162
5d428a4b2e5caa84a880551c
p:  1095404.1107459562
5d428a4f3794e95517805506
p:  718116.8802134392
5d428a50ff60a2221b8054c6
p:  2348781.222551612
5d428a55bf1cb783f28054ab
p:  832275.7907598172
5d428a683180e24cb380549c
p:  895168.5129415893
5d428ab1bf1cb783f28054ac
p:  475075.6987603804
5d428abf3180e24cb380549d
p:  585317.5540492522
5d428ac1ff60a2221b8054c7
p:  768691.5357650183
5d428acfc9efbdecc6805494
p:  1036848.7230899646
5d428ae649adcef79d805516
p:  550211.9402602422
5d428aed140122a3d58054d9
p:  2376308.760933916
5d428afe3180e24cb380549e
p:  447939.7437531077
5d428b182e5caa84a880551d
p:  830018.0203499031
5d428b1eff60a2221b8054c8
p:  768691.5357650183
5d428b35cb419402c78054ec
p:  737266.5326632677
5d428b35e76069e53580552c
p:  941920.7373206164
5d428b386d6e6af0b1805492
p:  3693277.7145074075
5d428b56bf1cb783f28054ad
p:  678341.4599804871
5d428b6ca2787e65838054c8
p:  391824.39929854183
5d428b9e3794e95517805507
p:  1224617.4838620694
5d428bbb3180e24cb380549f
p:  4229470.896446699
5d428bc6bf1cb783f28054ae
p:  674876.9664170146
5d428bccfd6c3456d78054e0
p:  667507.8060010171
5d428bdf40f2e4771f8054f4
p:  1980781.8674851162
5d428be06d6e6af0b1805493
p:  1239252.6524674469
5d428be72e5caa84a880551e
p:  1004822.0213090002
5d428c00140122a3d58054da
p:  512502.8454711603
5d428c2bc9efbdecc6805495
p:  961746.5247771223
5d428c49ff60a2221b8054ca
p:  1993173.2903226453
5d428c5549adcef79d805518
p:  1842505.2314159558
5d428c69c9efbdecc6805496
p:  663003.001860201
5d428c7f3180e24cb38054a0
p:  482019.3491129335
5d428cafc9efbdecc6805497
p:  1228214.9449981488
5d428cdbfd6c3456d78054e1
p:  2543924.623067689
5d428cf2cb419402c78054ed
p:  799668.8003696853
5d428cf2c9efbdecc6805498
p:  2137111.6683358885
5d428cf52e5caa84a880551f
p:  532675.0535685832
5d428d3f40f2e4771f8054f5
p:  3003074.954005885
5d428d92cb419402c78054ee
p:  523461.0265684937
5d428d9ac9efbdecc6805499
p:  820065.0169435963
5d428d9bfd6c3456d78054e2
p:  789977.1525489632
5d428db940f2e4771f8054f6
p:  2123639.932988335
5d428df5bf1cb783f28054af
p:  597686.6981353181
5d428df63180e24cb38054a1
p:  936026.3061014523
5d428e1d6deb951dc18054c4
p:  635887.1322362826
5d428ed605d1ee6f578054b8
p:  1029141.7948981603
5d428ee26d6e6af0b1805495
p:  6095494.413754453
5d428eeefd6c3456d78054e3
p:  526031.7733358847
5d428ef3c9efbdecc680549b
p:  660948.5775127888
5d428efecb419402c78054ef
p:  3917304.118013948
5d428f023180e24cb38054a3
p:  519901.4412418812
5d428f46c9efbdecc680549c
p:  790439.486537277
5d428f4d140122a3d58054db
p:  2452260.510933916
5d428f633180e24cb38054a4
p:  519901.4412418812
5d428f743794e9551780550a
p:  471035.9585297659
5d428f8805d1ee6f578054bb
p:  1515592.154218153
5d428f96c9efbdecc680549d
p:  820553.5864626872
5d428fa705d1ee6f578054bc
p:  4147954.059321638
5d428fbf140122a3d58054dc
p:  587541.7320173369
5d428fc06deb951dc18054c6
p:  605175.425244257
5d428fc905d1ee6f578054bd
p:  4554680.536927927
5d428fcaff60a2221b8054cb
p:  552124.6574201335
5d428fd6fd6c3456d78054e4
p:  669881.7064966753
5d428fe46deb951dc18054c7
p:  565700.969009079
5d428fe53180e24cb38054a5
p:  2302953.977717952
5d428fe705d1ee6f578054be
p:  550562.4651550612
5d42902d6deb951dc18054c8
p:  824903.207128988
5d429039cb419402c78054f0
p:  744096.5916190817
5d42903f140122a3d58054dd
p:  1852497.6697436878
5d4290ae3180e24cb38054a6
p:  2862047.8881356623
5d4290bc6d6e6af0b1805496
p:  671393.357492585
5d4290c3c9efbdecc680549e
p:  864906.7482758237
5d4290ee49adcef79d80551b
p:  603925.4972846773
5d429118140122a3d58054de
p:  2325922.1973267584
5d42914a3180e24cb38054a7
p:  1852985.3795414977
5d42916da2787e65838054cc
p:  1894773.825167356
5d429196e76069e53580552f
p:  844380.4831824907
5d4291a8fd6c3456d78054e5
p:  669881.7064966753
5d4291b22e5caa84a8805520
p:  698266.2309592634
5d4291d16d6e6af0b1805497
p:  603103.7176926855
5d4291eafd6c3456d78054e6
p:  2543924.623067689
5d4291f1cb419402c78054f1
p:  554109.4411151276
5d4291f96deb951dc18054ca
p:  2064615.2721337914
5d42920f05d1ee6f578054c2
p:  396593.5971933921
5d429254fd6c3456d78054e7
p:  669881.7064966753
5d429282ff60a2221b8054cd
p:  434310.75570735894
5d429284140122a3d58054df
p:  720397.7425624504
5d42929ae76069e535805530
p:  4346282.143716462
5d4292b2bf1cb783f28054b0
p:  683518.7347745765
5d4292eb40f2e4771f8054f9
p:  2123639.932988335
5d429302cb419402c78054f2
p:  1641232.44115489
5d42932549adcef79d80551e
p:  1999584.7471984616
5d42933a2e5caa84a8805521
p:  1989539.00299271
5d429346a2787e65838054ce
p:  2003368.450167356
5d42934940f2e4771f8054fa
p:  683456.6058273278
5d42935fbf1cb783f28054b1
p:  759958.7955608167
5d42938dcb419402c78054f3
p:  735207.3510272881
5d4293a940f2e4771f8054fb
p:  673714.2787819768
5d4293b4140122a3d58054e0
p:  454095.50815391156
5d4293cd2e5caa84a8805522
p:  637468.3432891917
5d4293ea6d6e6af0b180549a
p:  2219051.4641259518
5d4293f1cb419402c78054f4
p:  691839.2567919695
5d42940a3180e24cb38054a8
p:  1908837.9733644442
5d429421bf1cb783f28054b2
p:  544885.0463462521
5d42943d05d1ee6f578054c4
p:  410753.63819169474
5d42949b6deb951dc18054cd
p:  702814.823116133
5d4294c0cb419402c78054f5
p:  674088.1911725695
5d4294cb3180e24cb38054a9
p:  2459645.82300061
5d4294f66d6e6af0b180549b
p:  667160.4159814892
5d429503e76069e535805532
p:  440436.36437984725
5d429519ff60a2221b8054ce
p:  2149695.0758768227
5d42954b05d1ee6f578054c5
p:  754056.2248243161
5d429556140122a3d58054e2
p:  546366.9577743625
5d429568cb419402c78054f6
p:  2309671.2933358885
5d42956ac9efbdecc68054a0
p:  707590.7341717648
5d4295733180e24cb38054aa
p:  4149766.794850451
5d4295a86deb951dc18054ce
p:  672087.3654188273
5d4295b7140122a3d58054e3
p:  2015454.4426754497
5d4295f1140122a3d58054e4
p:  620444.137255941
5d42963da2787e65838054d1
p:  571212.2005114849
5d4296b46deb951dc18054cf
p:  700576.2862188445
5d42970b3180e24cb38054ab
p:  491114.89364334394
5d42970dbf1cb783f28054b4
p:  2133784.9833281185
5d42972a140122a3d58054e6
p:  728453.0508719927
5d42972ee76069e535805535
p:  830650.9710269021
5d429760ff60a2221b8054cf
p:  287204.35950761475
5d42977dfd6c3456d78054eb
p:  765116.3645998752
5d4297c0e76069e535805536
p:  2319291.787955966
5d4297e8140122a3d58054e7
p:  557970.441785085
5d42981940f2e4771f805503
p:  863136.7918509796
5d4298202e5caa84a8805523
p:  4238400.307787395
5d4298493180e24cb38054ac
p:  792673.665952304
5d42984bcb419402c78054f9
p:  789052.1373209737
5d4298652e5caa84a8805524
p:  3625472.8717131373
5d4298a82e5caa84a8805525
p:  3590851.118341511
5d4298b5140122a3d58054e8
p:  658397.7071189997
5d4298c63794e95517805510
p:  2923617.7372795357
5d4298d16deb951dc18054d1
p:  661343.3794046387
5d4298e92e5caa84a8805526
p:  2083082.4297840057
5d429909fd6c3456d78054ec
p:  687901.0644342176
5d42990c49adcef79d805525
p:  638187.8352670451
5d4299282e5caa84a8805527
p:  682590.4577935331
5d42992cff60a2221b8054d1
p:  484302.0824693011
5d42992fbf1cb783f28054b6
p:  2194575.6478208373
5d429939140122a3d58054e9
p:  2200808.718777466
5d42993b05d1ee6f578054c8
p:  2176671.125508315
5d429940c9efbdecc68054a3
p:  1038149.443018501
5d4299692e5caa84a8805528
p:  522998.68441941845
5d4299b62e5caa84a8805529
p:  1989539.00299271
5d4299bac9efbdecc68054a4
p:  3095689.302146762
5d4299c205d1ee6f578054c9
p:  699413.9854717114
5d429a022e5caa84a880552a
p:  736237.6506098266
5d429a09bf1cb783f28054b7
p:  547345.409228194
5d429a1e140122a3d58054ea
p:  517456.0436577492
5d429a2a3794e95517805511
p:  863526.4423107873
5d429a4f2e5caa84a880552b
p:  3607264.803186954
5d429a6b3180e24cb38054ad
p:  1836182.1083500306
5d429a776deb951dc18054d2
p:  596791.2864322575
5d429ab5c9efbdecc68054a5
p:  2257736.4996727556
5d429ab7cb419402c78054fa
p:  2397482.567869118
5d429abfe76069e535805539
p:  778904.6429699033
5d429ac73180e24cb38054ae
p:  2302953.977717952
5d429af7140122a3d58054ec
p:  1293681.0925214528
5d429afebf1cb783f28054b8
p:  569855.022619881
5d429b036deb951dc18054d3
p:  791203.6358173958
5d429b126d6e6af0b18054a1
p:  1529634.8380332324
5d429b472e5caa84a880552e
p:  712914.2766571874
5d429b5a40f2e4771f805506
p:  730972.1369577872
5d429c54fd6c3456d78054ed
p:  640986.4772326753
5d429c67cb419402c78054fb
p:  1418431.4645897327
5d429c88bf1cb783f28054b9
p:  692365.0417144201
5d429cb52e5caa84a880552f
p:  2059655.9275990992
5d429cc23180e24cb38054af
p:  2302953.977717952
5d429d0fcb419402c78054fc
p:  2006452.4836136173
5d429d296deb951dc18054d4
p:  1320394.6413429677
5d429d41a2787e65838054d6
p:  817260.4357141582
5d429d5cff60a2221b8054d5
p:  383725.6564733011
5d429d85fd6c3456d78054ee
p:  669881.7064966753
5d429d8acb419402c78054fd
p:  2646940.4752719924
5d429dae49adcef79d805527
p:  492921.37201582035
5d429db9bf1cb783f28054ba
p:  705176.6179421019
5d429dcf3180e24cb38054b0
p:  1971654.8502975937
5d429e03cb419402c78054fe
p:  1078124.5750642992
5d429e0a140122a3d58054ed
p:  2288082.5850156476
5d429e136deb951dc18054d5
p:  672087.3654188273
5d429e3c3180e24cb38054b1
p:  2014935.3434730093
5d429e453794e95517805512
p:  472952.5229657144
5d429e576deb951dc18054d6
p:  592355.5642421786
5d429e8cbf1cb783f28054bb
p:  1085368.7796637833
5d429e976deb951dc18054d7
p:  638336.0030883906
5d429eb1140122a3d58054ee
p:  1906859.8176754497
5d429ed9140122a3d58054ef
p:  555194.111099788
5d429efbfd6c3456d78054f0
p:  909465.9478393618
5d429f12140122a3d58054f0
p:  452586.4170636901
5d429f156deb951dc18054d8
p:  3592216.7752778707
5d429f27cb419402c78054ff
p:  2309772.6533966796
5d429f2a49adcef79d80552a
p:  2478922.9854609
5d429f3cc9efbdecc68054a7
p:  1980783.9033839586
5d429f41140122a3d58054f1
p:  749588.1869813935
5d429f90140122a3d58054f2
p:  2015050.9721402926
5d429f9f2e5caa84a8805530
p:  642124.7740091796
5d42a017a2787e65838054d8
p:  1114229.8172248092
5d42a033ff60a2221b8054d7
p:  4215789.2128529735
5d42a0363180e24cb38054b2
p:  622360.0070631192
5d42a0932e5caa84a8805532
p:  1040494.3288935116
5d42a0b740f2e4771f805509
p:  2630729.9307716927
5d42a0dbfd6c3456d78054f2
p:  922192.35364033
5d42a0e1c9efbdecc68054a9
p:  863062.2622810288
5d42a100bf1cb783f28054bc
p:  1205762.2822927665
5d42a1183794e95517805514
p:  2001210.5040435619
5d42a1253180e24cb38054b3
p:  945741.3731059621
5d42a15840f2e4771f80550a
p:  987294.7104099967
5d42a18e2e5caa84a8805534
p:  804086.2189970207
5d42a196e76069e53580553e
p:  1131402.7748699281
5d42a1afcb419402c7805500
p:  541271.4620660398
5d42a1b5fd6c3456d78054f3
p:  656037.23750318
5d42a1d9140122a3d58054f3
p:  1026728.8804524889
5d42a2206d6e6af0b18054a7
p:  996399.2010443845
5d42a22aa2787e65838054d9
p:  1921037.3872921197
5d42a23e40f2e4771f80550b
p:  2338782.5605078754
5d42a28ec9efbdecc68054aa
p:  1188763.173045895
5d42a2bdfd6c3456d78054f4
p:  889951.7489777827
5d42a3013180e24cb38054b4
p:  914915.7196776406
5d42a33905d1ee6f578054ce
p:  3710180.723791058
5d42a33da2787e65838054da
p:  631944.710193193
5d42a33ecb419402c7805501
p:  518344.6843973674
5d42a375140122a3d58054f4
p:  587541.7320173369
5d42a398ff60a2221b8054da
p:  652903.8031391815
5d42a3a13180e24cb38054b5
p:  822213.8040492248
5d42a3b4c9efbdecc68054ab
p:  666235.059596781
5d42a3fcc9efbdecc68054ac
p:  3901916.7218724424
5d42a417140122a3d58054f6
p:  1003360.5349235596
5d42a44b140122a3d58054f7
p:  2201613.843777466
5d42a45cbf1cb783f28054be
p:  2343395.480638693
5d42a4a5fd6c3456d78054f5
p:  1988742.6511495695
5d42a4ea6deb951dc18054dd
p:  502046.3446350557
5d42a51dc9efbdecc68054ad
p:  951306.2555720743
5d42a58040f2e4771f80550d
p:  583859.3350110871
5d42a5926deb951dc18054de
p:  802873.0262532502
5d42a5d66d6e6af0b18054a8
p:  1389585.242483461
5d42a615bf1cb783f28054bf
p:  597686.6981353181
5d42a6336deb951dc18054df
p:  1931343.3183536534
5d42a6863180e24cb38054b6
p:  818228.3627631152
5d42a6ab140122a3d58054f8
p:  560169.0859247368
5d42a6fdc9efbdecc68054ae
p:  653895.578467224
5d42a717fd6c3456d78054f6
p:  2543924.623067689
5d42a724140122a3d58054f9
p:  510353.6358602185
5d42a72e3794e95517805517
p:  4894074.758538159
5d42a73ea2787e65838054db
p:  606878.9053529685
5d42a74f6d6e6af0b18054aa
p:  681672.8031861268
5d42a788cb419402c7805502
p:  701120.152329234
5d42a78f140122a3d58054fa
p:  445933.91617772763
5d42a79fbf1cb783f28054c0
p:  1132642.0635011154
5d42a7bf6d6e6af0b18054ab
p:  643077.6506981201
5d42a7d3ff60a2221b8054dc
p:  657362.0798030549
5d42a7de6d6e6af0b18054ac
p:  2107635.151507537
5d42a8096d6e6af0b18054ad
p:  2107635.151507537
5d42a833fd6c3456d78054f7
p:  2619876.248067689
5d42a850cb419402c7805503
p:  1041792.9813142992
5d42a8522e5caa84a8805538
p:  2059655.9275990992
5d42a8a76deb951dc18054e0
p:  2040342.043797904
5d42a8a9bf1cb783f28054c1
p:  568828.0235109713
5d42a93fc9efbdecc68054b0
p:  2137111.6683358885
5d42a97bcb419402c7805504
p:  952716.367248369
5d42a993fd6c3456d78054f8
p:  527662.5984575052
5d42a9a405d1ee6f578054d3
p:  457445.55516782217
5d42a9ad3794e95517805518
p:  1944002.2397603048
5d42a9ca6d6e6af0b18054af
p:  5798657.376138486
5d42a9cc3180e24cb38054b7
p:  565200.8704650392
5d42a9f040f2e4771f805510
p:  789496.6830920052
5d42a9f26deb951dc18054e1
p:  1931343.3183536534
5d42aa45a2787e65838054dd
p:  1921037.3872921197
5d42aa48fd6c3456d78054f9
p:  895291.8440331738
5d42aa48bf1cb783f28054c2
p:  571009.8891737435
5d42aa50140122a3d58054fd
p:  454095.50815391156
5d42aa643180e24cb38054b8
p:  820767.4931772349
5d42aa6849adcef79d805535
p:  669538.4824698237
5d42aa9640f2e4771f805512
p:  691758.5097087931
5d42aab8cb419402c7805506
p:  2646940.4752719924
5d42aac83180e24cb38054b9
p:  2166517.7437336156
5d42aacd40f2e4771f805513
p:  658175.1029873309
5d42aaf0cb419402c7805507
p:  933816.1925914017
5d42ab2bcb419402c7805508
p:  769402.9731822335
5d42ab30a2787e65838054df
p:  1412521.9124848691
5d42ab626d6e6af0b18054b0
p:  2420050.228668782
5d42ab68fd6c3456d78054fa
p:  705148.8333621254
5d42ab93cb419402c7805509
p:  829402.9937178845
5d42ab94140122a3d58054fe
p:  645160.8687923986
5d42ab9f40f2e4771f805516
p:  710106.9057465782
5d42aba2a2787e65838054e0
p:  842774.1977168657
5d42abb905d1ee6f578054d4
p:  305497.26327995304
5d42ac0d3180e24cb38054ba
p:  503394.25427357643
5d42ac12fd6c3456d78054fb
p:  2543924.623067689
5d42ac222e5caa84a8805539
p:  712634.9333376747
5d42ac956deb951dc18054e2
p:  753986.9807801365
5d42ac9c49adcef79d805536
p:  651183.9712068122
5d42ac9fbf1cb783f28054c4
p:  1042040.0351190504
5d42aca83180e24cb38054bb
p:  2459645.82300061
5d42accacb419402c780550a
p:  2006452.4836136173
5d42acd0fd6c3456d78054fc
p:  681695.4510511109
5d42ad1440f2e4771f80551b
p:  410032.55166750896
5d42ad1a6deb951dc18054e3
p:  1931343.3183536534
5d42ad42bf1cb783f28054c5
p:  487682.348011054
5d42ad626deb951dc18054e4
p:  592355.5642421786
5d42ad6b40f2e4771f80551d
p:  469686.9439146172
5d42ad9c40f2e4771f80551e
p:  301623.4707421975
5d42adb7140122a3d58054ff
p:  953116.7940623602
5d42adbccb419402c780550b
p:  922598.1293672272
5d42adcec9efbdecc68054b3
p:  468002.0772578676
5d42addfbf1cb783f28054c6
p:  2133784.9833281185
5d42adf049adcef79d805538
p:  1996043.1458118781
5d42ae0aa2787e65838054e1
p:  660968.0882347126
5d42ae0c140122a3d5805500
p:  550296.5184248183
5d42ae3f40f2e4771f805520
p:  271339.5664428312
5d42ae47bf1cb783f28054c7
p:  537541.8824037302
5d42ae8fcb419402c780550c
p:  825256.2313207984
5d42ae9f140122a3d5805501
p:  1906859.8176754497
5d42aed8ff60a2221b8054e5
p:  436165.1136164033
5d42aee140f2e4771f805523
p:  274032.8312204958
5d42aeec3180e24cb38054bd
p:  620263.9186707068
5d42aef449adcef79d805539
p:  4336470.805153629
5d42aef605d1ee6f578054d6
p:  534011.7276226154
5d42aef9cb419402c780550d
p:  909315.1074498545
5d42af0ba2787e65838054e2
p:  675686.7303961703
5d42af10bf1cb783f28054c8
p:  2343395.480638693
5d42af2a3180e24cb38054be
p:  1852985.3795414977
5d42af6140f2e4771f805526
p:  773783.5247053956
5d42af9c40f2e4771f805527
p:  550493.7737371634
5d42afe26d6e6af0b18054b4
p:  590679.8190271265
5d42afe440f2e4771f805528
p:  419689.23752285214
5d42b010cb419402c780550e
p:  502330.29440935317
5d42b0103180e24cb38054c0
p:  854311.7391537849
5d42b0b96deb951dc18054e5
p:  2543894.859957171
5d42b0becb419402c780550f
p:  2309671.2933358885
5d42b0c4e76069e535805546
p:  909062.4412247959
5d42b0f9cb419402c7805510
p:  730074.2357619735
5d42b16eff60a2221b8054e7
p:  398413.83020100975
5d42b19bcb419402c7805511
p:  1176907.9896349008
5d42b19c6deb951dc18054e7
p:  645665.1837594375
5d42b1a1bf1cb783f28054c9
p:  477060.82230611134
5d42b211bf1cb783f28054ca
p:  825587.3354156557
5d42b21d49adcef79d80553b
p:  575378.8932020509
5d42b221140122a3d5805502
p:  554926.8824569698
5d42b24ec9efbdecc68054b4
p:  4365519.49499364
5d42b258cb419402c7805512
p:  1060811.5535038253
5d42b263a2787e65838054e3
p:  545301.7888725472
5d42b2726deb951dc18054e8
p:  817999.4261358972
5d42b27cfd6c3456d78054fd
p:  1158599.2015442434
5d42b2b8140122a3d5805503
p:  557662.3001297108
5d42b2eafd6c3456d78054fe
p:  2317618.8438916295
5d42b2fecb419402c7805514
p:  972004.7686353457
5d42b31a140122a3d5805504
p:  828695.0597473488
5d42b328a2787e65838054e4
p:  448046.03577573085
5d42b341bf1cb783f28054cb
p:  3910038.6112407055
5d42b347e76069e535805547
p:  508515.1665763677
5d42b3523180e24cb38054c1
p:  2201225.958296227
5d42b364cb419402c7805516
p:  744457.7732955471
5d42b36b6deb951dc18054e9
p:  2043784.8714436146
5d42b3c3cb419402c7805518
p:  3363169.287023625
5d42b3c6fd6c3456d78054ff
p:  697654.7396628063
5d42b3d6e76069e535805548
p:  735875.511662143
5d42b40e140122a3d5805505
p:  1852497.6697436878
5d42b447cb419402c780551a
p:  587369.3089903751
5d42b45349adcef79d80553e
p:  582725.002093157
5d42b4552e5caa84a880553c
p:  2083082.4297840057
5d42b4853794e9551780551d
p:  1425585.3658321057
5d42b4a2cb419402c780551c
p:  1896460.2918327507
5d42b4a4bf1cb783f28054cc
p:  813974.0963736076
5d42b4bac9efbdecc68054b6
p:  579956.6664166208
5d42b4fbbf1cb783f28054cd
p:  567882.6517233069
5d42b509cb419402c780551e
p:  437121.42920941627
5d42b50f140122a3d5805507
p:  1852497.6697436878
5d42b5222e5caa84a880553d
p:  1989539.00299271
5d42b544cb419402c780551f
p:  704022.4064978743
5d42b55bbf1cb783f28054ce
p:  832557.648662366
5d42b575ff60a2221b8054ec
p:  1855318.3315386586
5d42b5bca2787e65838054e6
p:  669809.4709084511
5d42b5c6cb419402c7805522
p:  688486.3969606843
5d42b5cebf1cb783f28054cf
p:  664027.5551128604
5d42b5df6d6e6af0b18054bb
p:  826125.218106436
5d42b5e3cb419402c7805523
p:  640941.9864077894
5d42b5f840f2e4771f80552d
p:  560049.5906878649
5d42b619cb419402c7805525
p:  467908.6615556373
5d42b622140122a3d5805509
p:  557662.3001297108
5d42b64fcb419402c7805526
p:  1110706.5484579252
5d42b669ff60a2221b8054ee
p:  595521.3958372602
5d42b