Current date and time: 2020-06-07 15:34:19
Successfully connect to DB.
For ['Frederick', 'Montgomery', "Prince George's"]#################################################################
train score for random_forest: 0.9664372637712134
test score for random_forest: 0.790829098172595
The mean absolute error is:$ 115077.04318553649
r_Score: 0.8025753102794406
Voting Regressor (in): 0.9693446954473661
Voting Regressor: 0.8025753102794406
5d0ad35eccf4a7c7185b8601
p:  467270.93731516117
5d0ad509f5000d9c63d5fe1d
p:  305601.55910896725
5d0ad8192d5118af9553f54d
p:  363332.5109813899
5d0ad82b2d5118af9553f54e
p:  195214.69767323363
5d0ad8412d5118af9553f54f
p:  334621.4734915969
5d0ad84c2d5118af9553f550
p:  328318.6499723128
5d0ad85866204ec3e153f54e
p:  500904.6429603739
5d0ad8922d5118af9553f552
p:  225391.3064427229
5d0ad89c2d5118af9553f554
p:  433223.8306137972
5d0ad8b63ea2a4b18353f54f
p:  342071.878601352
5d0ad8e2a6c1dd85f653f54d
p:  239177.31972116738
5d0ad909422853c2fb53f555
p:  406434.63605465443
5d0ad910e70efe6e3353f557
p:  315173.7063624022
5d0ad93113da729bb953f553
p:  298604.94705102895
5d0ad937422853c2fb53f558
p:  299962.8879646844
5d0ad946422853c2fb53f559
p:  258896.00688547947
5d0ad953422853c2fb53f55a
p:  286092.3428331595
5d0ad95a2d5118af9553f55a
p:  230379.5636804417
5d0ad96f3ea2a4b18353f555
p:  244775.5848602982
5d0ad9762d5118af9553f55c
p:  305772.116363324
5d0ad9842d5118af9553f55d
p:  428223.57136996574
5d0ad984a6c1dd85f653f557
p:  210194.4147198699
5d0ad99a3ea2a4b18353f557
p:  280713.6565649225
5d0ad9cd2d5118af9553f562
p:  236150.3510894358
5d0ad9e713da729bb953f555
p:  366718.1798315499
5d0ad9f52d5118af9553f564
p:  300834.7715018516
5d0ad9f73ea2a4b18353f55c
p:  150941.83950674042
5d0ad9ff13da729bb953f557
p:  284372.68919394317
5d0ada01c2c53e725253f54e
p:  219529.32247575105
5d0ada06c2c53e725253f54f
p:  354358.81458957825
5d0ada073ea2a4b18353f55e
p:  281119.82196650363
5d0ada0713da729bb953f558
p:  178652.9294667756
5d0ada0cc2c53e725253f550
p:  271796.16464081267
5d0ada1113da729bb953f559
p:  330773.2550270823
5d0ada24e70efe6e3353f55d
p:  411236.7879439314
5d0ada2f66204ec3e153f556
p:  370614.6445370173
5d0ada4be70efe6e3353f55f
p:  330806.3363418699
5d0ada6cc2c53e725253f553
p:  284368.6674850045
5d0adab03ea2a4b18353f567
p:  339271.91557805205
5d0adaba3ea2a4b18353f568
p:  247027.9100819615
5d0adad5422853c2fb53f564
p:  149764.2455890533
5d0adada3ea2a4b18353f56b
p:  150941.83950674042
5d0adb102d5118af9553f566
p:  380138.5013491887
5d0adb1b2d5118af9553f567
p:  333605.4599246528
5d0adb252d5118af9553f568
p:  342416.1801365407
5d0adb292d5118af9553f569
p:  274971.83761464374
5d0adb382d5118af9553f56a
p:  324595.45097653125
5d0adb3f2d5118af9553f56b
p:  327454.70502283215
5d0adb66c2c53e725253f556
p:  336628.03249795793
5d0adb72e70efe6e3353f564
p:  305680.0975889184
5d0adb75c2c53e725253f557
p:  284368.6674850045
5d0adbea422853c2fb53f566
p:  304942.47380110336
5d0adbeca6c1dd85f653f562
p:  301639.15215525765
5d0adbfb422853c2fb53f568
p:  258730.7489618198
5d0adc04422853c2fb53f56a
p:  373849.8415739179
5d0adc0e422853c2fb53f56c
p:  221978.54146591888
5d0adc15422853c2fb53f56d
p:  545992.1624353088
5d0adc1ba6c1dd85f653f566
p:  244760.43109665232
5d0adc2da6c1dd85f653f569
p:  296936.1836196771
5d0adc34a6c1dd85f653f56a
p:  289366.78040789644
5d0adc5a422853c2fb53f56e
p:  309841.0749917289
5d0adc6d422853c2fb53f570
p:  255520.9463579722
5d0adc78e70efe6e3353f56a
p:  380843.0214861997
5d0adc7e2d5118af9553f56f
p:  361730.2892604611
5d0adc99e70efe6e3353f56c
p:  346578.0221399492
5d0adcaa422853c2fb53f572
p:  645929.0566416424
5d0adcb53ea2a4b18353f572
p:  244157.45389882592
5d0adcc63ea2a4b18353f573
p:  267286.52908948995
5d0adcdd2d5118af9553f572
p:  261255.7721552027
5d0add063ea2a4b18353f576
p:  245113.03067942127
5d0add572d5118af9553f574
p:  259230.75862970098
5d0add7c66204ec3e153f567
p:  343864.3721455911
5d0add8366204ec3e153f568
p:  259097.9901581908
5d0add8e13da729bb953f565
p:  358979.9766220164
5d0add91e70efe6e3353f56d
p:  348242.1357801578
5d0addaee70efe6e3353f571
p:  316466.6068146201
5d0addddc2c53e725253f55c
p:  247904.14276527043
5d0ade4b2d5118af9553f577
p:  346289.8480797694
5d0ade6fc2c53e725253f55d
p:  354358.81458957825
5d0adf04422853c2fb53f576
p:  310843.2175191975
5d0adf25c2c53e725253f562
p:  264504.67421024345
5d0adf32422853c2fb53f579
p:  321782.0447946204
5d0adf4ec2c53e725253f564
p:  240941.91930249456
5d0adf60c2c53e725253f565
p:  235052.93109349988
5d0adfa7a6c1dd85f653f575
p:  299678.3161063229
5d0adfb2a6c1dd85f653f576
p:  295349.9398919651
5d0adfbb3ea2a4b18353f582
p:  244157.45389882592
5d0adfc5a6c1dd85f653f577
p:  324302.46531690424
5d0ae021e70efe6e3353f57d
p:  660326.3308674463
5d0ae050c2c53e725253f569
p:  250735.66827657566
5d0ae061c2c53e725253f56c
p:  306081.12489186745
5d0ae130e70efe6e3353f582
p:  367563.8762499703
5d0ae181a6c1dd85f653f585
p:  251542.91989020086
5d0ae18c422853c2fb53f585
p:  281106.1373063773
5d0ae1aec2c53e725253f575
p:  246627.44638102554
5d0ae1b8c2c53e725253f576
p:  276980.0266388447
5d0ae1de3ea2a4b18353f597
p:  159668.09360397764
5d0ae1eb2d5118af9553f57e
p:  169266.07128588355
5d0ae1f32d5118af9553f57f
p:  312284.0104285334
5d0ae232a6c1dd85f653f588
p:  194124.83739297505
5d0ae238a6c1dd85f653f589
p:  320258.4656094519
5d0ae242c2c53e725253f578
p:  271754.6363496006
5d0ae246c2c53e725253f579
p:  249429.51086851984
5d0ae24ea6c1dd85f653f58c
p:  285670.2259147723
5d0ae24fc2c53e725253f57a
p:  131603.24569884894
5d0ae28066204ec3e153f57a
p:  366546.48718231294
5d0ae2d666204ec3e153f57d
p:  370385.64165129873
5d0ae41366204ec3e153f580
p:  258249.47719069224
5d0ae41a66204ec3e153f581
p:  314282.7656667908
5d0ae43666204ec3e153f584
p:  353653.0436618569
5d0ae46ec18d730d4953f58d
p:  345203.91856206744
5d0ae48ac18d730d4953f58f
p:  438701.1820081491
5d0ae49f66204ec3e153f585
p:  305582.52961078665
5d0ae4a7c18d730d4953f592
p:  293444.4450351342
5d0ae548a6c1dd85f653f595
p:  317959.99861286115
5d0ae554422853c2fb53f59c
p:  293634.84968684474
5d0ae56b66204ec3e153f58b
p:  369798.2525200037
5d0ae57566204ec3e153f58c
p:  421054.69157565036
5d0ae5aba6c1dd85f653f596
p:  310366.43966390286
5d0ae5b5e70efe6e3353f595
p:  356054.00343594304
5d0ae5c5a6c1dd85f653f597
p:  201071.36438870215
5d0ae5c9422853c2fb53f59d
p:  345589.55423678557
5d0ae5e9422853c2fb53f59e
p:  145090.51576268364
5d0ae5ecc2c53e725253f581
p:  296281.48599781026
5d0ae66566204ec3e153f591
p:  506598.5633953579
5d0ae67d195085831d53f590
p:  368740.2666861353
5d0ae687195085831d53f592
p:  263245.7240359746
5d0ae6f1c2c53e725253f584
p:  346887.2387883167
5d0ae6ff422853c2fb53f5a0
p:  301853.7362360361
5d0ae717422853c2fb53f5a3
p:  149457.86414824027
5d0ae71b422853c2fb53f5a4
p:  243801.02752001438
5d0ae721422853c2fb53f5a5
p:  439834.27184804605
5d0ae72c422853c2fb53f5a6
p:  273046.10650510725
5d0ae73ba6c1dd85f653f59b
p:  282878.75783065666
5d0ae7ba195085831d53f5a0
p:  296996.67811139487
5d0ae83b422853c2fb53f5a7
p:  183660.88688621335
5d0ae85d422853c2fb53f5aa
p:  250759.40866575178
5d0ae86a422853c2fb53f5ab
p:  338740.57599846204
5d0ae883422853c2fb53f5ac
p:  412789.1255328659
5d0ae8a366204ec3e153f59a
p:  611708.4672258198
5d0ae8d4422853c2fb53f5ae
p:  383220.5102104548
5d0ae8ea66204ec3e153f59e
p:  278522.0990657771
5d0ae8fd195085831d53f5a5
p:  586128.7344670473
5d0ae91e195085831d53f5a7
p:  286543.383722899
5d0ae96a195085831d53f5aa
p:  199632.47823146742
5d0ae975195085831d53f5ab
p:  251943.34961768662
5d0ae9962d5118af9553f5a6
p:  320286.81293577806
5d0aea36b4feab0e9c53f58e
p:  371429.75566037383
5d0aea3ab4feab0e9c53f58f
p:  324484.7702809461
5d0aea6d195085831d53f5b0
p:  287347.48303954344
5d0aea86195085831d53f5b1
p:  520548.04255279305
5d0aeac4c2c53e725253f5a3
p:  293160.08523030236
5d0aeae1422853c2fb53f5b5
p:  380375.5105954183
5d0aeae6a6c1dd85f653f5b7
p:  244700.62444266723
5d0aeaea13da729bb953f5a8
p:  268811.31302356086
5d0aeb0a195085831d53f5b9
p:  206249.04267678462
5d0aeb41c2c53e725253f5a6
p:  253199.0771228308
5d0aeb89422853c2fb53f5b9
p:  377796.71615197766
5d0aebac422853c2fb53f5bb
p:  173461.4866899476
5d0aebc0195085831d53f5c0
p:  319673.2694987686
5d0aebc5422853c2fb53f5bc
p:  442282.17416089226
5d0aebd9c18d730d4953f5ae
p:  368719.1702988898
5d0aebf013da729bb953f5b2
p:  328369.7270521433
5d0aebf6c18d730d4953f5af
p:  293603.41806938767
5d0aebff195085831d53f5c1
p:  286543.383722899
5d0aec00c18d730d4953f5b0
p:  316204.51603839255
5d0aec07422853c2fb53f5be
p:  151311.38885862287
5d0aec5d422853c2fb53f5c1
p:  395632.09435929504
5d0aec6e422853c2fb53f5c2
p:  232530.72761911087
5d0aecc3c18d730d4953f5b5
p:  229127.38639015902
5d0aecd32d5118af9553f5ae
p:  305071.4127342604
5d0aed27c18d730d4953f5b6
p:  238154.49519409222
5d0aed29c2c53e725253f5ad
p:  346510.62986718526
5d0aed30c2c53e725253f5ae
p:  378935.3647301239
5d0aed4d195085831d53f5c5
p:  154283.8312214815
5d0aed50c2c53e725253f5af
p:  318806.3006971966
5d0aed5313da729bb953f5b7
p:  407501.4582179403
5d0aed61c18d730d4953f5b9
p:  444514.3646016936
5d0aed79c18d730d4953f5ba
p:  299675.05749239447
5d0aed91c18d730d4953f5bb
p:  242415.7587485626
5d0aedad422853c2fb53f5c4
p:  312404.09920905705
5d0aedbb195085831d53f5c6
p:  261652.5861136252
5d0aee525100fdd9ed53f5bf
p:  224766.29827137687
5d0aee563ea2a4b18353f5ca
p:  830182.8367979103
5d0aee62195085831d53f5c7
p:  279833.318384908
5d0aee715100fdd9ed53f5c1
p:  1305953.5412456624
5d0aee96422853c2fb53f5c6
p:  311805.41563362244
5d0aee9c2d5118af9553f5b3
p:  169016.87094919733
5d0aeea1422853c2fb53f5c7
p:  327741.12956675515
5d0aeebeb4feab0e9c53f5a4
p:  1115511.573759089
5d0aeec65100fdd9ed53f5c4
p:  660220.7190423752
5d0aeecdb4feab0e9c53f5a5
p:  1815285.060421424
5d0aeef72d5118af9553f5b5
p:  355921.35730591783
5d0aef325100fdd9ed53f5c8
p:  874028.2159448639
5d0aef3b13da729bb953f5bd
p:  287226.5804752775
5d0aefa8195085831d53f5ca
p:  558147.2471762294
5d0af070a6c1dd85f653f5c0
p:  965686.2067778935
5d0af07bc18d730d4953f5bf
p:  151268.0155238922
5d0af07ca6c1dd85f653f5c2
p:  434423.16263152973
5d0af0aa5100fdd9ed53f5cd
p:  605357.953851752
5d0af0b05100fdd9ed53f5ce
p:  993249.6655925715
5d0af0ddc2c53e725253f5bf
p:  272184.36551966314
5d0af0e1e70efe6e3353f5e3
p:  219344.74617217784
5d0af0e6e70efe6e3353f5e4
p:  475844.0999011368
5d0af0fce70efe6e3353f5e8
p:  602190.1266603597
5d0af102e70efe6e3353f5e9
p:  438677.4295021475
5d0af1155100fdd9ed53f5d2
p:  763664.4991258695
5d0af121b4feab0e9c53f5ab
p:  813816.0400857006
5d0af12d2d5118af9553f5bd
p:  248513.53860842358
5d0af148195085831d53f5d6
p:  324611.22620770684
5d0af15d195085831d53f5d8
p:  201588.30681073377
5d0af163195085831d53f5d9
p:  154283.8312214815
5d0af170b4feab0e9c53f5ad
p:  675355.6666926177
5d0af1743ea2a4b18353f5cb
p:  409480.87612668454
5d0af1782d5118af9553f5c3
p:  187356.66398226272
5d0af17b3ea2a4b18353f5cc
p:  327241.9647711603
5d0af185e70efe6e3353f5ea
p:  522455.8037087746
5d0af187a6c1dd85f653f5c8
p:  920677.8406580415
5d0af1a5422853c2fb53f5d1
p:  328665.58117169375
5d0af1b1a6c1dd85f653f5cb
p:  388993.55399834306
5d0af1bb66204ec3e153f5c9
p:  383652.4153786963
5d0af1c1b4feab0e9c53f5af
p:  1149834.5782077475
5d0af1c2195085831d53f5e3
p:  207484.59480532972
5d0af1d3a6c1dd85f653f5ce
p:  735760.7057110064
5d0af1dea6c1dd85f653f5cf
p:  803933.4194451647
5d0af22e422853c2fb53f5d3
p:  860129.8386146626
5d0af25113da729bb953f5cf
p:  345896.41122883005
5d0af272e70efe6e3353f5f1
p:  416819.40188840614
5d0af27ba6c1dd85f653f5d4
p:  751137.1380994164
5d0af286e70efe6e3353f5f2
p:  659518.3046375832
5d0af299b4feab0e9c53f5b0
p:  588591.3857846411
5d0af2b0c2c53e725253f5c4
p:  294885.78409346746
5d0af2b5b4feab0e9c53f5b1
p:  976776.4355828629
5d0af2ddb4feab0e9c53f5b2
p:  343863.6274179271
5d0af2e83ea2a4b18353f5d5
p:  1259019.859931496
5d0af2f03ea2a4b18353f5d6
p:  848899.1944342074
5d0af2f43ea2a4b18353f5d7
p:  581868.4319539026
5d0af31c66204ec3e153f5d1
p:  435735.6252798422
5d0af32f3ea2a4b18353f5d9
p:  658662.3163438591
5d0af3333ea2a4b18353f5da
p:  771682.644539518
5d0af34d195085831d53f5ec
p:  367900.05542053474
5d0af385c2c53e725253f5c7
p:  311308.5853359712
5d0af38ac2c53e725253f5c8
p:  253668.94587960554
5d0af3a03ea2a4b18353f5df
p:  282087.72818109475
5d0af3d62d5118af9553f5e2
p:  819179.314178077
5d0af3de2d5118af9553f5e3
p:  741354.3885441797
5d0af3e35100fdd9ed53f5dd
p:  1334020.1118372567
5d0af3f12d5118af9553f5e5
p:  1112901.8570106304
5d0af3f72d5118af9553f5e6
p:  581485.3154463053
5d0af4012d5118af9553f5e7
p:  602517.2898949059
5d0af40b2d5118af9553f5e8
p:  530185.3336811422
5d0af4102d5118af9553f5e9
p:  818189.6915421623
5d0af4183ea2a4b18353f5e1
p:  1043478.8760546987
5d0af420a6c1dd85f653f5db
p:  1000471.83607184
5d0af429a6c1dd85f653f5dc
p:  1205003.859412089
5d0af4295100fdd9ed53f5de
p:  741109.5089634721
5d0af43e2d5118af9553f5ec
p:  482194.50072688935
5d0af4c43ea2a4b18353f5e3
p:  749624.0852558045
5d0af510195085831d53f5ef
p:  358775.40661805676
5d0af5145100fdd9ed53f5e2
p:  299772.572721538
5d0af51aa6c1dd85f653f5e2
p:  1136773.5041699
5d0af5275100fdd9ed53f5e4
p:  1862514.4702180987
5d0af5b15100fdd9ed53f5e8
p:  735058.6740135405
5d0af5c05100fdd9ed53f5ea
p:  1105281.0475376653
5d0af5c75100fdd9ed53f5eb
p:  864349.0544076303
5d0af5cec2c53e725253f5d2
p:  284478.1363774383
5d0af5de5100fdd9ed53f5ee
p:  246684.88732064638
5d0af5fd5100fdd9ed53f5f1
p:  710129.8939634268
5d0af60d2d5118af9553f5f2
p:  589356.2081478056
5d0af6175100fdd9ed53f5f4
p:  566203.3147484469
5d0af6292d5118af9553f5f5
p:  581781.4957090579
5d0af635e70efe6e3353f600
p:  548669.8491503221
5d0af687a6c1dd85f653f5e8
p:  670472.9849839355
5d0af6873ea2a4b18353f5e9
p:  784256.3816901937
5d0af6b0195085831d53f601
p:  209811.85554247705
5d0af6bbb4feab0e9c53f5c1
p:  266348.55695445393
5d0af6d3b4feab0e9c53f5c2
p:  586434.4880894094
5d0af6ef13da729bb953f5df
p:  1131570.8991040285
5d0af7185100fdd9ed53f5f7
p:  846051.3200987927
5d0af71a2d5118af9553f5f7
p:  787635.3099677544
5d0af735a6c1dd85f653f5eb
p:  745209.6223729275
5d0af73d422853c2fb53f5ed
p:  401457.6762696129
5d0af74d5100fdd9ed53f5f9
p:  329918.8153640378
5d0af759422853c2fb53f5ee
p:  844785.0962109431
5d0af774a6c1dd85f653f5ec
p:  239448.84059184103
5d0af7785100fdd9ed53f5fb
p:  915298.061808282
5d0af7855100fdd9ed53f5fc
p:  542022.2810849283
5d0af7905100fdd9ed53f5fd
p:  2024218.9520621477
5d0af79c5100fdd9ed53f5fe
p:  958589.7566642229
5d0af79fc18d730d4953f5cb
p:  494234.6342586961
5d0af7b52d5118af9553f5fb
p:  772240.6523691765
5d0af7b75100fdd9ed53f600
p:  1911539.31862457
5d0af7c2a6c1dd85f653f5ed
p:  528970.345678183
5d0af7ca2d5118af9553f5fc
p:  494462.4152901784
5d0af7cdc18d730d4953f5cf
p:  340688.2799159954
5d0af7e92d5118af9553f5fd
p:  270100.154402995
5d0af8052d5118af9553f5ff
p:  511161.0291177203
5d0af81013da729bb953f5f0
p:  408486.58377380326
5d0af826422853c2fb53f5f0
p:  738656.8941120075
5d0af82a13da729bb953f5f2
p:  461921.5168903684
5d0af83fa6c1dd85f653f5ef
p:  1004648.4804658776
5d0af844c18d730d4953f5d4
p:  504354.48741740256
5d0af84f66204ec3e153f5df
p:  1044384.7662453897
5d0af861c18d730d4953f5d8
p:  471395.6897970387
5d0af8812d5118af9553f604
p:  459660.8923571574
5d0af889a6c1dd85f653f5f0
p:  3179327.982052068
5d0af8913ea2a4b18353f5ef
p:  1202823.371233601
5d0af8a33ea2a4b18353f5f2
p:  712720.2842815762
5d0af8b23ea2a4b18353f5f4
p:  803535.1158639343
5d0af8b213da729bb953f5f9
p:  468074.6434645681
5d0af8bd3ea2a4b18353f5f6
p:  819898.1426680025
5d0af8bec18d730d4953f5da
p:  353359.151695832
5d0af8e313da729bb953f5fb
p:  654782.5472883021
5d0af8fa2d5118af9553f609
p:  447193.2115920939
5d0af8fa13da729bb953f5fc
p:  504895.07970132446
5d0af90466204ec3e153f5e4
p:  876002.3857254639
5d0af93e5100fdd9ed53f611
p:  636132.4968948804
5d0af9445100fdd9ed53f612
p:  886244.0756113968
5d0af95e5100fdd9ed53f614
p:  836026.4457417107
5d0af96c3ea2a4b18353f5fa
p:  540771.0994625653
5d0af984b4feab0e9c53f5c5
p:  620442.4607609333
5d0af9b013da729bb953f5fd
p:  716153.8898307823
5d0af9c32d5118af9553f60a
p:  397119.80441872904
5d0af9eb66204ec3e153f5e7
p:  730080.6389705634
5d0af9f666204ec3e153f5e8
p:  1482571.3447566172
5d0afa1bb4feab0e9c53f5cd
p:  1291249.5180682575
5d0afa565100fdd9ed53f61b
p:  1396518.2629990974
5d0afa715100fdd9ed53f61c
p:  1402516.0864884772
5d0afa7c5100fdd9ed53f61d
p:  1152931.5067892387
5d0afa8b5100fdd9ed53f61e
p:  899599.3236162167
5d0afa9466204ec3e153f5f5
p:  702948.4242560903
5d0afaa1422853c2fb53f5f5
p:  522894.8741687766
5d0afaaaa6c1dd85f653f5f8
p:  660477.1340842032
5d0afaad66204ec3e153f5f7
p:  604356.554826241
5d0afab2195085831d53f607
p:  241043.25006033562
5d0afab95100fdd9ed53f621
p:  1025181.6609171701
5d0afae55100fdd9ed53f624
p:  841336.4759393157
5d0afaf1c2c53e725253f5dd
p:  280349.6375486784
5d0afb065100fdd9ed53f626
p:  983987.7955172211
5d0afb2aa6c1dd85f653f5fa
p:  1360759.3100341072
5d0afb3f5100fdd9ed53f628
p:  802345.8715830583
5d0afb495100fdd9ed53f629
p:  1402516.0864884772
5d0afb4a66204ec3e153f5fb
p:  642801.2043192368
5d0afb4de70efe6e3353f612
p:  514530.39594316523
5d0afb51e70efe6e3353f613
p:  692430.159871558
5d0afb6c2d5118af9553f60f
p:  482045.5479398687
5d0afb6f2d5118af9553f610
p:  505424.5567765143
5d0afb7e5100fdd9ed53f62b
p:  472353.33475534164
5d0afb9fe70efe6e3353f617
p:  555918.7077997542
5d0afba613da729bb953f607
p:  278804.2154194476
5d0afbb3e70efe6e3353f618
p:  747403.1811378459
5d0afbb42d5118af9553f611
p:  882326.7760950068
5d0afbc466204ec3e153f5fe
p:  672064.7970757806
5d0afbcee70efe6e3353f619
p:  380082.4399832641
5d0afbd4e70efe6e3353f61b
p:  587717.2297117964
5d0afbebe70efe6e3353f61c
p:  514530.39594316523
5d0afc062d5118af9553f612
p:  459971.4525403849
5d0afc3ac18d730d4953f5e5
p:  417014.23729214136
5d0afc572d5118af9553f614
p:  897486.8410489562
5d0afc68c2c53e725253f5e9
p:  480233.3859495124
5d0afc6ec2c53e725253f5ea
p:  276018.9278039516
5d0afc8a2d5118af9553f616
p:  396016.456951905
5d0afcb0e70efe6e3353f620
p:  500950.04460948426
5d0afcbf5100fdd9ed53f630
p:  742570.2753452081
5d0afd09a6c1dd85f653f601
p:  987639.5160582671
5d0afd3f5100fdd9ed53f636
p:  933511.851078464
5d0afd63c18d730d4953f5ea
p:  298690.6353457273
5d0afd79c2c53e725253f5f0
p:  279436.2039670738
5d0afd8a5100fdd9ed53f63e
p:  845879.9896960864
5d0afdb6422853c2fb53f5fb
p:  586084.8578119003
5d0afdd366204ec3e153f606
p:  661812.5358546737
5d0afde7a6c1dd85f653f604
p:  1030554.5505258678
5d0afde813da729bb953f616
p:  514164.47144977225
5d0afe1bc2c53e725253f5f3
p:  704931.852050053
5d0afe29a6c1dd85f653f605
p:  978692.0539660553
5d0afe392d5118af9553f61a
p:  549672.6703400227
5d0afe3e5100fdd9ed53f640
p:  1389970.718919055
5d0afe3f3ea2a4b18353f60a
p:  348287.4060708105
5d0afe4fc2c53e725253f5f6
p:  346302.6329398458
5d0afe7613da729bb953f621
p:  243618.8946080382
5d0afe8be70efe6e3353f623
p:  423827.4832488576
5d0afe92195085831d53f631
p:  392028.87299921026
5d0afea6a6c1dd85f653f607
p:  304747.00468788296
5d0afec2195085831d53f632
p:  364046.7512876532
5d0afed93ea2a4b18353f60c
p:  552387.0703136278
5d0afedaa6c1dd85f653f608
p:  289945.86424065445
5d0aff1813da729bb953f624
p:  459678.7748981169
5d0aff1d13da729bb953f625
p:  207192.66247344651
5d0aff9e195085831d53f636
p:  411000.8368125638
5d0affaa195085831d53f638
p:  227045.21330472626
5d0affadb4feab0e9c53f5d9
p:  892959.169366651
5d0affb7b4feab0e9c53f5da
p:  922851.3536594724
5d0affc1195085831d53f63b
p:  363653.28140283946
5d0affc366204ec3e153f613
p:  1549589.6074649957
5d0affc9195085831d53f63c
p:  219726.1698559755
5d0affca13da729bb953f62a
p:  518339.3151928416
5d0affcc66204ec3e153f615
p:  1347467.9997399277
5d0affd0195085831d53f63d
p:  541589.9747834345
5d0affd52d5118af9553f61e
p:  531974.1893221235
5d0afffd2d5118af9553f61f
p:  682799.585379425
5d0b001ac2c53e725253f5fa
p:  269493.4158208417
5d0b001c13da729bb953f62d
p:  238664.3157389193
5d0b001f2d5118af9553f620
p:  745938.2744358054
5d0b007a195085831d53f644
p:  194161.6854410753
5d0b0081195085831d53f645
p:  343711.28002340894
5d0b0087195085831d53f646
p:  202452.78840132052
5d0b014fc18d730d4953f5ee
p:  313930.67758601473
5d0b01722d5118af9553f628
p:  476150.043215078
5d0b017ac18d730d4953f5f2
p:  387603.21220623655
5d0b0182e70efe6e3353f626
p:  449276.2381271715
5d0b01993ea2a4b18353f617
p:  504019.52803644544
5d0b01a8c18d730d4953f5f6
p:  349240.17458352505
5d0b01aec18d730d4953f5f7
p:  278010.49579015054
5d0b0217422853c2fb53f607
p:  513677.2301958479
5d0b021de70efe6e3353f629
p:  561551.4084011439
5d0b021d422853c2fb53f608
p:  532026.8864231422
5d0b0222422853c2fb53f609
p:  235068.33436441465
5d0b0229e70efe6e3353f62a
p:  488267.3195937261
5d0b022a422853c2fb53f60a
p:  247471.597566407
5d0b025366204ec3e153f61c
p:  906966.5892050455
5d0b025f2d5118af9553f631
p:  514294.3357876583
5d0b02772d5118af9553f632
p:  527305.7862779372
5d0b0298c18d730d4953f5fb
p:  609271.4234592132
5d0b029b422853c2fb53f60d
p:  522367.4256905903
5d0b02dd66204ec3e153f625
p:  569705.8458386266
5d0b02f0422853c2fb53f60f
p:  1931250.8038150165
5d0b02f7195085831d53f655
p:  215654.89668439195
5d0b030f195085831d53f656
p:  362912.6840140124
5d0b0319195085831d53f657
p:  373798.83251688234
5d0b0320c2c53e725253f600
p:  246948.92431733088
5d0b032c66204ec3e153f628
p:  566504.5979663135
5d0b033613da729bb953f646
p:  429351.1238199014
5d0b034613da729bb953f648
p:  397356.4234382517
5d0b034b3ea2a4b18353f61d
p:  412677.09016465524
5d0b035066204ec3e153f629
p:  1036511.494350797
5d0b035213da729bb953f649
p:  272390.0173647622
5d0b037313da729bb953f64c
p:  429318.81528406835
5d0b03a813da729bb953f64f
p:  296084.8287276502
5d0b03c013da729bb953f650
p:  247824.0115682959
5d0b042cc2c53e725253f60a
p:  250089.31456296824
5d0b0441195085831d53f65f
p:  237579.02821728736
5d0b0443422853c2fb53f615
p:  463018.7556503054
5d0b044ae70efe6e3353f63d
p:  410469.7166267178
5d0b0463e70efe6e3353f63f
p:  323963.1648669308
5d0b0475e70efe6e3353f640
p:  459144.38436503627
5d0b048466204ec3e153f62f
p:  774681.2835115892
5d0b048a2d5118af9553f63d
p:  343899.78082720516
5d0b048a13da729bb953f653
p:  457129.11778388964
5d0b048b195085831d53f661
p:  343982.4998236905
5d0b049566204ec3e153f630
p:  1081247.5195766613
5d0b049ac18d730d4953f5fe
p:  313479.94987254974
5d0b04a113da729bb953f655
p:  502874.264578699
5d0b04e866204ec3e153f632
p:  610423.0073939231
5d0b050d5100fdd9ed53f669
p:  1319921.9232754232
5d0b052413da729bb953f659
p:  272390.0173647622
5d0b053f5100fdd9ed53f66b
p:  918416.1999317565
5d0b0556195085831d53f664
p:  289802.2820180351
5d0b05572d5118af9553f645
p:  309304.1432232767
5d0b055d13da729bb953f65c
p:  164536.44556124517
5d0b0578b4feab0e9c53f5fc
p:  372987.66622222576
5d0b058313da729bb953f65e
p:  224979.44548322563
5d0b059113da729bb953f65f
p:  301835.1645411085
5d0b059db4feab0e9c53f600
p:  867396.2819649519
5d0b05a92d5118af9553f647
p:  530566.2299581345
5d0b05b62d5118af9553f648
p:  360261.7812372197
5d0b05cac18d730d4953f5ff
p:  679661.9980091304
5d0b05e22d5118af9553f649
p:  503202.60662186437
5d0b05efc18d730d4953f600
p:  511632.8419194984
5d0b05f213da729bb953f665
p:  547851.0777954105
5d0b05f42d5118af9553f64a
p:  992885.1274952062
5d0b0626a6c1dd85f653f623
p:  516385.87129817595
5d0b063f2d5118af9553f64e
p:  635036.6014031837
5d0b065ac2c53e725253f617
p:  430244.20572474046
5d0b065ae70efe6e3353f644
p:  343495.9231544988
5d0b0664c2c53e725253f618
p:  245808.85416901685
5d0b066b5100fdd9ed53f673
p:  808397.1699253285
5d0b0680195085831d53f667
p:  462943.766401539
5d0b06eb5100fdd9ed53f678
p:  1203030.1997841555
5d0b06ece70efe6e3353f646
p:  219105.48527705707
5d0b06f8195085831d53f668
p:  479103.5267927898
5d0b0717c2c53e725253f61b
p:  434601.7114454233
5d0b07265100fdd9ed53f67a
p:  894058.8753884269
5d0b072813da729bb953f66c
p:  353716.56141477195
5d0b0742195085831d53f669
p:  331367.8371943252
5d0b07652d5118af9553f65c
p:  487968.6090870326
5d0b078613da729bb953f66f
p:  520761.56508623715
5d0b079f5100fdd9ed53f67b
p:  303775.80775607895
5d0b07a766204ec3e153f638
p:  839714.9619412981
5d0b07be66204ec3e153f63a
p:  640915.1734458138
5d0b07bf3ea2a4b18353f62d
p:  380219.74600016465
5d0b07ce66204ec3e153f63b
p:  604650.7424342874
5d0b07ea66204ec3e153f63d
p:  1631573.5877601253
5d0b0817195085831d53f66b
p:  219552.11344884802
5d0b0822c18d730d4953f602
p:  369784.31405795005
5d0b0823195085831d53f66d
p:  656010.903759195
5d0b0828c18d730d4953f603
p:  595584.0455113964
5d0b082dc18d730d4953f604
p:  427631.12788566254
5d0b0834195085831d53f66f
p:  276563.20698541997
5d0b083a195085831d53f670
p:  455917.41074968386
5d0b083c3ea2a4b18353f62f
p:  466386.39104192605
5d0b0849c18d730d4953f608
p:  463222.3459676842
5d0b084a195085831d53f672
p:  245295.10490610142
5d0b084e422853c2fb53f628
p:  328041.9959257546
5d0b084fc18d730d4953f609
p:  495447.0049389113
5d0b084f195085831d53f673
p:  408746.597795074
5d0b0863195085831d53f676
p:  473874.04686892865
5d0b0864c18d730d4953f60a
p:  494677.25926911866
5d0b086613da729bb953f672
p:  247824.0115682959
5d0b0868422853c2fb53f629
p:  679750.2448758003
5d0b086c5100fdd9ed53f681
p:  862931.5603718571
5d0b087d3ea2a4b18353f630
p:  453554.27770121006
5d0b08af5100fdd9ed53f684
p:  915298.061808282
5d0b08c7422853c2fb53f62b
p:  661992.8292846425
5d0b08f313da729bb953f675
p:  197667.51189779572
5d0b0935c2c53e725253f630
p:  672489.5640434884
5d0b096d5100fdd9ed53f68e
p:  656902.7604740316
5d0b09a3b4feab0e9c53f608
p:  310922.020490076
5d0b09b466204ec3e153f64e
p:  1002399.2678327514
5d0b09bd13da729bb953f67b
p:  443502.27472088917
5d0b09c613da729bb953f67d
p:  316785.8364412079
5d0b09cc13da729bb953f67e
p:  412925.94160907593
5d0b09d813da729bb953f680
p:  287962.8079252484
5d0b09e7195085831d53f679
p:  669680.2911775185
5d0b0a10195085831d53f67b
p:  343982.4998236905
5d0b0a18195085831d53f67c
p:  237579.02821728736
5d0b0a1fe70efe6e3353f648
p:  408627.2018415673
5d0b0a2cc18d730d4953f60d
p:  703340.2719987149
5d0b0a35e70efe6e3353f64a
p:  500187.5722673481
5d0b0a51c18d730d4953f60e
p:  428441.0356696788
5d0b0a56c18d730d4953f60f
p:  324469.21795840946
5d0b0a63e70efe6e3353f64d
p:  495339.60311569506
5d0b0a7eb4feab0e9c53f618
p:  312518.9386748178
5d0b0a83b4feab0e9c53f619
p:  484271.7060344328
5d0b0a87b4feab0e9c53f61a
p:  334481.35494173924
5d0b0a8eb4feab0e9c53f61b
p:  334481.35494173924
5d0b0a93e70efe6e3353f650
p:  445512.9478608936
5d0b0a94b4feab0e9c53f61c
p:  298634.26088530757
5d0b0abb5100fdd9ed53f691
p:  1279147.005018609
5d0b0ac82d5118af9553f66b
p:  201590.0407639334
5d0b0aca3ea2a4b18353f639
p:  449053.05891109176
5d0b0b5de70efe6e3353f651
p:  473009.5637741599
5d0b0b69422853c2fb53f630
p:  439535.2742942505
5d0b0bd0b4feab0e9c53f620
p:  467072.8916360587
5d0b0bd3195085831d53f680
p:  305884.0736593894
5d0b0bed195085831d53f684
p:  397598.8654284518
5d0b0bfa195085831d53f686
p:  247006.33522147732
5d0b0c01195085831d53f687
p:  410675.68867364945
5d0b0c06195085831d53f688
p:  480496.55100565776
5d0b0c32195085831d53f689
p:  290391.23778989643
5d0b0c4e66204ec3e153f657
p:  841548.0869548544
5d0b0c4e2d5118af9553f66c
p:  490018.4152901784
5d0b0c55c18d730d4953f611
p:  463222.3459676842
5d0b0c5d2d5118af9553f66e
p:  741889.051130252
5d0b0c6266204ec3e153f65b
p:  762938.4060769075
5d0b0c63422853c2fb53f632
p:  1152237.850643584
5d0b0c705100fdd9ed53f693
p:  1559155.251871915
5d0b0c7e5100fdd9ed53f696
p:  712436.540864436
5d0b0c89b4feab0e9c53f622
p:  322286.82821020356
5d0b0c8eb4feab0e9c53f623
p:  520057.72524591465
5d0b0c8f195085831d53f68b
p:  218517.65541669796
5d0b0c99b4feab0e9c53f625
p:  194693.8974426269
5d0b0cbbc18d730d4953f618
p:  444836.9898797182
5d0b0cc2c18d730d4953f619
p:  411664.40451504645
5d0b0cd5e70efe6e3353f656
p:  210116.43371237873
5d0b0cf3b4feab0e9c53f626
p:  298937.78400601586
5d0b0d10b4feab0e9c53f627
p:  389987.38274676376
5d0b0da7a6c1dd85f653f63f
p:  472097.7932293493
5d0b0da83ea2a4b18353f644
p:  613111.7901491602
5d0b0db2b4feab0e9c53f628
p:  318609.3634587458
5d0b0dc4422853c2fb53f63c
p:  310990.75540871685
5d0b0de1c18d730d4953f61c
p:  541411.5010797562
5d0b0de5a6c1dd85f653f640
p:  854185.6736099741
5d0b0df0b4feab0e9c53f62b
p:  385966.33742203895
5d0b0e13195085831d53f693
p:  350733.5603695264
5d0b0e4366204ec3e153f661
p:  1163763.92720655
5d0b0e4c195085831d53f695
p:  224728.08096362528
5d0b0e59195085831d53f696
p:  351745.7814202555
5d0b0e62195085831d53f698
p:  237579.02821728736
5d0b0e66195085831d53f699
p:  381790.5493787576
5d0b0ebc3ea2a4b18353f648
p:  455588.7223173503
5d0b0f00b4feab0e9c53f62c
p:  186586.1188053774
5d0b0f2ce70efe6e3353f65d
p:  507062.3742213784
5d0b0f47e70efe6e3353f65f
p:  563627.1486932712
5d0b0f5f195085831d53f69b
p:  593622.6194187299
5d0b0f6bb4feab0e9c53f631
p:  381565.52794534666
5d0b0ff013da729bb953f692
p:  448870.4612295822
5d0b0ff913da729bb953f693
p:  348101.7754383732
5d0b1008c18d730d4953f622
p:  482401.2080362361
5d0b102266204ec3e153f670
p:  932104.566559741
5d0b1053e70efe6e3353f662
p:  473960.01772122865
5d0b105be70efe6e3353f663
p:  507062.3742213784
5d0b1063e70efe6e3353f664
p:  173401.1745300459
5d0b1067e70efe6e3353f665
p:  565363.1799363724
5d0b10792d5118af9553f679
p:  283948.83188632625
5d0b107e13da729bb953f695
p:  261532.5526087368
5d0b10c3195085831d53f6a0
p:  274149.94639426743
5d0b111dc18d730d4953f626
p:  659379.1279422967
5d0b1123c18d730d4953f627
p:  255160.59005294344
5d0b1128b4feab0e9c53f636
p:  277961.20211526006
5d0b1133b4feab0e9c53f637
p:  327334.9219228604
5d0b114fe70efe6e3353f66a
p:  596063.6968908036
5d0b115413da729bb953f697
p:  291963.37620551063
5d0b115ae70efe6e3353f66c
p:  803127.9459022905
5d0b115fe70efe6e3353f66d
p:  432888.7215417549
5d0b1173e70efe6e3353f66e
p:  612683.87821163
5d0b11732d5118af9553f680
p:  220528.6741363805
5d0b117be70efe6e3353f66f
p:  515549.5138666198
5d0b117fc2c53e725253f650
p:  244265.0102150674
5d0b1198c2c53e725253f652
p:  467207.3283288009
5d0b11a6422853c2fb53f658
p:  729747.607328062
5d0b11b4422853c2fb53f65a
p:  354270.01423631806
5d0b11eb3ea2a4b18353f653
p:  406820.5274325509
5d0b1201c18d730d4953f62e
p:  408335.46844701516
5d0b1218195085831d53f6a8
p:  363653.28140283946
5d0b1218b4feab0e9c53f638
p:  186562.42420235067
5d0b121fc18d730d4953f632
p:  442587.0595484262
5d0b1233a6c1dd85f653f650
p:  609356.9888275291
5d0b123713da729bb953f69f
p:  416973.6205622326
5d0b1280c2c53e725253f657
p:  366121.13869444677
5d0b12a1c2c53e725253f65c
p:  449260.25028287945
5d0b12a866204ec3e153f677
p:  842555.6267378968
5d0b12cd13da729bb953f6a2
p:  291805.2553514624
5d0b12d166204ec3e153f678
p:  1351163.7107497617
5d0b12f1e70efe6e3353f678
p:  464103.2636304172
5d0b12fc195085831d53f6ab
p:  474886.5338675474
5d0b13063ea2a4b18353f657
p:  443315.3190453463
5d0b132a195085831d53f6ad
p:  203222.64223564285
5d0b132bc2c53e725253f65e
p:  448396.6107697339
5d0b1362c18d730d4953f635
p:  413324.00195809116
5d0b1371b4feab0e9c53f63d
p:  507870.24266839767
5d0b137cb4feab0e9c53f63f
p:  207072.47835196106
5d0b1385b4feab0e9c53f641
p:  258701.90608132567
5d0b13933ea2a4b18353f659
p:  453366.7383625073
5d0b1396e70efe6e3353f67d
p:  433632.42646206025
5d0b13c113da729bb953f6a3
p:  140287.44999622955
5d0b13cb13da729bb953f6a5
p:  140287.44999622955
5d0b13d813da729bb953f6a7
p:  371578.9744579137
5d0b13dd13da729bb953f6a8
p:  278878.8419664514
5d0b1417c18d730d4953f636
p:  408335.46844701516
5d0b143cc2c53e725253f663
p:  169882.43639702513
5d0b143fc2c53e725253f664
p:  252484.89770278666
5d0b1452c2c53e725253f665
p:  252484.89770278666
5d0b145ac18d730d4953f638
p:  337240.7038329813
5d0b1461c2c53e725253f666
p:  435526.4504492292
5d0b1473c2c53e725253f669
p:  500573.6245635348
5d0b1475c18d730d4953f639
p:  264948.66248406615
5d0b14d5b4feab0e9c53f648
p:  222577.73607278836
5d0b14d8a6c1dd85f653f659
p:  560447.4990440831
5d0b15062d5118af9553f68a
p:  424301.67650308704
5d0b15133ea2a4b18353f65f
p:  451026.5599281546
5d0b1517a6c1dd85f653f65a
p:  499105.37916923483
5d0b1532e70efe6e3353f683
p:  441862.8521240118
5d0b1568b4feab0e9c53f64a
p:  564160.9034011115
5d0b1581195085831d53f6b1
p:  308233.82992027694
5d0b1585c18d730d4953f63e
p:  388286.4910950139
5d0b1585b4feab0e9c53f64b
p:  489061.9583281957
5d0b1598422853c2fb53f666
p:  331304.5348966273
5d0b15a1422853c2fb53f667
p:  437937.20497928764
5d0b162ec18d730d4953f640
p:  475794.4985671892
5d0b1650c2c53e725253f671
p:  239910.9287242164
5d0b1668e70efe6e3353f686
p:  381525.3493496637
5d0b16732d5118af9553f690
p:  454952.7367707725
5d0b1679195085831d53f6b3
p:  507621.61580691056
5d0b16832d5118af9553f693
p:  319262.6157658952
5d0b1684c18d730d4953f642
p:  479127.06095949525
5d0b16872d5118af9553f694
p:  402858.2488333777
5d0b1687195085831d53f6b5
p:  319696.5223204519
5d0b168c2d5118af9553f695
p:  506808.86357545375
5d0b1691c18d730d4953f643
p:  494824.0005071888
5d0b16922d5118af9553f696
p:  293558.3731454137
5d0b1698c18d730d4953f644
p:  406137.24469608645
5d0b16ccc18d730d4953f646
p:  477654.109325967
5d0b16e3c18d730d4953f647
p:  580454.4425368225
5d0b16fac18d730d4953f648
p:  348316.3318798976
5d0b1713c2c53e725253f673
p:  301132.60906176036
5d0b176213da729bb953f6ab
p:  286172.87559430394
5d0b17825100fdd9ed53f6cf
p:  317434.2793115264
5d0b1794c2c53e725253f678
p:  463915.2780448765
5d0b17a2c2c53e725253f67a
p:  490606.1014633064
5d0b17a8c2c53e725253f67b
p:  391024.6668984938
5d0b17c8e70efe6e3353f68d
p:  209467.71557601308
5d0b17c813da729bb953f6ae
p:  322363.4923502157
5d0b17ca195085831d53f6c1
p:  388489.8345101814
5d0b17ce2d5118af9553f697
p:  449929.0702528938
5d0b17d1422853c2fb53f66e
p:  522755.47251884517
5d0b17db13da729bb953f6af
p:  545930.3553127204
5d0b17e113da729bb953f6b0
p:  214890.812391411
5d0b17e92d5118af9553f698
p:  321992.2612460572
5d0b1828c2c53e725253f681
p:  512861.0715291079
5d0b1842c2c53e725253f684
p:  437469.15195966396
5d0b184a13da729bb953f6b3
p:  278878.8419664514
5d0b185aa6c1dd85f653f665
p:  312160.8265023433
5d0b1877c18d730d4953f64d
p:  581159.8133472757
5d0b1898a6c1dd85f653f666
p:  588305.7725489698
5d0b18ba13da729bb953f6b5
p:  356990.4400090467
5d0b18c213da729bb953f6b6
p:  135152.95780872955
5d0b191c2d5118af9553f69b
p:  438628.98270696064
5d0b19223ea2a4b18353f66e
p:  456191.892646458
5d0b194013da729bb953f6bb
p:  278878.8419664514
5d0b198cb4feab0e9c53f64f
p:  463587.27953224
5d0b19a05100fdd9ed53f6da
p:  525654.5791759901
5d0b19c713da729bb953f6bd
p:  380204.4080250828
5d0b1a0e13da729bb953f6bf
p:  442216.6698440977
5d0b1a1fb4feab0e9c53f652
p:  331873.483039191
5d0b1a30422853c2fb53f678
p:  441878.7921498213
5d0b1a49422853c2fb53f679
p:  508352.19606460794
5d0b1a4bb4feab0e9c53f653
p:  666884.6954137171
5d0b1a5ec2c53e725253f68a
p:  454786.38852187607
5d0b1a69c2c53e725253f68c
p:  386707.5621177021
5d0b1a6fc2c53e725253f68d
p:  421708.33469601884
5d0b1a81422853c2fb53f67b
p:  464461.00008964003
5d0b1a9213da729bb953f6c1
p:  422103.56576654816
5d0b1a9c2d5118af9553f6a3
p:  527922.9062479987
5d0b1aa02d5118af9553f6a4
p:  417639.1372695073
5d0b1afba6c1dd85f653f66f
p:  583604.0613325546
5d0b1b015100fdd9ed53f6e1
p:  513617.34729519807
5d0b1b075100fdd9ed53f6e2
p:  519459.52670664695
5d0b1b115100fdd9ed53f6e3
p:  617748.5120467562
5d0b1b185100fdd9ed53f6e4
p:  688858.1813088426
5d0b1b1e5100fdd9ed53f6e5
p:  495064.2761647136
5d0b1b33e70efe6e3353f6a2
p:  651720.7230789443
5d0b1b34c18d730d4953f656
p:  565366.9088221162
5d0b1b3cc18d730d4953f657
p:  494163.4290087201
5d0b1b3c422853c2fb53f681
p:  243134.73908037375
5d0b1b41c18d730d4953f658
p:  452301.10349655163
5d0b1b47c18d730d4953f659
p:  428441.0356696788
5d0b1b48422853c2fb53f682
p:  453222.1667055701
5d0b1b4ce70efe6e3353f6a8
p:  626647.1522376884
5d0b1b4fe70efe6e3353f6a9
p:  416525.68836704956
5d0b1b53e70efe6e3353f6aa
p:  416525.68836704956
5d0b1b56e70efe6e3353f6ab
p:  311970.93242086493
5d0b1b645100fdd9ed53f6e8
p:  242016.83264666947
5d0b1b6db4feab0e9c53f655
p:  515341.2764461459
5d0b1b84b4feab0e9c53f656
p:  495075.9969251567
5d0b1b90e70efe6e3353f6ac
p:  229917.2751589762
5d0b1b9e13da729bb953f6c9
p:  362028.3579053917
5d0b1bafb4feab0e9c53f658
p:  408117.7104266511
5d0b1bb5e70efe6e3353f6ad
p:  539453.2650334104
5d0b1bc913da729bb953f6ca
p:  325108.5085107102
5d0b1bfab4feab0e9c53f65b
p:  292731.5300782283
5d0b1c1c3ea2a4b18353f679
p:  608587.5751228544
5d0b1c2366204ec3e153f691
p:  1911160.0867224429
5d0b1c25e70efe6e3353f6b0
p:  429668.0245208872
5d0b1c53a6c1dd85f653f674
p:  875204.7690522878
5d0b1c62195085831d53f6cd
p:  533358.3108884227
5d0b1c69195085831d53f6ce
p:  242468.3210514108
5d0b1c80c18d730d4953f65f
p:  297242.53158939973
5d0b1c9d2d5118af9553f6aa
p:  186559.47101602302
5d0b1ca4b4feab0e9c53f65c
p:  272235.28997368517
5d0b1cd9b4feab0e9c53f65e
p:  210008.2434755357
5d0b1cdd13da729bb953f6d0
p:  208060.10745974066
5d0b1ce5195085831d53f6d0
p:  226848.1002179727
5d0b1cec3ea2a4b18353f67c
p:  540966.0538641135
5d0b1cf666204ec3e153f694
p:  708650.3276417227
5d0b1d30c18d730d4953f662
p:  357375.00348585536
5d0b1d30a6c1dd85f653f67b
p:  497257.6773830139
5d0b1d3cb4feab0e9c53f663
p:  442354.28080851084
5d0b1d3ee70efe6e3353f6b2
p:  431306.64196679206
5d0b1d58c18d730d4953f663
p:  569018.4520998249
5d0b1d5ec18d730d4953f664
p:  254292.32743462274
5d0b1d63c18d730d4953f665
p:  561082.6837148257
5d0b1d8dc18d730d4953f668
p:  675294.7549268511
5d0b1da3422853c2fb53f687
p:  368507.2912958631
5d0b1da5c18d730d4953f66a
p:  404666.5240683233
5d0b1daf2d5118af9553f6ac
p:  549688.9971999575
5d0b1dbc195085831d53f6d1
p:  1465720.1369120865
5d0b1dc02d5118af9553f6ae
p:  551935.6984446491
5d0b1dc82d5118af9553f6af
p:  551935.6984446491
5d0b1dd42d5118af9553f6b0
p:  551935.6984446491
5d0b1deeb4feab0e9c53f665
p:  173981.64961021743
5d0b1e145100fdd9ed53f6f3
p:  508640.04462868057
5d0b1e212d5118af9553f6b2
p:  187558.88134437177
5d0b1e23c18d730d4953f66c
p:  761849.5495321933
5d0b1e2d2d5118af9553f6b3
p:  440518.96025682567
5d0b1e302d5118af9553f6b4
p:  482142.3743257662
5d0b1e31b4feab0e9c53f667
p:  248783.06105961854
5d0b1e375100fdd9ed53f6f5
p:  570741.5643017162
5d0b1e3bc18d730d4953f66d
p:  655674.8371361138
5d0b1e3f5100fdd9ed53f6f6
p:  335719.7667857084
5d0b1e4666204ec3e153f699
p:  382985.6504895934
5d0b1e4f5100fdd9ed53f6f7
p:  419504.2179156349
5d0b1ea9c18d730d4953f66e
p:  308804.1392961867
5d0b1eb1195085831d53f6d7
p:  700229.7439613284
5d0b1eb2c18d730d4953f670
p:  475794.4985671892
5d0b1eca5100fdd9ed53f700
p:  636349.1436318218
5d0b1ed1422853c2fb53f696
p:  261836.1665605892
5d0b1ee513da729bb953f6d1
p:  243421.12848123803
5d0b1ef7c18d730d4953f671
p:  390219.02323354984
5d0b1efa3ea2a4b18353f681
p:  348287.4060708105
5d0b1efdc18d730d4953f672
p:  376877.8999924377
5d0b1efd13da729bb953f6d2
p:  208920.48586833072
5d0b1f23c18d730d4953f675
p:  475794.4985671892
5d0b1f25b4feab0e9c53f66d
p:  293847.20570081775
5d0b1f2a2d5118af9553f6b7
p:  398677.2973978756
5d0b1f34b4feab0e9c53f66f
p:  224409.41714265407
5d0b1f39c18d730d4953f679
p:  700957.679037579
5d0b1f473ea2a4b18353f682
p:  640855.5862164455
5d0b1f61422853c2fb53f698
p:  368780.95536509564
5d0b1f6de70efe6e3353f6b7
p:  583871.7885821911
5d0b1f73e70efe6e3353f6b8
p:  489239.9707139212
5d0b1f91e70efe6e3353f6ba
p:  717085.3862348453
5d0b1f952d5118af9553f6bb
p:  502228.18173139566
5d0b1f9ee70efe6e3353f6bb
p:  595339.5379017724
5d0b1f9f2d5118af9553f6bd
p:  165836.90902326594
5d0b1fa9e70efe6e3353f6bc
p:  216971.64541035905
5d0b1fe1422853c2fb53f69f
p:  623857.5889767332
5d0b1fe32d5118af9553f6c0
p:  207113.23074535048
5d0b202766204ec3e153f6a0
p:  314793.48818731436
5d0b20693ea2a4b18353f68f
p:  365874.0480592207
5d0b206a66204ec3e153f6a1
p:  727957.7643027997
5d0b20c4b4feab0e9c53f675
p:  254330.49115056146
5d0b20e1422853c2fb53f6ac
p:  399067.045915877
5d0b20ea66204ec3e153f6a3
p:  752857.1305539301
5d0b2109422853c2fb53f6ae
p:  712587.9606929179
5d0b218de70efe6e3353f6c4
p:  621084.9878074061
5d0b2198e70efe6e3353f6c5
p:  578208.1119476485
5d0b21a8e70efe6e3353f6c6
p:  785565.5506697549
5d0b222cc18d730d4953f67f
p:  302436.7373604344
5d0b2251e70efe6e3353f6ca
p:  204049.88720531587
5d0b2256e70efe6e3353f6cb
p:  431156.11987987545
5d0b225be70efe6e3353f6cc
p:  511007.20790440106
5d0b225fe70efe6e3353f6cd
p:  222427.92597775528
5d0b2263e70efe6e3353f6ce
p:  222427.92597775528
5d0b2275c18d730d4953f682
p:  553629.780470956
5d0b22b0c18d730d4953f685
p:  362715.91885827924
5d0b22fd13da729bb953f6dd
p:  393932.940269899
5d0b230ac18d730d4953f689
p:  384248.4573078508
5d0b2351e70efe6e3353f6d1
p:  598174.7349677286
5d0b23ec422853c2fb53f6ba
p:  543836.7324923011
5d0b23f4422853c2fb53f6bc
p:  378693.6760787426
5d0b240de70efe6e3353f6d6
p:  575896.1544753688
5d0b24683ea2a4b18353f6a0
p:  562951.4870610567
5d0b248566204ec3e153f6b1
p:  1027385.8281023765
5d0b24aae70efe6e3353f6d7
p:  546033.5537856028
5d0b24f3e70efe6e3353f6d8
p:  607696.7613390393
5d0b24fae70efe6e3353f6d9
p:  347766.8145985546
5d0b250866204ec3e153f6b3
p:  2543735.9772130563
5d0b25c966204ec3e153f6b6
p:  557595.4241115181
5d0b266dc18d730d4953f69d
p:  654675.0995959764
5d0b267fc18d730d4953f69e
p:  271260.8988533355
5d0b26a7e70efe6e3353f6e0
p:  396175.050469535
5d0b273ac18d730d4953f6a0
p:  389569.1127582756
5d0b2770e70efe6e3353f6e3
p:  251828.38297010504
5d0b27aee70efe6e3353f6e7
p:  207091.09908172602
5d0b289866204ec3e153f6c1
p:  1091120.5053771087
5d0b291e422853c2fb53f6cd
p:  398666.05814947834
5d0b2983e70efe6e3353f6ed
p:  431977.4850583457
5d0b2a08c18d730d4953f6a4
p:  506405.94150630163
5d0b2c9666204ec3e153f6d0
p:  701752.9632686689
5d0b2de9422853c2fb53f6e1
p:  367550.92618048063
5d0b2e4b422853c2fb53f6e4
p:  397237.49124675075
5d0b2f4466204ec3e153f6da
p:  2108093.3719353126
5d0be57a2d5118af9553fac5
p:  341101.81115612766
5d0be5a52d5118af9553facb
p:  354215.6440111131
5d0be5ae2d5118af9553facc
p:  224334.77626079635
5d0be5d32d5118af9553facf
p:  228429.36313362684
5d0be5d82d5118af9553fad0
p:  313703.55680527055
5d0be640c18d730d4953fa3f
p:  286169.92910565954
5d0be66e2d5118af9553fada
p:  219011.82231744414
5d0be6b7422853c2fb53fbe2
p:  244006.29427204526
5d0be6fec18d730d4953fa46
p:  348321.9520857965
5d0be745422853c2fb53fbe4
p:  260270.7803474996
5d0be759b4feab0e9c53fa63
p:  283980.48694177956
5d0be7ea2d5118af9553fae1
p:  162010.62154736192
5d0be7ecc18d730d4953fa48
p:  233830.94637682932
5d0be842a6c1dd85f653faa1
p:  457972.87025755836
5d0be896c18d730d4953fa4c
p:  222497.88670510496
5d0be8b2c18d730d4953fa4e
p:  208601.65942029384
5d0be8eac18d730d4953fa51
p:  282278.64548489964
5d0be8f6c18d730d4953fa52
p:  208601.65942029384
5d0be96c422853c2fb53fbec
p:  384853.4168874959
5d0be9a3422853c2fb53fbef
p:  364821.68782790005
5d0be9e2422853c2fb53fbf4
p:  337928.9569969814
5d0bea01c18d730d4953fa60
p:  306748.06571327755
5d0beaa4c18d730d4953fa69
p:  307104.7039822992
5d0beab9c18d730d4953fa6c
p:  276073.00437890255
5d0beadd422853c2fb53fc00
p:  154582.54160006213
5d0beb0c422853c2fb53fc06
p:  345513.83755213494
5d0beb3ac18d730d4953fa70
p:  404985.07686647034
5d0beb40a6c1dd85f653faaa
p:  253605.01802855963
5d0beb4e2d5118af9553fae6
p:  202463.63973151028
5d0beb70c18d730d4953fa72
p:  301284.691387607
5d0bebb7b4feab0e9c53fa77
p:  387714.0058231684
5d0bebdc13da729bb953fae4
p:  362200.59572608466
5d0bebfdc18d730d4953fa74
p:  239415.93797867702
5d0beca9c18d730d4953fa7a
p:  430533.0648327656
5d0becb5c18d730d4953fa7c
p:  285529.8189245028
5d0becbdc18d730d4953fa7d
p:  236540.91213968175
5d0becc4c18d730d4953fa7e
p:  274878.5065700363
5d0bed602d5118af9553fb01
p:  282935.27449816954
5d0bed722d5118af9553fb03
p:  367444.14858243556
5d0bed7b2d5118af9553fb04
p:  286183.4591636431
5d0bed852d5118af9553fb05
p:  412623.61925213085
5d0bed98422853c2fb53fc11
p:  424755.82660598453
5d0beda02d5118af9553fb06
p:  254173.07201978867
5d0bedd42d5118af9553fb07
p:  264863.9130438727
5d0beddb2d5118af9553fb08
p:  210997.01359039673
5d0bee2db4feab0e9c53fa86
p:  314140.47280830867
5d0beea82d5118af9553fb09
p:  310818.05377192853
5d0beede2d5118af9553fb0f
p:  269474.18344557466
5d0beef5b4feab0e9c53fa8b
p:  366449.55073449074
5d0beef82d5118af9553fb12
p:  247113.10170622065
5d0bef05b4feab0e9c53fa8d
p:  816952.5158202023
5d0bef13422853c2fb53fc19
p:  239594.18741626982
5d0bef1eb4feab0e9c53fa8f
p:  314140.47280830867
5d0bef1f422853c2fb53fc1a
p:  228102.31811882497
5d0bef65c18d730d4953fa83
p:  288095.7209352824
5d0bef75c18d730d4953fa84
p:  340666.81862542796
5d0bf008b4feab0e9c53fa91
p:  361517.09424297145
5d0bf02bb4feab0e9c53fa94
p:  319857.6683320148
5d0bf0e1c18d730d4953fa86
p:  298581.2481172528
5d0bf0f82d5118af9553fb1d
p:  354215.6440111131
5d0bf142b4feab0e9c53fa99
p:  155448.05328371353
5d0bf147b4feab0e9c53fa9a
p:  436600.3129654932
5d0bf152195085831d53fab7
p:  564788.9724652194
5d0bf1ac422853c2fb53fc27
p:  153469.78579835434
5d0bf1bd422853c2fb53fc28
p:  337928.9569969814
5d0bf1ec422853c2fb53fc2b
p:  327156.34480996866
5d0bf1f62d5118af9553fb2b
p:  297910.93388893944
5d0bf21dc18d730d4953fa8b
p:  400817.49218664365
5d0bf24c2d5118af9553fb32
p:  426027.8869532832
5d0bf25c2d5118af9553fb35
p:  247113.10170622065
5d0bf27b66204ec3e153fad4
p:  398152.7382258841
5d0bf298422853c2fb53fc34
p:  206849.51124042773
5d0bf2c766204ec3e153fada
p:  437627.9601536537
5d0bf2e966204ec3e153fadc
p:  258380.76380053355
5d0bf2ea2d5118af9553fb41
p:  222076.9060613056
5d0bf2eb422853c2fb53fc3b
p:  233082.63389684088
5d0bf2f52d5118af9553fb42
p:  326363.35753527156
5d0bf2fa2d5118af9553fb43
p:  352145.73417226144
5d0bf310b4feab0e9c53faa2
p:  505945.70570108795
5d0bf31a422853c2fb53fc3d
p:  173890.9163758058
5d0bf342c18d730d4953fa8f
p:  278972.9539659176
5d0bf35e422853c2fb53fc42
p:  282133.9507576678
5d0bf360195085831d53fac9
p:  373446.93238614727
5d0bf380c18d730d4953fa90
p:  353356.87963160686
5d0bf38de70efe6e3353fb78
p:  350476.6315605579
5d0bf39a422853c2fb53fc47
p:  311262.2182754745
5d0bf3ad422853c2fb53fc48
p:  337746.23442677426
5d0bf3b2b4feab0e9c53faa5
p:  385072.8296820788
5d0bf3ba195085831d53facd
p:  523020.25979551394
5d0bf3beb4feab0e9c53faa6
p:  417352.930191054
5d0bf41a13da729bb953fb1c
p:  495594.7625969311
5d0bf4363ea2a4b18353fab6
p:  301343.57059237605
5d0bf43c195085831d53fad4
p:  349696.41804672574
5d0bf45f195085831d53fad6
p:  394967.64948939125
5d0bf461422853c2fb53fc4c
p:  369489.05544302135
5d0bf4803ea2a4b18353faba
p:  288139.0625166986
5d0bf482195085831d53fad8
p:  252324.0995473964
5d0bf4af13da729bb953fb1f
p:  332261.6275008711
5d0bf506b4feab0e9c53fab0
p:  335485.89428196073
5d0bf5172d5118af9553fb51
p:  174783.61652593483
5d0bf53113da729bb953fb23
p:  219924.34507336275
5d0bf578422853c2fb53fc59
p:  284093.16411253193
5d0bf5dcc18d730d4953fa9b
p:  218743.01463568496
5d0bf66b195085831d53faf2
p:  403684.0726670545
5d0bf6863ea2a4b18353face
p:  375425.33240205975
5d0bf688a6c1dd85f653fb31
p:  418141.87363292987
5d0bf68da6c1dd85f653fb32
p:  469040.26322456717
5d0bf73fc18d730d4953faa2
p:  299176.37507047254
5d0bf7463ea2a4b18353fad6
p:  215139.9782341201
5d0bf7ebc18d730d4953faad
p:  182899.7336920367
5d0bf815195085831d53fb06
p:  638459.0332767592
5d0bf93b3ea2a4b18353fae9
p:  384590.61886715883
5d0bf9423ea2a4b18353faea
p:  222220.21732842608
5d0bf979c18d730d4953fab9
p:  188428.45380661916
5d0bf9dfe70efe6e3353fbc5
p:  324856.21159994113
5d0bfa0eb4feab0e9c53fac7
p:  455340.7595632541
5d0bfa2ae70efe6e3353fbca
p:  325848.8019589025
5d0bfa36b4feab0e9c53fac8
p:  219270.01877228092
5d0bfae3b4feab0e9c53fac9
p:  218655.3003445136
5d0bfb4113da729bb953fb3c
p:  426272.60427635495
5d0bfbabb4feab0e9c53fad2
p:  135492.73389542763
5d0bfbb2b4feab0e9c53fad3
p:  169915.40376353377
5d0bfbb8b4feab0e9c53fad4
p:  150227.79547068477
5d0bfc7eb4feab0e9c53fadb
p:  300247.1276075507
5d0bfcb6e70efe6e3353fbde
p:  294075.30582323245
5d0bfd9213da729bb953fb43
p:  491645.4906542246
5d0bfdb0c2c53e725253fb07
p:  755006.9100271101
5d0ca4dc3786587b8217ea6f
p:  209307.1916348888
5d0e58ac98eed3f6292fce0f
p:  225243.02331894188
5d0e58f698eed3f6292fce15
p:  293919.0648375922
5d0e5b4598eed3f6292fce1c
p:  654900.343522053
5d0e5b4d98eed3f6292fce1d
p:  479731.34932773095
5d0e5bfc98eed3f6292fce25
p:  629783.3137492599
5d0e5c0398eed3f6292fce26
p:  578933.1246095009
5d0e5c3d98eed3f6292fce2d
p:  289782.1057527538
5d0e5c4ceda632764c2fce20
p:  468862.9297516999
5d0e5cb998eed3f6292fce35
p:  664108.6511445487
5d0e5ce798eed3f6292fce3b
p:  590000.7992722209
5d0e5e7beda632764c2fce2b
p:  355001.9553264433
5d0e5f37eda632764c2fce2f
p:  544325.7881095172
5d0e6939ab1c5adfdd2fce86
p:  336335.69313937763
5d0e69baeace631da42fce88
p:  351655.0915849485
5d0e69dfb0de7281832fce63
p:  204174.61078317778
5d0e6a02ab1c5adfdd2fce8b
p:  370707.2955240489
5d0e6a0847a29c76402fce8c
p:  260897.89231441065
5d0e6a29ab1c5adfdd2fce8c
p:  439234.48001182964
5d0e6a6e47a29c76402fce8d
p:  285123.20097635733
5d0e6a9647a29c76402fce90
p:  402755.1530846922
5d0e6b0a47a29c76402fce93
p:  360548.73980114335
5d0e6b47ca61da4f7e2fce6f
p:  390946.890637566
5d0e6b4dca61da4f7e2fce70
p:  293742.74440376356
5d0e6b62ca61da4f7e2fce72
p:  333938.6597495852
5d0e6b7aca61da4f7e2fce75
p:  316041.450779937
5d0e6b9b47a29c76402fce9e
p:  442159.33600087394
5d0e6ba447a29c76402fce9f
p:  296193.4244287249
5d0e6bb247a29c76402fcea0
p:  218269.1795473585
5d0e6bc9eace631da42fce92
p:  316861.95724668854
5d0e6bdaca61da4f7e2fce77
p:  470488.4626741757
5d0e6bf0ab1c5adfdd2fce94
p:  319385.809929
5d0e6c3eb0de7281832fce6d
p:  327872.9863854998
5d0e6c4db0de7281832fce6f
p:  508214.80184800696
5d0e6c5f47a29c76402fcea5
p:  185329.84367937795
5d0e6c84eace631da42fce96
p:  341039.62940916047
5d0e6cc0eace631da42fce9a
p:  333823.7468260025
5d0e6d5308cf67007c2fce9a
p:  265449.2375641809
5d0e6d5b47a29c76402fcea8
p:  314208.82807036367
5d0e6d61ca61da4f7e2fce7d
p:  359578.2842116381
5d0e6d8b08cf67007c2fce9c
p:  271401.6951505799
5d0e6daceace631da42fce9b
p:  194910.90687986978
5d0e6dcc08cf67007c2fce9e
p:  273748.75366984203
5d0e6dd747a29c76402fceb1
p:  444295.7694268626
5d0e6de408cf67007c2fcea0
p:  219442.226642686
5d0e6df608cf67007c2fcea2
p:  496333.7647584984
5d0e6df847a29c76402fceb3
p:  441996.87197125796
5d0e6dfc08cf67007c2fcea3
p:  296124.5054591661
5d0e6e0208cf67007c2fcea4
p:  280190.0881949814
5d0e6e1408cf67007c2fcea6
p:  232980.56450617095
5d0e6e4beace631da42fce9e
p:  154833.46869611385
5d0e6e88ca61da4f7e2fce85
p:  382581.196929379
5d0e6e90b0de7281832fce78
p:  202805.7526637257
5d0e6eaeeace631da42fcea0
p:  417916.04157202836
5d0e6ec108cf67007c2fcea9
p:  280190.0881949814
5d0e6ecd47a29c76402fcebf
p:  279265.07451826154
5d0e6ef208cf67007c2fceab
p:  294361.9718501683
5d0e6ef947a29c76402fcec2
p:  336392.40917037893
5d0e6f00ca61da4f7e2fce8d
p:  434482.67285047646
5d0e6f1547a29c76402fcec3
p:  359059.9221243657
5d0e6f1eca61da4f7e2fce91
p:  347570.3249781119
5d0e6f26ca61da4f7e2fce92
p:  320730.861588483
5d0e6f51ca61da4f7e2fce97
p:  555215.319397042
5d0e6f87eda632764c2fce80
p:  274612.40270475496
5d0e6fa7ca61da4f7e2fcea1
p:  471322.8297243388
5d0e6faeeace631da42fcea1
p:  495827.29741344077
5d0e6fb0ca61da4f7e2fcea2
p:  333333.428293383
5d0e6fb8ca61da4f7e2fcea3
p:  333706.9378298165
5d0e6fffca61da4f7e2fceab
p:  382283.22053132544
5d0e7006ca61da4f7e2fceac
p:  473318.20556708705
5d0e700d47a29c76402fced4
p:  346996.6182190414
5d0e7018ca61da4f7e2fceae
p:  369970.9907974023
5d0e7033ab1c5adfdd2fcea0
p:  344932.82184690464
5d0e703b47a29c76402fced7
p:  368870.21630098694
5d0e705a08cf67007c2fceac
p:  467764.5140417807
5d0e7084b0de7281832fce7b
p:  335799.61358387896
5d0e7090b0de7281832fce7c
p:  238860.1303291662
5d0e70d047a29c76402fcee1
p:  310336.7366080453
5d0e710a08cf67007c2fceb6
p:  299520.01188018883
5d0e710beace631da42fcea7
p:  265345.0550430203
5d0e7133eace631da42fceaa
p:  335419.7475391788
5d0e7152b0de7281832fce7d
p:  308268.8685774659
5d0e7162eace631da42fcead
p:  421215.25306611817
5d0e716eb0de7281832fce7e
p:  160790.50717787805
5d0e71aab0de7281832fce80
p:  276451.66023085685
5d0e71c8ab1c5adfdd2fceab
p:  365075.28392108064
5d0e71c9eace631da42fceb5
p:  331264.1837774486
5d0e71daca61da4f7e2fceb6
p:  320730.861588483
5d0e71e8eace631da42fceb8
p:  194910.90687986978
5d0e7201eace631da42fceba
p:  350262.23675240343
5d0e72101a96e410e92fcea8
p:  357965.21727346384
5d0e721d1a96e410e92fceaa
p:  210826.50562892435
5d0e723047a29c76402fcef4
p:  310558.3932528208
5d0e72351a96e410e92fceae
p:  294209.9206698594
5d0e723aab1c5adfdd2fceae
p:  459180.78103559
5d0e72421a96e410e92fceaf
p:  342987.5422008365
5d0e724dab1c5adfdd2fceb0
p:  300711.86200682004
5d0e725147a29c76402fcef6
p:  402158.59107130603
5d0e7270eace631da42fcec0
p:  150293.1453604431
5d0e72701a96e410e92fceb6
p:  191652.01330137486
5d0e7288ca61da4f7e2fcec2
p:  401923.21441484574
5d0e7289ab1c5adfdd2fceb5
p:  362535.6235466228
5d0e72bab0de7281832fce83
p:  176701.9922160084
5d0e72d0ca61da4f7e2fcec6
p:  372489.97281811805
5d0e72faca61da4f7e2fcec8
p:  368659.23368487373
5d0e733798eed3f6292fceb8
p:  288904.95844604995
5d0e7343ca61da4f7e2fcecd
p:  312206.6723146337
5d0e734fca61da4f7e2fcece
p:  323595.91661262454
5d0e734f98eed3f6292fcebd
p:  348871.5788770676
5d0e7369ca61da4f7e2fced0
p:  316584.50428933185
5d0e738f47a29c76402fcf05
p:  288052.1502475144
5d0e739eb0de7281832fce8b
p:  307120.8690416473
5d0e73aeca61da4f7e2fced5
p:  251087.069937726
5d0e73af08cf67007c2fced7
p:  419671.0224500784
5d0e73bcca61da4f7e2fced6
p:  246146.65250959017
5d0e73d008cf67007c2fced9
p:  476362.4715043641
5d0e73e2ca61da4f7e2fced9
p:  393971.7148000316
5d0e73e9b0de7281832fce8f
p:  234836.80095273186
5d0e74081a96e410e92fceb9
p:  372237.0061508301
5d0e740b1a96e410e92fceba
p:  211819.99430209232
5d0e741aca61da4f7e2fcedd
p:  255520.9463579722
5d0e742dca61da4f7e2fcedf
p:  291868.2218122629
5d0e74391a96e410e92fcebb
p:  211819.99430209232
5d0e745a47a29c76402fcf13
p:  288052.1502475144
5d0e74a347a29c76402fcf17
p:  314719.7881026927
5d0e74cbca61da4f7e2fcee3
p:  271457.72981504456
5d0e74d247a29c76402fcf18
p:  209385.9619471943
5d0e74daab1c5adfdd2fcec3
p:  254418.6580902023
5d0e74ebb0de7281832fce92
p:  120622.43444151833
5d0e74f2b0de7281832fce93
p:  304962.52849838906
5d0e74f208cf67007c2fcede
p:  297654.088173488
5d0e750747a29c76402fcf1b
p:  297794.86040402786
5d0e751dca61da4f7e2fcee7
p:  600323.9667134692
5d0e757498eed3f6292fcec7
p:  314315.8420428998
5d0e75fdab1c5adfdd2fcec7
p:  372726.47000740794
5d0e7603eace631da42fcec8
p:  363913.0474950308
5d0e76122d27a4fa422fceb6
p:  309507.898172467
5d0e7613eace631da42fceca
p:  372788.8364449913
5d0e7617ab1c5adfdd2fcec9
p:  338121.36319344165
5d0e761aeace631da42fcecb
p:  504887.76879421924
5d0e761aeda632764c2fce97
p:  153240.9746327573
5d0e762aeace631da42fcecd
p:  338803.55753549293
5d0e7630eace631da42fcece
p:  284433.4242391597
5d0e768e47a29c76402fcf1d
p:  216668.22558919084
5d0e769e47a29c76402fcf1e
p:  143411.77968977435
5d0e76d347a29c76402fcf22
p:  330054.61456830846
5d0e76fa08cf67007c2fceea
p:  671846.1689984507
5d0e770c08cf67007c2fceec
p:  267838.3501207046
5d0e775a2d27a4fa422fcebc
p:  262504.17865001573
5d0e776208cf67007c2fcef2
p:  404422.1260079601
5d0e776db0de7281832fcea2
p:  314919.23535363167
5d0e777508cf67007c2fcef4
p:  316493.79538046464
5d0e777c08cf67007c2fcef5
p:  314282.7656667908
5d0e778d2d27a4fa422fcebe
p:  287080.8996311007
5d0e77d6eda632764c2fce9c
p:  283455.66502148705
5d0e7803b0de7281832fcea6
p:  202638.6154259208
5d0e786208cf67007c2fcef9
p:  369798.2525200037
5d0e786347a29c76402fcf27
p:  360347.83011650364
5d0e786ff671fb97a32fcf18
p:  316303.0154133812
5d0e788d1a96e410e92fcec6
p:  419445.5559523084
5d0e78a447a29c76402fcf29
p:  522966.4489382787
5d0e78dfeda632764c2fce9d
p:  332296.9677553313
5d0e78f22d27a4fa422fcec4
p:  319728.8048482286
5d0e79062d27a4fa422fcec5
p:  133677.55286375084
5d0e790deda632764c2fce9e
p:  220277.11761856856
5d0e790df671fb97a32fcf1b
p:  283536.5221588756
5d0e7916f671fb97a32fcf1c
p:  273937.5095351977
5d0e791d2d27a4fa422fcec6
p:  149759.98842420251
5d0e7933eace631da42fced5
p:  317888.48722719424
5d0e79332d27a4fa422fcec8
p:  274546.4048338812
5d0e79562d27a4fa422fcec9
p:  336491.7059503306
5d0e79662d27a4fa422fceca
p:  300049.8399730328
5d0e79ad98eed3f6292fcefc
p:  300339.77267272875
5d0e7a09ab1c5adfdd2fcedb
p:  335683.3123902532
5d0e7a1498eed3f6292fcefd
p:  187894.35075642803
5d0e7a2eab1c5adfdd2fcedd
p:  225568.35435394634
5d0e7a437a2ae108a12fceb8
p:  512600.0479413809
5d0e7a547a2ae108a12fceb9
p:  582236.3105687681
5d0e7a617a2ae108a12fceba
p:  145720.45829567165
5d0e7a87ab1c5adfdd2fcee2
p:  281571.22562863305
5d0e7a8bab1c5adfdd2fcee3
p:  346640.3258398483
5d0e7a8db0de7281832fceb1
p:  260912.2594421476
5d0e7a94b0de7281832fceb2
p:  468384.7702752361
5d0e7aa67a2ae108a12fcebd
p:  339929.7144078064
5d0e7ab47a2ae108a12fcebf
p:  233819.04675630707
5d0e7ac998eed3f6292fcefe
p:  523860.36562940106
5d0e7ad9f671fb97a32fcf29
p:  322778.2008606445
5d0e7aea47a29c76402fcf33
p:  242323.98783306582
5d0e7aeceace631da42fceda
p:  251640.4237001316
5d0e7b1a08cf67007c2fcf0c
p:  288837.15523272497
5d0e7b1b1a96e410e92fcecb
p:  356565.1864973802
5d0e7b2f1a96e410e92fcecc
p:  302419.2180179468
5d0e7b36eace631da42fcedc
p:  243801.02752001438
5d0e7b3ceace631da42fcedd
p:  303152.40017802856
5d0e7b3ef671fb97a32fcf30
p:  266267.4726437557
5d0e7b3f47a29c76402fcf34
p:  153403.4329836359
5d0e7b41eace631da42fcede
p:  290923.8362336701
5d0e7b5c98eed3f6292fcf02
p:  751124.9960970222
5d0e7b6498eed3f6292fcf03
p:  523214.88686073874
5d0e7bab98eed3f6292fcf07
p:  746870.7356222272
5d0e7bd2b0de7281832fcebb
p:  316024.82585683797
5d0e7bd9eda632764c2fcea6
p:  1161260.8908963713
5d0e7bf8eda632764c2fcea7
p:  747716.0552911668
5d0e7c14eda632764c2fceaa
p:  1038266.438549953
5d0e7c1deda632764c2fceab
p:  995938.8179346062
5d0e7c1ff671fb97a32fcf42
p:  253199.0771228308
5d0e7c3cca61da4f7e2fcf01
p:  319684.7473962374
5d0e7c3eab1c5adfdd2fcee7
p:  366914.9110928264
5d0e7c54f671fb97a32fcf45
p:  268222.43050766864
5d0e7c632d27a4fa422fced1
p:  1124163.1483097996
5d0e7c6a47a29c76402fcf3a
p:  300235.223772525
5d0e7c772d27a4fa422fced3
p:  933943.4411830403
5d0e7c7dab1c5adfdd2fceea
p:  378627.8995031903
5d0e7c852d27a4fa422fced4
p:  1312899.6746679817
5d0e7ca2ca61da4f7e2fcf04
p:  124449.78081874746
5d0e7cdef671fb97a32fcf4f
p:  487544.31487458287
5d0e7cf8eace631da42fcee3
p:  1049787.176424967
5d0e7d06b0de7281832fcec0
p:  318483.5774087752
5d0e7d0fab1c5adfdd2fceec
p:  403255.1257237658
5d0e7d1df671fb97a32fcf55
p:  249171.53719773766
5d0e7d402d27a4fa422fced7
p:  708772.3594568187
5d0e7d471a96e410e92fced9
p:  1171749.5256615863
5d0e7daeeace631da42fcee5
p:  1115511.573759089
5d0e7db4ab1c5adfdd2fceed
p:  386108.2743213573
5d0e7db947a29c76402fcf3e
p:  189516.48548314365
5d0e7def7a2ae108a12fcecf
p:  1161552.2794190757
5d0e7e397a2ae108a12fced3
p:  307043.53424007585
5d0e7e52b0de7281832fcec5
p:  747493.9891537423
5d0e7e597a2ae108a12fced7
p:  585996.0725945556
5d0e7e6598eed3f6292fcf0c
p:  1106319.7429821892
5d0e7e6c98eed3f6292fcf0d
p:  556624.8232700934
5d0e7e90ca61da4f7e2fcf09
p:  466952.0919239498
5d0e7eb92d27a4fa422fcedc
p:  779905.322998661
5d0e7ed5b0de7281832fcec8
p:  1455823.7984981402
5d0e7ee7b0de7281832fcec9
p:  671858.1126398493
5d0e7f227a2ae108a12fcedc
p:  450211.94891680795
5d0e7f43ca61da4f7e2fcf0a
p:  355089.77616575395
5d0e7f49b0de7281832fcece
p:  1059186.8398496455
5d0e7f55ca61da4f7e2fcf0b
p:  386836.28383090463
5d0e7f5f47a29c76402fcf42
p:  488267.3195937261
5d0e7f6647a29c76402fcf43
p:  488913.4097215343
5d0e7f6dab1c5adfdd2fcef4
p:  233474.07320225038
5d0e7f72ab1c5adfdd2fcef5
p:  518696.43688680045
5d0e7f8cab1c5adfdd2fcef9
p:  154283.8312214815
5d0e7f91b0de7281832fced2
p:  409231.8909859352
5d0e7fa2b0de7281832fced3
p:  1631573.5877601253
5d0e7fa8f671fb97a32fcf5d
p:  375712.169279556
5d0e7fc1ca61da4f7e2fcf0e
p:  589504.1604631289
5d0e8023f671fb97a32fcf61
p:  568950.5202340016
5d0e802df671fb97a32fcf62
p:  414567.7314928534
5d0e80c4ab1c5adfdd2fcf04
p:  272123.2610240846
5d0e80ca47a29c76402fcf45
p:  532767.8974724391
5d0e80ec2d27a4fa422fcee4
p:  703815.6767124727
5d0e80ee47a29c76402fcf46
p:  556173.9192143736
5d0e8136f671fb97a32fcf66
p:  468132.7917521157
5d0e8151eda632764c2fceb9
p:  1294695.3618956464
5d0e815508cf67007c2fcf15
p:  399265.844739274
5d0e815847a29c76402fcf49
p:  394837.04403660574
5d0e8160eda632764c2fceba
p:  874028.2159448639
5d0e8166eda632764c2fcebb
p:  1531410.6078833211
5d0e81761a96e410e92fceea
p:  542075.229013574
5d0e819db0de7281832fced8
p:  759806.9423645168
5d0e81ad98eed3f6292fcf11
p:  1069159.1657575986
5d0e81cbeda632764c2fcebe
p:  659001.9841980902
5d0e8232b0de7281832fcedb
p:  711130.8470524689
5d0e823eeda632764c2fcec0
p:  1624923.3925019312
5d0e824198eed3f6292fcf13
p:  678868.00847283
5d0e826a7a2ae108a12fcedf
p:  1323741.4653246566
5d0e826aab1c5adfdd2fcf0a
p:  413965.87560851965
5d0e8273ab1c5adfdd2fcf0b
p:  289779.5979029694
5d0e827e98eed3f6292fcf14
p:  393242.5872169195
5d0e827e2d27a4fa422fceec
p:  348240.48419022915
5d0e8289b0de7281832fcedd
p:  710424.6440445599
5d0e8296eace631da42fceeb
p:  1018909.0462491773
5d0e82a4ab1c5adfdd2fcf0c
p:  339379.45634744543
5d0e82b0b0de7281832fcedf
p:  1027995.5054235337
5d0e82b51a96e410e92fceee
p:  232460.68668035732
5d0e82c17a2ae108a12fcee4
p:  374636.22796194535
5d0e82cab0de7281832fcee0
p:  1037342.4959389659
5d0e82ca7a2ae108a12fcee6
p:  301059.1986632592
5d0e82d27a2ae108a12fcee7
p:  493573.27476355556
5d0e82f947a29c76402fcf50
p:  301253.65506274276
5d0e82faeda632764c2fcec1
p:  828917.4120035364
5d0e82fdab1c5adfdd2fcf0f
p:  597710.805483232
5d0e8315eace631da42fceef
p:  1334433.2604341824
5d0e832d08cf67007c2fcf17
p:  423427.71000709257
5d0e834ceace631da42fcef1
p:  315519.133373962
5d0e8350b0de7281832fcee1
p:  606506.4308990615
5d0e8351ca61da4f7e2fcf18
p:  383424.52045981056
5d0e83717a2ae108a12fcee8
p:  716103.6957008953
5d0e83877a2ae108a12fcee9
p:  277527.2558145181
5d0e839deda632764c2fcec3
p:  729368.45066983
5d0e83a4eda632764c2fcec4
p:  1173415.9931301451
5d0e83b21a96e410e92fcef2
p:  549424.2559989013
5d0e83b808cf67007c2fcf19
p:  483900.58269426366
5d0e83c8ab1c5adfdd2fcf12
p:  305966.08810989803
5d0e83d598eed3f6292fcf1e
p:  444415.6786381132
5d0e83ecb0de7281832fcee4
p:  771853.6227251044
5d0e83f11a96e410e92fcef8
p:  607441.2309090479
5d0e83f6b0de7281832fcee5
p:  774681.2835115892
5d0e83fe1a96e410e92fcefa
p:  340632.3597170073
5d0e8400b0de7281832fcee6
p:  723218.5386849134
5d0e840098eed3f6292fcf21
p:  520227.7406414887
5d0e840ab0de7281832fcee7
p:  1285880.1728765033
5d0e840dab1c5adfdd2fcf1a
p:  218517.65541669796
5d0e8411b0de7281832fcee8
p:  682390.170388259
5d0e84152d27a4fa422fceef
p:  515302.3052228295
5d0e841a2d27a4fa422fcef0
p:  568533.8299509545
5d0e841e08cf67007c2fcf1a
p:  292665.55590224057
5d0e842b2d27a4fa422fcef1
p:  624167.1535504517
5d0e842fab1c5adfdd2fcf1d
p:  502704.0862862752
5d0e8440ab1c5adfdd2fcf20
p:  218279.032460874
5d0e844698eed3f6292fcf25
p:  343592.94716249837
5d0e845098eed3f6292fcf27
p:  314656.2606614514
5d0e845898eed3f6292fcf29
p:  334925.6885083292
5d0e845d98eed3f6292fcf2a
p:  325248.5292696968
5d0e84b6ab1c5adfdd2fcf21
p:  275278.8116258277
5d0e84de08cf67007c2fcf1c
p:  406760.4822786798
5d0e85021a96e410e92fcefd
p:  513935.66366462427
5d0e850a1a96e410e92fcefe
p:  498164.7243024443
5d0e85171a96e410e92fceff
p:  751137.0260409474
5d0e851c7a2ae108a12fceed
p:  453651.6862913481
5d0e85207a2ae108a12fceee
p:  410546.7718704813
5d0e8539b0de7281832fceea
p:  727106.2333656211
5d0e853ff671fb97a32fcf6d
p:  377607.00306361355
5d0e854708cf67007c2fcf1e
p:  225100.5848561452
5d0e854cb0de7281832fceeb
p:  823075.6521227639
5d0e85a07a2ae108a12fcef0
p:  279474.3508047673
5d0e85b6b0de7281832fcef3
p:  1183702.5682755248
5d0e85e0f671fb97a32fcf73
p:  378595.04186068266
5d0e85e37a2ae108a12fcef1
p:  385121.5009010725
5d0e85ff7a2ae108a12fcef2
p:  625489.2297679738
5d0e8641ab1c5adfdd2fcf23
p:  368382.5648386475
5d0e866bab1c5adfdd2fcf24
p:  218008.9194331646
5d0e8682f671fb97a32fcf75
p:  142156.33436488206
5d0e86842d27a4fa422fcef7
p:  365103.56979884184
5d0e86892d27a4fa422fcef8
p:  400166.29828161164
5d0e86d098eed3f6292fcf32
p:  685406.4386056248
5d0e86dff671fb97a32fcf78
p:  187280.4798863574
5d0e86f5ab1c5adfdd2fcf25
p:  218510.14354906662
5d0e872ef671fb97a32fcf7b
p:  153834.02458712665
5d0e875fb0de7281832fcf01
p:  510030.0579922996
5d0e8775b0de7281832fcf02
p:  459916.839129158
5d0e877bb0de7281832fcf03
p:  366121.13869444677
5d0e878df671fb97a32fcf7e
p:  374769.1749638077
5d0e878eca61da4f7e2fcf23
p:  427252.31324620923
5d0e879bf671fb97a32fcf81
p:  187899.04467347867
5d0e87a9ca61da4f7e2fcf25
p:  237217.1164982387
5d0e886a1a96e410e92fcf06
p:  602596.3093300122
5d0e887a1a96e410e92fcf07
p:  341992.7222056914
5d0e88937a2ae108a12fcefa
p:  620470.6948262114
5d0e8898eda632764c2fced3
p:  394503.33167718054
5d0e88a3b0de7281832fcf05
p:  410988.29727598093
5d0e88a9eda632764c2fced5
p:  464103.2636304172
5d0e88ae1a96e410e92fcf08
p:  206472.58850325755
5d0e88bceda632764c2fced7
p:  473129.0505402197
5d0e88d81a96e410e92fcf09
p:  233839.19513593143
5d0e88f798eed3f6292fcf3e
p:  215962.63832480396
5d0e89031a96e410e92fcf0b
p:  566578.2287794838
5d0e8909ab1c5adfdd2fcf2b
p:  226848.1002179727
5d0e890c98eed3f6292fcf40
p:  568314.4377331089
5d0e893598eed3f6292fcf43
p:  414837.90855360765
5d0e896498eed3f6292fcf47
p:  525806.4452739516
5d0e8966b0de7281832fcf0a
p:  197019.59660424647
5d0e8974ab1c5adfdd2fcf2f
p:  360907.45005074586
5d0e897d2d27a4fa422fcefe
p:  220657.35752389272
5d0e8986ab1c5adfdd2fcf31
p:  301410.32565262815
5d0e899908cf67007c2fcf25
p:  440783.2399319387
5d0e89a108cf67007c2fcf26
p:  459036.51308506355
5d0e89a847a29c76402fcf69
p:  404977.4593269027
5d0e89b508cf67007c2fcf27
p:  414218.49847771134
5d0e89c8eda632764c2fcedb
p:  501123.11301417847
5d0e89e92d27a4fa422fcf00
p:  506707.8293172127
5d0e89f97a2ae108a12fceff
p:  202821.854321135
5d0e89fbf671fb97a32fcf86
p:  460863.6273240398
5d0e8a0447a29c76402fcf6b
p:  359907.510714576
5d0e8a11eace631da42fcf10
p:  234151.79638304107
5d0e8a14eace631da42fcf11
p:  248824.69422940433
5d0e8a33f671fb97a32fcf88
p:  333132.3365024681
5d0e8a3beace631da42fcf12
p:  705203.3670804857
5d0e8a4c2d27a4fa422fcf06
p:  497380.5165247774
5d0e8a4eca61da4f7e2fcf2c
p:  417014.13700684486
5d0e8a532d27a4fa422fcf07
p:  234379.50824332627
5d0e8a597a2ae108a12fcf00
p:  734478.6284719999
5d0e8a632d27a4fa422fcf09
p:  421560.5477729471
5d0e8a6a2d27a4fa422fcf0a
p:  238133.92194052238
5d0e8a7eeace631da42fcf13
p:  350171.2812656454
5d0e8a862d27a4fa422fcf0c
p:  430942.17483393627
5d0e8a8e2d27a4fa422fcf0d
p:  421309.9011508791
5d0e8a9d1a96e410e92fcf15
p:  789650.117277615
5d0e8ac22d27a4fa422fcf15
p:  323738.3271866798
5d0e8adcb0de7281832fcf10
p:  349507.7700995954
5d0e8ae32d27a4fa422fcf18
p:  275796.5457125691
5d0e8af17a2ae108a12fcf03
p:  247005.69025913894
5d0e8af42d27a4fa422fcf1a
p:  534436.1803326372
5d0e8b1847a29c76402fcf71
p:  506