Current date and time: 2020-06-07 15:34:19
Successfully connect to DB.
For ['Clinton', 'Eaton', 'Gratiot', 'Hillsdale', 'Ingham', 'Jackson', 'Lenawee', 'Livingston', 'Shiawassee']#################################################################
train score for random_forest: 0.9455878790588305
test score for random_forest: 0.5927475746209788
The mean absolute error is:$ 69162.0422137911
r_Score: 0.6204507884245666
Voting Regressor (in): 0.948992370913018
Voting Regressor: 0.6204507884245666
5d0d2cfae2ea012a7414adf0
p:  88456.46036766445
5d1c5cbcdbebfd779eefbd48
p:  234159.82080628866
5d2034d996662a0464849ff6
p:  273035.3537897731
5d2035ffc9bbfd537f849fe9
p:  190250.79034545313
5d203661c9bbfd537f849fed
p:  408264.6830957084
5d2036c2c9bbfd537f849fef
p:  175166.92587833456
5d2038d8c9bbfd537f849ff9
p:  182786.62225841303
5d203b89c9bbfd537f84a003
p:  220163.70637709144
5d203d9ac9bbfd537f84a00a
p:  259148.9434160074
5d203deac9bbfd537f84a00c
p:  288027.2807156947
5d2041f1c9bbfd537f84a01f
p:  303386.1344029645
5d2042e796662a046484a04b
p:  1105973.0913088599
5d20430596662a046484a04e
p:  387995.45609974675
5d204547c9bbfd537f84a036
p:  227988.64380509977
5d205d54a1705e270984a098
p:  204815.95703857078
5d205f77a1705e270984a0a2
p:  325875.83947798697
5d20edc996662a046484a3e4
p:  187475.3279741499
5d2104a2a1705e270984a2ee
p:  181607.88005740108
5d210cbeed38553ef684a358
p:  121306.13768852301
5d2111d0c9bbfd537f84a397
p:  43535.500648277746
5d215b64ed38553ef684a56b
p:  71177.58321096464
5d215c6914fbe25e1184a57a
p:  71177.58321096464
5d215ee888277d19ad84a688
p:  279207.31611211825
5d215eeba1705e270984a445
p:  94368.81289558276
5d215f76b2dcdfd3ca84a4b3
p:  137863.38387544916
5d21601ec74e2c54e284a502
p:  172955.29289678042
5d216093c74e2c54e284a504
p:  145621.2602527341
5d2160fc88277d19ad84a69d
p:  126840.27047212646
5d216153c74e2c54e284a508
p:  104763.86087190043
5d21617ec74e2c54e284a509
p:  93644.0962642327
5d2161afc74e2c54e284a50a
p:  101130.15110840756
5d2161dbc74e2c54e284a50b
p:  110643.94517554675
5d21629321f5c5b85284a50b
p:  163593.15935933578
5d2162a95c7a7668d384a519
p:  121144.23119277
5d2162e2c74e2c54e284a510
p:  177997.87434119647
5d216367a1705e270984a458
p:  266929.75765944703
5d21645fc9bbfd537f84a4bf
p:  145681.15573020893
5d21667e21f5c5b85284a52e
p:  99015.83253972037
5d21669fa1705e270984a46d
p:  246908.46078444703
5d2166d0c74e2c54e284a51c
p:  84379.69335725656
5d2166f8c74e2c54e284a51e
p:  162234.03640902744
5d2167f55c7a7668d384a530
p:  126415.68465479423
5d2167f9a1705e270984a477
p:  136120.82841108378
5d21683ac74e2c54e284a524
p:  172998.71644201456
5d2168635c7a7668d384a534
p:  100841.58297959251
5d2168ebc9bbfd537f84a4e0
p:  269669.2557151152
5d21691014fbe25e1184a59e
p:  229112.29683283452
5d21694a63db82391884a51c
p:  139902.49531777756
5d216a30c9bbfd537f84a4e8
p:  144710.41050463446
5d216a3ca1705e270984a47f
p:  295832.18306708103
5d216a8314fbe25e1184a5ab
p:  180699.02713545988
5d216b39c74e2c54e284a52f
p:  127981.88211496275
5d216b4c5c7a7668d384a551
p:  260857.6127618879
5d216b74c74e2c54e284a530
p:  270670.2121705936
5d216c9614fbe25e1184a5b3
p:  140681.69278897298
5d216ca188277d19ad84a715
p:  119970.33601967499
5d216cf688277d19ad84a718
p:  131569.9014822999
5d216d2e88277d19ad84a71a
p:  64847.343412739276
5d216d35a1705e270984a48b
p:  117720.98810245254
5d216d4988277d19ad84a71b
p:  192808.68948373367
5d216d62c74e2c54e284a537
p:  213674.88321368702
5d216e4ec74e2c54e284a53a
p:  197161.47837433842
5d216e5a88277d19ad84a726
p:  131628.11015472
5d216ee1c74e2c54e284a53f
p:  236082.80280040766
5d217196c74e2c54e284a54f
p:  127981.88211496275
5d2171d4c74e2c54e284a552
p:  194189.4776873149
5d21720c14fbe25e1184a5c0
p:  407181.5074185467
5d2172c7c74e2c54e284a560
p:  105005.4012906328
5d2172e9c74e2c54e284a562
p:  220109.89966729502
5d2173b9c9bbfd537f84a524
p:  301119.17893255694
5d2173c0c9bbfd537f84a525
p:  301119.17893255694
5d2173c7c9bbfd537f84a526
p:  301119.17893255694
5d2173e0c74e2c54e284a570
p:  119439.23789240306
5d2173f0c74e2c54e284a571
p:  152421.3469833737
5d2173f322a8cac0e584a6ba
p:  77305.01553755045
5d217405c9bbfd537f84a527
p:  301119.17893255694
5d217405c74e2c54e284a572
p:  229599.5596919583
5d21745663db82391884a530
p:  135090.83999756962
5d21751ec74e2c54e284a576
p:  267315.5369558526
5d2175ada1705e270984a4b7
p:  289380.92960351787
5d2175b52eaa18e91684a786
p:  102968.10243695084
5d2175c4a1705e270984a4b8
p:  280398.16337372153
5d2175d45c7a7668d384a57f
p:  289380.92960351787
5d2175fac74e2c54e284a57d
p:  357870.39781121886
5d217627c74e2c54e284a580
p:  137677.1369863486
5d217642c74e2c54e284a581
p:  324244.2674325181
5d21764ec74e2c54e284a582
p:  95803.36317010579
5d21766863db82391884a53a
p:  191342.9743970121
5d21770822a8cac0e584a6c9
p:  84090.88268812292
5d21770ea1705e270984a4be
p:  159527.15997986513
5d217712c9bbfd537f84a52e
p:  159527.15997986513
5d2178cac74e2c54e284a588
p:  137677.1369863486
5d2178d9a1705e270984a4c5
p:  260857.6127618879
5d217934c74e2c54e284a58b
p:  158605.93930447166
5d21794cc74e2c54e284a58c
p:  108275.89821819132
5d217ad6c9bbfd537f84a538
p:  238344.23039658373
5d217b1da1705e270984a4cb
p:  99495.80143212993
5d217c2da1705e270984a4d1
p:  301119.17893255694
5d217c6d63db82391884a54b
p:  139776.7180927044
5d217c8863db82391884a54d
p:  116286.48902479582
5d217cadc74e2c54e284a595
p:  127981.88211496275
5d217d3dc74e2c54e284a599
p:  267696.5161425035
5d217e3614fbe25e1184a5e0
p:  96996.75324590228
5d217f01c74e2c54e284a59d
p:  148393.5530856603
5d217fd92eaa18e91684a7b8
p:  160700.28206454573
5d218095ca79aefd7b84a5bd
p:  81309.44069236153
5d2180c5ca79aefd7b84a5be
p:  255504.96233620163
5d218117ca79aefd7b84a5c1
p:  85862.74762598272
5d2181f7ed38553ef684a641
p:  155601.21587522735
5d21820022a8cac0e584a70f
p:  99355.79970483221
5d218239ed38553ef684a647
p:  102977.59466036268
5d21826f22a8cac0e584a712
p:  75170.327801826
5d2182752eaa18e91684a7c8
p:  125272.65054291821
5d2182862eaa18e91684a7c9
p:  77657.03115275888
5d2182dc2eaa18e91684a7ca
p:  62773.5137904398
5d2182fd21f5c5b85284a59a
p:  58363.39819853839
5d218323a1705e270984a4ef
p:  94708.74648007532
5d2183242eaa18e91684a7cc
p:  50303.27504835344
5d218351ed38553ef684a64c
p:  107728.3251807494
5d21839ca1705e270984a4f2
p:  79283.80692308758
5d2183a322a8cac0e584a713
p:  76543.03969332269
5d2183d2a1705e270984a4f3
p:  82114.81209307676
5d2183d55c7a7668d384a5c4
p:  304610.2983300154
5d2183e45c7a7668d384a5c5
p:  512752.58772416285
5d2183e72eaa18e91684a7cd
p:  96778.45631972431
5d21841dca79aefd7b84a5de
p:  159864.1163364894
5d21841e21f5c5b85284a59b
p:  165863.37610997254
5d21844b5c7a7668d384a5c6
p:  194658.85382423946
5d2184beed38553ef684a653
p:  49826.33420045914
5d2184ceca79aefd7b84a5e6
p:  85918.9573111477
5d2185a122a8cac0e584a717
p:  77891.66706633178
5d2185e322a8cac0e584a71b
p:  107764.66901991924
5d2185f2ca79aefd7b84a5ef
p:  77280.2592315693
5d21860a2eaa18e91684a7da
p:  96778.45631972431
5d218620ca79aefd7b84a5f1
p:  104355.7239101158
5d21863dca79aefd7b84a5f2
p:  131765.44486246599
5d21865b22a8cac0e584a724
p:  63600.56070837262
5d21866621f5c5b85284a5a7
p:  138401.93125041993
5d21869221f5c5b85284a5a9
p:  43252.68784101155
5d2186a8ca79aefd7b84a5f6
p:  86223.6987169534
5d2186ad22a8cac0e584a729
p:  82674.62454183096
5d2186bb22a8cac0e584a72a
p:  61814.803959009005
5d2186ecca79aefd7b84a5f9
p:  180979.49574443232
5d218702ca79aefd7b84a5fa
p:  97350.87885107342
5d21870f88277d19ad84a79c
p:  61202.57830548023
5d218740ca79aefd7b84a5fd
p:  120838.60128368656
5d218760c74e2c54e284a5bd
p:  183249.90843725146
5d21876e21f5c5b85284a5ab
p:  58088.06085788181
5d2187a721f5c5b85284a5ac
p:  62534.8036037751
5d2187c722a8cac0e584a73b
p:  78233.62278983751
5d2187ffed38553ef684a661
p:  136430.66950665656
5d2187ff88277d19ad84a79f
p:  36790.419692612006
5d21880a88277d19ad84a7a0
p:  55291.1917924194
5d21881e2eaa18e91684a7ef
p:  94181.81660021534
5d21882c21f5c5b85284a5af
p:  47480.796420204264
5d21887d2eaa18e91684a7f4
p:  37470.99471047732
5d2188ad2eaa18e91684a7f7
p:  64120.49905647734
5d21892121f5c5b85284a5b3
p:  73099.31167187252
5d21896521f5c5b85284a5b4
p:  57601.01976642541
5d21896522a8cac0e584a755
p:  111957.73756107806
5d21899488277d19ad84a7a6
p:  42142.80716261883
5d2189c621f5c5b85284a5b7
p:  58058.29720772209
5d2189e521f5c5b85284a5b8
p:  91757.66688529948
5d2189ea22a8cac0e584a75d
p:  78678.67377173573
5d218a4d21f5c5b85284a5ba
p:  60247.61904407709
5d218a5f88277d19ad84a7a8
p:  40916.06792529162
5d218a8fc74e2c54e284a5c3
p:  94985.88146893316
5d218a9a88277d19ad84a7a9
p:  163345.26136038353
5d218ae6c74e2c54e284a5c5
p:  195126.51848815617
5d218b7b88277d19ad84a7ab
p:  44371.32687644896
5d218ba1ed38553ef684a670
p:  154964.3557357521
5d218bcea1705e270984a507
p:  73528.07227232224
5d218be121f5c5b85284a5be
p:  82114.15481497717
5d218bfa2eaa18e91684a80a
p:  78542.14027804387
5d218c26ed38553ef684a673
p:  67518.66392757949
5d218cd65c7a7668d384a5de
p:  145023.97218572124
5d218d00ed38553ef684a674
p:  75251.61679473807
5d218da321f5c5b85284a5c7
p:  47480.796420204264
5d218dfb5c7a7668d384a5e4
p:  50441.38245089854
5d218e03c74e2c54e284a5d1
p:  135940.25397042942
5d218e3a21f5c5b85284a5c8
p:  64082.16480453198
5d218e4721f5c5b85284a5c9
p:  49447.12070083382
5d218ea621f5c5b85284a5cb
p:  80973.81968555493
5d218f5b22a8cac0e584a78b
p:  151622.6233863764
5d218fb321f5c5b85284a5ce
p:  53960.034572336794
5d218fca2eaa18e91684a817
p:  93663.36123795198
5d2190022eaa18e91684a819
p:  78628.0593706777
5d21900d5c7a7668d384a5ed
p:  66779.30869451562
5d21905721f5c5b85284a5d2
p:  100259.36607029822
5d21913121f5c5b85284a5d6
p:  52218.437100332056
5d2191a22eaa18e91684a81d
p:  51877.25006444179
5d2191c62eaa18e91684a81e
p:  79393.36072743114
5d2191d7c74e2c54e284a5e1
p:  104763.86087190043
5d2192172eaa18e91684a822
p:  318600.5640686608
5d21b6cfa1705e270984a58b
p:  63405.431351368316
5d21cb7a88277d19ad84a87d
p:  136396.6064731849
5d21cc452eaa18e91684a945
p:  59462.91151770505
5d21cc5cc9bbfd537f84a675
p:  90879.92464167095
5d21cd32c9bbfd537f84a67e
p:  80478.00295905996
5d21cd77c9bbfd537f84a682
p:  84688.77266687797
5d21cd8e96662a046484a84a
p:  209340.80077196573
5d21cf5b96662a046484a853
p:  157084.59033342596
5d21cf5bc9bbfd537f84a690
p:  229773.38182323496
5d21cfdac9bbfd537f84a695
p:  106217.5118523096
5d21cff3ed38553ef684a7ac
p:  255385.6440892312
5d21d0132eaa18e91684a954
p:  53375.05360077153
5d21d03096662a046484a855
p:  80719.464405179
5d21d152ca79aefd7b84a70a
p:  106336.84232095376
5d21d174ed38553ef684a7b2
p:  168410.01482038441
5d21d2cb2eaa18e91684a95d
p:  91695.84117337866
5d21d3df2eaa18e91684a960
p:  67044.2069635325
5d21d3f096662a046484a862
p:  211311.8941889069
5d21d40096662a046484a863
p:  193514.43300139526
5d21d4402eaa18e91684a961
p:  151301.3750118668
5d21d58396662a046484a867
p:  93067.92632186622
5d21d5d5ca79aefd7b84a727
p:  145442.12157787778
5d21d6ce2eaa18e91684a969
p:  58995.82714015321
5d21d79b96662a046484a86e
p:  130076.21610063603
5d21d9f1ed38553ef684a7d7
p:  279993.8508800904
5d21da5ded38553ef684a7da
p:  273738.51488542586
5d21da6488277d19ad84a8ba
p:  99996.68024460963
5d21db43b2dcdfd3ca84a71f
p:  164419.86937092937
5d21de6e2eaa18e91684a97d
p:  79458.99311532991
5d21df312eaa18e91684a981
p:  69127.6424665366
5d21e0e663db82391884a6b5
p:  88918.06917792297
5d21e1eb96662a046484a885
p:  112707.27848369541
5d21e2ae2eaa18e91684a98c
p:  145069.0151850107
5d21e4deb2dcdfd3ca84a748
p:  320524.4923540885
5d21e4df2eaa18e91684a99b
p:  183333.14931326138
5d21e8982eaa18e91684a9b3
p:  67044.2069635325
5d21eacfb2dcdfd3ca84a753
p:  88987.67988768907
5d21eb55b2dcdfd3ca84a758
p:  99750.67886109266
5d42d7e45059a34d102fa1a0
p:  61686.915552304825
For ['Macomb', 'Oakland', 'St. Clair', 'Monroe', 'Washtenaw', 'Wayne']#################################################################
train score for random_forest: 0.9619750530935279
test score for random_forest: 0.7190268793471986
The mean absolute error is:$ 84020.62241153666
r_Score: 0.7467124223038287
Voting Regressor (in): 0.9448077888997943
Voting Regressor: 0.7467124223038287
5d0a4ffefa7544d5f27ba691
p:  57831.319076255466
5d0b54dc21171180ce6efbab
p:  363128.04839025013
5d0b670f19aeb54ebe6efc17
p:  111115.07195115663
5d0d278743207cb60914add4
p:  156680.48164585617
5d12b115b7ae3de20d8d6ede
p:  141324.6922046095
5d12c094b7ae3de20d8d6f22
p:  110949.41658825427
5d12d314b7ae3de20d8d6fa4
p:  155433.72752125998
5d178bc2fb6bf97d8975b5ba
p:  101082.13862681363
5d19c585a22b896835d02f4f
p:  33425.65179440675
5d1b80f503ecbb08e0bf60ca
p:  207510.51572941014
5d1bf7807e6c493d594588b4
p:  823677.4184589019
5d1c0a6502e1f427a5efbc71
p:  101635.65467611974
5d1c0e8bdbebfd779eefbc82
p:  181444.15413291083
5d1c2990dbebfd779eefbcd7
p:  209038.30122750317
5d1feab863db823918849e9b
p:  221174.05386722664
5d1feade63db823918849e9c
p:  203508.528441482
5d1feb27c9bbfd537f849e9d
p:  156268.38923433603
5d1feb68ed38553ef6849e9e
p:  131965.7265297764
5d1feb8863db823918849ea2
p:  162017.26328325737
5d1feb9688277d19ad849e9e
p:  427277.92312836094
5d1febbf21f5c5b852849ea1
p:  133258.12674696557
5d1febe9ca79aefd7b849e9c
p:  120443.37892272507
5d1fec2a96662a0464849ea1
p:  220910.63233370188
5d1fec30c9bbfd537f849ea3
p:  160781.08017502722
5d1fec4188277d19ad849ea6
p:  253806.02137120249
5d1fec4d88277d19ad849ea7
p:  244636.90832642472
5d1fec5b88277d19ad849ea8
p:  288973.8276359282
5d1fec92ca79aefd7b849e9e
p:  174628.73526981886
5d1fecb4ed38553ef6849ea9
p:  93639.19062727157
5d1fecb521f5c5b852849ea6
p:  218115.13606062403
5d1fecd014fbe25e11849ea3
p:  116220.89820612207
5d1fecd3ed38553ef6849eaa
p:  104588.93750065591
5d1fecdc14fbe25e11849ea4
p:  124856.89475473962
5d1fececed38553ef6849eac
p:  123100.79094590773
5d1fecfa14fbe25e11849ea5
p:  73196.41663077481
5d1fed2588277d19ad849eab
p:  708826.2146626692
5d1fed36ed38553ef6849ead
p:  102314.49413019163
5d1fed3e2eaa18e916849e9f
p:  192823.27866080584
5d1fed47ed38553ef6849eae
p:  152407.63692248595
5d1fed51ca79aefd7b849eaa
p:  172696.0130709872
5d1fed58ed38553ef6849eaf
p:  107133.21720488183
5d1fed5d14fbe25e11849ea6
p:  83398.9843131295
5d1fed6588277d19ad849ead
p:  495200.1665009642
5d1fed8614fbe25e11849ea7
p:  131073.1314246556
5d1fedc722a8cac0e5849ea5
p:  166490.19610319266
5d1fedd5c74e2c54e2849ea4
p:  113403.2982754188
5d1feddfed38553ef6849eb6
p:  137349.44674147695
5d1fede622a8cac0e5849ea7
p:  191062.4668094683
5d1fede7c74e2c54e2849ea6
p:  168202.5289217675
5d1feded14fbe25e11849ea9
p:  124182.19971399105
5d1fedf6ed38553ef6849eb7
p:  78654.12849736793
5d1fedfd14fbe25e11849eaa
p:  125841.27093608776
5d1fee012eaa18e916849ea0
p:  187071.18848889685
5d1fee0714fbe25e11849eab
p:  73196.41663077481
5d1fee2214fbe25e11849ead
p:  137352.90325042146
5d1fee2d14fbe25e11849eae
p:  107008.1211101325
5d1fee39a1705e2709849ea7
p:  101022.39319542533
5d1fee4114fbe25e11849eaf
p:  119836.33356814884
5d1fee4522a8cac0e5849ea9
p:  187683.29105269662
5d1fee5b14fbe25e11849eb0
p:  113489.36156648467
5d1fee5f21f5c5b852849eb0
p:  316192.98175311484
5d1fee6714fbe25e11849eb1
p:  96777.59483260073
5d1fee6dca79aefd7b849eb5
p:  158339.66963241267
5d1feebe14fbe25e11849eb4
p:  121304.00090667147
5d1feec463db823918849eac
p:  128406.2759821522
5d1feed314fbe25e11849eb5
p:  86256.24796397574
5d1feefcc9bbfd537f849eac
p:  116415.44344796683
5d1fef28ca79aefd7b849eba
p:  119274.55910741712
5d1fef2914fbe25e11849eb9
p:  122297.91496222002
5d1fef3c14fbe25e11849eba
p:  116214.93728136824
5d1fef3ca1705e2709849ead
p:  255199.33625044668
5d1fef55ca79aefd7b849ebb
p:  156402.26118514262
5d1fef7614fbe25e11849ebc
p:  122297.91496222002
5d1fefbfc74e2c54e2849eaa
p:  180447.34780010057
5d1fefec2eaa18e916849ea4
p:  760219.9991733483
5d1ff01614fbe25e11849ec4
p:  445198.6149417977
5d1ff04014fbe25e11849ec7
p:  146996.78938744921
5d1ff04821f5c5b852849eb8
p:  230037.76556296163
5d1ff05014fbe25e11849ec8
p:  123030.58814816776
5d1ff0632eaa18e916849ea6
p:  555451.4202834717
5d1ff07014fbe25e11849eca
p:  143207.63474592534
5d1ff08fed38553ef6849ec1
p:  150173.69479456794
5d1ff0d2c9bbfd537f849eb2
p:  87447.5812139136
5d1ff0e1ed38553ef6849ec4
p:  138219.4197838807
5d1ff10814fbe25e11849ed3
p:  122243.17793773262
5d1ff1082eaa18e916849eaa
p:  197548.37944004196
5d1ff11ac74e2c54e2849eb0
p:  120239.34022114906
5d1ff134c74e2c54e2849eb1
p:  262441.314221686
5d1ff15914fbe25e11849ed7
p:  99383.86385617708
5d1ff16d14fbe25e11849ed8
p:  90632.43000018824
5d1ff1a8ed38553ef6849ec7
p:  85877.31559021887
5d1ff1ad14fbe25e11849edc
p:  132059.20784822613
5d1ff1cec74e2c54e2849eb5
p:  135756.5334863422
5d1ff1e214fbe25e11849edf
p:  108752.51195501542
5d1ff1f6c9bbfd537f849eb7
p:  90917.37014561123
5d1ff1ffca79aefd7b849ecf
p:  163985.73671532574
5d1ff21222a8cac0e5849eb8
p:  131428.61289243985
5d1ff21c14fbe25e11849ee2
p:  129537.36553243003
5d1ff22b63db823918849eb7
p:  238024.99682253465
5d1ff25a14fbe25e11849ee6
p:  121011.50654496958
5d1ff28aa1705e2709849eb7
p:  238792.77599991264
5d1ff2ab14fbe25e11849eeb
p:  117940.4247430985
5d1ff2af63db823918849ebd
p:  199296.4790321407
5d1ff2b12eaa18e916849eac
p:  187890.0596294141
5d1ff2c1c9bbfd537f849ebc
p:  90917.37014561123
5d1ff2c888277d19ad849ec1
p:  245515.5132418952
5d1ff356c9bbfd537f849ebf
p:  207271.59714724426
5d1ff3a463db823918849ec4
p:  171123.75037748495
5d1ff3ed2eaa18e916849eb1
p:  629914.196616664
5d1ff487a1705e2709849ec1
p:  324407.40606729116
5d1ff4bd2eaa18e916849eb3
p:  491333.016795072
5d1ff4d2ed38553ef6849ed5
p:  117878.2880465189
5d1ff4ebca79aefd7b849ed9
p:  83083.19401766727
5d1ff51a88277d19ad849ecb
p:  226755.9973137022
5d1ff53014fbe25e11849ef8
p:  84783.8581316337
5d1ff56588277d19ad849ecd
p:  336346.9549647756
5d1ff57014fbe25e11849efd
p:  113215.56532380568
5d1ff5c6c9bbfd537f849ec5
p:  123258.0632503737
5d1ff5d0c74e2c54e2849ec0
p:  163449.38234609528
5d1ff5daed38553ef6849ed7
p:  93061.74972573362
5d1ff6feed38553ef6849ede
p:  78822.96663976712
5d1ff718c74e2c54e2849ec9
p:  386021.1397561912
5d1ff75ac74e2c54e2849ecc
p:  176884.4458903257
5d1ff77e2eaa18e916849ec0
p:  405851.0564288167
5d1ff79d14fbe25e11849f05
p:  215470.18977888036
5d1ff7c163db823918849ed1
p:  88529.62495855775
5d1ff7c688277d19ad849ed7
p:  422112.2285639502
5d1ff7d22eaa18e916849ec2
p:  483460.44964432996
5d1ff803c74e2c54e2849edd
p:  179379.0048469699
5d1ff8115c7a7668d3849ee2
p:  175346.24122281972
5d1ff81663db823918849ed3
p:  83892.80746512937
5d1ff83ec9bbfd537f849ecc
p:  90891.02788646513
5d1ff896ed38553ef6849ee0
p:  116112.252469089
5d1ff8a7ed38553ef6849ee1
p:  133535.92111076528
5d1ff8b396662a0464849ed9
p:  266957.88471251377
5d1ff8b52eaa18e916849ec3
p:  1702760.0010480448
5d1ff8c12eaa18e916849ec4
p:  812971.5675901291
5d1ff8c9c9bbfd537f849ece
p:  88534.18118372334
5d1ff8de2eaa18e916849ec5
p:  349883.4350282517
5d1ff921c9bbfd537f849ed2
p:  120254.37392272
5d1ff93988277d19ad849edc
p:  488750.0215035338
5d1ff9842eaa18e916849ec8
p:  419129.9950259052
5d1ff985ed38553ef6849ee5
p:  113601.7679362797
5d1ff991c9bbfd537f849ed5
p:  119989.08718400678
5d1ff9a5ed38553ef6849ee6
p:  101943.59814039065
5d1ff9e4ed38553ef6849eeb
p:  109166.51450183407
5d1ffa20ed38553ef6849eed
p:  104984.44660810006
5d1ffa75ca79aefd7b849eeb
p:  83389.57505841428
5d1ffa84ca79aefd7b849eec
p:  94445.74829717839
5d1ffaff2eaa18e916849ecc
p:  363547.0634714882
5d1ffb432eaa18e916849ecd
p:  279455.6815557671
5d1ffb76ed38553ef6849ef3
p:  80352.849625047
5d1ffb8c88277d19ad849ee1
p:  322761.0715496966
5d1ffb8fed38553ef6849ef4
p:  112435.7739414862
5d1ffb91ca79aefd7b849eef
p:  326709.14508738904
5d1ffb952eaa18e916849ecf
p:  293527.89878458926
5d1ffbe4ed38553ef6849ef7
p:  118021.39398778083
5d1ffbf8ca79aefd7b849ef0
p:  129476.97316991712
5d1ffc3c22a8cac0e5849ee2
p:  132512.5340008756
5d1ffc6221f5c5b852849eec
p:  92191.5285695554
5d1ffc66ed38553ef6849ef9
p:  105812.04920402748
5d1ffc7ded38553ef6849efa
p:  105674.01870272975
5d1ffd8cc74e2c54e2849eec
p:  158130.28217007642
5d1ffd9514fbe25e11849f1a
p:  199549.0619670797
5d1ffd9f2eaa18e916849ed8
p:  353003.54638354294
5d1ffde7c9bbfd537f849ee3
p:  91909.21898410548
5d1ffdfc14fbe25e11849f1c
p:  87894.47135689961
5d1ffe01ed38553ef6849f00
p:  138994.52370550594
5d1ffe3714fbe25e11849f1f
p:  110739.41883607929
5d1ffe4688277d19ad849ef1
p:  180563.77903471765
5d1ffe6663db823918849ef4
p:  239717.6665468744
5d1ffe6fed38553ef6849f02
p:  130821.10349180188
5d1ffe732eaa18e916849edc
p:  421910.1417317083
5d1ffebf5c7a7668d3849f03
p:  180262.52798601374
5d1ffecc5c7a7668d3849f04
p:  446200.0371535863
5d1fff27c9bbfd537f849eea
p:  104992.11142981629
5d1fff7614fbe25e11849f27
p:  90747.38980770382
5d1fff7b2eaa18e916849ee0
p:  347381.56796715443
5d1fffa82eaa18e916849ee2
p:  281061.42764498084
5d1fffc396662a0464849f00
p:  288505.54558223
5d1fffdd96662a0464849f01
p:  283527.2473404154
5d1ffffeca79aefd7b849f03
p:  95786.32956398083
5d1fffff14fbe25e11849f2c
p:  127452.63563562272
5d2000a321f5c5b852849ef5
p:  320397.68696167594
5d2000edb2dcdfd3ca849eea
p:  137940.225775253
5d2001cfa1705e2709849ef4
p:  161224.95571323537
5d2001ed14fbe25e11849f34
p:  161479.43757450866
5d200227a1705e2709849ef5
p:  177468.5220020227
5d20024396662a0464849f09
p:  147577.00761625235
5d200244a1705e2709849ef6
p:  197752.94581871288
5d200248b2dcdfd3ca849efa
p:  146212.3654063027
5d20024863db823918849f04
p:  217702.94220779854
5d20026996662a0464849f0a
p:  88696.37171745757
5d20027fb2dcdfd3ca849efd
p:  134275.19977333586
5d200290b2dcdfd3ca849efe
p:  137940.225775253
5d2002f9ed38553ef6849f20
p:  107133.21720488183
5d2002fbb2dcdfd3ca849f03
p:  174441.0883679051
5d2003655c7a7668d3849f1b
p:  418459.3103058958
5d2003c814fbe25e11849f3a
p:  103488.55576432392
5d20044c2eaa18e916849eed
p:  307160.57537185296
5d20046eb2dcdfd3ca849f10
p:  213673.1684567157
5d2004845c7a7668d3849f1f
p:  200193.57906509435
5d20049963db823918849f0c
p:  210179.43817522138
5d2004ba22a8cac0e5849f0e
p:  97135.22963252169
5d2004bc63db823918849f0d
p:  228418.05839838175
5d2004c0b2dcdfd3ca849f12
p:  198318.80335942874
5d20050bb2dcdfd3ca849f13
p:  189004.06184961397
5d2005112eaa18e916849ef1
p:  187646.8688092112
5d20052eb2dcdfd3ca849f14
p:  251665.1552349721
5d20053463db823918849f11
p:  281904.1010796987
5d20055db2dcdfd3ca849f15
p:  359264.46034731675
5d2005632eaa18e916849ef4
p:  397997.7700166455
5d2005cbb2dcdfd3ca849f16
p:  245829.71569961554
5d20064e2eaa18e916849efa
p:  234603.6563103043
5d20068022a8cac0e5849f13
p:  141347.4346198634
5d20074bb2dcdfd3ca849f1a
p:  165721.3549085827
5d20079314fbe25e11849f4d
p:  93041.97042430151
5d2007fd22a8cac0e5849f17
p:  118424.98785227003
5d20083196662a0464849f4a
p:  303097.86837347155
5d20084eed38553ef6849f46
p:  576634.1809878987
5d20088b22a8cac0e5849f1a
p:  137398.1853338643
5d20089622a8cac0e5849f1b
p:  113410.51704916752
5d20089bed38553ef6849f48
p:  103244.89822604644
5d2008aeed38553ef6849f49
p:  153312.38367729727
5d2008c2ed38553ef6849f4a
p:  236534.19322622297
5d2008d9ed38553ef6849f4b
p:  145238.74889067307
5d200909b2dcdfd3ca849f1d
p:  198318.80335942874
5d200924ed38553ef6849f4e
p:  145238.74889067307
5d20092d96662a0464849f63
p:  505704.2831346125
5d200934ed38553ef6849f4f
p:  151287.6700639598
5d20093a2eaa18e916849f02
p:  985853.5028796631
5d200947b2dcdfd3ca849f1e
p:  183418.2021548351
5d20094b2eaa18e916849f03
p:  274800.75774592836
5d20095322a8cac0e5849f1d
p:  141083.24656922492
5d200995b2dcdfd3ca849f1f
p:  268335.0060785117
5d2009a0ed38553ef6849f53
p:  155602.06095545384
5d2009a92eaa18e916849f05
p:  1729603.4253489908
5d2009b622a8cac0e5849f21
p:  82045.18627266494
5d2009c022a8cac0e5849f22
p:  134448.99838512536
5d2009c0b2dcdfd3ca849f20
p:  194485.12441674614
5d2009c3ed38553ef6849f54
p:  175325.53995185153
5d2009daed38553ef6849f55
p:  164398.84704672807
5d2009fded38553ef6849f56
p:  124751.60924767217
5d200a3822a8cac0e5849f25
p:  111402.86890172475
5d200a9863db823918849f20
p:  228077.81833578984
5d200aa622a8cac0e5849f26
p:  89848.40852109036
5d200aa7ed38553ef6849f5b
p:  143911.74292201386
5d200aa9b2dcdfd3ca849f23
p:  190803.07910134835
5d200afe63db823918849f24
p:  202336.1855444307
5d200b3b63db823918849f25
p:  202373.75409133622
5d200b4e63db823918849f26
p:  205400.66257600038
5d200b5963db823918849f27
p:  214906.0551217696
5d200b68ed38553ef6849f5f
p:  153435.42190874252
5d200ba021f5c5b852849f34
p:  198483.29049436367
5d200c1022a8cac0e5849f2c
p:  111883.5599832066
5d200c1aed38553ef6849f63
p:  155455.2842354547
5d200c28ed38553ef6849f64
p:  153312.38367729727
5d200c3d63db823918849f2a
p:  171317.07823264273
5d200c4088277d19ad849f26
p:  114087.83886752833
5d200c52c74e2c54e2849f46
p:  367075.6884819983
5d200c6822a8cac0e5849f2e
p:  121727.77515172475
5d200c70b2dcdfd3ca849f26
p:  377734.53300611116
5d200c7ea1705e2709849f2c
p:  211748.85015960198
5d200c9b63db823918849f2b
p:  440853.05341803934
5d200caa63db823918849f2c
p:  155247.88145205518
5d200cac22a8cac0e5849f30
p:  107953.26043796181
5d200cd0ed38553ef6849f6a
p:  139978.94650716084
5d200cf122a8cac0e5849f32
p:  117478.07319665833
5d200cf3ca79aefd7b849f34
p:  156133.26680343744
5d200cfdca79aefd7b849f35
p:  160490.74305006216
5d200d1c63db823918849f2e
p:  374210.76698087476
5d200d20ed38553ef6849f6d
p:  119330.64478299447
5d200d2321f5c5b852849f37
p:  131011.59514397026
5d200d2fca79aefd7b849f36
p:  369571.99502327194
5d200d3dca79aefd7b849f37
p:  248024.21740662758
5d200d7363db823918849f2f
p:  189711.6333146437
5d200d9321f5c5b852849f39
p:  199321.01841656468
5d200d95ed38553ef6849f70
p:  178489.71689127776
5d200db963db823918849f30
p:  286878.0750579572
5d200dc9ed38553ef6849f72
p:  152251.01929034514
5d200dcb63db823918849f31
p:  163920.75980576838
5d200df363db823918849f32
p:  224039.6689510264
5d200dfaed38553ef6849f74
p:  186301.80518818385
5d200dfe63db823918849f33
p:  158661.1743324598
5d200e45ed38553ef6849f76
p:  151270.38642164363
5d200e49b2dcdfd3ca849f29
p:  357584.0808705004
5d200e6021f5c5b852849f3d
p:  180408.9140525594
5d200e61a1705e2709849f36
p:  281249.5667648527
5d200e77ed38553ef6849f77
p:  155455.2842354547
5d200ea1ed38553ef6849f78
p:  155485.0852300626
5d200ea288277d19ad849f2e
p:  105337.6673333438
5d200ea422a8cac0e5849f39
p:  292844.9654846586
5d200ec3ed38553ef6849f79
p:  148007.60014478417
5d200ec7ca79aefd7b849f3c
p:  209883.98746651883
5d200eea88277d19ad849f31
p:  173633.44174456113
5d200efd63db823918849f3b
p:  180747.88804429473
5d200f2eca79aefd7b849f3f
p:  172674.91121839994
5d200f4622a8cac0e5849f3e
p:  121727.77515172475
5d200f47ed38553ef6849f7d
p:  151270.38642164363
5d200f59ed38553ef6849f7e
p:  153439.9454105789
5d200f9163db823918849f47
p:  209361.49457973157
5d200fb3b2dcdfd3ca849f2b
p:  251568.71639891987
5d200fb3ed38553ef6849f81
p:  178489.71689127776
5d200fc721f5c5b852849f41
p:  170074.599273858
5d20101bb2dcdfd3ca849f2e
p:  229083.94023754876
5d2010502eaa18e916849f0d
p:  535544.7617965969
5d20107c21f5c5b852849f4c
p:  160076.25962150932
5d20108022a8cac0e5849f3f
p:  111006.9991193687
5d2010a4b2dcdfd3ca849f31
p:  347474.60819309275
5d2010bced38553ef6849f87
p:  133889.9486872642
5d2010c488277d19ad849f39
p:  129432.9120674168
5d2010ee21f5c5b852849f55
p:  117204.60922306753
5d2010fa22a8cac0e5849f43
p:  137242.60494423992
5d201113b2dcdfd3ca849f33
p:  138738.57355170348
5d201178b2dcdfd3ca849f35
p:  183418.2021548351
5d201193ca79aefd7b849f46
p:  134865.65986476414
5d2011b6b2dcdfd3ca849f36
p:  266807.79876447853
5d20120296662a0464849f7c
p:  177003.12789545703
5d201266b2dcdfd3ca849f38
p:  198318.80335942874
5d2012a1ca79aefd7b849f4c
p:  226074.05918925078
5d2012a72eaa18e916849f0e
p:  495166.1565113792
5d2012b9c9bbfd537f849f3c
p:  148643.425060298
5d2012bf88277d19ad849f40
p:  128912.33757743116
5d2012cdc9bbfd537f849f3d
p:  99831.34221805946
5d2012d263db823918849f4e
p:  113442.65551261432
5d2012ddb2dcdfd3ca849f3b
p:  194485.12441674614
5d201303b2dcdfd3ca849f3c
p:  141492.79102043377
5d20134eb2dcdfd3ca849f3e
p:  214384.45336002944
5d20134ec74e2c54e2849f58
p:  225423.53559430467
5d2013522eaa18e916849f19
p:  264333.3491852897
5d2013622eaa18e916849f1a
p:  387159.6232755664
5d20139688277d19ad849f42
p:  252119.6062032101
5d20139fb2dcdfd3ca849f40
p:  240174.60694197795
5d2013d422a8cac0e5849f4f
p:  111402.86890172475
5d2013f163db823918849f54
p:  139335.43613955518
5d20145763db823918849f55
p:  259291.52181234246
5d201475c9bbfd537f849f45
p:  122254.50648638557
5d20148fc74e2c54e2849f5f
p:  134848.39759635663
5d2014bbc9bbfd537f849f48
p:  92249.11815849249
5d2014de88277d19ad849f45
p:  230809.86532532435
5d201513ca79aefd7b849f5e
p:  261440.9251015688
5d201521ca79aefd7b849f5f
p:  260464.00171611522
5d20156e63db823918849f57
p:  180747.88804429473
5d201574c9bbfd537f849f4d
p:  142953.37680591052
5d2015b55c7a7668d3849f63
p:  134662.1831178487
5d2015bbb2dcdfd3ca849f4a
p:  201333.85494886144
5d2015d1b2dcdfd3ca849f4b
p:  260183.37976211554
5d2015e2c74e2c54e2849f62
p:  152253.23297184307
5d2016222eaa18e916849f1f
p:  257538.63944813164
5d20162563db823918849f5a
p:  182606.02254762396
5d2016332eaa18e916849f20
p:  275837.5506449725
5d20164522a8cac0e5849f57
p:  111402.86890172475
5d20167314fbe25e11849f92
p:  522027.856045562
5d201675c9bbfd537f849f52
p:  122254.50648638557
5d20167a63db823918849f5c
p:  157165.81740964547
5d20167dca79aefd7b849f62
p:  291971.2800782726
5d20167fc9bbfd537f849f53
p:  90988.53871851382
5d2016a5b2dcdfd3ca849f4f
p:  277410.7150469968
5d2016a9ca79aefd7b849f64
p:  227087.75598304256
5d2016bbca79aefd7b849f65
p:  143495.02929855103
5d2016d1b2dcdfd3ca849f51
p:  191893.1168192844
5d20172eb2dcdfd3ca849f53
p:  233645.80887254345
5d2017a421f5c5b852849f71
p:  204378.6022060719
5d2017adc9bbfd537f849f57
p:  114069.89563816032
5d2017e42eaa18e916849f24
p:  294070.1539476721
5d2017f463db823918849f60
p:  216872.27156029755
5d20180563db823918849f61
p:  113387.65672114144
5d201831c9bbfd537f849f5a
p:  169644.25653299195
5d20184414fbe25e11849f95
p:  380563.69494912185
5d20184d14fbe25e11849f96
p:  105905.89039177528
5d2018505c7a7668d3849f6c
p:  127612.58984643249
5d201855c9bbfd537f849f5b
p:  264817.5094358962
5d20186fb2dcdfd3ca849f56
p:  240174.60694197795
5d201891b2dcdfd3ca849f57
p:  133773.68350758922
5d2018e6b2dcdfd3ca849f59
p:  295320.2978142807
5d201913b2dcdfd3ca849f5b
p:  194541.03213108244
5d20194688277d19ad849f52
p:  216454.70872012968
5d2019512eaa18e916849f2b
p:  289558.93562345614
5d20195f88277d19ad849f54
p:  103802.05659703551
5d2019ae5c7a7668d3849f6e
p:  244675.52605607832
5d2019b796662a0464849f9f
p:  155600.01283329364
5d2019c621f5c5b852849f7e
p:  94002.3070158269
5d2019d221f5c5b852849f7f
p:  71159.7884349672
5d2019e421f5c5b852849f81
p:  71966.55075553103
5d2019ec14fbe25e11849fa3
p:  380563.69494912185
5d2019f821f5c5b852849f83
p:  68909.8204364468
5d2019fbca79aefd7b849f6c
p:  256485.44545720573
5d201a0d5c7a7668d3849f71
p:  176815.51291715074
5d201a2a96662a0464849fa3
p:  349233.0702605871
5d201a4fca79aefd7b849f6e
p:  230023.31874192195
5d201a55ca79aefd7b849f6f
p:  663458.0148774537
5d201a83ca79aefd7b849f70
p:  138716.28229242202
5d201a8fca79aefd7b849f71
p:  196253.63400081228
5d201a9821f5c5b852849f85
p:  95623.79944761902
5d201ab2c74e2c54e2849f78
p:  188782.5978642373
5d201ab463db823918849f6b
p:  119551.33107522191
5d201ac014fbe25e11849fa4
p:  535869.8594774392
5d201ac05c7a7668d3849f75
p:  134260.07712077856
5d201ac788277d19ad849f55
p:  129092.3962946743
5d201afd88277d19ad849f58
p:  131163.02750430495
5d201b08ed38553ef6849fb4
p:  161081.4214164047
5d201b49c9bbfd537f849f6a
p:  182723.23291861016
5d201bbe14fbe25e11849fa8
p:  484867.3329367285
5d201be6ca79aefd7b849f73
p:  230023.31874192195
5d201be914fbe25e11849fa9
p:  324804.7334884972
5d201bec2eaa18e916849f33
p:  220498.40144113358
5d201c20c9bbfd537f849f6f
p:  106463.0101389721
5d201c27ca79aefd7b849f75
p:  271547.1896010586
5d201c3bca79aefd7b849f77
p:  286721.75020641735
5d201c4fca79aefd7b849f78
p:  127381.59951549415
5d201c6c5c7a7668d3849f83
p:  145895.65704683983
5d201c7ab2dcdfd3ca849f61
p:  198318.80335942874
5d201c96b2dcdfd3ca849f62
p:  183418.2021548351
5d201ca721f5c5b852849f86
p:  102342.37916912243
5d201d05b2dcdfd3ca849f64
p:  240174.60694197795
5d201d17b2dcdfd3ca849f65
p:  382753.7089513515
5d201d2f63db823918849f79
p:  164231.88567830168
5d201d44b2dcdfd3ca849f66
p:  191021.0407254212
5d201d585c7a7668d3849f87
p:  115756.13187621595
5d201dcb14fbe25e11849fad
p:  439096.5779608849
5d201de6ca79aefd7b849f7b
p:  366405.72686082893
5d201de9b2dcdfd3ca849f69
p:  299897.1363981288
5d201deb21f5c5b852849f87
p:  84248.60784808689
5d201e03b2dcdfd3ca849f6a
p:  186042.6539750804
5d201e2aca79aefd7b849f7d
p:  364734.7940098379
5d201e3b88277d19ad849f63
p:  135503.03192912738
5d201e7721f5c5b852849f8d
p:  101285.87037726605
5d201e9b14fbe25e11849faf
p:  333867.8503168153
5d201ea55c7a7668d3849f88
p:  136716.29988020845
5d201eb214fbe25e11849fb1
p:  210654.58315045683
5d201eb6b2dcdfd3ca849f71
p:  313338.7503305918
5d201eb796662a0464849fb2
p:  284846.95954025025
5d201ec022a8cac0e5849f7a
p:  106261.60593941888
5d201ec3ca79aefd7b849f7e
p:  110832.02637831272
5d201ed096662a0464849fb3
p:  240180.22615657968
5d201ed45c7a7668d3849f8a
p:  122054.955491522
5d201ef714fbe25e11849fb2
p:  380563.69494912185
5d201f0cca79aefd7b849f81
p:  169601.15087552322
5d201f57b2dcdfd3ca849f77
p:  441876.3202626431
5d201f6814fbe25e11849fb4
p:  366788.2157116002
5d201fbc96662a0464849fb4
p:  262421.1844107305
5d201feb22a8cac0e5849f7f
p:  154162.36541789974
5d201feb2eaa18e916849f49
p:  289024.53591224947
5d201ff5c74e2c54e2849f87
p:  136966.7695466216
5d20200121f5c5b852849f8f
p:  83866.9953695813
5d20202db2dcdfd3ca849f7e
p:  264417.4249773292
5d202035c74e2c54e2849f8a
p:  203555.29341931667
5d2020505c7a7668d3849f8e
p:  112755.89308724251
5d20205421f5c5b852849f92
p:  76733.09568683621
5d20205563db823918849f85
p:  192997.94418010622
5d20205d5c7a7668d3849f8f
p:  105622.475022772
5d20205fb2dcdfd3ca849f80
p:  206009.01854030177
5d20206d21f5c5b852849f93
p:  92311.96951146265
5d20207a5c7a7668d3849f91
p:  71059.91684207263
5d2020d9b2dcdfd3ca849f85
p:  250505.4265917766
5d20211021f5c5b852849f96
p:  110844.25986650858
5d2021495c7a7668d3849f96
p:  71491.70130700438
5d20216322a8cac0e5849f85
p:  324307.0354143958
5d20218521f5c5b852849f98
p:  102342.37916912243
5d2021adb2dcdfd3ca849f8a
p:  269602.32606146496
5d2021d25c7a7668d3849f97
p:  122734.75582303292
5d2021d7ca79aefd7b849f85
p:  236827.6153064162
5d2021ddc74e2c54e2849f8d
p:  133035.6670348566
5d2021e821f5c5b852849f9c
p:  98988.8900533779
5d20221396662a0464849fb9
p:  522448.16459002916
5d2022182eaa18e916849f50
p:  428572.9531921555
5d20223321f5c5b852849f9d
p:  70676.29430413875
5d2022422eaa18e916849f52
p:  274854.7345721894
5d20225d21f5c5b852849f9e
p:  94671.7132658269
5d202261b2dcdfd3ca849f8e
p:  194522.0683231516
5d20229f5c7a7668d3849f9d
p:  110932.7552154852
5d2022a221f5c5b852849fa1
p:  69626.6084117556
5d2022b0ca79aefd7b849f86
p:  167284.19216032088
5d2022d122a8cac0e5849f8e
p:  118945.77065868278
5d20232214fbe25e11849fbd
p:  255310.18326886906
5d2023272eaa18e916849f57
p:  256813.69754076016
5d20234dc74e2c54e2849f94
p:  108580.52018598851
5d20237ec74e2c54e2849f95
p:  161751.1975773205
5d20238322a8cac0e5849f90
p:  152483.02587853547
5d20238b2eaa18e916849f58
p:  298298.21280646475
5d2023ac14fbe25e11849fc1
p:  405718.4889235465
5d2023b421f5c5b852849fa4
p:  74963.98580232161
5d2023be63db823918849f8c
p:  222628.08542894787
5d2023dd21f5c5b852849fa5
p:  70115.90384169684
5d2023e396662a0464849fbd
p:  273341.62572654814
5d2023e514fbe25e11849fc3
p:  650647.2834680972
5d20240ab2dcdfd3ca849f95
p:  255980.51910305078
5d2024555c7a7668d3849fa1
p:  108550.15608607247
5d20246421f5c5b852849fa7
p:  63882.0168489042
5d20247221f5c5b852849fa8
p:  82108.54230130138
5d20247563db823918849f8f
p:  157933.99174246797
5d20248f63db823918849f90
p:  182642.21548940428
5d2024a55c7a7668d3849fa4
p:  87046.81553886332
5d2024c621f5c5b852849fa9
p:  109959.28231844498
5d2024cf63db823918849f93
p:  157165.81740964547
5d20250a21f5c5b852849faa
p:  137365.69183896805
5d20252921f5c5b852849fac
p:  72716.07589945584
5d202554c74e2c54e2849f98
p:  161751.1975773205
5d20257121f5c5b852849fad
p:  102342.37916912243
5d202577b2dcdfd3ca849f99
p:  213673.1684567157
5d202581c74e2c54e2849f9a
p:  155354.2329128036
5d202587b2dcdfd3ca849f9a
p:  236150.0818382686
5d2025ae21f5c5b852849faf
p:  146587.74399333162
5d2025bc63db823918849f96
p:  123082.76328296159
5d2025bf5c7a7668d3849fad
p:  87818.15250612392
5d2025ccb2dcdfd3ca849f9c
p:  322807.21171307075
5d2025d321f5c5b852849fb2
p:  95162.72673123614
5d20261122a8cac0e5849f9a
p:  216231.9542895995
5d20264321f5c5b852849fb4
p:  72981.58109997516
5d20266763db823918849f98
p:  208978.1074108175
5d2026695c7a7668d3849fb0
p:  137858.57784012664
5d2026c7b2dcdfd3ca849fa0
p:  206009.01854030177
5d2026ea96662a0464849fc4
p:  290544.94114303833
5d2026fab2dcdfd3ca849fa4
p:  347474.60819309275
5d202706c74e2c54e2849fa5
p:  77590.77455895602
5d20273096662a0464849fc7
p:  410356.16311552667
5d20273f5c7a7668d3849fb3
p:  256686.77297001728
5d202781b2dcdfd3ca849fa6
p:  275993.23133235716
5d20278422a8cac0e5849fa0
p:  122785.10397650803
5d20279096662a0464849fc8
p:  286613.78712106915
5d2027a096662a0464849fc9
p:  302479.8728755815
5d2027a214fbe25e11849fd5
p:  181274.90852954233
5d2027ba5c7a7668d3849fb6
p:  110661.0378022348
5d2027d15c7a7668d3849fb7
p:  136687.9981166434
5d202805ca79aefd7b849f94
p:  230023.31874192195
5d202807b2dcdfd3ca849fa8
p:  192460.40159751388
5d20281663db823918849f99
p:  442728.7844741616
5d20282463db823918849f9a
p:  287086.3089669392
5d20285a21f5c5b852849fb9
p:  107180.77251957235
5d2028732eaa18e916849f68
p:  766184.6141183996
5d20288196662a0464849fcd
p:  390901.1768911238
5d2028a463db823918849f9b
p:  131418.57434214966
5d20293014fbe25e11849fdd
p:  707046.1117627425
5d20293296662a0464849fce
p:  349758.6303346868
5d20293d5c7a7668d3849fb9
p:  72881.7095070806
5d202949b2dcdfd3ca849faa
p:  369618.8818203282
5d20298f14fbe25e11849fde
p:  386262.9608417475
5d2029b2ed38553ef6849fde
p:  182684.30337956292
5d2029b321f5c5b852849fba
p:  114525.78219645946
5d2029d514fbe25e11849fdf
p:  233611.57848201512
5d2029f721f5c5b852849fbb
p:  72981.58109997516
5d202a4bb2dcdfd3ca849faf
p:  261537.38755946563
5d202a93c74e2c54e2849fb2
p:  133035.6670348566
5d202aacc74e2c54e2849fb3
p:  194197.104180333
5d202aca5c7a7668d3849fbf
p:  110661.0378022348
5d202adc21f5c5b852849fc0
p:  86126.07433929798
5d202b0cc9bbfd537f849fb2
p:  78856.63403256125
5d202b145c7a7668d3849fc1
p:  63782.14525600964
5d202b32c74e2c54e2849fb4
p:  202860.83119750017
5d202b5f96662a0464849fd8
p:  302241.737311639
5d202bbe21f5c5b852849fc3
p:  69589.72633572549
5d202bed96662a0464849fdb
p:  227575.2528109348
5d202c0bca79aefd7b849fa4
p:  326958.4205740434
5d202c6aca79aefd7b849fa8
p:  195878.78630920418
5d202c7614fbe25e11849fe8
p:  366056.6952167475
5d202c8014fbe25e11849fe9
p:  180364.88360241617
5d202c81ca79aefd7b849fa9
p:  479474.0094152924
5d202c8963db823918849fa2
p:  208174.97222591046
5d202c8b21f5c5b852849fc6
p:  82108.54230130138
5d202c9dca79aefd7b849fab
p:  273265.8986245933
5d202caa21f5c5b852849fc7
p:  107195.09528249758
5d202cb7ca79aefd7b849fad
p:  255935.11939470423
5d202cc8c74e2c54e2849fbc
p:  195682.16225548537
5d202cd5ca79aefd7b849faf
p:  274979.65977017884
5d202cd7c9bbfd537f849fb8
p:  105865.77971595126
5d202ce2a1705e2709849fbe
p:  462089.55659378343
5d202ce9ed38553ef6849fef
p:  217392.20715362835
5d202cf9ed38553ef6849ff0
p:  304414.13800892164
5d202d1fed38553ef6849ff1
p:  347790.74549676187
5d202d2963db823918849fa5
p:  152655.93861549668
5d202d31ca79aefd7b849fb1
p:  221715.30801412027
5d202d51ed38553ef6849ff4
p:  612201.7694897894
5d202d5121f5c5b852849fcb
p:  76733.09568683621
5d202d6222a8cac0e5849fae
p:  397821.1676424447
5d202d7863db823918849fa8
p:  322046.6082268534
5d202d79b2dcdfd3ca849fb6
p:  315526.0650329121
5d202d86a1705e2709849fc1
p:  278703.0819494712
5d202d9eb2dcdfd3ca849fb7
p:  213673.1684567157
5d202da6ca79aefd7b849fb5
p:  356453.58454732463
5d202db1ca79aefd7b849fb6
p:  341092.85546193644
5d202db863db823918849fab
p:  131418.57434214966
5d202dc4ca79aefd7b849fb7
p:  655318.2396565821
5d202dd021f5c5b852849fcc
p:  76092.00407498614
5d202dd4c74e2c54e2849fbd
p:  264183.167412576
5d202ddbc74e2c54e2849fbe
p:  420405.54540270206
5d202df3ca79aefd7b849fbb
p:  396620.52387497824
5d202dfe14fbe25e11849fef
p:  180364.88360241617
5d202e0bca79aefd7b849fbd
p:  463678.50824625883
5d202e17ca79aefd7b849fbe
p:  265171.96337381937
5d202e1d2eaa18e916849f73
p:  255576.1186382399
5d202e23ca79aefd7b849fbf
p:  479002.7977848607
5d202e2aa1705e2709849fc4
p:  296315.44791613147
5d202e4f96662a0464849fe1
p:  288242.19283002685
5d202e5f5c7a7668d3849fd1
p:  81175.13522328687
5d202e7e22a8cac0e5849fb3
p:  316653.09317397943
5d202eb722a8cac0e5849fb6
p:  295874.3716235076
5d202eccc74e2c54e2849fc1
p:  175800.6360476119
5d202ef0ca79aefd7b849fc2
p:  531834.4896333655
5d202f2f22a8cac0e5849fbb
p:  311929.4288242179
5d202f3ca1705e2709849fc9
p:  337811.6646686735
5d202f8d21f5c5b852849fd3
p:  103668.28816882269
5d202fe1a1705e2709849fcc
p:  187735.23604499767
5d202fe421f5c5b852849fd5
p:  76551.88104211295
5d202fe822a8cac0e5849fc5
p:  416375.2158664147
5d203017a1705e2709849fcd
p:  339372.51557118166
5d20301f14fbe25e11849ffb
p:  165604.9697981642
5d20303022a8cac0e5849fc7
p:  214742.70110256865
5d20305322a8cac0e5849fc9
p:  218844.63342103723
5d203057ed38553ef684a000
p:  188363.4142904352
5d20307922a8cac0e5849fca
p:  303377.51970727753
5d20308e22a8cac0e5849fcb
p:  269605.932638305
5d20309f14fbe25e11849ffd
p:  269254.87508932187
5d2030ae22a8cac0e5849fcc
p:  223594.3819522104
5d2030bba1705e2709849fd0
p:  229012.64173341598
5d2030bf22a8cac0e5849fcd
p:  261396.008691651
5d2030c563db823918849fb4
p:  246101.49817857
5d2030cf22a8cac0e5849fce
p:  162627.1234616912
5d2030e022a8cac0e5849fcf
p:  254731.13871906622
5d20311322a8cac0e5849fd1
p:  219531.90080109995
5d20312f5c7a7668d3849fde
p:  89214.13276353285
5d20315dca79aefd7b849fca
p:  386443.7400385685
5d20317214fbe25e1184a003
p:  424798.7356282921
5d203186ca79aefd7b849fcc
p:  354191.2295650113
5d203198a1705e2709849fd4
p:  302616.7842346999
5d20319dca79aefd7b849fcd
p:  453468.05990582914
5d2031a163db823918849fbb
p:  113387.65672114144
5d2031ae14fbe25e1184a007
p:  165604.9697981642
5d2031ba22a8cac0e5849fd4
p:  265260.4589010913
5d203207c9bbfd537f849fcb
p:  221351.4472185666
5d20323ced38553ef684a005
p:  379289.8650010383
5d20323da1705e2709849fd7
p:  231727.63384315243
5d20325214fbe25e1184a013
p:  271838.6673490392
5d20325c22a8cac0e5849fd6
p:  358921.1838169445
5d20326488277d19ad849faa
p:  183241.2519460914
5d203274a1705e2709849fd8
p:  226447.14224131778
5d2032a214fbe25e1184a01c
p:  483990.4186537393
5d2032a363db823918849fbf
p:  278292.96949168737
5d2032b322a8cac0e5849fd8
p:  207227.80185637652
5d203318a1705e2709849fdb
p:  295784.1700482548
5d20331822a8cac0e5849fda
p:  323745.0989357511
5d2033225c7a7668d3849fe5
p:  74864.11420942705
5d2033705c7a7668d3849fe6
p:  87683.33704026279
5d2033775c7a7668d3849fe7
p:  71465.71491627778
5d20338ac9bbfd537f849fdb
p:  193477.05933719757
5d20341bed38553ef684a00c
p:  387576.70736987144
5d20342d2eaa18e916849f92
p:  465556.10133416165
5d2034452eaa18e916849f94
p:  148888.3002758035
5d203460a1705e2709849fe1
p:  218488.76729499767
5d203470c74e2c54e2849fda
p:  276042.55720402824
5d203478b2dcdfd3ca849fc8
p:  183385.67256162272
5d2034cbb2dcdfd3ca849fca
p:  213673.1684567157
5d203504a1705e2709849fe4
p:  459924.76566129766
5d20358463db823918849fc8
p:  113387.65672114144
5d2035a222a8cac0e5849fe5
p:  264798.510474751
5d2035a9a1705e2709849fe7
p:  354551.352927868
5d203679c74e2c54e2849fe5
p:  360513.16130642855
5d2036c963db823918849fcc
p:  135041.89218071772
5d203701a1705e2709849fea
p:  454156.6024969857
5d20370763db823918849fce
p:  137706.11317753867
5d203736b2dcdfd3ca849fce
p:  211386.42054692874
5d20376da1705e2709849fec
p:  501384.496104556
5d203786ed38553ef684a016
p:  596162.2903506194
5d2037c4ca79aefd7b849fe1
p:  315707.7986822538
5d2037f022a8cac0e5849fea
p:  221553.68177805736
5d2037faed38553ef684a01a
p:  372635.22175869194
5d2037fcca79aefd7b849fe3
p:  193514.54914370042
5d203825ed38553ef684a01c
p:  240249.20787739876
5d2038a1c74e2c54e2849fe9
p:  136809.51962932662
5d2038d3ed38553ef684a01f
p:  387175.8937563454
5d203991a1705e2709849ff6
p:  186870.49580144318
5d20399822a8cac0e5849fef
p:  279123.43488577433
5d2039bbed38553ef684a021
p:  322896.0913651164
5d2039c622a8cac0e5849ff0
p:  497077.35593587585
5d2039c8a1705e2709849ff7
p:  479441.29233689135
5d2039fea1705e2709849ff8
p:  673926.7311476734
5d203a1d22a8cac0e5849ff1
p:  328220.6110411257
5d203a88ed38553ef684a026
p:  393232.0215941342
5d203ab7ed38553ef684a028
p:  304427.0074201481
5d203ade21f5c5b852849ff9
p:  71966.55075553103
5d203b1db2dcdfd3ca849fdc
p:  176687.7443155905
5d203b33ed38553ef684a02c
p:  516780.1433318053
5d203b47a1705e2709849ffe
p:  239350.74326455034
5d203b7da1705e2709849fff
p:  382486.7877578862
5d203bd614fbe25e1184a044
p:  177534.59391541782
5d203be0ed38553ef684a02d
p:  346969.4921504501
5d203c32ed38553ef684a031
p:  181528.47606077045
5d203c5c21f5c5b852849ffa
p:  72981.58109997516
5d203c6721f5c5b852849ffb
p:  72981.58109997516
5d203c7121f5c5b852849ffc
p:  72981.58109997516
5d203c8322a8cac0e5849ff9
p:  268841.282973558
5d203c86ca79aefd7b849ff8
p:  280899.885432324
5d203c94a1705e270984a004
p:  374842.46826411376
5d203ca463db823918849fe4
p:  150253.96748704422
5d203ccaa1705e270984a005
p:  623840.7441571947
5d203cd114fbe25e1184a048
p:  100761.66771142771
5d203ce663db823918849fe7
p:  201662.0609497876
5d203cfc22a8cac0e5849ffc
p:  257331.4442571255
5d203cfe63db823918849fe8
p:  158661.1743324598
5d203d01a1705e270984a006
p:  463442.6382163208
5d203d0721f5c5b852849ffd
p:  108250.0239903804
5d203d0c22a8cac0e5849ffd
p:  329453.07960825216
5d203d26ed38553ef684a035
p:  523537.1441327898
5d203d28ca79aefd7b849ffb
p:  345061.5192172499
5d203d2b88277d19ad849ff1
p:  99664.8316336748
5d203d38a1705e270984a007
p:  358907.08174002706
5d203d5a88277d19ad849ff3
p:  91083.26960809057
5d203d5c63db823918849fee
p:  117049.06953549568
5d203d6f63db823918849fef
p:  113387.65672114144
5d203d8588277d19ad849ff4
p:  141812.7845141043
5d203d9763db823918849ff1
p:  113387.65672114144
5d203d9788277d19ad849ff5
p:  250166.63900872023
5d203da963db823918849ff2
p:  113387.65672114144
5d203dae88277d19ad849ff6
p:  87107.00065097614
5d203db5ca79aefd7b849ffc
p:  693401.3142947262
5d203dbf63db823918849ff3
p:  113387.65672114144
5d203dd021f5c5b852849ffe
p:  72981.58109997516
5d203dd463db823918849ff4
p:  150253.96748704422
5d203ddc21f5c5b852849fff
p:  72981.58109997516
5d203ded63db823918849ff5
p:  107076.23537075872
5d203dfc63db823918849ff6
p:  115852.18466984789
5d203e3263db823918849ff8
p:  115852.18466984789
5d203e3488277d19ad849ffc
p:  173950.93001299986
5d203e4b63db823918849ff9
p:  113387.65672114144
5d203e6e22a8cac0e584a000
p:  192692.26808594153
5d203e74ca79aefd7b849ffe
p:  799658.0726807199
5d203ec522a8cac0e584a002
p:  495387.12100966857
5d203ec5ca79aefd7b84a000
p:  331637.59638245695
5d203ece21f5c5b85284a000
p:  74963.98580232161
5d203eeced38553ef684a03c
p:  322605.1185686928
5d203f2c63db82391884a002
p:  292186.7189822629
5d203f7214fbe25e1184a04e
p:  105352.04055131742
5d203f9014fbe25e1184a04f
p:  145028.5635852557
5d203f93a1705e270984a012
p:  393986.6771463967
5d203fac14fbe25e1184a050
p:  153494.4352446189
5d203fc122a8cac0e584a008
p:  218836.11691739142
5d203fe621f5c5b85284a001
p:  72981.58109997516
5d203ffe21f5c5b85284a002
p:  98093.30172770946
5d204016ca79aefd7b84a002
p:  265171.96337381937
5d20402814fbe25e1184a053
p:  99155.62461797247
5d204037a1705e270984a015
p:  579101.3109540887
5d2040375c7a7668d384a016
p:  130863.57477088275
5d20404421f5c5b85284a003
p:  102103.38397729158
5d20405121f5c5b85284a004
p:  72981.58109997516
5d204055ed38553ef684a03f
p:  181490.7747158882
5d20409a5c7a7668d384a019
p:  133672.00819431536
5d2040abca79aefd7b84a006
p:  221715.30801412027
5d2040ad5c7a7668d384a01a
p:  148949.8973332835
5d2040e463db82391884a016
p:  94447.86941580978
5d2040f063db82391884a017
p:  136255.94666534895
5d20410a14fbe25e1184a055
p:  103600.37900026256
5d204118a1705e270984a019
p:  381703.2659217724
5d20416563db82391884a01d
p:  360182.77125827695
5d20417721f5c5b85284a005
p:  82306.49747351604
5d20417ced38553ef684a043
p:  603562.1971259053
5d20418014fbe25e1184a057
p:  132709.08971255363
5d20418621f5c5b85284a006
p:  102342.37916912243
5d20419321f5c5b85284a007
p:  96284.17524607733
5d2041a62eaa18e916849fc2
p:  108683.24582612171
5d2041b8ed38553ef684a044
p:  370291.00898036524
5d2041c821f5c5b85284a008
p:  102718.976206823
5d2041d921f5c5b85284a009
p:  98093.30172770946
5d2041f021f5c5b85284a00a
p:  71565.58650917234
5d2041ff22a8cac0e584a011
p:  263501.3587144079
5d20422021f5c5b85284a00b
p:  72981.58109997516
5d20423963db82391884a029
p:  166040.13715091153
5d20425063db82391884a02a
p:  200810.12908602768
5d20426d2eaa18e916849fcb
p:  171830.55301686638
5d2042d722a8cac0e584a013
p:  218836.11691739142
5d20432114fbe25e1184a059
p:  123757.9365232185
5d20435f63db82391884a036
p:  163797.18552267604
5d20436514fbe25e1184a05a
p:  96708.04132869423
5d2043cd21f5c5b85284a00e
p:  143232.69820592372
5d20441cb2dcdfd3ca84a001
p:  115064.47519869884
5d20444da1705e270984a028
p:  460465.0133349722
5d20445814fbe25e1184a05d
p:  105352.04055131742
5d2044dcb2dcdfd3ca84a007
p:  119181.52938521227
5d20451a22a8cac0e584a018
p:  510697.05719468475
5d20452bca79aefd7b84a014
p:  488171.9233459374
5d2046b8ca79aefd7b84a017
p:  209111.55430059272
5d2046cc2eaa18e916849fe9
p:  108729.51440919375
5d2046d6ca79aefd7b84a018
p:  209111.55430059272
5d2046d85c7a7668d384a025
p:  123818.26043745627
5d20470c5c7a7668d384a028
p:  122857.89048949523
5d20470eed38553ef684a052
p:  372635.22175869194
5d204799ca79aefd7b84a01d
p:  327344.1823061404
5d2047a5ca79aefd7b84a01e
p:  377212.36793372734
5d2047b563db82391884a055
p:  238981.29040527006
5d2047f4a1705e270984a039
p:  185453.21476587385
5d2048012eaa18e916849fef
p:  127869.47083526338
5d204840ca79aefd7b84a023
p:  296458.3733120562
5d20486eca79aefd7b84a024
p:  206492.2159778793
5d204898a1705e270984a03c
p:  394598.0311699837
5d20489d21f5c5b85284a01b
p:  180491.11599182346
5d2048a85c7a7668d384a02c
p:  179934.43332020644
5d2048bb22a8cac0e584a02b
p:  150630.91098599942
5d2048cfa1705e270984a03d
p:  231727.63384315243
5d2048cf5c7a7668d384a02e
p:  93984.91939089022
5d2048fb88277d19ad84a01c
p:  174954.12149586875
5d204922b2dcdfd3ca84a021
p:  145143.40134862874
5d204950c74e2c54e284a048
p:  75943.5170346535
5d20495aed38553ef684a056
p:  267691.2387940645
5d204973a1705e270984a040
p:  433688.28874200047
5d20499888277d19ad84a01e
p:  179763.61660314977
5d2049a9a1705e270984a041
p:  946449.7352496656
5d2049dfa1705e270984a042
p:  640924.2640566009
5d204a0eb2dcdfd3ca84a025
p:  84971.96267066635
5d204a22ed38553ef684a058
p:  609866.4818534737
5d204a40b2dcdfd3ca84a027
p:  108713.1687412438
5d204a4da1705e270984a044
p:  361407.014324161
5d204a54ca79aefd7b84a02b
p:  591661.7261376826
5d204ac02eaa18e916849ff8
p:  97472.2303890749
5d204ad4b2dcdfd3ca84a02a
p:  126303.9068526111
5d204af1a1705e270984a047
p:  314858.6533187813
5d204b28a1705e270984a048
p:  399398.309787664
5d204b5eca79aefd7b84a02e
p:  338035.6849455526
5d204c06c74e2c54e284a06f
p:  315387.48969059525
5d204c0bb2dcdfd3ca84a02c
p:  118014.68721411453
5d204c3f2eaa18e916849ffc
p:  241972.0291463629
5d204c57a1705e270984a04c
p:  397015.7381474138
5d204c91b2dcdfd3ca84a02d
p:  118575.91517517868
5d204c9fca79aefd7b84a033
p:  265171.96337381937
5d204d32ca79aefd7b84a034
p:  375519.14718235465
5d204d3fb2dcdfd3ca84a032
p:  113929.19534107772
5d204d5b2eaa18e91684a002
p:  99690.51206612216
5d204d6122a8cac0e584a044
p:  198873.7067802619
5d204d8021f5c5b85284a02c
p:  382796.1626738672
5d204d8f2eaa18e91684a007
p:  208906.74096886994
5d204d9e14fbe25e1184a076
p:  125501.23319916235
5d204dcaca79aefd7b84a03b
p:  440639.9639387176
5d204dd9c74e2c54e284a08a
p:  176147.56930726484
5d204ddaed38553ef684a064
p:  279931.8345092639
5d204e0463db82391884a06d
p:  88784.10457085754
5d204e0f14fbe25e1184a07a
p:  117957.52939651243
5d204e3f63db82391884a06e
p:  66423.459562858
5d204e5214fbe25e1184a07c
p:  191683.73003585922
5d204e8e63db82391884a06f
p:  65421.569303177675
5d204ea563db82391884a070
p:  92979.63779974643
5d204edf2eaa18e91684a018
p:  152886.12426830584
5d204f1214fbe25e1184a082
p:  117957.52939651243
5d204f3363db82391884a076
p:  69552.61182602996
5d204f4063db82391884a077
p:  80623.8525618876
5d204f4f63db82391884a078
p:  81716.7290456204
5d204f5ab2dcdfd3ca84a03d
p:  130346.34198280616
5d204f7aed38553ef684a06c
p:  357877.67752475507
5d204f8cb2dcdfd3ca84a03f
p:  118290.44532182223
5d204fa9b2dcdfd3ca84a040
p:  130382.39353612874
5d204fc714fbe25e1184a087
p:  92190.95510739478
5d204fedb2dcdfd3ca84a046
p:  130023.33967470018
5d2050212eaa18e91684a01d
p:  205313.5038344575
5d20503dca79aefd7b84a047
p:  296777.71944500576
5d205059b2dcdfd3ca84a048
p:  111643.8476877012
5d20506e14fbe25e1184a08c
p:  144186.30448131193
5d2050762eaa18e91684a01f
p:  205313.5038344575
5d20508814fbe25e1184a08d
p:  106321.84600862845
5d2050c2ca79aefd7b84a048
p:  435245.9508206082
5d20511314fbe25e1184a091
p:  93697.36628013637
5d2051555c7a7668d384a04e
p:  106872.3792932572
5d20516c63db82391884a079
p:  88784.10457085754
5d2051a163db82391884a07a
p:  81716.7290456204
5d2051c296662a046484a082
p:  97109.75690994589
5d205228b2dcdfd3ca84a04f
p:  140999.57586396715
5d205244b2dcdfd3ca84a053
p:  95182.74810960602
5d20528bca79aefd7b84a04b
p:  274444.0595341048
5d2052a4ca79aefd7b84a04c
p:  221715.30801412027
5d2052a75c7a7668d384a051
p:  151371.5698773511
5d2052b4ed38553ef684a070
p:  190038.16037229967
5d2052c6ed38553ef684a071
p:  189595.94404630532
5d2052d796662a046484a087
p:  81092.89233173152
5d2052fe96662a046484a088
p:  96974.42870143856
5d20533e14fbe25e1184a0a3
p:  212070.04656845573
5d20538514fbe25e1184a0a7
p:  119693.32150035861
5d20538688277d19ad84a041
p:  94646.15219924235
5d20539963db82391884a081
p:  99639.04614616535
5d20545c88277d19ad84a043
p:  124407.67034110118
5d2054a42eaa18e91684a02d
p:  231955.43217355353
5d2054b696662a046484a090
p:  80344.45605344743
5d2054e8ed38553ef684a075
p:  182991.3505440724
5d20550c2eaa18e91684a02e
p:  86806.56777178837
5d20551c63db82391884a084
p:  90314.85301631903
5d205551ca79aefd7b84a056
p:  472134.6266203086
5d20555e22a8cac0e584a087
p:  168095.38459024832
5d20556bca79aefd7b84a057
p:  470310.78111029137
5d205578c9bbfd537f84a069
p:  78893.37254388092
5d205585ed38553ef684a079
p:  279931.8345092639
5d20558863db82391884a086
p:  143869.93049571657
5d20559163db82391884a087
p:  69228.1333548112
5d205676ca79aefd7b84a059
p:  295513.25386334874
5d20569588277d19ad84a04d
p:  203345.41867606045
5d2056e8c9bbfd537f84a06b
p:  288773.91141334735
5d205762ed38553ef684a080
p:  135918.55125127587
5d20576a96662a046484a099
p:  104796.05424304408
5d20576ded38553ef684a081
p:  179889.2948595889
5d20578b2eaa18e91684a032
p:  134098.7882354033
5d2057b114fbe25e1184a0c7
p:  74200.48103163409
5d2057b996662a046484a09a
p:  118875.97655261875
5d2057e114fbe25e1184a0cc
p:  106831.04110590016
5d2057f5ca79aefd7b84a05c
p:  265171.96337381937
5d20580014fbe25e1184a0cd
p:  197462.26263073855
5d20588d5c7a7668d384a05f
p:  165757.53525505334
5d2058ba63db82391884a08f
p:  67003.83273047762
5d2058d096662a046484a0a2
p:  94965.08290934062
5d2058e596662a046484a0a4
p:  80310.59837911744
5d2058fc96662a046484a0a6
p:  73155.16272142045
5d20591796662a046484a0a8
p:  78722.6691769287
5d20593e2eaa18e91684a041
p:  57293.92072610432
5d205962ca79aefd7b84a064
p:  431185.945518844
5d20598f96662a046484a0aa
p:  123795.37982759756
5d2059b2b2dcdfd3ca84a060
p:  182402.45108237676
5d2059c9b2dcdfd3ca84a061
p:  154694.35796014412
5d2059d614fbe25e1184a0da
p:  212120.9829077797
5d2059f8b2dcdfd3ca84a062
p:  182402.45108237676
5d205a0414fbe25e1184a0dc
p:  208868.09233621697
5d205a1714fbe25e1184a0dd
p:  282029.4913292157
5d205a6014fbe25e1184a0df
p:  201095.93398687872
5d205a7a14fbe25e1184a0e0
p:  241149.26803646283
5d205a8963db82391884a094
p:  98527.13884595246
5d205aa7b2dcdfd3ca84a063
p:  128356.46684599368
5d205b2096662a046484a0af
p:  127093.55177873006
5d205b3d14fbe25e1184a0e4
p:  246291.26471630723
5d205b7763db82391884a095
p:  80986.07566632108
5d205bbe88277d19ad84a05e
p:  196082.78670282854
5d205bdbca79aefd7b84a06e
p:  364891.99194422807
5d205bf521f5c5b85284a072
p:  328569.6057603732
5d205c0ced38553ef684a098
p:  192764.45880789182
5d205ca95c7a7668d384a06f
p:  156411.60391491547
5d205ca914fbe25e1184a0e8
p:  201095.93398687872
5d205cb614fbe25e1184a0e9
p:  321305.8657656958
5d205d0996662a046484a0b8
p:  67393.60350733237
5d205d2c14fbe25e1184a0eb
p:  211515.86370227503
5d205d5cca79aefd7b84a076
p:  782232.6980954842
5d205db8ca79aefd7b84a077
p:  433064.01857917337
5d205e65c74e2c54e284a0d1
p:  82296.58980724498
5d205e6bc9bbfd537f84a07f
p:  300179.1997774051
5d205e7063db82391884a09c
p:  94531.10748982587
5d205e7bed38553ef684a09f
p:  149987.50074216208
5d205e7dca79aefd7b84a07a
p:  528380.5101050411
5d205f5396662a046484a0bc
p:  90009.49742446268
5d205fce22a8cac0e584a0a8
p:  299081.65447023895
5d205fceb2dcdfd3ca84a08c
p:  302451.47817554843
5d205fee63db82391884a0a2
p:  93567.67878268994
5d206097b2dcdfd3ca84a092
p:  238337.40908639084
5d20609eb2dcdfd3ca84a093
p:  163779.93779859284
5d2060a714fbe25e1184a0f6
p:  183991.38495705198
5d20611596662a046484a0c1
p:  82497.02633364098
5d2061202eaa18e91684a06c
p:  134263.84312424297
5d20614114fbe25e1184a0f8
p:  401541.2893359649
5d20617863db82391884a0a7
p:  82292.90506698865
5d20617ab2dcdfd3ca84a099
p:  128759.82234804539
5d20618f88277d19ad84a073
p:  134016.1712476653
5d2061f22eaa18e91684a07c
p:  184496.5519676195
5d20620614fbe25e1184a0fb
p:  131337.28738705293
5d206235ca79aefd7b84a091
p:  347647.2998170088
5d20626196662a046484a0c8
p:  149167.39855159007
5d20628988277d19ad84a080
p:  403178.32122079097
5d2062955c7a7668d384a090
p:  469278.8576212405
5d2062ae22a8cac0e584a0b5
p:  181708.13817971424
5d2062b8b2dcdfd3ca84a09d
p:  95465.92651052352
5d2062c088277d19ad84a085
p:  250943.75699556048
5d2062d3b2dcdfd3ca84a09e
p:  580736.6049858582
5d20630588277d19ad84a08c
p:  209089.29014979507
5d20630863db82391884a0ab
p:  69170.99934752437
5d20634aed38553ef684a0ae
p:  95423.84164725768
5d2063c188277d19ad84a097
p:  170006.9973475582
5d20641d14fbe25e1184a102
p:  199720.48666135565
5d20646c22a8cac0e584a0be
p:  203528.9185400861
5d20649196662a046484a0d3
p:  71122.16287201551
5d2064f088277d19ad84a09a
p:  109341.26693631803
5d2065a188277d19ad84a09c
p:  158917.1573196183
5d20661388277d19ad84a0a0
p:  85306.42192108363
5d206668b2dcdfd3ca84a0af
p:  268558.25132703007
5d206673b2dcdfd3ca84a0b0
p:  780545.8100883903
5d2066e85c7a7668d384a097
p:  998358.7198398204
5d20670e14fbe25e1184a110
p:  400041.32198371144
5d2067bbb2dcdfd3ca84a0b7
p:  257991.02361855854
5d20688563db82391884a0c1
p:  107308.91333363173
5d206887b2dcdfd3ca84a0ba
p:  188201.5687959635
5d2068e45c7a7668d384a09b
p:  403461.26488173846
5d2068f9b2dcdfd3ca84a0bd
p:  141171.39324256376
5d2069065c7a7668d384a09c
p:  527796.036292035
5d20694022a8cac0e584a0e0
p:  132510.4615460116
5d20694ac9bbfd537f84a0a4
p:  110236.1380636738
5d20697cb2dcdfd3ca84a0c8
p:  307037.49786116404
5d20698822a8cac0e584a0e1
p:  195293.87603600742
5d2069b363db82391884a0c6
p:  107308.91333363173
5d2069fa96662a046484a0f0
p:  70049.09114499451
5d206a8b22a8cac0e584a0e3
p:  455375.7432367994
5d206a9063db82391884a0cc
p:  91203.39577331266
5d206aad96662a046484a0f4
p:  141754.45776626375
5d206adbca79aefd7b84a0bb
p:  466329.29065257445
5d206b05b2dcdfd3ca84a0ce
p:  220019.35446359278
5d206b18b2dcdfd3ca84a0cf
p:  225677.40079048224
5d206b5396662a046484a0f7
p:  492764.66035522666
5d206b7ec9bbfd537f84a0ac
p:  89899.54382319917
5d206b9db2dcdfd3ca84a0d3
p:  152707.91735595668
5d206bb496662a046484a0fa
p:  72760.01772071444
5d206bbeca79aefd7b84a0be
p:  362776.29989734857
5d206bd696662a046484a0fb
p:  127817.0328464623
5d206bf214fbe25e1184a122
p:  135557.79317461047
5d206c1d96662a046484a0fe
p:  212149.69726158504
5d206c5696662a046484a100
p:  128760.61542949843
5d206c9d88277d19ad84a0b8
p:  132445.26540382818
5d206cdc21f5c5b85284a096
p:  166686.94744548207
5d206d0c22a8cac0e584a0ef
p:  425580.56612708804
5d206dd896662a046484a10d
p:  90800.56338021977
5d206eb3c74e2c54e284a10d
p:  138168.98981189658
5d206fa888277d19ad84a0bd
p:  130052.1532370917
5d206fba2eaa18e91684a0c8
p:  126628.92968320083
5d206fd022a8cac0e584a100
p:  307863.18544525706
5d20702996662a046484a114
p:  133804.24846171308
5d2070882eaa18e91684a0ca
p:  230683.2547613511
5d20709796662a046484a117
p:  125265.71251516149
5d20712a96662a046484a11b
p:  88046.25104882925
5d20715a63db82391884a0ea
p:  95686.85053368093
5d2071bc96662a046484a11f
p:  156650.62907512326
5d2071e096662a046484a120
p:  136603.11724354047
5d20720496662a046484a121
p:  112466.71343664777
5d20723bc74e2c54e284a117
p:  260683.39664533
5d20724f96662a046484a123
p:  121584.06544751933
5d207294ca79aefd7b84a0dd
p:  431267.2263580213
5d2072beca79aefd7b84a0de
p:  340128.70436342235
5d2072d322a8cac0e584a113
p:  570591.9480615458
5d20730063db82391884a0ef
p:  133992.4463563691
5d20731263db82391884a0f0
p:  106459.79198589924
5d20731c63db82391884a0f1
p:  121697.83728288885
5d2073332eaa18e91684a0de
p:  57878.784964628874
5d20737596662a046484a12b
p:  90934.12854194059
5d207389c9bbfd537f84a0d0
p:  189761.50256365835
5d2073eb63db82391884a0f3
p:  81167.23635202547
5d20740fc74e2c54e284a124
p:  94321.01911950996
5d20742b96662a046484a130
p:  163728.42930014658
5d207441c9bbfd537f84a0d8
p:  196255.6611957596
5d207461c9bbfd537f84a0db
p:  372244.9193879899
5d207478c74e2c54e284a12a
p:  120811.23964735819
5d2074bd96662a046484a134
p:  120673.93618939855
5d2074f9ed38553ef684a0ef
p:  229532.72114004596
5d207572c74e2c54e284a12f
p:  163052.3805776045
5d20759921f5c5b85284a0ba
p:  118425.57347387055
5d20759b96662a046484a13a
p:  102524.74516389937
5d2075c0ed38553ef684a0f3
p:  414952.11804966955
5d20768f96662a046484a13f
p:  130908.8666820956
5d2076b396662a046484a140
p:  152389.74660434466
5d2076d1ca79aefd7b84a0f8
p:  111133.25513435583
5d2076fcca79aefd7b84a0f9
p:  89420.06498022724
5d2076fc14fbe25e1184a151
p:  339635.63955260476
5d20772bca79aefd7b84a0fa
p:  81714.84456667592
5d20776996662a046484a145
p:  84157.01523765476
5d207799c74e2c54e284a13a
p:  88327.68468377816
5d20779cca79aefd7b84a0fd
p:  332217.17487872683
5d207847ca79aefd7b84a101
p:  138143.06338708813
5d2078e3ca79aefd7b84a104
p:  111133.25513435583
5d2078e7c74e2c54e284a13e
p:  99702.073853354
5d20796da1705e270984a0f7
p:  107322.38398459711
5d20796f96662a046484a153
p:  141521.21856452554
5d207988ed38553ef684a0fc
p:  97460.94229615937
5d207991ca79aefd7b84a109
p:  119248.88727070394
5d207992ed38553ef684a0fd
p:  181198.82864819904
5d20799596662a046484a154
p:  197884.36659417697
5d2079a8ca79aefd7b84a10a
p:  110434.55640291204
5d2079caa1705e270984a0f8
p:  107530.13550022802
5d2079d9ca79aefd7b84a10b
p:  120629.62574867939
5d2079e7ed38553ef684a0fe
p:  288974.0859888573
5d207a6f96662a046484a15a
p:  289231.75929795695
5d207a7214fbe25e1184a15f
p:  194638.09041777754
5d207a762eaa18e91684a107
p:  201589.51472557796
5d207af5ca79aefd7b84a10f
p:  172086.12377903122
5d207b2596662a046484a15f
p:  240585.55779546016
5d207c2814fbe25e1184a168
p:  130109.80156201575
5d207c432eaa18e91684a11f
p:  143453.4877451191
5d207c4a96662a046484a167
p:  264627.3074064778
5d207c6f96662a046484a168
p:  268629.87086011056
5d207d22b2dcdfd3ca84a120
p:  128759.82234804539
5d207d3db2dcdfd3ca84a121
p:  227820.45578722557
5d207d7296662a046484a16f
p:  168717.03195522458
5d207da963db82391884a11b
p:  339464.81476443214
5d207dcd63db82391884a11d
p:  105628.46532654142
5d207e3096662a046484a174
p:  205714.5270570257
5d207e3214fbe25e1184a171
p:  140841.10767060847
5d207e3988277d19ad84a0e9
p:  298496.75431332795
5d207ebcc74e2c54e284a155
p:  449079.1422017666
5d207ee696662a046484a179
p:  235090.69448367116
5d207eecc74e2c54e284a156
p:  198969.18526617606
5d207f31ca79aefd7b84a132
p:  137028.3937710317
5d207f39c74e2c54e284a158
p:  202657.97941126046
5d207fde14fbe25e1184a174
p:  138946.008309656
5d208084c74e2c54e284a15d
p:  227390.24030868913
5d2080a7ed38553ef684a111
p:  120123.87560250626
5d2080b0c74e2c54e284a162
p:  314428.188900663
5d20810514fbe25e1184a177
p:  161487.9122081566
5d20814ced38553ef684a115
p:  191237.0541597046
5d208186ca79aefd7b84a136
p:  747323.3594898207
5d2081922eaa18e91684a13e
p:  93675.54520893372
5d208198c74e2c54e284a168
p:  395451.63633839815
5d2081d514fbe25e1184a17c
p:  102688.9434445742
5d2081fd14fbe25e1184a17e
p:  216835.31957776088
5d2082542eaa18e91684a142
p:  107121.23619869468
5d20825f2eaa18e91684a143
p:  123269.9515691643
5d20829314fbe25e1184a182
p:  251240.97376840014
5d2082c8c9bbfd537f84a105
p:  460531.4214535099
5d2082c9c74e2c54e284a169
p:  295207.36765507405
5d2082d396662a046484a194
p:  358689.4929859073
5d2082f896662a046484a195
p:  285691.97092973196
5d208330a1705e270984a10f
p:  98367.83208260918
5d20834196662a046484a197
p:  159306.6187102247
5d208350b2dcdfd3ca84a132
p:  231381.0417219702
5d20835914fbe25e1184a188
p:  408475.64476896473
5d20837e63db82391884a12c
p:  117137.81667481283
5d20838b96662a046484a199
p:  118511.77709475215
5d2083a6b2dcdfd3ca84a134
p:  133350.67799153595
5d2083b42eaa18e91684a145
p:  140742.95465310474
5d2083ddca79aefd7b84a13d
p:  27514.464844897346
5d2083f714fbe25e1184a18a
p:  116403.79300839496
5d20841c14fbe25e1184a18b
p:  135639.4803490713
5d2084d996662a046484a1a2
p:  206201.62911287317
5d2084ea14fbe25e1184a195
p:  145624.06025018607
5d2084fb5c7a7668d384a11b
p:  50005.17813834669
5d2084fc22a8cac0e584a169
p:  170417.1230191096
5d20851e14fbe25e1184a197
p:  207951.64923914656
5d20852122a8cac0e584a16c
p:  54335.95710206196
5d2085315c7a7668d384a11d
p:  72666.3015262321
5d20856022a8cac0e584a171
p:  44857.34413117989
5d20856dca79aefd7b84a143
p:  141577.55497157283
5d2085a6b2dcdfd3ca84a136
p:  175527.47035833582
5d2085b3b2dcdfd3ca84a137
p:  382742.6769395935
5d2085e42eaa18e91684a14c
p:  106546.88757096374
5d20864c2eaa18e91684a14e
p:  90658.67760494468
5d20866a22a8cac0e584a179
p:  388856.12673638493
5d208683a1705e270984a11a
p:  41316.16087538289
5d2086bea1705e270984a11b
p:  293374.5329745058
5d2086bfca79aefd7b84a152
p:  67110.21041055996
5d20