Current date and time: 2020-06-07 15:34:20
Successfully connect to DB.
For ['Hinds', 'Rankin', 'Madison', 'Copiah', 'Simpson', 'Warren']#################################################################
train score for random_forest: 0.9556101660862233
test score for random_forest: 0.5161329541994961
The mean absolute error is:$ 81715.54163358088
r_Score: 0.5351937566530587
Voting Regressor (in): 0.9738580601209185
Voting Regressor: 0.5351937566530587
5d19b357a22b896835d02ea4
p:  226431.34524169186
5d19bfc6a22b896835d02f18
p:  231777.88376793664
5d2f6b648b6c8df1a080b69c
p:  162246.39359647175
5d2f73288b6c8df1a080b6c1
p:  197742.04965305107
5d4bd7746f2b8516b7a91132
p:  190912.35217236774
5d4bda8eb422744b2ba91147
p:  218768.4841632064
5d4bdae7b422744b2ba91148
p:  208696.64579778232
5d4bdb826f2b8516b7a91136
p:  185232.5452315217
5d4bdd11b422744b2ba9114c
p:  207667.97666447985
5d4bddd8ea061302d5a91157
p:  176185.57630197285
5d4bde056f2b8516b7a91138
p:  280184.90351215913
5d4bde74ea061302d5a91158
p:  307511.5667086525
5d4bde75f7a99415e4a911bc
p:  45026.288863319714
5d4bdec5f7a99415e4a911bd
p:  450388.88535201346
5d4bdf4fb422744b2ba9114d
p:  253629.6443425517
5d4be0c9f7a99415e4a911c3
p:  192773.6419265581
5d4be2c3b422744b2ba91154
p:  230331.958230577
5d4be31aea061302d5a9115f
p:  142784.789896106
5d4be32e6f2b8516b7a91141
p:  132871.3944612454
5d4be33eb422744b2ba91156
p:  206303.5610450179
5d4be3786f2b8516b7a91142
p:  133972.32576578532
5d4be3fb6f85721562a9114b
p:  118622.6524021862
5d4be4e556fda07344a9116a
p:  174278.61459751741
5d4be61456fda07344a9116d
p:  132704.98220752995
5d4be659d0a8c39449a91159
p:  163679.23440247652
5d4be7066f2b8516b7a91145
p:  175852.55398934244
5d4be72756fda07344a9116e
p:  204438.73837930654
5d4be7d256fda07344a91170
p:  162293.96813760384
5d4be7e3b422744b2ba9115c
p:  252952.802917501
5d4be7f5d0a8c39449a9115a
p:  126425.42887328184
5d4be87bd0a8c39449a9115d
p:  177256.35582885885
5d4be9da56fda07344a91173
p:  146531.71530358202
5d4bec42ea061302d5a9116b
p:  158133.3610382621
5d4bed01b422744b2ba91161
p:  116170.84266613299
5d4bedb8bf87188fa0a9119e
p:  197742.04965305107
5d4bef1bbf87188fa0a911a1
p:  323647.98970538867
5d4befc0bcb076a66aa9114f
p:  239551.969723876
5d4beff0f7a99415e4a911d2
p:  98276.34608659982
5d4bf120b422744b2ba91167
p:  209842.1352629359
5d4bf1b9b422744b2ba91168
p:  246675.68008195295
5d4bf203ea061302d5a91176
p:  162217.91049126477
5d4bf32a6f2b8516b7a9114e
p:  158781.4847702096
5d4bf3c6b422744b2ba9116b
p:  215646.6000107131
5d4bf3cb56fda07344a9117b
p:  165695.38087032046
5d4bf5b056fda07344a9117e
p:  144975.17506827082
5d4bf5e1ea061302d5a9117c
p:  133857.28189708572
5d4bf71f6f2b8516b7a91153
p:  196229.6992029717
5d4bf839bcb076a66aa9115a
p:  120595.55955172205
5d4bf8ded0a8c39449a9116f
p:  268194.3380924014
5d4bf8e0b422744b2ba91171
p:  146210.01839707384
5d4bf98656fda07344a91185
p:  150820.84155856952
5d4bfc44bf87188fa0a911ac
p:  207590.04312987434
5d4bfed956fda07344a9118b
p:  204051.696335556
5d4bff23ea061302d5a91187
p:  88154.6506989453
5d4c0054f7a99415e4a911e0
p:  145931.9634211483
5d4c00bdf7a99415e4a911e1
p:  267810.0422878134
5d4c01a06f2b8516b7a9115f
p:  250588.25267589305
5d4c01f3ea061302d5a9118b
p:  142419.15650886646
5d4c020cbf87188fa0a911b1
p:  169517.6737680577
5d4c03146f2b8516b7a91162
p:  341199.0223239496
5d4c03b056fda07344a91193
p:  206865.5267750248
5d4c04bfb422744b2ba91183
p:  273892.39757520973
5d4c052556fda07344a91194
p:  188488.6609020771
5d4c0535f7a99415e4a911e5
p:  135188.31544439238
5d4c06e6f7a99415e4a911e7
p:  145931.9634211483
5d4c07ccf7a99415e4a911e8
p:  157497.9378397026
5d4c07cd56fda07344a91199
p:  149740.19746667612
5d4c087b6f2b8516b7a91168
p:  190548.15717809205
5d4c08f56f2b8516b7a91169
p:  183472.78031841043
5d4c0a6aea7b62837da91171
p:  181632.4898678906
5d4c0aaabf87188fa0a911b8
p:  229321.09388424648
5d4c0ac7ea061302d5a91198
p:  139665.86630372365
5d4c0afdf7a99415e4a911eb
p:  146318.44087380168
5d4c0b5bf7a99415e4a911ec
p:  207256.8210091015
5d4c0b6756fda07344a911a1
p:  143597.62799254694
5d4c0c44bf87188fa0a911ba
p:  200338.67756066378
5d4c0d3156fda07344a911a4
p:  191104.3732450693
5d4c0dbebf87188fa0a911bc
p:  236173.2424240004
5d4c0e59abc8d09e20a911b2
p:  234953.74796120558
5d4c0e75bf87188fa0a911bf
p:  222373.17021259578
5d4c0eaaabc8d09e20a911b3
p:  141073.24870627862
5d4c0eec6f85721562a91186
p:  52679.84139299198
5d4c0f0ebf87188fa0a911c1
p:  251413.2569513893
5d4c0f32abc8d09e20a911b4
p:  70413.15193657603
5d4c0f4f6f85721562a91187
p:  49332.61778600263
5d4c0faaabc8d09e20a911b5
p:  171530.49866035016
5d4c102dabc8d09e20a911b6
p:  76949.1408469034
5d4c10e8f7a99415e4a911f3
p:  295168.1924391034
5d4c112dabc8d09e20a911b7
p:  153942.56347958907
5d4c117aabc8d09e20a911b8
p:  117199.82110679388
5d4c11e2bf87188fa0a911cb
p:  230507.09172072736
5d4c13ababc8d09e20a911ba
p:  92823.27648689249
5d4c13afbf87188fa0a911d1
p:  256013.8116777586
5d4c149d56fda07344a911a9
p:  134511.3921829319
5d4c14e6abc8d09e20a911bc
p:  160954.24870186555
5d4c1523abc8d09e20a911bd
p:  120808.0751358338
5d4c15d7abc8d09e20a911c0
p:  104936.54003271827
5d4c1610abc8d09e20a911c1
p:  243443.6611051193
5d4c1654bf87188fa0a911da
p:  163166.5377097603
5d4c1677abc8d09e20a911c2
p:  154263.06905283866
5d4c16e8f7a99415e4a911f8
p:  141572.43127568494
5d4c17f9d0a8c39449a91190
p:  78673.56675320555
5d4c1819bcb076a66aa9117b
p:  88607.08434841892
5d4c183bd0a8c39449a91191
p:  60597.424616445336
5d4c1861bf87188fa0a911e1
p:  194236.73702385547
5d4c188af7a99415e4a911fc
p:  131947.03011740098
5d4c189ad0a8c39449a91192
p:  95624.35044191321
5d4c18d0d0a8c39449a91193
p:  62562.58561289597
5d4c195dabc8d09e20a911c5
p:  154193.33435404644
5d4c1995d0a8c39449a91194
p:  57184.65111299016
5d4c19fbabc8d09e20a911c7
p:  157917.9626526417
5d4c1a24d0a8c39449a91196
p:  55993.549302276384
5d4c1a636f2b8516b7a9117e
p:  93606.90379443226
5d4c1bf3bcb076a66aa91180
p:  131342.16864210746
5d4c1c5bd0a8c39449a91197
p:  63359.049427791644
5d4c1cbdbcb076a66aa91183
p:  244866.09237397608
5d4c1d02abc8d09e20a911d7
p:  34769.0149767066
5d4c1d6fabc8d09e20a911d9
p:  24829.855319582653
5d4c1d94abc8d09e20a911da
p:  32574.168810328178
5d4c1d9e6f85721562a91193
p:  75033.12789467724
5d4c1db4abc8d09e20a911db
p:  131495.26254970563
5d4c1db77330958e6ba911e3
p:  47424.16683354175
5d4c1dd1abc8d09e20a911dc
p:  28431.027797719886
5d4c1df76f85721562a91194
p:  187319.65977690445
5d4c1e6babc8d09e20a911df
p:  74364.80306189391
5d4c1e8aabc8d09e20a911e0
p:  43747.98298673838
5d4c1f30b422744b2ba911a3
p:  101147.17537048405
5d4c1f777330958e6ba911e4
p:  154467.00445354683
5d4c1fafb422744b2ba911a4
p:  132459.1406914316
5d4c1fca776de0c2aaa91194
p:  71921.54445194575
5d4c1ffcea061302d5a911af
p:  117352.22139333346
5d4c20187330958e6ba911e5
p:  49077.67175759123
5d4c204dabc8d09e20a911e9
p:  85827.40181754784
5d4c206ad0a8c39449a9119d
p:  54799.43104008331
5d4c2085abc8d09e20a911ea
p:  71946.88053462427
5d4c209fabc8d09e20a911eb
p:  66628.25045821181
5d4c20b7776de0c2aaa91198
p:  156867.90434335388
5d4c20c47330958e6ba911e7
p:  75311.65144212163
5d4c20c6bf87188fa0a911ff
p:  200818.5551027297
5d4c2118abc8d09e20a911ee
p:  52000.76352024535
5d4c21caea061302d5a911b2
p:  37950.93630093665
5d4c21f7776de0c2aaa91199
p:  139612.48319260153
5d4c220cb422744b2ba911a7
p:  176980.02451118722
5d4c2240abc8d09e20a911f5
p:  75419.17173379462
5d4c2278b422744b2ba911a8
p:  139178.31922696746
5d4c22baea061302d5a911b3
p:  61753.23226551742
5d4c22f3b422744b2ba911a9
p:  117237.85411981631
5d4c2311ea061302d5a911b4
p:  77434.6514877133
5d4c2464776de0c2aaa9119b
p:  87832.44042277649
5d4c248056fda07344a911b4
p:  191028.00132911405
5d4c24f9abc8d09e20a911f8
p:  53553.83528234812
5d4c258eb422744b2ba911ac
p:  108002.88344523123
5d4c2596776de0c2aaa9119e
p:  232239.93930538054
5d4c25e7b422744b2ba911ad
p:  154663.67852283537
5d4c25fed0a8c39449a911a2
p:  66471.18883301155
5d4c26097330958e6ba911e8
p:  121586.39973493655
5d4c2673776de0c2aaa9119f
p:  90274.9580451338
5d4c269e7330958e6ba911e9
p:  94241.41555321339
5d4c26dc7330958e6ba911ea
p:  33673.2946552203
5d4c27f8abc8d09e20a911fc
p:  48595.04409480591
5d4c2856776de0c2aaa911a0
p:  87069.15376560477
5d4c2868bf87188fa0a9120b
p:  185815.6966124868
5d4c28a2776de0c2aaa911a1
p:  94279.0089651984
5d4c28b7abc8d09e20a911fd
p:  380723.9064022796
5d4c28c6d0a8c39449a911a3
p:  44089.02259384905
5d4c29a4d0a8c39449a911a4
p:  100620.24909809716
5d4c2a15abc8d09e20a911fe
p:  92722.46821825455
5d4c2a24ea061302d5a911b9
p:  76775.43975543803
5d4c2a9ad0a8c39449a911a5
p:  56781.45969388767
5d4c2ad9ea061302d5a911bb
p:  51302.045708640406
5d4c2b2fd0a8c39449a911a7
p:  41416.08371902775
5d4c2bababc8d09e20a911ff
p:  164971.19358887023
5d4c2bc1b422744b2ba911b4
p:  133458.9217114538
5d4c2bc6ea061302d5a911bd
p:  65987.51185107173
5d4c2bcfd0a8c39449a911a8
p:  55431.983472052816
5d4c2cc4ea061302d5a911be
p:  42195.26341271421
5d4c2d02d0a8c39449a911a9
p:  41177.28793049631
5d4c2d25b422744b2ba911b6
p:  145937.03754953126
5d4c2dcdabc8d09e20a91203
p:  70830.02212546373
5d4c2df1ea061302d5a911bf
p:  78193.64792466717
5d4c2df2f7a99415e4a91215
p:  132868.11033959547
5d4c2e657330958e6ba911f1
p:  65203.32485347292
5d4c2e93d0a8c39449a911aa
p:  38759.90516421113
5d4c2f10b422744b2ba911b8
p:  106592.09893454719
5d4c2f4cd0a8c39449a911ab
p:  64972.10238370442
5d4c2f5fb422744b2ba911b9
p:  171967.84085638556
5d4c2f67776de0c2aaa911a6
p:  83047.87687735642
5d4c2f7cea061302d5a911c0
p:  40486.748544040405
5d4c3011b422744b2ba911ba
p:  126667.93897575673
5d4c308db422744b2ba911bb
p:  165693.74903014736
5d4c30b3d0a8c39449a911ad
p:  42509.85521156606
5d4c30ced0a8c39449a911ae
p:  40884.97054806103
5d4c3112d0a8c39449a911b0
p:  42934.66413566393
5d4c3140776de0c2aaa911a7
p:  122928.7402757314
5d4c317d776de0c2aaa911a9
p:  88187.2151605007
5d4c319a776de0c2aaa911aa
p:  86612.38857709571
5d4c31b8776de0c2aaa911ab
p:  101391.08615380732
5d4c31f5d0a8c39449a911b2
p:  48160.216079219215
5d4c322b776de0c2aaa911ae
p:  145457.6470602043
5d4c3241ea061302d5a911c3
p:  56529.65536667344
5d4c3279ea7b62837da911a6
p:  266836.43113355007
5d4c32afd0a8c39449a911b5
p:  57195.041669490696
5d4c33017330958e6ba911f6
p:  49941.45943917085
5d4c3320d0a8c39449a911b7
p:  56867.48828026328
5d4c337d6f85721562a911b5
p:  174497.13466330233
5d4c33beea061302d5a911c4
p:  244223.79427997395
5d4c33d37330958e6ba911f7
p:  39302.079041257115
5d4c3420b422744b2ba911c0
p:  267373.9458031364
5d4c343d7330958e6ba911f8
p:  31498.191898009783
5d4c34a7ea061302d5a911c5
p:  71701.48939628975
5d4c3518776de0c2aaa911b6
p:  64661.78456672355
5d4c352cea061302d5a911c6
p:  99949.1895912044
5d4c35a37330958e6ba911fb
p:  66139.59547527778
5d4c35d5d0a8c39449a911be
p:  63735.34989047065
5d4c36537330958e6ba911fd
p:  147803.3449922686
5d4c3696b422744b2ba911c4
p:  120091.18231525425
5d4c36cbb422744b2ba911c5
p:  110112.89658259152
5d4c3797ea061302d5a911ca
p:  35410.81894913723
5d4c37e8d0a8c39449a911c1
p:  66978.03722195548
5d4c3881b422744b2ba911ca
p:  114623.0406855203
5d4c3897ea061302d5a911cb
p:  68054.13300281402
5d4c3898d0a8c39449a911c2
p:  56999.51051101569
5d4c38e6bcb076a66aa911a0
p:  149182.22163357367
5d4c39367330958e6ba91200
p:  156720.53528874187
5d4c396f7330958e6ba91201
p:  44630.45524961464
5d4c39abb422744b2ba911ce
p:  132600.77536445338
5d4c39e3b422744b2ba911cf
p:  133691.51292409125
5d4c3a08776de0c2aaa911bc
p:  120071.65928666569
5d4c3a4eb422744b2ba911d1
p:  245268.55639592322
5d4c3a93abc8d09e20a9120e
p:  77922.4021493393
5d4c3b30b422744b2ba911d5
p:  132600.77536445338
5d4c3b667330958e6ba91203
p:  39302.079041257115
5d4c3b6abf87188fa0a9122a
p:  248712.00425473088
5d4c3bda56fda07344a911d1
p:  158842.2876983389
5d4c3be86f85721562a911bf
p:  498858.031066157
5d4c3ccfbf87188fa0a9122c
p:  352670.734668031
5d4c3d09ea061302d5a911ce
p:  71701.48939628975
5d4c3d5fd0a8c39449a911c7
p:  30349.124089628513
5d4c3d78ea7b62837da911ae
p:  126280.46296006926
5d4c3dc0b422744b2ba911e0
p:  120617.9367343667
5d4c3e06ea061302d5a911cf
p:  36952.193974645066
5d4c3e3bb422744b2ba911e2
p:  193560.65585909813
5d4c3e5c776de0c2aaa911c2
p:  63837.770775699646
5d4c3e76b422744b2ba911e3
p:  107075.2421203769
5d4c3eabb422744b2ba911e4
p:  117117.87405209757
5d4c3f2a776de0c2aaa911c3
p:  60144.505719825975
5d4c3f5356fda07344a911d8
p:  243507.35850250738
5d4c4022b422744b2ba911ea
p:  101147.17537048405
5d4c40767330958e6ba9120b
p:  58860.06457566831
5d4c425f7330958e6ba9120d
p:  64241.72407506843
5d4c42807330958e6ba9120e
p:  39602.892045236804
5d4c42bb7330958e6ba9120f
p:  56742.30764561231
5d4c431eea7b62837da911b3
p:  138693.16382633534
5d4c435a7330958e6ba91212
p:  55958.118597308436
5d4c438e7330958e6ba91213
p:  47379.58351202946
5d4c44e47330958e6ba91217
p:  44463.14943408685
5d4c44eab422744b2ba911fc
p:  139454.44695858925
5d4c4530ea061302d5a911da
p:  56214.294647229595
5d4c4577b422744b2ba911fe
p:  108641.73649002098
5d4c47b0ea7b62837da911b9
p:  126267.4190470794
5d4c494e7330958e6ba9121c
p:  60639.61279666726
5d4c4c047330958e6ba9121d
p:  39302.079041257115
5d4c4cf97330958e6ba9121f
p:  41241.98618023768
5d4c4e447330958e6ba91220
p:  54538.62039322892
5d4c4fd97330958e6ba91223
p:  34659.903708468366
5d4c5000b422744b2ba91210
p:  236836.32765588164
5d4c52297330958e6ba91226
p:  36226.28956423473
5d4c54ff7330958e6ba91227
p:  64986.13519441805
5d4c55387330958e6ba91228
p:  44463.14943408685
5d4c56107330958e6ba91229
p:  55958.118597308436
5d4c58477330958e6ba9122b
p:  48722.36234653146
5d4c59e9b422744b2ba91223
p:  105171.18280959124
5d4c5b7e7330958e6ba91231
p:  65124.34467148386
5d4c5bdf7330958e6ba91232
p:  35016.94702961825
5d4c5c5c7330958e6ba91233
p:  54538.62039322892
5d4c5c7eb422744b2ba9122d
p:  120091.18231525425
5d4c5e25bf87188fa0a91263
p:  218318.3776705807
5d4c608c7330958e6ba91238
p:  55891.05376632398
5d4c60c8b422744b2ba91235
p:  71915.93696515789
5d4c6a587330958e6ba91243
p:  59626.3521160684
5d4c6e957330958e6ba91247
p:  39302.079041257115
5d4cca26bf87188fa0a912cf
p:  207186.5104790612
For ['Hancock', 'Harrison', 'Jackson', 'Pearl River', 'Stone', 'George']#################################################################
train score for random_forest: 0.9215248379545571
test score for random_forest: 0.23102199791162759
The mean absolute error is:$ 70595.4727570337
r_Score: 0.3339252247797525
Voting Regressor (in): 0.9403744114173105
Voting Regressor: 0.3339252247797525
5d07f0b17c1d83daee248ad6
p:  112894.44955523778
5d1c29d5dbebfd779eefbcd8
p:  99725.05686396388
5d26b6af107c1d579eeb69ca
p:  141406.41566501802
5d29a05f199bf96b6045ad12
p:  170083.05575256524
5d38935602947826d9b03b95
p:  134632.31297434965
5d4c6e3c776de0c2aaa911f6
p:  195788.62320162513
5d4c7b8410755e283aa912a0
p:  88128.94282198549
5d4c7c437330958e6ba91254
p:  60664.87538177568
5d4c8c276f85721562a91238
p:  212309.85486382616
5d4c8c9bf7a99415e4a912b9
p:  77615.51483756522
5d4c8cd36f85721562a9123b
p:  185903.82200295248
5d4c8d146f85721562a9123c
p:  126192.26667062215
5d4c8d46f7a99415e4a912bc
p:  113551.33135746687
5d4c8e7cf7a99415e4a912bd
p:  76872.1367061587
5d4c8ef3abc8d09e20a9128f
p:  155557.77485589095
5d4c8f13abc8d09e20a91290
p:  155383.50488294126
5d4c8f68abc8d09e20a91292
p:  186422.75662346836
5d4c8f7d6f85721562a91241
p:  209712.27156772377
5d4c8fcff7a99415e4a912be
p:  150234.29006573992
5d4c8fe56f85721562a91242
p:  115304.0081802913
5d4c9007abc8d09e20a91296
p:  67816.48620273854
5d4c9064abc8d09e20a91298
p:  67816.48620273854
5d4c9179f7a99415e4a912c0
p:  185204.1912444357
5d4c9195abc8d09e20a9129f
p:  106894.63014945814
5d4c9277abc8d09e20a912a4
p:  69278.19266174875
5d4c92b1abc8d09e20a912a5
p:  69278.19266174875
5d4c934cea7b62837da91224
p:  70428.29267291738
5d4c93f2d0a8c39449a91248
p:  85448.34775456035
5d4c9415ea7b62837da91226
p:  138914.04362939578
5d4c944ff7a99415e4a912c1
p:  180896.7996437614
5d4c9553abc8d09e20a912b5
p:  112926.73801653885
5d4c9554f7a99415e4a912c3
p:  169036.60535212513
5d4c9638abc8d09e20a912b9
p:  87910.53352707988
5d4c966eabc8d09e20a912ba
p:  91253.19852378487
5d4c979d6f85721562a91249
p:  64561.138284841065
5d4c98eaea7b62837da9122c
p:  173152.67436812213
5d4c99ded0a8c39449a9124e
p:  153801.59879284358
5d4c9a34f7a99415e4a912c8
p:  99946.5829519858
5d4c9a5556fda07344a91247
p:  134658.36806725376
5d4c9af1f7a99415e4a912c9
p:  62932.77390171136
5d4c9b1856fda07344a9124a
p:  171896.17180369643
5d4c9b3cf7a99415e4a912ca
p:  93260.57536373138
5d4c9bab56fda07344a9124c
p:  110186.74151255688
5d4c9bed56fda07344a9124d
p:  168266.33766153845
5d4c9c43d0a8c39449a91251
p:  184887.21964108478
5d4c9d05f7a99415e4a912cb
p:  77857.08379397671
5d4c9e75f7a99415e4a912cd
p:  61323.5374707641
5d4c9f58f7a99415e4a912cf
p:  128035.79625486652
5d4c9fc1b422744b2ba9128e
p:  117554.24103489643
5d4ca065ea7b62837da91233
p:  168424.3200045921
5d4ca43ff7a99415e4a912d3
p:  83778.6377438063
5d4ca4d556fda07344a91267
p:  145168.32235405545
5d4ca51a776de0c2aaa91232
p:  155409.96628636465
5d4ca5c1776de0c2aaa91233
p:  109770.10862592893
5d4ca602b422744b2ba912a8
p:  239204.91684461856
5d4ca6527330958e6ba912b8
p:  197984.4436479335
5d4ca6d8776de0c2aaa91235
p:  137866.6251720878
5d4ca72af7a99415e4a912d5
p:  103201.07995078036
5d4ca7d1b422744b2ba912ac
p:  167020.34976608155
5d4caaf51e56ae1efea912e4
p:  88053.05180986505
5d4cab4c1e56ae1efea912e5
p:  96364.4917379093
5d4cabb956fda07344a91285
p:  159405.4669716003
5d4cabf7d0a8c39449a91261
p:  152381.99113952823
5d4cae2bbcb076a66aa91266
p:  638713.7281169943
5d4cae3dea061302d5a9125e
p:  109539.59159080472
5d4cae466f85721562a91264
p:  155747.11296213564
5d4cae6fea061302d5a9125f
p:  96262.63928531742
5d4cae89ea061302d5a91260
p:  146995.83391577855
5d4caeacea061302d5a91261
p:  191458.70431093653
5d4caedfea061302d5a91262
p:  278364.459253161
5d4caee71e56ae1efea912ea
p:  181509.063937795
5d4caf1dea061302d5a91264
p:  237270.79816958413
5d4caf2b6f85721562a91265
p:  240928.6309024764
5d4cb034d0a8c39449a91265
p:  83734.67411526339
5d4cb0551e56ae1efea912ec
p:  82225.43848416064
5d4cb067bcb076a66aa91268
p:  174899.759499361
5d4cb09eea061302d5a9126d
p:  209371.80152197473
5d4cb0d8ea061302d5a9126f
p:  88000.13258881918
5d4cb0f4ea061302d5a91270
p:  99662.01643041032
5d4cb15a6f85721562a91267
p:  183421.17751055074
5d4cb36bf7a99415e4a912e0
p:  69144.84055108561
5d4cb3871e56ae1efea912f1
p:  57406.721913002446
5d4cb3c6abc8d09e20a91349
p:  32621.720572655966
5d4cb41f56fda07344a91296
p:  161121.99554703222
5d4cb463abc8d09e20a9134c
p:  49378.63992888578
5d4cb49cf7a99415e4a912e1
p:  66996.20016658407
5d4cb4bb7330958e6ba912be
p:  397939.8612412972
5d4cb4f56f85721562a9126b
p:  122318.74112135498
5d4cb557776de0c2aaa91242
p:  188499.20164689698
5d4cb56ff7a99415e4a912e2
p:  62637.91684965999
5d4cb67bf7a99415e4a912e5
p:  83367.95295768342
5d4cb774776de0c2aaa91244
p:  208169.98310960134
5d4cb819abc8d09e20a91362
p:  226117.67244183933
5d4cb84f7330958e6ba912c5
p:  124501.314716717
5d4cb872776de0c2aaa91245
p:  106867.12711691979
5d4cb90dabc8d09e20a91368
p:  56120.277150323454
5d4cb9787330958e6ba912cc
p:  336612.4982821426
5d4cb98a1e56ae1efea912f9
p:  109257.07552307656
5d4cbc6e1e56ae1efea91308
p:  109591.50310178989
5d4cbe571e56ae1efea91312
p:  50488.96254555747
5d4cbe91ea061302d5a9127d
p:  127057.9550101798
5d4cbe9b1e56ae1efea91313
p:  136296.34294330643
5d4cbeb71e56ae1efea91314
p:  116467.06175435864
5d4cbeb97330958e6ba912e3
p:  207370.53922758088
5d4cbf91776de0c2aaa91251
p:  141350.66700508795
5d4cbf987330958e6ba912e8
p:  233992.3986518953
5d4cbfcabcb076a66aa91283
p:  264524.9949642358
5d4cc04dd0a8c39449a9127a
p:  83856.86729012373
5d4cc36dea061302d5a91284
p:  195738.16320239613
5d4cc384d0a8c39449a91280
p:  135322.8621548678
5d4cc39c6f85721562a91279
p:  133920.5648926177
5d4cc3a3abc8d09e20a91373
p:  179796.3359547922
5d4cc3c7ea061302d5a91285
p:  182716.87786266627
5d4cc408ea7b62837da912a1
p:  111943.25317518708
5d4cc432abc8d09e20a91374
p:  145525.98813883692
5d4cc45bea7b62837da912a3
p:  61762.38896444434
5d4cc4eaea7b62837da912a6
p:  124635.18781385804
5d4cc6291e56ae1efea91322
p:  67159.03466371747
5d4cc69cea7b62837da912ad
p:  96661.28643561082
5d4cc931ea061302d5a9128a
p:  114281.34476343574
5d4cc94c6f85721562a9127d
p:  180255.44292062576
5d4cc9507330958e6ba912f2
p:  214923.22887982294
5d4cc9d96f85721562a9127e
p:  126192.26667062215
5d4ccb7f7330958e6ba912f5
p:  256127.5808534337
5d4ccc8e6f85721562a91280
p:  101851.4520253301
5d4ccce86f85721562a91281
p:  179168.3814892784
5d4ccd6a7330958e6ba912f8
p:  139413.87714711612
5d4ccf68abc8d09e20a9137e
p:  149245.68695664487
5d4cd133ea7b62837da912e0
p:  134676.53645435322
5d4cd35a7330958e6ba912ff
p:  244570.25969015318
5d4cd3b2d0a8c39449a9128f
p:  196866.69938308944
5d4cd5ee6f85721562a9128e
p:  110227.4640579736
5d4cd5f7f7a99415e4a91310
p:  119829.2267786668
5d4cd62ef7a99415e4a91311
p:  197369.15678063454
5d4cd649f7a99415e4a91312
p:  155432.53877671075
5d4cd757abc8d09e20a91381
p:  140221.5467370719
5d4cd798abc8d09e20a91382
p:  130614.8217365861
5d4cd858abc8d09e20a91383
p:  244608.26548636478
5d4cda6c7330958e6ba91308
p:  162907.11190767513
5d4cda8c6f85721562a91294
p:  58966.1374463807
5d4cdb1db422744b2ba912de
p:  122710.22003217373
5d4cdb606f85721562a91296
p:  116394.97404858723
5d4cdbad6f85721562a91297
p:  341294.19493610784
5d4cdbb0abc8d09e20a91388
p:  121315.02666495803
5d4cdbf36f85721562a91298
p:  100674.04286292451
5d4cdbf6776de0c2aaa91293
p:  132342.77246198087
5d4cdc30776de0c2aaa91294
p:  276380.6762397453
5d4cdc3a6f85721562a91299
p:  185331.86865381588
5d4cdd85abc8d09e20a91389
p:  110897.5620098211
5d4cdebbf7a99415e4a9131f
p:  259657.65104788108
5d4cdff0ea7b62837da9132e
p:  265207.49151337997
5d4ce064ea7b62837da91331
p:  214671.09329328267
5d4ce211bf87188fa0a912e3
p:  56851.31400587292
5d4ce2f6ea7b62837da9133d
p:  187936.2364586963
5d4ce3a6ea7b62837da91341
p:  217818.76482474458
5d4ce41ebf87188fa0a912e4
p:  56851.31400587292
5d4ce444d0a8c39449a9129f
p:  169923.46944965838
5d4ce474ea7b62837da91345
p:  72751.21913881891
5d4ce486bf87188fa0a912e5
p:  184168.13510481172
5d4ce492ea7b62837da91346
p:  51590.68735747897
5d4ce4b2ea7b62837da91347
p:  193767.09552158584
5d4ce55bea7b62837da9134b
p:  181537.5873711183
5d4ce5b96f85721562a912a1
p:  198987.47102350526
5d4ce606ea7b62837da9134d
p:  83119.98711376396
5d4ce638ea7b62837da9134e
p:  72867.29095652797
5d4ce6b8ea7b62837da91351
p:  70708.03249727836
5d4ce6ea6f85721562a912a3
p:  170733.50853289137
5d4ce746ea061302d5a912b3
p:  293396.98621246783
5d4ce76b7330958e6ba9131a
p:  107127.13250421754
5d4ce781ea7b62837da91355
p:  115924.96909959361
5d4ce7a9ea7b62837da91356
p:  138749.47855096133
5d4ce94cea7b62837da9135e
p:  74912.78283278277
5d4cea8b6f85721562a912a7
p:  89017.50983843268
5d4ceb2cea7b62837da91368
p:  84134.65885243664
5d4cec54ea7b62837da9136e
p:  93406.99025759996
5d4cecdbb422744b2ba912f4
p:  103127.0911708631
5d4cf1b86f85721562a912ae
p:  91353.81034892716
5d4cf2b4ea7b62837da9138e
p:  134651.52979782168
5d4cf4da7330958e6ba9132a
p:  196185.18550227076
5d4cf5246f85721562a912b1
p:  123661.75641290091
5d4cf5b5abc8d09e20a913a4
p:  220481.26115079483
5d4cfbb4abc8d09e20a913b0
p:  127205.68136403352
5d4cfd47abc8d09e20a913b4
p:  164632.71312426438
5d4cfe7f6f85721562a912bc
p:  94027.8761635372
5d4d003cabc8d09e20a913b8
p:  139358.72563058196
5d4d06b5abc8d09e20a913bf
p:  174313.29873846742
5d4d0e82abc8d09e20a913c7
p:  107321.34300209983
5d4d10a2abc8d09e20a913c9
p:  131092.21029753174
5d4d111cabc8d09e20a913ca
p:  191947.79207945568
5d4d1ad46f85721562a912dc
p:  129412.06462990408
5d4d227af7a99415e4a91360
p:  304963.2422304248
5d4d22c1abc8d09e20a913e8
p:  751073.2833770907
5d4d279dabc8d09e20a913f1
p:  112894.44955523778
5d4d27c46f85721562a912ee
p:  111793.8141522145
5d4d2b3cabc8d09e20a913f5
p:  91695.8218234553
5d4d2cbb6f85721562a912f5
p:  73046.68215110915
5d4d358f6f85721562a91301
p:  63588.72370845245
5d4d3bf16f85721562a9130d
p:  118143.8736701304
5d4d458dabc8d09e20a91413
p:  238900.18542096394
5d4d4b3cabc8d09e20a91421
p:  328171.09185979964
5d4d57d6abc8d09e20a91438
p:  115513.28805486148
5d4d5f48abc8d09e20a91447
p:  225547.19167263908
For ['Attala', 'Bolivar', 'Carroll', 'Coahoma', 'DeSoto', 'Grenada', 'Holmes', 'Humphreys', 'Issaquena', 'Leflore', 'Montgomery', 'Panola', 'Quitman', 'Sharkey', 'Sunflower', 'Tallahatchie', 'Tate', 'Tunica', 'Washington', 'Yalobusha', 'Yazoo']#################################################################
train score for random_forest: 0.9319441953401575
test score for random_forest: 0.47499551754853886
The mean absolute error is:$ 55412.46141752832
r_Score: 0.4845994431803371
Voting Regressor (in): 0.9640407857800033
Voting Regressor: 0.4845994431803371
5d31b587d708b0a3d0a64eb2
p:  123060.49922391333
5d38cdd302947826d9b03c4b
p:  204541.8984476081
5d4b8257ea7b62837da910dd
p:  118419.72873232784
5d4b8347ea7b62837da910df
p:  118419.72873232784
5d4b84ba56fda07344a910e2
p:  291440.2612148047
5d4b84d7bf87188fa0a910e7
p:  219096.00974782708
5d4b85dfbf87188fa0a910ec
p:  260628.33249183957
5d4b86607330958e6ba910e5
p:  292483.73768881464
5d4b8671ea7b62837da910e1
p:  123538.8452518206
5d4b86babf87188fa0a910f0
p:  155198.4521782674
5d4b86c2ea7b62837da910e2
p:  91411.43674975134
5d4b86f3bf87188fa0a910f1
p:  266729.25262407336
5d4b87057330958e6ba910e7
p:  230065.3911330664
5d4b879dbf87188fa0a910f4
p:  283030.24907209986
5d4b87b47330958e6ba910e9
p:  207923.79531687166
5d4b8847abc8d09e20a910e2
p:  223188.78609338118
5d4b884d7330958e6ba910eb
p:  169508.92565938918
5d4b888dea7b62837da910e4
p:  117711.10307928278
5d4b88f8bf87188fa0a910fa
p:  133405.8059509775
5d4b892fbf87188fa0a910fb
p:  256091.0080053536
5d4b897a7330958e6ba910ed
p:  235796.74979407014
5d4b89e5bf87188fa0a910fe
p:  197870.61033235613
5d4b89eaea7b62837da910e6
p:  181258.5753180593
5d4b8a18bf87188fa0a910ff
p:  269449.8541945718
5d4b8a6c56fda07344a910eb
p:  246769.82891693403
5d4b8a6c7330958e6ba910ef
p:  219968.31835601854
5d4b8ab0bf87188fa0a91102
p:  384233.8845298539
5d4b8b0dea7b62837da910e7
p:  127099.06153809052
5d4b8b136f85721562a910ec
p:  64886.584351892096
5d4b8b237330958e6ba910f0
p:  211579.45849685813
5d4b8c207330958e6ba910f1
p:  213858.88437753706
5d4b8c8e56fda07344a910f1
p:  245958.13241897733
5d4b8d1d7330958e6ba910f2
p:  121782.780614445
5d4b8d8eabc8d09e20a910f9
p:  75652.92681284092
5d4b8d9c7330958e6ba910f3
p:  139732.6368486739
5d4b8db3bf87188fa0a9110f
p:  173674.07323652273
5d4b8dd1ea7b62837da910e9
p:  101383.43368065637
5d4b8e0eea7b62837da910ea
p:  127099.06153809052
5d4b8e80d0a8c39449a910f7
p:  195953.33994637124
5d4b8ea2bf87188fa0a91113
p:  217979.61339854324
5d4b8ed2abc8d09e20a910ff
p:  57348.19928032727
5d4b8f22d0a8c39449a910f8
p:  138113.6190312531
5d4b8fc47330958e6ba910f5
p:  249402.71340281254
5d4b8fcad0a8c39449a910f9
p:  196263.90089195414
5d4b8ffebf87188fa0a91119
p:  214951.4539767648
5d4b9014ea7b62837da910ec
p:  239092.29420747032
5d4b9082ea7b62837da910ed
p:  118419.72873232784
5d4b91debf87188fa0a91120
p:  255247.86741287838
5d4b92027330958e6ba910f9
p:  215889.80681981362
5d4b920ebf87188fa0a91121
p:  224337.09759440337
5d4b92a8ea7b62837da910ee
p:  127477.18931599168
5d4b92e9ea7b62837da910ef
p:  124573.43153587231
5d4b92f6bf87188fa0a91126
p:  211328.52152784966
5d4b9362bf87188fa0a91128
p:  217149.57791463434
5d4b9363ea7b62837da910f0
p:  129911.49430378969
5d4b9371b422744b2ba910f6
p:  206195.80633084953
5d4b937fbf87188fa0a91129
p:  216867.07292615387
5d4b93b2ea7b62837da910f1
p:  97942.2236444691
5d4b93ed7330958e6ba910fb
p:  207144.2268480569
5d4b93f056fda07344a910fa
p:  182229.49636093827
5d4b93f3ea7b62837da910f2
p:  193207.3977129215
5d4b93fad0a8c39449a91101
p:  130000.23595779102
5d4b940abf87188fa0a9112d
p:  200872.11924087745
5d4b940cf7a99415e4a91102
p:  115526.3060005707
5d4b945aea7b62837da910f3
p:  123171.10341087231
5d4b9493f7a99415e4a91104
p:  152063.39648276358
5d4b9496bf87188fa0a91130
p:  153856.0341803397
5d4b94b2d0a8c39449a91102
p:  247491.0303246288
5d4b94c0ea7b62837da910f4
p:  145500.01774168975
5d4b952cea7b62837da910f5
p:  145500.01774168975
5d4b95c5ea7b62837da910f6
p:  138228.05544508918
5d4b95d9d0a8c39449a91103
p:  171289.2876332341
5d4b973af7a99415e4a9110f
p:  155076.4615399834
5d4b977af7a99415e4a91110
p:  184247.64079643652
5d4b97b4f7a99415e4a91111
p:  154945.3224075872
5d4b97c7ea7b62837da910f7
p:  126477.95497337231
5d4b97ecf7a99415e4a91112
p:  118866.18830370423
5d4b982ef7a99415e4a91113
p:  121849.9800744197
5d4b9838b422744b2ba910fa
p:  198412.06077688735
5d4b987c10755e283aa910f6
p:  110173.62917299154
5d4b98a7f7a99415e4a91115
p:  170524.57764541288
5d4b98feea7b62837da910f9
p:  138015.66102360288
5d4b992f7330958e6ba91101
p:  207339.17576777443
5d4b998cea7b62837da910fa
p:  137373.02170708793
5d4b99a3b422744b2ba910fb
p:  213375.1168503436
5d4b9a04d0a8c39449a9110a
p:  85461.83193573466
5d4b9a1dea7b62837da910fb
p:  99413.24663519114
5d4b9aab7330958e6ba91104
p:  198932.33295455162
5d4b9ad6d0a8c39449a9110b
p:  82854.9811010281
5d4b9babd0a8c39449a9110c
p:  175531.4178262145
5d4b9c16ea7b62837da910fd
p:  128096.35341087231
5d4b9c24ea061302d5a910fe
p:  67191.20710396481
5d4b9ca87330958e6ba91106
p:  168695.83972188918
5d4b9cc8ea7b62837da910ff
p:  135057.00613705194
5d4b9cefd0a8c39449a9110d
p:  194889.8837924754
5d4b9d8eb422744b2ba910ff
p:  214340.97629797162
5d4b9d9cf7a99415e4a91123
p:  134116.19431437022
5d4b9db1ea7b62837da91101
p:  118419.72873232784
5d4b9dbfd0a8c39449a9110e
p:  105514.88781993455
5d4b9e12ea7b62837da91102
p:  138376.60375633676
5d4b9e48b422744b2ba91100
p:  234909.5613152929
5d4b9e4ed0a8c39449a9110f
p:  199112.34824022336
5d4b9ec37330958e6ba91108
p:  161073.30687629263
5d4b9f2fb422744b2ba91101
p:  228182.2027404813
5d4b9f88ea7b62837da91104
p:  173073.83841069276
5d4ba0e3ea7b62837da91105
p:  137383.99905919627
5d4ba162ea7b62837da91106
p:  83113.82378389963
5d4ba16ed0a8c39449a91115
p:  128645.96407991133
5d4ba1f9b422744b2ba91105
p:  232122.22951875807
5d4ba206d0a8c39449a91116
p:  169540.08320380264
5d4ba24b7330958e6ba9110b
p:  233289.53664197092
5d4ba348b422744b2ba91107
p:  245639.4507970197
5d4ba3537330958e6ba9110d
p:  153901.3229490923
5d4ba3d1d0a8c39449a91119
p:  137023.27814903902
5d4ba568ea7b62837da91107
p:  126506.85449422321
5d4ba6a07330958e6ba91112
p:  210553.20353392087
5d4ba6aad0a8c39449a9111a
p:  121616.99923352341
5d4ba7c3b422744b2ba91108
p:  173825.94864954884
5d4ba8067330958e6ba91114
p:  140338.54556762037
5d4ba826b422744b2ba91109
p:  286101.18641138193
5d4ba923b422744b2ba9110a
p:  213306.73091582884
5d4ba96a7330958e6ba91115
p:  159183.12645723755
5d4ba9f0d0a8c39449a9111c
p:  193375.15964036717
5d4baca8d0a8c39449a9111d
p:  128678.68643525204
5d4bad73d0a8c39449a9111e
p:  123779.42444552887
5d4baee2b422744b2ba91117
p:  254687.6578283951
5d4baf4a7330958e6ba9111b
p:  142465.8207004792
5d4baf9e7330958e6ba9111c
p:  128554.57872332215
5d4baf9ed0a8c39449a91120
p:  301638.47685178835
5d4bb0627330958e6ba9111d
p:  243172.58666123322
5d4bb09e7330958e6ba9111e
p:  152001.08771965397
5d4bb19a7330958e6ba9111f
p:  234388.50574900568
5d4bb1e87330958e6ba91120
p:  213769.7198782289
5d4bb38cd0a8c39449a91123
p:  110066.58789204322
5d4bb4387330958e6ba91123
p:  219968.31835601854
5d4bb665d0a8c39449a91126
p:  114485.5812577537
5d4bb6e8d0a8c39449a91127
p:  165025.91241217713
5d4bb7047330958e6ba91126
p:  134840.3650492278
5d4bb7ded0a8c39449a91128
p:  149383.04967940098
5d4bb7e8b422744b2ba91125
p:  238855.1614186419
5d4bb8a1d0a8c39449a9112a
p:  89299.91732247174
5d4bb9b3b422744b2ba91128
p:  172819.34838780528
5d4bb9f6d0a8c39449a9112c
p:  123060.49922391333
5d4bba61d0a8c39449a9112d
p:  96251.01881669209
5d4bbc99d0a8c39449a9112e
p:  116773.91149577645
5d4bbd477330958e6ba9112a
p:  211501.18185542128
5d4bbdea7330958e6ba9112c
p:  225962.00773008907
5d4bbe85b422744b2ba9112f
p:  202235.60277749598
5d4bc0c4b422744b2ba91131
p:  234564.8035027929
5d4bc15cd0a8c39449a91133
p:  193293.7280049616
5d4bc16d7330958e6ba9112e
p:  159588.45604055637
5d4bc1f3d0a8c39449a91134
p:  165997.475908191
5d4bc2b57330958e6ba91133
p:  150581.2283014175
5d4bc2d8d0a8c39449a91135
p:  171733.24820638448
5d4bc3257330958e6ba91135
p:  200271.51296670287
5d4bc39cd0a8c39449a91136
p:  165461.40788813634
5d4bc6747330958e6ba91141
p:  272894.29908675316
5d4bc76a7330958e6ba91145
p:  171144.22417650066
5d4bc7aa7330958e6ba91146
p:  296001.39442972315
5d4bc8f17330958e6ba9114b
p:  155991.31507345958
5d4bc92b7330958e6ba9114c
p:  128470.05089958009
5d4bc9f07330958e6ba9114e
p:  222961.9150609577
5d4bcad210755e283aa9114d
p:  530516.4429645614
5d4bcbabd0a8c39449a9113a
p:  169162.2695778663
5d4bcd78d0a8c39449a9113e
p:  137796.36301387323
5d4bcedfd0a8c39449a91140
p:  171595.36842882988
5d4bcefe7330958e6ba91155
p:  243172.58666123322
5d4bcf5bd0a8c39449a91141
p:  135353.24752269656
5d4bd0edd0a8c39449a91142
p:  226609.4698871097
5d4bd14e776de0c2aaa9113d
p:  99644.9280819845
5d4bd3b3f7a99415e4a911b3
p:  82654.6579801018
5d4bd4437330958e6ba9115e
p:  161073.30687629263
5d4bd4c07330958e6ba9115f
p:  207921.0646601821
5d4bd5367330958e6ba91160
p:  141320.9470863223
5d4bd590776de0c2aaa91141
p:  44011.24655706889
5d4bd641776de0c2aaa91143
p:  62786.03615507367
5d4bd663abc8d09e20a9116f
p:  22511.946652300627
5d4bd8fcd0a8c39449a91147
p:  179954.99705208698
5d4bd9697330958e6ba91166
p:  263295.2450420433
5d4bda2b7330958e6ba91169
p:  245692.3148017603
5d4bdaa97330958e6ba9116b
p:  227295.69685310146
5d4bdc0d7330958e6ba91171
p:  142465.8207004792
5d4bdccf7330958e6ba91174
p:  225962.00773008907
5d4bde5d776de0c2aaa9114b
p:  115254.07783895273
5d4bdf8e7330958e6ba9117f
p:  121782.780614445
5d4be3b67330958e6ba91192
p:  251445.6959008135
5d4be4bf7330958e6ba91196
p:  245085.38743381237
5d4c0c607330958e6ba911ca
p:  75255.24125517494
For ['Leake', 'Neshoba', 'Kemper', 'Scott', 'Newton', 'Lauderdale', 'Smith', 'Jasper', 'Clarke']#################################################################
train score for random_forest: 0.9202321853714841
test score for random_forest: 0.36117078654673374
The mean absolute error is:$ 67729.88958351813
r_Score: 0.21065215681215932
Voting Regressor (in): 0.97877605512453
Voting Regressor: 0.21065215681215932
5d4c3f266f2b8516b7a911a8
p:  75271.54401310779
5d4c41016f2b8516b7a911ac
p:  155809.56319969957
5d4c413babc8d09e20a91216
p:  29906.457847317015
5d4c417fabc8d09e20a91217
p:  34578.14980346912
5d4c42e7abc8d09e20a91219
p:  43636.24714161703
5d4c44b76f2b8516b7a911af
p:  111332.94285532103
5d4c4853abc8d09e20a91223
p:  52671.291833426134
5d4c4997abc8d09e20a91225
p:  51499.62865058965
5d4c4a15d0a8c39449a911d3
p:  59820.81226742633
5d4c4d0eea061302d5a911e7
p:  189996.69564533618
5d4c52f5776de0c2aaa911e1
p:  212059.3758322313
5d4c547ad0a8c39449a911de
p:  72163.5479593392
5d4c5521776de0c2aaa911e5
p:  259893.23591051044
5d4c5baef7a99415e4a91256
p:  230863.68201772877
5d4c5bdcf7a99415e4a91257
p:  99564.24880920968
5d4c5c0ff7a99415e4a91258
p:  99564.24880920968
5d4c605bf7a99415e4a9126d
p:  170676.0572372973
5d4c610c6f2b8516b7a911d5
p:  147396.33930499194
5d4c65c9776de0c2aaa911ee
p:  71903.87608981045
For ['Oktibbeha', 'Lowndes', 'Clay', 'Webster', 'Choctaw', 'Winston', 'Noxubee']#################################################################
train score for random_forest: 0.9454146297119072
test score for random_forest: 0.7663351908585172
The mean absolute error is:$ 56209.91441735313
r_Score: 0.7474470519906242
Voting Regressor (in): 0.9704552826852856
Voting Regressor: 0.7474470519906242
5d43efae0c2b93cba458ad04
p:  302367.01914753375
5d4c5660ea7b62837da911d2
p:  68514.97023514408
5d4d02c656fda07344a912f6
p:  204461.05608704657
5d4d03751e56ae1efea91364
p:  92456.28884892983
5d4d0478776de0c2aaa912d6
p:  77592.03763697293
5d4d065f56fda07344a912fa
p:  54972.238971810424
5d4d06df1e56ae1efea91369
p:  74284.8431676947
5d4d088a6f2b8516b7a91296
p:  150698.13128018496
5d4d092356fda07344a912ff
p:  262455.93344379286
5d4d0a41776de0c2aaa912e4
p:  85631.75309281501
5d4d0c921e56ae1efea91372
p:  42806.368212376336
5d4d0d4c776de0c2aaa912ef
p:  147826.56759380514
5d4d0dd21e56ae1efea91375
p:  82184.46634168955
5d4d11b51e56ae1efea91378
p:  69012.80816464442
5d4d163fb422744b2ba9131d
p:  236410.26269313978
5d4d1b2ab422744b2ba91320
p:  273718.8989061763
5d4d1f87b422744b2ba91329
p:  229799.80887371104
5d4d203ab422744b2ba9132a
p:  61538.83591881141
5d4d222056fda07344a9131e
p:  259513.69405993423
5d4d2507b422744b2ba91331
p:  226593.60332151566
5d4d2a83b422744b2ba91336
p:  83288.38805296418
5d4d2fd3b422744b2ba9133c
p:  512582.2499835192
5d4d3027b422744b2ba9133d
p:  160406.56189624645
5d4d30cfb422744b2ba9133e
p:  178081.78914459434
5d4d3569b422744b2ba91343
p:  68792.21314983586
5d4d3801b422744b2ba91347
p:  174390.0238925416
5d4d3a74b422744b2ba9134c
p:  214301.45579438005
5d4d423db422744b2ba91354
p:  260155.80874490866
5d4d440eb422744b2ba91357
p:  252927.73139211955
5d4d4605b422744b2ba9135c
p:  77421.81605767692
5d4d4dffb422744b2ba91364
p:  203435.17033786455
5d4d4e31b422744b2ba91365
p:  138020.73268457706
5d4d4e62b422744b2ba91366
p:  196569.76000571402
5d4d5194b422744b2ba9136e
p:  234215.49033679246
5d4d5315b422744b2ba91375
p:  313525.0757692497
5d4d5325b422744b2ba91376
p:  313525.0757692497
5d4d67f6b422744b2ba91395
p:  158641.36541626137
5d4d687bb422744b2ba91398
p:  330221.8356453865
For ['Lee', 'Lafayette', 'Pontotoc', 'Monroe', 'Itawamba', 'Tishomingo', 'Prentiss', 'Alcorn', 'Tippah', 'Union', 'Benton', 'Marshall', 'Calhoon', 'Chickasaw']#################################################################
train score for random_forest: 0.9357748359917311
test score for random_forest: 0.5986463478419288
The mean absolute error is:$ 87592.78332420936
r_Score: 0.6443329967114264
Voting Regressor (in): 0.9635700294902758
Voting Regressor: 0.6443329967114264
5d19c3cea22b896835d02f43
p:  120316.3950465788
5d431fb65059a34d102fa230
p:  168625.8238519478
5d4b847f776de0c2aaa910df
p:  120547.78671408075
5d4b85ba1e56ae1efea910e4
p:  396348.282239084
5d4b86c61e56ae1efea910e6
p:  246086.62420641474
5d4b8998b422744b2ba910e9
p:  169538.5384085075
5d4b8b541e56ae1efea910ed
p:  192709.08555118248
5d4b8bd31e56ae1efea910ef
p:  126943.69987761849
5d4b8c671e56ae1efea910f1
p:  676940.6613690613
5d4b92ab1e56ae1efea910f7
p:  181257.1867723636
5d4b936ebcb076a66aa910ef
p:  321247.4681692583
5d4b944a1e56ae1efea910f8
p:  305621.24128037866
5d4b95ab1e56ae1efea910f9
p:  396348.282239084
5d4b96121e56ae1efea910fa
p:  207274.15670401268
5d4b973b1e56ae1efea910fb
p:  106728.47653166413
5d4b989d1e56ae1efea910fc
p:  210148.29891563774
5d4b98dc1e56ae1efea910fd
p:  257166.55841105664
5d4b9a7b1e56ae1efea910ff
p:  168498.30424665174
5d4b9aff1e56ae1efea91100
p:  192597.28733298182
5d4b9c511e56ae1efea91101
p:  126943.69987761849
5d4b9c8e1e56ae1efea91103
p:  194060.62302151497
5d4b9dd31e56ae1efea9110e
p:  209468.08338796013
5d4b9e301e56ae1efea91111
p:  142199.91071149122
5d4b9e4b1e56ae1efea91112
p:  216866.82722844626
5d4b9e6b1e56ae1efea91113
p:  176897.02865623642
5d4b9ea51e56ae1efea91115
p:  170258.18756464368
5d4b9f001e56ae1efea91117
p:  244955.3784106032
5d4b9f2a1e56ae1efea91118
p:  433652.1180218115
5d4b9f5f1e56ae1efea91119
p:  172922.01560979316
5d4ba0f2ea061302d5a9110a
p:  219857.6251134444
5d4ba2671e56ae1efea9111e
p:  470676.044134295
5d4ba5c31e56ae1efea91120
p:  130271.7833075515
5d4ba6ad1e56ae1efea91122
p:  115259.36325041413
5d4ba7716f85721562a91106
p:  105853.04218989314
5d4ba88a6f85721562a91108
p:  123865.71643988194
5d4ba8f656fda07344a91112
p:  114623.61684885535
5d4bab316f85721562a9110a
p:  187473.81029827712
5d4bae8f1e56ae1efea91131
p:  171953.26475385658
5d4baefaabc8d09e20a91135
p:  129372.81184260792
5d4bb3aa1e56ae1efea91145
p:  285774.9818078545
5d4bb41f1e56ae1efea91147
p:  175971.1695566831
5d4bb460ea061302d5a91121
p:  51870.16030579543
5d4bb4611e56ae1efea91148
p:  212581.5680002349
5d4bb5a51e56ae1efea9114d
p:  159419.29400461173
5d4bb85f1e56ae1efea91158
p:  93974.79410926261
5d4bbac16f85721562a91122
p:  65747.22667225832
5d4bbc2f1e56ae1efea91166
p:  122868.75886904383
5d4bbc701e56ae1efea91167
p:  256531.05289098393
5d4bbe03776de0c2aaa91123
p:  175255.81602154608
5d4bbe691e56ae1efea9116e
p:  126943.69987761849
5d4bc23610755e283aa9112f
p:  101163.6716053462
5d4bc2611e56ae1efea9117d
p:  204856.6589354199
5d4bc2a41e56ae1efea9117e
p:  207601.7886357623
5d4bc7c31e56ae1efea91191
p:  180170.41741413722
5d4bc84a1e56ae1efea91193
p:  333301.06129191525
5d4bc90d1e56ae1efea91196
p:  110242.77606772835
5d4bca111e56ae1efea9119a
p:  193425.51326909516
5d4bcb0f1e56ae1efea9119e
p:  115259.36325041413
5d4bd0d41e56ae1efea911b4
p:  130367.48945933413
5d4bd18bbcb076a66aa91132
p:  44993.23055009527
5d4bd3111e56ae1efea911bc
p:  286107.02005007945
5d4bd35d1e56ae1efea911bd
p:  314665.04120422713
5d4bd64e1e56ae1efea911c8
p:  247401.04832746263
5d4bd6881e56ae1efea911c9
p:  169931.6473025679
5d4bdca86f85721562a91143
p:  64168.46280069785
5d4be1b31e56ae1efea911f4
p:  131604.70039683412
5d4be6fc1e56ae1efea91208
p:  163128.18468370254
5d4be83f1e56ae1efea9120d
p:  207601.7886357623
5d4bea241e56ae1efea9120f
p:  211143.92115786322
5d4bf6421e56ae1efea9121f
p:  224819.81178431996
5d4c0cde1e56ae1efea91235
p:  144764.13034353248
5d4c1cd81e56ae1efea91244
p:  115259.36325041413
5d4c1e201e56ae1efea91247
p:  198518.52905560465
5d4c20591e56ae1efea91249
p:  168992.9219624612
5d4c214c1e56ae1efea9124a
p:  140810.05503443215
5d4c25381e56ae1efea9124e
p:  219626.51466435907
5d4c45b91e56ae1efea9126c
p:  142199.91071149122
5d4c47c41e56ae1efea9126f
p:  238022.38454732596/home/testapiuser/HouseApp_2/PricePrediction/MSPrice.py:272: SettingWithCopyWarning: 
A value is trying to be set on a copy of a slice from a DataFrame.
Try using .loc[row_indexer,col_indexer] = value instead

See the caveats in the documentation: http://pandas.pydata.org/pandas-docs/stable/indexing.html#indexing-view-versus-copy
  df2['AreaSpace_SQFT'] = df2['AreaSpace_SQFT'].astype(int)
/home/testapiuser/HouseApp_2/PricePrediction/MSPrice.py:284: SettingWithCopyWarning: 
A value is trying to be set on a copy of a slice from a DataFrame.
Try using .loc[row_indexer,col_indexer] = value instead

See the caveats in the documentation: http://pandas.pydata.org/pandas-docs/stable/indexing.html#indexing-view-versus-copy
  df2['Price'] = z1
/home/testapiuser/HouseApp_2/PricePrediction/MSPrice.py:291: SettingWithCopyWarning: 
A value is trying to be set on a copy of a slice from a DataFrame.
Try using .loc[row_indexer,col_indexer] = value instead

See the caveats in the documentation: http://pandas.pydata.org/pandas-docs/stable/indexing.html#indexing-view-versus-copy
  df2['AreaSpace_SQFT'] = z2
/home/testapiuser/HouseApp_2/PricePrediction/MSPrice.py:272: SettingWithCopyWarning: 
A value is trying to be set on a copy of a slice from a DataFrame.
Try using .loc[row_indexer,col_indexer] = value instead

See the caveats in the documentation: http://pandas.pydata.org/pandas-docs/stable/indexing.html#indexing-view-versus-copy
  df2['AreaSpace_SQFT'] = df2['AreaSpace_SQFT'].astype(int)
/home/testapiuser/HouseApp_2/PricePrediction/MSPrice.py:284: SettingWithCopyWarning: 
A value is trying to be set on a copy of a slice from a DataFrame.
Try using .loc[row_indexer,col_indexer] = value instead

See the caveats in the documentation: http://pandas.pydata.org/pandas-docs/stable/indexing.html#indexing-view-versus-copy
  df2['Price'] = z1
/home/testapiuser/HouseApp_2/PricePrediction/MSPrice.py:291: SettingWithCopyWarning: 
A value is trying to be set on a copy of a slice from a DataFrame.
Try using .loc[row_indexer,col_indexer] = value instead

See the caveats in the documentation: http://pandas.pydata.org/pandas-docs/stable/indexing.html#indexing-view-versus-copy
  df2['AreaSpace_SQFT'] = z2
/home/testapiuser/HouseApp_2/PricePrediction/MSPrice.py:272: SettingWithCopyWarning: 
A value is trying to be set on a copy of a slice from a DataFrame.
Try using .loc[row_indexer,col_indexer] = value instead

See the caveats in the documentation: http://pandas.pydata.org/pandas-docs/stable/indexing.html#indexing-view-versus-copy
  df2['AreaSpace_SQFT'] = df2['AreaSpace_SQFT'].astype(int)
/home/testapiuser/HouseApp_2/PricePrediction/MSPrice.py:284: SettingWithCopyWarning: 
A value is trying to be set on a copy of a slice from a DataFrame.
Try using .loc[row_indexer,col_indexer] = value instead

See the caveats in the documentation: http://pandas.pydata.org/pandas-docs/stable/indexing.html#indexing-view-versus-copy
  df2['Price'] = z1
/home/testapiuser/HouseApp_2/PricePrediction/MSPrice.py:291: SettingWithCopyWarning: 
A value is trying to be set on a copy of a slice from a DataFrame.
Try using .loc[row_indexer,col_indexer] = value instead

See the caveats in the documentation: http://pandas.pydata.org/pandas-docs/stable/indexing.html#indexing-view-versus-copy
  df2['AreaSpace_SQFT'] = z2
/home/testapiuser/HouseApp_2/PricePrediction/MSPrice.py:272: SettingWithCopyWarning: 
A value is trying to be set on a copy of a slice from a DataFrame.
Try using .loc[row_indexer,col_indexer] = value instead

See the caveats in the documentation: http://pandas.pydata.org/pandas-docs/stable/indexing.html#indexing-view-versus-copy
  df2['AreaSpace_SQFT'] = df2['AreaSpace_SQFT'].astype(int)
/home/testapiuser/HouseApp_2/PricePrediction/MSPrice.py:284: SettingWithCopyWarning: 
A value is trying to be set on a copy of a slice from a DataFrame.
Try using .loc[row_indexer,col_indexer] = value instead

See the caveats in the documentation: http://pandas.pydata.org/pandas-docs/stable/indexing.html#indexing-view-versus-copy
  df2['Price'] = z1
/home/testapiuser/HouseApp_2/PricePrediction/MSPrice.py:291: SettingWithCopyWarning: 
A value is trying to be set on a copy of a slice from a DataFrame.
Try using .loc[row_indexer,col_indexer] = value instead

See the caveats in the documentation: http://pandas.pydata.org/pandas-docs/stable/indexing.html#indexing-view-versus-copy
  df2['AreaSpace_SQFT'] = z2
/home/testapiuser/HouseApp_2/PricePrediction/MSPrice.py:272: SettingWithCopyWarning: 
A value is trying to be set on a copy of a slice from a DataFrame.
Try using .loc[row_indexer,col_indexer] = value instead

See the caveats in the documentation: http://pandas.pydata.org/pandas-docs/stable/indexing.html#indexing-view-versus-copy
  df2['AreaSpace_SQFT'] = df2['AreaSpace_SQFT'].astype(int)
/home/testapiuser/HouseApp_2/PricePrediction/MSPrice.py:284: SettingWithCopyWarning: 
A value is trying to be set on a copy of a slice from a DataFrame.
Try using .loc[row_indexer,col_indexer] = value instead

See the caveats in the documentation: http://pandas.pydata.org/pandas-docs/stable/indexing.html#indexing-view-versus-copy
  df2['Price'] = z1
/home/testapiuser/HouseApp_2/PricePrediction/MSPrice.py:291: SettingWithCopyWarning: 
A value is trying to be set on a copy of a slice from a DataFrame.
Try using .loc[row_indexer,col_indexer] = value instead

See the caveats in the documentation: http://pandas.pydata.org/pandas-docs/stable/indexing.html#indexing-view-versus-copy
  df2['AreaSpace_SQFT'] = z2
/home/testapiuser/HouseApp_2/PricePrediction/MSPrice.py:272: SettingWithCopyWarning: 
A value is trying to be set on a copy of a slice from a DataFrame.
Try using .loc[row_indexer,col_indexer] = value instead

See the caveats in the documentation: http://pandas.pydata.org/pandas-docs/stable/indexing.html#indexing-view-versus-copy
  df2['AreaSpace_SQFT'] = df2['AreaSpace_SQFT'].astype(int)
/home/testapiuser/HouseApp_2/PricePrediction/MSPrice.py:284: SettingWithCopyWarning: 
A value is trying to be set on a copy of a slice from a DataFrame.
Try using .loc[row_indexer,col_indexer] = value instead

See the caveats in the documentation: http://pandas.pydata.org/pandas-docs/stable/indexing.html#indexing-view-versus-copy
  df2['Price'] = z1
/home/testapiuser/HouseApp_2/PricePrediction/MSPrice.py:291: SettingWithCopyWarning: 
A value is trying to be set on a copy of a slice from a DataFrame.
Try using .loc[row_indexer,col_indexer] = value instead

See the caveats in the documentation: http://pandas.pydata.org/pandas-docs/stable/indexing.html#indexing-view-versus-copy
  df2['AreaSpace_SQFT'] = z2
/home/testapiuser/HouseApp_2/PricePrediction/MSPrice.py:272: SettingWithCopyWarning: 
A value is trying to be set on a copy of a slice from a DataFrame.
Try using .loc[row_indexer,col_indexer] = value instead

See the caveats in the documentation: http://pandas.pydata.org/pandas-docs/stable/indexing.html#indexing-view-versus-copy
  df2['AreaSpace_SQFT'] = df2['AreaSpace_SQFT'].astype(int)
/home/testapiuser/HouseApp_2/PricePrediction/MSPrice.py:284: SettingWithCopyWarning: 
A value is trying to be set on a copy of a slice from a DataFrame.
Try using .loc[row_indexer,col_indexer] = value instead

See the caveats in the documentation: http://pandas.pydata.org/pandas-docs/stable/indexing.html#indexing-view-versus-copy
  df2['Price'] = z1
/home/testapiuser/HouseApp_2/PricePrediction/MSPrice.py:291: SettingWithCopyWarning: 
A value is trying to be set on a copy of a slice from a DataFrame.
Try using .loc[row_indexer,col_indexer] = value instead

See the caveats in the documentation: http://pandas.pydata.org/pandas-docs/stable/indexing.html#indexing-view-versus-copy
  df2['AreaSpace_SQFT'] = z2
/home/testapiuser/HouseApp_2/PricePrediction/MSPrice.py:272: SettingWithCopyWarning: 
A value is trying to be set on a copy of a slice from a DataFrame.
Try using .loc[row_indexer,col_indexer] = value instead

See the caveats in the documentation: http://pandas.pydata.org/pandas-docs/stable/indexing.html#indexing-view-versus-copy
  df2['AreaSpace_SQFT'] = df2['AreaSpace_SQFT'].astype(int)
/home/testapiuser/HouseApp_2/PricePrediction/MSPrice.py:284: SettingWithCopyWarning: 
A value is trying to be set on a copy of a slice from a DataFrame.
Try using .loc[row_indexer,col_indexer] = value instead

See the caveats in the documentation: http://pandas.pydata.org/pandas-docs/stable/indexing.html#indexing-view-versus-copy
  df2['Price'] = z1
/home/testapiuser/HouseApp_2/PricePrediction/MSPrice.py:291: SettingWithCopyWarning: 
A value is trying to be set on a copy of a slice from a DataFrame.
Try using .loc[row_indexer,col_indexer] = value instead

See the caveats in the documentation: http://pandas.pydata.org/pandas-docs/stable/indexing.html#indexing-view-versus-copy
  df2['AreaSpace_SQFT'] = z2

5d4c4f1e1e56ae1efea91277
p:  126943.69987761849
5d4c50e31e56ae1efea91279
p:  200514.2371724434
5d4c56281e56ae1efea9127d
p:  316973.1001196909
5d4c57911e56ae1efea9127f
p:  206409.62729980052
For ['Forrest', 'Covington', 'Jones', 'Wayne', 'Jefferson Davis', 'Marion', 'Lamar', 'Perry', 'Greene']#################################################################
train score for random_forest: 0.9358589933398278
test score for random_forest: 0.6545086873080002
The mean absolute error is:$ 66653.20333004004
r_Score: 0.6462487192451714
Voting Regressor (in): 0.9782790131662574
Voting Regressor: 0.6462487192451714
5d452d4cf6b4c2439b8b204f
p:  86400.01129473464
5d4755fed57846aad03cb3d6
p:  160028.11263090433
5d4bf76a6f85721562a91173
p:  103221.49044994742
5d4c663abcb076a66aa911d6
p:  58459.62029429355
5d4c66756f2b8516b7a911e4
p:  189051.52714285982
5d4c67386f2b8516b7a911e5
p:  125627.19547430171
5d4c67f46f2b8516b7a911e6
p:  194367.7211585237
5d4c6824bcb076a66aa911d8
p:  71664.59171211848
5d4c69cbbcb076a66aa911d9
p:  75234.56320894446
5d4c6ca0bcb076a66aa911db
p:  122808.65480054954
5d4c7068abc8d09e20a91254
p:  68445.07774061244
5d4c710d6f85721562a911fb
p:  54366.87557926707
5d4c7124bcb076a66aa911de
p:  235812.41285110984
5d4c712d6f85721562a911fc
p:  49691.17620348131
5d4c7492bcb076a66aa911e1
p:  158235.04893750307
5d4c76146f85721562a91205
p:  33199.43876221828
5d4c7704bcb076a66aa911e5
p:  81141.56684414884
5d4c77e8bcb076a66aa911e6
p:  239133.72337720625
5d4c78646f2b8516b7a911f9
p:  94221.70354616569
5d4c7884bcb076a66aa911e8
p:  95334.42702979816
5d4c790bb422744b2ba91251
p:  138271.41554311247
5d4c7a27bcb076a66aa911e9
p:  113974.68878647572
5d4c7a3eb422744b2ba91253
p:  200445.66203325236
5d4c7acfb422744b2ba91255
p:  207074.15491858567
5d4c7b3fbcb076a66aa911ea
p:  66908.38561586356
5d4c7ba3bcb076a66aa911eb
p:  94506.04958338894
5d4c7c2eb422744b2ba91257
p:  83188.29791124037
5d4c7c4bbcb076a66aa911ec
p:  71733.48595697942
5d4c7e35b422744b2ba9125b
p:  82559.99458954846
5d4c7e9fbcb076a66aa911ed
p:  141934.748171565
5d4c7fffbcb076a66aa911ee
p:  72040.91304055773
5d4c810d6f85721562a9120d
p:  45389.42863869824
5d4c8169b422744b2ba91261
p:  74910.84451763149
5d4c81c96f85721562a91210
p:  45389.42863869824
5d4c8292abc8d09e20a91273
p:  72057.77997212998
5d4c82bfabc8d09e20a91274
p:  72057.77997212998
5d4c83726f2b8516b7a91200
p:  206403.35556040367
5d4c83fb776de0c2aaa91212
p:  189458.35192840634
5d4c8627776de0c2aaa91215
p:  76925.51407422691
5d4c878cabc8d09e20a9127a
p:  152492.31164452474
5d4c87ebbcb076a66aa911f5
p:  139109.31210649997
5d4c8808776de0c2aaa91218
p:  115965.75695251336
5d4c882ebcb076a66aa911f6
p:  111153.73454613562
5d4c88a46f85721562a9122c
p:  373109.4786316174
5d4c88c7bcb076a66aa911f8
p:  75288.74863384629
5d4c89996f2b8516b7a91203
p:  135708.2223830241
5d4c8a7abcb076a66aa911ff
p:  149029.20856380294
5d4c8afdbcb076a66aa91201
p:  122808.65480054954
5d4c8c1fbcb076a66aa91206
p:  65895.50317698711
5d4c8c436f2b8516b7a91208
p:  172005.90847671725
5d4c8c6ebcb076a66aa91208
p:  86378.41459380732
5d4c8ca4bcb076a66aa91209
p:  346891.23845554877
5d4c8dacbcb076a66aa9120d
p:  95521.8742839197
5d4c8df9776de0c2aaa9121d
p:  63381.663131556525
5d4c8e371e56ae1efea912c1
p:  142547.45263670792
5d4c8f0f1e56ae1efea912c3
p:  103482.80438106236
5d4c90f1bcb076a66aa9121a
p:  207527.61772651825
5d4c9166bcb076a66aa9121c
p:  106707.84476809225
5d4c92b2bcb076a66aa91221
p:  170612.43753302263
5d4c92c96f2b8516b7a91210
p:  146039.59572708828
5d4c92e5bcb076a66aa91222
p:  71741.57754686999
5d4c93a96f2b8516b7a91212
p:  179195.24968190567
5d4c95546f2b8516b7a91216
p:  141574.17219655155
5d4c9573bcb076a66aa9122c
p:  121069.61208639352
5d4c9850bcb076a66aa91237
p:  93953.2051532747
5d4c993e6f2b8516b7a9121f
p:  74785.14739326635
5d4c9c0b6f2b8516b7a91221
p:  295938.47014739516
5d4c9d00bcb076a66aa9124b
p:  73383.58080693003
5d4ca10ebcb076a66aa9125b
p:  109270.98811270618
5d4ca6f46f2b8516b7a91229
p:  252190.38873049337
For ['Adams', 'Lincoln', 'Lawrence', 'Franklin', 'Claiborne', 'Jefferson', 'Wilkinson', 'Amite', 'Pike', 'Walthall']#################################################################
train score for random_forest: 0.8885058920542495
test score for random_forest: 0.7673684656950014
The mean absolute error is:$ 95477.66032319689
r_Score: 0.8115563702258408
Voting Regressor (in): 0.9844048532056355
Voting Regressor: 0.8115563702258407
5d1c26c502e1f427a5efbccb
p:  99447.42788037664
5d4c441610755e283aa91209
p:  66852.91765634887
5d4c446310755e283aa9120a
p:  80974.6133043216
5d4ce8e410755e283aa9132f
p:  84074.42423531748
5d4ce96e10755e283aa91330
p:  64655.11549348029
5d4cf5c2ea7b62837da9139d
p:  76541.48095003529
5d4cf6e5ea7b62837da913a5
p:  57061.628642141426
5d4cf7cab422744b2ba912fe
p:  63779.38373248612
5d4cf831ea7b62837da913af
p:  60441.78621929834
5d4cf9daea7b62837da913b6
p:  60441.78621929834
5d4cfa8fea7b62837da913ba
p:  108459.78517970242
Current date and time: 2020-06-08 15:34:11
Successfully connect to DB.
For ['Hinds', 'Rankin', 'Madison', 'Copiah', 'Simpson', 'Warren']#################################################################
train score for random_forest: 0.9523809938425246
test score for random_forest: 0.4928882609944285
The mean absolute error is:$ 81715.54163358088
r_Score: 0.5351937566530587
Voting Regressor (in): 0.9738580601209185
Voting Regressor: 0.5351937566530587
5d19b357a22b896835d02ea4
p:  226431.34524169186
5d19bfc6a22b896835d02f18
p:  231777.88376793664
5d2f6b648b6c8df1a080b69c
p:  162246.39359647175
5d2f73288b6c8df1a080b6c1
p:  197742.04965305107
5d4bd7746f2b8516b7a91132
p:  190912.35217236774
5d4bda8eb422744b2ba91147
p:  218768.4841632064
5d4bdae7b422744b2ba91148
p:  208696.64579778232
5d4bdb826f2b8516b7a91136
p:  185232.5452315217
5d4bdd11b422744b2ba9114c
p:  207667.97666447985
5d4bddd8ea061302d5a91157
p:  176185.57630197285
5d4bde056f2b8516b7a91138
p:  280184.90351215913
5d4bde74ea061302d5a91158
p:  307511.5667086525
5d4bde75f7a99415e4a911bc
p:  45026.288863319714
5d4bdec5f7a99415e4a911bd
p:  450388.88535201346
5d4bdf4fb422744b2ba9114d
p:  253629.6443425517
5d4be0c9f7a99415e4a911c3
p:  192773.6419265581
5d4be2c3b422744b2ba91154
p:  230331.958230577
5d4be31aea061302d5a9115f
p:  142784.789896106
5d4be32e6f2b8516b7a91141
p:  132871.3944612454
5d4be33eb422744b2ba91156
p:  206303.5610450179
5d4be3786f2b8516b7a91142
p:  133972.32576578532
5d4be3fb6f85721562a9114b
p:  118622.6524021862
5d4be4e556fda07344a9116a
p:  174278.61459751741
5d4be61456fda07344a9116d
p:  132704.98220752995
5d4be659d0a8c39449a91159
p:  163679.23440247652
5d4be7066f2b8516b7a91145
p:  175852.55398934244
5d4be72756fda07344a9116e
p:  204438.73837930654
5d4be7d256fda07344a91170
p:  162293.96813760384
5d4be7e3b422744b2ba9115c
p:  252952.802917501
5d4be7f5d0a8c39449a9115a
p:  126425.42887328184
5d4be87bd0a8c39449a9115d
p:  177256.35582885885
5d4be9da56fda07344a91173
p:  146531.71530358202
5d4bec42ea061302d5a9116b
p:  158133.3610382621
5d4bed01b422744b2ba91161
p:  116170.84266613299
5d4bedb8bf87188fa0a9119e
p:  197742.04965305107
5d4bef1bbf87188fa0a911a1
p:  323647.98970538867
5d4befc0bcb076a66aa9114f
p:  239551.969723876
5d4beff0f7a99415e4a911d2
p:  98276.34608659982
5d4bf120b422744b2ba91167
p:  209842.1352629359
5d4bf1b9b422744b2ba91168
p:  246675.68008195295
5d4bf203ea061302d5a91176
p:  162217.91049126477
5d4bf32a6f2b8516b7a9114e
p:  158781.4847702096
5d4bf3c6b422744b2ba9116b
p:  215646.6000107131
5d4bf3cb56fda07344a9117b
p:  165695.38087032046
5d4bf5b056fda07344a9117e
p:  144975.17506827082
5d4bf5e1ea061302d5a9117c
p:  133857.28189708572
5d4bf71f6f2b8516b7a91153
p:  196229.6992029717
5d4bf839bcb076a66aa9115a
p:  120595.55955172205
5d4bf8ded0a8c39449a9116f
p:  268194.3380924014
5d4bf8e0b422744b2ba91171
p:  146210.01839707384
5d4bf98656fda07344a91185
p:  150820.84155856952
5d4bfc44bf87188fa0a911ac
p:  207590.04312987434
5d4bfed956fda07344a9118b
p:  204051.696335556
5d4bff23ea061302d5a91187
p:  88154.6506989453
5d4c0054f7a99415e4a911e0
p:  145931.9634211483
5d4c00bdf7a99415e4a911e1
p:  267810.0422878134
5d4c01a06f2b8516b7a9115f
p:  250588.25267589305
5d4c01f3ea061302d5a9118b
p:  142419.15650886646
5d4c020cbf87188fa0a911b1
p:  169517.6737680577
5d4c03146f2b8516b7a91162
p:  341199.0223239496
5d4c03b056fda07344a91193
p:  206865.5267750248
5d4c04bfb422744b2ba91183
p:  273892.39757520973
5d4c052556fda07344a91194
p:  188488.6609020771
5d4c0535f7a99415e4a911e5
p:  135188.31544439238
5d4c06e6f7a99415e4a911e7
p:  145931.9634211483
5d4c07ccf7a99415e4a911e8
p:  157497.9378397026
5d4c07cd56fda07344a91199
p:  149740.19746667612
5d4c087b6f2b8516b7a91168
p:  190548.15717809205
5d4c08f56f2b8516b7a91169
p:  183472.78031841043
5d4c0a6aea7b62837da91171
p:  181632.4898678906
5d4c0aaabf87188fa0a911b8
p:  229321.09388424648
5d4c0ac7ea061302d5a91198
p:  139665.86630372365
5d4c0afdf7a99415e4a911eb
p:  146318.44087380168
5d4c0b5bf7a99415e4a911ec
p:  207256.8210091015
5d4c0b6756fda07344a911a1
p:  143597.62799254694
5d4c0c44bf87188fa0a911ba
p:  200338.67756066378
5d4c0d3156fda07344a911a4
p:  191104.3732450693
5d4c0dbebf87188fa0a911bc
p:  236173.2424240004
5d4c0e59abc8d09e20a911b2
p:  234953.74796120558
5d4c0e75bf87188fa0a911bf
p:  222373.17021259578
5d4c0eaaabc8d09e20a911b3
p:  141073.24870627862
5d4c0eec6f85721562a91186
p:  52679.84139299198
5d4c0f0ebf87188fa0a911c1
p:  251413.2569513893
5d4c0f32abc8d09e20a911b4
p:  70413.15193657603
5d4c0f4f6f85721562a91187
p:  49332.61778600263
5d4c0faaabc8d09e20a911b5
p:  171530.49866035016
5d4c102dabc8d09e20a911b6
p:  76949.1408469034
5d4c10e8f7a99415e4a911f3
p:  295168.1924391034
5d4c112dabc8d09e20a911b7
p:  153942.56347958907
5d4c117aabc8d09e20a911b8
p:  117199.82110679388
5d4c11e2bf87188fa0a911cb
p:  230507.09172072736
5d4c13ababc8d09e20a911ba
p:  92823.27648689249
5d4c13afbf87188fa0a911d1
p:  256013.8116777586
5d4c149d56fda07344a911a9
p:  134511.3921829319
5d4c14e6abc8d09e20a911bc
p:  160954.24870186555
5d4c1523abc8d09e20a911bd
p:  120808.0751358338
5d4c15d7abc8d09e20a911c0
p:  104936.54003271827
5d4c1610abc8d09e20a911c1
p:  243443.6611051193
5d4c1654bf87188fa0a911da
p:  163166.5377097603
5d4c1677abc8d09e20a911c2
p:  154263.06905283866
5d4c16e8f7a99415e4a911f8
p:  141572.43127568494
5d4c17f9d0a8c39449a91190
p:  78673.56675320555
5d4c1819bcb076a66aa9117b
p:  88607.08434841892
5d4c183bd0a8c39449a91191
p:  60597.424616445336
5d4c1861bf87188fa0a911e1
p:  194236.73702385547
5d4c188af7a99415e4a911fc
p:  131947.03011740098
5d4c189ad0a8c39449a91192
p:  95624.35044191321
5d4c18d0d0a8c39449a91193
p:  62562.58561289597
5d4c195dabc8d09e20a911c5
p:  154193.33435404644
5d4c1995d0a8c39449a91194
p:  57184.65111299016
5d4c19fbabc8d09e20a911c7
p:  157917.9626526417
5d4c1a24d0a8c39449a91196
p:  55993.549302276384
5d4c1a636f2b8516b7a9117e
p:  93606.90379443226
5d4c1bf3bcb076a66aa91180
p:  131342.16864210746
5d4c1c5bd0a8c39449a91197
p:  63359.049427791644
5d4c1cbdbcb076a66aa91183
p:  244866.09237397608
5d4c1d02abc8d09e20a911d7
p:  34769.0149767066
5d4c1d6fabc8d09e20a911d9
p:  24829.855319582653
5d4c1d94abc8d09e20a911da
p:  32574.168810328178
5d4c1d9e6f85721562a91193
p:  75033.12789467724
5d4c1db4abc8d09e20a911db
p:  131495.26254970563
5d4c1db77330958e6ba911e3
p:  47424.16683354175
5d4c1dd1abc8d09e20a911dc
p:  28431.027797719886
5d4c1df76f85721562a91194
p:  187319.65977690445
5d4c1e6babc8d09e20a911df
p:  74364.80306189391
5d4c1e8aabc8d09e20a911e0
p:  43747.98298673838
5d4c1f30b422744b2ba911a3
p:  101147.17537048405
5d4c1f777330958e6ba911e4
p:  154467.00445354683
5d4c1fafb422744b2ba911a4
p:  132459.1406914316
5d4c1fca776de0c2aaa91194
p:  71921.54445194575
5d4c1ffcea061302d5a911af
p:  117352.22139333346
5d4c20187330958e6ba911e5
p:  49077.67175759123
5d4c204dabc8d09e20a911e9
p:  85827.40181754784
5d4c206ad0a8c39449a9119d
p:  54799.43104008331
5d4c2085abc8d09e20a911ea
p:  71946.88053462427
5d4c209fabc8d09e20a911eb
p:  66628.25045821181
5d4c20b7776de0c2aaa91198
p:  156867.90434335388
5d4c20c47330958e6ba911e7
p:  75311.65144212163
5d4c20c6bf87188fa0a911ff
p:  200818.5551027297
5d4c2118abc8d09e20a911ee
p:  52000.76352024535
5d4c21caea061302d5a911b2
p:  37950.93630093665
5d4c21f7776de0c2aaa91199
p:  139612.48319260153
5d4c220cb422744b2ba911a7
p:  176980.02451118722
5d4c2240abc8d09e20a911f5
p:  75419.17173379462
5d4c2278b422744b2ba911a8
p:  139178.31922696746
5d4c22baea061302d5a911b3
p:  61753.23226551742
5d4c22f3b422744b2ba911a9
p:  117237.85411981631
5d4c2311ea061302d5a911b4
p:  77434.6514877133
5d4c2464776de0c2aaa9119b
p:  87832.44042277649
5d4c248056fda07344a911b4
p:  191028.00132911405
5d4c24f9abc8d09e20a911f8
p:  53553.83528234812
5d4c258eb422744b2ba911ac
p:  108002.88344523123
5d4c2596776de0c2aaa9119e
p:  232239.93930538054
5d4c25e7b422744b2ba911ad
p:  154663.67852283537
5d4c25fed0a8c39449a911a2
p:  66471.18883301155
5d4c26097330958e6ba911e8
p:  121586.39973493655
5d4c2673776de0c2aaa9119f
p:  90274.9580451338
5d4c269e7330958e6ba911e9
p:  94241.41555321339
5d4c26dc7330958e6ba911ea
p:  33673.2946552203
5d4c27f8abc8d09e20a911fc
p:  48595.04409480591
5d4c2856776de0c2aaa911a0
p:  87069.15376560477
5d4c2868bf87188fa0a9120b
p:  185815.6966124868
5d4c28a2776de0c2aaa911a1
p:  94279.0089651984
5d4c28b7abc8d09e20a911fd
p:  380723.9064022796
5d4c28c6d0a8c39449a911a3
p:  44089.02259384905
5d4c29a4d0a8c39449a911a4
p:  100620.24909809716
5d4c2a15abc8d09e20a911fe
p:  92722.46821825455
5d4c2a24ea061302d5a911b9
p:  76775.43975543803
5d4c2a9ad0a8c39449a911a5
p:  56781.45969388767
5d4c2ad9ea061302d5a911bb
p:  51302.045708640406
5d4c2b2fd0a8c39449a911a7
p:  41416.08371902775
5d4c2bababc8d09e20a911ff
p:  164971.19358887023
5d4c2bc1b422744b2ba911b4
p:  133458.9217114538
5d4c2bc6ea061302d5a911bd
p:  65987.51185107173
5d4c2bcfd0a8c39449a911a8
p:  55431.983472052816
5d4c2cc4ea061302d5a911be
p:  42195.26341271421
5d4c2d02d0a8c39449a911a9
p:  41177.28793049631
5d4c2d25b422744b2ba911b6
p:  145937.03754953126
5d4c2dcdabc8d09e20a91203
p:  70830.02212546373
5d4c2df1ea061302d5a911bf
p:  78193.64792466717
5d4c2df2f7a99415e4a91215
p:  132868.11033959547
5d4c2e657330958e6ba911f1
p:  65203.32485347292
5d4c2e93d0a8c39449a911aa
p:  38759.90516421113
5d4c2f10b422744b2ba911b8
p:  106592.09893454719
5d4c2f4cd0a8c39449a911ab
p:  64972.10238370442
5d4c2f5fb422744b2ba911b9
p:  171967.84085638556
5d4c2f67776de0c2aaa911a6
p:  83047.87687735642
5d4c2f7cea061302d5a911c0
p:  40486.748544040405
5d4c3011b422744b2ba911ba
p:  126667.93897575673
5d4c308db422744b2ba911bb
p:  165693.74903014736
5d4c30b3d0a8c39449a911ad
p:  42509.85521156606
5d4c30ced0a8c39449a911ae
p:  40884.97054806103
5d4c3112d0a8c39449a911b0
p:  42934.66413566393
5d4c3140776de0c2aaa911a7
p:  122928.7402757314
5d4c317d776de0c2aaa911a9
p:  88187.2151605007
5d4c319a776de0c2aaa911aa
p:  86612.38857709571
5d4c31b8776de0c2aaa911ab
p:  101391.08615380732
5d4c31f5d0a8c39449a911b2
p:  48160.216079219215
5d4c322b776de0c2aaa911ae
p:  145457.6470602043
5d4c3241ea061302d5a911c3
p:  56529.65536667344
5d4c3279ea7b62837da911a6
p:  266836.43113355007
5d4c32afd0a8c39449a911b5
p:  57195.041669490696
5d4c33017330958e6ba911f6
p:  49941.45943917085
5d4c3320d0a8c39449a911b7
p:  56867.48828026328
5d4c337d6f85721562a911b5
p:  174497.13466330233
5d4c33beea061302d5a911c4
p:  244223.79427997395
5d4c33d37330958e6ba911f7
p:  39302.079041257115
5d4c3420b422744b2ba911c0
p:  267373.9458031364
5d4c343d7330958e6ba911f8
p:  31498.191898009783
5d4c34a7ea061302d5a911c5
p:  71701.48939628975
5d4c3518776de0c2aaa911b6
p:  64661.78456672355
5d4c352cea061302d5a911c6
p:  99949.1895912044
5d4c35a37330958e6ba911fb
p:  66139.59547527778
5d4c35d5d0a8c39449a911be
p:  63735.34989047065
5d4c36537330958e6ba911fd
p:  147803.3449922686
5d4c3696b422744b2ba911c4
p:  120091.18231525425
5d4c36cbb422744b2ba911c5
p:  110112.89658259152
5d4c3797ea061302d5a911ca
p:  