Current date and time: 2020-06-07 15:34:19
Successfully connect to DB.
For ['Beaverhead', 'Big Horn', 'Blaine', 'Broadwater', 'Carbon', 'Carter', 'Cascade', 'Chouteau', 'Custer', 'Daniels', 'Dawson', 'Deer Lodge', 'Fallon', 'Fergus', 'Flathead', 'Gallatin', 'Garfield', 'Glacier', 'Golden Valley', 'Granite', 'Hill', 'Jefferson', 'Judith Basin', 'Lake', 'Lewis and Clark', 'Liberty', 'Lincoln', 'Madison', 'McCone', 'Meagher', 'Mineral', 'Missoula', 'Musselshell', 'Park', 'Petroleum', 'Phillips', 'Pondera', 'Powder River', 'Powell', 'Prairie', 'Ravalli', 'Richland', 'Roosevelt', 'Rosebud', 'Sanders', 'Sheridan', 'Silver Bow', 'Stillwater', 'Sweet Grass', 'Teton', 'Toole', 'Treasure', 'Valley', 'Wheatland', 'Wibaux', 'Yellowstone']#################################################################
train score for random_forest: 0.9219795948192603
test score for random_forest: 0.42389782694959693
The mean absolute error is:$ 195796.35510962186
r_Score: 0.48551037172970835
Voting Regressor (in): 0.9078253262465895
Voting Regressor: 0.48551037172970835
5d0e678845ebd0b4c32fce77
p:  141443.70426600403
5d0e90a42b8f60b82b8f8d4f
p:  916224.1294841801
5d12a1a7b7ae3de20d8d6e75
p:  331233.7302573833
5d12b968b7ae3de20d8d6f06
p:  121432.00999075736
5d152715956895bc92c23480
p:  202130.04020333753
5d15271b61db25f333c23485
p:  364180.99745109177
5d15272061db25f333c23486
p:  379364.9273528521
5d15273661db25f333c2348a
p:  528659.9111123581
5d15276bea5ec93195c23482
p:  161053.61998286855
5d152777ea5ec93195c23484
p:  223896.5990094663
5d152784ea5ec93195c23486
p:  372743.5826953759
5d15278aea5ec93195c23487
p:  314630.30267470493
5d1527d4fa5fcbee55c23483
p:  123674.10870988929
5d15286961db25f333c23497
p:  317866.5482666209
5d15289261db25f333c2349d
p:  364180.99745109177
5d1528979f305369afc23487
p:  127838.01535447483
5d1528a9e9482d7bd5c23487
p:  258128.20484086502
5d1528e59f305369afc23491
p:  94833.87805730294
5d1528ed9f305369afc23492
p:  145143.5976652674
5d152990fad23e8964c23489
p:  269639.8926471784
5d152996fad23e8964c2348a
p:  350968.8285582352
5d15299bfad23e8964c2348b
p:  153324.13441465783
5d1529e2fad23e8964c23491
p:  141107.14416987394
5d1529feea5ec93195c23490
p:  222298.0878558479
5d152a0ffad23e8964c23497
p:  151238.07969384314
5d152a1a08d623053dc2348c
p:  175973.1681984709
5d152a26fad23e8964c2349a
p:  216637.24347197785
5d152a3bfad23e8964c2349d
p:  163068.21977911924
5d152aaf9f305369afc23497
p:  206045.43515632875
5d152ac59f305369afc23499
p:  184784.28205811058
5d152ae79f305369afc2349c
p:  115147.68867440819
5d152afe61db25f333c234a2
p:  312108.3806284275
5d152b0b9f305369afc234a0
p:  234549.6829874984
5d152b1861db25f333c234a3
p:  327774.3213826228
5d152b219f305369afc234a1
p:  131226.64400859483
5d152b279f305369afc234a2
p:  219074.176284476
5d152b339f305369afc234a4
p:  127838.01535447483
5d152b36f4984cabc7c2348e
p:  92923.7529432632
5d152b49fa5fcbee55c2349b
p:  272159.5297568558
5d152b5108d623053dc2348f
p:  252764.0605450846
5d152bf2e9482d7bd5c23490
p:  311564.6864954933
5d152c0f9f305369afc234a9
p:  189203.31512411803
5d152c12e9482d7bd5c23495
p:  344533.5804493412
5d152c249f305369afc234ad
p:  233210.24187581387
5d152c329f305369afc234af
p:  148835.15141610082
5d152c579f305369afc234b0
p:  131226.64400859483
5d152c65fad23e8964c234a4
p:  204538.62578735518
5d152c7ffad23e8964c234a8
p:  482982.1678917508
5d152c90f4984cabc7c23494
p:  162029.90786181018
5d152cdd08d623053dc23492
p:  128203.45491577001
5d152ce39f305369afc234b2
p:  186972.10151184525
5d152d2d61db25f333c234ae
p:  317866.5482666209
5d152d4cfad23e8964c234ad
p:  146364.72269305776
5d152d77f4984cabc7c23498
p:  103687.93118921749
5d152da10c91b6a457c2349e
p:  229085.8868394798
5d152da9ea5ec93195c2349a
p:  164491.7725463888
5d152db2f4984cabc7c23499
p:  112810.95908128777
5d152dbe08d623053dc23494
p:  199928.4753158337
5d152dd20c91b6a457c234a3
p:  237860.92705148208
5d152e67f4984cabc7c2349c
p:  105736.26174308281
5d152e6aade3270101c23494
p:  138712.66360604894
5d152e9b01090d4022c2348f
p:  157691.70914673887
5d152ec761db25f333c234bb
p:  158799.6977436653
5d152ee708d623053dc23497
p:  134557.54618551093
5d152ef008d623053dc23498
p:  259145.9285147686
5d152f6fe9482d7bd5c2349f
p:  332079.7127737516
5d152f74ea5ec93195c234a6
p:  240428.4337066849
5d152f81e9482d7bd5c234a2
p:  275557.60608474456
5d152f9701090d4022c2349e
p:  135518.19258943025
5d152f9cfad23e8964c234af
p:  218693.31591124972
5d153017fad23e8964c234b4
p:  265939.7454517489
5d15304501090d4022c234a0
p:  189828.58307076737
5d15306e01090d4022c234a1
p:  97435.9531667299
5d15311ffad23e8964c234be
p:  237119.16201411915
5d153137fad23e8964c234bf
p:  290792.0135695785
5d1531a3fad23e8964c234c2
p:  231020.31892766734
5d1531bffad23e8964c234c3
p:  212035.21530640684
5d153272956895bc92c234be
p:  165887.46683109328
5d1532d8fad23e8964c234ca
p:  218255.02299390052
5d1532de01090d4022c234a5
p:  103376.41430537068
5d1532f601090d4022c234a6
p:  108405.26368000504
5d1532ff08d623053dc234aa
p:  160731.5470248929
5d15336e08d623053dc234ab
p:  174910.16800844745
5d1533a408d623053dc234ac
p:  223500.86937288143
5d1533e2ea5ec93195c234bc
p:  102247.31265559923
5d1533f2fad23e8964c234cd
p:  188837.8756195791
5d1533fd22666cc1d3c234b5
p:  144875.4739108043
5d1534f0fad23e8964c234d5
p:  217900.1842814901
5d15352961db25f333c234cb
p:  125909.92579723815
5d15353961db25f333c234cc
p:  297256.54075354827
5d15354861db25f333c234ce
p:  240009.39126240934
5d1535a108d623053dc234b1
p:  232863.11157244653
5d1535c308d623053dc234b3
p:  232621.72099998494
5d1535e708d623053dc234b5
p:  238419.68129179213
5d15362e9f305369afc234d2
p:  144364.02408713032
5d15364508d623053dc234b7
p:  205889.31497387384
5d15367a0c91b6a457c234bc
p:  201869.4200048837
5d15367c9f305369afc234d3
p:  244219.29021748248
5d1536f522666cc1d3c234c3
p:  221428.61893884634
5d15370422666cc1d3c234c4
p:  84271.40579352545
5d1537109f305369afc234d4
p:  169474.6319710717
5d1537259f305369afc234d5
p:  131694.549988695
5d15372cfa5fcbee55c234d3
p:  306655.5814244661
5d1537deade3270101c234b9
p:  150734.06843948783
5d1537e2ade3270101c234ba
p:  155050.79896120893
5d1537faade3270101c234be
p:  141555.0887458181
5d15384208d623053dc234bb
p:  283825.49540954106
5d15385461db25f333c234d8
p:  211184.00809062447
5d15385c61db25f333c234d9
p:  151980.25015070676
5d15386161db25f333c234da
p:  194830.5496849473
5d153863e1a5c9631ec234bd
p:  220628.89881789527
5d1538c508d623053dc234c0
p:  283638.98190230347
5d1538d708d623053dc234c2
p:  168661.85553318428
5d1538db22666cc1d3c234c9
p:  183783.8968821279
5d1538e408d623053dc234c4
p:  228394.54536998988
5d15391108d623053dc234c6
p:  168121.5164746937
5d15393308d623053dc234c9
p:  219087.1217688666
5d1539469f305369afc234d9
p:  135015.44015980908
5d153974ade3270101c234c0
p:  141555.0887458181
5d1539919f305369afc234dc
p:  188908.58764595806
5d1539a6fa5fcbee55c234e4
p:  495523.590024959
5d1539ba956895bc92c234de
p:  396738.609905117
5d153a37956895bc92c234e5
p:  884752.7548320165
5d153a97ea5ec93195c234d5
p:  472956.9017153852
5d153aa1956895bc92c234e7
p:  356300.5463091816
5d153aaefa5fcbee55c234e9
p:  602898.7771852927
5d153aca08d623053dc234cc
p:  202766.29574418842
5d153ad008d623053dc234cd
p:  317252.3224003297
5d153adbe1a5c9631ec234cd
p:  166833.05222421238
5d153ae0e9482d7bd5c234e5
p:  101663.21032104941
5d153b00e1a5c9631ec234d1
p:  255309.71762347038
5d153b06e1a5c9631ec234d2
p:  217249.72829421982
5d153b0fe1a5c9631ec234d3
p:  199277.1171620338
5d153b18fad23e8964c234e1
p:  325156.15376967716
5d153b3c9f305369afc234de
p:  202330.20568778418
5d153b4ee9482d7bd5c234ef
p:  126189.72531207126
5d153b54fa5fcbee55c234ef
p:  832564.8051928572
5d153b56956895bc92c234ea
p:  373433.5903430734
5d153bb69f305369afc234e1
p:  192165.34518675046
5d153bfd9f305369afc234e3
p:  145061.76776807418
5d153c0261db25f333c234ea
p:  125909.92579723815
5d153c0408d623053dc234ce
p:  253426.81645817342
5d153c1008d623053dc234d0
p:  208735.7524364438
5d153c119f305369afc234e4
p:  137436.6831617481
5d153c1608d623053dc234d1
p:  328612.4613449535
5d153c29956895bc92c234ef
p:  472325.59492812766
5d153c30956895bc92c234f0
p:  377703.64956311346
5d153c3c61db25f333c234eb
p:  224911.6319926256
5d153c58fa5fcbee55c234f5
p:  364544.5810365353
5d153c979f305369afc234e7
p:  380232.77953948453
5d153cd0fa5fcbee55c234f6
p:  355482.2920034892
5d153d02956895bc92c234f3
p:  326116.38845079887
5d153d0661db25f333c234ef
p:  241224.6761973009
5d153d55956895bc92c234f5
p:  714163.9554035817
5d153d5d08d623053dc234d4
p:  247309.13662480345
5d153d7601090d4022c234ca
p:  331110.1599259201
5d153dd4fa5fcbee55c23500
p:  492882.99187016586
5d153e609f305369afc234f1
p:  259207.00662493234
5d153e8b956895bc92c23500
p:  387020.7908720325
5d153e969f305369afc234f2
p:  443130.5176888297
5d153fa1ea5ec93195c234eb
p:  338105.18867089343
5d153fb6956895bc92c23501
p:  417725.12893475173
5d153fba956895bc92c23502
p:  523262.90331245726
5d153fe5fa5fcbee55c23512
p:  838889.7516031177
5d153fe9fad23e8964c234e8
p:  488246.83412513364
5d154003fa5fcbee55c23515
p:  974378.8922688629
5d15401efa5fcbee55c23518
p:  439601.7553133847
5d15402401090d4022c234d4
p:  577388.2094574836
5d154039ea5ec93195c234f3
p:  433254.0806886155
5d15404d0c91b6a457c234e7
p:  271774.50699717127
5d15406608d623053dc234dd
p:  297323.16415724077
5d154073fa5fcbee55c23519
p:  484899.5361523583
5d1540d4e1a5c9631ec234e8
p:  220271.63223152352
5d1540ff08d623053dc234df
p:  211275.41480440722
5d15410fade3270101c234d5
p:  188585.52539630322
5d154137956895bc92c23509
p:  365181.10825374565
5d15418eade3270101c234dc
p:  136194.30004979306
5d154198fa5fcbee55c2351e
p:  459196.7122167588
5d154199ade3270101c234dd
p:  185231.98550335097
5d1541b8ade3270101c234df
p:  155050.79896120893
5d1541d2ade3270101c234e1
p:  177475.8655040461
5d1541fdade3270101c234e4
p:  155050.79896120893
5d15421dade3270101c234e7
p:  166098.04872138618
5d15422fade3270101c234e8
p:  141555.0887458181
5d154282ade3270101c234ee
p:  141555.0887458181
5d1542a622666cc1d3c234df
p:  444211.81990901334
5d1542b8ade3270101c234f1
p:  235616.29303838004
5d1542d7fa5fcbee55c2351f
p:  365912.5484860367
5d154300956895bc92c2350f
p:  397514.3038811609
5d15430ce9482d7bd5c2350e
p:  286500.97813163674
5d154314ade3270101c234f9
p:  171447.614646198
5d15432701090d4022c234e0
p:  553470.4622283166
5d15432822666cc1d3c234e0
p:  312577.65115990845
5d15432b0c91b6a457c234eb
p:  313272.4221206155
5d15433cade3270101c234fb
p:  141555.0887458181
5d154353ade3270101c234fc
p:  135969.67770454712
5d15435822666cc1d3c234e1
p:  396774.63316009927
5d154370e9482d7bd5c2350f
p:  311228.5797407538
5d15437161db25f333c23505
p:  206978.41456411
5d15437ae9482d7bd5c23510
p:  428899.3334201607
5d15437b22666cc1d3c234e2
p:  304116.40721533494
5d15437f22666cc1d3c234e3
p:  314536.9550484163
5d15439f61db25f333c23506
p:  152068.73643133807
5d1543bcfa5fcbee55c23525
p:  437181.785853565
5d1543ff01090d4022c234e3
p:  282430.9225871612
5d154427ea5ec93195c23500
p:  364882.2000884101
5d154432ea5ec93195c23501
p:  386554.39007926174
5d1544400c91b6a457c234ef
p:  356243.2215624184
5d154462e9482d7bd5c23513
p:  267904.4233247487
5d154466fa5fcbee55c23527
p:  720637.1360517135
5d154474956895bc92c23515
p:  388833.0207015998
5d15448b61db25f333c2350b
p:  140623.197419349
5d154491fa5fcbee55c23528
p:  497357.7365219002
5d1544a3e1a5c9631ec234f6
p:  521975.7153516236
5d15450e0c91b6a457c234f1
p:  447022.1941140874
5d154519fa5fcbee55c2352b
p:  707271.6359045764
5d154529fa5fcbee55c2352d
p:  765983.3237227919
5d154531fa5fcbee55c2352e
p:  707271.6359045764
5d1545d7fa5fcbee55c23531
p:  598337.2547253292
5d1545d9956895bc92c2351e
p:  363459.34352682275
5d154601956895bc92c23522
p:  443056.63910640945
5d15460bfa5fcbee55c23536
p:  494209.6997907608
5d15461e9f305369afc23515
p:  308165.308346771
5d1546259f305369afc23516
p:  456673.74028489826
5d154633e9482d7bd5c23518
p:  312113.7146794294
5d15469661db25f333c23525
p:  336138.78148729843
5d1546fce9482d7bd5c2351b
p:  311228.5797407538
5d15470de9482d7bd5c2351c
p:  231304.77486347686
5d154710956895bc92c23529
p:  502440.0676127132
5d154723e9482d7bd5c2351e
p:  505906.34998447035
5d154742e9482d7bd5c23521
p:  206817.82575440474
5d154761e9482d7bd5c23524
p:  391614.0413915823
5d15478be9482d7bd5c23527
p:  391466.07383327815
5d15478ce1a5c9631ec23501
p:  346780.77365540195
5d1547dc61db25f333c2352b
p:  322893.29549755435
5d15480bea5ec93195c2350a
p:  328069.5413611723
5d154841ea5ec93195c2350c
p:  358378.37963227095
5d154854ea5ec93195c2350d
p:  380349.9969003623
5d154856e1a5c9631ec23504
p:  321154.68272475235
5d15486fe9482d7bd5c2352b
p:  235725.20741001324
5d15489361db25f333c2352d
p:  352392.36902431457
5d1548a0ea5ec93195c23510
p:  417337.7354550952
5d1548b0e9482d7bd5c2352c
p:  331735.07575470424
5d1548dd61db25f333c23530
p:  617496.515869892
5d1548f1e9482d7bd5c2352d
p:  397486.3964988306
5d1548f722666cc1d3c23505
p:  333354.13050649466
5d1548f961db25f333c23534
p:  366024.4533047471
5d15491c956895bc92c23536
p:  396860.1861254584
5d15491f0c91b6a457c234fd
p:  204509.00740244304
5d15497c9f305369afc23524
p:  518907.7694449305
5d15497e956895bc92c2353a
p:  378699.0803037311
5d1549defad23e8964c23509
p:  288801.6900069822
5d154a1a956895bc92c2353b
p:  365181.10825374565
5d154a4e956895bc92c2353f
p:  245014.85279850176
5d154a5c956895bc92c23540
p:  396243.11003466183
5d154aab08d623053dc234fa
p:  378785.64036986383
5d154ac222666cc1d3c23519
p:  253753.4607489121
5d154b3de9482d7bd5c23536
p:  342728.6005934352
5d154b6961db25f333c2353e
p:  497017.3150784887
5d154b7de9482d7bd5c23537
p:  410651.08024906495
5d154b8e22666cc1d3c23520
p:  443713.0867942708
5d154befe1a5c9631ec23512
p:  279765.6748627967
5d154c3de1a5c9631ec23513
p:  204242.60515227343
5d154c53f4984cabc7c23537
p:  390347.27699739183
5d154c7fe9482d7bd5c2353b
p:  218448.06043416593
5d154c81e1a5c9631ec23514
p:  283581.55176038295
5d154cc0e9482d7bd5c2353c
p:  473608.3918850332
5d154cf8e1a5c9631ec23515
p:  319294.9244114703
5d154d35fa5fcbee55c2354f
p:  465642.0703707683
5d154d3ae1a5c9631ec23516
p:  348433.66429466486
5d154d86e9482d7bd5c2353f
p:  221466.6023383479
5d154dc7e9482d7bd5c23540
p:  364406.2298884869
5d154dcb08d623053dc23508
p:  578533.8998571949
5d154e0022666cc1d3c2353a
p:  165686.5988021294
5d154e07e9482d7bd5c23541
p:  357870.5270085625
5d154e88e9482d7bd5c23543
p:  333447.78874367336
5d154e91956895bc92c2354b
p:  393078.4874235708
5d154edbfa5fcbee55c2355d
p:  473610.69629958866
5d154efcfa5fcbee55c23561
p:  419131.47655272065
5d154f2fade3270101c2351d
p:  342563.18231918133
5d154f7b0c91b6a457c23525
p:  324689.0090670503
5d154fb90c91b6a457c23529
p:  355170.03661187156
5d154fea08d623053dc2350d
p:  310429.03329898976
5d15500a956895bc92c2354e
p:  402070.3744369182
5d155093e9482d7bd5c2354b
p:  281449.4876868418
5d155099ade3270101c2351f
p:  357386.5047657471
5d1550acade3270101c23520
p:  421503.69833889895
5d1550b9ade3270101c23521
p:  352384.6682739798
5d155110956895bc92c23555
p:  395751.39024193486
5d15513b0c91b6a457c23532
p:  567496.096845109
5d15515d9f305369afc23556
p:  323097.22325621307
5d15515f01090d4022c2350d
p:  438616.666993593
5d1551739f305369afc23557
p:  463917.75168116303
5d155189fa5fcbee55c23580
p:  280101.6534094214
5d15521801090d4022c23518
p:  565776.312625972
5d15523022666cc1d3c23550
p:  371494.11863457086
5d15524201090d4022c2351a
p:  584102.6276708368
5d15525501090d4022c2351b
p:  455085.0616164848
5d15526901090d4022c2351c
p:  455085.0616164848
5d155277956895bc92c23557
p:  382840.38771491667
5d1552e722666cc1d3c2355d
p:  276740.92814702366
5d155345f4984cabc7c23554
p:  250796.5469636002
5d15537d01090d4022c23520
p:  284888.9034491273
5d15541f956895bc92c2355d
p:  295012.59582352615
5d1554a901090d4022c23528
p:  584819.8064179326
5d15552c956895bc92c2356e
p:  622360.5525335635
5d15580f22666cc1d3c23578
p:  497067.3349250709
5d15581b22666cc1d3c23579
p:  306129.71979174356
5d15582622666cc1d3c2357a
p:  905773.2652651952
5d15585822666cc1d3c23580
p:  367336.8358618722
5d155a7722666cc1d3c23587
p:  395847.06483280146
5d155be322666cc1d3c2358e
p:  380965.8117175107
5d155c1122666cc1d3c23590
p:  368043.3955832583
5d155f7022666cc1d3c23597
p:  329301.60949813086
5d1561d022666cc1d3c235a2
p:  1271595.5858562207
5d1562bf22666cc1d3c235a5
p:  302250.56462854665
5d15638922666cc1d3c235a9
p:  580925.051304692
5d15639822666cc1d3c235aa
p:  975234.1132711072
5d1563bf22666cc1d3c235ac
p:  506301.24874116393
5d1564c322666cc1d3c235b1
p:  561671.4360681227
5d1564fc22666cc1d3c235b2
p:  696583.6873584874
5d1c941bdbebfd779eefbda3
p:  152941.03192596888
5d26b0d5107c1d579eeb69b9
p:  346485.6491605997
5d2ce9cbaa1ce31ade80b0cf/home/testapiuser/HouseApp_2/PricePrediction/MTPrice.py:321: SettingWithCopyWarning: 
A value is trying to be set on a copy of a slice from a DataFrame.
Try using .loc[row_indexer,col_indexer] = value instead

See the caveats in the documentation: http://pandas.pydata.org/pandas-docs/stable/indexing.html#indexing-view-versus-copy
  df2['AreaSpace_SQFT'] = df2['AreaSpace_SQFT'].astype(int)
/home/testapiuser/HouseApp_2/PricePrediction/MTPrice.py:333: SettingWithCopyWarning: 
A value is trying to be set on a copy of a slice from a DataFrame.
Try using .loc[row_indexer,col_indexer] = value instead

See the caveats in the documentation: http://pandas.pydata.org/pandas-docs/stable/indexing.html#indexing-view-versus-copy
  df2['Price'] = z1
/home/testapiuser/HouseApp_2/PricePrediction/MTPrice.py:340: SettingWithCopyWarning: 
A value is trying to be set on a copy of a slice from a DataFrame.
Try using .loc[row_indexer,col_indexer] = value instead

See the caveats in the documentation: http://pandas.pydata.org/pandas-docs/stable/indexing.html#indexing-view-versus-copy
  df2['AreaSpace_SQFT'] = z2

p:  336444.555061187
5d34ddf918f8dde30a0abce2
p:  465297.06310115836
5d38cfaddd2d94d3c8b03c6d
p:  205211.82556351135
5d38cfbc02947826d9b03c55
p:  205211.82556351135
5d38fb167110e453a0b03ba3
p:  372167.61002975283
5d45367ff6b4c2439b8b205b
p:  356300.5463091816
Current date and time: 2020-06-08 15:34:11
Successfully connect to DB.
For ['Beaverhead', 'Big Horn', 'Blaine', 'Broadwater', 'Carbon', 'Carter', 'Cascade', 'Chouteau', 'Custer', 'Daniels', 'Dawson', 'Deer Lodge', 'Fallon', 'Fergus', 'Flathead', 'Gallatin', 'Garfield', 'Glacier', 'Golden Valley', 'Granite', 'Hill', 'Jefferson', 'Judith Basin', 'Lake', 'Lewis and Clark', 'Liberty', 'Lincoln', 'Madison', 'McCone', 'Meagher', 'Mineral', 'Missoula', 'Musselshell', 'Park', 'Petroleum', 'Phillips', 'Pondera', 'Powder River', 'Powell', 'Prairie', 'Ravalli', 'Richland', 'Roosevelt', 'Rosebud', 'Sanders', 'Sheridan', 'Silver Bow', 'Stillwater', 'Sweet Grass', 'Teton', 'Toole', 'Treasure', 'Valley', 'Wheatland', 'Wibaux', 'Yellowstone']#################################################################
train score for random_forest: 0.9203641057363621
test score for random_forest: 0.4242910101282804
The mean absolute error is:$ 199752.6913692752
r_Score: 0.47483994768181204
Voting Regressor (in): 0.9076388128529603
Voting Regressor: 0.47483994768181204
5d0e678845ebd0b4c32fce77
p:  142661.75214518688
5d0e90a42b8f60b82b8f8d4f
p:  863440.2061960448
5d12a1a7b7ae3de20d8d6e75
p:  325104.13509960356
5d12b968b7ae3de20d8d6f06
p:  124268.50934824118
5d152715956895bc92c23480
p:  162659.45673830167
5d15271b61db25f333c23485
p:  325285.0107909017
5d15272061db25f333c23486
p:  377077.54505656497
5d15273661db25f333c2348a
p:  474820.9760547161
5d15276bea5ec93195c23482
p:  149705.51096201275
5d152777ea5ec93195c23484
p:  235560.31065439514
5d152784ea5ec93195c23486
p:  395235.49188035814
5d15278aea5ec93195c23487
p:  215950.47159608075
5d1527d4fa5fcbee55c23483
p:  133665.94858146837
5d15286961db25f333c23497
p:  299519.9614737168
5d15289261db25f333c2349d
p:  325285.0107909017
5d1528979f305369afc23487
p:  120811.21845136717
5d1528a9e9482d7bd5c23487
p:  155896.06655092567
5d1528e59f305369afc23491
p:  104167.11516877878
5d1528ed9f305369afc23492
p:  68382.04740571702
5d152990fad23e8964c23489
p:  293222.84006950655
5d152996fad23e8964c2348a
p:  312701.4015682739
5d15299bfad23e8964c2348b
p:  148869.12153369834
5d1529e2fad23e8964c23491
p:  60183.363563516396
5d1529feea5ec93195c23490
p:  217885.73421267408
5d152a0ffad23e8964c23497
p:  147470.36243503995
5d152a1a08d623053dc2348c
p:  187288.9667184918
5d152a26fad23e8964c2349a
p:  223388.19605613657
5d152a3bfad23e8964c2349d
p:  158302.07294992998
5d152aaf9f305369afc23497
p:  216779.88894474792
5d152ac59f305369afc23499
p:  186653.45205088117
5d152ae79f305369afc2349c
p:  109928.2070179373
5d152afe61db25f333c234a2
p:  301311.0335133526
5d152b0b9f305369afc234a0
p:  226535.61755144573
5d152b1861db25f333c234a3
p:  338820.2969566375
5d152b219f305369afc234a1
p:  121565.66520732596
5d152b279f305369afc234a2
p:  211752.63742582715
5d152b339f305369afc234a4
p:  123513.51010926688
5d152b36f4984cabc7c2348e
p:  103806.49065584865
5d152b49fa5fcbee55c2349b
p:  282085.6019538951
5d152b5108d623053dc2348f
p:  247610.52591445425
5d152bf2e9482d7bd5c23490
p:  312257.27506943105
5d152c0f9f305369afc234a9
p:  187076.47486945114
5d152c12e9482d7bd5c23495
p:  341382.4520318656
5d152c249f305369afc234ad
p:  231875.9681605121
5d152c329f305369afc234af
p:  134328.54968298576
5d152c579f305369afc234b0
p:  121565.66520732596
5d152c65fad23e8964c234a4
p:  194482.56459758378
5d152c7ffad23e8964c234a8
p:  531080.5880903455
5d152c90f4984cabc7c23494
p:  136212.4234720066
5d152cdd08d623053dc23492
p:  122421.42814839567
5d152ce39f305369afc234b2
p:  178935.09523194743
5d152d2d61db25f333c234ae
p:  299519.9614737168
5d152d4cfad23e8964c234ad
p:  139207.16169677532
5d152d77f4984cabc7c23498
p:  105485.70910008061
5d152da10c91b6a457c2349e
p:  231696.32831533815
5d152da9ea5ec93195c2349a
p:  151651.0168305069
5d152db2f4984cabc7c23499
p:  40163.70836934078
5d152dbe08d623053dc23494
p:  209537.5872048457
5d152dd20c91b6a457c234a3
p:  238156.91668829008
5d152e67f4984cabc7c2349c
p:  102895.94424408973
5d152e6aade3270101c23494
p:  143192.32283549997
5d152e9b01090d4022c2348f
p:  191199.6935287232
5d152ec761db25f333c234bb
p:  157243.1088316519
5d152ee708d623053dc23497
p:  135728.16759220866
5d152ef008d623053dc23498
p:  258834.9155474061
5d152f6fe9482d7bd5c2349f
p:  332850.71316382464
5d152f74ea5ec93195c234a6
p:  254189.60952894518
5d152f81e9482d7bd5c234a2
p:  194465.6855295517
5d152f9701090d4022c2349e
p:  150130.39049712115
5d152f9cfad23e8964c234af
p:  219200.93807456992
5d153017fad23e8964c234b4
p:  262830.69980068225
5d15304501090d4022c234a0
p:  194239.69431609602
5d15306e01090d4022c234a1
p:  97711.33825056066
5d15311ffad23e8964c234be
p:  250034.08798202273
5d153137fad23e8964c234bf
p:  278861.50814337115
5d1531a3fad23e8964c234c2
p:  251137.91130172368
5d1531bffad23e8964c234c3
p:  208462.20271643432
5d153272956895bc92c234be
p:  161876.91580425506
5d1532d8fad23e8964c234ca
p:  216730.85316219315
5d1532de01090d4022c234a5
p:  115173.79729511138
5d1532f601090d4022c234a6
p:  102283.57938240528
5d1532ff08d623053dc234aa
p:  99114.81363061316
5d15336e08d623053dc234ab
p:  181989.30575357302
5d1533a408d623053dc234ac
p:  207257.79816320422
5d1533e2ea5ec93195c234bc
p:  98489.62994050281
5d1533f2fad23e8964c234cd
p:  196498.2653115436
5d1533fd22666cc1d3c234b5
p:  129699.83145811866
5d1534f0fad23e8964c234d5
p:  213736.16948444443
5d15352961db25f333c234cb
p:  113829.28790364838
5d15353961db25f333c234cc
p:  317575.23353772605
5d15354861db25f333c234ce
p:  264844.5991763475
5d1535a108d623053dc234b1
p:  238552.89492390043
5d1535c308d623053dc234b3
p:  244040.50786136545
5d1535e708d623053dc234b5
p:  235676.57477742533
5d15362e9f305369afc234d2
p:  137234.85860716764
5d15364508d623053dc234b7
p:  206801.3662744431
5d15367a0c91b6a457c234bc
p:  207474.97201972705
5d15367c9f305369afc234d3
p:  243085.6121581132
5d1536f522666cc1d3c234c3
p:  233966.90764984634
5d15370422666cc1d3c234c4
p:  81102.55150202647
5d1537109f305369afc234d4
p:  166859.1588545784
5d1537259f305369afc234d5
p:  127479.0927107821
5d15372cfa5fcbee55c234d3
p:  299263.65903844405
5d1537deade3270101c234b9
p:  152251.7451971543
5d1537e2ade3270101c234ba
p:  179130.42753557808
5d1537faade3270101c234be
p:  91117.3663987186
5d15384208d623053dc234bb
p:  271098.328069197
5d15385461db25f333c234d8
p:  200889.18091350648
5d15385c61db25f333c234d9
p:  70249.88441912227
5d15386161db25f333c234da
p:  190185.38244365138
5d153863e1a5c9631ec234bd
p:  228000.92476576575
5d1538c508d623053dc234c0
p:  289832.42869354214
5d1538d708d623053dc234c2
p:  155710.12969006476
5d1538db22666cc1d3c234c9
p:  178910.28856024574
5d1538e408d623053dc234c4
p:  248084.36135998165
5d15391108d623053dc234c6
p:  162936.74990976864
5d15393308d623053dc234c9
p:  237499.53871164937
5d1539469f305369afc234d9
p:  139163.37310574634
5d153974ade3270101c234c0
p:  91117.3663987186
5d1539919f305369afc234dc
p:  177950.2398534937
5d1539a6fa5fcbee55c234e4
p:  502162.95649178745
5d1539ba956895bc92c234de
p:  375354.85973699146
5d153a37956895bc92c234e5
p:  1053698.532116752
5d153a97ea5ec93195c234d5
p:  390033.02581488463
5d153aa1956895bc92c234e7
p:  368224.02554312197
5d153aaefa5fcbee55c234e9
p:  600092.6737613
5d153aca08d623053dc234cc
p:  201463.1876090205
5d153ad008d623053dc234cd
p:  315125.90137034503
5d153adbe1a5c9631ec234cd
p:  201954.31493865338
5d153ae0e9482d7bd5c234e5
p:  97670.8248638625
5d153b00e1a5c9631ec234d1
p:  247845.29734861816
5d153b06e1a5c9631ec234d2
p:  221975.0295956917
5d153b0fe1a5c9631ec234d3
p:  88116.90427967062
5d153b18fad23e8964c234e1
p:  279323.2987165386
5d153b3c9f305369afc234de
p:  266092.53333574464
5d153b4ee9482d7bd5c234ef
p:  124946.30671144776
5d153b54fa5fcbee55c234ef
p:  809702.1822926624
5d153b56956895bc92c234ea
p:  386410.6244126123
5d153bb69f305369afc234e1
p:  198569.0801289705
5d153bfd9f305369afc234e3
p:  136670.49931533585
5d153c0261db25f333c234ea
p:  113829.28790364838
5d153c0408d623053dc234ce
p:  237780.27965025752
5d153c1008d623053dc234d0
p:  222698.49955592677
5d153c119f305369afc234e4
p:  153585.8616735387
5d153c1608d623053dc234d1
p:  280383.9082647874
5d153c29956895bc92c234ef
p:  473556.6297204036
5d153c30956895bc92c234f0
p:  350234.1779433011
5d153c3c61db25f333c234eb
p:  215125.830406087
5d153c58fa5fcbee55c234f5
p:  312342.66241770936
5d153c979f305369afc234e7
p:  388432.5434628426
5d153cd0fa5fcbee55c234f6
p:  389775.74565988104
5d153d02956895bc92c234f3
p:  327813.59549928526
5d153d0661db25f333c234ef
p:  241439.0327284755
5d153d55956895bc92c234f5
p:  927469.1455901142
5d153d5d08d623053dc234d4
p:  240800.75078870048
5d153d7601090d4022c234ca
p:  330922.4323927746
5d153dd4fa5fcbee55c23500
p:  501333.9707849393
5d153e609f305369afc234f1
p:  228635.71374318114
5d153e8b956895bc92c23500
p:  407711.5652379422
5d153e969f305369afc234f2
p:  495254.9389471607
5d153fa1ea5ec93195c234eb
p:  328772.1980621002
5d153fb6956895bc92c23501
p:  410438.21901373897
5d153fba956895bc92c23502
p:  525531.335621151
5d153fe5fa5fcbee55c23512
p:  780262.4454882937
5d153fe9fad23e8964c234e8
p:  509938.26531530323
5d154003fa5fcbee55c23515
p:  1022143.5653824827
5d15401efa5fcbee55c23518
p:  396441.2808092757
5d15402401090d4022c234d4
p:  577424.1738550765
5d154039ea5ec93195c234f3
p:  289614.0146729212
5d15404d0c91b6a457c234e7
p:  269729.10668173805
5d15406608d623053dc234dd
p:  288760.72160131275
5d154073fa5fcbee55c23519
p:  447835.20979910035
5d1540d4e1a5c9631ec234e8
p:  218371.8997170499
5d1540ff08d623053dc234df
p:  216441.22113422537
5d15410fade3270101c234d5
p:  156066.38065913215
5d154137956895bc92c23509
p:  367343.68683289393
5d15418eade3270101c234dc
p:  130222.77617207717
5d154198fa5fcbee55c2351e
p:  361541.5175654117
5d154199ade3270101c234dd
p:  174368.2155725059
5d1541b8ade3270101c234df
p:  179130.42753557808
5d1541d2ade3270101c234e1
p:  171585.39060160622
5d1541fdade3270101c234e4
p:  179130.42753557808
5d15421dade3270101c234e7
p:  176703.37796667076
5d15422fade3270101c234e8
p:  91117.3663987186
5d154282ade3270101c234ee
p:  91117.3663987186
5d1542a622666cc1d3c234df
p:  443475.73127524485
5d1542b8ade3270101c234f1
p:  137692.08844853187
5d1542d7fa5fcbee55c2351f
p:  371193.6921314078
5d154300956895bc92c2350f
p:  413011.5437979429
5d15430ce9482d7bd5c2350e
p:  288289.99446668656
5d154314ade3270101c234f9
p:  176789.3809818286
5d15432701090d4022c234e0
p:  500637.6548612394
5d15432822666cc1d3c234e0
p:  310564.86053672235
5d15432b0c91b6a457c234eb
p:  311611.7050555567
5d15433cade3270101c234fb
p:  91117.3663987186
5d154353ade3270101c234fc
p:  132231.6997303497
5d15435822666cc1d3c234e1
p:  405925.4260178582
5d154370e9482d7bd5c2350f
p:  389420.72040167055
5d15437161db25f333c23505
p:  261628.26089468785
5d15437ae9482d7bd5c23510
p:  420640.8731722434
5d15437b22666cc1d3c234e2
p:  306740.24977581925
5d15437f22666cc1d3c234e3
p:  310694.07032029075
5d15439f61db25f333c23506
p:  145230.93803800317
5d1543bcfa5fcbee55c23525
p:  468186.7516070537
5d1543ff01090d4022c234e3
p:  313712.697734872
5d154427ea5ec93195c23500
p:  372281.6080761576
5d154432ea5ec93195c23501
p:  375791.748570322
5d1544400c91b6a457c234ef
p:  349068.8087899292
5d154462e9482d7bd5c23513
p:  254444.14960517216
5d154466fa5fcbee55c23527
p:  720168.6401962843
5d154474956895bc92c23515
p:  398754.15339238814
5d15448b61db25f333c2350b
p:  104048.87748327089
5d154491fa5fcbee55c23528
p:  480871.7327381242
5d1544a3e1a5c9631ec234f6
p:  487596.2428301021
5d15450e0c91b6a457c234f1
p:  416511.3670012534
5d154519fa5fcbee55c2352b
p:  651184.4717453725
5d154529fa5fcbee55c2352d
p:  727694.898772742
5d154531fa5fcbee55c2352e
p:  651184.4717453725
5d1545d7fa5fcbee55c23531
p:  575845.2188621659
5d1545d9956895bc92c2351e
p:  378269.5796374255
5d154601956895bc92c23522
p:  454780.50333997916
5d15460bfa5fcbee55c23536
p:  506299.3889914113
5d15461e9f305369afc23515
p:  315890.85117329226
5d1546259f305369afc23516
p:  554461.2219462432
5d154633e9482d7bd5c23518
p:  377071.0904201486
5d15469661db25f333c23525
p:  345217.01256112993
5d1546fce9482d7bd5c2351b
p:  388347.03684016276
5d15470de9482d7bd5c2351c
p:  253700.3878823731
5d154710956895bc92c23529
p:  501453.4711000653
5d154723e9482d7bd5c2351e
p:  544927.7720589391
5d154742e9482d7bd5c23521
p:  213670.4158071787
5d154761e9482d7bd5c23524
p:  338493.84179740155
5d15478be9482d7bd5c23527
p:  434733.39136992197
5d15478ce1a5c9631ec23501
p:  341143.2373226348
5d1547dc61db25f333c2352b
p:  319332.83905802976
5d15480bea5ec93195c2350a
p:  319915.33776271425
5d154841ea5ec93195c2350c
p:  337037.94461755396
5d154854ea5ec93195c2350d
p:  363259.2365748016
5d154856e1a5c9631ec23504
p:  387854.8803444698
5d15486fe9482d7bd5c2352b
p:  231330.42076857568
5d15489361db25f333c2352d
p:  357689.4136072382
5d1548a0ea5ec93195c23510
p:  411242.40928218834
5d1548b0e9482d7bd5c2352c
p:  332569.4213579425
5d1548dd61db25f333c23530
p:  586316.0916816627
5d1548f1e9482d7bd5c2352d
p:  415496.3831996472
5d1548f722666cc1d3c23505
p:  340520.695910707
5d1548f961db25f333c23534
p:  348447.46855858597
5d15491c956895bc92c23536
p:  315411.4711777604
5d15491f0c91b6a457c234fd
p:  206217.15938837366
5d15497c9f305369afc23524
p:  582927.2461039957
5d15497e956895bc92c2353a
p:  375222.4503115382
5d1549defad23e8964c23509
p:  290278.940767888
5d154a1a956895bc92c2353b
p:  367343.68683289393
5d154a4e956895bc92c2353f
p:  222863.08981632843
5d154a5c956895bc92c23540
p:  401281.3638117584
5d154aab08d623053dc234fa
p:  281963.9209361473
5d154ac222666cc1d3c23519
p:  292478.17972625454
5d154b3de9482d7bd5c23536
p:  327119.2162001309
5d154b6961db25f333c2353e
p:  394988.27607251215
5d154b7de9482d7bd5c23537
p:  398356.7213924936
5d154b8e22666cc1d3c23520
p:  373154.5856327687
5d154befe1a5c9631ec23512
p:  263440.06782319804
5d154c3de1a5c9631ec23513
p:  201087.12893106148
5d154c53f4984cabc7c23537
p:  459375.54819014634
5d154c7fe9482d7bd5c2353b
p:  228756.83862081065
5d154c81e1a5c9631ec23514
p:  293415.2667019564
5d154cc0e9482d7bd5c2353c
p:  435792.88925095677
5d154cf8e1a5c9631ec23515
p:  341623.6960452978
5d154d35fa5fcbee55c2354f
p:  460364.3103436931
5d154d3ae1a5c9631ec23516
p:  342040.7726302926
5d154d86e9482d7bd5c2353f
p:  211104.63919532666
5d154dc7e9482d7bd5c23540
p:  362180.5277226068
5d154dcb08d623053dc23508
p:  560694.4472435113
5d154e0022666cc1d3c2353a
p:  227938.49238901155
5d154e07e9482d7bd5c23541
p:  347238.9842315428
5d154e88e9482d7bd5c23543
p:  348818.2651244014
5d154e91956895bc92c2354b
p:  408507.73142654786
5d154edbfa5fcbee55c2355d
p:  464899.02611638425
5d154efcfa5fcbee55c23561
p:  325625.7239854487
5d154f2fade3270101c2351d
p:  283455.0977006725
5d154f7b0c91b6a457c23525
p:  331202.7226515821
5d154fb90c91b6a457c23529
p:  379993.560770742
5d154fea08d623053dc2350d
p:  313366.00816294854
5d15500a956895bc92c2354e
p:  399736.5644282528
5d155093e9482d7bd5c2354b
p:  282268.6574842804
5d155099ade3270101c2351f
p:  418002.94503652846
5d1550acade3270101c23520
p:  404876.35904985917
5d1550b9ade3270101c23521
p:  346679.72908958537
5d155110956895bc92c23555
p:  398530.50744951563
5d15513b0c91b6a457c23532
p:  588930.5637776091
5d15515d9f305369afc23556
p:  392375.622215808
5d15515f01090d4022c2350d
p:  417369.65357499884
5d1551739f305369afc23557
p:  523459.5700214177
5d155189fa5fcbee55c23580
p:  278581.37725965725
5d15521801090d4022c23518
p:  584396.7421752244
5d15523022666cc1d3c23550
p:  344908.1524343671
5d15524201090d4022c2351a
p:  608090.3407759243
5d15525501090d4022c2351b
p:  453962.64301441505
5d15526901090d4022c2351c
p:  453962.64301441505
5d155277956895bc92c23557
p:  388213.2590428152
5d1552e722666cc1d3c2355d
p:  253051.15564728403
5d155345f4984cabc7c23554
p:  269996.2290103078
5d15537d01090d4022c23520
p:  294737.0022218475
5d15541f956895bc92c2355d
p:  319329.93029768235
5d1554a901090d4022c23528
p:  664239.2061020518
5d15552c956895bc92c2356e
p:  578480.3541718174
5d15580f22666cc1d3c23578
p:  463609.88739813736
5d15581b22666cc1d3c23579
p:  293292.78442553466
5d15582622666cc1d3c2357a
p:  876548.5951396638
5d15585822666cc1d3c23580
p:  395209.05842103966
5d155a7722666cc1d3c23587
p:  385142.2340568223
5d155be322666cc1d3c2358e
p:  364047.5845319645
5d155c1122666cc1d3c23590
p:  364384.7089229447
5d155f7022666cc1d3c23597
p:  327881.6726478583
5d1561d022666cc1d3c235a2
p:  1272273.304093461
5d1562bf22666cc1d3c235a5
p:  298346.1730147108
5d15638922666cc1d3c235a9
p:  583442.3297010942
5d15639822666cc1d3c235aa
p:  983340.7670514367
5d1563bf22666cc1d3c235ac
p:  495641.36835022573
5d1564c322666cc1d3c235b1
p:  549496.868512595
5d1564fc22666cc1d3c235b2
p:  710177.1604041053
5d1c941bdbebfd779eefbda3
p:  39604.068148591454
5d26b0d5107c1d579eeb69b9
p:  326947.45078253304
5d2ce9cbaa1ce31ade80b0cf/home/testapiuser/HouseApp_2/PricePrediction/MTPrice.py:321: SettingWithCopyWarning: 
A value is trying to be set on a copy of a slice from a DataFrame.
Try using .loc[row_indexer,col_indexer] = value instead

See the caveats in the documentation: http://pandas.pydata.org/pandas-docs/stable/indexing.html#indexing-view-versus-copy
  df2['AreaSpace_SQFT'] = df2['AreaSpace_SQFT'].astype(int)
/home/testapiuser/HouseApp_2/PricePrediction/MTPrice.py:333: SettingWithCopyWarning: 
A value is trying to be set on a copy of a slice from a DataFrame.
Try using .loc[row_indexer,col_indexer] = value instead

See the caveats in the documentation: http://pandas.pydata.org/pandas-docs/stable/indexing.html#indexing-view-versus-copy
  df2['Price'] = z1
/home/testapiuser/HouseApp_2/PricePrediction/MTPrice.py:340: SettingWithCopyWarning: 
A value is trying to be set on a copy of a slice from a DataFrame.
Try using .loc[row_indexer,col_indexer] = value instead

See the caveats in the documentation: http://pandas.pydata.org/pandas-docs/stable/indexing.html#indexing-view-versus-copy
  df2['AreaSpace_SQFT'] = z2

p:  342025.5029272119
5d34ddf918f8dde30a0abce2
p:  494343.4365546651
5d38cfaddd2d94d3c8b03c6d
p:  214764.8413147054
5d38cfbc02947826d9b03c55
p:  214764.8413147054
5d38fb167110e453a0b03ba3
p:  374159.9885118734
5d45367ff6b4c2439b8b205b
p:  368224.02554312197
Current date and time: 2020-06-09 15:34:11
Successfully connect to DB.
For ['Beaverhead', 'Big Horn', 'Blaine', 'Broadwater', 'Carbon', 'Carter', 'Cascade', 'Chouteau', 'Custer', 'Daniels', 'Dawson', 'Deer Lodge', 'Fallon', 'Fergus', 'Flathead', 'Gallatin', 'Garfield', 'Glacier', 'Golden Valley', 'Granite', 'Hill', 'Jefferson', 'Judith Basin', 'Lake', 'Lewis and Clark', 'Liberty', 'Lincoln', 'Madison', 'McCone', 'Meagher', 'Mineral', 'Missoula', 'Musselshell', 'Park', 'Petroleum', 'Phillips', 'Pondera', 'Powder River', 'Powell', 'Prairie', 'Ravalli', 'Richland', 'Roosevelt', 'Rosebud', 'Sanders', 'Sheridan', 'Silver Bow', 'Stillwater', 'Sweet Grass', 'Teton', 'Toole', 'Treasure', 'Valley', 'Wheatland', 'Wibaux', 'Yellowstone']#################################################################
train score for random_forest: 0.9243399567953681
test score for random_forest: 0.43673503277669645
The mean absolute error is:$ 195796.35510962186
r_Score: 0.48551037172970835
Voting Regressor (in): 0.9078253262465895
Voting Regressor: 0.48551037172970835
5d0e678845ebd0b4c32fce77
p:  141443.70426600403
5d0e90a42b8f60b82b8f8d4f
p:  916224.1294841801
5d12a1a7b7ae3de20d8d6e75
p:  331233.7302573833
5d12b968b7ae3de20d8d6f06
p:  121432.00999075736
5d152715956895bc92c23480
p:  202130.04020333753
5d15271b61db25f333c23485
p:  364180.99745109177
5d15272061db25f333c23486
p:  379364.9273528521
5d15273661db25f333c2348a
p:  528659.9111123581
5d15276bea5ec93195c23482
p:  161053.61998286855
5d152777ea5ec93195c23484
p:  223896.5990094663
5d152784ea5ec93195c23486
p:  372743.5826953759
5d15278aea5ec93195c23487
p:  314630.30267470493
5d1527d4fa5fcbee55c23483
p:  123674.10870988929
5d15286961db25f333c23497
p:  317866.5482666209
5d15289261db25f333c2349d
p:  364180.99745109177
5d1528979f305369afc23487
p:  127838.01535447483
5d1528a9e9482d7bd5c23487
p:  258128.20484086502
5d1528e59f305369afc23491
p:  94833.87805730294
5d1528ed9f305369afc23492
p:  145143.5976652674
5d152990fad23e8964c23489
p:  269639.8926471784
5d152996fad23e8964c2348a
p:  350968.8285582352
5d15299bfad23e8964c2348b
p:  153324.13441465783
5d1529e2fad23e8964c23491
p:  141107.14416987394
5d1529feea5ec93195c23490
p:  222298.0878558479
5d152a0ffad23e8964c23497
p:  151238.07969384314
5d152a1a08d623053dc2348c
p:  175973.1681984709
5d152a26fad23e8964c2349a
p:  216637.24347197785
5d152a3bfad23e8964c2349d
p:  163068.21977911924
5d152aaf9f305369afc23497
p:  206045.43515632875
5d152ac59f305369afc23499
p:  184784.28205811058
5d152ae79f305369afc2349c
p:  115147.68867440819
5d152afe61db25f333c234a2
p:  312108.3806284275
5d152b0b9f305369afc234a0
p:  234549.6829874984
5d152b1861db25f333c234a3
p:  327774.3213826228
5d152b219f305369afc234a1
p:  131226.64400859483
5d152b279f305369afc234a2
p:  219074.176284476
5d152b339f305369afc234a4
p:  127838.01535447483
5d152b36f4984cabc7c2348e
p:  92923.7529432632
5d152b49fa5fcbee55c2349b
p:  272159.5297568558
5d152b5108d623053dc2348f
p:  252764.0605450846
5d152bf2e9482d7bd5c23490
p:  311564.6864954933
5d152c0f9f305369afc234a9
p:  189203.31512411803
5d152c12e9482d7bd5c23495
p:  344533.5804493412
5d152c249f305369afc234ad
p:  233210.24187581387
5d152c329f305369afc234af
p:  148835.15141610082
5d152c579f305369afc234b0
p:  131226.64400859483
5d152c65fad23e8964c234a4
p:  204538.62578735518
5d152c7ffad23e8964c234a8
p:  482982.1678917508
5d152c90f4984cabc7c23494
p:  162029.90786181018
5d152cdd08d623053dc23492
p:  128203.45491577001
5d152ce39f305369afc234b2
p:  186972.10151184525
5d152d2d61db25f333c234ae
p:  317866.5482666209
5d152d4cfad23e8964c234ad
p:  146364.72269305776
5d152d77f4984cabc7c23498
p:  103687.93118921749
5d152da10c91b6a457c2349e
p:  229085.8868394798
5d152da9ea5ec93195c2349a
p:  164491.7725463888
5d152db2f4984cabc7c23499
p:  112810.95908128777
5d152dbe08d623053dc23494
p:  199928.4753158337
5d152dd20c91b6a457c234a3
p:  237860.92705148208
5d152e67f4984cabc7c2349c
p:  105736.26174308281
5d152e6aade3270101c23494
p:  138712.66360604894
5d152e9b01090d4022c2348f
p:  157691.70914673887
5d152ec761db25f333c234bb
p:  158799.6977436653
5d152ee708d623053dc23497
p:  134557.54618551093
5d152ef008d623053dc23498
p:  259145.9285147686
5d152f6fe9482d7bd5c2349f
p:  332079.7127737516
5d152f74ea5ec93195c234a6
p:  240428.4337066849
5d152f81e9482d7bd5c234a2
p:  275557.60608474456
5d152f9701090d4022c2349e
p:  135518.19258943025
5d152f9cfad23e8964c234af
p:  218693.31591124972
5d153017fad23e8964c234b4
p:  265939.7454517489
5d15304501090d4022c234a0
p:  189828.58307076737
5d15306e01090d4022c234a1
p:  97435.9531667299
5d15311ffad23e8964c234be
p:  237119.16201411915
5d153137fad23e8964c234bf
p:  290792.0135695785
5d1531a3fad23e8964c234c2
p:  231020.31892766734
5d1531bffad23e8964c234c3
p:  212035.21530640684
5d153272956895bc92c234be
p:  165887.46683109328
5d1532d8fad23e8964c234ca
p:  218255.02299390052
5d1532de01090d4022c234a5
p:  103376.41430537068
5d1532f601090d4022c234a6
p:  108405.26368000504
5d1532ff08d623053dc234aa
p:  160731.5470248929
5d15336e08d623053dc234ab
p:  174910.16800844745
5d1533a408d623053dc234ac
p:  223500.86937288143
5d1533e2ea5ec93195c234bc
p:  102247.31265559923
5d1533f2fad23e8964c234cd
p:  188837.8756195791
5d1533fd22666cc1d3c234b5
p:  144875.4739108043
5d1534f0fad23e8964c234d5
p:  217900.1842814901
5d15352961db25f333c234cb
p:  125909.92579723815
5d15353961db25f333c234cc
p:  297256.54075354827
5d15354861db25f333c234ce
p:  240009.39126240934
5d1535a108d623053dc234b1
p:  232863.11157244653
5d1535c308d623053dc234b3
p:  232621.72099998494
5d1535e708d623053dc234b5
p:  238419.68129179213
5d15362e9f305369afc234d2
p:  144364.02408713032
5d15364508d623053dc234b7
p:  205889.31497387384
5d15367a0c91b6a457c234bc
p:  201869.4200048837
5d15367c9f305369afc234d3
p:  244219.29021748248
5d1536f522666cc1d3c234c3
p:  221428.61893884634
5d15370422666cc1d3c234c4
p:  84271.40579352545
5d1537109f305369afc234d4
p:  169474.6319710717
5d1537259f305369afc234d5
p:  131694.549988695
5d15372cfa5fcbee55c234d3
p:  306655.5814244661
5d1537deade3270101c234b9
p:  150734.06843948783
5d1537e2ade3270101c234ba
p:  155050.79896120893
5d1537faade3270101c234be
p:  141555.0887458181
5d15384208d623053dc234bb
p:  283825.49540954106
5d15385461db25f333c234d8
p:  211184.00809062447
5d15385c61db25f333c234d9
p:  151980.25015070676
5d15386161db25f333c234da
p:  194830.5496849473
5d153863e1a5c9631ec234bd
p:  220628.89881789527
5d1538c508d623053dc234c0
p:  283638.98190230347
5d1538d708d623053dc234c2
p:  168661.85553318428
5d1538db22666cc1d3c234c9
p:  183783.8968821279
5d1538e408d623053dc234c4
p:  228394.54536998988
5d15391108d623053dc234c6
p:  168121.5164746937
5d15393308d623053dc234c9
p:  219087.1217688666
5d1539469f305369afc234d9
p:  135015.44015980908
5d153974ade3270101c234c0
p:  141555.0887458181
5d1539919f305369afc234dc
p:  188908.58764595806
5d1539a6fa5fcbee55c234e4
p:  495523.590024959
5d1539ba956895bc92c234de
p:  396738.609905117
5d153a37956895bc92c234e5
p:  884752.7548320165
5d153a97ea5ec93195c234d5
p:  472956.9017153852
5d153aa1956895bc92c234e7
p:  356300.5463091816
5d153aaefa5fcbee55c234e9
p:  602898.7771852927
5d153aca08d623053dc234cc
p:  202766.29574418842
5d153ad008d623053dc234cd
p:  317252.3224003297
5d153adbe1a5c9631ec234cd
p:  166833.05222421238
5d153ae0e9482d7bd5c234e5
p:  101663.21032104941
5d153b00e1a5c9631ec234d1
p:  255309.71762347038
5d153b06e1a5c9631ec234d2
p:  217249.72829421982
5d153b0fe1a5c9631ec234d3
p:  199277.1171620338
5d153b18fad23e8964c234e1
p:  325156.15376967716
5d153b3c9f305369afc234de
p:  202330.20568778418
5d153b4ee9482d7bd5c234ef
p:  126189.72531207126
5d153b54fa5fcbee55c234ef
p:  832564.8051928572
5d153b56956895bc92c234ea
p:  373433.5903430734
5d153bb69f305369afc234e1
p:  192165.34518675046
5d153bfd9f305369afc234e3
p:  145061.76776807418
5d153c0261db25f333c234ea
p:  125909.92579723815
5d153c0408d623053dc234ce
p:  253426.81645817342
5d153c1008d623053dc234d0
p:  208735.7524364438
5d153c119f305369afc234e4
p:  137436.6831617481
5d153c1608d623053dc234d1
p:  328612.4613449535
5d153c29956895bc92c234ef
p:  472325.59492812766
5d153c30956895bc92c234f0
p:  377703.64956311346
5d153c3c61db25f333c234eb
p:  224911.6319926256
5d153c58fa5fcbee55c234f5
p:  364544.5810365353
5d153c979f305369afc234e7
p:  380232.77953948453
5d153cd0fa5fcbee55c234f6
p:  355482.2920034892
5d153d02956895bc92c234f3
p:  326116.38845079887
5d153d0661db25f333c234ef
p:  241224.6761973009
5d153d55956895bc92c234f5
p:  714163.9554035817
5d153d5d08d623053dc234d4
p:  247309.13662480345
5d153d7601090d4022c234ca
p:  331110.1599259201
5d153dd4fa5fcbee55c23500
p:  492882.99187016586
5d153e609f305369afc234f1
p:  259207.00662493234
5d153e8b956895bc92c23500
p:  387020.7908720325
5d153e969f305369afc234f2
p:  443130.5176888297
5d153fa1ea5ec93195c234eb
p:  338105.18867089343
5d153fb6956895bc92c23501
p:  417725.12893475173
5d153fba956895bc92c23502
p:  523262.90331245726
5d153fe5fa5fcbee55c23512
p:  838889.7516031177
5d153fe9fad23e8964c234e8
p:  488246.83412513364
5d154003fa5fcbee55c23515
p:  974378.8922688629
5d15401efa5fcbee55c23518
p:  439601.7553133847
5d15402401090d4022c234d4
p:  577388.2094574836
5d154039ea5ec93195c234f3
p:  433254.0806886155
5d15404d0c91b6a457c234e7
p:  271774.50699717127
5d15406608d623053dc234dd
p:  297323.16415724077
5d154073fa5fcbee55c23519
p:  484899.5361523583
5d1540d4e1a5c9631ec234e8
p:  220271.63223152352
5d1540ff08d623053dc234df
p:  211275.41480440722
5d15410fade3270101c234d5
p:  188585.52539630322
5d154137956895bc92c23509
p:  365181.10825374565
5d15418eade3270101c234dc
p:  136194.30004979306
5d154198fa5fcbee55c2351e
p:  459196.7122167588
5d154199ade3270101c234dd
p:  185231.98550335097
5d1541b8ade3270101c234df
p:  155050.79896120893
5d1541d2ade3270101c234e1
p:  177475.8655040461
5d1541fdade3270101c234e4
p:  155050.79896120893
5d15421dade3270101c234e7
p:  166098.04872138618
5d15422fade3270101c234e8
p:  141555.0887458181
5d154282ade3270101c234ee
p:  141555.0887458181
5d1542a622666cc1d3c234df
p:  444211.81990901334
5d1542b8ade3270101c234f1
p:  235616.29303838004
5d1542d7fa5fcbee55c2351f
p:  365912.5484860367
5d154300956895bc92c2350f
p:  397514.3038811609
5d15430ce9482d7bd5c2350e
p:  286500.97813163674
5d154314ade3270101c234f9
p:  171447.614646198
5d15432701090d4022c234e0
p:  553470.4622283166
5d15432822666cc1d3c234e0
p:  312577.65115990845
5d15432b0c91b6a457c234eb
p:  313272.4221206155
5d15433cade3270101c234fb
p:  141555.0887458181
5d154353ade3270101c234fc
p:  135969.67770454712
5d15435822666cc1d3c234e1
p:  396774.63316009927
5d154370e9482d7bd5c2350f
p:  311228.5797407538
5d15437161db25f333c23505
p:  206978.41456411
5d15437ae9482d7bd5c23510
p:  428899.3334201607
5d15437b22666cc1d3c234e2
p:  304116.40721533494
5d15437f22666cc1d3c234e3
p:  314536.9550484163
5d15439f61db25f333c23506
p:  152068.73643133807
5d1543bcfa5fcbee55c23525
p:  437181.785853565
5d1543ff01090d4022c234e3
p:  282430.9225871612
5d154427ea5ec93195c23500
p:  364882.2000884101
5d154432ea5ec93195c23501
p:  386554.39007926174
5d1544400c91b6a457c234ef
p:  356243.2215624184
5d154462e9482d7bd5c23513
p:  267904.4233247487
5d154466fa5fcbee55c23527
p:  720637.1360517135
5d154474956895bc92c23515
p:  388833.0207015998
5d15448b61db25f333c2350b
p:  140623.197419349
5d154491fa5fcbee55c23528
p:  497357.7365219002
5d1544a3e1a5c9631ec234f6
p:  521975.7153516236
5d15450e0c91b6a457c234f1
p:  447022.1941140874
5d154519fa5fcbee55c2352b
p:  707271.6359045764
5d154529fa5fcbee55c2352d
p:  765983.3237227919
5d154531fa5fcbee55c2352e
p:  707271.6359045764
5d1545d7fa5fcbee55c23531
p:  598337.2547253292
5d1545d9956895bc92c2351e
p:  363459.34352682275
5d154601956895bc92c23522
p:  443056.63910640945
5d15460bfa5fcbee55c23536
p:  494209.6997907608
5d15461e9f305369afc23515
p:  308165.308346771
5d1546259f305369afc23516
p:  456673.74028489826
5d154633e9482d7bd5c23518
p:  312113.7146794294
5d15469661db25f333c23525
p:  336138.78148729843
5d1546fce9482d7bd5c2351b
p:  311228.5797407538
5d15470de9482d7bd5c2351c
p:  231304.77486347686
5d154710956895bc92c23529
p:  502440.0676127132
5d154723e9482d7bd5c2351e
p:  505906.34998447035
5d154742e9482d7bd5c23521
p:  206817.82575440474
5d154761e9482d7bd5c23524
p:  391614.0413915823
5d15478be9482d7bd5c23527
p:  391466.07383327815
5d15478ce1a5c9631ec23501
p:  346780.77365540195
5d1547dc61db25f333c2352b
p:  322893.29549755435
5d15480bea5ec93195c2350a
p:  328069.5413611723
5d154841ea5ec93195c2350c
p:  358378.37963227095
5d154854ea5ec93195c2350d
p:  380349.9969003623
5d154856e1a5c9631ec23504
p:  321154.68272475235
5d15486fe9482d7bd5c2352b
p:  235725.20741001324
5d15489361db25f333c2352d
p:  352392.36902431457
5d1548a0ea5ec93195c23510
p:  417337.7354550952
5d1548b0e9482d7bd5c2352c
p:  331735.07575470424
5d1548dd61db25f333c23530
p:  617496.515869892
5d1548f1e9482d7bd5c2352d
p:  397486.3964988306
5d1548f722666cc1d3c23505
p:  333354.13050649466
5d1548f961db25f333c23534
p:  366024.4533047471
5d15491c956895bc92c23536
p:  396860.1861254584
5d15491f0c91b6a457c234fd
p:  204509.00740244304
5d15497c9f305369afc23524
p:  518907.7694449305
5d15497e956895bc92c2353a
p:  378699.0803037311
5d1549defad23e8964c23509
p:  288801.6900069822
5d154a1a956895bc92c2353b
p:  365181.10825374565
5d154a4e956895bc92c2353f
p:  245014.85279850176
5d154a5c956895bc92c23540
p:  396243.11003466183
5d154aab08d623053dc234fa
p:  378785.64036986383
5d154ac222666cc1d3c23519
p:  253753.4607489121
5d154b3de9482d7bd5c23536
p:  342728.6005934352
5d154b6961db25f333c2353e
p:  497017.3150784887
5d154b7de9482d7bd5c23537
p:  410651.08024906495
5d154b8e22666cc1d3c23520
p:  443713.0867942708
5d154befe1a5c9631ec23512
p:  279765.6748627967
5d154c3de1a5c9631ec23513
p:  204242.60515227343
5d154c53f4984cabc7c23537
p:  390347.27699739183
5d154c7fe9482d7bd5c2353b
p:  218448.06043416593
5d154c81e1a5c9631ec23514
p:  283581.55176038295
5d154cc0e9482d7bd5c2353c
p:  473608.3918850332
5d154cf8e1a5c9631ec23515
p:  319294.9244114703
5d154d35fa5fcbee55c2354f
p:  465642.0703707683
5d154d3ae1a5c9631ec23516
p:  348433.66429466486
5d154d86e9482d7bd5c2353f
p:  221466.6023383479
5d154dc7e9482d7bd5c23540
p:  364406.2298884869
5d154dcb08d623053dc23508
p:  578533.8998571949
5d154e0022666cc1d3c2353a
p:  165686.5988021294
5d154e07e9482d7bd5c23541
p:  357870.5270085625
5d154e88e9482d7bd5c23543
p:  333447.78874367336
5d154e91956895bc92c2354b
p:  393078.4874235708
5d154edbfa5fcbee55c2355d
p:  473610.69629958866
5d154efcfa5fcbee55c23561
p:  419131.47655272065
5d154f2fade3270101c2351d
p:  342563.18231918133
5d154f7b0c91b6a457c23525
p:  324689.0090670503
5d154fb90c91b6a457c23529
p:  355170.03661187156
5d154fea08d623053dc2350d
p:  310429.03329898976
5d15500a956895bc92c2354e
p:  402070.3744369182
5d155093e9482d7bd5c2354b
p:  281449.4876868418
5d155099ade3270101c2351f
p:  357386.5047657471
5d1550acade3270101c23520
p:  421503.69833889895
5d1550b9ade3270101c23521
p:  352384.6682739798
5d155110956895bc92c23555
p:  395751.39024193486
5d15513b0c91b6a457c23532
p:  567496.096845109
5d15515d9f305369afc23556
p:  323097.22325621307
5d15515f01090d4022c2350d
p:  438616.666993593
5d1551739f305369afc23557
p:  463917.75168116303
5d155189fa5fcbee55c23580
p:  280101.6534094214
5d15521801090d4022c23518
p:  565776.312625972
5d15523022666cc1d3c23550
p:  371494.11863457086
5d15524201090d4022c2351a
p:  584102.6276708368
5d15525501090d4022c2351b
p:  455085.0616164848
5d15526901090d4022c2351c
p:  455085.0616164848
5d155277956895bc92c23557
p:  382840.38771491667
5d1552e722666cc1d3c2355d
p:  276740.92814702366
5d155345f4984cabc7c23554
p:  250796.5469636002
5d15537d01090d4022c23520
p:  284888.9034491273
5d15541f956895bc92c2355d
p:  295012.59582352615
5d1554a901090d4022c23528
p:  584819.8064179326
5d15552c956895bc92c2356e
p:  622360.5525335635
5d15580f22666cc1d3c23578
p:  497067.3349250709
5d15581b22666cc1d3c23579
p:  306129.71979174356
5d15582622666cc1d3c2357a
p:  905773.2652651952
5d15585822666cc1d3c23580
p:  367336.8358618722
5d155a7722666cc1d3c23587
p:  395847.06483280146
5d155be322666cc1d3c2358e
p:  380965.8117175107
5d155c1122666cc1d3c23590
p:  368043.3955832583
5d155f7022666cc1d3c23597
p:  329301.60949813086
5d1561d022666cc1d3c235a2
p:  1271595.5858562207
5d1562bf22666cc1d3c235a5
p:  302250.56462854665
5d15638922666cc1d3c235a9
p:  580925.051304692
5d15639822666cc1d3c235aa
p:  975234.1132711072
5d1563bf22666cc1d3c235ac
p:  506301.24874116393
5d1564c322666cc1d3c235b1
p:  561671.4360681227
5d1564fc22666cc1d3c235b2
p:  696583.6873584874
5d1c941bdbebfd779eefbda3
p:  152941.03192596888
5d26b0d5107c1d579eeb69b9
p:  346485.6491605997
5d2ce9cbaa1ce31ade80b0cf/home/testapiuser/HouseApp_2/PricePrediction/MTPrice.py:321: SettingWithCopyWarning: 
A value is trying to be set on a copy of a slice from a DataFrame.
Try using .loc[row_indexer,col_indexer] = value instead

See the caveats in the documentation: http://pandas.pydata.org/pandas-docs/stable/indexing.html#indexing-view-versus-copy
  df2['AreaSpace_SQFT'] = df2['AreaSpace_SQFT'].astype(int)
/home/testapiuser/HouseApp_2/PricePrediction/MTPrice.py:333: SettingWithCopyWarning: 
A value is trying to be set on a copy of a slice from a DataFrame.
Try using .loc[row_indexer,col_indexer] = value instead

See the caveats in the documentation: http://pandas.pydata.org/pandas-docs/stable/indexing.html#indexing-view-versus-copy
  df2['Price'] = z1
/home/testapiuser/HouseApp_2/PricePrediction/MTPrice.py:340: SettingWithCopyWarning: 
A value is trying to be set on a copy of a slice from a DataFrame.
Try using .loc[row_indexer,col_indexer] = value instead

See the caveats in the documentation: http://pandas.pydata.org/pandas-docs/stable/indexing.html#indexing-view-versus-copy
  df2['AreaSpace_SQFT'] = z2

p:  336444.555061187
5d34ddf918f8dde30a0abce2
p:  465297.06310115836
5d38cfaddd2d94d3c8b03c6d
p:  205211.82556351135
5d38cfbc02947826d9b03c55
p:  205211.82556351135
5d38fb167110e453a0b03ba3
p:  372167.61002975283
5d45367ff6b4c2439b8b205b
p:  356300.5463091816
Current date and time: 2020-06-10 15:34:11
Successfully connect to DB.
For ['Beaverhead', 'Big Horn', 'Blaine', 'Broadwater', 'Carbon', 'Carter', 'Cascade', 'Chouteau', 'Custer', 'Daniels', 'Dawson', 'Deer Lodge', 'Fallon', 'Fergus', 'Flathead', 'Gallatin', 'Garfield', 'Glacier', 'Golden Valley', 'Granite', 'Hill', 'Jefferson', 'Judith Basin', 'Lake', 'Lewis and Clark', 'Liberty', 'Lincoln', 'Madison', 'McCone', 'Meagher', 'Mineral', 'Missoula', 'Musselshell', 'Park', 'Petroleum', 'Phillips', 'Pondera', 'Powder River', 'Powell', 'Prairie', 'Ravalli', 'Richland', 'Roosevelt', 'Rosebud', 'Sanders', 'Sheridan', 'Silver Bow', 'Stillwater', 'Sweet Grass', 'Teton', 'Toole', 'Treasure', 'Valley', 'Wheatland', 'Wibaux', 'Yellowstone']#################################################################
train score for random_forest: 0.9224394391942676
test score for random_forest: 0.4311416374066048
The mean absolute error is:$ 195796.35510962186
r_Score: 0.48551037172970835
Voting Regressor (in): 0.9078253262465895
Voting Regressor: 0.48551037172970835
5d0e678845ebd0b4c32fce77
p:  141443.70426600403
5d0e90a42b8f60b82b8f8d4f
p:  916224.1294841801
5d12a1a7b7ae3de20d8d6e75
p:  331233.7302573833
5d12b968b7ae3de20d8d6f06
p:  121432.00999075736
5d152715956895bc92c23480
p:  202130.04020333753
5d15271b61db25f333c23485
p:  364180.99745109177
5d15272061db25f333c23486
p:  379364.9273528521
5d15273661db25f333c2348a
p:  528659.9111123581
5d15276bea5ec93195c23482
p:  161053.61998286855
5d152777ea5ec93195c23484
p:  223896.5990094663
5d152784ea5ec93195c23486
p:  372743.5826953759
5d15278aea5ec93195c23487
p:  314630.30267470493
5d1527d4fa5fcbee55c23483
p:  123674.10870988929
5d15286961db25f333c23497
p:  317866.5482666209
5d15289261db25f333c2349d
p:  364180.99745109177
5d1528979f305369afc23487
p:  127838.01535447483
5d1528a9e9482d7bd5c23487
p:  258128.20484086502
5d1528e59f305369afc23491
p:  94833.87805730294
5d1528ed9f305369afc23492
p:  145143.5976652674
5d152990fad23e8964c23489
p:  269639.8926471784
5d152996fad23e8964c2348a
p:  350968.8285582352
5d15299bfad23e8964c2348b
p:  153324.13441465783
5d1529e2fad23e8964c23491
p:  141107.14416987394
5d1529feea5ec93195c23490
p:  222298.0878558479
5d152a0ffad23e8964c23497
p:  151238.07969384314
5d152a1a08d623053dc2348c
p:  175973.1681984709
5d152a26fad23e8964c2349a
p:  216637.24347197785
5d152a3bfad23e8964c2349d
p:  163068.21977911924
5d152aaf9f305369afc23497
p:  206045.43515632875
5d152ac59f305369afc23499
p:  184784.28205811058
5d152ae79f305369afc2349c
p:  115147.68867440819
5d152afe61db25f333c234a2
p:  312108.3806284275
5d152b0b9f305369afc234a0
p:  234549.6829874984
5d152b1861db25f333c234a3
p:  327774.3213826228
5d152b219f305369afc234a1
p:  131226.64400859483
5d152b279f305369afc234a2
p:  219074.176284476
5d152b339f305369afc234a4
p:  127838.01535447483
5d152b36f4984cabc7c2348e
p:  92923.7529432632
5d152b49fa5fcbee55c2349b
p:  272159.5297568558
5d152b5108d623053dc2348f
p:  252764.0605450846
5d152bf2e9482d7bd5c23490
p:  311564.6864954933
5d152c0f9f305369afc234a9
p:  189203.31512411803
5d152c12e9482d7bd5c23495
p:  344533.5804493412
5d152c249f305369afc234ad
p:  233210.24187581387
5d152c329f305369afc234af
p:  148835.15141610082
5d152c579f305369afc234b0
p:  131226.64400859483
5d152c65fad23e8964c234a4
p:  204538.62578735518
5d152c7ffad23e8964c234a8
p:  482982.1678917508
5d152c90f4984cabc7c23494
p:  162029.90786181018
5d152cdd08d623053dc23492
p:  128203.45491577001
5d152ce39f305369afc234b2
p:  186972.10151184525
5d152d2d61db25f333c234ae
p:  317866.5482666209
5d152d4cfad23e8964c234ad
p:  146364.72269305776
5d152d77f4984cabc7c23498
p:  103687.93118921749
5d152da10c91b6a457c2349e
p:  229085.8868394798
5d152da9ea5ec93195c2349a
p:  164491.7725463888
5d152db2f4984cabc7c23499
p:  112810.95908128777
5d152dbe08d623053dc23494
p:  199928.4753158337
5d152dd20c91b6a457c234a3
p:  237860.92705148208
5d152e67f4984cabc7c2349c
p:  105736.26174308281
5d152e6aade3270101c23494
p:  138712.66360604894
5d152e9b01090d4022c2348f
p:  157691.70914673887
5d152ec761db25f333c234bb
p:  158799.6977436653
5d152ee708d623053dc23497
p:  134557.54618551093
5d152ef008d623053dc23498
p:  259145.9285147686
5d152f6fe9482d7bd5c2349f
p:  332079.7127737516
5d152f74ea5ec93195c234a6
p:  240428.4337066849
5d152f81e9482d7bd5c234a2
p:  275557.60608474456
5d152f9701090d4022c2349e
p:  135518.19258943025
5d152f9cfad23e8964c234af
p:  218693.31591124972
5d153017fad23e8964c234b4
p:  265939.7454517489
5d15304501090d4022c234a0
p:  189828.58307076737
5d15306e01090d4022c234a1
p:  97435.9531667299
5d15311ffad23e8964c234be
p:  237119.16201411915
5d153137fad23e8964c234bf
p:  290792.0135695785
5d1531a3fad23e8964c234c2
p:  231020.31892766734
5d1531bffad23e8964c234c3
p:  212035.21530640684
5d153272956895bc92c234be
p:  165887.46683109328
5d1532d8fad23e8964c234ca
p:  218255.02299390052
5d1532de01090d4022c234a5
p:  103376.41430537068
5d1532f601090d4022c234a6
p:  108405.26368000504
5d1532ff08d623053dc234aa
p:  160731.5470248929
5d15336e08d623053dc234ab
p:  174910.16800844745
5d1533a408d623053dc234ac
p:  223500.86937288143
5d1533e2ea5ec93195c234bc
p:  102247.31265559923
5d1533f2fad23e8964c234cd
p:  188837.8756195791
5d1533fd22666cc1d3c234b5
p:  144875.4739108043
5d1534f0fad23e8964c234d5
p:  217900.1842814901
5d15352961db25f333c234cb
p:  125909.92579723815
5d15353961db25f333c234cc
p:  297256.54075354827
5d15354861db25f333c234ce
p:  240009.39126240934
5d1535a108d623053dc234b1
p:  232863.11157244653
5d1535c308d623053dc234b3
p:  232621.72099998494
5d1535e708d623053dc234b5
p:  238419.68129179213
5d15362e9f305369afc234d2
p:  144364.02408713032
5d15364508d623053dc234b7
p:  205889.31497387384
5d15367a0c91b6a457c234bc
p:  201869.4200048837
5d15367c9f305369afc234d3
p:  244219.29021748248
5d1536f522666cc1d3c234c3
p:  221428.61893884634
5d15370422666cc1d3c234c4
p:  84271.40579352545
5d1537109f305369afc234d4
p:  169474.6319710717
5d1537259f305369afc234d5
p:  131694.549988695
5d15372cfa5fcbee55c234d3
p:  306655.5814244661
5d1537deade3270101c234b9
p:  150734.06843948783
5d1537e2ade3270101c234ba
p:  155050.79896120893
5d1537faade3270101c234be
p:  141555.0887458181
5d15384208d623053dc234bb
p:  283825.49540954106
5d15385461db25f333c234d8
p:  211184.00809062447
5d15385c61db25f333c234d9
p:  151980.25015070676
5d15386161db25f333c234da
p:  194830.5496849473
5d153863e1a5c9631ec234bd
p:  220628.89881789527
5d1538c508d623053dc234c0
p:  283638.98190230347
5d1538d708d623053dc234c2
p:  168661.85553318428
5d1538db22666cc1d3c234c9
p:  183783.8968821279
5d1538e408d623053dc234c4
p:  228394.54536998988
5d15391108d623053dc234c6
p:  168121.5164746937
5d15393308d623053dc234c9
p:  219087.1217688666
5d1539469f305369afc234d9
p:  135015.44015980908
5d153974ade3270101c234c0
p:  141555.0887458181
5d1539919f305369afc234dc
p:  188908.58764595806
5d1539a6fa5fcbee55c234e4
p:  495523.590024959
5d1539ba956895bc92c234de
p:  396738.609905117
5d153a37956895bc92c234e5
p:  884752.7548320165
5d153a97ea5ec93195c234d5
p:  472956.9017153852
5d153aa1956895bc92c234e7
p:  356300.5463091816
5d153aaefa5fcbee55c234e9
p:  602898.7771852927
5d153aca08d623053dc234cc
p:  202766.29574418842
5d153ad008d623053dc234cd
p:  317252.3224003297
5d153adbe1a5c9631ec234cd
p:  166833.05222421238
5d153ae0e9482d7bd5c234e5
p:  101663.21032104941
5d153b00e1a5c9631ec234d1
p:  255309.71762347038
5d153b06e1a5c9631ec234d2
p:  217249.72829421982
5d153b0fe1a5c9631ec234d3
p:  199277.1171620338
5d153b18fad23e8964c234e1
p:  325156.15376967716
5d153b3c9f305369afc234de
p:  202330.20568778418
5d153b4ee9482d7bd5c234ef
p:  126189.72531207126
5d153b54fa5fcbee55c234ef
p:  832564.8051928572
5d153b56956895bc92c234ea
p:  373433.5903430734
5d153bb69f305369afc234e1
p:  192165.34518675046
5d153bfd9f305369afc234e3
p:  145061.76776807418
5d153c0261db25f333c234ea
p:  125909.92579723815
5d153c0408d623053dc234ce
p:  253426.81645817342
5d153c1008d623053dc234d0
p:  208735.7524364438
5d153c119f305369afc234e4
p:  137436.6831617481
5d153c1608d623053dc234d1
p:  328612.4613449535
5d153c29956895bc92c234ef
p:  472325.59492812766
5d153c30956895bc92c234f0
p:  377703.64956311346
5d153c3c61db25f333c234eb
p:  224911.6319926256
5d153c58fa5fcbee55c234f5
p:  364544.5810365353
5d153c979f305369afc234e7
p:  380232.77953948453
5d153cd0fa5fcbee55c234f6
p:  355482.2920034892
5d153d02956895bc92c234f3
p:  326116.38845079887
5d153d0661db25f333c234ef
p:  241224.6761973009
5d153d55956895bc92c234f5
p:  714163.9554035817
5d153d5d08d623053dc234d4
p:  247309.13662480345
5d153d7601090d4022c234ca
p:  331110.1599259201
5d153dd4fa5fcbee55c23500
p:  492882.99187016586
5d153e609f305369afc234f1
p:  259207.00662493234
5d153e8b956895bc92c23500
p:  387020.7908720325
5d153e969f305369afc234f2
p:  443130.5176888297
5d153fa1ea5ec93195c234eb
p:  338105.18867089343
5d153fb6956895bc92c23501
p:  417725.12893475173
5d153fba956895bc92c23502
p:  523262.90331245726
5d153fe5fa5fcbee55c23512
p:  838889.7516031177
5d153fe9fad23e8964c234e8
p:  488246.83412513364
5d154003fa5fcbee55c23515
p:  974378.8922688629
5d15401efa5fcbee55c23518
p:  439601.7553133847
5d15402401090d4022c234d4
p:  577388.2094574836
5d154039ea5ec93195c234f3
p:  433254.0806886155
5d15404d0c91b6a457c234e7
p:  271774.50699717127
5d15406608d623053dc234dd
p:  297323.16415724077
5d154073fa5fcbee55c23519
p:  484899.5361523583
5d1540d4e1a5c9631ec234e8
p:  220271.63223152352
5d1540ff08d623053dc234df
p:  211275.41480440722
5d15410fade3270101c234d5
p:  188585.52539630322
5d154137956895bc92c23509
p:  365181.10825374565
5d15418eade3270101c234dc
p:  136194.30004979306
5d154198fa5fcbee55c2351e
p:  459196.7122167588
5d154199ade3270101c234dd
p:  185231.98550335097
5d1541b8ade3270101c234df
p:  155050.79896120893
5d1541d2ade3270101c234e1
p:  177475.8655040461
5d1541fdade3270101c234e4
p:  155050.79896120893
5d15421dade3270101c234e7
p:  166098.04872138618
5d15422fade3270101c234e8
p:  141555.0887458181
5d154282ade3270101c234ee
p:  141555.0887458181
5d1542a622666cc1d3c234df
p:  444211.81990901334
5d1542b8ade3270101c234f1
p:  235616.29303838004
5d1542d7fa5fcbee55c2351f
p:  365912.5484860367
5d154300956895bc92c2350f
p:  397514.3038811609
5d15430ce9482d7bd5c2350e
p:  286500.97813163674
5d154314ade3270101c234f9
p:  171447.614646198
5d15432701090d4022c234e0
p:  553470.4622283166
5d15432822666cc1d3c234e0
p:  312577.65115990845
5d15432b0c91b6a457c234eb
p:  313272.4221206155
5d15433cade3270101c234fb
p:  141555.0887458181
5d154353ade3270101c234fc
p:  135969.67770454712
5d15435822666cc1d3c234e1
p:  396774.63316009927
5d154370e9482d7bd5c2350f
p:  311228.5797407538
5d15437161db25f333c23505
p:  206978.41456411
5d15437ae9482d7bd5c23510
p:  428899.3334201607
5d15437b22666cc1d3c234e2
p:  304116.40721533494
5d15437f22666cc1d3c234e3
p:  314536.9550484163
5d15439f61db25f333c23506
p:  152068.73643133807
5d1543bcfa5fcbee55c23525
p:  437181.785853565
5d1543ff01090d4022c234e3
p:  282430.9225871612
5d154427ea5ec93195c23500
p:  364882.2000884101
5d154432ea5ec93195c23501
p:  386554.39007926174
5d1544400c91b6a457c234ef
p:  356243.2215624184
5d154462e9482d7bd5c23513
p:  267904.4233247487
5d154466fa5fcbee55c23527
p:  720637.1360517135
5d154474956895bc92c23515
p:  388833.0207015998
5d15448b61db25f333c2350b
p:  140623.197419349
5d154491fa5fcbee55c23528
p:  497357.7365219002
5d1544a3e1a5c9631ec234f6
p:  521975.7153516236
5d15450e0c91b6a457c234f1
p:  447022.1941140874
5d154519fa5fcbee55c2352b
p:  707271.6359045764
5d154529fa5fcbee55c2352d
p:  765983.3237227919
5d154531fa5fcbee55c2352e
p:  707271.6359045764
5d1545d7fa5fcbee55c23531
p:  598337.2547253292
5d1545d9956895bc92c2351e
p:  363459.34352682275
5d154601956895bc92c23522
p:  443056.63910640945
5d15460bfa5fcbee55c23536
p:  494209.6997907608
5d15461e9f305369afc23515
p:  308165.308346771
5d1546259f305369afc23516
p:  456673.74028489826
5d154633e9482d7bd5c23518
p:  312113.7146794294
5d15469661db25f333c23525
p:  336138.78148729843
5d1546fce9482d7bd5c2351b
p:  311228.5797407538
5d15470de9482d7bd5c2351c
p:  231304.77486347686
5d154710956895bc92c23529
p:  502440.0676127132
5d154723e9482d7bd5c2351e
p:  505906.34998447035
5d154742e9482d7bd5c23521
p:  206817.82575440474
5d154761e9482d7bd5c23524
p:  391614.0413915823
5d15478be9482d7bd5c23527
p:  391466.07383327815
5d15478ce1a5c9631ec23501
p:  346780.77365540195
5d1547dc61db25f333c2352b
p:  322893.2954975543