Current date and time: 2020-06-07 15:34:20
Successfully connect to DB.
For ['Alamance', 'Caswell', 'Chatham', 'Davidson', 'Davie', 'Durham', 'Edgecombe', 'Forsyth', 'Franklin', 'Granville', 'Guilford', 'Halifax', 'Harnett', 'Johnston', 'Lee', 'Moore', 'Montgomery', 'Nash', 'Northampton', 'Orange', 'Person', 'Randolph', 'Richmond', 'Rockingham', 'Scotland', 'Stokes', 'Surry', 'Vance', 'Wake', 'Warren', 'Wilson', 'Yadkin']#################################################################
train score for random_forest: 0.9498087549198275
test score for random_forest: 0.6272005966250204
The mean absolute error is:$ 93863.8912836427
r_Score: 0.6476143387436748
Voting Regressor (in): 0.9303214072452941
Voting Regressor: 0.6476143387436748
5d2a21661dcb8334ac71eec4
p:  207169.98103173205
5d2a309e4119ffcd9d4a9deb
p:  193702.78873545228
5d2a3bf20a559a165ecd730e
p:  103527.18844687546
5d2a46a36c798892be567f74
p:  296645.4613608316
5d2a470f7a040e0cee567f74
p:  161401.35551412485
5d2a471af8e8bdf511567f77
p:  452258.1948733707
5d2a475bf678799865567f75
p:  148531.27327716514
5d2a476dc3b5a90cea567f75
p:  119937.28372936549
5d2a47b4f8e8bdf511567f7c
p:  169053.2133728409
5d2a48b833e6b04a70567f75
p:  239848.93353708257
5d2a48c15c3f0c3ea5567f7a
p:  236248.7062845755
5d2a492b5c3f0c3ea5567f7c
p:  220934.63365050472
5d2a49555336feeb30567f79
p:  214077.76532740274
5d2a4f8a7cb7ab6285567f7e
p:  270377.2607027981
5d2a4fb4051215b40f567f7c
p:  161673.73846464674
5d2a4fdc7cb7ab6285567f81
p:  181446.33526573237
5d2a4fee7cb7ab6285567f82
p:  379135.17256236286
5d2a4ffd33e6b04a70567f7a
p:  265197.0864589047
5d2a50565c3f0c3ea5567f80
p:  154806.22174212697
5d2a5076c3b5a90cea567f83
p:  245842.12707256147
5d2a507776c1813e0c567f81
p:  298556.07051828847
5d2a5116f678799865567f80
p:  181109.70959982128
5d2a512c051215b40f567f7f
p:  88725.26709651649
5d2a513076c1813e0c567f83
p:  219041.8076532596
5d2a51a75336feeb30567f7c
p:  115829.68852506139
5d2a51aaf8e8bdf511567f89
p:  113482.65534848956
5d2a526bc3b5a90cea567f8e
p:  238051.82021217135
5d2a52735c3f0c3ea5567f87
p:  224798.76522589367
5d2a540ff678799865567f8b
p:  220094.2716867008
5d2a553bbd2fd31d80567f9f
p:  68215.17537728218
5d2a5546bd2fd31d80567fa0
p:  155375.04271749075
5d2a55c37a040e0cee567f8a
p:  198735.7578147398
5d2a56167a040e0cee567f8b
p:  114478.22888857842
5d2a57b0f678799865567fa0
p:  179697.70827352017
5d2a57b97a040e0cee567f8e
p:  211015.93968034716
5d2a57d3f8e8bdf511567fa1
p:  149892.87273684208
5d2a582e7a040e0cee567f90
p:  234683.19520434694
5d2a586a7a040e0cee567f91
p:  188354.01445467348
5d2a58917a040e0cee567f92
p:  156901.31951424584
5d2a58d07a040e0cee567f94
p:  176889.13070004818
5d2a59047a040e0cee567f96
p:  210413.19446263247
5d2a591e7a6397b9d9567fa2
p:  106000.14718636751
5d2a595c7a040e0cee567f98
p:  194991.7366709357
5d2a5969f678799865567fab
p:  136901.49948265796
5d2a59837a040e0cee567f99
p:  92526.40873618308
5d2a59917a040e0cee567f9a
p:  142038.3805780764
5d2a5998426ae8b3aa567f98
p:  71885.1198166122
5d2a59bbbd2fd31d80567fb5
p:  302271.4346858297
5d2a59c67a040e0cee567f9d
p:  115895.3090365527
5d2a5a007cb7ab6285567faa
p:  250805.53221078182
5d2a5a08f8e8bdf511567fa5
p:  181306.5621264676
5d2a5a17426ae8b3aa567f9d
p:  125062.70917803454
5d2a5a6c7a040e0cee567fa0
p:  126041.54596263511
5d2a5aeb426ae8b3aa567f9f
p:  118273.1029668362
5d2a5b02bd2fd31d80567fb7
p:  80996.39271588434
5d2a5b027cb7ab6285567fae
p:  323399.2169970437
5d2a5b03f8e8bdf511567faa
p:  67902.38370789273
5d2a5b2ef8e8bdf511567fac
p:  188622.784039874
5d2a5b537a6397b9d9567fa8
p:  182172.4530717525
5d2a5b5b7a040e0cee567fa6
p:  147524.39509577362
5d2a5ba4bd2fd31d80567fb8
p:  84321.43451527496
5d2a5c2433e6b04a70567fa7
p:  78542.44996829375
5d2a5c3d6c798892be567f9e
p:  85493.2092879673
5d2a5c4833e6b04a70567fa8
p:  84121.97592236742
5d2a5c857a040e0cee567fac
p:  184597.65406673163
5d2a5cb07a040e0cee567fad
p:  187478.14053096506
5d2a5cc633e6b04a70567fab
p:  182079.37517337137
5d2a5ccd426ae8b3aa567fa1
p:  224755.20072301742
5d2a5ce333e6b04a70567fac
p:  183078.3180340728
5d2a5cebbd2fd31d80567fbd
p:  80441.3375884871
5d2a5d3333e6b04a70567fae
p:  162612.3633160296
5d2a5d827a040e0cee567fb3
p:  196256.56890240233
5d2a5dda426ae8b3aa567fa4
p:  89068.64710590415
5d2a5dea7a040e0cee567fb6
p:  205201.97667532845
5d2a5df0426ae8b3aa567fa5
p:  87007.39741633298
5d2a5e127a040e0cee567fb7
p:  118172.80060905033
5d2a5e3a7a040e0cee567fb8
p:  126969.29964564515
5d2a5e44f8e8bdf511567fb5
p:  178119.28187724616
5d2a5e617a040e0cee567fb9
p:  250235.628845783
5d2a5eae7a040e0cee567fbb
p:  186582.08497620065
5d2a5ed47a040e0cee567fbc
p:  234683.19520434694
5d2a5ef8426ae8b3aa567fab
p:  175966.59595970763
5d2a5efe7a6397b9d9567fb1
p:  154868.8348453832
5d2a5f0b7a040e0cee567fbe
p:  194991.7366709357
5d2a5f10426ae8b3aa567fad
p:  87875.13921705337
5d2a5f1633e6b04a70567fb7
p:  139071.68763300136
5d2a5f597a040e0cee567fc0
p:  184484.71847166074
5d2a5f837a6397b9d9567fb2
p:  223140.2626026278
5d2a5fa87a040e0cee567fc2
p:  122793.45181673861
5d2a5fad33e6b04a70567fbc
p:  215743.06785633077
5d2a5fc433e6b04a70567fbd
p:  166830.2218780801
5d2a5fd56c798892be567fa3
p:  173054.1136785891
5d2a5fe833e6b04a70567fbe
p:  219682.43397643848
5d2a60127a040e0cee567fc4
p:  98298.7456220316
5d2a603b7a040e0cee567fc5
p:  214608.49816524447
5d2a605f426ae8b3aa567faf
p:  315088.1148327662
5d2a60637a040e0cee567fc6
p:  332000.4213874036
5d2a608a7a040e0cee567fc7
p:  258073.36045718612
5d2a60da7a040e0cee567fc9
p:  263958.6334286756
5d2a60db7cb7ab6285567fbc
p:  214309.73884054227
5d2a612ef8e8bdf511567fbe
p:  317017.9126492603
5d2a615033e6b04a70567fc1
p:  183936.18333877623
5d2a617a7a040e0cee567fcd
p:  126984.26825236934
5d2a61acf8e8bdf511567fc1
p:  199681.88380158797
5d2a61ca7a040e0cee567fce
p:  75084.36301991792
5d2a61d47a040e0cee567fcf
p:  189527.09610003984
5d2a61f27a040e0cee567fd0
p:  194335.4148298666
5d2a626af8e8bdf511567fc2
p:  70270.16064416194
5d2a6293051215b40f567fc2
p:  101957.89692350701
5d2a62b26c798892be567faa
p:  100200.97379614942
5d2a63357a040e0cee567fd8
p:  191237.05838936177
5d2a6342f8e8bdf511567fc3
p:  351381.3230840188
5d2a635d7a040e0cee567fd9
p:  118532.74002482131
5d2a63846c798892be567fad
p:  145261.11063786744
5d2a63a36c798892be567fae
p:  88250.78778812569
5d2a63c8426ae8b3aa567fb8
p:  101680.42619508093
5d2a63da6c798892be567fb0
p:  154042.70746446174
5d2a63fcf8e8bdf511567fc6
p:  397701.36803871306
5d2a64256c798892be567fb4
p:  188454.77944510945
5d2a64267a040e0cee567fdf
p:  258829.1937416865
5d2a64827a6397b9d9567fc0
p:  82282.1624794098
5d2a64b1c3b5a90cea567fc4
p:  91169.59949494686
5d2a64b433e6b04a70567fc8
p:  164767.13383034122
5d2a64c533e6b04a70567fc9
p:  165725.7944640402
5d2a650d5336feeb30567fb2
p:  144671.96612766397
5d2a6514c3b5a90cea567fd0
p:  70419.27776980004
5d2a651a5336feeb30567fb3
p:  161643.2583257821
5d2a651af8e8bdf511567fcb
p:  173267.05373865826
5d2a652a7a6397b9d9567fc3
p:  153165.19267740013
5d2a655f5336feeb30567fb5
p:  149980.23942853816
5d2a656fc3b5a90cea567fdb
p:  239874.86992733317
5d2a65a87a040e0cee567fe1
p:  232203.91669698068
5d2a65edc3b5a90cea567fe5
p:  280840.20020834677
5d2a65fbc3b5a90cea567fe7
p:  317591.8057796501
5d2a661333e6b04a70567fcf
p:  154157.70927395293
5d2a668c6c798892be567fb8
p:  210771.35018562866
5d2a66eb6c798892be567fbc
p:  255442.8367745882
5d2a67075c3f0c3ea5567fc3
p:  129122.14053608083
5d2a671c7a040e0cee567fe5
p:  79528.90157404967
5d2a67387a6397b9d9567fca
p:  154798.35587570068
5d2a67c27cb7ab6285567fcd
p:  675275.8818684417
5d2a67fc7a040e0cee567fe7
p:  256977.91801149765
5d2a685133e6b04a70567fda
p:  262675.01210626366
5d2a685b426ae8b3aa567fc3
p:  56990.13763248109
5d2a687b5336feeb30567fc4
p:  98021.79517961759
5d2a68e67a040e0cee567fea
p:  188359.0261421649
5d2a693ac3b5a90cea567ff4
p:  128208.95720765735
5d2a695f5c3f0c3ea5567fc8
p:  168166.19982607325
5d2a69f2c3b5a90cea567ff5
p:  186033.0718966095
5d2a6a397cb7ab6285567fd4
p:  212617.46008681343
5d2a6a9c33e6b04a70567fdc
p:  144614.420930775
5d2a6b17426ae8b3aa567fcc
p:  71885.1198166122
5d2a6b6b33e6b04a70567fde
p:  73202.5497209527
5d2a6baff678799865567fde
p:  204501.2050868299
5d2a6c0abd2fd31d80567fdc
p:  180639.4933264201
5d2a6c526c798892be567fc4
p:  65765.61042526888
5d2a6ccf5c3f0c3ea5567fd0
p:  174826.35552774716
5d2a6d1e7a6397b9d9567fd2
p:  106000.14718636751
5d2a6e8bf678799865567fe7
p:  201109.50092133775
5d2a6e8d33e6b04a70567fe9
p:  213471.063460975
5d2a6e905c3f0c3ea5567fd3
p:  254854.08860566502
5d2a6eb9c3b5a90cea568001
p:  306389.37868390157
5d2a6ec2051215b40f567fdd
p:  323533.2157857782
5d2a6fd5f8e8bdf511567fe3
p:  459731.10801746836
5d2a70205c3f0c3ea5567fd6
p:  255841.93845972067
5d2a70d0f678799865567fea
p:  96890.04293688366
5d2a71225c3f0c3ea5567fd9
p:  177235.90091106622
5d2a71a36c798892be567fd2
p:  92625.56019078603
5d2a71f6bd2fd31d80567ff3
p:  143369.7706224687
5d2a71fc7a6397b9d9567fe5
p:  91913.56742204023
5d2a72166c798892be567fd3
p:  206026.49351145315
5d2a727a33e6b04a70567fee
p:  123770.4325528075
5d2a730633e6b04a70567ff1
p:  177406.30716047907
5d2a735d33e6b04a70567ff3
p:  181258.71272680926
5d2a736a7a6397b9d9567feb
p:  177088.68198705575
5d2a73bf426ae8b3aa567fd6
p:  114965.42643216913
5d2a753a7a6397b9d9567ff1
p:  189272.54622093862
5d2a75887a6397b9d9567ff2
p:  306201.3145269803
5d2a77a233e6b04a70567ffd
p:  214034.5334905415
5d2a77ce33e6b04a70567fff
p:  176036.42700372994
5d2a77da6c798892be567fe9
p:  86357.70147059129
5d2a7851051215b40f567ffe
p:  482237.88165941276
5d2a7884f678799865567ffa
p:  242024.15808480105
5d2a795833e6b04a70568001
p:  78950.48725671085
5d2a797a7a6397b9d9567ffe
p:  82282.1624794098
5d2a7a1833e6b04a70568003
p:  153412.9896188747
5d2a7a455336feeb30567ff5
p:  176959.90506101667
5d2a7a525336feeb30567ff6
p:  184542.7019761973
5d2a7a9b5c3f0c3ea5567ff2
p:  78906.10924230493
5d2a7ab35c3f0c3ea5567ff3
p:  87457.4493655836
5d2a7ad576c1813e0c567ff5
p:  86711.25489679765
5d2a7b465c3f0c3ea5567ff5
p:  38658.02042532324
5d2a7ba0051215b40f568008
p:  168811.05116512525
5d2a7bbec3b5a90cea568026
p:  125606.69847576579
5d2a7bc8f678799865568002
p:  185480.2825790263
5d2a7be0f678799865568003
p:  204105.0921961597
5d2a7c205c3f0c3ea5567ff7
p:  95448.98150611317
5d2a7c3b7a040e0cee56801c
p:  354302.8179854349
5d2a7c52f678799865568007
p:  198703.77190669384
5d2a7c925c3f0c3ea5567ff8
p:  127097.36539771648
5d2a7cd95c3f0c3ea5567ffd
p:  75040.3033055006
5d2a7cf65c3f0c3ea5567ffe
p:  279185.14914023096
5d2a7d005c3f0c3ea5567fff
p:  72091.6723691432
5d2a7d4af67879986556800c
p:  109759.710390263
5d2a7d7433e6b04a70568015
p:  83345.76995550455
5d2a7da7f67879986556800f
p:  276326.03660005995
5d2a7dfa33e6b04a70568019
p:  237400.34830573085
5d2a7e5bf678799865568013
p:  164654.4664785119
5d2a7e917a6397b9d956800f
p:  271306.52293014585
5d2a7e9e5c3f0c3ea5568002
p:  99156.71600428839
5d2a7f2d5c3f0c3ea5568003
p:  61086.29501797141
5d2a7f30f678799865568018
p:  175714.5576728785
5d2a7f36051215b40f568011
p:  219159.75471294686
5d2a7f3e5c3f0c3ea5568004
p:  49949.67912386082
5d2a7f9af8e8bdf51156800d
p:  169208.28696127946
5d2a7ff55c3f0c3ea5568008
p:  96358.4988215782
5d2a80007a040e0cee568027
p:  232580.93450445187
5d2a80065c3f0c3ea5568009
p:  96358.4988215782
5d2a8008051215b40f568019
p:  106174.39963069509
5d2a8100f8e8bdf511568013
p:  177058.45007412665
5d2a81175336feeb30568007
p:  184542.7019761973
5d2a813ac3b5a90cea56802f
p:  166380.57783043018
5d2a8153f8e8bdf511568015
p:  125450.34759053998
5d2a82e133e6b04a70568029
p:  176585.91190317203
5d2a83047cb7ab628556801c
p:  121060.3425867667
5d2a835ff8e8bdf51156801e
p:  132890.05225942712
5d2a83857cb7ab628556801e
p:  77523.79640692259
5d2a838b33e6b04a7056802c
p:  225782.217688335
5d2a83927cb7ab628556801f
p:  66999.12738487485
5d2a83c733e6b04a70568034
p:  137206.77515021767
5d2a8425f678799865568024
p:  290836.0253691061
5d2a844f33e6b04a70568038
p:  253686.60617456143
5d2a84bdf678799865568027
p:  149633.79367766803
5d2a84cdf678799865568028
p:  346679.30257475044
5d2a85955336feeb30568014
p:  102316.08585618701
5d2a85d1bd2fd31d8056801e
p:  66090.06878267214
5d2a85df051215b40f568027
p:  63630.61529254595
5d2a861f33e6b04a7056803a
p:  583928.0008707799
5d2a8653bd2fd31d80568023
p:  294895.7840291272
5d2a8679f67879986556802d
p:  179502.22489613565
5d2a867fbd2fd31d80568025
p:  300463.8447348119
5d2a86afbd2fd31d80568028
p:  195579.97254912212
5d2a86bbbd2fd31d80568029
p:  211563.69465399737
5d2a86cfbd2fd31d8056802a
p:  215355.69017652157
5d2a8740bd2fd31d8056802f
p:  250952.9502130316
5d2a87ce7a6397b9d956802e
p:  136812.75362583296
5d2a87faf8e8bdf511568029
p:  254060.3575428842
5d2a8836f678799865568033
p:  218565.07486510105
5d2a8862f678799865568034
p:  149633.79367766803
5d2a88ab051215b40f568032
p:  70703.35705749842
5d2a89e6426ae8b3aa568011
p:  77859.32389260491
5d2a8a175c3f0c3ea5568021
p:  112080.42975584397
5d2a8a575336feeb30568021
p:  121682.60580536569
5d2a8a635336feeb30568022
p:  166675.47935519484
5d2a8a95426ae8b3aa568015
p:  119005.11194254104
5d2a8a9f6c798892be568024
p:  138715.2980035278
5d2a8e04f8e8bdf511568041
p:  177752.4702514395
5d2a8e777a6397b9d956803b
p:  350168.4179982296
5d2a8ea07a6397b9d956803c
p:  335904.9154761331
5d2a8ecd5c3f0c3ea5568039
p:  365024.43900267256
5d2a8f7bf678799865568048
p:  201878.25558131223
5d2a8fc27a6397b9d956803f
p:  157786.78718000939
5d2a902f5c3f0c3ea5568046
p:  107071.62669566476
5d2a90455336feeb3056802d
p:  114502.94278066023
5d2a90c4f678799865568050
p:  172930.99346719234
5d2a90d27cb7ab628556803d
p:  52336.68454563286
5d2a90e8f678799865568051
p:  186720.9029655841
5d2a90fef678799865568055
p:  217697.7594129691
5d2a91115336feeb3056802f
p:  149930.74498019484
5d2a9144c3b5a90cea568052
p:  395993.62910461705
5d2a9152f678799865568059
p:  139068.37447232683
5d2a9165f8e8bdf511568050
p:  160754.13479739084
5d2a9182f8e8bdf511568054
p:  223762.52459422662
5d2a9189f8e8bdf511568055
p:  261582.6609990263
5d2a918ff8e8bdf511568056
p:  181162.45348729438
5d2a91c9f67879986556805d
p:  99388.66015566632
5d2a9416c3b5a90cea56805d
p:  218585.252410568
5d2a9473c3b5a90cea56805f
p:  249327.0939983469
5d2a94825336feeb30568038
p:  225624.6607229361
5d2a94dc5c3f0c3ea556805b
p:  114094.88115034612
5d2a94dfc3b5a90cea568063
p:  280886.32911957824
5d2a9591c3b5a90cea56806a
p:  182017.5433639721
5d2a95eb6c798892be568034
p:  231355.51896972378
5d2a95fa6c798892be568035
p:  223066.23869607068
5d2a96076c798892be568036
p:  340545.8790451135
5d2a96d6426ae8b3aa568037
p:  92560.71066341523
5d2a97246c798892be568045
p:  121566.70000514213
5d2a97556c798892be568047
p:  373617.2367061748
5d2a97a55336feeb30568045
p:  170509.8262181452
5d2a9863051215b40f56805f
p:  73849.84793240635
5d2a99af6c798892be568075
p:  425163.54057605064
5d2a99c36c798892be568077
p:  148312.8894432974
5d2a99c85c3f0c3ea5568067
p:  151153.81788255222
5d2a99c9f678799865568077
p:  140453.32236408527
5d2a99e16c798892be56807a
p:  278920.85524471296
5d2a9a9c6c798892be568081
p:  249718.36170944164
5d2a9aab6c798892be568082
p:  356084.09643820714
5d2a9afe7cb7ab628556805c
p:  116802.90749917207
5d2a9b0d6c798892be56808c
p:  77161.61695087873
5d2a9b166c798892be56808d
p:  153755.89360884286
5d2a9b286c798892be56808f
p:  128286.13443395827
5d2a9b326c798892be568090
p:  259773.20164177832
5d2a9b426c798892be568091
p:  168610.95713040212
5d2a9beff8e8bdf511568075
p:  220802.03709541878
5d2a9bf66c798892be5680a1
p:  410977.53352087666
5d2a9c036c798892be5680a2
p:  314163.0497421671
5d2a9c2e6c798892be5680a5
p:  227078.19825269305
5d2a9d5b6c798892be5680a8
p:  279503.30122681835
5d2a9d646c798892be5680a9
p:  267232.6626016112
5d2a9dc833e6b04a70568061
p:  170430.8868993233
5d2a9ddcc3b5a90cea56807d
p:  424719.78099525487
5d2a9dea33e6b04a70568062
p:  170430.8868993233
5d2a9df97cb7ab6285568061
p:  238891.45915563233
5d2a9e5033e6b04a70568063
p:  280068.486136556
5d2a9e5f33e6b04a70568064
p:  383277.0952372943
5d2a9e797a6397b9d956805f
p:  206321.95755331658
5d2a9e8cbd2fd31d8056806e
p:  385297.5972565732
5d2a9e996c798892be5680ac
p:  352152.0440781594
5d2aa0466c798892be5680b1
p:  135490.22831598282
5d2aa0fe6c798892be5680b4
p:  285260.0761912813
5d2aa10f7cb7ab6285568069
p:  132549.83328608115
5d2aa20ff67879986556808a
p:  125591.3583413434
5d2aa3286c798892be5680bd
p:  241696.40839583764
5d2aa4156c798892be5680c3
p:  265899.37580577435
5d2aa54af67879986556808d
p:  122236.68983127442
5d2aa63b33e6b04a7056806f
p:  142194.31045317982
5d2aa77b6c798892be5680d6
p:  287245.16476268845
5d2aa7ad7a040e0cee568086
p:  135087.87943545642
5d2aa7d56c798892be5680d8
p:  174762.14829274802
5d2aa8015c3f0c3ea556809e
p:  85709.58803966793
5d2aa8246c798892be5680da
p:  241798.47819605836
5d2aa8996c798892be5680dd
p:  258981.50969828683
5d2aa8e76c798892be5680df
p:  205949.99248440252
5d2aa8fa76c1813e0c568069
p:  367516.6909654456
5d2aa957426ae8b3aa568066
p:  156787.97011561642
5d2aa9ae6c798892be5680e4
p:  149637.8506880677
5d2aa9ef426ae8b3aa56806a
p:  100057.20522033982
5d2aaa5e426ae8b3aa56806d
p:  245133.08830355824
5d2aaa9cbd2fd31d80568083
p:  404687.753549592
5d2aaaa9c3b5a90cea5680a9
p:  416909.7815640952
5d2aaae833e6b04a70568083
p:  109941.83314701065
5d2aaaee426ae8b3aa568070
p:  130678.1298092798
5d2aab2abd2fd31d80568086
p:  163540.72644294437
5d2aab82426ae8b3aa568073
p:  99120.49298341124
5d2aabcb426ae8b3aa568075
p:  131025.08923819351
5d2aabeb33e6b04a70568086
p:  249405.20286399612
5d2aabff426ae8b3aa568076
p:  166299.18454311963
5d2aac1633e6b04a70568087
p:  116081.79925854474
5d2aac49426ae8b3aa568078
p:  122217.34402035542
5d2aac7b426ae8b3aa568079
p:  79409.1259170885
5d2aac805c3f0c3ea55680af
p:  133683.17050398944
5d2aac9c7a040e0cee568092
p:  150217.13710751073
5d2aaca0426ae8b3aa56807a
p:  362323.4394892795
5d2aacd0426ae8b3aa56807b
p:  72081.61487978307
5d2aacf4426ae8b3aa56807c
p:  85304.83798412426
5d2aad0976c1813e0c568073
p:  121802.3424710813
5d2aad4f426ae8b3aa56807e
p:  85438.75907757747
5d2aad4f051215b40f5680b0
p:  214240.03935449081
5d2aad695c3f0c3ea55680b2
p:  162673.50499019487
5d2aad9e33e6b04a70568089
p:  84828.88576870893
5d2aada0051215b40f5680b3
p:  180027.88307132613
5d2aadcf426ae8b3aa568081
p:  81500.52096125539
5d2aae0f051215b40f5680b4
p:  164920.38450660073
5d2aae457a6397b9d9568090
p:  335251.63488167414
5d2aae63426ae8b3aa568084
p:  118546.63493972635
5d2aae83051215b40f5680b8
p:  150430.47959872326
5d2aaeae426ae8b3aa568086
p:  99210.58562909877
5d2aaed4426ae8b3aa568087
p:  104791.0678027772
5d2aaee0051215b40f5680bb
p:  244453.1566040052
5d2aaef8426ae8b3aa568088
p:  82439.39587490424
5d2aaf177a6397b9d9568092
p:  248638.7131974388
5d2aaf1d426ae8b3aa568089
p:  103508.10201768196
5d2aaf3f051215b40f5680be
p:  169459.69870839905
5d2aaf42426ae8b3aa56808a
p:  101954.30138793934
5d2aaf79051215b40f5680c0
p:  124022.47500859959
5d2aafa133e6b04a7056808b
p:  78312.39490060542
5d2aafab051215b40f5680c1
p:  173556.24548637288
5d2aafb2426ae8b3aa56808d
p:  123015.74339824851
5d2aafdd5c3f0c3ea55680c0
p:  155861.0027285373
5d2aafe476c1813e0c56807a
p:  210816.38391123922
5d2aaff8bd2fd31d80568093
p:  303603.262215671
5d2ab040051215b40f5680c5
p:  168523.9199454722
5d2ab04c5c3f0c3ea55680c5
p:  182069.56008518476
5d2ab05b051215b40f5680c6
p:  158407.57136280747
5d2ab0615c3f0c3ea55680c6
p:  170549.78021744164
5d2ab06b33e6b04a70568090
p:  81220.41112224574
5d2ab09233e6b04a70568091
p:  175806.8175194646
5d2ab0985c3f0c3ea55680c9
p:  70246.41387038582
5d2ab0cdbd2fd31d80568098
p:  270154.8241278196
5d2ab0df33e6b04a70568093
p:  107831.57188408719
5d2ab10c7a040e0cee56809d
p:  73400.78432781651
5d2ab119051215b40f5680cd
p:  288613.9394786932
5d2ab12f33e6b04a70568095
p:  87711.61518284294
5d2ab14e051215b40f5680cf
p:  174946.00026476424
5d2ab1607a040e0cee5680a0
p:  348747.6148405778
5d2ab17d426ae8b3aa568097
p:  111396.18757877257
5d2ab1ae5c3f0c3ea55680cf
p:  96207.1344045829
5d2ab1b533e6b04a70568098
p:  205857.26191404887
5d2ab1c05c3f0c3ea55680d0
p:  98290.45756246202
5d2ab1e333e6b04a70568099
p:  105508.95456085072
5d2ab20a33e6b04a7056809a
p:  93596.20088244692
5d2ab213051215b40f5680d6
p:  224780.77138665796
5d2ab22b7a040e0cee5680a3
p:  71878.1135724738
5d2ab233051215b40f5680d7
p:  304115.6678262385
5d2ab2595336feeb30568090
p:  86662.84513091628
5d2ab25a33e6b04a7056809c
p:  108301.90755265279
5d2ab266426ae8b3aa56809d
p:  132330.0523107336
5d2ab28333e6b04a7056809d
p:  120839.59506807246
5d2ab2cf051215b40f5680dd
p:  304754.0322673079
5d2ab2f4051215b40f5680de
p:  176535.4494028965
5d2ab30f33e6b04a705680a0
p:  188421.9492213914
5d2ab3215336feeb30568095
p:  136035.31920467585
5d2ab3315336feeb30568096
p:  165451.61926592223
5d2ab338051215b40f5680e0
p:  171511.3156578524
5d2ab37176c1813e0c56807f
p:  534161.2357734671
5d2ab389426ae8b3aa5680a2
p:  205726.58851105103
5d2ab3b433e6b04a705680a4
p:  196517.1964590634
5d2ab3f9426ae8b3aa5680a5
p:  183781.75600900754
5d2ab44a051215b40f5680e8
p:  167635.75644513723
5d2ab4637a040e0cee5680a8
p:  263815.45465998846
5d2ab469426ae8b3aa5680a8
p:  224363.36727966514
5d2ab48e426ae8b3aa5680a9
p:  155682.17167224977
5d2ab4c3051215b40f5680ec
p:  554729.3910397217
5d2ab4db051215b40f5680ed
p:  165940.90256267495
5d2ab4dc33e6b04a705680ab
p:  81096.87384497668
5d2ab4fb051215b40f5680ee
p:  265386.7434367277
5d2ab50733e6b04a705680ac
p:  183040.37603851117
5d2ab53d051215b40f5680f0
p:  172645.33568735613
5d2ab572426ae8b3aa5680af
p:  253050.55391531298
5d2ab596426ae8b3aa5680b0
p:  272297.91073169454
5d2ab5a7051215b40f5680f2
p:  174519.95079268212
5d2ab5b233e6b04a705680b0
p:  128521.87172851624
5d2ab5c1051215b40f5680f3
p:  137753.1157518026
5d2ab5df33e6b04a705680b1
p:  117556.16834213679
5d2ab5e0051215b40f5680f4
p:  137151.77666435114
5d2ab5fa051215b40f5680f5
p:  121444.1408981235
5d2ab60633e6b04a705680b2
p:  472919.4701479442
5d2ab609426ae8b3aa5680b3
p:  106459.40198943969
5d2ab62e33e6b04a705680b3
p:  116081.79925854474
5d2ab630426ae8b3aa5680b4
p:  138870.70157508165
5d2ab6437cb7ab6285568091
p:  337593.2348111004
5d2ab681051215b40f5680f7
p:  146135.93524434732
5d2ab6c47cb7ab6285568093
p:  123918.45635527224
5d2ab6e27a040e0cee5680ae
p:  151985.63541345368
5d2ab73b7cb7ab6285568094
p:  679700.3626971558
5d2ab74c33e6b04a705680ba
p:  78493.78912602905
5d2ab754426ae8b3aa5680bb
p:  181947.72404318885
5d2ab779426ae8b3aa5680bc
p:  175821.28696695348
5d2ab7a033e6b04a705680bc
p:  275381.646540731
5d2ab7a15336feeb305680a1
p:  252534.5487205392
5d2ab7c8051215b40f568101
p:  106067.18566488218
5d2ab7ec426ae8b3aa5680bf
p:  568686.1359160536
5d2ab8767a040e0cee5680b2
p:  261611.6921047589
5d2ab883426ae8b3aa5680c3
p:  142265.35392747133
5d2ab8a9426ae8b3aa5680c4
p:  209798.25685291144
5d2ab8f033e6b04a705680c4
p:  271399.98876773915
5d2ab8f6426ae8b3aa5680c6
p:  153437.83209351322
5d2ab91b426ae8b3aa5680c7
p:  460304.6964554729
5d2ab92c051215b40f568105
p:  266446.5672984804
5d2ab9b3426ae8b3aa5680cb
p:  216916.45768933644
5d2aba2abd2fd31d805680b7
p:  191425.38507675022
5d2aba3733e6b04a705680cc
p:  244728.06507618498
5d2aba4a426ae8b3aa5680cf
p:  71299.5405194763
5d2aba87426ae8b3aa5680d0
p:  372942.1611082645
5d2aba9b7cb7ab6285568096
p:  140237.01167437917
5d2abaad426ae8b3aa5680d1
p:  186934.84725538854
5d2abad3426ae8b3aa5680d2
p:  183781.75600900754
5d2abb887a6397b9d95680ad
p:  298771.47010381275
5d2abbd333e6b04a705680d6
p:  255969.2149991353
5d2abc177cb7ab6285568099
p:  153649.4008946071
5d2abc2a426ae8b3aa5680db
p:  243816.94232266943
5d2abc357a6397b9d95680ae
p:  439287.356834614
5d2abc40051215b40f56810f
p:  201571.3647144103
5d2abc7133e6b04a705680da
p:  306461.96459673403
5d2abcd57a6397b9d95680b0
p:  206890.88365749025
5d2abd1033e6b04a705680de
p:  307154.3192840482
5d2abd33426ae8b3aa5680e2
p:  160420.25270553963
5d2abd506c798892be568123
p:  298192.34457189834
5d2abda176c1813e0c568090
p:  230473.300263446
5d2abddf051215b40f568114
p:  262518.6912345816
5d2abe1a7a6397b9d95680b3
p:  427887.33177717915
5d2abe1dbd2fd31d805680c7
p:  249858.92036531065
5d2abe2b7a6397b9d95680b5
p:  282776.90373505995
5d2abe367a6397b9d95680b6
p:  153580.17363186434
5d2abe3f7a6397b9d95680b7
p:  238188.6331031241
5d2abe497a6397b9d95680b8
p:  392012.36970790464
5d2abe6676c1813e0c568091
p:  238046.63633507027
5d2abe867a040e0cee5680c8
p:  191040.1454788745
5d2abe9d426ae8b3aa5680eb
p:  146568.83438758165
5d2abea45336feeb305680af
p:  217150.10784685536
5d2abea7c3b5a90cea5680e4
p:  159540.0064443951
5d2abeca33e6b04a705680e9
p:  335061.90044884675
5d2abef07a6397b9d95680bc
p:  476515.43413735565
5d2abf045c3f0c3ea55680e8
p:  204287.89282746013
5d2abf107a6397b9d95680bd
p:  73066.42157432952
5d2abf1f7a040e0cee5680ca
p:  88506.79341186583
5d2abf3e7a6397b9d95680be
p:  242854.51940085174
5d2abf59426ae8b3aa5680f0
p:  230973.37906126917
5d2abfc96c798892be568128
p:  355061.948240072
5d2ac0005c3f0c3ea55680eb
p:  194436.59545441507
5d2ac0195c3f0c3ea55680ec
p:  105897.09764460128
5d2ac06fc3b5a90cea5680ec
p:  77382.97425892473
5d2ac0837cb7ab62855680a1
p:  442848.2569292005
5d2ac086bd2fd31d805680cb
p:  286668.1356397147
5d2ac0b333e6b04a705680f5
p:  275381.646540731
5d2ac10a7cb7ab62855680a4
p:  107310.7376764574
5d2ac110051215b40f568119
p:  196219.22213941783
5d2ac123426ae8b3aa5680fc
p:  146125.16546704515
5d2ac13c7a6397b9d95680c6
p:  212323.94423045134
5d2ac1425336feeb305680b7
p:  108111.68487457541
5d2ac1a0f8e8bdf5115680da
p:  428135.645850066
5d2ac1a8051215b40f56811c
p:  278247.341910013
5d2ac1ae6c798892be56812b
p:  352039.0470142587
5d2ac20533e6b04a705680fc
p:  188538.99682222144
5d2ac22b426ae8b3aa568102
p:  96166.68948744169
5d2ac23133e6b04a705680fd
p:  188538.99682222144
5d2ac25c76c1813e0c568099
p:  206985.14076297497
5d2ac26a051215b40f56811e
p:  197504.36447015268
5d2ac279426ae8b3aa568104
p:  175949.55322928372
5d2ac28df8e8bdf5115680dd
p:  404372.4149552749
5d2ac2a3f8e8bdf5115680de
p:  242406.04840781313
5d2ac2b4bd2fd31d805680d4
p:  274593.3974690478
5d2ac2c4426ae8b3aa568106
p:  199034.0908969037
5d2ac2f7bd2fd31d805680d5
p:  283804.8442522511
5d2ac30d6c798892be56812c
p:  303513.33231210394
5d2ac31a7cb7ab62855680aa
p:  270401.4661892868
5d2ac34c33e6b04a70568105
p:  392447.81758507673
5d2ac36b6c798892be56812e
p:  312260.0424737993
5d2ac37333e6b04a70568106
p:  218689.91245934568
5d2ac383426ae8b3aa56810b
p:  606195.7384244102
5d2ac41a426ae8b3aa56810f
p:  207169.16798905696
5d2ac440426ae8b3aa568110
p:  223119.49537665863
5d2ac479f8e8bdf5115680e0
p:  254483.8694588808
5d2ac496f8e8bdf5115680e1
p:  141162.2665765305
5d2ac4b45336feeb305680c0
p:  172187.1058903901
5d2ac4d16c798892be568133
p:  318481.2433641715
5d2ac4d376c1813e0c5680a0
p:  444949.9094176763
5d2ac4d9426ae8b3aa568114
p:  495800.8285590226
5d2ac4e75c3f0c3ea55680f7
p:  287405.98858241487
5d2ac4ef7cb7ab62855680af
p:  130749.34977901814
5d2ac5147cb7ab62855680b0
p:  220712.34599437338
5d2ac51a76c1813e0c5680a2
p:  362784.3907070696
5d2ac53b7cb7ab62855680b1
p:  500234.74074825854
5d2ac5b876c1813e0c5680a7
p:  328961.89377355285
5d2ac5e87a6397b9d95680d0
p:  287413.679464124
5d2ac5f46c798892be568136
p:  428012.0735602313
5d2ac5f7bd2fd31d805680de
p:  212985.89874452184
5d2ac60a426ae8b3aa56811a
p:  250476.1253724579
5d2ac60c7cb7ab62855680b2
p:  208250.6163842671
5d2ac611bd2fd31d805680df
p:  267507.13316540583
5d2ac653bd2fd31d805680e1
p:  290796.5158988566
5d2ac69f5c3f0c3ea55680fe
p:  191872.8037879486
5d2ac6aef8e8bdf5115680e5
p:  203579.47154961684
5d2ac6c2f8e8bdf5115680e6
p:  318125.00848683354
5d2ac6cd7cb7ab62855680b4
p:  347769.1143182056
5d2ac6d85c3f0c3ea5568101
p:  130803.80170599066
5d2ac6f46c798892be56813b
p:  317181.4226597464
5d2ac7397cb7ab62855680b7
p:  324239.79010641365
5d2ac7796c798892be56813e
p:  253219.8342505338
5d2ac79c7cb7ab62855680ba
p:  538619.0933549253
5d2ac7bd76c1813e0c5680af
p:  362916.9996917245
5d2ac7cbf8e8bdf5115680e8
p:  483188.8790220781
5d2ac7ce6c798892be56813f
p:  370559.13226464065
5d2ac81f76c1813e0c5680b2
p:  313419.47485357744
5d2ac8357cb7ab62855680bd
p:  280784.822061306
5d2ac85dbd2fd31d805680ea
p:  321185.09967114555
5d2ac88d6c798892be568142
p:  242337.85316017744
5d2ac89d76c1813e0c5680b5
p:  475082.4381497085
5d2ac8cebd2fd31d805680ec
p:  246230.43736402158
5d2ac8debd2fd31d805680ed
p:  273388.4003415354
5d2ac9067cb7ab62855680bf
p:  488275.3800478731
5d2ac9157cb7ab62855680c0
p:  268568.70224768255
5d2ac9186c798892be568144
p:  247094.7535503576
5d2ac93e76c1813e0c5680b7
p:  363769.503264158
5d2ac9d3f6787998655680d6
p:  244201.87724040032
5d2ac9ebbd2fd31d805680f2
p:  400509.59142487455
5d2aca1ef8e8bdf5115680ed
p:  232520.26063181055
5d2aca32bd2fd31d805680f4
p:  264174.01670402207
5d2aca3af8e8bdf5115680ee
p:  318660.6190711067
5d2aca6376c1813e0c5680bb
p:  587613.8949727617
5d2aca8776c1813e0c5680bc
p:  550063.3305561885
5d2aca8cf8e8bdf5115680ef
p:  225786.47779098398
5d2acaa75c3f0c3ea556810d
p:  94326.7399346832
5d2acab75c3f0c3ea556810e
p:  147573.31335934266
5d2acaebf8e8bdf5115680f0
p:  179137.2467987968
5d2acb42f8e8bdf5115680f4
p:  227372.31953380056
5d2acb6176c1813e0c5680bf
p:  544539.2431521127
5d2acb7f76c1813e0c5680c0
p:  258402.41147507596
5d2acb837a6397b9d95680df
p:  286293.73176671
5d2acbd07a6397b9d95680e1
p:  813391.2742179534
5d2acbf35336feeb305680cd
p:  162976.40545994812
5d2acc23f8e8bdf5115680f7
p:  252488.5196155853
5d2acc356c798892be56814b
p:  244653.7385314583
5d2acc485c3f0c3ea5568110
p:  85859.35743275535
5d2acca1f8e8bdf5115680f9
p:  257081.2114120627
5d2accaf6c798892be56814d
p:  292720.5118739741
5d2accddf8e8bdf5115680fb
p:  257081.2114120627
5d2acce77cb7ab62855680cb
p:  216094.54512723384
5d2acd45f8e8bdf5115680fd
p:  288009.1804748785
5d2acd5876c1813e0c5680c1
p:  384131.46851048234
5d2acd5d7cb7ab62855680cd
p:  125815.59193899657
5d2acda3f6787998655680e1
p:  562781.5568674139
5d2acda5051215b40f568143
p:  468468.05186918273
5d2ace37f6787998655680e3
p:  190787.94217313736
5d2ace3d7cb7ab62855680ce
p:  318704.93912313133
5d2ace4976c1813e0c5680c4
p:  296379.1409147418
5d2ace5a6c798892be56814f
p:  311430.2413285662
5d2acea97cb7ab62855680cf
p:  479208.3914887884
5d2acebe7cb7ab62855680d0
p:  238152.47607294162
5d2acf2f7cb7ab62855680d3
p:  554876.8493450166
5d2acf807cb7ab62855680d5
p:  268568.70224768255
5d2acfa8f6787998655680ea
p:  276701.75969613343
5d2acfb76c798892be568152
p:  337100.10992262885
5d2acfd56c798892be568153
p:  385609.98007410025
5d2acfec6c798892be568154
p:  311757.90240969264
5d2ad049f8e8bdf511568102
p:  337260.8715406883
5d2ad05f7a6397b9d95680e7
p:  402891.9517534778
5d2ad0e9bd2fd31d80568104
p:  244136.3026473404
5d2ad115f8e8bdf511568103
p:  343871.18841440795
5d2ad13ef8e8bdf511568104
p:  424377.5506419656
5d2ad152bd2fd31d80568107
p:  242850.87397832217
5d2ad1f7bd2fd31d80568109
p:  405470.829180946
5d2ad1f8f6787998655680f0
p:  275699.7584069678
5d2ad22e5c3f0c3ea5568125
p:  98841.86020305035
5d2ad2c076c1813e0c5680cc
p:  348455.15126421466
5d2ad2f56c798892be568156
p:  507012.9262391366
5d2ad30ac3b5a90cea56811b
p:  373465.241460988
5d2ad3137cb7ab62855680e1
p:  239978.0055725407
5d2ad409f8e8bdf51156810c
p:  348931.32827973587
5d2ad435bd2fd31d8056810f
p:  323904.76109939616
5d2ad4a1f6787998655680f6
p:  242658.31636318914
5d2ad4bbf6787998655680f7
p:  200786.0401850167
5d2ad53bf6787998655680fa
p:  340585.67929293617
5d2ad56cf8e8bdf511568110
p:  396691.6540583987
5d2ad5ed6c798892be56815e
p:  253219.8342505338
5d2ad638c3b5a90cea568123
p:  222814.48502402892
5d2ad6d6f6787998655680fd
p:  224195.96181432
5d2ad7d476c1813e0c5680d0
p:  370483.3263739437
5d2ad7d96c798892be568166
p:  296355.3808032421
5d2ad7dec3b5a90cea568126
p:  210625.22982861614
5d2ad7e06c798892be568167
p:  573758.4881050813
5d2ad7e176c1813e0c5680d1
p:  320112.79778379155
5d2ad89dc3b5a90cea56812a
p:  202140.75109859498
5d2ad8ff7a040e0cee568103
p:  180905.4185062762
5d2ad94133e6b04a7056813e
p:  556914.9896592123
5d2ad9a076c1813e0c5680d3
p:  283414.6431902718
5d2ada526c798892be56816c
p:  351608.5935343129
5d2adaa9f8e8bdf51156811a
p:  535616.7542471627
5d2adb397a6397b9d9568107
p:  694628.304810947
5d2adb86f678799865568107
p:  232747.60069850014
5d2adb8bc3b5a90cea56812f
p:  273299.7119621908
5d2adb90f678799865568108
p:  199919.86934611175
5d2adbf4f8e8bdf51156811e
p:  275820.05674994865
5d2adc355336feeb305680f3
p:  110137.57886519274
5d2adc84c3b5a90cea568131
p:  369448.3085919678
5d2adc8bf67879986556810b
p:  663215.3539902458
5d2adca36c798892be568172
p:  447143.730688227
5d2add106c798892be568174
p:  479183.1138572457
5d2add346c798892be568176
p:  312030.0653425299
5d2add576c798892be568178
p:  682423.7410292953
5d2add5f33e6b04a70568147
p:  239695.7395352843
5d2add6bc3b5a90cea568132
p:  171168.26372878568
5d2add9e76c1813e0c5680de
p:  247330.95820241942
5d2adda1051215b40f568170
p:  251776.31525107322
5d2adda6f67879986556810c
p:  200786.0401850167
5d2addb4c3b5a90cea568133
p:  300546.09986066003
5d2addc45336feeb305680f8
p:  169942.10969875712
5d2addd976c1813e0c5680df
p:  363703.59193902917
5d2addee5336feeb305680f9
p:  121154.25524311862
5d2ade44f8e8bdf511568127
p:  326086.91356145614
5d2adf147a040e0cee568110
p:  189639.63605926605
5d2adf407cb7ab62855680fe
p:  348415.22596417385
5d2adfa17a040e0cee568115
p:  285854.3064443503
5d2adfbbf8e8bdf51156812b
p:  451960.23744195804
5d2adfc36c798892be56817b
p:  341047.39737150766
5d2adfd133e6b04a7056814e
p:  335920.1830552165
5d2adfda7a040e0cee568117
p:  275176.16888462234
5d2ae0145336feeb305680fe
p:  132004.56164630078
5d2ae0286c798892be56817d
p:  311757.90240969264
5d2ae09b051215b40f568181
p:  320818.6626116194
5d2ae0eaf678799865568112
p:  326923.9282123903
5d2ae123426ae8b3aa56815a
p:  295189.8535613534
5d2ae1267a6397b9d956811a
p:  274098.89006953407
5d2ae152f678799865568115
p:  207027.0333059327
5d2ae16bc3b5a90cea56813c
p:  219748.4903007722
5d2ae178426ae8b3aa568160
p:  229586.42467767186
5d2ae1a0c3b5a90cea56813d
p:  184378.9230561921
5d2ae2047a6397b9d956811f
p:  192218.1643541693
5d2ae2336c798892be568180
p:  368340.47156363435
5d2ae23c76c1813e0c5680e8
p:  561699.7561648542
5d2ae2656c798892be568181
p:  330708.6469479156
5d2ae275c3b5a90cea568140
p:  246589.46738940192
5d2ae31333e6b04a7056815b
p:  368007.382152232
5d2ae316f8e8bdf511568131
p:  310459.61724625895
5d2ae3b35336feeb30568106
p:  169942.10969875712
5d2ae3bef678799865568118
p:  316187.23535140214
5d2ae3c6f8e8bdf511568135
p:  474698.7465577157
5d2ae45d426ae8b3aa56816a
p:  267640.4722601007
5d2ae4757a6397b9d9568124
p:  300581.09500372
5d2ae489c3b5a90cea568143
p:  293183.4824933002
5d2ae4a85336feeb30568108
p:  268255.2741829293
5d2ae5ac6c798892be568187
p:  290022.2707286648
5d2ae5bdf8e8bdf51156813b
p:  333033.5758169958
5d2ae5cd33e6b04a7056815f
p:  279614.8504931643
5d2ae680f67879986556811e
p:  210736.71291492146
5d2ae6925336feeb3056810c
p:  110137.57886519274
5d2ae7995c3f0c3ea5568159
p:  91095.50954080262
5d2ae7cd5c3f0c3ea556815a
p:  88340.03292416004
5d2ae7e8f67879986556811f
p:  262987.0499214385
5d2ae8e6f8e8bdf511568144
p:  467101.58135629
5d2ae9726c798892be5681ac
p:  422271.1656958563
5d2ae97ef8e8bdf511568148
p:  484418.0062138506
5d2ae9816c798892be5681ad
p:  779724.8966556143
5d2ae98376c1813e0c5680f8
p:  359086.4075412983
5d2ae99b6c798892be5681ae
p:  319575.87812612206
5d2ae9a46c798892be5681af
p:  198449.72342993587
5d2ae9ad76c1813e0c5680f9
p:  234115.46032572992
5d2ae9f2c3b5a90cea568154
p:  344562.33892614633
5d2aea02c3b5a90cea568155
p:  272393.8841764054
5d2aea09426ae8b3aa568174
p:  205972.87661349223
5d2aea235c3f0c3ea556815c
p:  76661.70353409322
5d2aea25c3b5a90cea568156
p:  403887.88685961283
5d2aea3b6c798892be5681b1
p:  200171.79653751646
5d2aeaed5c3f0c3ea556815d
p:  191327.06825575305
5d2aeb3f5c3f0c3ea556815f
p:  91095.50954080262
5d2aeb44f8e8bdf511568153
p:  315084.3893297004
5d2aeb5833e6b04a7056816a
p:  321881.8050713972
5d2aeb88f8e8bdf511568154
p:  375041.3771401542
5d2aebbf33e6b04a7056816c
p:  337866.9616265777
5d2aebc76c798892be5681b5
p:  223235.7277033545
5d2aebc9f678799865568127
p:  281151.04432767106
5d2aebda76c1813e0c5680fc
p:  225206.2841944148
5d2aebeff8e8bdf511568158
p:  474746.91643694043
5d2aec10f8e8bdf511568159
p:  325538.07772582094
5d2aec2a76c1813e0c5680fe
p:  161509.7223091852
5d2aec71c3b5a90cea56815c
p:  271965.51974014577
5d2aec9e6c798892be5681b9
p:  190066.53308915766
5d2aeca8f8e8bdf51156815c
p:  396691.6540583987
5d2aeccec3b5a90cea568160
p:  293908.4499456926
5d2aecd4f8e8bdf51156815d
p:  314746.5855440508
5d2aed06f8e8bdf51156815e
p:  459701.6182978429
5d2aed0e76c1813e0c568101
p:  439155.48959345627
5d2aed947a040e0cee5681aa
p:  226308.931640068
5d2aedd0f8e8bdf511568161
p:  327746.68710082094
5d2aee9a426ae8b3aa56817e
p:  393595.69105135184
5d2aeeb2426ae8b3aa56817f
p:  434531.01245541504
5d2aeebdc3b5a90cea568167
p:  451211.0840915601
5d2aef127a040e0cee5681af
p:  258175.3817316301
5d2aef1c5336feeb3056812d
p:  348846.7528403681
5d2aef28426ae8b3aa568181
p:  364781.30040595465
5d2aef8b5336feeb3056812f
p:  247621.12729395137
5d2aefaac3b5a90cea56816b
p:  222357.04619113723
5d2aefbf6c798892be5681c2
p:  412376.1425495535
5d2af005f8e8bdf511568168
p:  500472.25928713154
5d2af0106c798892be5681c7
p:  432356.0795528638
5d2af012c3b5a90cea56816c
p:  186667.96754740787
5d2af0497a6397b9d9568142
p:  276465.7110793269
5d2af050f678799865568130
p:  210736.71291492146
5d2af088f8e8bdf51156816a
p:  456842.89634589665
5d2af0a0f678799865568133
p:  411455.25590534194
5d2af0b86c798892be5681d3
p:  276961.4869757935
5d2af15ef8e8bdf51156816d
p:  316194.6384702885
5d2af17df8e8bdf51156816e
p:  328032.2881009121
5d2af19c6c798892be5681df
p:  228734.88885352266
5d2af2495336feeb30568132
p:  389357.53969290026
5d2af2b0f678799865568136
p:  314812.51909290976
5d2af37e7a040e0cee5681b3
p:  323611.7242744777
5d2af384f8e8bdf511568175
p:  519007.6505558978
5d2af3cf051215b40f5681ad
p:  281857.73425789777
5d2af4197a040e0cee5681b7
p:  240831.0195941417
5d2af46676c1813e0c568109
p:  511824.82750459923
5d2af4677a040e0cee5681b9
p:  310908.8966752682
5d2af47d76c1813e0c56810a
p:  378921.3464426155
5d2af571f8e8bdf51156817a
p:  337907.492904447
5d2af5dff8e8bdf51156817c
p:  368935.7940531416
5d2af5ee33e6b04a70568185
p:  359805.8299625195
5d2af617f8e8bdf51156817d
p:  322749.35488003376
5d2af63cf8e8bdf51156817e
p:  327746.68710082094
5d2af6617cb7ab6285568129
p:  404615.9011549345
5d2af6937a040e0cee5681bf
p:  368694.3063224477
5d2af695f8e8bdf511568181
p:  381610.8324710919
5d2af6bc33e6b04a70568187
p:  367769.8368567347
5d2af6faf8e8bdf511568184
p:  322569.16316093033
5d2af71ff678799865568144
p:  322826.78193028923
5d2af7bd5336feeb30568149
p:  263305.05111500714
5d2af7c433e6b04a7056818a
p:  211658.07744834403
5d2af7e1c3b5a90cea568176
p:  294879.11418109573
5d2af8716c798892be5681f1
p:  294465.97624154843
5d2af8935c3f0c3ea5568176
p:  228962.438026244
5d2af8d77a040e0cee5681c4
p:  254309.5555797735
5d2afa0c33e6b04a70568192
p:  286585.2020966964
5d2afa0dc3b5a90cea56817c
p:  200965.7294041714
5d2afa1f051215b40f5681b7
p:  233025.7750701678
5d2afa69f8e8bdf51156818c
p:  316194.6384702885
5d2afa796c798892be5681f5
p:  386773.57303875394
5d2afa9ac3b5a90cea56817e
p:  300546.09986066003
5d2afab87a6397b9d9568155
p:  321868.63746483147
5d2afac6c3b5a90cea568180
p:  272059.002614715
5d2afb6a426ae8b3aa568199
p:  137960.9104490978
5d2afb7033e6b04a70568198
p:  499208.18090854667
5d2afb7d7a6397b9d9568158
p:  265284.4693301314
5d2afb925c3f0c3ea556817e
p:  340969.3257817557
5d2afbd533e6b04a70568199
p:  317913.65731776797
5d2afbf07cb7ab6285568135
p:  370329.26150335954
5d2afc2af8e8bdf51156818e
p:  443980.21904076746
5d2afc665c3f0c3ea5568182
p:  274642.37178014
5d2afd75c3b5a90cea568187
p:  217896.12641161698
5d2afd9d76c1813e0c568125
p:  157465.58129248268
5d2afdb3c3b5a90cea568188
p:  300546.09986066003
5d2afdbb76c1813e0c568126
p:  317977.5555399444
5d2afdcd7a040e0cee5681ce
p:  420127.3312449168
5d2afdf0c3b5a90cea568189
p:  269388.28668459464
5d2afe195c3f0c3ea5568185
p:  281540.6650209489
5d2afe79f8e8bdf511568195
p:  614289.7131421915
5d2afe9ac3b5a90cea56818c
p:  295976.1807523081
5d2afe9e426ae8b3aa5681a4
p:  266089.34943125164
5d2afeb27a6397b9d956815e
p:  357869.7095511331
5d2afed87a6397b9d956815f
p:  332753.2519858503
5d2afeefc3b5a90cea56818d
p:  314902.70153959864
5d2aff13426ae8b3aa5681a6
p:  335430.3855686175
5d2aff457a040e0cee5681d3
p:  302102.2703658731
5d2aff496c798892be5681ff
p:  167374.1906249303
5d2affcfc3b5a90cea56818e
p:  252166.11360680248
5d2affdf5c3f0c3ea5568187
p:  117447.39627711114
5d2b0030c3b5a90cea56818f
p:  398382.1445615517
5d2b004f5336feeb3056815a
p:  302811.7224245877
5d2b0088426ae8b3aa5681af
p:  291523.62163138436
5d2b00977a6397b9d9568164
p:  336646.54078647436
5d2b0154f678799865568162
p:  326088.09572098963
5d2b01837a040e0cee5681da
p:  344160.32816611027
5d2b01dc051215b40f5681ca
p:  249785.2464217664
5d2b02237a6397b9d9568168
p:  556304.1073026271
5d2b023dc3b5a90cea568195
p:  299926.5019747461
5d2b0264bd2fd31d80568190
p:  134261.50647562367
5d2b031b051215b40f5681ce
p:  278373.69132381235
5d2b031e7a040e0cee5681e3
p:  314662.38190558326
5d2b035f7a040e0cee5681e7
p:  245945.48235073534
5d2b03b07a040e0cee5681ec
p:  115316.08493380851
5d2b03db6c798892be56820b
p:  259667.15652539907
5d2b051cf678799865568169
p:  389973.190802922
5d2b05cc051215b40f5681d6
p:  292494.3247810012
5d2b05da426ae8b3aa5681b8
p:  251146.12337608496
5d2b0730c3b5a90cea5681a2
p:  141928.4841081531
5d2b077cf8e8bdf51156819f
p:  310459.61724625895
5d2b0785bd2fd31d8056819d
p:  205790.86969053524
5d2b08b15c3f0c3ea556819d
p:  291367.65478642384
5d2b09037cb7ab6285568153
p:  368319.4126745852
5d2b090ac3b5a90cea5681a4
p:  209862.612415759
5d2b09387a6397b9d956817a
p:  317843.8193287527
5d2b0a336c798892be568219
p:  264555.78899702436
5d2b0acc7a6397b9d956817c
p:  259916.58049746393
5d2b0afa7a6397b9d956817d
p:  317431.25004554156
5d2b0b79426ae8b3aa5681c4
p:  289906.64119852707
5d2b0c4c6c798892be56821e
p:  73018.86501109866
5d2b0cf9bd2fd31d805681a7
p:  296938.07035897917
5d2b0d23426ae8b3aa5681c7
p:  307884.1141229738
5d2b0d63bd2fd31d805681a9
p:  372444.8525465515
5d2b0d68c3b5a90cea5681ae
p:  180939.16273427027
5d2b0d8b7cb7ab628556815c
p:  366266.180195599
5d2b0d987cb7ab628556815d
p:  291363.08634833136
5d2b0de3f8e8bdf5115681ac
p:  361383.3897248311
5d2b0e24426ae8b3aa5681ca
p:  340040.6378567843
5d2b0ebef8e8bdf5115681b4
p:  301139.6494092869
5d2b0f087a040e0cee56820a
p:  362302.30787116697
5d2b0f607a6397b9d9568189
p:  276563.48691209604
5d2b0fa633e6b04a705681ba
p:  319191.2713443595
5d2b0fba051215b40f5681e0
p:  289223.4917107043
5d2b108bbd2fd31d805681af
p:  296737.5045946019
5d2b1113426ae8b3aa5681cf
p:  251146.12337608496
5d2b112a426ae8b3aa5681d0
p:  356589.2919305355
5d2b113cc3b5a90cea5681b8
p:  252166.11360680248
5d2b11d2f67879986556818a
p:  310950.39373361337
5d2b124bbd2fd31d805681b7
p:  268008.9668520842
5d2b12b07cb7ab6285568168
p:  367082.98987365246
5d2b13677a6397b9d9568193
p:  286959.83202932414
5d2b137c051215b40f5681e8
p:  187968.23286709946
5d2b139f051215b40f5681e9
p:  270255.8851944508
5d2b13ea5336feeb30568191
p:  314710.5509489997
5d2b14fcbd2fd31d805681c1
p:  269738.76861928566
5d2b1503051215b40f5681ec
p:  233255.63200918114
5d2b1518051215b40f5681ed
p:  214577.32278959878
5d2b1539051215b40f5681ee
p:  289139.9861265668
5d2b15666c798892be56822b
p:  288235.43877798656
5d2b15f7c3b5a90cea5681c3
p:  171167.04931013077
5d2b160ec3b5a90cea5681c4
p:  376021.7492062547
5d2b164dbd2fd31d805681c6
p:  351830.5902617307
5d2b164ff8e8bdf5115681ca
p:  312926.5979439581
5d2b165f5336feeb30568198
p:  414730.91146615683
5d2b1670f8e8bdf5115681cb
p:  368783.09777571505
5d2b17a2426ae8b3aa5681dc
p:  287812.26673765667
5d2b17bf051215b40f5681ef
p:  344479.52334258705
5d2b182cf8e8bdf5115681cd
p:  335104.6074548343
5d2b18775c3f0c3ea55681bf
p:  193800.55224332068
5d2b1915f8e8bdf5115681cf
p:  453842.3952923586
5d2b19536c798892be568233
p:  270693.8665345524
5d2b19a25336feeb3056819e
p:  359060.2193357817
5d2b1a95426ae8b3aa5681e2
p:  247006.30607071356
5d2b1b0e6c798892be568235
p:  257919.21104323288
5d2b1b215c3f0c3ea55681c8
p:  161722.67927290878
5d2b1b2af8e8bdf5115681d2
p:  324999.1774717537
5d2b1b3c5336feeb305681a2
p:  299013.438819995
5d2b1bc1bd2fd31d805681d1
p:  265756.7515355364
5d2b1c30426ae8b3aa5681e4
p:  282819.6934094579
5d2b1c9e6c798892be568238
p:  224631.36803985812
5d2b1cb17cb7ab628556817e
p:  360165.20543960226
5d2b1cd833e6b04a705681e6
p:  279614.8504931643
5d2b1d1f051215b40f5681fb
p:  178322.0752037019
5d2b1d2df8e8bdf5115681d9
p:  411041.47144598083
5d2b1d68bd2fd31d805681d3
p:  673611.3539603673
5d2b1f1fc3b5a90cea5681d9
p:  216416.97607958957
5d2b1f927a6397b9d95681a6
p:  331695.8156225568
5d2b1fa17a6397b9d95681a7
p:  288773.37481615884
5d2b200bf8e8bdf5115681dc
p:  797105.739060353
5d2b2054f8e8bdf5115681de
p:  370795.9471208907
5d2b20dcbd2fd31d805681d9
p:  248505.8371280515
5d2b224f426ae8b3aa5681ef
p:  319996.86923527624
5d2b23fd7cb7ab628556818d
p:  359593.58102480334
5d2b2454bd2fd31d805681e0
p:  252274.309037329
5d2b245f7a6397b9d95681b3
p:  294085.9438558382
5d2b2465bd2fd31d805681e1
p:  354454.41745584324
5d2b246f7a040e0cee568251
p:  279613.5724197561
5d2b257433e6b04a705681fd
p:  332018.339422048
5d2b25b6f8e8bdf5115681f1
p:  430603.141122677
5d2b25ca7a040e0cee56825d
p:  74516.90344357782
5d2b2637426ae8b3aa5681f8
p:  274550.4957740146
5d2b269e426ae8b3aa5681fa
p:  389118.69715387863
5d2b274af6787998655681be
p:  247777.59497945756
5d2b27565336feeb305681c0
p:  298255.9617458536
5d2b281c426ae8b3aa568201
p:  239512.8269063254
5d2b2997bd2fd31d805681e7
p:  304419.4304814482
5d2b2ac75336feeb305681c8
p:  255625.542025804
5d2b2b505c3f0c3ea55681e8
p:  227951.30519810593
5d2b2c06426ae8b3aa568209
p:  266535.9334104256
5d2b2c23bd2fd31d805681ee
p:  386224.56421884
5d2b2c4ebd2fd31d805681ef
p:  270104.967768769
5d2b2ced051215b40f568220
p:  322014.14443022176
5d2b2e4abd2fd31d805681f4
p:  254387.639649281
5d2b2f49bd2fd31d805681f7
p:  325959.0767946887
5d2b2f4f426ae8b3aa568211
p:  251065.98179344987
5d2b30885336feeb305681d6
p:  330434.6840592755
5d2b3102c3b5a90cea568208
p:  211313.62691391908
5d2b315fbd2fd31d805681fa
p:  270146.72054351965
5d2b31b1c3b5a90cea56820c
p:  246538.62680923947
5d2b31f6051215b40f56822f
p:  288945.12974129757
5d2b324bc3b5a90cea568210
p:  292015.86159935244
5d2b326f5336feeb305681da
p:  371851.5613390071
5d2b3312c3b5a90cea568211
p:  278404.00621097366
5d2b343e5c3f0c3ea5568201
p:  115858.42881585768
5d2b34edbd2fd31d80568204
p:  249665.5755757403
5d2b34fe7a040e0cee568296
p:  151924.58091089682
5d2b3529426ae8b3aa568224
p:  286022.2905675806
5d2b3544426ae8b3aa568225
p:  320075.09755117097
5d2b355cf8e8bdf511568216
p:  303979.117863174
5d2b356c426ae8b3aa568226
p:  259002.78963421143
5d2b357c6c798892be56826b
p:  143834.24829507613
5d2b3597c3b5a90cea568217
p:  216859.32088496565
5d2b35a8f6787998655681e4
p:  462209.4161858524
5d2b361f426ae8b3aa56822b
p:  324183.7883635871
5d2b3661bd2fd31d80568205
p:  373030.82987898553
5d2b36ea426ae8b3aa568232
p:  317057.9164356427
5d2b36f66c798892be56826e
p:  189881.49279465666
5d2b37295336feeb305681e7
p:  250458.56420005136
5d2b3762426ae8b3aa568236
p:  268852.9922632638
5d2b3763bd2fd31d80568208
p:  381163.3740071804
5d2b3798f6787998655681e8
p:  244712.83142701013
5d2b3814426ae8b3aa56823d
p:  267059.9011462519
5d2b384a426ae8b3aa56823e
p:  291512.5737165689
5d2b392a5c3f0c3ea5568207
p:  552558.7339400188
5d2b394f426ae8b3aa568246
p:  282646.602287411
5d2b399d426ae8b3aa568248
p:  268255.2741829293
5d2b3a136c798892be568277
p:  282209.5808403626
5d2b3a5dbd2fd31d80568210
p:  283800.9173928172
5d2b3a77426ae8b3aa56824c
p:  237213.55388418114
5d2b3a9b051215b40f56823e
p:  293618.27328374155
5d2b3aa4f8e8bdf51156821d
p:  432620.26309564244
5d2b3ac6426ae8b3aa56824e
p:  412945.52664615016
5d2b3b07bd2fd31d80568212
p:  1261131.3948958032
5d2b3b117a040e0cee5682a5
p:  244774.9704908816
5d2b3c1cbd2fd31d80568216
p:  373376.0176802597
5d2b3c2b5336feeb305681f9
p:  284567.1005352196
5d2b3c39bd2fd31d80568217
p:  289426.26136041724
5d2b3cae6c798892be56827c
p:  231189.4730126678
5d2b3cd8426ae8b3aa56825f
p:  286938.96246153896
5d2b3de0bd2fd31d80568220
p:  238536.63868775143
5d2b3dffbd2fd31d80568221
p:  270146.72054351965
5d2b3e106c798892be568282
p:  255981.34307823158
5d2b3e26bd2fd31d80568222
p:  234855.57688149338
5d2b3f4333e6b04a70568230
p:  247191.05728612817
5d2b3fee6c798892be568284
p:  143770.9174969672
5d2b402033e6b04a70568239
p:  166324.90577223222
5d2b4060bd2fd31d80568226
p:  711806.0087917292
5d2b40c37a040e0cee5682b7
p:  186295.7945532529
5d2b4163051215b40f568255
p:  294325.6534731015
5d2b4211051215b40f568256
p:  331950.2950959897
5d2b422cc3b5a90cea568236
p:  206199.81550608616
5d2b4238c3b5a90cea568237
p:  394553.83049997187
5d2b423c5c3f0c3ea5568227
p:  297353.611909793
5d2b428fc3b5a90cea56823c
p:  292907.84053937043
5d2b42aac3b5a90cea56823e
p:  325979.7329343858
5d2b42f3c3b5a90cea568243
p:  330459.75732922123
5d2b430ac3b5a90cea568245
p:  320628.3557351282
5d2b431f6c798892be56828b
p:  321497.5431555719
5d2b43495336feeb30568208
p:  430432.79551227554
5d2b4361c3b5a90cea56824c
p:  296146.9800153125
5d2b43726c798892be56828c
p:  282209.5808403626
5d2b4373bd2fd31d80568230
p:  246838.46998169148
5d2b4394051215b40f568258
p:  302734.3744331299
5d2b43a35c3f0c3ea5568230
p:  288477.73360843764
5d2b43a7bd2fd31d80568232
p:  274776.04534704017
5d2b43f8051215b40f56825a
p:  204403.2561852189
5d2b4400c3b5a90cea568255
p:  287132.3884383242
5d2b440ec3b5a90cea568256
p:  249624.62873157917
5d2b441ec3b5a90cea568257
p:  336903.1280712682
5d2b44415336feeb3056820c
p:  254087.33356527772
5d2b44955c3f0c3ea5568236
p:  291973.13682094414
5d2b44b0bd2fd31d80568234
p:  431436.8473500178
5d2b460f7a040e0cee5682c5
p:  228160.8196916908
5d2b4616f678799865568201
p:  223618.0777032431
5d2b461bc3b5a90cea568260
p:  320325.38510434306
5d2b4636c3b5a90cea568261
p:  323760.3149591753
5d2b46b3426ae8b3aa5682b6
p:  280350.02529006824
5d2b46ef426ae8b3aa5682b8
p:  264666.23848089424
5d2b4716426ae8b3aa5682b9
p:  348531.7149508243
5d2b473a426ae8b3aa5682ba
p:  435521.2765791088
5d2b4774051215b40f568261
p:  267398.4341432571
5d2b4785bd2fd31d8056823d
p:  437025.9175458956
5d2b4786426ae8b3aa5682bc
p:  263140.6581658048
5d2b481c426ae8b3aa5682c0
p:  244409.68850249986
5d2b483b051215b40f568263
p:  331950.2950959897
5d2b4845bd2fd31d80568242
p:  298989.75944401184
5d2b486f426ae8b3aa5682c3
p:  213358.12851385796
5d2b4894426ae8b3aa5682c4
p:  297123.28635996114
5d2b489af8e8bdf51156824f
p:  174547.59045365843
5d2b48a4f8e8bdf511568250
p:  228184.2729191553
5d2b48b3426ae8b3aa5682c6
p:  283243.25764359545
5d2b48c07a6397b9d95681f4
p:  232542.38815560436
5d2b48c2051215b40f568266
p:  368286.76691537636
5d2b48c4426ae8b3aa5682c7
p:  249076.51844644098
5d2b48de5c3f0c3ea5568243
p:  235665.0244726364
5d2b4922426ae8b3aa5682ca
p:  277941.1391439006
5d2b494a051215b40f568269
p:  292548.6628137693
5d2b49c26c798892be56829b
p:  186078.6541810854
5d2b4a35c3b5a90cea56826d
p:  297560.1332313018
5d2b4a4bc3b5a90cea56826f
p:  333350.0022565664
5d2b4a6f426ae8b3aa5682d4
p:  629361.6090018083
5d2b4a73051215b40f56826a
p:  255687.16716067237
5d2b4a776c798892be5682a3
p:  231189.4730126678
5d2b4a8c6c798892be5682a4
p:  232075.67495346905
5d2b4aa66c798892be5682a5
p:  259859.9696752302
5d2b4abc6c798892be5682a6
p:  232075.67495346905
5d2b4ae26c798892be5682a8
p:  159292.70883973525
5d2b4ae3426ae8b3aa5682d7
p:  294084.7402111763
5d2b4b04f8e8bdf511568259
p:  193875.20916049066
5d2b4b2b6c798892be5682ab
p:  226390.84311283898
5d2b4b39426ae8b3aa5682dc
p:  338322.13841333624
5d2b4b3cf8e8bdf51156825b
p:  260908.89669244585
5d2b4b5e426ae8b3aa5682de
p:  275039.65977097023
5d2b4b795c3f0c3ea5568249
p:  276605.5698854977
5d2b4b8f426ae8b3aa5682e0
p:  434311.5596378868
5d2b4b9876c1813e0c568196
p:  261109.61315627306
5d2b4b9a426ae8b3aa5682e1
p:  389959.48343618214
5d2b4bafbd2fd31d8056824b
p:  300913.61614640855
5d2b4bb4426ae8b3aa5682e2
p:  336980.51235251315
5d2b4bbc051215b40f56826c
p:  306606.89147876704
5d2b4bd9426ae8b3aa5682e3
p:  361077.11950119026
5d2b4be3f8e8bdf51156825c
p:  242530.82125926745
5d2b4bfe426ae8b3aa5682e4
p:  305333.09498211934
5d2b4c086c798892be5682b6
p:  286547.2528853788
5d2b4c1c6c798892be5682b7
p:  232475.63671402755
5d2b4c4c426ae8b3aa5682e6
p:  424115.0914372162
5d2b4c96426ae8b3aa5682e8
p:  591140.9116688619
5d2b4cba426ae8b3aa5682e9
p:  386453.9745879317
5d2b4cc6bd2fd31d80568252
p:  545081.2869219242
5d2b4cecbd2fd31d80568253
p:  361117.7090279227
5d2b4d156c798892be5682b8
p:  259255.7550961046
5d2b4d51426ae8b3aa5682ef
p:  272556.92850519344
5d2b4d52bd2fd31d80568255
p:  291902.7528314605
5d2b4d6c426ae8b3aa5682f0
p:  272556.92850519344
5d2b4d7d426ae8b3aa5682f1
p:  377394.50510900555
5d2b4da7bd2fd31d80568257
p:  335540.3268036343
5d2b4dc8426ae8b3aa5682f3
p:  363299.52875789197
5d2b4dfa33e6b04a70568266
p:  414573.3543837967
5d2b4dfb426ae8b3aa5682f5
p:  387377.4940931152
5d2b4e0af67879986556820b
p:  243265.70787054286
5d2b4e1033e6b04a70568267
p:  646934.656424595
5d2b4e26f67879986556820c
p:  294151.7877819163
5d2b4e3e426ae8b3aa5682f8
p:  472387.1027118328
5d2b4e4a6c798892be5682b9
p:  261085.6457211046
5d2b4e52426ae8b3aa5682f9
p:  493284.287580883
5d2b4e5576c1813e0c568199
p:  144410.0946977567
5d2b4e74426ae8b3aa5682fb
p:  265508.2359289059
5d2b4e7f76c1813e0c56819a
p:  320128.1143711371
5d2b4e9b426ae8b3aa5682fd
p:  308094.89645907737
5d2b4e9ef8e8bdf511568262
p:  262231.0075366553
5d2b4edf6c798892be5682ba
p:  277783.6304949657
5d2b4f34f67879986556820f
p:  358805.91233136324
5d2b4f3f33e6b04a7056826c
p:  291206.243292022
5d2b4f6fc3b5a90cea56827a
p:  256117.44504394106
5d2b4f7ef8e8bdf511568265
p:  248306.9143118962
5d2b4f8033e6b04a7056826d
p:  490776.95869177056
5d2b4f89bd2fd31d8056825b
p:  277933.26322941075
5d2b4fafc3b5a90cea56827b
p:  292994.05212174705
5d2b4fc6f678799865568212
p:  269102.53980550996
5d2b501df8e8bdf511568267
p:  245751.4058830578
5d2b505733e6b04a70568273
p:  372998.31672953436
5d2b50977a040e0cee5682d9
p:  283659.6377733927
5d2b50aef8e8bdf511568269
p:  164320.77577379908
5d2b50b7bd2fd31d8056825f
p:  521761.0329500701
5d2b50dbf678799865568214
p:  249357.73199972406
5d2b50f26c798892be5682c0
p:  233665.55275305436
5d2b5155426ae8b3aa568314
p:  226280.71623134403
5d2b517c426ae8b3aa568315
p:  324808.8803438974
5d2b51b6bd2fd31d80568260
p:  382188.3432065643
5d2b51bb33e6b04a70568275
p:  371564.9049049821
5d2b51faf8e8bdf51156826b
p:  258223.46798739783
5d2b520476c1813e0c5681aa
p:  356788.9792682234
5d2b522076c1813e0c5681ab
p:  248662.9488150947
5d2b523a426ae8b3aa56831d
p:  269722.9741606836
5d2b5249426ae8b3aa56831e
p:  202965.28998065315
5d2b5258426ae8b3aa56831f
p:  249793.67434003053
5d2b5266f678799865568217
p:  258182.44754477814
5d2b527bf678799865568218
p:  294618.06904156774
5d2b528233e6b04a70568277
p:  332148.2524978557
5d2b528e76c1813e0c5681af
p:  279567.89348444436
5d2b52a7426ae8b3aa568322
p:  236713.09391884744
5d2b52a9f8e8bdf51156826d
p:  244442.84443737724
5d2b52bd76c1813e0c5681b2
p:  344611.4214923549
5d2b52e36c798892be5682c4
p:  413602.8632737864
5d2b52e576c1813e0c5681b4
p:  212461.67921914952
5d2b52f7f678799865568219
p:  248074.88318314165
5d2b53256c798892be5682c5
p:  201096.9357412713
5d2b533876c1813e0c5681b7
p:  152268.1802501033
5d2b53ae426ae8b3aa56832c
p:  240321.21047958883
5d2b53d6f8e8bdf51156826e
p:  241481.98569937577
5d2b53ed426ae8b3aa568330
p:  364209.4161048147
5d2b5415426ae8b3aa568332
p:  318844.05892605823
5d2b542b6c798892be5682c9
p:  156725.65123149002
5d2b5438426ae8b3aa568333
p:  301653.6373988419
5d2b5439f8e8bdf51156826f
p:  272934.55465657415
5d2b5445f67879986556821d
p:  245499.40074637812
5d2b5456f8e8bdf511568270
p:  249036.3508691914
5d2b545e426ae8b3aa568335
p:  231719.06075454233
5d2b5475f67879986556821e
p:  245258.11095250465
5d2b547d426ae8b3aa568336
p:  478666.07521304174
5d2b5489c3b5a90cea568284
p:  237634.54090133967
5d2b548e426ae8b3aa568337
p:  225868.66076533133
5d2b549333e6b04a7056827b
p:  368347.6431057952
5d2b5499f8e8bdf511568272
p:  340428.55552834313
5d2b549df67879986556821f
p:  291312.4757840631
5d2b54a233e6b04a7056827c
p:  331601.31385133916
5d2b54a5426ae8b3aa568338
p:  225558.3115747919
5d2b54ac76c1813e0c5681ba
p:  265187.19476752996
5d2b54bdf8e8bdf511568274
p:  252719.6387877771
5d2b54c276c1813e0c5681bb
p:  347909.07976735965
5d2b54caf8e8bdf511568275
p:  178117.3913292889
5d2b54cbf678799865568220
p:  325574.83763326914
5d2b54d033e6b04a7056827e
p:  288647.9641749803
5d2b54fdc3b5a90cea568286
p:  391482.2398688786
5d2b5506426ae8b3aa56833b
p:  296462.1444053034
5d2b551dc3b5a90cea568287
p:  296146.9800153125
5d2b5521426ae8b3aa56833c
p:  243435.62906175904
5d2b5549426ae8b3aa56833e
p:  255541.92843229522
5d2b5555f8e8bdf511568277
p:  214343.00189193722
5d2b5572bd2fd31d8056826b
p:  339583.91238502914
5d2b55d5426ae8b3aa568343
p:  304952.491341808
5d2b5602c3b5a90cea56828a
p:  225470.72801317857
5d2b5629f678799865568224
p:  353254.2329164179
5d2b563e426ae8b3aa568346
p:  265724.63231816277
5d2b564c6c798892be5682d0
p:  260724.2145907674
5d2b5650f8e8bdf51156827a
p:  236176.5963953112
5d2b567c5336feeb30568235
p:  148908.6214786312
5d2b569176c1813e0c5681c1
p:  229013.113970349
5d2b569b7a040e0cee5682e7
p:  133597.01220201785
5d2b56a933e6b04a70568286
p:  377258.73818069027
5d2b56d06c798892be5682d2
p:  180615.31665591925
5d2b56db426ae8b3aa56834d
p:  440796.63070159516
5d2b56ed426ae8b3aa56834e
p:  338218.05377323367
5d2b5710426ae8b3aa56834f
p:  302065.1600883696
5d2b573cf8e8bdf51156827c
p:  135590.36714097756
5d2b574d76c1813e0c5681c3
p:  284545.38690327434
5d2b5754426ae8b3aa568352
p:  306236.77403680974
5d2b575ff678799865568228
p:  267855.9543521498
5d2b57667a6397b9d9568220
p:  160575.883388221
5d2b579d7cb7ab62855681e6
p:  217938.3547809957
5d2b57bd426ae8b3aa568355
p:  215028.31643619575
5d2b57c77cb7ab62855681e7
p:  247210.08132595726
5d2b57d0bd2fd31d8056826d
p:  269734.18618712714
5d2b57d0426ae8b3aa568356
p:  298598.7069633696
5d2b582e426ae8b3aa56835a
p:  249793.67434003053
5d2b5832f67879986556822a
p:  271225.91941044887
5d2b58367a6397b9d956822d
p:  159434.9237645904
5d2b5845f67879986556822b
p:  416427.8550870627
5d2b585f76c1813e0c5681c9
p:  321979.2368347576
5d2b58607cb7ab62855681ea
p:  312412.490312275
5d2b586b76c1813e0c5681ca
p:  272996.1247144635
5d2b5896426ae8b3aa56835f
p:  396903.3747589496
5d2b58b2f8e8bdf51156827e
p:  228184.2729191553
5d2b5911c3b5a90cea568292
p:  517022.2871484237
5d2b5914f678799865568230
p:  268055.8494226422
5d2b594e7cb7ab62855681ef
p:  543033.4644418979
5d2b596f426ae8b3aa568366
p:  208264.28053436847
5d2b597e7cb7ab62855681f0
p:  183199.69117247936
5d2b59d65c3f0c3ea556827c
p:  469270.15470898873
5d2b59e5f8e8bdf511568283
p:  199422.13858800931
5d2b5a0e426ae8b3aa56836c
p:  247481.45058589388
5d2b5a33426ae8b3aa56836d
p:  170021.88552895427
5d2b5a507a6397b9d9568234
p:  543644.3936531731
5d2b5a737cb7ab62855681f2
p:  268741.3577351224
5d2b5adcf678799865568233
p:  354415.8154940813
5d2b5ade426ae8b3aa568373
p:  217256.62351499338
5d2b5af9426ae8b3aa568374
p:  554379.6726699626
5d2b5b23c3b5a90cea568299
p:  278803.33428073075
5d2b5b38f8e8bdf511568286
p:  288970.5950116033
5d2b5b4dbd2fd31d80568272
p:  519025.99596073985
5d2b5b63426ae8b3aa568379
p:  179427.72904367142
5d2b5b7bf8e8bdf511568288
p:  410271.02222957835
5d2b5bbcbd2fd31d80568273
p:  299273.72912391747
5d2b5bd6bd2fd31d80568274
p:  536319.2855244622
5d2b5c22c3b5a90cea5682a1
p:  201987.5844660196
5d2b5c2cf678799865568235
p:  243265.70787054286
5d2b5c46f678799865568236
p:  357216.39154399023
5d2b5c4c7cb7ab62855681f4
p:  271104.4387269784
5d2b5c71426ae8b3aa568383
p:  537328.9693448773
5d2b5c9fbd2fd31d80568275
p:  271654.26535489404
5d2b5cab6c798892be5682e6
p:  167881.24889379548
5d2b5cf433e6b04a70568291
p:  239579.3285294451
5d2b5d0e76c1813e0c5681d1
p:  199353.1013652039
5d2b5d1a426ae8b3aa56838a
p:  192004.25591819285
5d2b5d295c3f0c3ea5568296
p:  283088.63704973605
5d2b5d2ac3b5a90cea5682a8
p:  248972.2776157376
5d2b5d62051215b40f568291
p:  339335.0181749143
5d2b5d75c3b5a90cea5682aa
p:  294884.56625239854
5d2b5d845336feeb30568264
p:  374961.7888066865
5d2b5d967cb7ab62855681f6
p:  358913.939464808
5d2b5d9af67879986556823a
p:  278407.4417977814
5d2b5da6426ae8b3aa568390
p:  219923.2555732227
5d2b5dbb426ae8b3aa568391
p:  250425.87861507467
5d2b5de0426ae8b3aa568392
p:  337902.21656429704
5d2b5e05426ae8b3aa568393
p:  264777.4405002021
5d2b5e18426ae8b3aa568394
p:  192706.70123069285
5d2b5e4bf8e8bdf51156828f
p:  210742.87078470836
5d2b5e82426ae8b3aa568397
p:  271131.4987537713
5d2b5eb7c3b5a90cea5682b4
p:  178992.47537899757
5d2b5ede76c1813e0c5681d5
p:  238603.72505975503
5d2b5ee1c3b5a90cea5682b5
p:  365186.33084352664
5d2b5f07c3b5a90cea5682b6
p:  285279.617406214
5d2b5f14051215b40f568292
p:  695616.7155575142
5d2b5f1933e6b04a70568297
p:  497107.627765952
5d2b5f2a5c3f0c3ea556829e
p:  236689.62453237723
5d2b5f4a426ae8b3aa5683a0
p:  266775.2237710756
5d2b5f5af67879986556823f
p:  293262.04057611537
5d2b5f64f8e8bdf511568293
p:  210247.89615841146
5d2b5f7e76c1813e0c5681d7
p:  265187.19476752996
5d2b5fa2f678799865568240
p:  274322.4927910656
5d2b5fb65c3f0c3ea55682a1
p:  291529.14733301644
5d2b5fe7426ae8b3aa5683a6
p:  322114.7542166108
5d2b600a7cb7ab6285568202
p:  236745.99334051425
5d2b601f426ae8b3aa5683a8
p:  207183.16266440164
5d2b602b7cb7ab6285568203
p:  309272.22358646453
5d2b604676c1813e0c5681d9
p:  254840.489242395
5d2b6058426ae8b3aa5683aa
p:  225474.77637130462
5d2b607d426ae8b3aa5683ac
p:  387962.92494150787
5d2b608d7cb7ab6285568206
p:  321513.6320979345
5d2b60fb426ae8b3aa5683b1
p:  211693.7299869919
5d2b6108426ae8b3aa5683b2
p:  367943.69996916887
5d2b6131c3b5a90cea5682c6
p:  473565.61699130374
5d2b6133051215b40f568297
p:  259642.32852709468
5d2b6164426ae8b3aa5683b6
p:  287709.13262098783
5d2b61a7f678799865568241
p:  262017.12218845845
5d2b61c9c3b5a90cea5682ca
p:  380063.4636307504
5d2b61efc3b5a90cea5682cb
p:  205436.5549458426
5d2b622076c1813e0c5681e0
p:  283498.790909407
5d2b6265c3b5a90cea5682cc
p:  333139.03006386623
5d2b627f426ae8b3aa5683be
p:  297691.02873473626
5d2b628d426ae8b3aa5683bf
p:  200326.72921957585
5d2b629d051215b40f56829b
p:  285345.19317264576
5d2b62c3426ae8b3aa5683c1
p:  203706.21142694482
5d2b62cb76c1813e0c5681e2
p:  280113.74875190575
5d2b62d133e6b04a705682a6
p:  224891.7811971925
5d2b62eb426ae8b3aa5683c2
p:  284602.5472492809
5d2b62fb426ae8b3aa5683c3
p:  344027.54768005246
5d2b630b7a040e0cee568311
p:  260282.62034684332
5d2b631b051215b40f56829c
p:  361975.96093807794
5d2b631f426ae8b3aa5683c4
p:  205421.02499154577
5d2b6322c3b5a90cea5682d1
p:  255788.73412672404
5d2b6337051215b40f56829d
p:  223070.22348160477
5d2b636e76c1813e0c5681e3
p:  260722.01369080407
5d2b63acc3b5a90cea5682d5
p:  297560.1332313018
5d2b63ce426ae8b3aa5683cb
p:  153145.1858404945
5d2b63d133e6b04a705682a7
p:  664371.7523928817
5d2b64467cb7ab628556820e
p:  371838.473279679
5d2b646dc3b5a90cea5682da
p:  323031.2115468972
5d2b646e7cb7ab6285568210
p:  212598.28023497094
5d2b64a576c1813e0c5681e5
p:  281868.09181184485
5d2b64b17cb7ab6285568212
p:  420067.2332379004
5d2b64b2426ae8b3aa5683d3
p:  264777.4405002021
5d2b64c67a040e0cee568314
p:  395080.732613766
5d2b64e633e6b04a705682aa
p:  269290.8421636624
5d2b6508426ae8b3aa5683d6
p:  229760.8858981497
5d2b6516f678799865568247
p:  269368.03096897074
5d2b652d33e6b04a705682ac
p:  263385.4459971227
5d2b655433e6b04a705682ad
p:  265733.0041009667
5d2b65597cb7ab6285568215
p:  255411.68938920417
5d2b6603426ae8b3aa5683dd
p:  252185.3582737223
5d2b6623c3b5a90cea5682e3
p:  257997.1875588379
5d2b666c76c1813e0c5681ea
p:  253539.33929856494
5d2b667333e6b04a705682b0
p:  239917.44541484176
5d2b66ac33e6b04a705682b1
p:  252289.90895020188
5d2b66d133e6b04a705682b2
p:  312510.2272839695
5d2b66eac3b5a90cea5682e8
p:  454149.46459235356
5d2b66fe7cb7ab628556821c
p:  299777.55496283673
5d2b6786051215b40f5682a2
p:  373668.23850790807
5d2b6788426ae8b3aa5683df
p:  210443.81110190164
5d2b67a3051215b40f5682a3
p:  245497.01031328374
5d2b67d07a040e0cee568319
p:  279024.0906978593
5d2b67ed33e6b04a705682b9
p:  324532.0447450303
5d2b67f77a040e0cee56831a
p:  224757.80434338038
5d2b68065c3f0c3ea55682bc
p:  269121.7927995819
5d2b686933e6b04a705682bc
p:  273945.05901560857
5d2b686f7a040e0cee56831d
p:  225256.87161122583
5d2b6870426ae8b3aa5683e4
p:  201863.47917851468
5d2b6882051215b40f5682a4
p:  291732.0402691226
5d2b68a35c3f0c3ea55682be
p:  269884.25635063427
5d2b68a476c1813e0c5681ef
p:  346083.28946763853
5d2b68a4426ae8b3aa5683e6
p:  346672.11938955897
5d2b68bb7a040e0cee56831f
p:  362680.95256230445
5d2b68c0426ae8b3aa5683e8
p:  219514.39352997113
5d2b68e2426ae8b3aa5683e9
p:  180100.20177334212
5d2b68ea33e6b04a705682bf
p:  284695.9139314444
5d2b691333e6b04a705682c0
p:  216832.77142811337
5d2b691cf678799865568255
p:  264213.31419920066
5d2b692d426ae8b3aa5683ee
p:  229760.8858981497
5d2b692e6c798892be5682fb
p:  176337.18103299744
5d2b696333e6b04a705682c2
p:  273945.05901560857
5d2b698933e6b04a705682c3
p:  195142.61753038323
5d2b698ff678799865568256
p:  293611.4244595273
5d2b69ba426ae8b3aa5683f5
p:  324333.38206101535
5d2b6a186c798892be5682fe
p:  220797.55099284352
5d2b6a255336feeb30568290
p:  226024.64343226195
5d2b6a2f7a040e0cee568328
p:  243616.9568472435
5d2b6a3433e6b04a705682c7
p:  275725.2215969061
5d2b6a51bd2fd31d8056829a
p:  217026.36326159124
5d2b6a5c33e6b04a705682c8
p:  278314.10678578936
5d2b6a8633e6b04a705682c9
p:  236765.22553179003
5d2b6aabbd2fd31d8056829c
p:  188387.16775042133
5d2b6aac7a040e0cee56832b
p:  216635.17390984448
5d2b6ad933e6b04a705682cb
p:  281511.1217251348
5d2b6adbf8e8bdf5115682a3
p:  236176.5963953112
5d2b6b38f8e8bdf5115682a5
p:  257784.5160827624
5d2b6b7933e6b04a705682cf
p:  269070.88212171674
5d2b6b947a040e0cee568331
p:  240814.21994345862
5d2b6bb3f8e8bdf5115682a6
p:  246782.8919321389
5d2b6bde7a040e0cee568333
p:  223500.83968650864
5d2b6bf65c3f0c3ea55682c7
p:  256944.7757179439
5d2b6c03c3b5a90cea568310
p:  285603.0907060612
5d2b6c057a040e0cee568334
p:  307752.2253645892
5d2b6c3b33e6b04a705682d4
p:  275245.02874314866
5d2b6c6a33e6b04a705682d5
p:  263385.4459971227
5d2b6c777a040e0cee568337
p:  247238.0040511458
5d2b6c9dc3b5a90cea568314
p:  226489.6543042961
5d2b6ca9c3b5a90cea568315
p:  244845.91100097029
5d2b6cc27a040e0cee568339
p:  137443.44268047207
5d2b6ccfbd2fd31d805682a3
p:  285414.9744871737
5d2b6cd8f67879986556825d
p:  357252.66496373666
5d2b6cd95c3f0c3ea55682ca
p:  358223.19074394554
5d2b6ce46c798892be5