Current date and time: 2020-06-07 15:34:19
Successfully connect to DB.
For ['Adams', 'Barnes', 'Benson', 'Billings', 'Bottineau', 'Bowman', 'Burke', 'Burleigh', 'Cass', 'Cavalier', 'Dickey', 'Divide', 'Dunn', 'Eddy', 'Emmons', 'Foster', 'Golden Valley', 'Grand Forks', 'Grant', 'Griggs', 'Hettinger', 'Kidder', 'LaMoure', 'Logan', 'McHenry', 'McIntosh', 'McKenzie', 'McLean', 'McPherson', 'Mercer', 'Morton', 'Mountrail', 'Nelson', 'Oliver', 'Pembina', 'Pierce', 'Ramsey', 'Ransom', 'Renville', 'Richland', 'Rolette', 'Sargent', 'Sheridan', 'Sioux', 'Slope', 'Stark', 'Steele', 'Stutsman', 'Towner', 'Traill', 'Walsh', 'Ward', 'Wells', 'Williams']#################################################################
train score for random_forest: 0.944441685774897
test score for random_forest: 0.6144875756990011
The mean absolute error is:$ 60911.60489575391
r_Score: 0.6635375903170061
Voting Regressor (in): 0.9364500231647693
Voting Regressor: 0.6635375903170061
5d09b0db976984142e6d9845
p:  126225.4646524901
5d09ba68e2edbb8b116d9864
p:  255257.21385632362
5d09b2764a0fcb4b7d6d985b
p:  243582.25814156968
5d09b4fd4a0fcb4b7d6d9867
p:  152505.7520034777
5d09ab3de15646fbec6d982a
p:  138388.89321985978
5d09afd1e15646fbec6d9836
p:  243015.23457991704
5d09b50be2edbb8b116d984e
p:  168299.08076757562
5d09ad5ce15646fbec6d9830
p:  272104.0676775922
5d09a9fd976984142e6d982c
p:  208932.2628936062
5d09b49be2edbb8b116d9849
p:  194643.3303352297
5d09cc41f184f611416d98dc
p:  175000.5506004807
5d09aaa9976984142e6d9831
p:  204053.243194718
5d09b8cee2edbb8b116d9855
p:  167278.16358468262
5d09aae05a0b50eb446d9829
p:  176825.434071041
5d09a9d4976984142e6d982b
p:  208932.2628936062
5d09a3a7cd4fb7fbba6d981d
p:  150705.09471017055
5d09a3b3cd4fb7fbba6d981e
p:  288078.6934158603
5d09ad4ae15646fbec6d982d
p:  233846.85915643303
5d09a967cd4fb7fbba6d983e
p:  249581.01124666323
5d09a375cd4fb7fbba6d9819
p:  271694.9924946398
5d09a3cacd4fb7fbba6d9820
p:  284092.5555165716
5d09a3becd4fb7fbba6d981f
p:  262165.2223322132
5d09a383cd4fb7fbba6d981a
p:  364413.77396220923
5d09a95fcd4fb7fbba6d983d
p:  238684.66146859928
5d09a367cd4fb7fbba6d9818
p:  238684.66146859928
5d09a452e15646fbec6d9810
p:  244286.07770286116
5d09a781e15646fbec6d9818
p:  216370.3081985101
5d09b118e15646fbec6d983b
p:  179363.1642188613
5d09b3545a0b50eb446d987f
p:  313169.35912698996
5d09a239dd14f35c1a6d980a
p:  146645.11719987096
5d09a4785a0b50eb446d980c
p:  61290.58995359462
5d09a770e2edbb8b116d981c
p:  163356.75849889405
5d09ab3de2edbb8b116d9829
p:  117640.2095232375
5d09a46ae93517ee276d9812
p:  371559.68430442887
5d09afe14a0fcb4b7d6d9843
p:  86241.4737337936
5d09a507f184f611416d9811
p:  112455.33654616974
5d09aadb5a0b50eb446d9828
p:  136612.80891355965
5d09aaef4a0fcb4b7d6d982e
p:  57721.18343746563
5d09b0ec4a0fcb4b7d6d9850
p:  132662.15395706455
5d09aba2e8824364126d9835
p:  184101.52201110992
5d09aa1de15646fbec6d9823
p:  246054.88374749833
5d09ade65109676a896d9846
p:  81120.3964325102
5d09aefdab1c6b9be96d9837
p:  139023.54192118463
5d09a93d5a0b50eb446d981b
p:  97544.67847497265
5d09ada6e8824364126d983d
p:  145356.28536118355
5d09af295f9becf4d06d9831
p:  126033.27976743222
5d09a94dcd4fb7fbba6d983b
p:  255675.28174544888
5d09ad24e15646fbec6d982c
p:  166574.0578960995
5d09ab89b437a5451e6d9824
p:  177426.39161349667
5d09ad025a0b50eb446d9851
p:  214178.50204146467
5d09b908e2edbb8b116d9859
p:  129330.20744303247
5d09aa48cd4fb7fbba6d9851
p:  157696.78120635147
5d09af19e15646fbec6d9834
p:  258790.53745655922
5d09bac9e2edbb8b116d9867
p:  129330.20744303247
5d09af9a5f9becf4d06d9837
p:  114671.67218450675
5d09a975b437a5451e6d9820
p:  124050.07601354829
5d09b17b5f9becf4d06d9844
p:  164174.9497059578
5d09b07ff184f611416d983d
p:  101701.71331467097
5d09a34ae2edbb8b116d980d
p:  207004.59088261254
5d09a395e2edbb8b116d980f
p:  212881.24468439646
5d09bed6e2edbb8b116d9879
p:  90517.1560545912
5d09a352e2edbb8b116d980e
p:  242303.60131186832
5d09b150e93517ee276d9840
p:  180755.62614691939
5d09ade05a0b50eb446d985e
p:  136612.80891355965
5d09b15fe15646fbec6d983d
p:  249422.2387954504
5d09ab9f5a0b50eb446d983e
p:  227035.02796999534
5d09bc6bb437a5451e6d9868
p:  342342.5059824744
5d09b5edcd4fb7fbba6d9876
p:  133152.20296982804
5d09b31fe15646fbec6d9846
p:  262082.85993343458
5d09aa58dd14f35c1a6d9829
p:  290512.28144440893
5d09a98be8824364126d982b
p:  119784.04003039209
5d09b6d74a0fcb4b7d6d986d
p:  135756.5238947242
5d09aa4edd14f35c1a6d9828
p:  124834.85264654485
5d09a287e2edbb8b116d980a
p:  19883.365815134388
5d09aeaf5f9becf4d06d982d
p:  296102.27871274925
5d09b2a5ab1c6b9be96d9844
p:  261188.23958015765
5d09a53a4a0fcb4b7d6d9812
p:  189322.16936017678
5d09a5a7e93517ee276d9818
p:  140241.4025592579
5d09b0d0976984142e6d9843
p:  138162.33051405934
5d09b959b437a5451e6d985d
p:  152287.9361416746
5d09abe25a0b50eb446d9843
p:  136612.80891355965
5d09b0c9976984142e6d9842
p:  126986.20401169569
5d09a64be93517ee276d981b
p:  174611.03748828295
5d09aeb1f184f611416d9832
p:  98694.81149348976
5d09b1455f9becf4d06d9840
p:  100154.18763149547
5d09abbdf184f611416d9828
p:  116626.51261176202
5d09b427ab1c6b9be96d984a
p:  162648.25344458362
5d09b048ab1c6b9be96d9839
p:  242848.34962591197
5d09b048f184f611416d983b
p:  202448.97049646082
5d09b164f184f611416d9847
p:  129077.33771649799
5d09accb5a0b50eb446d984e
p:  333181.1957361987
5d09aecf5a0b50eb446d9868
p:  166987.7896307509
5d09b12ddd14f35c1a6d9844
p:  40833.08302309028
5d09a4d8e15646fbec6d9811
p:  301892.4114083725
5d09ad50e15646fbec6d982e
p:  249596.93350153678
5d09b0b7e15646fbec6d983a
p:  236268.2139458197
5d09a2c1cd4fb7fbba6d980b
p:  243622.96832424816
5d09a97bcd4fb7fbba6d9840
p:  205567.17648436376
5d09aeda5a0b50eb446d9869
p:  139734.634113037
5d09abda5a0b50eb446d9842
p:  266784.9160540643
5d09b80cab1c6b9be96d986b
p:  225384.38949849366
5d09b520e2edbb8b116d984f
p:  264010.0526218987
5d09b96ae2edbb8b116d985d
p:  132477.08173962895
5d09b0fb4a0fcb4b7d6d9852
p:  251795.96071575917
5d09b4684a0fcb4b7d6d9865
p:  120662.77092022663
5d09b2fb4a0fcb4b7d6d985c
p:  135756.5238947242
5d09af195f9becf4d06d9830
p:  71654.09206127904
5d09af5f5f9becf4d06d9832
p:  237673.9154455345
5d09b3db5f9becf4d06d984d
p:  285869.6368133037
5d09aaeadd14f35c1a6d982d
p:  66599.0121060905
5d09a8a0dd14f35c1a6d981f
p:  66599.0121060905
5d09a86cdd14f35c1a6d981b
p:  68997.65534383638
5d09ae075109676a896d9848
p:  160461.69462867588
5d09ae154a0fcb4b7d6d983e
p:  135626.10568601394
5d09a9b64a0fcb4b7d6d9828
p:  223407.98305281487
5d09a9874a0fcb4b7d6d9826
p:  210422.24937047943
5d09a5254a0fcb4b7d6d980f
p:  162934.5681346894
5d09a6f04a0fcb4b7d6d981a
p:  214843.71572432813
5d09a6d74a0fcb4b7d6d9819
p:  182472.44220085102
5d09a6a54a0fcb4b7d6d9818
p:  159040.61607713255
5d09a7e74a0fcb4b7d6d981d
p:  118375.13397165974
5d09abb6f184f611416d9827
p:  156161.90358978583
5d09ac3cf184f611416d9829
p:  130878.52845421276
5d09ab96f184f611416d9826
p:  204197.66424056576
5d09b06bf184f611416d983c
p:  202448.97049646082
5d09a3914a0fcb4b7d6d980c
p:  221988.85601675767
5d09a5894a0fcb4b7d6d9815
p:  108551.03610203371
5d09af26f184f611416d9838
p:  159498.63862961077
5d09b119f184f611416d9843
p:  230581.0152156011
5d09ae35f184f611416d982d
p:  116626.51261176202
5d09ae6cf184f611416d9830
p:  297408.72954185784
5d09a86f4a0fcb4b7d6d981f
p:  312992.02119453804
5d09a7564a0fcb4b7d6d981b
p:  179911.36295527787
5d09b497b437a5451e6d9844
p:  190093.29884471768
5d09ba0bb437a5451e6d9865
p:  152287.9361416746
5d09b94eb437a5451e6d985c
p:  152287.9361416746
5d09bc9ab437a5451e6d9869
p:  239833.31128185795
5d09b823b437a5451e6d985a
p:  234951.65479283014
5d09b442ab1c6b9be96d984c
p:  261188.23958015765
5d09b20add14f35c1a6d9845
p:  248885.08830721444
5d09aa53cd4fb7fbba6d9852
p:  255675.28174544888
5d09a746e93517ee276d981f
p:  157145.84844548767
5d09b138e93517ee276d983e
p:  157400.84809186036
5d09af9ce93517ee276d983a
p:  97817.481773465
5d09a99be93517ee276d9826
p:  184000.82964155404
5d09ac6ce93517ee276d982f
p:  180697.23729355395
5d09ac42e93517ee276d982e
p:  199567.4074623059
5d09a9afe93517ee276d9828
p:  220779.48421418152
5d09ab21e93517ee276d982b
p:  167646.6775979884
5d09a9a9e93517ee276d9827
p:  220118.78915244577
5d09a87de93517ee276d9823
p:  159415.144610524
5d09b2b9e93517ee276d9841
p:  252007.09502799337/home/testapiuser/HouseApp_2/PricePrediction/NDPrice.py:320: SettingWithCopyWarning: 
A value is trying to be set on a copy of a slice from a DataFrame.
Try using .loc[row_indexer,col_indexer] = value instead

See the caveats in the documentation: http://pandas.pydata.org/pandas-docs/stable/indexing.html#indexing-view-versus-copy
  df2['AreaSpace_SQFT'] = df2['AreaSpace_SQFT'].astype(int)
/home/testapiuser/HouseApp_2/PricePrediction/NDPrice.py:332: SettingWithCopyWarning: 
A value is trying to be set on a copy of a slice from a DataFrame.
Try using .loc[row_indexer,col_indexer] = value instead

See the caveats in the documentation: http://pandas.pydata.org/pandas-docs/stable/indexing.html#indexing-view-versus-copy
  df2['Price'] = z1
/home/testapiuser/HouseApp_2/PricePrediction/NDPrice.py:339: SettingWithCopyWarning: 
A value is trying to be set on a copy of a slice from a DataFrame.
Try using .loc[row_indexer,col_indexer] = value instead

See the caveats in the documentation: http://pandas.pydata.org/pandas-docs/stable/indexing.html#indexing-view-versus-copy
  df2['AreaSpace_SQFT'] = z2

5d09b132e93517ee276d983d
p:  233855.1155373913
5d09addbe93517ee276d9832
p:  233521.28042779065
5d09a666e93517ee276d981c
p:  241526.6416513597
5d09aafee93517ee276d9829
p:  185272.29938051125
5d09ae04e93517ee276d9833
p:  174290.67565060093
5d09a3b3976984142e6d9811
p:  203677.26658170548
5d09a7b8976984142e6d981f
p:  129256.97677280656
5d09a990976984142e6d982a
p:  203144.1179094125
5d09a5f3e93517ee276d9819
p:  196706.45764056093
5d09a3a9976984142e6d9810
p:  212030.54672489717
5d09a6b5e93517ee276d981e
p:  223234.65870914637
5d09a85ae93517ee276d9822
p:  145591.53030236106
5d09a464e93517ee276d9811
p:  134719.83401785494
5d09a74ee93517ee276d9820
p:  133112.4194764219
5d09a69ce93517ee276d981d
p:  149030.2416814337
5d09a886976984142e6d9825
p:  152043.21174218727
5d09af82e93517ee276d9836
p:  195917.798801928
5d09a75dcd4fb7fbba6d982f
p:  230639.4251705014
5d09aa5ecd4fb7fbba6d9853
p:  191825.04546691745
5d09b143e93517ee276d983f
p:  172869.7643450753
5d09a971cd4fb7fbba6d983f
p:  203422.17080556613
5d09aad65a0b50eb446d9827
p:  247506.22533935733
5d09aba95a0b50eb446d983f
p:  221829.56065736266
5d09b3b1ab1c6b9be96d9849
p:  107466.16594366322
5d09a452e8824364126d9815
p:  112081.20586872788
5d09a97b4a0fcb4b7d6d9824
p:  213520.8383064218
5d09a66b4a0fcb4b7d6d9816
p:  157929.03269502905
5d09a38b4a0fcb4b7d6d980b
p:  167597.03673396347
5d09a9824a0fcb4b7d6d9825
p:  157437.97703178143
5d09ae27f184f611416d982c
p:  223974.89959613967
5d09a7a64a0fcb4b7d6d981c
p:  157646.36568203737
5d09a98e4a0fcb4b7d6d9827
p:  214843.71572432813
5d09a8284a0fcb4b7d6d981e
p:  210760.27427631494
5d09a57b4a0fcb4b7d6d9813
p:  118932.58814573
5d09a5824a0fcb4b7d6d9814
p:  255950.19154560083
5d09a5344a0fcb4b7d6d9811
p:  216670.13652449887
5d09a92f4a0fcb4b7d6d9822
p:  162205.99523813307
5d09ad56e15646fbec6d982f
p:  259547.9543766882
5d0a4325fa7544d5f27ba669
p:  64228.79523626978
5d0a434e1f521d33457ba669
p:  277666.6304518786
5d0a43551f521d33457ba66a
p:  174378.71626173885
5d0a435b1f521d33457ba66b
p:  267712.48808511917
5d0a435e187f1286377ba669
p:  148152.49481606344
5d0a4364a80396a4357ba669
p:  225958.53894561797
5d0a43663fdef198867ba669
p:  104644.16752365605
5d0a4388768964f0d07ba669
p:  165522.84106930258
5d0a438b3fdef198867ba66a
p:  189258.72801443943
5d0a438e768964f0d07ba66a
p:  127581.94927707588
5d0a43a4a80396a4357ba66a
p:  109084.81443933578
5d0a43aaa7ee6571e17ba669
p:  133257.30930220732
5d0a43b03fdef198867ba66b
p:  227515.38944214972
5d0a43b73fdef198867ba66c
p:  237438.94541969892
5d0a43b7a7ee6571e17ba66a
p:  127569.70892541346
5d0a43bc3fdef198867ba66d
p:  172821.6547274473
5d0a43c72e39cff3807ba669
p:  127034.05923532133
5d0a43cc3fdef198867ba66e
p:  199132.3190520985
5d0a43cea7ee6571e17ba66b
p:  154699.6880762615
5d0a43d5a7ee6571e17ba66c
p:  218773.48569847245
5d0a43d6e657d5d9a17ba669
p:  113670.83347277078
5d0a43ef1a7b442eb97ba669
p:  214171.54844869545
5d0a43fb1a7b442eb97ba66a
p:  195725.88844928116
5d0a4414a7ee6571e17ba66d
p:  167760.627871519
5d0a44223fdef198867ba66f
p:  168721.3949471728
5d0a442ea80396a4357ba66b
p:  79304.51634112223
5d0a442fa7ee6571e17ba66e
p:  321449.19744072494
5d0a44463fdef198867ba670
p:  110265.22453445854
5d0a444b1a7b442eb97ba66b
p:  263658.1070757818
5d0a445ce657d5d9a17ba66a
p:  103305.98900999923
5d0a4465768964f0d07ba66b
p:  170256.47307988594
5d0a446d768964f0d07ba66c
p:  258851.67597912313
5d0a446d480e0bda6b7ba669
p:  210562.21596989204
5d0a447ae657d5d9a17ba66b
p:  107603.73671382875
5d0a4484e657d5d9a17ba66c
p:  261380.1352306412
5d0a448ba80396a4357ba66c
p:  136315.11788606676
5d0a449a768964f0d07ba66e
p:  254724.30136787874
5d0a449c480e0bda6b7ba66a
p:  71399.69615543683
5d0a44af187f1286377ba66a
p:  123250.82584760792
5d0a44c33fdef198867ba671
p:  172795.4032777623
5d0a44d244775dc9017ba669
p:  351650.95068345836
5d0a44d93fdef198867ba672
p:  188943.80310256465
5d0a44e13fdef198867ba673
p:  104286.60160895587
5d0a44eea80396a4357ba66d
p:  285989.05971633445
5d0a44ef0d7971871a7ba669
p:  169460.74809259747
5d0a44ef3fdef198867ba674
p:  195917.798801928
5d0a44f7768964f0d07ba66f
p:  130698.85483544435
5d0a44f80d7971871a7ba66a
p:  76053.65385649638
5d0a44fba7ee6571e17ba66f
p:  269070.04161039763
5d0a44fc3fdef198867ba675
p:  180755.62614691939
5d0a44ff480e0bda6b7ba66b
p:  222080.7161510131
5d0a452ea80396a4357ba66e
p:  342342.5059824744
5d0a52c57ea84971f72b6c96
p:  105200.2941705406
5d1c6bbf0a1cbc8e6fefbd42
p:  166987.7896307509
5d2caad7aa1ce31ade80b03d
p:  209866.75733717164
Current date and time: 2020-06-08 15:34:11
Successfully connect to DB.
For ['Adams', 'Barnes', 'Benson', 'Billings', 'Bottineau', 'Bowman', 'Burke', 'Burleigh', 'Cass', 'Cavalier', 'Dickey', 'Divide', 'Dunn', 'Eddy', 'Emmons', 'Foster', 'Golden Valley', 'Grand Forks', 'Grant', 'Griggs', 'Hettinger', 'Kidder', 'LaMoure', 'Logan', 'McHenry', 'McIntosh', 'McKenzie', 'McLean', 'McPherson', 'Mercer', 'Morton', 'Mountrail', 'Nelson', 'Oliver', 'Pembina', 'Pierce', 'Ramsey', 'Ransom', 'Renville', 'Richland', 'Rolette', 'Sargent', 'Sheridan', 'Sioux', 'Slope', 'Stark', 'Steele', 'Stutsman', 'Towner', 'Traill', 'Walsh', 'Ward', 'Wells', 'Williams']#################################################################
train score for random_forest: 0.9423625686242643
test score for random_forest: 0.6220086377882152
The mean absolute error is:$ 60365.57318255318
r_Score: 0.6627883737140572
Voting Regressor (in): 0.9362923323028528
Voting Regressor: 0.6627883737140572
5d09b0db976984142e6d9845
p:  125842.55260896223
5d09ba68e2edbb8b116d9864
p:  288451.56407617975
5d09b2764a0fcb4b7d6d985b
p:  243584.6349102445
5d09b4fd4a0fcb4b7d6d9867
p:  156608.94252997387
5d09ab3de15646fbec6d982a
p:  130301.595684851
5d09afd1e15646fbec6d9836
p:  240038.89531278503
5d09b50be2edbb8b116d984e
p:  200066.88198865284
5d09ad5ce15646fbec6d9830
p:  276665.98648920585
5d09a9fd976984142e6d982c
p:  215484.73697420163
5d09b49be2edbb8b116d9849
p:  198188.02917257638
5d09cc41f184f611416d98dc
p:  177738.80226776563
5d09aaa9976984142e6d9831
p:  202192.13482337477
5d09b8cee2edbb8b116d9855
p:  185649.67860130328
5d09aae05a0b50eb446d9829
p:  182189.12301914184
5d09a9d4976984142e6d982b
p:  215484.73697420163
5d09a3a7cd4fb7fbba6d981d
p:  146243.77888684242
5d09a3b3cd4fb7fbba6d981e
p:  293603.8578848557
5d09ad4ae15646fbec6d982d
p:  234600.27197591774
5d09a967cd4fb7fbba6d983e
p:  248450.16627288167
5d09a375cd4fb7fbba6d9819
p:  271500.5248467877
5d09a3cacd4fb7fbba6d9820
p:  301245.3001820521
5d09a3becd4fb7fbba6d981f
p:  252741.98710786478
5d09a383cd4fb7fbba6d981a
p:  354849.2335616716
5d09a95fcd4fb7fbba6d983d
p:  236649.50775656095
5d09a367cd4fb7fbba6d9818
p:  236649.50775656095
5d09a452e15646fbec6d9810
p:  231294.06690559478
5d09a781e15646fbec6d9818
p:  219732.26829224976
5d09b118e15646fbec6d983b
p:  183098.39812648488
5d09b3545a0b50eb446d987f
p:  302580.63172208023
5d09a239dd14f35c1a6d980a
p:  143147.7892303791
5d09a4785a0b50eb446d980c
p:  59743.506216835616
5d09a770e2edbb8b116d981c
p:  144149.22456105644
5d09ab3de2edbb8b116d9829
p:  124877.34799811477
5d09a46ae93517ee276d9812
p:  312656.0722406233
5d09afe14a0fcb4b7d6d9843
p:  76481.1240795215
5d09a507f184f611416d9811
p:  104189.2907343891
5d09aadb5a0b50eb446d9828
p:  128745.53642669716
5d09aaef4a0fcb4b7d6d982e
p:  48420.858391338654
5d09b0ec4a0fcb4b7d6d9850
p:  152575.92395429238
5d09aba2e8824364126d9835
p:  176042.46638383507
5d09aa1de15646fbec6d9823
p:  244149.8551090267
5d09ade65109676a896d9846
p:  59469.977814952086
5d09aefdab1c6b9be96d9837
p:  141648.71615525606
5d09a93d5a0b50eb446d981b
p:  102719.85810745752
5d09ada6e8824364126d983d
p:  161162.1917444531
5d09af295f9becf4d06d9831
p:  126640.09617879943
5d09a94dcd4fb7fbba6d983b
p:  261880.9764194991
5d09ad24e15646fbec6d982c
p:  176133.6206360893
5d09ab89b437a5451e6d9824
p:  169926.54117873317
5d09ad025a0b50eb446d9851
p:  212798.91611231962
5d09b908e2edbb8b116d9859
p:  143037.53296296156
5d09aa48cd4fb7fbba6d9851
p:  166069.8077257388
5d09af19e15646fbec6d9834
p:  266235.5465753573
5d09bac9e2edbb8b116d9867
p:  143037.53296296156
5d09af9a5f9becf4d06d9837
p:  112348.4840327528
5d09a975b437a5451e6d9820
p:  126753.41164171493
5d09b17b5f9becf4d06d9844
p:  142237.0354108964
5d09b07ff184f611416d983d
p:  95806.61463581337
5d09a34ae2edbb8b116d980d
p:  222714.8612338836
5d09a395e2edbb8b116d980f
p:  228841.68743572442
5d09bed6e2edbb8b116d9879
p:  75439.29364036069
5d09a352e2edbb8b116d980e
p:  238346.1681124954
5d09b150e93517ee276d9840
p:  180137.29247794388
5d09ade05a0b50eb446d985e
p:  128745.53642669716
5d09b15fe15646fbec6d983d
p:  221403.03549162898
5d09ab9f5a0b50eb446d983e
p:  235827.20951787505
5d09bc6bb437a5451e6d9868
p:  337905.6900543985
5d09b5edcd4fb7fbba6d9876
p:  129671.53996257819
5d09b31fe15646fbec6d9846
p:  263396.68415725377
5d09aa58dd14f35c1a6d9829
p:  227588.6760720179
5d09a98be8824364126d982b
p:  120106.18981298093
5d09b6d74a0fcb4b7d6d986d
p:  134009.95799150137
5d09aa4edd14f35c1a6d9828
p:  104916.5658749518
5d09a287e2edbb8b116d980a
p:  38285.80177274949
5d09aeaf5f9becf4d06d982d
p:  303067.7474823691
5d09b2a5ab1c6b9be96d9844
p:  265644.5212137863
5d09a53a4a0fcb4b7d6d9812
p:  181514.5309600762
5d09a5a7e93517ee276d9818
p:  134221.87433200225
5d09b0d0976984142e6d9843
p:  135663.8744699854
5d09b959b437a5451e6d985d
p:  150865.15796176126
5d09abe25a0b50eb446d9843
p:  128745.53642669716
5d09b0c9976984142e6d9842
p:  157499.4228172588
5d09a64be93517ee276d981b
p:  203942.1510173651
5d09aeb1f184f611416d9832
p:  94241.37679317544
5d09b1455f9becf4d06d9840
p:  86242.7845605
5d09abbdf184f611416d9828
p:  121482.51355253722
5d09b427ab1c6b9be96d984a
p:  164458.55596477166
5d09b048ab1c6b9be96d9839
p:  236865.088442737
5d09b048f184f611416d983b
p:  200594.19046343805
5d09b164f184f611416d9847
p:  128995.95539201175
5d09accb5a0b50eb446d984e
p:  261773.74354810052
5d09aecf5a0b50eb446d9868
p:  167995.02306860645
5d09b12ddd14f35c1a6d9844
p:  42599.7112476302
5d09a4d8e15646fbec6d9811
p:  314560.3713054099
5d09ad50e15646fbec6d982e
p:  246278.45982956653
5d09b0b7e15646fbec6d983a
p:  250086.58050301723
5d09a2c1cd4fb7fbba6d980b
p:  247040.69793446327
5d09a97bcd4fb7fbba6d9840
p:  206250.45249275235
5d09aeda5a0b50eb446d9869
p:  153398.24048590392
5d09abda5a0b50eb446d9842
p:  225722.46501744282
5d09b80cab1c6b9be96d986b
p:  235740.23743379052
5d09b520e2edbb8b116d984f
p:  266261.1003870198
5d09b96ae2edbb8b116d985d
p:  132232.8288320862
5d09b0fb4a0fcb4b7d6d9852
p:  239968.91158500148
5d09b4684a0fcb4b7d6d9865
p:  119693.43077886401
5d09b2fb4a0fcb4b7d6d985c
p:  134009.95799150137
5d09af195f9becf4d06d9830
p:  64920.99278092415
5d09af5f5f9becf4d06d9832
p:  221160.3229538924
5d09b3db5f9becf4d06d984d
p:  290246.3107831062
5d09aaeadd14f35c1a6d982d
p:  56968.66607540992
5d09a8a0dd14f35c1a6d981f
p:  56968.66607540992
5d09a86cdd14f35c1a6d981b
p:  70913.27482556712
5d09ae075109676a896d9848
p:  152798.8306862574
5d09ae154a0fcb4b7d6d983e
p:  137036.93120954416
5d09a9b64a0fcb4b7d6d9828
p:  226408.25683910213
5d09a9874a0fcb4b7d6d9826
p:  207426.4000051889
5d09a5254a0fcb4b7d6d980f
p:  167001.72455512115
5d09a6f04a0fcb4b7d6d981a
p:  228978.03456967341
5d09a6d74a0fcb4b7d6d9819
p:  184085.14650425018
5d09a6a54a0fcb4b7d6d9818
p:  166435.0196958005
5d09a7e74a0fcb4b7d6d981d
p:  118330.79901451222
5d09abb6f184f611416d9827
p:  156258.3449199065
5d09ac3cf184f611416d9829
p:  133859.8271279992
5d09ab96f184f611416d9826
p:  205360.14428254042
5d09b06bf184f611416d983c
p:  200594.19046343805
5d09a3914a0fcb4b7d6d980c
p:  222230.89763787418
5d09a5894a0fcb4b7d6d9815
p:  107306.63004803765
5d09af26f184f611416d9838
p:  155337.26044244604
5d09b119f184f611416d9843
p:  226748.39925949954
5d09ae35f184f611416d982d
p:  121482.51355253722
5d09ae6cf184f611416d9830
p:  295253.9778528268
5d09a86f4a0fcb4b7d6d981f
p:  300280.1837212721
5d09a7564a0fcb4b7d6d981b
p:  180310.9512138173
5d09b497b437a5451e6d9844
p:  203928.79357252095
5d09ba0bb437a5451e6d9865
p:  150865.15796176126
5d09b94eb437a5451e6d985c
p:  150865.15796176126
5d09bc9ab437a5451e6d9869
p:  231190.21593355655
5d09b823b437a5451e6d985a
p:  247893.83999205858
5d09b442ab1c6b9be96d984c
p:  265644.5212137863
5d09b20add14f35c1a6d9845
p:  236210.37946950833
5d09aa53cd4fb7fbba6d9852
p:  261880.9764194991
5d09a746e93517ee276d981f
p:  155109.35512313747
5d09b138e93517ee276d983e
p:  155109.35512313747
5d09af9ce93517ee276d983a
p:  105881.49584662053
5d09a99be93517ee276d9826
p:  182559.11696675606
5d09ac6ce93517ee276d982f
p:  177293.86228562953
5d09ac42e93517ee276d982e
p:  194335.02976412984
5d09a9afe93517ee276d9828
p:  224316.51851095865
5d09ab21e93517ee276d982b
p:  159342.14034154254
5d09a9a9e93517ee276d9827
p:  219091.09728819944
5d09a87de93517ee276d9823
p:  160199.72514541674
5d09b2b9e93517ee276d9841
p:  252966.6807187918/home/testapiuser/HouseApp_2/PricePrediction/NDPrice.py:320: SettingWithCopyWarning: 
A value is trying to be set on a copy of a slice from a DataFrame.
Try using .loc[row_indexer,col_indexer] = value instead

See the caveats in the documentation: http://pandas.pydata.org/pandas-docs/stable/indexing.html#indexing-view-versus-copy
  df2['AreaSpace_SQFT'] = df2['AreaSpace_SQFT'].astype(int)
/home/testapiuser/HouseApp_2/PricePrediction/NDPrice.py:332: SettingWithCopyWarning: 
A value is trying to be set on a copy of a slice from a DataFrame.
Try using .loc[row_indexer,col_indexer] = value instead

See the caveats in the documentation: http://pandas.pydata.org/pandas-docs/stable/indexing.html#indexing-view-versus-copy
  df2['Price'] = z1
/home/testapiuser/HouseApp_2/PricePrediction/NDPrice.py:339: SettingWithCopyWarning: 
A value is trying to be set on a copy of a slice from a DataFrame.
Try using .loc[row_indexer,col_indexer] = value instead

See the caveats in the documentation: http://pandas.pydata.org/pandas-docs/stable/indexing.html#indexing-view-versus-copy
  df2['AreaSpace_SQFT'] = z2

5d09b132e93517ee276d983d
p:  240721.34580440389
5d09addbe93517ee276d9832
p:  233345.59438141529
5d09a666e93517ee276d981c
p:  227718.79870475476
5d09aafee93517ee276d9829
p:  181449.92754030178
5d09ae04e93517ee276d9833
p:  175013.5110511101
5d09a3b3976984142e6d9811
p:  200120.02189459128
5d09a7b8976984142e6d981f
p:  125038.74923396646
5d09a990976984142e6d982a
p:  188267.94185456826
5d09a5f3e93517ee276d9819
p:  193145.67059683136
5d09a3a9976984142e6d9810
p:  210039.52704669078
5d09a6b5e93517ee276d981e
p:  208145.37912902064
5d09a85ae93517ee276d9822
p:  162679.43725736736
5d09a464e93517ee276d9811
p:  125814.25872395196
5d09a74ee93517ee276d9820
p:  123163.95095709205
5d09a69ce93517ee276d981d
p:  144623.00075377815
5d09a886976984142e6d9825
p:  157569.1880092413
5d09af82e93517ee276d9836
p:  192118.9169815679
5d09a75dcd4fb7fbba6d982f
p:  227823.71203398466
5d09aa5ecd4fb7fbba6d9853
p:  171866.5085305992
5d09b143e93517ee276d983f
p:  169024.02979749755
5d09a971cd4fb7fbba6d983f
p:  203327.37478369864
5d09aad65a0b50eb446d9827
p:  240894.84005199943
5d09aba95a0b50eb446d983f
p:  222022.60512857194
5d09b3b1ab1c6b9be96d9849
p:  95236.0117527322
5d09a452e8824364126d9815
p:  113286.72545297035
5d09a97b4a0fcb4b7d6d9824
p:  222618.80850621566
5d09a66b4a0fcb4b7d6d9816
p:  168397.3850225131
5d09a38b4a0fcb4b7d6d980b
p:  153973.89885953563
5d09a9824a0fcb4b7d6d9825
p:  156032.24449416093
5d09ae27f184f611416d982c
p:  218544.86058187566
5d09a7a64a0fcb4b7d6d981c
p:  162523.9746648661
5d09a98e4a0fcb4b7d6d9827
p:  228978.03456967341
5d09a8284a0fcb4b7d6d981e
p:  218023.80648810125
5d09a57b4a0fcb4b7d6d9813
p:  116236.32692107945
5d09a5824a0fcb4b7d6d9814
p:  260034.01776806658
5d09a5344a0fcb4b7d6d9811
p:  218601.93803406967
5d09a92f4a0fcb4b7d6d9822
p:  163923.9180507028
5d09ad56e15646fbec6d982f
p:  254154.9492039509
5d0a4325fa7544d5f27ba669
p:  68673.68102745706
5d0a434e1f521d33457ba669
p:  252733.692602096
5d0a43551f521d33457ba66a
p:  166565.56895139377
5d0a435b1f521d33457ba66b
p:  270542.57706313615
5d0a435e187f1286377ba669
p:  125936.36239583378
5d0a4364a80396a4357ba669
p:  231689.1973567834
5d0a43663fdef198867ba669
p:  101847.18260529313
5d0a4388768964f0d07ba669
p:  157074.12226518535
5d0a438b3fdef198867ba66a
p:  186162.54434224582
5d0a438e768964f0d07ba66a
p:  127034.1249040899
5d0a43a4a80396a4357ba66a
p:  101054.13575400325
5d0a43aaa7ee6571e17ba669
p:  133977.22512394085
5d0a43b03fdef198867ba66b
p:  226802.37958391666
5d0a43b73fdef198867ba66c
p:  220427.44717011717
5d0a43b7a7ee6571e17ba66a
p:  132320.74386646211
5d0a43bc3fdef198867ba66d
p:  163300.27907042758
5d0a43c72e39cff3807ba669
p:  139177.2427018645
5d0a43cc3fdef198867ba66e
p:  192400.5414882521
5d0a43cea7ee6571e17ba66b
p:  170027.0013818965
5d0a43d5a7ee6571e17ba66c
p:  212304.42766613967
5d0a43d6e657d5d9a17ba669
p:  106037.42917228513
5d0a43ef1a7b442eb97ba669
p:  214854.79662350882
5d0a43fb1a7b442eb97ba66a
p:  212302.7801486841
5d0a4414a7ee6571e17ba66d
p:  172380.41445661354
5d0a44223fdef198867ba66f
p:  164201.20280121022
5d0a442ea80396a4357ba66b
p:  80382.97366960961
5d0a442fa7ee6571e17ba66e
p:  353007.4357528972
5d0a44463fdef198867ba670
p:  108882.57176952108
5d0a444b1a7b442eb97ba66b
p:  233285.1069402919
5d0a445ce657d5d9a17ba66a
p:  109512.51210950484
5d0a4465768964f0d07ba66b
p:  165694.72228164092
5d0a446d768964f0d07ba66c
p:  233811.73570383422
5d0a446d480e0bda6b7ba669
p:  215526.40822841215
5d0a447ae657d5d9a17ba66b
p:  108215.2272001774
5d0a4484e657d5d9a17ba66c
p:  263520.18742584676
5d0a448ba80396a4357ba66c
p:  137469.0601433784
5d0a449a768964f0d07ba66e
p:  254585.5968744888
5d0a449c480e0bda6b7ba66a
p:  63214.57573718719
5d0a44af187f1286377ba66a
p:  133424.58145066688
5d0a44c33fdef198867ba671
p:  179197.04564743396
5d0a44d244775dc9017ba669
p:  371805.3411262975
5d0a44d93fdef198867ba672
p:  188334.8203541483
5d0a44e13fdef198867ba673
p:  110425.88519590648
5d0a44eea80396a4357ba66d
p:  277606.0660435032
5d0a44ef0d7971871a7ba669
p:  165944.51575706457
5d0a44ef3fdef198867ba674
p:  192118.9169815679
5d0a44f7768964f0d07ba66f
p:  126263.19484078366
5d0a44f80d7971871a7ba66a
p:  62594.15008541726
5d0a44fba7ee6571e17ba66f
p:  280057.77918327687
5d0a44fc3fdef198867ba675
p:  180137.29247794388
5d0a44ff480e0bda6b7ba66b
p:  239345.4478845516
5d0a452ea80396a4357ba66e
p:  337905.6900543985
5d0a52c57ea84971f72b6c96
p:  87774.72896705076
5d1c6bbf0a1cbc8e6fefbd42
p:  167995.02306860645
5d2caad7aa1ce31ade80b03d
p:  203800.58227260847
Current date and time: 2020-06-09 15:34:11
Successfully connect to DB.
For ['Adams', 'Barnes', 'Benson', 'Billings', 'Bottineau', 'Bowman', 'Burke', 'Burleigh', 'Cass', 'Cavalier', 'Dickey', 'Divide', 'Dunn', 'Eddy', 'Emmons', 'Foster', 'Golden Valley', 'Grand Forks', 'Grant', 'Griggs', 'Hettinger', 'Kidder', 'LaMoure', 'Logan', 'McHenry', 'McIntosh', 'McKenzie', 'McLean', 'McPherson', 'Mercer', 'Morton', 'Mountrail', 'Nelson', 'Oliver', 'Pembina', 'Pierce', 'Ramsey', 'Ransom', 'Renville', 'Richland', 'Rolette', 'Sargent', 'Sheridan', 'Sioux', 'Slope', 'Stark', 'Steele', 'Stutsman', 'Towner', 'Traill', 'Walsh', 'Ward', 'Wells', 'Williams']#################################################################
train score for random_forest: 0.9421261131017081
test score for random_forest: 0.628435812482278
The mean absolute error is:$ 61104.89108826541
r_Score: 0.6619212452300086
Voting Regressor (in): 0.9370285976791193
Voting Regressor: 0.6619212452300086
5d09b0db976984142e6d9845
p:  129983.69916542823
5d09ba68e2edbb8b116d9864
p:  295523.1432048588
5d09b2764a0fcb4b7d6d985b
p:  241525.6106176605
5d09b4fd4a0fcb4b7d6d9867
p:  159320.29652791208
5d09ab3de15646fbec6d982a
p:  127878.86900621619
5d09afd1e15646fbec6d9836
p:  234080.78813881936
5d09b50be2edbb8b116d984e
p:  181983.63071238052
5d09ad5ce15646fbec6d9830
p:  277847.28670183575
5d09a9fd976984142e6d982c
p:  214926.12326813806
5d09b49be2edbb8b116d9849
p:  194719.21538588914
5d09cc41f184f611416d98dc
p:  176828.53863346798
5d09aaa9976984142e6d9831
p:  204275.54740295722
5d09b8cee2edbb8b116d9855
p:  178519.89073669584
5d09aae05a0b50eb446d9829
p:  176800.74257370533
5d09a9d4976984142e6d982b
p:  214926.12326813806
5d09a3a7cd4fb7fbba6d981d
p:  149941.8937073669
5d09a3b3cd4fb7fbba6d981e
p:  290376.28675518674
5d09ad4ae15646fbec6d982d
p:  243303.44245544152
5d09a967cd4fb7fbba6d983e
p:  254188.26548263803
5d09a375cd4fb7fbba6d9819
p:  264849.8191076423
5d09a3cacd4fb7fbba6d9820
p:  292747.3244277601
5d09a3becd4fb7fbba6d981f
p:  254105.55168231094
5d09a383cd4fb7fbba6d981a
p:  361639.24088444054
5d09a95fcd4fb7fbba6d983d
p:  232674.01408005576
5d09a367cd4fb7fbba6d9818
p:  232674.01408005576
5d09a452e15646fbec6d9810
p:  234686.41423207772
5d09a781e15646fbec6d9818
p:  216318.28953152173
5d09b118e15646fbec6d983b
p:  170174.27211065855
5d09b3545a0b50eb446d987f
p:  307887.0433793968
5d09a239dd14f35c1a6d980a
p:  133012.55861266813
5d09a4785a0b50eb446d980c
p:  67467.09717521869
5d09a770e2edbb8b116d981c
p:  142055.42496064436
5d09ab3de2edbb8b116d9829
p:  130285.74423765513
5d09a46ae93517ee276d9812
p:  370980.3123910916
5d09afe14a0fcb4b7d6d9843
p:  83354.61111460793
5d09a507f184f611416d9811
p:  120558.93509711883
5d09aadb5a0b50eb446d9828
p:  124360.40389908406
5d09aaef4a0fcb4b7d6d982e
p:  53158.96470898629
5d09b0ec4a0fcb4b7d6d9850
p:  145675.7291945528
5d09aba2e8824364126d9835
p:  185407.05343918467
5d09aa1de15646fbec6d9823
p:  254684.31313420855
5d09ade65109676a896d9846
p:  72598.15356871304
5d09aefdab1c6b9be96d9837
p:  129446.05884864443
5d09a93d5a0b50eb446d981b
p:  99458.49072619053
5d09ada6e8824364126d983d
p:  137864.12827889167
5d09af295f9becf4d06d9831
p:  124293.68988361713
5d09a94dcd4fb7fbba6d983b
p:  259651.19778465267
5d09ad24e15646fbec6d982c
p:  178213.18507555535
5d09ab89b437a5451e6d9824
p:  172648.80546228192
5d09ad025a0b50eb446d9851
p:  203037.32564243302
5d09b908e2edbb8b116d9859
p:  137196.63679093463
5d09aa48cd4fb7fbba6d9851
p:  153057.7115492228
5d09af19e15646fbec6d9834
p:  258299.52054306463
5d09bac9e2edbb8b116d9867
p:  137196.63679093463
5d09af9a5f9becf4d06d9837
p:  114327.1103749786
5d09a975b437a5451e6d9820
p:  153655.8213569367
5d09b17b5f9becf4d06d9844
p:  148134.74142217278
5d09b07ff184f611416d983d
p:  92792.13340337493
5d09a34ae2edbb8b116d980d
p:  208786.08157733866
5d09a395e2edbb8b116d980f
p:  221108.21485749108
5d09bed6e2edbb8b116d9879
p:  83078.88097402462
5d09a352e2edbb8b116d980e
p:  242960.94213815354
5d09b150e93517ee276d9840
p:  179532.4379446382
5d09ade05a0b50eb446d985e
p:  124360.40389908406
5d09b15fe15646fbec6d983d
p:  235398.39562877506
5d09ab9f5a0b50eb446d983e
p:  232885.4670932158
5d09bc6bb437a5451e6d9868
p:  344714.69718211226
5d09b5edcd4fb7fbba6d9876
p:  130283.72356876712
5d09b31fe15646fbec6d9846
p:  261513.28032405052
5d09aa58dd14f35c1a6d9829
p:  229164.23361392278
5d09a98be8824364126d982b
p:  118162.2792916443
5d09b6d74a0fcb4b7d6d986d
p:  129174.16681308768
5d09aa4edd14f35c1a6d9828
p:  102159.68165879072
5d09a287e2edbb8b116d980a
p:  32675.550846510578
5d09aeaf5f9becf4d06d982d
p:  299488.16236364783
5d09b2a5ab1c6b9be96d9844
p:  262948.99172833405
5d09a53a4a0fcb4b7d6d9812
p:  183810.9724560846
5d09a5a7e93517ee276d9818
p:  141852.03712387886
5d09b0d0976984142e6d9843
p:  130484.89419097749
5d09b959b437a5451e6d985d
p:  135622.52813902847
5d09abe25a0b50eb446d9843
p:  124360.40389908406
5d09b0c9976984142e6d9842
p:  127545.66575647809
5d09a64be93517ee276d981b
p:  184425.74633625895
5d09aeb1f184f611416d9832
p:  92450.55968471387
5d09b1455f9becf4d06d9840
p:  98079.43609359284
5d09abbdf184f611416d9828
p:  121090.92260069193
5d09b427ab1c6b9be96d984a
p:  146920.15719835123
5d09b048ab1c6b9be96d9839
p:  242459.3139529917
5d09b048f184f611416d983b
p:  205331.71819374192
5d09b164f184f611416d9847
p:  129051.32545912701
5d09accb5a0b50eb446d984e
p:  266132.48724733706
5d09aecf5a0b50eb446d9868
p:  160861.5505838635
5d09b12ddd14f35c1a6d9844
p:  48579.581663146135
5d09a4d8e15646fbec6d9811
p:  306237.4814444047
5d09ad50e15646fbec6d982e
p:  239468.17699948326
5d09b0b7e15646fbec6d983a
p:  243622.02400323516
5d09a2c1cd4fb7fbba6d980b
p:  237692.23826271336
5d09a97bcd4fb7fbba6d9840
p:  204752.1875517273
5d09aeda5a0b50eb446d9869
p:  156057.17771485687
5d09abda5a0b50eb446d9842
p:  230816.58367922963
5d09b80cab1c6b9be96d986b
p:  203237.12292774365
5d09b520e2edbb8b116d984f
p:  264779.0746310529
5d09b96ae2edbb8b116d985d
p:  135049.28533716488
5d09b0fb4a0fcb4b7d6d9852
p:  256771.10896436468
5d09b4684a0fcb4b7d6d9865
p:  118981.68141322595
5d09b2fb4a0fcb4b7d6d985c
p:  129174.16681308768
5d09af195f9becf4d06d9830
p:  63962.16564010034
5d09af5f5f9becf4d06d9832
p:  214465.4070218893
5d09b3db5f9becf4d06d984d
p:  286388.53414764674
5d09aaeadd14f35c1a6d982d
p:  65185.12081691902
5d09a8a0dd14f35c1a6d981f
p:  65185.12081691902
5d09a86cdd14f35c1a6d981b
p:  66571.46422803943
5d09ae075109676a896d9848
p:  168658.37369076803
5d09ae154a0fcb4b7d6d983e
p:  142934.71422812017
5d09a9b64a0fcb4b7d6d9828
p:  213784.52973242852
5d09a9874a0fcb4b7d6d9826
p:  217747.40106791013
5d09a5254a0fcb4b7d6d980f
p:  163797.4274362659
5d09a6f04a0fcb4b7d6d981a
p:  216568.39327836427
5d09a6d74a0fcb4b7d6d9819
p:  175912.12742953142
5d09a6a54a0fcb4b7d6d9818
p:  158667.15792646725
5d09a7e74a0fcb4b7d6d981d
p:  120989.5694792826
5d09abb6f184f611416d9827
p:  154181.445266912
5d09ac3cf184f611416d9829
p:  125946.32092249875
5d09ab96f184f611416d9826
p:  209197.79659610128
5d09b06bf184f611416d983c
p:  205331.71819374192
5d09a3914a0fcb4b7d6d980c
p:  223431.63599966394
5d09a5894a0fcb4b7d6d9815
p:  112627.25330690024
5d09af26f184f611416d9838
p:  149320.11827984173
5d09b119f184f611416d9843
p:  239529.6985961454
5d09ae35f184f611416d982d
p:  121090.92260069193
5d09ae6cf184f611416d9830
p:  297112.9385677016
5d09a86f4a0fcb4b7d6d981f
p:  328134.4243415955
5d09a7564a0fcb4b7d6d981b
p:  169997.7679308537
5d09b497b437a5451e6d9844
p:  204843.77887523596
5d09ba0bb437a5451e6d9865
p:  135622.52813902847
5d09b94eb437a5451e6d985c
p:  135622.52813902847
5d09bc9ab437a5451e6d9869
p:  241008.4654155639
5d09b823b437a5451e6d985a
p:  255956.5077523955
5d09b442ab1c6b9be96d984c
p:  262948.99172833405
5d09b20add14f35c1a6d9845
p:  235559.0067025124
5d09aa53cd4fb7fbba6d9852
p:  259651.19778465267
5d09a746e93517ee276d981f
p:  143129.05390822998
5d09b138e93517ee276d983e
p:  143129.05390822998
5d09af9ce93517ee276d983a
p:  98397.97655857282
5d09a99be93517ee276d9826
p:  177136.19152835815
5d09ac6ce93517ee276d982f
p:  186400.42999535735
5d09ac42e93517ee276d982e
p:  194949.5857989999
5d09a9afe93517ee276d9828
p:  228379.56164660896
5d09ab21e93517ee276d982b
p:  167378.27615405642
5d09a9a9e93517ee276d9827
p:  227921.14197815044
5d09a87de93517ee276d9823
p:  150126.0192705993
5d09b2b9e93517ee276d9841
p: /home/testapiuser/HouseApp_2/PricePrediction/NDPrice.py:320: SettingWithCopyWarning: 
A value is trying to be set on a copy of a slice from a DataFrame.
Try using .loc[row_indexer,col_indexer] = value instead

See the caveats in the documentation: http://pandas.pydata.org/pandas-docs/stable/indexing.html#indexing-view-versus-copy
  df2['AreaSpace_SQFT'] = df2['AreaSpace_SQFT'].astype(int)
/home/testapiuser/HouseApp_2/PricePrediction/NDPrice.py:332: SettingWithCopyWarning: 
A value is trying to be set on a copy of a slice from a DataFrame.
Try using .loc[row_indexer,col_indexer] = value instead

See the caveats in the documentation: http://pandas.pydata.org/pandas-docs/stable/indexing.html#indexing-view-versus-copy
  df2['Price'] = z1
/home/testapiuser/HouseApp_2/PricePrediction/NDPrice.py:339: SettingWithCopyWarning: 
A value is trying to be set on a copy of a slice from a DataFrame.
Try using .loc[row_indexer,col_indexer] = value instead

See the caveats in the documentation: http://pandas.pydata.org/pandas-docs/stable/indexing.html#indexing-view-versus-copy
  df2['AreaSpace_SQFT'] = z2
 245548.5044943927
5d09b132e93517ee276d983d
p:  237282.31037793081
5d09addbe93517ee276d9832
p:  235166.2939521664
5d09a666e93517ee276d981c
p:  224116.3454400921
5d09aafee93517ee276d9829
p:  182708.53903507814
5d09ae04e93517ee276d9833
p:  176338.975090074
5d09a3b3976984142e6d9811
p:  201523.04030666308
5d09a7b8976984142e6d981f
p:  128969.7611249768
5d09a990976984142e6d982a
p:  206101.65074724593
5d09a5f3e93517ee276d9819
p:  193023.71869141178
5d09a3a9976984142e6d9810
p:  212565.667634873
5d09a6b5e93517ee276d981e
p:  239935.69528834187
5d09a85ae93517ee276d9822
p:  158162.1053969342
5d09a464e93517ee276d9811
p:  127840.59229818784
5d09a74ee93517ee276d9820
p:  129037.36127918234
5d09a69ce93517ee276d981d
p:  137612.4441684327
5d09a886976984142e6d9825
p:  163478.01134577495
5d09af82e93517ee276d9836
p:  198245.21270045757
5d09a75dcd4fb7fbba6d982f
p:  233215.78062417053
5d09aa5ecd4fb7fbba6d9853
p:  184517.62761239102
5d09b143e93517ee276d983f
p:  177754.53747195692
5d09a971cd4fb7fbba6d983f
p:  203105.25331350855
5d09aad65a0b50eb446d9827
p:  248671.22357241964
5d09aba95a0b50eb446d983f
p:  227487.211999454
5d09b3b1ab1c6b9be96d9849
p:  106106.5626608056
5d09a452e8824364126d9815
p:  115652.35059324466
5d09a97b4a0fcb4b7d6d9824
p:  220884.17661858816
5d09a66b4a0fcb4b7d6d9816
p:  173743.05789796117
5d09a38b4a0fcb4b7d6d980b
p:  184015.54406066862
5d09a9824a0fcb4b7d6d9825
p:  152764.15218602493
5d09ae27f184f611416d982c
p:  225261.59219288896
5d09a7a64a0fcb4b7d6d981c
p:  161730.87922096893
5d09a98e4a0fcb4b7d6d9827
p:  216568.39327836427
5d09a8284a0fcb4b7d6d981e
p:  219771.5551842331
5d09a57b4a0fcb4b7d6d9813
p:  122301.95916004547
5d09a5824a0fcb4b7d6d9814
p:  258337.35312295472
5d09a5344a0fcb4b7d6d9811
p:  218404.87491445662
5d09a92f4a0fcb4b7d6d9822
p:  163553.75359268635
5d09ad56e15646fbec6d982f
p:  255316.5735611021
5d0a4325fa7544d5f27ba669
p:  61372.96762133094
5d0a434e1f521d33457ba669
p:  254366.10535627962
5d0a43551f521d33457ba66a
p:  171512.47780327493
5d0a435b1f521d33457ba66b
p:  268850.84539010737
5d0a435e187f1286377ba669
p:  129633.99290624852
5d0a4364a80396a4357ba669
p:  241416.22167729502
5d0a43663fdef198867ba669
p:  100282.94246915275
5d0a4388768964f0d07ba669
p:  166426.36180946173
5d0a438b3fdef198867ba66a
p:  184807.5140534552
5d0a438e768964f0d07ba66a
p:  124343.37674513969
5d0a43a4a80396a4357ba66a
p:  114313.19279792273
5d0a43aaa7ee6571e17ba669
p:  134475.39056863636
5d0a43b03fdef198867ba66b
p:  226487.05834661063
5d0a43b73fdef198867ba66c
p:  239566.754329012
5d0a43b7a7ee6571e17ba66a
p:  127149.15489238653
5d0a43bc3fdef198867ba66d
p:  176853.28526072914
5d0a43c72e39cff3807ba669
p:  129724.96305524482
5d0a43cc3fdef198867ba66e
p:  196100.5249454758
5d0a43cea7ee6571e17ba66b
p:  152891.8660937805
5d0a43d5a7ee6571e17ba66c
p:  214648.0353675505
5d0a43d6e657d5d9a17ba669
p:  116175.26943746331
5d0a43ef1a7b442eb97ba669
p:  224901.16872158454
5d0a43fb1a7b442eb97ba66a
p:  213532.2537930435
5d0a4414a7ee6571e17ba66d
p:  161040.02876334902
5d0a44223fdef198867ba66f
p:  167053.82752820518
5d0a442ea80396a4357ba66b
p:  71090.57008707584
5d0a442fa7ee6571e17ba66e
p:  320996.77426121593
5d0a44463fdef198867ba670
p:  106025.46970887753
5d0a444b1a7b442eb97ba66b
p:  239370.87950527127
5d0a445ce657d5d9a17ba66a
p:  114729.56432947607
5d0a4465768964f0d07ba66b
p:  172280.72427551815
5d0a446d768964f0d07ba66c
p:  209065.54409859952
5d0a446d480e0bda6b7ba669
p:  192021.91672410647
5d0a447ae657d5d9a17ba66b
p:  101842.27889290021
5d0a4484e657d5d9a17ba66c
p:  264891.1355140913
5d0a448ba80396a4357ba66c
p:  132926.06153309977
5d0a449a768964f0d07ba66e
p:  254758.6330783867
5d0a449c480e0bda6b7ba66a
p:  74475.78944815144
5d0a44af187f1286377ba66a
p:  131875.32379170775
5d0a44c33fdef198867ba671
p:  173426.122389565
5d0a44d244775dc9017ba669
p:  383493.3623089879
5d0a44d93fdef198867ba672
p:  197849.9871154792
5d0a44e13fdef198867ba673
p:  118390.75948726221
5d0a44eea80396a4357ba66d
p:  296278.82553827914
5d0a44ef0d7971871a7ba669
p:  174137.73871944845
5d0a44ef3fdef198867ba674
p:  198245.21270045757
5d0a44f7768964f0d07ba66f
p:  125474.78116493695
5d0a44f80d7971871a7ba66a
p:  73252.43486796437
5d0a44fba7ee6571e17ba66f
p:  301172.2969758876
5d0a44fc3fdef198867ba675
p:  179532.4379446382
5d0a44ff480e0bda6b7ba66b
p:  231491.91671637716
5d0a452ea80396a4357ba66e
p:  344714.69718211226
5d0a52c57ea84971f72b6c96
p:  87195.31194382292
5d1c6bbf0a1cbc8e6fefbd42
p:  160861.5505838635
5d2caad7aa1ce31ade80b03d
p:  209758.94353815413
Current date and time: 2020-06-10 15:34:10
Successfully connect to DB.
For ['Adams', 'Barnes', 'Benson', 'Billings', 'Bottineau', 'Bowman', 'Burke', 'Burleigh', 'Cass', 'Cavalier', 'Dickey', 'Divide', 'Dunn', 'Eddy', 'Emmons', 'Foster', 'Golden Valley', 'Grand Forks', 'Grant', 'Griggs', 'Hettinger', 'Kidder', 'LaMoure', 'Logan', 'McHenry', 'McIntosh', 'McKenzie', 'McLean', 'McPherson', 'Mercer', 'Morton', 'Mountrail', 'Nelson', 'Oliver', 'Pembina', 'Pierce', 'Ramsey', 'Ransom', 'Renville', 'Richland', 'Rolette', 'Sargent', 'Sheridan', 'Sioux', 'Slope', 'Stark', 'Steele', 'Stutsman', 'Towner', 'Traill', 'Walsh', 'Ward', 'Wells', 'Williams']#################################################################
train score for random_forest: 0.9435692486210561
test score for random_forest: 0.6140737387205851
The mean absolute error is:$ 60911.60489575391
r_Score: 0.6635375903170061
Voting Regressor (in): 0.9364500231647693
Voting Regressor: 0.6635375903170061
5d09b0db976984142e6d9845
p:  126225.4646524901
5d09ba68e2edbb8b116d9864
p:  255257.21385632362
5d09b2764a0fcb4b7d6d985b
p:  243582.25814156968
5d09b4fd4a0fcb4b7d6d9867
p:  152505.7520034777
5d09ab3de15646fbec6d982a
p:  138388.89321985978
5d09afd1e15646fbec6d9836
p:  243015.23457991704
5d09b50be2edbb8b116d984e
p:  168299.08076757562
5d09ad5ce15646fbec6d9830
p:  272104.0676775922
5d09a9fd976984142e6d982c
p:  208932.2628936062
5d09b49be2edbb8b116d9849
p:  194643.3303352297
5d09cc41f184f611416d98dc
p:  175000.5506004807
5d09aaa9976984142e6d9831
p:  204053.243194718
5d09b8cee2edbb8b116d9855
p:  167278.16358468262
5d09aae05a0b50eb446d9829
p:  176825.434071041
5d09a9d4976984142e6d982b
p:  208932.2628936062
5d09a3a7cd4fb7fbba6d981d
p:  150705.09471017055
5d09a3b3cd4fb7fbba6d981e
p:  288078.6934158603
5d09ad4ae15646fbec6d982d
p:  233846.85915643303
5d09a967cd4fb7fbba6d983e
p:  249581.01124666323
5d09a375cd4fb7fbba6d9819
p:  271694.9924946398
5d09a3cacd4fb7fbba6d9820
p:  284092.5555165716
5d09a3becd4fb7fbba6d981f
p:  262165.2223322132
5d09a383cd4fb7fbba6d981a
p:  364413.77396220923
5d09a95fcd4fb7fbba6d983d
p:  238684.66146859928
5d09a367cd4fb7fbba6d9818
p:  238684.66146859928
5d09a452e15646fbec6d9810
p:  244286.07770286116
5d09a781e15646fbec6d9818
p:  216370.3081985101
5d09b118e15646fbec6d983b
p:  179363.1642188613
5d09b3545a0b50eb446d987f
p:  313169.35912698996
5d09a239dd14f35c1a6d980a
p:  146645.11719987096
5d09a4785a0b50eb446d980c
p:  61290.58995359462
5d09a770e2edbb8b116d981c
p:  163356.75849889405
5d09ab3de2edbb8b116d9829
p:  117640.2095232375
5d09a46ae93517ee276d9812
p:  371559.68430442887
5d09afe14a0fcb4b7d6d9843
p:  86241.4737337936
5d09a507f184f611416d9811
p:  112455.33654616974
5d09aadb5a0b50eb446d9828
p:  136612.80891355965
5d09aaef4a0fcb4b7d6d982e
p:  57721.18343746563
5d09b0ec4a0fcb4b7d6d9850
p:  132662.15395706455
5d09aba2e8824364126d9835
p:  184101.52201110992
5d09aa1de15646fbec6d9823
p:  246054.88374749833
5d09ade65109676a896d9846
p:  81120.3964325102
5d09aefdab1c6b9be96d9837
p:  139023.54192118463
5d09a93d5a0b50eb446d981b
p:  97544.67847497265
5d09ada6e8824364126d983d
p:  145356.28536118355
5d09af295f9becf4d06d9831
p:  126033.27976743222
5d09a94dcd4fb7fbba6d983b
p:  255675.28174544888
5d09ad24e15646fbec6d982c
p:  166574.0578960995
5d09ab89b437a5451e6d9824
p:  177426.39161349667
5d09ad025a0b50eb446d9851
p:  214178.50204146467
5d09b908e2edbb8b116d9859
p:  129330.20744303247
5d09aa48cd4fb7fbba6d9851
p:  157696.78120635147
5d09af19e15646fbec6d9834
p:  258790.53745655922
5d09bac9e2edbb8b116d9867
p:  129330.20744303247
5d09af9a5f9becf4d06d9837
p:  114671.67218450675
5d09a975b437a5451e6d9820
p:  124050.07601354829
5d09b17b5f9becf4d06d9844
p:  164174.9497059578
5d09b07ff184f611416d983d
p:  101701.71331467097
5d09a34ae2edbb8b116d980d
p:  207004.59088261254
5d09a395e2edbb8b116d980f
p:  212881.24468439646
5d09bed6e2edbb8b116d9879
p:  90517.1560545912
5d09a352e2edbb8b116d980e
p:  242303.60131186832
5d09b150e93517ee276d9840
p:  180755.62614691939
5d09ade05a0b50eb446d985e
p:  136612.80891355965
5d09b15fe15646fbec6d983d
p:  249422.2387954504
5d09ab9f5a0b50eb446d983e
p:  227035.02796999534
5d09bc6bb437a5451e6d9868
p:  342342.5059824744
5d09b5edcd4fb7fbba6d9876
p:  133152.20296982804
5d09b31fe15646fbec6d9846
p:  262082.85993343458
5d09aa58dd14f35c1a6d9829
p:  290512.28144440893
5d09a98be8824364126d982b
p:  119784.04003039209
5d09b6d74a0fcb4b7d6d986d
p:  135756.5238947242
5d09aa4edd14f35c1a6d9828
p:  124834.85264654485
5d09a287e2edbb8b116d980a
p:  19883.365815134388
5d09aeaf5f9becf4d06d982d
p:  296102.27871274925
5d09b2a5ab1c6b9be96d9844
p:  261188.23958015765
5d09a53a4a0fcb4b7d6d9812
p:  189322.16936017678
5d09a5a7e93517ee276d9818
p:  140241.4025592579
5d09b0d0976984142e6d9843
p:  138162.33051405934
5d09b959b437a5451e6d985d
p:  152287.9361416746
5d09abe25a0b50eb446d9843
p:  136612.80891355965
5d09b0c9976984142e6d9842
p:  126986.20401169569
5d09a64be93517ee276d981b
p:  174611.03748828295
5d09aeb1f184f611416d9832
p:  98694.81149348976
5d09b1455f9becf4d06d9840
p:  100154.18763149547
5d09abbdf184f611416d9828
p:  116626.51261176202
5d09b427ab1c6b9be96d984a
p:  162648.25344458362
5d09b048ab1c6b9be96d9839
p:  242848.34962591197
5d09b048f184f611416d983b
p:  202448.97049646082
5d09b164f184f611416d9847
p:  129077.33771649799
5d09accb5a0b50eb446d984e
p:  333181.1957361987
5d09aecf5a0b50eb446d9868
p:  166987.7896307509
5d09b12ddd14f35c1a6d9844
p:  40833.08302309028
5d09a4d8e15646fbec6d9811
p:  301892.4114083725
5d09ad50e15646fbec6d982e
p:  249596.93350153678
5d09b0b7e15646fbec6d983a
p:  236268.2139458197
5d09a2c1cd4fb7fbba6d980b
p:  243622.96832424816
5d09a97bcd4fb7fbba6d9840
p:  205567.17648436376
5d09aeda5a0b50eb446d9869
p:  139734.634113037
5d09abda5a0b50eb446d9842
p:  266784.9160540643
5d09b80cab1c6b9be96d986b
p:  225384.38949849366
5d09b520e2edbb8b116d984f
p:  264010.0526218987
5d09b96ae2edbb8b116d985d
p:  132477.08173962895
5d09b0fb4a0fcb4b7d6d9852
p:  251795.96071575917
5d09b4684a0fcb4b7d6d9865
p:  120662.77092022663
5d09b2fb4a0fcb4b7d6d985c
p:  135756.5238947242
5d09af195f9becf4d06d9830
p:  71654.09206127904
5d09af5f5f9becf4d06d9832
p:  237673.9154455345
5d09b3db5f9becf4d06d984d
p:  285869.6368133037
5d09aaeadd14f35c1a6d982d
p:  66599.0121060905
5d09a8a0dd14f35c1a6d981f
p:  66599.0121060905
5d09a86cdd14f35c1a6d981b
p:  68997.65534383638
5d09ae075109676a896d9848
p:  160461.69462867588
5d09ae154a0fcb4b7d6d983e
p:  135626.10568601394
5d09a9b64a0fcb4b7d6d9828
p:  223407.98305281487
5d09a9874a0fcb4b7d6d9826
p:  210422.24937047943
5d09a5254a0fcb4b7d6d980f
p:  162934.5681346894
5d09a6f04a0fcb4b7d6d981a
p:  214843.71572432813
5d09a6d74a0fcb4b7d6d9819
p:  182472.44220085102
5d09a6a54a0fcb4b7d6d9818
p:  159040.61607713255
5d09a7e74a0fcb4b7d6d981d
p:  118375.13397165974
5d09abb6f184f611416d9827
p:  156161.90358978583
5d09ac3cf184f611416d9829
p:  130878.52845421276
5d09ab96f184f611416d9826
p:  204197.66424056576
5d09b06bf184f611416d983c
p:  202448.97049646082
5d09a3914a0fcb4b7d6d980c
p:  221988.85601675767
5d09a5894a0fcb4b7d6d9815
p:  108551.03610203371
5d09af26f184f611416d9838
p:  159498.63862961077
5d09b119f184f611416d9843
p:  230581.0152156011
5d09ae35f184f611416d982d
p:  116626.51261176202
5d09ae6cf184f611416d9830
p:  297408.72954185784
5d09a86f4a0fcb4b7d6d981f
p:  312992.02119453804
5d09a7564a0fcb4b7d6d981b
p:  179911.36295527787
5d09b497b437a5451e6d9844
p:  190093.29884471768
5d09ba0bb437a5451e6d9865
p:  152287.9361416746
5d09b94eb437a5451e6d985c
p:  152287.9361416746
5d09bc9ab437a5451e6d9869
p:  239833.31128185795
5d09b823b437a5451e6d985a
p:  234951.65479283014
5d09b442ab1c6b9be96d984c
p:  261188.23958015765
5d09b20add14f35c1a6d9845
p:  248885.08830721444
5d09aa53cd4fb7fbba6d9852
p:  255675.28174544888
5d09a746e93517ee276d981f
p:  157145.84844548767
5d09b138e93517ee276d983e
p:  157400.84809186036
5d09af9ce93517ee276d983a
p:  97817.481773465
5d09a99be93517ee276d9826
p:  184000.82964155404
5d09ac6ce93517ee276d982f
p:  180697.23729355395
5d09ac42e93517ee276d982e
p:  199567.4074623059
5d09a9afe93517ee276d9828
p:  220779.48421418152
5d09ab21e93517ee276d982b
p:  167646.6775979884
5d09a9a9e93517ee276d9827
p:  220118.78915244577
5d09a87de93517ee276d9823
p:  159415.144610524
5d09b2b9e93517ee276d9841
p:  252007.09502799337/home/testapiuser/HouseApp_2/PricePrediction/NDPrice.py:320: SettingWithCopyWarning: 
A value is trying to be set on a copy of a slice from a DataFrame.
Try using .loc[row_indexer,col_indexer] = value instead

See the caveats in the documentation: http://pandas.pydata.org/pandas-docs/stable/indexing.html#indexing-view-versus-copy
  df2['AreaSpace_SQFT'] = df2['AreaSpace_SQFT'].astype(int)
/home/testapiuser/HouseApp_2/PricePrediction/NDPrice.py:332: SettingWithCopyWarning: 
A value is trying to be set on a copy of a slice from a DataFrame.
Try using .loc[row_indexer,col_indexer] = value instead

See the caveats in the documentation: http://pandas.pydata.org/pandas-docs/stable/indexing.html#indexing-view-versus-copy
  df2['Price'] = z1
/home/testapiuser/HouseApp_2/PricePrediction/NDPrice.py:339: SettingWithCopyWarning: 
A value is trying to be set on a copy of a slice from a DataFrame.
Try using .loc[row_indexer,col_indexer] = value instead

See the caveats in the documentation: http://pandas.pydata.org/pandas-docs/stable/indexing.html#indexing-view-versus-copy
  df2['AreaSpace_SQFT'] = z2

5d09b132e93517ee276d983d
p:  233855.1155373913
5d09addbe93517ee276d9832
p:  233521.28042779065
5d09a666e93517ee276d981c
p:  241526.6416513597
5d09aafee93517ee276d9829
p:  185272.29938051125
5d09ae04e93517ee276d9833
p:  174290.67565060093
5d09a3b3976984142e6d9811
p:  203677.26658170548
5d09a7b8976984142e6d981f
p:  129256.97677280656
5d09a990976984142e6d982a
p:  203144.1179094125
5d09a5f3e93517ee276d9819
p:  196706.45764056093
5d09a3a9976984142e6d9810
p:  212030.54672489717
5d09a6b5e93517ee276d981e
p:  223234.65870914637
5d09a85ae93517ee276d9822
p:  145591.53030236106
5d09a464e93517ee276d9811
p:  134719.83401785494
5d09a74ee93517ee276d9820
p:  133112.4194764219
5d09a69ce93517ee276d981d
p:  149030.2416814337
5d09a886976984142e6d9825
p:  152043.21174218727
5d09af82e93517ee276d9836
p:  195917.798801928
5d09a75dcd4fb7fbba6d982f
p:  230639.4251705014
5d09aa5ecd4fb7fbba6d9853
p:  191825.04546691745
5d09b143e93517ee276d983f
p:  172869.7643450753
5d09a971cd4fb7fbba6d983f
p:  203422.17080556613
5d09aad65a0b50eb446d9827
p:  247506.22533935733
5d09aba95a0b50eb446d983f
p:  221829.56065736266
5d09b3b1ab1c6b9be96d9849
p:  107466.16594366322
5d09a452e8824364126d9815
p:  112081.20586872788
5d09a97b4a0fcb4b7d6d9824
p:  213520.8383064218
5d09a66b4a0fcb4b7d6d9816
p:  157929.03269502905
5d09a38b4a0fcb4b7d6d980b
p:  167597.03673396347
5d09a9824a0fcb4b7d6d9825
p:  157437.97703178143
5d09ae27f184f611416d982c
p:  223974.89959613967
5d09a7a64a0fcb4b7d6d981c
p:  157646.36568203737
5d09a98e4a0fcb4b7d6d9827
p:  214843.71572432813
5d09a8284a0fcb4b7d6d981e
p:  210760.27427631494
5d09a57b4a0fcb4b7d6d9813
p:  118932.58814573
5d09a5824a0fcb4b7d6d9814
p:  255950.19154560083
5d09a5344a0fcb4b7d6d9811
p:  216670.13652449887
5d09a92f4a0fcb4b7d6d9822
p:  162205.99523813307
5d09ad56e15646fbec6d982f
p:  259547.9543766882
5d0a4325fa7544d5f27ba669
p:  64228.79523626978
5d0a434e1f521d33457ba669
p:  277666.6304518786
5d0a43551f521d33457ba66a
p:  174378.71626173885
5d0a435b1f521d33457ba66b
p:  267712.48808511917
5d0a435e187f1286377ba669
p:  148152.49481606344
5d0a4364a80396a4357ba669
p:  225958.53894561797
5d0a43663fdef198867ba669
p:  104644.16752365605
5d0a4388768964f0d07ba669
p:  165522.84106930258
5d0a438b3fdef198867ba66a
p:  189258.72801443943
5d0a438e768964f0d07ba66a
p:  127581.94927707588
5d0a43a4a80396a4357ba66a
p:  109084.81443933578
5d0a43aaa7ee6571e17ba669
p:  133257.30930220732
5d0a43b03fdef198867ba66b
p:  227515.38944214972
5d0a43b73fdef198867ba66c
p:  237438.94541969892
5d0a43b7a7ee6571e17ba66a
p:  127569.70892541346
5d0a43bc3fdef198867ba66d
p:  172821.6547274473
5d0a43c72e39cff3807ba669
p:  127034.05923532133
5d0a43cc3fdef198867ba66e
p:  199132.3190520985
5d0a43cea7ee6571e17ba66b
p:  154699.6880762615
5d0a43d5a7ee6571e17ba66c
p:  218773.48569847245
5d0a43d6e657d5d9a17ba669
p:  113670.83347277078
5d0a43ef1a7b442eb97ba669
p:  214171.54844869545
5d0a43fb1a7b442eb97ba66a
p:  195725.88844928116
5d0a4414a7ee6571e17ba66d
p:  167760.627871519
5d0a44223fdef198867ba66f
p:  168721.3949471728
5d0a442ea80396a4357ba66b
p:  79304.51634112223
5d0a442fa7ee6571e17ba66e
p:  321449.19744072494
5d0a44463fdef198867ba670
p:  110265.22453445854
5d0a444b1a7b442eb97ba66b
p:  263658.1070757818
5d0a445ce657d5d9a17ba66a
p:  103305.98900999923
5d0a4465768964f0d07ba66b
p:  170256.47307988594
5d0a446d768964f0d07ba66c
p:  258851.67597912313
5d0a446d480e0bda6b7ba669
p:  210562.21596989204
5d0a447ae657d5d9a17ba66b
p:  107603.73671382875
5d0a4484e657d5d9a17ba66c
p:  261380.1352306412
5d0a448ba80396a4357ba66c
p:  136315.11788606676
5d0a449a768964f0d07ba66e
p:  254724.30136787874
5d0a449c480e0bda6b7ba66a
p:  71399.69615543683
5d0a44af187f1286377ba66a
p:  123250.82584760792
5d0a44c33fdef198867ba671
p:  172795.4032777623
5d0a44d244775dc9017ba669
p:  351650.95068345836
5d0a44d93fdef198867ba672
p:  188943.80310256465
5d0a44e13fdef198867ba673
p:  104286.60160895587
5d0a44eea80396a4357ba66d
p:  285989.05971633445
5d0a44ef0d7971871a7ba669
p:  169460.74809259747
5d0a44ef3fdef198867ba674
p:  195917.798801928
5d0a44f7768964f0d07ba66f
p:  130698.85483544435
5d0a44f80d7971871a7ba66a
p:  76053.65385649638
5d0a44fba7ee6571e17ba66f
p:  269070.04161039763
5d0a44fc3fdef198867ba675
p:  180755.62614691939
5d0a44ff480e0bda6b7ba66b
p:  222080.7161510131
5d0a452ea80396a4357ba66e
p:  342342.5059824744
5d0a52c57ea84971f72b6c96
p:  105200.2941705406
5d1c6bbf0a1cbc8e6fefbd42
p:  166987.7896307509
5d2caad7aa1ce31ade80b03d
p:  209866.75733717164
Current date and time: 2020-06-11 15:34:10
Successfully connect to DB.
For ['Adams', 'Barnes', 'Benson', 'Billings', 'Bottineau', 'Bowman', 'Burke', 'Burleigh', 'Cass', 'Cavalier', 'Dickey', 'Divide', 'Dunn', 'Eddy', 'Emmons', 'Foster', 'Golden Valley', 'Grand Forks', 'Grant', 'Griggs', 'Hettinger', 'Kidder', 'LaMoure', 'Logan', 'McHenry', 'McIntosh', 'McKenzie', 'McLean', 'McPherson', 'Mercer', 'Morton', 'Mountrail', 'Nelson', 'Oliver', 'Pembina', 'Pierce', 'Ramsey', 'Ransom', 'Renville', 'Richland', 'Rolette', 'Sargent', 'Sheridan', 'Sioux', 'Slope', 'Stark', 'Steele', 'Stutsman', 'Towner', 'Traill', 'Walsh', 'Ward', 'Wells', 'Williams']#################################################################
train score for random_forest: 0.9441153422580932
test score for random_forest: 0.6241170672741986
The mean absolute error is:$ 60383.132853435185
r_Score: 0.6639693047887807
Voting Regressor (in): 0.936700563348477
Voting Regressor: 0.6639693047887807
5d09b0db976984142e6d9845
p:  130239.49971336307
5d09ba68e2edbb8b116d9864
p:  265274.40656401496
5d09b2764a0fcb4b7d6d985b
p:  244318.5179899993
5d09b4fd4a0fcb4b7d6d9867
p:  159755.50943380632
5d09ab3de15646fbec6d982a
p:  123611.81929579077
5d09afd1e15646fbec6d9836
p:  236135.64117148708
5d09b50be2edbb8b116d984e
p:  161447.99557996955
5d09ad5ce15646fbec6d9830
p:  286065.89104115474
5d09a9fd976984142e6d982c
p:  213101.462789836
5d09b49be2edbb8b116d9849
p:  204174.35350225298
5d09cc41f184f611416d98dc
p:  179855.54268258627
5d09aaa9976984142e6d9831
p:  201532.17443785194
5d09b8cee2edbb8b116d9855
p:  173231.97971077263
5d09aae05a0b50eb446d9829
p:  175935.33083376972
5d09a9d4976984142e6d982b
p:  213101.462789836
5d09a3a7cd4fb7fbba6d981d
p:  151532.93656444858
5d09a3b3cd4fb7fbba6d981e
p:  288022.13558893336
5d09ad4ae15646fbec6d982d
p:  228140.79277413338
5d09a967cd4fb7fbba6d983e
p:  247813.0517519486
5d09a375cd4fb7fbba6d9819
p:  270310.751717395
5d09a3cacd4fb7fbba6d9820
p:  289511.3475592955
5d09a3becd4fb7fbba6d981f
p:  261426.27474044406
5d09a383cd4fb7fbba6d981a
p:  359667.1616505209
5d09a95fcd4fb7fbba6d983d
p:  232599.47600955068
5d09a367cd4fb7fbba6d9818
p:  232599.47600955068
5d09a452e15646fbec6d9810
p:  230037.2411617625
5d09a781e15646fbec6d9818
p:  213958.15861868626
5d09b118e15646fbec6d983b
p:  165365.9988360095
5d09b3545a0b50eb446d987f
p:  307312.5034234208
5d09a239dd14f35c1a6d980a
p:  122078.72226937648
5d09a4785a0b50eb446d980c
p:  72939.32784024523
5d09a770e2edbb8b116d981c
p:  159008.1385366781
5d09ab3de2edbb8b116d9829
p:  121913.45479897596
5d09a46ae93517ee276d9812
p:  325057.5662345472
5d09afe14a0fcb4b7d6d9843
p:  71860.0348418349
5d09a507f184f611416d9811
p:  111877.22461436727
5d09aadb5a0b50eb446d9828
p:  129165.31737218132
5d09aaef4a0fcb4b7d6d982e
p:  41367.566933281916
5d09b0ec4a0fcb4b7d6d9850
p:  146302.35846202442
5d09aba2e8824364126d9835
p:  193044.02074924117
5d09aa1de15646fbec6d9823
p:  246258.92139284976
5d09ade65109676a896d9846
p:  53599.161936137476
5d09aefdab1c6b9be96d9837
p:  145807.89105415985
5d09a93d5a0b50eb446d981b
p:  108451.61030306976
5d09ada6e8824364126d983d
p:  149725.58825340203
5d09af295f9becf4d06d9831
p:  125588.5636514983
5d09a94dcd4fb7fbba6d983b
p:  258452.43228634907
5d09ad24e15646fbec6d982c
p:  174369.58649870323
5d09ab89b437a5451e6d9824
p:  177122.30834269372
5d09ad025a0b50eb446d9851
p:  213716.90875639883
5d09b908e2edbb8b116d9859
p:  130255.05076967302
5d09aa48cd4fb7fbba6d9851
p:  137180.676365503
5d09af19e15646fbec6d9834
p:  261067.17778456328
5d09bac9e2edbb8b116d9867
p:  130255.05076967302
5d09af9a5f9becf4d06d9837
p:  111000.0544719373
5d09a975b437a5451e6d9820
p:  128120.0806068727
5d09b17b5f9becf4d06d9844
p:  144221.67152340445
5d09b07ff184f611416d983d
p:  102793.40883568506
5d09a34ae2edbb8b116d980d
p:  218066.26721311692
5d09a395e2edbb8b116d980f
p:  229284.2187915275
5d09bed6e2edbb8b116d9879
p:  73461.5771624966
5d09a352e2edbb8b116d980e
p:  238168.17981779116
5d09b150e93517ee276d9840
p:  185294.61922601116
5d09ade05a0b50eb446d985e
p:  129165.31737218132
5d09b15fe15646fbec6d983d
p:  232477.65464354432
5d09ab9f5a0b50eb446d983e
p:  226486.09869472578
5d09bc6bb437a5451e6d9868
p:  336346.347549773
5d09b5edcd4fb7fbba6d9876
p:  137721.66165405096
5d09b31fe15646fbec6d9846
p:  262362.93088535813
5d09aa58dd14f35c1a6d9829
p:  267118.73917843145
5d09a98be8824364126d982b
p:  122001.9429138586
5d09b6d74a0fcb4b7d6d986d
p:  134012.0831461636
5d09aa4edd14f35c1a6d9828
p:  122825.4535682066
5d09a287e2edbb8b116d980a
p:  47571.38784839182
5d09aeaf5f9becf4d06d982d
p:  298491.63121381315
5d09b2a5ab1c6b9be96d9844
p:  260864.01710519922
5d09a53a4a0fcb4b7d6d9812
p:  181483.1988294216
5d09a5a7e93517ee276d9818
p:  144897.07644216367
5d09b0d0976984142e6d9843
p:  131812.7198529683
5d09b959b437a5451e6d985d
p:  136702.81007117065
5d09abe25a0b50eb446d9843
p:  129165.31737218132
5d09b0c9976984142e6d9842
p:  119085.7661991221
5d09a64be93517ee276d981b
p:  155689.01900203904
5d09aeb1f184f611416d9832
p:  102535.98219144846
5d09b1455f9becf4d06d9840
p:  81977.2901978184
5d09abbdf184f611416d9828
p:  118249.14489832951
5d09b427ab1c6b9be96d984a
p:  178543.93564824027
5d09b048ab1c6b9be96d9839
p:  233594.4613703707
5d09b048f184f611416d983b
p:  198800.82657779512
5d09b164f184f611416d9847
p:  131858.89069476924
5d09accb5a0b50eb446d984e
p:  284917.2367555887
5d09aecf5a0b50eb446d9868
p:  163959.13081216626
5d09b12ddd14f35c1a6d9844
p:  46909.880356333226
5d09a4d8e15646fbec6d9811
p:  309534.978096998
5d09ad50e15646fbec6d982e
p:  238453.22095674422
5d09b0b7e15646fbec6d983a
p:  255154.5429949341
5d09a2c1cd4fb7fbba6d980b
p:  252053.60902324156
5d09a97bcd4fb7fbba6d9840
p:  206332.03818348626
5d09aeda5a0b50eb446d9869
p:  130664.04457018824
5d09abda5a0b50eb446d9842
p:  230411.99493485596
5d09b80cab1c6b9be96d986b
p:  214067.2992972591
5d09b520e2edbb8b116d984f
p:  268313.3897418651
5d09b96ae2edbb8b116d985d
p:  134136.76522221512
5d09b0fb4a0fcb4b7d6d9852
p:  251468.47656706837
5d09b4684a0fcb4b7d6d9865
p:  119860.9104211182
5d09b2fb4a0fcb4b7d6d985c
p:  134012.0831461636
5d09af195f9becf4d06d9830
p:  58829.93799037277
5d09af5f5f9becf4d06d9832
p:  231993.74976999804
5d09b3db5f9becf4d06d984d
p:  285719.05156929663
5d09aaeadd14f35c1a6d982d
p:  55521.07712120761
5d09a8a0dd14f35c1a6d981f
p:  55521.07712120761
5d09a86cdd14f35c1a6d981b
p:  70790.26008943326
5d09ae075109676a896d9848
p:  171210.9287435411
5d09ae154a0fcb4b7d6d983e
p:  147216.4351621928
5d09a9b64a0fcb4b7d6d9828
p:  215636.98925369425
5d09a9874a0fcb4b7d6d9826
p:  221485.0989799195
5d09a5254a0fcb4b7d6d980f
p:  166316.3650377502
5d09a6f04a0fcb4b7d6d981a
p:  217897.07675402853
5d09a6d74a0fcb4b7d6d9819
p:  172768.54740520884
5d09a6a54a0fcb4b7d6d9818
p:  162648.064015308
5d09a7e74a0fcb4b7d6d981d
p:  113638.0004687706
5d09abb6f184f611416d9827
p:  154883.16440220785
5d09ac3cf184f611416d9829
p:  127766.87732382433
5d09ab96f184f611416d9826
p:  213813.07190946548
5d09b06bf184f611416d983c
p:  198800.82657779512
5d09a3914a0fcb4b7d6d980c
p:  215162.53096766426
5d09a5894a0fcb4b7d6d9815
p:  111768.71421599132
5d09af26f184f611416d9838
p:  136109.74760544108
5d09b119f184f611416d9843
p:  235351.84283123023
5d09ae35f184f611416d982d
p:  118249.14489832951
5d09ae6cf184f611416d9830
p:  308832.0905560608
5d09a86f4a0fcb4b7d6d981f
p:  352331.7513070981
5d09a7564a0fcb4b7d6d981b
p:  170541.41974810648
5d09b497b437a5451e6d9844
p:  219113.20120696034
5d09ba0bb437a5451e6d9865
p:  136702.81007117065
5d09b94eb437a5451e6d985c
p:  136702.81007117065
5d09bc9ab437a5451e6d9869
p:  237319.89681933113
5d09b823b437a5451e6d985a
p:  228578.78914108634
5d09b442ab1c6b9be96d984c
p:  260864.01710519922
5d09b20add14f35c1a6d9845
p:  237236.34441040154
5d09aa53cd4fb7fbba6d9852
p:  258452.43228634907
5d09a746e93517ee276d981f
p:  128148.45091362324
5d09b138e93517ee276d983e
p:  129486.9351213942
5d09af9ce93517ee276d983a
p:  115174.8108493817
5d09a99be93517ee276d9826
p:  173485.31369650672
5d09ac6ce93517ee276d982f
p:  201259.620297245
5d09ac42e93517ee276d982e
p:  194808.5230613136
5d09a9afe93517ee276d9828
p:  227046.65658825083
5d09ab21e93517ee276d982b
p:  156376.88924553862
5d09a9a9e93517ee276d9827
p:  226028.74358265655
5d09a87de93517ee276d9823
p:  141842.41569949704
5d09b2b9e93517ee276d9841
p:  252533.48599141647/home/testapiuser/HouseApp_2/PricePrediction/NDPrice.py:320: SettingWithCopyWarning: 
A value is trying to be set on a copy of a slice from a DataFrame.
Try using .loc[row_indexer,col_indexer] = value instead

See the caveats in the documentation: http://pandas.pydata.org/pandas-docs/stable/indexing.html#indexing-view-versus-copy
  df2['AreaSpace_SQFT'] = df2['AreaSpace_SQFT'].astype(int)
/home/testapiuser/HouseApp_2/PricePrediction/NDPrice.py:332: SettingWithCopyWarning: 
A value is trying to be set on a copy of a slice from a DataFrame.
Try using .loc[row_indexer,col_indexer] = value instead

See the caveats in the documentation: http://pandas.pydata.org/pandas-docs/stable/indexing.html#indexing-view-versus-copy
  df2['Price'] = z1
/home/testapiuser/HouseApp_2/PricePrediction/NDPrice.py:339: SettingWithCopyWarning: 
A value is trying to be set on a copy of a slice from a DataFrame.
Try using .loc[row_indexer,col_indexer] = value instead

See the caveats in the documentation: http://pandas.pydata.org/pandas-docs/stable/indexing.html#indexing-view-versus-copy
  df2['AreaSpace_SQFT'] = z2

5d09b132e93517ee276d983d
p:  242867.17805427418
5d09addbe93517ee276d9832
p:  233283.12338601067
5d09a666e93517ee276d981c
p:  216143.4786375285
5d09aafee93517ee276d9829
p:  191627.79002129054
5d09ae04e93517ee276d9833
p:  182263.7141675034
5d09a3b3976984142e6d9811
p:  200633.41505929164
5d09a7b8976984142e6d981f
p:  127965.30875169796
5d09a990976984142e6d982a
p:  199242.8946276485
5d09a5f3e93517ee276d9819
p:  197703.63239949604
5d09a3a9976984142e6d9810
p:  214408.51387074188
5d09a6b5e93517ee276d981e
p:  213610.49881241476
5d09a85ae93517ee276d9822
p:  152723.11544503394
5d09a464e93517ee276d9811
p:  124545.09211667084
5d09a74ee93517ee276d9820
p:  128351.03942746334
5d09a69ce93517ee276d981d
p:  123173.62298093013
5d09a886976984142e6d9825
p:  160615.65106147985
5d09af82e93517ee276d9836
p:  200205.3481994826
5d09a75dcd4fb7fbba6d982f
p:  227468.8562774905
5d09aa5ecd4fb7fbba6d9853
p:  164698.0733625132
5d09b143e93517ee276d983f
p:  176699.51494458478
5d09a971cd4fb7fbba6d983f
p:  202152.19672546844
5d09aad65a0b50eb446d9827
p:  242017.23063637063
5d09aba95a0b50eb446d983f
p:  222767.7675350583
5d09b3b1ab1c6b9be96d9849
p:  99371.60885293824
5d09a452e8824364126d9815
p:  112174.36645061304
5d09a97b4a0fcb4b7d6d9824
p:  218485.53587241826
5d09a66b4a0fcb4b7d6d9816
p:  180997.7563461715
5d