Current date and time: 2020-06-07 15:34:19
Successfully connect to DB.
train score for random_forest: 0.9577696422890862
test score for random_forest: 0.6553815839055588
The mean absolute error is:$ 74703.10892707559
r_Score: 0.6613717492712166
Voting Regressor (in): 0.9609220075753049
Voting Regressor: 0.6613717492712166
5d0d19d543207cb60914ad77
p:  232332.73623926518
5d0d2caae2ea012a7414ade9
p:  181460.55777240393
5d0e8de02b8f60b82b8f8d42
p:  200736.40004176955
5d0e960c19f56a0d5b8f8db8
p:  114697.59167061912
5d12c08bb7ae3de20d8d6f21
p:  122845.08472044529
5d185508253e7cfd9b98bd08
p:  239990.51399176184
5d1b90a603ecbb08e0bf610b
p:  156354.29614507407
5d297ce4199bf96b6045aca6
p:  231139.13277657697
5d2994cd199bf96b6045acf2
p:  111810.10052652123
5d2b0ce747cfe46363877b27
p:  103600.61526471663
5d38d9247110e453a0b03b47
p:  180640.61271014204
5d38dda402947826d9b03c83
p:  157683.083343586
5d38e0a4dd2d94d3c8b03ca0
p:  188153.17867724886
5d475bd5acae7a72623cb4be
p:  131880.38204088935
5d476f98acae7a72623cb4e5
p:  127418.73929463307
5d52edd09eed2634e03e97a1
p:  195170.8737022771
5d52ee6d2839f8134a3e97a0
p:  211651.291641352
5d52ee7c98b4dd30ff3e97a1
p:  261957.54544903093
5d52ee922839f8134a3e97a1
p:  98249.47359445733
5d52ef3497fc9fc4273e97a6
p:  146487.29498252954
5d52efd398b4dd30ff3e97a4
p:  217443.54821788787
5d52f0342839f8134a3e97a2
p:  183467.4301297655
5d52f0de2839f8134a3e97a3
p:  94539.02838492983
5d52f12c2839f8134a3e97a4
p:  96102.4462670799
5d52f1552839f8134a3e97a5
p:  149380.8818865734
5d52f37b768b94245b3e97b0
p:  212760.43342301768
5d52f45e2839f8134a3e97a9
p:  112316.30033403024
5d52f465b324eabe0e3e97b8
p:  136918.3240014455
5d52f48c2839f8134a3e97aa
p:  207396.62934973364
5d52f5d07b321c8dcd3e97ac
p:  106869.85315755509
5d52f5d72839f8134a3e97ad
p:  90674.95857465209
5d52f6077b321c8dcd3e97ad
p:  137720.53086584999
5d52f6d3b81bcf5b5f3e97b5
p:  296741.9753739869
5d52f6ee9eed2634e03e97b4
p:  255461.77121068584
5d52f7172839f8134a3e97af
p:  241425.98224945797
5d52f77b9e9a60a4013e97be
p:  217041.0066819888
5d52f77cd1e9bb2c243e97af
p:  124684.21728519144
5d52f788576ae6f11d3e97b1
p:  134254.69360742898
5d52f7e6576ae6f11d3e97b4
p:  140825.7925332245
5d52f7f59e9a60a4013e97c1
p:  117837.32806621828
5d52f80b576ae6f11d3e97b5
p:  81274.53372034457
5d52f85eb324eabe0e3e97bc
p:  129750.78295311148
5d52f867ca8c2433523e97bf
p:  252696.67146289506
5d52f8779e9a60a4013e97c4
p:  176580.327288261
5d52f89f9e9a60a4013e97c5
p:  143235.42179841833
5d52f8bfb324eabe0e3e97bd
p:  130458.50320978809
5d52f8c69e9a60a4013e97c6
p:  99369.79669014027
5d52f8c6576ae6f11d3e97b6
p:  131820.12368402872
5d52f8ef9e9a60a4013e97c7
p:  76836.80253734208
5d52f91a9e9a60a4013e97c8
p:  77164.01324289406
5d52f971576ae6f11d3e97b9
p:  142637.33251020758
5d52f976b81bcf5b5f3e97b7
p:  250068.61690351632
5d52f9bc64879160083e97b4
p:  134095.94064330563
5d52fa089e9a60a4013e97c9
p:  176394.3406668229
5d52fabbd1e9bb2c243e97b7
p:  240581.9494267364
5d52fadf768b94245b3e97bf
p:  89674.08200298829
5d52fb37768b94245b3e97c1
p:  75778.07152511159
5d52fb4943232e3d8e3e97b4
p:  118879.19011043686
5d52fb4f576ae6f11d3e97bb
p:  120944.68433893044
5d52fb729e9a60a4013e97cd
p:  105620.7702340849
5d52fb79768b94245b3e97c2
p:  266268.09630839154
5d52fc7464879160083e97b8
p:  184958.5038246357
5d52fcb4768b94245b3e97c6
p:  81374.61448997946
5d52fd26768b94245b3e97c7
p:  105238.86138261924
5d52fd5a97fc9fc4273e97cb
p:  49828.16528031674
5d52fd98ca8c2433523e97c8
p:  197793.20438348834
5d52fe1497fc9fc4273e97cf
p:  124267.06510682541
5d52fe6343232e3d8e3e97bb
p:  238979.60275830954
5d52fe902839f8134a3e97b8
p:  90674.95857465209
5d52ff6043232e3d8e3e97c4
p:  140741.3583354322
5d52ff629e9a60a4013e97d8
p:  222144.74341068184
5d52ff88b324eabe0e3e97c3
p:  141793.29609992064
5d52ff9443232e3d8e3e97c6
p:  91211.31375819273
5d52ffce576ae6f11d3e97c0
p:  81274.53372034457
5d52ffda9e9a60a4013e97da
p:  103870.9830692762
5d52fff943232e3d8e3e97cb
p:  75852.85627722894
5d530005ca8c2433523e97ca
p:  230110.81154845213
5d53000564879160083e97bc
p:  201713.41364212672
5d53000643232e3d8e3e97cc
p:  61460.92812037254
5d5300102839f8134a3e97bb
p:  367893.43851499364
5d530042768b94245b3e97cb
p:  108116.53735355401
5d530046ca8c2433523e97cc
p:  227077.31959752657
5d53006b576ae6f11d3e97c2
p:  90489.96639162661
5d5300b77b321c8dcd3e97c5
p:  164725.6351437633
5d5300d364879160083e97bf
p:  117158.85907104856
5d53010d768b94245b3e97ce
p:  141433.9694604248
5d53012bca8c2433523e97cf
p:  407923.95113749854
5d5301492839f8134a3e97be
p:  86355.2239461198
5d53019064879160083e97c0
p:  89832.82272783536
5d530197768b94245b3e97cf
p:  201888.01759923657
5d5301a397fc9fc4273e97d3
p:  166326.61444966093
5d5301cfb81bcf5b5f3e97d1
p:  226192.49327604673
5d5301d1ca8c2433523e97d1
p:  234412.8253346438
5d5301d164879160083e97c1
p:  201645.84918131196
5d5301f697fc9fc4273e97d4
p:  86101.34829346696
5d530235b81bcf5b5f3e97d2
p:  213774.34318738952
5d5302459e9a60a4013e97db
p:  170353.32078875435
5d53024597fc9fc4273e97d5
p:  259821.2038913593
5d53024843232e3d8e3e97d1
p:  54175.1143851327
5d53024e768b94245b3e97d1
p:  74278.58058653516
5d53025cb81bcf5b5f3e97d3
p:  176866.47119014018
5d53027243232e3d8e3e97d2
p:  76513.31919805035
5d5302a2768b94245b3e97d3
p:  86220.43760049899
5d5302d3b81bcf5b5f3e97d6
p:  253053.9480631059
5d5302f69e9a60a4013e97dc
p:  114931.01069534084
5d53030897fc9fc4273e97d8
p:  124998.30222480436
5d530322b81bcf5b5f3e97d8
p:  166560.20868299558
5d530340576ae6f11d3e97c4
p:  134116.60830307877
5d53034764879160083e97c2
p:  205510.8299430554
5d53034ab324eabe0e3e97c7
p:  118228.59596115023
5d53036064879160083e97c3
p:  164027.08420843317
5d530372b81bcf5b5f3e97da
p:  219199.92760250304
5d53038364879160083e97c4
p:  165831.13627028393
5d5303a843232e3d8e3e97d5
p:  73287.64764876825
5d53042c9e9a60a4013e97df
p:  173851.60111788276
5d530438b81bcf5b5f3e97df
p:  181197.2020865098
5d5304b0b81bcf5b5f3e97e2
p:  390237.6456596261
5d5304bd64879160083e97c6
p:  179767.26885853807
5d5305009e9a60a4013e97e2
p:  223556.67935824543
5d53050b64879160083e97c7
p:  75320.89324602968
5d530561ca8c2433523e97da
p:  372833.02049867396
5d53058497fc9fc4273e97dc
p:  144494.1156627389
5d5305b764879160083e97c8
p:  168361.5921521593
5d5305ba768b94245b3e97db
p:  159093.99140466546
5d53064a97fc9fc4273e97de
p:  184572.81885447627
5d53066c97fc9fc4273e97df
p:  124998.30222480436
5d5306b197fc9fc4273e97e0
p:  263802.7451772826
5d5306c9576ae6f11d3e97c9
p:  193358.34212858634
5d5306e69e9a60a4013e97e7
p:  761509.4677473066
5d53071b43232e3d8e3e97d7
p:  57776.554933327585
5d5307603af2b696ba3e97e1
p:  252476.5487175829
5d5307a3b81bcf5b5f3e97f0
p:  226192.49327604673
5d5307cab81bcf5b5f3e97f1
p:  395494.6210889278
5d5307d064879160083e97cc
p:  151245.0263925186
5d5307d42839f8134a3e97c6
p:  98682.6259622834
5d5307fd3af2b696ba3e97e3
p:  231721.33112769516
5d53080a64879160083e97cd
p:  208248.35164777806
5d53081a576ae6f11d3e97ca
p:  196177.9525652374
5d53082b9e9a60a4013e97e8
p:  240422.97410762619
5d53084964879160083e97ce
p:  136474.14573323843
5d53084a3af2b696ba3e97e4
p:  193602.17271371328
5d530871d1e9bb2c243e97cb
p:  255907.41786702667
5d53089dd1e9bb2c243e97cc
p:  101908.56041578081
5d5308ee64879160083e97d0
p:  203975.74416705256
5d53092b2839f8134a3e97c8
p:  88078.0415306526
5d530937576ae6f11d3e97cc
p:  128703.22528971959
5d53094c64879160083e97d1
p:  111853.18680007425
5d53096764879160083e97d2
p:  121233.2061174862
5d53096a98b4dd30ff3e97da
p:  489854.8526416286
5d530991768b94245b3e97e4
p:  260126.34946777424
5d5309a6d1e9bb2c243e97d3
p:  179546.52087196906
5d5309d4d1e9bb2c243e97d4
p:  226842.6103237357
5d5309dc7b321c8dcd3e97d6
p:  224678.10394499352
5d5309e8768b94245b3e97e6
p:  220032.17840326147
5d530a16b81bcf5b5f3e97f5
p:  205870.42663846555
5d530a293af2b696ba3e97e8
p:  148963.43063495663
5d530a679e9a60a4013e97ee
p:  165793.51563980698
5d530a783af2b696ba3e97e9
p:  210467.56175196523
5d530aa3768b94245b3e97e8
p:  237888.19067468488
5d530aa47b321c8dcd3e97d8
p:  168446.34099329502
5d530aad9e9a60a4013e97f0
p:  281389.66153781547
5d530af543232e3d8e3e97e1
p:  57776.554933327585
5d530afd3af2b696ba3e97ea
p:  135625.47046591167
5d530b1697fc9fc4273e97e8
p:  256851.56017517427
5d530b8f43232e3d8e3e97e5
p:  77920.69346801809
5d530b99d1e9bb2c243e97d8
p:  332982.89129283756
5d530be4d1e9bb2c243e97d9
p:  204228.8189043388
5d530c009eed2634e03e9831
p:  113789.66330282472
5d530c837b321c8dcd3e97d9
p:  225683.75176735365
5d530cc543232e3d8e3e97ed
p:  161596.08642458016
5d530cc8d1e9bb2c243e97dc
p:  204228.8189043388
5d530d1343232e3d8e3e97ef
p:  52728.123308104514
5d530d3b7b321c8dcd3e97da
p:  200046.33318079502
5d530d6d9eed2634e03e983a
p:  169540.01404762984
5d530dac9eed2634e03e983c
p:  187640.19883011613
5d530db043232e3d8e3e97f3
p:  133295.51660565642
5d530dc99eed2634e03e983e
p:  113789.66330282472
5d530dc9576ae6f11d3e97cf
p:  119625.88033443771
5d530de29eed2634e03e983f
p:  157953.144006777
5d530e03576ae6f11d3e97d0
p:  122832.83240744563
5d530e389eed2634e03e9843
p:  370537.532239132
5d530e867b321c8dcd3e97de
p:  181138.0063857861
5d530e889eed2634e03e9847
p:  209885.8104269393
5d530ea6b324eabe0e3e97f5
p:  233795.83360142243
5d530ed7576ae6f11d3e97d1
p:  109844.14885514865
5d530f0364879160083e97de
p:  110018.0345928061
5d530fe02839f8134a3e97d4
p:  99732.39683093087
5d530ff7576ae6f11d3e97d2
p:  78493.43881319975
5d53100ed1e9bb2c243e97e7
p:  315830.77810911695
5d531028b81bcf5b5f3e9802
p:  245507.5173323663
5d531043b324eabe0e3e97ff
p:  148995.2326981926
5d53105a9eed2634e03e9851
p:  232596.8673068391
5d531080576ae6f11d3e97d3
p:  105772.39819826133
5d5310b7b324eabe0e3e9802
p:  142706.02484127035
5d5310ba576ae6f11d3e97d4
p:  192543.97364377172
5d5310d73af2b696ba3e97f0
p:  65260.263584770655
5d5310deb324eabe0e3e9803
p:  186415.53892711096
5d531105b324eabe0e3e9804
p:  150105.8214329027
5d5311053af2b696ba3e97f1
p:  140487.69577969424
5d53112cb324eabe0e3e9805
p:  151969.23359690508
5d531152b324eabe0e3e9806
p:  152523.22236994852
5d5311683af2b696ba3e97f2
p:  148507.33617495923
5d53116f576ae6f11d3e97d6
p:  208970.1175724154
5d53117fb324eabe0e3e9807
p:  198016.79716423852
5d53118843232e3d8e3e980c
p:  242923.409888766
5d531191d1e9bb2c243e97ec
p:  193162.4522784078
5d5311a4768b94245b3e97f3
p:  189451.73713592713
5d5311a5b324eabe0e3e9808
p:  220119.82878204674
5d5311a7576ae6f11d3e97d7
p:  154624.91985826546
5d5311dc64879160083e97e1
p:  179767.26885853807
5d5311ddd1e9bb2c243e97ed
p:  203460.53713541897
5d5311fb43232e3d8e3e980f
p:  269100.54946719523
5d53121b576ae6f11d3e97d8
p:  105717.77885231483
5d531229d1e9bb2c243e97ee
p:  232481.51152761
5d53122bb81bcf5b5f3e9808
p:  227853.94494158638
5d53122e7b321c8dcd3e97e6
p:  223660.5390269088
5d53122e98b4dd30ff3e97ee
p:  408092.0195544369
5d53123c7b321c8dcd3e97e7
p:  235588.76409020612
5d53126cb324eabe0e3e980d
p:  137049.00040066493
5d53127243232e3d8e3e9812
p:  183074.31698645197
5d5312ba9e9a60a4013e9805
p:  263218.1548592779
5d5312c043232e3d8e3e9814
p:  146057.57064714414
5d5312c964879160083e97e3
p:  91754.62807983113
5d5312fe64879160083e97e4
p:  137967.23221310377
5d531300576ae6f11d3e97da
p:  100128.89301710702
5d53131143232e3d8e3e9816
p:  222506.15955709954
5d531347576ae6f11d3e97db
p:  118169.17508002395
5d5313a0768b94245b3e97f8
p:  202431.852000845
5d5313d243232e3d8e3e981b
p:  223527.5593481434
5d5313d564879160083e97e7
p:  120408.89645191385
5d531400b324eabe0e3e9814
p:  143988.75478349093
5d5314092839f8134a3e97de
p:  138548.71897905046
5d53140d64879160083e97e8
p:  205510.8299430554
5d5314173af2b696ba3e97f3
p:  148626.39536758827
5d531441d1e9bb2c243e97f5
p:  297466.9820190868
5d53144843232e3d8e3e981e
p:  145371.03777648357
5d53149543232e3d8e3e9820
p:  146448.15343124868
5d53150f43232e3d8e3e9823
p:  139491.61417113387
5d53151a3af2b696ba3e97f4
p:  217658.44975803007
5d531527576ae6f11d3e97dd
p:  64929.60932860554
5d5315567b321c8dcd3e97f1
p:  174995.7655489561
5d53155f43232e3d8e3e9825
p:  125273.15232659763
5d53159497fc9fc4273e97f8
p:  186506.457377935
5d5315ad43232e3d8e3e9827
p:  266526.00421567005
5d5315d443232e3d8e3e9828
p:  269100.54946719523
5d5315e9576ae6f11d3e97df
p:  117729.41734811847
5d5315fb43232e3d8e3e9829
p:  345813.8660574811
5d5316097b321c8dcd3e97f4
p:  236198.9958164979
5d53162143232e3d8e3e982a
p:  140834.3035188564
5d53164743232e3d8e3e982b
p:  245687.84337359853
5d5316673af2b696ba3e97f5
p:  171617.52683330778
5d53166c43232e3d8e3e982c
p:  347869.69786348124
5d5316a264879160083e97ec
p:  238418.4870007581
5d5316bb43232e3d8e3e982e
p:  172650.15768408304
5d5316c09e9a60a4013e9812
p:  289502.8328791767
5d5316f064879160083e97ee
p:  232867.17035954725
5d53171497fc9fc4273e97fc
p:  185665.20661444025
5d53171ed1e9bb2c243e97fc
p:  320110.55710991065
5d531743d1e9bb2c243e97ff
p:  243295.749045468
5d5317672839f8134a3e97e7
p:  187218.17785465164
5d53177464879160083e97f2
p:  185913.2847478325
5d5317902839f8134a3e97e9
p:  181687.14242857468
5d5317a6576ae6f11d3e97e2
p:  149569.51086289168
5d5317baca8c2433523e983a
p:  169840.91534119227
5d53183364879160083e97f6
p:  344581.40570137836
5d53185143232e3d8e3e982f
p:  141417.84040645047
5d5318ed43232e3d8e3e9833
p:  174261.1979322431
5d53190097fc9fc4273e9801
p:  347074.6775500014
5d531916ca8c2433523e983d
p:  166837.40082124466
5d53194bca8c2433523e983e
p:  372713.5781032305
5d53196bb81bcf5b5f3e981b
p:  164200.3718846076
5d53198564879160083e97fa
p:  212315.98538261664
5d531996ca8c2433523e983f
p:  197824.03584066615
5d5319a6768b94245b3e9805
p:  178038.3258677823
5d5319d8ca8c2433523e9841
p:  213815.16179481766
5d5319e7768b94245b3e9806
p:  173924.91526236
5d5319ee97fc9fc4273e9803
p:  199488.61790391337
5d531a01b324eabe0e3e9820
p:  178188.1218379533
5d531a073af2b696ba3e97f7
p:  209763.8367964605
5d531a167b321c8dcd3e97ff
p:  174468.83887883835
5d531a212839f8134a3e97ed
p:  207222.59069889417
5d531a393af2b696ba3e97f8
p:  130740.55292304834
5d531a7b2839f8134a3e97ee
p:  145624.92356850006
5d531a8c97fc9fc4273e9805
p:  207108.35444454028
5d531ac2b324eabe0e3e9822
p:  271575.73981929093
5d531adc3af2b696ba3e97f9
p:  149725.7785361206
5d531afe64879160083e9800
p:  252609.26820848638
5d531b0eb324eabe0e3e9823
p:  379741.92237707356
5d531b64b324eabe0e3e9824
p:  119188.07125598802
5d531b6ed1e9bb2c243e981c
p:  123507.7178830088
5d531b7864879160083e9803
p:  260292.07260346954
5d531b97d1e9bb2c243e981d
p:  250764.25111636543
5d531be9d1e9bb2c243e981f
p:  242068.23124534255
5d531c11d1e9bb2c243e9820
p:  175143.74625626332
5d531c723af2b696ba3e97fb
p:  218868.23215893656
5d531c819e9a60a4013e981a
p:  222510.69463336177
5d531ca43af2b696ba3e97fc
p:  120666.22943372527
5d531ca6d1e9bb2c243e9822
p:  253840.99822645434
5d531cebca8c2433523e9843
p:  211777.34997203053
5d531cf9d1e9bb2c243e9824
p:  249824.30395473528
5d531d49d1e9bb2c243e9825
p:  247802.63942433652
5d531d5264879160083e9808
p:  218991.3149325137
5d531d712839f8134a3e97f2
p:  164992.06396069957
5d531db29e9a60a4013e981c
p:  288303.36466057494
5d531e2d9e9a60a4013e981e
p:  245652.6750797453
5d531e5fb324eabe0e3e982c
p:  262372.28906545334
5d531e6a7b321c8dcd3e9805
p:  187497.99979803083
5d531ea2b324eabe0e3e982d
p:  256716.19985675276
5d531ea597fc9fc4273e980e
p:  187654.91828078765
5d531eccd1e9bb2c243e9827
p:  341235.4663453171
5d531ee1b324eabe0e3e982e
p:  259873.90173530456
5d531f1c97fc9fc4273e980f
p:  798630.783779862
5d531fa4d1e9bb2c243e9828
p:  218630.7585025836
5d531febca8c2433523e984a
p:  164968.88500405417
5d53201964879160083e980e
p:  176429.79411813698
5d532036b81bcf5b5f3e9837
p:  252500.24153209873
5d53204c7b321c8dcd3e9809
p:  217459.27293778566
5d53207eb81bcf5b5f3e983b
p:  314470.51948188635
5d5320a5b81bcf5b5f3e983d
p:  214347.21887770508
5d53210cca8c2433523e984d
p:  150639.52950548145
5d53213e3af2b696ba3e9801
p:  149934.9942501315
5d53217e64879160083e9811
p:  189457.177141056
5d5321823af2b696ba3e9802
p:  174506.34589359467
5d53218943232e3d8e3e984a
p:  256209.69669529062
5d532193576ae6f11d3e97ee
p:  218201.11692293166
5d5321a743232e3d8e3e984c
p:  251195.24678736803
5d5321eb43232e3d8e3e9851
p:  177173.7227517694
5d5321f543232e3d8e3e9852
p:  185404.54787739902
5d532210576ae6f11d3e97f1
p:  158555.18547711708
5d53223ad1e9bb2c243e982e
p:  142667.7169542188
5d53226bca8c2433523e984e
p:  197614.76767060504
5d53228b43232e3d8e3e985d
p:  202752.62919677846
5d5322a9d1e9bb2c243e9831
p:  181665.76879638672
5d532404d1e9bb2c243e9837
p:  486960.3096630349
5d5324357b321c8dcd3e980e
p:  98526.27097681838
5d532481d1e9bb2c243e9838
p:  109520.78252785432
5d5324d843232e3d8e3e9861
p:  151631.51871702197
5d5325442839f8134a3e9805
p:  107519.26756745952
5d5325b197fc9fc4273e981c
p:  195387.88688343216
5d5325d997fc9fc4273e981d
p:  364229.7254819083
5d5325e1b81bcf5b5f3e9844
p:  116201.79557356582
5d53260043232e3d8e3e9863
p:  199398.53035812103
5d53277297fc9fc4273e9827
p:  220821.5812134663
5d5328bfb81bcf5b5f3e984a
p:  433546.22378483665
5d532939d1e9bb2c243e9840
p:  228482.6213040286
5d5329497b321c8dcd3e981d
p:  158786.0920318001
5d53296e7b321c8dcd3e981e
p:  55792.72227953421
5d53297c97fc9fc4273e9833
p:  220944.31585623458
5d53298f43232e3d8e3e9869
p:  352907.66886207863
5d5329947b321c8dcd3e981f
p:  63184.197649023605
5d5329e7b81bcf5b5f3e984e
p:  381127.5082642633
5d532a9e64879160083e981d
p:  352983.89426479687
5d532aefb81bcf5b5f3e984f
p:  216253.207374487
5d532b32ca8c2433523e9856
p:  160403.87350692082
5d532bda7b321c8dcd3e9820
p:  100007.71336897876
5d532c1bb81bcf5b5f3e9851
p:  207943.90210877673
5d532c23ca8c2433523e985a
p:  101727.57593672618
5d532c367b321c8dcd3e9822
p:  118819.86102106041
5d532ca5ca8c2433523e985b
p:  157986.3168900786
5d532cecca8c2433523e985c
p:  208632.43536272613
5d532cf47b321c8dcd3e9824
p:  59125.152099185
5d532db8ca8c2433523e985d
p:  73255.37767759562
5d532e3dca8c2433523e985e
p:  91289.86217542912
5d532ecd43232e3d8e3e9871
p:  260296.44892936051
5d532f4943232e3d8e3e9873
p:  330895.1267309811
5d5333219eed2634e03e98a5
p:  185396.98545025103
5d5333459eed2634e03e98a9
p:  96266.47155774808
5d53370cca8c2433523e986a
p:  188827.20039098134
5d533748ca8c2433523e986b
p:  160702.6598272592
5d5337a9ca8c2433523e986d
p:  174372.0542631031
5d5337ae2839f8134a3e9830
p:  254680.16881876075
5d5337d3ca8c2433523e986e
p:  117872.83830587703
5d5337f9b324eabe0e3e9864
p:  352895.2418722834
5d533844b324eabe0e3e9866
p:  166222.74710390234
5d53387f7b321c8dcd3e9836
p:  132229.34710999412
5d5338cdca8c2433523e9872
p:  107352.90597951191
5d5338d9ca8c2433523e9873
p:  168846.42310674203
5d5338fcca8c2433523e9874
p:  129351.2990892589
5d53392eca8c2433523e9875
p:  74532.51065263122
5d53394b2839f8134a3e9831
p:  160982.4822720958
5d5339777b321c8dcd3e983b
p:  140859.23992404656
5d5339ad9eed2634e03e98ba
p:  181988.46089549086
5d5339b064879160083e9836
p:  190625.92761536204
5d5339c69eed2634e03e98bc
p:  222957.00126333704
5d5339d3b324eabe0e3e986a
p:  99943.07758381192
5d5339dd9eed2634e03e98be
p:  154832.25494720516
5d5339e89eed2634e03e98bf
p:  226304.55182973619
5d5339fdb324eabe0e3e986b
p:  99943.07758381192
5d533a1f9eed2634e03e98c2
p:  189592.24197772535
5d533a329eed2634e03e98c4
p:  168801.98561363225
5d533a3b9eed2634e03e98c5
p:  209938.1302877258
5d533a479eed2634e03e98c6
p:  158940.68362748338
5d533a529eed2634e03e98c7
p:  147243.61540926667
5d533a5c9eed2634e03e98c8
p:  148424.90450379177
5d533a66b324eabe0e3e986c
p:  135074.1615463614
5d533a6f64879160083e9837
p:  115493.43829678901
5d533a75ca8c2433523e9879
p:  66419.88482899251
5d533a7f9eed2634e03e98c9
p:  170288.82768888318
5d533a877b321c8dcd3e9842
p:  152180.08351721376
5d533a899eed2634e03e98ca
p:  162723.2459854689
5d533a9e9eed2634e03e98cc
p:  326804.26482730225
5d533aa1b324eabe0e3e986d
p:  83544.78821660721
5d533aa1ca8c2433523e987a
p:  147455.0017510671
5d533aa99eed2634e03e98cd
p:  187465.07887900522
5d533aad7b321c8dcd3e9843
p:  96212.91069118265
5d533abf9eed2634e03e98cf
p:  132473.85310869274
5d533acb9eed2634e03e98d0
p:  145194.23752881726
5d533ae69eed2634e03e98d1
p:  179342.94589455827
5d533afa7b321c8dcd3e9845
p:  170334.4714526967
5d533b1e9eed2634e03e98d5
p:  423435.2982446999
5d533b207b321c8dcd3e9846
p:  130762.24864910563
5d533b24ca8c2433523e987d
p:  166004.32925666863
5d533b2b9eed2634e03e98d6
p:  246084.91418749385
5d533b2d43232e3d8e3e988d
p:  200234.80704657472
5d533b532839f8134a3e9833
p:  146766.24251701368
5d533b66ca8c2433523e987e
p:  128953.06708806052
5d533b6d7b321c8dcd3e9848
p:  147698.200886673
5d533bbb7b321c8dcd3e984a
p:  127589.54678867557
5d533bc3576ae6f11d3e9828
p:  97909.62323035029
5d533bc9ca8c2433523e987f
p:  221425.90365842258
5d533be17b321c8dcd3e984b
p:  153739.59530875526
5d533be364879160083e983c
p:  166577.64382029558
5d533c7dca8c2433523e9881
p:  293138.1807900518
5d533c8ab324eabe0e3e9874
p:  166222.74710390234
5d533cfd2839f8134a3e9836
p:  122864.4734308722
5d533d2243232e3d8e3e9891
p:  130377.80609824936
5d533d5443232e3d8e3e9892
p:  225416.53817387304
5d533d6d576ae6f11d3e982c
p:  190885.69713273767
5d533d6eb81bcf5b5f3e987c
p:  156221.62819732388
5d533db87b321c8dcd3e9857
p:  155853.42364851368
5d533df2ca8c2433523e9882
p:  126541.20878231709
5d533e30ca8c2433523e9883
p:  102089.32221396151
5d533e599eed2634e03e98dd
p:  463657.2715069507
5d533e6e9e9a60a4013e9868
p:  90718.31686834262
5d533e8fca8c2433523e9884
p:  192237.1087649268
5d533e9a576ae6f11d3e982e
p:  190138.5073538833
5d533ee4ca8c2433523e9885
p:  126888.41553632627
5d533ee69e9a60a4013e986d
p:  139249.6465805705
5d533f329e9a60a4013e9870
p:  163189.34241799545
5d533f472839f8134a3e9839
p:  162814.56210901323
5d533f5dca8c2433523e9886
p:  118901.29183582959
5d533f7a2839f8134a3e983a
p:  72585.86691813052
5d533f8bca8c2433523e9887
p:  106669.32250126456
5d533f9843232e3d8e3e9894
p:  158329.4218707227
5d533f9fca8c2433523e9888
p:  220559.74339721966
5d533fac576ae6f11d3e9830
p:  175799.5303787475
5d533fb7b81bcf5b5f3e9883
p:  157086.26271052135
5d533fbe768b94245b3e9871
p:  180816.1730126933
5d533fd8576ae6f11d3e9831
p:  131997.64016850636
5d533fe064879160083e9844
p:  251898.66544401261
5d533fef768b94245b3e9873
p:  188727.69802423054
5d533ff29e9a60a4013e9873
p:  125168.66444690744
5d53401f768b94245b3e9874
p:  220467.90560410882
5d5340ab43232e3d8e3e9898
p:  193665.18315230793
5d5340ba2839f8134a3e983c
p:  157542.27393412602
5d5340bf576ae6f11d3e9832
p:  190138.5073538833
5d5340e32839f8134a3e983d
p:  72585.86691813052
5d5340f5576ae6f11d3e9833
p:  95742.86273759906
5d53410f2839f8134a3e983e
p:  191557.14265653287
5d534112576ae6f11d3e9834
p:  130220.78607880583
5d53412bb81bcf5b5f3e9884
p:  143200.34760402818
5d53413b576ae6f11d3e9835
p:  101485.81831338059
5d5341432839f8134a3e983f
p:  90067.51820077695
5d53414eca8c2433523e9891
p:  70841.67412204045
5d53414f9e9a60a4013e9874
p:  169572.08767376718
5d53416964879160083e9845
p:  166399.9492110707
5d5341b8768b94245b3e9878
p:  181161.99188917983
5d5341c597fc9fc4273e9866
p:  150277.1606724969
5d5341e364879160083e9847
p:  120237.67451586304
5d5341ec576ae6f11d3e9837
p:  159092.18850815375
5d534205b81bcf5b5f3e9886
p:  241559.23033131956
5d5342192839f8134a3e9840
p:  179360.9306891976
5d53422364879160083e9848
p:  105546.09430392663
5d5342499eed2634e03e98e8
p:  197127.43930301012
5d534275ca8c2433523e9894
p:  73703.49461895067
5d53427b576ae6f11d3e9839
p:  84854.69130421604
5d5342fcb324eabe0e3e987f
p:  180782.36146346465
5d53432c768b94245b3e9879
p:  148713.77078283118
5d53432dca8c2433523e9896
p:  128353.64132638177
5d53433ab81bcf5b5f3e988e
p:  151403.6606473394
5d53433e2839f8134a3e9842
p:  179069.73091456213
5d53436a2839f8134a3e9843
p:  170902.65444635903
5d534383ca8c2433523e9898
p:  155968.1877386325
5d5343902839f8134a3e9844
p:  201869.08468907414
5d53439343232e3d8e3e989e
p:  76426.81338188925
5d5343af576ae6f11d3e983a
p:  88007.80948084174
5d534405768b94245b3e987d
p:  180816.1730126933
5d534427768b94245b3e987e
p:  155585.40732019022
5d53442a576ae6f11d3e983b
p:  95742.86273759906
5d5344497b321c8dcd3e9866
p:  175162.35507999622
5d534453768b94245b3e987f
p:  263065.137403907
5d53445943232e3d8e3e989f
p:  241039.92806898672
5d534478768b94245b3e9880
p:  195083.68840838748
5d53447c64879160083e984c
p:  130286.69601018482
5d5344c3d1e9bb2c243e9888
p:  275175.4046858173
5d5345489e9a60a4013e987c
p:  194925.4466488507
5d534581576ae6f11d3e983d
p:  142074.84198947967
5d53458443232e3d8e3e98a1
p:  130377.80609824936
5d53459b9e9a60a4013e987d
p:  138596.1397587586
5d5345a697fc9fc4273e986d
p:  354831.95808039076
5d53462c43232e3d8e3e98a2
p:  155160.65941999404
5d53465b43232e3d8e3e98a3
p:  153905.7316056578
5d5346bb43232e3d8e3e98a4
p:  158575.13492546073
5d5346ce9e9a60a4013e9882
p:  266261.037606348
5d5346d143232e3d8e3e98a5
p:  365828.3866376566
5d5346fe9e9a60a4013e9883
p:  195294.0635649574
5d53470a9eed2634e03e98ef
p:  118288.06068571209
5d5347449eed2634e03e98f0
p:  231203.13529828523
5d534755d1e9bb2c243e988e
p:  262139.08171470236
5d5347933af2b696ba3e9858
p:  159893.9832916222/home/testapiuser/HouseApp_2/PricePrediction/NEPrice.py:358: SettingWithCopyWarning: 
A value is trying to be set on a copy of a slice from a DataFrame.
Try using .loc[row_indexer,col_indexer] = value instead

See the caveats in the documentation: http://pandas.pydata.org/pandas-docs/stable/indexing.html#indexing-view-versus-copy
  df2['AreaSpace_SQFT'] = df2['AreaSpace_SQFT'].astype(int)
/home/testapiuser/HouseApp_2/PricePrediction/NEPrice.py:370: SettingWithCopyWarning: 
A value is trying to be set on a copy of a slice from a DataFrame.
Try using .loc[row_indexer,col_indexer] = value instead

See the caveats in the documentation: http://pandas.pydata.org/pandas-docs/stable/indexing.html#indexing-view-versus-copy
  df2['Price'] = z1
/home/testapiuser/HouseApp_2/PricePrediction/NEPrice.py:377: SettingWithCopyWarning: 
A value is trying to be set on a copy of a slice from a DataFrame.
Try using .loc[row_indexer,col_indexer] = value instead

See the caveats in the documentation: http://pandas.pydata.org/pandas-docs/stable/indexing.html#indexing-view-versus-copy
  df2['AreaSpace_SQFT'] = z2

5d5347ee2839f8134a3e984b
p:  156495.26361800946
5d5347f79eed2634e03e98f2
p:  261188.57534749265
5d53481a97fc9fc4273e987b
p:  313039.0755484131
5d53482f9eed2634e03e98f3
p:  136066.69431940682
5d5348519eed2634e03e98f4
p:  192495.9062495847
5d53486543232e3d8e3e98a7
p:  86334.12056203066
5d5348f5d1e9bb2c243e9891
p:  232670.1528868525
5d5348ff43232e3d8e3e98a9
p:  224362.76504383434
5d53492943232e3d8e3e98aa
p:  193578.33841560394
5d53492e9e9a60a4013e9888
p:  175438.02207137452
5d53494f9eed2634e03e98f9
p:  223379.08139396482
5d5349589e9a60a4013e9889
p:  160030.9232033416
5d53497b43232e3d8e3e98ab
p:  116583.6608108858
5d53497f9e9a60a4013e988a
p:  232550.5275978332
5d5349c4d1e9bb2c243e9893
p:  202896.93182291655
5d5349ed64879160083e985e
p:  112009.84671040846
5d534a0b768b94245b3e9889
p:  141423.1197976826
5d534a289eed2634e03e98fb
p:  164912.63820765962
5d534b7f9e9a60a4013e9891
p:  362594.45450621087
5d534bd19eed2634e03e9900
p:  159558.86638098749
5d534bd83af2b696ba3e9871
p:  451775.4955443049
5d534bf1b81bcf5b5f3e98a5
p:  131730.9796293566
5d534c3e9e9a60a4013e9892
p:  362594.45450621087
5d534ca19eed2634e03e9903
p:  121439.53563515293
5d534cf843232e3d8e3e98b8
p:  75671.03487500398
5d534cfb9eed2634e03e9906
p:  241399.91991611104
5d534d029e9a60a4013e9893
p:  276383.82781141065
5d534d9a43232e3d8e3e98bf
p:  149989.15799171868
5d534dfb43232e3d8e3e98c2
p:  149989.15799171868
5d534e259e9a60a4013e9894
p:  276383.82781141065
5d534ebc9e9a60a4013e9895
p:  276383.82781141065
5d534f0fd1e9bb2c243e98a1
p:  262139.08171470236
5d534fa297fc9fc4273e989b
p:  188904.21142082592
5d53501943232e3d8e3e98cc
p:  111183.00279407314
5d535068768b94245b3e9894
p:  187464.96917830146
5d535099d1e9bb2c243e98a5
p:  232670.1528868525
5d5350ad9e9a60a4013e989b
p:  362594.45450621087
5d5350b62839f8134a3e986b
p:  74826.25065522747
5d53519dd1e9bb2c243e98a8
p:  282251.22423762036
5d5351a49eed2634e03e990d
p:  230895.77126473305
5d5351cd3af2b696ba3e98be
p:  94126.6210028118
5d53524498b4dd30ff3e9885
p:  95021.05231010888
5d53536fb81bcf5b5f3e98ae
p:  88809.21359437123
5d535396768b94245b3e989a
p:  355901.5800058228
5d5353b59e9a60a4013e98a0
p:  265752.731334734
5d5353c8768b94245b3e989b
p:  211609.91307776037
5d5353d0d1e9bb2c243e98af
p:  232670.1528868525
5d53544a9eed2634e03e9912
p:  216029.79732443637
5d53544dd1e9bb2c243e98b0
p:  365746.35797062377
5d53548fd1e9bb2c243e98b1
p:  257804.7836743167
5d5354cb9eed2634e03e9913
p:  214799.93221597
5d5354e39eed2634e03e9914
p:  214799.93221597
5d535554d1e9bb2c243e98b3
p:  290284.55789407325
5d5355749eed2634e03e9917
p:  172493.45494633092
5d5355e99eed2634e03e991b
p:  309070.69917279965
5d53566d9e9a60a4013e98a5
p:  133310.76139322532
5d53567b98b4dd30ff3e9889
p:  130935.40093421921
5d535711b81bcf5b5f3e98b7
p:  119495.3590315734
5d53574264879160083e9879
p:  222665.70053881136
5d5357adb81bcf5b5f3e98b9
p:  115482.32884194556
5d5357d164879160083e987b
p:  144672.8485408516
5d535884b81bcf5b5f3e98bc
p:  83492.11614273174
5d53589bb324eabe0e3e98b3
p:  165688.1805550662
5d5358a4b324eabe0e3e98b4
p:  101133.33366323887
5d535965b324eabe0e3e98c0
p:  226986.25273751962
5d535979576ae6f11d3e9876
p:  127743.78585440686
5d535a109eed2634e03e9923
p:  288485.10228030256
5d535bb2576ae6f11d3e987a
p:  132018.90570438837
5d535d1ab81bcf5b5f3e98c8
p:  88463.43233825179
5d535d5f768b94245b3e98b2
p:  144743.35586702282
5d535d86576ae6f11d3e9881
p:  189810.64637815085
5d535df3576ae6f11d3e9883
p:  79394.43554742399
5d535e09b81bcf5b5f3e98cc
p:  96733.11957779445
5d535e3a768b94245b3e98b5
p:  130418.34313728918
5d535eacb81bcf5b5f3e98cd
p:  88092.14659514852
5d53637e7b321c8dcd3e98a2
p:  81487.1170718465
5d536465ca8c2433523e9907
p:  155375.3787253105
Current date and time: 2020-06-08 15:34:11
Successfully connect to DB.
train score for random_forest: 0.9584496760523943
test score for random_forest: 0.6546879815265754
The mean absolute error is:$ 75428.47938061164
r_Score: 0.6664770295159175
Voting Regressor (in): 0.9607682087972079
Voting Regressor: 0.6664770295159175
5d0d19d543207cb60914ad77
p:  253694.84097443722
5d0d2caae2ea012a7414ade9
p:  177245.0461242053
5d0e8de02b8f60b82b8f8d42
p:  195727.11244507405
5d0e960c19f56a0d5b8f8db8
p:  118256.20341219753
5d12c08bb7ae3de20d8d6f21
p:  119463.03245656425
5d185508253e7cfd9b98bd08
p:  238224.5273071595
5d1b90a603ecbb08e0bf610b
p:  147501.84677694127
5d297ce4199bf96b6045aca6
p:  225525.99223166582
5d2994cd199bf96b6045acf2
p:  115217.13211056241
5d2b0ce747cfe46363877b27
p:  125566.52191659859
5d38d9247110e453a0b03b47
p:  199761.8539514292
5d38dda402947826d9b03c83
p:  151951.34138717817
5d38e0a4dd2d94d3c8b03ca0
p:  196377.88569302193
5d475bd5acae7a72623cb4be
p:  133926.953528177
5d476f98acae7a72623cb4e5
p:  129201.28810270458
5d52edd09eed2634e03e97a1
p:  191071.6486342324
5d52ee6d2839f8134a3e97a0
p:  201643.32246880647
5d52ee7c98b4dd30ff3e97a1
p:  270675.67254890397
5d52ee922839f8134a3e97a1
p:  97800.81404485527
5d52ef3497fc9fc4273e97a6
p:  133743.38473168234
5d52efd398b4dd30ff3e97a4
p:  193190.71303465354
5d52f0342839f8134a3e97a2
p:  177700.21780919662
5d52f0de2839f8134a3e97a3
p:  91333.34130438176
5d52f12c2839f8134a3e97a4
p:  92215.25525261328
5d52f1552839f8134a3e97a5
p:  156746.8474092951
5d52f37b768b94245b3e97b0
p:  187968.18194464932
5d52f45e2839f8134a3e97a9
p:  96228.41349214019
5d52f465b324eabe0e3e97b8
p:  131305.52541897108
5d52f48c2839f8134a3e97aa
p:  199021.86733536987
5d52f5d07b321c8dcd3e97ac
p:  116018.00015652177
5d52f5d72839f8134a3e97ad
p:  86564.67169617143
5d52f6077b321c8dcd3e97ad
p:  143346.07349005376
5d52f6d3b81bcf5b5f3e97b5
p:  314447.79164134746
5d52f6ee9eed2634e03e97b4
p:  258410.56851213516
5d52f7172839f8134a3e97af
p:  219925.69913587335
5d52f77b9e9a60a4013e97be
p:  216730.48254076048
5d52f77cd1e9bb2c243e97af
p:  116547.50101085272
5d52f788576ae6f11d3e97b1
p:  131738.76685084277
5d52f7e6576ae6f11d3e97b4
p:  127462.32825552688
5d52f7f59e9a60a4013e97c1
p:  127734.42185939403
5d52f80b576ae6f11d3e97b5
p:  85583.62595425788
5d52f85eb324eabe0e3e97bc
p:  123990.2120125195
5d52f867ca8c2433523e97bf
p:  252697.31661351124
5d52f8779e9a60a4013e97c4
p:  187560.86611447053
5d52f89f9e9a60a4013e97c5
p:  154451.4558846986
5d52f8bfb324eabe0e3e97bd
p:  134909.15439935948
5d52f8c69e9a60a4013e97c6
p:  99510.329030469
5d52f8c6576ae6f11d3e97b6
p:  133249.69736144203
5d52f8ef9e9a60a4013e97c7
p:  79820.25207309748
5d52f91a9e9a60a4013e97c8
p:  79677.28236648714
5d52f971576ae6f11d3e97b9
p:  142379.79632887474
5d52f976b81bcf5b5f3e97b7
p:  248771.19857807705
5d52f9bc64879160083e97b4
p:  136777.64885116415
5d52fa089e9a60a4013e97c9
p:  212965.9995773486
5d52fabbd1e9bb2c243e97b7
p:  218532.70181945685
5d52fadf768b94245b3e97bf
p:  91263.22048263998
5d52fb37768b94245b3e97c1
p:  75578.18561177235
5d52fb4943232e3d8e3e97b4
p:  127940.40588270193
5d52fb4f576ae6f11d3e97bb
p:  141438.6793075542
5d52fb729e9a60a4013e97cd
p:  116280.43132150799
5d52fb79768b94245b3e97c2
p:  254465.99232043992
5d52fc7464879160083e97b8
p:  194177.09428335848
5d52fcb4768b94245b3e97c6
p:  82899.16944167565
5d52fd26768b94245b3e97c7
p:  105659.23362139399
5d52fd5a97fc9fc4273e97cb
p:  49958.101270434236
5d52fd98ca8c2433523e97c8
p:  203460.57734447386
5d52fe1497fc9fc4273e97cf
p:  120422.97764504974
5d52fe6343232e3d8e3e97bb
p:  229090.50812346675
5d52fe902839f8134a3e97b8
p:  86564.67169617143
5d52ff6043232e3d8e3e97c4
p:  139603.25467332036
5d52ff629e9a60a4013e97d8
p:  206136.60444359947
5d52ff88b324eabe0e3e97c3
p:  127836.00656634133
5d52ff9443232e3d8e3e97c6
p:  91131.24112786578
5d52ffce576ae6f11d3e97c0
p:  85583.62595425788
5d52ffda9e9a60a4013e97da
p:  104084.27369264918
5d52fff943232e3d8e3e97cb
p:  79286.57942165474
5d530005ca8c2433523e97ca
p:  231450.75476262585
5d53000564879160083e97bc
p:  204160.2332305477
5d53000643232e3d8e3e97cc
p:  57233.29722910386
5d5300102839f8134a3e97bb
p:  353957.4836070323
5d530042768b94245b3e97cb
p:  112691.822022262
5d530046ca8c2433523e97cc
p:  218571.3654534525
5d53006b576ae6f11d3e97c2
p:  82849.1604679403
5d5300b77b321c8dcd3e97c5
p:  187710.58406433192
5d5300d364879160083e97bf
p:  127298.27647592053
5d53010d768b94245b3e97ce
p:  132368.26794069505
5d53012bca8c2433523e97cf
p:  394435.12653716526
5d5301492839f8134a3e97be
p:  89509.03937602896
5d53019064879160083e97c0
p:  87754.8995429363
5d530197768b94245b3e97cf
p:  208678.97749395628
5d5301a397fc9fc4273e97d3
p:  170246.790558449
5d5301cfb81bcf5b5f3e97d1
p:  235462.91994585012
5d5301d1ca8c2433523e97d1
p:  217417.14989054308
5d5301d164879160083e97c1
p:  203141.89339725417
5d5301f697fc9fc4273e97d4
p:  89110.69526252439
5d530235b81bcf5b5f3e97d2
p:  201639.33979471837
5d5302459e9a60a4013e97db
p:  171342.29972914074
5d53024597fc9fc4273e97d5
p:  277236.6008393208
5d53024843232e3d8e3e97d1
p:  47973.54693453037
5d53024e768b94245b3e97d1
p:  71798.52536276734
5d53025cb81bcf5b5f3e97d3
p:  182114.01316199408
5d53027243232e3d8e3e97d2
p:  79571.5911046108
5d5302a2768b94245b3e97d3
p:  87000.37509037493
5d5302d3b81bcf5b5f3e97d6
p:  254662.1715558556
5d5302f69e9a60a4013e97dc
p:  130615.76469851684
5d53030897fc9fc4273e97d8
p:  128369.23667847739
5d530322b81bcf5b5f3e97d8
p:  158017.67253307116
5d530340576ae6f11d3e97c4
p:  164071.46202275576
5d53034764879160083e97c2
p:  202142.49178016238
5d53034ab324eabe0e3e97c7
p:  125726.51392056848
5d53036064879160083e97c3
p:  160544.40260544236
5d530372b81bcf5b5f3e97da
p:  218402.09368387214
5d53038364879160083e97c4
p:  172330.72976629442
5d5303a843232e3d8e3e97d5
p:  66181.42283252203
5d53042c9e9a60a4013e97df
p:  172596.82535696085
5d530438b81bcf5b5f3e97df
p:  185276.49527195538
5d5304b0b81bcf5b5f3e97e2
p:  398056.8606358747
5d5304bd64879160083e97c6
p:  185076.23113803085
5d5305009e9a60a4013e97e2
p:  220833.36714797452
5d53050b64879160083e97c7
p:  75053.4412058857
5d530561ca8c2433523e97da
p:  375292.97547117056
5d53058497fc9fc4273e97dc
p:  160955.69957961485
5d5305b764879160083e97c8
p:  178877.348130791
5d5305ba768b94245b3e97db
p:  159124.461015012
5d53064a97fc9fc4273e97de
p:  190144.63864349874
5d53066c97fc9fc4273e97df
p:  128369.23667847739
5d5306b197fc9fc4273e97e0
p:  264112.6685317983
5d5306c9576ae6f11d3e97c9
p:  204909.5512012602
5d5306e69e9a60a4013e97e7
p:  725598.6797349183
5d53071b43232e3d8e3e97d7
p:  54049.18343499905
5d5307603af2b696ba3e97e1
p:  252176.27012208884
5d5307a3b81bcf5b5f3e97f0
p:  235462.91994585012
5d5307cab81bcf5b5f3e97f1
p:  366150.29196378717
5d5307d064879160083e97cc
p:  138098.0255975501
5d5307d42839f8134a3e97c6
p:  100372.80324228783
5d5307fd3af2b696ba3e97e3
p:  301183.7159800864
5d53080a64879160083e97cd
p:  207565.50183982053
5d53081a576ae6f11d3e97ca
p:  188256.14711726166
5d53082b9e9a60a4013e97e8
p:  253037.74092513413
5d53084964879160083e97ce
p:  130633.23952716406
5d53084a3af2b696ba3e97e4
p:  203211.48980999016
5d530871d1e9bb2c243e97cb
p:  268778.95926421235
5d53089dd1e9bb2c243e97cc
p:  110263.21361245231
5d5308ee64879160083e97d0
p:  190725.76265663863
5d53092b2839f8134a3e97c8
p:  87875.00970998756
5d530937576ae6f11d3e97cc
p:  135527.09387277777
5d53094c64879160083e97d1
p:  105697.3325589754
5d53096764879160083e97d2
p:  124979.09602865326
5d53096a98b4dd30ff3e97da
p:  488569.90862294275
5d530991768b94245b3e97e4
p:  252401.686122729
5d5309a6d1e9bb2c243e97d3
p:  182766.11342382146
5d5309d4d1e9bb2c243e97d4
p:  238958.64425017458
5d5309dc7b321c8dcd3e97d6
p:  225418.72801935064
5d5309e8768b94245b3e97e6
p:  227590.7299440015
5d530a16b81bcf5b5f3e97f5
p:  191637.35484064178
5d530a293af2b696ba3e97e8
p:  154212.54582073458
5d530a679e9a60a4013e97ee
p:  167471.14775227685
5d530a783af2b696ba3e97e9
p:  206561.62070486578
5d530aa3768b94245b3e97e8
p:  243853.626453296
5d530aa47b321c8dcd3e97d8
p:  167926.6718508805
5d530aad9e9a60a4013e97f0
p:  286095.9462084468
5d530af543232e3d8e3e97e1
p:  54049.18343499905
5d530afd3af2b696ba3e97ea
p:  140969.51739393023
5d530b1697fc9fc4273e97e8
p:  248574.055946673
5d530b8f43232e3d8e3e97e5
p:  70418.31710264712
5d530b99d1e9bb2c243e97d8
p:  331084.9309529006
5d530be4d1e9bb2c243e97d9
p:  200968.6439343904
5d530c009eed2634e03e9831
p:  126149.02498898996
5d530c837b321c8dcd3e97d9
p:  277259.48210073775
5d530cc543232e3d8e3e97ed
p:  166880.11735704192
5d530cc8d1e9bb2c243e97dc
p:  200968.6439343904
5d530d1343232e3d8e3e97ef
p:  50049.41166308893
5d530d3b7b321c8dcd3e97da
p:  200278.6249758805
5d530d6d9eed2634e03e983a
p:  174172.86377139896
5d530dac9eed2634e03e983c
p:  190404.384778111
5d530db043232e3d8e3e97f3
p:  145411.72824177842
5d530dc99eed2634e03e983e
p:  126149.02498898996
5d530dc9576ae6f11d3e97cf
p:  125742.96357686317
5d530de29eed2634e03e983f
p:  161443.7753280594
5d530e03576ae6f11d3e97d0
p:  135070.95601815198
5d530e389eed2634e03e9843
p:  371939.64750694105
5d530e867b321c8dcd3e97de
p:  178935.12468869844
5d530e889eed2634e03e9847
p:  250026.01956792382
5d530ea6b324eabe0e3e97f5
p:  223403.76077127783
5d530ed7576ae6f11d3e97d1
p:  132718.4001163374
5d530f0364879160083e97de
p:  112579.12591658183
5d530fe02839f8134a3e97d4
p:  98460.68689961162
5d530ff7576ae6f11d3e97d2
p:  84381.9060974782
5d53100ed1e9bb2c243e97e7
p:  316363.3242791692
5d531028b81bcf5b5f3e9802
p:  241646.4314630029
5d531043b324eabe0e3e97ff
p:  164904.33613758016
5d53105a9eed2634e03e9851
p:  233698.86689831116
5d531080576ae6f11d3e97d3
p:  107281.28450721125
5d5310b7b324eabe0e3e9802
p:  135917.03658488893
5d5310ba576ae6f11d3e97d4
p:  200616.85557471798
5d5310d73af2b696ba3e97f0
p:  63612.78412924969
5d5310deb324eabe0e3e9803
p:  188775.46610355342
5d531105b324eabe0e3e9804
p:  148601.70082555743
5d5311053af2b696ba3e97f1
p:  147043.8079419726
5d53112cb324eabe0e3e9805
p:  157355.46194071812
5d531152b324eabe0e3e9806
p:  148375.31231552563
5d5311683af2b696ba3e97f2
p:  153817.8327581523
5d53116f576ae6f11d3e97d6
p:  212326.37057143057
5d53117fb324eabe0e3e9807
p:  197576.49133036373
5d53118843232e3d8e3e980c
p:  265035.5305569236
5d531191d1e9bb2c243e97ec
p:  190115.3159909412
5d5311a4768b94245b3e97f3
p:  201350.82182265038
5d5311a5b324eabe0e3e9808
p:  201320.6798945826
5d5311a7576ae6f11d3e97d7
p:  183850.3298941902
5d5311dc64879160083e97e1
p:  185076.23113803085
5d5311ddd1e9bb2c243e97ed
p:  211680.91411734986
5d5311fb43232e3d8e3e980f
p:  268718.8751092523
5d53121b576ae6f11d3e97d8
p:  116575.30927727517
5d531229d1e9bb2c243e97ee
p:  242246.61741197796
5d53122bb81bcf5b5f3e9808
p:  215294.07344308382
5d53122e7b321c8dcd3e97e6
p:  216871.00632350025
5d53122e98b4dd30ff3e97ee
p:  405329.55623480555
5d53123c7b321c8dcd3e97e7
p:  257481.10192099298
5d53126cb324eabe0e3e980d
p:  134867.25766014605
5d53127243232e3d8e3e9812
p:  201889.09356177496
5d5312ba9e9a60a4013e9805
p:  271707.3788619458
5d5312c043232e3d8e3e9814
p:  169874.8491775745
5d5312c964879160083e97e3
p:  92901.27297705959
5d5312fe64879160083e97e4
p:  151894.48845104314
5d531300576ae6f11d3e97da
p:  98020.32628689372
5d53131143232e3d8e3e9816
p:  217324.22660502794
5d531347576ae6f11d3e97db
p:  122916.06004201091
5d5313a0768b94245b3e97f8
p:  217915.02162378654
5d5313d243232e3d8e3e981b
p:  283125.96285090403
5d5313d564879160083e97e7
p:  116401.78177606629
5d531400b324eabe0e3e9814
p:  140977.16485384895
5d5314092839f8134a3e97de
p:  134403.3539254989
5d53140d64879160083e97e8
p:  201273.21053875677
5d5314173af2b696ba3e97f3
p:  141808.13843446018
5d531441d1e9bb2c243e97f5
p:  284123.61573282164
5d53144843232e3d8e3e981e
p:  141384.92653883607
5d53149543232e3d8e3e9820
p:  138538.55824152325
5d53150f43232e3d8e3e9823
p:  144162.5902195308
5d53151a3af2b696ba3e97f4
p:  214565.24691205952
5d531527576ae6f11d3e97dd
p:  68359.15773739529
5d5315567b321c8dcd3e97f1
p:  174045.16494763148
5d53155f43232e3d8e3e9825
p:  123767.58847194523
5d53159497fc9fc4273e97f8
p:  185052.83762545715
5d5315ad43232e3d8e3e9827
p:  261691.27432596107
5d5315d443232e3d8e3e9828
p:  268718.8751092523
5d5315e9576ae6f11d3e97df
p:  113565.59461963258
5d5315fb43232e3d8e3e9829
p:  316360.73973324086
5d5316097b321c8dcd3e97f4
p:  333690.7850795813
5d53162143232e3d8e3e982a
p:  142784.53188415372
5d53164743232e3d8e3e982b
p:  231889.7415816065
5d5316673af2b696ba3e97f5
p:  190332.7722347487
5d53166c43232e3d8e3e982c
p:  361003.4388094903
5d5316a264879160083e97ec
p:  233688.9705958335
5d5316bb43232e3d8e3e982e
p:  187032.50785069366
5d5316c09e9a60a4013e9812
p:  289124.51156073913
5d5316f064879160083e97ee
p:  217985.97760877185
5d53171497fc9fc4273e97fc
p:  185102.34296610724
5d53171ed1e9bb2c243e97fc
p:  339107.78756786976
5d531743d1e9bb2c243e97ff
p:  230970.6260487293
5d5317672839f8134a3e97e7
p:  181604.41316176587
5d53177464879160083e97f2
p:  189046.12147129345
5d5317902839f8134a3e97e9
p:  188652.9057361127
5d5317a6576ae6f11d3e97e2
p:  157884.5080079679
5d5317baca8c2433523e983a
p:  173949.1330589231
5d53183364879160083e97f6
p:  344300.8768102069
5d53185143232e3d8e3e982f
p:  145189.20995294955
5d5318ed43232e3d8e3e9833
p:  170745.67213016207
5d53190097fc9fc4273e9801
p:  347046.63318338967
5d531916ca8c2433523e983d
p:  177564.64722515602
5d53194bca8c2433523e983e
p:  375695.2829483547
5d53196bb81bcf5b5f3e981b
p:  169196.64187650185
5d53198564879160083e97fa
p:  225212.64470414573
5d531996ca8c2433523e983f
p:  195679.63480021217
5d5319a6768b94245b3e9805
p:  182982.54182179848
5d5319d8ca8c2433523e9841
p:  261566.7419702594
5d5319e7768b94245b3e9806
p:  180508.33957240655
5d5319ee97fc9fc4273e9803
p:  192109.98621310032
5d531a01b324eabe0e3e9820
p:  190841.69645296643
5d531a073af2b696ba3e97f7
p:  207314.89188619514
5d531a167b321c8dcd3e97ff
p:  175119.07280292994
5d531a212839f8134a3e97ed
p:  221243.59708636568
5d531a393af2b696ba3e97f8
p:  126356.75730997155
5d531a7b2839f8134a3e97ee
p:  139512.5740424149
5d531a8c97fc9fc4273e9805
p:  207987.70028635985
5d531ac2b324eabe0e3e9822
p:  391474.6843161567
5d531adc3af2b696ba3e97f9
p:  141662.05599004074
5d531afe64879160083e9800
p:  246811.2552709767
5d531b0eb324eabe0e3e9823
p:  383332.44284707494
5d531b64b324eabe0e3e9824
p:  124167.2367568498
5d531b6ed1e9bb2c243e981c
p:  131690.52383824068
5d531b7864879160083e9803
p:  246354.15501194465
5d531b97d1e9bb2c243e981d
p:  242538.7831843691
5d531be9d1e9bb2c243e981f
p:  241449.94330065444
5d531c11d1e9bb2c243e9820
p:  222419.4465083879
5d531c723af2b696ba3e97fb
p:  224600.16618715768
5d531c819e9a60a4013e981a
p:  238663.3917722782
5d531ca43af2b696ba3e97fc
p:  134631.82279531605
5d531ca6d1e9bb2c243e9822
p:  255773.42451556082
5d531cebca8c2433523e9843
p:  210855.73823341058
5d531cf9d1e9bb2c243e9824
p:  258877.57037346327
5d531d49d1e9bb2c243e9825
p:  258917.58603079533
5d531d5264879160083e9808
p:  220794.72569972213
5d531d712839f8134a3e97f2
p:  172616.25380182595
5d531db29e9a60a4013e981c
p:  261301.07954381773
5d531e2d9e9a60a4013e981e
p:  246224.5893874716
5d531e5fb324eabe0e3e982c
p:  241626.1904511727
5d531e6a7b321c8dcd3e9805
p:  185263.35836123247
5d531ea2b324eabe0e3e982d
p:  236244.4143236339
5d531ea597fc9fc4273e980e
p:  188012.2462629021
5d531eccd1e9bb2c243e9827
p:  355079.57333417406
5d531ee1b324eabe0e3e982e
p:  321467.25624762254
5d531f1c97fc9fc4273e980f
p:  805305.4164766842
5d531fa4d1e9bb2c243e9828
p:  209063.20338808035
5d531febca8c2433523e984a
p:  175248.20171706355
5d53201964879160083e980e
p:  182112.40016385284
5d532036b81bcf5b5f3e9837
p:  266726.0055163507
5d53204c7b321c8dcd3e9809
p:  213832.21742857783
5d53207eb81bcf5b5f3e983b
p:  319500.9082567304
5d5320a5b81bcf5b5f3e983d
p:  216823.70502018742
5d53210cca8c2433523e984d
p:  149152.64167799725
5d53213e3af2b696ba3e9801
p:  146051.02449251254
5d53217e64879160083e9811
p:  190813.08167170046
5d5321823af2b696ba3e9802
p:  173831.48594247008
5d53218943232e3d8e3e984a
p:  254469.4503756824
5d532193576ae6f11d3e97ee
p:  215008.03713246615
5d5321a743232e3d8e3e984c
p:  234592.99196732088
5d5321eb43232e3d8e3e9851
p:  180596.0322801671
5d5321f543232e3d8e3e9852
p:  187956.3988259894
5d532210576ae6f11d3e97f1
p:  149651.0354617277
5d53223ad1e9bb2c243e982e
p:  145317.66366788064
5d53226bca8c2433523e984e
p:  213612.7389393209
5d53228b43232e3d8e3e985d
p:  217767.0231054231
5d5322a9d1e9bb2c243e9831
p:  185188.8602720939
5d532404d1e9bb2c243e9837
p:  503462.8896685252
5d5324357b321c8dcd3e980e
p:  102248.29578736878
5d532481d1e9bb2c243e9838
p:  109577.43829299616
5d5324d843232e3d8e3e9861
p:  163435.0924188557
5d5325442839f8134a3e9805
p:  100612.48520269117
5d5325b197fc9fc4273e981c
p:  192387.16170283876
5d5325d997fc9fc4273e981d
p:  360847.51639862324
5d5325e1b81bcf5b5f3e9844
p:  123682.59790747748
5d53260043232e3d8e3e9863
p:  201368.4111359442
5d53277297fc9fc4273e9827
p:  216976.4571304067
5d5328bfb81bcf5b5f3e984a
p:  432102.24724024005
5d532939d1e9bb2c243e9840
p:  280429.31573861407
5d5329497b321c8dcd3e981d
p:  154549.47472186768
5d53296e7b321c8dcd3e981e
p:  51262.751689071214
5d53297c97fc9fc4273e9833
p:  217914.66970362788
5d53298f43232e3d8e3e9869
p:  361263.89970985276
5d5329947b321c8dcd3e981f
p:  69290.99993370134
5d5329e7b81bcf5b5f3e984e
p:  390323.8399333147
5d532a9e64879160083e981d
p:  356752.68775580486
5d532aefb81bcf5b5f3e984f
p:  224619.33879131227
5d532b32ca8c2433523e9856
p:  173776.6880781679
5d532bda7b321c8dcd3e9820
p:  107487.9257922291
5d532c1bb81bcf5b5f3e9851
p:  208488.22028701717
5d532c23ca8c2433523e985a
p:  95398.37249727678
5d532c367b321c8dcd3e9822
p:  115854.31869763706
5d532ca5ca8c2433523e985b
p:  163583.3510613194
5d532cecca8c2433523e985c
p:  205021.7215113854
5d532cf47b321c8dcd3e9824
p:  56576.84954867813
5d532db8ca8c2433523e985d
p:  80678.02641184843
5d532e3dca8c2433523e985e
p:  94323.68919312152
5d532ecd43232e3d8e3e9871
p:  253929.4517928098
5d532f4943232e3d8e3e9873
p:  317150.6172061125
5d5333219eed2634e03e98a5
p:  179787.28085374812
5d5333459eed2634e03e98a9
p:  106102.50124746798
5d53370cca8c2433523e986a
p:  192511.28697351855
5d533748ca8c2433523e986b
p:  149403.89391855284
5d5337a9ca8c2433523e986d
p:  169781.81372110295
5d5337ae2839f8134a3e9830
p:  271132.54801766423
5d5337d3ca8c2433523e986e
p:  112590.43908533876
5d5337f9b324eabe0e3e9864
p:  336777.9901114599
5d533844b324eabe0e3e9866
p:  176573.4448026037
5d53387f7b321c8dcd3e9836
p:  130406.00377342456
5d5338cdca8c2433523e9872
p:  108416.3920096754
5d5338d9ca8c2433523e9873
p:  153957.559606396
5d5338fcca8c2433523e9874
p:  130110.93370760107
5d53392eca8c2433523e9875
p:  74372.5747387986
5d53394b2839f8134a3e9831
p:  158459.8521691483
5d5339777b321c8dcd3e983b
p:  133080.2294880606
5d5339ad9eed2634e03e98ba
p:  198600.63807914587
5d5339b064879160083e9836
p:  216264.3907522394
5d5339c69eed2634e03e98bc
p:  251351.91724006867
5d5339d3b324eabe0e3e986a
p:  100464.69081157434
5d5339dd9eed2634e03e98be
p:  164396.1549762636
5d5339e89eed2634e03e98bf
p:  245662.39995408396
5d5339fdb324eabe0e3e986b
p:  100464.69081157434
5d533a1f9eed2634e03e98c2
p:  192891.62953019413
5d533a329eed2634e03e98c4
p:  172407.91272899642
5d533a3b9eed2634e03e98c5
p:  230984.91188072314
5d533a479eed2634e03e98c6
p:  140769.13760123833
5d533a529eed2634e03e98c7
p:  153188.51968379883
5d533a5c9eed2634e03e98c8
p:  172084.46001990174
5d533a66b324eabe0e3e986c
p:  127798.3005473327
5d533a6f64879160083e9837
p:  111226.1156247367
5d533a75ca8c2433523e9879
p:  69232.52876010114
5d533a7f9eed2634e03e98c9
p:  156859.28970008285
5d533a877b321c8dcd3e9842
p:  150641.79256977065
5d533a899eed2634e03e98ca
p:  168732.95252019208
5d533a9e9eed2634e03e98cc
p:  417609.7939214753
5d533aa1b324eabe0e3e986d
p:  84934.27806997269
5d533aa1ca8c2433523e987a
p:  147983.35405253572
5d533aa99eed2634e03e98cd
p:  188331.8910939233
5d533aad7b321c8dcd3e9843
p:  96704.66217977063
5d533abf9eed2634e03e98cf
p:  117830.0685657644
5d533acb9eed2634e03e98d0
p:  156174.66867417138
5d533ae69eed2634e03e98d1
p:  188303.25861966173
5d533afa7b321c8dcd3e9845
p:  174824.82164778502
5d533b1e9eed2634e03e98d5
p:  420888.1107538085
5d533b207b321c8dcd3e9846
p:  142643.85421091376
5d533b24ca8c2433523e987d
p:  158592.61148509063
5d533b2b9eed2634e03e98d6
p:  242502.85740739357
5d533b2d43232e3d8e3e988d
p:  194871.80036375468
5d533b532839f8134a3e9833
p:  153384.35289113643
5d533b66ca8c2433523e987e
p:  132342.86558029684
5d533b6d7b321c8dcd3e9848
p:  145637.178355226
5d533bbb7b321c8dcd3e984a
p:  142123.0423434922
5d533bc3576ae6f11d3e9828
p:  99184.36930897625
5d533bc9ca8c2433523e987f
p:  214948.49406675532
5d533be17b321c8dcd3e984b
p:  163530.03708912357
5d533be364879160083e983c
p:  150834.04659172636
5d533c7dca8c2433523e9881
p:  278770.0014170534
5d533c8ab324eabe0e3e9874
p:  176573.4448026037
5d533cfd2839f8134a3e9836
p:  124031.88437358313
5d533d2243232e3d8e3e9891
p:  128717.12295963746
5d533d5443232e3d8e3e9892
p:  246589.74284897165
5d533d6d576ae6f11d3e982c
p:  194074.97086536142
5d533d6eb81bcf5b5f3e987c
p:  160152.14658193744
5d533db87b321c8dcd3e9857
p:  149846.30574428674
5d533df2ca8c2433523e9882
p:  126083.57280253572
5d533e30ca8c2433523e9883
p:  95192.74177578004
5d533e599eed2634e03e98dd
p:  479455.4015182825
5d533e6e9e9a60a4013e9868
p:  86195.38354143062
5d533e8fca8c2433523e9884
p:  189918.0690934813
5d533e9a576ae6f11d3e982e
p:  194352.5113133034
5d533ee4ca8c2433523e9885
p:  126824.15268653317
5d533ee69e9a60a4013e986d
p:  128235.61108887562
5d533f329e9a60a4013e9870
p:  162153.05101847154
5d533f472839f8134a3e9839
p:  156727.6032104718
5d533f5dca8c2433523e9886
p:  124441.11027562054
5d533f7a2839f8134a3e983a
p:  74518.70294145474
5d533f8bca8c2433523e9887
p:  104656.17736214293
5d533f9843232e3d8e3e9894
p:  148547.25585442508
5d533f9fca8c2433523e9888
p:  210919.96169896168
5d533fac576ae6f11d3e9830
p:  163483.113396911
5d533fb7b81bcf5b5f3e9883
p:  160720.35568045406
5d533fbe768b94245b3e9871
p:  205280.09668762545
5d533fd8576ae6f11d3e9831
p:  140102.22399853985
5d533fe064879160083e9844
p:  233507.2236509482
5d533fef768b94245b3e9873
p:  184041.37983141068
5d533ff29e9a60a4013e9873
p:  111605.39643239259
5d53401f768b94245b3e9874
p:  218388.23066345006
5d5340ab43232e3d8e3e9898
p:  220042.2993906109
5d5340ba2839f8134a3e983c
p:  154225.91109093162
5d5340bf576ae6f11d3e9832
p:  194352.5113133034
5d5340e32839f8134a3e983d
p:  74518.70294145474
5d5340f5576ae6f11d3e9833
p:  96817.44579288304
5d53410f2839f8134a3e983e
p:  182542.95106198615
5d534112576ae6f11d3e9834
p:  131064.66038655474
5d53412bb81bcf5b5f3e9884
p:  150037.1186408114
5d53413b576ae6f11d3e9835
p:  103682.38777916727
5d5341432839f8134a3e983f
p:  95949.84236931652
5d53414eca8c2433523e9891
p:  67856.45311450152
5d53414f9e9a60a4013e9874
p:  169341.29120022216
5d53416964879160083e9845
p:  170852.5592888118
5d5341b8768b94245b3e9878
p:  172387.88774011243
5d5341c597fc9fc4273e9866
p:  153453.92271911172
5d5341e364879160083e9847
p:  126776.003034214
5d5341ec576ae6f11d3e9837
p:  154596.30325699726
5d534205b81bcf5b5f3e9886
p:  232963.9419358328
5d5342192839f8134a3e9840
p:  187175.53615452774
5d53422364879160083e9848
p:  105415.32805365688
5d5342499eed2634e03e98e8
p:  183561.00067874865
5d534275ca8c2433523e9894
p:  73637.59486172665
5d53427b576ae6f11d3e9839
p:  86765.08679759805
5d5342fcb324eabe0e3e987f
p:  187722.60097649595
5d53432c768b94245b3e9879
p:  143161.71356797102
5d53432dca8c2433523e9896
p:  117409.43096599013
5d53433ab81bcf5b5f3e988e
p:  157373.42508459103
5d53433e2839f8134a3e9842
p:  179379.05868001806
5d53436a2839f8134a3e9843
p:  170370.81050746748
5d534383ca8c2433523e9898
p:  162598.07943691043
5d5343902839f8134a3e9844
p:  195511.59867118095
5d53439343232e3d8e3e989e
p:  77418.80374102494
5d5343af576ae6f11d3e983a
p:  90064.2047240604
5d534405768b94245b3e987d
p:  205280.09668762545
5d534427768b94245b3e987e
p:  159362.6580620143
5d53442a576ae6f11d3e983b
p:  96817.44579288304
5d5344497b321c8dcd3e9866
p:  178110.3297913985
5d534453768b94245b3e987f
p:  270322.54238427803
5d53445943232e3d8e3e989f
p:  235401.45167928375
5d534478768b94245b3e9880
p:  196061.63518345682
5d53447c64879160083e984c
p:  127268.24305944248
5d5344c3d1e9bb2c243e9888
p:  295992.76997955865
5d5345489e9a60a4013e987c
p:  189845.54355086334
5d534581576ae6f11d3e983d
p:  140281.1320199984
5d53458443232e3d8e3e98a1
p:  128717.12295963746
5d53459b9e9a60a4013e987d
p:  127011.50764532495
5d5345a697fc9fc4273e986d
p:  344958.8519161411
5d53462c43232e3d8e3e98a2
p:  142282.2388691245
5d53465b43232e3d8e3e98a3
p:  140498.5139705417
5d5346bb43232e3d8e3e98a4
p:  145146.68554710055
5d5346ce9e9a60a4013e9882
p:  271127.5439674327
5d5346d143232e3d8e3e98a5
p:  366500.0535972624
5d5346fe9e9a60a4013e9883
p:  188837.56399619416
5d53470a9eed2634e03e98ef
p:  119582.20519077807
5d5347449eed2634e03e98f0
p:  236974.8723656544
5d534755d1e9bb2c243e988e
p:  257835.10952699615
5d5347933af2b696ba3e9858
p:  154924.13431746163
5d5347ee2839f8134a3e984b/home/testapiuser/HouseApp_2/PricePrediction/NEPrice.py:358: SettingWithCopyWarning: 
A value is trying to be set on a copy of a slice from a DataFrame.
Try using .loc[row_indexer,col_indexer] = value instead

See the caveats in the documentation: http://pandas.pydata.org/pandas-docs/stable/indexing.html#indexing-view-versus-copy
  df2['AreaSpace_SQFT'] = df2['AreaSpace_SQFT'].astype(int)
/home/testapiuser/HouseApp_2/PricePrediction/NEPrice.py:370: SettingWithCopyWarning: 
A value is trying to be set on a copy of a slice from a DataFrame.
Try using .loc[row_indexer,col_indexer] = value instead

See the caveats in the documentation: http://pandas.pydata.org/pandas-docs/stable/indexing.html#indexing-view-versus-copy
  df2['Price'] = z1
/home/testapiuser/HouseApp_2/PricePrediction/NEPrice.py:377: SettingWithCopyWarning: 
A value is trying to be set on a copy of a slice from a DataFrame.
Try using .loc[row_indexer,col_indexer] = value instead

See the caveats in the documentation: http://pandas.pydata.org/pandas-docs/stable/indexing.html#indexing-view-versus-copy
  df2['AreaSpace_SQFT'] = z2

p:  157765.18140584236
5d5347f79eed2634e03e98f2
p:  254239.7381087264
5d53481a97fc9fc4273e987b
p:  305735.8542037965
5d53482f9eed2634e03e98f3
p:  143440.9332817007
5d5348519eed2634e03e98f4
p:  212829.70307457482
5d53486543232e3d8e3e98a7
p:  93953.60148163041
5d5348f5d1e9bb2c243e9891
p:  238157.41885813692
5d5348ff43232e3d8e3e98a9
p:  215001.4005323522
5d53492943232e3d8e3e98aa
p:  200120.00288034388
5d53492e9e9a60a4013e9888
p:  163920.98442945577
5d53494f9eed2634e03e98f9
p:  233119.60340190626
5d5349589e9a60a4013e9889
p:  151788.1038648852
5d53497b43232e3d8e3e98ab
p:  116124.77409564223
5d53497f9e9a60a4013e988a
p:  229283.12456793766
5d5349c4d1e9bb2c243e9893
p:  195380.5052631201
5d5349ed64879160083e985e
p:  116959.04817922802
5d534a0b768b94245b3e9889
p:  137746.80972708267
5d534a289eed2634e03e98fb
p:  161272.12091010794
5d534b7f9e9a60a4013e9891
p:  344739.7683488605
5d534bd19eed2634e03e9900
p:  165327.5957496665
5d534bd83af2b696ba3e9871
p:  421493.82157144067
5d534bf1b81bcf5b5f3e98a5
p:  98630.44622677835
5d534c3e9e9a60a4013e9892
p:  344739.7683488605
5d534ca19eed2634e03e9903
p:  127869.2801152363
5d534cf843232e3d8e3e98b8
p:  69172.76769536624
5d534cfb9eed2634e03e9906
p:  236660.87101217092
5d534d029e9a60a4013e9893
p:  262345.0375924427
5d534d9a43232e3d8e3e98bf
p:  141132.78381353104
5d534dfb43232e3d8e3e98c2
p:  141132.78381353104
5d534e259e9a60a4013e9894
p:  262345.0375924427
5d534ebc9e9a60a4013e9895
p:  262345.0375924427
5d534f0fd1e9bb2c243e98a1
p:  257835.10952699615
5d534fa297fc9fc4273e989b
p:  207114.13695845162
5d53501943232e3d8e3e98cc
p:  109538.27600833183
5d535068768b94245b3e9894
p:  177988.75953347792
5d535099d1e9bb2c243e98a5
p:  238157.41885813692
5d5350ad9e9a60a4013e989b
p:  344739.7683488605
5d5350b62839f8134a3e986b
p:  76204.09000551043
5d53519dd1e9bb2c243e98a8
p:  297464.4733087849
5d5351a49eed2634e03e990d
p:  232642.25381485242
5d5351cd3af2b696ba3e98be
p:  89655.28886307155
5d53524498b4dd30ff3e9885
p:  101853.2251835546
5d53536fb81bcf5b5f3e98ae
p:  84622.697866014
5d535396768b94245b3e989a
p:  399313.8701734813
5d5353b59e9a60a4013e98a0
p:  261953.6412943998
5d5353c8768b94245b3e989b
p:  209404.2153383594
5d5353d0d1e9bb2c243e98af
p:  238157.41885813692
5d53544a9eed2634e03e9912
p:  211517.4121091299
5d53544dd1e9bb2c243e98b0
p:  362195.4662072193
5d53548fd1e9bb2c243e98b1
p:  260963.97949143907
5d5354cb9eed2634e03e9913
p:  209650.12477060943
5d5354e39eed2634e03e9914
p:  209650.12477060943
5d535554d1e9bb2c243e98b3
p:  319919.2358559561
5d5355749eed2634e03e9917
p:  171204.2370004652
5d5355e99eed2634e03e991b
p:  321961.15157264145
5d53566d9e9a60a4013e98a5
p:  124892.89557272257
5d53567b98b4dd30ff3e9889
p:  120340.14409459238
5d535711b81bcf5b5f3e98b7
p:  121212.28900642219
5d53574264879160083e9879
p:  228726.85296222812
5d5357adb81bcf5b5f3e98b9
p:  122283.99983046937
5d5357d164879160083e987b
p:  133789.2574987486
5d535884b81bcf5b5f3e98bc
p:  75478.79268285999
5d53589bb324eabe0e3e98b3
p:  168883.90793089414
5d5358a4b324eabe0e3e98b4
p:  106389.45628597809
5d535965b324eabe0e3e98c0
p:  223225.9351687224
5d535979576ae6f11d3e9876
p:  139843.63205873512
5d535a109eed2634e03e9923
p:  291793.12486817164
5d535bb2576ae6f11d3e987a
p:  133259.67742381967
5d535d1ab81bcf5b5f3e98c8
p:  84838.55289927186
5d535d5f768b94245b3e98b2
p:  160141.2771928463
5d535d86576ae6f11d3e9881
p:  202766.38195954385
5d535df3576ae6f11d3e9883
p:  77431.63032857035
5d535e09b81bcf5b5f3e98cc
p:  100846.6857611548
5d535e3a768b94245b3e98b5
p:  136674.33520846383
5d535eacb81bcf5b5f3e98cd
p:  86150.42306905374
5d53637e7b321c8dcd3e98a2
p:  68433.58862262532
5d536465ca8c2433523e9907
p:  178592.96165261357
Current date and time: 2020-06-09 15:34:11
Successfully connect to DB.
train score for random_forest: 0.9578035862349445
test score for random_forest: 0.6552757749167283
The mean absolute error is:$ 75428.47938061164
r_Score: 0.6664770295159175
Voting Regressor (in): 0.9607682087972079
Voting Regressor: 0.6664770295159175
5d0d19d543207cb60914ad77
p:  253694.84097443722
5d0d2caae2ea012a7414ade9
p:  177245.0461242053
5d0e8de02b8f60b82b8f8d42
p:  195727.11244507405
5d0e960c19f56a0d5b8f8db8
p:  118256.20341219753
5d12c08bb7ae3de20d8d6f21
p:  119463.03245656425
5d185508253e7cfd9b98bd08
p:  238224.5273071595
5d1b90a603ecbb08e0bf610b
p:  147501.84677694127
5d297ce4199bf96b6045aca6
p:  225525.99223166582
5d2994cd199bf96b6045acf2
p:  115217.13211056241
5d2b0ce747cfe46363877b27
p:  125566.52191659859
5d38d9247110e453a0b03b47
p:  199761.8539514292
5d38dda402947826d9b03c83
p:  151951.34138717817
5d38e0a4dd2d94d3c8b03ca0
p:  196377.88569302193
5d475bd5acae7a72623cb4be
p:  133926.953528177
5d476f98acae7a72623cb4e5
p:  129201.28810270458
5d52edd09eed2634e03e97a1
p:  191071.6486342324
5d52ee6d2839f8134a3e97a0
p:  201643.32246880647
5d52ee7c98b4dd30ff3e97a1
p:  270675.67254890397
5d52ee922839f8134a3e97a1
p:  97800.81404485527
5d52ef3497fc9fc4273e97a6
p:  133743.38473168234
5d52efd398b4dd30ff3e97a4
p:  193190.71303465354
5d52f0342839f8134a3e97a2
p:  177700.21780919662
5d52f0de2839f8134a3e97a3
p:  91333.34130438176
5d52f12c2839f8134a3e97a4
p:  92215.25525261328
5d52f1552839f8134a3e97a5
p:  156746.8474092951
5d52f37b768b94245b3e97b0
p:  187968.18194464932
5d52f45e2839f8134a3e97a9
p:  96228.41349214019
5d52f465b324eabe0e3e97b8
p:  131305.52541897108
5d52f48c2839f8134a3e97aa
p:  199021.86733536987
5d52f5d07b321c8dcd3e97ac
p:  116018.00015652177
5d52f5d72839f8134a3e97ad
p:  86564.67169617143
5d52f6077b321c8dcd3e97ad
p:  143346.07349005376
5d52f6d3b81bcf5b5f3e97b5
p:  314447.79164134746
5d52f6ee9eed2634e03e97b4
p:  258410.56851213516
5d52f7172839f8134a3e97af
p:  219925.69913587335
5d52f77b9e9a60a4013e97be
p:  216730.48254076048
5d52f77cd1e9bb2c243e97af
p:  116547.50101085272
5d52f788576ae6f11d3e97b1
p:  131738.76685084277
5d52f7e6576ae6f11d3e97b4
p:  127462.32825552688
5d52f7f59e9a60a4013e97c1
p:  127734.42185939403
5d52f80b576ae6f11d3e97b5
p:  85583.62595425788
5d52f85eb324eabe0e3e97bc
p:  123990.2120125195
5d52f867ca8c2433523e97bf
p:  252697.31661351124
5d52f8779e9a60a4013e97c4
p:  187560.86611447053
5d52f89f9e9a60a4013e97c5
p:  154451.4558846986
5d52f8bfb324eabe0e3e97bd
p:  134909.15439935948
5d52f8c69e9a60a4013e97c6
p:  99510.329030469
5d52f8c6576ae6f11d3e97b6
p:  133249.69736144203
5d52f8ef9e9a60a4013e97c7
p:  79820.25207309748
5d52f91a9e9a60a4013e97c8
p:  79677.28236648714
5d52f971576ae6f11d3e97b9
p:  142379.79632887474
5d52f976b81bcf5b5f3e97b7
p:  248771.19857807705
5d52f9bc64879160083e97b4
p:  136777.64885116415
5d52fa089e9a60a4013e97c9
p:  212965.9995773486
5d52fabbd1e9bb2c243e97b7
p:  218532.70181945685
5d52fadf768b94245b3e97bf
p:  91263.22048263998
5d52fb37768b94245b3e97c1
p:  75578.18561177235
5d52fb4943232e3d8e3e97b4
p:  127940.40588270193
5d52fb4f576ae6f11d3e97bb
p:  141438.6793075542
5d52fb729e9a60a4013e97cd
p:  116280.43132150799
5d52fb79768b94245b3e97c2
p:  254465.99232043992
5d52fc7464879160083e97b8
p:  194177.09428335848
5d52fcb4768b94245b3e97c6
p:  82899.16944167565
5d52fd26768b94245b3e97c7
p:  105659.23362139399
5d52fd5a97fc9fc4273e97cb
p:  49958.101270434236
5d52fd98ca8c2433523e97c8
p:  203460.57734447386
5d52fe1497fc9fc4273e97cf
p:  120422.97764504974
5d52fe6343232e3d8e3e97bb
p:  229090.50812346675
5d52fe902839f8134a3e97b8
p:  86564.67169617143
5d52ff6043232e3d8e3e97c4
p:  139603.25467332036
5d52ff629e9a60a4013e97d8
p:  206136.60444359947
5d52ff88b324eabe0e3e97c3
p:  127836.00656634133
5d52ff9443232e3d8e3e97c6
p:  91131.24112786578
5d52ffce576ae6f11d3e97c0
p:  85583.62595425788
5d52ffda9e9a60a4013e97da
p:  104084.27369264918
5d52fff943232e3d8e3e97cb
p:  79286.57942165474
5d530005ca8c2433523e97ca
p:  231450.75476262585
5d53000564879160083e97bc
p:  204160.2332305477
5d53000643232e3d8e3e97cc
p:  57233.29722910386
5d5300102839f8134a3e97bb
p:  353957.4836070323
5d530042768b94245b3e97cb
p:  112691.822022262
5d530046ca8c2433523e97cc
p:  218571.3654534525
5d53006b576ae6f11d3e97c2
p:  82849.1604679403
5d5300b77b321c8dcd3e97c5
p:  187710.58406433192
5d5300d364879160083e97bf
p:  127298.27647592053
5d53010d768b94245b3e97ce
p:  132368.26794069505
5d53012bca8c2433523e97cf
p:  394435.12653716526
5d5301492839f8134a3e97be
p:  89509.03937602896
5d53019064879160083e97c0
p:  87754.8995429363
5d530197768b94245b3e97cf
p:  208678.97749395628
5d5301a397fc9fc4273e97d3
p:  170246.790558449
5d5301cfb81bcf5b5f3e97d1
p:  235462.91994585012
5d5301d1ca8c2433523e97d1
p:  217417.14989054308
5d5301d164879160083e97c1
p:  203141.89339725417
5d5301f697fc9fc4273e97d4
p:  89110.69526252439
5d530235b81bcf5b5f3e97d2
p:  201639.33979471837
5d5302459e9a60a4013e97db
p:  171342.29972914074
5d53024597fc9fc4273e97d5
p:  277236.6008393208
5d53024843232e3d8e3e97d1
p:  47973.54693453037
5d53024e768b94245b3e97d1
p:  71798.52536276734
5d53025cb81bcf5b5f3e97d3
p:  182114.01316199408
5d53027243232e3d8e3e97d2
p:  79571.5911046108
5d5302a2768b94245b3e97d3
p:  87000.37509037493
5d5302d3b81bcf5b5f3e97d6
p:  254662.1715558556
5d5302f69e9a60a4013e97dc
p:  130615.76469851684
5d53030897fc9fc4273e97d8
p:  128369.23667847739
5d530322b81bcf5b5f3e97d8
p:  158017.67253307116
5d530340576ae6f11d3e97c4
p:  164071.46202275576
5d53034764879160083e97c2
p:  202142.49178016238
5d53034ab324eabe0e3e97c7
p:  125726.51392056848
5d53036064879160083e97c3
p:  160544.40260544236
5d530372b81bcf5b5f3e97da
p:  218402.09368387214
5d53038364879160083e97c4
p:  172330.72976629442
5d5303a843232e3d8e3e97d5
p:  66181.42283252203
5d53042c9e9a60a4013e97df
p:  172596.82535696085
5d530438b81bcf5b5f3e97df
p:  185276.49527195538
5d5304b0b81bcf5b5f3e97e2
p:  398056.8606358747
5d5304bd64879160083e97c6
p:  185076.23113803085
5d5305009e9a60a4013e97e2
p:  220833.36714797452
5d53050b64879160083e97c7
p:  75053.4412058857
5d530561ca8c2433523e97da
p:  375292.97547117056
5d53058497fc9fc4273e97dc
p:  160955.69957961485
5d5305b764879160083e97c8
p:  178877.348130791
5d5305ba768b94245b3e97db
p:  159124.461015012
5d53064a97fc9fc4273e97de
p:  190144.63864349874
5d53066c97fc9fc4273e97df
p:  128369.23667847739
5d5306b197fc9fc4273e97e0
p:  264112.6685317983
5d5306c9576ae6f11d3e97c9
p:  204909.5512012602
5d5306e69e9a60a4013e97e7
p:  725598.6797349183
5d53071b43232e3d8e3e97d7
p:  54049.18343499905
5d5307603af2b696ba3e97e1
p:  252176.27012208884
5d5307a3b81bcf5b5f3e97f0
p:  235462.91994585012
5d5307cab81bcf5b5f3e97f1
p:  366150.29196378717
5d5307d064879160083e97cc
p:  138098.0255975501
5d5307d42839f8134a3e97c6
p:  100372.80324228783
5d5307fd3af2b696ba3e97e3
p:  301183.7159800864
5d53080a64879160083e97cd
p:  207565.50183982053
5d