Current date and time: 2020-06-07 15:34:19
Successfully connect to DB.
train score for random_forest: 0.9263652106943049
test score for random_forest: 0.5487497839574558
The mean absolute error is:$ 125571.71364594997
r_Score: 0.5879898529573448
Voting Regressor (in): 0.9198522408912958
Voting Regressor: 0.5879898529573448
5d0e7fcb45ebd0b4c32fcf24
p:  513329.45354759065
5d1c22f6dbebfd779eefbcbf
p:  246538.69829252444
5d2b43ab47cfe46363877b87
p:  298752.0982826627
5d34b23518f8dde30a0abc89
p:  192589.47692840165
5d34f90718f8dde30a0abd0d
p:  219242.63668292042
5d3d004d5b23d1a9041ae56d
p:  260908.896635536
5d3d034316cc19dae91ae56e
p:  335874.3122173421
5d3d042b16cc19dae91ae56f
p:  332042.7833688038
5d3d06766d632c6e791ae56d
p:  546394.8422574749
5d3d08225b23d1a9041ae576
p:  311316.5829716001
5d3d0884a1d8f5dbb51ae573
p:  345746.49295234185
5d3d092aa1d8f5dbb51ae574
p:  330673.310395764
5d3d0a187c87cb4ec51ae582
p:  275080.4386351942
5d3d0a192e29f399281ae573
p:  332034.45055974677
5d3d0a567c87cb4ec51ae583
p:  215817.8321007352
5d3d0a6c16cc19dae91ae57b
p:  241495.80870282068
5d3d0a907c87cb4ec51ae584
p:  415382.2687603103
5d3d0c08661dfbcadd1ae576
p:  434916.7137920535
5d3d0c317624a32aa11ae578
p:  400785.57718052884
5d3d0c757624a32aa11ae579
p:  191294.12106248463
5d3d0ca2fadc9dd82b1ae57c
p:  280735.7081078694
5d3d0cbe33331a07391ae577
p:  144366.70269051244
5d3d0cce7624a32aa11ae57a
p:  299409.92114602064
5d3d0d3833331a07391ae578
p:  344199.3631219353
5d3d0de97624a32aa11ae57c
p:  222972.7297345486
5d3d0df5fadc9dd82b1ae57d
p:  135761.81819410418
5d3d0dfa7c87cb4ec51ae58f
p:  329239.11360148864
5d3d0e7c14a7a8267f1ae577
p:  221364.93737622714
5d3d12317c87cb4ec51ae596
p:  203781.97440520977
5d3d134af678084b281ae57b
p:  423949.33944277733
5d3d1441f678084b281ae57c
p:  208933.1337787714
5d3d144b14a7a8267f1ae57d
p:  202892.20106985894
5d3d1630661dfbcadd1ae580
p:  263504.3161208979
5d3d1715feef3f19531ae582
p:  126932.13588855308
5d3d17652e29f399281ae582
p:  1180782.1283389456
5d3d17d62e29f399281ae584
p:  248740.51913963954
5d3d18512e29f399281ae586
p:  273890.63265833387
5d3d190ff678084b281ae585
p:  378582.3379707767
5d3d19a1f678084b281ae586
p:  207890.4679775297
5d3d1bd133331a07391ae585
p:  272963.32704904256
5d3d1ca233331a07391ae586
p:  141431.34230792994
5d3d1cb27c87cb4ec51ae59f
p:  455576.0271929235
5d3d20677034c3ce001ae585
p:  150763.36580403216
5d3d207af678084b281ae58c
p:  456881.1841310625
5d3d20def678084b281ae58d
p:  255988.1089096638
5d3d21f83b83f8d6ae1ae58a
p:  315356.9052366413
5d3d22217034c3ce001ae586
p:  276787.49601099093
5d3d226852b05deaed1ae58f
p:  293611.9457915087
5d3d25846d632c6e791ae58e
p:  412959.9987008883
5d3d26c07034c3ce001ae58a
p:  265506.89987154806
5d3d26c252b05deaed1ae592
p:  179011.27478887368
5d3d27543b83f8d6ae1ae592
p:  171084.63417448854
5d3d27be7c87cb4ec51ae5a9
p:  447059.228876007
5d3d28002e29f399281ae59c
p:  292421.1840031521
5d3d280d52b05deaed1ae594
p:  226490.79999343114
5d3d29877c87cb4ec51ae5ab
p:  304230.75989673974
5d3d2c0f2e29f399281ae5a0
p:  202742.05939125747
5d3d2f376d632c6e791ae597
p:  320000.5066296273
5d3d30577624a32aa11ae59d
p:  269130.2596491371
5d3d30576d632c6e791ae598
p:  509125.27524247987
5d3d337d7624a32aa11ae59f
p:  239658.27830698143
5d3d343d3b83f8d6ae1ae5a0
p:  298305.4220641195
5d3d373ff678084b281ae5a3
p:  457019.1511194422
5d3d38b87624a32aa11ae5a1
p:  225130.2328300313
5d3d38bbfadc9dd82b1ae5aa
p:  351448.42505385703
5d3d3a60f678084b281ae5a5
p:  209274.1179596265
5d3d3d5a661dfbcadd1ae5a4
p:  215960.99001721764
5d3d3e56a1d8f5dbb51ae5a7
p:  223662.53813087952
5d3d3e98f678084b281ae5a9
p:  281419.5287824286
5d3d402cf678084b281ae5ad
p:  374643.64057561825
5d3d40bb661dfbcadd1ae5a7
p:  268845.6639668381
5d3d436d7624a32aa11ae5ab
p:  223536.5571754906
5d3d4756a1d8f5dbb51ae5bf
p:  101741.5463155506
5d3d490116cc19dae91ae5a9
p:  230912.09742684633
5d3d4a9114a7a8267f1ae5a9
p:  286184.3544842673
5d3d4ad116cc19dae91ae5ab
p:  534693.2158258627
5d3d4b843b83f8d6ae1ae5ba
p:  485732.5730046221
5d3d4cbcf678084b281ae5bc
p:  347523.8995238922
5d3d4d86feef3f19531ae5af
p:  400552.11061739456
5d3d4da67034c3ce001ae5b5
p:  298981.6248646384
5d3d4e857624a32aa11ae5b4
p:  207969.5050415502
5d3d4fb7a1d8f5dbb51ae5da
p:  233971.8674747334
5d3d508a2e29f399281ae5c9
p:  343775.3534420051
5d3d516e16cc19dae91ae5b4
p:  405816.4703837703
5d3d52db16cc19dae91ae5b6
p:  368946.60482938413
5d3d535114a7a8267f1ae5b1
p:  580829.5400607366
5d3d54f4a1d8f5dbb51ae5ed
p:  325142.8532134122
5d3d55316d632c6e791ae5c0
p:  461302.64517550636
5d3d5706feef3f19531ae5c4
p:  446119.63867407455
5d3d5834feef3f19531ae5c9
p:  564252.5490279119
5d3d583c7c87cb4ec51ae5e4
p:  171924.4586536216
5d3d58e6feef3f19531ae5cc
p:  312478.80201992387
5d3d5920feef3f19531ae5cd
p:  306546.8932795516
5d3d593b16cc19dae91ae5bd
p:  353327.79564590903
5d3d5950feef3f19531ae5ce
p:  694218.9971326018
5d3d5952a1d8f5dbb51ae5fa
p:  282723.61741947813
5d3d59bd14a7a8267f1ae5b7
p:  202251.85248142778
5d3d5a03661dfbcadd1ae5bb
p:  178552.11950596073
5d3d5b0f52b05deaed1ae5d9
p:  340607.31614113937
5d3d5c4352b05deaed1ae5e0
p:  220507.44428742
5d3d5ca152b05deaed1ae5e2
p:  416859.08363588795
5d3d5e9aa1d8f5dbb51ae60d
p:  356010.5725596992
5d3d615c16cc19dae91ae5c4
p:  431312.2196786717
5d3d61707c87cb4ec51ae5f0
p:  181451.7466675686
5d3d62cd7c87cb4ec51ae5f2
p:  123256.26144194808
5d3d63617c87cb4ec51ae5f3
p:  123256.26144194808
5d3d641652b05deaed1ae5ee
p:  223349.68420314186
5d3d644d7c87cb4ec51ae5f4
p:  191996.63615019817
5d3d655b7c87cb4ec51ae5f5
p:  191996.63615019817
5d3d66577c87cb4ec51ae5f6
p:  300418.29799592367
5d3d668ff678084b281ae5d7
p:  263602.9196064053
5d3d673116cc19dae91ae5ca
p:  605401.0817987818
5d3d6bbc33331a07391ae5c1
p:  152572.84509344926
5d3d6d347624a32aa11ae5c8
p:  220732.77149184688
5d3d72536d632c6e791ae5d9
p:  284294.98960787005
5d3d746afeef3f19531ae654
p:  87189.33101867595
5d3d76136d632c6e791ae5de
p:  191013.31439735717
5d3d7629a1d8f5dbb51ae65b
p:  175532.65696687828
5d3d78007034c3ce001ae5d0
p:  161053.14411373532
5d3d7a3c2e29f399281ae5eb
p:  251718.23741027442
5d3d7c8433331a07391ae5cf
p:  508386.9731602638
5d3d8a65a1d8f5dbb51ae6a1
p:  320234.11198026675
5d3d8e4b5b23d1a9041ae61f
p:  227636.9991061129
5d3d9314fadc9dd82b1ae5f9
p:  941359.7007919851
5d3d95726d632c6e791ae5ff
p:  204365.97242429794
5d3d967c7624a32aa11ae5f9
p:  217072.51651021186
5d3d97356d632c6e791ae600
p:  245005.16815775807
5d3d9dfb5b23d1a9041ae62c
p:  282110.8977362327
5d3da22c52b05deaed1ae631
p:  422490.1288812859
5d3da27952b05deaed1ae632
p:  300045.6606688743
5d3da43fa1d8f5dbb51ae6fd
p:  705974.3741935764
5d3da745feef3f19531ae697
p:  333078.8062714037
5d3da7acfeef3f19531ae698
p:  296343.9429611054
5d3da86efeef3f19531ae69a
p:  489972.45452048304
5d3dab51feef3f19531ae69c
p:  519037.58414581046
5d3dad4d7c87cb4ec51ae636
p:  449800.7110590568
5d3dad8d2e29f399281ae615
p:  209361.12493050596
5d3dae0052b05deaed1ae63e
p:  377170.51771275105
5d3dae4efeef3f19531ae69f
p:  320541.7641560629
5d3daf097c87cb4ec51ae637
p:  539626.9624139867
5d3daf447c87cb4ec51ae638
p:  496316.8099061205
5d3db0427c87cb4ec51ae63a
p:  460148.5767519278
5d3db0c7feef3f19531ae6a1
p:  411137.9526798363
5d3db15c661dfbcadd1ae603
p:  271136.95345483697
5d3db19cfeef3f19531ae6a3
p:  272460.0225662901
5d3db1a33b83f8d6ae1ae62f
p:  159751.8373376623
5d3db2d47c87cb4ec51ae63b
p:  1619342.2472369699
5d3db3077624a32aa11ae60d
p:  277134.5226612149
5d3db45e7034c3ce001ae609
p:  476913.2299433431
5d3db473feef3f19531ae6a7
p:  371720.8045766356
5d3db56bfeef3f19531ae6a9
p:  293810.580664344
5d3db6147c87cb4ec51ae63e
p:  468921.6800778479
5d3db6297034c3ce001ae60e
p:  377762.91937200795
5d3db6757034c3ce001ae60f
p:  201042.25598823506
5d3db6bf5b23d1a9041ae63e
p:  324271.311452306
5d3db8927624a32aa11ae612
p:  437826.9442869385
5d3db8a05b23d1a9041ae63f
p:  282828.3688037833
5d3db9fa6d632c6e791ae624
p:  527126.186428394
5d3dbb195b23d1a9041ae643
p:  318167.54243038874
5d3dbbd27624a32aa11ae614
p:  129708.47351534336
5d3dbdeffeef3f19531ae6b1
p:  364883.5608419515
5d3dbe336d632c6e791ae626
p:  218780.72928296716
5d3dbed9feef3f19531ae6b3
p:  513879.9900904062
5d3dbf056d632c6e791ae627
p:  382155.95605762326
5d3dbf1ffeef3f19531ae6b4
p:  1177166.7718684855
5d3dbf3952b05deaed1ae64f
p:  577077.9285616649/home/testapiuser/HouseApp_2/PricePrediction/NHPrice.py:273: SettingWithCopyWarning: 
A value is trying to be set on a copy of a slice from a DataFrame.
Try using .loc[row_indexer,col_indexer] = value instead

See the caveats in the documentation: http://pandas.pydata.org/pandas-docs/stable/indexing.html#indexing-view-versus-copy
  df2['AreaSpace_SQFT'] = df2['AreaSpace_SQFT'].astype(int)
/home/testapiuser/HouseApp_2/PricePrediction/NHPrice.py:285: SettingWithCopyWarning: 
A value is trying to be set on a copy of a slice from a DataFrame.
Try using .loc[row_indexer,col_indexer] = value instead

See the caveats in the documentation: http://pandas.pydata.org/pandas-docs/stable/indexing.html#indexing-view-versus-copy
  df2['Price'] = z1
/home/testapiuser/HouseApp_2/PricePrediction/NHPrice.py:292: SettingWithCopyWarning: 
A value is trying to be set on a copy of a slice from a DataFrame.
Try using .loc[row_indexer,col_indexer] = value instead

See the caveats in the documentation: http://pandas.pydata.org/pandas-docs/stable/indexing.html#indexing-view-versus-copy
  df2['AreaSpace_SQFT'] = z2

5d3dc1bd661dfbcadd1ae615
p:  494812.27462673496
5d3dc226fadc9dd82b1ae624
p:  181551.68946551692
5d3dc33a52b05deaed1ae652
p:  294013.58826736733
5d3dc4fefeef3f19531ae6ba
p:  506696.9776714629
5d3dc5745b23d1a9041ae647
p:  365950.3894145499
5d3dc656f678084b281ae62a
p:  323665.0195408368
5d3dc6777034c3ce001ae61f
p:  348011.7160843479
5d3dc6fea1d8f5dbb51ae739
p:  291728.80624762963
5d3dc84b3b83f8d6ae1ae642
p:  223358.85524525188
5d3dc8c0f678084b281ae62b
p:  1005188.2025517899
5d3dcb21a1d8f5dbb51ae73e
p:  289459.71737396147
5d3dcd92fadc9dd82b1ae62b
p:  283350.9209140424
5d3dce1516cc19dae91ae68b
p:  310550.34576906683
5d3dcfcda1d8f5dbb51ae740
p:  599833.5217497072
5d3dd03e5b23d1a9041ae64e
p:  308186.39135213755
5d3dd04333331a07391ae620
p:  246953.37883119256
5d3dd0df33331a07391ae621
p:  168159.31819059327
5d3dd0e3fadc9dd82b1ae62f
p:  229188.74468247895
5d3dd1386d632c6e791ae642
p:  442941.3788510964
5d3dd3ed33331a07391ae624
p:  316343.7333307306
5d3dd4fdfeef3f19531ae6cc
p:  675065.8062984811
5d3dd54833331a07391ae626
p:  265997.02842482156
5d3dd54dfeef3f19531ae6cd
p:  554700.2461219013
5d3dd5906d632c6e791ae647
p:  198081.46668864385
5d3dd5e76d632c6e791ae648
p:  308758.22321801994
5d3dda413b83f8d6ae1ae659
p:  803350.7489405978
5d3ddbb17624a32aa11ae634
p:  261096.81749975856
5d3ddc532e29f399281ae646
p:  413505.40785010037
5d3ddc83a1d8f5dbb51ae74a
p:  546672.0015613402
5d3ddd7214a7a8267f1ae60e
p:  441092.17316290713
5d3dddea5b23d1a9041ae65d
p:  312856.43573334796
5d3ddf0aa1d8f5dbb51ae74d
p:  586172.851467959
5d3de1d2a1d8f5dbb51ae750
p:  462316.2829748795
5d3de306661dfbcadd1ae62d
p:  225530.50115595403
5d3de39a7624a32aa11ae63a
p:  494524.83717824286
5d3de3eca1d8f5dbb51ae752
p:  503485.5284317719
5d3de42516cc19dae91ae6a7
p:  192664.4331495391
5d3de585a1d8f5dbb51ae754
p:  493565.446490752
5d3de5a96d632c6e791ae65b
p:  519403.27690789476
5d3de7a052b05deaed1ae67e
p:  159408.82652000737
5d3de9175b23d1a9041ae666
p:  231049.92523747723
5d3de91ca1d8f5dbb51ae757
p:  503919.20321306936
5d3dea7f661dfbcadd1ae639
p:  456121.9044329602
5d3deb29feef3f19531ae6ee
p:  340762.93065970804
5d3deb50f678084b281ae64f
p:  314131.47950499604
5d3ded02661dfbcadd1ae63d
p:  359885.976629922
5d3ded606d632c6e791ae660
p:  296395.5153371239
5d3df2245b23d1a9041ae671
p:  346751.9656582962
5d3df29c5b23d1a9041ae674
p:  222108.92062317836
5d3df2e45b23d1a9041ae676
p:  269041.92301735777
5d3df769a1d8f5dbb51ae763
p:  484376.8907878213
5d3df8aaa1d8f5dbb51ae765
p:  563910.2249287982
5d3df9d5a1d8f5dbb51ae766
p:  497822.95928122685
5d3dfbd7feef3f19531ae70c
p:  1400154.937016612
5d3dfdeba1d8f5dbb51ae76a
p:  468535.16842505994
5d3e0220a1d8f5dbb51ae76d
p:  437263.7282267958
5d3e11d1feef3f19531ae72c
p:  333382.1129786099
5d3e1214feef3f19531ae72d
p:  1135667.428219772
5d3e1b4bfeef3f19531ae73a
p:  973777.7691112387
5d3e1cdefeef3f19531ae73f
p:  315354.9932213192
5d3e1d56feef3f19531ae740
p:  1276044.5896166652
Current date and time: 2020-06-08 15:34:11
Successfully connect to DB.
train score for random_forest: 0.9228778123703443
test score for random_forest: 0.5499323588943152
The mean absolute error is:$ 126909.7815411199
r_Score: 0.5827212769257643
Voting Regressor (in): 0.9195833937358833
Voting Regressor: 0.5827212769257643
5d0e7fcb45ebd0b4c32fcf24
p:  501055.56032648834
5d1c22f6dbebfd779eefbcbf
p:  256322.48015337545
5d2b43ab47cfe46363877b87
p:  301523.01470543165
5d34b23518f8dde30a0abc89
p:  192261.19520348305
5d34f90718f8dde30a0abd0d
p:  222113.39544212856
5d3d004d5b23d1a9041ae56d
p:  300820.1439510959
5d3d034316cc19dae91ae56e
p:  345317.9031970714
5d3d042b16cc19dae91ae56f
p:  322552.0354471266
5d3d06766d632c6e791ae56d
p:  529081.7073929209
5d3d08225b23d1a9041ae576
p:  321056.61175775435
5d3d0884a1d8f5dbb51ae573
p:  338281.28513454314
5d3d092aa1d8f5dbb51ae574
p:  336601.04716740415
5d3d0a187c87cb4ec51ae582
p:  265404.8758816885
5d3d0a192e29f399281ae573
p:  336920.3540105423
5d3d0a567c87cb4ec51ae583
p:  231904.48221496714
5d3d0a6c16cc19dae91ae57b
p:  240306.04990402202
5d3d0a907c87cb4ec51ae584
p:  404987.5452326974
5d3d0c08661dfbcadd1ae576
p:  440753.7959351087
5d3d0c317624a32aa11ae578
p:  479955.65228874056
5d3d0c757624a32aa11ae579
p:  204750.77082704334
5d3d0ca2fadc9dd82b1ae57c
p:  247868.76693426125
5d3d0cbe33331a07391ae577
p:  146793.84809581575
5d3d0cce7624a32aa11ae57a
p:  302373.72118277545
5d3d0d3833331a07391ae578
p:  411516.4856864959
5d3d0de97624a32aa11ae57c
p:  229262.84641139285
5d3d0df5fadc9dd82b1ae57d
p:  132648.44700152247
5d3d0dfa7c87cb4ec51ae58f
p:  337423.82332930795
5d3d0e7c14a7a8267f1ae577
p:  221636.25734647876
5d3d12317c87cb4ec51ae596
p:  202906.83618745484
5d3d134af678084b281ae57b
p:  409659.2634294651
5d3d1441f678084b281ae57c
p:  233578.93364054518
5d3d144b14a7a8267f1ae57d
p:  210960.36203536403
5d3d1630661dfbcadd1ae580
p:  268259.85680204397
5d3d1715feef3f19531ae582
p:  122330.93679682631
5d3d17652e29f399281ae582
p:  1228681.1166629405
5d3d17d62e29f399281ae584
p:  245872.64123408968
5d3d18512e29f399281ae586
p:  271323.3327140688
5d3d190ff678084b281ae585
p:  383679.73577646376
5d3d19a1f678084b281ae586
p:  211681.3760811864
5d3d1bd133331a07391ae585
p:  270959.986456407
5d3d1ca233331a07391ae586
p:  142706.1853042054
5d3d1cb27c87cb4ec51ae59f
p:  440931.81182748696
5d3d20677034c3ce001ae585
p:  154235.17151677646
5d3d207af678084b281ae58c
p:  436850.49394704204
5d3d20def678084b281ae58d
p:  251065.11941444073
5d3d21f83b83f8d6ae1ae58a
p:  318093.7848007659
5d3d22217034c3ce001ae586
p:  301228.5437839648
5d3d226852b05deaed1ae58f
p:  243427.97421966412
5d3d25846d632c6e791ae58e
p:  414493.0421068108
5d3d26c07034c3ce001ae58a
p:  258795.12034847902
5d3d26c252b05deaed1ae592
p:  175676.0559504258
5d3d27543b83f8d6ae1ae592
p:  174764.61435471027
5d3d27be7c87cb4ec51ae5a9
p:  434951.474454586
5d3d28002e29f399281ae59c
p:  287258.53517333954
5d3d280d52b05deaed1ae594
p:  208607.15214386943
5d3d29877c87cb4ec51ae5ab
p:  346090.0422869392
5d3d2c0f2e29f399281ae5a0
p:  188761.35305588733
5d3d2f376d632c6e791ae597
p:  335702.0054510074
5d3d30577624a32aa11ae59d
p:  255950.49419800553
5d3d30576d632c6e791ae598
p:  619948.4982564605
5d3d337d7624a32aa11ae59f
p:  231877.4798972573
5d3d343d3b83f8d6ae1ae5a0
p:  292874.3732874332
5d3d373ff678084b281ae5a3
p:  471203.77959441347
5d3d38b87624a32aa11ae5a1
p:  219373.3836005252
5d3d38bbfadc9dd82b1ae5aa
p:  353384.6023401843
5d3d3a60f678084b281ae5a5
p:  227789.02683510794
5d3d3d5a661dfbcadd1ae5a4
p:  210815.40598478605
5d3d3e56a1d8f5dbb51ae5a7
p:  222834.3540571275
5d3d3e98f678084b281ae5a9
p:  275748.4113311514
5d3d402cf678084b281ae5ad
p:  379679.8048990178
5d3d40bb661dfbcadd1ae5a7
p:  236318.46550410686
5d3d436d7624a32aa11ae5ab
p:  223117.72710003247
5d3d4756a1d8f5dbb51ae5bf
p:  113379.7401540599
5d3d490116cc19dae91ae5a9
p:  220936.2438860872
5d3d4a9114a7a8267f1ae5a9
p:  294312.3188875735
5d3d4ad116cc19dae91ae5ab
p:  539568.217431249
5d3d4b843b83f8d6ae1ae5ba
p:  478913.58060954034
5d3d4cbcf678084b281ae5bc
p:  347617.1734794072
5d3d4d86feef3f19531ae5af
p:  387334.57042544964
5d3d4da67034c3ce001ae5b5
p:  299152.714103034
5d3d4e857624a32aa11ae5b4
p:  213703.7012597475
5d3d4fb7a1d8f5dbb51ae5da
p:  203439.25730956253
5d3d508a2e29f399281ae5c9
p:  391610.4458785185
5d3d516e16cc19dae91ae5b4
p:  387788.3586220804
5d3d52db16cc19dae91ae5b6
p:  415458.84765531484
5d3d535114a7a8267f1ae5b1
p:  590371.4938189253
5d3d54f4a1d8f5dbb51ae5ed
p:  317445.3210130146
5d3d55316d632c6e791ae5c0
p:  465307.24467916467
5d3d5706feef3f19531ae5c4
p:  462519.7928639932
5d3d5834feef3f19531ae5c9
p:  613080.9993267644
5d3d583c7c87cb4ec51ae5e4
p:  182610.0508264262
5d3d58e6feef3f19531ae5cc
p:  321891.6339286206
5d3d5920feef3f19531ae5cd
p:  328448.1677757735
5d3d593b16cc19dae91ae5bd
p:  329646.63029205264
5d3d5950feef3f19531ae5ce
p:  707177.6666240992
5d3d5952a1d8f5dbb51ae5fa
p:  271020.2761597249
5d3d59bd14a7a8267f1ae5b7
p:  206308.94356495008
5d3d5a03661dfbcadd1ae5bb
p:  186621.00368453813
5d3d5b0f52b05deaed1ae5d9
p:  329993.73480815184
5d3d5c4352b05deaed1ae5e0
p:  227138.62872142307
5d3d5ca152b05deaed1ae5e2
p:  446881.4255498027
5d3d5e9aa1d8f5dbb51ae60d
p:  343396.5078938117
5d3d615c16cc19dae91ae5c4
p:  416089.658613791
5d3d61707c87cb4ec51ae5f0
p:  155314.32631156966
5d3d62cd7c87cb4ec51ae5f2
p:  119106.7150175132
5d3d63617c87cb4ec51ae5f3
p:  119106.7150175132
5d3d641652b05deaed1ae5ee
p:  218324.90537045497
5d3d644d7c87cb4ec51ae5f4
p:  148019.86465613067
5d3d655b7c87cb4ec51ae5f5
p:  148019.86465613067
5d3d66577c87cb4ec51ae5f6
p:  351850.6315035453
5d3d668ff678084b281ae5d7
p:  259490.05623943545
5d3d673116cc19dae91ae5ca
p:  682149.1212900549
5d3d6bbc33331a07391ae5c1
p:  158065.6386727081
5d3d6d347624a32aa11ae5c8
p:  240338.89581753855
5d3d72536d632c6e791ae5d9
p:  272838.90197337704
5d3d746afeef3f19531ae654
p:  77213.2818968127
5d3d76136d632c6e791ae5de
p:  197359.07019507728
5d3d7629a1d8f5dbb51ae65b
p:  188314.81091521948
5d3d78007034c3ce001ae5d0
p:  166664.00752926402
5d3d7a3c2e29f399281ae5eb
p:  237910.31329287688
5d3d7c8433331a07391ae5cf
p:  478647.5025121671
5d3d8a65a1d8f5dbb51ae6a1
p:  311001.15176387434
5d3d8e4b5b23d1a9041ae61f
p:  220272.90986385877
5d3d9314fadc9dd82b1ae5f9
p:  1007517.0591618773
5d3d95726d632c6e791ae5ff
p:  191845.67749467143
5d3d967c7624a32aa11ae5f9
p:  218021.45706163882
5d3d97356d632c6e791ae600
p:  268722.678366722
5d3d9dfb5b23d1a9041ae62c
p:  299819.7127310592
5d3da22c52b05deaed1ae631
p:  422002.34191696113
5d3da27952b05deaed1ae632
p:  306090.1717663279
5d3da43fa1d8f5dbb51ae6fd
p:  690481.0511477054
5d3da745feef3f19531ae697
p:  319052.17046010087
5d3da7acfeef3f19531ae698
p:  280440.88057030423
5d3da86efeef3f19531ae69a
p:  524840.0450654808
5d3dab51feef3f19531ae69c
p:  528428.2681892505
5d3dad4d7c87cb4ec51ae636
p:  412226.57462980517
5d3dad8d2e29f399281ae615
p:  210963.47005876375
5d3dae0052b05deaed1ae63e
p:  367901.48095399735
5d3dae4efeef3f19531ae69f
p:  304570.63748801756
5d3daf097c87cb4ec51ae637
p:  520689.48359851004
5d3daf447c87cb4ec51ae638
p:  467897.39927864843
5d3db0427c87cb4ec51ae63a
p:  389378.1096254281
5d3db0c7feef3f19531ae6a1
p:  406035.15851004544
5d3db15c661dfbcadd1ae603
p:  281064.4509852602
5d3db19cfeef3f19531ae6a3
p:  270130.5397823285
5d3db1a33b83f8d6ae1ae62f
p:  165507.14788410935
5d3db2d47c87cb4ec51ae63b
p:  1263639.086745191
5d3db3077624a32aa11ae60d
p:  269008.4549957893
5d3db45e7034c3ce001ae609
p:  469570.87676726375
5d3db473feef3f19531ae6a7
p:  339759.46484304103
5d3db56bfeef3f19531ae6a9
p:  301328.0881205787
5d3db6147c87cb4ec51ae63e
p:  460935.55762818386
5d3db6297034c3ce001ae60e
p:  352557.3491254763
5d3db6757034c3ce001ae60f
p:  195009.14164513745
5d3db6bf5b23d1a9041ae63e
p:  313621.6677708239
5d3db8927624a32aa11ae612
p:  451967.4087293236
5d3db8a05b23d1a9041ae63f
p:  274351.0835986674
5d3db9fa6d632c6e791ae624
p:  544465.594460678
5d3dbb195b23d1a9041ae643
p:  323900.4331522672
5d3dbbd27624a32aa11ae614
p:  127881.71611269545
5d3dbdeffeef3f19531ae6b1
p:  368617.76121427515
5d3dbe336d632c6e791ae626
p:  215401.9693773226
5d3dbed9feef3f19531ae6b3
p:  539917.8187023255
5d3dbf056d632c6e791ae627
p:  396554.9685542824
5d3dbf1ffeef3f19531ae6b4
p:  1009269.0789095949
5d3dbf3952b05deaed1ae64f
p:  571490.2665905915/home/testapiuser/HouseApp_2/PricePrediction/NHPrice.py:273: SettingWithCopyWarning: 
A value is trying to be set on a copy of a slice from a DataFrame.
Try using .loc[row_indexer,col_indexer] = value instead

See the caveats in the documentation: http://pandas.pydata.org/pandas-docs/stable/indexing.html#indexing-view-versus-copy
  df2['AreaSpace_SQFT'] = df2['AreaSpace_SQFT'].astype(int)
/home/testapiuser/HouseApp_2/PricePrediction/NHPrice.py:285: SettingWithCopyWarning: 
A value is trying to be set on a copy of a slice from a DataFrame.
Try using .loc[row_indexer,col_indexer] = value instead

See the caveats in the documentation: http://pandas.pydata.org/pandas-docs/stable/indexing.html#indexing-view-versus-copy
  df2['Price'] = z1
/home/testapiuser/HouseApp_2/PricePrediction/NHPrice.py:292: SettingWithCopyWarning: 
A value is trying to be set on a copy of a slice from a DataFrame.
Try using .loc[row_indexer,col_indexer] = value instead

See the caveats in the documentation: http://pandas.pydata.org/pandas-docs/stable/indexing.html#indexing-view-versus-copy
  df2['AreaSpace_SQFT'] = z2

5d3dc1bd661dfbcadd1ae615
p:  458159.8871028557
5d3dc226fadc9dd82b1ae624
p:  175886.78433110277
5d3dc33a52b05deaed1ae652
p:  322062.90652476926
5d3dc4fefeef3f19531ae6ba
p:  515463.45420731674
5d3dc5745b23d1a9041ae647
p:  371719.02836773905
5d3dc656f678084b281ae62a
p:  333228.7024435926
5d3dc6777034c3ce001ae61f
p:  369636.75074975763
5d3dc6fea1d8f5dbb51ae739
p:  332513.03231533663
5d3dc84b3b83f8d6ae1ae642
p:  226364.73838255036
5d3dc8c0f678084b281ae62b
p:  908424.5225314138
5d3dcb21a1d8f5dbb51ae73e
p:  326223.5716173777
5d3dcd92fadc9dd82b1ae62b
p:  277252.05019185564
5d3dce1516cc19dae91ae68b
p:  291186.1637514009
5d3dcfcda1d8f5dbb51ae740
p:  612162.6293625869
5d3dd03e5b23d1a9041ae64e
p:  294994.1083181555
5d3dd04333331a07391ae620
p:  245829.20656649838
5d3dd0df33331a07391ae621
p:  182616.0528439614
5d3dd0e3fadc9dd82b1ae62f
p:  226390.65071414033
5d3dd1386d632c6e791ae642
p:  508666.1418651397
5d3dd3ed33331a07391ae624
p:  316675.92199065024
5d3dd4fdfeef3f19531ae6cc
p:  675757.2954575551
5d3dd54833331a07391ae626
p:  266921.14418564155
5d3dd54dfeef3f19531ae6cd
p:  563476.7087144889
5d3dd5906d632c6e791ae647
p:  212842.44487708737
5d3dd5e76d632c6e791ae648
p:  351498.54388023104
5d3dda413b83f8d6ae1ae659
p:  787085.1297088824
5d3ddbb17624a32aa11ae634
p:  265929.75593948644
5d3ddc532e29f399281ae646
p:  415530.4129270604
5d3ddc83a1d8f5dbb51ae74a
p:  513532.4401809031
5d3ddd7214a7a8267f1ae60e
p:  451180.09658213693
5d3dddea5b23d1a9041ae65d
p:  310677.49304766575
5d3ddf0aa1d8f5dbb51ae74d
p:  574954.0472609387
5d3de1d2a1d8f5dbb51ae750
p:  456137.9828951362
5d3de306661dfbcadd1ae62d
p:  227102.11339918606
5d3de39a7624a32aa11ae63a
p:  572893.1629047194
5d3de3eca1d8f5dbb51ae752
p:  494288.1980411519
5d3de42516cc19dae91ae6a7
p:  208734.31016636672
5d3de585a1d8f5dbb51ae754
p:  504205.3539249326
5d3de5a96d632c6e791ae65b
p:  486529.5839537528
5d3de7a052b05deaed1ae67e
p:  200704.30693373753
5d3de9175b23d1a9041ae666
p:  221535.02128174674
5d3de91ca1d8f5dbb51ae757
p:  463682.46020986664
5d3dea7f661dfbcadd1ae639
p:  453758.9815727874
5d3deb29feef3f19531ae6ee
p:  356914.93505772116
5d3deb50f678084b281ae64f
p:  310957.35347321583
5d3ded02661dfbcadd1ae63d
p:  369702.5275455313
5d3ded606d632c6e791ae660
p:  318675.1488150099
5d3df2245b23d1a9041ae671
p:  412861.8499152126
5d3df29c5b23d1a9041ae674
p:  207288.2361907842
5d3df2e45b23d1a9041ae676
p:  274358.16113292996
5d3df769a1d8f5dbb51ae763
p:  477374.8706540423
5d3df8aaa1d8f5dbb51ae765
p:  549220.1624480326
5d3df9d5a1d8f5dbb51ae766
p:  510713.9563272795
5d3dfbd7feef3f19531ae70c
p:  1315795.2666582805
5d3dfdeba1d8f5dbb51ae76a
p:  567101.0261891795
5d3e0220a1d8f5dbb51ae76d
p:  441937.2980150202
5d3e11d1feef3f19531ae72c
p:  335145.45314008056
5d3e1214feef3f19531ae72d
p:  1290876.98168587
5d3e1b4bfeef3f19531ae73a
p:  899456.5247567114
5d3e1cdefeef3f19531ae73f
p:  350107.39797271497
5d3e1d56feef3f19531ae740
p:  1229225.2441036273
Current date and time: 2020-06-09 15:34:11
Successfully connect to DB.
train score for random_forest: 0.9245224634577582
test score for random_forest: 0.551177691448318
The mean absolute error is:$ 126394.75702811369
r_Score: 0.5770098929486135
Voting Regressor (in): 0.9174504562809833
Voting Regressor: 0.5770098929486135
5d0e7fcb45ebd0b4c32fcf24
p:  542088.884132692
5d1c22f6dbebfd779eefbcbf
p:  249667.34475981805
5d2b43ab47cfe46363877b87
p:  314659.91265511524
5d34b23518f8dde30a0abc89
p:  191068.5500465812
5d34f90718f8dde30a0abd0d
p:  210821.53258549026
5d3d004d5b23d1a9041ae56d
p:  293451.98917221976
5d3d034316cc19dae91ae56e
p:  329686.4373532527
5d3d042b16cc19dae91ae56f
p:  318341.96230452665
5d3d06766d632c6e791ae56d
p:  535118.1825610732
5d3d08225b23d1a9041ae576
p:  320979.7473719805
5d3d0884a1d8f5dbb51ae573
p:  352841.156914377
5d3d092aa1d8f5dbb51ae574
p:  333841.1281251368
5d3d0a187c87cb4ec51ae582
p:  272813.5835158239
5d3d0a192e29f399281ae573
p:  322349.8925571767
5d3d0a567c87cb4ec51ae583
p:  219273.75169986484
5d3d0a6c16cc19dae91ae57b
p:  249089.28458226833
5d3d0a907c87cb4ec51ae584
p:  407579.81661171815
5d3d0c08661dfbcadd1ae576
p:  438944.81171523
5d3d0c317624a32aa11ae578
p:  397981.14114686335
5d3d0c757624a32aa11ae579
p:  199353.64565784964
5d3d0ca2fadc9dd82b1ae57c
p:  256018.29928843846
5d3d0cbe33331a07391ae577
p:  139609.20544198886
5d3d0cce7624a32aa11ae57a
p:  303671.4143432557
5d3d0d3833331a07391ae578
p:  348366.0765148243
5d3d0de97624a32aa11ae57c
p:  213104.76121038944
5d3d0df5fadc9dd82b1ae57d
p:  135107.1937366908
5d3d0dfa7c87cb4ec51ae58f
p:  327980.3486858371
5d3d0e7c14a7a8267f1ae577
p:  222190.65087261295
5d3d12317c87cb4ec51ae596
p:  188082.15659584437
5d3d134af678084b281ae57b
p:  407163.65463524946
5d3d1441f678084b281ae57c
p:  232308.91466612834
5d3d144b14a7a8267f1ae57d
p:  217246.4893207557
5d3d1630661dfbcadd1ae580
p:  265812.8179841987
5d3d1715feef3f19531ae582
p:  129006.5861713851
5d3d17652e29f399281ae582
p:  1186751.9926352864
5d3d17d62e29f399281ae584
p:  208077.59998181468
5d3d18512e29f399281ae586
p:  270286.0787795761
5d3d190ff678084b281ae585
p:  387417.5636011738
5d3d19a1f678084b281ae586
p:  212147.08353939126
5d3d1bd133331a07391ae585
p:  272142.3969521173
5d3d1ca233331a07391ae586
p:  138243.92511903826
5d3d1cb27c87cb4ec51ae59f
p:  420723.9171892576
5d3d20677034c3ce001ae585
p:  149331.28529895563
5d3d207af678084b281ae58c
p:  458083.1378079877
5d3d20def678084b281ae58d
p:  250763.5917281033
5d3d21f83b83f8d6ae1ae58a
p:  333800.36116139626
5d3d22217034c3ce001ae586
p:  275072.19222330314
5d3d226852b05deaed1ae58f
p:  264582.03575312905
5d3d25846d632c6e791ae58e
p:  397189.30226207036
5d3d26c07034c3ce001ae58a
p:  261385.44110588892
5d3d26c252b05deaed1ae592
p:  180630.06484857708
5d3d27543b83f8d6ae1ae592
p:  169930.27229865204
5d3d27be7c87cb4ec51ae5a9
p:  434137.2039575699
5d3d28002e29f399281ae59c
p:  288103.52980581776
5d3d280d52b05deaed1ae594
p:  207814.7514168431
5d3d29877c87cb4ec51ae5ab
p:  331510.82314391254
5d3d2c0f2e29f399281ae5a0
p:  186974.46389335615
5d3d2f376d632c6e791ae597
p:  312495.8153356433
5d3d30577624a32aa11ae59d
p:  262682.1295211384
5d3d30576d632c6e791ae598
p:  559694.9524408961
5d3d337d7624a32aa11ae59f
p:  239352.2896851411
5d3d343d3b83f8d6ae1ae5a0
p:  291280.47168821073
5d3d373ff678084b281ae5a3
p:  453902.27267799026
5d3d38b87624a32aa11ae5a1
p:  224253.1296535242
5d3d38bbfadc9dd82b1ae5aa
p:  350725.20074515004
5d3d3a60f678084b281ae5a5
p:  229707.20150521718
5d3d3d5a661dfbcadd1ae5a4
p:  212929.1811102503
5d3d3e56a1d8f5dbb51ae5a7
p:  220715.5578990212
5d3d3e98f678084b281ae5a9
p:  289830.5183366799
5d3d402cf678084b281ae5ad
p:  365980.8250406111
5d3d40bb661dfbcadd1ae5a7
p:  257249.73312505218
5d3d436d7624a32aa11ae5ab
p:  225482.78289062387
5d3d4756a1d8f5dbb51ae5bf
p:  123282.46062838199
5d3d490116cc19dae91ae5a9
p:  230847.17773367112
5d3d4a9114a7a8267f1ae5a9
p:  302557.9657050608
5d3d4ad116cc19dae91ae5ab
p:  528063.0429124892
5d3d4b843b83f8d6ae1ae5ba
p:  449954.93439559796
5d3d4cbcf678084b281ae5bc
p:  342630.46050702664
5d3d4d86feef3f19531ae5af
p:  360007.03592787066
5d3d4da67034c3ce001ae5b5
p:  293016.7107906841
5d3d4e857624a32aa11ae5b4
p:  211977.1969138918
5d3d4fb7a1d8f5dbb51ae5da
p:  216740.75971925
5d3d508a2e29f399281ae5c9
p:  385889.2182543196
5d3d516e16cc19dae91ae5b4
p:  373295.2474960648
5d3d52db16cc19dae91ae5b6
p:  366043.81382663234
5d3d535114a7a8267f1ae5b1
p:  634106.1560453523
5d3d54f4a1d8f5dbb51ae5ed
p:  317798.8623276007
5d3d55316d632c6e791ae5c0
p:  465938.7210526789
5d3d5706feef3f19531ae5c4
p:  461744.9138688007
5d3d5834feef3f19531ae5c9
p:  575622.1427702545
5d3d583c7c87cb4ec51ae5e4
p:  166607.23230366144
5d3d58e6feef3f19531ae5cc
p:  315948.36363907624
5d3d5920feef3f19531ae5cd
p:  340819.6154782418
5d3d593b16cc19dae91ae5bd
p:  331872.8093568706
5d3d5950feef3f19531ae5ce
p:  781546.2951346859
5d3d5952a1d8f5dbb51ae5fa
p:  281206.1404998332
5d3d59bd14a7a8267f1ae5b7
p:  202325.0017313255
5d3d5a03661dfbcadd1ae5bb
p:  174345.30519424094
5d3d5b0f52b05deaed1ae5d9
p:  345349.5472634447
5d3d5c4352b05deaed1ae5e0
p:  226659.47923839308
5d3d5ca152b05deaed1ae5e2
p:  449068.90675802086
5d3d5e9aa1d8f5dbb51ae60d
p:  356610.11785434675
5d3d615c16cc19dae91ae5c4
p:  416953.8770800466
5d3d61707c87cb4ec51ae5f0
p:  162707.50530939977
5d3d62cd7c87cb4ec51ae5f2
p:  132859.95715627063
5d3d63617c87cb4ec51ae5f3
p:  132859.95715627063
5d3d641652b05deaed1ae5ee
p:  219314.6232841388
5d3d644d7c87cb4ec51ae5f4
p:  163839.0866007521
5d3d655b7c87cb4ec51ae5f5
p:  163839.0866007521
5d3d66577c87cb4ec51ae5f6
p:  388971.45023716305
5d3d668ff678084b281ae5d7
p:  274303.93123328243
5d3d673116cc19dae91ae5ca
p:  564184.0683558122
5d3d6bbc33331a07391ae5c1
p:  158242.44360472198
5d3d6d347624a32aa11ae5c8
p:  234865.03783454816
5d3d72536d632c6e791ae5d9
p:  276524.1315784247
5d3d746afeef3f19531ae654
p:  61373.140845195536
5d3d76136d632c6e791ae5de
p:  181634.94275655644
5d3d7629a1d8f5dbb51ae65b
p:  172599.84702163044
5d3d78007034c3ce001ae5d0
p:  162954.76248313818
5d3d7a3c2e29f399281ae5eb
p:  236246.44998762824
5d3d7c8433331a07391ae5cf
p:  534395.1308145116
5d3d8a65a1d8f5dbb51ae6a1
p:  343272.66945859947
5d3d8e4b5b23d1a9041ae61f
p:  199718.78636985886
5d3d9314fadc9dd82b1ae5f9
p:  1041149.2699628165
5d3d95726d632c6e791ae5ff
p:  196644.80143856863
5d3d967c7624a32aa11ae5f9
p:  227079.24461582128
5d3d97356d632c6e791ae600
p:  266579.0774025234
5d3d9dfb5b23d1a9041ae62c
p:  289542.87673314323
5d3da22c52b05deaed1ae631
p:  422380.66499921586
5d3da27952b05deaed1ae632
p:  306233.5853241943
5d3da43fa1d8f5dbb51ae6fd
p:  771334.3295621811
5d3da745feef3f19531ae697
p:  313255.7072292535
5d3da7acfeef3f19531ae698
p:  289081.886599237
5d3da86efeef3f19531ae69a
p:  511073.5393169241
5d3dab51feef3f19531ae69c
p:  511223.5931891034
5d3dad4d7c87cb4ec51ae636
p:  439033.9917686493
5d3dad8d2e29f399281ae615
p:  210245.2954752478
5d3dae0052b05deaed1ae63e
p:  376869.24300134135
5d3dae4efeef3f19531ae69f
p:  297232.2672987789
5d3daf097c87cb4ec51ae637
p:  535553.5177670936
5d3daf447c87cb4ec51ae638
p:  550147.0917451689
5d3db0427c87cb4ec51ae63a
p:  407272.507721943
5d3db0c7feef3f19531ae6a1
p:  394860.74346711894
5d3db15c661dfbcadd1ae603
p:  278251.93039062887
5d3db19cfeef3f19531ae6a3
p:  279246.5824013977
5d3db1a33b83f8d6ae1ae62f
p:  163940.69135252124
5d3db2d47c87cb4ec51ae63b
p:  1421501.6679346587
5d3db3077624a32aa11ae60d
p:  276076.03471718746
5d3db45e7034c3ce001ae609
p:  368879.79214998015
5d3db473feef3f19531ae6a7
p:  352832.37660267437
5d3db56bfeef3f19531ae6a9
p:  306887.02715631336
5d3db6147c87cb4ec51ae63e
p:  476133.4844693983
5d3db6297034c3ce001ae60e
p:  351382.55917634425
5d3db6757034c3ce001ae60f
p:  203211.17777302105
5d3db6bf5b23d1a9041ae63e
p:  338437.2446378423
5d3db8927624a32aa11ae612
p:  456058.56746028963
5d3db8a05b23d1a9041ae63f
p:  280998.46625337715
5d3db9fa6d632c6e791ae624
p:  547498.6739052677
5d3dbb195b23d1a9041ae643
p:  360401.0561690629
5d3dbbd27624a32aa11ae614
p:  131543.8010011383
5d3dbdeffeef3f19531ae6b1
p:  353112.41650065384
5d3dbe336d632c6e791ae626
p:  229168.57663339376
5d3dbed9feef3f19531ae6b3
p:  514192.2583229958
5d3dbf056d632c6e791ae627
p:  388884.0366784589
5d3dbf1ffeef3f19531ae6b4
p:  1087616.921347058
5d3dbf3952b05deaed1ae64f
p:  568057.8979519133/home/testapiuser/HouseApp_2/PricePrediction/NHPrice.py:273: SettingWithCopyWarning: 
A value is trying to be set on a copy of a slice from a DataFrame.
Try using .loc[row_indexer,col_indexer] = value instead

See the caveats in the documentation: http://pandas.pydata.org/pandas-docs/stable/indexing.html#indexing-view-versus-copy
  df2['AreaSpace_SQFT'] = df2['AreaSpace_SQFT'].astype(int)
/home/testapiuser/HouseApp_2/PricePrediction/NHPrice.py:285: SettingWithCopyWarning: 
A value is trying to be set on a copy of a slice from a DataFrame.
Try using .loc[row_indexer,col_indexer] = value instead

See the caveats in the documentation: http://pandas.pydata.org/pandas-docs/stable/indexing.html#indexing-view-versus-copy
  df2['Price'] = z1
/home/testapiuser/HouseApp_2/PricePrediction/NHPrice.py:292: SettingWithCopyWarning: 
A value is trying to be set on a copy of a slice from a DataFrame.
Try using .loc[row_indexer,col_indexer] = value instead

See the caveats in the documentation: http://pandas.pydata.org/pandas-docs/stable/indexing.html#indexing-view-versus-copy
  df2['AreaSpace_SQFT'] = z2

5d3dc1bd661dfbcadd1ae615
p:  471634.18318915565
5d3dc226fadc9dd82b1ae624
p:  173655.89517576847
5d3dc33a52b05deaed1ae652
p:  344074.2924232
5d3dc4fefeef3f19531ae6ba
p:  497947.8298676949
5d3dc5745b23d1a9041ae647
p:  362112.5336767599
5d3dc656f678084b281ae62a
p:  329084.8258853484
5d3dc6777034c3ce001ae61f
p:  383965.1968757694
5d3dc6fea1d8f5dbb51ae739
p:  314470.1856385804
5d3dc84b3b83f8d6ae1ae642
p:  218408.82775889902
5d3dc8c0f678084b281ae62b
p:  904592.0852040916
5d3dcb21a1d8f5dbb51ae73e
p:  343933.6524420285
5d3dcd92fadc9dd82b1ae62b
p:  285540.9859009636
5d3dce1516cc19dae91ae68b
p:  302275.6420256061
5d3dcfcda1d8f5dbb51ae740
p:  619301.7330112241
5d3dd03e5b23d1a9041ae64e
p:  278159.68149914604
5d3dd04333331a07391ae620
p:  251848.84381647524
5d3dd0df33331a07391ae621
p:  165135.55800156842
5d3dd0e3fadc9dd82b1ae62f
p:  235732.77230556044
5d3dd1386d632c6e791ae642
p:  419445.47982917255
5d3dd3ed33331a07391ae624
p:  313798.09437591507
5d3dd4fdfeef3f19531ae6cc
p:  665041.0144918803
5d3dd54833331a07391ae626
p:  264722.3417017933
5d3dd54dfeef3f19531ae6cd
p:  551449.8434577979
5d3dd5906d632c6e791ae647
p:  203102.64869714
5d3dd5e76d632c6e791ae648
p:  292563.19387395715
5d3dda413b83f8d6ae1ae659
p:  760151.8741533785
5d3ddbb17624a32aa11ae634
p:  259385.5903457426
5d3ddc532e29f399281ae646
p:  420018.9623921872
5d3ddc83a1d8f5dbb51ae74a
p:  528827.7573509209
5d3ddd7214a7a8267f1ae60e
p:  506783.7938236169
5d3dddea5b23d1a9041ae65d
p:  325261.8881699098
5d3ddf0aa1d8f5dbb51ae74d
p:  520839.4175607519
5d3de1d2a1d8f5dbb51ae750
p:  391780.63938367215
5d3de306661dfbcadd1ae62d
p:  217803.80308864903
5d3de39a7624a32aa11ae63a
p:  705492.8372123188
5d3de3eca1d8f5dbb51ae752
p:  497387.6713713828
5d3de42516cc19dae91ae6a7
p:  199927.16794544557
5d3de585a1d8f5dbb51ae754
p:  438414.0968661803
5d3de5a96d632c6e791ae65b
p:  455367.6708190985
5d3de7a052b05deaed1ae67e
p:  155116.365860529
5d3de9175b23d1a9041ae666
p:  219164.92557332633
5d3de91ca1d8f5dbb51ae757
p:  473797.5377086431
5d3dea7f661dfbcadd1ae639
p:  449063.316894655
5d3deb29feef3f19531ae6ee
p:  326605.28959751513
5d3deb50f678084b281ae64f
p:  314782.60939608375
5d3ded02661dfbcadd1ae63d
p:  355346.2089554273
5d3ded606d632c6e791ae660
p:  299620.8670807028
5d3df2245b23d1a9041ae671
p:  397256.0157155758
5d3df29c5b23d1a9041ae674
p:  229050.63043640088
5d3df2e45b23d1a9041ae676
p:  262989.9175368965
5d3df769a1d8f5dbb51ae763
p:  474540.6948156706
5d3df8aaa1d8f5dbb51ae765
p:  561673.2102703489
5d3df9d5a1d8f5dbb51ae766
p:  516614.20791010204
5d3dfbd7feef3f19531ae70c
p:  1221568.6172950165
5d3dfdeba1d8f5dbb51ae76a
p:  535070.9233321429
5d3e0220a1d8f5dbb51ae76d
p:  460800.0958773722
5d3e11d1feef3f19531ae72c
p:  330010.2369665158
5d3e1214feef3f19531ae72d
p:  1093837.6317430888
5d3e1b4bfeef3f19531ae73a
p:  853971.1854545153
5d3e1cdefeef3f19531ae73f
p:  323304.25423538627
5d3e1d56feef3f19531ae740
p:  1382499.947664424
Current date and time: 2020-06-10 15:34:10
Successfully connect to DB.
train score for random_forest: 0.9240619183068475
test score for random_forest: 0.5436943077166447
The mean absolute error is:$ 127235.17171851773
r_Score: 0.5790516198102188
Voting Regressor (in): 0.9189242059714106
Voting Regressor: 0.5790516198102188
5d0e7fcb45ebd0b4c32fcf24
p:  541702.8853597986
5d1c22f6dbebfd779eefbcbf
p:  262833.71533809305
5d2b43ab47cfe46363877b87
p:  311868.34099831764
5d34b23518f8dde30a0abc89
p:  195582.00583761654
5d34f90718f8dde30a0abd0d
p:  217956.46770114353
5d3d004d5b23d1a9041ae56d
p:  371953.78160168265
5d3d034316cc19dae91ae56e
p:  343928.44525100174
5d3d042b16cc19dae91ae56f
p:  326196.6622163717
5d3d06766d632c6e791ae56d
p:  542316.6745021229
5d3d08225b23d1a9041ae576
p:  322808.5147469146
5d3d0884a1d8f5dbb51ae573
p:  345321.589332979
5d3d092aa1d8f5dbb51ae574
p:  336936.862175646
5d3d0a187c87cb4ec51ae582
p:  267506.1740729932
5d3d0a192e29f399281ae573
p:  329946.58837779844
5d3d0a567c87cb4ec51ae583
p:  228277.18149963132
5d3d0a6c16cc19dae91ae57b
p:  245386.34036341368
5d3d0a907c87cb4ec51ae584
p:  406920.00246983184
5d3d0c08661dfbcadd1ae576
p:  437312.6043032685
5d3d0c317624a32aa11ae578
p:  433670.52522509615
5d3d0c757624a32aa11ae579
p:  201246.3509825036
5d3d0ca2fadc9dd82b1ae57c
p:  258385.6708224252
5d3d0cbe33331a07391ae577
p:  142038.5898348161
5d3d0cce7624a32aa11ae57a
p:  302558.71669387573
5d3d0d3833331a07391ae578
p:  384630.6551404043
5d3d0de97624a32aa11ae57c
p:  227157.77052786996
5d3d0df5fadc9dd82b1ae57d
p:  132383.58657780796
5d3d0dfa7c87cb4ec51ae58f
p:  313112.10379079677
5d3d0e7c14a7a8267f1ae577
p:  224797.14749198873
5d3d12317c87cb4ec51ae596
p:  203892.21480651287
5d3d134af678084b281ae57b
p:  406210.9088418555
5d3d1441f678084b281ae57c
p:  227134.33223716248
5d3d144b14a7a8267f1ae57d
p:  217842.03132214234
5d3d1630661dfbcadd1ae580
p:  268481.17996015935
5d3d1715feef3f19531ae582
p:  123426.41751906811
5d3d17652e29f399281ae582
p:  1360041.3591059193
5d3d17d62e29f399281ae584
p:  246398.39321935747
5d3d18512e29f399281ae586
p:  272379.17133166455
5d3d190ff678084b281ae585
p:  389332.54209779867
5d3d19a1f678084b281ae586
p:  213451.07726311928
5d3d1bd133331a07391ae585
p:  276032.5039003676
5d3d1ca233331a07391ae586
p:  144097.83468287656
5d3d1cb27c87cb4ec51ae59f
p:  429590.7821672263
5d3d20677034c3ce001ae585
p:  154095.1321645783
5d3d207af678084b281ae58c
p:  481054.3913817611
5d3d20def678084b281ae58d
p:  258095.73395832116
5d3d21f83b83f8d6ae1ae58a
p:  322545.04284129443
5d3d22217034c3ce001ae586
p:  289069.37328348646
5d3d226852b05deaed1ae58f
p:  236515.1937563911
5d3d25846d632c6e791ae58e
p:  424676.9836720858
5d3d26c07034c3ce001ae58a
p:  261250.85852218687
5d3d26c252b05deaed1ae592
p:  186764.99311608542
5d3d27543b83f8d6ae1ae592
p:  174245.23720223393
5d3d27be7c87cb4ec51ae5a9
p:  439559.9553914527
5d3d28002e29f399281ae59c
p:  277261.9459670702
5d3d280d52b05deaed1ae594
p:  215567.78307952525
5d3d29877c87cb4ec51ae5ab
p:  321152.12534971896
5d3d2c0f2e29f399281ae5a0
p:  193124.53608106263
5d3d2f376d632c6e791ae597
p:  313387.3993778244
5d3d30577624a32aa11ae59d
p:  264796.1691887729
5d3d30576d632c6e791ae598
p:  549148.5701915339
5d3d337d7624a32aa11ae59f
p:  239641.7539807026
5d3d343d3b83f8d6ae1ae5a0
p:  296159.0953335704
5d3d373ff678084b281ae5a3
p:  462787.9598233565
5d3d38b87624a32aa11ae5a1
p:  220901.00655598321
5d3d38bbfadc9dd82b1ae5aa
p:  349259.06070665945
5d3d3a60f678084b281ae5a5
p:  238615.1187209898
5d3d3d5a661dfbcadd1ae5a4
p:  207109.43623192637
5d3d3e56a1d8f5dbb51ae5a7
p:  220345.95260441685
5d3d3e98f678084b281ae5a9
p:  295143.0623518394
5d3d402cf678084b281ae5ad
p:  391537.88083116506
5d3d40bb661dfbcadd1ae5a7
p:  257855.8509187281
5d3d436d7624a32aa11ae5ab
p:  217846.42139768915
5d3d4756a1d8f5dbb51ae5bf
p:  112832.03809554846
5d3d490116cc19dae91ae5a9
p:  245786.91430019605
5d3d4a9114a7a8267f1ae5a9
p:  291391.9465977192
5d3d4ad116cc19dae91ae5ab
p:  537568.4217737904
5d3d4b843b83f8d6ae1ae5ba
p:  470722.63464920095
5d3d4cbcf678084b281ae5bc
p:  361793.647655534
5d3d4d86feef3f19531ae5af
p:  360697.1696464098
5d3d4da67034c3ce001ae5b5
p:  296405.7556693078
5d3d4e857624a32aa11ae5b4
p:  210229.58930735255
5d3d4fb7a1d8f5dbb51ae5da
p:  198591.1392672185
5d3d508a2e29f399281ae5c9
p:  387376.2137752013
5d3d516e16cc19dae91ae5b4
p:  364568.9807753705
5d3d52db16cc19dae91ae5b6
p:  367747.86653450615
5d3d535114a7a8267f1ae5b1
p:  578301.6338231516
5d3d54f4a1d8f5dbb51ae5ed
p:  322177.1648116651
5d3d55316d632c6e791ae5c0
p:  467159.0536846818
5d3d5706feef3f19531ae5c4
p:  440942.3808006397
5d3d5834feef3f19531ae5c9
p:  559307.9376171047
5d3d583c7c87cb4ec51ae5e4
p:  155552.68070131398
5d3d58e6feef3f19531ae5cc
p:  323292.9565967764
5d3d5920feef3f19531ae5cd
p:  362121.4528489432
5d3d593b16cc19dae91ae5bd
p:  344815.05497904855
5d3d5950feef3f19531ae5ce
p:  689497.9021452401
5d3d5952a1d8f5dbb51ae5fa
p:  281067.34489471675
5d3d59bd14a7a8267f1ae5b7
p:  222690.67344335874
5d3d5a03661dfbcadd1ae5bb
p:  180131.85461945733
5d3d5b0f52b05deaed1ae5d9
p:  334307.4608645668
5d3d5c4352b05deaed1ae5e0
p:  228138.2127152938
5d3d5ca152b05deaed1ae5e2
p:  406490.2488249457
5d3d5e9aa1d8f5dbb51ae60d
p:  367785.21749424085
5d3d615c16cc19dae91ae5c4
p:  417412.73028057197
5d3d61707c87cb4ec51ae5f0
p:  181581.49810573127
5d3d62cd7c87cb4ec51ae5f2
p:  122258.35293436622
5d3d63617c87cb4ec51ae5f3
p:  122258.35293436622
5d3d641652b05deaed1ae5ee
p:  220386.41071636684
5d3d644d7c87cb4ec51ae5f4
p:  176218.94004265664
5d3d655b7c87cb4ec51ae5f5
p:  176218.94004265664
5d3d66577c87cb4ec51ae5f6
p:  375661.6153959738
5d3d668ff678084b281ae5d7
p:  260729.41241989774
5d3d673116cc19dae91ae5ca
p:  833150.751470152
5d3d6bbc33331a07391ae5c1
p:  158566.9237638217
5d3d6d347624a32aa11ae5c8
p:  236717.0163034932
5d3d72536d632c6e791ae5d9
p:  279321.3235294007
5d3d746afeef3f19531ae654
p:  98200.36075811074
5d3d76136d632c6e791ae5de
p:  180931.30264878573
5d3d7629a1d8f5dbb51ae65b
p:  167145.46163684825
5d3d78007034c3ce001ae5d0
p:  168174.79154076794
5d3d7a3c2e29f399281ae5eb
p:  230292.8384656257
5d3d7c8433331a07391ae5cf
p:  395143.4059284392
5d3d8a65a1d8f5dbb51ae6a1
p:  327197.78702831076
5d3d8e4b5b23d1a9041ae61f
p:  191139.37202073226
5d3d9314fadc9dd82b1ae5f9
p:  851588.2438499759
5d3d95726d632c6e791ae5ff
p:  202555.28639462672
5d3d967c7624a32aa11ae5f9
p:  264773.33647336415
5d3d97356d632c6e791ae600
p:  274427.612885403
5d3d9dfb5b23d1a9041ae62c
p:  304110.4258690645
5d3da22c52b05deaed1ae631
p:  422005.9595150654
5d3da27952b05deaed1ae632
p:  311804.5705532291
5d3da43fa1d8f5dbb51ae6fd
p:  670180.3070191509
5d3da745feef3f19531ae697
p:  322649.2415822529
5d3da7acfeef3f19531ae698
p:  276645.314521575
5d3da86efeef3f19531ae69a
p:  513151.0545967604
5d3dab51feef3f19531ae69c
p:  509957.6399677654
5d3dad4d7c87cb4ec51ae636
p:  464001.4946099761
5d3dad8d2e29f399281ae615
p:  263848.76518421946
5d3dae0052b05deaed1ae63e
p:  378962.6283154742
5d3dae4efeef3f19531ae69f
p:  317446.29372765194
5d3daf097c87cb4ec51ae637
p:  509696.92790591426
5d3daf447c87cb4ec51ae638
p:  483308.8508532813
5d3db0427c87cb4ec51ae63a
p:  464812.5624085801
5d3db0c7feef3f19531ae6a1
p:  396160.2507415408
5d3db15c661dfbcadd1ae603
p:  301927.5344456576
5d3db19cfeef3f19531ae6a3
p:  267723.63471815316
5d3db1a33b83f8d6ae1ae62f
p:  172366.496985853
5d3db2d47c87cb4ec51ae63b
p:  1494747.0907849132
5d3db3077624a32aa11ae60d
p:  265061.12413954106
5d3db45e7034c3ce001ae609
p:  314163.7109229166
5d3db473feef3f19531ae6a7
p:  362990.7741859097
5d3db56bfeef3f19531ae6a9
p:  303615.3748332011
5d3db6147c87cb4ec51ae63e
p:  449583.5574707625
5d3db6297034c3ce001ae60e
p:  331634.7420473425
5d3db6757034c3ce001ae60f
p:  191547.53770741646
5d3db6bf5b23d1a9041ae63e
p:  323285.27731531067
5d3db8927624a32aa11ae612
p:  404096.8209472406
5d3db8a05b23d1a9041ae63f
p:  286097.39057155506
5d3db9fa6d632c6e791ae624
p:  546700.749532691
5d3dbb195b23d1a9041ae643
p:  353633.64011376776
5d3dbbd27624a32aa11ae614
p:  130707.38247828938
5d3dbdeffeef3f19531ae6b1
p:  368821.8673251298
5d3dbe336d632c6e791ae626
p:  225690.58359193598
5d3dbed9feef3f19531ae6b3
p:  517694.7045857882
5d3dbf056d632c6e791ae627
p:  396029.8201832279
5d3dbf1ffeef3f19531ae6b4
p:  1206961.5624860367
5d3dbf3952b05deaed1ae64f
p:  559803.8623115285/home/testapiuser/HouseApp_2/PricePrediction/NHPrice.py:273: SettingWithCopyWarning: 
A value is trying to be set on a copy of a slice from a DataFrame.
Try using .loc[row_indexer,col_indexer] = value instead

See the caveats in the documentation: http://pandas.pydata.org/pandas-docs/stable/indexing.html#indexing-view-versus-copy
  df2['AreaSpace_SQFT'] = df2['AreaSpace_SQFT'].astype(int)
/home/testapiuser/HouseApp_2/PricePrediction/NHPrice.py:285: SettingWithCopyWarning: 
A value is trying to be set on a copy of a slice from a DataFrame.
Try using .loc[row_indexer,col_indexer] = value instead

See the caveats in the documentation: http://pandas.pydata.org/pandas-docs/stable/indexing.html#indexing-view-versus-copy
  df2['Price'] = z1
/home/testapiuser/HouseApp_2/PricePrediction/NHPrice.py:292: SettingWithCopyWarning: 
A value is trying to be set on a copy of a slice from a DataFrame.
Try using .loc[row_indexer,col_indexer] = value instead

See the caveats in the documentation: http://pandas.pydata.org/pandas-docs/stable/indexing.html#indexing-view-versus-copy
  df2['AreaSpace_SQFT'] = z2

5d3dc1bd661dfbcadd1ae615
p:  479566.9664249249
5d3dc226fadc9dd82b1ae624
p:  190801.62257019032
5d3dc33a52b05deaed1ae652
p:  320274.43275689246
5d3dc4fefeef3f19531ae6ba
p:  499414.83762740635
5d3dc5745b23d1a9041ae647
p:  356807.27753514895
5d3dc656f678084b281ae62a
p:  314063.41173325223
5d3dc6777034c3ce001ae61f
p:  380304.77977319923
5d3dc6fea1d8f5dbb51ae739
p:  321447.18093740335
5d3dc84b3b83f8d6ae1ae642
p:  229311.0713433805
5d3dc8c0f678084b281ae62b
p:  896191.5586707781
5d3dcb21a1d8f5dbb51ae73e
p:  289125.0879758686
5d3dcd92fadc9dd82b1ae62b
p:  279628.7147241064
5d3dce1516cc19dae91ae68b
p:  304056.7523988015
5d3dcfcda1d8f5dbb51ae740
p:  587132.4242509184
5d3dd03e5b23d1a9041ae64e
p:  285097.8130262479
5d3dd04333331a07391ae620
p:  243814.66009259192
5d3dd0df33331a07391ae621
p:  157955.46373045235
5d3dd0e3fadc9dd82b1ae62f
p:  231010.93975730526
5d3dd1386d632c6e791ae642
p:  410978.58779760974
5d3dd3ed33331a07391ae624
p:  312030.6015770439
5d3dd4fdfeef3f19531ae6cc
p:  625917.6348768626
5d3dd54833331a07391ae626
p:  262817.01375425165
5d3dd54dfeef3f19531ae6cd
p:  524341.977664497
5d3dd5906d632c6e791ae647
p:  193465.662413173
5d3dd5e76d632c6e791ae648
p:  348356.41861257044
5d3dda413b83f8d6ae1ae659
p:  787132.9404494219
5d3ddbb17624a32aa11ae634
p:  258372.12558921118
5d3ddc532e29f399281ae646
p:  404237.5050090765
5d3ddc83a1d8f5dbb51ae74a
p:  512242.1539104187
5d3ddd7214a7a8267f1ae60e
p:  455287.9326180621
5d3dddea5b23d1a9041ae65d
p:  300451.0421829946
5d3ddf0aa1d8f5dbb51ae74d
p:  594294.7167334988
5d3de1d2a1d8f5dbb51ae750
p:  428324.5260085169
5d3de306661dfbcadd1ae62d
p:  226934.96031956468
5d3de39a7624a32aa11ae63a
p:  795145.5169065105
5d3de3eca1d8f5dbb51ae752
p:  463120.9776488879
5d3de42516cc19dae91ae6a7
p:  200297.89204255427
5d3de585a1d8f5dbb51ae754
p:  464660.67715527094
5d3de5a96d632c6e791ae65b
p:  469382.4277067616
5d3de7a052b05deaed1ae67e
p:  163932.84476473433
5d3de9175b23d1a9041ae666
p:  215095.83783942324
5d3de91ca1d8f5dbb51ae757
p:  476237.75955772796
5d3dea7f661dfbcadd1ae639
p:  439721.4356350478
5d3deb29feef3f19531ae6ee
p:  314179.91930887336
5d3deb50f678084b281ae64f
p:  322851.644240974
5d3ded02661dfbcadd1ae63d
p:  376179.89734389936
5d3ded606d632c6e791ae660
p:  324036.7907941274
5d3df2245b23d1a9041ae671
p:  380874.35269768327
5d3df29c5b23d1a9041ae674
p:  191718.4657169734
5d3df2e45b23d1a9041ae676
p:  266902.6263285382
5d3df769a1d8f5dbb51ae763
p:  459108.04750955873
5d3df8aaa1d8f5dbb51ae765
p:  555022.0771015829
5d3df9d5a1d8f5dbb51ae766
p:  538131.2510573436
5d3dfbd7feef3f19531ae70c
p:  1321827.2976663099
5d3dfdeba1d8f5dbb51ae76a
p:  544511.346788049
5d3e0220a1d8f5dbb51ae76d
p:  466282.3738993515
5d3e11d1feef3f19531ae72c
p:  315164.47369112086
5d3e1214feef3f19531ae72d
p:  1103631.106815774
5d3e1b4bfeef3f19531ae73a
p:  1030784.1399553218
5d3e1cdefeef3f19531ae73f
p:  299961.7353676143
5d3e1d56feef3f19531ae740
p:  1132402.3178539893
Current date and time: 2020-06-11 15:34:10
Successfully connect to DB.
train score for random_forest: 0.9249521828520476
test score for random_forest: 0.5525461036561271
The mean absolute error is:$ 126909.7815411199
r_Score: 0.5827212769257643
Voting Regressor (in): 0.9195833937358833
Voting Regressor: 0.5827212769257643
5d0e7fcb45ebd0b4c32fcf24
p:  501055.56032648834
5d1c22f6dbebfd779eefbcbf
p:  256322.48015337545
5d2b43ab47cfe46363877b87
p:  301523.01470543165
5d34b23518f8dde30a0abc89
p:  192261.19520348305
5d34f90718f8dde30a0abd0d
p:  222113.39544212856
5d3d004d5b23d1a9041ae56d
p:  300820.1439510959
5d3d034316cc19dae91ae56e
p:  345317.9031970714
5d3d042b16cc19dae91ae56f
p:  322552.0354471266
5d3d06766d632c6e791ae56d
p:  529081.7073929209
5d3d08225b23d1a9041ae576
p:  321056.61175775435
5d3d0884a1d8f5dbb51ae573
p:  338281.28513454314
5d3d092aa1d8f5dbb51ae574
p:  336601.04716740415
5d3d0a187c87cb4ec51ae582
p:  265404.8758816885
5d3d0a192e29f399281ae573
p:  336920.3540105423
5d3d0a567c87cb4ec51ae583
p:  231904.48221496714
5d3d0a6c16cc19dae91ae57b
p:  240306.04990402202
5d3d0a907c87cb4ec51ae584
p:  404987.5452326974
5d3d0c08661dfbcadd1ae576
p:  440753.7959351087
5d3d0c317624a32aa11ae578
p:  479955.65228874056
5d3d0c757624a32aa11ae579
p:  204750.77082704334
5d3d0ca2fadc9dd82b1ae57c
p:  247868.76693426125
5d3d0cbe33331a07391ae577
p:  146793.84809581575
5d3d0cce7624a32aa11ae57a
p:  302373.72118277545
5d3d0d3833331a07391ae578
p:  411516.4856864959
5d3d0de97624a32aa11ae57c
p:  229262.84641139285
5d3d0df5fadc9dd82b1ae57d
p:  132648.44700152247
5d3d0dfa7c87cb4ec51ae58f
p:  337423.82332930795
5d3d0e7c14a7a8267f1ae577
p:  221636.25734647876
5d3d12317c87cb4ec51ae596
p:  202906.83618745484
5d3d134af678084b281ae57b
p:  409659.2634294651
5d3d1441f678084b281ae57c
p:  233578.93364054518
5d3d144b14a7a8267f1ae57d
p:  210960.36203536403
5d3d1630661dfbcadd1ae580
p:  268259.85680204397
5d3d1715feef3f19531ae582
p:  122330.93679682631
5d3d17652e29f399281ae582
p:  1228681.1166629405
5d3d17d62e29f399281ae584
p:  245872.64123408968
5d3d18512e29f399281ae586
p:  271323.3327140688
5d3d190ff678084b281ae585
p:  383679.73577646376
5d3d19a1f678084b281ae586
p:  211681.3760811864
5d3d1bd133331a07391ae585
p:  270959.986456407
5d3d1ca233331a07391ae586
p:  142706.1853042054
5d3d1cb27c87cb4ec51ae59f
p:  440931.81182748696
5d3d20677034c3ce001ae585
p:  154235.17151677646
5d3d207af678084b281ae58c
p:  436850.49394704204
5d3d20def678084b281ae58d
p:  251065.11941444073
5d3d21f83b83f8d6ae1ae58a
p:  318093.7848007659
5d3d22217034c3ce001ae586
p:  301228.5437839648
5d3d226852b05deaed1ae58f
p:  243427.97421966412
5d3d25846d632c6e791ae58e
p:  414493.0421068108
5d3d26c07034c3ce001ae58a
p:  258795.12034847902
5d3d26c252b05deaed1ae592
p:  175676.0559504258
5d3d27543b83f8d6ae1ae592
p:  174764.61435471027
5d3d27be7c87cb4ec51ae5a9
p:  434951.474454586
5d3d28002e29f399281ae59c
p:  287258.53517333954
5d3d280d52b05deaed1ae594
p:  208607.15214386943
5d3d29877c87cb4ec51ae5ab
p:  346090.0422869392
5d3d2c0f2e29f399281ae5a0
p:  188761.35305588733
5d3d2f376d632c6e791ae597
p:  335702.0054510074
5d3d30577624a32aa11ae59d
p:  255950.49419800553
5d3d30576d632c6e791ae598
p:  619948.4982564605
5d3d337d7624a32aa11ae59f
p:  231877.4798972573
5d3d343d3b83f8d6ae1ae5a0
p:  292874.3732874332
5d3d373ff678084b281ae5a3
p:  471203.77959441347
5d3d38b87624a32aa11ae5a1
p:  219373.3836005252
5d3d38bbfadc9dd82b1ae5aa
p:  353384.6023401843
5d3d3a60f678084b281ae5a5
p:  227789.02683510794
5d3d3d5a661dfbcadd1ae5a4
p:  210815.40598478605
5d3d3e56a1d8f5dbb51ae5a7
p:  222834.3540571275
5d3d3e98f678084b281ae5a9
p:  275748.4113311514
5d3d402cf678084b281ae5ad
p:  379679.8048990178
5d3d40bb661dfbcadd1ae5a7
p:  236318.46550410686
5d3d436d7624a32aa11ae5ab
p:  223117.72710003247
5d3d4756a1d8f5dbb51ae5bf
p:  113379.7401540599
5d3d490116cc19dae91ae5a9
p:  220936.2438860872
5d3d4a9114a7a8267f1ae5a9
p:  294312.3188875735
5d3d4ad116cc19dae91ae5ab
p:  539568.217431249
5d3d4b843b83f8d6ae1ae5ba
p:  478913.58060954034
5d3d4cbcf678084b281ae5bc
p:  347617.1734794072
5d3d4d86feef3f19531ae5af
p:  387334.57042544964
5d3d4da67034c3ce001ae5b5
p:  299152.714103034
5d3d4e857624a32aa11ae5b4
p:  213703.7012597475
5d3d4fb7a1d8f5dbb51ae5da
p:  203439.25730956253
5d3d508a2e29f399281ae5c9
p:  391610.4458785185
5d3d516e16cc19dae91ae5b4
p:  387788.3586220804
5d3d52db16cc19dae91ae5b6
p:  415458.84765531484
5d3d535114a7a8267f1ae5b1
p:  590371.4938189253
5d3d54f4a1d8f5dbb51ae5ed
p:  317445.3210130146
5d3d55316d632c6e791ae5c0
p:  465307.24467916467
5d3d5706feef3f19531ae5c4
p:  462519.7928639932
5d3d5834feef3f19531ae5c9
p:  613080.9993267644
5d3d583c7c87cb4ec51ae5e4
p:  182610.0508264262
5d3d58e6feef3f19531ae5cc
p:  321891.6339286206
5d3d5920feef3f19531ae5cd
p:  328448.1677757735
5d3d593b16cc19dae91ae5bd
p:  329646.63029205264
5d3d5950feef3f19531ae5ce
p:  707177.6666240992
5d3d5952a1d8f5dbb51ae5fa
p:  271020.2761597249
5d3d59bd14a7a8267f1ae5b7
p:  206308.94356495008
5d3d5a03661dfbcadd1ae5bb
p:  186621.00368453813
5d3d5b0f52b05deaed1ae5d9
p:  329993.73480815184
5d3d5c4352b05deaed1ae5e0
p:  227138.62872142307
5d3d5ca152b05deaed1ae5e2
p:  446881.4255498027
5d3d5e9aa1d8f5dbb51ae60d
p:  343396.5078938117
5d3d615c16cc19dae91ae5c4
p:  416089.658613791
5d3d61707c87cb4ec51ae5f0
p:  155314.32631156966
5d3d62cd7c87cb4ec51ae5f2
p:  119106.7150175132
5d3d63617c87cb4ec51ae5f3
p:  119106.7150175132
5d3d641652b05deaed1ae5ee
p:  218324.90537045497
5d3d644d7c87cb4ec51ae5f4
p:  148019.86465613067
5d3d655b7c87cb4ec51ae5f5
p:  148019.86465613067
5d3d66577c87cb4ec51ae5f6
p:  351850.6315035453
5d3d668ff678084b281ae5d7
p:  259490.05623943545
5d3d673116cc19dae91ae5ca
p:  682149.1212900549
5d3d6bbc33331a07391ae5c1
p:  158065.6386727081
5d3d6d347624a32aa11ae5c8
p:  240338.89581753855
5d3d72536d632c6e791ae5d9
p:  272838.90197337704
5d3d746afeef3f19531ae654
p:  77213.2818968127
5d3d76136d632c6e791ae5de
p:  197359.07019507728
5d3d7629a1d8f5dbb51ae65b
p:  188314.81091521948
5d3d78007034c3ce001ae5d0
p:  166664.00752926402
5d3d7a3c2e29f399281ae5eb
p:  237910.31329287688
5d3d7c8433331a07391ae5cf
p:  478647.5025121671
5d3d8a65a1d8f5dbb51ae6a1
p:  311001.15176387434
5d3d8e4b5b23d1a9041ae61f
p:  220272.90986385877
5d3d9314fadc9dd82b1ae5f9
p:  1007517.0591618773
5d3d95726d632c6e791ae5ff
p:  191845.67749467143
5d3d967c7624a32aa11ae5f9
p:  218021.45706163882
5d3d97356d632c6e791ae600
p:  268722.678366722
5d3d9dfb5b23d1a9041ae62c
p:  299819.7127310592
5d3da22c52b05deaed1ae631
p:  422002.34191696113
5d3da27952b05deaed1ae632
p:  306090.1717663279
5d3da43fa1d8f5dbb51ae6fd
p:  690481.0511477054
5d3da745feef3f19531ae697
p:  319052.17046010087
5d3da7acfeef3f19531ae698
p:  280440.88057030423
5d3da86efeef3f19531ae69a
p:  524840.0450654808
5d3dab51feef3f19531ae69c
p:  528428.2681892505
5d3dad4d7c87cb4ec51ae636
p:  412226.57462980517
5d3dad8d2e29f399281ae615
p:  210963.47005876375
5d3dae0052b05deaed1ae63e
p:  367901.48095399735
5d3dae4efeef3f19531ae69f
p:  304570.63748801756
5d3daf097c87cb4ec51ae637
p:  520689.48359851004
5d3daf447c87cb4ec51ae638
p:  467897.39927864843
5d3db0427c87cb4ec51ae63a
p:  389378.1096254281
5d3db0c7feef3f19531ae6a1
p:  406035.15851004544
5d3db15c661dfbcadd1ae603
p:  281064.4509852602
5d3db19cfeef3f19531ae6a3
p:  270130.5397823285
5d3db1a33b83f8d6ae1ae62f
p:  165507.14788410935
5d3db2d47c87cb4ec51ae63b
p:  1263639.086745191
5d3db3077624a32aa11ae60d
p:  269008.4549957893
5d3db45e7034c3ce001ae609
p:  469570.87676726375
5d3db473feef3f19531ae6a7
p:  339759.46484304103
5d3db56bfeef3f19531ae6a9
p:  301328.0881205787
5d3db6147c87cb4ec51ae63e
p:  460935.55762818386
5d3db6297034c3ce001ae60e
p:  352557.3491254763
5d3db6757034c3ce001ae60f
p:  195009.14164513745
5d3db6bf5b23d1a9041ae63e
p:  313621.6677708239
5d3db8927624a32aa11ae612
p:  451967.4087293236
5d3db8a05b23d1a9041ae63f
p:  274351.0835986674
5d3db9fa6d632c6e791ae624
p:  544465.594460678
5d3dbb195b23d1a9041ae643
p:  323900.4331522672
5d3dbbd27624a32aa11ae614
p:  127881.71611269545
5d3dbdeffeef3f19531ae6b1
p:  368617.76121427515
5d3dbe336d632c6e791ae626
p:  215401.9693773226
5d3dbed9feef3f19531ae6b3
p:  539917.8187023255
5d3dbf056d632c6e791ae627
p:  396554.9685542824
5d3dbf1ffeef3f19531ae6b4
p:  1009269.0789095949
5d3dbf3952b05deaed1ae64f
p:  571490.2665905915/home/testapiuser/HouseApp_2/PricePrediction/NHPrice.py:273: SettingWithCopyWarning: 
A value is trying to be set on a copy of a slice from a DataFrame.
Try using .loc[row_indexer,col_indexer] = value instead

See the caveats in the documentation: http://pandas.pydata.org/pandas-docs/stable/indexing.html#indexing-view-versus-copy
  df2['AreaSpace_SQFT'] = df2['AreaSpace_SQFT'].astype(int)
/home/testapiuser/HouseApp_2/PricePrediction/NHPrice.py:285: SettingWithCopyWarning: 
A value is trying to be set on a copy of a slice from a DataFrame.
Try using .loc[row_indexer,col_indexer] = value instead

See the caveats in the documentation: http://pandas.pydata.org/pandas-docs/stable/indexing.html#indexing-view-versus-copy
  df2['Price'] = z1
/home/testapiuser/HouseApp_2/PricePrediction/NHPrice.py:292: SettingWithCopyWarning: 
A value is trying to be set on a copy of a slice from a DataFrame.
Try using .loc[row_indexer,col_indexer] = value instead

See the caveats in the documentation: http://pandas.pydata.org/pandas-docs/stable/indexing.html#indexing-view-versus-copy
  df2['AreaSpace_SQFT'] = z2

5d3dc1bd661dfbcadd1ae615
p:  458159.8871028557
5d3dc226fadc9dd82b1ae624
p:  175886.78433110277
5d3dc33a52b05deaed1ae652
p:  322062.90652476926
5d3dc4fefeef3f19531ae6ba
p:  515463.45420731674
5d3dc5745b23d1a9041ae647
p:  371719.02836773905
5d3dc656f678084b281ae62a
p:  333228.7024435926
5d3dc6777034c3ce001ae61f
p:  369636.75074975763
5d3dc6fea1d8f5dbb51ae739
p:  332513.03231533663
5d3dc84b3b83f8d6ae1ae642
p:  226364.73838255036
5d3dc8c0f678084b281ae62b
p:  908424.5225314138
5d3dcb21a1d8f5dbb51ae73e
p:  326223.5716173777
5d3dcd92fadc9dd82b1ae62b
p:  277252.05019185564
5d3dce1516cc19dae91ae68b
p:  291186.1637514009
5d3dcfcda1d8f5dbb51ae740
p:  612162.6293625869
5d3dd03e5b23d1a9041ae64e
p:  294994.1083181555
5d3dd04333331a07391ae620
p:  245829.20656649838
5d3dd0df33331a07391ae621
p:  182616.0528439614
5d3dd0e3fadc9dd82b1ae62f
p:  226390.65071414033
5d3dd1386d632c6e791ae642
p:  508666.1418651397
5d3dd3ed33331a07391ae624
p:  316675.92199065024
5d3dd4fdfeef3f19531ae6cc
p:  675757.2954575551
5d3dd54833331a07391ae626
p:  266921.14418564155
5d3dd54dfeef3f19531ae6cd
p:  563476.7087144889
5d3dd5906d632c6e791ae647
p:  212842.44487708737
5d3dd5e76d632c6e791ae648
p:  351498.54388023104
5d3dda413b83f8d6ae1ae659
p:  787085.1297088824
5d3ddbb17624a32aa11ae634
p:  265929.75593948644
5d3ddc532e29f399281ae646
p:  415530.4129270604
5d3ddc83a1d8f5dbb51ae74a
p:  513532.4401809031
5d3ddd7214a7a8267f1ae60e
p:  451180.09658213693
5d3dddea5b23d1a9041ae65d
p:  310677.49304766575
5d3ddf0aa1d8f5dbb51ae74d
p:  574954.0472609387
5d3de1d2a1d8f5dbb51ae750
p:  456137.9828951362
5d3de306661dfbcadd1ae62d
p:  227102.11339918606
5d3de39a7624a32aa11ae63a
p:  572893.1629047194
5d3de3eca1d8f5dbb51ae752
p:  494288.1980411519
5d3de42516cc19dae91ae6a7
p:  208734.31016636672
5d3de585a1d8f5dbb51ae754
p:  504205.3539249326
5d3de5a96d632c6e791ae65b
p:  486529.5839537528
5d3de7a052b05deaed1ae67e
p:  200704.30693373753
5d3de9175b23d1a9041ae666
p:  221535.02128174674
5d3de91ca1d8f5dbb51ae757
p:  463682.46020986664
5d3dea7f661dfbcadd1ae639
p:  453758.9815727874
5d3deb29feef3f19531ae6ee
p:  356914.93505772116
5d3deb50f678084b281ae64f
p:  310957.35347321583
5d3ded02661dfbcadd1ae63d
p:  369702.5275455313
5d3ded606d632c6e791ae660
p:  318675.1488150099
5d3df2245b23d1a9041ae671
p:  412861.8499152126
5d3df29c5b23d1a9041ae674
p:  207288.2361907842
5d3df2e45b23d1a9041ae676
p:  274358.16113292996
5d3df769a1d8f5dbb51ae763
p:  477374.8706540423
5d3df8aaa1d8f5dbb51ae765
p:  549220.1624480326
5d3df9d5a1d8f5dbb51ae766
p:  510713.9563272795
5d3dfbd7feef3f19531ae70c
p:  1315795.2666582805
5d3dfdeba1d8f5dbb51ae76a
p:  567101.0261891795
5d3e0220a1d8f5dbb51ae76d
p:  441937.2980150202
5d3e11d1feef3f19531ae72c
p:  335145.45314008056
5d3e1214feef3f19531ae72d
p:  1290876.98168587
5d3e1b4bfeef3f19531ae73a
p:  899456.5247567114
5d3e1cdefeef3f19531ae73f
p:  350107.39797271497
5d3e1d56feef3f19531ae740
p:  1229225.2441036273
Current date and time: 2020-06-12 15:34:10
Successfully connect to DB.
train score for random_forest: 0.9260347318934906
test score for random_forest: 0.5465178437664022
The mean absolute error is:$ 126394.75702811369
r_Score: 0.5770098929486135
Voting Regressor (in): 0.9174504562809833
Voting Regressor: 0.5770098929486135
5d0e7fcb45ebd0b4c32fcf24
p:  542088.884132692
5d1c22f6dbebfd779eefbcbf
p:  249667.34475981805
5d2b43ab47cfe46363877b87
p:  314659.91265511524
5d34b23518f8dde30a0abc89
p:  191068.5500465812
5d34f90718f8dde30a0abd0d
p:  210821.53258549026
5d3d004d5b23d1a9041ae56d
p:  293451.98917221976
5d3d034316cc19dae91ae56e
p:  329686.4373532527
5d3d042b16cc19dae91ae56f
p:  318341.96230452665
5d3d06766d632c6e791ae56d
p:  535118.1825610732
5d3d08225b23d1a9041ae576
p:  320979.7473719805
5d3d0884a1d8f5dbb51ae573
p:  352841.156914377
5d3d092aa1d8f5dbb51ae574
p:  333841.1281251368
5d3d0a187c87cb4ec51ae582
p:  272813.5835158239
5d3d0a192e29f399281ae573
p:  322349.8925571767
5d3d0a567c87cb4ec51ae583
p:  219273.75169986484
5d3d0a6c16cc19dae91ae57b
p:  249089.28458226833
5d3d0a907c87cb4ec51ae584
p:  407579.81661171815
5d3d0c08661dfbcadd1ae576
p:  438944.81171523
5d3d0c317624a32aa11ae578
p:  397981.14114686335
5d3d0c757624a32aa11ae579
p:  199353.64565784964
5d3d0ca2fadc9dd82b1ae57c
p:  256018.29928843846
5d3d0cbe33331a07391ae577
p:  139609.20544198886
5d3d0cce7624a32aa11ae57a
p:  303671.4143432557
5d3d0d3833331a07391ae578
p:  348366.0765148243
5d3d0de97624a32aa11ae57c
p:  213104.76121038944
5d3d0df5fadc9dd82b1ae57d
p:  135107.1937366908
5d3d0dfa7c87cb4ec51ae58f
p:  327980.3486858371
5d3d0e7c14a7a8267f1ae577
p:  222190.65087261295
5d3d12317c87cb4ec51ae596
p:  188082.15659584437
5d3d134af678084b281ae57b
p:  407163.65463524946
5d3d1441f678084b281ae57c
p:  232308.91466612834
5d3d144b14a7a8267f1ae57d
p:  217246.4893207557
5d3d1630661dfbcadd1ae580
p:  265812.8179841987
5d3d1715feef3f19531ae582
p:  129006.5861713851
5d3d17652e29f399281ae582
p:  1186751.9926352864
5d3d17d62e29f399281ae584
p:  208077.59998181468
5d3d18512e29f399281ae586
p:  270286.0787795761
5d3d190ff678084b281ae585
p:  387417.5636011738
5d3d19a1f678084b281ae586
p:  212147.08353939126
5d3d1bd133331a07391ae585
p:  272142.3969521173
5d3d1ca233331a07391ae586
p:  138243.92511903826
5d3d1cb27c87cb4ec51ae59f
p:  420723.9171892576
5d3d20677034c3ce001ae585
p:  149331.28529895563
5d3d207af678084b281ae58c
p:  458083.1378079877
5d3d20def678084b281ae58d
p:  250763.5917281033
5d3d21f83b83f8d6ae1ae58a
p:  333800.36116139626
5d3d22217034c3ce001ae586
p:  275072.19222330314
5d3d226852b05deaed1ae58f
p:  264582.03575312905
5d3d25846d632c6e791ae58e
p:  397189.30226207036
5d3d26c07034c3ce001ae58a
p:  261385.44110588892
5d3d26c252b05deaed1ae592
p:  180630.06484857708
5d3d27543b83f8d6ae1ae592
p:  169930.27229865204
5d3d27be7c87cb4ec51ae5a9
p:  434137.2039575699
5d3d28002e29f399281ae59c
p:  288103.52980581776
5d3d280d52b05deaed1ae594
p:  207814.7514168431
5d3d29877c87cb4ec51ae5ab
p:  331510.82314391254
5d3d2c0f2e29f399281ae5a0
p:  186974.46389335615
5d3d2f376d632c6e791ae597
p:  312495.8153356433
5d3d30577624a32aa11ae59d
p:  262682.1295211384
5d3d30576d632c6e791ae598
p:  559694.9524408961
5d3d337d7624a32aa11ae59f
p:  239352.2896851411
5d3d343d3b83f8d6ae1ae5a0
p:  291280.47168821073
5d3d373ff678084b281ae5a3
p:  453902.27267799026
5d3d38b87624a32aa11ae5a1
p:  224253.1296535242
5d3d38bbfadc9dd82b1ae5aa
p:  350725.20074515004
5d3d3a60f678084b281ae5a5
p:  229707.20150521718
5d3d3d5a661dfbcadd1ae5a4
p:  212929.1811102503
5d3d3e56a1d8f5dbb51ae5a7
p:  220715.5578990212
5d3d3e98f678084b281ae5a9
p:  289830.5183366799
5d3d402cf678084b281ae5ad
p:  365980.8250406111
5d3d40bb661dfbcadd1ae5a7
p:  257249.73312505218
5d3d436d7624a32aa11ae5ab
p:  225482.78289062387
5d3d4756a1d8f5dbb51ae5bf
p:  123282.46062838199
5d3d490116cc19dae91ae5a9
p:  230847.17773367112
5d3d4a9114a7a8267f1ae5a9
p:  302557.9657050608
5d3d4ad116cc19dae91ae5ab
p:  528063.0429124892
5d3d4b843b83f8d6ae1ae5ba
p:  449954.93439559796
5d3d4cbcf678084b281ae5bc
p:  342630.46050702664
5d3d4d86feef3f19531ae5af
p:  360007.03592787066
5d3d4da67034c3ce001ae5b5
p:  293016.7107906841
5d3d4e857624a32aa11ae5b4
p:  211977.1969138918
5d3d4fb7a1d8f5dbb51ae5da
p:  216740.75971925
5d3d508a2e29f399281ae5c9
p:  385889.2182543196
5d3d516e16cc19dae91ae5b4
p:  373295.2474960648
5d3d52db16cc19dae91ae5b6
p:  366043.81382663234
5d3d535114a7a8267f1ae5b1
p:  634106.1560453523
5d3d54f4a1d8f5dbb51ae5ed
p:  317798.8623276007
5d3d55316d632c6e791ae5c0
p:  465938.7210526789
5d3d5706feef3f19531ae5c4
p:  461744.91386880