Current date and time: 2020-06-07 15:34:19
Successfully connect to DB.
For ['Warren', 'Sussex', 'Passaic', 'Bergen', 'Morris', 'Essex', 'Hudson']#################################################################
train score for random_forest: 0.9616297502054487
test score for random_forest: 0.7563836777357316
The mean absolute error is:$ 138419.7914423403
r_Score: 0.7881665774884369
Voting Regressor (in): 0.9457352933363687
Voting Regressor: 0.7881665774884369
5d09100f0e7b637eb21f6d9a
p:  336246.5454720906
5d0910890e7b637eb21f6d9c
p:  461150.0495950378
5d090ffe0e7b637eb21f6d97
p:  642165.4549399992
5d09105b0e7b637eb21f6d9b
p:  684456.4878862922
5d09100a0e7b637eb21f6d99
p:  523822.2013475047
5d0905bd0e7b637eb21f6d70
p:  472764.4455004317
5d090e1b0e7b637eb21f6d89
p:  236910.86883107317
5d0910050e7b637eb21f6d98
p:  677180.6521761195
5d0b496f19aeb54ebe6efb73
p:  591879.4078948067
5d0b497719aeb54ebe6efb74
p:  715880.9519505051
5d0b498219aeb54ebe6efb75
p:  464329.3508924119
5d0b498819aeb54ebe6efb76
p:  406039.5731238028
5d0b499b19aeb54ebe6efb77
p:  425746.69611676544
5d0b4c9419aeb54ebe6efb86
p:  484493.57481293747
5d0b4ce219aeb54ebe6efb88
p:  392206.9772917718
5d0b4cf519aeb54ebe6efb8b
p:  299030.8353859511
5d0b4dc419aeb54ebe6efb8c
p:  300413.3076654691
5d0b4e1319aeb54ebe6efb8d
p:  233962.6050242437
5d0b58a519aeb54ebe6efbdb
p:  358414.4480968814
5d0b59fb19aeb54ebe6efbe4
p:  404843.98334472586
5d0d357a43207cb60914ae19
p:  244112.07163781126
5d0e79442b8f60b82b8f8ced
p:  434075.43427583214
5d0e79fb2b8f60b82b8f8cee
p:  431066.13106995914
5d0e7a032b8f60b82b8f8cef
p:  532171.2805526762
5d0e82b5a79468be448f8d42
p:  598674.9789021495
5d0e92832b8f60b82b8f8d5b
p:  599891.9982905881
5d0e944219f56a0d5b8f8db3
p:  573189.7100286514
5d0eaaf32b8f60b82b8f8de9
p:  227459.24692745693
5d1278dc2b74cf49688d6de6
p:  571900.7559128089
5d1279832b74cf49688d6de7
p:  473725.4675587148
5d1279db2b74cf49688d6deb
p:  483356.3273742759
5d127a0cee5ab3d3288d6e50
p:  494388.0032439595
5d127a4cee5ab3d3288d6e51
p:  599569.1526982258
5d127a8cee5ab3d3288d6e52
p:  1605002.6298944708
5d127c90ee5ab3d3288d6e59
p:  692012.6391668469
5d127cd5ee5ab3d3288d6e5a
p:  418489.88268620346
5d127d16ee5ab3d3288d6e5b
p:  734539.0798368362
5d127da5eb124ac95b8d6dd1
p:  589779.0125787403
5d127dbbeb124ac95b8d6dd2
p:  683252.5007191731
5d127de82b74cf49688d6dfc
p:  797140.6072510722
5d127e38ee5ab3d3288d6e5f
p:  825065.854881396
5d127efd2b74cf49688d6e01
p:  1156581.6642484001
5d127fb8ee5ab3d3288d6e62
p:  738220.9409681165
5d128016eb124ac95b8d6dd7
p:  830699.3837089448
5d128164b5c528bac08d6df8
p:  412766.5312443671
5d12821b2b74cf49688d6e0c
p:  1286645.291938732
5d1282222b74cf49688d6e0d
p:  699020.5685787369
5d128225b5c528bac08d6dfa
p:  299096.66108119173
5d128244b5c528bac08d6dfc
p:  233986.3908390444
5d1282d1ee5ab3d3288d6e6b
p:  683252.5007191731
5d12834fee5ab3d3288d6e6d
p:  449307.05672869424
5d12836dee5ab3d3288d6e71
p:  631300.5761793168
5d128373ee5ab3d3288d6e72
p:  433665.7892239592
5d1283dab5c528bac08d6e01
p:  431515.16101624526
5d1283e0b5c528bac08d6e02
p:  578901.5954333033
5d1283e7b5c528bac08d6e03
p:  482439.586246909
5d12843deb124ac95b8d6dee
p:  817331.7585300208
5d12851bb5c528bac08d6e0c
p:  585564.406422074
5d128523b5c528bac08d6e0e
p:  523233.1933231916
5d1285392b74cf49688d6e18
p:  767453.6058518507
5d12858aeb124ac95b8d6df5
p:  873773.416264196
5d12858feb124ac95b8d6df6
p:  415821.0836345361
5d1285d42b74cf49688d6e1a
p:  767453.6058518507
5d128609eb124ac95b8d6dfb
p:  573991.2953690861
5d12874fed253442958d6dee
p:  333748.17828461446
5d128783eb124ac95b8d6e08
p:  853667.5279154038
5d12879eeb124ac95b8d6e0a
p:  934544.1548552597
5d128a272b74cf49688d6e2c
p:  484606.12325881905
5d128adbed253442958d6df3
p:  299096.66108119173
5d128c6cb7ae3de20d8d6e18
p:  736982.8494703597
5d128ce7ee5ab3d3288d6e87
p:  1209116.8072130096
5d128d27ed253442958d6dfa
p:  342049.7872302895
5d12904feb124ac95b8d6e24
p:  749659.0580094408
5d12914cb7ae3de20d8d6e22
p:  590567.2352634673
5d129209b7ae3de20d8d6e23
p:  583539.7307537594
5d12922fb7ae3de20d8d6e24
p:  501798.67949419044
5d129253b7ae3de20d8d6e25
p:  473725.4675587148
5d1292fbeb124ac95b8d6e2d
p:  243300.13440768432
5d142e908259a5921fa4209d
p:  433684.18708400364
5d1434310163b5e50ab53bb8
p:  321966.3539017042
5d183c06f1995f016e98bcdb
p:  594524.3932265617
5d183c326a481dc1b298bcb8
p:  487027.6026578377
5d183c352639bc7e4e98bcbd
p:  488221.82575054944
5d183d5c5bd5ff623d98bcd7
p:  584844.7843715466
5d183d61f1995f016e98bce1
p:  479272.15055087
5d183d6f5bd5ff623d98bcd8
p:  1065939.391655593
5d183d716a481dc1b298bcc0
p:  479272.15055087
5d183d7b2639bc7e4e98bcc0
p:  814945.635861663
5d183d942639bc7e4e98bcc1
p:  1947479.1435211906
5d183daa5bd5ff623d98bcda
p:  523233.1933231916
5d183e65f1995f016e98bcec
p:  755696.8263065821
5d183e75f1995f016e98bced
p:  487027.6026578377
5d183e826a481dc1b298bcc5
p:  523220.1984980039
5d183ee75bd5ff623d98bcdd
p:  601238.3140789128
5d183f155bd5ff623d98bcdf
p:  416360.8688728792
5d183fc3f1995f016e98bcf2
p:  1178958.959655515
5d183fd6f1995f016e98bcf3
p:  1092168.3089494784
5d1840722639bc7e4e98bcc2
p:  729046.972903386
5d1840c72639bc7e4e98bcc3
p:  741138.0823696175
5d1841535bd5ff623d98bce5
p:  368441.8034298882
5d18419c6a481dc1b298bccd
p:  578870.0818344536
5d1841f76a481dc1b298bccf
p:  1265975.5051107323
5d18435a6a481dc1b298bcd0
p:  321993.6246222663
5d1845806a481dc1b298bcd3
p:  289907.384011771
5d1845c15bd5ff623d98bcf1
p:  436448.3381842858
5d18468f6a481dc1b298bcd4
p:  297701.8834672073
5d1848332639bc7e4e98bcce
p:  271816.9824279031
5d1848a66a481dc1b298bcdb
p:  513517.365164386
5d1848c06a481dc1b298bcdc
p:  293856.37841145584
5d18491d773b88b8a498bcde
p:  533232.2473696778
5d184955773b88b8a498bce0
p:  610182.1826398472
5d184b92773b88b8a498bce5
p:  233986.3908390444
5d184c8b773b88b8a498bce8
p:  314391.80212864117
5d184cfdf1995f016e98bd07
p:  798652.6908837648
5d184d06773b88b8a498bce9
p:  498297.63925139897
5d184fcc773b88b8a498bced
p:  373776.7547608515
5d185051773b88b8a498bcee
p:  382200.94696574647
5d18509b773b88b8a498bcf1
p:  386263.0159427995
5d185240773b88b8a498bcf3
p:  355182.33252711187
5d1b62259a09039cfebf6062
p:  488906.4923626167
5d1b622dfb97897b36bf6064
p:  488906.4923626167
5d1b62339a09039cfebf6063
p:  811511.4526862646
5d1b624731fd6d0467bf6065
p:  529614.9393847825
5d1b625431fd6d0467bf6066
p:  487027.6026578377
5d1b62579a09039cfebf6065
p:  487027.6026578377
5d1b62829a09039cfebf6067
p:  404480.2146125635
5d1b628431fd6d0467bf6067
p:  393709.9671573291
5d1b629531fd6d0467bf6068
p:  280694.85231229116
5d1b62b731fd6d0467bf6069
p:  767453.6058518507
5d1b62e29a09039cfebf606b
p:  545702.9041561543
5d1b63a531fd6d0467bf606c
p:  974887.8590885685
5d1b63b631fd6d0467bf606d
p:  475948.470926187
5d1b64d6fb97897b36bf6069
p:  646046.4375201906
5d1b660203ecbb08e0bf6066
p:  400319.1668549886
5d1b661103ecbb08e0bf6067
p:  935741.5554471062
5d1b661131fd6d0467bf6072
p:  533724.1358921756
5d1b66aab079a54b3fbf6076
p:  764332.5727165043
5d1b66b544e84c1c89bf606a
p:  764332.5727165043
5d1b6854b079a54b3fbf607c
p:  258655.3129463077
5d1b686407ba71e068bf606d
p:  504027.24736354756
5d1b687b44e84c1c89bf606e
p:  258655.3129463077
5d1b68f2ace1dc92afbf6076
p:  329333.4918356949
5d1b690303ecbb08e0bf606b
p:  565888.606438215
5d1b691603ecbb08e0bf606c
p:  298757.3060789358
5d1b693803ecbb08e0bf606d
p:  480300.8927820132
5d1b6a2f03ecbb08e0bf606e
p:  1166600.9711685176
5d1b6a5c03ecbb08e0bf606f
p:  699020.5685787369
5d1b6ac903ecbb08e0bf6072
p:  902132.1980982468
5d1b6d8907ba71e068bf6079
p:  677348.0965855662
5d1bbeee7e6c493d594587dd
p:  310190.44291451457
5d1bbf147e6c493d594587df
p:  203701.7080247905
5d1bc0227e6c493d594587e7
p:  610431.7842081008
5d1bc28d7e6c493d594587ea
p:  292541.5258104854
5d1bc2ad7e6c493d594587ec
p:  364744.52036068466
5d1bc4bd7e6c493d594587f7
p:  171906.92083643153
5d1c6ee6dbebfd779eefbd6a
p:  424731.87463701575
5d1c6effdbebfd779eefbd6b
p:  474829.0458634335
5d1c73b3dbebfd779eefbd76
p:  1078658.7776829083
5d1c744adbebfd779eefbd78
p:  470745.39785955136
5d265379e98ff02697eb6915
p:  443637.0276008872
5d265400e98ff02697eb6917
p:  930598.7523846468
5d26548ee98ff02697eb6918
p:  153127.49677800434
5d2654efe98ff02697eb6919
p:  268827.8429057294
5d26635ee98ff02697eb6933
p:  748971.7161973147
5d266f68e98ff02697eb6945
p:  648519.8233365018
5d266f8be98ff02697eb6946
p:  367832.4204354498
5d267234e98ff02697eb6948
p:  414594.51934573625
5d2672dfe98ff02697eb6949
p:  216966.48652051337
5d2686a3107c1d579eeb6967
p:  394282.86103384825
5d269c38e98ff02697eb6989
p:  410879.17912908946
5d26aa2ae98ff02697eb69b8
p:  478204.6908529143
5d26ffdc107c1d579eeb6a41
p:  380858.6185186179
5d270055107c1d579eeb6a45
p:  766077.3171502794
5d2b111447cfe46363877b34
p:  256640.42736510665
5d2b2ec047cfe46363877b63
p:  414594.51934573625
5d2b6cc147cfe46363877bc0
p:  269838.78883854364
5d2b6f1f47cfe46363877bc8
p:  235905.88514432003
5d346406984f62c82153cacc
p:  441663.3661474493
5d346416984f62c82153cacd
p:  430419.09666449344
5d34643a625c91485653cacc
p:  229123.934404701
5d3464518b579a6cc453cacd
p:  559868.9844471468
5d346456155b51638e53cacc
p:  1721060.268800392
5d34647360ebe94d4353cacd
p:  419079.2242996313
5d346475984f62c82153cace
p:  430419.09666449344
5d3464a160ebe94d4353cace
p:  420593.36231648334
5d3464b4e3946621d853cacc
p:  225878.4388203786
5d3464d28bf83f9e1853cacc
p:  646032.6296164625
5d3464d2e3946621d853cacd
p:  259602.3875772066
5d3464e5155b51638e53cacd
p:  240000.55668341072
5d3464e7984f62c82153cad1
p:  352466.9859443939
5d3464ffda256e970b53cacd
p:  436385.38154450664
5d3465f28b579a6cc453cad4
p:  380367.3705854068
5d346618db63cc537353cacf
p:  516077.07726937206
5d34663aebb3cab6e153cacd
p:  244305.00600784688
5d346646db63cc537353cad0
p:  622478.6773052536
5d346648e3946621d853cad3
p:  349974.6993985786
5d346729155b51638e53cad1
p:  389896.4102229611
5d346731e3946621d853cad6
p:  252194.60370090225
5d346762db63cc537353cad1
p:  507197.98575741495
5d346783ebb3cab6e153cad4
p:  144511.90004836666
5d3467a9ebb3cab6e153cad5
p:  379744.17338346783
5d3467b7ebb3cab6e153cad6
p:  401668.3378115058
5d3467bb60ebe94d4353cad3
p:  369800.3453043696
5d3467f660ebe94d4353cad7
p:  225042.66443416307
5d3468028bf83f9e1853cad5
p:  246720.2923936154
5d346813e3946621d853cad7
p:  364532.6373913984
5d34684c984f62c82153cad7
p:  341160.1328073131
5d3468608b579a6cc453cadb
p:  305799.85908527416
5d346863e3946621d853cad9
p:  274543.5364786594
5d34686b3c0787f89753cad9
p:  184587.0022897126
5d346872e3946621d853cada
p:  226872.28946587298
5d3469183c0787f89753cada
p:  285484.58881734987
5d346936e3946621d853cadc
p:  222496.71197406878
5d3469bc8b579a6cc453cadd
p:  455380.2089865164
5d3469fbebb3cab6e153cadd
p:  308025.9907825865
5d346a23625c91485653cadd
p:  434856.5998339023
5d346a733c0787f89753cadd
p:  480534.50172727724
5d346ab8155b51638e53cadc
p:  643983.9929241117
5d346ad2da256e970b53cadc
p:  345076.6655994112
5d346b178b579a6cc453cae2
p:  471392.4225414023
5d346b4be3946621d853cade
p:  416151.4990962447
5d346bac8bf83f9e1853cada
p:  338239.0844602602
5d346bb5ebb3cab6e153cae2
p:  362497.8815038402
5d346bf78bf83f9e1853cadb
p:  473062.14925261267
5d346c18e3946621d853cadf
p:  424780.0277509936
5d346c3a3c0787f89753cae3
p:  258273.16524983157
5d346c533c0787f89753cae4
p:  266179.0302955726
5d346c60e3946621d853cae2
p:  225878.4388203786
5d346ce4984f62c82153cae5
p:  232730.05196667288
5d346d60e3946621d853cae3
p:  259602.3875772066
5d346d93db63cc537353cadc
p:  343363.7608738557
5d346db48b579a6cc453cae6
p:  241706.52350764623
5d346deae3946621d853cae4
p:  388193.0543883516
5d346e1a8b579a6cc453cae9
p:  412189.6103580206
5d346ec9db63cc537353cadf
p:  368894.43499243725
5d346f07db63cc537353cae0
p:  667294.3675164545
5d346f16ebb3cab6e153cae8
p:  350515.46394107776
5d346f34e3946621d853caea
p:  439968.0984454178
5d346f598b579a6cc453caeb
p:  468388.60361322085
5d346f5ddb63cc537353cae1
p:  707309.6854915539
5d346f84db63cc537353cae2
p:  493235.05348927993
5d347008e3946621d853caeb
p:  509098.1469198613
5d347018db63cc537353cae3
p:  651709.9525327352
5d3470198b579a6cc453caec
p:  512742.58858177904
5d34701a8bf83f9e1853cae7
p:  251915.59257123692
5d34708d984f62c82153cae9
p:  568167.2077419597
5d347096ebb3cab6e153caea
p:  310043.3055960501
5d3470ce60ebe94d4353caed
p:  396843.65857618646
5d3470f08b579a6cc453caef
p:  330025.1045494972
5d3470fb984f62c82153caeb
p:  497354.2425993185
5d3471348bf83f9e1853cae9
p:  265334.2217306668
5d347160b2ef7a72b753caec
p:  2003544.0636109156
5d347185ebb3cab6e153caf4
p:  332827.4301534541
5d3471b1ebb3cab6e153caf6
p:  426867.6805036136
5d3471ec3c0787f89753caec
p:  289825.293985522
5d3472568bf83f9e1853caec
p:  230376.26477770717
5d34729eda256e970b53caed
p:  730415.853967421
5d3472ae625c91485653caf2
p:  407692.5983473015
5d3472d1155b51638e53caec
p:  648608.3834643414
5d3472f360ebe94d4353caf0
p:  351836.5381225122
5d3473ef60ebe94d4353caf2
p:  327619.8445596825
5d3474a4db63cc537353caee
p:  479990.0894447425
5d3474d3db63cc537353caef
p:  475119.3354889446
5d347521e3946621d853caf4
p:  224284.20268426702
5d34753ce3946621d853caf5
p:  401256.7266411493
5d34755fdb63cc537353caf2
p:  556176.0735789137
5d3475918bf83f9e1853caf8
p:  334902.91975296603
5d3475b48bf83f9e1853caf9
p:  228166.79724670417
5d347610984f62c82153caf1
p:  541113.1230518044
5d34764460ebe94d4353caf9
p:  253450.2333165739
5d347681ebb3cab6e153cb0c
p:  510252.25180112873
5d34773cb2ef7a72b753caf8
p:  1681250.3533748332
5d3477d8ebb3cab6e153cb10
p:  312312.39439188945
5d3477ee60ebe94d4353cafb
p:  453782.53389321506
5d3478c4da256e970b53cb07
p:  398731.60116294783
5d347929e3946621d853caf8
p:  324690.3457996222
5d3479a18bf83f9e1853cb05
p:  285235.87080434395
5d347a6de3946621d853cafa
p:  259602.3875772066
5d347a91b2ef7a72b753cb01
p:  228241.9221456146
5d347a9d155b51638e53cb04
p:  284007.9775098058
5d347af8db63cc537353cb02
p:  823687.1102290221
5d347b2fe3946621d853cafd
p:  259602.3875772066
5d347b95e3946621d853cafe
p:  509412.17572861374
5d347b9eb2ef7a72b753cb04
p:  407562.0053988673
5d347bb6ebb3cab6e153cb11
p:  577370.6393938616
5d347be5b2ef7a72b753cb05
p:  506722.1333374122
5d347c5fe3946621d853cb00
p:  259602.3875772066
5d347c5f984f62c82153caf9
p:  641324.2562143125
5d347cb6e3946621d853cb02
p:  277927.7943747527
5d347d57984f62c82153cafd
p:  554741.0372859165
5d347d96984f62c82153cafe
p:  613108.1212962864
5d347e1d60ebe94d4353cb02
p:  247002.84459950333
5d347e4460ebe94d4353cb03
p:  313811.0692954185
5d347f2db2ef7a72b753cb09
p:  605916.5815219086
5d347f4bb2ef7a72b753cb0a
p:  323145.0036603608
5d347f90db63cc537353cb0d
p:  493934.3831467605
5d347fbce3946621d853cb04
p:  259602.3875772066
5d347fc4a71c679e2b53caf5
p:  823813.4429847915
5d347fd7155b51638e53cb17
p:  559555.8413405131
5d348114984f62c82153cb05
p:  1249902.4017797317
5d348158e3946621d853cb0b
p:  414373.3602467179
5d348170b2ef7a72b753cb0f
p:  841711.4106826095
5d348254a71c679e2b53caf6
p:  581344.7232710957
5d348261b2ef7a72b753cb11
p:  437128.7078985693
5d348285a71c679e2b53caf7
p:  301936.60824258544
5d3482b3ebb3cab6e153cb1e
p:  743424.3373542128
5d3482c8a71c679e2b53caf8
p:  366439.014844874
5d3482ccdb63cc537353cb15
p:  480183.3782286294
5d34831ca71c679e2b53caf9
p:  508031.3411139054
5d34836be3946621d853cb12
p:  215555.0031689076
5d3483cf60ebe94d4353cb0d
p:  845803.6569133577
5d3484b28bf83f9e1853cb28
p:  490335.84899549815
5d3484ce8bf83f9e1853cb29
p:  344440.55706135393
5d3484e58bf83f9e1853cb2a
p:  490335.84899549815
5d34853d8bf83f9e1853cb2d
p:  347912.63390380394
5d3485498bf83f9e1853cb2e
p:  533039.1233376091
5d34856a8bf83f9e1853cb2f
p:  610431.7842081008
5d3485a3b2ef7a72b753cb17
p:  491103.79408307956
5d3485ae8bf83f9e1853cb32
p:  500866.6612043692
5d3485d58bf83f9e1853cb34
p:  882051.1426658249
5d3485edb2ef7a72b753cb1a
p:  273027.1877791069
5d3485fa8bf83f9e1853cb35
p:  490335.84899549815
5d34862f8bf83f9e1853cb37
p:  500866.6612043692
5d34868e8bf83f9e1853cb3b
p:  608733.7240443819
5d3486d48bf83f9e1853cb3d
p:  399399.5176776654
5d3486f0b2ef7a72b753cb1c
p:  393325.70577306603
5d3486faa71c679e2b53cafe
p:  381480.23059077794
5d348719a71c679e2b53caff
p:  532880.0835934721
5d34871cb2ef7a72b753cb1d
p:  563015.1688574255
5d34871f66f915e95153cb10
p:  449307.05672869424
5d34874360ebe94d4353cb15
p:  324100.65887983865
5d34878266f915e95153cb11
p:  605508.2875466857
5d3487b1984f62c82153cb17
p:  541720.7592513831
5d34880766f915e95153cb14
p:  548023.5699308552
5d3488a98bf83f9e1853cb45
p:  548207.7114622181
5d3488f566f915e95153cb15
p:  976587.0100766025
5d348905984f62c82153cb1a
p:  740943.0769696748
5d34892066f915e95153cb16
p:  475319.332389469
5d34895866f915e95153cb17
p:  484606.12325881905
5d34896db2ef7a72b753cb22
p:  323145.0036603608
5d348996e3946621d853cb1b
p:  225878.4388203786
5d3489eeebb3cab6e153cb2c
p:  612574.494516002
5d348a30ebb3cab6e153cb2d
p:  621540.0934813274
5d348a68a71c679e2b53cb06
p:  554242.5336979183
5d348af966f915e95153cb18
p:  1038269.2339412785
5d348b8466f915e95153cb19
p:  478644.94606693817
5d348becb2ef7a72b753cb27
p:  366679.15250564995
5d348c0166f915e95153cb1b
p:  786365.1207107082
5d348c03b2ef7a72b753cb28
p:  273027.1877791069
5d348c0f66f915e95153cb1c
p:  755696.8263065821
5d348c2b66f915e95153cb1d
p:  545266.0912664838
5d348c4a66f915e95153cb1e
p:  910930.3341104402
5d348c8eda256e970b53cb34
p:  247228.06911649214
5d348d49da256e970b53cb35
p:  247228.06911649214
5d348d74984f62c82153cb1f
p:  1281792.1652014996
5d348dfae3946621d853cb29
p:  220702.82191380364
5d348e6fda256e970b53cb36
p:  381863.4824710587
5d348f13b2ef7a72b753cb2b
p:  757870.8722641473
5d348f2a3c0787f89753cb24
p:  334360.6095464255
5d348f46ebb3cab6e153cb2f
p:  403184.33916208515
5d348f74b2ef7a72b753cb2c
p:  452936.88956947124
5d348f7aebb3cab6e153cb30
p:  483474.5647270741
5d34904a984f62c82153cb27
p:  516901.86591445666
5d34904b3c0787f89753cb28
p:  354557.38424435514
5d34908966f915e95153cb26
p:  1648008.4698919887
5d3490f03c0787f89753cb2a
p:  267461.8412630751
5d349119da256e970b53cb3b
p:  285098.0323615874
5d34912a66f915e95153cb27
p:  436448.3381842858
5d349145625c91485653cb31
p:  396613.8485415862
5d34915a66f915e95153cb28
p:  704161.0126949896
5d34918f625c91485653cb33
p:  626390.8480857031
5d349215b2ef7a72b753cb30
p:  783594.7374261483
5d3492c066f915e95153cb2b
p:  719689.9472671663
5d3493628b579a6cc453cb1d
p:  487328.7707745739
5d34936ce3946621d853cb2e
p:  294203.18265027297
5d34939febb3cab6e153cb34
p:  307219.42923312157
5d3493b1984f62c82153cb30
p:  473838.5919547337
5d34942e8bf83f9e1853cb59
p:  599022.5515360371
5d34942e66f915e95153cb2c
p:  536503.9808694664
5d3494478bf83f9e1853cb5a
p:  855577.5470455706
5d34947d8bf83f9e1853cb5c
p:  313893.3019630655
5d3494c83c0787f89753cb35
p:  446945.9311797754
5d3494f266f915e95153cb2d
p:  488221.82575054944
5d349514a1b600949453cb34
p:  809148.0664760107
5d34952666f915e95153cb2e
p:  463794.8933727937
5d34955a66f915e95153cb2f
p:  488944.74806671357
5d3495af625c91485653cb3b
p:  593233.8862677426
5d3495c9625c91485653cb3c
p:  532638.5383853805
5d3495dc8bf83f9e1853cb60
p:  515252.4832075638
5d3495f2625c91485653cb3d
p:  509454.93421200843
5d34960166f915e95153cb32
p:  596755.7381426387
5d34960ca71c679e2b53cb1f
p:  466481.4138709435
5d34964e625c91485653cb3f
p:  535724.9413463967
5d349666ebb3cab6e153cb3c
p:  393544.82996473974
5d349673625c91485653cb40
p:  522743.7044702687
5d34968466f915e95153cb34
p:  479272.15055087
5d349698b2ef7a72b753cb39
p:  497611.73887110286
5d3496a2a71c679e2b53cb21
p:  509018.61846596876
5d3496c1a71c679e2b53cb23
p:  567547.0264233144
5d3496c366f915e95153cb35
p:  905768.5931731451
5d3496eb155b51638e53cb43
p:  691789.7604184223
5d3496f18bf83f9e1853cb61
p:  413117.6904159173
5d3496fca71c679e2b53cb27
p:  613139.7594360169
5d349709a71c679e2b53cb28
p:  490433.35346671694
5d349718a71c679e2b53cb29
p:  564108.9224398127
5d349727a71c679e2b53cb2a
p:  430712.49232903204
5d349735625c91485653cb42
p:  480217.9511485344
5d349746a71c679e2b53cb2c
p:  299030.8353859511
5d349748625c91485653cb43
p:  406617.9405839443
5d3497688b579a6cc453cb24
p:  375892.8060977413
5d3497a0b2ef7a72b753cb3d
p:  273010.82975022285
5d3497b6b2ef7a72b753cb3e
p:  628115.0747641344
5d3497c6a71c679e2b53cb36
p:  401733.0831830825
5d3497fda71c679e2b53cb3b
p:  299030.8353859511
5d34980a8b579a6cc453cb27
p:  233332.74431234784
5d3498528bf83f9e1853cb66
p:  313893.3019630655
5d34988d8b579a6cc453cb28
p:  722165.0606350177
5d3498a78bf83f9e1853cb6a
p:  413330.12014977925
5d3498b28bf83f9e1853cb6b
p:  234639.8175880655
5d3498bca71c679e2b53cb46
p:  527190.6950884159
5d3498c2e3946621d853cb3c
p:  217396.34984685067
5d3498ebe3946621d853cb3d
p:  569948.9761084515
5d34993c66f915e95153cb3c
p:  740257.9015227995
5d349962e3946621d853cb3f
p:  437387.04354127974
5d349970a71c679e2b53cb54
p:  806523.1225508737
5d34998e155b51638e53cb46
p:  638062.7355761307
5d3499958bf83f9e1853cb6c
p:  670941.4155282654
5d3499c48bf83f9e1853cb6d
p:  654349.3554786583
5d3499e1e3946621d853cb40
p:  541712.5927148636
5d3499e9ebb3cab6e153cb45
p:  307219.42923312157
5d3499ed8bf83f9e1853cb6e
p:  292541.5258104854
5d349a0866f915e95153cb3d
p:  817331.7585300208
5d349a0bda256e970b53cb56
p:  370167.089323255
5d349a6f66f915e95153cb3f
p:  817331.7585300208
5d349acee3946621d853cb41
p:  453655.85510405904
5d349b0fe3946621d853cb42
p:  401949.8703913628
5d349b16b2ef7a72b753cb48
p:  273027.1877791069
5d349b4cb2ef7a72b753cb49
p:  906370.0444252884
5d349b59a71c679e2b53cb79
p:  1016607.7842463145
5d349b6ddb63cc537353cb40
p:  236049.8401490344
5d349b72a71c679e2b53cb7b
p:  2154777.7317588376
5d349ba3e3946621d853cb43
p:  357953.6360163628
5d349bf8155b51638e53cb48
p:  464128.06957143004
5d349cc366f915e95153cb44
p:  436448.3381842858
5d349cccb2ef7a72b753cb4f
p:  273027.1877791069
5d349d203c0787f89753cb46
p:  353860.8727805696
5d349d32625c91485653cb4b
p:  938607.911594592
5d349d4366f915e95153cb46
p:  471515.938294817
5d349d8566f915e95153cb47
p:  436448.3381842858
5d349dc38bf83f9e1853cb74
p:  562137.0553740617
5d349dc8ebb3cab6e153cb4e
p:  407534.24045960535
5d349e118bf83f9e1853cb76
p:  631402.2330228148
5d349e17da256e970b53cb61
p:  438019.0631949672
5d349e66a71c679e2b53cb87
p:  638249.6283001396
5d349e90625c91485653cb4c
p:  454304.3263723783
5d349eccb2ef7a72b753cb54
p:  325327.1175497923
5d349ef98bf83f9e1853cb78
p:  541097.2866990954
5d349efd3c0787f89753cb4e
p:  291943.8116112674
5d349f26e3946621d853cb44
p:  432633.5066485433
5d349f518b579a6cc453cb31
p:  614593.9175924035
5d349f9c8b579a6cc453cb32
p:  429146.7312137404
5d349fcca71c679e2b53cb97
p:  1260307.806135978
5d34a031a71c679e2b53cb9c
p:  454057.92643111607
5d34a05f66f915e95153cb4b
p:  692225.7319140973
5d34a06f8bf83f9e1853cb7e
p:  234639.8175880655
5d34a0a0984f62c82153cb42
p:  547745.5308831478
5d34a0b78b579a6cc453cb34
p:  302848.4133178977
5d34a0beda256e970b53cb68
p:  655356.7576914885
5d34a175a71c679e2b53cba9
p:  366917.18339872896
5d34a1a18bf83f9e1853cb82
p:  425052.8932033805
5d34a1dbe3946621d853cb48
p:  351869.0949286169
5d34a25d625c91485653cb59
p:  413092.20795562794
5d34a25ea71c679e2b53cbb5
p:  524816.0537122417
5d34a2838b579a6cc453cb37
p:  343874.5241709653
5d34a295e3946621d853cb4a
p:  625160.5933672122
5d34a30266f915e95153cb52
p:  804436.875499933
5d34a325e3946621d853cb4c
p:  461113.03748653043
5d34a33e625c91485653cb5c
p:  628528.9516056841
5d34a35b8bf83f9e1853cb87
p:  447125.6959910899
5d34a390e3946621d853cb4d
p:  333124.5215790138
5d34a3a6e3946621d853cb4e
p:  299159.8726827319
5d34a3d8e3946621d853cb4f
p:  238454.44565172892
5d34a3e28b579a6cc453cb38
p:  434528.99787158903
5d34a3fa625c91485653cb62
p:  625981.1279756376
5d34a43866f915e95153cb55
p:  571900.7559128089
5d34a44ca71c679e2b53cbcb
p:  326143.830341585
5d34a4743c0787f89753cb58
p:  169283.33825143563
5d34a4788bf83f9e1853cb8b
p:  499808.33400054846
5d34a4b1e3946621d853cb51
p:  245075.64827612072
5d34a4d5625c91485653cb63
p:  975454.4906169818
5d34a539da256e970b53cb77
p:  450359.26885632996
5d34a572155b51638e53cb59
p:  825329.5979941573
5d34a586155b51638e53cb5a
p:  297075.8334719816
5d34a5d1a71c679e2b53cbdb
p:  229536.8365967521
5d34a5d9a71c679e2b53cbdc
p:  776684.1465771433
5d34a632155b51638e53cb5d
p:  237422.60536321157
5d34a642a71c679e2b53cbe0
p:  505879.95847310475
5d34a6c8b2ef7a72b753cb61
p:  687071.1817333938
5d34a7aeda256e970b53cb7c
p:  529916.3616651057
5d34a847b2ef7a72b753cb65
p:  476194.3452078264
5d34a8768b579a6cc453cb3d
p:  447588.95279462886
5d34a8c2b2ef7a72b753cb67
p:  273027.1877791069
5d34a8ffa71c679e2b53cc07
p:  383058.2300532179
5d34a90ea71c679e2b53cc08
p:  272505.1247580931
5d34a91ca71c679e2b53cc09
p:  330252.5780016606
5d34a939ebb3cab6e153cb65
p:  360417.5687912187
5d34a96ea71c679e2b53cc0b
p:  401163.040144181
5d34a9afda256e970b53cb80
p:  607292.7032759138
5d34a9bfdb63cc537353cb58
p:  413806.93566727295
5d34a9eb625c91485653cb75
p:  556187.7067117295
5d34a9fab2ef7a72b753cb6e
p:  627138.6398762432
5d34aa0cda256e970b53cb82
p:  328515.2695894216
5d34aa21da256e970b53cb83
p:  357687.55134259665
5d34aa8f155b51638e53cb64
p:  339646.01927357505
5d34aaae155b51638e53cb65
p:  347455.5075290878
5d34ab6166f915e95153cb6b
p:  907054.6821559493
5d34ab6bda256e970b53cb8a
p:  423329.6400935945
5d34ab8ada256e970b53cb8b
p:  190166.09143709537
5d34abb1a71c679e2b53cc24
p:  508320.92540884693
5d34ac3aebb3cab6e153cb6c
p:  280383.0554727494
5d34ac8866f915e95153cb6d
p:  523233.1933231916
5d34ac88b2ef7a72b753cb77
p:  711822.3743066072
5d34acbcb2ef7a72b753cb78
p:  818145.2212773539
5d34accfda256e970b53cb8d
p:  430547.352073774
5d34ace5e3946621d853cb65
p:  635672.8701882699
5d34acfa984f62c82153cb56
p:  909228.665369948
5d34ad058bf83f9e1853cb9c
p:  398999.02320387046
5d34ad24a71c679e2b53cc37
p:  576381.1405382544
5d34ad7e66f915e95153cb6f
p:  1150954.6458050308
5d34ad96e3946621d853cb66
p:  382973.94048373424
5d34ae38e3946621d853cb6c
p:  337123.27917653066
5d34ae60e3946621d853cb6e
p:  628504.6750512263
5d34ae73a71c679e2b53cc49
p:  416906.34382798214
5d34aeed625c91485653cb78
p:  555902.7574691316
5d34af24da256e970b53cb92
p:  455846.06636218686
5d34afa6a71c679e2b53cc5f
p:  347686.057150335
5d34affeda256e970b53cb96
p:  267767.9723343736
5d34b025a71c679e2b53cc69
p:  377793.98543788167
5d34b028da256e970b53cb97
p:  450680.12399429246
5d34b05cda256e970b53cb99
p:  465673.68432996515
5d34b096da256e970b53cb9b
p:  333401.4471969469
5d34b10e155b51638e53cb7e
p:  181013.2696200048
5d34b16c155b51638e53cb84
p:  434883.374039582
5d34b176625c91485653cb7d
p:  460207.2942992613
5d34b1c7e3946621d853cb8a
p:  381344.5510578309
5d34b1cb984f62c82153cb60
p:  355540.56686066755
5d34b230da256e970b53cb9e
p:  533054.4773362863
5d34b273e3946621d853cb8e
p:  505288.03912346275
5d34b2bbe3946621d853cb92
p:  684667.2780736727
5d34b2c9da256e970b53cba0
p:  470815.7494695118
5d34b306a71c679e2b53cc88
p:  1227449.0344888936
5d34b338a71c679e2b53cc8d
p:  2120370.600183218
5d34b364e3946621d853cb98
p:  365643.89656277455
5d34b365da256e970b53cba3
p:  411689.0664133204
5d34b3a9e3946621d853cb9b
p:  296960.5117337714
5d34b3ed8b579a6cc453cb62
p:  659244.1910929359
5d34b461da256e970b53cba4
p:  455846.06636218686
5d34b4bf155b51638e53cb90
p:  364504.4806096551
5d34b58566f915e95153cb89
p:  782173.0830055268
5d34b630e3946621d853cbb2
p:  816748.9259836731
5d34b6bee3946621d853cbb7
p:  181776.50981293787
5d34b6e4625c91485653cb8a
p:  450833.43212404987
5d34b711625c91485653cb8b
p:  851667.7498200132
5d34b88b625c91485653cb90
p:  584061.3198522606
5d34b8fde3946621d853cbd0
p:  669596.9995755266
5d34ba09da256e970b53cbb1
p:  265143.18530648015
5d34ba76625c91485653cb96
p:  752221.0545547813
5d34bb6a8b579a6cc453cb71
p:  518497.4387725925
5d34bbb3e3946621d853cbe8
p:  416135.65535060945
5d34bc078b579a6cc453cb74
p:  237401.637758628
5d34bc3d8b579a6cc453cb75
p:  311897.8998885138
5d34bc60db63cc537353cb86
p:  361448.62106789195
5d34bc6fdb63cc537353cb87
p:  429038.96321258397
5d34bc77e3946621d853cbed
p:  482065.0303514522
5d34bc9cdb63cc537353cb89
p:  452141.1148279327
5d34bce5e3946621d853cbf0
p:  451043.6690426308
5d34bd25e3946621d853cbf4
p:  861579.80652849
5d34bd33e3946621d853cbf5
p:  310702.3343395187
5d34bd58e3946621d853cbf6
p:  655730.0720576958
5d34bd7ce3946621d853cbf7
p:  350758.17533333076
5d34bd83db63cc537353cb90
p:  593560.2033388171
5d34bdeb8b579a6cc453cb77
p:  266581.3549536155
5d34be04625c91485653cba1
p:  821658.8624710474
5d34be56db63cc537353cb97
p:  423255.41955332155
5d34be638b579a6cc453cb78
p:  266581.3549536155
5d34be72e3946621d853cbff
p:  287067.1690035592
5d34be7edb63cc537353cb99
p:  438904.6611883668
5d34bea8db63cc537353cb9a
p:  278974.10074889474
5d34becedb63cc537353cb9b
p:  384187.90082351764
5d34befae3946621d853cc05
p:  531886.1460259397
5d34befadb63cc537353cb9c
p:  405441.89429056953
5d34befcb2ef7a72b753cba0
p:  615520.2523548702
5d34bf30e3946621d853cc08
p:  280878.72198054136
5d34bf338b579a6cc453cb79
p:  571398.2395781958
5d34bf45db63cc537353cb9e
p:  501610.0299046098
5d34bf4b8b579a6cc453cb7a
p:  620334.7057626296
5d34bf54e3946621d853cc09
p:  651568.2183702969
5d34bfd2e3946621d853cc0d
p:  440207.1676762445
5d34c002db63cc537353cba2
p:  799718.5843204459
5d34c054db63cc537353cba4
p:  417281.5573412009
5d34c07fdb63cc537353cba5
p:  427227.40758857137
5d34c0dddb63cc537353cba7
p:  608578.5476061974
5d34c0e68bf83f9e1853cbce
p:  282501.8483187155
5d34c21de3946621d853cc1f
p:  256593.56704010867
5d34c235e3946621d853cc20
p:  496479.9579448721
5d34c259e3946621d853cc21
p:  541796.6458272384
5d34c2ef984f62c82153cb85
p:  1007448.8330579859
5d34c2fee3946621d853cc27
p:  552573.6566832523
5d34c4688b579a6cc453cb81
p:  538766.0633723398
5d34c46b984f62c82153cb88
p:  1794907.7691496925
5d34c6438bf83f9e1853cbdb
p:  973651.0924756647
5d34c6b5e3946621d853cc35
p:  480496.39680205786
5d34c7ec8b579a6cc453cb8b
p:  311897.8998885138
5d34c8868b579a6cc453cb8c
p:  307798.10415198724
5d34c8e7984f62c82153cb8a
p:  1270435.3255061486
5d34c92a625c91485653cbc9
p:  490170.9179148311
5d34c96966f915e95153cbb4
p:  1298076.1089308963
5d34c9c8625c91485653cbd0
p:  341701.54946784506
5d34cb06984f62c82153cb8e
p:  1538388.2574314512
5d34cb63625c91485653cbdf
p:  3196855.3825836307
5d34cb91db63cc537353cbec
p:  540952.70825094
5d34cbae8bf83f9e1853cbeb
p:  415640.9402540742
5d34cc4e625c91485653cbe7
p:  492499.12487727014
5d34cc79625c91485653cbe8
p:  1185310.861723592
5d34cc96625c91485653cbea
p:  603140.8931794023
5d34cca0b2ef7a72b753cbbc
p:  1091483.7563849515
5d34cd03625c91485653cbee
p:  1178566.4827435147
5d34cd65625c91485653cbf3
p:  660745.0038403592
5d34cd6edb63cc537353cbf0
p:  637677.2956247771
5d34cdc8625c91485653cbf8
p:  431515.16101624526
5d34ce1e625c91485653cbfa
p:  394243.7240662873
5d34ce55625c91485653cbfc
p:  1871747.1474388416
5d34ce568bf83f9e1853cbee
p:  247164.34879473265
5d34ce63625c91485653cbfd
p:  412766.5312443671
5d34ce7f8bf83f9e1853cbef
p:  300197.3243357917
5d34ce82625c91485653cbff
p:  926375.7420594424
5d34cecc8bf83f9e1853cbf0
p:  305740.10682667256
5d34ced1984f62c82153cb99
p:  1318746.2390678367
5d34cee58bf83f9e1853cbf1
p:  248782.1542946191
5d34d001b2ef7a72b753cbd9
p:  613251.7345912163
5d34d06c625c91485653cc01
p:  951669.6751678869
5d34d0838bf83f9e1853cbf3
p:  541175.0483108766
5d34d08c984f62c82153cb9b
p:  977551.5454350784
5d34d0b58bf83f9e1853cbf4
p:  802206.9113071552
5d34d0c6b2ef7a72b753cbdf
p:  546452.7070957064
5d34d0e28bf83f9e1853cbf5
p:  499826.41232915164
5d34d0f766f915e95153cbc5
p:  599569.1526982258
5d34d0fd625c91485653cc02
p:  495816.0386569359
5d34d12366f915e95153cbc6
p:  475487.7798189039
5d34d295984f62c82153cba2
p:  1069603.4195889651
5d34d48c984f62c82153cba7
p:  895222.239315504
5d34d4d78bf83f9e1853cbf7
p:  334532.1666863103
5d34d5038bf83f9e1853cbf8
p:  334532.1666863103
5d34d521984f62c82153cba9
p:  2166494.189765038
5d34d533625c91485653cc0e
p:  570384.297244096
5d34d555984f62c82153cbaa
p:  874894.8936329689
5d34d5818bf83f9e1853cbfa
p:  389195.27440434403
5d34d5dd984f62c82153cbad
p:  674224.8584240999
5d34d610984f62c82153cbae
p:  2018702.4039407454
5d34d6588bf83f9e1853cbfd
p:  365149.68665829394
5d34d69b984f62c82153cbb0
p:  1147139.635825097
5d34d74b625c91485653cc11
p:  412766.5312443671
5d34d8b160ebe94d4353cbd1
p:  875837.5962100257
5d34d91a625c91485653cc13
p:  1755378.9243199404
5d34d922a1b600949453cbe3
p:  384046.1614583464
5d34d9418b579a6cc453cbad
p:  527023.1804628778
5d34d947b2ef7a72b753cbf7
p:  306841.1091442287
5d34d97fb2ef7a72b753cbf8
p:  466028.428615837
5d34d993a1b600949453cbe6
p:  187912.70301439468
5d34da5fa1b600949453cbe7
p:  325836.2055967657
5d34dacc8bf83f9e1853cc05
p:  511669.045102374
5d34daf48bf83f9e1853cc06
p:  355523.2543968512
5d34db7fa1b600949453cbe9
p:  333748.17828461446
5d34db8e60ebe94d4353cbd4
p:  295586.47291468945
5d34dc3d8b579a6cc453cbb4
p:  219319.9292514291
5d34dc65a1b600949453cbee
p:  1177422.428339188
5d34dcb3a1b600949453cbf1
p:  590599.0500949379
5d34dcf8984f62c82153cbbc
p:  1030476.4509987504
5d34dd1d984f62c82153cbbe
p:  774566.0732973961
5d34dd47a1b600949453cbf5
p:  817520.4262156333
5d34dd558b579a6cc453cbb9
p:  218669.3431158014
5d34dd9aa1b600949453cbf6
p:  381552.9686407128
5d34de01a1b600949453cbf7
p:  751110.1761809008
5d34de59b2ef7a72b753cc02
p:  344769.33780937304
5d34de938bf83f9e1853cc13
p:  418717.9123722763
5d34dead984f62c82153cbcf
p:  745189.4796994372
5d34deeb60ebe94d4353cbe0
p:  357848.29743138514
5d34df518b579a6cc453cbbd
p:  206221.45618530834
5d34df7bb2ef7a72b753cc04
p:  344769.33780937304
5d34e015b2ef7a72b753cc05
p:  360286.2254876259
5d34e06ab2ef7a72b753cc06
p:  290505.135236933
5d34e09660ebe94d4353cbe3
p:  508402.1834738671
5d34e0ab60ebe94d4353cbe4
p:  369196.7978922602
5d34e0c88b579a6cc453cbc1
p:  282652.075072728
5d34e109b2ef7a72b753cc07
p:  296903.57051557745
5d34e11ab2ef7a72b753cc08
p:  254785.1163804441
5d34e1268b579a6cc453cbc3
p:  254955.56466904428
5d34e174a1b600949453cbfe
p:  783748.9839176307
5d34e198a1b600949453cbff
p:  383938.4497546532
5d34e1ac60ebe94d4353cbe7
p:  399364.1509648067
5d34e1c6a1b600949453cc00
p:  1216643.2527017551
5d34e207b2ef7a72b753cc09
p:  259556.7303040466
5d34e246a1b600949453cc03
p:  349225.8869942693
5d34e24cb2ef7a72b753cc0a
p:  239601.20058442897
5d34e27eb2ef7a72b753cc0b
p:  348324.38084445463
5d34e3c13c0787f89753cbe1
p:  185688.4770211667
5d34e481b2ef7a72b753cc0c
p:  296903.57051557745
5d34e4d260ebe94d4353cbee
p:  484519.6649132265
5d34e548b2ef7a72b753cc0e
p:  344769.33780937304
5d34e5c53c0787f89753cbe6
p:  252226.66633483165
5d34e62d8bf83f9e1853cc1e
p:  390232.93812870857
5d34e62e8b579a6cc453cbca
p:  297114.9393481476
5d34e642b2ef7a72b753cc10
p:  296903.57051557745
5d34e678b2ef7a72b753cc12
p:  181711.7214209594
5d34e67da1b600949453cc0f
p:  720227.7690223786
5d34e696b2ef7a72b753cc13
p:  255034.49085882795
5d34e6c3a1b600949453cc10
p:  226734.2883155324
5d34e6c43c0787f89753cbe8
p:  197701.75361814603
5d34e736ebb3cab6e153cbdc
p:  195462.78752920812
5d34e7b5b2ef7a72b753cc15
p:  197936.66676859872
5d34e7be8b579a6cc453cbd0
p:  265286.8260820405
5d34e7f1625c91485653cc31
p:  454969.139194233
5d34e8128bf83f9e1853cc21
p:  248080.9445522799
5d34e836625c91485653cc32
p:  794476.2269524724
5d34e853625c91485653cc33
p:  784776.1094777195
5d34e85ea1b600949453cc11
p:  969746.481887792
5d34e8608bf83f9e1853cc22
p:  533257.0426846666
5d34e8a8ebb3cab6e153cbde
p:  349834.8917169843
5d34e8caa1b600949453cc13
p:  401352.0466264166
5d34e9038b579a6cc453cbd6
p:  239325.95935033367
5d34e9298b579a6cc453cbd8
p:  214789.87063217172
5d34e9348bf83f9e1853cc25
p:  511492.78074764495
5d34e959ebb3cab6e153cbe0
p:  361929.14093116036
5d34e98d3c0787f89753cbef
p:  135724.93286966684
5d34ea33a1b600949453cc14
p:  885329.8128957098
5d34ea9a60ebe94d4353cbf4
p:  494057.8080795087
5d34eac5a1b600949453cc16
p:  391793.60654051136
5d34ead88b579a6cc453cbdc
p:  517256.519499004
5d34eaf6ebb3cab6e153cbe5
p:  345610.76064911444
5d34eb388b579a6cc453cbdd
p:  388694.8117648501
5d34eb98a1b600949453cc18
p:  289907.384011771
5d34ebb5a1b600949453cc19
p:  226734.2883155324
5d34ebceebb3cab6e153cbe6
p:  298777.8417397663
5d34ec41a1b600949453cc1b
p:  523898.62654937536
5d34ec63ebb3cab6e153cbe8
p:  235220.17502996553
5d34ec8eebb3cab6e153cbe9
p:  237115.5549167029
5d34ecacebb3cab6e153cbea
p:  275116.570859878
5d34ecb1a71c679e2b53cd2b
p:  571206.2010641679
5d34ecd6984f62c82153cbf4
p:  196680.26411458716
5d34ecd9b2ef7a72b753cc1b
p:  296903.57051557745
5d34ed2860ebe94d4353cbff
p:  484130.0105357755
5d34ed2ca71c679e2b53cd2c
p:  206387.01292707835
5d34ed45a1b600949453cc20
p:  384532.74928686064
5d34ed648bf83f9e1853cc32
p:  334532.1666863103
5d34ed83a1b600949453cc21
p:  457274.3612685569
5d34eda3b2ef7a72b753cc1c
p:  296903.57051557745
5d34ee70ebb3cab6e153cbeb
p:  216598.89318107802
5d34eeb1a71c679e2b53cd2e
p:  344395.73242884
5d34ef0c984f62c82153cbf9
p:  244112.09235363692
5d34ef4160ebe94d4353cc03
p:  450763.3659683386
5d34ef5c60ebe94d4353cc04
p:  388105.8935652122
5d34ef8a984f62c82153cbfb
p:  399477.6808730798
5d34ef8cb2ef7a72b753cc1d
p:  278496.8380413594
5d34efbe60ebe94d4353cc08
p:  544953.7873708117
5d34efe0ebb3cab6e153cbee
p:  246440.57725879457
5d34f05318f8dde30a0abd03
p:  452665.77899334114
5d34f02fb2ef7a72b753cc1e
p:  296903.57051557745
5d34f045b2ef7a72b753cc1f
p:  245578.03269740776
5d34f04aebb3cab6e153cbf0
p:  239921.15612713195
5d34f0a4a71c679e2b53cd32
p:  278072.3369821431
5d34f0daa71c679e2b53cd33
p:  506929.58978643606
5d34f119625c91485653cc43
p:  794476.2269524724
5d34f14fb2ef7a72b753cc20
p:  230062.0642280773
5d34f150ebb3cab6e153cbf2
p:  293707.1874205888
5d34f1c5625c91485653cc45
p:  237203.15682259912
5d34f1c7da256e970b53cc26
p:  352654.38653800456
5d34f1cd625c91485653cc46
p:  232665.20645259094
5d34f1e2b2ef7a72b753cc21
p:  376355.02929049265
5d34f1ecda256e970b53cc29
p:  427981.13303980394
5d34f1f0a71c679e2b53cd37
p:  255467.70762498293
5d34f209da256e970b53cc2b
p:  379485.61768451025
5d34f244984f62c82153cc00
p:  205331.20188871003
5d34f25c60ebe94d4353cc11
p:  508402.1834738671
5d34f292b2ef7a72b753cc24
p:  296903.57051557745
5d34f2a7b2ef7a72b753cc25
p:  296903.57051557745
5d34f2b7b2ef7a72b753cc26
p:  296903.57051557745
5d34f2c7b2ef7a72b753cc27
p:  296903.57051557745
5d34f2e3b2ef7a72b753cc28
p:  290779.2970384314
5d34f307a1b600949453cc2e
p:  762133.0891553047
5d34f31ba71c679e2b53cd3a
p:  255467.70762498293
5d34f326e3946621d853cc90
p:  325056.2182183643
5d34f3c360ebe94d4353cc16
p:  283935.3599577363
5d34f459625c91485653cc4e
p:  276165.017640027
5d34f4d5625c91485653cc52
p:  327537.2534763861
5d34f537625c91485653cc55
p:  191304.83138383934
5d34f53db2ef7a72b753cc2e
p:  310817.2901314988
5d34f558e3946621d853cc92
p:  397376.72546043916
5d34f55cda256e970b53cc34
p:  246112.61891836865
5d34f55e3c0787f89753cc0f
p:  322622.1351225687
5d34f572a1b600949453cc3c
p:  588004.205557996
5d34f5ac984f62c82153cc03
p:  386725.73678578273
5d34f5c78b579a6cc453cbf0
p:  348359.50872048485
5d34f62ada256e970b53cc35
p:  294595.82978336373
5d34f63aa71c679e2b53cd44
p:  267933.77441429533
5d34f646625c91485653cc58
p:  313079.14105363295
5d34f66f625c91485653cc59
p:  322946.28188949486
5d34f6d2da256e970b53cc37
p:  229836.59473491219
5d34f6fe3c0787f89753cc12
p:  394432.73812343244
5d34f761e3946621d853cc94
p:  345336.00742372684
5d34f7798b579a6cc453cbf2
p:  361731.25945096824
5d34f7f6da256e970b53cc3b
p:  214094.90476308245
5d34f834ebb3cab6e153cbff
p:  273112.12432797445
5d34f854ebb3cab6e153cc00
p:  220047.4885383466
5d34f8933c0787f89753cc15
p:  405330.0362531906
5d34f8b560ebe94d4353cc1b
p:  343864.2690277855
5d34f8e93c0787f89753cc17
p:  346023.50816617755
5d34f8f460ebe94d4353cc20
p:  221559.88125488034
5d34f944ebb3cab6e153cc04
p:  272624.788649146
5d34f9bae3946621d853cc97
p:  200801.4822407188
5d34f9cbebb3cab6e153cc06
p:  268783.0777492864
5d34fa673c0787f89753cc1d
p:  424801.76109799754
5d34fae5625c91485653cc6a
p:  202293.0375072021
5d34fb27e3946621d853cc9e
p:  222374.35509624696
5d34fc133c0787f89753cc22
p:  286064.70666141505
5d34fc84e3946621d853cca1
p:  247051.2338433643
5d34fcc13c0787f89753cc24
p:  454528.21217665076
5d34fcf0da256e970b53cc4d
p:  262808.2886666388
5d34fd283c0787f89753cc25
p:  523103.6611070123
5d34fd6febb3cab6e153cc0d
p:  297693.02192287054
5d34fd84a1b600949453cc4a
p:  523898.62654937536
5d34fd89e3946621d853cca2
p:  333968.9084800596
5d34fe9eebb3cab6e153cc13
p:  198714.28939384248
5d34ff3ee3946621d853cca5
p:  252860.53487457824
5d34ff693c0787f89753cc28
p:  228690.010029686
5d34ffeb625c91485653cc70
p:  373466.4254971597
5d35008cb2ef7a72b753cc36
p:  254395.89326640381
5d3502333c0787f89753cc2d
p:  546073.664880563
5d3502723c0787f89753cc2e
p:  388913.7861034213
5d3503cab2ef7a72b753cc3f
p:  529614.9393847825
5d35045c625c91485653cc7c
p:  252716.91780663072
5d3505c1b2ef7a72b753cc42
p:  735726.7806718801
5d350645b2ef7a72b753cc43
p:  929920.7333272718
5d35068e3c0787f89753cc36
p:  421597.531419688
5d3506d7b2ef7a72b753cc45
p:  1307844.4104641401
5d3507223c0787f89753cc39
p:  303748.3827324746
5d35079ee3946621d853ccb3
p:  789110.1608715326
5d350944da256e970b53cc71
p:  246112.61891836865
5d3509b9a71c679e2b53cd75
p:  557512.0051247291
5d350a62155b51638e53cc84
p:  419820.0588982876
5d350a7d155b51638e53cc85
p:  210116.00263575657
5d350a95155b51638e53cc86
p:  370114.81249389006
5d350ae4155b51638e53cc87
p:  317332.64446908404
5d350b003c0787f89753cc40
p:  451006.3375221029
5d350b02155b51638e53cc88
p:  501278.54882086464
5d350b16a71c679e2b53cd76
p:  391650.26475996507
5d350b82a71c679e2b53cd77
p:  415304.2377589656
5d350b933c0787f89753cc41
p:  355623.2100140016
5d350bb2a71c679e2b53cd78
p:  479240.07333447726
5d350c12155b51638e53cc8a
p:  286266.4838171606
5d350c3eebb3cab6e153cc28
p:  317853.84216168395
5d350c66ebb3cab6e153cc2a
p:  512840.7714696157
5d350c7cebb3cab6e153cc2b
p:  523845.23538004
5d350ccfebb3cab6e153cc2c
p:  364034.195656249
5d350d12155b51638e53cc8b
p:  414594.51934573625
5d350d33ebb3cab6e153cc30
p:  323729.7528554121
5d350d54ebb3cab6e153cc33
p:  523338.1659815344
5d350d76155b51638e53cc8c
p:  472647.778515291
5d350db8625c91485653cc88
p:  237203.15682259912
5d350de5ebb3cab6e153cc3d
p:  343314.2598953177
5d350df1ebb3cab6e153cc3e
p:  317853.84216168395
5d350dfdebb3cab6e153cc3f
p:  355913.5795539862
5d350e11ebb3cab6e153cc41
p:  574925.5914283574
5d350e26155b51638e53cc8f
p:  286266.4838171606
5d350e34ebb3cab6e153cc43
p:  298669.33888962236
5d350e3debb3cab6e153cc44
p:  270118.23857963225
5d350e578b579a6cc453cc1e
p:  465441.92107434775
5d350e67ebb3cab6e153cc47
p:  555192.1996122319
5d350e71ebb3cab6e153cc48
p:  483249.3155096075
5d350e7bebb3cab6e153cc49
p:  522656.507411349
5d350e83ebb3cab6e153cc4a
p:  317853.84216168395
5d350e8febb3cab6e153cc4b
p:  483249.3155096075
5d350ec48b579a6cc453cc1f
p:  725677.2612474966
5d350ece155b51638e53cc91
p:  402781.41009408404
5d350ed7ebb3cab6e153cc4c
p:  580220.5045070157
5d350ee3ebb3cab6e153cc4d
p:  355913.5795539862
5d350f17ebb3cab6e153cc51
p:  570750.0206805628
5d350f22ebb3cab6e153cc52
p:  358841.4470453138
5d350f37a71c679e2b53cd7c
p:  434636.8765349353
5d350fa1ebb3cab6e153cc56
p:  524989.2368057526
5d350fe1ebb3cab6e153cc5b
p:  316869.25731059
5d350febebb3cab6e153cc5c
p:  577677.8618057526
5d350feda71c679e2b53cd81
p:  234308.63070549114
5d351017ebb3cab6e153cc5e
p:  337261.2264034175
5d35104debb3cab6e153cc60
p:  375749.8090130062
5d351071ebb3cab6e153cc63
p:  761716.4022170936
5d35108fda256e970b53cc79
p:  556288.7112016659
5d351097ebb3cab6e153cc66
p:  337821.5347941392
5d3510acebb3cab6e153cc68
p:  506454.0711161386
5d3510bfb2ef7a72b753cc5c
p:  1215265.1166445906
5d3510d68b579a6cc453cc21
p:  664707.1004623962
5d3510edb2ef7a72b753cc5d
p:  597021.6657230298
5d351103155b51638e53cc92
p:  584131.1518445495
5d351115b2ef7a72b753cc5e
p:  729840.4456151202
5d351134155b51638e53cc93
p:  567288.8387202602
5d351159b2ef7a72b753cc5f
p:  779766.0262350373
5d35115ba71c679e2b53cd84
p:  375215.9654879132
5d351164155b51638e53cc94
p:  323042.83258909965
5d351180a71c679e2b53cd85
p:  460858.31738815224
5d35118da71c679e2b53cd86
p:  495545.1721548689
5d35118febb3cab6e153cc79
p:  358841.4470453138
5d351197a71c679e2b53cd87
p:  568372.1445716924
5d35119bebb3cab6e153cc7a
p:  447367.4393990794
5d3511a1a71c679e2b53cd88
p:  744927.5810139384
5d3511aea71c679e2b53cd89
p:  473393.99777446885
5d3511b2ebb3cab6e153cc7c
p:  311593.40596635756
5d3511c3b2ef7a72b753cc60
p:  616132.4827789842
5d3511f9b2ef7a72b753cc61
p:  1292988.7535106163
5d35120c8b579a6cc453cc27
p:  733009.807878077
5d3512178b579a6cc453cc28
p:  346590.72372342856
5d3512598b579a6cc453cc29
p:  382058.21263038315
5d35125eb2ef7a72b753cc62
p:  580270.8225638333
5d351279b2ef7a72b753cc63
p:  1021123.3472002897
5d35127d8b579a6cc453cc2a
p:  770884.0403102736
5d3512aa8b579a6cc453cc2b
p:  648677.8863133143
5d3512df8b579a6cc453cc2c
p:  335990.1334985391
5d351388155b51638e53cc95
p:  438554.2155558019
5d35138fa71c679e2b53cd8c
p:  452406.34112279105
5d3513aab2ef7a72b753cc69
p:  567555.2293238498
5d35146b155b51638e53cc96
p:  267802.164382973
5d3514748b579a6cc453cc2d
p:  320770.36799482716
5d3514bf155b51638e53cc98
p:  465728.9712149722
5d351500a1b600949453cc78
p:  1376939.6793942563
5d35150b155b51638e53cc99
p:  405060.9511281103
5d351511a71c679e2b53cd8d
p:  239415.8306965627
5d351551a71c679e2b53cd8e
p:  526311.8647370469
5d3515548b579a6cc453cc30
p:  689475.4740254666
5d35157cb2ef7a72b753cc6d
p:  1289957.397905116
5d3515c8155b51638e53cc9a
p:  295647.3051125676
5d3515e166f915e95153cc96
p:  401300.9038858481
5d3515e78bf83f9e1853cc7c
p:  929920.7333272718
5d35160d66f915e95153cc9c
p:  217345.54457053135
5d35160eb2ef7a72b753cc6e
p:  1142568.2910606866
5d351647155b51638e53cc9c
p:  569475.4787915219
5d351647984f62c82153cc59
p:  771276.1853595246
5d3516703c0787f89753cc58
p:  263680.7675919029
5d35168ce3946621d853ccc9
p:  752219.8935317242
5d3516ea8b579a6cc453cc33
p:  505387.4349053607
5d351701e3946621d853cccb
p:  698522.6665675505
5d35170e155b51638e53cc9d
p:  286266.4838171606
5d351767ebb3cab6e153ccb9
p:  362321.57885165757
5d351773da256e970b53cc8c
p:  503981.67644869897
5d35177ab2ef7a72b753cc70
p:  2106546.6703484617
5d3517a7625c91485653cc9b
p:  184732.82650636294
5d351806155b51638e53cc9e
p:  255239.2913137211
5d351828625c91485653cc9e
p:  254735.13912274526
5d3518668bf83f9e1853cc81
p:  461956.4984020997
5d3518ede3946621d853ccce
p:  579016.2546611244
5d35193a8b579a6cc453cc34
p:  635461.6834639844
5d35195db2ef7a72b753cc75
p:  1360617.8314958245
5d35197fb2ef7a72b753cc76
p:  879550.345736773
5d3519c88bf83f9e1853cc84
p:  400124.36856818624
5d3519ec8b579a6cc453cc36
p:  382058.21263038315
5d351a02da256e970b53cc93
p:  516340.78677989804
5d351a1a8bf83f9e1853cc85
p:  534584.1113549131
5d351a4d984f62c82153cc61
p:  785031.7267795985
5d351a71b2ef7a72b753cc78
p:  839249.11335812
5d351a8febb3cab6e153ccc2
p:  331248.2152866702
5d351aae155b51638e53cca0
p:  558525.5627780298
5d351ad73c0787f89753cc5e
p:  441669.44563195226
5d351adbebb3cab6e153ccc4
p:  711885.0431362162
5d351b0ea71c679e2b53cd8f
p:  280568.2219801376
5d351b28ebb3cab6e153ccc5
p:  749149.3557655497
5d351b2c8b579a6cc453cc38
p:  527568.2058215309
5d351b53b2ef7a72b753cc7b
p:  938030.3593151041
5d351b59ebb3cab6e153ccc6
p:  508618.06299753266
5d351b6ca71c679e2b53cd91
p:  491033.69921274076
5d351ba4b2ef7a72b753cc7d
p:  864090.5210701039
5d351bb2da256e970b53cc9a
p:  408431.5680246265
5d351be3ebb3cab6e153cccb
p:  668828.3100542319
5d351c2ba71c679e2b53cd92
p:  411044.1065193871
5d351c3c155b51638e53cca7
p:  783585.7807541598
5d351c51a71c679e2b53cd93
p:  270328.0435672063
5d351c6ba71c679e2b53cd94
p:  549708.766589638
5d351c80a71c679e2b53cd95
p:  302453.76897320326
5d351ca5a71c679e2b53cd96
p:  372548.9157191906
5d351e20094ca4e7d8e802e2
p:  349013.10156047123
5d351e858b579a6cc453cc3c
p:  400920.690336333
5d351eb93c0787f89753cc6a
p:  342267.11650487606
5d351ed660ebe94d4353cc70
p:  1626458.341585143
5d351f0eebb3cab6e153ccd3
p:  298274.09489285806
5d351f218b579a6cc453cc3e
p:  426448.74158673873
5d351f528b579a6cc453cc3f
p:  431183.5043975824
5d351f8d155b51638e53ccb5
p:  286266.4838171606
5d351fc0da256e970b53cca2
p:  198996.36186907603
5d351fc4ebb3cab6e153ccd5
p:  402310.87156727025
5d351febb2ef7a72b753cc83
p:  643531.1854209743
5d352137b2ef7a72b753cc87
p:  603532.8412995818
5d3521433c0787f89753cc76
p:  194137.12970135774
5d352168a1b600949453cc96
p:  430674.5045188848
5d35220ea71c679e2b53cd9a
p:  478253.63091922767
5d35225f625c91485653ccb1
p:  592773.3354071974
5d35226ca71c679e2b53cd9d
p:  507366.1657471708
5d3522798bf83f9e1853cc95
p:  507366.1657471708
5d35228f66f915e95153ccb3
p:  494176.0125335854
5d3522e1a71c679e2b53cd9e
p:  395395.90916019445
5d3522e4db63cc537353ccaf
p:  229431.08128377915
5d3522e58b579a6cc453cc47
p:  319572.13515083655
5d35230adb63cc537353ccb0
p:  149182.8052223388
5d35230d8b579a6cc453cc48
p:  304664.7936336884
5d352318155b51638e53ccba
p:  317332.64446908404
5d352329b2ef7a72b753cc89
p:  605800.4164918489
5d35233b155b51638e53ccbb
p:  451227.28662043816
5d35233eb2ef7a72b753cc8a
p:  1066959.4151958113
5d3523528b579a6cc453cc49
p:  577694.3459278278
5d352364155b51638e53ccbc
p:  287109.61121498194
5d35237cb2ef7a72b753cc8b
p:  629281.3111829924
5d3523b1e3946621d853cceb
p:  377220.3818905245
5d352405a71c679e2b53cd9f
p:  308883.74446153885
5d352406155b51638e53ccbf
p:  340438.1054467872
5d352435a71c679e2b53cda0
p:  355642.20183443435
5d35244aa71c679e2b53cda1
p:  428079.4466240513
5d35246c155b51638e53ccc0
p:  340438.1054467872
5d3524a18b579a6cc453cc4c
p:  583248.5839208316
5d352507e3946621d853ccee
p:  214418.9940532748
5d35251ada256e970b53ccad
p:  257707.38161145197
5d3525308b579a6cc453cc4d
p:  635461.6834639844
5d352535a71c679e2b53cda6
p:  296209.53403299913
5d352550625c91485653ccb4
p:  302801.10418738425
5d3525848b579a6cc453cc4e
p:  744343.4411795478
5d3525ebb2ef7a72b753cc8e
p:  529614.9393847825
5d352622ebb3cab6e153cce6
p:  371212.6435611631
5d35266fa71c679e2b53cdac
p:  269837.2008770891
5d3526c28b579a6cc453cc50
p:  726425.8032361785
5d3526d0a71c679e2b53cdad
p:  288150.51172288315
5d3527058b579a6cc453cc51
p:  676160.6306704804
5d352755a71c679e2b53cdb0
p:  258137.68043166795
5d3527e3db63cc537353ccbb
p:  381772.0306062619
5d352820da256e970b53ccb0
p:  397340.4355036387
5d35287660ebe94d4353cc8a
p:  1576748.7379407608
5d3528e28b579a6cc453cc52
p:  663834.4251502804
5d352996db63cc537353ccbd
p:  317155.2215824615
5d3529f1db63cc537353ccbe
p:  335672.3704292421
5d352a25a71c679e2b53cdb2
p:  506496.7312583829
5d352abae3946621d853cd00
p:  261011.87925074386
5d352ad2a71c679e2b53cdb3
p:  463509.6642121002
5d352b143c0787f89753cc87
p:  307238.3334752473
5d352b22b2ef7a72b753cc98
p:  590778.9424256526
5d352b46da256e970b53ccba
p:  224720.04379813315
5d352b4e3c0787f89753cc88
p:  674337.227358507
5d352b60a71c679e2b53cdb4
p:  441031.5097705816
5d352bd28b579a6cc453cc5b
p:  336494.05215136637
5d352be88bf83f9e1853cca5
p:  435173.40292250016
5d352c06da256e970b53ccbc
p:  337154.959736452
5d352c37a1b600949453ccb0
p:  313608.72962744685
5d352c838b579a6cc453cc5c
p:  417782.7230439774
5d352d3e8b579a6cc453cc5e
p:  504593.1284847155
5d352dc1a1b600949453ccb5
p:  543894.9033187579
5d352ddfa1b600949453ccb6
p:  304175.83809401456
5d352de6b2ef7a72b753cc9d
p:  1286645.291938732
5d352e153c0787f89753cc8e
p:  454331.0662423892
5d352e33e3946621d853cd07
p:  252054.0960254734
5d352e6d625c91485653ccc8
p:  466566.8641064999
5d352ec4e3946621d853cd0b
p:  308634.2440255851
5d352f1fe3946621d853cd0d
p:  347531.6545940143
5d352f81155b51638e53ccd6
p:  507127.11909870105
5d352fb8e3946621d853cd10
p:  208470.41692860358
5d3530638bf83f9e1853ccb0
p:  1007303.2916161702
5d35306fa1b600949453ccbf
p:  622335.371312181
5d3530b7155b51638e53ccdb
p:  305732.6587540476
5d3531a8984f62c82153cc8b
p:  474615.8983349152
5d353286a71c679e2b53cdbe
p:  451076.9453440241
5d3532d2a71c679e2b53cdc0
p:  507366.1657471708
5d35331e60ebe94d4353cca0
p:  1189969.007767747
5d353336a1b600949453ccc6
p:  320448.32414207235
5d3533868bf83f9e1853ccb6
p:  238454.44565172892
5d3533eda71c679e2b53cdc3
p:  269837.2008770891
5d353405a71c679e2b53cdc4
p:  269837.2008770891
5d353408e3946621d853cd17
p:  213194.33142055542
5d353434db63cc537353ccdb
p:  381881.3160119201
5d35346cb2ef7a72b753ccaa
p:  838868.1527084922
5d3535bb8b579a6cc453cc6b
p:  526509.0030983652
5d3536cddb63cc537353cce0
p:  365548.9655473873
5d35370d8b579a6cc453cc72
p:  335990.1334985391
5d3537138bf83f9e1853ccc0
p:  1017101.2073966118
5d353738a1b600949453ccd2
p:  317603.07572690595
5d3537558bf83f9e1853ccc2
p:  543873.1318982581
5d353766625c91485653ccdb
p:  177042.69649536692
5d35377ca71c679e2b53cdc8
p:  274027.1114148952
5d3537f4e3946621d853cd20
p:  230525.32871056983
5d35389f155b51638e53ccf2
p:  330212.252692573
5d3538b28b579a6cc453cc76
p:  400552.2715380094
5d3538dbe3946621d853cd26
p:  442540.0540740617
5d353916a1b600949453ccd8
p:  246809.74512976332
5d3539aab2ef7a72b753ccb5
p:  1240125.2244718405
5d3539dce3946621d853cd29
p:  230525.32871056983
5d353ba1b2ef7a72b753ccba
p:  778302.5521710708
5d353cba8bf83f9e1853cccc
p:  778714.848636095
5d353d5c3c0787f89753ccb4
p:  172680.25386814473
5d353df1e3946621d853cd32
p:  558313.5225310053
5d353e238bf83f9e1853cccd
p:  849779.2130701364
5d353ee68bf83f9e1853ccd0
p:  456241.6496699415
5d353eeb094ca4e7d8e80320
p:  312309.7308448828
5d353f92e3946621d853cd35
p:  230525.32871056983
5d354035155b51638e53cd0d
p:  463865.9509468303
5d35409c8bf83f9e1853ccd8
p:  863305.7315133591
5d3540e38bf83f9e1853ccda
p:  523233.1933231916
5d3541368bf83f9e1853ccdb
p:  915018.7856739314
5d3541b58b579a6cc453cc8e
p:  1015562.3522785929
5d3541bfda256e970b53ccfb
p:  380060.9827590313
5d3541e9da256e970b53ccfc
p:  660302.8975499594
5d35421360ebe94d4353ccc3
p:  2007881.4680966279
5d35425a3c0787f89753ccc3
p:  278413.7971176411
5d354288984f62c82153ccd4
p:  395875.0254381766
5d35434fdb63cc537353ccfd
p:  535666.7422484478
5d3543658bf83f9e1853ccdc
p:  814945.635861663
5d35436a155b51638e53cd1e
p:  271788.9541410518
5d3543d8625c91485653ccf9
p:  427608.33667796094
5d3543f860ebe94d4353ccc8
p:  1229029.2375816903
5d354497ebb3cab6e153cd44
p:  527808.4237302091
5d3544d4a71c679e2b53cdde
p:  381221.7208059452
5d3544eba71c679e2b53cddf
p:  343263.04761006875
5d354529625c91485653ccfd
p:  602033.4015562764
5d354600984f62c82153cceb
p:  320124.8627929295
5d3546da8b579a6cc453cc9d
p:  903597.185219619
5d3546e8a1b600949453cd01
p:  246809.74512976332
5d35472d625c91485653ccff
p:  434213.90568737284
5d3547548bf83f9e1853cce1
p:  368857.86758944683
5d35478c8b579a6cc453cca0
p:  430261.0393943783
5d3547a7ebb3cab6e153cd47
p:  537510.527144382
5d3547e08bf83f9e1853cce3
p:  1356913.9085599158
5d3548508b579a6cc453cca2
p:  437947.59313914063
5d3548863c0787f89753ccd2
p:  394733.1387380285
5d3548fc60ebe94d4353ccd7
p:  946420.9674054093
5d3549818b579a6cc453cca7
p:  592958.2671606734
5d354ad3a71c679e2b53cde2
p:  525875.9279389605
5d354af7a71c679e2b53cde3
p:  571629.9431382192
5d354b0ea71c679e2b53cde4
p:  343263.04761006875
5d354b65ebb3cab6e153cd4d
p:  513298.37500123354
5d354c0f8bf83f9e1853cced
p:  683252.5007191731
5d354cadebb3cab6e153cd4f
p:  818047.19413041
5d354cc2a71c679e2b53cdeb
p:  239467.19314540093
5d354cfada256e970b53cd10
p:  418638.91239393665
5d354d10ebb3cab6e153cd50
p:  412444.7236878848
5d354d368bf83f9e1853ccf0
p:  812768.2464809641
5d354d5c8b579a6cc453ccb1
p:  432437.06603602984
5d354d65ebb3cab6e153cd52
p:  464337.7245899476
5d354d90a71c679e2b53cded
p:  486124.6497164139
5d354e558b579a6cc453ccb3
p:  341199.77107561845
5d354e62da256e970b53cd16
p:  392984.9684460198
5d354e7e8b579a6cc453ccb6
p:  468926.0613744911
5d354f4e8bf83f9e1853ccf3
p:  250166.7071655235
5d354f5a8bf83f9e1853ccf4
p:  628475.2156961497
5d354f7da71c679e2b53cdf0
p:  582645.1391960949
5d354f9e8bf83f9e1853ccf8
p:  125782.00276997827
5d354fca8bf83f9e1853ccfc
p:  191879.03786863666
5d354fdfe3946621d853cd56
p:  401623.6078529655
5d3550008bf83f9e1853cd01
p:  165594.9744666071
5d35500de3946621d853cd57
p:  394182.96234984766
5d3550158bf83f9e1853cd03
p:  287907.97183424054
5d35501eebb3cab6e153cd57
p:  207769.53157082535
5d355083da256e970b53cd1a
p:  351205.96980532137
5d3551cc8bf83f9e1853cd0a
p:  267814.9613633949
5d3551db155b51638e53cd3e
p:  446885.1124556546
5d3552308bf83f9e1853cd0d
p:  196900.1279158913
5d3552b9625c91485653cd25
p:  422127.222000922
5d3552d1ebb3cab6e153cd5a
p:  431091.7842296071
5d3552e166f915e95153cd1c
p:  237195.37939118512
5d3552f48b579a6cc453ccc3
p:  402146.84983318206
5d35543aebb3cab6e153cd60
p:  700073.9530947551
5d3554b6a71c679e2b53cdfa
p:  456990.1469988697
5d35553fa71c679e2b53cdfc
p:  511137.9470025216
5d3555868b579a6cc453cccc
p:  495680.8849078222
5d35558aa71c679e2b53cdfd
p:  652455.5683137842
5d3555a5ebb3cab6e153cd63
p:  207769.53157082535
5d3555b3b2ef7a72b753cd0b
p:  639291.6062036036
5d355639db63cc537353cd3a
p:  457999.5089363739
5d355664ebb3cab6e153cd66
p:  426894.94597550185
5d355672e3946621d853cd64
p:  522755.1680479472
5d3556f6b2ef7a72b753cd0d
p:  458741.25618306326
5d3557f860ebe94d4353ccf7
p:  261886.24995992117
5d355830a71c679e2b53ce00
p:  658112.4165671429
5d35585a8b579a6cc453ccce
p:  164015.73724572937
5d3558a5625c91485653cd2d
p:  373376.4994978559
5d3558d660ebe94d4353ccfc
p:  335981.2963732523
5d3559aea71c679e2b53ce04
p:  489588.29500592686
5d355a258b579a6cc453ccd1
p:  414829.7053393758
5d355a3cdb63cc537353cd49
p:  322589.4016188531
5d355a5660ebe94d4353ccfd
p:  131451.67575300342
5d355a61db63cc537353cd4a
p:  246775.67774175547
5d355ab1db63cc537353cd4c
p:  212440.33926967398
5d355ca9b2ef7a72b753cd22
p:  781691.0029018947
5d355d09b2ef7a72b753cd23
p:  866668.2023831096
5d355d648bf83f9e1853cd17
p:  322933.8394663767
5d355dce625c91485653cd38
p:  283573.45931029343
5d355e0febb3cab6e153cd7c
p:  408903.42388765997
5d355eb2625c91485653cd39
p:  275941.75665564754
5d355efca71c679e2b53ce0a
p:  1019142.8656152575
5d355f0e625c91485653cd3b
p:  525485.7747195415
5d355f42ebb3cab6e153cd7d
p:  244229.69854287044
5d355f7d155b51638e53cd56
p:  229596.20715449614
5d355f888bf83f9e1853cd1c
p:  260950.53239356083
5d355ff8a1b600949453cd32
p:  616243.4487111252
5d356065155b51638e53cd58
p:  280109.85562916903
5d356141155b51638e53cd5c
p:  359412.4293252955
5d356153094ca4e7d8e80371
p:  323952.44625852304
5d3562798bf83f9e1853cd27
p:  129207.76704230899
5d3562b48bf83f9e1853cd28
p:  155477.5983898556
5d35637f60ebe94d4353cd11
p:  204172.8222643349
5d356389db63cc537353cd61
p:  247539.3377515908
5d356399db63cc537353cd62
p:  272909.86528738536
5d3563a0a71c679e2b53ce18
p:  233962.6050242437
5d3563a13c0787f89753cd18
p:  330708.2728144777
5d3563c4da256e970b53cd58
p:  247637.4228742894
5d35642a625c91485653cd48
p:  738785.7816551942
5d35648fa1b600949453cd3c
p:  1059710.988224924
5d3564c78bf83f9e1853cd31
p:  219900.42445209855
5d3564d9a71c679e2b53ce1d
p:  476811.2174818247
5d356577db63cc537353cd67
p:  255754.06858415733
5d35659debb3cab6e153cd8c
p:  597675.4109855641
5d3565c8155b51638e53cd5f
p:  268956.0993537149
5d3565f6e3946621d853cd7e
p:  269597.88931964297
5d35663cdb63cc537353cd6b
p:  324876.0688676614
5d3566ee8b579a6cc453cce6
p:  611862.9223872959
5d35682b155b51638e53cd65
p:  246828.46822474038
5d35685ba71c679e2b53ce28
p:  579151.4144340426
5d356881155b51638e53cd67
p:  348403.7321662149
5d3568cadb63cc537353cd75
p:  475796.9814757741
5d3568d9a71c679e2b53ce2a
p:  651253.992538049
5d356909e3946621d853cd84
p:  260634.1464932817
5d356a9266f915e95153cd43
p:  159759.54893280208
5d356ac5155b51638e53cd6d
p:  217170.62192356528
5d356b9460ebe94d4353cd23
p:  236974.51912866827
5d356c5b8b579a6cc453ccf4
p:  322364.53616083384
5d356ca6155b51638e53cd6f
p:  268956.0993537149
5d356cf9e3946621d853cd88
p:  244991.05909637758
5d356d34db63cc537353cd7e
p:  446106.43207734264
5d356d45e3946621d853cd89
p:  260634.1464932817
5d356f2adb63cc537353cd80
p:  381074.73577288643
5d356f5fdb63cc537353cd81
p:  277621.74969277345
5d356f6cdb63cc537353cd82
p:  473405.43528239697
5d35717c3c0787f89753cd2c
p:  364267.18241375
5d3571c93c0787f89753cd2d
p:  387340.20699850505
5d3572ee625c91485653cd5c
p:  416889.4594245049
5d3572f360ebe94d4353cd36
p:  638033.7217812389
5d357311e3946621d853cd93
p:  370689.8905946225
5d357380625c91485653cd5f
p:  414923.27136048704
5d3573c93c0787f89753cd36
p:  358868.41184336063
5d3573e466f915e95153cd53
p:  419755.2124630988
5d3573fb3c0787f89753cd37
p:  426482.6177364391
5d3574d7e3946621d853cd99
p:  452801.0356659712
5d35751666f915e95153cd55
p:  317033.12644348096
5d3576fd094ca4e7d8e80391
p:  448329.5825699833
5d35771e155b51638e53cd79
p:  540408.8299026862
5d35776ea71c679e2b53ce4f
p:  635768.8955123886
5d35787c66f915e95153cd5c
p:  248756.52568840847
5d3578c866f915e95153cd5d
p:  293678.9854584445
5d357945984f62c82153cd61
p:  3247221.9259971743
5d3579d1e3946621d853cda6
p:  472990.3610223862
5d3579e1ebb3cab6e153cdac
p:  414597.95918625087
5d357afd625c91485653cd80
p:  296781.229341761
5d357b47625c91485653cd84
p:  631582.9897232017
5d357b79b2ef7a72b753cd76
p:  1246421.7813705257
5d357b97ebb3cab6e153cdb4
p:  428530.56911838043
5d357bf9155b51638e53cd81
p:  439531.9318021636
5d357c16e3946621d853cda9
p:  388829.437061686
5d357c458b579a6cc453cd13
p:  292404.5533725801
5d357c8466f915e95153cd68
p:  684341.8780950056
5d357dada71c679e2b53ce5a
p:  663051.4268516575
5d357ed2625c91485653cd97
p:  694900.5448478286
5d357edeb2ef7a72b753cd7b
p:  683973.3619628751
5d357ee466f915e95153cd6e
p:  159759.54893280208
5d357f13984f62c82153cd71
p:  1081079.3406286812
5d357f42a71c679e2b53ce5e
p:  389794.2817843547
5d357f52b2ef7a72b753cd7d
p:  1075111.5481465869
5d357f5b66f915e95153cd71
p:  319848.4180686828
5d357f7cebb3cab6e153cdbd
p:  325186.3935969188
5d358014b2ef7a72b753cd80
p:  299248.75822347216
5d35801c3c0787f89753cd43
p:  488213.58494588337
5d35813bebb3cab6e153cdc3
p:  494150.11579493625
5d35814c155b51638e53cd87
p:  1037457.2901414047
5d35818366f915e95153cd74
p:  159759.54893280208
5d358204a1b600949453cd64
p:  794053.6866390377
5d358246625c91485653cda0
p:  1415771.1494193394
5d35827db2ef7a72b753cd84
p:  1395876.7733864957
5d3582c2ebb3cab6e153cdc5
p:  487825.6380856955
5d358326984f62c82153cd78
p:  1132166.2998617948
5d358350984f62c82153cd79
p:  516909.5749595496
5d3583b43c0787f89753cd4d
p:  521260.42824213475
5d358497a1b600949453cd68
p:  2857615.299172495
5d3584cab2ef7a72b753cd8b
p:  668646.455492025
5d358517b2ef7a72b753cd8c
p:  881672.7601653701
5d358569db63cc537353cdab
p:  476145.5699076586
5d358584db63cc537353cdac
p:  476145.5699076586
5d35858c984f62c82153cd7c
p:  492079.366915464
5d35864cb2ef7a72b753cd90
p:  781882.3009523605
5d358674ebb3cab6e153cdcf
p:  583145.1257389202
5d3586cfb2ef7a72b753cd91
p:  548442.0402045238
5d358702a71c679e2b53ce69
p:  955171.0082910187
5d358757b2ef7a72b753cd92
p:  477494.01491319784
5d35877a8b579a6cc453cd23
p:  451042.0634642559
5d3587bf3c0787f89753cd54
p:  387896.20988969423
5d35881c625c91485653cdad
p:  700308.1940429551
5d35884b8bf83f9e1853cd5c
p:  484186.8430819848
5d358853db63cc537353cdb7
p:  209198.58496747396
5d358863155b51638e53cd92
p:  205757.88117005257
5d3588c2db63cc537353cdba
p:  562087.8337922452
5d3588d1984f62c82153cd84
p:  673757.2752390183
5d3588fb66f915e95153cd7f
p:  213039.15154131333
5d358906ebb3cab6e153cdd2
p:  526904.1396161317
5d358925ebb3cab6e153cdd3
p:  401698.89724335907
5d358936da256e970b53cdb1
p:  326036.8654689061
5d35894fda256e970b53cdb2
p:  437011.8160180779
5d35896fda256e970b53cdb3
p:  778997.0312367971
5d35898fa71c679e2b53ce71
p:  339931.64487222454
5d3589b4da256e970b53cdb4
p:  779279.2016661097
5d3589d63c0787f89753cd5d
p:  1731571.4742137021
5d3589df984f62c82153cd86
p:  1103411.9976032418
5d3589fb3c0787f89753cd5e
p:  279913.2163247239
5d358a1160ebe94d4353cd73
p:  555269.7037376076
5d358a30b2ef7a72b753cd98
p:  1027760.301360141
5d358a3adb63cc537353cdbb
p:  600439.1838566354
5d358aa1155b51638e53cd99
p:  462304.51211409445
5d358aae155b51638e53cd9a
p:  711375.4533884502
5d358ad6db63cc537353cdbc
p:  622540.4350855194
5d358ae0155b51638e53cd9b
p:  233977.2113842499
5d358b12155b51638e53cd9c
p:  403888.4797872043
5d358b29155b51638e53cd9d
p:  515006.3336683374
5d358b4ae3946621d853cdc3
p:  284625.9527974526
5d358b6e984f62c82153cd8d
p:  577555.6380868466
5d358b83984f62c82153cd8f
p:  890000.9255327408
5d358c3a60ebe94d4353cd75
p:  336247.32186343067
5d358c8fb2ef7a72b753cd9a
p:  730201.9417803632
5d358dc260ebe94d4353cd76
p:  275872.52961576136
5d358de660ebe94d4353cd77
p:  449554.8689824308
5d358e13625c91485653cdba
p:  566201.8429714761
5d358e1e625c91485653cdbb
p:  210391.75850989757
5d358e29625c91485653cdbc
p:  665312.3940597365
5d358e57da256e970b53cdbd
p:  564476.318008135
5d358ed9155b51638e53cdaa
p:  467587.94409960177
5d358f40155b51638e53cdad
p:  454966.27397359535
5d358f85984f62c82153cd95
p:  1931257.546622382
5d358fe5625c91485653cdc1
p:  489388.3640725415
5d35908460ebe94d4353cd79
p:  396472.45110078674
5d359094155b51638e53cdb6
p:  696349.8178929936
5d3590b160ebe94d4353cd7a
p:  266827.8691474056
5d3590e2a71c679e2b53ce81
p:  714609.0514368159
5d359114da256e970b53cdc7
p:  607599.5642356533
5d3591c5a71c679e2b53ce88
p:  612494.1307135285
5d3591fe60ebe94d4353cd7b
p:  313234.4248518691
5d35922960ebe94d4353cd7c
p:  325908.22327897535
5d359272a71c679e2b53ce8e
p:  657686.4665951084
5d35927a8bf83f9e1853cd70
p:  476483.6725530308
5d35927e60ebe94d4353cd7f
p:  425303.92475147673
5d359351a71c679e2b53ce91
p:  2321158.0519622634
5d35936ea71c679e2b53ce94
p:  828431.7217604083
5d35938b625c91485653cdcb
p:  453774.20465139573
5d35938eb2ef7a72b753cda0
p:  1874911.3219312022
5d3594023c0787f89753cd74
p:  485609.79970517685
5d359447155b51638e53cdbb
p:  517167.870024442
5d3594d260ebe94d4353cd84
p:  419873.0209676291
5d3594e4da256e970b53cdd4
p:  496079.3007667981
5d359541ebb3cab6e153cdf1
p:  689929.9391885025
5d3595503c0787f89753cd77
p:  453121.80488904874
5d3595a766f915e95153cd99
p:  369690.99202985875
5d3595d3da256e970b53cdd5
p:  649469.412009476
5d3595eb8b579a6cc453cd34
p:  386972.8388331925
5d3596428bf83f9e1853cd76
p:  439769.5342288752
5d359647b2ef7a72b753cda7
p:  600852.5200849632
5d35967d66f915e95153cd9c
p:  469629.3982722351
5d3596bdda256e970b53cdd7
p:  314675.74768819765
5d35972d60ebe94d4353cd86
p:  335507.49601683835
5d35974e625c91485653cdd5
p:  210391.75850989757
5d35976860ebe94d4353cd88
p:  778155.9809239206
5d35976cda256e970b53cdd9
p:  418113.9963801921
5d35978a60ebe94d4353cd89
p:  348281.466018888
5d3597d660ebe94d4353cd8a
p:  270521.8263035275
5d35989dda