Current date and time: 2020-06-07 15:34:19
Successfully connect to DB.
For ['San Juan', 'Cibola', 'McKinley']#################################################################
train score for random_forest: 0.9172021797076556
test score for random_forest: 0.5398934585224624
The mean absolute error is:$ 59309.10123744912
r_Score: 0.548810803437761
Voting Regressor (in): 0.9669634845218049
Voting Regressor: 0.548810803437761
5d0d355243207cb60914ae12
p:  238551.3595404784
5d1bcbe503ecbb08e0bf61e7
p:  200187.7121449812
5d1bfc8102e1f427a5efbc42
p:  166596.08964355115
5d1bfcd602e1f427a5efbc43
p:  521347.89147519594
5d4430650c2b93cba458ae32
p:  215373.13726569933
5d4431d40c2b93cba458ae46
p:  228554.75540379842
5d4be2710d724dbede2e92f2
p:  129010.10648020201
5d4be29f0d724dbede2e92f3
p:  123144.32332756862
5d4be4f04737ec67782e9318
p:  156566.26837134018
5d4be52ea56aa71dbd2e92f9
p:  273055.50874013547
5d4be53b8c54ef9d522e9311
p:  213270.4947911391
5d4be5598c54ef9d522e9312
p:  393273.7934692284
5d4be5a8a56aa71dbd2e9301
p:  121665.66558067099
5d4be5d4a56aa71dbd2e9302
p:  177193.31008732785
5d4be5f2a56aa71dbd2e9303
p:  172928.94389313646
5d4be605a56aa71dbd2e9305
p:  169881.11566055828
5d4be611a56aa71dbd2e9306
p:  166596.08964355115
5d4be64ba56aa71dbd2e9309
p:  152601.31391929052
5d4be6a8a56aa71dbd2e930e
p:  198683.31777719373
5d4be712a56aa71dbd2e9311
p:  164701.36308105115
5d4be75d8c54ef9d522e9317
p:  218668.76075795988
5d4be769a56aa71dbd2e9313
p:  235127.32356581636
5d4be8808c54ef9d522e931a
p:  221844.51929743725
5d4be91fa56aa71dbd2e9317
p:  235040.08507527848
5d4be993a56aa71dbd2e931a
p:  173251.98904698738
5d4bea3c8c54ef9d522e931d
p:  229996.09915282665
5d4bea7f8c54ef9d522e931e
p:  267520.6412764565
5d4beabea56aa71dbd2e9320
p:  269225.3210881369
5d4bf459a56aa71dbd2e9323
p:  255105.78652424377
5d4bf5594737ec67782e9325
p:  104315.30641226735
5d4bf6268c54ef9d522e9326
p:  135397.92301584705
5d4bf7487ddc71f8cd2e9304
p:  239547.23903707598
5d4bf8137ddc71f8cd2e9307
p:  359932.7876943693
5d4bf8fea56aa71dbd2e932d
p:  166596.08964355115
5d4bf9ca7ddc71f8cd2e930a
p:  273425.2482761381
5d4bfb584737ec67782e932c
p:  160801.4527335525
5d4bfc2d0d724dbede2e931e
p:  170679.74875066747
5d4c24f04737ec67782e9330
p:  278189.1433527679
5d4c25074737ec67782e9331
p:  117550.43143530129
5d4c25db0d724dbede2e9323
p:  132261.71160173503
5d4c25e67ddc71f8cd2e9312
p:  234778.24314014273
5d4c27b5a56aa71dbd2e933d
p:  214767.54804271518
5d4c286d0d724dbede2e9328
p:  303074.34661191393
5d4c299e4737ec67782e9338
p:  116866.87972892847
5d4c29ab4737ec67782e9339
p:  281960.3392398022
5d4c2a12a56aa71dbd2e9344
p:  167423.32602816756
5d4c2a56a56aa71dbd2e9345
p:  92578.17876369407
5d4c2a874737ec67782e933c
p:  310381.1567717721
5d4c2c2f4737ec67782e9342
p:  174047.29274382937
5d4c2c524737ec67782e9343
p:  149391.98249051295
5d4c49594737ec67782e9350
p:  217297.84058444435
5d4c4a15a56aa71dbd2e9350
p:  174114.5573437381
5d4c5080a56aa71dbd2e9359
p:  134321.55820179963
5d4c50c04737ec67782e9360
p:  156824.50983267074
5d4c6342a56aa71dbd2e9368
p:  142512.80313572846
5d4d3171a56aa71dbd2e93a0
p:  175424.86565031408
For ['Bernalillo', 'Sandoval', 'Socorro', 'Valencia', 'Torrance']#################################################################
train score for random_forest: 0.9443412480989498
test score for random_forest: 0.632997982332374
The mean absolute error is:$ 78323.91945980421
r_Score: 0.6359158031855228
Voting Regressor (in): 0.9653495784860205
Voting Regressor: 0.6359158031855228
5d0d1c9bae78f7f2d314ad6f
p:  174417.14918157656
5d129c38b7ae3de20d8d6e5a
p:  204072.3895811012
5d12b6a1b7ae3de20d8d6f00
p:  573407.1992891773
5d12b864b7ae3de20d8d6f01
p:  176640.99883609707
5d12b8a2b7ae3de20d8d6f02
p:  255081.31341972493
5d1c5e1ddbebfd779eefbd4b
p:  124866.84901363458
5d42d1885059a34d102fa192
p:  144698.41597509588
5d42d20c5059a34d102fa193
p:  670114.1780754346
5d4b809d7ddc71f8cd2e929e
p:  373136.1465710733
5d4b80bfbd36bb58142e929e
p:  185777.77842952014
5d4b81323a63c265da2e92a0
p:  116763.50653304016
5d4b813d1fda2fc8352e929e
p:  254161.97898656898
5d4b819f1fda2fc8352e929f
p:  193841.11613196152
5d4b81abbd36bb58142e92a2
p:  82160.32757621686
5d4b81e24737ec67782e929e
p:  259570.97010797443
5d4b82097ddc71f8cd2e92a0
p:  524909.9166465877
5d4b833e3a63c265da2e92a7
p:  420388.5493021946
5d4b835564102af5252e92a1
p:  246525.99928313307
5d4b83581fda2fc8352e92a3
p:  216071.48818213085
5d4b83590d724dbede2e92a3
p:  211422.73647608905
5d4baa031fda2fc8352e92a9
p:  193023.55017276522
5d4baa23bd36bb58142e92a8
p:  145770.58523945967
5d4baaf1bd36bb58142e92a9
p:  188919.78665879628
5d4bacf69caf1b5cbb2e92a6
p:  241132.77790652326
5d4bad219caf1b5cbb2e92a9
p:  413021.0186869354
5d4bad791fda2fc8352e92ad
p:  122687.78856875563
5d4bad9f1fda2fc8352e92ae
p:  300311.10635924543
5d4badae4737ec67782e92ae
p:  439695.2674704195
5d4bae24a56aa71dbd2e92b1
p:  212660.99418688082
5d4baeaca56aa71dbd2e92b2
p:  252257.1318863571
5d4bafab64102af5252e92ad
p:  187736.4445928703
5d4bafda64102af5252e92ae
p:  349133.81436851737
5d4bb0728c54ef9d522e92b4
p:  194721.74579114694
5d4bb079a56aa71dbd2e92b5
p:  120298.20785435286
5d4bb0cebd36bb58142e92b8
p:  244438.8899254258
5d4bb1110d724dbede2e92b8
p:  140855.55058463564
5d4bb1143a63c265da2e92bc
p:  252102.64819955488
5d4bb1248c54ef9d522e92b7
p:  240293.45343058137
5d4bb151034ecae3672e92ac
p:  163102.33301679755
5d4bb1ae034ecae3672e92ae
p:  315426.98179975443
5d4bb1bf4737ec67782e92bb
p:  174603.5370629717
5d4bb1eb5a5db2a2272e92b5
p:  281281.09387859644
5d4bb21f8c54ef9d522e92bc
p:  819546.5678608164
5d4bb226942ab8e5a42e92ba
p:  102706.69107538841
5d4bb2543a63c265da2e92be
p:  256222.37936434385
5d4bb282034ecae3672e92b0
p:  223075.9356717391
5d4bb2b7034ecae3672e92b1
p:  369417.0061687428
5d4bb2ba7ddc71f8cd2e92ae
p:  256389.878031324
5d4bb2e2942ab8e5a42e92bd
p:  145940.8744924223
5d4bb2eda56aa71dbd2e92b6
p:  148639.28172237478
5d4bb305034ecae3672e92b2
p:  222690.8388305108
5d4bb3373a63c265da2e92c0
p:  218480.59785472808
5d4bb33f942ab8e5a42e92bf
p:  246758.6055462268
5d4bb3413a63c265da2e92c2
p:  170744.39656380488
5d4bb3553a63c265da2e92c5
p:  101026.16207084805
5d4bb3574737ec67782e92bf
p:  249625.97926758058
5d4bb35f3a63c265da2e92c6
p:  177431.81843186344
5d4bb37b4737ec67782e92c0
p:  268702.3045515248
5d4bb3eda56aa71dbd2e92b7
p:  197032.2638559724
5d4bb4357ddc71f8cd2e92b1
p:  423691.172805411
5d4bb478a56aa71dbd2e92b8
p:  269614.7724876908
5d4bb4a48c54ef9d522e92bf
p:  226766.11172234375
5d4bb4e94737ec67782e92c9
p:  189819.39447763783
5d4bb5073a63c265da2e92ce
p:  430554.42016538023
5d4bb5130d724dbede2e92be
p:  143980.82268788034
5d4bb52b0d724dbede2e92bf
p:  298942.31478045316
5d4bb533942ab8e5a42e92c4
p:  200462.04177021421
5d4bb5348c54ef9d522e92c2
p:  210494.10548509483
5d4bb5897ddc71f8cd2e92b5
p:  242950.5259403874
5d4bb58c4737ec67782e92cc
p:  240788.81795074473
5d4bb6044737ec67782e92cf
p:  146108.679457417
5d4bbfd4a56aa71dbd2e92b9
p:  135796.88358316186
5d4bbff6942ab8e5a42e92c9
p:  259685.45687212882
5d4bc0630d724dbede2e92c1
p:  354282.91608894314
5d4bc09377c14a56c72e92cc
p:  272716.60229034
5d4bc0bc034ecae3672e92b6
p:  259542.96089621173
5d4bc0e34737ec67782e92d4
p:  136531.8133104603
5d4bc12f77c14a56c72e92cf
p:  174446.2987477485
5d4bc1334737ec67782e92d6
p:  186356.5370383088
5d4bc146034ecae3672e92ba
p:  140981.70487597122
5d4bc196c9042b2bc12e92bd
p:  225991.7545780479
5d4bc1a0a56aa71dbd2e92bc
p:  197032.2638559724
5d4bc1d84737ec67782e92da
p:  228155.15727142952
5d4bc1ec7ddc71f8cd2e92c1
p:  187818.9371136708
5d4bc1edc9042b2bc12e92be
p:  228164.38885159575
5d4bc1ee1fda2fc8352e92cb
p:  211548.701455692
5d4bc229942ab8e5a42e92cf
p:  270313.8714049487
5d4bc2294737ec67782e92dc
p:  174636.01538184553
5d4bc2515a5db2a2272e92c4
p:  138050.08331759367
5d4bc2b1034ecae3672e92bc
p:  248512.59913853058
5d4bc2ba3a63c265da2e92d1
p:  338593.03603282303
5d4bc2ca0d724dbede2e92c6
p:  198689.1798706298
5d4bc2f54737ec67782e92e1
p:  121672.01176805669
5d4bc7417957f357ae2e92d4
p:  308855.8570612979
5d4bc762c9042b2bc12e92c0
p:  188787.88948705755
5d4bc7b3a56aa71dbd2e92bf
p:  130210.51841905859
5d4bc7ca034ecae3672e92be
p:  303861.91631847643
5d4bc8517957f357ae2e92d8
p:  367646.8888532399
5d4bc8568c54ef9d522e92cf
p:  184333.702467544
5d4bc8731fda2fc8352e92d1
p:  245701.27175760863
5d4bc88e942ab8e5a42e92d6
p:  121751.57649425666
5d4bc8c70d724dbede2e92ca
p:  193087.09490236593
5d4bc8f47ddc71f8cd2e92c5
p:  291210.2099160247
5d4bc9150d724dbede2e92cb
p:  215139.30169517256
5d4bc9714737ec67782e92e6
p:  186356.5370383088
5d4bc9a28c54ef9d522e92d5
p:  250036.3969712496
5d4bc9d1034ecae3672e92c0
p:  314587.85811945726
5d4bc9e7a56aa71dbd2e92c0
p:  292648.9169474659
5d4bca18034ecae3672e92c1
p:  160937.60906944616
5d4bca4077c14a56c72e92dd
p:  183726.87238751975
5d4bca650d724dbede2e92cc
p:  215146.26412666758
5d4bcaa5034ecae3672e92c4
p:  167251.5262956749
5d4bcb1b4737ec67782e92e7
p:  173258.58510967705
5d4bcb2e77c14a56c72e92df
p:  241733.11704017868
5d4bcb3a5a5db2a2272e92d9
p:  165602.97063263314
5d4bcb5177c14a56c72e92e0
p:  253913.3999831769
5d4bcb990d724dbede2e92ce
p:  144583.04865676476
5d4bcbada56aa71dbd2e92c6
p:  120298.20785435286
5d4bcbb3c9042b2bc12e92c2
p:  246448.4211731482
5d4bcbdb77c14a56c72e92e2
p:  183330.81368782197
5d4bcbdc034ecae3672e92c7
p:  210276.4155063761
5d4bcbec7957f357ae2e92dc
p:  270056.3824618779
5d4bcbfb77c14a56c72e92e3
p:  199370.89267673827
5d4bcbfb3a63c265da2e92db
p:  160394.02237205964
5d4bcc107957f357ae2e92dd
p:  256129.6313600109
5d4bcc55a56aa71dbd2e92ca
p:  251621.18466537708
5d4bcc56c9042b2bc12e92c5
p:  216409.62942023814
5d4bcc9c8c54ef9d522e92d9
p:  286348.2291220305
5d4bcc9d7957f357ae2e92e0
p:  283213.4526872037
5d4bcca73a63c265da2e92de
p:  1261266.9680863554
5d4bccc63a63c265da2e92df
p:  548493.0647508847
5d4bccd4034ecae3672e92c9
p:  160937.60906944616
5d4bcce4a56aa71dbd2e92cc
p:  269614.7724876908
5d4bcd0977c14a56c72e92e4
p:  232373.2285966075
5d4bcd168c54ef9d522e92da
p:  78342.83942388842
5d4bcd347ddc71f8cd2e92ca
p:  302527.0971769409
5d4bcd4a0d724dbede2e92d0
p:  189895.95171063548
5d4bce17c9042b2bc12e92c9
p:  174005.48370656383
5d4bce3a1fda2fc8352e92de
p:  153920.03035284177
5d4bce3b47390c86e32e92d8
p:  222930.16473488964
5d4bcef1c9042b2bc12e92cd
p:  204935.2359476738
5d4bcf3b3a63c265da2e92e2
p:  294151.3837966013
5d4bcf4f7ddc71f8cd2e92ce
p:  276062.0360112039
5d4bcfe3034ecae3672e92ce
p:  162552.69990303658
5d4bd00a034ecae3672e92cf
p:  161336.45735499068
5d4bd01747390c86e32e92da
p:  171498.13045120813
5d4bd09564102af5252e92d4
p:  159327.68668485538
5d4bd0b364102af5252e92d5
p:  190357.62482678393
5d4bd0bc8c54ef9d522e92df
p:  269172.19882429414
5d4bd0bd77c14a56c72e92eb
p:  234439.6180929311
5d4bd1038c54ef9d522e92e0
p:  266639.07302508975
5d4bd141034ecae3672e92d0
p:  94696.73558914388
5d4bd17d034ecae3672e92d1
p:  206912.60181922666
5d4bd1da9caf1b5cbb2e92d3
p:  576845.0709754955
5d4bd1ddc9042b2bc12e92d5
p:  191957.61022052707
5d4bd2e57ddc71f8cd2e92da
p:  293135.9027200978
5d4bd3208c54ef9d522e92e6
p:  169408.49667694105
5d4bd3ab8c54ef9d522e92e8
p:  103745.95824330384
5d4bd3b247390c86e32e92de
p:  355888.31436352537
5d4bd3df47390c86e32e92df
p:  189783.35294583783
5d4bd40c64102af5252e92e5
p:  165753.90587952652
5d4bd44247390c86e32e92e0
p:  214464.6838100825
5d4bd49277c14a56c72e92f8
p:  277376.2699221372
5d4bd4c9034ecae3672e92d6
p:  272212.70182115166
5d4bd5d4942ab8e5a42e92f5
p:  261292.21784561255
5d4bd63f942ab8e5a42e92f8
p:  357351.0598968285
5d4bd70b034ecae3672e92d7
p:  163856.91948695405
5d4bd7931fda2fc8352e92f1
p:  320936.20013295853
5d4bd7940d724dbede2e92e6
p:  177752.21513132463
5d4bd7a564102af5252e92ed
p:  202154.94039127883
5d4bd7a7c9042b2bc12e92dc
p:  174075.43302045
5d4bd7be64102af5252e92ee
p:  303486.0527475219
5d4bd804942ab8e5a42e92fd
p:  209517.15439180084
5d4bd814c9042b2bc12e92dd
p:  174350.10057098116
5d4bd845c9042b2bc12e92de
p:  185384.16426404542
5d4bd8807ddc71f8cd2e92e1
p:  416061.5503794035
5d4bd8b4a56aa71dbd2e92e2
p:  175975.7637175907
5d4bd8d1942ab8e5a42e92fe
p:  199445.21827881003
5d4bd974c9042b2bc12e92e1
p:  216792.02330416732
5d4bd9809caf1b5cbb2e92e4
p:  476792.73746656615
5d4bd9b33a63c265da2e92f5
p:  248036.0990351772
5d4bda703a63c265da2e92f7
p:  158291.60015060444
5d4bdb079caf1b5cbb2e92e5
p:  269611.48120828846
5d4bdb275a5db2a2272e92f4
p:  268914.4350962462
5d4bdb81c9042b2bc12e92e3
p:  173943.09033701697
5d4bdbab77c14a56c72e92fd
p:  240644.81931759778
5d4bdcc4c9042b2bc12e92e6
p:  179194.73011270142
5d4bddd5a56aa71dbd2e92ec
p:  269442.7932903264
5d4bde3d8c54ef9d522e9301
p:  294710.45685239334
5d4bde66bd36bb58142e92e9
p:  341466.3947436812
5d4bde7a47390c86e32e92ea
p:  273647.737359287
5d4bde965a5db2a2272e92f8
p:  276583.1360620023
5d4bdeb247390c86e32e92eb
p:  175011.71564958815
5d4bdec0bd36bb58142e92ea
p:  199645.96286361793
5d4bdec65a5db2a2272e92f9
p:  195341.17183394154
5d4bdee6c9042b2bc12e92ea
p:  163917.87728603467
5d4bdf173a63c265da2e92fb
p:  162564.14653169498
5d4bdf857957f357ae2e930b
p:  366141.16663585044
5d4be03064102af5252e92f5
p:  182351.6080962745
5d4be077942ab8e5a42e930f
p:  289584.70141802507
5d4be0975a5db2a2272e92ff
p:  123462.071292874
5d4be0b93a63c265da2e92fc
p:  289089.91224564053
5d4be0fc64102af5252e92f7
p:  162572.8484890159
5d4be1085a5db2a2272e9302
p:  563370.1465330551
5d4be13fbd36bb58142e92eb
p:  195383.9504413698
5d4be1587957f357ae2e930d
p:  205928.097611592
5d4be18f77c14a56c72e930a
p:  230600.85301916226
5d4be1a37957f357ae2e930f
p:  174615.9023825933
5d4be1d2bd36bb58142e92ec
p:  220680.29217474448
5d4be2339caf1b5cbb2e92f2
p:  410308.2606446815
5d4be235bd36bb58142e92ed
p:  364732.4523506404
5d4be24c64102af5252e92fb
p:  183219.94792589935
5d4be25b5a5db2a2272e9306
p:  206083.3947110847
5d4be28a5a5db2a2272e9308
p:  308627.6042058441
5d4be2ce3a63c265da2e9300
p:  264415.74120561266
5d4be2d877c14a56c72e930c
p:  209139.64578654256
5d4be32bc9042b2bc12e92f3
p:  185384.16426404542
5d4be360942ab8e5a42e931a
p:  324156.91927724367
5d4be360bd36bb58142e92ef
p:  196241.72831918267
5d4be36a64102af5252e92fd
p:  235750.17192179314
5d4be383bd36bb58142e92f0
p:  208021.72504274233
5d4be397bd36bb58142e92f1
p:  162305.49703996652
5d4be39d942ab8e5a42e931d
p:  176288.24414957507
5d4be3ed7957f357ae2e9311
p:  268712.2072852869
5d4be4037957f357ae2e9313
p:  271753.18149410863
5d4be4085a5db2a2272e930b
p:  176057.23288443475
5d4be4325a5db2a2272e930c
p:  255575.62065271637
5d4be46bc9042b2bc12e92f6
p:  168720.69247827493
5d4be48664102af5252e9301
p:  160323.23616417724
5d4be4a6942ab8e5a42e9327
p:  317582.50595826557
5d4be4ea77c14a56c72e9310
p:  351377.2266389248
5d4be50b5a5db2a2272e930e
p:  126050.51653586848
5d4be579942ab8e5a42e9328
p:  170654.55396628176
5d4be5975a5db2a2272e9310
p:  94705.61396915233
5d4be600942ab8e5a42e932a
p:  297001.29154747294
5d4be63e3a63c265da2e9302
p:  244815.8068908297
5d4be6a53a63c265da2e9303
p:  314413.19808031514
5d4be74064102af5252e9305
p:  197467.51437833277
5d4be7865a5db2a2272e9313
p:  102079.69680455956
5d4be7ef47390c86e32e92fc
p:  133277.99834506214
5d4be82147390c86e32e92fd
p:  268132.60406904935
5d4be85177c14a56c72e9317
p:  240276.5935486931
5d4be8e75a5db2a2272e9317
p:  323574.2169639742
5d4be8f35a5db2a2272e9318
p:  245964.7538487604
5d4be919034ecae3672e92fc
p:  220068.87439305056
5d4be947c9042b2bc12e92fd
p:  144090.03272438247
5d4be9b777c14a56c72e931a
p:  279797.0022038592
5d4be9eec9042b2bc12e92ff
p:  181232.31595991214
5d4bea135a5db2a2272e931b
p:  126322.28344707463
5d4bea575a5db2a2272e931d
p:  165425.92685828492
5d4beb335a5db2a2272e9322
p:  192160.90860409505
5d4beb455a5db2a2272e9323
p:  218073.85236589902
5d4bf439942ab8e5a42e9333
p:  166288.7772720839
5d4bf4487957f357ae2e931c
p:  171035.41873372457
5d4bf467bd36bb58142e92f8
p:  220068.87439305056
5d4bf4be942ab8e5a42e9336
p:  305552.4718745693
5d4bf4e264102af5252e9311
p:  136434.80379223818
5d4bf53c64102af5252e9312
p:  166222.33833628014
5d4bf53cbd36bb58142e92fa
p:  255076.96971176026
5d4bf592bd36bb58142e92fb
p:  161331.53489324916
5d4bf6337957f357ae2e931d
p:  268652.9816873813
5d4bf64a7957f357ae2e931e
p:  276841.0155080422
5d4bf66d47390c86e32e9305
p:  188770.6773082001
5d4bf6da47390c86e32e9306
p:  446593.8006293979
5d4bf7335a5db2a2272e932c
p:  420074.9136953895
5d4bf7347957f357ae2e9322
p:  393108.22618674557
5d4bf7535a5db2a2272e932d
p:  203065.25961091544
5d4bf79447390c86e32e9309
p:  262128.07628008915
5d4bf7ad47390c86e32e930a
p:  152247.65528073726
5d4bf7fb3a63c265da2e9312
p:  273642.34456537775
5d4bf8275a5db2a2272e9335
p:  404845.9479031876
5d4bf8ad77c14a56c72e9328
p:  286099.6260355996
5d4bf8c377c14a56c72e9329
p:  257729.96315692624
5d4bf90c7957f357ae2e9327
p:  300590.28169470315
5d4bf94847390c86e32e930f
p:  187306.9868447104
5d4bf9b777c14a56c72e932c
p:  332490.7415472882
5d4bfa0477c14a56c72e932e
p:  236474.37290918455
5d4bfa7a64102af5252e9321
p:  163263.95037305693
5d4bfab264102af5252e9323
p:  221834.01820617588
5d4bfc1d7957f357ae2e932b
p:  236316.42979228642
5d4bfca047390c86e32e9316
p:  245488.6528034967
5d4bfcc264102af5252e9328
p:  403397.5849453057
5d4c24a47957f357ae2e932d
p:  164147.35064215818
5d4c26c75a5db2a2272e9348
p:  230374.4290592888
5d4c27255a5db2a2272e934a
p:  224916.99418489798
5d4c278c64102af5252e932e
p:  161214.46910754705
5d4c27abc9042b2bc12e9321
p:  331126.4102762275
5d4c27b264102af5252e932f
p:  179192.23374383
5d4c28757957f357ae2e9332
p:  172127.3712832752
5d4c293cc9042b2bc12e9323
p:  155097.65828923596
5d4c2a1147390c86e32e931e
p:  201963.92705619326
5d4c2da77957f357ae2e933e
p:  264076.3115387722
5d4c2de37957f357ae2e9340
p:  294934.48851839337
5d4c49da47390c86e32e932b
p:  182470.57696685562
5d4c4faf77c14a56c72e934e
p:  209043.105943831
5d4c504747390c86e32e9338
p:  262173.64081963815
5d4c537b7957f357ae2e9355
p:  157008.2395181631
5d4c53f747390c86e32e9341
p:  299470.5784112208
5d4c567a7957f357ae2e935b
p:  162709.9059208636
5d4cc81447390c86e32e9360
p:  255394.32308873913
5d4ccb0847390c86e32e9362
p:  156508.49033583235
5d4d15007957f357ae2e9380
p:  203653.49984671175
5d4d156f47390c86e32e9370
p:  175349.3976070786
5d4d175c7957f357ae2e938a
p:  201394.64194618133
5d4d17be7957f357ae2e938c
p:  236316.42979228642
5d4d198747390c86e32e9375
p:  185854.73860011218
5d4d19b5c9042b2bc12e9390
p:  221492.54156002478
5d4d2fe147390c86e32e9377
p:  359004.92366239073
5d4d37adc9042b2bc12e9398
p:  147423.37094584262
5d4d38167957f357ae2e9397
p:  237265.67759421156
5d4d38b547390c86e32e937c
p:  462685.1289812613
5d4d38ea7957f357ae2e939b
p:  210486.2689746785
5d4d3d0b7957f357ae2e93a3
p:  438531.2395673023
5d4d3d7c7957f357ae2e93a5
p:  303940.67004690366
5d4d4d6047390c86e32e9390
p:  154515.49533321476
5d4d4f2a7957f357ae2e93b2
p:  269792.89585168543
5d4db5b047390c86e32e9399
p:  212632.8713100825
5d4db67a7957f357ae2e93bd
p:  279975.9948650636
5d4e030b47390c86e32e93b8
p:  275836.81277124153
For ['Santa Fe', 'Los Alamos', 'Taos', 'Mora', 'Colfax', 'Union', 'Harding', 'San Miguel', 'Rio Arriba', 'Guadalupe']#################################################################
train score for random_forest: 0.9391070004157155
test score for random_forest: 0.5663435014379852
The mean absolute error is:$ 220581.73533704024
r_Score: 0.5923393674961943
Voting Regressor (in): 0.9702252257599473
Voting Regressor: 0.5923393674961943
5d4b816377c14a56c72e92a1
p:  430903.6495631145
5d4b83f0942ab8e5a42e92a9
p:  228170.86742483973
5d4c2793942ab8e5a42e9355
p:  575043.6415305722
5d4c2860942ab8e5a42e9356
p:  594753.3460859687
5d4c291d942ab8e5a42e9357
p:  602301.8405030513
5d4c298e942ab8e5a42e9359
p:  397682.44431490905
5d4c2b50942ab8e5a42e935c
p:  250207.87987620645
5d4c2b559caf1b5cbb2e932b
p:  330556.4347822815
5d4c2b7a942ab8e5a42e935d
p:  343325.7561642018
5d4c2dbf0d724dbede2e932e
p:  519546.48159142944
5d4c2e260d724dbede2e9331
p:  562785.5936329853
5d4c494a9caf1b5cbb2e9331
p:  379005.76994499733
5d4c4aa1034ecae3672e9320
p:  600975.0917478283
5d4c4af6942ab8e5a42e9364
p:  374189.23631334095
5d4c4b1c034ecae3672e9322
p:  368632.8947015692
5d4c4b350d724dbede2e9338
p:  239789.57267816417
5d4c4c7a0d724dbede2e933b
p:  640766.0171645259
5d4c4d489caf1b5cbb2e9338
p:  476549.81339900946
5d4c4d95034ecae3672e9324
p:  289562.8035182172
5d4c4e55034ecae3672e9327
p:  280551.13132691133
5d4c4e5c7ddc71f8cd2e934e
p:  203571.3518780116
5d4c4e757ddc71f8cd2e934f
p:  970296.4817856237
5d4c4f20034ecae3672e9329
p:  241557.14398225106
5d4c4f53034ecae3672e932a
p:  178186.49836358504
5d4c4f919caf1b5cbb2e933a
p:  424256.44801384915
5d4c5125942ab8e5a42e936c
p:  353059.5773806142
5d4c53159caf1b5cbb2e9340
p:  339872.88340004615
5d4c531cbd36bb58142e9332
p:  624797.6554684122
5d4c55eb9caf1b5cbb2e9345
p:  232289.52067666093
5d4c565764102af5252e9360
p:  234515.45555407775
5d4c5695034ecae3672e9334
p:  277999.8169373866
5d4c623e9caf1b5cbb2e9349
p:  361323.92832414364
5d4c62669caf1b5cbb2e934a
p:  196246.0879291244
5d4ca3f2942ab8e5a42e9385
p:  343325.7561642018
5d4cc59e942ab8e5a42e938a
p:  464916.94961619657
5d4cc616942ab8e5a42e938b
p:  1261885.3621504097
5d4cc7769caf1b5cbb2e935d
p:  1171006.3004529462
5d4cc7ad9caf1b5cbb2e935e
p:  378495.55358283175
5d4cc8a99caf1b5cbb2e9360
p:  1079635.0600866575
5d4cca119caf1b5cbb2e9363
p:  476549.81339900946
5d4ccaa8942ab8e5a42e9390
p:  623085.3955997315
5d4d0f13942ab8e5a42e9397
p:  304012.0837863742
5d4d0fc87ddc71f8cd2e93b7
p:  376827.13422450074
5d4d111e4737ec67782e939a
p:  325625.2737452042
5d4d115a034ecae3672e934f
p:  851483.2259912472
5d4d137a9caf1b5cbb2e9371
p:  739431.2917572573
5d4d15651fda2fc8352e939b
p:  77924.20282418892
5d4d1715034ecae3672e9353
p:  323862.33191222744
5d4d2e3d1fda2fc8352e93ad
p:  712933.0622161541
5d4d3177034ecae3672e9359
p:  401239.0383050761
5d4d3727034ecae3672e935a
p:  292471.5454814929
5d4d3b9c034ecae3672e9365
p:  525385.1573016222
5d4d3bf27ddc71f8cd2e93ee
p:  493260.11509434995
5d4d4d9a034ecae3672e9371
p:  268695.53453837114
5d4da93f942ab8e5a42e93cd
p:  393591.4764468626
5d4db647034ecae3672e9379
p:  263739.99960985244
5d4ddb01942ab8e5a42e93de
p:  553193.4746277633
5d4ddbd5942ab8e5a42e93df
p:  445587.9878194042
5d4e0344034ecae3672e9393
p:  773775.0863940578
For ['Dona Ana', 'Luna', 'Hidalgo', 'Grant', 'Catron', 'Otero', 'Sierra']#################################################################
train score for random_forest: 0.8922790309560734
test score for random_forest: 0.5343895010867958
The mean absolute error is:$ 71587.4079147125
r_Score: 0.5969980020235957
Voting Regressor (in): 0.9557774121115395
Voting Regressor: 0.5969980020235957
5d269cb7ddcb4129edeb699a
p:  254497.77809689037
5d2d062caa1ce31ade80b122
p:  150759.49879679576
5d4d30b68c54ef9d522e93b3
p:  92781.48997601296
5d4d384e5a5db2a2272e93c3
p:  78178.39805303008
5d4d3bc35a5db2a2272e93ca
p:  85799.55733432007
5d4d3c4877c14a56c72e93a8
p:  147928.16407609783
5d4d3dd377c14a56c72e93af
p:  352796.3993762642
5d4d3f2e5a5db2a2272e93d1
p:  59195.54823043986
5d4d4c4877c14a56c72e93b6
p:  377017.4744661149
5d4d4c6b77c14a56c72e93b7
p:  257724.11550419955
5d4dc76fc9042b2bc12e93bb
p:  74048.57046551732
5d4e02d6942ab8e5a42e93f4
p:  174522.45026905445
5d4e0461942ab8e5a42e93f7
p:  109718.84554557948
5d4e0594942ab8e5a42e93fa
p:  102255.98704198484
5d4e0635942ab8e5a42e93fd
p:  140328.62636110408
5d4e0724a56aa71dbd2e93e6
p:  184696.75175475088
5d4e0748a56aa71dbd2e93e7
p:  145757.21061892883
5d4e13aa942ab8e5a42e93ff
p:  100076.62206122756
5d4e2678a56aa71dbd2e93ea
p:  147247.05449337553
5d4e281fa56aa71dbd2e93ef
p:  155816.1424513983
5d4e2a147957f357ae2e93fa
p:  202873.69393952892
5d4e4c527957f357ae2e93fe
p:  102174.20463082087
5d4e53be7957f357ae2e9402
p:  203648.28972269903
5d4e82cc7957f357ae2e9404
p:  312569.66505206085
5d4e82dea56aa71dbd2e9400
p:  310326.68603247177
5d4e93b27957f357ae2e9405
p:  131861.7976443842
5d4e949d7957f357ae2e9406
p:  96059.3853784311
5d4e95217957f357ae2e9409
p:  199175.02453945868
5d4e9b837957f357ae2e9412
p:  141545.68290370255
5d4ea3ee942ab8e5a42e9439
p:  107174.57129035651
5d4ea4097957f357ae2e9419
p:  231239.33983168693
5d4ea41e942ab8e5a42e943a
p:  298048.83378577256
5d4ea4e49caf1b5cbb2e93e9
p:  365648.93706894235
5d4eb5e87957f357ae2e9420
p:  130694.12553009443
5d4eb64a7957f357ae2e9421
p:  186168.8329691962
5d4eb6c17957f357ae2e9423
p:  141545.68290370255
5d4eb7167957f357ae2e9425
p:  325073.84400186443
5d4eb76c7957f357ae2e9427
p:  285701.685964528
5d4eb80f64102af5252e9423
p:  171872.13731536354
5d4eb9187957f357ae2e9428
p:  240709.1234431775
5d4eba637957f357ae2e942b
p:  83549.10802896113
5d4ebc047957f357ae2e942e
p:  130694.12553009443
5d4ebd917957f357ae2e9431
p:  146620.66588153952
5d4ebdbb7957f357ae2e9432
p:  125541.31648102382
5d4ebdec7957f357ae2e9433
p:  130854.91230624956
5d4ebf107957f357ae2e9436
p:  232846.28178809822
5d4ebf2d7957f357ae2e9437
p:  299243.5866337188
5d4ebf617957f357ae2e9438
p:  135664.3179798228
5d4ec21a7957f357ae2e9443
p:  97607.23728905896/home/testapiuser/HouseApp_2/PricePrediction/NMPrice.py:268: SettingWithCopyWarning: 
A value is trying to be set on a copy of a slice from a DataFrame.
Try using .loc[row_indexer,col_indexer] = value instead

See the caveats in the documentation: http://pandas.pydata.org/pandas-docs/stable/indexing.html#indexing-view-versus-copy
  df2['AreaSpace_SQFT'] = df2['AreaSpace_SQFT'].astype(int)
/home/testapiuser/HouseApp_2/PricePrediction/NMPrice.py:280: SettingWithCopyWarning: 
A value is trying to be set on a copy of a slice from a DataFrame.
Try using .loc[row_indexer,col_indexer] = value instead

See the caveats in the documentation: http://pandas.pydata.org/pandas-docs/stable/indexing.html#indexing-view-versus-copy
  df2['Price'] = z1
/home/testapiuser/HouseApp_2/PricePrediction/NMPrice.py:287: SettingWithCopyWarning: 
A value is trying to be set on a copy of a slice from a DataFrame.
Try using .loc[row_indexer,col_indexer] = value instead

See the caveats in the documentation: http://pandas.pydata.org/pandas-docs/stable/indexing.html#indexing-view-versus-copy
  df2['AreaSpace_SQFT'] = z2
/home/testapiuser/HouseApp_2/PricePrediction/NMPrice.py:268: SettingWithCopyWarning: 
A value is trying to be set on a copy of a slice from a DataFrame.
Try using .loc[row_indexer,col_indexer] = value instead

See the caveats in the documentation: http://pandas.pydata.org/pandas-docs/stable/indexing.html#indexing-view-versus-copy
  df2['AreaSpace_SQFT'] = df2['AreaSpace_SQFT'].astype(int)
/home/testapiuser/HouseApp_2/PricePrediction/NMPrice.py:280: SettingWithCopyWarning: 
A value is trying to be set on a copy of a slice from a DataFrame.
Try using .loc[row_indexer,col_indexer] = value instead

See the caveats in the documentation: http://pandas.pydata.org/pandas-docs/stable/indexing.html#indexing-view-versus-copy
  df2['Price'] = z1
/home/testapiuser/HouseApp_2/PricePrediction/NMPrice.py:287: SettingWithCopyWarning: 
A value is trying to be set on a copy of a slice from a DataFrame.
Try using .loc[row_indexer,col_indexer] = value instead

See the caveats in the documentation: http://pandas.pydata.org/pandas-docs/stable/indexing.html#indexing-view-versus-copy
  df2['AreaSpace_SQFT'] = z2
/home/testapiuser/HouseApp_2/PricePrediction/NMPrice.py:268: SettingWithCopyWarning: 
A value is trying to be set on a copy of a slice from a DataFrame.
Try using .loc[row_indexer,col_indexer] = value instead

See the caveats in the documentation: http://pandas.pydata.org/pandas-docs/stable/indexing.html#indexing-view-versus-copy
  df2['AreaSpace_SQFT'] = df2['AreaSpace_SQFT'].astype(int)
/home/testapiuser/HouseApp_2/PricePrediction/NMPrice.py:280: SettingWithCopyWarning: 
A value is trying to be set on a copy of a slice from a DataFrame.
Try using .loc[row_indexer,col_indexer] = value instead

See the caveats in the documentation: http://pandas.pydata.org/pandas-docs/stable/indexing.html#indexing-view-versus-copy
  df2['Price'] = z1
/home/testapiuser/HouseApp_2/PricePrediction/NMPrice.py:287: SettingWithCopyWarning: 
A value is trying to be set on a copy of a slice from a DataFrame.
Try using .loc[row_indexer,col_indexer] = value instead

See the caveats in the documentation: http://pandas.pydata.org/pandas-docs/stable/indexing.html#indexing-view-versus-copy
  df2['AreaSpace_SQFT'] = z2
/home/testapiuser/HouseApp_2/PricePrediction/NMPrice.py:268: SettingWithCopyWarning: 
A value is trying to be set on a copy of a slice from a DataFrame.
Try using .loc[row_indexer,col_indexer] = value instead

See the caveats in the documentation: http://pandas.pydata.org/pandas-docs/stable/indexing.html#indexing-view-versus-copy
  df2['AreaSpace_SQFT'] = df2['AreaSpace_SQFT'].astype(int)
/home/testapiuser/HouseApp_2/PricePrediction/NMPrice.py:280: SettingWithCopyWarning: 
A value is trying to be set on a copy of a slice from a DataFrame.
Try using .loc[row_indexer,col_indexer] = value instead

See the caveats in the documentation: http://pandas.pydata.org/pandas-docs/stable/indexing.html#indexing-view-versus-copy
  df2['Price'] = z1
/home/testapiuser/HouseApp_2/PricePrediction/NMPrice.py:287: SettingWithCopyWarning: 
A value is trying to be set on a copy of a slice from a DataFrame.
Try using .loc[row_indexer,col_indexer] = value instead

See the caveats in the documentation: http://pandas.pydata.org/pandas-docs/stable/indexing.html#indexing-view-versus-copy
  df2['AreaSpace_SQFT'] = z2
/home/testapiuser/HouseApp_2/PricePrediction/NMPrice.py:268: SettingWithCopyWarning: 
A value is trying to be set on a copy of a slice from a DataFrame.
Try using .loc[row_indexer,col_indexer] = value instead

See the caveats in the documentation: http://pandas.pydata.org/pandas-docs/stable/indexing.html#indexing-view-versus-copy
  df2['AreaSpace_SQFT'] = df2['AreaSpace_SQFT'].astype(int)
/home/testapiuser/HouseApp_2/PricePrediction/NMPrice.py:280: SettingWithCopyWarning: 
A value is trying to be set on a copy of a slice from a DataFrame.
Try using .loc[row_indexer,col_indexer] = value instead

See the caveats in the documentation: http://pandas.pydata.org/pandas-docs/stable/indexing.html#indexing-view-versus-copy
  df2['Price'] = z1
/home/testapiuser/HouseApp_2/PricePrediction/NMPrice.py:287: SettingWithCopyWarning: 
A value is trying to be set on a copy of a slice from a DataFrame.
Try using .loc[row_indexer,col_indexer] = value instead

See the caveats in the documentation: http://pandas.pydata.org/pandas-docs/stable/indexing.html#indexing-view-versus-copy
  df2['AreaSpace_SQFT'] = z2

5d4ec39f7957f357ae2e9445
p:  130854.91230624956
5d4ec3bc7957f357ae2e9446
p:  103736.2080687455
5d4edbd97957f357ae2e9451
p:  467970.2825715373
5d4edfab7957f357ae2e945b
p:  123816.91598362282
5d4ee4847957f357ae2e946b
p:  130256.25022530396
5d4ee6dd7957f357ae2e9472
p:  246268.28483763422
5d4ee8bf7957f357ae2e9476
p:  136789.77467814155
5d4eea427957f357ae2e9482
p:  140859.70870605245
5d4eeaef7957f357ae2e9488
p:  129652.10965685573
5d4eec117957f357ae2e948d
p:  130694.12553009443
5d4ef01e7957f357ae2e94b4
p:  475824.5541570205
5d4ef1147957f357ae2e94bd
p:  98787.0469975353
5d4efa727957f357ae2e9506
p:  182807.4456019476
For ['Eddy', 'Lea', 'Lincoln', 'Chaves', 'Roosevelt', 'Curry', 'DeBaca', 'Quay']#################################################################
train score for random_forest: 0.9328284902195214
test score for random_forest: 0.3328814813983706
The mean absolute error is:$ 107559.1094391455
r_Score: 0.2883033422520713
Voting Regressor (in): 0.9802792896452598
Voting Regressor: 0.2883033422520713
5d269dd1ddcb4129edeb699d
p:  69651.85407834352
5d4e0696034ecae3672e93a1
p:  39268.78199019746
5d4e06dc7ddc71f8cd2e9437
p:  201940.66120662098
5d4e07563a63c265da2e943b
p:  59235.38044173451
5d4e12e07ddc71f8cd2e9439
p:  177948.03803248692
5d4e12f7034ecae3672e93a6
p:  66926.24637742391
5d4e131e034ecae3672e93a8
p:  184064.39412811445
5d4e1322034ecae3672e93a9
p:  79923.93402167418
5d4e1327034ecae3672e93aa
p:  228260.30796095845
5d4e132b034ecae3672e93ab
p:  208966.57030525216
5d4e1330034ecae3672e93ac
p:  166697.52346718247
5d4e1336034ecae3672e93ad
p:  204579.86153682572
5d4e133b034ecae3672e93ae
p:  227243.87125063752
5d4e13459caf1b5cbb2e93bc
p:  103080.56811743026
5d4e13b2034ecae3672e93af
p:  87490.09881019822
5d4e13b91fda2fc8352e93fb
p:  304942.4594439749
5d4e13b93a63c265da2e9440
p:  428860.59481692256
5d4e142d034ecae3672e93b2
p:  130101.38376014182
5d4e14bc0d724dbede2e93d8
p:  150308.63521542551
5d4e25e47ddc71f8cd2e943f
p:  165083.45491681647
5d4e26557ddc71f8cd2e9442
p:  75028.44842238708
5d4e268d034ecae3672e93b4
p:  162673.0008581083
5d4e26de7ddc71f8cd2e9444
p:  63890.30528770685
5d4e27174737ec67782e9431
p:  323639.9385281375
5d4e27171fda2fc8352e93ff
p:  273673.0173007358
5d4e2731034ecae3672e93b5
p:  39268.78199019746
5d4e27639caf1b5cbb2e93c1
p:  71022.31566745718
5d4e27657ddc71f8cd2e9446
p:  184900.36043011368
5d4e27f7034ecae3672e93b6
p:  63503.0070651642
5d4e286c7957f357ae2e93f7
p:  218210.39140675432
5d4e29017ddc71f8cd2e944b
p:  48192.679241392034
5d4e29439caf1b5cbb2e93c3
p:  154449.94497438348
5d4e29623a63c265da2e944e
p:  69044.59158177006
5d4e29711fda2fc8352e9401
p:  207410.85984400037
5d4e29a51fda2fc8352e9402
p:  153499.95767756243
5d4e29d51fda2fc8352e9403
p:  190802.9463479136
5d4e29e69caf1b5cbb2e93c5
p:  40641.31045872603
5d4e29ef1fda2fc8352e9404
p:  190802.9463479136
5d4e2a2d7ddc71f8cd2e944e
p:  147721.3711757824
5d4e2a2e3a63c265da2e9450
p:  213769.1148743439
5d4e2a35034ecae3672e93b8
p:  37788.67695717096
5d4e2a6d7ddc71f8cd2e9450
p:  105367.75603340959
5d4e3bc9034ecae3672e93b9
p:  100164.39796379895
5d4e3c717ddc71f8cd2e9452
p:  59636.256310228826
5d4e3ca47ddc71f8cd2e9453
p:  181671.04905902303
5d4e4b061fda2fc8352e9407
p:  292440.39588794403
5d4e4bab7ddc71f8cd2e9454
p:  126043.43414555576
5d4e4bb83a63c265da2e9455
p:  78579.41532395317
5d4e4bd07ddc71f8cd2e9455
p:  75028.44842238708
5d4e4bf74737ec67782e943e
p:  668524.4457951477
5d4e4c0b034ecae3672e93be
p:  44489.670116829584
5d4e4c4c034ecae3672e93bf
p:  194077.6785605458
5d4e4c9b7ddc71f8cd2e9459
p:  59636.256310228826
5d4e4ccf034ecae3672e93c1
p:  39268.78199019746
5d4e4d0d034ecae3672e93c2
p:  39268.78199019746
5d4e4d127ddc71f8cd2e945a
p:  163778.2723114179
5d4e52da7ddc71f8cd2e945b
p:  174591.29806964606
5d4e530a3a63c265da2e9459
p:  68815.56029742454
5d4e53c6034ecae3672e93c3
p:  100954.85080220806
5d4e6aff4737ec67782e9449
p:  189185.9513754524
5d4e6b019caf1b5cbb2e93ce
p:  77207.79534231694
5d4e6b2d034ecae3672e93c4
p:  184178.735899513
5d4e6b3f7ddc71f8cd2e945e
p:  112429.98752190234
5d4e6b49034ecae3672e93c5
p:  108081.63825328728
5d4e816a7ddc71f8cd2e9462
p:  49006.574882592104
5d4e81c1034ecae3672e93c6
p:  63503.0070651642
5d4e82987ddc71f8cd2e9463
p:  48192.679241392034
5d4e82ac7ddc71f8cd2e9464
p:  70615.04546950839
5d4e82d94737ec67782e944f
p:  252743.37813875842
5d4e93497ddc71f8cd2e9465
p:  184084.92136337984
5d4e935b7ddc71f8cd2e9466
p:  67676.67805488447
5d4e93687ddc71f8cd2e9467
p:  183894.90506607114
5d4e93ca7ddc71f8cd2e9468
p:  195078.8177894723
5d4e93e27ddc71f8cd2e9469
p:  116143.50025271477
5d4e94e04737ec67782e9452
p:  157658.37873476144
5d4e966c034ecae3672e93ce
p:  100954.85080220806
5d4e969c034ecae3672e93d0
p:  227243.87125063752
5d4e96d1034ecae3672e93d2
p:  52689.55086284057
5d4e9743034ecae3672e93d3
p:  70013.43174201823
5d4e9757034ecae3672e93d4
p:  63503.0070651642
5d4e975b4737ec67782e9459
p:  180295.5465161822
5d4e97b74737ec67782e945b
p:  287083.10972911783
5d4e97c47ddc71f8cd2e9472
p:  49006.574882592104
5d4e99f81fda2fc8352e941e
p:  160064.1880659578
5d4e99f9034ecae3672e93d6
p:  100615.6546580114
5d4e9a589caf1b5cbb2e93dc
p:  39692.169595624255
5d4e9b0f9caf1b5cbb2e93de
p:  54629.46840462213
5d4e9b217ddc71f8cd2e9478
p:  184087.62386672792
5d4e9b637ddc71f8cd2e947a
p:  59636.256310228826
5d4e9b7a7ddc71f8cd2e947b
p:  84236.85474774266
5d4e9b820d724dbede2e9403
p:  346785.6629447955
5d4e9bbb9caf1b5cbb2e93e0
p:  84914.52828297314
5d4e9c203a63c265da2e9473
p:  149257.02321774827
5d4e9c78034ecae3672e93d8
p:  117602.68684659855
5d4e9d287ddc71f8cd2e947c
p:  89489.62417814712
5d4ea3f97ddc71f8cd2e947d
p:  82812.46631406221
5d4ea429034ecae3672e93dd
p:  276392.58225439826
5d4ea4447ddc71f8cd2e947f
p:  158438.9433222592
5d4ea4747ddc71f8cd2e9480
p:  143212.64241890883
5d4eb3737ddc71f8cd2e9484
p:  194814.36317791493
5d4eb4a03a63c265da2e947e
p:  59235.38044173451
5d4eb5627ddc71f8cd2e9488
p:  144060.59706531418
5d4eb57c7ddc71f8cd2e9489
p:  143864.90334306622
5d4eb647034ecae3672e93e0
p:  98026.15772795698
5d4eb6a7034ecae3672e93e3
p:  63503.0070651642
5d4eb706034ecae3672e93e4
p:  63503.0070651642
5d4ebb5d034ecae3672e93ed
p:  227243.87125063752
5d4ebb8f7ddc71f8cd2e948e
p:  146493.07812657586
5d4ebb98034ecae3672e93ee
p:  200415.42626598064
5d4ebc667ddc71f8cd2e948f
p:  275386.2274511691
5d4ebc94034ecae3672e93ef
p:  123755.1256412772
5d4ebd6c7ddc71f8cd2e9491
p:  220674.68554601696
5d4ebdc97ddc71f8cd2e9492
p:  74167.46185071733
5d4ebe2e7ddc71f8cd2e9496
p:  181671.04905902303
5d4ebe4d7ddc71f8cd2e9497
p:  197998.09016255112
5d4ebee7034ecae3672e93f3
p:  108203.39853829081
5d4ebf15034ecae3672e93f4
p:  35656.50898842096
5d4ebf947ddc71f8cd2e9499
p:  169073.87053658944
5d4ec1fe7ddc71f8cd2e949f
p:  97120.65185324842
5d4ec2427ddc71f8cd2e94a0
p:  242340.03003449464
5d4ec4847ddc71f8cd2e94a4
p:  122470.52873476494
5d4ed9534737ec67782e949d
p:  114273.31967476502
5d4ed9ec034ecae3672e9407
p:  149389.42319717427
5d4eda2f034ecae3672e9409
p:  108081.63825328728
5d4eda997ddc71f8cd2e94a8
p:  245167.69877024944
5d4edce6034ecae3672e940d
p:  41919.599305192416
5d4ee3447ddc71f8cd2e94af
p:  157054.45615987212
5d4ee3827ddc71f8cd2e94b2
p:  166132.41799778995
5d4ee5747ddc71f8cd2e94b7
p:  77782.07016048476
5d4ee5ba7ddc71f8cd2e94b9
p:  90451.23404913579
5d4ee9757ddc71f8cd2e94c5
p:  81130.58512350885
5d4ee9a87ddc71f8cd2e94c6
p:  144318.40856289212
5d4ee9c57ddc71f8cd2e94c7
p:  59636.256310228826
5d4eebb57ddc71f8cd2e94ca
p:  195649.34652015907
5d4ef0b37ddc71f8cd2e94d0
p:  108045.97915612758
5d4ef3c07ddc71f8cd2e94d3
p:  127529.5560993188
5d4ef3ec7ddc71f8cd2e94d6
p:  165567.8589605664
5d4ef7d07ddc71f8cd2e94e2
p:  262423.99518335843
5d4efc257ddc71f8cd2e94ea
p:  59636.256310228826
5d4efc567ddc71f8cd2e94eb
p:  100739.13362668524
5d4f02d67ddc71f8cd2e94fd
p:  48192.679241392034
5d4f0f297ddc71f8cd2e952c
p:  137494.66267048364
5d4f10a67ddc71f8cd2e9536
p:  64265.8707871665
5d4f12c37ddc71f8cd2e9544
p:  123165.65038458226
5d4f18cd7ddc71f8cd2e956b
p:  67778.61962141527
Current date and time: 2020-06-08 15:34:11
Successfully connect to DB.
For ['San Juan', 'Cibola', 'McKinley']#################################################################
train score for random_forest: 0.921310062482596
test score for random_forest: 0.5833628817923312
The mean absolute error is:$ 55419.54672808773
r_Score: 0.5594301036384235
Voting Regressor (in): 0.9683685369785842
Voting Regressor: 0.5594301036384235
5d0d355243207cb60914ae12
p:  231343.11362101114
5d1bcbe503ecbb08e0bf61e7
p:  205869.0492008315
5d1bfc8102e1f427a5efbc42
p:  170200.88339238023
5d1bfcd602e1f427a5efbc43
p:  530771.5476224802
5d4430650c2b93cba458ae32
p:  216448.9150391015
5d4431d40c2b93cba458ae46
p:  226474.03962464468
5d4be2710d724dbede2e92f2
p:  121617.32522778377
5d4be29f0d724dbede2e92f3
p:  119777.17498329564
5d4be4f04737ec67782e9318
p:  157236.90216666105
5d4be52ea56aa71dbd2e92f9
p:  275805.2851096308
5d4be53b8c54ef9d522e9311
p:  203448.44714174053
5d4be5598c54ef9d522e9312
p:  398280.40727884456
5d4be5a8a56aa71dbd2e9301
p:  127087.67167674152
5d4be5d4a56aa71dbd2e9302
p:  172976.71890687488
5d4be5f2a56aa71dbd2e9303
p:  174448.79722738249
5d4be605a56aa71dbd2e9305
p:  150255.08958152757
5d4be611a56aa71dbd2e9306
p:  170200.88339238023
5d4be64ba56aa71dbd2e9309
p:  154141.78967255598
5d4be6a8a56aa71dbd2e930e
p:  198180.68980858836
5d4be712a56aa71dbd2e9311
p:  167771.34432988023
5d4be75d8c54ef9d522e9317
p:  221019.9704182352
5d4be769a56aa71dbd2e9313
p:  237375.53705607486
5d4be8808c54ef9d522e931a
p:  216944.27070767927
5d4be91fa56aa71dbd2e9317
p:  236248.947260915
5d4be993a56aa71dbd2e931a
p:  172435.38195011532
5d4bea3c8c54ef9d522e931d
p:  223964.4062862011
5d4bea7f8c54ef9d522e931e
p:  267369.84643856686
5d4beabea56aa71dbd2e9320
p:  269763.0621445014
5d4bf459a56aa71dbd2e9323
p:  241814.16402631224
5d4bf5594737ec67782e9325
p:  108537.98464860549
5d4bf6268c54ef9d522e9326
p:  137157.0475085058
5d4bf7487ddc71f8cd2e9304
p:  237324.82687691983
5d4bf8137ddc71f8cd2e9307
p:  369975.7164456401
5d4bf8fea56aa71dbd2e932d
p:  170200.88339238023
5d4bf9ca7ddc71f8cd2e930a
p:  257112.93144367138
5d4bfb584737ec67782e932c
p:  172178.07433135906
5d4bfc2d0d724dbede2e931e
p:  132743.12729914545
5d4c24f04737ec67782e9330
p:  264532.7075542944
5d4c25074737ec67782e9331
p:  126300.21049317988
5d4c25db0d724dbede2e9323
p:  123868.41613987566
5d4c25e67ddc71f8cd2e9312
p:  238653.24659657074
5d4c27b5a56aa71dbd2e933d
p:  215930.95185566283
5d4c286d0d724dbede2e9328
p:  324150.08440376114
5d4c299e4737ec67782e9338
p:  118944.38929427638
5d4c29ab4737ec67782e9339
p:  278990.0341170472
5d4c2a12a56aa71dbd2e9344
p:  165026.36050700286
5d4c2a56a56aa71dbd2e9345
p:  89698.05651150331
5d4c2a874737ec67782e933c
p:  286617.21465800726
5d4c2c2f4737ec67782e9342
p:  174004.536596045
5d4c2c524737ec67782e9343
p:  155158.05954338016
5d4c49594737ec67782e9350
p:  219044.80741986627
5d4c4a15a56aa71dbd2e9350
p:  174571.7830847202
5d4c5080a56aa71dbd2e9359
p:  138075.06200524577
5d4c50c04737ec67782e9360
p:  162992.17099216176
5d4c6342a56aa71dbd2e9368
p:  139249.34018163197
5d4d3171a56aa71dbd2e93a0
p:  175306.26723514358
For ['Bernalillo', 'Sandoval', 'Socorro', 'Valencia', 'Torrance']#################################################################
train score for random_forest: 0.9443466800522439
test score for random_forest: 0.6264794319191472
The mean absolute error is:$ 79013.1568788865
r_Score: 0.628617183458654
Voting Regressor (in): 0.9663422230548847
Voting Regressor: 0.628617183458654
5d0d1c9bae78f7f2d314ad6f
p:  178773.6287445436
5d129c38b7ae3de20d8d6e5a
p:  218113.83618384195
5d12b6a1b7ae3de20d8d6f00
p:  525530.811638186
5d12b864b7ae3de20d8d6f01
p:  178151.42223530725
5d12b8a2b7ae3de20d8d6f02
p:  250211.17812711746
5d1c5e1ddbebfd779eefbd4b
p:  127336.86891538715
5d42d1885059a34d102fa192
p:  144928.43793957838
5d42d20c5059a34d102fa193
p:  764550.7437344985
5d4b809d7ddc71f8cd2e929e
p:  377414.6056102599
5d4b80bfbd36bb58142e929e
p:  189250.99543061876
5d4b81323a63c265da2e92a0
p:  130085.48457348555
5d4b813d1fda2fc8352e929e
p:  252127.68941587437
5d4b819f1fda2fc8352e929f
p:  196405.5977493502
5d4b81abbd36bb58142e92a2
p:  103076.60999524736
5d4b81e24737ec67782e929e
p:  260383.60494910326
5d4b82097ddc71f8cd2e92a0
p:  519861.83205526014
5d4b833e3a63c265da2e92a7
p:  464987.8297761228
5d4b835564102af5252e92a1
p:  237563.98601604876
5d4b83581fda2fc8352e92a3
p:  216520.89983079632
5d4b83590d724dbede2e92a3
p:  220056.3818645431
5d4baa031fda2fc8352e92a9
p:  194767.81699903205
5d4baa23bd36bb58142e92a8
p:  154067.37409615493
5d4baaf1bd36bb58142e92a9
p:  192795.30859399665
5d4bacf69caf1b5cbb2e92a6
p:  234056.1358662503
5d4bad219caf1b5cbb2e92a9
p:  426685.0321428629
5d4bad791fda2fc8352e92ad
p:  124430.91809526327
5d4bad9f1fda2fc8352e92ae
p:  305497.4298546256
5d4badae4737ec67782e92ae
p:  449275.67988637486
5d4bae24a56aa71dbd2e92b1
p:  215837.21599051854
5d4baeaca56aa71dbd2e92b2
p:  254538.0273086424
5d4bafab64102af5252e92ad
p:  177867.15887399754
5d4bafda64102af5252e92ae
p:  346612.2202086744
5d4bb0728c54ef9d522e92b4
p:  191159.66771499126
5d4bb079a56aa71dbd2e92b5
p:  117387.7407115532
5d4bb0cebd36bb58142e92b8
p:  236829.34473019824
5d4bb1110d724dbede2e92b8
p:  133697.2972834461
5d4bb1143a63c265da2e92bc
p:  249528.33663499515
5d4bb1248c54ef9d522e92b7
p:  251885.41449841124
5d4bb151034ecae3672e92ac
p:  165096.61902493285
5d4bb1ae034ecae3672e92ae
p:  315679.2190695442
5d4bb1bf4737ec67782e92bb
p:  171753.95211768593
5d4bb1eb5a5db2a2272e92b5
p:  285787.63089199836
5d4bb21f8c54ef9d522e92bc
p:  749681.1798209626
5d4bb226942ab8e5a42e92ba
p:  100139.70489444264
5d4bb2543a63c265da2e92be
p:  255733.15048864478
5d4bb282034ecae3672e92b0
p:  227898.8194216693
5d4bb2b7034ecae3672e92b1
p:  367055.0420555008
5d4bb2ba7ddc71f8cd2e92ae
p:  256257.85179508894
5d4bb2e2942ab8e5a42e92bd
p:  145629.6903748262
5d4bb2eda56aa71dbd2e92b6
p:  145628.07631023458
5d4bb305034ecae3672e92b2
p:  230337.30640643544
5d4bb3373a63c265da2e92c0
p:  229006.0003943227
5d4bb33f942ab8e5a42e92bf
p:  257798.25419806718
5d4bb3413a63c265da2e92c2
p:  177659.62633592117
5d4bb3553a63c265da2e92c5
p:  100765.38491974096
5d4bb3574737ec67782e92bf
p:  239001.51725702148
5d4bb35f3a63c265da2e92c6
p:  181296.8774644651
5d4bb37b4737ec67782e92c0
p:  273817.41302005923
5d4bb3eda56aa71dbd2e92b7
p:  203011.28886085842
5d4bb4357ddc71f8cd2e92b1
p:  400844.676545159
5d4bb478a56aa71dbd2e92b8
p:  261781.8910319567
5d4bb4a48c54ef9d522e92bf
p:  228229.44412779025
5d4bb4e94737ec67782e92c9
p:  190158.60516847987
5d4bb5073a63c265da2e92ce
p:  424354.2856307868
5d4bb5130d724dbede2e92be
p:  137008.49609788883
5d4bb52b0d724dbede2e92bf
p:  286714.02628689265
5d4bb533942ab8e5a42e92c4
p:  191716.359681129
5d4bb5348c54ef9d522e92c2
p:  208437.54381644592
5d4bb5897ddc71f8cd2e92b5
p:  237949.12783146315
5d4bb58c4737ec67782e92cc
p:  242600.49719885658
5d4bb6044737ec67782e92cf
p:  143520.51512269405
5d4bbfd4a56aa71dbd2e92b9
p:  128613.57048582775
5d4bbff6942ab8e5a42e92c9
p:  272883.67759209883
5d4bc0630d724dbede2e92c1
p:  347667.70711122593
5d4bc09377c14a56c72e92cc
p:  280649.1095341202
5d4bc0bc034ecae3672e92b6
p:  259001.67872122355
5d4bc0e34737ec67782e92d4
p:  144788.58736235552
5d4bc12f77c14a56c72e92cf
p:  171875.18141526205
5d4bc1334737ec67782e92d6
p:  187320.19450685877
5d4bc146034ecae3672e92ba
p:  144717.85683331284
5d4bc196c9042b2bc12e92bd
p:  230293.3455188837
5d4bc1a0a56aa71dbd2e92bc
p:  203011.28886085842
5d4bc1d84737ec67782e92da
p:  232861.03506750695
5d4bc1ec7ddc71f8cd2e92c1
p:  191111.62921743566
5d4bc1edc9042b2bc12e92be
p:  232474.2524958736
5d4bc1ee1fda2fc8352e92cb
p:  211820.277782114
5d4bc229942ab8e5a42e92cf
p:  254086.93099389935
5d4bc2294737ec67782e92dc
p:  178507.2623030247
5d4bc2515a5db2a2272e92c4
p:  147075.6832956014
5d4bc2b1034ecae3672e92bc
p:  251828.48714002204
5d4bc2ba3a63c265da2e92d1
p:  342490.26788231963
5d4bc2ca0d724dbede2e92c6
p:  198569.11527214284
5d4bc2f54737ec67782e92e1
p:  119939.132035624
5d4bc7417957f357ae2e92d4
p:  295884.5499523749
5d4bc762c9042b2bc12e92c0
p:  188482.46383262525
5d4bc7b3a56aa71dbd2e92bf
p:  127577.30268440876
5d4bc7ca034ecae3672e92be
p:  296859.49310068815
5d4bc8517957f357ae2e92d8
p:  367580.3447203337
5d4bc8568c54ef9d522e92cf
p:  179379.9765928787
5d4bc8731fda2fc8352e92d1
p:  253680.24513347706
5d4bc88e942ab8e5a42e92d6
p:  121365.25537798309
5d4bc8c70d724dbede2e92ca
p:  196326.1313633229
5d4bc8f47ddc71f8cd2e92c5
p:  280897.8166379173
5d4bc9150d724dbede2e92cb
p:  215915.85924229716
5d4bc9714737ec67782e92e6
p:  187320.19450685877
5d4bc9a28c54ef9d522e92d5
p:  248122.3385047809
5d4bc9d1034ecae3672e92c0
p:  310755.0346755068
5d4bc9e7a56aa71dbd2e92c0
p:  290404.7290302574
5d4bca18034ecae3672e92c1
p:  162737.7265785598
5d4bca4077c14a56c72e92dd
p:  181753.82136348775
5d4bca650d724dbede2e92cc
p:  220653.46280610055
5d4bcaa5034ecae3672e92c4
p:  173649.88835053396
5d4bcb1b4737ec67782e92e7
p:  173320.67570759013
5d4bcb2e77c14a56c72e92df
p:  240592.91102100338
5d4bcb3a5a5db2a2272e92d9
p:  163908.99500550402
5d4bcb5177c14a56c72e92e0
p:  245716.72254873888
5d4bcb990d724dbede2e92ce
p:  136797.80067914526
5d4bcbada56aa71dbd2e92c6
p:  117387.7407115532
5d4bcbb3c9042b2bc12e92c2
p:  242121.73438599566
5d4bcbdb77c14a56c72e92e2
p:  180672.4560053547
5d4bcbdc034ecae3672e92c7
p:  211464.50436069825
5d4bcbec7957f357ae2e92dc
p:  275885.23852407554
5d4bcbfb77c14a56c72e92e3
p:  200077.1420120054
5d4bcbfb3a63c265da2e92db
p:  162320.6115189622
5d4bcc107957f357ae2e92dd
p:  259987.0882724391
5d4bcc55a56aa71dbd2e92ca
p:  252961.56019351934
5d4bcc56c9042b2bc12e92c5
p:  217519.77080287866
5d4bcc9c8c54ef9d522e92d9
p:  266958.8254345979
5d4bcc9d7957f357ae2e92e0
p:  283374.50854614214
5d4bcca73a63c265da2e92de
p:  1187867.1769313195
5d4bccc63a63c265da2e92df
p:  580252.6973654076
5d4bccd4034ecae3672e92c9
p:  162737.7265785598
5d4bcce4a56aa71dbd2e92cc
p:  261781.8910319567
5d4bcd0977c14a56c72e92e4
p:  229885.79117797644
5d4bcd168c54ef9d522e92da
p:  76675.71337796406
5d4bcd347ddc71f8cd2e92ca
p:  309541.23487311695
5d4bcd4a0d724dbede2e92d0
p:  197147.99159128056
5d4bce17c9042b2bc12e92c9
p:  177762.21924062812
5d4bce3a1fda2fc8352e92de
p:  154234.31533972666
5d4bce3b47390c86e32e92d8
p:  223150.44319396702
5d4bcef1c9042b2bc12e92cd
p:  200892.89363002457
5d4bcf3b3a63c265da2e92e2
p:  317205.8601067153
5d4bcf4f7ddc71f8cd2e92ce
p:  282172.8634149013
5d4bcfe3034ecae3672e92ce
p:  163530.62503197632
5d4bd00a034ecae3672e92cf
p:  162139.46180667682
5d4bd01747390c86e32e92da
p:  170004.61277649537
5d4bd09564102af5252e92d4
p:  152975.2351795166
5d4bd0b364102af5252e92d5
p:  189666.3519119296
5d4bd0bc8c54ef9d522e92df
p:  259968.5512535309
5d4bd0bd77c14a56c72e92eb
p:  230801.42981271225
5d4bd1038c54ef9d522e92e0
p:  261491.70743462432
5d4bd141034ecae3672e92d0
p:  96870.06072117997
5d4bd17d034ecae3672e92d1
p:  211388.41206728804
5d4bd1da9caf1b5cbb2e92d3
p:  592771.6492509753
5d4bd1ddc9042b2bc12e92d5
p:  190891.0547937021
5d4bd2e57ddc71f8cd2e92da
p:  272309.89936909114
5d4bd3208c54ef9d522e92e6
p:  173097.1262712528
5d4bd3ab8c54ef9d522e92e8
p:  102228.00297862134
5d4bd3b247390c86e32e92de
p:  334964.85159188986
5d4bd3df47390c86e32e92df
p:  185348.28515258222
5d4bd40c64102af5252e92e5
p:  168149.50735484948
5d4bd44247390c86e32e92e0
p:  216558.00879710558
5d4bd49277c14a56c72e92f8
p:  281449.1560246863
5d4bd4c9034ecae3672e92d6
p:  264149.0246680886
5d4bd5d4942ab8e5a42e92f5
p:  261583.61353743792
5d4bd63f942ab8e5a42e92f8
p:  346083.39730315586
5d4bd70b034ecae3672e92d7
p:  166354.91896497883
5d4bd7931fda2fc8352e92f1
p:  326738.02083772025
5d4bd7940d724dbede2e92e6
p:  197051.9441046166
5d4bd7a564102af5252e92ed
p:  203383.51047547715
5d4bd7a7c9042b2bc12e92dc
p:  172622.56670606066
5d4bd7be64102af5252e92ee
p:  311180.3390029903
5d4bd804942ab8e5a42e92fd
p:  212119.09000917093
5d4bd814c9042b2bc12e92dd
p:  174362.94134373363
5d4bd845c9042b2bc12e92de
p:  184250.55811774608
5d4bd8807ddc71f8cd2e92e1
p:  412556.2446469835
5d4bd8b4a56aa71dbd2e92e2
p:  182280.21905639768
5d4bd8d1942ab8e5a42e92fe
p:  206535.6556979862
5d4bd974c9042b2bc12e92e1
p:  221995.35267195635
5d4bd9809caf1b5cbb2e92e4
p:  483928.4118877809
5d4bd9b33a63c265da2e92f5
p:  243541.42011116835
5d4bda703a63c265da2e92f7
p:  160438.96289441653
5d4bdb079caf1b5cbb2e92e5
p:  275073.3990171074
5d4bdb275a5db2a2272e92f4
p:  266879.45955325384
5d4bdb81c9042b2bc12e92e3
p:  166548.2410653672
5d4bdbab77c14a56c72e92fd
p:  241076.48615554132
5d4bdcc4c9042b2bc12e92e6
p:  175388.38469938128
5d4bddd5a56aa71dbd2e92ec
p:  225331.92073196225
5d4bde3d8c54ef9d522e9301
p:  302432.13886266
5d4bde66bd36bb58142e92e9
p:  331076.725010348
5d4bde7a47390c86e32e92ea
p:  277255.6756417999
5d4bde965a5db2a2272e92f8
p:  275957.4958279516
5d4bdeb247390c86e32e92eb
p:  203821.6434241367
5d4bdec0bd36bb58142e92ea
p:  201388.9026344737
5d4bdec65a5db2a2272e92f9
p:  194719.12469696067
5d4bdee6c9042b2bc12e92ea
p:  160058.90110004868
5d4bdf173a63c265da2e92fb
p:  156411.68753886144
5d4bdf857957f357ae2e930b
p:  367361.77233769663
5d4be03064102af5252e92f5
p:  200323.9436725846
5d4be077942ab8e5a42e930f
p:  289405.2757452143
5d4be0975a5db2a2272e92ff
p:  121933.06833194249
5d4be0b93a63c265da2e92fc
p:  293512.85175711126
5d4be0fc64102af5252e92f7
p:  164200.1179869178
5d4be1085a5db2a2272e9302
p:  579693.4616441191
5d4be13fbd36bb58142e92eb
p:  204141.56511161063
5d4be1587957f357ae2e930d
p:  200691.32762282982
5d4be18f77c14a56c72e930a
p:  222868.65350590297
5d4be1a37957f357ae2e930f
p:  175708.80214857138
5d4be1d2bd36bb58142e92ec
p:  222818.7601232406
5d4be2339caf1b5cbb2e92f2
p:  393038.42253023386
5d4be235bd36bb58142e92ed
p:  359657.7073488837
5d4be24c64102af5252e92fb
p:  181601.10102833377
5d4be25b5a5db2a2272e9306
p:  204373.50987396578
5d4be28a5a5db2a2272e9308
p:  302552.68237592396
5d4be2ce3a63c265da2e9300
p:  258455.17347277282
5d4be2d877c14a56c72e930c
p:  209602.0828128343
5d4be32bc9042b2bc12e92f3
p:  184250.55811774608
5d4be360942ab8e5a42e931a
p:  311063.08561322896
5d4be360bd36bb58142e92ef
p:  207850.03463098322
5d4be36a64102af5252e92fd
p:  255544.2693022411
5d4be383bd36bb58142e92f0
p:  213278.77924591163
5d4be397bd36bb58142e92f1
p:  161345.14308964793
5d4be39d942ab8e5a42e931d
p:  168899.4028503845
5d4be3ed7957f357ae2e9311
p:  262103.1338505447
5d4be4037957f357ae2e9313
p:  271221.17346122325
5d4be4085a5db2a2272e930b
p:  193427.56888408167
5d4be4325a5db2a2272e930c
p:  252426.45378646537
5d4be46bc9042b2bc12e92f6
p:  167650.06653257
5d4be48664102af5252e9301
p:  161921.77472610175
5d4be4a6942ab8e5a42e9327
p:  309003.73021308903
5d4be4ea77c14a56c72e9310
p:  354441.10415146616
5d4be50b5a5db2a2272e930e
p:  121775.44769936091
5d4be579942ab8e5a42e9328
p:  168817.98526962352
5d4be5975a5db2a2272e9310
p:  97587.78112887115
5d4be600942ab8e5a42e932a
p:  294000.0893261472
5d4be63e3a63c265da2e9302
p:  244017.8795157753
5d4be6a53a63c265da2e9303
p:  326415.91137050703
5d4be74064102af5252e9305
p:  192690.55331046172
5d4be7865a5db2a2272e9313
p:  103885.11915533541
5d4be7ef47390c86e32e92fc
p:  131737.56382686453
5d4be82147390c86e32e92fd
p:  255699.04387016286
5d4be85177c14a56c72e9317
p:  238883.46663093218
5d4be8e75a5db2a2272e9317
p:  335876.81368705665
5d4be8f35a5db2a2272e9318
p:  245852.35056620085
5d4be919034ecae3672e92fc
p:  208604.74298931344
5d4be947c9042b2bc12e92fd
p:  146166.98053794875
5d4be9b777c14a56c72e931a
p:  285362.91806163825
5d4be9eec9042b2bc12e92ff
p:  181107.94329852232
5d4bea135a5db2a2272e931b
p:  122790.86817590338
5d4bea575a5db2a2272e931d
p:  188321.32941952324
5d4beb335a5db2a2272e9322
p:  206222.3969552706
5d4beb455a5db2a2272e9323
p:  215743.18694080334
5d4bf439942ab8e5a42e9333
p:  164390.833332952
5d4bf4487957f357ae2e931c
p:  173332.2075646926
5d4bf467bd36bb58142e92f8
p:  208604.74298931344
5d4bf4be942ab8e5a42e9336
p:  290145.26740673615
5d4bf4e264102af5252e9311
p:  134278.07690640356
5d4bf53c64102af5252e9312
p:  168683.843057776
5d4bf53cbd36bb58142e92fa
p:  257898.8376795054
5d4bf592bd36bb58142e92fb
p:  162114.4709795672
5d4bf6337957f357ae2e931d
p:  266971.53220555617
5d4bf64a7957f357ae2e931e
p:  274090.58024199173
5d4bf66d47390c86e32e9305
p:  184878.5963518801
5d4bf6da47390c86e32e9306
p:  413111.3255368186
5d4bf7335a5db2a2272e932c
p:  439472.5373601472
5d4bf7347957f357ae2e9322
p:  397748.00725070224
5d4bf7535a5db2a2272e932d
p:  202912.0397018788
5d4bf79447390c86e32e9309
p:  261124.08858720772
5d4bf7ad47390c86e32e930a
p:  154736.765966775
5d4bf7fb3a63c265da2e9312
p:  265995.331418098
5d4bf8275a5db2a2272e9335
p:  434316.4721247032
5d4bf8ad77c14a56c72e9328
p:  289666.4417470173
5d4bf8c377c14a56c72e9329
p:  245408.0416748748
5d4bf90c7957f357ae2e9327
p:  298777.24921319156
5d4bf94847390c86e32e930f
p:  184627.60904846832
5d4bf9b777c14a56c72e932c
p:  331745.53832106956
5d4bfa0477c14a56c72e932e
p:  233368.44588959706
5d4bfa7a64102af5252e9321
p:  162543.02428433238
5d4bfab264102af5252e9323
p:  223667.90016351835
5d4bfc1d7957f357ae2e932b
p:  233139.40609996874
5d4bfca047390c86e32e9316
p:  261623.0199505919
5d4bfcc264102af5252e9328
p:  373705.58566280414
5d4c24a47957f357ae2e932d
p:  164732.1133847473
5d4c26c75a5db2a2272e9348
p:  230646.38468213743
5d4c27255a5db2a2272e934a
p:  234764.23607167305
5d4c278c64102af5252e932e
p:  160430.02001541978
5d4c27abc9042b2bc12e9321
p:  332907.7871647704
5d4c27b264102af5252e932f
p:  177216.78580167965
5d4c28757957f357ae2e9332
p:  172331.096366096
5d4c293cc9042b2bc12e9323
p:  155016.01932436286
5d4c2a1147390c86e32e931e
p:  193986.3281783435
5d4c2da77957f357ae2e933e
p:  258774.1596322689
5d4c2de37957f357ae2e9340
p:  295921.3982071405
5d4c49da47390c86e32e932b
p:  207441.2181593005
5d4c4faf77c14a56c72e934e
p:  227593.89778919832
5d4c504747390c86e32e9338
p:  262708.00758307835
5d4c537b7957f357ae2e9355
p:  157918.89114574605
5d4c53f747390c86e32e9341
p:  297826.3057498435
5d4c567a7957f357ae2e935b
p:  168567.90679480007
5d4cc81447390c86e32e9360
p:  252140.54729174377
5d4ccb0847390c86e32e9362
p:  156583.12083764275
5d4d15007957f357ae2e9380
p:  202830.94823417361
5d4d156f47390c86e32e9370
p:  174645.16500389535
5d4d175c7957f357ae2e938a
p:  199740.41303003786
5d4d17be7957f357ae2e938c
p:  233139.40609996874
5d4d198747390c86e32e9375
p:  186057.2103857941
5d4d19b5c9042b2bc12e9390
p:  230345.5426508692
5d4d2fe147390c86e32e9377
p:  369613.3197832746
5d4d37adc9042b2bc12e9398
p:  147966.5408152739
5d4d38167957f357ae2e9397
p:  238393.49750362628
5d4d38b547390c86e32e937c
p:  471913.35688844207
5d4d38ea7957f357ae2e939b
p:  212910.44801683645
5d4d3d0b7957f357ae2e93a3
p:  438830.6584355403
5d4d3d7c7957f357ae2e93a5
p:  281415.6871529342
5d4d4d6047390c86e32e9390
p:  156963.9855912208
5d4d4f2a7957f357ae2e93b2
p:  268708.35372434434
5d4db5b047390c86e32e9399
p:  214991.32129710558
5d4db67a7957f357ae2e93bd
p:  287589.17167562357
5d4e030b47390c86e32e93b8
p:  266972.86208807805
For ['Santa Fe', 'Los Alamos', 'Taos', 'Mora', 'Colfax', 'Union', 'Harding', 'San Miguel', 'Rio Arriba', 'Guadalupe']#################################################################
train score for random_forest: 0.940514764845384
test score for random_forest: 0.5669549657430777
The mean absolute error is:$ 224650.72199705106
r_Score: 0.5801074055090729
Voting Regressor (in): 0.9700335756504737
Voting Regressor: 0.5801074055090729
5d4b816377c14a56c72e92a1
p:  454724.6850741037
5d4b83f0942ab8e5a42e92a9
p:  280905.66758988006
5d4c2793942ab8e5a42e9355
p:  575785.4832849945
5d4c2860942ab8e5a42e9356
p:  616783.5593383978
5d4c291d942ab8e5a42e9357
p:  652549.5424573539
5d4c298e942ab8e5a42e9359
p:  423773.5874628908
5d4c2b50942ab8e5a42e935c
p:  236782.11962935975
5d4c2b559caf1b5cbb2e932b
p:  333727.38187176024
5d4c2b7a942ab8e5a42e935d
p:  344484.8983726357
5d4c2dbf0d724dbede2e932e
p:  599568.7345421775
5d4c2e260d724dbede2e9331
p:  554147.639051191
5d4c494a9caf1b5cbb2e9331
p:  381334.62509875325
5d4c4aa1034ecae3672e9320
p:  604308.2933108322
5d4c4af6942ab8e5a42e9364
p:  366113.170659297
5d4c4b1c034ecae3672e9322
p:  355117.1234986085
5d4c4b350d724dbede2e9338
p:  235704.34287955248
5d4c4c7a0d724dbede2e933b
p:  623353.7761687617
5d4c4d489caf1b5cbb2e9338
p:  462774.8519181239
5d4c4d95034ecae3672e9324
p:  284643.94240168296
5d4c4e55034ecae3672e9327
p:  278006.09959764674
5d4c4e5c7ddc71f8cd2e934e
p:  190904.04805141586
5d4c4e757ddc71f8cd2e934f
p:  808136.3466127065
5d4c4f20034ecae3672e9329
p:  251497.44923262598
5d4c4f53034ecae3672e932a
p:  181799.37435625243
5d4c4f919caf1b5cbb2e933a
p:  413549.2101972605
5d4c5125942ab8e5a42e936c
p:  327924.4171712106
5d4c53159caf1b5cbb2e9340
p:  347130.66929921054
5d4c531cbd36bb58142e9332
p:  621112.4128436276
5d4c55eb9caf1b5cbb2e9345
p:  228986.4499688791
5d4c565764102af5252e9360
p:  236034.66227397692
5d4c5695034ecae3672e9334
p:  296069.36422985326
5d4c623e9caf1b5cbb2e9349
p:  347764.33157239744
5d4c62669caf1b5cbb2e934a
p:  196601.80725362076
5d4ca3f2942ab8e5a42e9385
p:  344546.47640822653
5d4cc59e942ab8e5a42e938a
p:  461591.23296698544
5d4cc616942ab8e5a42e938b
p:  1315847.728212732
5d4cc7769caf1b5cbb2e935d
p:  1151767.2473448552
5d4cc7ad9caf1b5cbb2e935e
p:  378821.616727444
5d4cc8a99caf1b5cbb2e9360
p:  1080955.6153548048
5d4cca119caf1b5cbb2e9363
p:  462774.8519181239
5d4ccaa8942ab8e5a42e9390
p:  622444.7245023702
5d4d0f13942ab8e5a42e9397
p:  313830.7932770391
5d4d0fc87ddc71f8cd2e93b7
p:  359923.8352179977
5d4d111e4737ec67782e939a
p:  323749.4250931004
5d4d115a034ecae3672e934f
p:  915018.7381791801
5d4d137a9caf1b5cbb2e9371
p:  752229.7647382871
5d4d15651fda2fc8352e939b
p:  77571.20026598225
5d4d1715034ecae3672e9353
p:  320399.56426702696
5d4d2e3d1fda2fc8352e93ad
p:  663273.0057299435
5d4d3177034ecae3672e9359
p:  399931.5492325196
5d4d3727034ecae3672e935a
p:  277895.6984029361
5d4d3b9c034ecae3672e9365
p:  532914.3700623668
5d4d3bf27ddc71f8cd2e93ee
p:  496870.9560824852
5d4d4d9a034ecae3672e9371
p:  270485.07718103274
5d4da93f942ab8e5a42e93cd
p:  379825.98273415864
5d4db647034ecae3672e9379
p:  264543.57345182734
5d4ddb01942ab8e5a42e93de
p:  580904.6321105305
5d4ddbd5942ab8e5a42e93df
p:  435492.54308291903
5d4e0344034ecae3672e9393
p:  741075.2689788742
For ['Dona Ana', 'Luna', 'Hidalgo', 'Grant', 'Catron', 'Otero', 'Sierra']#################################################################
train score for random_forest: 0.9014100291101106
test score for random_forest: 0.5927096454720466
The mean absolute error is:$ 71587.4079147125
r_Score: 0.5969980020235957
Voting Regressor (in): 0.9557774121115395
Voting Regressor: 0.5969980020235957
5d269cb7ddcb4129edeb699a
p:  254497.77809689037
5d2d062caa1ce31ade80b122
p:  150759.49879679576
5d4d30b68c54ef9d522e93b3
p:  92781.48997601296
5d4d384e5a5db2a2272e93c3
p:  78178.39805303008
5d4d3bc35a5db2a2272e93ca
p:  85799.55733432007
5d4d3c4877c14a56c72e93a8
p:  147928.16407609783
5d4d3dd377c14a56c72e93af
p:  352796.3993762642
5d4d3f2e5a5db2a2272e93d1
p:  59195.54823043986
5d4d4c4877c14a56c72e93b6
p:  377017.4744661149
5d4d4c6b77c14a56c72e93b7
p:  257724.11550419955
5d4dc76fc9042b2bc12e93bb
p:  74048.57046551732
5d4e02d6942ab8e5a42e93f4
p:  174522.45026905445
5d4e0461942ab8e5a42e93f7
p:  109718.84554557948
5d4e0594942ab8e5a42e93fa
p:  102255.98704198484
5d4e0635942ab8e5a42e93fd
p:  140328.62636110408
5d4e0724a56aa71dbd2e93e6
p:  184696.75175475088
5d4e0748a56aa71dbd2e93e7
p:  145757.21061892883
5d4e13aa942ab8e5a42e93ff
p:  100076.62206122756
5d4e2678a56aa71dbd2e93ea
p:  147247.05449337553
5d4e281fa56aa71dbd2e93ef
p:  155816.1424513983
5d4e2a147957f357ae2e93fa
p:  202873.69393952892
5d4e4c527957f357ae2e93fe
p:  102174.20463082087
5d4e53be7957f357ae2e9402
p:  203648.28972269903
5d4e82cc7957f357ae2e9404
p:  312569.66505206085
5d4e82dea56aa71dbd2e9400
p:  310326.68603247177
5d4e93b27957f357ae2e9405
p:  131861.7976443842
5d4e949d7957f357ae2e9406
p:  96059.3853784311
5d4e95217957f357ae2e9409
p:  199175.02453945868
5d4e9b837957f357ae2e9412
p:  141545.68290370255
5d4ea3ee942ab8e5a42e9439
p:  107174.57129035651
5d4ea4097957f357ae2e9419
p:  231239.33983168693
5d4ea41e942ab8e5a42e943a
p:  298048.83378577256
5d4ea4e49caf1b5cbb2e93e9
p:  365648.93706894235
5d4eb5e87957f357ae2e9420
p:  130694.12553009443
5d4eb64a7957f357ae2e9421
p:  186168.8329691962
5d4eb6c17957f357ae2e9423
p:  141545.68290370255
5d4eb7167957f357ae2e9425
p:  325073.84400186443
5d4eb76c7957f357ae2e9427
p:  285701.685964528
5d4eb80f64102af5252e9423
p:  171872.13731536354
5d4eb9187957f357ae2e9428
p:  240709.1234431775
5d4eba637957f357ae2e942b
p:  83549.10802896113
5d4ebc047957f357ae2e942e
p:  130694.12553009443
5d4ebd917957f357ae2e9431
p:  146620.66588153952
5d4ebdbb7957f357ae2e9432
p:  125541.31648102382
5d4ebdec7957f357ae2e9433
p:  130854.91230624956
5d4ebf107957f357ae2e9436
p:  232846.28178809822
5d4ebf2d7957f357ae2e9437
p:  299243.5866337188
5d4ebf617957f357ae2e9438
p:  135664.3179798228
5d4ec21a7957f357ae2e9443
p:  97607.23728905896
/home/testapiuser/HouseApp_2/PricePrediction/NMPrice.py:268: SettingWithCopyWarning: 
A value is trying to be set on a copy of a slice from a DataFrame.
Try using .loc[row_indexer,col_indexer] = value instead

See the caveats in the documentation: http://pandas.pydata.org/pandas-docs/stable/indexing.html#indexing-view-versus-copy
  df2['AreaSpace_SQFT'] = df2['AreaSpace_SQFT'].astype(int)
/home/testapiuser/HouseApp_2/PricePrediction/NMPrice.py:280: SettingWithCopyWarning: 
A value is trying to be set on a copy of a slice from a DataFrame.
Try using .loc[row_indexer,col_indexer] = value instead

See the caveats in the documentation: http://pandas.pydata.org/pandas-docs/stable/indexing.html#indexing-view-versus-copy
  df2['Price'] = z1
/home/testapiuser/HouseApp_2/PricePrediction/NMPrice.py:287: SettingWithCopyWarning: 
A value is trying to be set on a copy of a slice from a DataFrame.
Try using .loc[row_indexer,col_indexer] = value instead

See the caveats in the documentation: http://pandas.pydata.org/pandas-docs/stable/indexing.html#indexing-view-versus-copy
  df2['AreaSpace_SQFT'] = z2
/home/testapiuser/HouseApp_2/PricePrediction/NMPrice.py:268: SettingWithCopyWarning: 
A value is trying to be set on a copy of a slice from a DataFrame.
Try using .loc[row_indexer,col_indexer] = value instead

See the caveats in the documentation: http://pandas.pydata.org/pandas-docs/stable/indexing.html#indexing-view-versus-copy
  df2['AreaSpace_SQFT'] = df2['AreaSpace_SQFT'].astype(int)
/home/testapiuser/HouseApp_2/PricePrediction/NMPrice.py:280: SettingWithCopyWarning: 
A value is trying to be set on a copy of a slice from a DataFrame.
Try using .loc[row_indexer,col_indexer] = value instead

See the caveats in the documentation: http://pandas.pydata.org/pandas-docs/stable/indexing.html#indexing-view-versus-copy
  df2['Price'] = z1
/home/testapiuser/HouseApp_2/PricePrediction/NMPrice.py:287: SettingWithCopyWarning: 
A value is trying to be set on a copy of a slice from a DataFrame.
Try using .loc[row_indexer,col_indexer] = value instead

See the caveats in the documentation: http://pandas.pydata.org/pandas-docs/stable/indexing.html#indexing-view-versus-copy
  df2['AreaSpace_SQFT'] = z2
/home/testapiuser/HouseApp_2/PricePrediction/NMPrice.py:268: SettingWithCopyWarning: 
A value is trying to be set on a copy of a slice from a DataFrame.
Try using .loc[row_indexer,col_indexer] = value instead

See the caveats in the documentation: http://pandas.pydata.org/pandas-docs/stable/indexing.html#indexing-view-versus-copy
  df2['AreaSpace_SQFT'] = df2['AreaSpace_SQFT'].astype(int)
/home/testapiuser/HouseApp_2/PricePrediction/NMPrice.py:280: SettingWithCopyWarning: 
A value is trying to be set on a copy of a slice from a DataFrame.
Try using .loc[row_indexer,col_indexer] = value instead

See the caveats in the documentation: http://pandas.pydata.org/pand