Current date and time: 2020-06-07 15:34:20
Successfully connect to DB.
For ['Washoe', 'Pershing', 'Storey', 'Churchill', 'Lyon', 'Carson City', 'Mineral', 'Douglas']#################################################################
train score for random_forest: 0.9333439045042905
test score for random_forest: 0.5877462207507476
The mean absolute error is:$ 203681.31084693645
r_Score: 0.6454013851322162
Voting Regressor (in): 0.9750260877073552
Voting Regressor: 0.6454013851322162
5d0812727c1d83daee248b5c
p:  442273.75740272505
5d0d2a60e2ea012a7414ade3
p:  202652.93097404786
5d1bc9ce7e6c493d5945880a
p:  124459.40246937079
5d26dc793021dd895f237b6d
p:  288854.50095109554
5d26dc7c86cd9a2b61237a47
p:  375894.8294496524
5d26dc94198c060878237b3f
p:  1405606.886070523
5d26df41198c060878237b51
p:  1199854.1791816847
5d26e05b86cd9a2b61237a4e
p:  376356.03501711105
5d26e0864e9dc70b67237c7f
p:  302411.2909836193
5d26e0de4e9dc70b67237c80
p:  377366.45757556974
5d26e10c86cd9a2b61237a4f
p:  334615.4303456175
5d26e1114e9dc70b67237c81
p:  391471.5624217049
5d26e14d4e9dc70b67237c82
p:  348278.85199396417
5d26e1744e9dc70b67237c83
p:  389354.5433308641
5d26e19d198c060878237b60
p:  305786.3588916807
5d26e27086cd9a2b61237a53
p:  403432.65889543935
5d26e2e03021dd895f237b89
p:  245193.11205494544
5d26e3af4e9dc70b67237c86
p:  252426.2402125667
5d26e3d6198c060878237b6f
p:  322407.74424352054
5d26e3fc198c060878237b70
p:  530124.0817382375
5d26e6f04e9dc70b67237c90
p:  400256.2599861071
5d26e80d198c060878237b7a
p:  364410.6690386891
5d26e8940ed6935c71237afb
p:  4079375.7555621667
5d26e9154e9dc70b67237c96
p:  303553.5751859623
5d26e9274e9dc70b67237c97
p:  293947.08111442754
5d26ebd586cd9a2b61237a68
p:  268227.8100167975
5d26ebd94e9dc70b67237ca0
p:  302411.2909836193
5d26ebf286cd9a2b61237a69
p:  296555.98586201854
5d26eca74e9dc70b67237ca3
p:  255290.9241517944
5d26f17b0ed6935c71237b28
p:  212862.87881386204
5d26f44d4e9dc70b67237ca8
p:  514554.28654056037
5d26f4df4e9dc70b67237cab
p:  295055.02392605966
5d26f4fd4e9dc70b67237cac
p:  295055.02392605966
5d26f5264e9dc70b67237cae
p:  341976.37914404226
5d26f5324e9dc70b67237caf
p:  367548.7763591405
5d26f58a4e9dc70b67237cb0
p:  366940.0230726695
5d26f6264e9dc70b67237cb2
p:  249954.3631702588
5d26f66a86cd9a2b61237a8a
p:  292274.81570055964
5d26f6734e9dc70b67237cb6
p:  403337.5804848034
5d26f6854e9dc70b67237cb7
p:  415075.0995397715
5d26f69d0ed6935c71237b38
p:  195794.95778578505
5d26f71e4e9dc70b67237cbd
p:  333602.0133081521
5d26f7f40ed6935c71237b42
p:  317629.02492787264
5d26f98586cd9a2b61237a96
p:  274741.38998285297
5d26f99e86cd9a2b61237a97
p:  274741.38998285297
5d26fa860ed6935c71237b57
p:  284411.99475125247
5d26fab789107e1cf0237a72
p:  301108.42953684495
5d26fafd89107e1cf0237a74
p:  291688.62590039277
5d26fb3a89107e1cf0237a75
p:  221537.6557545447
5d26fbc089107e1cf0237a78
p:  138096.57654718473
5d26fc1889107e1cf0237a79
p:  138096.57654718473
5d26fc4989107e1cf0237a7a
p:  157226.76802911257
5d26fc710ed6935c71237b6b
p:  391413.46337469964
5d26fcec89107e1cf0237a7d
p:  223769.7516449605
5d26fe3689107e1cf0237a7f
p:  861401.163234684
5d26fed7d705506d40237a8d
p:  522066.9550469044
5d26ff5d89107e1cf0237a83
p:  139809.01781606523
5d26ff7389107e1cf0237a84
p:  193496.85790409835
5d27001f6bd90bca6a237ad9
p:  390539.98569572193
5d2700eed705506d40237a93
p:  393169.667239809
5d2701646bd90bca6a237adb
p:  303776.8539290513
5d270181198c060878237bae
p:  873335.9488132221
5d2701c989107e1cf0237a89
p:  343059.24214092334
5d2701e489107e1cf0237a8a
p:  292208.5239264468
5d2702f189107e1cf0237a8f
p:  336527.0211959883
5d27057b0ed6935c71237bb4
p:  539826.7418613997
5d27058a89107e1cf0237a95
p:  251050.18678942774
5d27070dd705506d40237aa4
p:  325873.10712253785
5d27076989107e1cf0237a98
p:  251050.18678942774
5d2707ac77ec87e1e2237ba6
p:  415446.4849882617
5d27082489107e1cf0237a99
p:  251050.18678942774
5d2708a789107e1cf0237a9a
p:  296713.9607737667
5d2708b589107e1cf0237a9b
p:  141817.56798188284
5d2708e23021dd895f237bbf
p:  421095.74861646304
5d2709b00ed6935c71237bd3
p:  967990.5655023966
5d2709be6bd90bca6a237aec
p:  196167.7656468245
5d2709d16bd90bca6a237aed
p:  386443.18344049883
5d2709d90ed6935c71237bd4
p:  681278.1285638084
5d270b0c0ed6935c71237bda
p:  2009690.93320557
5d270b5077ec87e1e2237bb0
p:  1499879.7219234598
5d270b5389107e1cf0237aa0
p:  699192.2238862645
5d270c074e9dc70b67237cef
p:  254001.60154940267
5d270cfd0ed6935c71237be7
p:  802564.5205228563
5d270d0a89107e1cf0237aa7
p:  164953.67222893581
5d270d7ed705506d40237aac
p:  340647.4863165657
5d270d9bd705506d40237aad
p:  396051.23019383627
5d270df64e9dc70b67237cf7
p:  342758.2990182513
5d270e2889107e1cf0237aab
p:  144927.69502401253
5d270f266bd90bca6a237af9
p:  265189.367254181
5d270f7f89107e1cf0237aaf
p:  190592.63434852677
5d270fbd89107e1cf0237ab0
p:  283146.67327943805
5d270fda6bd90bca6a237afc
p:  562726.1181641679
5d271021d705506d40237ab2
p:  563440.2014937705
5d2710c70ed6935c71237c06
p:  1986761.7695218273
5d27111289107e1cf0237ab3
p:  342822.43059629644
5d27114477ec87e1e2237bbb
p:  1294314.2139314308
5d2711c177ec87e1e2237bbf
p:  445706.5575165092
5d2711f64e9dc70b67237d06
p:  351133.1897538974
5d27125cd705506d40237ab8
p:  344357.6581915657
5d2712cd77ec87e1e2237bc3
p:  525439.6228284016
5d2713154e9dc70b67237d0c
p:  1494347.8479788387
5d2713c73021dd895f237bdb
p:  261591.76697848304
5d2714100ed6935c71237c13
p:  1346251.0361886509
5d27146f89107e1cf0237abd
p:  2370169.6195242116
5d2715193021dd895f237bdf
p:  482543.0759917605
5d27151a89107e1cf0237ac0
p:  313683.3919106644
5d2715484e9dc70b67237d14
p:  328840.56391968176
5d2716003021dd895f237be1
p:  482543.0759917605
5d27165989107e1cf0237ac2
p:  281771.8253931694
5d2716b4d705506d40237abf
p:  431686.77965991374
5d27174d4e9dc70b67237d15
p:  288931.0252260498
5d27179a4e9dc70b67237d16
p:  205198.69969598012
5d2717d70ed6935c71237c15
p:  2674365.130391501
5d2717e977ec87e1e2237bd4
p:  347671.4044388282
5d27180b4e9dc70b67237d17
p:  226096.6040165507
5d2718484e9dc70b67237d18
p:  226096.6040165507
5d27186a4e9dc70b67237d19
p:  586066.0575648136
5d27186fd9ec98e71c237b32
p:  300846.6197825427
5d2718d44e9dc70b67237d1b
p:  368585.7420317959
5d271992d9ec98e71c237b36
p:  318558.7895272074
5d2719ae4e9dc70b67237d1c
p:  1505658.9752283068
5d2719e8d705506d40237ac3
p:  388143.60302690056
5d2719f44e9dc70b67237d1d
p:  205198.69969598012
5d271a6ed9ec98e71c237b38
p:  454837.92688226263
5d271a8ad9ec98e71c237b39
p:  340048.29567221797
5d271a97d9ec98e71c237b3a
p:  311355.3331648569
5d271aa34e9dc70b67237d1f
p:  231541.0282986879
5d271ab56bd90bca6a237b0e
p:  278316.06766437466
5d271b18d9ec98e71c237b3b
p:  311476.5681601496
5d271b7577ec87e1e2237bd9
p:  419453.49085006176
5d271b8cd705506d40237ace
p:  375374.32415534894
5d271bc04e9dc70b67237d24
p:  225378.32956731925
5d271bd1d9ec98e71c237b3d
p:  189313.3331565545
5d271c08d705506d40237ad4
p:  285896.55777440383
5d271ccb4e9dc70b67237d26
p:  216882.9364620527
5d271d506bd90bca6a237b16
p:  447087.6988339983
5d271d6fd9ec98e71c237b40
p:  354565.74159404816
5d271d72e88ea2cda1237b1f
p:  579953.3708918408
5d271d9c6bd90bca6a237b17
p:  393104.64293363167
5d271dab4e9dc70b67237d29
p:  347956.7557162661
5d271e204e9dc70b67237d2a
p:  432946.85713007895
5d271e944e9dc70b67237d2c
p:  226096.6040165507
5d271edcd9ec98e71c237b42
p:  646946.7739418603
5d271ee2d705506d40237adb
p:  310199.27974154457
5d271f1f4e9dc70b67237d2d
p:  357051.99045459484
5d271f6889107e1cf0237ad5
p:  3577531.8201773856
5d271f97d705506d40237add
p:  434595.1078513175
5d271f9d77ec87e1e2237be6
p:  512316.68832009705
5d271fbed9ec98e71c237b44
p:  242409.54628388182
5d271fded9ec98e71c237b45
p:  238301.53016390715
5d27200189107e1cf0237ada
p:  334538.52275053225
5d272079d9ec98e71c237b47
p:  317281.03518807865
5d2720e9d9ec98e71c237b48
p:  321103.01881782094
5d272110d9ec98e71c237b49
p:  321103.01881782094
5d2721a6d705506d40237ae4
p:  354668.80476861226
5d2721cf77ec87e1e2237bea
p:  509640.6879486146
5d2722380ed6935c71237c2e
p:  439983.55318787694
5d2722404e9dc70b67237d32
p:  654102.3706198684
5d2722523021dd895f237c09
p:  520228.95282654895
5d2722b94e9dc70b67237d34
p:  285728.54930812074
5d2722e879535a1932237b4b
p:  312213.2526242379
5d2722ea77ec87e1e2237beb
p:  466715.565868932
5d27231577ec87e1e2237bec
p:  436607.70731689024
5d27232f89107e1cf0237ae1
p:  338418.050534271
5d27233ed705506d40237ae7
p:  376439.42342936987
5d272375d9ec98e71c237b4b
p:  441203.72832149616
5d27239d77ec87e1e2237bed
p:  198626.3198375666
5d2723d5d705506d40237ae8
p:  361467.2155712569
5d2723d6d9ec98e71c237b4d
p:  245319.59520693668
5d2723e54e9dc70b67237d37
p:  404299.2258360742
5d2724234e9dc70b67237d39
p:  226096.6040165507
5d272438d9ec98e71c237b4f
p:  341957.8947510632
5d2724c6d9ec98e71c237b51
p:  279548.27143530914
5d2724f64e9dc70b67237d3a
p:  266389.7021417114
5d27251a4e9dc70b67237d3b
p:  231541.0282986879
5d2725d8d705506d40237af0
p:  361467.2155712569
5d27265677ec87e1e2237bf1
p:  220540.56743173336
5d27265f4e9dc70b67237d3e
p:  1209069.2206896106
5d272667d705506d40237af2
p:  409259.16576954984
5d27266c77ec87e1e2237bf2
p:  437246.03311452747
5d27268377ec87e1e2237bf3
p:  475614.0668989492
5d27269679535a1932237b58
p:  260305.46971066602
5d2726a377ec87e1e2237bf4
p:  561036.2256896314
5d2726b179535a1932237b59
p:  335824.5772956274
5d2726c3d9ec98e71c237b54
p:  388917.9053004716
5d2726fc3021dd895f237c18
p:  592829.3484159638
5d272731d705506d40237af7
p:  393169.667239809
5d2727e0d705506d40237af9
p:  432170.6041701512
5d2727fcd9ec98e71c237b58
p:  374509.8796074017
5d27280d3021dd895f237c1c
p:  1077495.4914224816
5d2728dfd9ec98e71c237b5a
p:  413615.06296592846
5d2729383021dd895f237c22
p:  837194.3007547617
5d272989d9ec98e71c237b5d
p:  352320.9522680682
5d2729b679535a1932237b63
p:  312223.97542293905
5d2729d3d9ec98e71c237b62
p:  415421.19091555465
5d2729f279535a1932237b64
p:  438457.6935449569
5d2729f7d9ec98e71c237b63
p:  217180.69486002706
5d272a036bd90bca6a237b3d
p:  498997.97639822325
5d272a3377ec87e1e2237bfa
p:  783918.4888999324
5d272a384e9dc70b67237d48
p:  345095.04985774297
5d272a6277ec87e1e2237bfb
p:  423803.7581654256
5d272a694e9dc70b67237d4a
p:  1490060.3783690166
5d272a7b79535a1932237b66
p:  224864.26310215678
5d272a8e6bd90bca6a237b3f
p:  253884.22738378227
5d272af94e9dc70b67237d4b
p:  328602.2156364589
5d272afc79535a1932237b67
p:  224864.26310215678
5d272b4477ec87e1e2237bff
p:  514046.62067998364
5d272b9bd705506d40237afd
p:  371816.4371671432
5d272ba777ec87e1e2237c01
p:  464635.619328776
5d272bc079535a1932237b72
p:  342696.52844237327
5d272be179535a1932237b74
p:  442139.9110687728
5d272bed6bd90bca6a237b43
p:  769752.627242551
5d272bf379535a1932237b75
p:  439165.1836722698
5d272c0f3021dd895f237c30
p:  221519.91254364254
5d272c333021dd895f237c31
p:  491975.53811963135
5d272c59d705506d40237aff
p:  298163.54003368615
5d272c5d6bd90bca6a237b45
p:  341939.56679040985
5d272c8f0ed6935c71237c3f
p:  831071.8789985182
5d272ca2e88ea2cda1237b36
p:  490827.79465822934
5d272d09e88ea2cda1237b37
p:  659070.2992414277
5d272de83021dd895f237c3d
p:  465392.3606118221
5d272e1ae88ea2cda1237b38
p:  536459.7378737468
5d272e3f198c060878237c2b
p:  554313.5944823737
5d272e4dd9ec98e71c237b78
p:  360321.72916239005
5d272e543021dd895f237c40
p:  562593.9746905668
5d272e7ad9ec98e71c237b79
p:  311582.5309076398
5d272eaf6bd90bca6a237b4b
p:  448704.79513960826
5d272eb279535a1932237b7b
p:  439051.69243357115
5d272ebed705506d40237b04
p:  430510.64797461743
5d272ec73021dd895f237c43
p:  1146602.8417762672
5d272ed46bd90bca6a237b4c
p:  261040.973482677
5d272ee5d705506d40237b05
p:  375190.58932360297
5d272ef4d9ec98e71c237b7c
p:  302065.0919859443
5d272f26d9ec98e71c237b7d
p:  649213.1988126045
5d272f394e9dc70b67237d54
p:  276207.6286928599
5d272f3c79535a1932237b7d
p:  395721.1548374136
5d272f726bd90bca6a237b4d
p:  210462.3447085529
5d272f81198c060878237c2c
p:  436520.8229615234
5d272fbed9ec98e71c237b7e
p:  251639.0484882693
5d272fe279535a1932237b7e
p:  378556.92874631844
5d273014d9ec98e71c237b7f
p:  292598.4369627555
5d273036e88ea2cda1237b3e
p:  461932.5980151626
5d27307c86cd9a2b61237b05
p:  463994.69093750964
5d2730b079535a1932237b7f
p:  378327.8306018066
5d2730b3e88ea2cda1237b40
p:  442033.89696283743
5d2730c077ec87e1e2237c07
p:  343661.4507104008
5d2730cb6bd90bca6a237b4f
p:  341939.56679040985
5d2730f777ec87e1e2237c08
p:  926038.7023979945
5d27313ce88ea2cda1237b42
p:  427273.4590900889
5d273169e88ea2cda1237b43
p:  591674.3234950406
5d27318979535a1932237b82
p:  395334.73890558863
5d2731e7d9ec98e71c237b81
p:  317706.7451417167
5d273204d9ec98e71c237b82
p:  394712.8655953943
5d273233d705506d40237b0e
p:  389459.495364809
5d2732353021dd895f237c5b
p:  605167.8259574156
5d2732644e9dc70b67237d5c
p:  257300.5014585984
5d27327de88ea2cda1237b45
p:  427150.56629122805
5d27327f3021dd895f237c5d
p:  632747.0077835451
5d2732a23021dd895f237c5e
p:  607005.5590678786
5d2732b077ec87e1e2237c0b
p:  470097.1538078368
5d2732be86cd9a2b61237b08
p:  447611.8392959645
5d2732c06bd90bca6a237b53
p:  187522.04426741187
5d2732c4d9ec98e71c237b83
p:  292413.6047000678
5d2732e93021dd895f237c60
p:  474664.5162983255
5d2732f0198c060878237c35
p:  431757.03382149327
5d2732f9d9ec98e71c237b84
p:  341957.8947510632
5d27336c4e9dc70b67237d5d
p:  226096.6040165507
5d2733783021dd895f237c64
p:  605736.8224233619
5d2733c03021dd895f237c66
p:  707316.1997627195
5d2733ef6bd90bca6a237b56
p:  598776.3838801659
5d2734246bd90bca6a237b58
p:  524726.6101723
5d27342cd705506d40237b17
p:  399280.4944411862
5d27346fe88ea2cda1237b4a
p:  336638.2413260462
5d2734981015615720237c82
p:  321407.7190327457
5d2734ae0ed6935c71237c4f
p:  996466.3138077023
5d2734bc3021dd895f237c6d
p:  221519.91254364254
5d2735076bd90bca6a237b5d
p:  202652.93097404786
5d273514d9ec98e71c237b89
p:  419189.6492091328
5d2735a186cd9a2b61237b0f
p:  317885.55889541376
5d2735a56bd90bca6a237b5f
p:  249171.6434265023
5d273657d9ec98e71c237b8e
p:  1513166.6166962422
5d2736ab77ec87e1e2237c13
p:  514166.12582009705
5d2736d26bd90bca6a237b62
p:  225511.65869852848
5d2737323021dd895f237c7f
p:  721653.6716638061
5d27373e77ec87e1e2237c14
p:  527172.5782144491
5d27377f4e9dc70b67237d62
p:  191168.60786860815
5d27379c79535a1932237b8f
p:  335824.5772956274
5d2737ccd705506d40237b22
p:  404880.7159199292
5d27382677ec87e1e2237c16
p:  427438.07493837096
5d27382e3021dd895f237c86
p:  679312.1433383804
5d27383277ec87e1e2237c17
p:  206143.35079688556
5d27385cd705506d40237b23
p:  493867.9814635583
5d27387577ec87e1e2237c18
p:  501103.68057796016
5d2738c1e88ea2cda1237b56
p:  515160.7640257048
5d273930e88ea2cda1237b58
p:  340608.79749160924
5d27395179535a1932237b95
p:  224134.57001210126
5d27396c77ec87e1e2237c1c
p:  206143.35079688556
5d2739c379535a1932237b97
p:  303736.06325175107
5d273a113021dd895f237c93
p:  2284020.794099262
5d273a2277ec87e1e2237c20
p:  1121965.3692320776
5d273aadd705506d40237b29
p:  393745.71434844576
5d273ab1e88ea2cda1237b61
p:  431441.19952301227
5d273af4d705506d40237b2b
p:  416022.37436270015
5d273b16d705506d40237b2c
p:  605820.3837970435
5d273b1d79535a1932237b9c
p:  302534.24716886284
5d273b5277ec87e1e2237c23
p:  554370.661661752
5d273c514e9dc70b67237d78
p:  196606.45660483197
5d273c6677ec87e1e2237c24
p:  234159.86056851968
5d273c956bd90bca6a237b6f
p:  2120218.65709042
5d273d116bd90bca6a237b73
p:  429011.2756608783
5d273d1777ec87e1e2237c25
p:  523551.45613464684
5d273e4986cd9a2b61237b2a
p:  445213.5767030961
5d273e4ee88ea2cda1237b6e
p:  446358.64696283743
5d273e9e0ed6935c71237c6c
p:  651674.7647965342
5d273fa36bd90bca6a237b81
p:  1129686.709433117
5d273fc60ed6935c71237c6e
p:  1796016.5825220046
5d27401886cd9a2b61237b32
p:  447611.8392959645
5d274044d705506d40237b32
p:  385300.8699596457
5d2740d2e88ea2cda1237b75
p:  534898.2543165475
5d2740ff77ec87e1e2237c2c
p:  1099266.7716347813
5d2742706bd90bca6a237b89
p:  1443684.633523935
5d27429c6bd90bca6a237b8c
p:  295734.15054953995
5d2742b4e88ea2cda1237b82
p:  671292.323098965
5d2742ce79535a1932237ba8
p:  416412.8056919091
5d2742da6bd90bca6a237b8d
p:  192506.00191724816
5d27431886cd9a2b61237b39
p:  595769.5672083038
5d27434486cd9a2b61237b3b
p:  291224.82378233643
5d27434d6bd90bca6a237b8e
p:  206014.76116984076
5d27436ae88ea2cda1237b8a
p:  462399.2671913769
5d274387d9ec98e71c237ba9
p:  415421.19091555465
5d27444c86cd9a2b61237b3e
p:  435088.61525052995
5d2744a577ec87e1e2237c39
p:  347862.37871149596
5d2744a686cd9a2b61237b41
p:  641603.0490921192
5d2744b9d9ec98e71c237bb0
p:  308301.44600069534
5d2744f3d9ec98e71c237bb1
p:  308301.44600069534
5d2745bd77ec87e1e2237c3b
p:  204950.57509275695
5d27478d86cd9a2b61237b49
p:  209503.24980213435
5d27483e79535a1932237bb6
p:  302534.24716886284
5d2748ce77ec87e1e2237c46
p:  557481.2101431385
5d2748e4d9ec98e71c237bb7
p:  199210.84247882565
5d2749d0e88ea2cda1237b99
p:  298704.2968189095
5d274b02d705506d40237b53
p:  388675.51364096976
5d274b94d705506d40237b57
p:  488216.31271725724
5d274c00d705506d40237b5a
p:  334824.4034086296
5d274c1086cd9a2b61237b54
p:  474075.1230982633
5d274cfc77ec87e1e2237c4c
p:  520819.262500799
5d274d17d705506d40237b61
p:  309604.33820665645
5d274d2d79535a1932237bc0
p:  423119.7869392044
5d274d3bd705506d40237b62
p:  402651.05762549245
5d274d51e88ea2cda1237ba3
p:  387204.8475856526
5d274e91e88ea2cda1237ba8
p:  443144.7373184339
5d274ed4e88ea2cda1237ba9
p:  462399.2671913769
5d274f06e88ea2cda1237baa
p:  484329.3348977821
5d2750ab77ec87e1e2237c55
p:  235310.00551083492
5d2751ec86cd9a2b61237b67
p:  438915.59316091036
5d2751f6d705506d40237b83
p:  439068.82985881227
5d2751ff86cd9a2b61237b68
p:  536071.6335640872
5d27536c79535a1932237bcd
p:  260305.46971066602
5d2753d186cd9a2b61237b6d
p:  245146.95375467557
5d2753e1e88ea2cda1237bb0
p:  660718.9937971025
5d27559686cd9a2b61237b74
p:  249791.91469217557
5d2755db86cd9a2b61237b76
p:  453121.3711101087
5d27563379535a1932237bd2
p:  352175.73899749684
5d2756bbd705506d40237ba3
p:  466431.86640584044
5d2756ded705506d40237ba4
p:  377099.9011606864
5d275aa7e88ea2cda1237bc0
p:  441427.383384877
5d275b4f86cd9a2b61237b86
p:  467943.7069162165
5d275c3b86cd9a2b61237b88
p:  240331.7672205068
5d27618fe88ea2cda1237bd5
p:  438475.8215960545
5d2761eee88ea2cda1237bd7
p:  424035.53132923966
5d2764f077ec87e1e2237c84
p:  206143.35079688556
5d276702e88ea2cda1237be5
p:  518130.45702714706
5d276718e88ea2cda1237be6
p:  544801.7786526361
5d276a64e88ea2cda1237bed
p:  332581.94266713614
5d276dd686cd9a2b61237bb6
p:  380232.5686909165
5d276f47e88ea2cda1237bfb
p:  538817.5953630668
5d276fb9e88ea2cda1237bfd
p:  481979.41039666685
5d277044e88ea2cda1237c02
p:  464386.78144646203
5d277134e88ea2cda1237c03
p:  449810.07557453436
5d277148e88ea2cda1237c04
p:  364589.9361113458
5d27723be88ea2cda1237c10
p:  491846.4280849566
5d2772c9e88ea2cda1237c11
p:  534085.6191431104
5d278bb3e88ea2cda1237c57
p:  445592.3287910818
5d278d2ee88ea2cda1237c5b
p:  854940.0538970425
5d2cfca9aa1ce31ade80b106
p:  299931.71099695173
5d2e534eb39b58f1d2167d48
p:  1077495.4914224816
5d2f6bf08b6c8df1a080b6a1
p:  194662.23453890675
5d38e5df02947826d9b03c9a
p:  440773.1474097303
For ['Humboldt', 'Elko', 'Lander', 'Eureka', 'White Pine']#################################################################
train score for random_forest: 0.8496835806231614
test score for random_forest: 0.5423881793557168
The mean absolute error is:$ 59540.34185987835
r_Score: 0.5273692750973396
Voting Regressor (in): 0.9861713585250061
Voting Regressor: 0.5273692750973396
5d271b9f86cd9a2b61237add
p:  272088.07832122943
5d274591198c060878237c73
p:  324946.89177822374
5d274613d275a39fe2237be3
p:  142729.31621402787
5d2746e1198c060878237c78
p:  219315.1080045566
5d27472bd275a39fe2237bea
p:  176727.65573297575
5d27498c89107e1cf0237b34
p:  199213.43501844155
5d274ad8d9ec98e71c237bba
p:  124393.01050348488
5d2753cb198c060878237c9a
p:  410244.7902735869
For ['Esmeralda', 'Nye', 'Lincoln', 'Clark']#################################################################
train score for random_forest: 0.9662490142446071
test score for random_forest: 0.743065493635624
The mean absolute error is:$ 79054.08643006471
r_Score: 0.7768404385320857
Voting Regressor (in): 0.9669940565445585
Voting Regressor: 0.7768404385320857
5d080cc07c1d83daee248b50
p:  354521.2810262679
5d0a4818fa7544d5f27ba678
p:  275220.16376320715
5d0b497cf12fac82e26efb1b
p:  225077.79673598477
5d0b5d4ef12fac82e26efb65
p:  301314.8614292918
5d0b5edb19aeb54ebe6efc02
p:  178466.11449655436
5d0b6ad519aeb54ebe6efc25
p:  297294.5827213228
5d0d354343207cb60914ae10
p:  138457.26440886623
5d0d437743207cb60914ae89
p:  154186.83414402002
5d0e761945ebd0b4c32fcee4
p:  438380.4222740523
5d12a93ab7ae3de20d8d6eb0
p:  196427.73852094723
5d12c45db7ae3de20d8d6f63
p:  579202.9267048407
5d12c46ab7ae3de20d8d6f64
p:  138600.90151981093
5d12c47ab7ae3de20d8d6f65
p:  195950.8995077855
5d12c488b7ae3de20d8d6f66
p:  302560.1854004353
5d12c644b7ae3de20d8d6f79
p:  278631.3706658147
5d12c674b7ae3de20d8d6f7a
p:  352057.13687864423
5d12c67cb7ae3de20d8d6f7b
p:  352057.13687864423
5d12c7f1b7ae3de20d8d6f7c
p:  292884.63774927135
5d12c7fcb7ae3de20d8d6f7d
p:  261195.69867311302
5d12c86eb7ae3de20d8d6f7e
p:  262062.2075630847
5d12c89fb7ae3de20d8d6f7f
p:  291155.4042715643
5d12cc08b7ae3de20d8d6f87
p:  224131.5576088315
5d12cc0eb7ae3de20d8d6f88
p:  162644.26482509304
5d1c5e1e0a1cbc8e6fefbce6
p:  272460.3641332482
5d236f19330864677eaa902d
p:  400971.66889550164
5d236f234130a45f31aa902b
p:  325979.93741907715
5d236f32381ba5332faa902c
p:  290261.5959590775
5d236f6f8adadc3f54aa902d
p:  297785.4628641096
5d236f7ee1166b2063aa902e
p:  238410.51885915225
5d236f88e31db54670aa902c
p:  369912.2338473817
5d236f9be1166b2063aa9032
p:  326104.7179116105
5d236fc44130a45f31aa902d
p:  386904.3605606532
5d236fe431e65f676aaa902d
p:  253994.64178379014
5d238119e1166b2063aa9036
p:  333092.1500463418
5d23812f4130a45f31aa902f
p:  251631.56815748272
5d23817c381ba5332faa9031
p:  185336.7903605585
5d23817e8b78636d0daa9030
p:  282031.439220096
5d2381a3381ba5332faa9032
p:  556375.739057099
5d2381b66fe0f85862aa902d
p:  265351.55141704343
5d2381c86fe0f85862aa902e
p:  369346.5243996887
5d2381c98b78636d0daa9033
p:  341511.07207082957
5d2381d58b78636d0daa9034
p:  273237.18547735555
5d2381f18adadc3f54aa9030
p:  271701.46972118283
5d2381f78b78636d0daa9036
p:  246237.8964396242
5d23820c6fe0f85862aa9032
p:  247105.71348093936
5d23826f330864677eaa9033
p:  335164.95246726065
5d2382c8e31db54670aa9034
p:  260990.32115898145
5d2382ca6fe0f85862aa9036
p:  283404.7416299778
5d2382cb330864677eaa9035
p:  597543.4240942481
5d2382ea5010320f24aa9044
p:  411455.1489573393
5d2382ff4130a45f31aa9031
p:  192730.84241073503
5d238316330864677eaa9037
p:  297942.6260428496
5d2383405010320f24aa904c
p:  343723.2503419357
5d23834d330864677eaa903c
p:  580447.4237356562
5d23836e9f1831e980aa9032
p:  383661.32680808124
5d2383735010320f24aa904f
p:  477612.73990378866
5d238377330864677eaa903e
p:  329413.8765228208
5d23838b5010320f24aa9050
p:  248006.8166951818
5d2383bd381ba5332faa9034
p:  386205.48046866135
5d2383c1330864677eaa9041
p:  352256.71005189215
5d238406330864677eaa9045
p:  317237.45254717744
5d238468e1166b2063aa9039
p:  357051.13116998994
5d238490e1166b2063aa903a
p:  305964.08390713733
5d2384cb6fe0f85862aa903a
p:  278912.43853952014
5d23851a6fe0f85862aa903b
p:  158965.5845462317
5d238573e31db54670aa9036
p:  358923.22493969917
5d2385789f1831e980aa9035
p:  265473.9450667754
5d238586330864677eaa9048
p:  559907.9222954166
5d23858de1166b2063aa903e
p:  264332.58452585107
5d238599e31db54670aa9037
p:  277991.94354328956
5d2385a78adadc3f54aa903b
p:  189415.798872892
5d2385e9629cbb6c3caa9044
p:  1623452.910933338
5d2386105010320f24aa905c
p:  476726.8134441923
5d238611e1166b2063aa903f
p:  349006.6466441117
5d2386ab8b78636d0daa903f
p:  355987.5337535432
5d2386d28adadc3f54aa903f
p:  144919.373089539
5d238713965de271ddaa9054
p:  254933.02411654973
5d2387286fe0f85862aa903f
p:  251953.88596595434
5d2387729f1831e980aa903d
p:  392337.8304828466
5d2387938b78636d0daa9045
p:  192983.12839678116
5d2387cf5010320f24aa9060
p:  343485.38288272155
5d2387fb6fe0f85862aa9042
p:  360779.9924256337
5d238820e1166b2063aa9043
p:  265091.98136365076
5d2388568adadc3f54aa9045
p:  134305.2390610224
5d23885a31e65f676aaa903a
p:  196356.54379124002
5d23885b6fe0f85862aa9044
p:  281844.5034760053
5d23887d8adadc3f54aa9046
p:  206441.53381592914
5d23888a31e65f676aaa903c
p:  227669.20593535353
5d2388c2e1166b2063aa9045
p:  279590.99937688245
5d2388c3629cbb6c3caa9050
p:  159115.50024924125
5d2389226fe0f85862aa9045
p:  156529.3943154011
5d238948330864677eaa904b
p:  229289.17844806347
5d23895f330864677eaa904c
p:  337543.7398988671
5d23897331e65f676aaa903e
p:  152847.44764465827
5d23897e629cbb6c3caa9053
p:  626605.4672205745
5d2389a68b78636d0daa9054
p:  238220.51881391785
5d2389b231e65f676aaa9040
p:  337429.0510386573
5d2389cb8b78636d0daa9056
p:  330789.0637098001
5d2389d331e65f676aaa9041
p:  172001.78034411377
5d2389db629cbb6c3caa9056
p:  1190806.6371701206
5d2389dc6fe0f85862aa904a
p:  292636.1208339967
5d238a1ce31db54670aa903b
p:  310302.39737576945
5d238a214130a45f31aa903b
p:  192730.84241073503
5d238a256fe0f85862aa904b
p:  236098.3894808081
5d238a28381ba5332faa9044
p:  268094.824663955
5d238a514130a45f31aa903c
p:  413938.44976559153
5d238ab28b78636d0daa905c
p:  297628.0591241857
5d238ab54f8d3587a1aa9042
p:  424544.7273698747
5d238ac99f1831e980aa9047
p:  346163.6604502858
5d238aef4f8d3587a1aa9043
p:  519186.9990930843
5d238aef31e65f676aaa9045
p:  219477.6638248429
5d238b15381ba5332faa9047
p:  262058.2621395789
5d238b3e8b78636d0daa905f
p:  276680.298912182
5d238b775010320f24aa9063
p:  331157.3599044745
5d238b9a8adadc3f54aa9051
p:  159340.93350997183
5d238bb3e31db54670aa9042
p:  369912.2338473817
5d238be05010320f24aa9064
p:  346236.8394309348
5d238be2e1166b2063aa904a
p:  268916.53047413914
5d238beb8b78636d0daa9066
p:  236188.95265906677
5d238bf74130a45f31aa9041
p:  241348.7875534356
5d238c20e31db54670aa9045
p:  298970.6224586821
5d238c4de1166b2063aa904b
p:  299156.38361875294
5d238c56e1166b2063aa904c
p:  245287.4869896802
5d238c6f5010320f24aa9065
p:  363834.99914752116
5d238ca0330864677eaa9051
p:  271343.2107879486
5d238cdf31e65f676aaa904b
p:  167573.75863544125
5d238cef4130a45f31aa9045
p:  133458.30551001226
5d238cfb6fe0f85862aa9054
p:  204781.6282561287
5d238d5b8b78636d0daa9072
p:  236188.95265906677
5d238d6de1166b2063aa904d
p:  269734.6360897684
5d238d90e1166b2063aa904e
p:  267300.0821481026
5d238daa8b78636d0daa9077
p:  274614.3141326932
5d238e5ad705506d4023785a
p:  228088.04161728482
5d238ef93021dd895f23785b
p:  328394.43274484156
5d238f206bd90bca6a23785c
p:  327880.2057619436
5d238f3b79535a193223785a
p:  579842.3494499698
5d238f4ed705506d4023785c
p:  404322.26415807847
5d238f6f6bd90bca6a23785e
p:  258581.72865076788
5d238f8686cd9a2b6123785c
p:  414267.4494601482
5d239063d9ec98e71c23785f
p:  381898.9520760267
5d2390a479535a193223785d
p:  239792.78156123025
5d239125d9ec98e71c237862
p:  208331.41658319684
5d23914c89107e1cf023785d
p:  251720.12856659613
5d23916bd705506d40237860
p:  277754.4230109607
5d23919ee88ea2cda1237862
p:  309112.6126693743
5d2391a889107e1cf023785e
p:  333335.3314886384
5d2391add275a39fe223785c
p:  249131.8705085304
5d2391c4d705506d40237861
p:  235718.6664475124
5d2392236bd90bca6a237862
p:  443294.4055987082
5d23930d89107e1cf023785f
p:  261322.38307946804
5d2393a479535a1932237865
p:  247513.1395219222
5d2393ac3021dd895f237863
p:  352729.5366480005
5d2393b6d9ec98e71c23786a
p:  255735.56290973182
5d2393c53021dd895f237864
p:  346163.38314182777
5d2393c6e88ea2cda123786d
p:  394038.23203542293
5d2393e6d9ec98e71c23786b
p:  309299.5062786355
5d239467198c060878237868
p:  382725.77585153165
5d239489198c06087823786d
p:  245728.7535991316
5d2394a389107e1cf0237863
p:  214760.6833494454
5d2395083021dd895f237866
p:  460890.3468700503
5d239542d275a39fe2237860
p:  247762.50772488478
5d239572d275a39fe2237863
p:  254790.92434611556
5d23957d77ec87e1e2237866
p:  514900.2952779961
5d2395b7e88ea2cda1237870
p:  224736.46727794388
5d2395edd275a39fe2237865
p:  287445.79854004004
5d23960c198c060878237877
p:  313575.0892282331
5d239634e88ea2cda1237872
p:  276039.4679198548
5d23963f89107e1cf0237867
p:  249164.88326717756
5d2396531015615720237867
p:  170654.59103716392
5d23965cd705506d4023786a
p:  320869.6053455031
5d23969e198c060878237878
p:  314709.85075686424
5d2396e13021dd895f23786a
p:  511365.91119863576
5d2396f8d275a39fe2237867
p:  274808.9142678961
5d23970a89107e1cf023786e
p:  256348.85916198682
5d23970d198c06087823787a
p:  291976.3145897884
5d239722d9ec98e71c23786d
p:  271933.9729576989
5d23973e3021dd895f23786b
p:  355263.7529812947
5d2397611015615720237869
p:  211810.38104698202
5d23976a3021dd895f23786c
p:  280459.87630565814
5d2397980ed6935c71237869
p:  325225.6193938108
5d239799d275a39fe223786a
p:  248745.02976626184
5d2397bad9ec98e71c237871
p:  362810.3307519928
5d2397bb3021dd895f23786d
p:  529235.6405758816
5d2397e3d705506d4023786d
p:  322675.910630848
5d2397e3d9ec98e71c237875
p:  271768.156019725
5d239807d9ec98e71c237876
p:  339089.6050674906
5d2398106bd90bca6a23786b
p:  241069.560498504
5d2398500ed6935c7123786f
p:  412942.36006067577
5d239883d9ec98e71c23787c
p:  366122.94550530554
5d23988d198c06087823787b
p:  312579.79008273163
5d2398980ed6935c71237871
p:  353830.057407488
5d239898d9ec98e71c23787e
p:  301331.5028278179
5d2398aa89107e1cf0237871
p:  284326.01607530646
5d2398aed9ec98e71c237880
p:  286984.27624781255
5d2398b279535a193223786e
p:  202952.22697907366
5d2398b2e88ea2cda1237875
p:  512446.1915965281
5d2398cdd9ec98e71c237883
p:  283655.71374781255
5d2398fbd9ec98e71c237886
p:  272900.8284202162
5d23991e4e9dc70b67237875
p:  293904.9012072376
5d23993ad9ec98e71c237889
p:  359153.1673256808
5d239943d9ec98e71c23788a
p:  436105.8284529648
5d23994ad9ec98e71c23788b
p:  387057.1185051893
5d239969d9ec98e71c23788e
p:  342526.19348309794
5d23999fd9ec98e71c237890
p:  200577.5434620233
5d2399a53021dd895f237872
p:  427881.5789041519
5d2399b8d9ec98e71c237892
p:  255735.56290973182
5d2399ded9ec98e71c237893
p:  403078.5463043923
5d2399e6d9ec98e71c237894
p:  340680.06428224547
5d2399ed89107e1cf0237872
p:  216566.65768680404
5d2399f5a7a64f8ad723786c
p:  428939.4712381449
5d239a08d9ec98e71c237897
p:  244250.19092832648
5d239a3ed9ec98e71c23789a
p:  486787.5670582183
5d239a833021dd895f237873
p:  443658.50455452595
5d239aa96bd90bca6a23786e
p:  435186.4304255203
5d239abdd9ec98e71c23789e
p:  393784.94853292813
5d261636d9ec98e71c2378a1
p:  311744.73540554504
5d261637101561572023786f
p:  327242.848196031
5d261683198c060878237881
p:  455466.4274979024
5d2616850ed6935c71237876
p:  476726.8134441923
5d2616b4d9ec98e71c2378a3
p:  349885.00676112715
5d2616bd198c060878237882
p:  327595.5695396074
5d2616d7a7a64f8ad723786f
p:  335887.8648980652
5d2616db79535a1932237876
p:  254987.21238182025
5d2616f0d9ec98e71c2378a4
p:  337526.8549016267
5d2616fed705506d4023787a
p:  245773.2195955275
5d261719a7a64f8ad7237870
p:  352324.29481360374
5d261751a7a64f8ad7237872
p:  377909.7735594584
5d26175bd705506d4023787b
p:  335792.5979826739
5d261762d275a39fe2237878
p:  297066.40602373163
5d2617730ed6935c7123787a
p:  877326.416179931
5d2617ac89107e1cf0237877
p:  371923.8250522142
5d26181ca7a64f8ad7237875
p:  390669.5827463722
5d26181ed705506d4023787d
p:  294662.3945593637
5d2618273021dd895f23787a
p:  236995.9389189849
5d2618586bd90bca6a237872
p:  223678.01591042685
5d261888a7a64f8ad7237878
p:  362315.7491505314
5d261893d9ec98e71c2378a9
p:  309299.5062786355
5d2618b7a7a64f8ad723787a
p:  305698.74775109533
5d2618cda7a64f8ad723787b
p:  404371.8625935278
5d2618d00ed6935c7123787c
p:  269705.1622995017
5d2618fdd275a39fe223787a
p:  257173.3551221353
5d26194d79535a193223787b
p:  604836.205968107
5d26199c0ed6935c7123787e
p:  480744.068668344
5d2619b1d705506d40237881
p:  268891.1709331239
5d2619b76bd90bca6a237875
p:  268358.13824701787
5d2619c3d275a39fe223787d
p:  348405.9491583671
5d2619d54e9dc70b6723787f
p:  263186.563880395
5d2619e3d275a39fe223787e
p:  282704.53291504004
5d2619efa7a64f8ad723787d
p:  354796.2178812915
5d2619f60ed6935c7123787f
p:  429957.9468000819
5d261a14198c060878237888
p:  332785.6756838943
5d261a20d275a39fe2237880
p:  241923.44288849406
5d261a87d275a39fe2237883
p:  295972.1672568867
5d261ab7d275a39fe2237885
p:  271515.65949907876
5d261b470ed6935c71237883
p:  846301.4824390407
5d261b830ed6935c71237884
p:  669958.9602458954
5d261b8ed705506d40237886
p:  242473.9018533388
5d261bb5d705506d40237887
p:  267867.9091248683
5d261c1ed9ec98e71c2378b2
p:  547686.7044967324
5d261c4c4e9dc70b67237886
p:  150477.55332771866
5d261c724e9dc70b67237887
p:  265829.601143837
5d261c7ed275a39fe2237889
p:  252923.37784055996
5d261ca4a7a64f8ad7237880
p:  373696.6139270216
5d261cb94e9dc70b67237888
p:  254389.71122186643
5d261cbdd275a39fe223788a
p:  265091.98136365076
5d261ccfa7a64f8ad7237883
p:  435451.828643002
5d261cdfd705506d4023788b
p:  306857.6515598052
5d261ce9d9ec98e71c2378b4
p:  272150.8789802501
5d261d7f0ed6935c7123788c
p:  353830.057407488
5d261dea4e9dc70b6723788a
p:  238663.24512639706
5d261e62d705506d4023788e
p:  309544.33690425404
5d261e86d705506d4023788f
p:  316986.4495383111
5d261e953021dd895f237887
p:  383929.45465778233
5d261ea9d705506d40237890
p:  298886.26470507216
5d261f384e9dc70b6723788b
p:  437577.05713069986
5d261fc34e9dc70b6723788e
p:  440834.3966037016
5d261fc5d9ec98e71c2378bc
p:  434624.68674904003
5d261fcbd705506d40237892
p:  310101.92040662386
5d261fd36bd90bca6a237887
p:  183469.42493272672
5d262061a7a64f8ad723788e
p:  153092.3868621036
5d262084a7a64f8ad7237891
p:  242613.1122644723
5d262090a7a64f8ad7237892
p:  369030.87676694244
5d26209da7a64f8ad7237893
p:  273409.2716948192
5d2620c1a7a64f8ad7237894
p:  155924.10498561955
5d2620d3a7a64f8ad7237895
p:  152344.80447170994
5d2620d4d9ec98e71c2378be
p:  253207.16148792417
5d2620db77ec87e1e2237892
p:  291957.23835885106
5d262143d275a39fe2237891
p:  242246.1696017309
5d26217377ec87e1e2237895
p:  207666.96076649454
5d262174d9ec98e71c2378c0
p:  281473.89790376707
5d2621a6d9ec98e71c2378c1
p:  433911.1581716275
5d2621c477ec87e1e2237897
p:  206867.14719085261
5d2621efd9ec98e71c2378c2
p:  486761.03858503816
5d2622383021dd895f23788d
p:  313594.3136179616
5d262255d705506d40237896
p:  252246.39657454408
5d26226d77ec87e1e2237898
p:  240350.20066493147
5d2622af3021dd895f23788f
p:  454929.05868253915
5d2622e84e9dc70b67237894
p:  345040.0355392347
5d2622f6d275a39fe2237898
p:  268873.6805837627
5d2623233021dd895f237890
p:  196198.01058652138
5d2623543021dd895f237891
p:  456188.8960332934
5d26237ed275a39fe2237899
p:  303541.71677105816
5d2623a76bd90bca6a237890
p:  329396.36045704386
5d2623c5d275a39fe223789a
p:  283037.3565017545
5d2623dfa7a64f8ad723789c
p:  290130.9550511666
5d2623e14e9dc70b67237897
p:  397864.4368614319
5d26240cd705506d40237897
p:  291065.06137415336
5d262420a7a64f8ad723789e
p:  647067.750682875
5d2624a8198c0608782378a0
p:  355414.83215354563
5d262550d705506d40237899
p:  276976.81542825815
5d26258c4e9dc70b6723789d
p:  297382.73323596176
5d2625b34e9dc70b6723789e
p:  233406.4041531416
5d2625c1d9ec98e71c2378ca
p:  268852.3518155713
5d26265f79535a193223789c
p:  207225.1968273469
5d26267b4e9dc70b672378a3
p:  743182.2320526949
5d262684e88ea2cda12378a3
p:  228679.19346537994
5d2626cbd705506d4023789a
p:  352458.29387667787
5d2627246bd90bca6a237897
p:  335317.49111157097
5d2627250ed6935c712378a9
p:  330596.48334455
5d26272b79535a193223789f
p:  372304.1465267204
5d26272dd705506d4023789c
p:  275073.0112618678
5d26273a3021dd895f237895
p:  413194.48359114607
5d26277279535a19322378a1
p:  169681.36787278944
5d2627aaa7a64f8ad72378a9
p:  133204.556471355
5d2627dc198c0608782378ab
p:  257418.24047322548
5d2627e24e9dc70b672378b0
p:  305390.9013462737
5d26282777ec87e1e22378a0
p:  201612.46100799757
5d26282e79535a19322378a4
p:  242663.54000298493
5d262837d275a39fe223789e
p:  308090.5722033023
5d2628703021dd895f237898
p:  431629.55060786626
5d2628add705506d402378a0
p:  286889.9250835065
5d2628b7e88ea2cda12378a8
p:  374231.08482698386
5d2628d6d705506d402378a1
p:  276470.29531065654
5d2628ecd275a39fe22378a0
p:  366316.40552663855
5d2628f84e9dc70b672378bb
p:  238663.24512639706
5d262933e88ea2cda12378a9
p:  217465.32024086546
5d262947a7a64f8ad72378ad
p:  353945.30878555746
5d26296b3021dd895f23789a
p:  462770.8990170732
5d26297ae88ea2cda12378ab
p:  148764.77120590373
5d2629854e9dc70b672378c0
p:  388936.022737209
5d262994d275a39fe22378a2
p:  271997.4954647684
5d262a09a7a64f8ad72378ae
p:  230138.55057598744
5d262a290ed6935c712378b0
p:  478654.3559278506
5d262a40d9ec98e71c2378d5
p:  255735.56290973182
5d262a463021dd895f23789b
p:  409585.1443294487
5d262a7d3021dd895f23789c
p:  433646.25544707914
5d262a9577ec87e1e22378ab
p:  157082.16388382105
5d262a9f3021dd895f23789d
p:  1094176.9061131417
5d262ac379535a19322378a7
p:  151579.51033648016
5d262af2d705506d402378a4
p:  375524.73543878674
5d262b2279535a19322378ad
p:  310982.3522879379
5d262b224e9dc70b672378cd
p:  346428.1504194492
5d262b300ed6935c712378b3
p:  390350.5356831583
5d262b3d77ec87e1e22378ae
p:  442864.0242856201
5d262bc6e88ea2cda12378ad
p:  137913.1380518593
5d262bc979535a19322378af
p:  191048.1923324974
5d262bdfd705506d402378a7
p:  363179.3952159842
5d262be886cd9a2b61237897
p:  389105.39477386046
5d262c6777ec87e1e22378b3
p:  143609.7394105808
5d262ca94e9dc70b672378d5
p:  325195.2416918565
5d262cc079535a19322378b3
p:  388023.4110522681
5d262ceee88ea2cda12378b0
p:  173706.710624006
5d262d2377ec87e1e22378b6
p:  220566.7085956999
5d262d55e88ea2cda12378b2
p:  198098.37527453247
5d262d5ed275a39fe22378a7
p:  244734.54192954168
5d262d6d3021dd895f2378a1
p:  272115.57344328973
5d262d70e88ea2cda12378b3
p:  171943.1328561728
5d262d7ed275a39fe22378a8
p:  328787.8891456605
5d262d9ad275a39fe22378a9
p:  235972.73322660296
5d262dadd275a39fe22378aa
p:  316733.4021432838
5d262e17d275a39fe22378ae
p:  269229.9598299587
5d262e2ce88ea2cda12378b4
p:  173706.710624006
5d262e80d705506d402378ae
p:  311486.04264532664
5d262e85d275a39fe22378af
p:  432568.7275261226
5d262e9cd275a39fe22378b0
p:  268999.97167724755
5d262eb279535a19322378bb
p:  178150.46043541533
5d262eb34e9dc70b672378e2
p:  319388.2260668565
5d262ebad275a39fe22378b2
p:  271515.65949907876
5d262ed94e9dc70b672378e3
p:  263677.3023673871
5d262ee0d275a39fe22378b3
p:  241873.85057220797
5d262ef877ec87e1e22378be
p:  756256.891239289
5d262f074e9dc70b672378e5
p:  219272.37000093234
5d262f10d705506d402378b0
p:  301091.761475616
5d262f27d275a39fe22378b4
p:  293894.5670718149
5d262f353021dd895f2378a3
p:  325338.5328723243
5d262f3ad705506d402378b1
p:  265332.34294931876
5d262f6c86cd9a2b6123789d
p:  191536.26108594373
5d262fa177ec87e1e22378c1
p:  182274.54526118276
5d262fb3e88ea2cda12378b9
p:  365528.6852832996
5d262ff73021dd895f2378a4
p:  335610.5525604433
5d26300f77ec87e1e22378c3
p:  351789.58927361155
5d263017e88ea2cda12378ba
p:  198098.37527453247
5d26301c3021dd895f2378a6
p:  442131.5461101555
5d26304677ec87e1e22378c4
p:  206480.62360250228
5d26304cd705506d402378b5
p:  374043.40599794826
5d263054e88ea2cda12378bb
p:  180648.06412133772
5d26305a79535a19322378c0
p:  229397.7868752599
5d26307c77ec87e1e22378c5
p:  361483.66548182705
5d26308f86cd9a2b6123789e
p:  282211.5604365096
5d2630abd9ec98e71c2378e2
p:  173387.9735546966
5d2630b277ec87e1e22378c6
p:  267220.81733864686
5d26311c6bd90bca6a2378b3
p:  162527.53109608457
5d263122e88ea2cda12378bd
p:  368407.11393038847
5d26316ae88ea2cda12378be
p:  202089.2062833347
5d26319de88ea2cda12378bf
p:  128335.56416132474
5d2631bed9ec98e71c2378e3
p:  374933.62879956054
5d2631c877ec87e1e22378cb
p:  186594.69452948225
5d26326f3021dd895f2378aa
p:  383929.45465778233
5d263278e88ea2cda12378c2
p:  279151.14868472645
5d2632d16bd90bca6a2378b6
p:  412038.84545368387
5d2632e477ec87e1e22378d0
p:  160716.57054974296
5d26331b86cd9a2b612378a4
p:  282211.5604365096
5d2633500ed6935c712378c5
p:  695990.4040195306
5d2633a277ec87e1e22378d2
p:  350858.3848024531
5d2633d2d275a39fe22378b8
p:  331768.7396764984
5d2633efd705506d402378b7
p:  288651.7809682642
5d2634add705506d402378ba
p:  267867.9091248683
5d2634df4e9dc70b6723791a
p:  286891.5801640359
5d26352b77ec87e1e22378d9
p:  295650.5445773464
5d26352c89107e1cf02378c4
p:  276954.7366817551
5d26353e89107e1cf02378c5
p:  249198.22545798583
5d2635404e9dc70b6723791e
p:  238663.24512639706
5d2635483021dd895f2378b1
p:  510756.8843805686
5d263554e88ea2cda12378ca
p:  170864.84026365468
5d2635674e9dc70b67237920
p:  372908.2662682848
5d26357da7a64f8ad72378c6
p:  171514.03501373425
5d263591d275a39fe22378bc
p:  283339.84043856943
5d26359289107e1cf02378c7
p:  242271.76763183955
5d2635a279535a19322378ce
p:  151133.75921632978
5d26360b86cd9a2b612378ad
p:  218384.50078355928
5d26362b86cd9a2b612378ae
p:  218384.50078355928
5d263632e88ea2cda12378cc
p:  355389.77849029534
5d26364cd275a39fe22378be
p:  287554.61190341116
5d2636b54e9dc70b67237929
p:  341375.9371011305
5d2636b777ec87e1e22378e0
p:  171341.5189581816
5d2636cd89107e1cf02378c9
p:  208705.21584540824
5d2636db89107e1cf02378ca
p:  194675.82626517297
5d263714d9ec98e71c2378ef
p:  490190.97395586624
5d263746198c0608782378d0
p:  218994.19392927695
5d2637493021dd895f2378b7
p:  407223.77291804715
5d263750d9ec98e71c2378f0
p:  174691.33801599807
5d26376579535a19322378d4
p:  133289.8202344461
5d2637826bd90bca6a2378cf
p:  296453.7771174817
5d26378386cd9a2b612378b4
p:  230595.73788152402
5d2637bfd275a39fe22378c3
p:  246331.4464152675
5d2637fb198c0608782378d2
p:  227857.2188786963
5d263850d275a39fe22378c5
p:  296703.1264142416
5d2638a83021dd895f2378bb
p:  414205.0824188846
5d2638bbe88ea2cda12378d3
p:  173706.710624006
5d2638e5d275a39fe22378c6
p:  353876.8150222177
5d263915d275a39fe22378c7
p:  247850.42976788594
5d263925a7a64f8ad72378d0
p:  766013.7149070051
5d26394fd275a39fe22378c8
p:  247281.32847134658
5d26395f77ec87e1e22378ec
p:  568110.3693264476
5d2639d0d9ec98e71c2378f6
p:  475680.1791021911
5d2639e777ec87e1e22378ee
p:  811670.9147903204
5d263a200ed6935c712378da
p:  344267.5289280206
5d263a3589107e1cf02378d1
p:  274079.2489248346
5d263a5c198c0608782378d7
p:  170599.15421260046
5d263a7d86cd9a2b612378bd
p:  220457.19942772912
5d263adc89107e1cf02378d3
p:  236118.05884239578
5d263aefd275a39fe22378cb
p:  253877.821993895
5d263af3d705506d402378c0
p:  276470.29531065654
5d263b14d275a39fe22378cc
p:  253314.36051408484
5d263b1cd705506d402378c4
p:  291065.06137415336
5d263b2cd705506d402378c6
p:  570931.6578082155
5d263b2fe88ea2cda12378d8
p:  170253.58871627657
5d263b81d275a39fe22378cf
p:  241923.44288849406
5d263ba5d275a39fe22378d0
p:  252000.27189520717
5d263bb03021dd895f2378bf
p:  643061.2331375505
5d263bbb198c0608782378da
p:  291234.9756449705
5d263bdbd275a39fe22378d1
p:  309225.27203712356
5d263bf63021dd895f2378c0
p:  456136.4354956476
5d263c13d275a39fe22378d2
p:  303575.98881758045
5d263c18e88ea2cda12378d9
p:  168284.3184088639
5d263c4cd275a39fe22378d3
p:  285878.30970330816
5d263c57d705506d402378d5
p:  280039.23499798425
5d263c83d705506d402378da
p:  275073.0112618678
5d263c8cd705506d402378db
p:  333985.53950664063
5d263c98e88ea2cda12378da
p:  132096.93380462192
5d263cbcd275a39fe22378d5
p:  286498.4869895157
5d263cc710156157202378ba
p:  209569.44838356873
5d263cda77ec87e1e22378fa
p:  137226.57347433857
5d263cf2d275a39fe22378d6
p:  312902.9194630089
5d263cf24e9dc70b6723795e
p:  419810.676936128
5d263cf3d9ec98e71c2378fc
p:  423024.2103595432
5d263cfbd705506d402378dd
p:  291065.06137415336
5d263d056bd90bca6a2378dd
p:  216668.28290513746
5d263d164e9dc70b6723795f
p:  327209.79738113855
5d263d29d275a39fe22378d7
p:  233024.2477780542
5d263d57d9ec98e71c2378ff
p:  260480.1836542708
5d263d64198c0608782378de
p:  197681.28650434947
5d263d874e9dc70b67237962
p:  534101.1037886711
5d263d98d275a39fe22378d9
p:  260389.2139612103
5d263dac4e9dc70b67237964
p:  244827.3913858355
5d263db83021dd895f2378c5
p:  459887.7905109251
5d263dbf4e9dc70b67237965
p:  338494.1082041166
5d263dce4e9dc70b67237966
p:  303774.38759795006
5d263dec89107e1cf02378da
p:  238901.56867715344
5d263df477ec87e1e22378ff
p:  234950.15153568337
5d263e023021dd895f2378c7
p:  682139.7092487351
5d263e02a7a64f8ad72378dc
p:  1821398.8460696428
5d263e144e9dc70b67237969
p:  390360.525722574
5d263e1b4e9dc70b6723796a
p:  308075.70201902825
5d263e394e9dc70b6723796b
p:  215823.61677679
5d263e42d275a39fe22378dc
p:  366217.7811410012
5d263e66d705506d402378e1
p:  308042.4676683301
5d263e874e9dc70b67237970
p:  300484.73589665926
5d263e8a6bd90bca6a2378e1
p:  206572.8975498429
5d263e8bd9ec98e71c237906
p:  623114.8580646652
5d263e8f10156157202378c0
p:  745413.1338171205
5d263ea26bd90bca6a2378e2
p:  125893.76669070267
5d263ed54e9dc70b67237973
p:  310399.10762659693
5d263efc4e9dc70b67237974
p:  193635.0244831379
5d263f2c89107e1cf02378dc
p:  324114.3276778519
5d263f2de88ea2cda12378e2
p:  217140.24152197997
5d263f5289107e1cf02378dd
p:  248583.81273791566
5d263f8e10156157202378c8
p:  275670.63801403774
5d263f914e9dc70b67237978
p:  405448.149193816
5d263f9bd275a39fe22378e2
p:  270770.78441145
5d263f9e4e9dc70b67237979
p:  678946.3264417315
5d263fb64e9dc70b6723797a
p:  480785.38581016223
5d263fc74e9dc70b6723797b
p:  174617.24953680063
5d263fd989107e1cf02378e0
p:  210881.00673922585
5d263fda4e9dc70b6723797c
p:  678946.3264417315
5d263fe7e88ea2cda12378e6
p:  132324.98387444502
5d263fec4e9dc70b6723797d
p:  337535.69178278465
5d264079d275a39fe22378e6
p:  326104.7179116105
5d26407d4e9dc70b67237983
p:  411219.9731389937
5d26408c4e9dc70b67237984
p:  595650.4922496644
5d2640b24e9dc70b67237986
p:  181504.95298684173
5d2640e64e9dc70b67237988
p:  257452.29141405824
5d2640ffa7a64f8ad72378e3
p:  363277.45057823125
5d264142a7a64f8ad72378e4
p:  249254.2696026049
5d264144d9ec98e71c237917
p:  173069.8991271156
5d264170a7a64f8ad72378e5
p:  525696.9592857021
5d26417c4e9dc70b6723798d
p:  662657.147479255
5d264184e88ea2cda12378eb
p:  173706.710624006
5d264193d275a39fe22378eb
p:  238410.51885915225
5d2641de4e9dc70b67237990
p:  297146.4019380295
5d2641fd0ed6935c712378eb
p:  346692.22828681266
5d26420ca7a64f8ad72378e6
p:  358942.3581817639
5d26421ed705506d402378e9
p:  472999.2702976632
5d2642284e9dc70b67237994
p:  675751.395506416
5d2642394e9dc70b67237995
p:  432471.1931193874
5d26423bd705506d402378ea
p:  359135.7742081726
5d2642604e9dc70b67237997
p:  346526.5631229448
5d264269198c0608782378ea
p:  980616.8469430228
5d26426d77ec87e1e2237912
p:  186360.05861101492
5d26427b4e9dc70b67237998
p:  254104.58026637783
5d26429e4e9dc70b6723799a
p:  437264.9220069165
5d2642a8d275a39fe22378ef
p:  262062.558863607
5d2642ae10156157202378d6
p:  809577.0963813945
5d2642bf3021dd895f2378d0
p:  577226.8371219281
5d2642c44e9dc70b6723799c
p:  482836.2725881273
5d2642c6198c0608782378eb
p:  258387.10473607315
5d2642e0d275a39fe22378f0
p:  286988.7198724105
5d2642e63021dd895f2378d1
p:  475932.2633525561
5d2642ec4e9dc70b6723799e
p:  647668.2987077537
5d2642ff4e9dc70b6723799f
p:  324343.1670134569
5d2643174e9dc70b672379a0
p:  251275.01227941507
5d264318d275a39fe22378f1
p:  254790.92434611556
5d26433c6bd90bca6a2378eb
p:  258256.2792648627
5d2643444e9dc70b672379a2
p:  467698.97761692473
5d2643626bd90bca6a2378ec
p:  203017.7648799086
5d26438989107e1cf02378e9
p:  177011.31270564016
5d2643894e9dc70b672379a3
p:  306914.7253213075
5d26439177ec87e1e2237917
p:  230046.5389046024
5d264398a7a64f8ad72378f1
p:  277560.674329233
5d26439dd705506d402378f0
p:  362527.7807628891
5d2643bed275a39fe22378f4
p:  263555.98465362564
5d2643c310156157202378d8
p:  185508.3279624806
5d2643f9198c0608782378ec
p:  142416.12193689423
5d26440f4e9dc70b672379aa
p:  315451.1654562882
5d26441777ec87e1e2237918
p:  230046.5389046024
5d264431d275a39fe22378f6
p:  233024.2477780542
5d26444e77ec87e1e2237919
p:  226889.7092616644
5d26444e4e9dc70b672379ad
p:  181504.95298684173
5d2644623021dd895f2378d8
p:  454414.1441727533
5d264472198c0608782378ed
p:  270191.4124390556
5d2644a810156157202378da
p:  544736.5364271958
5d2644c54e9dc70b672379b2
p:  173547.228699278
5d2644e94e9dc70b672379b4
p:  443799.41749764583
5d2644f1198c0608782378ee
p:  145326.9607473389
5d26451279535a19322378f5
p:  331587.1928657526
5d26451f4e9dc70b672379b7
p:  175834.92873750365
5d26452489107e1cf02378eb
p:  226107.99417242245
5d264543198c0608782378ef
p:  175861.36103951914
5d26454477ec87e1e223791c
p:  230248.67606900437
5d264549d275a39fe22378fb
p:  270443.09362306294
5d26456d4e9dc70b672379ba
p:  434025.4425819155
5d2645770ed6935c712378f1
p:  334568.31867204595
5d26457b77ec87e1e223791d
p:  301185.0045319556
5d2645b9d275a39fe22378fd
p:  249275.75008038594
5d2645b94e9dc70b672379bc
p:  434025.4425819155
5d2645f3198c0608782378f6
p:  234429.4891437389
5d26461789107e1cf02378ef
p:  194675.82626517297
5d26464b3021dd895f2378dd
p:  417833.589539487
5d264664198c0608782378f9
p:  147297.70490930253
5d26467010156157202378e4
p:  473837.5442766065
5d2646794e9dc70b672379c1
p:  313603.49858937704
5d2646880ed6935c712378f9
p:  475516.5467556262
5d26468886cd9a2b612378d8
p:  247079.85850646975
5d2646d0d275a39fe2237902
p:  265922.6674091773
5d264700d9ec98e71c237929
p:  302126.36944039015
5d264702a7a64f8ad72378f9
p:  318145.16290851077
5d26470477ec87e1e2237923
p:  123982.07981265584
5d26470989107e1cf02378f3
p:  196933.1798306054
5d2647124e9dc70b672379c5
p:  253036.14284341203
5d26473b77ec87e1e2237924
p:  118472.2073699965
5d264778d275a39fe2237905
p:  270811.8390983665
5d2647b3198c0608782378fe
p:  291473.0097289075
5d2647d0198c0608782378ff
p:  176263.5932018712
5d264890d275a39fe2237908
p:  320234.7913525312
5d264893198c060878237903
p:  281505.6445382725
5d2648c43021dd895f2378e1
p:  450403.14714039
5d2648c6d275a39fe2237909
p:  256310.04087949358
5d2648ce79535a19322378fb
p:  285934.67050434626
5d2648fdd275a39fe223790a
p:  267729.23754139256
5d264939a7a64f8ad72378fd
p:  303724.9456644488
5d26498179535a19322378fe
p:  204713.57041642396
5d2649ae0ed6935c71237901
p:  616484.7172010521
5d2649b1198c060878237906
p:  295479.43179468915
5d2649c64e9dc70b672379d5
p:  173314.94326048705
5d264a7b198c060878237908
p:  163794.25931464776
5d264ab277ec87e1e2237934
p:  167829.55395003804
5d264acc4e9dc70b672379dc
p:  151156.98154037903
5d264af14e9dc70b672379dd
p:  480785.38581016223
5d264b05a7a64f8ad7237901
p:  179520.79799387304
5d264b34d275a39fe2237914
p:  264342.9825995632
5d264b35a7a64f8ad7237902
p:  353945.30878555746
5d264b5a77ec87e1e2237937
p:  179725.49386182762
5d264b9c3021dd895f2378e7
p:  500200.6733916206
5d264bc279535a1932237900
p:  374422.52008877567
5d264bcf3021dd895f2378e8
p:  692020.2242889437
5d264bdbd275a39fe2237917
p:  278100.900736338
5d264bfe4e9dc70b672379ea
p:  251275.01227941507
5d264c0077ec87e1e223793a
p:  131943.94043913682
5d264c114e9dc70b672379eb
p:  297146.4019380295
5d264c3677ec87e1e223793b
p:  280505.862215855
5d264c3d6bd90bca6a2378fe
p:  341061.8581871479
5d264ca84e9dc70b672379f0
p:  714674.2713231246
5d264cbb77ec87e1e223793d
p:  227419.58472661552
5d264d0d10156157202378f2
p:  211600.03273383636
5d264d283021dd895f2378ec
p:  408301.1272856589
5d264d2ad275a39fe223791d
p:  310874.07497636444
5d264d524e9dc70b672379f4
p:  675140.9723972476
5d264d573021dd895f2378ed
p:  353027.4565621941
5d264d5b198c06087823790e
p:  146030.3842771441
5d264d63d275a39fe223791e
p:  246555.01430383133
5d264dd577ec87e1e2237942
p:  412126.24624547473
5d264e1710156157202378f9
p:  433960.8797653378
5d264e94198c060878237911
p:  301309.90199133864
5d264e950ed6935c7123790b
p:  472823.897231695
5d264eb8d705506d40237906
p:  285745.0248300587
5d264eba79535a193223790e
p:  510582.92088233423
5d264ee477ec87e1e2237945
p:  147780.5866917205
5d264f1da7a64f8ad723790d
p:  762881.8006555785
5d264f2589107e1cf0237901
p:  750070.9709600485
5d264f5477ec87e1e2237947
p:  245372.34377547726
5d264f5f0ed6935c7123790c
p:  348295.1423988487
5d264fae0ed6935c7123790e
p:  138685.65011991392
5d264fc886cd9a2b612378e9
p:  161860.34256240417
5d264fce86cd9a2b612378ea
p:  348407.11999447783
5d264ff94e9dc70b67237a06
p:  314528.09274675755
5d26502b0ed6935c71237910
p:  285366.8602304314
5d26503577ec87e1e223794b
p:  299691.24236672133
5d26505f86cd9a2b612378ec
p:  307732.27186359616
5d2650701015615720237909
p:  422448.6259354873
5d26507f4e9dc70b67237a0d
p:  775480.1374447885
5d2650a0d275a39fe223792b
p:  273524.2541733602
5d2650ae86cd9a2b612378ed
p:  920962.4077104251
5d2650bb4e9dc70b67237a10
p:  347323.81341367215
5d2650df101561572023790c
p:  250960.08625624448
5d26510a198c060878237918
p:  286604.31095132756
5d26512186cd9a2b612378ee
p:  583006.9086704004
5d26514679535a1932237913
p:  190031.12941089968
5d26515a0ed6935c71237913
p:  273089.1180244005
5d265181d275a39fe223792f
p:  245393.41937187256
5d26518377ec87e1e2237951
p:  668080.7440853482
5d26518b0ed6935c71237914
p:  439095.21158173354
5d265192198c06087823791b
p:  202006.65462316663
5d2651a34e9dc70b67237a17
p:  371714.00408893626
5d2651a7d9ec98e71c237943
p:  223899.39503882633
5d2651b579535a1932237914
p:  162178.91294287235
5d2651ba89107e1cf023790b
p:  152220.58271228374
5d2651de198c06087823791c
p:  254340.5028980701
5d2651f0d275a39fe2237931
p:  241873.85057220797
5d265207a7a64f8ad7237911
p:  567029.4125469445
5d2652160ed6935c71237915
p:  202554.36444059195
5d2652200ed6935c71237916
p:  113312.7758952828
5d26522a6bd90bca6a23790a
p:  589481.8368938575
5d2652550ed6935c71237917
p:  132362.92363124533
5d265295d275a39fe2237934
p:  280560.35552526766
5d2652e54e9dc70b67237a20
p:  399231.60585284187
5d2652e889107e1cf0237911
p:  250223.47625076788
5d26530d4e9dc70b67237a21
p:  290976.6922145624
5d26532f86cd9a2b612378f2
p:  398124.8356169571
5d2653314e9dc70b67237a22
p:  627646.5533720625
5d265341198c06087823791f
p:  180929.45867253712
5d2653546bd90bca6a23790d
p:  296495.8818800774
5d26538a86cd9a2b612378f3
p:  355068.06996934593
5d2653a0e88ea2cda1237910
p:  322214.94650716794
5d2653b586cd9a2b612378f4
p:  563492.4736444884
5d2653ca4e9dc70b67237a26
p:  408628.0617134089
5d2653dba7a64f8ad7237917
p:  849087.1312349767
5d265435d9ec98e71c23794b
p:  268702.22386972175
5d26544d1015615720237922
p:  1042370.2701324797
5d265459d275a39fe223793c
p:  280128.3883900307
5d26546b0ed6935c7123791b
p:  187381.96704155178
5d2654ade88ea2cda1237913
p:  132096.93380462192
5d2654ce77ec87e1e2237960
p:  225352.40361691843
5d2654dba7a64f8ad723791a
p:  255013.54625280018
5d26550677ec87e1e2237961
p:  158649.8992889964
5d26551486cd9a2b612378f6
p:  291382.95303455525
5d26556b3021dd895f2378fa
p:  539102.4529682569
5d2655a9d275a39fe2237942
p:  275741.1739665461
5d2655ab77ec87e1e2237964
p:  296135.4264069556
5d2655e277ec87e1e2237965
p:  169520.50220062354
5d26561b79535a193223791c
p:  424593.143179651
5d26562fd275a39fe2237943
p:  244734.54192954168
5d26567f0ed6935c71237922
p:  180139.29484591528
5d2656c7d9ec98e71c237954
p:  160289.58175464394
5d2656ea86cd9a2b612378f7
p:  625336.5533189856
5d2656f977ec87e1e223796a
p:  228390.50493367086
5d2657d0101561572023793a
p:  485515.34241823276
5d26580e77ec87e1e223796f
p:  145572.64589619037
5d26583fd275a39fe223794c
p:  235409.40948415225
5d26584f86cd9a2b612378fa
p:  404740.46883398085
5d26585886cd9a2b612378fb
p:  342496.18045944907
5d2658610ed6935c71237926
p:  187381.96704155178
5d2658a40ed6935c71237929
p:  108198.12425325398
5d2658add275a39fe223794e
p:  283339.84043856943
5d26591aa7a64f8ad7237923
p:  215902.70825136366
5d26592577ec87e1e2237974
p:  300668.19343826897
5d26596f4e9dc70b67237a53
p:  347346.9964901838
5d26597ad9ec98e71c237959
p:  547877.3852159719
5d265a1da7a64f8ad7237927
p:  132356.4971130439
5d265a890ed6935c71237931
p:  197404.15452225928
5d265aa186cd9a2b612378ff
p:  450117.812731927
5d265aaf0ed6935c71237932
p:  733661.0797950694
5d265ae1a7a64f8ad723792b
p:  283063.629023431
5d265b18d275a39fe2237959
p:  235409.40948415225
5d265b4fd275a39fe223795a
p:  295905.49320279714
5d265b5377ec87e1e223797e
p:  158649.8992889964
5d265b6979535a1932237925
p:  190031.12941089968
5d265ba3d9ec98e71c23795d
p:  218246.6561920265
5d265bc186cd9a2b61237901
p:  323114.0638097746
5d265bf186cd9a2b61237902
p:  1014197.4987759258
5d265ca0d275a39fe2237960
p:  274209.84718062927
5d265ca3a7a64f8ad7237930
p:  292753.10795157193
5d265cc5a7a64f8ad7237931
p:  219029.35495457175
5d265ce10ed6935c71237936
p:  291586.6481061156
5d265d1c79535a1932237929
p:  143205.2965679688
5d265d2286cd9a2b61237907
p:  599362.5336704004
5d265d9d86cd9a2b61237909
p:  156818.82558609947
5d265dafa7a64f8ad7237932
p:  291162.51313301676
5d265e154e9dc70b67237a81
p:  381344.722249564
5d265e1b86cd9a2b6123790a
p:  274821.57478488586
5d265e2a4e9dc70b67237a82
p:  250917.47708108817
5d265e3d4e9dc70b67237a83
p:  153452.01263888617
5d265e4c6bd90bca6a23792d
p:  227561.46097997492
5d265e4d0ed6935c7123793a
p:  132953.79880931322
5d265e75198c060878237937
p:  163300.4418807908
5d265e7989107e1cf023792d
p:  256449.0285681206
5d265e8386cd9a2b6123790c
p:  337941.99068551674
5d265e864e9dc70b67237a87
p:  298551.84523688955
5d265ef64e9dc70b67237a8a
p:  208403.55881848757
5d265f444e9dc70b67237a8d
p:  293072.6624641274
5d265f4c0ed6935c7123793b
p:  132362.92363124533
5d265f7c4e9dc70b67237a90
p:  290231.35812147293
5d265f974e9dc70b67237a91
p:  236511.34273261088
5d265fa30ed6935c7123793e
p:  267582.1401147818
5d265fa54e9dc70b67237a92
p:  279548.60522050306
5d265fcc4e9dc70b67237a94
p:  145750.19674388436
5d265fff101561572023796e
p:  212451.205412529
5d2660310ed6935c71237941
p:  426514.17429210094
5d26608fa7a64f8ad723793c
p:  634607.861627744
5d2660950ed6935c71237944
p:  274980.30715331883
5d2660964e9dc70b67237a9c
p:  283878.98022050306
5d2660d44e9dc70b67237a9f
p:  148598.78929128728
5d2660f84e9dc70b67237aa1
p:  278826.7131098431
5d2661a286cd9a2b61237913
p:  120645.34495411749
5d266289d705506d40237928
p:  444490.11993684224
5d26629377ec87e1e2237996
p:  145572.64589619037
5d26629886cd9a2b61237915
p:  301453.1128004356
5d26629a4e9dc70b67237aa8
p:  261937.75011866636
5d2662bb0ed6935c7123794a
p:  131652.82879753452
5d2662e40ed6935c7123794b
p:  122671.10399252208
5d2662f186cd9a2b61237916
p:  583006.9086704004
5d2663296bd90bca6a237939
p:  996648.2429007317
5d266330d9ec98e71c23796c
p:  287688.62545017514
5d2663c83021dd895f237912
p:  742180.9808117232
5d2664133021dd895f237915
p:  328394.43274484156
5d26644b79535a1932237941
p:  995738.8529403096
5d2664e286cd9a2b61237917
p:  526782.3561135908
5d2664e44e9dc70b67237aad
p:  311944.2765202968
5d2665173021dd895f237916
p:  357006.16371304635
5d2665860ed6935c71237953
p:  184148.85329467832
5d26659d3021dd895f23791a
p:  816782.7907854506
5d2665cdd705506d4023792c
p:  538383.8605691472
5d26661e4e9dc70b67237ab0
p:  241536.58980777557
5d26663386cd9a2b61237919
p:  351505.56112365634
5d26663689107e1cf023793c
p:  713072.3734265357
5d26669dd9ec98e71c23797e
p:  283193.6090023451
5d2666d4198c060878237950
p:  175148.56358613944
5d266751d705506d4023792d
p:  258147.0015621138
5d2668194e9dc70b67237ab4
p:  291901.98332938633
5d26681b0ed6935c71237960
p:  229104.3050466564
5d26685d6bd90bca6a23794b
p:  1405426.4574446362
5d26689bd705506d40237930
p:  336875.62698339194
5d2668ae0ed6935c7123796b
p:  143005.28907134163
5d2668b50ed6935c7123796c
p:  143005.28907134163
5d2668ff4e9dc70b67237ab6
p:  264570.198973757
5d2669270ed6935c71237977
p:  295883.3763487651
5d26693e10156157202379ab
p:  155063.18526673358
5d26694b79535a1932237963
p:  398444.25930639834
5d26695786cd9a2b61237922
p:  883032.8116414631
5d266958d705506d40237931
p:  323237.6089917571
5d266a4c198c06087823795c
p:  251459.40457446506
5d266a8d10156157202379b4
p:  290411.05662223604
5d266a9ed705506d40237932
p:  265967.648549628
5d266ad610156157202379b6
p:  326850.13304442354
5d266ae4a7a64f8ad7237956
p:  774029.1317288058
5d266afb0ed6935c71237980
p:  276981.315796751
5d266b06a7a64f8ad7237957
p:  237094.23124661105
5d266b48d9ec98e71c237987
p:  258031.76921136992
5d266b6810156157202379ba
p:  162644.26482509304
5d266b9ad705506d40237936
p:  290991.21790995856
5d266bb13021dd895f237927
p:  2418878.625145538
5d266bb310156157202379bc
p:  284827.65321366553
5d266c334e9dc70b67237ac2
p:  219061.44654862283
5d266c3a4e9dc70b67237ac3
p:  277449.3847115458
5d266c524e9dc70b67237ac6
p:  231659.37668706558
5d266c6f10156157202379c1
p:  160177.51540210188
5d266c904e9dc70b67237aca
p:  311944.2765202968
5d266c9310156157202379c2
p:  280201.24425237585
5d266c9dd9ec98e71c23798a
p:  187319.14815389764
5d266ca63021dd895f237928
p:  736961.3335195924
5d266cb910156157202379c3
p:  370397.8723302158
5d266cd286cd9a2b61237928
p:  346818.57123142364
5d266cdd10156157202379c4
p:  451422.7225638074
5d266d36e88ea2cda1237969
p:  394507.4289123027
5d266d4bd705506d4023793c
p:  209935.9155590001
5d266d75d705506d4023793d
p:  281415.82478669664
5d266d7510156157202379c8
p:  277357.9524728317
5d266d874e9dc70b67237ad7
p:  267310.7766633576
5d266d9a10156157202379c9
p:  155063.18526673358
5d266da14e9dc70b67237ada
p:  280733.8302331242
5d266db94e9dc70b67237add
p:  307798.56403895374
5d266dbe10156157202379ca
p:  400646.2271696913
5d266df24e9dc70b67237ae3
p:  280020.5565865458
5d266dffd705506d4023793f
p:  278813.16939104
5d266e25d705506d40237940
p:  289157.96771335416
5d266e370ed6935c71237987
p:  240843.78215766937
5d266e534e9dc70b67237ae7
p:  284073.9660061264
5d266e5410156157202379ce
p:  841371.3151298729
5d266e864e9dc70b67237aec
p:  283889.92144516855
5d266e9b4e9dc70b67237aee
p:  243901.01831473503
5d266ebe4e9dc70b67237af2
p:  274089.84940245876
5d266ec510156157202379d1
p:  170044.19400764385
5d266f0f10156157202379d3
p:  276533.1742418604
5d266f144e9dc70b67237afc
p:  276724.66275072953
5d266f834e9dc70b67237b05
p:  186639.3386637381
5d266f983021dd895f237939
p:  432598.3354122727
5d266f9ad705506d40237943
p:  386452.6341378519
5d266fd210156157202379d8
p:  240062.98930147942
5d266fee4e9dc70b67237b0e
p:  148598.78929128728
5d266ff610156157202379d9
p:  577986.2474742646
5d26701579535a193223797b
p:  597393.3544396532
5d267031e88ea2cda1237978
p:  426399.2515277439
5d2670324e9dc70b67237b13
p:  278826.7131098431
5d26705386cd9a2b61237933
p:  236954.02630996256
5d2670d010156157202379dd
p:  400646.2271696913
5d2670e70ed6935c7123798c
p:  311122.7937374224
5d26713f10156157202379e0
p:  127725.31461943172
5d26716310156157202379e1
p:  177406.60232366307
5d2671e04e9dc70b67237b28
p:  217309.24744891992
5d2671f50ed6935c7123798f
p:  247740.5780323921
5d2671ff86cd9a2b61237936
p:  270717.82517772843
5d267200d705506d40237947
p:  262240.5090047418
5d26721186cd9a2b61237938
p:  533052.0999471871
5d267225d9ec98e71c237993
p:  178374.59538810753
5d2672314e9dc70b67237b2e
p:  609033.4932975558
5d26726d10156157202379e8
p:  130500.42784576713
5d26729110156157202379e9
p:  413878.1838166759
5d2672b510156157202379ea
p:  390450.43117921613
5d2672da10156157202379eb
p:  314839.465463652
5d2672f1d705506d4023794b
p:  254344.50156383027
5d267316d705506d4023794c
p:  269446.66706371
5d26731dd275a39fe223799e
p:  241582.53847511814
5d26732510156157202379ed
p:  623649.4403717667
5d26733cd705506d4023794d
p:  287597.24951962475
5d26736ad275a39fe223799f
p:  257850.0509875123
5d26737310156157202379ef
p:  151246.16095137617
5d267377d9ec98e71c237995
p:  403584.02325753646
5d267398d9ec98e71c237996
p:  293197.11904156336
5d2673f6d705506d40237950
p:  318479.2680209626
5d26741ed705506d40237951
p:  142885.69011485734
5d26744cd705506d40237952
p:  612626.3856487027
5d26745310156157202379f5
p:  162243.8909381801
5d26749e10156157202379f7
p:  300642.0601028892
5d2674d6d275a39fe22379a0
p:  334409.06228402356
5d2674e7d275a39fe22379a1
p:  336253.0504270149
5d2674ef86cd9a2b6123793c
p:  279307.0838916231
5d26750ad705506d40237956
p:  318819.0397603919
5d2675150ed6935c71237993
p:  305173.07703616406
5d267530d275a39fe22379a2
p:  260869.00156981748
5d26757fd705506d40237958
p:  409661.26503699704
5d2675a589107e1cf023795f
p:  287042.59817064763
5d2675ec79535a193223798d
p:  156489.83135913117
5d2675f2e88ea2cda1237983
p:  183143.74669724065
5d26761386cd9a2b61237940
p:  581349.7682820237
5d26761cd275a39fe22379a3
p:  274139.1062163063
5d26764886cd9a2b61237941
p:  273661.2333936854
5d2676641015615720237a03
p:  448159.04873582645
5d26766f0ed6935c71237995
p:  311122.7937374224
5d26769089107e1cf0237961
p:  271426.56048938667
5d2676f1d275a39fe22379a7
p:  854533.8365626466
5d2676fad705506d4023795c
p:  227174.12350118335
5d26771289107e1cf0237963
p:  276628.0162425716
5d2677170ed6935c71237996
p:  296125.17698576034
5d26772889107e1cf0237964
p:  322811.48084440397
5d2677350ed6935c71237997
p:  323506.7682628389
5d267739d705506d4023795d
p:  426841.7534077863
5d267757d9ec98e71c23799e
p:  225605.74646290956
5d26775cd9ec98e71c23799f
p:  229202.7997749382
5d2677d0d275a39fe22379a9
p:  374303.5033694653
5d2678041015615720237a0e
p:  204429.61432099252
5d267806d9ec98e71c2379a0
p:  274941.64155374165
5d26786de88ea2cda1237984
p:  307378.6480651465
5d2678991015615720237a12
p:  177979.22423799403
5d2678bb0ed6935c7123799b
p:  501474.0167352699
5d2678c3d705506d40237960
p:  292903.3170173933
5d2678d177ec87e1e22379c2
p:  663095.3892049962
5d2679303021dd895f23794d
p:  226117.4391652054
5d2679551015615720237a17
p:  449519.8736707733
5d26799b86cd9a2b61237948
p:  252065.96483031948
5d2679a14e9dc70b67237b7d
p:  632080.9264230567
5d2679b4e88ea2cda1237988
p:  321042.2596235041
5d2679b677ec87e1e22379c5
p:  487881.1788700273
5d2679c71015615720237a1a
p:  269558.1312276409
5d2679d589107e1cf023796b
p:  343235.79271241406
5d2679e879535a193223799a
p:  333098.2463801398
5d2679f4d275a39fe22379ab
p:  283037.4570336257
5d267a111015615720237a1c
p:  177680.9784088581
5d267a4a89107e1cf023796c
p:  281171.0624905545
5d267a4c4e9dc70b67237b7f
p:  327812.65332174377
5d267a5679535a193223799b
p:  337549.61018867476
5d267a6386cd9a2b61237949
p:  120645.34495411749
5d267a7186cd9a2b6123794a
p:  1205012.7314264025
5d267a85d275a39fe22379ac
p:  203767.5731173462
5d267ab579535a193223799c
p:  326987.3311595606
5d267ae779535a193223799d
p:  343192.29204582016
5d267b04d705506d40237966
p:  302375.953210101
5d267b094e9dc70b67237b80
p:  400545.62564111326
5d267b191015615720237a23
p:  237782.10086034785
5d267b1f0ed6935c712379a2
p:  242227.64404190448
5d267b1f3021dd895f237958
p:  619085.803393
5d267b33d705506d40237967
p:  293184.6593268784
5d2