Current date and time: 2020-06-07 15:34:19
Successfully connect to DB.
For ['Albany', 'Essex', 'Greene', 'Rensselaer', 'Saratoga', 'Schenectady', 'Warren', 'Washington', 'Hamilton', 'Herkimer', 'Fulton', 'Madison', 'Montgomery', 'Oneida', 'Clinton', 'Franklin', 'Jefferson', 'Lewis', 'St. Lawrence']#################################################################
train score for random_forest: 0.919404334892143
test score for random_forest: 0.4267102692028718
The mean absolute error is:$ 112348.28873734988
r_Score: 0.46784400400834847
Voting Regressor (in): 0.8904312150808504
Voting Regressor: 0.4678440040083485
5d07fdf37c1d83daee248b13
p:  131560.33072107358
5d0b5e6cf12fac82e26efb6d
p:  101443.86382953789
5d0d457dae78f7f2d314ae70
p:  178096.73166254943
5d15e81374d3e50df1793351
p:  51048.17041421452
5d15e81fdba72d1517793462
p:  249286.0443716046
5d15e88174d3e50df1793354
p:  519836.7997250139
5d15ebe9ffb5c1fa6e7933e1
p:  194667.5657340687
5d15f40ecbe5112b16793335
p:  168789.57040306256
5d15f4f7624d9d385d7933f6
p:  171405.7048635187
5d15f581ffd1f1e48e7935bc
p:  403345.178512107
5d15f7b9f849bedc4c793483
p:  272824.13341641496
5d15f7c6f849bedc4c793485
p:  232465.61138970355
5d15fcc6f849bedc4c79349b
p:  251458.17602361488
5d15fd1374d3e50df17933a0
p:  218719.3513132754
5d15fdf795a0365722793481
p:  169427.47831079975
5d15ff43f849bedc4c7934a2
p:  163820.53513840295
5d15ffbb95a0365722793487
p:  240392.03540078574
5d15ffcff849bedc4c7934b0
p:  241338.86140812418
5d15ffe674d3e50df17933ab
p:  213469.49484950912
5d1600c9d4b3b4b4e67933e5
p:  156516.9580494964
5d1600cecbe5112b16793361
p:  173018.7179996643
5d1600d4cbe5112b16793362
p:  392332.2053474805
5d16028bffd1f1e48e793625
p:  95227.89405622371
5d160292ffd1f1e48e793626
p:  413980.9517023513
5d1602cacbe5112b16793369
p:  171628.33147585607
5d1602dbffd1f1e48e79362f
p:  199386.54884521145
5d1602f9ffd1f1e48e793633
p:  163916.96200824704
5d1603ddcbe5112b1679336b
p:  200681.93903300993
5d1604e274d3e50df17933be
p:  342487.2576566816
5d1604ebcbe5112b16793370
p:  302814.2673931939
5d1605b1624d9d385d79344e
p:  198045.30286906345
5d1605e8cbe5112b16793379
p:  719585.1912368168
5d16061b624d9d385d793453
p:  364837.8743569254
5d160637cbe5112b1679337e
p:  260270.8483788989
5d160644cbe5112b16793380
p:  323971.9269353241
5d160649cbe5112b16793381
p:  323971.9269353241
5d16065c74d3e50df17933c4
p:  311094.77712314983
5d16069e74d3e50df17933c5
p:  223780.57503136358
5d160815cbe5112b1679338a
p:  201356.5594116841
5d160833cbe5112b1679338d
p:  199467.43840426122
5d160847d4b3b4b4e6793415
p:  165242.29560062877
5d1608a7cbe5112b1679338e
p:  191223.9279796871
5d1609ff95a03657227934d5
p:  123735.61536680278
5d160a46f849bedc4c7934e7
p:  505616.37998824345
5d160a64cbe5112b16793398
p:  193481.9187697861
5d160a74cbe5112b1679339a
p:  200681.93903300993
5d160ae6cbe5112b1679339f
p:  430322.45125633467
5d160af3cbe5112b167933a1
p:  141383.5837308241
5d160affcbe5112b167933a3
p:  195367.77913714352
5d160bf4cbe5112b167933b0
p:  167289.72019578796
5d160d64cbe5112b167933cb
p:  291269.76637319557
5d160e4574d3e50df17933e3
p:  405954.63479015906
5d160eb895a0365722793500
p:  220499.13299416186
5d160efdcbe5112b167933d8
p:  187501.33703281672
5d160f02cbe5112b167933d9
p:  182656.95823878743
5d160f0fcbe5112b167933dc
p:  150364.86000533064
5d160f14cbe5112b167933dd
p:  209971.99931950547
5d160f2895a0365722793507
p:  265864.4475447017
5d160f4295a036572279350b
p:  304678.9943915567
5d16100e95a036572279350e
p:  284562.93913527543
5d16112674d3e50df17933ec
p:  162126.36177351023
5d1611a7cbe5112b167933f8
p:  187826.09617314258
5d1612c395a0365722793516
p:  287363.592355736
5d161375ffb5c1fa6e7934ab
p:  222304.30615002176
5d1614b2dba72d151779356b
p:  183703.38363312784
5d16185a624d9d385d7934ac
p:  135892.01862246875
5d161a2affd1f1e48e7936b4
p:  233923.15613740054
5d161aea95a036572279353f
p:  168707.52211438975
5d161b6d74d3e50df1793416
p:  246052.0734726968
5d161c78cbe5112b1679343c
p:  431867.555469058
5d161cc474d3e50df179341d
p:  384784.31365235394
5d161d90cbe5112b16793442
p:  416088.845312068
5d161dc795a036572279354e
p:  276152.4223810201
5d161df4624d9d385d7934c7
p:  192062.92308736162
5d161e8195a0365722793552
p:  179901.6738433596
5d161ebf74d3e50df1793426
p:  148475.32396517874
5d161f5069289c1106793453
p:  250473.4231316341
5d161f9c95a0365722793559
p:  439520.38562820456
5d16206ccbe5112b1679344e
p:  612423.841144813
5d162119d4b3b4b4e67934a1
p:  190424.8669494908
5d16213cd4b3b4b4e67934a4
p:  145345.70513294733
5d16221ccbe5112b16793460
p:  198302.20323729902
5d16228bcbe5112b16793469
p:  173991.87248883187
5d162294d4b3b4b4e67934ab
p:  146767.10484803928
5d16229ed4b3b4b4e67934ac
p:  273348.0886086315
5d1622a2cbe5112b1679346b
p:  189992.65513563086
5d1622b3867e147af87934a4
p:  158424.0070654683
5d1622dbffd1f1e48e7936f9
p:  240313.6067704259
5d16231affd1f1e48e7936ff
p:  265995.7561831057
5d16233bffd1f1e48e793701
p:  144974.60811112932
5d16237dffd1f1e48e793707
p:  341728.1584283634
5d16238dffd1f1e48e79370a
p:  144009.914032069
5d16239bffd1f1e48e79370d
p:  92011.03452018397
5d1623b0ffd1f1e48e793711
p:  149617.8444701337
5d1623b6cbe5112b1679346f
p:  190296.16969519653
5d162401cbe5112b16793470
p:  89445.11365549717
5d162424f849bedc4c793557
p:  246268.40984341467
5d162455cbe5112b16793471
p:  89445.11365549717
5d1624aef849bedc4c793559
p:  124541.9005401732
5d1624fdd4b3b4b4e67934b3
p:  226576.2071000348
5d162506ffb5c1fa6e793511
p:  345337.3983532097
5d16255ef849bedc4c793561
p:  275533.31448289263
5d1625e895a0365722793583
p:  285916.25838629575
5d162626624d9d385d7934e7
p:  128298.49940651355
5d16265cffd1f1e48e79371c
p:  190577.83137184405
5d162663ffd1f1e48e79371d
p:  148630.24513554192
5d162667ffd1f1e48e79371e
p:  244494.02744032495
5d162684624d9d385d7934e9
p:  140200.99271728733
5d1626e7f849bedc4c793577
p:  184061.72849028546
5d16271f624d9d385d7934ed
p:  64255.785196960474
5d162791f849bedc4c79357c
p:  181658.59675177274
5d1627bb624d9d385d7934fb
p:  321716.32240257226
5d1627bfdba72d15177935d2
p:  185462.36486783676
5d1627c7ffd1f1e48e793724
p:  641565.0422611395
5d162819ffb5c1fa6e79351a
p:  66182.71752128069
5d16284b95a0365722793596
p:  201874.60698101617
5d16287c95a0365722793599
p:  175939.91628113162
5d16289bf849bedc4c79357d
p:  246153.59100178757
5d1628fbcbe5112b16793485
p:  80986.36329698152
5d16290af849bedc4c79357e
p:  259279.42481791374
5d16291fcbe5112b1679348a
p:  194320.4661642813
5d16292d95a036572279359c
p:  155635.6321036659
5d16292ff849bedc4c79357f
p:  227095.16000534844
5d16293b624d9d385d793504
p:  193849.20038813612
5d16294195a036572279359f
p:  302642.7170059371
5d16294fdba72d15177935d6
p:  195567.6107620926
5d16295395a03657227935a2
p:  314402.3380077456
5d16295bf849bedc4c793581
p:  184061.72849028546
5d16296bcbe5112b1679348b
p:  130438.58742624582
5d16299fffd1f1e48e793728
p:  210250.20630498795
5d1629b1f849bedc4c793589
p:  189882.50083131716
5d1629cd74d3e50df1793463
p:  210998.89021846987
5d1629cecbe5112b16793491
p:  245808.88038631066
5d1629d6cbe5112b16793492
p:  111694.98476529683
5d1629dccbe5112b16793493
p:  755364.2200594228
5d1629e1cbe5112b16793494
p:  355329.6387744961
5d1629efdba72d15177935d9
p:  185462.36486783676
5d162a05dba72d15177935dc
p:  159035.0089877445
5d162a0af849bedc4c79358a
p:  116888.0849580561
5d162a6c16a94e88df7935b3
p:  192920.45940408623
5d162a9a74d3e50df179346b
p:  209715.39899831478
5d162ab42fb8c41d977934ab
p:  145387.61427568292
5d162ab6867e147af87934dc
p:  149847.8003382914
5d162abc624d9d385d79350a
p:  222752.64078174907
5d162aeff849bedc4c793595
p:  162064.30535043337
5d162b4d74d3e50df1793470
p:  133912.08896830314
5d162b74cbe5112b1679349b
p:  186016.56748160993
5d162b88cbe5112b1679349d
p:  80986.36329698152
5d162b9ff849bedc4c79359e
p:  217739.44697676733
5d162ba569289c110679348b
p:  151554.50293656898
5d162bd8867e147af87934de
p:  139030.38948236685
5d162c97dba72d15177935df
p:  192367.90078188706
5d162cbc624d9d385d793515
p:  182084.6613109046
5d162ccaf849bedc4c7935a1
p:  148638.28240640322
5d162d8795a03657227935ad
p:  412436.66462998226
5d162da7d4b3b4b4e67934cd
p:  147274.5118463207
5d162db12fb8c41d977934bb
p:  235527.1321474816
5d162e07624d9d385d793524
p:  124187.3853282657
5d162e4995a03657227935b0
p:  183192.79080001693
5d162e7d867e147af87934ea
p:  150317.10845228855
5d162e81867e147af87934eb
p:  122937.06437671008
5d162e87867e147af87934ec
p:  130944.16363730963
5d162e99624d9d385d79352a
p:  207304.52629909583
5d162e9e867e147af87934f0
p:  172044.292118793
5d162ee8867e147af87934f4
p:  183766.21069432102
5d162ef8f849bedc4c7935a8
p:  266467.9768072793
5d162f4469289c11067934a5
p:  137782.33657697198
5d162f5416a94e88df7935dc
p:  191264.91277380378
5d162f5d74d3e50df179347b
p:  116900.01460187176
5d162fcf95a03657227935b6
p:  161835.70254244911
5d162fe12fb8c41d977934c5
p:  457406.0971957776
5d162ff0ffd1f1e48e793743
p:  192819.22928860743
5d16304f95a03657227935b8
p:  158642.7543312945
5d163055867e147af87934f8
p:  124187.3853282657
5d163086cbe5112b167934ae
p:  171544.95491479617
5d163091cbe5112b167934af
p:  144005.0730247012
5d1630a2dba72d15177935f6
p:  162277.56930305282
5d1630abffd1f1e48e79374b
p:  97495.24555704415
5d1630dccbe5112b167934b0
p:  302380.05475974653
5d16310f95a03657227935bb
p:  169857.29895697435
5d163117867e147af87934fe
p:  638481.8968552412
5d16311e69289c11067934b5
p:  264144.1992853504
5d163129cbe5112b167934b5
p:  258549.1505791929
5d163230867e147af879350b
p:  278969.0354753867
5d1632472fb8c41d977934d8
p:  212855.66526978277
5d16324a867e147af879350f
p:  150519.1320004239
5d16325395a03657227935c0
p:  203492.29908787628
5d1632552fb8c41d977934da
p:  229973.5237636276
5d1632a7cbe5112b167934bd
p:  179242.35285573662
5d16336195a03657227935c4
p:  155955.8759717737
5d1633f1cbe5112b167934c2
p:  199872.12022356258
5d16346395a03657227935c8
p:  382745.4398953166
5d1635372fb8c41d977934e7
p:  137104.56997742105
5d1635abcbe5112b167934cc
p:  362953.3908503268
5d1635ae69289c11067934bd
p:  293682.6396575017
5d1635e3cbe5112b167934d0
p:  343543.3072800503
5d1635ee867e147af8793520
p:  139184.21586289752
5d163769867e147af8793527
p:  295561.6553571252
5d163b7b95a03657227935e2
p:  222175.63037885536
5d163bc7cbe5112b167934ef
p:  223478.31334362132
5d163cf4cbe5112b167934f4
p:  236303.24181637148
5d163ee6dba72d151779362e
p:  356803.8035525651
5d16408916a94e88df79366b
p:  156092.07727513713
5d164166dba72d1517793635
p:  1017939.2941992942
5d1641b7867e147af879355f
p:  452667.3598293761
5d164246cbe5112b1679351b
p:  246742.81219277933
5d1645d4cbe5112b16793538
p:  228246.33505562402
5d16473effd1f1e48e7937b0
p:  336900.75214976596
5d164b4fffd1f1e48e7937cd
p:  158232.6749266858
5d167c9674d3e50df179364e
p:  171611.96160220704
5d16825bebf63292c179371c
p:  722751.5463570502
5d1682d5f849bedc4c793748
p:  375968.0530059851
5d1683dcf849bedc4c793754
p:  203409.13764151698
5d1683e1f849bedc4c793755
p:  219834.66798128368
5d1684d3867e147af87936cc
p:  260386.54995795156
5d168612cbe5112b167936b1
p:  232838.61306202266
5d16865d624d9d385d7936df
p:  270537.191162804
5d168701ebf63292c179372d
p:  262179.89308363356
5d1689d6d4b3b4b4e6793688
p:  400862.2820300804
5d168a21f849bedc4c79376f
p:  207328.21766201378
5d168a2ad4b3b4b4e6793689
p:  394083.029500404
5d168c3ad4b3b4b4e6793690
p:  957488.1664385839
5d168d94624d9d385d793708
p:  166204.93817994613
5d168db6d4b3b4b4e6793695
p:  155163.30492440492
5d16906c95a036572279379a
p:  163009.65931274416
5d1690b095a03657227937a1
p:  519515.99939634616
5d1690e7ebf63292c179375d
p:  276016.01536418806
5d1690edebf63292c179375e
p:  318276.4986232029
5d1690f3ebf63292c179375f
p:  258452.68459547684
5d169136ebf63292c1793761
p:  433324.8738423436
5d16913aebf63292c1793762
p:  264601.0574445325
5d16913eebf63292c1793763
p:  517055.9325855558
5d16914af849bedc4c793782
p:  588758.5720081886
5d16916bf849bedc4c793784
p:  184420.6789588377
5d1691baebf63292c1793764
p:  349906.77346841706
5d1691c7ebf63292c1793766
p:  269506.2084392059
5d1691d9ebf63292c1793769
p:  383284.6233850457
5d1691e1ebf63292c179376a
p:  238125.62880579778
5d1691feebf63292c179376f
p:  398594.9651433317
5d169204ebf63292c1793770
p:  233031.15315530935
5d169227ebf63292c1793771
p:  464213.9112322463
5d16922cebf63292c1793772
p:  382679.95298025414
5d169234ebf63292c1793773
p:  275630.03410179494
5d169249ebf63292c1793776
p:  469143.69800402434
5d16924febf63292c1793777
p:  545354.5744798721
5d169253ebf63292c1793778
p:  165983.02578172117
5d1692c6f849bedc4c79378b
p:  400065.8724294498
5d169311f849bedc4c793795
p:  390673.6682054649
5d169374867e147af879370a
p:  229417.89068002903
5d1693ffebf63292c179377f
p:  293762.1131521305
5d16947debf63292c1793781
p:  244719.85535806214
5d169484ebf63292c1793782
p:  292784.7203607194
5d1694a8ebf63292c1793786
p:  294701.7240406398
5d1694b8ebf63292c1793788
p:  420430.9921260481
5d169620dba72d15177937e7
p:  238088.86590134245
5d16967cebf63292c179378d
p:  832527.4262631508
5d1696bbebf63292c1793791
p:  273609.03911181574
5d1696e2ebf63292c1793794
p:  525314.6713686184
5d169701ebf63292c1793796
p:  1378536.9470517058
5d16971aebf63292c1793798
p:  605353.7099815358
5d16975516a94e88df793868
p:  230339.10804426376
5d169760ebf63292c179379c
p:  425809.9435075215
5d16976aebf63292c179379d
p:  669284.0354103508
5d16977eebf63292c179379e
p:  155304.30615858673
5d169788ebf63292c179379f
p:  189578.50121125625
5d169797ebf63292c17937a0
p:  214799.45248179737
5d1697a9ebf63292c17937a1
p:  1066709.2934120912
5d1697b8ebf63292c17937a2
p:  155304.30615858673
5d1697e7ebf63292c17937a4
p:  493889.6906927546
5d1697f0ebf63292c17937a5
p:  475250.4016360392
5d169809ebf63292c17937a6
p:  235463.34801256208
5d16981af849bedc4c7937a9
p:  286418.09674139787
5d169847ebf63292c17937a9
p:  155304.30615858673
5d16985af849bedc4c7937aa
p:  323412.2482986265
5d16985cebf63292c17937aa
p:  344183.2638775617
5d16989bebf63292c17937ae
p:  155304.30615858673
5d1698b2ebf63292c17937af
p:  343275.7971643214
5d1698dcebf63292c17937b1
p:  435966.8888100658
5d1698f3ebf63292c17937b2
p:  222804.17990576703
5d169904ebf63292c17937b3
p:  307696.03800822736
5d16991ef849bedc4c7937ad
p:  249693.5691528187
5d169953ebf63292c17937b8
p:  222804.17990576703
5d16995ff849bedc4c7937ae
p:  820998.3128540494
5d169996ebf63292c17937bc
p:  272665.17170083
5d1699d1ebf63292c17937c0
p:  302646.32053589204
5d1699ebebf63292c17937c2
p:  523124.8561338179
5d169a19ebf63292c17937c5
p:  155304.30615858673
5d169a48ebf63292c17937c8
p:  285774.1434267035
5d169a59ebf63292c17937c9
p:  189578.50121125625
5d169a66ebf63292c17937ca
p:  438580.3910343759
5d169a73ebf63292c17937cb
p:  226416.09310302092
5d169a7febf63292c17937cc
p:  263907.0097106034
5d169a8aebf63292c17937cd
p:  268823.03775954223
5d169ac9ebf63292c17937d1
p:  274290.8266041033
5d169b00ffd1f1e48e793943
p:  178615.85056561464
5d169b1cebf63292c17937d6
p:  444526.1896984407
5d169f1016a94e88df7938aa
p:  912464.6054696005
5d169f60ebf63292c17937e7
p:  271130.5563115544
5d169f83ebf63292c17937e8
p:  262932.51892346767
5d169f9febf63292c17937e9
p:  225700.3859879758
5d169ffbebf63292c17937eb
p:  234799.5574637605
5d16a35eebf63292c17937f2
p:  403962.702678995
5d16a40cebf63292c17937f7
p:  252670.36359174852
5d16a523dba72d1517793839
p:  180082.91488165487
5d16a711ebf63292c1793805
p:  222804.17990576703
5d16a717ebf63292c1793806
p:  353213.0533740709
5d16a71bebf63292c1793807
p:  222804.17990576703
5d16a77f16a94e88df7938df
p:  225390.5905143894
5d16a84e16a94e88df7938ee
p:  125776.55495096256
5d16a85febf63292c1793809
p:  273403.3880550469
5d16a87116a94e88df7938f2
p:  291191.8206970424
5d16a878ebf63292c179380c
p:  388840.846535675
5d16a8adebf63292c179380d
p:  255540.81928773783
5d16a8b469289c110679374d
p:  262541.11689610727
5d16a8b9ebf63292c179380f
p:  435627.25390537654
5d16a8fdebf63292c1793813
p:  489535.7728314556
5d16a906ebf63292c1793814
p:  398720.13140485954
5d16a91eebf63292c1793815
p:  392305.0937544196
5d16a9acebf63292c179381a
p:  1431668.5156239718
5d16a9c0624d9d385d793798
p:  246570.95507270636
5d16a9ccebf63292c179381c
p:  470936.401825898
5d16ab24ebf63292c1793822
p:  392694.78218882356
5d16ab74ebf63292c1793828
p:  910945.8294428322
5d16abafebf63292c179382f
p:  275759.6070276895
5d16ac3febf63292c1793830
p:  702736.0981972492
5d16accc16a94e88df7938f9
p:  492981.7269741951
5d16ad1eebf63292c1793834
p:  454963.0925358604
5d16aec8ebf63292c179383b
p:  274290.8266041033
5d16aecfebf63292c179383c
p:  575770.4695969407
5d16aed4ebf63292c179383d
p:  1718580.5010452657
5d16aee1ebf63292c179383e
p:  1302330.8104519045
5d16af14ebf63292c1793843
p:  324360.55205028754
5d16af22ebf63292c1793845
p:  440040.8847170236
5d16af2aebf63292c1793846
p:  223455.5474563044
5d16af78ebf63292c179384d
p:  711377.296940465
5d16af8debf63292c179384f
p:  651995.3247425372
5d16af98ebf63292c1793850
p:  848976.7093203296
5d16b181ebf63292c1793857
p:  489535.7728314556
5d16b1edebf63292c1793859
p:  290573.8231736204
5d16b2cfebf63292c1793862
p:  508976.0898281556
5d16b3f3ebf63292c1793867
p:  283696.08987710264
5d16b58aebf63292c1793872
p:  494980.80732395384
5d16b622ebf63292c179387b
p:  155304.30615858673
5d16b992ebf63292c1793892
p:  473077.86134665436
5d16ba67ebf63292c1793897
p:  367948.1575058998
5d16bdb269289c11067937d0
p:  118499.04379072416
5d16c701cbe5112b167937ee
p:  101824.24763356146
5d16c979dba72d15177938f7
p:  133452.1242646625
5d16cecf69289c1106793823
p:  221652.46240756425
5d16cfb0624d9d385d793842
p:  171498.63066031132
5d16cfc0f849bedc4c7938f8
p:  143508.290922605
5d16cfc4f849bedc4c7938f9
p:  163660.43719017977
5d16d029cbe5112b16793834
p:  285503.4017781654
5d16d094ebf63292c17938e1
p:  133938.45628433075
5d16d0b195a0365722793919
p:  223224.21657659457
5d16d11a95a0365722793920
p:  188573.82425316985
5d16d16b2fb8c41d97793876
p:  339540.97321861284
5d16d1a1f849bedc4c793903
p:  321748.83144532295
5d16d1e1d4b3b4b4e6793797
p:  156859.1086762047
5d16d21095a0365722793923
p:  195806.10131061298
5d16d27ff849bedc4c79390b
p:  396452.79801745433
5d16d4b9cbe5112b1679384e
p:  56973.79370275571
5d16d5a5ebf63292c1793906
p:  136566.02618460153
5d16d5cc95a0365722793937
p:  144080.32440008345
5d16d63e16a94e88df7939be
p:  73765.37887212296
5d16d65016a94e88df7939c1
p:  59532.1524340139
5d16d82bffd1f1e48e793a16
p:  294337.41677423083
5d16d830ffd1f1e48e793a17
p:  209344.9912913368
5d16d848f849bedc4c79393a
p:  82250.23143979101
5d16d87d624d9d385d793885
p:  178382.07850225817
5d16d8a6ffd1f1e48e793a18
p:  167099.02461502765
5d16d8ac16a94e88df7939d2
p:  160009.55290905893
5d16d8afffd1f1e48e793a19
p:  226225.96060916438
5d16d8b6ffd1f1e48e793a1a
p:  450763.08643728105
5d16d930867e147af8793932
p:  167110.83511973897
5d16daaccbe5112b16793876
p:  126771.375491405
5d16daddcbe5112b16793878
p:  197810.9314508327
5d16daeacbe5112b16793879
p:  145746.9026067771
5d16db16cbe5112b16793880
p:  156538.3422041617
5d16db2bffd1f1e48e793a28
p:  307914.91269608354
5d16db4fffd1f1e48e793a29
p:  307538.2758083686
5d16db73ffd1f1e48e793a2a
p:  437858.46638498304
5d16db96ffd1f1e48e793a2b
p:  311585.7325626487
5d16dbbaffd1f1e48e793a2c
p:  223789.7977909598
5d16dbbe16a94e88df7939f8
p:  163482.03913679236
5d16dbc5624d9d385d79389d
p:  175186.9556762222
5d16dc02d4b3b4b4e67937d7
p:  102181.9968944526
5d16dc3a624d9d385d7938a4
p:  204572.39750977088
5d16dc47624d9d385d7938a5
p:  229941.3987882344
5d16dc4acbe5112b16793885
p:  207659.3472875888
5d16dc59624d9d385d7938a6
p:  159470.0435289906
5d16dc79ffb5c1fa6e79389c
p:  104327.9677662822
5d16dc87ffb5c1fa6e79389e
p:  277800.14656424825
5d16dc99ffb5c1fa6e7938a0
p:  56339.134549772956
5d16dcb4ffd1f1e48e793a2d
p:  293357.47137384827
5d16dce5ffd1f1e48e793a2e
p:  217219.97093230824
5d16dcea624d9d385d7938b0
p:  181865.94292539838
5d16dcf3624d9d385d7938b1
p:  227848.3106094003
5d16dcfaffb5c1fa6e7938a3
p:  56339.134549772956
5d16dcffffb5c1fa6e7938a4
p:  238111.7345427159
5d16dd0bffd1f1e48e793a2f
p:  410009.25870111806
5d16dd0d624d9d385d7938b3
p:  230375.66693738286
5d16dd33cbe5112b1679388a
p:  145992.13247771055
5d16dd39cbe5112b1679388b
p:  184208.66467186512
5d16dd3effd1f1e48e793a30
p:  285445.0026764982
5d16dd6bcbe5112b1679388c
p:  82994.8614283468
5d16dd93624d9d385d7938be
p:  155759.18724986044
5d16ddb4624d9d385d7938c0
p:  199739.91052020068
5d16ddb5cbe5112b16793894
p:  113009.32370003201
5d16ddbccbe5112b16793895
p:  137891.27273696952
5d16ddcfcbe5112b16793898
p:  558425.0608731117
5d16ddd5624d9d385d7938c3
p:  56033.58414255461
5d16ddeccbe5112b1679389d
p:  141297.3425801438
5d16de02f849bedc4c79394a
p:  150381.7635304821
5d16dee074d3e50df179385b
p:  250533.73110845048
5d16deec74d3e50df179385c
p:  161352.16551581357
5d16df21cbe5112b167938a3
p:  131233.97405697685
5d16df26d4b3b4b4e67937da
p:  77909.13367207043
5d16df5ccbe5112b167938a5
p:  202403.475767879
5d16dfcfd4b3b4b4e67937dd
p:  208130.85585895067
5d16dffccbe5112b167938a7
p:  150427.26088067738
5d16e016624d9d385d7938e3
p:  264041.53754936566
5d16e04369289c110679386a
p:  170174.40135326196
5d16e058624d9d385d7938e5
p:  179426.74177361603
5d16e0c6f849bedc4c793953
p:  110685.14208189314
5d16e13df849bedc4c793957
p:  100991.89824967502
5d16e165cbe5112b167938b2
p:  140914.05029639
5d16e17acbe5112b167938b4
p:  152749.32761382454
5d16e18e95a036572279397c
p:  256131.9291981087
5d16e1e395a0365722793981
p:  252538.93459901767
5d16e217cbe5112b167938ba
p:  195035.33777850482
5d16e24bf849bedc4c793964
p:  136691.61039703325
5d16e26af849bedc4c793966
p:  222171.56865936867
5d16e27df849bedc4c793967
p:  142207.10816856223
5d16e297f849bedc4c793969
p:  320811.93198654137
5d16e2eb867e147af8793965
p:  123617.11736103147
5d16e30495a0365722793987
p:  195022.54207599533
5d16e311f849bedc4c793970
p:  263996.64499779814
5d16e322867e147af8793967
p:  111188.67937471347
5d16e3b6cbe5112b167938c0
p:  150427.26088067738
5d16e449f849bedc4c793977
p:  167414.45450543807
5d16e44974d3e50df179387c
p:  97728.4364588834
5d16e4a5cbe5112b167938c3
p:  217706.2282823904
5d16e4b3cbe5112b167938c4
p:  127327.46418908305
5d16e4bed4b3b4b4e67937fb
p:  77909.13367207043
5d16e4cbcbe5112b167938c6
p:  123216.48859831109
5d16e4d1d4b3b4b4e67937fe
p:  151500.0280308923
5d16e526f849bedc4c793980
p:  166273.9857222219
5d16e5e4cbe5112b167938cb
p:  192058.54829733964
5d16e674f849bedc4c79398e
p:  168117.07418789616
5d16e67b867e147af879397c
p:  165712.71654765995
5d16e6e2d4b3b4b4e679380e
p:  209819.08344834414
5d16e6ead4b3b4b4e679380f
p:  518973.59326214116
5d16e7d8cbe5112b167938d3
p:  131758.61597408325
5d16e7e4cbe5112b167938d4
p:  115650.32176052491
5d16e7faffb5c1fa6e7938c7
p:  203877.51078320597
5d16e800cbe5112b167938d6
p:  167322.65755202406
5d16e819f849bedc4c79399b
p:  227024.56286334855
5d16e8732fb8c41d97793913
p:  242340.72049495648
5d16e8932fb8c41d97793915
p:  99749.02906800364
5d16e8e2cbe5112b167938de
p:  142129.31638560403
5d16e92695a03657227939b1
p:  214341.38990627055
5d16e93bcbe5112b167938e0
p:  138298.65284263718
5d16e93ddba72d15177939a5
p:  240206.05010225007
5d16e94acbe5112b167938e2
p:  194556.55202445094
5d16e95ecbe5112b167938e5
p:  242440.9777481276
5d16ea18ebf63292c179396d
p:  150402.8528902994
5d16ea69cbe5112b167938e8
p:  220508.57954134326
5d16ea7cf849bedc4c7939b1
p:  138596.29117054027
5d16ec7d95a03657227939bf
p:  219814.6981354335
5d16ed6295a03657227939c5
p:  231988.04873955145
5d16efa0cbe5112b167938fa
p:  279396.258868548
5d16f386cbe5112b16793907
p:  257782.69183466298
5d16f69acbe5112b16793913
p:  165945.57450991357
5d16f6f8cbe5112b1679391b
p:  143371.96926753252
5d16f701cbe5112b1679391c
p:  482330.5048170757
5d16f725cbe5112b1679391f
p:  102904.23693429305
5d16f9c3cbe5112b1679392c
p:  153641.67920358834
5d16fa94cbe5112b16793931
p:  145222.27622137763
5d16fa9bcbe5112b16793932
p:  170993.43389124743
5d1701dfcbe5112b16793962
p:  109342.28520457173
5d19590d1ad6fcf5a898bf50
p:  210527.4419134009
5d195a992639bc7e4e98bf97
p:  192289.91275275464
5d195b7d5bd5ff623d98bf6f
p:  256074.58038017887
5d195e791ad6fcf5a898bf5f
p:  353504.0478596848
5d195f375bd5ff623d98bf75
p:  198135.91543698736
5d1964a8cb18499f1c98bf57
p:  176978.15659775707
5d19650e5bd5ff623d98bf84
p:  249532.44022778628
5d1965a75bd5ff623d98bf87
p:  171956.5026091919
5d1967b9773b88b8a498c017
p:  180326.329890795
5d19683b2639bc7e4e98bfb3
p:  393319.89598382567
5d1969956a481dc1b298bfc6
p:  186004.56305015617
5d1969ec1117a1a0e098bf37
p:  164767.8165088907
5d1969f46a481dc1b298bfc9
p:  338602.4667672983
5d196c8ba49bf2420898bf9f
p:  148191.88057853526
5d196cb5a49bf2420898bfa1
p:  139065.73470140106
5d196d8bcba0b9038c98bfb0
p:  237049.4388240145
5d196df5253e7cfd9b98c059
p:  153300.59191517415
5d196e3df1995f016e98bff5
p:  216735.8201442769
5d196e92253e7cfd9b98c05d
p:  148894.14425503789
5d196ebaf1995f016e98bff6
p:  141883.15663833584
5d196ed9a49bf2420898bfa7
p:  173892.31377605605
5d196f042639bc7e4e98bfc9
p:  398296.87823479454
5d196f1a2639bc7e4e98bfca
p:  146126.4100472831
5d196f6af1995f016e98bffa
p:  153643.3927457314
5d196f771ad6fcf5a898bf89
p:  142697.1113488394
5d196f79f1995f016e98bffb
p:  216735.8201442769
5d1970b0a49bf2420898bfac
p:  294669.3450692664
5d1970c2f1995f016e98bffe
p:  150564.10427863128
5d1971ac6a481dc1b298bfe1
p:  130556.23110015929
5d19726ca49bf2420898bfaf
p:  972442.2733739908
5d198d7b5bd5ff623d98bff3
p:  186908.82537857944
5d198df85bd5ff623d98bff7
p:  166623.06040719966
5d198fd66a481dc1b298c028
p:  350919.1534203838
5d199079253e7cfd9b98c09d
p:  159265.4107374305
5d1990d6773b88b8a498c05b
p:  243786.3348500912
5d1990e8773b88b8a498c05c
p:  123437.89592226231
5d19927da49bf2420898c003
p:  229900.32752955306
5d1992caa49bf2420898c005
p:  226681.2489604675
5d19932d2639bc7e4e98c011
p:  235321.7344338884
5d1993716a481dc1b298c02f
p:  410230.1010735063
5d1994b76a481dc1b298c032
p:  260806.7432607931
5d1995615bd5ff623d98c00d
p:  240256.26886914123
5d19957c5bd5ff623d98c00e
p:  304190.75958601397
5d1995b45bd5ff623d98c010
p:  209649.32591453876
5d1995d05bd5ff623d98c011
p:  627933.181160851
5d1995e85bd5ff623d98c012
p:  399351.559787443
5d1996165bd5ff623d98c013
p:  321206.929961174
5d19963d5bd5ff623d98c014
p:  340430.6656251193
5d1998605bd5ff623d98c01c
p:  222804.17990576703
5d1998825bd5ff623d98c01d
p:  209649.32591453876
5d1998d05bd5ff623d98c01f
p:  281476.8390957486
5d199acf5bd5ff623d98c023
p:  335744.3763534671
5d19a5ce5bd5ff623d98c03c
p:  155304.30615858673
5d19a6d65bd5ff623d98c03f
p:  456231.28824564145
5d19a795dad9279a9898bfcb
p:  287250.4627312316
5d19a93f1117a1a0e098bfaf
p:  376064.8945018634
5d19a9622639bc7e4e98c03e
p:  141517.17328965754
5d19adfd2639bc7e4e98c049
p:  432371.4545356677
5d19ae1aa49bf2420898c033
p:  164120.71247968948
5d19ae46f1995f016e98c08b
p:  167110.83511973897
5d19aea4cba0b9038c98c03e
p:  150427.26088067738
5d19af4b2639bc7e4e98c04b
p:  103974.94716387709
5d19afe3f1995f016e98c08c
p:  230395.91961668222
5d19b097cb18499f1c98c001
p:  152724.4247999202
5d19b0b1f1995f016e98c093
p:  77909.13367207043
5d19b0d9cb18499f1c98c002
p:  100305.13908443475
5d19b1315bd5ff623d98c051
p:  561825.4975029172
5d19b14cdad9279a9898bff0
p:  106766.76000346166
5d19b164cba0b9038c98c042
p:  174862.00499466519
5d19b1cd2639bc7e4e98c051
p:  152253.5933137251
5d19b2ca2639bc7e4e98c057
p:  153835.25855769997
5d19b662cba0b9038c98c053
p:  261956.41994268398
5d1b9fd403ecbb08e0bf6139
p:  491482.48122562916
5d1bbf4803ecbb08e0bf61b6
p:  164100.5846006375
5d1beeaface1dc92afbf615f
p:  150097.376392554
5d1bf0dd9a09039cfebf617f
p:  226047.94957532937
5d1bf17e31fd6d0467bf61bc
p:  331929.9914819016
5d1bf23c9a09039cfebf6184
p:  214752.2933717129
5d1bf282ace1dc92afbf6169
p:  178568.36676976588
5d1bf3e90c9835cb1cbf619f
p:  79879.58692026578
5d1bf49a31fd6d0467bf61c0
p:  185467.4221691175
5d1bf54c31fd6d0467bf61c1
p:  256710.1022112969
5d1bf58944e84c1c89bf6183
p:  130753.04409674302
5d1bf5ae44e84c1c89bf6185
p:  187826.09617314258
5d1bf5c344e84c1c89bf6186
p:  430775.2701460253
5d1bf625b079a54b3fbf6186
p:  199540.66689489223
5d1bf7899a09039cfebf618c
p:  539370.1863298193
5d1bf7f403ecbb08e0bf6254
p:  198302.20323729902
5d1bf8ca31fd6d0467bf61cc
p:  296108.9929072002
5d1bf91631fd6d0467bf61ce
p:  164584.92958232798
5d1bf95b44e84c1c89bf618f
p:  93779.36952415842
5d1bf99244e84c1c89bf6190
p:  144834.19373529014
5d1bf9f0f9679e3d48bf61ae
p:  215751.72917396552
5d1bf9f444e84c1c89bf6193
p:  311057.76511683
5d1bf9f603ecbb08e0bf625a
p:  135684.45367981086
5d1bf9fb261b00c203bf61c5
p:  406609.74198669486
5d1bfa020c9835cb1cbf61a6
p:  137949.4987350937
5d1bfa3003ecbb08e0bf625b
p:  148047.39486844945
5d1bfa4ad20de94622bf6159
p:  75620.98982524872
5d1bfa5c03ecbb08e0bf625c
p:  214487.96740850792
5d1bfa7303ecbb08e0bf625d
p:  219944.53673789202
5d1bfa829a09039cfebf618e
p:  135434.9834114214
5d1bfa929a09039cfebf618f
p:  158973.24763387136
5d1bfa9407ba71e068bf61b2
p:  142697.1113488394
5d1bfa9e4ee0944db1bf6186
p:  144667.16238763317
5d1bfac007ba71e068bf61b3
p:  186961.27167962719
5d1bfadc261b00c203bf61c6
p:  196221.8200216238
5d1bfae207ba71e068bf61b4
p:  142505.96887463925
5d1bfb04b079a54b3fbf618e
p:  66807.65910390578
5d1bfb274ee0944db1bf618c
p:  67614.83563043189
5d1bfb64b079a54b3fbf6192
p:  116632.58867691478
5d1bfbc331fd6d0467bf61d0
p:  140933.3294073429
5d1bfc1144e84c1c89bf6196
p:  133715.09626505667
5d1bfe514ee0944db1bf618f
p:  367440.5620830136
5d1bfe944ee0944db1bf6191
p:  153941.26313505275
5d1c0a6bd20de94622bf6183
p:  124135.75027074489
5d1c0a93d20de94622bf6185
p:  105588.11782143984
5d1c0c9dd20de94622bf6188
p:  222804.17990576703
5d1c0d4ad20de94622bf618b
p:  269618.3363615107
5d1c0d7303ecbb08e0bf6274
p:  151438.5875561493
5d1c0dc2fb97897b36bf618f
p:  272744.10924365197
5d1c0f59d20de94622bf6190
p:  425221.72562552884
5d1c1059d20de94622bf6192
p:  915947.7042642727
5d1c124ed20de94622bf6199
p:  321821.47626112995
5d1c16cff9679e3d48bf61d5
p:  276006.6929112468
5d1c17b91dc6ca5f29bf61dc
p:  188089.17329246164
5d1c18544ee0944db1bf61c0
p:  92694.70662712315
5d1c1acb07ba71e068bf61ea
p:  125391.65454791341
5d1c1adb830611d6cebf6252
p:  149833.86697352573
5d1c1b17b079a54b3fbf61bc
p:  163684.08417131304
5d1c1b3a4ee0944db1bf61c6
p:  151281.45393828297
5d1c1b54d20de94622bf61af
p:  348478.09215319343
5d1c1b6cd20de94622bf61b1
p:  265991.5752844501
5d1c1bb6b079a54b3fbf61bf
p:  163684.08417131304
5d1c1c150c9835cb1cbf61d8
p:  258729.1102292975
5d1c1c200c9835cb1cbf61d9
p:  265109.0667011378
5d26b049107c1d579eeb69b6
p:  242490.14434719388
5d2b108447cfe46363877b32
p:  185889.50166169746
5d2cc29faa1ce31ade80b06a
p:  145369.9464315913
5d38a0b6dd2d94d3c8b03bdf
p:  315619.0760188233
5d3e8c92f046cd7a6407b605
p:  469618.1518923545
For ['Columbia', 'Dutchess', 'Orange', 'Putnam', 'Rockland', 'Ulster', 'Westchester']#################################################################
train score for random_forest: 0.949545311127418
test score for random_forest: 0.6876541096623185
The mean absolute error is:$ 199436.3531395298
r_Score: 0.7100093920951047
Voting Regressor (in): 0.9284293981446771
Voting Regressor: 0.7100093920951047
5d0b504219aeb54ebe6efb9f
p:  441121.9200416375
5d0b5a7919aeb54ebe6efbea
p:  214366.74165968667
5d0b5ac419aeb54ebe6efbed
p:  127458.47230093153
5d0d4ae0ae78f7f2d314ae87
p:  2223347.1991247823
5d0e6e2fa79468be448f8ccf
p:  429467.8522890937
5d0e87aa45ebd0b4c32fcf57
p:  565445.7809222948
5d0e977619f56a0d5b8f8dbd
p:  763126.6817003076
5d12bd7aee5ab3d3288d6f46
p:  582756.4246023577
5d12bf6df2aa3985d98d6f60
p:  1529891.7448602093
5d12bfe7f2aa3985d98d6f63
p:  1085771.0561573782
5d12bfefed253442958d6f17
p:  901891.9480849929
5d12bff5ed253442958d6f18
p:  893946.3586149523
5d12bffaed253442958d6f19
p:  988947.1898775754
5d12c00ced253442958d6f1b
p:  1072754.607480583
5d12c02aed253442958d6f1f
p:  789720.986675587
5d12c038ed253442958d6f21
p:  1412747.1751404288
5d12c08ded253442958d6f24
p:  1218094.079039161
5d12c09aed253442958d6f26
p:  785438.9425390236
5d12c10df2aa3985d98d6f67
p:  1930748.854289333
5d12c188f2aa3985d98d6f6b
p:  539574.8355408557
5d12c2198d6359212a8d6f2b
p:  246931.25838937197
5d12c2db8d6359212a8d6f38
p:  405419.6871892608
5d12c2ffee5ab3d3288d6f68
p:  514203.87064890267
5d12c361ed253442958d6f32
p:  2081475.0844919127
5d12c374ee5ab3d3288d6f6b
p:  599877.1378658791
5d12c3c45c0218d6728d6f94
p:  247937.8176228741
5d12c55aed253442958d6f37
p:  1266886.6823742683
5d12c5b48d6359212a8d6f4e
p:  493927.91157875326
5d12c674984181038f8d6fe8
p:  828192.1948221419
5d12c6a4b5c528bac08d6f5b
p:  215893.84122610447
5d12c6b7984181038f8d6fef
p:  1021771.1534421036
5d12c6df984181038f8d6ff3
p:  605606.4741166425
5d12c736984181038f8d6ffa
p:  1141241.2897070914
5d12c73e984181038f8d6ffb
p:  947743.4431530697
5d12c75df2aa3985d98d6f7c
p:  917734.444289596
5d12c77452352a45ca8d6fbc
p:  508062.02559962415
5d12c816984181038f8d700e
p:  560846.9926993545
5d12c81db5c528bac08d6f60
p:  490986.5300858182
5d12c8425c0218d6728d6fae
p:  245309.6565354821
5d12c8668d6359212a8d6f69
p:  390622.6121773712
5d12c8a9984181038f8d701b
p:  613489.1926287413
5d12c8bd1c4614f8968d6faf
p:  495672.7278766027
5d12c8c7984181038f8d701e
p:  515639.1986547073
5d12c8dd1c4614f8968d6fb0
p:  525757.291995698
5d12c8ed984181038f8d7022
p:  669720.6589467875
5d12c91e984181038f8d7027
p:  540122.4974617977
5d12c9441c4614f8968d6fb4
p:  370785.88109893136
5d12c9771c4614f8968d6fb6
p:  466597.9035083052
5d12c9cdd9b4f06e7d8d6f40
p:  440927.65379410546
5d12c9f6ee5ab3d3288d6f94
p:  632502.8111743003
5d12ca871c4614f8968d6fc2
p:  651168.5973514119
5d12ca9e984181038f8d7049
p:  446749.82544265257
5d12cad8d9b4f06e7d8d6f43
p:  575332.4001941939
5d12cafe1c4614f8968d6fc9
p:  270106.6190272152
5d12cb27d9b4f06e7d8d6f4a
p:  617032.1495764774
5d12cb892b74cf49688d6f07
p:  440116.9639910372
5d12cbaa2b74cf49688d6f0a
p:  1010549.2994480925
5d12cbad52352a45ca8d6fce
p:  616091.7529379998
5d12cbb352352a45ca8d6fcf
p:  982132.4696864663
5d12cbb752352a45ca8d6fd0
p:  793749.7510750055
5d12cc475c0218d6728d6fbe
p:  117899.82729152325
5d12cc515c0218d6728d6fbf
p:  256309.41730080752
5d12cc9652352a45ca8d6fd3
p:  359879.9349931202
5d12ccf5f2aa3985d98d6f8c
p:  606896.1346093718
5d12cd09f2aa3985d98d6f8d
p:  737507.3034655955
5d12cd4a8d6359212a8d6f80
p:  942168.3397665469
5d12cdb92b74cf49688d6f17
p:  752132.0840769473
5d12cdc25c0218d6728d6fc5
p:  169102.00886588913
5d12ceb1b5c528bac08d6f8c
p:  1177081.1505626738
5d12cec6b5c528bac08d6f8d
p:  1351633.018750672
5d12cf88ed253442958d6f4c
p:  2284670.1423899005
5d12cfbeb5c528bac08d6f90
p:  921181.6074229962
5d12d00052352a45ca8d6fda
p:  522036.28915916884
5d12d054ed253442958d6f4f
p:  1187731.5409668803
5d12d0e952352a45ca8d6fe1
p:  616091.7529379998
5d12d11b2b74cf49688d6f21
p:  644838.2394987172
5d12d13fb5c528bac08d6f93
p:  602360.4325571922
5d12d145b5c528bac08d6f94
p:  1092048.7055709604
5d12d17352352a45ca8d6fe7
p:  1231081.0966623279
5d12d1a4b5c528bac08d6f96
p:  1616010.9544649064
5d12d1b1b5c528bac08d6f99
p:  888272.1313173409
5d12d1b5b5c528bac08d6f9a
p:  306510.695666271
5d12d1b9b5c528bac08d6f9b
p:  1006675.2417962471
5d12d2002b74cf49688d6f24
p:  226151.19291780808
5d12d2462b74cf49688d6f25
p:  446010.87311076914
5d12d252b5c528bac08d6f9d
p:  387817.44006460084
5d12d28d2b74cf49688d6f26
p:  411402.83477382816
5d12d2c0c5d1032dbf8d6fc9
p:  570384.1629586918
5d12d358b5c528bac08d6fa8
p:  404639.26979487773
5d12d36df2aa3985d98d6fa6
p:  997450.7474687961
5d12d3b9b5c528bac08d6fad
p:  939666.3264835118
5d12d3d88d6359212a8d6f9e
p:  173943.08043190354
5d12d3dcb5c528bac08d6fae
p:  340571.4889434697
5d12d3deb7ae3de20d8d6fad
p:  727102.474653091
5d12d3e6ee5ab3d3288d6fab
p:  769037.671624448
5d12d3f2b5c528bac08d6faf
p:  644629.3340876371
5d12d434b5c528bac08d6fb3
p:  594077.7308350655
5d12d44ab5c528bac08d6fb4
p:  644629.3340876371
5d12d47652352a45ca8d6fee
p:  931802.8977423513
5d12d4aab5c528bac08d6fb9
p:  628966.2953267524
5d12d4d4984181038f8d706e
p:  172954.88371260208
5d12d4eded253442958d6f5a
p:  243963.86509249383
5d12d507ed253442958d6f5c
p:  638022.0373441295
5d12d547b7ae3de20d8d6fb5
p:  321169.7895922654
5d12d54e1c4614f8968d6ff9
p:  327835.0550555661
5d12d569984181038f8d7076
p:  191195.733773197
5d12d5791c4614f8968d6ffa
p:  321416.1279222203
5d12d652984181038f8d7079
p:  133435.37118974153
5d12d65a984181038f8d707a
p:  305379.27786206093
5d12d725984181038f8d7080
p:  805214.4990036758
5d12d72f984181038f8d7081
p:  404372.71159164
5d12d75df2aa3985d98d6fb4
p:  459201.70603031764
5d12d7615c0218d6728d700e
p:  285802.6016914044
5d12d796c5d1032dbf8d6fdd
p:  1009985.6501776931
5d12d7b4984181038f8d7085
p:  431462.6453216529
5d12d7d5c5d1032dbf8d6fe0
p:  1778380.350046528
5d12d7ec52352a45ca8d6ffb
p:  805456.1104235913
5d12d7f652352a45ca8d6ffd
p:  434680.90043760324
5d12d82bc5d1032dbf8d6fe1
p:  6075448.057765961
5d12d83ff2aa3985d98d6fb5
p:  254192.18907764036
5d12d858f2aa3985d98d6fb7
p:  136782.23525762605
5d12d85ef2aa3985d98d6fb8
p:  329649.9347617803
5d12d873f2aa3985d98d6fbb
p:  1142780.5756456878
5d12d8aff2aa3985d98d6fc1
p:  195379.92660972534
5d12d8c1984181038f8d7090
p:  481972.73326240416
5d12d8d42b74cf49688d6f44
p:  237496.02434679022
5d12d8ec2b74cf49688d6f47
p:  165055.6774935687
5d12d8f8b5c528bac08d6fcd
p:  948810.9212891419
5d12d9072b74cf49688d6f4b
p:  382800.5852265644
5d12d90d2b74cf49688d6f4c
p:  372085.5031461071
5d12d9112b74cf49688d6f4d
p:  675881.1949869539
5d12d9162b74cf49688d6f4e
p:  258403.23354318517
5d12d97252352a45ca8d6fff
p:  731360.1931703775
5d12d97a52352a45ca8d7000
p:  960024.1766837998
5d12d97b8d6359212a8d6fab
p:  495550.37199437007
5d12d97bee5ab3d3288d6fce
p:  1275806.293170836
5d12d987ee5ab3d3288d6fd0
p:  666552.6358275851
5d12d98fee5ab3d3288d6fd1
p:  630828.1504849452
5d12d9a552352a45ca8d7003
p:  689085.7136581335
5d12d9ba52352a45ca8d7006
p:  248351.43931281136
5d12d9c5b7ae3de20d8d6fc7
p:  371484.7099663535
5d12da13d9b4f06e7d8d6f90
p:  316453.80092056
5d12da4a52352a45ca8d7009
p:  934460.2581013637
5d12da561c4614f8968d7004
p:  287388.3699953383
5d12da69d9b4f06e7d8d6f93
p:  484860.90956665186
5d12da6c52352a45ca8d700d
p:  967438.917813368
5d12da7552352a45ca8d700e
p:  1581886.9947681879
5d12da7b52352a45ca8d700f
p:  1076920.8699238384
5d12da9ded253442958d6f64
p:  530338.990249306
5d12dabeed253442958d6f65
p:  1315394.4766536413
5d12dadb5c0218d6728d7013
p:  169829.96105099248
5d12db08b5c528bac08d6fd2
p:  436497.1761858789
5d12db2a52352a45ca8d7014
p:  252732.43735265348
5d12db8152352a45ca8d7016
p:  864159.7053598302
5d12db94b5c528bac08d6fd4
p:  111032.43357351472
5d12db96ee5ab3d3288d6fe1
p:  1824009.4686044392
5d12db9fd9b4f06e7d8d6f9a
p:  415717.6059909662
5d12dc0b52352a45ca8d701e
p:  558832.9437945464
5d12dc1eed253442958d6f68
p:  1407248.209129408
5d12dc8a8d6359212a8d6fbd
p:  311582.37273040565
5d12dcb58d6359212a8d6fc3
p:  315934.32774739957
5d12dd02d9b4f06e7d8d6fa9
p:  2012795.4240296606
5d12dd4652352a45ca8d7027
p:  835319.9603166515
5d12dd4a52352a45ca8d7028
p:  1086334.1225362904
5d12dda32b74cf49688d6f5e
p:  148872.7915950677
5d12ddd8d9b4f06e7d8d6fae
p:  2741007.9930822416
5d12de1cb7ae3de20d8d6fea
p:  256078.88471816512
5d12de312b74cf49688d6f66
p:  342177.0149258169
5d12de4d2b74cf49688d6f69
p:  414913.88058327703
5d12de672b74cf49688d6f6b
p:  469342.91586735443
5d12df36ed253442958d6f70
p:  1548829.155520835
5d12df38f2aa3985d98d6fe4
p:  456428.6778866395
5d12df61eb124ac95b8d6ff7
p:  313369.251253976
5d12e0471c4614f8968d7028
p:  221570.2781661512
5d12e0741c4614f8968d702b
p:  414062.12431349495
5d12e0c3b7ae3de20d8d6ff4
p:  966212.8722096743
5d12e139ed253442958d6f76
p:  2001415.8683093728
5d12e1411c4614f8968d7032
p:  364884.01741782407
5d12e15052352a45ca8d702f
p:  699037.6434112929
5d12e19ac5d1032dbf8d6ffe
p:  1130789.7870318862
5d12e19bed253442958d6f7b
p:  1035949.7423174015
5d12e1a4ed253442958d6f7c
p:  1169686.8034206484
5d12e23052352a45ca8d7032
p:  1370198.3623283794
5d12e23e52352a45ca8d7033
p:  580250.9239695056
5d12e24452352a45ca8d7034
p:  347056.64902436663
5d12e264ee5ab3d3288d6ff0
p:  443222.67935866036
5d12e2cbd9b4f06e7d8d6fc0
p:  1398125.4060846977
5d12e32152352a45ca8d703a
p:  1385410.402589757
5d12e34dd9b4f06e7d8d6fc6
p:  850505.5537143145
5d12e3b4d9b4f06e7d8d6fc8
p:  838585.3121973128
5d12e3b4c5d1032dbf8d7009
p:  2065392.3792476985
5d12e3d052352a45ca8d703b
p:  768243.4093788755
5d12e42f1c4614f8968d7040
p:  295082.3071848015
5d12e44dc5d1032dbf8d7012
p:  2620334.4303456955
5d12e4aaee5ab3d3288d7005
p:  516115.2759010676
5d12e4d3ed253442958d6f83
p:  1286811.1224579127
5d12e522d9b4f06e7d8d6fdb
p:  844742.1706421322
5d12e52ad9b4f06e7d8d6fdc
p:  1190287.4616433692
5d12e5c8c5d1032dbf8d701b
p:  2899908.4054669775
5d12e5d8eb124ac95b8d7005
p:  750565.074530976
5d12e6125c0218d6728d7041
p:  887715.5188832844
5d12e61e5c0218d6728d7042
p:  919505.9898247283
5d12e63c5c0218d6728d7044
p:  991466.0578124147
5d12e6511c4614f8968d7069
p:  444745.80206459924
5d12e6555c0218d6728d7045
p:  1066265.251764934
5d12e6775c0218d6728d7048
p:  691296.1818886534
5d12e685c5d1032dbf8d7026
p:  847713.4644000705
5d12e6892b74cf49688d6f8c
p:  5072809.319810068
5d12e6b6ed253442958d6f88
p:  312639.30684633926
5d12e6bd52352a45ca8d7048
p:  721502.544011265
5d12e6d152352a45ca8d704a
p:  709416.9365122239
5d12e6e62b74cf49688d6f95
p:  1075969.348017173
5d12e6ef2b74cf49688d6f96
p:  1618349.5341377899
5d12e6f72b74cf49688d6f97
p:  950127.8491592705
5d12e6f85c0218d6728d7049
p:  1279025.9558520452
5d12e70a5c0218d6728d704a
p:  746372.2588750152
5d12e70b52352a45ca8d704e
p:  864159.7053598302
5d12e72c1c4614f8968d7077
p:  5842905.219624711
5d12e7595c0218d6728d704b
p:  709062.1084549994
5d12e75d5c0218d6728d704c
p:  686649.2434046679
5d12e781b5c528bac08d7007
p:  313563.7293465162
5d12e791b5c528bac08d700a
p:  419102.9906411916
5d12e7a55c0218d6728d704f
p:  891131.0962541879
5d12e7aa2b74cf49688d6f9d
p:  837831.0670531109
5d12e7b82b74cf49688d6f9f
p:  2200803.7730669496
5d12e87cee5ab3d3288d7010
p:  397015.72331611975
5d12e91db5c528bac08d7018
p:  578899.4660877718
5d12e946c5d1032dbf8d703f
p:  209537.85100969634
5d12e9bf52352a45ca8d7055
p:  541438.7760300058
5d12e9c61c4614f8968d7086
p:  820867.8782089609
5d12e9ca52352a45ca8d7056
p:  307372.8331519023
5d12e9eb1c4614f8968d7088
p:  197538.12303454237
5d12ea1a984181038f8d70d8
p:  454035.2366456421
5d12eaac52352a45ca8d705c
p:  368987.2950570609
5d12eacb1c4614f8968d708d
p:  350002.31096257013
5d12eacfc5d1032dbf8d704d
p:  964101.0497596166
5d12eb22b5c528bac08d701c
p:  152741.30667030608
5d12eb4c984181038f8d70dd
p:  329155.93139341497
5d12ebac5c0218d6728d705b
p:  769774.9902798051
5d12ebb9ee5ab3d3288d7018
p:  1296901.0206691087
5d12ebc92b74cf49688d6fb1
p:  550133.2992561484
5d12ebcd5c0218d6728d705c
p:  874251.4555228185
5d12ebf51c4614f8968d7094
p:  554699.2493807938
5d12ec005c0218d6728d705d
p:  884723.3604833923
5d12ec0c2b74cf49688d6fb2
p:  1017356.9904118909
5d12ec162b74cf49688d6fb3
p:  3367854.8336885516
5d12ec211c4614f8968d709a
p:  277007.5474887723
5d12ec222b74cf49688d6fb5
p:  1034745.3277605858
5d12ec3eeb124ac95b8d7018
p:  721952.889446587
5d12ec6d2b74cf49688d6fb8
p:  1107137.8529054064
5d12ec92ed253442958d6f91
p:  3040516.7391341436
5d12ec9f2b74cf49688d6fba
p:  890450.6818328337
5d12ecb58d6359212a8d6ff8
p:  1266030.470853739
5d12ece6984181038f8d70e6
p:  806844.1161674845
5d12ed48c5d1032dbf8d705c
p:  858859.9518035661
5d12ed5ac5d1032dbf8d705d
p:  279752.0520449111
5d12ed71c5d1032dbf8d705e
p:  638064.2315900656
5d12ed8ec5d1032dbf8d705f
p:  243758.28735474386
5d12ed932b74cf49688d6fc1
p:  806874.6423473948
5d12edc35c0218d6728d7064
p:  558264.9725859773
5d12edd85c0218d6728d7066
p:  697027.4942363709
5d12edeaee5ab3d3288d701b
p:  1341521.735822259
5d12ee07c5d1032dbf8d7065
p:  964152.4008004679
5d12ee3cb7ae3de20d8d702c
p:  293421.7499245102
5d12ee645c0218d6728d706a
p:  1390711.4238652731
5d12eeb452352a45ca8d707e
p:  219333.60256030492
5d12eed4984181038f8d70ef
p:  470453.74963341374
5d12eee3f2aa3985d98d7022
p:  871134.0274413691
5d12eef1f2aa3985d98d7023
p:  645510.9350893195
5d12ef352b74cf49688d6fc5
p:  2042184.057472889
5d12ef5beb124ac95b8d702c
p:  251599.43335598506
5d12ef812b74cf49688d6fc9
p:  1886079.5760524229
5d12ef89c5d1032dbf8d7079
p:  213395.4270825499
5d12ef8aeb124ac95b8d7033
p:  879918.3558510009
5d12ef8c52352a45ca8d7086
p:  466314.8720176129
5d12ef932b74cf49688d6fca
p:  1972864.0781501033
5d12ef945c0218d6728d706e
p:  1526386.2126290456
5d12efa62b74cf49688d6fcb
p:  839461.5486753773
5d12efbe2b74cf49688d6fcc
p:  1506291.6067690046
5d12efcaed253442958d6f9f
p:  2696411.3886952037
5d12efe2b7ae3de20d8d7033
p:  294454.18494520604
5d12f01fd9b4f06e7d8d7014
p:  537222.8976358499
5d12f023b7ae3de20d8d7035
p:  412753.69582786935
5d12f02b2b74cf49688d6fd1
p:  874677.9717150143
5d12f044eb124ac95b8d7037
p:  255847.85294213652
5d12f04fd9b4f06e7d8d7016
p:  183719.91482361022
5d12f08cf2aa3985d98d7027
p:  803800.6946937426
5d12f098b7ae3de20d8d703e
p:  632375.7376217288
5d12f09aeb124ac95b8d7039
p:  819180.9634639752
5d12f0a5f2aa3985d98d7029
p:  996578.8633871007
5d12f0b5eb124ac95b8d703a
p:  592422.6588475981
5d12f123eb124ac95b8d703d
p:  408195.39391249185
5d12f1298d6359212a8d7000
p:  613302.6157700641
5d12f157f2aa3985d98d702f
p:  394204.83056343533
5d12f1608d6359212a8d7003
p:  356770.39820711757
5d12f17b5c0218d6728d7074
p:  709062.1084549994
5d12f1cab7ae3de20d8d7048
p:  347511.32845250424
5d12f1df5c0218d6728d707d
p:  976573.5738846676
5d12f1e72b74cf49688d6fdb
p:  1549879.3285913514
5d12f21b5c0218d6728d7082
p:  758940.8709226913
5d12f230ed253442958d6faf
p:  864508.669457406
5d12f232984181038f8d70f6
p:  306959.33750239585
5d12f2378d6359212a8d7007
p:  770218.0654425025
5d12f245ed253442958d6fb3
p:  864508.669457406
5d12f26bd9b4f06e7d8d701c
p:  629214.3622932252
5d12f2bbd9b4f06e7d8d7026
p:  743037.0477565533
5d12f2d7d9b4f06e7d8d7028
p:  266272.85046018864
5d12f2ebf2aa3985d98d7033
p:  452669.9267150493
5d12f2ed5c0218d6728d7084
p:  2233945.0948734125
5d12f31ab5c528bac08d7042
p:  214418.3982255605
5d12f31c5c0218d6728d7089
p:  844582.6900716409
5d12f333b5c528bac08d7046
p:  165783.67145768198
5d12f35152352a45ca8d709a
p:  521628.93115053046
5d12f351f2aa3985d98d7037
p:  689711.8170156304
5d12f3622b74cf49688d6fdf
p:  1039196.0429674
5d12f371ee5ab3d3288d7033
p:  328119.81780527125
5d12f379d9b4f06e7d8d703a
p:  830678.6912612654
5d12f38ef2aa3985d98d703c
p:  884984.7232921834
5d12f3bc52352a45ca8d709b
p:  159773.6590981078
5d12f3d0eb124ac95b8d7048
p:  651061.2652532684
5d12f3d4984181038f8d70fe
p:  782814.3788842383
5d12f3dd984181038f8d70ff
p:  264368.2393298238
5d12f3eeb5c528bac08d704c
p:  363773.5868126708
5d12f44252352a45ca8d709f
p:  553123.9496147154
5d12f444b5c528bac08d7052
p:  388099.5087088058
5d12f44db7ae3de20d8d7055
p:  331422.67907088844
5d12f46952352a45ca8d70a1
p:  252977.3210329868
5d12f46f8d6359212a8d700b
p:  835163.6222182383
5d12f4bc984181038f8d710b
p:  448660.6864813396
5d12f4c65c0218d6728d708d
p:  558264.9725859773
5d12f4d6b5c528bac08d705c
p:  970469.3822188206
5d12f4de52352a45ca8d70a4
p:  426892.8081681464
5d12f4e55c0218d6728d708f
p:  1232077.9936338556
5d12f50052352a45ca8d70aa
p:  1168125.7826173082
5d12f51d52352a45ca8d70af
p:  396134.8445579598
5d12f52d5c0218d6728d7096
p:  746963.2298613491
5d12f52d52352a45ca8d70b2
p:  593725.8755938918
5d12f53252352a45ca8d70b3
p:  347719.7836642567
5d12f5355c0218d6728d7097
p:  862712.4095848956
5d12f53c8d6359212a8d700f
p:  505283.6722079344
5d12f54d5c0218d6728d709a
p:  2295385.7176852683
5d12f56a2b74cf49688d6fe9
p:  925138.0764422386
5d12f574c5d1032dbf8d708d
p:  888709.4769186705
5d12f577eb124ac95b8d704e
p:  956029.1830019723
5d12f5875c0218d6728d709e
p:  1316571.0034353607
5d12f59d52352a45ca8d70b4
p:  202404.50921634847
5d12f5c65c0218d6728d70a3
p:  1092214.5721772928
5d12f5e38d6359212a8d7010
p:  339327.5863108089
5d12f609b5c528bac08d7061
p:  546934.8685319265
5d12f60b2b74cf49688d6ff9
p:  1152191.7268162866
5d12f60b5c0218d6728d70a7
p:  579083.4276951277
5d12f678b5c528bac08d7066
p:  198306.52834191936
5d12f699984181038f8d7115
p:  163503.388549996
5d12f6a25c0218d6728d70ae
p:  4535158.573918337
5d12f6a6d9b4f06e7d8d7046
p:  1129470.4810720447
5d12f6ac5c0218d6728d70af
p:  828592.0168554371
5d12f6ba5c0218d6728d70b0
p:  802095.3962460882
5d12f6c4f2aa3985d98d704b
p:  203716.3377539497
5d12f6de2b74cf49688d700c
p:  519140.0325624886
5d12f6f352352a45ca8d70c3
p:  363048.563451484
5d12f7275c0218d6728d70b8
p:  207714.262832892
5d12f74452352a45ca8d70c4
p:  432014.7681622062
5d12f7525c0218d6728d70bc
p:  988797.1128675283
5d12f769eb124ac95b8d7052
p:  836163.3657841666
5d12f7695c0218d6728d70bd
p:  1348728.1403824151
5d12f76bed253442958d6fc1
p:  647978.4091309259
5d12f772eb124ac95b8d7053
p:  382928.22744267323
5d12f7815c0218d6728d70be
p:  958494.9096422135
5d12f7a052352a45ca8d70c6
p:  462193.22999535094
5d12f7a5eb124ac95b8d7055
p:  902559.6687886406
5d12f7b5eb124ac95b8d7058
p:  784518.2229775558
5d12f7d652352a45ca8d70c8
p:  553123.9496147154
5d12f7d8eb124ac95b8d705c
p:  1143112.3918977098
5d12f7dc52352a45ca8d70c9
p:  347719.7836642567
5d12f7e55c0218d6728d70c6
p:  1625452.0432577701
5d12f7fd984181038f8d711b
p:  461080.0303652091
5d12f81c5c0218d6728d70ca
p:  746372.2588750152
5d12f8275c0218d6728d70cb
p:  195994.27226727112
5d12f889ed253442958d6fc5
p:  615985.8097211048
5d12f88c1c4614f8968d70e3
p:  180801.46088736254
5d12f890eb124ac95b8d7065
p:  222840.62944688785
5d12f8945c0218d6728d70d5
p:  1174947.6915246285
5d12f89ab7ae3de20d8d7056
p:  572994.0227585
5d12f89e52352a45ca8d70cb
p:  274938.75052115216
5d12f8a852352a45ca8d70cc
p:  274938.75052115216
5d12f8d6b7ae3de20d8d705f
p:  572994.0227585
5d12f8ecb7ae3de20d8d7062
p:  651412.6017396732
5d12f8f3b7ae3de20d8d7063
p:  552611.9538897593
5d12f910ed253442958d6fc7
p:  1043393.1787671782
5d12f934c5d1032dbf8d709c
p:  236563.5284815026
5d12f96952352a45ca8d70d2
p:  365917.0706134469
5d12f97dee5ab3d3288d7050
p:  695550.4066714155
5d12f9cff2aa3985d98d7051
p:  416996.5955168505
5d12f9f1b7ae3de20d8d7066
p:  512733.206351761
5d12fa04b7ae3de20d8d7068
p:  384560.94042872195
5d12fa0cb7ae3de20d8d7069
p:  470332.8449422163
5d12fa1ab7ae3de20d8d706b
p:  392623.12926775916
5d12fa22b7ae3de20d8d706c
p:  280169.52511660696
5d12fa31ed253442958d6fce
p:  246678.63377416547
5d12fa4feb124ac95b8d706a
p:  225151.25468489257
5d12fa6cd9b4f06e7d8d704f
p:  332216.8562659445
5d12fafced253442958d6fd2
p:  1053314.9746391615
5d12fb1352352a45ca8d70e3
p:  507371.102903983
5d12fb36984181038f8d7124
p:  679024.3058135959
5d12fb41b7ae3de20d8d7072
p:  826024.1935682506
5d12fb60f2aa3985d98d7052
p:  415278.66154612997
5d12fb75b5c528bac08d7089
p:  198306.52834191936
5d12fb9bee5ab3d3288d705e
p:  2746767.6668511666
5d12fbe41c4614f8968d70f9
p:  1186869.3815237405
5d12fbe8984181038f8d7129
p:  510484.99745492917
5d12fbf51c4614f8968d70fc
p:  1130101.591918964
5d12fbf7ed253442958d6fd3
p:  2031221.229679434
5d12fc28ed253442958d6fd4
p:  192424.30266034446
5d12fc39eb124ac95b8d7070
p:  4160578.048985228
5d12fc471c4614f8968d7102
p:  1163721.332625988
5d12fc671c4614f8968d7104
p:  1354154.6568825233
5d12fc6a984181038f8d7130
p:  461330.90102952253
5d12fc7e1c4614f8968d7106
p:  1440361.0217466736
5d12fc8b1c4614f8968d7108
p:  519772.5324778134
5d12fcb5b5c528bac08d7096
p:  174397.352489237
5d12fccff2aa3985d98d7055
p:  278229.4984693248
5d12fce9ed253442958d6fd5
p:  569097.5934502019
5d12fd5eee5ab3d3288d7061
p:  413019.16340324143
5d12fd76f2aa3985d98d705b
p:  909972.2590793314
5d12fd85ee5ab3d3288d7063
p:  284076.6155747853
5d12fdaceb124ac95b8d7077
p:  176525.21026730895
5d12fdceeb124ac95b8d707b
p:  162460.47663894304
5d12fdd3eb124ac95b8d707c
p:  173553.56344258686
5d12fdecf2aa3985d98d7064
p:  211404.216379226
5d12fdfcf2aa3985d98d7067
p:  444871.8027281546
5d12fe26c5d1032dbf8d70ae
p:  646694.8585319293
5d12fe4db5c528bac08d70a8
p:  401450.26856379444
5d12fe6fb7ae3de20d8d7079
p:  463979.0238360893
5d12fe92b5c528bac08d70ad
p:  212900.6110747811
5d12fea0ed253442958d6fdd
p:  1027343.7577344489
5d12fea1b7ae3de20d8d707c
p:  372090.5999325178
5d12fed1ed253442958d6fe5
p:  870689.0254388084
5d12fed5f2aa3985d98d706a
p:  340381.03823694633
5d12fedbf2aa3985d98d706b
p:  340381.03823694633
5d12feeef2aa3985d98d706d
p:  646008.4875257598
5d12fef5f2aa3985d98d706e
p:  416287.8604830132
5d12ff03b5c528bac08d70b9
p:  644952.3027820745
5d12ff08b5c528bac08d70ba
p:  675408.4606417187
5d12ff0db5c528bac08d70bb
p:  106992.07337854357
5d12ff215c0218d6728d70e6
p:  514226.47320908227
5d12ff22c5d1032dbf8d70b4
p:  591671.3013126246
5d12ff34c5d1032dbf8d70b6
p:  676776.6967389286
5d12ff9a8d6359212a8d7033
p:  675503.1533088366
5d12ffa2d9b4f06e7d8d7070
p:  340858.67587229004
5d12ffbe2b74cf49688d7025
p:  967091.2626334914
5d12ffc1984181038f8d7144
p:  595781.1063857018
5d12ffc9d9b4f06e7d8d7072
p:  262288.8272146384
5d12ffcec5d1032dbf8d70ba
p:  346233.2464298226
5d12ffda8d6359212a8d7034
p:  170337.2995150671
5d12ffe5c5d1032dbf8d70bd
p:  142655.8441239273
5d12fff9b5c528bac08d70c0
p:  513417.8401385282
5d130003f2aa3985d98d7073
p:  609945.6920506052
5d13001952352a45ca8d70ff
p:  626981.9601375393
5d130022c5d1032dbf8d70c6
p:  142655.8441239273
5d13002b1c4614f8968d7110
p:  956318.7434550426
5d1300301c4614f8968d7111
p:  646076.1596127283
5d1300b2d9b4f06e7d8d7079
p:  162388.72792027617
5d1301c61c4614f8968d711b
p:  1536572.7330723256
5d130231984181038f8d714e
p:  519917.3519322509
5d13024eed253442958d6ff3
p:  1494415.076013616
5d130271ee5ab3d3288d7075
p:  318120.7092527088
5d130283ed253442958d6ff6
p:  1315861.6083568167
5d13028d52352a45ca8d710f
p:  686591.8526790352
5d1302a85c0218d6728d70f7
p:  1236694.8793627685
5d1302cf5c0218d6728d70f9
p:  463764.81399199995
5d1302ec52352a45ca8d7115
p:  697774.855461324
5d13036152352a45ca8d7119
p:  629000.721148309
5d130368b7ae3de20d8d709e
p:  125178.6110666687
5d13036ab5c528bac08d70c6
p:  376978.22865283256
5d13036d5c0218d6728d70ff
p:  1712795.57697673
5d130395c5d1032dbf8d70d7
p:  139896.07261767145
5d1303c4ed253442958d6ffe
p:  711926.0336754587
5d1303ff984181038f8d7157
p:  267641.95439643343
5d13040ec5d1032dbf8d70dc
p:  1561128.014435531
5d13042f52352a45ca8d711f
p:  560437.9181641106
5d130434b5c528bac08d70c7
p:  482921.01603001077
5d130449984181038f8d7159
p:  578430.2055924021
5d130466d9b4f06e7d8d7088
p:  251386.4258794434
5d13047eb5c528bac08d70d0
p:  482921.01603001077
5d1304828d6359212a8d7041
p:  140121.67023662032
5d1304998d6359212a8d7045
p:  170337.2995150671
5d1304c7ed253442958d7003
p:  204325.39173178474
5d1304f9c5d1032dbf8d70e0
p:  152180.78554166283
5d13058e984181038f8d7166
p:  434838.35902383574
5d1305a0f2aa3985d98d7091
p:  235617.65826745483
5d1305b2f2aa3985d98d7093
p:  285064.3054747285
5d1305baf2aa3985d98d7094
p:  160918.13200582835
5d1305bab7ae3de20d8d70a9
p:  388409.19021302246
5d1305bff2aa3985d98d7095
p:  402111.2597394014
5d1305ccf2aa3985d98d7097
p:  223393.7440486963
5d1305d4f2aa3985d98d7098
p:  172078.14096468178
5d1305d9eb124ac95b8d70ab
p:  270116.1210290815
5d1305fdeb124ac95b8d70ac
p:  184410.15819382545
5d1305ff8d6359212a8d704a
p:  744032.3868520736
5d1306182b74cf49688d7052
p:  297845.21923716564
5d13061deb124ac95b8d70ad
p:  129775.01212956209
5d13065a2b74cf49688d7056
p:  229179.8473703855
5d13066ab5c528bac08d70d7
p:  834469.8714417967
5d1306afc5d1032dbf8d70ef
p:  633079.3159380243
5d1306c3ed253442958d700b
p:  724821.5672354503
5d1306d0ee5ab3d3288d7080
p:  376304.80084355886
5d1307195c0218d6728d710e
p:  681973.0176836071
5d130742f2aa3985d98d709b
p:  147426.59651723562
5d130749b7ae3de20d8d70ad
p:  115693.9615044629
5d13075db7ae3de20d8d70ae
p:  406969.2539177484
5d13076eed253442958d7013
p:  329212.7883075042
5d13076e5c0218d6728d7111
p:  739859.8137364443
5d130773f2aa3985d98d709f
p:  177233.6355268929
5d130777ed253442958d7014
p:  1515900.776536807
5d130796eb124ac95b8d70b0
p:  302437.3632408535
5d1307b12b74cf49688d705b
p:  297845.21923716564
5d1307e9f2aa3985d98d70a6
p:  172078.14096468178
5d130820ed253442958d7016
p:  190366.67724533656
5d13087852352a45ca8d712d
p:  900913.7387072032
5d130898984181038f8d716e
p:  285764.66894975735
5d13089db5c528bac08d70e3
p:  458120.9487636379
5d1308b51c4614f8968d7145
p:  174093.3265578238
5d1308bab7ae3de20d8d70b8
p:  213968.36855137735
5d1308c3c5d1032dbf8d70fa
p:  366432.3068172871
5d1308ee1c4614f8968d714a
p:  118582.86036360894
5d1309478d6359212a8d705c
p:  258149.31504961953
5d13095c1c4614f8968d7152
p:  457251.1846166113
5d1309ac8d6359212a8d705f
p:  190163.7189130372
5d1309cd1c4614f8968d7159
p:  285188.22616126644
5d1309f3984181038f8d7172
p:  130413.59246979101
5d1309fa984181038f8d7173
p:  166439.28831825242
5d130a58ee5ab3d3288d7096
p:  251799.8284202643
5d130a5e1c4614f8968d7163
p:  227870.04350800533
5d130ac41c4614f8968d716b
p:  582933.1477365928
5d130accf2aa3985d98d70b8
p:  321362.7002229119
5d130aceeb124ac95b8d70bb
p:  103892.15686799405
5d130adeed253442958d701e
p:  713610.7698085471
5d130b1c8d6359212a8d7066
p:  200287.40993245604
5d130b502b74cf49688d7068
p:  299123.55831311445
5d130ba852352a45ca8d713b
p:  326503.46909119387
5d130bb2eb124ac95b8d70c1
p:  426624.5450516035
5d130bf8ee5ab3d3288d709d
p:  168958.2352401871
5d130bfb984181038f8d7177
p:  633487.6081423071
5d130c018d6359212a8d7069
p:  168958.2352401871
5d130c13984181038f8d7179
p:  239504.6274979831
5d130c3bc5d1032dbf8d7107
p:  847344.4546750102
5d130c73984181038f8d717c
p:  239682.34186336666
5d130c9c8d6359212a8d706b
p:  277024.61599399574
5d130caceb124ac95b8d70c6
p:  220602.72427589566
5d130cc752352a45ca8d713d
p:  693626.7143390919
5d130ccdf2aa3985d98d70c3
p:  250180.67485464754
5d130ce28d6359212a8d706c
p:  192008.46495408338
5d130d0052352a45ca8d7141
p:  371617.8510361351
5d130d3ac5d1032dbf8d710a
p:  549453.3186834184
5d130d46c5d1032dbf8d710c
p:  631445.1575081716
5d130d495c0218d6728d7128
p:  889256.9446980688
5d130d4cc5d1032dbf8d710d
p:  143380.8678815209
5d130d5bee5ab3d3288d70a8
p:  144369.6250147782
5d130d76ee5ab3d3288d70ab
p:  247653.37352179264
5d130d8452352a45ca8d7143
p:  167543.3837815876
5d130d8bee5ab3d3288d70ae
p:  252444.50208743822
5d130df18d6359212a8d706e
p:  287097.45283486973
5d130e0052352a45ca8d7148
p:  223906.92270371676
5d130e15f2aa3985d98d70d0
p:  234147.1294076165
5d130e34f2aa3985d98d70d1
p:  268064.1866280035
5d130e45ee5ab3d3288d70b1
p:  389034.0395785149
5d130e4fee5ab3d3288d70b3
p:  374050.10197066097
5d130e4ff2aa3985d98d70d2
p:  273128.9505550668
5d130e50c5d1032dbf8d710f
p:  504040.9372560994
5d130e53ee5ab3d3288d70b4
p:  374556.5955722075
5d130e97ee5ab3d3288d70ba
p:  329813.333681222
5d130ea952352a45ca8d7150
p:  438350.0452612231
5d130ebbb7ae3de20d8d70d8
p:  211373.63446631917
5d130ee7eb124ac95b8d70d0
p:  248255.44943055982
5d130f128d6359212a8d7074
p:  236819.55807280703
5d130f2752352a45ca8d7155
p:  434081.9697661628
5d130f39ee5ab3d3288d70bb
p:  199588.70485918652
5d130f9aeb124ac95b8d70d5
p:  191541.5936252055
5d130fca5c0218d6728d7148
p:  1064066.6743932532
5d13100752352a45ca8d715f
p:  387589.62039359537
5d13101a8d6359212a8d7078
p:  369476.2948605686
5d13103b8d6359212a8d707c
p:  250285.4413461442
5d131053b7ae3de20d8d70db
p:  236050.8925208198
5d1310b7ee5ab3d3288d70be
p:  151420.0699841446
5d1310dff2aa3985d98d70ed
p:  341243.509753149
5d1310f0d9b4f06e7d8d70b1
p:  225597.08561010356
5d131175ee5ab3d3288d70c1
p:  93902.96033996032
5d1311778d6359212a8d7084
p:  93902.96033996032
5d1311848d6359212a8d7086
p:  308139.5564064939
5d1311978d6359212a8d7088
p:  491925.87319395645
5d1311b1ee5ab3d3288d70c3
p:  308139.5564064939
5d1311d71c4614f8968d71b3
p:  390668.9570153365
5d1311efeb124ac95b8d70f2
p:  388190.98489238817
5d1311fdc5d1032dbf8d7128
p:  504040.9372560994
5d131205d9b4f06e7d8d70b5
p:  234661.69849044512
5d13121ed9b4f06e7d8d70b8
p:  208057.27455336007
5d13124eb7ae3de20d8d70e1
p:  356512.0794870382
5d1312e2d9b4f06e7d8d70ba
p:  394815.9887922895
5d131309f2aa3985d98d7103
p:  690610.1078114992
5d131351984181038f8d718d
p:  508913.10365358053
5d1313c3ee5ab3d3288d70ca
p:  212613.70204621548
5d1313c6984181038f8d7191
p:  241256.72342646096
5d1313f6b5c528bac08d711b
p:  237430.57119188213
5d131411f2aa3985d98d710d
p:  303295.14202955493
5d131443d9b4f06e7d8d70c3
p:  398995.7276934739
5d13144cee5ab3d3288d70d1
p:  220376.96284832648
5d131470eb124ac95b8d7100
p:  298833.69649532915
5d13147e984181038f8d7196
p:  532383.8165221158
5d1314bd2b74cf49688d70a0
p:  251885.47463942604
5d1314d9f2aa3985d98d7114
p:  503399.73855245643
5d1314f5f2aa3985d98d7115
p:  503399.73855245643
5d131508984181038f8d7198
p:  440916.42943593115
5d131520984181038f8d719c
p:  197421.11054586494
5d1315522b74cf49688d70a4
p:  720464.9539708621
5d131554984181038f8d71a3
p:  773340.0912590018
5d1315742b74cf49688d70a7
p:  601620.4395567474
5d131576eb124ac95b8d7108
p:  301713.64894653705
5d13157a5c0218d6728d716b
p:  384592.7266710383
5d131582eb124ac95b8d710a
p:  657392.3119783306
5d1315c3eb124ac95b8d7113
p:  3772248.4367243056
5d13162ff2aa3985d98d711d
p:  197915.47394438437
5d1316341c4614f8968d71cb
p:  867217.5511066929
5d13166752352a45ca8d7185
p:  259453.2011143969
5d1316d9b7ae3de20d8d70fb
p:  215293.5312691385
5d131725eb124ac95b8d711a
p:  420842.3945408128
5d131769ee5ab3d3288d70eb
p:  398226.5129674326
5d13179a5c0218d6728d7174
p:  175221.8946636663
5d1317bd5c0218d6728d7178
p:  417290.1888748555
5d1317d22b74cf49688d70bf
p:  498733.04346688243
5d1317e45c0218d6728d7180
p:  125942.14391300899
5d131861ed253442958d7075
p:  498554.16889860004
5d131894984181038f8d71ac
p:  411111.7778281627
5d1318cdeb124ac95b8d7122
p:  427289.6726921017
5d1318d6984181038f8d71ae
p:  422360.4924021298
5d131909984181038f8d71af
p:  307570.87689611514
5d1319b3b7ae3de20d8d710e
p:  815127.975053028
5d1319cfb7ae3de20d8d710f
p:  381744.6146041714
5d131a23b7ae3de20d8d7115
p:  406299.411218603
5d131a6152352a45ca8d7191
p:  522134.41396196606
5d131a9cf2aa3985d98d713b
p:  415112.40693172213
5d131ac62b74cf49688d70c8
p:  399135.38969397434
5d131b15c5d1032dbf8d7153
p:  494464.85735659214
5d131ba2984181038f8d71b8
p:  502132.0211300537
5d131bc1f2aa3985d98d7146
p:  136373.65085650625
5d131c1ed9b4f06e7d8d70df
p:  741934.8710083968
5d131c88eb124ac95b8d7146
p:  517588.17477877525
5d131cbbed253442958d7086
p:  257737.2262654961
5d131cbf52352a45ca8d719e
p:  352848.504288253
5d131ce25c0218d6728d719c
p:  516440.071821805
5d131ce6ed253442958d7087
p:  303232.6729277849
5d131cf3ee5ab3d3288d70fe
p:  344761.0445672894
5d131d70b7ae3de20d8d7120
p:  324259.3864326261
5d131d76b7ae3de20d8d7121
p:  192305.34687052126
5d131daf1c4614f8968d71f7
p:  850884.3583632933
5d131dda984181038f8d71c4
p:  281257.8785472242
5d131ea3f2aa3985d98d7161
p:  351567.0526919316
5d131eeb984181038f8d71cb
p:  272830.86222902336
5d131f2752352a45ca8d71aa
p:  98558.18456142323
5d131f2f2b74cf49688d70dc
p:  392524.2075243634
5d131fa15c0218d6728d719f
p:  1034889.0214261722
5d132002f2aa3985d98d716e
p:  334726.7477946704
5d1326d3ed253442958d70ab
p:  294680.92936783686
5d13277c52352a45ca8d71c2
p:  298024.351787757
5d13279f52352a45ca8d71c3
p:  262820.621006897
5d1328d752352a45ca8d71ca
p:  411129.1493140325
5d132d5752352a45ca8d71ec
p:  319300.9180394786
5d132d6052352a45ca8d71ed
p:  138273.12109870173
5d133092ed253442958d70d1
p:  436589.59772005526
5d13328ded253442958d70d5
p:  199828.30872648183
5d13347eed253442958d70e6
p:  534620.7591936579
5d15eab0ffb5c1fa6e7933cc
p:  283443.4557834004
5d15f202624d9d385d7933e6
p:  1206446.3023810938
5d15f47c95a0365722793465
p:  997431.4721870391
5d15f4bc95a036572279346a
p:  424131.5882655139
5d15f4cef849bedc4c79345c
p:  205256.9337835153
5d15f544f849bedc4c793466
p:  451624.3431414369
5d15fed0dba72d15177934e7
p:  274803.32202036807
5d16002adba72d15177934f1
p:  715751.4865575822
5d160d6795a03657227934eb
p:  407119.9359816022
5d161608ffd1f1e48e793696
p:  1290459.6738214153
5d16175cffd1f1e48e7936a2
p:  261373.90784211614
5d162073ffd1f1e48e7936e7
p:  445742.8392844674
5d1621d174d3e50df1793433
p:  249480.21968224578
5d16223f74d3e50df1793438
p:  430764.5205473815
5d16226974d3e50df1793439
p:  263900.5305121814
5d16229874d3e50df179343a
p:  315627.4135831802
5d1631cf74d3e50df179348b
p:  175229.86950659854
5d16322e74d3e50df179348c
p:  301551.78197933227
5d1632bd74d3e50df179348f
p:  567068.0528209393
5d1632c916a94e88df79361a
p:  408424.4202954208
5d16336d74d3e50df1793490
p:  311433.50653352356
5d16355bebf63292c1793574
p:  210560.21776045093
5d1636f3f849bedc4c7935ca
p:  196023.54079339077
5d16373b74d3e50df17934b2
p:  261008.24599073388
5d16393774d3e50df17934b7
p:  249772.4545357062
5d163a17867e147af8793537
p:  353489.2091659644
5d163ac6867e147af8793539
p:  174343.4059599854
5d163b122fb8c41d9779350e
p:  127198.04733790597
5d163b5595a03657227935de
p:  206299.89031095302
5d163b6795a03657227935e1
p:  272613.82259987574
5d16412595a03657227935f3
p:  301702.7402429047
5d1641f216a94e88df79367d
p:  859103.0890704568
5d16433b2fb8c41d9779355c
p:  196518.74379276135
5d16435eebf63292c17935c9
p:  402208.8212300581
5d16439895a0365722793607
p:  271854.470813622
5d1643d5f849bedc4c793602
p:  310380.6052752457
5d164413f849bedc4c793604
p:  329601.8382857642
5d164432624d9d385d793585
p:  359604.16207187617
5d164439f849bedc4c793605
p:  397441.7723173008
5d16445669289c11067934fb
p:  503916.75672548375
5d164493f849bedc4c793609
p:  475236.6016734261
5d1644b5867e147af8793577
p:  480107.42976938904
5d1644cb69289c1106793503
p:  511061.7817854645
5d1644d2624d9d385d793590
p:  222188.98111289262
5d1644e3624d9d385d793592
p:  291802.7978831568
5d16450416a94e88df793697
p:  399433.3058470427
5d16453dffb5c1fa6e79358f
p:  570634.7203029983
5d164562624d9d385d79359d
p:  263766.0475183641
5d164575ffb5c1fa6e793595
p:  835121.3921775243
5d16459069289c1106793508
p:  245287.4698592051
5d16459d69289c110679350a
p:  290354.44298805157
5d1645b669289c110679350c
p:  322081.9960094679
5d1645c669289c110679350e
p:  104922.23696817963
5d1645cd624d9d385d7935a8
p:  711756.2957278048
5d1645da69289c1106793510
p:  278838.66153388796
5d1645dd867e147af879358b
p:  1109025.062776835
5d1645fb69289c1106793513
p:  315398.247449887
5d164643dba72d151779364a
p:  164671.92432009842
5d16464ddba72d151779364b
p:  363384.5028587724
5d1646c069289c1106793519
p:  262139.67849969794
5d164786dba72d151779364e
p:  447289.3812426478
5d1647a5867e147af8793597
p:  745138.4646376177
5d1647e9ffb5c1fa6e79359d
p:  700343.3998140477
5d1647f3867e147af879359e
p:  1109025.062776835
5d16480bffb5c1fa6e79359f
p:  381703.90116134484
5d16487895a036572279361d
p:  859973.51915533
5d1648def849bedc4c79360f
p:  229698.05115303225
5d164913f849bedc4c793610
p:  322335.02580552304
5d164a152fb8c41d97793581
p:  35