Current date and time: 2020-06-07 15:34:19
Successfully connect to DB.
For ['Allen', 'Crawford', 'Defiance', 'Erie', 'Fulton', 'Hancock', 'Hardin', 'Henry', 'Huron', 'Lucas', 'Morrow', 'Ottawa', 'Paulding', 'Putman', 'Sandusky', 'Seneca', 'Williams', 'Wood', 'Wyandot', 'Marion', 'Van Wert', 'Ashland', 'Ashtabula', 'Columbiana', 'Cuyahoga', 'Geauga', 'Lake', 'Lorain', 'Mahoning', 'Medina', 'Portage', 'Richland', 'Stark', 'Summit', 'Trumbull', 'Wayne']#################################################################
train score for random_forest: 0.9532847751415559
test score for random_forest: 0.6343296574621649
The mean absolute error is:$ 66784.06845792882
r_Score: 0.6642945501635446
Voting Regressor (in): 0.9092471436726014
Voting Regressor: 0.6642945501635446
5d0a4740fa7544d5f27ba671
p:  107867.42388316905
5d0b66f119aeb54ebe6efc16
p:  106207.46145897404
5d0d3134ae78f7f2d314adda
p:  106239.15223839405
5d0d4959ae78f7f2d314ae81
p:  158422.8896307582
5d0e78f645ebd0b4c32fcef6
p:  139698.73865463803
5d0e790519f56a0d5b8f8cfd
p:  139698.73865463803
5d0e8e532b8f60b82b8f8d44
p:  352719.5787966944
5d12c24ab7ae3de20d8d6f48
p:  142416.46779366932
5d12c4a4b7ae3de20d8d6f69
p:  79317.87602052334
5d1bbacc03ecbb08e0bf6193
p:  55169.523073687844
5d1bd8867e6c493d5945883f
p:  78999.9134591482
5d1c5a150a1cbc8e6fefbcc7
p:  62247.13388404113
5d20484f05c5233b67114056
p:  391232.1868112121
5d204954e7c47910ad114087
p:  71818.74364466645
5d204baae7c47910ad114096
p:  162009.62960663688
5d204f8493eff3e432113ff0
p:  103882.38684300383
5d2050f793eff3e432113ffa
p:  97897.37390900978
5d2052cf93eff3e432114006
p:  509020.03154256893
5d20556293eff3e432114018
p:  139334.80574580998
5d2055aa93eff3e43211401a
p:  149859.4627553376
5d20562293eff3e43211401d
p:  238123.2176110496
5d20567993eff3e43211401f
p:  122961.89709822997
5d2059e48e253d89c9114070
p:  432888.854850792
5d205ba2e7c47910ad1140dd
p:  87053.5796354005
5d205ba80db4ec972f114044
p:  149973.19979902887
5d205bada196225138113ffe
p:  110329.36376218186
5d205bb893eff3e432114031
p:  100126.36299835893
5d205c648e253d89c911407e
p:  137759.00000969286
5d205f6083caa553bf11402f
p:  74989.46418123876
5d206033197b8ad7fd114075
p:  251651.01305496122
5d20605683caa553bf11403a
p:  115205.91919320433
5d20624a83caa553bf114047
p:  88413.38824584737
5d2062c38d01dcbda6113fe7
p:  187841.9165982927
5d20640e402195432a114088
p:  250746.01550192232
5d20642b8e253d89c9114098
p:  157206.06641594286
5d20643c4eb5cfed7c11406a
p:  82583.1981440441
5d20645293eff3e432114055
p:  98523.52592930122
5d2065228d01dcbda6113ff1
p:  250565.87183478632
5d2065728d01dcbda6113ff3
p:  180095.91302853904
5d20657693eff3e432114059
p:  244233.33397857565
5d2065f9402195432a11408d
p:  160536.92111299786
5d206663197b8ad7fd114095
p:  215261.2867047139
5d2066668d01dcbda6113ff9
p:  260226.61189777145
5d2066e9402195432a114091
p:  317071.2416570133
5d20670a93eff3e43211405f
p:  198167.5365705791
5d2067128d01dcbda6113fff
p:  113836.3054027505
5d2067268d01dcbda6114000
p:  248471.01738632284
5d20679d4eb5cfed7c114072
p:  230099.08280953014
5d2067b6402195432a114093
p:  411338.4211883247
5d2067e67197dcd2bd114087
p:  184258.0760836423
5d2068057197dcd2bd11408a
p:  42646.78730382171
5d2068197197dcd2bd11408b
p:  47646.52835726165
5d20685193eff3e432114067
p:  96728.65988860797
5d2068df7197dcd2bd11408f
p:  53286.92858507668
5d2068e9197b8ad7fd11409e
p:  24499.908148772225
5d20694293eff3e432114073
p:  108022.65895301379
5d20694705c5233b671140e8
p:  75079.63448717899
5d20695fe7c47910ad11410b
p:  35803.247792936425
5d20697633d503bca4114116
p:  46297.4618905027
5d2069784eb5cfed7c114079
p:  40599.989141265774
5d206996197b8ad7fd1140a2
p:  39729.65139832273
5d2069a9197b8ad7fd1140a4
p:  50353.243090739474
5d2069c74eb5cfed7c11407a
p:  55990.92801727954
5d2069da197b8ad7fd1140a5
p:  42462.03301365531
5d206a0005c5233b671140ea
p:  43661.03382877355
5d206a08402195432a1140a5
p:  39406.33765023301
5d206a2133d503bca4114117
p:  47369.2468044227
5d206a7e33d503bca4114119
p:  43391.0228661506
5d206ab47197dcd2bd114096
p:  64519.4429538379
5d206b0b33d503bca411411a
p:  45668.662015790665
5d206b1a197b8ad7fd1140a6
p:  43998.491483419566
5d206b2193eff3e432114083
p:  372839.467144726
5d206b23197b8ad7fd1140a7
p:  44848.14905078069
5d206b4383caa553bf114072
p:  52047.264282753866
5d206b4a0db4ec972f114091
p:  51552.486092243664
5d206b5d33d503bca411411c
p:  47369.2468044227
5d206b8833d503bca411411d
p:  231338.93761959425
5d206b8d8d01dcbda6114011
p:  414990.3385159472
5d206b94197b8ad7fd1140aa
p:  37439.28575321507
5d206b9c33d503bca411411f
p:  64738.419601915586
5d206ba0197b8ad7fd1140ab
p:  36584.14126540078
5d206bad197b8ad7fd1140ac
p:  43939.630422021335
5d206bae0db4ec972f114093
p:  127181.85403915786
5d206bd793eff3e43211408b
p:  94070.34652997828
5d206bfa197b8ad7fd1140b1
p:  44178.00337789801
5d206c37e7c47910ad114116
p:  43396.731378024415
5d206c828d01dcbda6114017
p:  307762.36282117735
5d206cbe8d01dcbda6114019
p:  337950.1527657567
5d206cc033d503bca4114123
p:  43336.37462368486
5d206d1b0db4ec972f11409d
p:  53345.36066132027
5d206d35e7c47910ad114119
p:  37754.26546727647
5d206d3d83caa553bf114077
p:  117128.46591438583
5d206d51197b8ad7fd1140bf
p:  61164.29132306302
5d206d5533d503bca4114124
p:  71387.75251298552
5d206d6c93eff3e43211409b
p:  222220.2835960113
5d206d6d402195432a1140b6
p:  123589.02198146972
5d206d7133d503bca4114125
p:  43740.25183405714
5d206d7de7c47910ad11411b
p:  36153.834015492306
5d206d7f93eff3e43211409c
p:  212909.72226800484
5d206db033d503bca4114126
p:  44675.10764183738
5d206dfb8d01dcbda6114020
p:  216677.2134463449
5d206e1b83caa553bf11407c
p:  58803.86704973361
5d206e6193eff3e4321140a3
p:  742753.9939136286
5d206e687197dcd2bd1140ae
p:  50774.10748767409
5d206e8f93eff3e4321140a5
p:  112360.74760787684
5d206e910db4ec972f1140a0
p:  50711.39396628144
5d206e99a196225138114053
p:  90028.06352262484
5d206eaf0db4ec972f1140a1
p:  91328.76747631756
5d206edb4eb5cfed7c114089
p:  47586.64781675941
5d206edf93eff3e4321140a6
p:  673250.3240293753
5d206ee205c5233b671140f4
p:  37903.09267431962
5d206f00a196225138114057
p:  70591.41348560297
5d206f0a0db4ec972f1140a4
p:  54427.027631857985
5d206f187197dcd2bd1140b0
p:  396007.7957546687
5d206f217197dcd2bd1140b1
p:  47999.70064361997
5d206f4305c5233b671140f7
p:  50168.07000891738
5d206f4b33d503bca411412c
p:  40385.39645227998
5d206f637197dcd2bd1140b2
p:  98801.12470839267
5d206f7105c5233b671140f8
p:  43080.847878182285
5d206f747197dcd2bd1140b4
p:  41617.649045791775
5d206fb333d503bca411412d
p:  43271.425411561395
5d206fb805c5233b671140fb
p:  82893.35874386101
5d206fc78d01dcbda6114024
p:  273794.5440231461
5d206fcb4eb5cfed7c11408d
p:  83285.93856883195
5d206fd7a19622513811405b
p:  96430.14285222476
5d206fe44eb5cfed7c11408e
p:  236899.83288203084
5d206feb33d503bca411412f
p:  96491.37316246983
5d20700005c5233b671140fc
p:  55347.52058115703
5d20703a05c5233b671140fe
p:  108807.64675171557
5d20704b0db4ec972f1140a6
p:  50669.079703533585
5d2070ae33d503bca4114132
p:  40562.355150939205
5d2070d405c5233b67114104
p:  63591.855945805946
5d2071220db4ec972f1140ae
p:  49647.92550842838
5d207145a19622513811405e
p:  128575.21551415294
5d20715f83caa553bf11408c
p:  61514.725453459294
5d2071699157933b7a11409d
p:  202723.74487525137
5d2071714eb5cfed7c114090
p:  53950.8509610252
5d20718b33d503bca4114134
p:  55844.05194542906
5d2071930db4ec972f1140b1
p:  240901.69228441681
5d2071a34eb5cfed7c114092
p:  54524.523402829436
5d2071a733d503bca4114137
p:  44543.55117739253
5d2071c20db4ec972f1140b3
p:  66049.22276673128
5d2071f97197dcd2bd1140bd
p:  38064.72346970723
5d207209402195432a1140d0
p:  80286.3311349062
5d20721683caa553bf114091
p:  92746.12870238555
5d2072267197dcd2bd1140bf
p:  123209.28717690057
5d2072544eb5cfed7c114093
p:  68154.15745303458
5d2072560db4ec972f1140b5
p:  52250.76956602147
5d20727893eff3e4321140aa
p:  135946.26274672308
5d2072a0e7c47910ad114131
p:  35712.32951524655
5d2072bce7c47910ad114134
p:  34904.14189144406
5d20730133d503bca411413f
p:  58057.96614053541
5d20730f33d503bca4114140
p:  42351.468290642646
5d2073358d01dcbda6114031
p:  122604.3378224257
5d2073559157933b7a1140a1
p:  130902.2584312835
5d2073609157933b7a1140a2
p:  90541.8845053181
5d20739333d503bca4114142
p:  42085.75512505653
5d20739783caa553bf114095
p:  31649.81829658869
5d2073a14eb5cfed7c114099
p:  244754.4753639809
5d2073af4eb5cfed7c11409b
p:  244754.4753639809
5d2074660db4ec972f1140bb
p:  50711.39396628144
5d207466a196225138114063
p:  225763.06528427693
5d20747683caa553bf114099
p:  55825.46700958208
5d2074ab7197dcd2bd1140c8
p:  179425.82865297908
5d2075469157933b7a1140aa
p:  479600.0276520787
5d20755a05c5233b67114124
p:  228859.06230903915
5d20756b0db4ec972f1140bf
p:  68956.23736576774
5d2075c90db4ec972f1140c5
p:  53020.174336347496
5d2075d80db4ec972f1140c6
p:  50445.16689461059
5d2075ee402195432a1140eb
p:  82754.23070524068
5d2075fea19622513811406f
p:  110211.39685122881
5d2076140db4ec972f1140c7
p:  240901.69228441681
5d207614402195432a1140ec
p:  78369.82821898031
5d20761d0db4ec972f1140c8
p:  240901.69228441681
5d207645e7c47910ad11414f
p:  74801.6031428713
5d20764d4eb5cfed7c1140a3
p:  72339.83904985327
5d20767a4eb5cfed7c1140a4
p:  76919.88471725059
5d207692402195432a1140f0
p:  257759.03378040617
5d20769fe7c47910ad114153
p:  98770.89638702752
5d2076aa9157933b7a1140af
p:  243303.36371512376
5d2076d0402195432a1140f2
p:  68846.29867971997
5d2076e08d01dcbda6114040
p:  160029.56528490872
5d20771633d503bca4114149
p:  43006.35270128128
5d2077710db4ec972f1140cb
p:  232152.39154868302
5d20777e4eb5cfed7c1140a7
p:  62006.18970713621
5d2077cf4eb5cfed7c1140a9
p:  69410.6343573881
5d20788c9157933b7a1140b4
p:  109181.98083658301
5d2078d94eb5cfed7c1140ac
p:  50847.12156248839
5d2078e24eb5cfed7c1140ad
p:  104813.47677286225
5d2078ec4eb5cfed7c1140ae
p:  120290.3780658845
5d2078ee8d01dcbda6114046
p:  91344.24923388773
5d2079ac4eb5cfed7c1140af
p:  88715.24139360327
5d2079dca196225138114076
p:  126582.73337141422
5d2079efa196225138114077
p:  67794.76544681171
5d207a294eb5cfed7c1140b5
p:  48313.57142914705
5d207a650db4ec972f1140cd
p:  33101.513746856646
5d207a93e7c47910ad114161
p:  104013.84969732267
5d207aab33d503bca4114156
p:  62700.23304604553
5d207b009157933b7a1140bf
p:  41151.16938022185
5d207b1d4eb5cfed7c1140ba
p:  53950.8509610252
5d207b9a0db4ec972f1140d1
p:  97978.86924317823
5d207bd79157933b7a1140ce
p:  69466.94194168106
5d207c699157933b7a1140d0
p:  162894.919112781
5d207cef4eb5cfed7c1140bf
p:  46489.01918953621
5d207d1e0db4ec972f1140d9
p:  39847.45079277509
5d207db14eb5cfed7c1140c2
p:  72019.48583549121
5d207dcce7c47910ad114172
p:  68199.37085484658
5d207e560db4ec972f1140de
p:  53648.44676190593
5d207ec70db4ec972f1140e1
p:  50269.88946603568
5d207f174eb5cfed7c1140c6
p:  108500.1481749459
5d207f634eb5cfed7c1140ca
p:  50066.07354133884
5d207f8b4eb5cfed7c1140cc
p:  65397.47410755838
5d207fd54eb5cfed7c1140d1
p:  59654.979377188894
5d208076a196225138114089
p:  166471.72116323735
5d2080fc8d01dcbda6114071
p:  78042.65682597861
5d20810e4eb5cfed7c1140d9
p:  46064.438331196936
5d2081ca4eb5cfed7c1140de
p:  54990.513118383635
5d208cfea1962251381140b4
p:  98666.9229294118
5d2094ae9157933b7a114106
p:  79936.29444638929
5d2095f993eff3e43211413f
p:  123394.79676452975
5d2096838d01dcbda61140bd
p:  131947.10545051424
5d20971993eff3e432114144
p:  289835.09358472074
5d20974993eff3e432114147
p:  163932.68368156295
5d2097d48d01dcbda61140c1
p:  138002.19665893586
5d209854197b8ad7fd11416e
p:  256239.8862644123
5d20993b7197dcd2bd114160
p:  196315.73846303485
5d20996783caa553bf114177
p:  183920.252533703
5d209a157197dcd2bd11416d
p:  90448.0091908784
5d209a36e7c47910ad1141d2
p:  396175.9240034255
5d209ab893eff3e432114159
p:  131829.13532694313
5d209bf793eff3e432114161
p:  178169.4417243067
5d209c7233d503bca4114226
p:  86476.59075584622
5d209d9b197b8ad7fd114179
p:  121639.85124476161
5d209df07197dcd2bd114193
p:  94786.86138234905
5d209dff7197dcd2bd114194
p:  82779.34742487752
5d209e2ea19622513811410b
p:  463746.44089928444
5d209e8c7197dcd2bd11419a
p:  71318.54950473868
5d209e96197b8ad7fd11417e
p:  256532.31206078263
5d209ee993eff3e43211416d
p:  150620.79581159382
5d209f184eb5cfed7c114162
p:  272020.84360802325
5d209fd58e253d89c9114189
p:  225232.56244293915
5d209fe48e253d89c911418a
p:  165812.5650385439
5d20a063402195432a1141a1
p:  338352.1680886696
5d20a0aae7c47910ad1141f0
p:  352866.248210724
5d20a0b933d503bca4114253
p:  80354.47394655066
5d20a1068e253d89c9114192
p:  410832.409535424
5d20a1747197dcd2bd1141a3
p:  74709.90547491035
5d20a1867197dcd2bd1141a4
p:  59627.88961965226
5d20a1e733d503bca4114260
p:  73841.9188564428
5d20a2d0a196225138114122
p:  204077.2968023953
5d20a2df4eb5cfed7c114170
p:  93584.99319965258
5d20a3390db4ec972f11418a
p:  83971.58359059654
5d20a4960db4ec972f11418f
p:  141945.61795118148
5d20a52a402195432a1141b9
p:  185474.01835913758
5d20a5638d01dcbda61140f9
p:  535155.1681325537
5d20a56b8d01dcbda61140fa
p:  542306.9343426749
5d20a6148e253d89c91141a0
p:  459723.95302221325
5d20a64e8e253d89c91141a1
p:  209460.08256387908
5d20a6664eb5cfed7c114193
p:  90808.33730813237
5d20a8c47197dcd2bd1141d4
p:  187868.28093874778
5d20a8d083caa553bf1141ff
p:  140893.12626335362
5d20a906e7c47910ad114205
p:  228853.38776493585
5d20a9064eb5cfed7c1141a8
p:  301357.44245196076
5d20a9209157933b7a114160
p:  78717.63474773915
5d20a93e33d503bca411428f
p:  76673.47297703386
5d20a98905c5233b6711420d
p:  107591.4603485903
5d20aa6d197b8ad7fd1141b4
p:  644532.3612861205
5d20aab77197dcd2bd1141dc
p:  101523.92084527524
5d20ab26402195432a1141d8
p:  117153.94918427349
5d20ab3c05c5233b67114216
p:  259891.3915011621
5d20ab5093eff3e4321141aa
p:  84517.95526399963
5d20ac7505c5233b67114219
p:  97430.14199751096
5d20ac9883caa553bf11421d
p:  265051.1342238183
5d20ad3983caa553bf11421f
p:  99848.21351249248
5d20ad457197dcd2bd1141e2
p:  187399.2866527522
5d20ad4a05c5233b6711421b
p:  61436.83443711212
5d20ade205c5233b6711421d
p:  67863.61737268674
5d20adef83caa553bf114225
p:  175192.70825401403
5d20aede197b8ad7fd1141bc
p:  274699.5541576118
5d20aeeb197b8ad7fd1141bd
p:  176628.81446413376
5d20aefd197b8ad7fd1141bf
p:  126978.19062780711
5d20aeff05c5233b6711421f
p:  88450.56519161433
5d20af1b4eb5cfed7c1141c3
p:  120005.68974261827
5d20afa9197b8ad7fd1141c4
p:  81224.4964526953
5d20b004197b8ad7fd1141c7
p:  72052.71661416547
5d20b02a197b8ad7fd1141c8
p:  106186.55835611204
5d20b06983caa553bf11423d
p:  86226.99809567415
5d20b0730db4ec972f1141c6
p:  158713.74651158444
5d20b0950db4ec972f1141c8
p:  172470.67749424157
5d20b0b733d503bca41142a5
p:  127759.48851969127
5d20b1ab83caa553bf114247
p:  122537.11321079786
5d20b1be93eff3e4321141c3
p:  300243.21323552146
5d20b217197b8ad7fd1141d0
p:  264386.22206786094
5d20b22f7197dcd2bd1141f3
p:  204838.61121199717
5d20b26393eff3e4321141c5
p:  203134.2636824355
5d20b28305c5233b67114225
p:  114277.6239336852
5d20b2c793eff3e4321141c7
p:  75758.66822422927
5d20b3a70db4ec972f1141cc
p:  105324.33066638146
5d20b3c193eff3e4321141ca
p:  262050.81464874896
5d20b3fbe7c47910ad114232
p:  82478.83755129675
5d20b43183caa553bf11425d
p:  96122.34436117727
5d20b44683caa553bf11425e
p:  80421.89657273635
5d20b46f05c5233b67114228
p:  79178.04354761941
5d20b48193eff3e4321141d0
p:  98785.49244782783
5d20b4e405c5233b6711422a
p:  72976.95189500896
5d20b4ee7197dcd2bd1141fc
p:  112109.66496359678
5d20b54105c5233b6711422c
p:  103302.42567442973
5d20b55a33d503bca41142b9
p:  435026.90638565924
5d20b58205c5233b6711422e
p:  113721.08658528561
5d20b58b05c5233b6711422f
p:  112189.82976465538
5d20b58f8d01dcbda6114142
p:  112915.90584896463
5d20b5ece7c47910ad11423b
p:  131882.51911926857
5d20b627e7c47910ad114240
p:  101737.18555822989
5d20b653197b8ad7fd1141db
p:  165182.56737032632
5d20b6c27197dcd2bd11420b
p:  80027.32704443962
5d20b6d093eff3e4321141d8
p:  82770.7521620056
5d20b6d705c5233b67114231
p:  273382.8282748785
5d20b6fd05c5233b67114232
p:  259891.3915011621
5d20b81da196225138114184
p:  112628.64468714638
5d20b8247197dcd2bd114221
p:  202348.5262721867
5d20b8a205c5233b67114237
p:  105020.46935721635
5d20b8d28d01dcbda6114146
p:  178534.66100146034
5d20b8fc7197dcd2bd114230
p:  139392.60264383515
5d20b9208d01dcbda6114149
p:  85208.65277449592
5d20b99d05c5233b67114238
p:  61937.32278011482
5d20b9c37197dcd2bd11423a
p:  74875.15187989232
5d20ba547197dcd2bd114245
p:  101187.80586203189
5d20bb277197dcd2bd11424f
p:  86608.59755184714
5d20bbb38d01dcbda611415c
p:  289470.73758586426
5d20bbd48d01dcbda611415d
p:  238262.9824559268
5d20bbee7197dcd2bd114257
p:  82105.35772223477
5d20bc5e05c5233b67114242
p:  79103.40146738215
5d20bc8ae7c47910ad11426b
p:  118575.24939262719
5d20bcd29157933b7a1141b2
p:  75379.08077095318
5d20bcf48d01dcbda6114169
p:  148830.80974812922
5d20bdb1402195432a114240
p:  118324.12895901152
5d20be7a05c5233b67114244
p:  124435.84128345994
5d20bf79a1962251381141a2
p:  236982.68954598485
5d20bfaa05c5233b67114246
p:  65868.06282612355
5d20bfc605c5233b67114247
p:  85124.08280578253
5d20c0a005c5233b67114248
p:  263149.7499898276
5d20c0f6402195432a11424b
p:  98033.0030812283
5d20c1cb197b8ad7fd114213
p:  301045.97674630315
5d20c210402195432a11424e
p:  226155.3767366586
5d20c22de7c47910ad114291
p:  92773.49797387427
5d20c25905c5233b67114250
p:  96711.937275376
5d20c281402195432a114253
p:  133120.8338772726
5d20c34305c5233b67114257
p:  92173.87753508438
5d20c3fa402195432a11425a
p:  76823.56713526329
5d20c4bbe7c47910ad1142a4
p:  276901.10572950257
5d20c603a1962251381141c4
p:  104076.68602134529
5d20c6670db4ec972f11422f
p:  153852.88045914966
5d20c6e38d01dcbda611418e
p:  120067.57223236456
5d20c700a1962251381141cd
p:  252958.90960406454
5d20c7089157933b7a1141cc
p:  322918.88289597863
5d20c7398d01dcbda611418f
p:  91855.7451448301
5d20c745a1962251381141cf
p:  191150.5585216122
5d20c7990db4ec972f114234
p:  209570.25579365407
5d20c8ca8e253d89c911423a
p:  445490.4926625985
5d20c8e38d01dcbda6114194
p:  270673.8162356237
5d20c8f78e253d89c911423e
p:  123734.13966692777
5d20c9e58e253d89c911423f
p:  105063.08773191107
5d20ca3b0db4ec972f114241
p:  69420.74249183157
5d20ca480db4ec972f114242
p:  106991.53288047807
5d20ca9d0db4ec972f114247
p:  133905.5569253108
5d20cab005c5233b67114273
p:  82437.23236897681
5d20cadf8e253d89c9114246
p:  115097.88246371872
5d20cb1033d503bca4114313
p:  74929.04947788871
5d20cb3605c5233b67114275
p:  46685.62951522335
5d20cb598d01dcbda61141a3
p:  96517.18013743027
5d20cb638d01dcbda61141a4
p:  112460.76840588986
5d20cb7383caa553bf1142c3
p:  335199.12003068684
5d20cb8c05c5233b67114278
p:  257387.79803214752
5d20cbd9197b8ad7fd114239
p:  75651.37659129675
5d20cbdc05c5233b6711427e
p:  244506.70325895885
5d20cc0705c5233b67114282
p:  158478.49168875918
5d20cc2405c5233b67114285
p:  114684.57926976527
5d20cc2d05c5233b67114286
p:  80767.75369316881
5d20cc4505c5233b67114288
p:  341654.4524940563
5d20cc7283caa553bf1142c6
p:  335685.8326420848
5d20cc86197b8ad7fd11423e
p:  58036.74389499772
5d20cc9205c5233b6711428f
p:  117952.95590958705
5d20cd4a8e253d89c911424d
p:  282845.2603514778
5d20cd6d05c5233b67114290
p:  50481.65553787592
5d20cd8605c5233b67114292
p:  74556.46682462515
5d20cd8f83caa553bf1142cc
p:  91464.38639222627
5d20cd9805c5233b67114294
p:  102146.97246387767
5d20cd987197dcd2bd1142b1
p:  79071.26022769528
5d20cda405c5233b67114295
p:  79998.19836137226
5d20cdbd05c5233b67114297
p:  75941.97462532127
5d20cdcd83caa553bf1142d1
p:  262834.637008243
5d20cdf38d01dcbda61141b3
p:  83713.41293687973
5d20ce1c9157933b7a1141e9
p:  175075.8922137487
5d20ce2c197b8ad7fd11424b
p:  150664.44901274412
5d20ce354eb5cfed7c11425b
p:  326162.0899348264
5d20ce464eb5cfed7c11425c
p:  139526.4631928618
5d20ce6605c5233b67114299
p:  120245.9648187632
5d20ce79197b8ad7fd11424f
p:  75137.40064901044
5d20ce94197b8ad7fd114250
p:  73466.80573838024
5d20ce9605c5233b6711429a
p:  51588.21837123948
5d20ce968d01dcbda61141b7
p:  145281.99287558201
5d20ce984eb5cfed7c11425e
p:  165816.7881948475
5d20ceb64eb5cfed7c11425f
p:  95322.4410979756
5d20ced74eb5cfed7c114261
p:  99993.30797329155
5d20cef04eb5cfed7c114262
p:  123953.00263015181
5d20cf028e253d89c911425c
p:  299542.72971549
5d20cf08197b8ad7fd114255
p:  79789.68174371886
5d20cf18197b8ad7fd114256
p:  56431.975594434276
5d20cf207197dcd2bd1142b4
p:  266863.8207791197
5d20cf3a8e253d89c9114262
p:  123561.94084344643
5d20cf474eb5cfed7c114266
p:  325387.9732606738
5d20cf584eb5cfed7c114267
p:  203259.79619504852
5d20cfc1197b8ad7fd11425a
p:  81175.31268001144
5d20cfd67197dcd2bd1142b7
p:  60510.616295458996
5d20cfe5a196225138114212
p:  86926.56969350073
5d20cfec33d503bca4114325
p:  249267.8861272239
5d20cfed4eb5cfed7c11426f
p:  102663.44251463734
5d20cff6197b8ad7fd11425d
p:  76709.96773494928
5d20d0034eb5cfed7c114270
p:  278387.7463507694
5d20d0184eb5cfed7c114271
p:  91574.01142673867
5d20d01e7197dcd2bd1142b8
p:  61502.27551122404
5d20d021197b8ad7fd11425f
p:  502162.50910873804
5d20d03933d503bca4114327
p:  246857.96765858072
5d20d03a4eb5cfed7c114272
p:  295948.0048381387
5d20d04d33d503bca4114328
p:  78662.92167361942
5d20d071e7c47910ad1142e1
p:  131503.3421957947
5d20d0ac402195432a114287
p:  62730.19717440038
5d20d0db83caa553bf1142d3
p:  93416.33991696528
5d20d0ee4eb5cfed7c114275
p:  325387.9732606738
5d20d0f74eb5cfed7c114276
p:  85134.64245091492
5d20d12f9157933b7a1141f4
p:  460511.3980737602
5d20d19133d503bca411432e
p:  64514.44283494437
5d20d1bda19622513811421f
p:  87995.43591608497
5d20d1db402195432a11428a
p:  55037.126404202754
5d20d1dc93eff3e432114235
p:  82940.23952055206
5d20d1ea83caa553bf1142db
p:  101099.07575272946
5d20d20893eff3e432114236
p:  192609.52108724148
5d20d2754eb5cfed7c114279
p:  140097.07850864535
5d20d2818d01dcbda61141ce
p:  96426.11215588986
5d20d2e00db4ec972f11426d
p:  83032.679907149
5d20d2e74eb5cfed7c11427c
p:  670176.3836357121
5d20d30705c5233b671142ab
p:  69359.22222027271
5d20d35905c5233b671142ac
p:  136974.12444408156
5d20d35a402195432a114290
p:  97713.71530434676
5d20d3697197dcd2bd1142c6
p:  232490.97488495897
5d20d395197b8ad7fd114269
p:  85970.03327107496
5d20d3b04eb5cfed7c114280
p:  179324.76296222964
5d20d3cc4eb5cfed7c114281
p:  94877.26129640926
5d20d3e64eb5cfed7c114282
p:  90138.28142176417
5d20d40d0db4ec972f114275
p:  81188.29877739958
5d20d4184eb5cfed7c114284
p:  137126.3899074681
5d20d4207197dcd2bd1142ca
p:  111704.50950159243
5d20d42893eff3e43211423a
p:  155108.38593728654
5d20d4327197dcd2bd1142cb
p:  151871.5228975999
5d20d43e4eb5cfed7c114285
p:  212017.5999096352
5d20d4447197dcd2bd1142cc
p:  106713.33999563452
5d20d44e4eb5cfed7c114286
p:  518099.8184715498
5d20d4508d01dcbda61141d8
p:  289380.41570848227
5d20d4749157933b7a114203
p:  181040.5399228654
5d20d49033d503bca4114333
p:  308698.5455108459
5d20d4964eb5cfed7c114288
p:  91774.50708948565
5d20d4a29157933b7a114204
p:  103718.56757715336
5d20d4a493eff3e43211423d
p:  122677.58412736557
5d20d4aa7197dcd2bd1142d0
p:  82640.54432220083
5d20d4c24eb5cfed7c114289
p:  210626.4109128857
5d20d4c37197dcd2bd1142d2
p:  136468.83761097508
5d20d4d27197dcd2bd1142d3
p:  82119.86364796615
5d20d4ec33d503bca4114334
p:  331314.3360569796
5d20d50b0db4ec972f11427f
p:  91346.5323840965
5d20d52f4eb5cfed7c11428d
p:  179324.76296222964
5d20d55b8d01dcbda61141df
p:  166049.7798496937
5d20d5707197dcd2bd1142d9
p:  53627.05924694661
5d20d570a196225138114224
p:  107264.32677743625
5d20d57e9157933b7a114207
p:  54004.98084462936
5d20d581a196225138114225
p:  69486.90657539203
5d20d5828d01dcbda61141e0
p:  151138.23096012164
5d20d58b4eb5cfed7c114291
p:  359381.92499376205
5d20d58d0db4ec972f114286
p:  96420.27359775247
5d20d5aea196225138114226
p:  75020.96744642845
5d20d5b5197b8ad7fd11427b
p:  69618.41351947981
5d20d5cf93eff3e432114243
p:  297935.3640496262
5d20d6254eb5cfed7c114298
p:  127474.96109814517
5d20d633e7c47910ad1142f3
p:  148517.53587927006
5d20d65033d503bca4114337
p:  74748.16052265314
5d20d66a402195432a114296
p:  82714.514131006
5d20d66ba196225138114229
p:  95146.31307815887
5d20d6807197dcd2bd1142de
p:  118759.52563859531
5d20d687402195432a114297
p:  92042.52109814255
5d20d69e4eb5cfed7c11429a
p:  126923.7613031288
5d20d6a7402195432a114298
p:  57192.94051099217
5d20d6a84eb5cfed7c11429b
p:  314236.82285044633
5d20d6b54eb5cfed7c11429c
p:  333268.00239173335
5d20d6bb9157933b7a11420b
p:  116836.55850818098
5d20d6bf402195432a114299
p:  62284.07270623393
5d20d6e78d01dcbda61141e3
p:  118772.13257992998
5d20d6f5402195432a11429b
p:  124019.87963646461
5d20d70d402195432a11429c
p:  83266.10275640478
5d20d726402195432a11429d
p:  83266.10275640478
5d20d7599157933b7a114210
p:  129175.71785864946
5d20d77d7197dcd2bd1142ed
p:  106713.33999563452
5d20d78905c5233b671142b5
p:  144214.7095915968
5d20d78a7197dcd2bd1142ee
p:  53868.710318553894
5d20d79493eff3e432114245
p:  145230.58526321693
5d20d79a9157933b7a114211
p:  66411.82529388
5d20d7aa9157933b7a114212
p:  116470.8996063023
5d20d7b84eb5cfed7c11429d
p:  273497.98162358784
5d20d7ed33d503bca411433a
p:  249267.8861272239
5d20d7f20db4ec972f1142a2
p:  103131.9599891708
5d20d7f69157933b7a114214
p:  57553.17236660929
5d20d7f7a196225138114231
p:  903023.0749532909
5d20d86f8d01dcbda61141eb
p:  287275.7591444653
5d20d8918d01dcbda61141ed
p:  295583.703730027
5d20d8a68d01dcbda61141ee
p:  186118.5273719249
5d20d8c47197dcd2bd1142f1
p:  239979.31750700087
5d20d8d6402195432a1142a7
p:  64571.28733864911
5d20d8dea196225138114238
p:  54699.5770933296
5d20d94e4eb5cfed7c11429f
p:  128016.56231422698
5d20d960402195432a1142aa
p:  62106.5239891916
5d20d9a7402195432a1142ab
p:  70368.29937757511
5d20d9ac8d01dcbda61141f1
p:  112716.39538368519
5d20d9bc8d01dcbda61141f2
p:  176792.3841462143
5d20d9cb8d01dcbda61141f3
p:  352059.0756502435
5d20d9d1402195432a1142ac
p:  104279.83610029858
5d20da0e4eb5cfed7c1142a0
p:  234772.72050927553
5d20da6f05c5233b671142bd
p:  78652.61926246103
5d20da9633d503bca411433f
p:  204890.37758703568
5d20daa28d01dcbda61141f6
p:  109136.78594300666
5d20dace4eb5cfed7c1142a1
p:  91607.99157332166
5d20dad18d01dcbda61141f7
p:  142289.85367476655
5d20dae733d503bca4114345
p:  80214.50261792593
5d20db35402195432a1142ba
p:  74373.70194585843
5d20dbca4eb5cfed7c1142a2
p:  75629.56791808309
5d20dc28a196225138114246
p:  53531.424034555566
5d20dc4c4eb5cfed7c1142a3
p:  311013.9483399533
5d20dc4fa196225138114247
p:  67050.90346633983
5d20dc5633d503bca4114348
p:  119322.88014250802
5d20dc634eb5cfed7c1142a4
p:  81614.04898102366
5d20dc8f402195432a1142c8
p:  463219.92706243333
5d20dcf0402195432a1142cc
p:  200293.80361441898
5d20dd59a19622513811424f
p:  87190.38250756162
5d20dd6c93eff3e432114254
p:  178825.73816871626
5d20dd919157933b7a11422a
p:  52661.42863005013
5d20ddba7197dcd2bd114304
p:  108581.96080513188
5d20de2f83caa553bf11430f
p:  215145.0888690594
5d20de5f4eb5cfed7c1142ae
p:  136096.5707967509
5d20de679157933b7a114231
p:  194923.7927518952
5d20debca196225138114255
p:  252567.98689258436
5d20decc9157933b7a114236
p:  98968.74448577093
5d20deef05c5233b671142ca
p:  66515.54723387846
5d20df094eb5cfed7c1142b1
p:  255579.08200088714
5d20df0d05c5233b671142cd
p:  78188.2628169819
5d20df2c33d503bca411435b
p:  70291.76750573858
5d20df3693eff3e43211425c
p:  108889.10374111222
5d20df599157933b7a11423a
p:  257289.37209250158
5d20dfc88d01dcbda6114202
p:  157380.92762273407
5d20dfea8d01dcbda6114203
p:  284560.407781717
5d20e0068d01dcbda6114204
p:  115756.32735782894
5d20e010a196225138114258
p:  104067.86330887323
5d20e03f93eff3e432114262
p:  106076.70937820149
5d20e04e9157933b7a114241
p:  185361.39848986088
5d20e06f402195432a1142df
p:  102577.32386517015
5d20e08133d503bca411435f
p:  249267.8861272239
5d20e0b0402195432a1142e3
p:  114322.92101632763
5d20e0ed33d503bca4114360
p:  58908.37676518924
5d20e119197b8ad7fd114298
p:  68120.67867424
5d20e12c93eff3e432114265
p:  111008.24829232006
5d20e17233d503bca4114364
p:  249267.8861272239
5d20e185402195432a1142e9
p:  96305.42994315474
5d20e18c8d01dcbda6114212
p:  184695.50703780376
5d20e1960db4ec972f1142ed
p:  128123.67275737517
5d20e1969157933b7a11424a
p:  342134.9656052017
5d20e1ae05c5233b671142dd
p:  93452.8043415105
5d20e1cb0db4ec972f1142ef
p:  173052.97987401867
5d20e2130db4ec972f1142f1
p:  110344.95377397412
5d20e23a197b8ad7fd11429a
p:  193745.6018670965
5d20e25693eff3e432114268
p:  214026.8517100804
5d20e292402195432a1142ec
p:  73986.50751177022
5d20e2eaa196225138114263
p:  101480.75059368968
5d20e2f08e253d89c91142df
p:  396980.3161699945
5d20e2fc0db4ec972f1142f8
p:  135717.52912237353
5d20e3068d01dcbda611421e
p:  148646.5903838544
5d20e3070db4ec972f1142f9
p:  112993.5694430347
5d20e30f7197dcd2bd11430c
p:  70438.36313741721
5d20e3129157933b7a114257
p:  303604.9253460161
5d20e32a93eff3e43211426a
p:  141429.49999822478
5d20e3818d01dcbda6114221
p:  109545.12046893995
5d20e38ea196225138114267
p:  67121.71932460979
5d20e392402195432a1142ef
p:  97262.0880245749
5d20e3ad8d01dcbda6114222
p:  520689.64203804126
5d20e3ce93eff3e432114270
p:  83967.84551104388
5d20e4010db4ec972f114300
p:  151885.59974969723
5d20e41a93eff3e432114273
p:  106809.44465890499
5d20e44c0db4ec972f114302
p:  131853.7351321025
5d20e44fa196225138114268
p:  103933.03582378649
5d20e46233d503bca4114370
p:  86293.01040141401
5d20e463a196225138114269
p:  285513.41674451163
5d20e48c9157933b7a114263
p:  171066.37627566553
5d20e4a733d503bca4114372
p:  75617.18596902968
5d20e4b633d503bca4114373
p:  109462.72112507762
5d20e4bea19622513811426d
p:  108581.66600868391
5d20e4c38e253d89c91142ff
p:  108825.25678794747
5d20e4e133d503bca4114376
p:  69727.89911479235
5d20e4e4a19622513811426f
p:  96067.19321861991
5d20e51f33d503bca4114378
p:  61176.46438309649
5d20e5260db4ec972f114308
p:  221098.54330865637
5d20e54a0db4ec972f114309
p:  156310.1504826438
5d20e56e8e253d89c9114300
p:  77144.40263423248
5d20e58193eff3e432114278
p:  126503.14962585761
5d20e5910db4ec972f11430b
p:  132486.53982184044
5d20e5a59157933b7a11426d
p:  140892.18620570115
5d20e5ff4eb5cfed7c1142d1
p:  303040.8211303235
5d20e6074eb5cfed7c1142d2
p:  309785.7365226079
5d20e6080db4ec972f11430f
p:  91205.88487523067
5d20e628e7c47910ad11432b
p:  276901.10572950257
5d20e62b0db4ec972f114310
p:  535795.1663057699
5d20e6504eb5cfed7c1142d3
p:  225161.2173566296
5d20e6724eb5cfed7c1142d4
p:  76596.70001136433
5d20e67d33d503bca411437f
p:  120297.73980907555
5d20e6bea19622513811427d
p:  92396.13313408548
5d20e6e38d01dcbda6114237
p:  159573.08932590397
5d20e7178e253d89c9114304
p:  110324.12182464889
5d20e7308e253d89c9114306
p:  105969.75121077833
5d20e7430db4ec972f114318
p:  133020.66979323086
5d20e74b4eb5cfed7c1142d8
p:  155687.30127889494
5d20e7660db4ec972f114319
p:  190480.77764238074
5d20e76a4eb5cfed7c1142d9
p:  236633.09122160662
5d20e7844eb5cfed7c1142da
p:  193320.54340724007
5d20e79c9157933b7a11427f
p:  137050.1802794948
5d20e7a58e253d89c911430a
p:  77877.01977402758
5d20e7af8e253d89c911430b
p:  95784.88866387299
5d20e7c98e253d89c911430e
p:  130794.01175078806
5d20e7ce4eb5cfed7c1142dd
p:  372030.6338125485
5d20e7e9e7c47910ad114337
p:  84545.71630430127
5d20e7ec8e253d89c911430f
p:  96873.91038588836
5d20e7f58e253d89c9114310
p:  121545.29866871051
5d20e800402195432a1142f7
p:  101215.70190230847
5d20e8050db4ec972f11431e
p:  143099.94102574704
5d20e8068e253d89c9114312
p:  125018.91900822759
5d20e811402195432a1142f9
p:  222367.40722078312
5d20e83133d503bca4114385
p:  96428.27967547902
5d20e8358e253d89c9114314
p:  79753.8996300257
5d20e83c8e253d89c9114315
p:  91487.56994403417
5d20e8598e253d89c9114317
p:  102881.58951603422
5d20e8618e253d89c9114318
p:  98712.69211944268
5d20e8818e253d89c911431c
p:  131035.75111083733
5d20e88d8e253d89c911431e
p:  136873.97132581688
5d20e89e4eb5cfed7c1142de
p:  302391.81127226853
5d20e8ed4eb5cfed7c1142e1
p:  104281.5952889444
5d20e90805c5233b671142ed
p:  54729.953162288235
5d20e91b8e253d89c911432b
p:  110334.6919087446
5d20e9494eb5cfed7c1142e3
p:  436189.79913827067
5d20e9638e253d89c9114330
p:  97083.32341073811
5d20e96c8e253d89c9114331
p:  92551.7594906828
5d20e979402195432a11430f
p:  85218.99300204533
5d20e981402195432a114310
p:  77157.01868118273
5d20e989402195432a114311
p:  106605.05267812053
5d20e994402195432a114312
p:  66180.32539866542
5d20e9998e253d89c9114333
p:  81358.97973686349
5d20e99f402195432a114313
p:  76887.38371649996
5d20e9a68e253d89c9114335
p:  157487.85325401078
5d20e9aa402195432a114314
p:  100116.90177566052
5d20e9b1402195432a114315
p:  108222.4568035004
5d20e9b20db4ec972f11432a
p:  83124.57022712249
5d20e9b58e253d89c9114337
p:  88454.82033887596
5d20e9ba402195432a114316
p:  79583.39476273596
5d20e9d08e253d89c911433b
p:  108757.18365385331
5d20e9d78e253d89c911433c
p:  119162.3356101425
5d20e9e693eff3e432114296
p:  92119.52254713528
5d20e9e89157933b7a11428f
p:  76651.42110820589
5d20e9f80db4ec972f11432c
p:  139141.77072189504
5d20e9fe8d01dcbda611424c
p:  127749.4042006351
5d20ea0333d503bca411438a
p:  79555.6360645149
5d20ea0c402195432a114319
p:  95840.16061450457
5d20ea1d0db4ec972f11432d
p:  250785.7903159898
5d20ea35402195432a11431e
p:  68580.47625716164
5d20ea3733d503bca411438d
p:  289824.3438045146
5d20ea4433d503bca411438e
p:  66657.45139301285
5d20ea4a0db4ec972f11432f
p:  258459.25493438958
5d20ea52402195432a114321
p:  85664.10994632455
5d20ea8633d503bca4114391
p:  102150.11077583011
5d20ea908e253d89c9114343
p:  140182.73516727373
5d20ea910db4ec972f114331
p:  137066.8667290644
5d20ea934eb5cfed7c1142e7
p:  203498.33012792814
5d20ea988e253d89c9114344
p:  78161.4600431461
5d20eaa933d503bca4114393
p:  84728.31692753924
5d20eab0402195432a114325
p:  72416.51692181437
5d20eab433d503bca4114394
p:  120853.23397422573
5d20eac58d01dcbda6114250
p:  144029.97897566904
5d20eac77197dcd2bd114324
p:  138189.63618704403
5d20ead38e253d89c9114347
p:  73939.32770842945
5d20ead433d503bca4114396
p:  113927.36349680155
5d20ead5402195432a11432a
p:  81813.97397926231
5d20eadc0db4ec972f114333
p:  341787.4149077877
5d20eadd402195432a11432b
p:  79583.39476273596
5d20eae9402195432a11432d
p:  98541.35030399091
5d20eaf5402195432a11432f
p:  61034.60045294114
5d20eb2033d503bca4114397
p:  114744.24267182243
5d20eb230db4ec972f114335
p:  123742.65274537416
5d20eb4f402195432a114334
p:  97412.24627558186
5d20eb558e253d89c9114349
p:  253007.18615977868
5d20eb690db4ec972f114337
p:  238548.59282834723
5d20eb7f8e253d89c911434a
p:  254223.90725071426
5d20eba1402195432a114336
p:  125986.74324740775
5d20ebad93eff3e43211429b
p:  453285.75666576286
5d20ebae0db4ec972f114339
p:  137066.8667290644
5d20ebe5a196225138114286
p:  105234.84032838128
5d20ebed93eff3e43211429d
p:  92119.52254713528
5d20ec247197dcd2bd11432c
p:  101743.4998958961
5d20ec25a196225138114287
p:  74580.0431491431
5d20ec3ca196225138114288
p:  100722.25741546164
5d20ec3d05c5233b67114300
p:  83043.28102856562
5d20ec759157933b7a1142a1
p:  77721.50454713483
5d20ec7b9157933b7a1142a2
p:  121560.17409770163
5d20ec810db4ec972f11433f
p:  90159.34859716849
5d20eca18e253d89c911434d
p:  69789.8798604082
5d20ecb88e253d89c911434f
p:  115311.58355725979
5d20eccca19622513811428b
p:  74602.71794546882
5d20ecd805c5233b67114307
p:  62348.859982823175
5d20ed024eb5cfed7c1142ee
p:  97806.86238036492
5d20ed09197b8ad7fd1142c7
p:  205789.61881517136
5d20ed1d402195432a11433b
p:  79583.39476273596
5d20ed2d402195432a11433c
p:  131265.81529349182
5d20ed519157933b7a1142aa
p:  172807.57655791243
5d20ed7d402195432a11433d
p:  79583.39476273596
5d20ed8f9157933b7a1142ae
p:  87139.3124882828
5d20ed994eb5cfed7c1142f2
p:  122275.20688441819
5d20edb48e253d89c9114352
p:  78784.53443396135
5d20edda33d503bca411439e
p:  236826.3828794204
5d20ede29157933b7a1142b2
p:  79976.20035585799
5d20ee01402195432a11433f
p:  98509.13811308773
5d20ee5a7197dcd2bd114336
p:  113189.11583417133
5d20ee6b05c5233b67114308
p:  77489.1365629514
5d20ee880db4ec972f11434f
p:  97775.3632925004
5d20eeb993eff3e4321142a3
p:  103601.53798550373
5d20eec733d503bca41143a2
p:  66974.33156169561
5d20eee08e253d89c911435a
p:  76561.21598320833
5d20eee093eff3e4321142a4
p:  92119.52254713528
5d20eef07197dcd2bd114337
p:  148635.52434974513
5d20eef793eff3e4321142a5
p:  82409.42565068381
5d20ef098e253d89c911435b
p:  89576.23160820833
5d20ef0a7197dcd2bd114339
p:  200203.69699439593
5d20ef0a33d503bca41143a3
p:  80661.94589201604
5d20ef1d33d503bca41143a4
p:  78126.89976564946
5d20ef469157933b7a1142bf
p:  90199.84276865708
5d20ef817197dcd2bd11433c
p:  146082.84478358144
5d20ef870db4ec972f114357
p:  145156.0271707175
5d20ef91197b8ad7fd1142cc
p:  123009.20342415647
5d20efaa0db4ec972f114358
p:  130165.5951966347
5d20efe19157933b7a1142c4
p:  89357.48165648797
5d20efff8e253d89c9114360
p:  131513.3118106614
5d20f0630db4ec972f11435e
p:  104272.34889746777
5d20f06733d503bca41143ac
p:  65607.18928848396
5d20f08a4eb5cfed7c1142fc
p:  255219.26668870804
5d20f08a9157933b7a1142c9
p:  96529.90198118187
5d20f0a333d503bca41143ae
p:  68860.81697656788
5d20f0af9157933b7a1142ca
p:  77385.08471428613
5d20f0c88e253d89c9114362
p:  88597.80639663275
5d20f0d793eff3e4321142b1
p:  268434.1934424808
5d20f0e2e7c47910ad114353
p:  329975.6162268105
5d20f0f90db4ec972f114362
p:  136563.17909442395
5d20f169402195432a114348
p:  76868.1766299359
5d20f1850db4ec972f114366
p:  112322.1885035363
5d20f1a79157933b7a1142d2
p:  89285.03943536394
5d20f1bd402195432a11434b
p:  102140.5206537857
5d20f1c305c5233b6711430e
p:  88533.08475614298
5d20f1ff9157933b7a1142d5
p:  81180.35790332254
5d20f20ae7c47910ad114358
p:  179461.90420092584
5d20f2239157933b7a1142d6
p:  268084.54684556136
5d20f24f9157933b7a1142d8
p:  72629.5929502266
5d20f2589157933b7a1142d9
p:  71822.82803330247
5d20f25a0db4ec972f11436c
p:  78908.12627850097
5d20f2629157933b7a1142da
p:  81914.76643477235
5d20f265402195432a11434c
p:  81680.64365749536
5d20f2678e253d89c911436e
p:  107058.46791379136
5d20f2849157933b7a1142db
p:  96359.68978019903
5d20f2c30db4ec972f11436f
p:  88661.14651817034
5d20f2dbe7c47910ad11435e
p:  139524.45144257566
5d20f2e87197dcd2bd114341
p:  109681.30061840962
5d20f2ec05c5233b67114312
p:  86714.83655348286
5d20f2f5a19622513811429e
p:  47186.97900571248
5d20f3090db4ec972f114371
p:  66706.60819845033
5d20f3148e253d89c9114376
p:  74506.90678978676
5d20f33493eff3e4321142bc
p:  239724.0812235628
5d20f33533d503bca41143b8
p:  78893.78191696404
5d20f3510db4ec972f114373
p:  95736.74301502304
5d20f374197b8ad7fd1142ed
p:  65835.43723600387
5d20f38305c5233b67114313
p:  94740.25074955553
5d20f3af9157933b7a1142e3
p:  95868.35317502538
5d20f3b77197dcd2bd114347
p:  103738.04623667212
5d20f3d59157933b7a1142e4
p:  83648.88125341736
5d20f3e10db4ec972f114377
p:  301173.3101448576
5d20f3f38e253d89c911437a
p:  106455.04300756812
5d20f3f5a1962251381142a6
p:  71017.45460646285
5d20f405402195432a114351
p:  69323.40740895628
5d20f4178e253d89c911437c
p:  45069.53636604457
5d20f4317197dcd2bd11434b
p:  112451.38348972921
5d20f4404eb5cfed7c114314
p:  247268.14583958033
5d20f44b0db4ec972f11437a
p:  107597.5714173647
5d20f44e197b8ad7fd1142f6
p:  108752.73360458558
5d20f4644eb5cfed7c114315
p:  486075.48676067754
5d20f4658e253d89c911437f
p:  89778.98052885331
5d20f48f05c5233b67114318
p:  93957.95690381576
5d20f4ca33d503bca41143c1
p:  90543.1743473237
5d20f4fd0db4ec972f11437f
p:  307397.51003454183
5d20f54c0db4ec972f114382
p:  78314.55706376964
5d20f5738e253d89c9114381
p:  78930.76316117305
5d20f5d79157933b7a1142ea
p:  91057.28707249716
5d20f5d70db4ec972f114386
p:  218389.9932582319
5d20f60505c5233b6711431e
p:  82429.53346087079
5d20f61605c5233b6711431f
p:  75856.56334816893
5d20f667e7c47910ad11436d
p:  102239.31369667314
5d20f69e402195432a11435e
p:  50836.103306380464
5d20f70f197b8ad7fd114300
p:  73920.18420170486
5d20f738402195432a114362
p:  256552.9831790511
5d20f73d05c5233b67114327
p:  95263.2131964874
5d20f7464eb5cfed7c114322
p:  194862.08251148992
5d20f74a197b8ad7fd114302
p:  92344.10281933055
5d20f75b93eff3e4321142d9
p:  231855.4332995328
5d20f7658e253d89c9114385
p:  105969.75121077833
5d20f76a0db4ec972f114392
p:  186964.719558677
5d20f770a1962251381142bd
p:  126131.3502666558
5d20f779a1962251381142be
p:  112013.03154930187
5d20f7d5e7c47910ad114370
p:  158285.43617007736
5d20f8029157933b7a1142f3
p:  83304.14164447869
5d20f87305c5233b6711432a
p:  175881.38543281917
5d20f87c93eff3e4321142de
p:  263428.26293423533
5d20f882e7c47910ad114372
p:  123414.57868098194
5d20f8ad8e253d89c911438a
p:  170500.92354963592
5d20f8ae0db4ec972f11439c
p:  141449.58944541658
5d20f8ce05c5233b6711432e
p:  114816.58947513998
5d20f99c33d503bca41143da
p:  108427.02471013193
5d20f9b633d503bca41143dc
p:  119912.5904043079
5d20f9c6402195432a114376
p:  78559.70218034874
5d20fa0b8e253d89c911438d
p:  133868.4373746734
5d20fa3033d503bca41143df
p:  208753.89086026695
5d20fa798e253d89c9114392
p:  152835.4374463255
5d20fab2197b8ad7fd11430d
p:  61094.26917601208
5d20fb56a1962251381142e0
p:  185995.64636738438
5d20fb614eb5cfed7c11432c
p:  144718.72322319102
5d20fb6993eff3e4321142ea
p:  285001.31737470085
5d20fbbf4eb5cfed7c114330
p:  144451.59995433013
5d20fbe24eb5cfed7c114332
p:  116315.41462944102
5d20fbe605c5233b6711433f
p:  108154.50612220538
5d20fc02197b8ad7fd114313
p:  58814.60332457575
5d20fc0d05c5233b67114342
p:  96668.74301647443
5d20fc260db4ec972f1143b5
p:  66706.60819845033
5d20fc534eb5cfed7c114337
p:  311974.1443880426
5d20fca005c5233b67114349
p:  107203.56495994983
5d20fce7e7c47910ad114396
p:  116631.27884148041
5d20fcfa0db4ec972f1143bb
p:  186177.65956151867
5d20fd0ae7c47910ad114397
p:  134174.59499613196
5d20fd12a1962251381142ec
p:  116597.23070982812
5d20fd1e9157933b7a11430b
p:  83877.37616976422
5d20fd410db4ec972f1143bd
p:  173832.45527521113
5d20fd5e8e253d89c911439d
p:  82287.61121209964
5d20fd6005c5233b67114354
p:  94740.25074955553
5d20fd65e7c47910ad11439a
p:  191139.21450475004
5d20fd768e253d89c911439e
p:  93488.61760809532
5d20fd9005c5233b67114357
p:  96152.72648520808
5d20fde58e253d89c91143a3
p:  277806.9232697409
5d20fe089157933b7a114319
p:  76763.12321751668
5d20fe328d01dcbda611429a
p:  132069.91164255794
5d20fe559157933b7a11431f
p:  73919.64334134314
5d20fe5f05c5233b6711435e
p:  115800.32246811796
5d20fe907197dcd2bd11436f
p:  123051.55061840962
5d20fe9a9157933b7a114324
p:  72909.8168310233
5d20fe9b7197dcd2bd114370
p:  123131.13596237445
5d20fead9157933b7a114325
p:  89433.71957198007
5d20fecc8d01dcbda611429d
p:  99729.330863081
5d20fed6197b8ad7fd11431e
p:  81238.94654095967
5d20feeb33d503bca41143ec
p:  64835.05289846004
5d20fef6197b8ad7fd11431f
p:  83299.32686180988
5d20ff2005c5233b67114368
p:  158799.65946167347
5d20ff2a9157933b7a11432d
p:  92237.7809523273
5d20ff2d7197dcd2bd114375
p:  128234.04452996276
5d20ff6193eff3e4321142f4
p:  195617.3168664581
5d20ff6e83caa553bf1143a7
p:  58934.223752586826
5d20ff929157933b7a114334
p:  77721.72265769602
5d20ffaf33d503bca41143ef
p:  74085.6491042647
5d20ffbf83caa553bf1143ab
p:  88236.5802542232
5d20ffc54eb5cfed7c114341
p:  199645.11783071997
5d21008783caa553bf1143b5
p:  83917.30589222914
5d21008f0db4ec972f1143d5
p:  107177.46386651785
5d2100b193eff3e4321142ff
p:  143409.1860433637
5d2100cf93eff3e432114301
p:  119151.68760737541
5d2100db0db4ec972f1143d7
p:  161918.91404070763
5d2100fe0db4ec972f1143d8
p:  144065.1648207793
5d210133e7c47910ad1143a9
p:  225218.24014547793
5d2101ed83caa553bf1143bc
p:  116993.9935104788
5d2102010db4ec972f1143e0
p:  132431.7789531138
5d21020493eff3e43211430a
p:  120350.56280468422
5d2102a3e7c47910ad1143ac
p:  130101.49743643295
5d2102af33d503bca41143f8
p:  1007309.0010488078
5d2102dc93eff3e432114313
p:  113957.3222839441
5d2103ab83caa553bf1143be
p:  85541.07232633197
5d2103b883caa553bf1143c0
p:  99929.99332400989
5d2103db0db4ec972f1143ee
p:  300750.27061243623
5d210421a1962251381142ff
p:  117776.96178037039
5d21042993eff3e43211431e
p:  103887.6902482028
5d2104690db4ec972f1143f2
p:  269518.9476045512
5d210494197b8ad7fd11432e
p:  59791.04468580654
5d2104af7197dcd2bd114390
p:  106595.03898241383
5d2104bfa196225138114303
p:  63036.518956664906
5d2104d48d01dcbda61142b0
p:  633645.4608245156
5d2104e983caa553bf1143c1
p:  83034.47731592151
5d21053c93eff3e432114329
p:  280056.4864038949
5d21058c7197dcd2bd1143a0
p:  81866.8224706747
5d2105930db4ec972f1143fc
p:  211814.31225845075
5d2105c68d01dcbda61142b9
p:  164395.21705812518
5d2105f08d01dcbda61142ba
p:  182379.2103836855
5d210602402195432a1143ca
p:  103269.48315831667
5d2106517197dcd2bd1143b8
p:  106395.36576274017
5d21065393eff3e432114331
p:  78675.39874662482
5d2106c893eff3e432114335
p:  118129.7914073201
5d21071d83caa553bf1143cb
p:  58722.67425818324
5d2107927197dcd2bd1143c7
p:  137926.94418410317
5d2107a09157933b7a114357
p:  100467.62884504821
5d2107b94eb5cfed7c11437a
p:  136206.1021241994
5d2107ff05c5233b6711438c
p:  237398.554807266
5d2108009157933b7a114359
p:  97394.04944017425
5d2108119157933b7a11435a
p:  143266.55635448
5d2108549157933b7a11435f
p:  75723.42760922383
5d21085e9157933b7a114360
p:  70724.3489565677
5d21088a9157933b7a114363
p:  84633.25995411548
5d21089e9157933b7a114365
p:  86378.98752822861
5d21091b402195432a1143d9
p:  81951.92953390791
5d2109449157933b7a114369
p:  92448.75200453067
5d2109b39157933b7a11436a
p:  109903.96757932959
5d2109c50db4ec972f114404
p:  66406.42092337903
5d2109e69157933b7a11436c
p:  215907.1211757777
5d2109f78d01dcbda61142d3
p:  140556.13597241713
5d210a0b0db4ec972f114405
p:  94015.3858492847
5d210a328e253d89c91143ca
p:  98644.07924157538
5d210a8c9157933b7a114371
p:  93787.72029576963
5d210aa09157933b7a114372
p:  88763.2711602611
5d210acb83caa553bf1143d9
p:  63074.307770795465
5d210b014eb5cfed7c114393
p:  64276.86791724149
5d210b4c05c5233b6711439f
p:  105148.48508207744
5d210b5a9157933b7a114379
p:  80089.35234343223
5d210b739157933b7a11437a
p:  80089.35234343223
5d210b9883caa553bf1143dd
p:  130428.84562644339
5d210bcf8e253d89c91143d2
p:  59614.083983693316
5d210be9e7c47910ad1143d5
p:  115160.7055051486
5d210bfa05c5233b671143ad
p:  166818.91285418457
5d210c5b83caa553bf1143e1
p:  104984.23546322399
5d210c96197b8ad7fd114355
p:  155549.86204518343
5d210c9f197b8ad7fd114356
p:  150490.57189543784
5d210cf9197b8ad7fd114357
p:  276443.17888034094
5d210d5b93eff3e43211436a
p:  100670.66214354322
5d210d834eb5cfed7c1143a7
p:  167144.22916472325
5d210db79157933b7a114385
p:  70364.63681851102
5d210dc993eff3e43211436c
p:  49375.24735208339
5d210de683caa553bf1143e6
p:  64023.710950217166
5d210df6197b8ad7fd114363
p:  146895.2929953473
5d210e05197b8ad7fd114364
p:  176711.45579518343
5d210e0c33d503bca4114424
p:  128646.25252671912
5d210e1733d503bca4114425
p:  123369.10555603771
5d210e380db4ec972f114412
p:  88097.80448475134
5d210e3a7197dcd2bd1143ed
p:  100683.11645348801
5d210e8a05c5233b671143b7
p:  86376.4653827957
5d210eade7c47910ad1143df
p:  156102.85667114524
5d210edb33d503bca4114429
p:  115144.70093373506
5d210ede93eff3e432114376
p:  125104.14341850506
5d210f0a9157933b7a114387
p:  82937.92303706172
5d210f459157933b7a114389
p:  69582.34297277122
5d210f56197b8ad7fd114379
p:  260904.90858191287
5d210f6fe7c47910ad1143e3
p:  150919.8374595751
5d210fd9197b8ad7fd114381
p:  147732.23549563927
5d211006197b8ad7fd114384
p:  368208.1003748039
5d211025402195432a1143fe
p:  103254.64110999726
5d21104b9157933b7a114390
p:  94601.97438237455
5d2110577197dcd2bd1143fa
p:  121975.09216954221
5d2110629157933b7a114391
p:  79585.7726779498
5d21106333d503bca4114432
p:  136574.01654898288
5d211091a196225138114343
p:  162319.7904355761
5d21109d402195432a114401
p:  139462.4115505313
5d2110a59157933b7a114392
p:  69039.55298586392
5d2110bea196225138114346
p:  291200.98222663696
5d21118fe7c47910ad1143f2
p:  116959.27557991023
5d2111b30db4ec972f11441b
p:  109692.1711178598
5d2111f10db4ec972f114420
p:  177735.30824466463
5d2112090db4ec972f114422
p:  677940.8169247273
5d2112149157933b7a11439f
p:  70364.63681851102
5d211218197b8ad7fd1143a1
p:  245652.70442017488
5d21121f7197dcd2bd114401
p:  171038.80890239938
5d21127a8d01dcbda61142f7
p:  95462.25659328094
5d211299a196225138114353
p:  260619.63226214924
5d2112a69157933b7a1143a6
p:  66916.4761568107
5d2112a7197b8ad7fd1143ab
p:  210730.1752490336
5d2113028e253d89c91143eb
p:  116409.668970413
5d211350a196225138114358
p:  148960.16841362562
5d2113578d01dcbda61142fc
p:  91367.4713395782
5d21135ea196225138114359
p:  124152.92132332316
5d21136ca19622513811435a
p:  259136.7917540265
5d2113740db4ec972f114425
p:  115937.44416655495
5d21137ca19622513811435b
p:  124878.44623498307
5d2113d383caa553bf1143f6
p:  58722.67425818324
5d2113e5402195432a11440b
p:  120391.99928009819
5d2113f4402195432a11440c
p:  168027.38695781626
5d2114149157933b7a1143af
p:  71808.55197657761
5d21144193eff3e432114388
p:  120522.9935527025
5d21145b8e253d89c91143fa
p:  316949.99467698566
5d21146533d503bca411443e
p:  82306.59888140135
5d21148b9157933b7a1143b4
p:  96721.07025416865
5d2114fe9157933b7a1143b6
p:  70010.04716771256
5d2115560db4ec972f114430
p:  470278.73101298144
5d21155b197b8ad7fd1143b9
p:  559436.8704502913
5d2115a193eff3e43211438f
p:  120522.9935527025
5d2115a39157933b7a1143b9
p:  69032.14758372659
5d2115d293eff3e432114392
p:  122957.50923849724
5d2116ba7197dcd2bd114414
p:  109424.99393165254
5d21170ae7c47910ad114406
p:  328861.8511383983
5d21170f8e253d89c911440b
p:  70822.97862266186
5d21176c83caa553bf114404
p:  101690.81719681015
5d211783e7c47910ad114409
p:  333725.07805271214
5d211791e7c47910ad11440a
p:  247778.7329061716
5d2117938e253d89c9114411
p:  100312.12381608898
5d2117c133d503bca411444d
p:  133599.6162882595
5d2117e933d503bca411444e
p:  122314.17938193519
5d2118198e253d89c9114415
p:  97203.00753986716
5d21182c0db4ec972f11443e
p:  348866.51844216324
5d2118610db4ec972f114442
p:  128399.70328069606
5d21194e33d503bca4114453
p:  90533.3719206434
5d21195705c5233b671143ec
p:  208434.14038298524
5d211a05402195432a114422
p:  212689.74867759395
5d211a5183caa553bf114411
p:  184273.47525182163
5d211a8083caa553bf114413
p:  267630.0336677547
5d211b3a83caa553bf114417
p:  163395.86154503102
5d211b9c7197dcd2bd11442b
p:  84994.5307606876
5d211ba97197dcd2bd11442c
p:  89551.61540990336
5d211bb60db4ec972f114450
p:  145077.02916666598
5d211bc47197dcd2bd11442e
p:  68176.43597535099
5d211bd17197dcd2bd11442f
p:  59914.444143855784
5d211c04a19622513811437a
p:  254674.5071943569
5d211c5e7197dcd2bd114436
p:  103679.91649184265
5d211c6105c5233b671143fd
p:  314842.43199268484
5d211c6d93eff3e4321143b6
p:  195973.01441273128
5d211c6e7197dcd2bd114437
p:  96804.17133546625
5d211c8333d503bca4114462
p:  190396.6242205869
5d211ca14eb5cfed7c1143db
p:  228360.29881892813
5d211d890db4ec972f114455
p:  122293.77956482048
5d211db99157933b7a1143de
p:  70817.87664222898
5d211dd70db4ec972f11445c
p:  136147.5156800233
5d211e21e7c47910ad11442c
p:  110482.76169966477
5d211ea99157933b7a1143e2
p:  69638.03954570189
5d211eb7e7c47910ad114431
p:  120841.37212515934
5d211ef0402195432a11443e
p:  104830.17738859667
5d211ef64eb5cfed7c11440c
p:  286286.9705629807
5d211f2705c5233b6711440c
p:  550522.1556817796
5d211f3e402195432a11443f
p:  128215.42145027405
5d2120817197dcd2bd114442
p:  89551.61540990336
5d2120c4402195432a11444a
p:  308664.8859811241
5d2120ee7197dcd2bd11444b
p:  78321.99976075639
5d21210a7197dcd2bd11444d
p:  62501.352312429604
5d212160197b8ad7fd1143eb
p:  140972.91968749874
5d212191197b8ad7fd1143ed
p:  111800.57676560193
5d2121e6197b8ad7fd1143f1
p:  111351.6028253136
5d2121ff8e253d89c911444b
p:  163010.87176662323
5d2122267197dcd2bd114461
p:  266221.1222877048
5d21223b93eff3e4321143c5
p:  555448.5702259231
5d2122fb93eff3e4321143c7
p:  324595.34336460533
5d21230893eff3e4321143c8
p:  272661.41974887974
5d2123188e253d89c9114455
p:  461138.35249725153
5d21233da1962251381143b3
p:  122547.92684504396
5d212366197b8ad7fd1143f6
p:  110464.29807486263
5d212373197b8ad7fd1143f7
p:  95669.12444336778
5d21239e197b8ad7fd1143f9
p:  179817.55671871497
5d2123b293eff3e4321143ce
p:  122707.30645640586
5d2123d0197b8ad7fd1143fa
p:  112788.34893480942
5d21240c197b8ad7fd1143fb
p:  113338.95845426994
5d2124209157933b7a1143fa
p:  186685.77755602926
5d21242b9157933b7a1143fb
p:  320296.3697430071
5d21245a05c5233b6711441f
p:  295970.3984560685
5d21257f05c5233b67114421
p:  328714.5747795723
5d2125df402195432a11445b
p:  114618.69337126683
5d21261ce7c47910ad114452
p:  137681.27406491747
5d212637197b8ad7fd114403
p:  122529.71160971669
5d21263be7c47910ad114455
p:  423556.2119318964
5d21264ae7c47910ad114456
p:  167108.17379980668
5d21264c4eb5cfed7c114434
p:  123055.71484209929
5d212674197b8ad7fd114406
p:  106988.21463052405
5d2126a3197b8ad7fd114409
p:  224566.343453416
5d21278b7197dcd2bd114484
p:  102568.90210099373
5d2127d88d01dcbda6114333
p:  350525.62308444694
5d2127ed197b8ad7fd11440e
p:  95136.33458099705
5d2127f7197b8ad7fd11440f
p:  95136.33458099705
5d21283be7c47910ad11445f
p:  110713.20953044866
5d212847e7c47910ad114460
p:  139078.16654776383
5d2128e29157933b7a11440a
p:  139241.95611687802
5d2128fe9157933b7a11440b
p:  101122.92638928564
5d212907197b8ad7fd114412
p:  110757.36456059096
5d21290893eff3e4321143eb
p:  232130.46286017884
5d21291f197b8ad7fd114413
p:  95669.12444336778
5d21294883caa553bf114451
p:  405499.7801253961
5d21298f197b8ad7fd114415
p:  85031.78381091601
5d2129b783caa553bf114454
p:  257692.45813161574
5d2129dd9157933b7a11440e
p:  96893.54198549376
5d2129fe197b8ad7fd114419
p:  325394.9857293656
5d212a090db4ec972f11449c
p:  119439.19903637393
5d212a7805c5233b67114446
p:  220852.96908105892
5d212a96e7c47910ad114472
p:  113135.73690136123
5d212b979157933b7a114416
p:  101389.1534609565
5d212c02402195432a114476
p:  228137.84508637124
5d212c88e7c47910ad114478
p:  146641.95520523412
5d212d8883caa553bf11445f
p:  206446.95927554744
5d212de983caa553bf11446a
p:  278094.9516383469
5d212e3083caa553bf11446f
p:  186833.86811833765
5d212e979157933b7a114419
p:  151719.9208857533
5d212ea9197b8ad7fd11442a
p:  110542.09811652699
5d212edd9157933b7a11441b
p:  141604.8633942448
5d212f9783caa553bf114480
p:  71949.1635659516
5d212fa1402195432a11448c
p:  310981.051737512
5d213047402195432a114490
p:  653506.8448057139
5d2130959157933b7a11442a
p:  154849.60476437942
5d2130b7a1962251381143df
p:  373641.6446403332
5d2130f49157933b7a11442d
p:  112539.1741370789
5d21311c05c5233b67114476
p:  230698.9368858802
5d21312805c5233b67114477
p:  192931.64336276217
5d21319405c5233b67114479
p:  110853.5902742935
5d2131b78d01dcbda6114356
p:  297989.49790467223
5d213202402195432a114496
p:  263603.75423018646
5d2132f58e253d89c911448a
p:  180659.35125557246
5d2132fc197b8ad7fd11443d
p:  110542.09811652699
5d2133579157933b7a114433
p:  173086.6162099624
5d2133d583caa553bf1144b1
p:  423443.04523445544
5d2133f89157933b7a114436
p:  345712.46179141325
5d2133fe9157933b7a114437
p:  569756.2129711786
5d21341c83caa553bf1144b6
p:  197526.64256267715
5d2134399157933b7a114438
p:  283721.8400479399
5d2134a805c5233b67114487
p:  99009.03333346196
5d21354d9157933b7a11443e
p:  296100.3220188748
5d2135e8197b8ad7fd11444c
p:  249428.84933034744
5d21362e0db4ec972f1144e0
p:  246470.1264990379
5d21363f402195432a1144c5
p:  469863.40133235994
5d21365d9157933b7a114442
p:  142283.2373090858
5d2136610db4ec972f1144e2
p:  354254.2339889044
5d213669197b8ad7fd114451
p:  255091.20311850455
5d21368683caa553bf1144c4
p:  312194.3662656278
5d2136bd402195432a1144cc
p:  174306.75817978414
5d2136e48e253d89c9114494
p:  127813.08956653683
5d2137d89157933b7a11444c
p:  473024.13257593615
5d2138cf8d01dcbda611436e
p:  104492.38734880282
5d2138ee402195432a1144db
p:  104307.67144889005
5d2139328e253d89c911449b
p:  246658.35156388735
5d21396c33d503bca41144e7
p:  109819.89569470166
5d213a0583caa553bf1144d1
p:  246140.74809243908
5d213a2533d503bca41144eb
p:  331545.2533314454
5d213a7c9157933b7a114453
p:  71262.49037067576
5d213adb83caa553bf1144d6
p:  177617.44917089856
5d213b039157933b7a114458
p:  109537.77124244493
5d213bbf83caa553bf1144db
p:  70833.07930218948
5d213c2a402195432a11450c
p:  76979.20770771404
5d213c509157933b7a114465
p:  103499.1426954371
5d213ca04eb5cfed7c114470
p:  96217.5675027418
5d213cd14eb5cfed7c114471
p:  475829.73076062417
5d213d054eb5cfed7c114473
p:  37765.6073183709
5d213d089157933b7a11446c
p:  103499.1426954371
5d213d1f197b8ad7fd11446b
p:  55552.45999893891
5d213d6fa19622513811441d
p:  75038.75550570131
5d213d78197b8ad7fd11446d
p:  103897.76984875533
5d213d8d9157933b7a114470
p:  97848.58788041645
5d213dab05c5233b671144b6
p:  99145.46981288776
5d213dfa402195432a114510
p:  68035.54051344536
5d213dfc83caa553bf1144e4
p:  105261.82497982579
5d213e6a4eb5cfed7c114474
p:  53354.676883699925
5d213e6b05c5233b671144b9
p:  93964.18279642661
5d213e8093eff3e432114435
p:  149787.72297493924
5d213e837197dcd2bd1144d2
p:  270807.73410449934
5d213ea24eb5cfed7c114475
p:  86220.4232910068
5d213ea69157933b7a11447b
p:  139821.29488303716
5d213ecca196225138114425
p:  64231.257981201226
5d213ed493eff3e432114436
p:  61132.974412149415
5d213ef08d01dcbda6114380
p:  287310.2587738275
5d213f174eb5cfed7c114479
p:  67230.81521026703
5d213f5593eff3e432114437
p:  50004.32501786605
5d213f57402195432a114513
p:  114692.38385511248
5d213f994eb5cfed7c11447d
p:  46142.913762773154
5d213fa84eb5cfed7c11447e
p:  45485.33727011295
5d213fad83caa553bf1144f1
p:  53091.74432282604
5d213fc983caa553bf1144f2
p:  52494.65337681705
5d213ff2197b8ad7fd114473
p:  88050.17747182034
5d213ff4a19622513811442b
p:  63228.06937096504
5d214017197b8ad7fd114474
p:  138488.17401456804
5d214028a19622513811442c
p:  63549.32345671661
5d2140580db4ec972f114507
p:  336525.74988581415
5d2140619157933b7a11448c
p:  240836.72843003293
5d21406b8d01dcbda6114396
p:  162508.33397220826
5d214090402195432a11451f
p:  66610.69519246639
5d2140a19157933b7a11448e
p:  87409.84598387015
5d2140b033d503bca4114508
p:  304692.9748992006
5d2140d583caa553bf1144fb
p:  55469.63776663857
5d2140e38d01dcbda611439c
p:  149494.88893646488
5d2140e4a196225138114431
p:  57396.07017456434
5d2140ec9157933b7a11448f
p:  92092.37907381452
5d21413b9157933b7a114490
p:  249480.721247674
5d21414183caa553bf1144fe
p:  63389.284164206474
5d2141557197dcd2bd1144dc
p:  79593.70761896705
5d21419b7197dcd2bd1144dd
p:  63655.799078000644
5d2141d493eff3e43211443c
p:  50004.32501786605
5d2141d49157933b7a114492
p:  57561.41389738802
5d2142487197dcd2bd1144de
p:  65808.85121257609
5d21427a93eff3e432114440
p:  81357.15969938098
5d21427b197b8ad7fd11447a
p:  293438.8786185037
5d21429e9157933b7a114495
p:  76634.46472212838
5d2142b3197b8ad7fd11447c
p:  57041.94735459325
5d2142b67197dcd2bd1144e1
p:  130475.46776669043
5d2142b60db4ec972f11450e
p:  373654.5661272865
5d2142cc7197dcd2bd1144e3
p:  66989.60821365641
5d2142d57197dcd2bd1144e4
p:  67944.10628517036
5d2142e67197dcd2bd1144e5
p:  249790.01079616946
5d21431e33d503bca4114515
p:  48120.33379756616
5d21431f93eff3e432114442
p:  47508.37799846519
5d214343a196225138114445
p:  274197.4050933606
5d21436733d503bca4114519
p:  148905.49563521374
5d214378a196225138114448
p:  49758.91438735799
5d21437c33d503bca411451c
p:  260724.97324594646
5d2143867197dcd2bd1144e7
p:  249790.01079616946
5d21438a93eff3e432114443
p:  49928.92183310841
5d21439f9157933b7a11449c
p:  48536.02047422061
5d2143b393eff3e432114444
p:  61049.97940913918
5d2143b8e7c47910ad1144b5
p:  67788.35181217488
5d2143d8e7c47910ad1144b6
p:  77398.83451402254
5d2143eb7197dcd2bd1144eb
p:  80282.67291471837
5d214407e7c47910ad1144b7
p:  77398.83451402254
5d21441e7197dcd2bd1144ee
p:  249790.01079616946
5d21443493eff3e432114447
p:  88491.80088190411
5d2144450db4ec972f114519
p:  203592.76079414034
5d21445633d503bca411452e
p:  49764.73643114663
5d21446ee7c47910ad1144ba
p:  83554.4066228274
5d21447033d503bca4114532
p:  296271.4233258057
5d21447e93eff3e432114448
p:  196192.70341000467
5d21449f197b8ad7fd114483
p:  72764.1771310261
5d2144b705c5233b671144cf
p:  116480.00311376789
5d2144e5197b8ad7fd114486
p:  64655.419397358695
5d2144ef7197dcd2bd1144ef
p:  66989.60821365641
5d21452e197b8ad7fd114488
p:  62876.17644200582
5d214534e7c47910ad1144c0
p:  75171.22565055439
5d214553e7c47910ad1144c1
p:  104139.28217206712
5d21459d33d503bca4114555
p:  47950.60400780532
5d2145ae197b8ad7fd11448e
p:  24883.615402865253
5d2145b5197b8ad7fd11448f
p:  75603.4822148102
5d2145bd197b8ad7fd114490
p:  40091.8614299942
5d2145bf33d503bca4114559
p:  74036.2529383607
5d2145db197b8ad7fd114492
p:  92651.73481385992
5d2145f04eb5cfed7c11448b
p:  144779.69222084916
5d214613a196225138114450
p:  63954.29537551706
5d214619e7c47910ad1144c8
p:  67788.35181217488
5d2146298d01dcbda61143b4
p:  120721.1561746723
5d21462d4eb5cfed7c11448c
p:  66756.78882552794
5d21463e4eb5cfed7c11448d
p:  83288.1910544906
5d21466b7197dcd2bd1144f4
p:  78576.77816301242
5d2146748e253d89c91144bc
p:  274315.6413021211
5d2146b17197dcd2bd1144f5
p:  80282.67291471837
5d2146d493eff3e43211444e
p:  63792.911514518775
5d2146db8e253d89c91144bf
p:  272857.60530002235
5d2146dd7197dcd2bd1144f6
p:  138198.93449291296
5d2146e78e253d89c91144c0
p:  178133.75395614523
5d2146ece7c47910ad1144d0
p:  173713.63462071624
5d2146f49157933b7a1144a0
p:  60993.898099902435
5d2147107197dcd2bd1144f7
p:  108850.07927377048
5d214734e7c47910ad1144d1
p:  98145.39154231339
5d214746e7c47910ad1144d2
p:  77398.83451402254
5d2147694eb5cfed7c114490
p:  72756.78304447606
5d21478e7197dcd2bd1144f9
p:  88174.92819361662
5d2147af7197dcd2bd1144fb
p:  220986.8736025353
5d2147ba33d503bca4114573
p:  250984.79187134528
5d2147c88e253d89c91144c4
p:  367832.15139186033
5d2147cca196225138114455
p:  75047.3984578796
5d2147f393eff3e432114452
p:  112750.00265389259
5d214860197b8ad7fd1144be
p:  254406.6735489206
5d214866197b8ad7fd1144bf
p:  254406.6735489206
5d21486f197b8ad7fd1144c0
p:  254406.6735489206
5d2148a4197b8ad7fd1144c3
p:  67574.36109938395
5d2148ae197b8ad7fd1144c4
p:  86027.70907353699
5d2148b94eb5cfed7c11449a
p:  64364.52953005154
5d2148c18e253d89c91144c9
p:  132949.0174156968
5d2148dd9157933b7a1144a3
p:  259455.06243205533
5d2148e3a19622513811445b
p:  51178.3013972295
5d2148ef4eb5cfed7c11449b
p:  66756.78882552794
5d214912a19622513811445d
p:  99025.79344926438
5d21493a9157933b7a1144a5
p:  67030.73038954576
5d21493c0db4ec972f11452b
p:  296141.82400501124
5d2149594eb5cfed7c11449d
p:  66756.78882552794
5d214966402195432a114542
p:  98830.18543436425
5d21496933d503bca4114590
p:  61524.57086794307
5d21497f4eb5cfed7c11449f
p:  94630.86346944579
5d21499c93eff3e43211445a
p:  69732.59767339926
5d2149ac8e253d89c91144d6
p:  108765.72381146965
5d2149bb7197dcd2bd114504
p:  124694.15470168598
5d2149c18e253d89c91144d7
p:  145129.21137679226
5d2149cb9157933b7a1144a8
p:  85956.36838174524
5d2149cd4eb5cfed7c1144a2
p:  60904.494271723335
5d214a5aa19622513811445f
p:  64448.16250888443
5d214a5d197b8ad7fd1144df
p:  397265.48680409126
5d214a6c33d503bca4114592
p:  378188.3726189671
5d214a9333d503bca4114594
p:  69732.59767339926
5d214aca4eb5cfed7c1144a7
p:  70670.75311301518
5d214acc7197dcd2bd11450c
p:  220543.64857929831
5d214b0a7197dcd2bd114512
p:  121584.82046734559
5d214b2933d503bca4114595
p:  56769.56491395418
5d214b63197b8ad7fd1144e8
p:  270440.5556808758
5d214b77402195432a11454a
p:  226925.74949866318
5d214ba2e7c47910ad1144dd
p:  67850.28906956577
5d214bd29157933b7a1144b3
p:  57553.54342795879
5d214be233d503bca4114597
p:  67038.17709630665
5d214c2e9157933b7a1144b8
p:  50930.048071453566
5d214ca29157933b7a1144bd
p:  259455.06243205533
5d214cb67197dcd2bd11451a
p:  116513.79956560938
5d214ce033d503bca411459b
p:  56415.73787356855
5d214d23197b8ad7fd1144ec
p:  84543.29869460022
5d214d6fe7c47910ad1144de
p:  251908.38609513405
5d214d8483caa553bf11452d
p:  55347.19534722144
5d214daf9157933b7a1144c7
p:  134157.50300989574
5d214db283caa553bf11452e
p:  63148.23494823586
5d214dbd402195432a11456f
p:  133230.85364018157
5d214dc87197dcd2bd114521
p:  464094.11094937084
5d214dcd402195432a114570
p:  135354.577244429
5d214df4402195432a114573
p:  206864.61525780865
5d214df6197b8ad7fd1144fa
p:  81673.52773800225
5d214dfe93eff3e43211446f
p:  50004.32501786605
5d214e6693eff3e432114473
p:  67620.3684753378
5d214e704eb5cfed7c1144b4
p:  69197.04036054104
5d214e748e253d89c91144ed
p:  333135.2688334036
5d214f05402195432a114588
p:  189420.59942489676
5d214fc79157933b7a1144dc
p:  70194.13540227799
5d214fe04eb5cfed7c1144ba
p:  64364.52953005154
5d215106402195432a1145ac
p:  56736.18832215157
5d2151499157933b7a1144eb
p:  81970.65369713376
5d21516d7197dcd2bd11452f
p:  137654.07707985712
5d2151c9402195432a1145ae
p:  63261.86910475472
5d2152438d01dcbda61143ec
p:  113717.03273263926
5d2152487197dcd2bd114531
p:  235608.15420690758
5d21530593eff3e43211447d
p:  122105.40954424132
5d215320a196225138114484
p:  116316.46870282991
5d215356a196225138114486
p:  76291.61211338104
5d2153e79157933b7a114505
p:  160915.25695401215
5d21548ce7c47910ad1144f3
p:  87452.57278990072
5d2154a1402195432a1145b4
p:  258677.25663022223
5d2154a30db4ec972f11455c
p:  353104.46991532773
5d2154af9157933b7a114511
p:  229593.2206375523
5d2154c7a19622513811449a
p:  261467.59248739804
5d215532a1962251381144a3
p:  91618.11462866471
5d2155414eb5cfed7c1144ce
p:  737842.8714279601
5d2155cb83caa553bf11453f
p:  268731.207475806
5d2155dc8d01dcbda61143f0
p:  119667.86909852948
5d2156178e253d89c911450f
p:  93992.92076700785
5d21561a4eb5cfed7c1144d2
p:  81673.52773800225
5d21565b9157933b7a114523
p:  183134.07285486188
5d215676a1962251381144b2
p:  158713.65640649264
5d215697402195432a1145ba
p:  83140.53167834491
5d2156ff8d01dcbda61143f2
p:  104331.06067610999
5d21572e05c5233b67114515
p:  129631.39747759365
5d215753e7c47910ad114509
p:  77398.83451402254
5d21577a8d01dcbda61143f7
p:  69215.52723565261
5d21577c8e253d89c911451a
p:  141412.16754842212
5d2157928d01dcbda61143f8
p:  72973.32300888156
5d2157aa8d01dcbda61143f9
p:  84554.82385808152
5d2157c14eb5cfed7c1144d7
p:  505397.02405574283
5d215830402195432a1145be
p:  175113.50688419395
5d21584083caa553bf11454f
p:  99439.48544561723
5d2158c8a1962251381144cf
p:  63015.1363394652
5d2158d5402195432a1145c3
p:  258677.25663022223
5d215908a1962251381144d2
p:  75359.5415722396
5d215920a1962251381144d3
p:  252624.14341768183
5d2159448d01dcbda6114403
p:  73955.90663290197
5d215982402195432a1145c5
p:  252436.19034320305
5d2159c28d01dcbda6114408
p:  106496.29589851403
5d2159d605c5233b6711452d
p:  516714.9266473