Current date and time: 2020-06-07 15:34:20
Successfully connect to DB.
For ['Beaver', 'Cimarron', 'Texas', 'Alfalfa', 'Ellis', 'Garfield', 'Grant', 'Harper', 'Kay', 'Major', 'Noble', 'Woods', 'Woodward']#################################################################
train score for random_forest: 0.9356945380875084
test score for random_forest: 0.43869204684958674
The mean absolute error is:$ 56333.669872918836
r_Score: 0.5066792444947594
Voting Regressor (in): 0.9814783658903604
Voting Regressor: 0.5066792444947594
5d1bc8ce03ecbb08e0bf61dc
p:  268100.4006631174
5d472c76f7f38a8a9f3cb2e6
p:  56926.53250418333
5d472c9af7f38a8a9f3cb2e7
p:  88359.8293864973
5d472d0df7f38a8a9f3cb2ea
p:  36442.182404453735
5d472d7af7f38a8a9f3cb2ec
p:  41671.53943901935
5d472e42a1d59ab1843cb46c
p:  187854.31918135606
5d472f0ba1d59ab1843cb46f
p:  116754.42216479045
5d472f31f7f38a8a9f3cb2f4
p:  38223.01699581279
5d472f46a1d59ab1843cb470
p:  119186.13126031189
5d4730e7f7f38a8a9f3cb2fc
p:  58407.528540132305
5d47311ef7f38a8a9f3cb2fd
p:  46156.51109456283
5d4732d7a1d59ab1843cb476
p:  84411.39898948693
5d473348a1d59ab1843cb47a
p:  190192.69592833897
5d47340ca1d59ab1843cb47c
p:  84262.19498638649
5d4738689e2cbcb64e3cb35a
p:  122616.5222742031
5d4738f4a1d59ab1843cb488
p:  220368.44287305375
5d47391ea1d59ab1843cb489
p:  139374.759326145
5d4739bea1d59ab1843cb48b
p:  67879.50542727648
5d473ae1a1d59ab1843cb48e
p:  95254.07261572068
5d473bcaa1d59ab1843cb48f
p:  465726.19337330107
5d473bdba1d59ab1843cb490
p:  241735.6539123851
5d473d3ea1d59ab1843cb492
p:  128830.9854332906
5d473f6da1d59ab1843cb497
p:  87054.5329651547
5d474084a1d59ab1843cb49c
p:  125213.09948077914
5d4740b0a1d59ab1843cb49d
p:  115732.17818704696
5d47422da1d59ab1843cb49f
p:  183247.37534827972
5d474566a1d59ab1843cb4a5
p:  55950.4280118646
5d47457ba1d59ab1843cb4a6
p:  120417.15501568622
5d47497aa1d59ab1843cb4b2
p:  171603.76093275595
5d47e90da1d59ab1843cb691
p:  69407.7395672177
5d47e9efa1d59ab1843cb697
p:  34207.93576776261
5d47ea3dd57846aad03cb58a
p:  98392.15536455219
5d47eeaad57846aad03cb59a
p:  135454.9166543545
5d47f0f8dd24314cff3cb566
p:  83426.33342073187
5d47f1e6d57846aad03cb59e
p:  35975.363429765384
5d47f506d57846aad03cb5a5
p:  88549.48130760966
5d47f5b3d57846aad03cb5a9
p:  48951.840057894166
5d47f5dff90d8ecb1d3cb651
p:  177086.50125645258
5d47fd7fd57846aad03cb5bd
p:  40646.269612782155
For ['Adair', 'Cherokee', 'Craig', 'Creek', 'Delaware', 'Mayes', 'McIntosh', 'Muskogee', 'Nowata', 'Okfuskee', 'Okmulgee', 'Osage', 'Ottawa', 'Pawnee', 'Rogers', 'Sequoyah', 'Tulsa', 'Wagoner', 'Washington']#################################################################
train score for random_forest: 0.9390354427886081
test score for random_forest: 0.5451666793722048
The mean absolute error is:$ 85264.69376887512
r_Score: 0.5575350372161072
Voting Regressor (in): 0.9413268184114836
Voting Regressor: 0.5575350372161072
5d0a4fdffa7544d5f27ba690
p:  152760.6278757727
5d0e5dc145ebd0b4c32fce3d
p:  204767.9308285935
5d12a85db7ae3de20d8d6ea1
p:  224798.44599977447
5d1c647e0a1cbc8e6fefbd0d
p:  185054.55327682872
5d42d6955059a34d102fa19c
p:  186767.50311536386
5d45bd80f6b4c2439b8b212c
p:  78607.03453839044
5d473eaa83d77837be3cb4ed
p:  135815.0989280488
5d473ee8025b84f7a43cb377
p:  81026.8279883544
5d473efd025b84f7a43cb378
p:  71988.4420903489
5d473f0e025b84f7a43cb379
p:  44821.07107876563
5d473f21025b84f7a43cb37a
p:  42330.80583485018
5d473f84025b84f7a43cb37b
p:  59017.975247244365
5d473fe583d77837be3cb4f1
p:  405147.4171948184
5d47401683d77837be3cb4f2
p:  153928.65759988019
5d474094105b1da0603cb3ed
p:  249382.88767842704
5d4740a6f7f38a8a9f3cb34a
p:  94999.71792654271
5d4740ccf7f38a8a9f3cb34b
p:  131990.8240293112
5d4740f2f7f38a8a9f3cb34c
p:  135224.9524696476
5d474111025b84f7a43cb381
p:  54903.13844441573
5d474119f7f38a8a9f3cb34d
p:  134195.72927803564
5d474121025b84f7a43cb382
p:  52633.87767841914
5d47413ef7f38a8a9f3cb34e
p:  157888.54392430928
5d474189105b1da0603cb3f0
p:  250670.03373848152
5d4741b3f7f38a8a9f3cb351
p:  114131.75987638705
5d4741d8f7f38a8a9f3cb352
p:  106756.8869729524
5d4741fd105b1da0603cb3f2
p:  160276.89172492904
5d474216025b84f7a43cb383
p:  120063.52598939158
5d474228f7f38a8a9f3cb354
p:  154567.05103121043
5d4742c4dd24314cff3cb361
p:  130514.49036580297
5d4742c5f7f38a8a9f3cb358
p:  103815.77121829832
5d47430975132ab4c53cb33d
p:  102722.60165993185
5d474311f7f38a8a9f3cb35a
p:  117917.30165146259
5d47432ddd24314cff3cb364
p:  186736.03358530207
5d474337f7f38a8a9f3cb35b
p:  134238.10249296884
5d474357105b1da0603cb3f5
p:  132502.26812077523
5d47436583d77837be3cb4fb
p:  175951.5638110805
5d4743e3dd24314cff3cb365
p:  78018.16489671645
5d4743f8dd24314cff3cb366
p:  52917.28287778949
5d47440075132ab4c53cb340
p:  74704.42380482022
5d47446a025b84f7a43cb386
p:  254605.39016265422
5d474470f7f38a8a9f3cb363
p:  133473.9410727113
5d47449e2e401f69b33cb2ff
p:  211089.34238086885
5d4744a283d77837be3cb4fe
p:  378856.95246666105
5d474509f7f38a8a9f3cb367
p:  189390.77416252298
5d474522025b84f7a43cb38a
p:  142269.56140903343
5d4745b5f7f38a8a9f3cb36b
p:  200470.24003809673
5d474649105b1da0603cb3fc
p:  160134.42716892526
5d474653f7f38a8a9f3cb36f
p:  168019.445485031
5d47473cf7f38a8a9f3cb375
p:  110460.17443890403
5d47476d025b84f7a43cb390
p:  155623.6507819685
5d4747b8025b84f7a43cb391
p:  79698.72656879514
5d4747def7f38a8a9f3cb379
p:  163877.89088244946
5d4747fc025b84f7a43cb393
p:  104718.9303578258
5d474803f7f38a8a9f3cb37a
p:  266057.5814010381
5d47481883d77837be3cb505
p:  125664.53734796963
5d474819dd24314cff3cb375
p:  162365.98605708155
5d47489df7f38a8a9f3cb37f
p:  196492.74378177192
5d474910f7f38a8a9f3cb382
p:  189961.8932980948
5d474a28f7f38a8a9f3cb389
p:  138284.523707354
5d474a4ef7f38a8a9f3cb38b
p:  113794.88027460934
5d474a9af7f38a8a9f3cb38d
p:  174695.85535517865
5d474abe75132ab4c53cb355
p:  127703.28463134442
5d474ae283d77837be3cb50b
p:  186535.61573839508
5d474b16f7f38a8a9f3cb390
p:  200779.39716906892
5d474b3f75132ab4c53cb357
p:  220692.32053235252
5d474b3f83d77837be3cb50e
p:  602518.9542703547
5d474b43dd24314cff3cb37b
p:  47946.90619794636
5d474b51105b1da0603cb40b
p:  136372.3860445253
5d474b5975132ab4c53cb358
p:  141162.77816469915
5d474b5c83d77837be3cb50f
p:  165668.7512239234
5d474b7f75132ab4c53cb359
p:  178154.3315596113
5d474c2375132ab4c53cb35a
p:  171896.48906063393
5d474c26f7f38a8a9f3cb397
p:  145393.2397569979
5d474c72f7f38a8a9f3cb399
p:  153565.88822323942
5d474d32f7f38a8a9f3cb39e
p:  171924.27867880807
5d474d8075132ab4c53cb35b
p:  191200.0851961453
5d474df675132ab4c53cb35f
p:  205565.9770420439
5d474e282e401f69b33cb310
p:  188233.86929588183
5d474e40f7f38a8a9f3cb3a5
p:  163841.98010024015
5d474e69f7f38a8a9f3cb3a6
p:  134922.87875196076
5d474e88dd24314cff3cb382
p:  57898.27651623148
5d474e8983d77837be3cb514
p:  172616.1084477628
5d474ebdf7f38a8a9f3cb3a8
p:  218916.81046958396
5d474ed3105b1da0603cb411
p:  160276.89172492904
5d474f7ef7f38a8a9f3cb3ad
p:  117970.58625104338
5d474fa175132ab4c53cb368
p:  171896.48906063393
5d474fd0f7f38a8a9f3cb3af
p:  130367.59054368694
5d47504cdd24314cff3cb387
p:  206072.23405237996
5d47512ff7f38a8a9f3cb3b8
p:  147877.37104247825
5d47517df7f38a8a9f3cb3ba
p:  159360.31610521727
5d47518c83d77837be3cb518
p:  119123.25332332763
5d4751f2f7f38a8a9f3cb3bd
p:  251898.2426523537
5d475218f7f38a8a9f3cb3be
p:  102406.83118868664
5d47524375132ab4c53cb371
p:  108596.87024381035
5d47526175132ab4c53cb372
p:  186015.73243598692
5d475297105b1da0603cb41b
p:  163554.023536729
5d4752aff56591451d3cb3f5
p:  80160.43073167616
5d475313dd24314cff3cb390
p:  112758.22136776819
5d47533a2e401f69b33cb320
p:  137879.52115102916
5d47533df7f38a8a9f3cb3c5
p:  207777.14918804023
5d47538af7f38a8a9f3cb3c7
p:  165578.26289124053
5d4753b2f7f38a8a9f3cb3c8
p:  198567.86443973694
5d4753d7f7f38a8a9f3cb3c9
p:  234911.6291091026
5d4753db105b1da0603cb423
p:  167056.33026273738
5d4753dc025b84f7a43cb3a8
p:  29002.53762027978
5d4753f52e401f69b33cb323
p:  155088.63097800588
5d47546575132ab4c53cb37c
p:  139694.87282939948
5d47547683d77837be3cb51f
p:  120010.2992126518
5d475498f7f38a8a9f3cb3ce
p:  124069.10588220184
5d4754b5f56591451d3cb400
p:  78440.95320477951
5d4754bff7f38a8a9f3cb3cf
p:  332679.6378856084
5d4754f2dd24314cff3cb394
p:  126908.64074664422
5d47550bf7f38a8a9f3cb3d1
p:  218021.8931512671
5d475529d5fd6d43123cb46a
p:  70300.1601584024
5d475531f7f38a8a9f3cb3d2
p:  110402.75292171023
5d47553f105b1da0603cb42c
p:  164486.39018575396
5d475553d5fd6d43123cb46c
p:  113613.1653045229
5d475556f7f38a8a9f3cb3d3
p:  251409.57168122783
5d4755e3105b1da0603cb431
p:  108614.39961063949
5d47566af7f38a8a9f3cb3da
p:  208857.21889753005
5d47569f105b1da0603cb436
p:  100483.23995176473
5d4756def7f38a8a9f3cb3dd
p:  137818.35580891403
5d475704f7f38a8a9f3cb3de
p:  186241.39188075543
5d47571c105b1da0603cb439
p:  134167.48079580083
5d475723dd24314cff3cb39a
p:  117139.95007473977
5d475740d5fd6d43123cb471
p:  201694.6804104424
5d475747105b1da0603cb43a
p:  320010.45912283845
5d4757bef56591451d3cb409
p:  222016.3089165266
5d4757ec105b1da0603cb43e
p:  167633.6941946228
5d475837f7f38a8a9f3cb3e6
p:  175338.62576147343
5d47583df56591451d3cb40a
p:  219697.77265482236
5d475874f56591451d3cb40b
p:  173814.1788344342
5d4758bc025b84f7a43cb3b6
p:  125954.0385902079
5d4758d0f7f38a8a9f3cb3ea
p:  180365.04445047476
5d47590983d77837be3cb528
p:  210262.3430696982
5d475992f7f38a8a9f3cb3ef
p:  153025.25037011475
5d4759e7f7f38a8a9f3cb3f1
p:  203898.01813260262
5d475a11f56591451d3cb40e
p:  170866.54996821907
5d475a33f7f38a8a9f3cb3f3
p:  197870.60252051777
5d475a522e401f69b33cb333
p:  304073.8902592253
5d475a9083d77837be3cb52a
p:  125168.29110843604
5d475acef7f38a8a9f3cb3f7
p:  194899.19189086696
5d475afcf7f38a8a9f3cb3f8
p:  196068.5973094781
5d475b91d5fd6d43123cb47c
p:  170947.15028324287
5d475be4f7f38a8a9f3cb3fe
p:  176953.21151880038
5d475c5bf56591451d3cb412
p:  202741.6656502577
5d475d17f7f38a8a9f3cb406
p:  317415.78338997456
5d475d27105b1da0603cb45a
p:  213126.1028202111
5d475d2ef56591451d3cb413
p:  183941.26306295895
5d475d5583d77837be3cb52e
p:  205543.83601238186
5d475e1e105b1da0603cb460
p:  228356.94323970174
5d475e31f7f38a8a9f3cb40d
p:  230154.6171204703
5d475e7ff7f38a8a9f3cb40f
p:  132198.07716964732
5d475e9cdd24314cff3cb3aa
p:  126717.16354756092
5d475f20105b1da0603cb469
p:  206683.59575246298
5d4760842e401f69b33cb339
p:  203618.85873682794
5d4760a1f7f38a8a9f3cb41e
p:  141832.5336277237
5d4760f42e401f69b33cb33c
p:  222235.65422536258
5d4761252e401f69b33cb33d
p:  214001.08540249945
5d47629a83d77837be3cb539
p:  280501.8762783016
5d4762bd105b1da0603cb480
p:  178081.7302226695
5d4762d283d77837be3cb53a
p:  142942.55271438352
5d47631583d77837be3cb53c
p:  127145.7093647293
5d47637e2e401f69b33cb346
p:  223634.2318781329
5d476500105b1da0603cb48b
p:  249960.8529388299
5d476527105b1da0603cb48c
p:  144840.6687391502
5d476532d5fd6d43123cb48b
p:  136520.55061965276
5d47658f025b84f7a43cb3db
p:  84379.30042943123
5d4765a183d77837be3cb545
p:  137076.53708470624
5d4765ac025b84f7a43cb3dc
p:  152110.63697127416
5d4766ec025b84f7a43cb3e1
p:  138529.0219168459
5d47670e105b1da0603cb49a
p:  827617.5413631977
5d476710025b84f7a43cb3e2
p:  118516.68202807826
5d476780025b84f7a43cb3e5
p:  119278.84674451457
5d47683783d77837be3cb54a
p:  168710.83048574592
5d4768b5f56591451d3cb428
p:  190402.26009624585
5d47698add24314cff3cb3d0
p:  114737.65781460257
5d4769ac025b84f7a43cb3ed
p:  110228.90338833537
5d4769b28fa79d5fa53cb3b7
p:  256113.89999995197
5d476b3f8fa79d5fa53cb3b9
p:  248932.0983563384
5d476b6583d77837be3cb554
p:  219604.78094927594
5d476c45dd24314cff3cb3da
p:  175980.55835154938
5d476c6ef7f38a8a9f3cb46a
p:  127463.4000879465
5d476ca8025b84f7a43cb3f5
p:  84877.70505290228
5d476e7d83d77837be3cb55f
p:  667279.2769521277
5d476ec38fa79d5fa53cb3bc
p:  183455.76855930165
5d476f132e401f69b33cb35e
p:  274061.9163430599
5d476f3183d77837be3cb561
p:  194291.68658174566
5d476f3f83d77837be3cb562
p:  212052.85359006037
5d4770aa8fa79d5fa53cb3c3
p:  148550.29624801694
5d4772dedd24314cff3cb3e3
p:  318617.37047700083
5d47731a2e401f69b33cb368
p:  151744.60925110843
5d477322dd24314cff3cb3e4
p:  157903.89731799896
5d47734edd24314cff3cb3e5
p:  140040.97516730352
5d47735fdd24314cff3cb3e6
p:  185330.29841615242
5d4773ca83d77837be3cb575
p:  140928.3017672531
5d4773ccdd24314cff3cb3e7
p:  178925.29513072368
5d4774c9dd24314cff3cb3ec
p:  279885.508217797
5d4775068fa79d5fa53cb3d2
p:  261484.42171346053
5d47750bdd24314cff3cb3ee
p:  341978.4605125652
5d477530dd24314cff3cb3ef
p:  158231.54781055957
5d47754bdd24314cff3cb3f0
p:  198044.926360448
5d47757add24314cff3cb3f1
p:  128824.70330283896
5d4775fedd24314cff3cb3f3
p:  197553.52043171413
5d4776138fa79d5fa53cb3d3
p:  247109.115319615
5d47762bdd24314cff3cb3f5
p:  169223.36898553596
5d47768bdd24314cff3cb3f8
p:  115605.56746098472
5d4776aadd24314cff3cb3f9
p:  83448.67918228131
5d4776de2e401f69b33cb374
p:  114551.69085490258
5d4776e7dd24314cff3cb3fb
p:  84348.42833050949
5d4776e9025b84f7a43cb41d
p:  158073.16170051217
5d477705dd24314cff3cb3fc
p:  115549.10040707109
5d477742dd24314cff3cb3fe
p:  157752.69692873632
5d47778ddd24314cff3cb402
p:  231860.01999515638
5d4777f9dd24314cff3cb406
p:  205181.99900077033
5d477876dd24314cff3cb40a
p:  111367.99735385002
5d47787b2e401f69b33cb37a
p:  155088.63097800588
5d477905dd24314cff3cb417
p:  157903.89731799896
5d47794add24314cff3cb41d
p:  171076.8057872971
5d47794c025b84f7a43cb425
p:  119606.7297458321
5d47795ef7f38a8a9f3cb48b
p:  99165.56248929608
5d47795fdd24314cff3cb41f
p:  167046.30321073747
5d4779c3a1d59ab1843cb537
p:  128294.51706209424
5d4779dbdd24314cff3cb426
p:  158524.1522217199
5d477b06025b84f7a43cb427
p:  146974.28607514306
5d477b6bdd24314cff3cb434
p:  267411.4697406845
5d477b8bdd24314cff3cb435
p:  344684.2028225793
5d477bc1025b84f7a43cb42a
p:  93765.61868792493
5d477bc49e2cbcb64e3cb403
p:  90419.97418012164
5d477bcbf7f38a8a9f3cb490
p:  77366.79445319143
5d477c34f7f38a8a9f3cb493
p:  117032.01908844564
5d477c35dd24314cff3cb43c
p:  79865.16760151836
5d477c6a83d77837be3cb58c
p:  366998.6524232022
5d477cf2025b84f7a43cb42d
p:  192966.42167587695
5d477d8f8fa79d5fa53cb3dc
p:  211455.89903266047
5d477f4a105b1da0603cb537
p:  756993.7154666164
5d477f6b105b1da0603cb538
p:  184399.20547061216
5d477fbb105b1da0603cb53a
p:  168651.2701041304
5d477fe6105b1da0603cb53b
p:  126970.64661991798
5d477ff5a1d59ab1843cb546
p:  226128.179478817
5d478047105b1da0603cb53d
p:  229983.7511755107
5d47806d105b1da0603cb53e
p:  151556.94674687798
5d4780c2105b1da0603cb540
p:  238310.12700524565
5d4780d5f7f38a8a9f3cb4a3
p:  171197.27223191242
5d478117105b1da0603cb542
p:  164703.72252796387
5d47813f105b1da0603cb543
p:  200008.71341992123
5d47815c105b1da0603cb544
p:  163531.55156818603
5d47816b105b1da0603cb545
p:  258780.60112438386
5d47818575132ab4c53cb3fd
p:  282089.7576004651
5d478187105b1da0603cb546
p:  159120.8559688051
5d4781b3105b1da0603cb548
p:  151851.36072241075
5d4781db75132ab4c53cb3fe
p:  189637.45121115638
5d4781f5105b1da0603cb54b
p:  194808.91117899638
5d47821d025b84f7a43cb455
p:  230916.77650713912
5d47822c75132ab4c53cb3ff
p:  170928.6155707854
5d47824d105b1da0603cb54d
p:  162210.4087462396
5d478273105b1da0603cb54e
p:  184872.39034390313
5d47829c105b1da0603cb54f
p:  140387.836676208
5d4782bd105b1da0603cb550
p:  128077.80696269053
5d4782e8a1d59ab1843cb54a
p:  110665.10526290917
5d4782ea105b1da0603cb551
p:  189153.74231440088
5d478308a1d59ab1843cb54b
p:  64827.080320935755
5d47831da1d59ab1843cb54c
p:  62110.60113911542
5d47833f105b1da0603cb553
p:  144088.1775394596
5d478357025b84f7a43cb45a
p:  120354.2962070419
5d4783b1105b1da0603cb555
p:  164962.50657475356
5d4783b3a1d59ab1843cb54d
p:  121899.66484941979
5d4783db105b1da0603cb556
p:  223274.3469617277
5d4783e28fa79d5fa53cb3eb
p:  245208.2158946193
5d478412105b1da0603cb557
p:  236929.84535681526
5d47843f105b1da0603cb559
p:  142211.6537310054
5d478484105b1da0603cb55b
p:  202613.2717337842
5d47848575132ab4c53cb401
p:  248381.042227657
5d4784a9105b1da0603cb55c
p:  172437.18291683902
5d4784b6105b1da0603cb55d
p:  178223.45679107006
5d478533f56591451d3cb461
p:  175789.50289717145
5d47856c105b1da0603cb562
p:  184320.2255259446
5d478573f56591451d3cb462
p:  135602.69970564923
5d478595105b1da0603cb563
p:  162517.79134776967
5d4785bcf7f38a8a9f3cb4b1
p:  237913.70903635246
5d4785c0105b1da0603cb564
p:  470588.7638650285
5d4785c175132ab4c53cb403
p:  169972.01107992936
5d4785d2a1d59ab1843cb54f
p:  128617.05540429916
5d4785de75132ab4c53cb404
p:  142045.35521197296
5d4785ed105b1da0603cb565
p:  155361.179769069
5d47860375132ab4c53cb405
p:  154466.18457920087
5d478633a1d59ab1843cb551
p:  98679.63701936693
5d478661f56591451d3cb468
p:  74253.1653539504
5d4786e3105b1da0603cb56c
p:  145401.1224860206
5d47871ba1d59ab1843cb552
p:  83889.8977711001
5d478737a1d59ab1843cb553
p:  106445.84349754316
5d478784a1d59ab1843cb554
p:  67714.76035259623
5d478787105b1da0603cb570
p:  162210.4087462396
5d47879c75132ab4c53cb407
p:  126782.40188753908
5d4787c775132ab4c53cb408
p:  166519.51543870883
5d4787df8fa79d5fa53cb3f6
p:  152760.35738410527
5d4787f72e401f69b33cb3af
p:  169682.89519190218
5d478801105b1da0603cb573
p:  155201.8786636155
5d478829105b1da0603cb574
p:  287021.7498272414
5d47883d8fa79d5fa53cb3f7
p:  176590.96049741784
5d478848a1d59ab1843cb556
p:  92406.83144259971
5d478866a1d59ab1843cb557
p:  221558.84771765405
5d478889105b1da0603cb576
p:  145484.10072314812
5d47888ea1d59ab1843cb558
p:  120359.48316197471
5d47889875132ab4c53cb40a
p:  196121.32886578084
5d4788cff56591451d3cb46d
p:  152319.30503302417
5d47891ef56591451d3cb470
p:  314975.43002480804
5d4789a4a1d59ab1843cb55a
p:  190845.17098158287
5d478a8f75132ab4c53cb40e
p:  400882.8129650586
5d478aed75132ab4c53cb411
p:  179723.1295557061
5d478b03f56591451d3cb474
p:  160449.02549802006
5d478b64f56591451d3cb475
p:  152192.3578373753
5d478bb8105b1da0603cb58a
p:  115350.71449447314
5d478bed025b84f7a43cb471
p:  587878.9278139877
5d478bf4a1d59ab1843cb562
p:  77409.48361753445
5d478c10dd24314cff3cb466
p:  129677.55986802497
5d478c2c75132ab4c53cb412
p:  127467.86691051579
5d478c38105b1da0603cb58d
p:  130941.21248694556
5d478c5d75132ab4c53cb413
p:  166696.95793562394
5d478ce3a1d59ab1843cb565
p:  72804.69962326762
5d478d0c75132ab4c53cb415
p:  142045.35521197296
5d478d5ea1d59ab1843cb567
p:  77071.54519033807
5d478daa75132ab4c53cb416
p:  170928.6155707854
5d478de1a1d59ab1843cb569
p:  103089.7535752249
5d478dfd025b84f7a43cb474
p:  82729.78670240019
5d478e7d105b1da0603cb59c
p:  62619.47401005448
5d478ea2f56591451d3cb47d
p:  176629.3809575438
5d478ea9105b1da0603cb59d
p:  109905.16455545643
5d478ece105b1da0603cb59e
p:  92553.62336054852
5d478f06f56591451d3cb47e
p:  88309.55145052596
5d478f23105b1da0603cb5a0
p:  71401.27342786184
5d478f31a1d59ab1843cb56b
p:  103089.7535752249
5d478f49105b1da0603cb5a1
p:  72507.85680038393
5d478f5e105b1da0603cb5a2
p:  90768.62875383427
5d478f77105b1da0603cb5a3
p:  93286.09918570821
5d478f97105b1da0603cb5a4
p:  153217.3636420085
5d478fc5105b1da0603cb5a5
p:  87898.93182688125
5d478feb75132ab4c53cb418
p:  165087.00011575816
5d478ffd105b1da0603cb5a6
p:  84753.9210130043
5d479040105b1da0603cb5a8
p:  69788.00868277592
5d47909375132ab4c53cb419
p:  193741.98395410925
5d4790ae105b1da0603cb5ab
p:  78020.91148905014
5d4790db105b1da0603cb5ac
p:  83833.9673968793
5d4790f7a1d59ab1843cb56e
p:  303945.0563544233
5d479106105b1da0603cb5ad
p:  202646.97674936347
5d47910da1d59ab1843cb56f
p:  148358.9500497493
5d47912e105b1da0603cb5ae
p:  181096.127193097
5d47913f025b84f7a43cb47a
p:  73730.43941447738
5d4791a8105b1da0603cb5b1
p:  81077.61303842245
5d4791f0dd24314cff3cb471
p:  165789.67040684237
5d47922edd24314cff3cb472
p:  231007.6063387514
5d479245105b1da0603cb5b5
p:  112522.57922967199
5d47925e9e2cbcb64e3cb434
p:  127963.42467951198
5d47927bd57846aad03cb4cd
p:  78924.6708176395
5d4792b575132ab4c53cb41b
p:  209796.2141966836
5d4792c4105b1da0603cb5b8
p:  67581.17393270823
5d4792c8d57846aad03cb4cf
p:  73268.70798139175
5d4792d89e2cbcb64e3cb435
p:  138998.42445811373
5d479314d57846aad03cb4d1
p:  109906.43067772436
5d479322a1d59ab1843cb572
p:  308012.9299917939
5d47933bd57846aad03cb4d2
p:  78040.9572808284
5d47934e105b1da0603cb5bb
p:  123310.01168587709
5d47937b9e2cbcb64e3cb437
p:  238526.8773230292
5d479385f7f38a8a9f3cb4d9
p:  136554.41016222522
5d4793bc9e2cbcb64e3cb438
p:  173269.04580985635
5d4793bff7f38a8a9f3cb4da
p:  226489.04139589047
5d4793f79e2cbcb64e3cb43a
p:  109159.48911287318
5d4793f8dd24314cff3cb475
p:  298649.33735134057
5d4794069e2cbcb64e3cb43b
p:  142271.4748227978
5d47942075132ab4c53cb41d
p:  289784.1361508296
5d4794278fa79d5fa53cb40f
p:  152760.6278757727
5d479445105b1da0603cb5c0
p:  141868.4267187175
5d479488a1d59ab1843cb577
p:  170337.18804535846
5d4794d6f7f38a8a9f3cb4de
p:  382166.48989071674
5d4794e075132ab4c53cb41e
p:  191743.49769299268
5d4794fcf7f38a8a9f3cb4df
p:  165606.93797339924
5d47951af7f38a8a9f3cb4e0
p:  161254.59305728253
5d479533f7f38a8a9f3cb4e1
p:  359305.73106301646
5d479545f56591451d3cb492
p:  38292.41569893997
5d479555f7f38a8a9f3cb4e2
p:  103482.48898086607
5d479588f7f38a8a9f3cb4e3
p:  348381.0790116278
5d4795b8a1d59ab1843cb57a
p:  141823.0958200905
5d4795bed57846aad03cb4d4
p:  126360.35300007471
5d4795d5f56591451d3cb493
p:  46483.99799956905
5d4795dbd57846aad03cb4d5
p:  75898.77273868644
5d4795e7105b1da0603cb5cb
p:  219849.91922965331
5d4795f79e2cbcb64e3cb43c
p:  173621.16842785705
5d4795fbf7f38a8a9f3cb4e4
p:  159177.5615717608
5d479603f56591451d3cb494
p:  56851.337098950506
5d479607d57846aad03cb4d6
p:  78633.66592079369
5d47960cdd24314cff3cb47d
p:  259940.45150823036
5d479673f7f38a8a9f3cb4e6
p:  117715.42560329763
5d479677d57846aad03cb4d8
p:  78040.9572808284
5d4796899e2cbcb64e3cb43d
p:  153529.41796896368
5d4796b59e2cbcb64e3cb43e
p:  120387.85126967037
5d4796bed57846aad03cb4d9
p:  121436.1619132987
5d4796c275132ab4c53cb422
p:  197306.3886229784
5d479709d57846aad03cb4db
p:  63022.27672540362
5d47972775132ab4c53cb424
p:  159332.72426297877
5d47973cd57846aad03cb4dc
p:  228119.0160685996
5d47975c9e2cbcb64e3cb43f
p:  176952.8993484591
5d479767d57846aad03cb4dd
p:  73299.45138981828
5d47977af7f38a8a9f3cb4ea
p:  300892.10399717937
5d4797b2d57846aad03cb4df
p:  256720.1335602899
5d4797fa105b1da0603cb5d8
p:  121769.8244404075
5d479804a1d59ab1843cb581
p:  126722.39036852677
5d479811f7f38a8a9f3cb4ed
p:  177282.68441188737
5d479820f56591451d3cb497
p:  35095.11031223365
5d479831a1d59ab1843cb582
p:  266957.99239169527
5d479856f56591451d3cb498
p:  55295.8338928695
5d479857d57846aad03cb4e2
p:  64214.28661727991
5d47987ca1d59ab1843cb584
p:  146021.4413717375
5d479883d57846aad03cb4e3
p:  64214.28661727991
5d4798b2f56591451d3cb49a
p:  44494.50231023201
5d4798e3d57846aad03cb4e5
p:  97177.51749781411
5d4798fff56591451d3cb49b
p:  43639.34138898205
5d479901a1d59ab1843cb587
p:  128377.89065750068
5d47990ef7f38a8a9f3cb4ef
p:  171064.8339182612
5d479928105b1da0603cb5e0
p:  198549.68255916965
5d479974a1d59ab1843cb589
p:  130071.74856438815
5d479984f56591451d3cb49d
p:  56882.21677944397
5d4799c12e401f69b33cb3d7
p:  63573.3340978656
5d4799ef9e2cbcb64e3cb441
p:  240110.28121872316
5d479a18f7f38a8a9f3cb4f2
p:  95744.63730164543
5d479a3075132ab4c53cb42a
p:  118154.98902027981
5d479a49a1d59ab1843cb58b
p:  97026.38058613084
5d479a91acae7a72623cb547
p:  136373.88461476858
5d479aa1a1d59ab1843cb58e
p:  95739.92076706744
5d479ab79e2cbcb64e3cb442
p:  136759.49503870247
5d479ae59e2cbcb64e3cb443
p:  145783.02497253128
5d479ae775132ab4c53cb42c
p:  331242.8494595729
5d479aea105b1da0603cb5ed
p:  74934.42241300145
5d479b06acae7a72623cb548
p:  151394.46238923294
5d479b359e2cbcb64e3cb445
p:  152302.63470551313
5d479b3c105b1da0603cb5ef
p:  80945.30756801637
5d479b5e9e2cbcb64e3cb446
p:  97048.67893964196
5d479b702e401f69b33cb3d9
p:  64676.153926299165
5d479b7575132ab4c53cb42d
p:  119499.87855260039
5d479b859e2cbcb64e3cb447
p:  164651.73272594385
5d479b9ad57846aad03cb4eb
p:  59207.77544186545
5d479bac9e2cbcb64e3cb448
p:  104598.12195742669
5d479bb3f56591451d3cb4a1
p:  31660.058591481957
5d479bbb105b1da0603cb5f2
p:  139341.94460139598
5d479bc4d57846aad03cb4ec
p:  90334.04259844878
5d479bd875132ab4c53cb42e
p:  188483.82761183433
5d479be7105b1da0603cb5f3
p:  146863.5060939616
5d479bf275132ab4c53cb42f
p:  218145.37308124028
5d479bf4acae7a72623cb54b
p:  199439.75104347258
5d479c042e401f69b33cb3dc
p:  56953.429532531765
5d479c0f105b1da0603cb5f4
p:  98997.87573538639
5d479c242e401f69b33cb3dd
p:  95289.12018245785
5d479c39acae7a72623cb54c
p:  66961.07794110753
5d479c3c105b1da0603cb5f5
p:  113999.41500202927
5d479c4b9e2cbcb64e3cb44c
p:  146065.1739098427
5d479c512e401f69b33cb3de
p:  78444.14636895675
5d479c729e2cbcb64e3cb44d
p:  127101.35372866568
5d479c999e2cbcb64e3cb44e
p:  295978.3207525945
5d479cc09e2cbcb64e3cb44f
p:  99960.54116236925
5d479ccbd57846aad03cb4f0
p:  87235.6534686226
5d479cd175132ab4c53cb436
p:  113041.06504485277
5d479ce89e2cbcb64e3cb450
p:  87945.00684575728
5d479ced105b1da0603cb5f9
p:  108391.8074553468
5d479cfc2e401f69b33cb3df
p:  136522.023219744
5d479d03105b1da0603cb5fa
p:  131538.87948985305
5d479d1ef56591451d3cb4a3
p:  57595.511929557164
5d479d61acae7a72623cb54f
p:  129360.17824403459
5d479d7a9e2cbcb64e3cb453
p:  80154.17218324925
5d479d7ea1d59ab1843cb593
p:  134384.9447690798
5d479db7105b1da0603cb5fe
p:  98537.97681117544
5d479dcca1d59ab1843cb595
p:  119088.58501753504
5d479ddf105b1da0603cb5ff
p:  134953.54168029645
5d479de89e2cbcb64e3cb455
p:  224503.55718144917
5d479e08105b1da0603cb600
p:  113259.62810755469
5d479e0dd57846aad03cb4f3
p:  64169.048264128425
5d479e109e2cbcb64e3cb456
p:  126439.98908014424
5d479e11acae7a72623cb551
p:  91878.64826003813
5d479e31105b1da0603cb601
p:  76619.78851606762
5d479e5c105b1da0603cb602
p:  179129.8620718646
5d479e632e401f69b33cb3e6
p:  132124.54655401345
5d479e8c2e401f69b33cb3e7
p:  100190.19623812509
5d479e9675132ab4c53cb43a
p:  109584.29116872512
5d479eaf9e2cbcb64e3cb45a
p:  139990.7648802765
5d479ec6105b1da0603cb605
p:  47264.61284268892
5d479eedd57846aad03cb4f5
p:  90503.35909509116
5d479eef105b1da0603cb606
p:  47264.61284268892
5d479f009e2cbcb64e3cb45b
p:  99100.17293557778
5d479f132e401f69b33cb3ea
p:  113615.91989196852
5d479f21dd24314cff3cb494
p:  195872.13972632898
5d479f3c2e401f69b33cb3eb
p:  56114.35599851281
5d479f4675132ab4c53cb43d
p:  282089.7576004651
5d479f4ed57846aad03cb4f6
p:  112311.0195286489
5d479f549e2cbcb64e3cb45d
p:  77603.31812604364
5d479f5e105b1da0603cb609
p:  75341.45406663607
5d479f5ff56591451d3cb4a8
p:  64534.30360549783
5d479f6683d77837be3cb5ee
p:  78144.08581989302
5d479f6a2e401f69b33cb3ec
p:  61287.9239970898
5d479f7a9e2cbcb64e3cb45e
p:  178526.78766924687
5d479f922e401f69b33cb3ed
p:  103983.22059623525
5d479f94105b1da0603cb60b
p:  69874.4042760736
5d479fa19e2cbcb64e3cb45f
p:  216579.11338404968
5d479fb9dd24314cff3cb498
p:  115605.56746098472
5d479fbc105b1da0603cb60c
p:  67420.9152586651
5d479fc99e2cbcb64e3cb460
p:  88118.13168990606
5d479fe7f56591451d3cb4aa
p:  43639.34138898205
5d479ff72e401f69b33cb3ef
p:  42852.68838709422
5d47a0232e401f69b33cb3f0
p:  55233.993328824276
5d47a02eacae7a72623cb557
p:  182199.518285051
5d47a04ca1d59ab1843cb59f
p:  134563.8139134642
5d47a05a105b1da0603cb610
p:  68495.22880568617
5d47a082105b1da0603cb611
p:  47264.61284268892
5d47a09cf56591451d3cb4ac
p:  56882.21677944397
5d47a0af2e401f69b33cb3f3
p:  96903.98825489555
5d47a0e7f56591451d3cb4ad
p:  35095.11031223365
5d47a1082e401f69b33cb3f5
p:  92528.70484914306
5d47a1312e401f69b33cb3f6
p:  42852.68838709422
5d47a13c83d77837be3cb5f1
p:  265892.60211774823
5d47a16c025b84f7a43cb4a1
p:  225495.17613731633
5d47a185105b1da0603cb617
p:  69564.76842131693
5d47a1b0acae7a72623cb55b
p:  137266.29766196822
5d47a1b0105b1da0603cb618
p:  60632.114277203334
5d47a1c12e401f69b33cb3f9
p:  103382.00447514681
5d47a1cc025b84f7a43cb4a2
p:  214228.50399131206
5d47a1d5d57846aad03cb4fa
p:  131050.1762735261
5d47a1d8105b1da0603cb619
p:  104656.83911044196
5d47a209105b1da0603cb61a
p:  56184.341644050364
5d47a232105b1da0603cb61b
p:  197143.62201905798
5d47a245d57846aad03cb4fc
p:  160852.62592160673
5d47a288105b1da0603cb61d
p:  55623.36432671969
5d47a2a92e401f69b33cb3fd
p:  104821.92223026585
5d47a30af56591451d3cb4b4
p:  155168.3628212878
5d47a37b2e401f69b33cb401
p:  77573.1494303922
5d47a387105b1da0603cb623
p:  298581.0538487946
5d47a3ac025b84f7a43cb4a3
p:  213478.92775250517
5d47a3b383d77837be3cb5f4
p:  618679.5519768778
5d47a406105b1da0603cb626
p:  63098.27614750041
5d47a4238fa79d5fa53cb459
p:  57260.77523989511
5d47a433025b84f7a43cb4a4
p:  390330.43362680817
5d47a456105b1da0603cb628
p:  89936.77279445593
5d47a465a1d59ab1843cb5a8
p:  110496.98996113084
5d47a4978fa79d5fa53cb45c
p:  152025.005057236
5d47a49dacae7a72623cb560
p:  48322.89483640378
5d47a4a7105b1da0603cb62a
p:  178465.44009467808
5d47a4aaf7f38a8a9f3cb508
p:  106689.1344654312
5d47a4d0105b1da0603cb62b
p:  225690.0301452129
5d47a4f6105b1da0603cb62c
p:  128791.91477986542
5d47a4faf56591451d3cb4ba
p:  291953.41134123964
5d47a5098fa79d5fa53cb45f
p:  119760.21798325381
5d47a50ea1d59ab1843cb5aa
p:  165453.46507011887
5d47a523105b1da0603cb62d
p:  200797.48677038666
5d47a53a9e2cbcb64e3cb46a
p:  104751.4223181245
5d47a5829e2cbcb64e3cb46b
p:  90749.08598623227
5d47a593105b1da0603cb630
p:  87468.74547843356
5d47a5a38fa79d5fa53cb463
p:  185717.64645520298
5d47a5b2f7f38a8a9f3cb50b
p:  258318.57422779873
5d47a5d4f7f38a8a9f3cb50c
p:  80599.06087853434
5d47a5e89e2cbcb64e3cb46c
p:  154163.80205183392
5d47a613105b1da0603cb633
p:  91244.86365072097
5d47a6178fa79d5fa53cb466
p:  128712.42017468801
5d47a64d105b1da0603cb634
p:  208109.9186373992
5d47a65775132ab4c53cb44d
p:  297083.71206718206
5d47a6648fa79d5fa53cb468
p:  160028.2658426055
5d47a698105b1da0603cb636
p:  219175.59487379313
5d47a6c4105b1da0603cb637
p:  159710.75392563455
5d47a6dc9e2cbcb64e3cb46f
p:  113261.58716248276
5d47a6fe8fa79d5fa53cb46c
p:  168948.10535671905
5d47a70a9e2cbcb64e3cb470
p:  91879.63835945929
5d47a7258fa79d5fa53cb46d
p:  194995.87793424405
5d47a740105b1da0603cb63a
p:  391081.2525206201
5d47a797105b1da0603cb63c
p:  233314.45997015806
5d47a79e8fa79d5fa53cb470
p:  119760.21798325381
5d47a7c4025b84f7a43cb4b0
p:  179882.37127293053
5d47a7c4105b1da0603cb63d
p:  234090.4537715962
5d47a8138fa79d5fa53cb473
p:  198042.3085669392
5d47a81a105b1da0603cb63f
p:  122197.43864133125
5d47a8608fa79d5fa53cb475
p:  152025.005057236
5d47a8a1f56591451d3cb4c2
p:  217988.88437473073
5d47a8a9025b84f7a43cb4b1
p:  147359.6586558709
5d47a8c5d57846aad03cb509
p:  202597.38174890552
5d47a8d7025b84f7a43cb4b2
p:  117666.1888521366
5d47a8e9105b1da0603cb644
p:  134744.67655818336
5d47a8fa8fa79d5fa53cb479
p:  149142.85359306878
5d47a916acae7a72623cb566
p:  96998.94197251336
5d47a9218fa79d5fa53cb47a
p:  198282.8572106338
5d47a952105b1da0603cb646
p:  94311.41816477556
5d47a95cf7f38a8a9f3cb510
p:  71153.28299854198
5d47a981f56591451d3cb4c4
p:  354351.43893502763
5d47a981025b84f7a43cb4b5
p:  218142.28879206872
5d47a9a7105b1da0603cb648
p:  159453.84526066345
5d47a9ab83d77837be3cb5fc
p:  55423.73037002167
5d47a9bbf56591451d3cb4c5
p:  358960.82222918916
5d47a9e28fa79d5fa53cb47f
p:  95249.67964198784
5d47a9f99e2cbcb64e3cb477
p:  112044.5683846803
5d47aa098fa79d5fa53cb480
p:  159455.40189351665
5d47aa30f7f38a8a9f3cb512
p:  183588.90863446897
5d47aa7ff7f38a8a9f3cb514
p:  167167.66503752867
5d47aa82f56591451d3cb4c6
p:  312571.497764413
5d47aab1acae7a72623cb568
p:  191839.32207888243
5d47ab1df56591451d3cb4cb
p:  289337.96200047043
5d47ab44105b1da0603cb652
p:  193889.69211767637
5d47ab4a9e2cbcb64e3cb478
p:  155982.37816581174
5d47ab59acae7a72623cb56a
p:  106731.9742636465
5d47ab9cacae7a72623cb56b
p:  180112.6634355776
5d47abb9025b84f7a43cb4bc
p:  108617.91331895342
5d47abd18fa79d5fa53cb486
p:  157012.46638308544
5d47abd4f7f38a8a9f3cb519
p:  65138.46392392581
5d47abf22e401f69b33cb426
p:  79480.94268312516
5d47ac02025b84f7a43cb4be
p:  228529.78656257212
5d47ac2dacae7a72623cb56d
p:  190841.00059376878
5d47ac54a1d59ab1843cb5b4
p:  112868.65572464652
5d47aca9105b1da0603cb65b
p:  93465.79989767491
5d47acd5025b84f7a43cb4c2
p:  203760.95015764533
5d47ace79e2cbcb64e3cb47d
p:  165769.62673291622
5d47ad50105b1da0603cb65f
p:  174289.8743256612
5d47ad61f7f38a8a9f3cb51c
p:  169647.1234245678
5d47adbef56591451d3cb4d2
p:  248831.90160738592
5d47ae18d57846aad03cb516
p:  148814.24922278424
5d47aeb7f90d8ecb1d3cb5b1
p:  315215.5696422049
5d47af0d9e2cbcb64e3cb481
p:  90749.08598623227
5d47af18f7f38a8a9f3cb522
p:  80163.25663390817
5d47af19a1d59ab1843cb5be
p:  276173.91724793485
5d47afd2025b84f7a43cb4c8
p:  133399.77791323685
5d47b017f7f38a8a9f3cb526
p:  68088.81615922622
5d47b026d57846aad03cb51a
p:  158248.30325353763
5d47b0e2025b84f7a43cb4ca
p:  191415.26764714968
5d47b12d025b84f7a43cb4cb
p:  226946.2331575493
5d47b1ccf7f38a8a9f3cb52c
p:  77388.27642392581
5d47b1e3f56591451d3cb4d8
p:  268719.1679896074
5d47b216025b84f7a43cb4cd
p:  123264.32666253223
5d47b2a5f7f38a8a9f3cb52f
p:  95478.49359568313
5d47b3ead57846aad03cb521
p:  206372.04991922737
5d47b49b025b84f7a43cb4d7
p:  509570.8349044988
5d47b55fd57846aad03cb526
p:  160483.7020961913
5d47b7f975132ab4c53cb479
p:  175426.3219417415
5d47b925f7f38a8a9f3cb53b
p:  236726.91800662957
5d47ba38d57846aad03cb52d
p:  145755.10257869062
5d47ba5d025b84f7a43cb4de
p:  146999.46796740638
5d47ba99025b84f7a43cb4df
p:  86785.41502549234
5d47bace025b84f7a43cb4e0
p:  158905.49256688886
5d47bc1c025b84f7a43cb4e4
p:  170847.51090647222
5d47bc45d57846aad03cb534
p:  157846.48095103406
5d47bc8d75132ab4c53cb486
p:  188804.06408368758
5d47bcdbd57846aad03cb536
p:  145409.7841861106
5d47bdb4f7f38a8a9f3cb542
p:  69894.65800650939
5d47be4a75132ab4c53cb488
p:  158448.5784732597
5d47be71acae7a72623cb59c
p:  156449.41807148146
5d47c1ee025b84f7a43cb4f9
p:  166375.18713582688
5d47c308025b84f7a43cb4fd
p:  166375.18713582688
5d47c399f90d8ecb1d3cb5e2
p:  57860.11168001224
5d47c3f79e2cbcb64e3cb4bb
p:  70421.44522323002
5d47c48af90d8ecb1d3cb5e4
p:  201245.77705883997
5d47c4a3025b84f7a43cb502
p:  149320.821530493
5d47c4a9f90d8ecb1d3cb5e5
p:  56867.50866347066
5d47c5459e2cbcb64e3cb4c1
p:  40192.277444745836
5d47c559dd24314cff3cb4f2
p:  189838.9124892012
5d47c61e025b84f7a43cb505
p:  193500.7167901246
5d47c6a7f90d8ecb1d3cb5ea
p:  39689.54369821583
5d47c6ba9e2cbcb64e3cb4c6
p:  80766.82379801277
5d47c6cc2e401f69b33cb49a
p:  84749.60742838189
5d47c702f90d8ecb1d3cb5eb
p:  115952.538923899
5d47c7acf56591451d3cb50f
p:  503670.11813520646
5d47c7c6105b1da0603cb6b2
p:  129374.4341248637
5d47c7de105b1da0603cb6b3
p:  81385.30912838936
5d47c8be9e2cbcb64e3cb4cb
p:  61485.78577950728
5d47cb6ad5fd6d43123cb573
p:  106305.91732804533
5d47ccdd025b84f7a43cb512
p:  283104.12214058964
5d47cd14acae7a72623cb5c3
p:  110216.06789646044
5d47ce96025b84f7a43cb516
p:  280296.52925864107
5d47cfdcf56591451d3cb52e
p:  246549.17840188785
5d47cfecd57846aad03cb55d
p:  60838.47995461649
5d47d1f1d57846aad03cb561
p:  45485.26008072395
5d47d2b0f90d8ecb1d3cb5fc
p:  96926.1526520341
5d47d305105b1da0603cb6c7
p:  128832.69872835344
5d47d362025b84f7a43cb524
p:  143712.34656679665
5d47d60f105b1da0603cb6d2
p:  431812.0675613692
5d47d816dd24314cff3cb524
p:  192521.7831688568
5d47d82eacae7a72623cb5d9
p:  77859.24761654416
5d47d9d7025b84f7a43cb537
p:  295337.98562134145
5d47da67d5fd6d43123cb593
p:  62441.753257111035
5d47da8ed5fd6d43123cb594
p:  84332.47794358451
5d47db00d5fd6d43123cb595
p:  156907.9776589597
5d47db3fd5fd6d43123cb596
p:  122276.81074690244
5d47db5bd5fd6d43123cb598
p:  118427.2587785238
5d47dd73d5fd6d43123cb59d
p:  120202.26617156217
5d47dd732e401f69b33cb4d3
p:  71546.601174157
5d47dda2d5fd6d43123cb59e
p:  159858.9837599511
5d47ddfef90d8ecb1d3cb617
p:  87949.2753033617
5d47e11ad5fd6d43123cb5a2
p:  187179.93261844214
5d47e3f5d5fd6d43123cb5a9
p:  55490.97119100836
5d47e86dd5fd6d43123cb5b2
p:  71786.67765021435
5d47e8c9d5fd6d43123cb5b7
p:  50289.76628422542
5d47e9e42e401f69b33cb4ee
p:  282024.3139529241
5d47ea2fd5fd6d43123cb5be
p:  64309.50119806442
5d47f1a5d5fd6d43123cb5d7
p:  196368.7182557134
5d47f577d5fd6d43123cb5ef
p:  163499.56505951544
5d47ff6dd5fd6d43123cb601
p:  991081.6110623805
5d481337105b1da0603cb754
p:  139426.28218141542
5d481569105b1da0603cb757
p:  63244.67936556474
For ['Atoka', 'Bryan', 'Choctaw', 'Coal', 'Haskell', 'Hughes', 'Latimer', 'Le Flore', 'McCurtain', 'Pittsburg', 'Pushmataha']#################################################################
train score for random_forest: 0.8784666363138908
test score for random_forest: 0.2188551520323104
The mean absolute error is:$ 125595.8569356049
r_Score: 0.1575140827034709
Voting Regressor (in): 0.9569827159851558
Voting Regressor: 0.1575140827034709
5d3e7df5f046cd7a6407b5c8
p:  147340.61656808917
5d456762f6b4c2439b8b2096
p:  106690.53585847984
5d47e04f75132ab4c53cb4eb
p:  110125.50477938756
5d47e06675132ab4c53cb4ec
p:  231677.1072077862
5d47e256105b1da0603cb6f5
p:  171914.3428248546
5d47e2b9a1d59ab1843cb667
p:  147362.3290157077
5d47e38c75132ab4c53cb4f7
p:  271070.07461323706
5d47e42075132ab4c53cb4fa
p:  64389.09984673184
5d47e4a575132ab4c53cb4fc
p:  82700.44438465568
5d47e75675132ab4c53cb502
p:  94026.01887346932
5d47eb0d75132ab4c53cb506
p:  194664.43050524298
5d47ec5175132ab4c53cb50a
p:  60273.903181118876
5d47ed1e83d77837be3cb69e
p:  77780.28884722381
5d47f12375132ab4c53cb513
p:  50598.9676816749
5d480608025b84f7a43cb5ae
p:  44302.3763569597
5d480c48d57846aad03cb5df
p:  79752.0396535924
5d480c75f90d8ecb1d3cb68a
p:  180008.1339206402
5d480f40d57846aad03cb5ea
p:  455532.90945552255
5d4811f5f90d8ecb1d3cb68e
p:  48777.52944743262
5d48121df90d8ecb1d3cb690
p:  164637.31341381045
For ['Carter', 'Garvin', 'Johnston', 'Love', 'Marshall', 'McClain', 'Murray', 'Pontotoc', 'Pottawatomie', 'Seminole']#################################################################
train score for random_forest: 0.9228197351441235
test score for random_forest: 0.49291521671496963
The mean absolute error is:$ 95516.37370435371
r_Score: 0.43981528303971207
Voting Regressor (in): 0.9664470257381813
Voting Regressor: 0.43981528303971207
5d1c27a702e1f427a5efbccf
p:  64633.00137364684
5d467ff69e2cbcb64e3cb169
p:  216699.74864659924
5d4685f69e2cbcb64e3cb174
p:  199726.53622160136
5d4698f0d57846aad03cb1a9
p:  119185.68913866546
5d469baad57846aad03cb1b1
p:  188238.40314979394
5d469e42d57846aad03cb1b5
p:  124230.40070490469
5d469e8fd57846aad03cb1b6
p:  129427.98595321033
5d46a4aad57846aad03cb1c9
p:  106382.59507018441
5d46ab0bd57846aad03cb1d3
p:  248955.04258009107
5d46acadf56591451d3cb1da
p:  93599.9874872113
5d46af7dd57846aad03cb1e2
p:  213666.40369683388
5d46b0b92e401f69b33cb1c8
p:  189149.7333522775
5d46b1a5f56591451d3cb1e4
p:  85880.33565498488
5d46b33f2e401f69b33cb1cc
p:  199591.77650440557
5d46b746d57846aad03cb1fa
p:  178378.02223471086
5d46baeff56591451d3cb1f6
p:  64110.19084694929
5d46fe7975132ab4c53cb296
p:  80690.97595725543
5d46ff1575132ab4c53cb298
p:  162117.3458310431
5d47014575132ab4c53cb29e
p:  59945.25696501171
5d47021775132ab4c53cb2a0
p:  134463.53074133478
5d47026cf7f38a8a9f3cb267
p:  100290.0056865171
5d4702ab75132ab4c53cb2a1
p:  102085.13270794466
5d47030775132ab4c53cb2a3
p:  76063.15046301254
5d47042975132ab4c53cb2a6
p:  75280.30354457968
5d47050b75132ab4c53cb2a9
p:  101261.72525083277
5d47058f75132ab4c53cb2aa
p:  72267.19564447293
5d4706c775132ab4c53cb2af
p:  84845.10611727677
5d4707acf90d8ecb1d3cb390
p:  170709.79894011165
5d470d8f75132ab4c53cb2c4
p:  55605.3099606657
5d470f8a75132ab4c53cb2c8
p:  178843.38250370315
5d47159875132ab4c53cb2dc
p:  120558.38238902001
5d47164c75132ab4c53cb2df
p:  145483.1501251082
5d4716bd75132ab4c53cb2e0
p:  120558.38238902001
5d47f056f7f38a8a9f3cb5b6
p:  92780.60886822524
5d47f0cd105b1da0603cb719
p:  206013.13981092506
5d47f1c42e401f69b33cb506
p:  66661.50310000025
5d47f1d52e401f69b33cb507
p:  163108.83929337596
5d47f20d105b1da0603cb71a
p:  114988.16314307517
5d47f257105b1da0603cb71b
p:  210253.2104238785
5d47f2bd2e401f69b33cb509
p:  95976.19592835222
5d47f39bf7f38a8a9f3cb5bb
p:  44654.84476509603
5d47f39f105b1da0603cb71d
p:  93426.15725309544
5d47f3be105b1da0603cb71e
p:  113825.86424356326
5d47f3f22e401f69b33cb50b
p:  65980.55634592264
5d47f448f7f38a8a9f3cb5bc
p:  204842.56671240315
5d47f4922e401f69b33cb50e
p:  145922.68322761374
5d47f4a82e401f69b33cb50f
p:  213259.11253880564
5d47f4e82e401f69b33cb510
p:  105698.71031054793
5d47f5302e401f69b33cb511
p:  114853.27241198112
5d47f55cf7f38a8a9f3cb5c2
p:  82549.55325309158
5d47f5c6f7f38a8a9f3cb5c5
p:  129983.23352487988
5d47f5e6105b1da0603cb723
p:  83855.15092634656
5d47f5edf7f38a8a9f3cb5c6
p:  83259.81853691633
5d47f5f22e401f69b33cb514
p:  49469.07760402932
5d47f6162e401f69b33cb517
p:  50274.906018018
5d47f61f2e401f69b33cb518
p:  80254.83172316811
5d47f65cf7f38a8a9f3cb5c9
p:  197218.48789506571
5d47f6702e401f69b33cb51d
p:  88806.29483020195
5d47f69c2e401f69b33cb521
p:  69387.6179837987
5d47f6c4f7f38a8a9f3cb5cc
p:  182927.75519972952
5d47f6dcf7f38a8a9f3cb5cd
p:  143151.7392686411
5d47f6fcf7f38a8a9f3cb5ce
p:  176852.39026165154
5d47f78ff7f38a8a9f3cb5d1
p:  209157.24818700863
5d47f7a9dd24314cff3cb575
p:  65251.54661289187
5d47f992105b1da0603cb727
p:  91650.72635116591
5d47f9b5105b1da0603cb728
p:  292210.66537026345
5d47f9df2e401f69b33cb529
p:  110963.5577204748
5d47fb002e401f69b33cb52c
p:  65541.79639975027
5d47fb5eacae7a72623cb63a
p:  108119.7536831793
5d47fbd6105b1da0603cb72c
p:  134830.8362932118
5d47fdbbf7f38a8a9f3cb5df
p:  194897.28646294866
5d47fde3acae7a72623cb63c
p:  85207.1817345533
5d47ffd52e401f69b33cb53c
p:  52155.65924869095
5d4801fed57846aad03cb5ca
p:  58880.8214574462
5d48024ed57846aad03cb5cb
p:  82179.95517699223
5d48049dd57846aad03cb5cd
p:  83734.7073010473
5d48075dacae7a72623cb652
p:  30851.38239317039
5d480853acae7a72623cb656
p:  50471.42376929399
5d4809d32e401f69b33cb555
p:  193548.78601284124
5d480a622e401f69b33cb557
p:  148873.20485088188
5d480aa72e401f69b33cb558
p:  186446.03054945308
5d480b082e401f69b33cb559
p:  122550.33739238935
For ['Canadian', 'Cleveland', 'Kingfisher', 'Lincoln', 'Logan', 'Oklahoma', 'Payne', 'Beckham,', 'Blaine,', 'Caddo,', 'Comanche,', 'Cotton,', 'Custer,', 'Dewey,', 'Grady,', 'Greer,', 'Harmon,', 'Jackson,', 'Jefferson,', 'Kiowa,', 'Roger', 'Mills,', 'Stephens,', 'Tillman,', 'Washita']#################################################################
train score for random_forest: 0.9570554825331795
test score for random_forest: 0.7022167716867896
The mean absolute error is:$ 80088.24772770917
r_Score: 0.7307468471477501
Voting Regressor (in): 0.9707345334570782
Voting Regressor: 0.7307468471477501
5d09c4f8f184f611416d98a5
p:  211872.55747595654
5d0b548af12fac82e26efb42
p:  171858.26241451426
5d0b6284f12fac82e26efb8d
p:  245230.91196923066
5d0b631a19aeb54ebe6efc06
p:  82478.19814754376
5d0b672919aeb54ebe6efc18
p:  134466.08021351876
5d0e689545ebd0b4c32fce87
p:  167335.8973651876
5d0e83642b8f60b82b8f8d1c
p:  201331.08472602488
5d12956fb7ae3de20d8d6e3a
p:  85000.44193999172
5d12a9f9b7ae3de20d8d6ec1
p:  97725.32288559701
5d12c4e3b7ae3de20d8d6f6f
p:  139163.6316391916
5d19c3d9a22b896835d02f44
p:  72647.27014514252
5d1c22800a1cbc8e6fefbc55
p:  639442.5680047672
5d29a372199bf96b6045ad1d
p:  90395.21591804693
5d2cf6d7aa1ce31ade80b0f9
p:  429879.1664166264
5d35032518f8dde30a0abd1d
p:  101659.10550094242
5d3881db02947826d9b03b65
p:  97485.63895844054
5d38823c7110e453a0b03a69
p:  130230.9988921672
5d38945e02947826d9b03b9a
p:  74734.34299222782
5d38b7b97110e453a0b03aec
p:  137420.52875780573
5d38ead57110e453a0b03b78
p:  117976.40888226355
5d3e7aeaf046cd7a6407b5c3
p:  675003.7658486546
5d40e6e4e3a87001ca64b8d3
p:  326441.8219041707
5d430f9e5059a34d102fa20b
p:  82981.78682585477
5d44195a0c2b93cba458ad6d
p:  234348.40063826944
5d467bdaa1d59ab1843cb161
p:  169279.721961697
5d467c7e025b84f7a43cb160
p:  157765.27765443284
5d467c90025b84f7a43cb161
p:  184530.9440659688
5d467c98a1d59ab1843cb162
p:  270200.218043892
5d467cb483d77837be3cb161
p:  160175.11083807
5d467cf1f56591451d3cb163
p:  130165.06736760463
5d467cf8f7f38a8a9f3cb161
p:  179886.79728402
5d467d10f7f38a8a9f3cb162
p:  138251.83947419043
5d467d1da1d59ab1843cb164
p:  200628.8325838982
5d467d65f7f38a8a9f3cb163
p:  225009.0555315491
5d467d84f7f38a8a9f3cb164
p:  71506.44511102776
5d467dc0025b84f7a43cb166
p:  165116.64525196672
5d467e4ef7f38a8a9f3cb165
p:  149692.956201158
5d467e61a1d59ab1843cb167
p:  204502.08750335005
5d467e6d025b84f7a43cb167
p:  119647.50528913783
5d467fb2f7f38a8a9f3cb167
p:  158098.35560064163
5d467fbda1d59ab1843cb16b
p:  350130.6156370259
5d467fdd025b84f7a43cb16a
p:  172137.98301741888
5d46802ed5fd6d43123cb165
p:  48653.661265865274
5d46809da1d59ab1843cb16c
p:  189074.3048648139
5d4680a2025b84f7a43cb16c
p:  205607.29667025962
5d4680f1025b84f7a43cb16d
p:  182673.55950098345
5d4680fb8fa79d5fa53cb171
p:  200500.54875914528
5d46810983d77837be3cb16b
p:  161358.04784697318
5d46811783d77837be3cb16c
p:  351402.20091859135
5d468127025b84f7a43cb16e
p:  160593.3174683203
5d46812f83d77837be3cb16d
p:  156820.54218982768
5d468138a1d59ab1843cb16e
p:  673588.187902969
5d468151dd24314cff3cb16e
p:  182552.90472679777
5d468167a1d59ab1843cb16f
p:  256553.80159961953
5d468171025b84f7a43cb16f
p:  122518.50095687923
5d4681eaf7f38a8a9f3cb16a
p:  100957.79035242219
5d4681f0f56591451d3cb16b
p:  117707.16617476598
5d468211f56591451d3cb16c
p:  93258.9141560683
5d4682fc83d77837be3cb170
p:  219043.59979573364
5d46832e83d77837be3cb171
p:  221628.74036765838
5d468376025b84f7a43cb170
p:  110084.49845904484
5d468386105b1da0603cb176
p:  128484.89392728871
5d46838f83d77837be3cb174
p:  188147.6879637469
5d4683aea1d59ab1843cb177
p:  688059.714296265
5d4683bba1d59ab1843cb178
p:  169816.21864208987
5d4683bf105b1da0603cb177
p:  95338.67023803334
5d4683c8025b84f7a43cb171
p:  138106.46654768696
5d4683e783d77837be3cb176
p:  297252.63236639544
5d46841ba1d59ab1843cb17a
p:  192718.98631327628
5d46844a83d77837be3cb178
p:  182545.49284494866
5d468463f56591451d3cb175
p:  244481.77340814963
5d46847dd5fd6d43123cb175
p:  105010.27729514652
5d4684bba1d59ab1843cb17d
p:  107708.64955994437
5d4684e4025b84f7a43cb172
p:  175474.55591462244
5d468505a1d59ab1843cb17f
p:  270181.0603610985
5d46853d2e401f69b33cb172
p:  165766.49136605876
5d468550f7f38a8a9f3cb170
p:  152313.22385752219
5d46859ca1d59ab1843cb183
p:  195321.4760296006
5d4685a02e401f69b33cb173
p:  122097.23200750886
5d4685bc105b1da0603cb17a
p:  206446.76766740292
5d4685d683d77837be3cb17b
p:  197882.13377719474
5d4685dc025b84f7a43cb173
p:  305149.93313049735
5d4685f783d77837be3cb17c
p:  193951.12020083907
5d468602025b84f7a43cb174
p:  258648.69732767527
5d468618f56591451d3cb17a
p:  130165.06736760463
5d468648025b84f7a43cb175
p:  234842.51951519097
5d46867ea1d59ab1843cb189
p:  181273.60286867077
5d468699acae7a72623cb1d2
p:  189465.16768450348
5d4686d5025b84f7a43cb176
p:  124717.25876546747
5d4686f3a1d59ab1843cb18c
p:  199682.07591486996
5d468708f7f38a8a9f3cb173
p:  204947.11162832534
5d46877cd5fd6d43123cb179
p:  373725.49067316495
5d4687a2f7f38a8a9f3cb174
p:  124984.32264791158
5d4687afa1d59ab1843cb191
p:  137396.19156393243
5d4687e1acae7a72623cb1d5
p:  97402.55948726714
5d4687faa1d59ab1843cb193
p:  199682.07591486996
5d4688432e401f69b33cb176
p:  251650.0804972197
5d46884dd5fd6d43123cb17b
p:  152376.2181066068
5d4688c4d5fd6d43123cb17e
p:  239123.5414980141
5d4688c875132ab4c53cb17a
p:  186644.55301206443
5d46890d025b84f7a43cb179
p:  155581.40175025794
5d468926a1d59ab1843cb19b
p:  193208.13899331464
5d468928105b1da0603cb17f
p:  91791.54648195177
5d468938acae7a72623cb1d8
p:  278097.54862436396
5d468950025b84f7a43cb17a
p:  285654.4788887412
5d46897283d77837be3cb18d
p:  179383.95775158764
5d46899783d77837be3cb18e
p:  203771.73915173544
5d468997025b84f7a43cb17b
p:  135467.21813011804
5d4689db105b1da0603cb180
p:  148080.65814590943
5d4689ec105b1da0603cb181
p:  222086.30985080276
5d468a4cacae7a72623cb1dc
p:  99108.30227541602
5d468a68d5fd6d43123cb180
p:  400359.57111433044
5d468a87d5fd6d43123cb181
p:  304324.32638827944
5d468ab8d5fd6d43123cb182
p:  212164.79318630334
5d468b1e105b1da0603cb184
p:  198619.14728102682
5d468b84a1d59ab1843cb1ab
p:  204802.6965887932
5d468be8025b84f7a43cb17c
p:  156049.8780140935
5d468bf8025b84f7a43cb17d
p:  138772.3934410416
5d468bfe8fa79d5fa53cb186
p:  869152.4091709813
5d468c0c025b84f7a43cb17e
p:  244496.93151136156
5d468caf025b84f7a43cb180
p:  163671.41089994513
5d468cfda1d59ab1843cb1b5
p:  259273.89953068536
5d468d02f7f38a8a9f3cb17b
p:  145597.4161830549
5d468d3a025b84f7a43cb182
p:  154678.54869512323
5d468d4ff56591451d3cb18b
p:  303230.76315257966
5d468d63105b1da0603cb188
p:  147285.02511560902
5d468d9883d77837be3cb1a7
p:  715788.8202378124
5d468e19acae7a72623cb1e5
p:  214852.26302557296
5d468e7c83d77837be3cb1ad
p:  287593.09229335247
5d468ea1a1d59ab1843cb1c0
p:  221720.90081921846
5d468ec783d77837be3cb1af
p:  249671.0548758697
5d468ecc025b84f7a43cb187
p:  523829.02355422836
5d468f752e401f69b33cb17f
p:  116031.87205662028
5d46901cacae7a72623cb1ea
p:  157816.05746473066
5d4690392e401f69b33cb181
p:  124882.58777810197
5d469057f7f38a8a9f3cb185
p:  101725.00542180242
5d4690588fa79d5fa53cb18f
p:  365796.57336171414
5d4690ba83d77837be3cb1bc
p:  213858.58369855193
5d4690d5a1d59ab1843cb1cf
p:  204500.16998583492
5d4690da025b84f7a43cb18a
p:  218207.4415751468
5d469150105b1da0603cb194
p:  206481.4992956256
5d46915c2e401f69b33cb184
p:  105841.11612110308
5d46916e025b84f7a43cb18c
p:  124947.37560271601
5d469194a1d59ab1843cb1d4
p:  197474.96028127382
5d4691ab025b84f7a43cb18e
p:  158063.4109090545
5d4691ad2e401f69b33cb185
p:  137885.62865136206
5d4691df025b84f7a43cb18f
p:  267984.48846696987
5d469227025b84f7a43cb190
p:  197544.0885372232
5d469250a1d59ab1843cb1d9
p:  370634.3000247047
5d4692a4025b84f7a43cb191
p:  101895.4721034629
5d4692c0105b1da0603cb19f
p:  97786.54123553183
5d4693af83d77837be3cb1d0
p:  185127.53978166668
5d4693bd025b84f7a43cb193
p:  156563.28982291598
5d4693d483d77837be3cb1d1
p:  152065.06757969613
5d4693fef56591451d3cb198
p:  238735.31964452492
5d469400025b84f7a43cb195
p:  139475.13976287894
5d46941ff7f38a8a9f3cb18c
p:  197533.70588981736
5d4694362e401f69b33cb189
p:  170642.3741510376
5d469439f56591451d3cb199
p:  123714.7746486034
5d469439a1d59ab1843cb1e6
p:  181456.17788552557
5d4694458fa79d5fa53cb195
p:  420207.27637170523
5d46948dacae7a72623cb1f5
p:  205527.79353895297
5d4694f4025b84f7a43cb196
p:  151692.73831145238
5d469544a1d59ab1843cb1ed
p:  189517.80675430998
5d46958f83d77837be3cb1da
p:  235174.02663594167
5d46960183d77837be3cb1dd
p:  376853.2740097672
5d469605f7f38a8a9f3cb191
p:  152701.8064955898
5d46962783d77837be3cb1de
p:  311185.99229700165
5d469633025b84f7a43cb198
p:  199715.38689879357
5d46963ff7f38a8a9f3cb193
p:  144841.71182626294
5d46964c83d77837be3cb1df
p:  207734.8604536166
5d46964ea1d59ab1843cb1f4
p:  133955.12356179339
5d4696bb025b84f7a43cb19a
p:  182197.91041105433
5d4696bfa1d59ab1843cb1f7
p:  185858.9701836772
5d469747025b84f7a43cb19b
p:  132485.6533377276
5d4697eca1d59ab1843cb1ff
p:  189074.3048648139
5d4697f275132ab4c53cb19c
p:  109460.6009105582
5d469826025b84f7a43cb19c
p:  125476.00438683628
5d46983675132ab4c53cb19e
p:  187747.98867790852
5d46985275132ab4c53cb19f
p:  213416.9813048814
5d46987a75132ab4c53cb1a0
p:  136845.7472362424
5d46989275132ab4c53cb1a1
p:  281912.8574725362
5d4698ac75132ab4c53cb1a2
p:  136482.7001160303
5d4698c2d5fd6d43123cb1a4
p:  131188.82287043903
5d46990b75132ab4c53cb1a5
p:  170573.77506994444
5d469919105b1da0603cb1ad
p:  176513.5703546821
5d46991da1d59ab1843cb207
p:  204974.31632203216
5d46993d75132ab4c53cb1a7
p:  142023.04312081294
5d469961105b1da0603cb1ae
p:  128914.27434543523
5d469967a1d59ab1843cb209
p:  603359.9494012046
5d46998ca1d59ab1843cb20a
p:  176609.2793383135
5d4699a2d5fd6d43123cb1a8
p:  283262.25124775653
5d469a5df7f38a8a9f3cb197
p:  133979.42292421657
5d469a5f025b84f7a43cb19d
p:  155581.40175025794
5d469a86f56591451d3cb1ab
p:  189535.87609847297
5d469a9075132ab4c53cb1ae
p:  283865.8753648718
5d469aa5025b84f7a43cb19f
p:  171899.84584607751
5d469ac175132ab4c53cb1af
p:  209753.46924632206
5d469ac7025b84f7a43cb1a0
p:  142278.73977737577
5d469be7025b84f7a43cb1a2
p:  139163.6316391916
5d469c2a83d77837be3cb205
p:  290826.12106135604
5d469c5da1d59ab1843cb21d
p:  128308.36513524936
5d469c6b025b84f7a43cb1a3
p:  139163.6316391916
5d469c82a1d59ab1843cb21e
p:  142505.6409542802
5d469d00025b84f7a43cb1a6
p:  142031.32420463464
5d469d0e83d77837be3cb20b
p:  264962.7256829839
5d469d3ef7f38a8a9f3cb19d
p:  172877.80996595626
5d469d41acae7a72623cb20d
p:  163753.1655725598
5d469d44d5fd6d43123cb1b4
p:  149682.4150832048
5d469d58105b1da0603cb1b4
p:  621856.0404832838
5d469dce025b84f7a43cb1a9
p:  141090.667297789
5d469e46a1d59ab1843cb22a
p:  199560.6588480668
5d469e48d5fd6d43123cb1b6
p:  110719.51447818652
5d469eb1105b1da0603cb1ba
p:  165619.62896220793
5d469ebf025b84f7a43cb1ac
p:  137410.11714835966
5d469ecff7f38a8a9f3cb19e
p:  183683.3383813245
5d469ef5f7f38a8a9f3cb19f
p:  142784.27789304563
5d469f2575132ab4c53cb1b1
p:  190748.8616087751
5d469f659e2cbcb64e3cb1b0
p:  138659.4282097736
5d469f7283d77837be3cb21b
p:  218911.8195335546
5d469fae75132ab4c53cb1b3
p:  123663.24646566328
5d469feba1d59ab1843cb235
p:  217525.6043710365
5d46a028025b84f7a43cb1b1
p:  250373.51319583625
5d46a02bd5fd6d43123cb1bc
p:  185907.33103358943
5d46a0409e2cbcb64e3cb1b2
p:  158624.06401884952
5d46a0639e2cbcb64e3cb1b4
p:  88211.31353178118
5d46a081a1d59ab1843cb239
p:  201557.3953767824
5d46a0a483d77837be3cb223
p:  220636.91210532043
5d46a0b39e2cbcb64e3cb1b5
p:  88211.31353178118
5d46a0db025b84f7a43cb1b3
p:  140872.17410946445
5d46a0f1a1d59ab1843cb23c
p:  90721.82964202072
5d46a115a1d59ab1843cb23d
p:  199109.49790338104
5d46a17c9e2cbcb64e3cb1b6
p:  255482.98486087486
5d46a1ae83d77837be3cb22a
p:  213255.17817385023
5d46a1bd9e2cbcb64e3cb1b7
p:  189126.96129771724
5d46a1e2dd24314cff3cb1c2
p:  170485.96258561185
5d46a1fedd24314cff3cb1c3
p:  147513.03243326244
5d46a20d9e2cbcb64e3cb1b9
p:  155818.05953428103
5d46a212dd24314cff3cb1c4
p:  187828.15195120568
5d46a215025b84f7a43cb1b6
p:  179473.42698607608
5d46a21a105b1da0603cb1c4
p:  225012.7442592602
5d46a2229e2cbcb64e3cb1ba
p:  266402.3818839153
5d46a22d9e2cbcb64e3cb1bb
p:  157796.91261539183
5d46a242a1d59ab1843cb245
p:  181273.60286867077
5d46a251dd24314cff3cb1c7
p:  143315.30939011264
5d46a28b9e2cbcb64e3cb1bc
p:  226714.80536358565
5d46a2daa1d59ab1843cb249
p:  328849.80818866036
5d46a300dd24314cff3cb1cf
p:  138021.0613751919
5d46a30cf7f38a8a9f3cb1a7
p:  204719.75696321912
5d46a31d025b84f7a43cb1b7
p:  85476.713127924
5d46a330dd24314cff3cb1d1
p:  209562.9048556814
5d46a34b9e2cbcb64e3cb1be
p:  85662.69629655055
5d46a353a1d59ab1843cb24c
p:  127313.82245391289
5d46a358f7f38a8a9f3cb1a9
p:  171664.7545757812
5d46a35c83d77837be3cb235
p:  281244.8081780522
5d46a363dd24314cff3cb1d3
p:  195124.8932556369
5d46a378a1d59ab1843cb24d
p:  206855.26890421612
5d46a3cf83d77837be3cb238
p:  211303.828773045
5d46a3d3dd24314cff3cb1d9
p:  147069.50644948077
5d46a3e99e2cbcb64e3cb1c2
p:  82925.21551541923
5d46a45e75132ab4c53cb1bf
p:  131904.98715757305
5d46a4a5a1d59ab1843cb255
p:  450662.6077226944
5d46a4c3025b84f7a43cb1ba
p:  115049.01554129612
5d46a4e0025b84f7a43cb1bb
p:  158063.4109090545
5d46a52583d77837be3cb241
p:  188296.11141330883
5d46a53ba1d59ab1843cb259
p:  181456.17788552557
5d46a542d5fd6d43123cb1ca
p:  178758.6415779469
5d46a57183d77837be3cb243
p:  176911.9096046831
5d46a5919e2cbcb64e3cb1c4
p:  171160.8810484036
5d46a5b49e2cbcb64e3cb1c5
p:  194461.33345927205
5d46a5d2d5fd6d43123cb1cc
p:  144391.71659064986
5d46a5f4025b84f7a43cb1bd
p:  178214.68695299956
5d46a60ddd24314cff3cb1e1
p:  202197.2482376567
5d46a61edd24314cff3cb1e2
p:  180488.51132620568
5d46a62575132ab4c53cb1c6
p:  147276.3153826598
5d46a68e9e2cbcb64e3cb1c9
p:  152673.36773822823
5d46a6f2dd24314cff3cb1e4
p:  206841.78372901824
5d46a72cdd24314cff3cb1e5
p:  177711.34673793332
5d46a73d83d77837be3cb24f
p:  374404.9387072037
5d46a7409e2cbcb64e3cb1cb
p:  156142.65413686453
5d46a79f9e2cbcb64e3cb1cd
p:  216581.024045449
5d46a7b1f7f38a8a9f3cb1b1
p:  179887.8757840768
5d46a7ca9e2cbcb64e3cb1ce
p:  122862.31593438149
5d46a7fb83d77837be3cb254
p:  189934.66530901147
5d46a814acae7a72623cb22d
p:  146451.33044766547
5d46a87975132ab4c53cb1cc
p:  190485.62836157045
5d46a8b883d77837be3cb259
p:  315217.56574288965
5d46a8de83d77837be3cb25a
p:  135172.65582417013
5d46a924f7f38a8a9f3cb1b4
p:  142534.9667328726
5d46a93475132ab4c53cb1ce
p:  155673.41603599917
5d46a93e9e2cbcb64e3cb1d1
p:  135182.9821470221
5d46a95483d77837be3cb25d
p:  194409.3069536203
5d46a95ea1d59ab1843cb275
p:  204500.16998583492
5d46a9679e2cbcb64e3cb1d2
p:  171160.8810484036
5d46a97983d77837be3cb25e
p:  381476.4978062656
5d46a991dd24314cff3cb1eb
p:  160270.99383561185
5d46a9e09e2cbcb64e3cb1d4
p:  145571.20411714257
5d46aa3ca1d59ab1843cb27b
p:  232131.70124032407
5d46aaaa75132ab4c53cb1d2
p:  269158.55272343673
5d46aacc75132ab4c53cb1d4
p:  106967.3677399891
5d46aacd83d77837be3cb267
p:  176269.1951630442
5d46aad1dd24314cff3cb1ee
p:  188248.64730947948
5d46ab2375132ab4c53cb1da
p:  146682.29919539456
5d46ab3b75132ab4c53cb1dc
p:  106967.3677399891
5d46ab4e75132ab4c53cb1dd
p:  178015.38461717643
5d46ab8a83d77837be3cb26c
p:  356878.50610183144
5d46ab8fa1d59ab1843cb284
p:  281595.23094551207
5d46aba875132ab4c53cb1df
p:  275166.2395428095
5d46abcc75132ab4c53cb1e1
p:  159662.56299124402
5d46abe49e2cbcb64e3cb1d7
p:  243035.91977999522
5d46ac509e2cbcb64e3cb1d8
p:  156142.65413686453
5d46ac6d83d77837be3cb272
p:  217155.3079754837
5d46ac95acae7a72623cb238
p:  151252.71014363598
5d46ace183d77837be3cb275
p:  211100.40090038418
5d46ace59e2cbcb64e3cb1db
p:  354167.0795706472
5d46ad30a1d59ab1843cb28f
p:  266238.7340149885
5d46ad7b025b84f7a43cb1c9
p:  156710.4405140935
5d46adbc9e2cbcb64e3cb1dd
p:  124302.08687193549
5d46adc483d77837be3cb27b
p:  244554.01595638134
5d46adf19e2cbcb64e3cb1df
p:  171365.45785430266
5d46ae27105b1da0603cb1dd
p:  312725.9979490519
5d46ae50025b84f7a43cb1ca
p:  139877.627475773
5d46ae6a025b84f7a43cb1cb
p:  139877.627475773
5d46ae738fa79d5fa53cb1ce
p:  143721.37045161292
5d46ae9e75132ab4c53cb1e5
p:  182883.29568520925
5d46aecda1d59ab1843cb29a
p:  243461.68336595976
5d46aed89e2cbcb64e3cb1e3
p:  118192.87106132865
5d46aeda105b1da0603cb1df
p:  336845.81828308525
5d46aee4acae7a72623cb23d
p:  140970.3046168334
5d46aef383d77837be3cb283
p:  225404.70146882185
5d46af18a1d59ab1843cb29c
p:  209378.81600678634
5d46af18025b84f7a43cb1cc
p:  139877.627475773
5d46af1a75132ab4c53cb1e7
p:  141935.07222416112
5d46af3e105b1da0603cb1e1
p:  305051.5885203114
5d46af4e9e2cbcb64e3cb1e5
p:  130628.63056128778
5d46af6a025b84f7a43cb1cd
p:  139877.627475773
5d46af88a1d59ab1843cb29f
p:  193875.78509582934
5d46afbb025b84f7a43cb1ce
p:  139877.627475773
5d46afeadd24314cff3cb1fc
p:  177455.57009217574
5d46affda1d59ab1843cb2a2
p:  174270.19980084896
5d46b0029e2cbcb64e3cb1e8
p:  200209.8824235077
5d46b022a1d59ab1843cb2a3
p:  353153.12852336525
5d46b039dd24314cff3cb1fe
p:  198216.55024535762
5d46b046a1d59ab1843cb2a4
p:  208348.4586847335
5d46b07383d77837be3cb28d
p:  150218.61186478956
5d46b0828fa79d5fa53cb1d0
p:  171038.48311124646
5d46b0f7acae7a72623cb240
p:  149657.57460070276
5d46b1298fa79d5fa53cb1d3
p:  127249.2022198999
5d46b133dd24314cff3cb204
p:  191221.97488112457
5d46b13575132ab4c53cb1ea
p:  193950.0264393498
5d46b146dd24314cff3cb205
p:  201433.28379016567
5d46b18df7f38a8a9f3cb1c9
p:  186826.2493162175
5d46b1c2105b1da0603cb1e7
p:  178901.27281157812
5d46b2009e2cbcb64e3cb1ec
p:  144155.5782050927
5d46b209a1d59ab1843cb2b0
p:  200958.25299179723
5d46b21983d77837be3cb298
p:  213779.02051760018
5d46b24b9e2cbcb64e3cb1ed
p:  127293.13723779542
5d46b2b183d77837be3cb29c
p:  197438.74660208725
5d46b2ba75132ab4c53cb1f0
p:  143666.45534841513
5d46b338a1d59ab1843cb2b8
p:  240025.30003873087
5d46b37e9e2cbcb64e3cb1ee
p:  171365.45785430266
5d46b3e083d77837be3cb2a4
p:  246662.16730481823
5d46b409105b1da0603cb1eb
p:  214229.9617114217
5d46b4c8a1d59ab1843cb2c1
p:  154332.66013212653
5d46b538a1d59ab1843cb2c4
p:  170957.88465571008
5d46b565105b1da0603cb1ef
p:  267978.4288385691
5d46b5939e2cbcb64e3cb1ef
p:  92249.50966034029
5d46b6259e2cbcb64e3cb1f1
p:  140986.19340609817
5d46b659f7f38a8a9f3cb1d5
p:  167271.71560412418
5d46b6ae83d77837be3cb2b7
p:  322050.2242959329
5d46b6ffa1d59ab1843cb2d0
p:  271418.7503636114
5d46b7359e2cbcb64e3cb1f3
p:  302665.6627173623
5d46b73d75132ab4c53cb1f6
p:  127695.85131224703
5d46b7dedd24314cff3cb20e
p:  193143.63410103973
5d46b7e7acae7a72623cb256
p:  166518.67449733446
5d46b87e9e2cbcb64e3cb1f4
p:  100328.38973214466
5d46b8a69e2cbcb64e3cb1f5
p:  118435.2166692161
5d46b8ad025b84f7a43cb1df
p:  151535.68025070708
5d46b8e783d77837be3cb2c6
p:  471540.5539682717
5d46b8e9025b84f7a43cb1e0
p:  156155.98679449712
5d46b91c105b1da0603cb206
p:  180993.35349879734
5d46b991dd24314cff3cb211
p:  202320.54000754264
5d46b9a1025b84f7a43cb1e2
p:  161775.83963839617
5d46b9df75132ab4c53cb1fb
p:  131415.43527914386
5d46b9f3dd24314cff3cb213
p:  164828.28366820863
5d46ba22105b1da0603cb20d
p:  733615.6293298414
5d46ba3e2e401f69b33cb1e3
p:  167179.06913263685
5d46ba67025b84f7a43cb1e3
p:  173793.52991977456
5d46ba7d025b84f7a43cb1e4
p:  264051.13573615754
5d46ba7facae7a72623cb25e
p:  200152.23870472025
5d46baa3dd24314cff3cb215
p:  200691.49477235
5d46baa875132ab4c53cb1ff
p:  109534.01766565646
5d46bb01acae7a72623cb260
p:  145262.40591664473
5d46bb2183d77837be3cb2d5
p:  163144.5188304917
5d46bb9f105b1da0603cb217
p:  163732.96160831256
5d46bbdca1d59ab1843cb2f1
p:  207456.58084690687
5d46bc2775132ab4c53cb203
p:  87231.86178867413
5d46bc3ad5fd6d43123cb209
p:  302632.94822771166
5d46bc50d5fd6d43123cb20a
p:  623640.991587199
5d46bc7e105b1da0603cb21d
p:  147099.35157243305
5d46bcb4025b84f7a43cb1e8
p:  125228.16110309749
5d46bce69e2cbcb64e3cb1fd
p:  122188.4424602722
5d46bce683d77837be3cb2e1
p:  263492.56709944096
5d46bcef105b1da0603cb220
p:  147099.35157243305
5d46bd4cf7f38a8a9f3cb1e5
p:  137955.11819548762
5d46bd53a1d59ab1843cb2fb
p:  216703.26822744502
5d46bd7bd5fd6d43123cb20d
p:  885793.1981453388
5d46bde4025b84f7a43cb1ed
p:  140860.693005023
5d46be2add24314cff3cb218
p:  144472.19010068406
5d46be39f90d8ecb1d3cb203
p:  175937.12092496693
5d46be5bf90d8ecb1d3cb204
p:  162619.2574483144
5d46be7bf90d8ecb1d3cb205
p:  242688.35557598525
5d46be93f90d8ecb1d3cb206
p:  188796.7789753775
5d46beaf9e2cbcb64e3cb1fe
p:  130800.99693508653
5d46bec0d5fd6d43123cb20f
p:  293583.71906561905
5d46becaf90d8ecb1d3cb208
p:  152196.45097018973
5d46bedbd5fd6d43123cb210
p:  218762.71043414052
5d46bee2f90d8ecb1d3cb209
p:  247893.11087177583
5d46bef9f90d8ecb1d3cb20a
p:  143900.89674168944
5d46befcdd24314cff3cb219
p:  182725.02804253774
5d46bf37a1d59ab1843cb306
p:  131843.90831735468
5d46bf4af56591451d3cb203
p:  228351.31943668047
5d46bf4ad5fd6d43123cb215
p:  249696.03957929712
5d46bf5ca1d59ab1843cb307
p:  83537.37213861724
5d46bf6bf90d8ecb1d3cb20d
p:  426937.9215616373
5d46bf88f56591451d3cb204
p:  228351.31943668047
5d46bf969e2cbcb64e3cb1ff
p:  223464.177274445
5d46bf98f56591451d3cb205
p:  127542.21847870745
5d46bfa3f56591451d3cb206
p:  151232.1086679031
5d46bfa7a1d59ab1843cb309
p:  179257.78084442846
5d46bfb7f56591451d3cb207
p:  204897.76425826602
5d46bfc4f56591451d3cb208
p:  195760.14331838765
5d46bfc5f90d8ecb1d3cb20f
p:  281208.8933459922
5d46bfcba1d59ab1843cb30a
p:  84186.61771306666
5d46bfd3f56591451d3cb209
p:  224427.80402502714
5d46bfe39e2cbcb64e3cb200
p:  74477.57179388576
5d46bff0a1d59ab1843cb30b
p:  140526.89492701995
5d46c0149e2cbcb64e3cb201
p:  298196.99513996573
5d46c03aa1d59ab1843cb30d
p:  157845.23508187145
5d46c05fa1d59ab1843cb30e
p:  145746.67833223564
5d46c0839e2cbcb64e3cb202
p:  134223.14566798086
5d46c083a1d59ab1843cb30f
p:  104886.21848427012
5d46c092105b1da0603cb237
p:  219702.30751378633
5d46c0a9a1d59ab1843cb310
p:  144343.30641008142
5d46c0ccdd24314cff3cb221
p:  119443.79622002336
5d46c0cea1d59ab1843cb311
p:  145746.67833223564
5d46c0e4f56591451d3cb20a
p:  396858.60927385185
5d46c0fbf56591451d3cb20b
p:  273097.57226725516
5d46c157dd24314cff3cb223
p:  201433.28379016567
5d46c161d57846aad03cb224
p:  103548.088079486
5d46c162a1d59ab1843cb315
p:  123512.15909838818
5d46c188a1d59ab1843cb316
p:  84186.61771306666
5d46c1882e401f69b33cb1ea
p:  190243.95295378752
5d46c189d57846aad03cb225
p:  66965.65733844368
5d46c1aca1d59ab1843cb317
p:  223630.6147252596
5d46c1b3d57846aad03cb226
p:  84883.78324705815
5d46c1bf83d77837be3cb300
p:  353647.71961631
5d46c1df75132ab4c53cb20c
p:  234491.51491432742
5d46c20675132ab4c53cb20e
p:  139050.19330872616
5d46c20e025b84f7a43cb1f3
p:  154560.35649167438
5d46c218f56591451d3cb20c
p:  200961.28573374404
5d46c23075132ab4c53cb20f
p:  132639.49310812488
5d46c253acae7a72623cb26e
p:  209510.1452323305
5d46c2582e401f69b33cb1eb
p:  297436.42849991546
5d46c280d57846aad03cb22b
p:  116739.3860180018
5d46c289dd24314cff3cb227
p:  181714.61345931026
5d46c2a0105b1da0603cb245
p:  237278.51543808612
5d46c2afa1d59ab1843cb31b
p:  168437.94833845051
5d46c2b4f90d8ecb1d3cb213
p:  117681.81438365148
5d46c2c7f56591451d3cb20d
p:  187824.9174134187
5d46c2d3d57846aad03cb22d
p:  168175.88980142568
5d46c316f90d8ecb1d3cb216
p:  135309.76635906557
5d46c343f90d8ecb1d3cb219
p:  107725.98385450544
5d46c353f90d8ecb1d3cb21a
p:  93324.33370301114
5d46c362f90d8ecb1d3cb21b
p:  84442.92570787249
5d46c3652e401f69b33cb1ed
p:  251680.22896565273
5d46c372f90d8ecb1d3cb21c
p:  92433.27740440978
5d46c38ef90d8ecb1d3cb21e
p:  75474.75325384965
5d46c392d57846aad03cb231
p:  67827.09032663342
5d46c3a1f90d8ecb1d3cb21f
p:  194825.64913936856
5d46c3b2f90d8ecb1d3cb220
p:  103764.66520929895
5d46c3b275132ab4c53cb218
p:  519115.7599165475
5d46c3bbd5fd6d43123cb222
p:  289338.3121844616
5d46c3bcd57846aad03cb232
p:  70493.2601174351
5d46c3c2f90d8ecb1d3cb221
p:  99992.5179164051
5d46c3d383d77837be3cb30e
p:  182545.49284494866
5d46c3e4d57846aad03cb233
p:  60993.55642746284
5d46c41ff90d8ecb1d3cb225
p:  94398.22962829038
5d46c425f56591451d3cb212
p:  2785