Current date and time: 2020-06-07 15:34:19
Successfully connect to DB.
For ['Baker', 'Union', 'Malheur', 'Umatilla', 'Deschutes', 'Crook', 'Jefferson']#################################################################
train score for random_forest: 0.9293749871186094
test score for random_forest: 0.5485617994199868
The mean absolute error is:$ 143455.4374627093
r_Score: 0.5297835006898796
Voting Regressor (in): 0.9591833117886779
Voting Regressor: 0.5297835006898796
5d298145199bf96b6045acae
p:  329447.41259160265
5d48e29a7fad388d97977a86
p:  384448.12077650835
5d48e360cfbbe242d9977aa6
p:  478692.80265467137
5d48e4b85a8edbf3cf977acd
p:  390323.22441164753
5d48e65c5a8edbf3cf977ad2
p:  415357.67605805886
5d48e6f05a8edbf3cf977ad4
p:  411466.5824086975
5d48e70f7fad388d97977a88
p:  355851.1258957768
5d48e8c27fad388d97977a89
p:  397579.9242833089
5d48ea557fad388d97977a8b
p:  409003.5490454387
5d48eba55a8edbf3cf977ade
p:  678151.1429996971
5d48ed42cfbbe242d9977aac
p:  376466.9957030661
5d48ed6b7fad388d97977a8f
p:  530200.6661721418
5d48ede4cfbbe242d9977aad
p:  385418.02940986236
5d48efc45a8edbf3cf977aeb
p:  385829.18567597104
5d48f0b07fad388d97977a91
p:  594243.6492842573
5d48f0ffcfbbe242d9977ab0
p:  222146.71789288972
5d48fa32cfbbe242d9977ab6
p:  528637.0170709258
5d4902097fad388d97977aa0
p:  393469.03155675606
5d4903527fad388d97977aa1
p:  545112.0285337447
5d490571cfbbe242d9977abf
p:  376379.898749686
5d49065f5a8edbf3cf977b1d
p:  413734.00800428493
5d490699bfd80d898b977b49
p:  123356.14960827124
5d4906efcfbbe242d9977ac0
p:  347406.93247034407
5d490872cfbbe242d9977ac2
p:  308242.22812882834
5d490b49ebf708c16b977aa6
p:  304537.6095267523
5d490ed27fad388d97977aac
p:  325774.5493641473
5d4910fd58e7ac95be977ae9
p:  304530.35301755235
5d4912c5cfbbe242d9977acb
p:  388891.41716801515
5d4914e3603eaf3845977b64
p:  506051.35987249867
5d491603603eaf3845977b69
p:  505856.2735038117
5d4916de58e7ac95be977aed
p:  338818.9106833908
5d4918d7bfd80d898b977b53
p:  302502.36056028353
5d491a81cfbbe242d9977ad1
p:  450774.86865388684
5d491bac3bf149c807977b6c
p:  345736.4617132095
5d491c68cfbbe242d9977ad3
p:  571846.7370645823
5d491ee8a57f2e83ff977b37
p:  339075.5986193428
5d491f0cbfd80d898b977b5b
p:  221322.33613355015
5d49219f7fad388d97977abd
p:  390550.8715940777
5d4922a5a57f2e83ff977b3c
p:  218052.62431641985
5d4922e058e7ac95be977af9
p:  332675.55321660265
5d492344ea932acd95977af9
p:  270353.18689960253
5d4923a65a8edbf3cf977b36
p:  374636.9884759112
5d4925ea7fad388d97977ac0
p:  399152.84157293476
5d4925eecfbbe242d9977ad8
p:  463852.27258167474
5d4926c67fad388d97977ac1
p:  471283.2261345099
5d49273fa57f2e83ff977b3f
p:  342303.88274125196
5d4929627fad388d97977ac5
p:  391145.52682798344
5d492ba9ebf708c16b977abd
p:  346821.35967326345
5d492e8b7fad388d97977ac8
p:  364879.92639571556
5d492f45bb4f9b51cd977b21
p:  245808.64926562068
5d4933277fad388d97977acc
p:  2006974.348721353
5d49388d7fad388d97977acf
p:  390911.79113696085
5d493bbd7fad388d97977ad4
p:  390911.79113696085
5d493deacfbbe242d9977ae5
p:  386978.6068856306
5d494100603eaf3845977b92
p:  457451.7734511881
5d49422ec11f5d8b50977b49
p:  236136.38903315016
5d4945d73bf149c807977b92
p:  478131.7890918956
5d494a117fad388d97977adf
p:  349942.81560865045
5d4952563bf149c807977b9a
p:  208649.60769935267
5d4957dacfbbe242d9977aff
p:  255082.60858678227
5d49592318f3ebee49977b16
p:  110856.03841616138
5d495bb258e7ac95be977b23
p:  257627.0220223699
5d495be318f3ebee49977b1b
p:  94427.96988712205
5d495cbd58e7ac95be977b26
p:  504306.83937493415
5d495dfe18f3ebee49977b1c
p:  110856.03841616138
5d495fc958e7ac95be977b2a
p:  368605.15216009016
5d4962ba7fad388d97977af2
p:  476801.864167484
5d4965f9c750728160977b12
p:  786373.7496621393
5d49663318f3ebee49977b28
p:  265836.1934468781
5d4968ab7fad388d97977af8
p:  518257.75033185154
5d4969ffc750728160977b14
p:  1325760.9658745853
5d4975ee58e7ac95be977b44
p:  404763.45587845816
5d49781258e7ac95be977b46
p:  295526.96911646577
5d49789858e7ac95be977b48
p:  202648.54734454985
5d497b0858e7ac95be977b4c
p:  227721.50467582498
5d4981267fad388d97977b13
p:  402835.584765404
5d49817f58e7ac95be977b59
p:  298413.7230543691
5d49874258e7ac95be977b63
p:  292697.7840453411
5d4988bd58e7ac95be977b67
p:  332578.03242741746
5d4999877fad388d97977b32
p:  469047.08148378035
5d499ba77fad388d97977b36
p:  466155.9049521659
5d499d207fad388d97977b39
p:  566324.3615837882
5d499e9d58e7ac95be977b8d
p:  353428.7336201675
5d49bb1258e7ac95be977bc6
p:  294691.9067452075
5d49cd1858e7ac95be977be8
p:  211971.59015000105
For ['Clatsop', 'Tillamook', 'Columbia']#################################################################
train score for random_forest: 0.8842225772122323
test score for random_forest: 0.07250860227269029
The mean absolute error is:$ 255780.72909895028
r_Score: -0.04468299356010852
Voting Regressor (in): 0.9721214890187939
Voting Regressor: -0.04468299356010852
5d469fbb603eaf38459778a6
p:  246591.20060668068
5d46a60eea932acd959778b3
p:  380933.0559361817
5d46a662575cf2b3f29778a9
p:  309892.594898705
5d46af09ea932acd959778bb
p:  449048.405982508
5d46b63e575cf2b3f29778b3
p:  279281.2948832375
5d46bd82575cf2b3f29778b6
p:  293523.97250456235
5d46c665575cf2b3f29778ba
p:  220810.35804258345
5d46c74bc7507281609778e0
p:  418589.44822067884
5d46c7b3c7507281609778e1
p:  373686.1946318683
5d46d898575cf2b3f29778ca
p:  1528447.387885149
5d46e72dc750728160977903
p:  386775.5997269435
5d46f5e1575cf2b3f29778ea
p:  259680.0114214247
5d47010e575cf2b3f29778f5
p:  253406.0208423559
5d4706a0cfbbe242d99778fc
p:  265156.1196309558
5d471307bfd80d898b977984
p:  764198.7615558717
5d4716eb575cf2b3f297790d
p:  440596.18230387184
5d471e08575cf2b3f2977913
p:  386939.9302479822
For ['Josephine', 'Jackson', 'Klamath', 'Lake', 'Coos', 'Curry']#################################################################
train score for random_forest: 0.886068778979069
test score for random_forest: 0.4146433097409451
The mean absolute error is:$ 160773.73982973443
r_Score: 0.4521230136060408
Voting Regressor (in): 0.9171893082856428
Voting Regressor: 0.4521230136060408
5d19b42ea22b896835d02eaa
p:  323888.6380732781
5d34dbdf18f8dde30a0abcde
p:  240473.89934754948
5d45bb0ff6b4c2439b8b2114
p:  293720.1680986621
5d4850aac11f5d8b50977a68
p:  257914.8689749856
5d488203098bdf9186977a93
p:  391929.0692917265
5d488cd1098bdf9186977a9d
p:  410549.50330620224
5d488ea558e7ac95be977a6a
p:  206846.30740445998
5d48a665603eaf3845977a80
p:  354341.49157402775
5d48a66ac11f5d8b50977ab7
p:  603993.4104378591
5d48a7a9603eaf3845977a85
p:  220632.35609163775
5d48a8a8098bdf9186977aae
p:  368339.39497375704
5d48a902e57b560e2a977ae3
p:  280451.67535399436
5d48aadce57b560e2a977ae6
p:  256330.24008431958
5d48ad80603eaf3845977a98
p:  271463.3988965328
5d48ae13098bdf9186977ab3
p:  376221.80683080177
5d48aeb8098bdf9186977ab4
p:  308744.77789816837
5d48af48098bdf9186977ab5
p:  451001.04482821684
5d48b045098bdf9186977ab6
p:  661168.0868139451
5d48b0fa603eaf3845977aa4
p:  383135.6551637759
5d48b14b603eaf3845977aa6
p:  209506.77241222188
5d48b464bfd80d898b977aea
p:  438503.9890888446
5d48b4eebfd80d898b977aeb
p:  332908.38258397346
5d48b614780e5e9397977adc
p:  228520.3280213488
5d48b6d7098bdf9186977abf
p:  374947.93877721945
5d48b8e0780e5e9397977adf
p:  272334.9791638339
5d48ba01c750728160977a78
p:  271586.95945066056
5d48ba4e098bdf9186977ac4
p:  738510.108882301
5d48bf42098bdf9186977acb
p:  289463.3153914106
5d48c3cf603eaf3845977ae4
p:  235033.8334185928
5d48c3f418f3ebee49977a82
p:  350944.527432251
5d48c58c780e5e9397977ae9
p:  347132.5052162489
5d48c69e098bdf9186977ad6
p:  306799.0690208443
5d48c9a7c750728160977a82
p:  194748.1966760105
5d48c9bd098bdf9186977ade
p:  562409.6068659383
5d48ca665a8edbf3cf977a9f
p:  321494.37217734836
5d48cb6e5a8edbf3cf977aa0
p:  627519.647891978
5d48ccd25a8edbf3cf977aa3
p:  459763.2546619654
5d48cd7f780e5e9397977aee
p:  391224.7488622115
5d48cdccc11f5d8b50977ade
p:  336451.2486435012
5d48ce78c750728160977a86
p:  222637.8406810315
5d48d1f018f3ebee49977a8f
p:  303321.3868486621
5d48d2eabfd80d898b977b0d
p:  685013.8845950323
5d48d31e575cf2b3f2977a92
p:  116943.7133484057
5d48d44f780e5e9397977af6
p:  293703.5882765923
5d48d4b25a8edbf3cf977aa8
p:  358685.9921266862
5d48d4b7e57b560e2a977b05
p:  131607.23155842663
5d48d823575cf2b3f2977a99
p:  238441.1692964509
5d48db0e098bdf9186977aef
p:  534082.4661118505
5d48dc3418f3ebee49977a99
p:  394906.09072410513
5d48ddd0e57b560e2a977b0e
p:  146324.03563118353
5d48e0f718f3ebee49977a9d
p:  346846.30130795063
5d48e168c11f5d8b50977af7
p:  361787.4847968306
5d48e4ea18f3ebee49977aa1
p:  342923.65860878775
5d48e64d575cf2b3f2977aa7
p:  239504.15886456042
5d48e66de57b560e2a977b17
p:  95554.22904969586
5d48eb1d575cf2b3f2977aad
p:  91707.2358557116
5d48eca0e57b560e2a977b1d
p:  106135.41397944468
5d48ed99575cf2b3f2977ab0
p:  162283.8602847407
5d48f690098bdf9186977b0d
p:  304355.5869594542
5d48f90e575cf2b3f2977aba
p:  360483.0389655697
5d48fdeae57b560e2a977b2c
p:  262453.0233944979
5d48ff8ec750728160977ab6
p:  304055.0571057343
5d4906bd780e5e9397977b2d
p:  374831.1145454064
5d491fe8098bdf9186977b39
p:  543138.5988825649
For ['Lane', 'Douglas']#################################################################
train score for random_forest: 0.9077162347433937
test score for random_forest: 0.2745505783891049
The mean absolute error is:$ 146782.6573272754
r_Score: 0.3426060637859867
Voting Regressor (in): 0.9585219956301056
Voting Regressor: 0.3426060637859867
5d0d4217ae78f7f2d314ae5a
p:  249930.68161275817
5d179f51fb6bf97d8975b5e9
p:  278307.6608088865
5d1bff350a1cbc8e6fefbc23
p:  250746.89993127782
5d1c357bdbebfd779eefbd03
p:  521143.89052328176
5d1c4f7b0a1cbc8e6fefbcb1
p:  273427.0833963565
5d4830c33bf149c807977a6f
p:  352300.5450596502
5d48314d3bf149c807977a71
p:  382913.71165534534
5d4831f73bf149c807977a73
p:  320675.7188818748
5d48328a3bf149c807977a75
p:  322342.73504068237
5d4834b93bf149c807977a7c
p:  334948.4052248342
5d4835023bf149c807977a7d
p:  515357.8413083154
5d4835483bf149c807977a7e
p:  310749.74548109196
5d4838eb3bf149c807977a8a
p:  248833.99524469022
5d48392e3bf149c807977a8b
p:  440533.6729247895
5d48397b3bf149c807977a8c
p:  317280.6677190193
5d483a47bb4f9b51cd977a2b
p:  263327.3693785897
5d483b31bb4f9b51cd977a2c
p:  263327.3693785897
5d483b783bf149c807977a93
p:  226047.51317522553
5d483bdd780e5e9397977a62
p:  265282.96016483696
5d483c4bebf708c16b9779ec
p:  367434.7462833484
5d483cd03bf149c807977a97
p:  310283.71648850606
5d483ce3780e5e9397977a63
p:  456405.72096735623
5d483d1b3bf149c807977a98
p:  274667.7514921933
5d483d653bf149c807977a99
p:  312049.7384354301
5d483f08bb4f9b51cd977a30
p:  315024.1187560981
5d483fea3bf149c807977a9e
p:  463740.61589498544
5d48403cebf708c16b9779ef
p:  598811.7477489461
5d4840a8780e5e9397977a67
p:  473790.8629440876
5d484152bb4f9b51cd977a32
p:  304915.83974877116
5d4841b43bf149c807977aa1
p:  612613.2547349932
5d484224780e5e9397977a68
p:  299533.4929039402
5d4842fdbb4f9b51cd977a33
p:  243726.55033693323
5d48432f780e5e9397977a6a
p:  407086.6234894532
5d484348a57f2e83ff977a27
p:  257444.4427410789
5d484363ea932acd95977a20
p:  265061.14991411474
5d4843b4ebf708c16b9779f3
p:  286963.18804842886
5d48446cebf708c16b9779f4
p:  362524.9260845997
5d484520bb4f9b51cd977a36
p:  295627.8611019844
5d4845f6ebf708c16b9779f6
p:  461773.56583575276
5d48477cebf708c16b9779f9
p:  504827.04660208686
5d48483dbb4f9b51cd977a39
p:  269651.1431758354
5d4848573bf149c807977aa6
p:  755300.8927893431
5d484919bb4f9b51cd977a3b
p:  444898.35607411194
5d484974780e5e9397977a6e
p:  378758.2640968195
5d484a85ea932acd95977a25
p:  311515.6142047749
5d484b19ea932acd95977a26
p:  291470.07730367826
5d484b51ebf708c16b9779fd
p:  270298.81709430454
5d484bd9ea932acd95977a27
p:  291470.07730367826
5d484bf9780e5e9397977a70
p:  263839.4026155084
5d484c13a57f2e83ff977a2f
p:  364986.7153859941
5d484cd3ea932acd95977a28
p:  290736.2871154718
5d4850b6ebf708c16b977a03
p:  467368.53644203156
5d4851813bf149c807977aaa
p:  286988.39760296524
5d4851e9bb4f9b51cd977a40
p:  289668.6650976992
5d48521f3bf149c807977aab
p:  796667.0367994364
5d4853dca57f2e83ff977a36
p:  503233.01207503694
5d485467a57f2e83ff977a38
p:  693960.7571400739
5d4855a1ea932acd95977a2e
p:  289430.504739758
5d485606ebf708c16b977a08
p:  470177.2090805655
5d485619bb4f9b51cd977a44
p:  248129.42137605138
5d4856a2575cf2b3f2977a17
p:  310102.9451571634
5d4858b6bb4f9b51cd977a46
p:  391707.96160235803
5d485914a57f2e83ff977a48
p:  423719.65934958676
5d485961ea932acd95977a33
p:  286939.5874417549
5d4859c2ebf708c16b977a0a
p:  720312.0438579526
5d485a5bbb4f9b51cd977a49
p:  280771.512319415
5d485aeeebf708c16b977a0c
p:  460386.26491095533
5d485e27ebf708c16b977a0e
p:  501874.1925861411
5d485e7c098bdf9186977a5d
p:  216016.46201639826
5d485ead098bdf9186977a5e
p:  216016.46201639826
5d486057098bdf9186977a63
p:  263822.88545982965
5d4860f1575cf2b3f2977a1d
p:  304679.14389362274
5d486223ebf708c16b977a10
p:  291457.32668087276
5d48640aea932acd95977a3c
p:  357970.2306220706
5d48673ebb4f9b51cd977a50
p:  363978.28985747055
5d486cd1ea932acd95977a48
p:  260181.49204812653
5d486e5cebf708c16b977a1b
p:  475129.8824696938
5d487032ea932acd95977a52
p:  417715.224785557
5d4874075a8edbf3cf977a5b
p:  321483.9228392126
5d487442c750728160977a35
p:  403886.1929663825
5d487503c750728160977a39
p:  254488.69876609754
5d487569bb4f9b51cd977a5f
p:  291940.26302017656
5d487b965a8edbf3cf977a62
p:  224859.2150836191
5d487c94bb4f9b51cd977a63
p:  194671.52561833907
5d4884f6bfd80d898b977ac4
p:  234559.53204216633
5d488825c750728160977a4e
p:  567165.1022304087
5d488a1fbb4f9b51cd977a6e
p:  219872.14115015007
5d488ec23bf149c807977ae0
p:  183505.49124105705
5d488fb8ea932acd95977a74
p:  418087.6347596741
5d48904cea932acd95977a75
p:  320438.46169282903
5d489053c750728160977a57
p:  326734.7354933827
5d48914b575cf2b3f2977a4e
p:  221519.94589759945
5d489284cfbbe242d9977a46
p:  262732.33856244886
5d489519ea932acd95977a79
p:  744243.6874159732
5d489552bfd80d898b977ad3
p:  634728.2329545419
5d4896d73bf149c807977ae7
p:  263310.09214412194
5d48997ccfbbe242d9977a4c
p:  303554.64850566245
5d489ac2c750728160977a61
p:  267042.7843314804
5d489b12575cf2b3f2977a55
p:  267042.7843314804
5d489ed7cfbbe242d9977a54
p:  609648.465965883
5d489f38a57f2e83ff977aaf
p:  525051.5435194538
5d489f815a8edbf3cf977a81
p:  256993.37886267048
5d489feccfbbe242d9977a56
p:  319084.96402448695
5d48a0e05a8edbf3cf977a83
p:  256279.14448191313
5d48a184cfbbe242d9977a59
p:  247825.21194037824
5d48a1b6cfbbe242d9977a5a
p:  267601.8516128898
5d48a73ecfbbe242d9977a64
p:  237024.51529762615
5d48ad3f575cf2b3f2977a67
p:  236961.35371948133
5d48ae02c750728160977a6e
p:  259063.09334406792
5d48b04fcfbbe242d9977a6d
p:  300296.0114365699
5d48c0c8ea932acd95977a9d
p:  388318.1305874271
For ['Lincoln', 'Linn', 'Benton']#################################################################
train score for random_forest: 0.9311071748426286
test score for random_forest: 0.6376696043314831
The mean absolute error is:$ 111512.45363063911
r_Score: 0.6076406759881973
Voting Regressor (in): 0.9619476807382472
Voting Regressor: 0.6076406759881973
5d09c677f184f611416d98c2
p:  356182.424486319
5d26beda107c1d579eeb69d8
p:  224512.35117474245
5d38e0d5dd2d94d3c8b03ca2
p:  310552.56122938334
5d3e6ed6f046cd7a6407b59b
p:  690310.5915184503
5d472630d57846aad03cb344
p:  311773.12677275704
5d47c6b9ea932acd959779be
p:  303882.93247796886
5d47c9e9ea932acd959779c1
p:  293381.6763811737
5d47d193c11f5d8b50977a03
p:  587512.916477124
5d47d247ea932acd959779ca
p:  347378.7133845757
5d47d4073bf149c8079779aa
p:  238004.40649427826
5d47d4923bf149c8079779ac
p:  335057.53058864875
5d47d5fbea932acd959779cc
p:  344898.89952104073
5d47d681603eaf38459779cc
p:  287754.4954101901
5d47d7007fad388d97977999
p:  557838.0911005426
5d47d92eea932acd959779cf
p:  359766.6858154128
5d47dce83bf149c8079779c7
p:  241280.4331277355
5d47dd45c11f5d8b50977a0c
p:  345541.61975134106
5d47de10c11f5d8b50977a0d
p:  338109.88085358124
5d47de2e3bf149c8079779cb
p:  447308.4907443274
5d47de7d3bf149c8079779cc
p:  298123.2295512836
5d47e020c11f5d8b50977a10
p:  372771.24552501773
5d47e0c1c11f5d8b50977a11
p:  450100.71632276237
5d47e226c11f5d8b50977a13
p:  297401.5471263439
5d47e2e9c11f5d8b50977a14
p:  512022.57276057714
5d47e3dec11f5d8b50977a15
p:  333797.3893363604
5d47e6f43bf149c8079779e6
p:  320635.6019649506
5d47e7383bf149c8079779e7
p:  322812.42819117696
5d47e7c83bf149c8079779e9
p:  385040.95496453176
5d47e9fb3bf149c8079779f0
p:  368450.4698954306
5d47ea903bf149c8079779f2
p:  456040.1867816306
5d47eb167fad388d979779a9
p:  313958.6774699781
5d47ede2c11f5d8b50977a1c
p:  305552.76824607025
5d47f385575cf2b3f29779d3
p:  270404.20994311094
5d47f5dbc11f5d8b50977a22
p:  328165.2092768813
5d47f7687fad388d979779b9
p:  337378.429293341
5d47fcef7fad388d979779c0
p:  204575.4587897235
5d4800d1bb4f9b51cd9779fd
p:  213784.8033101909
5d480184c11f5d8b50977a28
p:  362474.68893562595
5d480307bb4f9b51cd9779ff
p:  282182.13668947364
5d48039fc11f5d8b50977a2c
p:  408222.2310239297
5d48043ec11f5d8b50977a2e
p:  417741.7381975908
5d4807e9c11f5d8b50977a31
p:  637232.3192775508
5d480a49c11f5d8b50977a33
p:  327357.38480767515
5d480ab2c11f5d8b50977a35
p:  387346.6617765179
5d480bd2e57b560e2a977a41
p:  303303.56340820086
5d480cbf7fad388d979779cc
p:  561500.1945954473
5d480e89c11f5d8b50977a37
p:  451351.23798492586
5d4812817fad388d979779d3
p:  339925.63015416864
5d481350575cf2b3f29779e3
p:  315605.288660922
5d481437575cf2b3f29779e4
p:  281943.39545514435
5d481772cfbbe242d99779dd
p:  211720.43822251004
5d481b23780e5e9397977a42
p:  206563.31905996677
5d481bc0ebf708c16b9779cf
p:  385665.6025398832
5d481c04c11f5d8b50977a40
p:  247730.280248127
5d482095575cf2b3f29779ec
p:  494222.44347436307
5d4823e5575cf2b3f29779ef
p:  224130.38271452044
5d4824b6c11f5d8b50977a46
p:  259265.54084660384
5d4828dac11f5d8b50977a48
p:  276035.8131998752
5d483050575cf2b3f29779f8
p:  194976.10238093813
5d4830d6c11f5d8b50977a4e
p:  248408.63574909745
5d48366ae57b560e2a977a6a
p:  136138.53177013661
5d483f61c11f5d8b50977a58
p:  331876.80056877836
5d4843e1c11f5d8b50977a5c
p:  259265.54084660384
5d48451ac11f5d8b50977a5e
p:  432252.58253874554
5d484aa2e57b560e2a977a7a
p:  274031.5575491925
5d488a0ee57b560e2a977ac3
p:  617759.8330652622
For ['Marion', 'Yamhill', 'Polk', 'Clackamas', 'Multnomah', 'Washington']#################################################################
train score for random_forest: 0.9384125759394334
test score for random_forest: 0.5207551251815241
The mean absolute error is:$ 141550.5208109915
r_Score: 0.5585994224027686
Voting Regressor (in): 0.9456445732228127
Voting Regressor: 0.5585994224027686
5d07f84b7c1d83daee248af0
p:  299232.67814261385
5d09c47df184f611416d98a1
p:  310990.6747511182
5d12cbcfb7ae3de20d8d6f81
p:  306974.3253897722
5d1799b7fb6bf97d8975b5db
p:  392312.1236122601
5d1bed557e6c493d5945888d
p:  480867.2276027771
5d1c0b2302e1f427a5efbc74
p:  262069.69210946604
5d2e3cbbb39b58f1d2167d1c
p:  223277.90410641808
5d2f6c678b6c8df1a080b6ac
p:  192275.61140330735
5d31acced708b0a3d0a64ea3
p:  593486.743213495
5d3887d2dd2d94d3c8b03ba3
p:  375398.75398256205
5d38dae47110e453a0b03b4b
p:  645134.4640380145
5d38fa45dd2d94d3c8b03cea
p:  242437.72494152596
5d38fa91dd2d94d3c8b03ceb
p:  372983.82025190024
5d3e73f62c3a06b7a107b5e6
p:  455999.6871405116
5d3e816ebd7b3d656007b626
p:  716420.0170265053
5d3e91cef046cd7a6407b61f
p:  464435.4637433287
5d3eb4d02c3a06b7a107b68b
p:  400834.78230130416
5d3eba432c3a06b7a107b6a2
p:  239484.9895656046
5d458e16f6b4c2439b8b20cf
p:  285956.8631269013
5d458ef8f6b4c2439b8b20d0
p:  373647.16923945665
5d467c71575cf2b3f297788d
p:  382365.66241728526
5d467c93e57b560e2a97788d
p:  434319.4176565582
5d467cd0575cf2b3f297788e
p:  460520.6067813209
5d467d03c11f5d8b5097788d
p:  219266.6572007311
5d467d55e57b560e2a97788e
p:  615706.5410391467
5d467d9d7fad388d9797788e
p:  426861.12163868046
5d467de8c11f5d8b5097788e
p:  493436.57049584546
5d467e69c11f5d8b5097788f
p:  753014.3504777991
5d467fece57b560e2a977891
p:  203832.60928947164
5d4680427fad388d97977894
p:  260634.79478621454
5d46804658e7ac95be97788f
p:  231647.41319850564
5d4680f87fad388d97977895
p:  315026.0886922966
5d4681ade57b560e2a977892
p:  263056.65888493066
5d46826c603eaf3845977890
p:  495080.6723976517
5d468281e57b560e2a977893
p:  433804.36753433436
5d46829a7fad388d97977897
p:  439728.70248891396
5d4682e9c11f5d8b50977894
p:  457794.06681955635
5d468337e57b560e2a977894
p:  280126.44657977024
5d468352c11f5d8b50977895
p:  425959.0401517167
5d468390098bdf9186977891
p:  430397.5530622008
5d4683b858e7ac95be977893
p:  458978.73205046484
5d4684527fad388d97977898
p:  513945.4411933956
5d4684b97fad388d97977899
p:  463662.7921526444
5d468521e57b560e2a977897
p:  634394.5060781864
5d46865abfd80d898b977897
p:  353514.00093122176
5d46865a5a8edbf3cf977899
p:  309262.0796068184
5d4686985a8edbf3cf97789a
p:  328074.45534968236
5d4686f85a8edbf3cf97789b
p:  251710.930296208
5d4687ebebf708c16b977898
p:  277111.4042756721
5d46880a603eaf3845977894
p:  367733.69057877304
5d46889da57f2e83ff977895
p:  515735.80175191304
5d46898158e7ac95be977899
p:  310176.9310838982
5d468b20c11f5d8b509778ae
p:  542780.3381785436
5d468c1ee57b560e2a97789d
p:  466028.71376413596
5d468d1ac11f5d8b509778b7
p:  331987.84189707343
5d468d2acfbbe242d9977899
p:  591576.98719373
5d468d4ebfd80d898b977899
p:  393565.31828997296
5d468d5ee57b560e2a97789e
p:  428339.7312254262
5d468dedc750728160977898
p:  284363.213236748
5d468eedbfd80d898b97789b
p:  401790.51648464194
5d468f3acfbbe242d997789b
p:  288075.51102582336
5d468fb5bfd80d898b97789c
p:  329192.2435656197
5d4691f1a57f2e83ff977896
p:  499437.34490955423
5d4692d3bfd80d898b97789e
p:  393510.05472672684
5d4692db7fad388d979778a5
p:  436864.2259305889
5d469540bfd80d898b97789f
p:  369883.01166997734
5d469629bfd80d898b9778a0
p:  430054.93950396933
5d46965cc7507281609778a0
p:  608926.8067712294
5d469675e57b560e2a9778a7
p:  339130.8116227016
5d469743a57f2e83ff97789b
p:  710605.8363063006
5d4698247fad388d979778a9
p:  524056.96855785826
5d4698dea57f2e83ff97789c
p:  417940.1611838995
5d4698de7fad388d979778aa
p:  324425.64800770953
5d469998bfd80d898b9778a2
p:  449559.23541431234
5d469ac8bfd80d898b9778a3
p:  538448.9051515711
5d469c1e58e7ac95be9778aa
p:  379531.14644277573
5d469c24bfd80d898b9778a4
p:  322781.46196030243
5d469d4d7fad388d979778ad
p:  575423.6905221613
5d469d8b58e7ac95be9778ac
p:  623973.3796887726
5d469dfca57f2e83ff97789f
p:  453583.8398165047
5d469f983bf149c8079778b7
p:  323575.6632004958
5d469febcfbbe242d99778a4
p:  299316.2935690533
5d46a045c7507281609778a9
p:  261188.93534314382
5d46a04dbfd80d898b9778a6
p:  423023.7957327941
5d46a14fbfd80d898b9778a7
p:  468338.42913888505
5d46a20a7fad388d979778b0
p:  266596.3531408658
5d46a591bfd80d898b9778aa
p:  347321.78406084183
5d46a5cfa57f2e83ff9778a6
p:  220098.08980636264
5d46a7ef18f3ebee499778b4
p:  341357.78897823073
5d46a8d8780e5e93979778b5
p:  514114.1884248449
5d46a9aacfbbe242d99778af
p:  385284.27787192306
5d46aaf2780e5e93979778b7
p:  391383.9424752028
5d46ab61603eaf38459778b0
p:  401514.328067164
5d46ab87780e5e93979778b8
p:  480020.42106298136
5d46abebc7507281609778c5
p:  328227.6145445213
5d46ad51bfd80d898b9778af
p:  393790.3800821838
5d46ae46cfbbe242d99778b2
p:  473476.87691347883
5d46ae5b603eaf38459778b1
p:  525083.1147723887
5d46aeb1e57b560e2a9778ba
p:  364730.089482303
5d46af68cfbbe242d99778b5
p:  338099.09528903675
5d46afb6bfd80d898b9778b1
p:  368787.16814189794
5d46b009a57f2e83ff9778ab
p:  696236.5440581534
5d46b09bbfd80d898b9778b2
p:  323419.0265365987
5d46b10ea57f2e83ff9778ad
p:  242722.6682518587
5d46b16dbfd80d898b9778b3
p:  343876.2640659733
5d46b2d6780e5e93979778be
p:  326026.43250361085
5d46b347098bdf91869778ca
p:  778886.8890509615
5d46b395780e5e93979778bf
p:  280927.5158679137
5d46b3d1cfbbe242d99778be
p:  681487.0348941607
5d46b483a57f2e83ff9778b0
p:  547288.2206565263
5d46b4e5bfd80d898b9778b5
p:  326244.4057144569
5d46b5c7bfd80d898b9778b8
p:  442148.25622934964
5d46b72aa57f2e83ff9778b1
p:  742984.7125024861
5d46b867bfd80d898b9778c0
p:  456873.1582527659
5d46b8da098bdf91869778ce
p:  401478.76718840364
5d46b91ea57f2e83ff9778b3
p:  278190.3126186525
5d46bafebfd80d898b9778c8
p:  430402.0614624738
5d46bbdebfd80d898b9778cb
p:  322262.08724023204
5d46bc6858e7ac95be9778c3
p:  293265.0588383038
5d46bc75780e5e93979778c7
p:  326049.40117577126
5d46bc93098bdf91869778d3
p:  454962.7512767563
5d46bd63bfd80d898b9778d0
p:  410010.5688678764
5d46bdb07fad388d979778c4
p:  492324.08149683784
5d46bdbccfbbe242d99778c6
p:  1016252.668704558
5d46be3b780e5e93979778c9
p:  428845.73812872847
5d46bf367fad388d979778c6
p:  328223.3215686425
5d46bf8e098bdf91869778d6
p:  297304.0499659475
5d46c00d7fad388d979778c8
p:  428365.5361309118
5d46c09b780e5e93979778cb
p:  449154.8986248714
5d46c0b6098bdf91869778d9
p:  349577.58528013143
5d46c21258e7ac95be9778cb
p:  527202.8136801287
5d46c28dbb4f9b51cd9778d5
p:  254173.96171165988
5d46c29b7fad388d979778ca
p:  487729.1686564394
5d46c355603eaf38459778bd
p:  427394.2557346631
5d46c3b818f3ebee499778ca
p:  254908.9413044709
5d46c3cb098bdf91869778dd
p:  403272.1764280946
5d46c416bfd80d898b9778e4
p:  315793.89288114454
5d46c45218f3ebee499778cb
p:  422102.54405635607
5d46c53ebb4f9b51cd9778d9
p:  457687.73161247245
5d46c54818f3ebee499778cc
p:  315124.7665611139
5d46c56a780e5e93979778d0
p:  301560.90758307045
5d46c60aea932acd959778d1
p:  463530.09128839866
5d46c62c58e7ac95be9778cf
p:  254987.78188077768
5d46c695098bdf91869778df
p:  399612.6240632324
5d46c6c418f3ebee499778ce
p:  603983.7623795455
5d46c6f37fad388d979778d0
p:  239152.95695352563
5d46c8bebb4f9b51cd9778dc
p:  259087.77567740722
5d46c8ff18f3ebee499778d1
p:  681984.5456490037
5d46c90ae57b560e2a9778d9
p:  263056.65888493066
5d46c97be57b560e2a9778db
p:  505142.8080736309
5d46c99bbb4f9b51cd9778dd
p:  411348.53799729096
5d46cacee57b560e2a9778e0
p:  501673.14753333025
5d46cb05e57b560e2a9778e1
p:  472233.9034771407
5d46cb64603eaf38459778c1
p:  853036.6472883949
5d46cb86780e5e93979778d6
p:  486579.9745510673
5d46cc12603eaf38459778c3
p:  301461.7069374828
5d46ccfa7fad388d979778d3
p:  409446.7560686701
5d46ce40ea932acd959778d5
p:  463530.09128839866
5d46ceaf780e5e93979778d8
p:  326521.7424832806
5d46d48fbb4f9b51cd9778e9
p:  328247.3958407848
5d46d50eea932acd959778df
p:  495508.7023219717
5d46d5c5098bdf91869778ea
p:  295413.43275652773
5d46d60c098bdf91869778eb
p:  437976.03432815906
5d46d6e1e57b560e2a9778f1
p:  234004.2163640521
5d46d7b8e57b560e2a9778f2
p:  349621.4519780575
5d46d86dbfd80d898b977926
p:  431354.2402574039
5d46dbd5bb4f9b51cd9778fc
p:  283553.6977390476
5d46df3518f3ebee499778e1
p:  511928.5737056206
5d46e0d1780e5e93979778ec
p:  324510.640212337
5d46e154780e5e93979778ee
p:  467101.98950558016
5d46e199780e5e93979778ef
p:  335555.6836991821
5d46e231780e5e93979778f1
p:  597204.5630009895
5d46e24cbb4f9b51cd977912
p:  250287.136914189
5d46e2c718f3ebee499778eb
p:  478477.3327744615
5d46e5f618f3ebee499778ee
p:  487736.35482447187
5d46e75eebf708c16b9778e7
p:  440506.2186199818
5d46eaa3bb4f9b51cd97791a
p:  441216.00986489165
5d46eb02603eaf38459778d9
p:  679093.2826293176
5d46f0bc3bf149c8079778f5
p:  532372.3936730227
5d46f2db5a8edbf3cf977914
p:  812600.4372174746
5d46f46ac750728160977913
p:  312977.287984831
5d46f5f7c11f5d8b50977914
p:  357676.38153774454
5d46f60858e7ac95be9778ea
p:  453291.0652429277
5d46f7f95a8edbf3cf977916
p:  348294.8241583266
5d46f9113bf149c8079778f7
p:  337934.18134812725
5d46f9545a8edbf3cf977918
p:  504465.09491110686
5d46fa437fad388d979778ed
p:  496041.4951690522
5d46fae25a8edbf3cf97791c
p:  311698.0429897512
5d46fbaa5a8edbf3cf97791d
p:  279477.1123960455
5d46fc345a8edbf3cf97791e
p:  439233.1513518235
5d46fcff780e5e9397977900
p:  378207.35939884355
5d46fd2d098bdf9186977912
p:  550039.8902260363
5d46fe1d5a8edbf3cf977920
p:  388851.874415206
5d46ff23780e5e9397977902
p:  405532.3582763
5d46ff4d603eaf38459778ea
p:  339966.63162989914
5d47001f5a8edbf3cf977922
p:  509474.4218658571
5d4700a0c75072816097791c
p:  358818.85544559604
5d47018d18f3ebee4997790a
p:  584711.0717239712
5d4701a95a8edbf3cf977923
p:  360051.2530520422
5d4705c75a8edbf3cf97792b
p:  251482.23080238042
5d470641c11f5d8b5097792a
p:  368227.67603024666
5d47090c7fad388d979778f7
p:  434644.7710103539
5d470979780e5e9397977911
p:  299521.2224921291
5d4709d7780e5e9397977912
p:  293564.4050509657
5d470a36098bdf9186977919
p:  654712.5354510283
5d470bbe603eaf38459778f8
p:  402976.4990286302
5d470d74603eaf38459778f9
p:  374714.50715569215
5d470e50603eaf38459778fa
p:  280769.0215314451
5d470e973bf149c807977902
p:  341359.52361145534
5d470ebe603eaf38459778fb
p:  522563.3763244194
5d470e77d57846aad03cb323
p:  352858.1062272559
5d470f623bf149c807977904
p:  412148.6882209808
5d4710b618f3ebee49977913
p:  341007.65543219994
5d4713255a8edbf3cf977934
p:  499850.18991801987
5d4714325a8edbf3cf977935
p:  397910.4190675161
5d4715a4a57f2e83ff97790e
p:  577685.4758389271
5d471632a57f2e83ff977911
p:  427263.17435760814
5d47178d780e5e939797791f
p:  389216.9706429346
5d4717c0c11f5d8b50977950
p:  520487.25414422626
5d47184fa57f2e83ff977914
p:  411577.57043503644
5d471872c75072816097792e
p:  408136.27725824516
5d4718c4c75072816097792f
p:  224844.74712427176
5d4718f7a57f2e83ff977915
p:  306471.2198799498
5d4719365a8edbf3cf977939
p:  328341.46135218896
5d47195f098bdf9186977926
p:  550939.8192583828
5d4719d55a8edbf3cf97793a
p:  476704.3498020407
5d471b9a603eaf3845977909
p:  320725.01288361
5d471bdb098bdf918697792a
p:  418247.26378601475
5d471c135a8edbf3cf97793b
p:  407412.7037750532
5d471c42603eaf384597790a
p:  468724.15560755134
5d471ce2a57f2e83ff977919
p:  584059.3302721311
5d471f91a57f2e83ff97791a
p:  482040.4418816848
5d47206218f3ebee4997791f
p:  399433.6632888572
5d472073780e5e9397977928
p:  329930.8052166668
5d4721e9a57f2e83ff97791b
p:  433821.147381067
5d4721ef780e5e939797792a
p:  322787.17257148854
5d4722a23bf149c80797790e
p:  445016.705082746
5d4722d3ebf708c16b97790e
p:  405607.46673622134
5d472373ebf708c16b97790f
p:  437445.5269103278
5d47241d780e5e939797792b
p:  376220.444507019
5d4724a5575cf2b3f297791f
p:  460238.16785379685
5d4724f9780e5e939797792c
p:  298768.0513413936
5d472546575cf2b3f2977922
p:  372896.235345209
5d472624575cf2b3f2977926
p:  312808.0365112899
5d472658575cf2b3f2977927
p:  1888831.8884166947
5d472683575cf2b3f2977928
p:  1036560.9025755834
5d4726d6e57b560e2a977934
p:  386426.9851605538
5d4727b0ebf708c16b977911
p:  385223.9243664394
5d4727e6575cf2b3f297792f
p:  458177.526884185
5d47283d575cf2b3f2977930
p:  362250.1108198118
5d472843a57f2e83ff97791e
p:  666941.0596977912
5d472901098bdf9186977937
p:  377593.91331818956
5d472c4debf708c16b977916
p:  329163.40721143817
5d472d34ebf708c16b977917
p:  411796.95229796844
5d472eaac11f5d8b5097795b
p:  259419.511393001
5d472eceebf708c16b97791a
p:  377050.6070453145
5d472f09c11f5d8b5097795d
p:  355846.077894391
5d472f5eea932acd9597792f
p:  413289.1536941731
5d472fe9ea932acd95977930
p:  525474.344067018
5d472ff3780e5e9397977935
p:  408156.87624986033
5d473081ea932acd95977931
p:  321416.07660836726
5d4730c2ea932acd95977932
p:  341023.57402214303
5d47313ec11f5d8b50977966
p:  592676.228758623
5d473162ebf708c16b97791d
p:  433135.8113741984
5d473172ea932acd95977935
p:  407822.2786838109
5d47320febf708c16b97791e
p:  487347.1192346468
5d4732dcea932acd9597793b
p:  285575.9240034922
5d473363ea932acd9597793d
p:  238356.97458941035
5d473398780e5e9397977939
p:  610151.3371224905
5d47340ca57f2e83ff977929
p:  375225.5031649151
5d47344d5a8edbf3cf97794e
p:  478157.4735310039
5d473450ea932acd9597793e
p:  443603.08342640474
5d47348be57b560e2a97793e
p:  695492.999005254
5d4734fec11f5d8b50977974
p:  288434.2473844879
5d4735edebf708c16b977921
p:  472628.8921532512
5d47363bea932acd9597793f
p:  312188.3879727993
5d4736d5c11f5d8b5097797a
p:  279974.35794472764
5d473718575cf2b3f297793b
p:  264398.3921430503
5d47373acfbbe242d9977915
p:  426146.03246529703
5d4737cc780e5e939797793c
p:  364038.09501960594
5d473844603eaf3845977923
p:  339966.63162989914
5d473889ea932acd95977940
p:  492911.8325726849
5d473900c750728160977948
p:  276698.8680529897
5d473926cfbbe242d9977917
p:  374217.71842039505
5d4739755a8edbf3cf977953
p:  485478.5696504926
5d473a8ac75072816097794a
p:  324690.5231845714
5d473adbea932acd95977942
p:  350149.90261937014
5d473b0aebf708c16b977924
p:  371531.1215098456
5d473b3a3bf149c807977917
p:  570367.1850988744
5d473bdaa57f2e83ff97792f
p:  307693.4253137337
5d473ca6ea932acd95977944
p:  413927.39519931097
5d473cdc5a8edbf3cf977955
p:  464113.6919911204
5d473d42ea932acd95977945
p:  356901.3836415321
5d473d8458e7ac95be97792c
p:  513811.7162347152
5d473e23a57f2e83ff977931
p:  572459.0145488463
5d473e3d5a8edbf3cf977956
p:  325490.69557642366
5d473e743bf149c80797791a
p:  382735.595010077
5d473eb258e7ac95be977932
p:  593148.0451147133
5d473ebb780e5e9397977941
p:  490763.4853581412
5d473ec3a57f2e83ff977932
p:  443725.3393907257
5d473eec58e7ac95be977933
p:  378519.21489152405
5d473f22bb4f9b51cd977961
p:  583081.4543784367
5d473f2f5a8edbf3cf977957
p:  549064.3986794811
5d473f8358e7ac95be977936
p:  555727.6982239139
5d473fd07fad388d97977929
p:  527849.9789148335
5d47400bebf708c16b977929
p:  489802.5371227774
5d47406fea932acd95977946
p:  391221.39275706967
5d4740a958e7ac95be97793c
p:  485862.7641053737
5d4740c958e7ac95be97793d
p:  455667.6471384674
5d4740edebf708c16b97792a
p:  489802.5371227774
5d4740f158e7ac95be97793e
p:  959873.9344863689
5d47411dea932acd95977947
p:  477542.85102393
5d47412f58e7ac95be97793f
p:  637787.9812173764
5d47413dbb4f9b51cd977963
p:  382178.0629286861
5d47417158e7ac95be977940
p:  367137.4507150345
5d47424fbb4f9b51cd977964
p:  462026.51518147165
5d4742bf5a8edbf3cf977959
p:  242830.6117329533
5d4742c4780e5e9397977942
p:  606150.8317965018
5d4742cbcfbbe242d997791e
p:  577758.9204595895
5d47435f603eaf384597792c
p:  336432.1160842852
5d4743c6bb4f9b51cd977965
p:  518415.9200984534
5d4743f9cfbbe242d997791f
p:  382907.74089539004
5d474434e57b560e2a977963
p:  413922.6814282271
5d474449575cf2b3f2977942
p:  289125.4209228647
5d4744687fad388d9797792d
p:  330706.0193607162
5d4744dcea932acd95977949
p:  374924.75185867155
5d474541a57f2e83ff977944
p:  553536.5210944292
5d47455e780e5e9397977945
p:  436662.84057502693
5d474635ea932acd9597794a
p:  611465.1194997663
5d4746d35a8edbf3cf97795e
p:  532895.3298614447
5d4746a6acae7a72623cb46e
p:  467604.53630773176
5d474738ebf708c16b97792d
p:  396206.79580076766
5d47475d5a8edbf3cf97795f
p:  807011.6674998805
5d474815a57f2e83ff977950
p:  355903.0107981748
5d4748b47fad388d97977930
p:  487637.7622956124
5d4749a3780e5e939797794a
p:  288976.2659694995
5d4749c6bb4f9b51cd97796a
p:  487457.88687522366
5d4749c8cfbbe242d9977922
p:  673019.6456934236
5d4749ecbb4f9b51cd97796b
p:  502045.2941865559
5d474a1cbb4f9b51cd97796c
p:  445309.93370654277
5d474a8c5a8edbf3cf977961
p:  559633.9953522596
5d474aa9bb4f9b51cd97796e
p:  533069.8242679646
5d474af3cfbbe242d9977923
p:  399069.5885544266
5d474b305a8edbf3cf977963
p:  234945.84856861676
5d474b5abb4f9b51cd977971
p:  471531.55092899455
5d474b6f5a8edbf3cf977964
p:  243520.47181084973
5d474b94098bdf9186977960
p:  340819.5779425169
5d474bab7fad388d97977932
p:  410946.95165797055
5d474bc4bb4f9b51cd977973
p:  382178.0629286861
5d474be05a8edbf3cf977966
p:  529086.1028902208
5d474c05ebf708c16b977930
p:  468816.2891906359
5d474c4ec11f5d8b5097798b
p:  1189105.131597008
5d474cbf575cf2b3f297794a
p:  264398.3921430503
5d474e30cfbbe242d9977925
p:  340846.84563549096
5d474e567fad388d97977935
p:  320674.95823772566
5d474e6bbb4f9b51cd97797d
p:  546419.3508237146
5d474e91575cf2b3f297794b
p:  420104.29041714134
5d474eb27fad388d97977936
p:  471946.52551812783
5d474eb8cfbbe242d9977927
p:  453022.6772286941
5d474f05cfbbe242d9977928
p:  326227.04352293606
5d474f15780e5e939797794f
p:  363100.8460541001
5d474f8fbb4f9b51cd977982
p:  380870.16621777473
5d474fcb603eaf3845977937
p:  521027.2311689693
5d4750707fad388d97977938
p:  505586.92343450966
5d4750dd780e5e9397977951
p:  294564.4223397722
5d4751c17fad388d97977939
p:  271800.23279764724
5d4752555a8edbf3cf97796e
p:  883448.1297512485
5d4752ed3bf149c807977926
p:  392401.4942110153
5d47534b603eaf3845977947
p:  349586.83231997304
5d4753cea57f2e83ff97795b
p:  567238.1310710916
5d475407603eaf384597794b
p:  314620.1156538955
5d47542c603eaf384597794c
p:  314620.1156538955
5d4754da098bdf9186977969
p:  480253.6921733687
5d4754ef603eaf384597794f
p:  418020.4937877443
5d47551b603eaf3845977950
p:  300956.21940847917
5d47554debf708c16b977934
p:  374399.5452480492
5d4756a5098bdf918697796b
p:  432695.3630427818
5d4756bb603eaf3845977957
p:  227540.0978086583
5d4756d4a57f2e83ff97795e
p:  339481.3320106286
5d4756f7ebf708c16b977936
p:  448522.0612355118
5d475731575cf2b3f2977953
p:  316353.3558321061
5d4758c3ebf708c16b977937
p:  433400.38547098456
5d475a043bf149c80797792c
p:  282428.48077971145
5d475c9d7fad388d9797793f
p:  323929.172956776
5d475f2c7fad388d97977940
p:  342725.22901279735
5d475f9f7fad388d97977941
p:  426975.8080634686
5d475ffc098bdf9186977975
p:  433043.16658646194
5d47603bea932acd9597795e
p:  410843.91566382954
5d47607b7fad388d97977942
p:  484105.2365688216
5d4760adcfbbe242d9977936
p:  554278.9578081359
5d476160780e5e939797795a
p:  523567.0233824044
5d476200603eaf384597796b
p:  385806.0191616866
5d4762997fad388d97977943
p:  550522.4393194607
5d476324ea932acd95977960
p:  500442.10052031605
5d4763e9e57b560e2a97797d
p:  257835.99337233443
5d47656eebf708c16b97793f
p:  369944.11569514446
5d4765d2098bdf918697797b
p:  579104.9628658753
5d4766a8ea932acd95977962
p:  347348.4619935716
5d4767fd780e5e9397977960
p:  439418.9714652962
5d4768b9ebf708c16b977942
p:  406623.8227976244
5d4769b6bb4f9b51cd977997
p:  424600.2435498373
5d476accbfd80d898b9779d3
p:  341443.40341195744
5d476af4ebf708c16b977945
p:  314379.918604515
5d476b8c3bf149c807977939
p:  362909.83340013935
5d476cdc3bf149c80797793a
p:  395703.3603040673
5d476cfe7fad388d9797794b
p:  490173.78085097426
5d476d8ebfd80d898b9779d6
p:  431727.8468739245
5d476e8b18f3ebee49977958
p:  578523.3105603363
5d476ebd7fad388d9797794c
p:  463178.3186938245
5d476f35603eaf3845977976
p:  779058.1026007999
5d476f4bbfd80d898b9779d8
p:  324303.5618439398
5d4770367fad388d9797794e
p:  524043.7709054145
5d477037c75072816097796e
p:  440909.454071807
5d47705e18f3ebee4997795a
p:  474058.7587813579
5d4770a5bfd80d898b9779d9
p:  379702.5345856458
5d4770fe7fad388d9797794f
p:  342356.5403519948
5d477156c75072816097796f
p:  336924.6600559867
5d4771e5e57b560e2a977984
p:  368556.2177687378
5d477202575cf2b3f297796d
p:  693377.6642885248
5d47724bea932acd9597796c
p:  180354.43822273955
5d47726c098bdf9186977987
p:  476764.03094551346
5d477273bfd80d898b9779dc
p:  450961.0987068327
5d47728358e7ac95be97795e
p:  360063.14595892304
5d4772f77fad388d97977950
p:  479833.2904931111
5d4773453bf149c807977941
p:  391170.8965576273
5d47739b780e5e939797796b
p:  449525.44292338274
5d4773a5603eaf384597797a
p:  242253.81159028516
5d4773b0ebf708c16b97794c
p:  435724.9033986984
5d4773d458e7ac95be977960
p:  356889.6089958928
5d47746d098bdf9186977989
p:  668167.4198247767
5d477543c750728160977974
p:  314506.463685671
5d47758bebf708c16b97794d
p:  425360.66042619385
5d477599bfd80d898b9779dd
p:  372508.2770756255
5d4775b3c750728160977975
p:  314639.52727651654
5d4776023bf149c807977943
p:  487120.7069913204
5d477683c750728160977977
p:  314459.6079769328
5d4776c8c750728160977978
p:  341471.40477678424
5d4776d7e57b560e2a977989
p:  582251.4744678275
5d47770cc750728160977979
p:  334793.5862218152
5d47773cc75072816097797a
p:  293635.159209042
5d477784780e5e939797796f
p:  299933.2047655634
5d4777c8098bdf918697798d
p:  767681.7925279137
5d4777ed58e7ac95be977963
p:  427306.9425697838
5d477814bfd80d898b9779e1
p:  304795.276676353
5d47782858e7ac95be977964
p:  306311.3027638504
5d4778dac75072816097797f
p:  391452.56036659284
5d4778da7fad388d97977954
p:  550683.159377096
5d477aad18f3ebee49977964
p:  637163.5688787058
5d477ababb4f9b51cd9779a3
p:  507494.8988982015
5d477b1f58e7ac95be977967
p:  496365.71968213154
5d477b26ea932acd95977970
p:  617050.7228585983
5d477ba418f3ebee49977967
p:  454736.56534472876
5d477c0858e7ac95be977969
p:  415069.31573816424
5d477d30bb4f9b51cd9779a5
p:  686060.6632989882
5d477d34c750728160977981
p:  278870.8209147571
5d477d8eea932acd95977972
p:  429136.63040919474
5d477d9058e7ac95be97796a
p:  302391.4242844948
5d477d95e57b560e2a977996
p:  332461.62110940437
5d477ddce57b560e2a977997
p:  422416.66266757494
5d477e06bb4f9b51cd9779a6
p:  380022.9763554376
5d477e32ebf708c16b977956
p:  423199.5488399144
5d477ef2c750728160977983
p:  381093.18601915915
5d477fafa57f2e83ff97797f
p:  446066.1188257644
5d47805fea932acd95977975
p:  410609.9126650924
5d47811858e7ac95be97796f
p:  544161.32036627
5d4781575a8edbf3cf977996
p:  508406.2706202272
5d47815c18f3ebee4997796d
p:  420798.3915738802
5d47824658e7ac95be977970
p:  497325.4545566718
5d4782493bf149c80797794b
p:  355206.31358618615
5d4782b2bb4f9b51cd9779aa
p:  377936.1985305032
5d4782c6ebf708c16b97795d
p:  388678.3672557522
5d4782f4c750728160977986
p:  199278.73042168474
5d478331ea932acd95977977
p:  757322.2644879606
5d47847d7fad388d97977959
p:  472219.03302532306
5d4785655a8edbf3cf977999/home/testapiuser/HouseApp_2/PricePrediction/ORPrice.py:271: SettingWithCopyWarning: 
A value is trying to be set on a copy of a slice from a DataFrame.
Try using .loc[row_indexer,col_indexer] = value instead

See the caveats in the documentation: http://pandas.pydata.org/pandas-docs/stable/indexing.html#indexing-view-versus-copy
  df2['AreaSpace_SQFT'] = df2['AreaSpace_SQFT'].astype(int)
/home/testapiuser/HouseApp_2/PricePrediction/ORPrice.py:283: SettingWithCopyWarning: 
A value is trying to be set on a copy of a slice from a DataFrame.
Try using .loc[row_indexer,col_indexer] = value instead

See the caveats in the documentation: http://pandas.pydata.org/pandas-docs/stable/indexing.html#indexing-view-versus-copy
  df2['Price'] = z1
/home/testapiuser/HouseApp_2/PricePrediction/ORPrice.py:290: SettingWithCopyWarning: 
A value is trying to be set on a copy of a slice from a DataFrame.
Try using .loc[row_indexer,col_indexer] = value instead

See the caveats in the documentation: http://pandas.pydata.org/pandas-docs/stable/indexing.html#indexing-view-versus-copy
  df2['AreaSpace_SQFT'] = z2
/home/testapiuser/HouseApp_2/PricePrediction/ORPrice.py:271: SettingWithCopyWarning: 
A value is trying to be set on a copy of a slice from a DataFrame.
Try using .loc[row_indexer,col_indexer] = value instead

See the caveats in the documentation: http://pandas.pydata.org/pandas-docs/stable/indexing.html#indexing-view-versus-copy
  df2['AreaSpace_SQFT'] = df2['AreaSpace_SQFT'].astype(int)
/home/testapiuser/HouseApp_2/PricePrediction/ORPrice.py:283: SettingWithCopyWarning: 
A value is trying to be set on a copy of a slice from a DataFrame.
Try using .loc[row_indexer,col_indexer] = value instead

See the caveats in the documentation: http://pandas.pydata.org/pandas-docs/stable/indexing.html#indexing-view-versus-copy
  df2['Price'] = z1
/home/testapiuser/HouseApp_2/PricePrediction/ORPrice.py:290: SettingWithCopyWarning: 
A value is trying to be set on a copy of a slice from a DataFrame.
Try using .loc[row_indexer,col_indexer] = value instead

See the caveats in the documentation: http://pandas.pydata.org/pandas-docs/stable/indexing.html#indexing-view-versus-copy
  df2['AreaSpace_SQFT'] = z2
/home/testapiuser/HouseApp_2/PricePrediction/ORPrice.py:271: SettingWithCopyWarning: 
A value is trying to be set on a copy of a slice from a DataFrame.
Try using .loc[row_indexer,col_indexer] = value instead

See the caveats in the documentation: http://pandas.pydata.org/pandas-docs/stable/indexing.html#indexing-view-versus-copy
  df2['AreaSpace_SQFT'] = df2['AreaSpace_SQFT'].astype(int)
/home/testapiuser/HouseApp_2/PricePrediction/ORPrice.py:283: SettingWithCopyWarning: 
A value is trying to be set on a copy of a slice from a DataFrame.
Try using .loc[row_indexer,col_indexer] = value instead

See the caveats in the documentation: http://pandas.pydata.org/pandas-docs/stable/indexing.html#indexing-view-versus-copy
  df2['Price'] = z1
/home/testapiuser/HouseApp_2/PricePrediction/ORPrice.py:290: SettingWithCopyWarning: 
A value is trying to be set on a copy of a slice from a DataFrame.
Try using .loc[row_indexer,col_indexer] = value instead

See the caveats in the documentation: http://pandas.pydata.org/pandas-docs/stable/indexing.html#indexing-view-versus-copy
  df2['AreaSpace_SQFT'] = z2
/home/testapiuser/HouseApp_2/PricePrediction/ORPrice.py:271: SettingWithCopyWarning: 
A value is trying to be set on a copy of a slice from a DataFrame.
Try using .loc[row_indexer,col_indexer] = value instead

See the caveats in the documentation: http://pandas.pydata.org/pandas-docs/stable/indexing.html#indexing-view-versus-copy
  df2['AreaSpace_SQFT'] = df2['AreaSpace_SQFT'].astype(int)
/home/testapiuser/HouseApp_2/PricePrediction/ORPrice.py:283: SettingWithCopyWarning: 
A value is trying to be set on a copy of a slice from a DataFrame.
Try using .loc[row_indexer,col_indexer] = value instead

See the caveats in the documentation: http://pandas.pydata.org/pandas-docs/stable/indexing.html#indexing-view-versus-copy
  df2['Price'] = z1
/home/testapiuser/HouseApp_2/PricePrediction/ORPrice.py:290: SettingWithCopyWarning: 
A value is trying to be set on a copy of a slice from a DataFrame.
Try using .loc[row_indexer,col_indexer] = value instead

See the caveats in the documentation: http://pandas.pydata.org/pandas-docs/stable/indexing.html#indexing-view-versus-copy
  df2['AreaSpace_SQFT'] = z2
/home/testapiuser/HouseApp_2/PricePrediction/ORPrice.py:271: SettingWithCopyWarning: 
A value is trying to be set on a copy of a slice from a DataFrame.
Try using .loc[row_indexer,col_indexer] = value instead

See the caveats in the documentation: http://pandas.pydata.org/pandas-docs/stable/indexing.html#indexing-view-versus-copy
  df2['AreaSpace_SQFT'] = df2['AreaSpace_SQFT'].astype(int)
/home/testapiuser/HouseApp_2/PricePrediction/ORPrice.py:283: SettingWithCopyWarning: 
A value is trying to be set on a copy of a slice from a DataFrame.
Try using .loc[row_indexer,col_indexer] = value instead

See the caveats in the documentation: http://pandas.pydata.org/pandas-docs/stable/indexing.html#indexing-view-versus-copy
  df2['Price'] = z1
/home/testapiuser/HouseApp_2/PricePrediction/ORPrice.py:290: SettingWithCopyWarning: 
A value is trying to be set on a copy of a slice from a DataFrame.
Try using .loc[row_indexer,col_indexer] = value instead

See the caveats in the documentation: http://pandas.pydata.org/pandas-docs/stable/indexing.html#indexing-view-versus-copy
  df2['AreaSpace_SQFT'] = z2
/home/testapiuser/HouseApp_2/PricePrediction/ORPrice.py:271: SettingWithCopyWarning: 
A value is trying to be set on a copy of a slice from a DataFrame.
Try using .loc[row_indexer,col_indexer] = value instead

See the caveats in the documentation: http://pandas.pydata.org/pandas-docs/stable/indexing.html#indexing-view-versus-copy
  df2['AreaSpace_SQFT'] = df2['AreaSpace_SQFT'].astype(int)
/home/testapiuser/HouseApp_2/PricePrediction/ORPrice.py:283: SettingWithCopyWarning: 
A value is trying to be set on a copy of a slice from a DataFrame.
Try using .loc[row_indexer,col_indexer] = value instead

See the caveats in the documentation: http://pandas.pydata.org/pandas-docs/stable/indexing.html#indexing-view-versus-copy
  df2['Price'] = z1
/home/testapiuser/HouseApp_2/PricePrediction/ORPrice.py:290: SettingWithCopyWarning: 
A value is trying to be set on a copy of a slice from a DataFrame.
Try using .loc[row_indexer,col_indexer] = value instead

See the caveats in the documentation: http://pandas.pydata.org/pandas-docs/stable/indexing.html#indexing-view-versus-copy
  df2['AreaSpace_SQFT'] = z2
/home/testapiuser/HouseApp_2/PricePrediction/ORPrice.py:271: SettingWithCopyWarning: 
A value is trying to be set on a copy of a slice from a DataFrame.
Try using .loc[row_indexer,col_indexer] = value instead

See the caveats in the documentation: http://pandas.pydata.org/pandas-docs/stable/indexing.html#indexing-view-versus-copy
  df2['AreaSpace_SQFT'] = df2['AreaSpace_SQFT'].astype(int)
/home/testapiuser/HouseApp_2/PricePrediction/ORPrice.py:283: SettingWithCopyWarning: 
A value is trying to be set on a copy of a slice from a DataFrame.
Try using .loc[row_indexer,col_indexer] = value instead

See the caveats in the documentation: http://pandas.pydata.org/pandas-docs/stable/indexing.html#indexing-view-versus-copy
  df2['Price'] = z1
/home/testapiuser/HouseApp_2/PricePrediction/ORPrice.py:290: SettingWithCopyWarning: 
A value is trying to be set on a copy of a slice from a DataFrame.
Try using .loc[row_indexer,col_indexer] = value instead

See the caveats in the documentation: http://pandas.pydata.org/pandas-docs/stable/indexing.html#indexing-view-versus-copy
  df2['AreaSpace_SQFT'] = z2

p:  562000.4440438943
5d478618bfd80d898b9779f0
p:  451975.6536455461
5d478860bfd80d898b9779f1
p:  572981.9674782786
5d47887c5a8edbf3cf97799d
p:  513176.10973091936
5d478b2d58e7ac95be977977
p:  409534.56725216424
5d478b9058e7ac95be977978
p:  535025.6046377445
5d478c1e18f3ebee49977974
p:  431525.7506322649
5d478dc1cfbbe242d9977964
p:  397934.98184924043
5d478dffbb4f9b51cd9779ae
p:  608296.0654621206
5d478e38a57f2e83ff97798b
p:  623203.6649865212
5d478ee6c75072816097798d
p:  316671.6542872913
5d478f177fad388d97977962
p:  599476.7708944798
5d478f47c75072816097798e
p:  266129.5570717481
5d478f5fcfbbe242d9977968
p:  353598.87647787284
5d478f74bfd80d898b9779f7
p:  395750.7298741572
5d47903318f3ebee49977979
p:  813750.796494378
5d47906f7fad388d97977964
p:  301216.38940721465
5d4790db3bf149c807977959
p:  353349.1875438958
5d47910d58e7ac95be97797d
p:  751219.0472112598
5d47916fc11f5d8b509779c4
p:  405676.76423533505
5d479205c11f5d8b509779c5
p:  313920.9017415588
5d479236ea932acd95977981
p:  313274.87982015
5d4792b018f3ebee4997797a
p:  436574.28288134147
5d4793475a8edbf3cf9779a5
p:  447410.80538061773
5d47941b5a8edbf3cf9779a6
p:  304341.28163173527
5d47942f780e5e9397977985
p:  593206.0408134721
5d47943758e7ac95be977980
p:  520067.8479029017
5d47943e7fad388d97977967
p:  469078.77993137896
5d4794c4cfbbe242d997796c
p:  212765.40618721972
5d4794c4c750728160977990
p:  389912.10525173554
5d47958e603eaf3845977991
p:  320430.1896660569
5d479633bfd80d898b9779fc
p:  410680.6662753833
5d479636098bdf91869779a7
p:  577254.6852968244
5d47968d3bf149c80797795d
p:  363289.7240891397
5d4797a618f3ebee4997797d
p:  291345.49691956304
5d4798203bf149c80797795f
p:  414567.6206333579
5d47983a18f3ebee4997797e
p:  368580.8141932549
5d47992518f3ebee4997797f
p:  547328.4302840822
5d4799a5c11f5d8b509779cd
p:  328609.8332140896
5d479a3da57f2e83ff977994
p:  486996.981439494
5d479a96e57b560e2a9779de
p:  399999.62151697464
5d479aa9c11f5d8b509779ce
p:  351605.5561349909
5d479ab9c750728160977992
p:  326986.91783370473
5d479b13a57f2e83ff977995
p:  360110.29605721775
5d479b6d7fad388d9797796b
p:  605597.835295988
5d479c4b5a8edbf3cf9779ac
p:  269460.1193926999
5d479ce7603eaf3845977995
p:  308493.28767485893
5d479d02c750728160977993
p:  363421.3284811366
5d479d0ebfd80d898b977a03
p:  342951.932560373
5d479d9ba57f2e83ff977997
p:  502730.3956122239
5d479d9f603eaf3845977996
p:  460771.92228210845
5d479da658e7ac95be977987
p:  773139.1549178993
5d47a085780e5e9397977990
p:  295716.3958422312
5d47a0e2cfbbe242d9977977
p:  303266.38452254224
5d47a143ea932acd95977988
p:  311865.504884389
5d47a2677fad388d97977970
p:  344522.3070228775
5d47a2ad7fad388d97977971
p:  652216.3521087398
5d47a37d7fad388d97977972
p:  545280.2547144115
5d47a3c15a8edbf3cf9779b1
p:  696815.6732132323
5d47a3e5603eaf38459779a0
p:  236248.4579843107
5d47a455603eaf38459779a1
p:  222125.73889623268
5d47a4ab7fad388d97977973
p:  607118.227168755
5d47a4f2a57f2e83ff97799d
p:  612747.9374721831
5d47a51dcfbbe242d997797d
p:  290673.4125392679
5d47a58cea932acd9597798b
p:  330501.0508146018
5d47a5bc603eaf38459779a2
p:  284051.6063632049
5d47a61b58e7ac95be97798f
p:  421864.6206019283
5d47a7fd18f3ebee4997798f
p:  260697.20791807535
5d47a82fa57f2e83ff9779a0
p:  676157.1805815785
5d47a9fd18f3ebee49977990
p:  578122.2158703536
5d47aae9a57f2e83ff9779a2
p:  327336.5981976257
5d47ab1e18f3ebee49977991
p:  450353.06501331454
5d47ab46603eaf38459779a5
p:  223401.83968732101
5d47abb518f3ebee49977992
p:  383206.84242540004
5d47ac0618f3ebee49977993
p:  366060.07890973234
5d47ac4b5a8edbf3cf9779b8
p:  716728.0121697425
5d47ad66a57f2e83ff9779a4
p:  595429.5095569849
5d47ae20e57b560e2a9779ef
p:  322899.85172869754
5d47aecfa57f2e83ff9779a5
p:  485230.08707985457
5d47b239c11f5d8b509779e4
p:  462031.34030666464
5d47b30c098bdf91869779c2
p:  392035.3671464144
5d47b40da57f2e83ff9779a9
p:  577001.6111775973
5d47b4e2bb4f9b51cd9779ca
p:  427349.7500299002
5d47b525780e5e93979779a3
p:  377282.94206174335
5d47b5e4bfd80d898b977a17
p:  266717.25945348793
5d47b79ae57b560e2a9779fa
p:  311204.23836779373
5d47b872c11f5d8b509779ea
p:  395624.6394743023
5d47b9a818f3ebee499779a0
p:  531707.0635498925
5d47ba70ea932acd9597799e
p:  397959.91528949427
5d47bae7bb4f9b51cd9779ce
p:  616365.345274671
5d47bbdb18f3ebee499779a2
p:  552999.1670199768
5d47bc25bfd80d898b977a1c
p:  188482.5838836481
5d47bc5618f3ebee499779a4
p:  650512.9635051917
5d47bc9b18f3ebee499779a5
p:  149101.7566908752
5d47bd20a57f2e83ff9779ab
p:  409120.63974856795
5d47bd6bc7507281609779a9
p:  305430.3172805784
5d47bdf6a57f2e83ff9779ac
p:  880169.0834368425
5d47bf6b575cf2b3f29779a8
p:  248452.90558819997
5d47bf8618f3ebee499779a6
p:  220982.30244183814
5d47c040603eaf38459779b9
p:  234296.8057136956
5d47c04c18f3ebee499779a7
p:  453977.1156278006
5d47c0ddc7507281609779ac
p:  252548.36800974578
5d47c0e718f3ebee499779a8
p:  589562.2848437217
5d47c3d8a57f2e83ff9779b0
p:  407541.2715835264
5d47c42e18f3ebee499779aa
p:  398864.8208831576
5d47c61a58e7ac95be9779a7
p:  393859.25893587654
5d47c6d518f3ebee499779ad
p:  442739.6767328667
5d47c769cfbbe242d997799c
p:  216948.14527141344
5d47c9cbbfd80d898b977a28
p:  286450.81056611065
5d47c9d3098bdf91869779d2
p:  307912.0365068163
5d47cc01a57f2e83ff9779b6
p:  585966.8234007119
5d47cd48a57f2e83ff9779b8
p:  403649.08985727676
5d47d0d9a57f2e83ff9779bc
p:  413543.8008041498
5d47d41058e7ac95be9779b0
p:  254176.6335576077
5d47d51318f3ebee499779b6
p:  552961.5382991562
5d47dd1118f3ebee499779be
p:  713413.7588777033
5d47dd2058e7ac95be9779c2
p:  279330.7666115108
5d47de4418f3ebee499779bf
p:  573719.6209301418
5d47e0ca58e7ac95be9779c5
p:  314961.67223748966
5d47e482c7507281609779c4
p:  258607.12844277424
5d47e4c958e7ac95be9779c9
p:  216452.12403449917
5d47e6b358e7ac95be9779ca
p:  216452.12403449917
5d47e6f218f3ebee499779c8
p:  545783.9977396365
5d47e7a418f3ebee499779c9
p:  237778.551518421
5d47e8c918f3ebee499779ca
p:  538890.4312908892
5d47edc1a57f2e83ff9779d5
p:  447924.6710944575
5d47f19ca57f2e83ff9779e2
p:  489704.0366018362
5d47f220e57b560e2a977a2a
p:  210834.64822288736
5d47f42318f3ebee499779d6
p:  198505.3941026417
5d47f5d518f3ebee499779d9
p:  1023478.1393552748
5d47f6b75a8edbf3cf9779f1
p:  662148.6894316374
5d47f6e118f3ebee499779db
p:  360613.07142161496
5d47f724098bdf91869779f7
p:  254979.23942985284
5d47fc343bf149c807977a29
p:  218085.6915496165
5d47fd433bf149c807977a2c
p:  247636.227494121
5d47fd5a5a8edbf3cf9779f6
p:  281806.315280271
5d47fe0818f3ebee499779e3
p:  343388.8949762785
5d47ff0118f3ebee499779e4
p:  649064.0136371409
5d47ff3d780e5e93979779ea
p:  317071.4583040242
5d481b21a57f2e83ff977a02
p:  508362.25298787747
5d4822f158e7ac95be9779f4
p:  330859.9085951546
5d4823e958e7ac95be9779f7
p:  410416.5228806302
5d4826ef3bf149c807977a54
p:  271135.07606995176
5d4829cd3bf149c807977a59
p:  456476.7546480392
5d48348f18f3ebee49977a0f
p:  539044.3022579162
5d4834b9098bdf9186977a31
p:  227698.03380789928
5d48352ebfd80d898b977a7b
p:  310457.7583274405
5d48595318f3ebee49977a2c
p:  380737.2971842484
5d485a0b18f3ebee49977a2d
p:  578122.2158703536
5d4881b118f3ebee49977a4b
p:  665756.3825693005
For ['Gilliam', 'Grant', 'Harney', 'Hood River', 'Modoc', 'Morrow', 'Sherman', 'Wallowa', 'Wasco', 'Wheeler']#################################################################
train score for random_forest: 0.8727985427769044
test score for random_forest: -0.16699246210152263
The mean absolute error is:$ 277857.289209845
r_Score: -0.35278720410680653
Voting Regressor (in): 0.9839437451350611
Voting Regressor: -0.3527872041068065
5d3e9306f046cd7a6407b626
p:  447373.0500732649
5d4688f5bb4f9b51cd977899
p:  890310.6384023407
5d4691a45a8edbf3cf9778a2
p:  357611.1313699307
5d46943ebb4f9b51cd9778a3
p:  654299.8208858575
5d4695713bf149c8079778ab
p:  322713.1664010385
5d469d4cbb4f9b51cd9778b1
p:  1176998.4838534093
5d46a67f5a8edbf3cf9778b5
p:  417071.54523952043
5d46a7c95a8edbf3cf9778bb
p:  306784.6867341049
5d46ae9f5a8edbf3cf9778c4
p:  291705.45610602206
5d46b4745a8edbf3cf9778c7
p:  272744.9702065722
5d493c76c11f5d8b50977b44
p:  156926.05767040874
5d496a19ea932acd95977b3d
p:  736044.576887623
Current date and time: 2020-06-08 15:34:11
Successfully connect to DB.
For ['Baker', 'Union', 'Malheur', 'Umatilla', 'Deschutes', 'Crook', 'Jefferson']#################################################################
train score for random_forest: 0.9304161860173976
test score for random_forest: 0.5203723993628948
The mean absolute error is:$ 143803.798755188
r_Score: 0.5346509452018755
Voting Regressor (in): 0.9591950776444231
Voting Regressor: 0.5346509452018755
5d298145199bf96b6045acae
p:  326531.9807418924
5d48e29a7fad388d97977a86
p:  372297.44577926863
5d48e360cfbbe242d9977aa6
p:  478289.2664820922
5d48e4b85a8edbf3cf977acd
p:  390262.0515801269
5d48e65c5a8edbf3cf977ad2
p:  415329.87118663936
5d48e6f05a8edbf3cf977ad4
p:  405518.02503259655
5d48e70f7fad388d97977a88
p:  326703.183715133
5d48e8c27fad388d97977a89
p:  459536.06669024384
5d48ea557fad388d97977a8b
p:  414701.75366197835
5d48eba55a8edbf3cf977ade
p:  686687.791626503
5d48ed42cfbbe242d9977aac
p:  395924.48151951673
5d48ed6b7fad388d97977a8f
p:  525922.4970501538
5d48ede4cfbbe242d9977aad
p:  375706.64542191406
5d48efc45a8edbf3cf977aeb
p:  361937.8092453265
5d48f0b07fad388d97977a91
p:  595322.0040090068
5d48f0ffcfbbe242d9977ab0
p:  222360.84156000742
5d48fa32cfbbe242d9977ab6
p:  526575.7111707176
5d4902097fad388d97977aa0
p:  404785.21526217734
5d4903527fad388d97977aa1
p:  543237.5033005021
5d490571cfbbe242d9977abf
p:  377379.8958880564
5d49065f5a8edbf3cf977b1d
p:  412166.42893890897
5d490699bfd80d898b977b49
p:  135437.63522796053
5d4906efcfbbe242d9977ac0
p:  344319.72497633996
5d490872cfbbe242d9977ac2
p:  308987.0377629911
5d490b49ebf708c16b977aa6
p:  308470.6854036425
5d490ed27fad388d97977aac
p:  290738.46643306024
5d4910fd58e7ac95be977ae9
p:  308152.7093559795
5d4912c5cfbbe242d9977acb
p:  391102.4497885152
5d4914e3603eaf3845977b64
p:  494988.6268142501
5d491603603eaf3845977b69
p:  507448.06774735986
5d4916de58e7ac95be977aed
p:  339080.37870437634
5d4918d7bfd80d898b977b53
p:  302966.3552920018
5d491a81cfbbe242d9977ad1
p:  460962.6716726413
5d491bac3bf149c807977b6c
p:  341746.1468863894
5d491c68cfbbe242d9977ad3
p:  569718.5857342225
5d491ee8a57f2e83ff977b37
p:  339273.5949758766
5d491f0cbfd80d898b977b5b
p:  236465.45284916475
5d49219f7fad388d97977abd
p:  374936.91656729684
5d4922a5a57f2e83ff977b3c
p:  211845.4251463206
5d4922e058e7ac95be977af9
p:  329760.1213668924
5d492344ea932acd95977af9
p:  258024.26549302577
5d4923a65a8edbf3cf977b36
p:  389848.89035853464
5d4925ea7fad388d97977ac0
p:  396355.18565920444
5d4925eecfbbe242d9977ad8
p:  455532.3710990102
5d4926c67fad388d97977ac1
p:  473046.88648960984
5d49273fa57f2e83ff977b3f
p:  343847.90617332456
5d4929627fad388d97977ac5
p:  393706.6317833378
5d492ba9ebf708c16b977abd
p:  347402.30748994485
5d492e8b7fad388d97977ac8
p:  356719.80394561455
5d492f45bb4f9b51cd977b21
p:  252089.14440480265
5d4933277fad388d97977acc
p:  1918126.1529878543
5d49388d7fad388d97977acf
p:  389986.7410305544
5d493bbd7fad388d97977ad4
p:  389986.7410305544
5d493deacfbbe242d9977ae5
p:  389474.4434275979
5d494100603eaf3845977b92
p:  446612.0938790885
5d49422ec11f5d8b50977b49
p:  258538.33320626826
5d4945d73bf149c807977b92
p:  485212.45818523096
5d494a117fad388d97977adf
p:  349689.8196803002
5d4952563bf149c807977b9a
p:  216011.8803502052
5d4957dacfbbe242d9977aff
p:  243740.36725016043
5d49592318f3ebee49977b16
p:  102547.44465873149
5d495bb258e7ac95be977b23
p:  268102.4793552082
5d495be318f3ebee49977b1b
p:  85222.08430936864
5d495cbd58e7ac95be977b26
p:  501593.4088742245
5d495dfe18f3ebee49977b1c
p:  102547.44465873149
5d495fc958e7ac95be977b2a
p:  380343.2232373515
5d4962ba7fad388d97977af2
p:  506371.2284219039
5d4965f9c750728160977b12
p:  741775.1835938833
5d49663318f3ebee49977b28
p:  253516.7923684137
5d4968ab7fad388d97977af8
p:  520472.4846372843
5d4969ffc750728160977b14
p:  873622.8673672343
5d4975ee58e7ac95be977b44
p:  407343.4599592067
5d49781258e7ac95be977b46
p:  292504.23202207324
5d49789858e7ac95be977b48
p:  235845.65599374793
5d497b0858e7ac95be977b4c
p:  220045.36564863916
5d4981267fad388d97977b13
p:  409356.91149082716
5d49817f58e7ac95be977b59
p:  296323.70443733013
5d49874258e7ac95be977b63
p:  333764.22379707603
5d4988bd58e7ac95be977b67
p:  312047.1465891355
5d4999877fad388d97977b32
p:  468045.554975172
5d499ba77fad388d97977b36
p:  466856.6622831279
5d499d207fad388d97977b39
p:  565217.8466181846
5d499e9d58e7ac95be977b8d
p:  340892.9392869853
5d49bb1258e7ac95be977bc6
p:  299598.5525116669
5d49cd1858e7ac95be977be8
p:  214388.55378046352
For ['Clatsop', 'Tillamook', 'Columbia']#################################################################
train score for random_forest: 0.8675642236112097
test score for random_forest: 0.08350233828996943
The mean absolute error is:$ 255780.72909895028
r_Score: -0.04468299356010852
Voting Regressor (in): 0.9721214890187939
Voting Regressor: -0.04468299356010852
5d469fbb603eaf38459778a6
p:  246591.20060668068
5d46a60eea932acd959778b3
p:  380933.0559361817
5d46a662575cf2b3f29778a9
p:  309892.594898705
5d46af09ea932acd959778bb
p:  449048.405982508
5d46b63e575cf2b3f29778b3
p:  279281.2948832375
5d46bd82575cf2b3f29778b6
p:  293523.97250456235
5d46c665575cf2b3f29778ba
p:  220810.35804258345
5d46c74bc7507281609778e0
p:  418589.44822067884
5d46c7b3c7507281609778e1
p:  373686.1946318683
5d46d898575cf2b3f29778ca
p:  1528447.387885149
5d46e72dc750728160977903
p:  386775.5997269435
5d46f5e1575cf2b3f29778ea
p:  259680.0114214247
5d47010e575cf2b3f29778f5
p:  253406.0208423559
5d4706a0cfbbe242d99778fc
p:  265156.1196309558
5d471307bfd80d898b977984
p:  764198.7615558717
5d4716eb575cf2b3f297790d
p:  440596.18230387184
5d471e08575cf2b3f2977913
p:  386939.9302479822
For ['Josephine', 'Jackson', 'Klamath', 'Lake', 'Coos', 'Curry']#################################################################
train score for random_forest: 0.8915684338654584
test score for random_forest: 0.412535730837286
The mean absolute error is:$ 164586.6961474704
r_Score: 0.4299352858223249
Voting Regressor (in): 0.9162368710957497
Voting Regressor: 0.4299352858223249
5d19b42ea22b896835d02eaa
p:  306087.9404696225
5d34dbdf18f8dde30a0abcde
p:  247623.16682541417
5d45bb0ff6b4c2439b8b2114
p:  293222.6272107066
5d4850aac11f5d8b50977a68
p:  257046.11129158956
5d488203098bdf9186977a93
p:  403379.26223587064
5d488cd1098bdf9186977a9d
p:  408172.35673436127
5d488ea558e7ac95be977a6a
p:  201290.1204289415
5d48a665603eaf3845977a80
p:  350675.3632765253
5d48a66ac11f5d8b50977ab7
p:  615569.4887240861
5d48a7a9603eaf3845977a85
p:  223509.25982185348
5d48a8a8098bdf9186977aae
p:  364076.25029573264
5d48a902e57b560e2a977ae3
p:  277780.4170345439
5d48aadce57b560e2a977ae6
p:  254324.11380420168
5d48ad80603eaf3845977a98
p:  270405.8419469505
5d48ae13098bdf9186977ab3
p:  374160.4704244364
5d48aeb8098bdf9186977ab4
p:  305133.2653140626
5d48af48098bdf9186977ab5
p:  444005.1911568084
5d48b045098bdf9186977ab6
p:  696724.9821226888
5d48b0fa603eaf3845977aa4
p:  338925.4959700273
5d48b14b603eaf3845977aa6
p:  204249.58782127034
5d48b464bfd80d898b977aea
p:  464357.08429008094
5d48b4eebfd80d898b977aeb
p:  348173.79826031637
5d48b614780e5e9397977adc
p:  229188.83207167275
5d48b6d7098bdf9186977abf
p:  365323.22747477645
5d48b8e0780e5e9397977adf
p:  274122.90268705273
5d48ba01c750728160977a78
p:  273761.31460197904
5d48ba4e098bdf9186977ac4
p:  735953.477513584
5d48bf42098bdf9186977acb
p:  303982.2570456851
5d48c3cf603eaf3845977ae4
p:  239063.27008553594
5d48c3f418f3ebee49977a82
p:  381897.3267969005
5d48c58c780e5e9397977ae9
p:  335036.7223023494
5d48c69e098bdf9186977ad6
p:  304270.74411636003
5d48c9a7c750728160977a82
p:  193358.01090016565
5d48c9bd098bdf9186977ade
p:  564875.7696902041
5d48ca665a8edbf3cf977a9f
p:  340951.7139876138
5d48cb6e5a8edbf3cf977aa0
p:  625194.2599123727
5d48ccd25a8edbf3cf977aa3
p:  448194.169056547
5d48cd7f780e5e9397977aee
p:  379859.3011228629
5d48cdccc11f5d8b50977ade
p:  328835.3765671433
5d48ce78c750728160977a86
p:  227858.11060995143
5d48d1f018f3ebee49977a8f
p:  308534.6272107066
5d48d2eabfd80d898b977b0d
p:  679551.8772828949
5d48d31e575cf2b3f2977a92
p:  119169.95952090924
5d48d44f780e5e9397977af6
p:  293084.45615730924
5d48d4b25a8edbf3cf977aa8
p:  397477.4793687559
5d48d4b7e57b560e2a977b05
p:  122695.141017244
5d48d823575cf2b3f2977a99
p:  342017.14261244354
5d48db0e098bdf9186977aef
p:  553780.9545274726
5d48dc3418f3ebee49977a99
p:  389176.5662396534
5d48ddd0e57b560e2a977b0e
p:  148701.71991576545
5d48e0f718f3ebee49977a9d
p:  346993.67900971207
5d48e168c11f5d8b50977af7
p:  370600.01141688833
5d48e4ea18f3ebee49977aa1
p:  347666.20958854316
5d48e64d575cf2b3f2977aa7
p:  233488.39016630582
5d48e66de57b560e2a977b17
p:  92407.13914254913
5d48eb1d575cf2b3f2977aad
p:  98352.70202264836
5d48eca0e57b560e2a977b1d
p: 