Current date and time: 2020-06-07 15:34:19
Successfully connect to DB.
For ['Erie', 'Crawford', 'Mercer', 'Venango']#################################################################
train score for random_forest: 0.9367112464993199
test score for random_forest: 0.47606346200704275
The mean absolute error is:$ 70189.28048928946
r_Score: 0.49622914778517
Voting Regressor (in): 0.9544396461500139
Voting Regressor: 0.49622914778517
5d1cbebae9a67db486efbd05
p:  123288.38898547213
5d1cbfa7e9a67db486efbd08
p:  90937.59831116609
5d1cc10ee9a67db486efbd0b
p:  89420.62278302258
5d1cc9e33f24444e47efbcf2
p:  88248.96251733997
5d1ccb063f24444e47efbcf3
p:  100734.48463281011
5d1ccc4d173a5e63bbefbd07
p:  108742.08325682627
5d1ccdbb9d44df9da0efbdb6
p:  80125.65130406147
5d1ccebc3f24444e47efbcf8
p:  88248.96251733997
5d1ccef53f24444e47efbcf9
p:  88248.96251733997
5d1ccf69173a5e63bbefbd0b
p:  109784.46497021853
5d1cd153173a5e63bbefbd0d
p:  103020.8715231728
5d1cd3169d44df9da0efbdbf
p:  105084.02437983413
5d1cd45fe9a67db486efbd28
p:  164935.9427676173
5d1cd51a9d44df9da0efbdc6
p:  97995.62632843235
5d1cd5a93f24444e47efbd07
p:  76565.56354322382
5d1cd6859d44df9da0efbdc9
p:  97995.62632843235
5d1cd6da1b803fbd97efbd81
p:  78235.90227830698
5d1cdbea3f24444e47efbd11
p:  134362.64119003047
5d1ce25b9d44df9da0efbdd8
p:  102721.94640611333
5d1ce2d3cb0fc72085efbe2c
p:  48194.19506665332
5d1ce5073f24444e47efbd20
p:  76565.56354322382
5d1ce7da9d44df9da0efbde3
p:  97995.62632843235
5d1ce858a38bc94b8eefbdb6
p:  117816.64882406768
5d1ce8d29d44df9da0efbde4
p:  94970.85636512967
5d1ceb75a38bc94b8eefbdbf
p:  143323.14631465945
5d1cedb4cb0fc72085efbe54
p:  106453.14304519989
5d1cf1a7a38bc94b8eefbdd3
p:  48394.9861856938
5d1cf1c5dbebfd779eefbe3d
p:  88256.74104875895
5d1cf38b3e89ac66d6efbed0
p:  165206.60015845002
5d1cf3dd3e89ac66d6efbed3
p:  150518.52312179888
5d1cf5393f24444e47efbd3b
p:  125987.3268842654
5d1cf5a33e89ac66d6efbeda
p:  117856.20366904551
5d1cf7bfdbebfd779eefbe53
p:  370635.54448346805
5d1cf7ffdbebfd779eefbe54
p:  131533.96760612362
5d1cf83edbebfd779eefbe55
p:  93099.91853033271
5d1cf8413e89ac66d6efbee8
p:  184735.102243033
5d1cf910dbebfd779eefbe58
p:  96245.88352602383
5d1cf932173a5e63bbefbd44
p:  100635.87112224905
5d1cf9531b803fbd97efbdbd
p:  140002.46553226755
5d1cf9921b803fbd97efbdbe
p:  138979.429322984
5d1cfa903f24444e47efbd40
p:  126713.89073524528
5d1cfc6d3e89ac66d6efbef2
p:  121993.02251788635
5d1cfe7ebedd19d16befbd63
p:  73149.5529389411
5d1cfef3cb0fc72085efbe82
p:  141605.99444506865
5d1cff0ad2d19febacefbd93
p:  142073.5568044565
5d1cff0e99af182c90efbdb8
p:  90933.55108043455
5d1cff29b3205d6f98efbe34
p:  229917.6969067721
5d1cff3dcb0fc72085efbe83
p:  123965.07870612216
5d1cffa1e9a67db486efbd88
p:  64850.91910034065
5d1cffb4bedd19d16befbd65
p:  67181.9904127887
5d1d005db3205d6f98efbe35
p:  61311.4441249896
5d1d018da38bc94b8eefbe09
p:  67774.51939935064
5d1d01b6173a5e63bbefbd5b
p:  232337.3050757803
5d1d025ebedd19d16befbd6a
p:  29026.159422188102
5d1d030f3f24444e47efbd51
p:  118785.9296336769
5d1d032e3f24444e47efbd52
p:  129084.10457513112
5d1d03321b803fbd97efbdcf
p:  117675.28987742939
5d1d03490a1cbc8e6fefbe58
p:  121563.47330466035
5d1d03c299af182c90efbdbd
p:  72654.52997025553
5d1d03e3b3205d6f98efbe39
p:  55532.89940303513
5d1d040c3f24444e47efbd56
p:  106146.77262717986
5d1d041a0a1cbc8e6fefbe59
p:  115549.48773375888
5d1d044499af182c90efbdbe
p:  81459.35872954468
5d1d0529b3205d6f98efbe3d
p:  32384.461555449434
5d1d05b9b3205d6f98efbe3e
p:  107338.66181475711
5d1d06020a1cbc8e6fefbe5a
p:  92149.50244333796
5d1d060fbedd19d16befbd6d
p:  45767.451093771946
5d1d060f173a5e63bbefbd64
p:  169413.76707957097
5d1d06c599af182c90efbdc1
p:  96801.57476752155
5d1d076abedd19d16befbd6e
p:  179229.8685321525
5d1d07cd1b803fbd97efbdd4
p:  284414.36002579296
5d1d07f5173a5e63bbefbd67
p:  178528.0958843163
5d1d07fb9d44df9da0efbe1c
p:  102860.80772930532
5d1d083f1b803fbd97efbdd6
p:  92484.77264472179
5d1d08753e89ac66d6efbf0a
p:  49434.98524150098
5d1d08cf9d44df9da0efbe1f
p:  116371.33669641518
5d1d08f63f24444e47efbd61
p:  78949.42465425548
5d1d0a77e9a67db486efbd96
p:  105122.28207079234
5d1d0a8099af182c90efbdc8
p:  112072.26134565107
5d1d0af2e9a67db486efbd99
p:  123789.85315334084
5d1d0b19e9a67db486efbd9a
p:  114375.24797619588
5d1d0b283f24444e47efbd67
p:  144466.96935848508
5d1d0bd90a1cbc8e6fefbe60
p:  68148.66142776758
5d1d0c34e9a67db486efbda2
p:  88607.2479208736
5d1d0c3b3f24444e47efbd6a
p:  85749.35210993534
5d1d0c87e9a67db486efbda5
p:  79636.5915302386
5d1d0cffe9a67db486efbda9
p:  96368.09223133215
5d1d0d01dbebfd779eefbe77
p:  38897.81178279063
5d1d0d2b1b803fbd97efbdde
p:  228052.80141378706
5d1d0d2c0a1cbc8e6fefbe62
p:  72075.32871891654
5d1d0dca99af182c90efbdcc
p:  503509.4822565364
5d1d0e6ce9a67db486efbdb4
p:  79368.08511357411
5d1d0f3d9d44df9da0efbe2c
p:  130766.31470966723
5d1d0fa3173a5e63bbefbd73
p:  98985.40520266636
5d1d10870a1cbc8e6fefbe64
p:  116870.69111049265
5d1d11f4173a5e63bbefbd7a
p:  104691.20110154964
5d1d12e9173a5e63bbefbd84
p:  144325.79267278066
5d1d12f50a1cbc8e6fefbe68
p:  72941.20099703874
5d1d132e0a1cbc8e6fefbe6a
p:  108492.83396899267
5d1d14ba173a5e63bbefbd91
p:  103694.18881904654
5d1d15bf0a1cbc8e6fefbe6c
p:  105368.6128717332
5d1d16ec1b803fbd97efbde9
p:  118134.71936303744
5d1d17a2cb0fc72085efbe9d
p:  174537.6705243723
5d1d19b20a1cbc8e6fefbe6f
p:  95439.81716383624
5d1d1a4f3f24444e47efbd74
p:  241390.5219876722
5d1d1bf80a1cbc8e6fefbe74
p:  194283.23800478614
5d1d1e360a1cbc8e6fefbe7b
p:  72054.89618925746
5d1d1e590a1cbc8e6fefbe7d
p:  72941.20099703874
5d1d1eb80a1cbc8e6fefbe81
p:  68649.22700681482
5d1d1ee30a1cbc8e6fefbe83
p:  89422.0226775837
5d1d1eee1b803fbd97efbdfc
p:  118134.71936303744
5d1d22283f24444e47efbd7f
p:  96007.94262647897
5d26b018f327804804eb69e8
p:  100662.7088297069
5d26b180f327804804eb69eb
p:  73670.30771198405
5d26b2e74e01fc92f4eb6996
p:  86666.78786050456
5d26b3fbe98ff02697eb69db
p:  57834.70390418121
5d26b5b2e98ff02697eb69e1
p:  82266.4228944816
5d26b5f3e302509fefeb69a4
p:  97995.62632843235
5d26b752031e3d8d5eeb6988
p:  88248.96251733997
5d26b880f327804804eb6a15
p:  122201.6369497199
5d26b897e302509fefeb69a6
p:  108640.79320180643
5d26ba0be302509fefeb69a7
p:  146922.49568222076
5d26bb26e302509fefeb69ad
p:  180454.54255722076
5d26bb38031e3d8d5eeb698c
p:  88248.96251733997
5d26c147f327804804eb6a3e
p:  186436.7404405882
5d26c1f6e302509fefeb69b5
p:  102721.94640611333
5d26c2f8f327804804eb6a40
p:  37749.41502743587
5d26c377f327804804eb6a41
p:  128621.59327988871
5d26c44bf327804804eb6a42
p:  370635.54448346805
5d26c580be05cf7278eb69bc
p:  102014.51495307745
5d26c7ff94e0a3f486eb69ab
p:  176741.704888364
5d26cad1e302509fefeb69bf
p:  127679.83521671561
5d26cb356e569c6ff5eb69f5
p:  190578.27703476188
5d26cb66e302509fefeb69c0
p:  158056.80411100364
5d26cc446e569c6ff5eb69f7
p:  167858.2182537086
5d26cc4a031e3d8d5eeb69a5
p:  426151.64161356783
5d26cd5bbe05cf7278eb69ca
p:  102724.67026019422
5d26cf1ce302509fefeb69c6
p:  125295.49949895611
5d26cf2f7cf5c19ec8eb69e0
p:  74791.58956966375
5d26cf7addcb4129edeb69f2
p:  55573.8874096443
5d26d02b7cf5c19ec8eb69e2
p:  83751.10119849167
5d26d048ddcb4129edeb69f3
p:  110838.15358781192
5d26d0bae98ff02697eb6a10
p:  97801.93856834742
5d26d0d2b6bb94a547eb69fc
p:  87365.49376772218
5d26d0eaddcb4129edeb69f4
p:  165162.47596807685
5d26d145ddcb4129edeb69f5
p:  62709.084524122416
5d26d17db6bb94a547eb69fd
p:  59407.76402875333
5d26d1a9ddcb4129edeb69f6
p:  76189.82007371887
5d26d257b6bb94a547eb6a00
p:  103305.97249064743
5d26d2d3e98ff02697eb6a11
p:  83525.12270502941
5d26d342ddcb4129edeb69f7
p:  78710.96897206474
5d26d3e8e98ff02697eb6a15
p:  104691.20110154964
5d26d44eb6bb94a547eb6a04
p:  62635.000550528755
5d26d4dd73bf587d1aeb69d8
p:  91275.04063570395
5d26d52ff327804804eb6a55
p:  105233.14597079584
5d26d5877cf5c19ec8eb69e6
p:  107438.17217126835
5d26d59273bf587d1aeb69db
p:  96007.94262647897
5d26d5baddcb4129edeb69fa
p:  120683.055210344
5d26d5dbe98ff02697eb6a19
p:  150436.22994330755
5d26d618e302509fefeb69d2
p:  102070.61593269861
5d26d632b6bb94a547eb6a07
p:  104716.8972292524
5d26d684e302509fefeb69d3
p:  91900.067174962
5d26d6cbb6bb94a547eb6a08
p:  101111.20861147218
5d26d70eddcb4129edeb69fb
p:  97633.98205785759
5d26d79373bf587d1aeb69df
p:  363236.226588349
5d26d83fe302509fefeb69d6
p:  73273.67764771782
5d26d84d031e3d8d5eeb69bd
p:  31348.63819808646
5d26d93073bf587d1aeb69e3
p:  300844.6600795903
5d26d946031e3d8d5eeb69bf
p:  75757.60849669126
5d26d97d73bf587d1aeb69e4
p:  89231.3464710564
5d26d9c973bf587d1aeb69e5
p:  133491.03469347017
5d26d9d0ddcb4129edeb69fc
p:  65343.9822114733
5d26d9d4f327804804eb6a5b
p:  282701.8659507088
5d26da58ddcb4129edeb69fd
p:  81839.73112056611
5d26da58031e3d8d5eeb69c1
p:  38662.775358513805
5d26dc26e302509fefeb69dc
p:  105186.56789134169
5d26dcbc8641460b60eb69cf
p:  114119.62381243482
5d26dcde031e3d8d5eeb69c5
p:  119710.02190062222
5d26dd2be302509fefeb69de
p:  90155.48262970273
5d26dd4d7cf5c19ec8eb69f1
p:  61311.4441249896
5d26ddbc7cf5c19ec8eb69f2
p:  64638.83482791947
5d26df1c031e3d8d5eeb69c9
p:  198665.1377548297
5d26e2a6e302509fefeb69e9
p:  94470.81794099412
5d2cff48aa1ce31ade80b10b
p:  127937.89557105412
5d2f6c428b6c8df1a080b6a7
p:  79226.51547682143
For ['Elk', 'Warren', 'McKean', 'McKean', 'Potter', 'Potter', 'Clinton', 'Lycoming', 'Clearfield', 'Cameron', 'Clarion', 'Jefferson']#################################################################
train score for random_forest: 0.9120580959825882
test score for random_forest: 0.33354669960677236
The mean absolute error is:$ 72933.25785208735
r_Score: 0.3216260549526232
Voting Regressor (in): 0.9339054933790751
Voting Regressor: 0.3216260549526232
5d12d300b7ae3de20d8d6fa3
p:  120541.18858735228
5d1c80d83e89ac66d6efbd74
p:  96207.15006082835
5d1c811d173a5e63bbefbc9f
p:  78194.50551956471
5d1c820c3e89ac66d6efbd76
p:  67974.79768516545
5d1c826b173a5e63bbefbca1
p:  80838.6280789199
5d1c8448173a5e63bbefbca2
p:  71333.30996101385
5d1c84603e89ac66d6efbd7a
p:  85624.70461393107
5d1c8fcc173a5e63bbefbcb1
p:  48473.484177693565
5d1c933b3e89ac66d6efbd92
p:  67974.79768516545
5d1c9dd5a38bc94b8eefbd3e
p:  93826.44016094069
5d1cd528bedd19d16befbd2e
p:  77929.9752946719
5d1cd6e4bedd19d16befbd31
p:  68960.95785919168
5d1cdb55bedd19d16befbd35
p:  116710.01491577223
5d1cdb71bedd19d16befbd36
p:  92725.55307975449
5d1cdc1cbedd19d16befbd39
p:  88225.46595072259
5d1cdff23e89ac66d6efbe6e
p:  83182.46851817118
5d1cf171544e27061defbe48
p:  99576.0487519408
5d1cfd41544e27061defbe5d
p:  98785.47937887035
5d1d1ebad2d19febacefbdbb
p:  89348.36084749832
5d1d298d173a5e63bbefbdc1
p:  85669.36244923285
5d1d31681b803fbd97efbe3c
p:  99051.38562871024
5d1d32ee544e27061defbeb4
p:  84941.54198943195
5d1d36033f24444e47efbd9f
p:  83816.84209888303
5d1d378ae9a67db486efbe07
p:  80576.5946795056
5d1d37f0e9a67db486efbe09
p:  41150.44739515355
5d1d3bdee9a67db486efbe10
p:  97979.09989405258
5d1d40521b803fbd97efbe72
p:  131188.57178866497
5d1d42771b803fbd97efbe7a
p:  86698.56122533859
5d1e2a6f3e89ac66d6efc1b4
p:  105613.82066838075
5d1e2bb2173a5e63bbefbf77
p:  109634.85496998703
5d1e2bfd3e89ac66d6efc1b6
p:  168695.03906087167
5d1e2caf3e89ac66d6efc1b7
p:  88391.17230346272
5d1e2cc6173a5e63bbefbf79
p:  117600.86851804657
5d1e30393e89ac66d6efc1bd
p:  88391.17230346272
5d1e34a1173a5e63bbefbf83
p:  84073.1452131548
5d1e3526b3205d6f98efc0b4
p:  211627.78706116907
5d1e378fa38bc94b8eefc0ff
p:  163908.0893797034
5d1e37b9a38bc94b8eefc100
p:  222448.13102060845
5d1e37da173a5e63bbefbf89
p:  95187.82282538906
5d1e37dba38bc94b8eefc101
p:  222448.13102060845
5d1e37e1b3205d6f98efc0b8
p:  200418.59287185967
5d1e3b2ab3205d6f98efc0bc
p:  117052.42091793448
5d1e3b8199af182c90efbffc
p:  306392.67094351863
5d1e3ba1b3205d6f98efc0bd
p:  88509.01897561672
5d1e3c80544e27061defc077
p:  259119.36749558564
5d1e3cffb3205d6f98efc0be
p:  251866.44650350537
5d1e3d59173a5e63bbefbf90
p:  74196.46165092205
5d1e3e34a38bc94b8eefc126
p:  357527.9276342457
5d1e3ef2173a5e63bbefbf95
p:  121215.38146669467
5d1e3f21173a5e63bbefbf96
p:  128328.2970892562
5d1e4030173a5e63bbefbf9b
p:  79009.17256016583
5d1e4063173a5e63bbefbf9c
p:  74196.46165092205
5d1e423f173a5e63bbefbfa5
p:  72315.02166389808
5d1e437d173a5e63bbefbfac
p:  95223.00776125718
5d1e4450b3205d6f98efc0ca
p:  229095.18851235745
5d1e44c6b3205d6f98efc0cb
p:  94650.85571838959
5d1e462e173a5e63bbefbfbb
p:  123383.89033731804
5d1e4631544e27061defc089
p:  168759.40850530542
5d1e4714b3205d6f98efc0cd
p:  129791.28489212552
5d1e4736173a5e63bbefbfc0
p:  72315.02166389808
5d1e48d2173a5e63bbefbfc8
p:  103960.22905936642
5d1e4be1173a5e63bbefbfd8
p:  94946.9592230308
5d1e4cd3b3205d6f98efc0d3
p:  106961.95510931892
5d1e4d37173a5e63bbefbfdf
p:  157537.66539225576
5d1e4e33173a5e63bbefbfe4
p:  167325.2117438704
5d1e5222173a5e63bbefbff9
p:  52617.699564460505
5d1e534a173a5e63bbefc000
p:  74196.46165092205
5d1e5480173a5e63bbefc007
p:  169536.0049217216
5d1e54e3173a5e63bbefc009
p:  95187.82282538906
5d1e5774b3205d6f98efc0e6
p:  73047.39810011888
5d268ffb0ec08fa38feb6967
p:  74689.6815448247
5d2690680ec08fa38feb6968
p:  164559.378825912
5d26907b7cf5c19ec8eb696b
p:  68521.77249353018
5d269114e302509fefeb695a
p:  22866.884292099894
5d269163b6bb94a547eb6963
p:  53588.37770293967
5d2693ce94e0a3f486eb696c
p:  42286.843042747336
5d2695d794e0a3f486eb696f
p:  80838.6280789199
5d26a9320ec08fa38feb6984
p:  52330.216835065854
5d26ba5e7cf5c19ec8eb69bb
p:  53852.209251999215
5d26bac37cf5c19ec8eb69bd
p:  77416.53191789446
5d26bec66e569c6ff5eb69e5
p:  207417.92005589977
5d26c07694e0a3f486eb69a0
p:  80814.8921901522
5d26c0a17cf5c19ec8eb69ca
p:  80814.8921901522
5d26e67be98ff02697eb6a2e
p:  88095.05595084722
5d26e82e8641460b60eb69e0
p:  253088.69859480578
5d26e96be98ff02697eb6a2f
p:  67685.93210652896
5d26ecb9ddcb4129edeb6a11
p:  76063.28415037248
5d26ee8addcb4129edeb6a13
p:  58576.06689950393
5d27592b7cf5c19ec8eb6aab
p:  82180.90034287893
5d27594f73bf587d1aeb6acc
p:  76471.20053801249
5d2759c073bf587d1aeb6acd
p:  99450.18747420507
5d275a907cf5c19ec8eb6aad
p:  72315.02166389808
5d275cd0107c1d579eeb6abe
p:  95287.8436020917
5d275cf773bf587d1aeb6ad1
p:  134936.91768213676
5d275d8c94e0a3f486eb6a94
p:  135283.21523341164
5d275f85107c1d579eeb6ac0
p:  145974.53737626772
5d275fe6107c1d579eeb6ac1
p:  108740.70240187415
5d2761bb7cf5c19ec8eb6ab8
p:  72315.02166389808
5d27636d7cf5c19ec8eb6abb
p:  104955.5750874135
5d276483107c1d579eeb6ac3
p:  139736.26346501452
5d27661f107c1d579eeb6ac4
p:  119948.4322320587
5d2767717cf5c19ec8eb6ac0
p:  79009.17256016583
5d2767fe7cf5c19ec8eb6ac1
p:  74196.46165092205
5d276853107c1d579eeb6ac7
p:  88509.01897561672
5d2768987cf5c19ec8eb6ac2
p:  177157.8728806455
5d2768ae107c1d579eeb6ac8
p:  88509.01897561672
5d276d19107c1d579eeb6acf
p:  108203.48576129955
5d2770be107c1d579eeb6ad2
p:  97430.70171975046
5d277551107c1d579eeb6ad9
p:  197382.86104681727
For ['Bedford', 'Carbon', 'Luzerne', 'Monroe', 'Pike', 'Lackawanna', 'Susquehanna', 'Sullivan', 'Wayne', 'Schuylkill', 'Wyoming']#################################################################
train score for random_forest: 0.919704603249392
test score for random_forest: 0.4542870994833994
The mean absolute error is:$ 72946.43630533853
r_Score: 0.4836377260326967
Voting Regressor (in): 0.8868236098027933
Voting Regressor: 0.48363772603269667
5d19c418a22b896835d02f4a
p:  185708.5574151288
5d1c37a2b3205d6f98efbd23
p:  88822.21060248016
5d1c3da7b3205d6f98efbd2c
p:  273105.5875739846
5d1d2277e9a67db486efbde0
p:  204656.8042597989
5d1e63eee9a67db486efc089
p:  35101.301386968764
5d1e688fe9a67db486efc08f
p:  52959.01162253563
5d1e6b7ce9a67db486efc094
p:  73148.96970646232
5d1e6be9a38bc94b8eefc182
p:  61772.276143686744
5d1e6d93e9a67db486efc096
p:  73846.32557599864
5d1e6e6d3f24444e47efbf94
p:  116889.11314730527
5d1e6f6fe9a67db486efc098
p:  103703.9966249414
5d1e6f9bdbebfd779eefc0e1
p:  42354.5519511232
5d1e70bbd2d19febacefc038
p:  151636.7121056753
5d1e71551b803fbd97efc12f
p:  44856.934391820316
5d1e71ade9a67db486efc09d
p:  92974.0144274226
5d1e724ad2d19febacefc03d
p:  120794.53352909976
5d1e72941b803fbd97efc132
p:  44397.337310417875
5d1e73a8a38bc94b8eefc18b
p:  157883.82545674097
5d1e7489a38bc94b8eefc18c
p:  101089.52621172566
5d1e76be173a5e63bbefc08c
p:  121803.44995797427
5d1e76f03f24444e47efbfa2
p:  57626.670003222636
5d1e7830e9a67db486efc0a4
p:  60625.67498684766
5d1e78a93f24444e47efbfa8
p:  286151.61418015696
5d1e7aade9a67db486efc0a9
p:  59188.50817365097
5d1e7daaa38bc94b8eefc198
p:  136646.45229854493
5d1e8c25e9a67db486efc0bb
p:  69443.37245474404
5d1ebba9e9a67db486efc0ff
p:  100313.60580250845
5d1ebc42e9a67db486efc101
p:  148246.4219002002
5d1ec2e3e9a67db486efc10b
p:  130260.99012261459
5d1ec3261b803fbd97efc1a6
p:  85453.46309913776
5d1ec7191b803fbd97efc1a9
p:  88085.22890446734
5d1ec84fdbebfd779eefc15d
p:  114490.60814043929
5d1ec8badbebfd779eefc162
p:  223860.67222718522
5d1ec943dbebfd779eefc164
p:  98446.04150627505
5d1eca03cb0fc72085efc250
p:  210233.58016020787
5d1ecae8dbebfd779eefc167
p:  167711.18060467212
5d1ecb29cb0fc72085efc256
p:  184412.4782811887
5d1ecd601b803fbd97efc1b1
p:  81620.07847406855
5d1ecddc0a1cbc8e6fefc1c9
p:  115993.69601244977
5d1ece50cb0fc72085efc266
p:  191582.92056694406
5d1ecfda1b803fbd97efc1b4
p:  103184.7197745502
5d1ecffb0a1cbc8e6fefc1ca
p:  192669.29099944246
5d1ed8141b803fbd97efc1c2
p:  106110.47476380998
5d1ed81cbedd19d16befc04d
p:  182146.01294498958
5d1ed8943f24444e47efc02f
p:  120121.16727489087
5d1ed8c0bedd19d16befc050
p:  162569.60022550254
5d1ed9153f24444e47efc032
p:  184753.50664903203
5d1ed92dcb0fc72085efc29d
p:  89301.76850353344
5d1ed9303f24444e47efc033
p:  184753.50664903203
5d1ed95a9d44df9da0efc190
p:  296278.65999825706
5d1ed98d99af182c90efc0d9
p:  133300.38644854975
5d1ed9edbedd19d16befc051
p:  217198.96290042537
5d1eda7bbedd19d16befc053
p:  166588.2046268341
5d1edae23f24444e47efc03b
p:  179491.16640459487
5d1edb90cb0fc72085efc2a9
p:  148096.5730822458
5d1edbe8dbebfd779eefc189
p:  182401.80130190996
5d1edcc73e89ac66d6efc2c1
p:  117580.60686604412
5d1edd42173a5e63bbefc133
p:  72595.37203954087
5d1edd8d3e89ac66d6efc2c3
p:  118128.04941266228
5d1ede813e89ac66d6efc2c4
p:  113398.71836583485
5d1edf18544e27061defc15d
p:  200970.92553302928
5d1ee000bedd19d16befc056
p:  182055.63438982205
5d1ee031bedd19d16befc057
p:  157137.7556354939
5d1ee0543f24444e47efc042
p:  185615.010083395
5d1ee1763e89ac66d6efc2ca
p:  125137.25255845283
5d1ee2323f24444e47efc046
p:  245222.67906999984
5d1ee27b9d44df9da0efc19e
p:  155024.28779181882
5d1ee339cb0fc72085efc2c3
p:  126946.25247831884
5d1ee504cb0fc72085efc2c6
p:  87639.33923807662
5d1ee5f69d44df9da0efc1a4
p:  149781.93177684635
5d1ee68cbedd19d16befc05f
p:  216851.98964516423
5d1ee8933f24444e47efc050
p:  203925.27432075486
5d1ee8f9cb0fc72085efc2cc
p:  170959.61292454205
5d1ee925bedd19d16befc061
p:  210876.8826117132
5d1ee9379d44df9da0efc1ac
p:  63855.98549538273
5d1eec431b803fbd97efc1df
p:  223984.12452543539
5d1eec943e89ac66d6efc2db
p:  93710.93247505918
5d1eecbaa38bc94b8eefc242
p:  163253.29237012917
5d1eefcfdbebfd779eefc1a2
p:  212069.2492894209
5d1eefe7bedd19d16befc06a
p:  130118.08770420337
5d1ef12abedd19d16befc06c
p:  108148.79712020463
5d1ef1b19d44df9da0efc1bb
p:  73122.71876479605
5d1ef1c4a38bc94b8eefc251
p:  133248.65928097098
5d1ef1d53f24444e47efc061
p:  175011.69518324413
5d1ef2a6e9a67db486efc165
p:  150772.67199047277
5d1ef2cf173a5e63bbefc150
p:  132586.71636634914
5d1ef4bfdbebfd779eefc1ac
p:  189441.18366022737
5d1ef6ce9d44df9da0efc1c7
p:  216020.5905724913
5d1ef92ce9a67db486efc16e
p:  149784.86573585647
5d1efa15b3205d6f98efc1e4
p:  270274.5764648525
5d1efa41544e27061defc18f
p:  362863.08814083715
5d1efb0ebedd19d16befc07f
p:  56404.943436451584
5d1efda8e9a67db486efc174
p:  184343.79279018097
5d1efe57b3205d6f98efc1ed
p:  126278.63833091166
5d1f00483f24444e47efc078
p:  96389.2170445091
5d1f0148a38bc94b8eefc267
p:  94908.61197542089
5d1f024d0a1cbc8e6fefc20d
p:  347774.94329187076
5d1f02e5e9a67db486efc17e
p:  209731.59469252737
5d1f04013e89ac66d6efc2f4
p:  133307.19356805822
5d1f04e1bedd19d16befc092
p:  266972.3773913592
5d1f04f3a38bc94b8eefc26a
p:  99743.1814844255
5d1f05bacb0fc72085efc2fe
p:  142750.1417149703
5d1f05c9e9a67db486efc181
p:  238910.10190092504
5d1f0636cb0fc72085efc300
p:  106172.02254190623
5d1f072c1b803fbd97efc205
p:  160094.7266944187
5d1f0c0b3f24444e47efc089
p:  94853.76643408372
5d1f0c2acb0fc72085efc309
p:  124910.20926202417
5d1f0daca38bc94b8eefc274
p:  73806.36993624468
5d1f1029bedd19d16befc0a6
p:  117180.2691061516
5d1f1109cb0fc72085efc310
p:  157888.0624931081
5d1f119ed2d19febacefc128
p:  175031.95256707503
5d1f12720a1cbc8e6fefc226
p:  207360.7450811793
5d1f151ecb0fc72085efc316
p:  112806.0466715321
5d1f15a11b803fbd97efc219
p:  148512.9561885654
5d1f1611bedd19d16befc0b0
p:  211586.8179615658
5d1f171da38bc94b8eefc280
p:  101341.00380619118
5d1f178aa38bc94b8eefc281
p:  176330.4942414718
5d1f17aa9d44df9da0efc212
p:  221943.1986899455
5d1f17caa38bc94b8eefc282
p:  244833.38353862884
5d1f1895cb0fc72085efc31d
p:  169524.25210626898
5d1f18d1cb0fc72085efc31e
p:  239855.88197255015
5d1f19d7a38bc94b8eefc287
p:  352387.7115841531
5d1f19ffdbebfd779eefc1ed
p:  115684.58824714397
5d1f1b373e89ac66d6efc313
p:  118843.0205932897
5d1f1c9dcb0fc72085efc323
p:  225092.95231461042
5d1f1d75cb0fc72085efc324
p:  201623.26110884847
5d1f1daccb0fc72085efc325
p:  169832.1342977438
5d1f1fd61b803fbd97efc228
p:  231022.37854067754
5d1f23bdcb0fc72085efc331
p:  210940.09209783835
5d1f24e63e89ac66d6efc32b
p:  204590.55992816377
5d1f27100a1cbc8e6fefc260
p:  129602.15406830535
5d1f27e40a1cbc8e6fefc263
p:  153470.45291232504
5d1f291d99af182c90efc150
p:  101034.05658650683
5d1f2bf0dbebfd779eefc207
p:  200720.00460500122
5d1f2c5ebedd19d16befc0d4
p:  162523.48148788253
5d1f2d8ae9a67db486efc1b2
p:  154711.87349335838
5d1f2dfea38bc94b8eefc29f
p:  261675.53881522777
5d1f2e199d44df9da0efc230
p:  136109.60577019586
5d1f2e233e89ac66d6efc338
p:  197282.29171477916
5d1f2fba0a1cbc8e6fefc27e
p:  160812.3978547179
5d1f30fcd2d19febacefc157
p:  736971.16543459
5d1f3475173a5e63bbefc1a7
p:  296892.8076579282
5d1f3543173a5e63bbefc1a9
p:  301894.35270895093
5d1f35cd3f24444e47efc0c1
p:  69469.14998968213
5d1f36dccb0fc72085efc351
p:  173076.25982623157
5d1f38323e89ac66d6efc348
p:  225980.51503216653
5d1f3b0ecb0fc72085efc359
p:  141761.6290297206
5d1f3ff30a1cbc8e6fefc2b5
p:  200547.44387109124
5d1f40da0a1cbc8e6fefc2b6
p:  164583.026680087
5d1f4152e9a67db486efc1d6
p:  100076.20266219517
5d1f4364dbebfd779eefc229
p:  110199.60160087727
5d1f43b0a38bc94b8eefc2be
p:  189670.56527894374
5d1f4454544e27061defc209
p:  123537.82772029669
5d1f44ed173a5e63bbefc1be
p:  150829.1233109385
5d1f44fbdbebfd779eefc22b
p:  174674.96621091652
5d1f4766a38bc94b8eefc2c3
p:  158661.4864446784
5d1f47991b803fbd97efc262
p:  179113.54068971495
5d1f47adbedd19d16befc101
p:  142578.45585870816
5d1f4885bedd19d16befc103
p:  113464.24060563391
5d1f48e499af182c90efc185
p:  36480.62967358649
5d1f4949e9a67db486efc1eb
p:  165532.59644127375
5d1f4a8de9a67db486efc1ed
p:  32284.233334308272
5d1f4a96bedd19d16befc107
p:  359855.15933734446
5d1f4ab41b803fbd97efc268
p:  217182.88167906555
5d1f4abbb3205d6f98efc261
p:  47699.59367602536
5d1f4ae3cb0fc72085efc36f
p:  44067.49559524655
5d1f4b8f1b803fbd97efc26b
p:  232607.65857880347
5d1f4bb2bedd19d16befc109
p:  310306.4756204518
5d1f4c20544e27061defc21c
p:  133015.16757524895
5d1f4c7db3205d6f98efc264
p:  88426.8682245733
5d1f4d06b3205d6f98efc265
p:  243047.76812746888
5d1f4d5ee9a67db486efc1ef
p:  94793.9913273781
5d1f4ddbcb0fc72085efc374
p:  154696.90459483393
5d1f4e00544e27061defc21f
p:  154881.5672570116
5d1f4e4e1b803fbd97efc27e
p:  109895.96513585412
5d1f4eaae9a67db486efc1f1
p:  88042.47596250348
5d1f4ecdcb0fc72085efc376
p:  66566.82203844737
5d1f4f72e9a67db486efc1f2
p:  78507.18544884966
5d1f4fb7b3205d6f98efc268
p:  53456.67385902536
5d1f5007e9a67db486efc1f4
p:  119368.16280979048
5d1f505199af182c90efc18c
p:  93576.77978133693
5d1f509fdbebfd779eefc23a
p:  118391.23224894027
5d1f50f20a1cbc8e6fefc2d3
p:  94793.9913273781
5d1f516699af182c90efc190
p:  85967.8899501017
5d1f51ca0a1cbc8e6fefc2d4
p:  97739.32988517487
5d1f52c0cb0fc72085efc37a
p:  53109.17161572217
5d1f53750a1cbc8e6fefc2d7
p:  82992.65013612212
5d1f543be9a67db486efc1fa
p:  54753.34487169953
5d1f5531bedd19d16befc111
p:  105552.4988518371
5d1f5554b3205d6f98efc273
p:  93187.93963566079
5d1f566d3f24444e47efc0eb
p:  194322.06521040684
5d1f571d3f24444e47efc0ed
p:  286983.98187399795
5d1f57703f24444e47efc0ee
p:  230989.3272172042
5d1f577ab3205d6f98efc279
p:  342333.98244477436
5d1f58a9544e27061defc233
p:  47699.59367602536
5d1f58d2dbebfd779eefc246
p:  106613.08808455663
5d1f59293f24444e47efc0f0
p:  220226.99205052498
5d1f59e6dbebfd779eefc24d
p:  122680.68880683393
5d1f5a73dbebfd779eefc252
p:  149632.6951628056
5d1f5aa6dbebfd779eefc253
p:  173833.743666752
5d1f5ba4dbebfd779eefc259
p:  64326.67543092907
5d1f5bc0dbebfd779eefc25a
p:  193423.25909044192
5d1f5c35dbebfd779eefc25c
p:  99312.98331168933
5d1f5ce03f24444e47efc0f9
p:  168309.2334969187
5d1f5e433e89ac66d6efc380
p:  116208.45237207232
5d1f5eea3e89ac66d6efc381
p:  156793.97009682906
5d1f60393f24444e47efc0fe
p:  92880.34773927738
5d1f61a6d2d19febacefc1a9
p:  202536.13321971142
5d1f626bd2d19febacefc1aa
p:  226000.40815446997
5d1f64093f24444e47efc107
p:  113648.57092417893
5d1f67720a1cbc8e6fefc2f1
p:  88696.97502458675
5d1f67f63f24444e47efc112
p:  294712.2458362505
5d1f68a73f24444e47efc113
p:  140073.1015452725
5d1f6928bedd19d16befc12a
p:  189672.34325841157
5d1f6b683e89ac66d6efc395
p:  79560.26639507727
5d1f6b9d0a1cbc8e6fefc2f8
p:  79358.85324733143
5d1f6cba99af182c90efc1b5
p:  68257.40066862604
5d1f6cc50a1cbc8e6fefc2fb
p:  71172.28151300928
5d1f6d2d99af182c90efc1b6
p:  98588.30219190998
5d1f6d3e0a1cbc8e6fefc2fc
p:  76593.6959622443
5d1f6db4a38bc94b8eefc2f8
p:  109625.87595720394
5d1f6e30d2d19febacefc1bc
p:  246134.05668826934
5d1f6e370a1cbc8e6fefc2ff
p:  75231.82636161448
5d1f6e6be9a67db486efc22a
p:  167222.43438954453
5d1f6e9d0a1cbc8e6fefc300
p:  62646.79159230931
5d1f6eae3f24444e47efc11b
p:  100784.06905651087
5d1f6f96cb0fc72085efc3a2
p:  85345.89277572147
5d1f7025173a5e63bbefc20c
p:  215195.78007365347
5d1f72cb173a5e63bbefc214
p:  229541.4853575158
5d1f72f0e9a67db486efc231
p:  151013.66941764037
5d1f73479d44df9da0efc29a
p:  89436.04688162502
5d1f73fc3e89ac66d6efc3a0
p:  161227.16797374852
5d1f7402a38bc94b8eefc302
p:  136757.3494537102
5d1f746d99af182c90efc1c2
p:  75825.41518472598
5d1f74f69d44df9da0efc29e
p:  105210.22584397388
5d1f7625b3205d6f98efc31c
p:  155272.39447764898
5d1f776c9d44df9da0efc2a1
p:  101582.89577162985
5d1f78560a1cbc8e6fefc30f
p:  69941.37553528362
5d1f7c11e9a67db486efc23f
p:  97442.30529799516
5d1f7c639d44df9da0efc2a9
p:  52333.702503771
5d1f7c7f1b803fbd97efc2b9
p:  115473.35630861651
5d1f7cb10a1cbc8e6fefc313
p:  177000.5113479601
5d1f7d250a1cbc8e6fefc314
p:  92293.09511254632
5d1f7d69e9a67db486efc240
p:  103034.91183346682
5d1f7e180a1cbc8e6fefc316
p:  114138.69071500795
5d1f7e5ae9a67db486efc242
p:  64550.57913532823
5d1f7e769d44df9da0efc2ab
p:  50178.69699216173
5d1f7e9be9a67db486efc243
p:  89720.96960751875
5d1f7ed9a38bc94b8eefc313
p:  121500.77008365098
5d1f7ee91b803fbd97efc2bc
p:  93483.61603177714
5d1f7f80b3205d6f98efc344
p:  179738.421808864
5d1f8092173a5e63bbefc243
p:  170224.46730902352
5d1f80e49d44df9da0efc2ad
p:  65192.80717076223
5d1f812fdbebfd779eefc28b
p:  99717.69195740597
5d1f8230e9a67db486efc24a
p:  90227.86129505161
5d1f825b0a1cbc8e6fefc31c
p:  113485.62162449534
5d1f82649d44df9da0efc2b0
p:  62896.17137323055
5d1f83103f24444e47efc142
p:  207882.91520847374
5d1f83301b803fbd97efc2c2
p:  145571.71859046817
5d1f83f3544e27061defc28c
p:  153787.34046862842
5d1f8421e9a67db486efc24f
p:  71424.8461051367
5d1f8483e9a67db486efc250
p:  97056.93337141119
5d1f84970a1cbc8e6fefc31e
p:  158479.84433276224
5d1f85241b803fbd97efc2c5
p:  230994.15418455517
5d1f852fb3205d6f98efc34a
p:  294836.05562729825
5d1f855f0a1cbc8e6fefc31f
p:  156676.82987794664
5d1f85909d44df9da0efc2b6
p:  62896.17137323055
5d1f860b0a1cbc8e6fefc321
p:  77682.96499918721
5d1f8671e9a67db486efc252
p:  73893.45113880161
5d1f86dedbebfd779eefc297
p:  118391.23224894027
5d1f86e99d44df9da0efc2b9
p:  44764.00972404606
5d1f87820a1cbc8e6fefc323
p:  78489.06020843511
5d1f87b39d44df9da0efc2ba
p:  69566.80851485392
5d1f883acb0fc72085efc3ca
p:  243046.91790219294
5d1f88590a1cbc8e6fefc325
p:  70040.90799412943
5d1f8966173a5e63bbefc261
p:  213929.87622384558
5d1f8a690a1cbc8e6fefc32a
p:  162425.50345828527
5d1f8a709d44df9da0efc2c1
p:  58832.09903228427
5d1f8abb9d44df9da0efc2c2
p:  41949.256957340884
5d1f8b499d44df9da0efc2c5
p:  41949.256957340884
5d1f8b769d44df9da0efc2c6
p:  58832.09903228427
5d1f8ba79d44df9da0efc2c7
p:  41949.256957340884
5d1f8bb60a1cbc8e6fefc32d
p:  68773.05597854435
5d1f8bf70a1cbc8e6fefc32f
p:  202434.97514556182
5d1f8c1d9d44df9da0efc2cb
p:  86697.20114682612
5d1f8c530a1cbc8e6fefc330
p:  80776.13537355926
5d1f8ca2544e27061defc29a
p:  100279.25471507545
5d1f8cc9dbebfd779eefc29e
p:  138842.09932046052
5d1f8dcadbebfd779eefc2a2
p:  100109.31928866933
5d1f904a544e27061defc2a1
p:  127817.56370113645
5d1f91b59d44df9da0efc2d9
p:  58915.83946310313
5d1f92290a1cbc8e6fefc341
p:  69245.3762501479
5d1f9d70dbebfd779eefc2bb
p:  88944.6545257789
5d1fabd29d44df9da0efc2ff
p:  103667.98153213854
5d2688e8107c1d579eeb6968
p:  53693.681550904425
5d276fde73bf587d1aeb6b04
p:  55672.14143186738
5d27704073bf587d1aeb6b07
p:  56688.46434798882
5d27705f73bf587d1aeb6b08
p:  53800.370278309645
5d27708073bf587d1aeb6b09
p:  53800.370278309645
5d27709373bf587d1aeb6b0a
p:  51694.30078175672
5d27713473bf587d1aeb6b0d
p:  62181.12707454246
5d27714c73bf587d1aeb6b0e
p:  82389.35989545194
5d27716b73bf587d1aeb6b0f
p:  48137.72039657732
5d2771850ec08fa38feb6a86
p:  123345.34031295603
5d27722573bf587d1aeb6b13
p:  54249.90458206684
5d27730673bf587d1aeb6b19
p:  57583.279408573995
5d27740673bf587d1aeb6b1f
p:  38317.54200562708
5d2775ba107c1d579eeb6adc
p:  64153.15452840246
5d277651e302509fefeb6aa9
p:  54357.650319334396
5d2776d373bf587d1aeb6b35
p:  69529.08868382062
5d2776dae302509fefeb6aac
p:  55596.757968910875
5d27771a8641460b60eb6abf
p:  81904.31563230406
5d27778d107c1d579eeb6ae5
p:  82668.54014103286
5d2778050ec08fa38feb6a8e
p:  159353.22858467005
5d279e4e94e0a3f486eb6afc
p:  213417.93743645994
5d279ec294e0a3f486eb6afd
p:  217736.56421071637
5d279f9194e0a3f486eb6aff
p:  187963.47766442728
5d27a05473bf587d1aeb6b81
p:  77143.0189051756
5d27a117f327804804eb6b7c
p:  160019.87117983462
5d27a1e773bf587d1aeb6b84
p:  70776.88411231554
5d27a3df94e0a3f486eb6b07
p:  130492.2101950132
5d27a46bbe05cf7278eb6aed
p:  114273.94495535205
5d27a499be05cf7278eb6aee
p:  92211.94164214886
5d27a7100ec08fa38feb6ad2
p:  61749.22077524505
5d27aa0be98ff02697eb6b42
p:  121640.10619098332
5d27aa5c0ec08fa38feb6ad9
p:  133758.68366330897
5d27ab2f107c1d579eeb6b22
p:  126605.7354783892
5d27ab340ec08fa38feb6ada
p:  155580.88500895922
5d27abdbf327804804eb6b89
p:  125581.63415831656
5d27abdd0ec08fa38feb6adc
p:  118351.7679711676
5d27ac67e302509fefeb6aea
p:  178444.16990868398
5d27ac6b0ec08fa38feb6add
p:  120155.60481157502
5d27ad686e569c6ff5eb6b2b
p:  60956.77378634308
5d27aebcbe05cf7278eb6b02
p:  96983.52885591339
5d27b0500ec08fa38feb6ae4
p:  52260.97660623351
5d27b08de302509fefeb6aee
p:  103259.1400147866
5d27b0e5f327804804eb6b8c
p:  174142.0667839792
5d27b139e302509fefeb6aef
p:  103642.47973722633
5d27b357e98ff02697eb6b51
p:  105814.09020306167
5d27b60f031e3d8d5eeb6ae5
p:  129565.50424171015
5d27b6d773bf587d1aeb6ba0
p:  317869.701953697
5d27b6e84e01fc92f4eb6b28
p:  220036.45889433371
5d27b7e8be05cf7278eb6b10
p:  152683.74720266816
5d27b9e4be05cf7278eb6b15
p:  128869.724513901
5d27ba37031e3d8d5eeb6aec
p:  131064.27193170495
5d27ba8d0ec08fa38feb6aeb
p:  140477.50739298857
5d27bb4ebe05cf7278eb6b19
p:  222196.445588784
5d27bc490ec08fa38feb6aee
p:  158286.0183452259
5d27bcda4e01fc92f4eb6b30
p:  142034.9398785258
5d27bd13be05cf7278eb6b1e
p:  165429.9492361112
5d27bd164e01fc92f4eb6b31
p:  204974.18857530633
5d27bdb7b6bb94a547eb6b69
p:  149246.7031181081
5d27bdc7e302509fefeb6afb
p:  220364.51519841683
5d27bee6b6bb94a547eb6b6a
p:  332080.8212784807
5d27c3976e569c6ff5eb6b50
p:  187763.49426161445
5d27c49cb6bb94a547eb6b73
p:  137379.97438248893
5d27c53e6e569c6ff5eb6b55
p:  81805.36845279345
5d27c54abe05cf7278eb6b27
p:  128134.5986303773
5d27c5ea0ec08fa38feb6af9
p:  161009.11826119036
5d27c6116e569c6ff5eb6b58
p:  152804.0545876762
5d27c7566e569c6ff5eb6b5d
p:  180348.80913058267
5d27c7efb6bb94a547eb6b79
p:  135192.35654177915
5d27cd92031e3d8d5eeb6b08
p:  135956.07717491593
5d27ce217cf5c19ec8eb6b39
p:  95708.81498499168
5d27d070ddcb4129edeb6b48
p:  169692.25278936548
5d27d0ae0ec08fa38feb6b03
p:  115188.84710520098
5d27d0cf6e569c6ff5eb6b66
p:  137132.26626473325
5d27d0fc107c1d579eeb6b58
p:  104507.21936342839
5d27d3407cf5c19ec8eb6b3d
p:  287056.0978444816
5d27d638e98ff02697eb6b85
p:  87889.94483718908
5d27d708e302509fefeb6b1d
p:  74726.49648889471
5d27d74b73bf587d1aeb6bbe
p:  89523.26439524812
5d27d7720ec08fa38feb6b0e
p:  107914.60569135481
5d27d7c173bf587d1aeb6bbf
p:  146768.51349937395
5d27d8156e569c6ff5eb6b71
p:  117982.0868706606
5d27d83973bf587d1aeb6bc0
p:  212755.6527083916
5d27d86c0ec08fa38feb6b10
p:  88477.69099188266
5d27d96073bf587d1aeb6bc1
p:  57484.88052647434
5d27d9ae8641460b60eb6b52
p:  92569.33188772596
5d27d9e78641460b60eb6b53
p:  87766.78065000348
5d27da17be05cf7278eb6b3f
p:  87766.78065000348
5d27da1ae98ff02697eb6b8f
p:  103690.71904864229
5d27da43b6bb94a547eb6b8e
p:  53693.681550904425
5d27da4573bf587d1aeb6bc2
p:  229486.67414479022
5d27da8ae302509fefeb6b20
p:  66566.82203844737
5d27da91e98ff02697eb6b90
p:  85065.66117311077
5d27daae8641460b60eb6b54
p:  88143.41749306934
5d27db51e302509fefeb6b21
p:  74210.76403093355
5d27db75ddcb4129edeb6b5c
p:  267486.76021097123
5d27dc440ec08fa38feb6b18
p:  155067.0437141669
5d27dd60b6bb94a547eb6b91
p:  94856.51463384842
5d27dd668641460b60eb6b57
p:  161430.59646273492
5d27ddd7b6bb94a547eb6b92
p:  85959.34044639824
5d27deb90ec08fa38feb6b1e
p:  129319.0569889038
5d27dfa10ec08fa38feb6b1f
p:  92549.99145613032
5d27e2df031e3d8d5eeb6b25
p:  235642.53447657693
5d27e37573bf587d1aeb6bd4
p:  94086.65021110066
5d27e430ddcb4129edeb6b67
p:  126766.9046217156
5d27e4740ec08fa38feb6b23
p:  103477.50397728985
5d27e487ddcb4129edeb6b68
p:  445440.54177326546
5d27e5030ec08fa38feb6b24
p:  94124.49053763226
5d27e5a0f327804804eb6bbb
p:  61832.46836983935
5d27e6096e569c6ff5eb6b85
p:  152119.4710270812
5d27e703f327804804eb6bbc
p:  71087.621493461
5d27e782f327804804eb6bbe
p:  312398.12381113064
5d27e7f8e302509fefeb6b2f
p:  88678.25733446621
5d27ea57e98ff02697eb6ba7
p:  75277.6182393357
5d27eabc94e0a3f486eb6b60
p:  121067.28479445125
5d27ebb394e0a3f486eb6b62
p:  57802.786237300024
5d27ebd7e98ff02697eb6bab
p:  103520.96663401245
5d27ec5ae98ff02697eb6bac
p:  110008.68447584406
5d27ed1594e0a3f486eb6b65
p:  110643.86862592946
5d27ed8e94e0a3f486eb6b66
p:  143030.29900236326
5d27ee4ae302509fefeb6b36
p:  191990.46279993834
5d27eea48641460b60eb6b72
p:  128578.70589842563
5d27eeb3f327804804eb6bc7
p:  136612.35303931998
5d27eed694e0a3f486eb6b68
p:  101570.92534964904
5d27eefee302509fefeb6b37
p:  62896.17137323055
5d27eeff0ec08fa38feb6b31
p:  168955.82738317712
5d27efab94e0a3f486eb6b69
p:  58367.41967528859
5d27f010e302509fefeb6b39
p:  74509.36611720869
5d27f0ae8641460b60eb6b76
p:  134180.25208517065
5d27f0e2f327804804eb6bc9
p:  87391.35838568964
5d27f0fee302509fefeb6b3a
p:  84517.48524326019
5d27f1a3107c1d579eeb6b83
p:  303783.31299127213
5d27f405e98ff02697eb6bb3
p:  185224.60397043635
5d27f86ae98ff02697eb6bc0
p:  55478.21649169255
5d3544b1094ca4e7d8e80333
p:  135703.1722258286
5d4564b3f6b4c2439b8b2090
p:  204518.33921090746
5d474052acae7a72623cb455
p:  118062.97558153284
For ['Allegheny', 'Armstrong', 'Beaver', 'Butler', 'Fayette', 'Greene', 'Indiana', 'Lawrence', 'Somerset', 'Washington', 'Westmoreland']#################################################################
train score for random_forest: 0.942485189307849
test score for random_forest: 0.5883942631256784
The mean absolute error is:$ 96817.83823534781
r_Score: 0.5827940812468133
Voting Regressor (in): 0.9430160728838142
Voting Regressor: 0.5827940812468133
5d0817e97c1d83daee248b7d
p:  104506.82274416692
5d0b650e19aeb54ebe6efc0f
p:  105685.99098860807
5d0d331fae78f7f2d314adeb
p:  198211.1877408686
5d0e7f7019f56a0d5b8f8d1f
p:  222261.21007452236
5d12c54ab7ae3de20d8d6f77
p:  95745.59091810795
5d1859bc253e7cfd9b98bd24
p:  126392.17171434683
5d19c404a22b896835d02f48
p:  168226.19221988274
5d1b5ccbbedd19d16befbb2a
p:  177127.35696569303
5d1b5cd6173a5e63bbefbb2a
p:  87720.8828699859
5d1b5d181b803fbd97efbb2a
p:  151633.57657160488
5d1b5def02e1f427a5efbb2c
p:  93939.38966876766
5d1b5e15a38bc94b8eefbb2a
p:  44529.71600435718
5d1b5f57544e27061defbb2e
p:  53520.134291641276
5d1b5faf0a1cbc8e6fefbb30
p:  208686.44105923412
5d1b5fe199af182c90efbb2c
p:  68787.32273534623
5d1b600c173a5e63bbefbb2f
p:  118200.40978017761
5d1b61a9b3205d6f98efbb31
p:  267402.8703362483
5d1b61bc1b803fbd97efbb33
p:  82180.27758640263
5d1b61ffa38bc94b8eefbb30
p:  65094.51563542093
5d1b62521b803fbd97efbb35
p:  122654.57472933443
5d1b62791b803fbd97efbb36
p:  130867.6364250287
5d1b628db3205d6f98efbb33
p:  56681.403565720335
5d1b6299173a5e63bbefbb31
p:  78238.40765397946
5d1b62c9b3205d6f98efbb34
p:  87540.32936311647
5d1b6301b3205d6f98efbb35
p:  70862.28448617924
5d1b6316e9a67db486efbb34
p:  107231.24295224536
5d1b63c53e89ac66d6efbb30
p:  488340.0450110412
5d1b63d7173a5e63bbefbb35
p:  80990.44999440928
5d1b63dea38bc94b8eefbb32
p:  38679.49987750631
5d1b640f173a5e63bbefbb36
p:  74481.37845248563
5d1b6512d2d19febacefbb33
p:  99517.59709039929
5d1b65241b803fbd97efbb39
p:  53453.78656618165
5d1b654edbebfd779eefbb33
p:  41387.25335094286
5d1b6566b3205d6f98efbb3f
p:  93104.41777424503
5d1b658399af182c90efbb37
p:  97045.99463640923
5d1b65d502e1f427a5efbb35
p:  79285.94377718461
5d1b65dab3205d6f98efbb41
p:  71616.8478283594
5d1b66833f24444e47efbb37
p:  142041.399804889
5d1b66d63f24444e47efbb38
p:  288651.84449504927
5d1b670ab3205d6f98efbb46
p:  80662.22492519417
5d1b676a0a1cbc8e6fefbb38
p:  112984.49862231813
5d1b6778544e27061defbb33
p:  75760.43553516516
5d1b677a3e89ac66d6efbb36
p:  112628.73846153096
5d1b67950a1cbc8e6fefbb39
p:  208686.44105923412
5d1b688cb3205d6f98efbb4c
p:  41385.212354921765
5d1b68f2d2d19febacefbb36
p:  42509.442740793704
5d1b695c1b803fbd97efbb3d
p:  69145.98040517008
5d1b6b843f24444e47efbb3c
p:  203402.12212811303
5d1b6d4202e1f427a5efbb3d
p:  53754.195731505046
5d1b6df1b3205d6f98efbb60
p:  58673.94529511132
5d1b6e4d02e1f427a5efbb3e
p:  53754.195731505046
5d1b6f2702e1f427a5efbb3f
p:  53754.195731505046
5d1b6f6f3e89ac66d6efbb46
p:  152240.41301722877
5d1b6f9f1b803fbd97efbb44
p:  80507.5299253369
5d1b72fb3f24444e47efbb46
p:  138483.73863908328
5d1b73cb544e27061defbb4a
p:  105129.7434691302
5d1b73ede9a67db486efbb4f
p:  76277.95294666693
5d1b74bd3f24444e47efbb4a
p:  94199.82022948307
5d1b75ab3f24444e47efbb4c
p:  143874.18372322922
5d1b75d7e9a67db486efbb55
p:  113320.86761596531
5d1b7708b3205d6f98efbb78
p:  88494.94115869257
5d1b77af173a5e63bbefbb4c
p:  71124.46941162771
5d1b77dfe9a67db486efbb5c
p:  260758.00760765636
5d1b7828e9a67db486efbb5d
p:  87896.07528504805
5d1b786ee9a67db486efbb5e
p:  98325.4234869831
5d1b78b5e9a67db486efbb5f
p:  260758.00760765636
5d1b7924dbebfd779eefbb51
p:  100640.35943682265
5d1b7984544e27061defbb51
p:  109559.35323052482
5d1b7a44a38bc94b8eefbb49
p:  61413.96092705932
5d1b7b0a9d44df9da0efbb52
p:  118951.57693615046
5d1b7b193e89ac66d6efbb66
p:  89084.74045675217
5d1b7b4699af182c90efbb4f
p:  150330.54684009834
5d1b7b61173a5e63bbefbb50
p:  136829.3143473812
5d1b7db8544e27061defbb56
p:  80699.9484283576
5d1b7dece9a67db486efbb6d
p:  67927.39182169478
5d1b7e62e9a67db486efbb6e
p:  73612.6856664056
5d1b80659d44df9da0efbb64
p:  78507.7207730702
5d1b80f49d44df9da0efbb66
p:  118951.57693615046
5d1b8175e9a67db486efbb74
p:  80882.13401695472
5d1b8262173a5e63bbefbb5a
p:  181623.6224807959
5d1b829cb3205d6f98efbb8b
p:  183993.82841599383
5d1b82b5cb0fc72085efbb5c
p:  157382.72264466682
5d1b82c3e9a67db486efbb77
p:  77418.79632016724
5d1b8413dbebfd779eefbb74
p:  111799.21008677327
5d1b8450cb0fc72085efbb5e
p:  248231.84260597063
5d1b8622cb0fc72085efbb63
p:  206825.39368677576
5d1b86b5544e27061defbb5c
p:  224684.670343144
5d1b875fbedd19d16befbb63
p:  791645.9960005508
5d1b8793e9a67db486efbb7e
p:  90559.30285962154
5d1b8896bedd19d16befbb65
p:  288404.1490813681
5d1b88b7544e27061defbb64
p:  75222.36435777847
5d1b890fcb0fc72085efbb67
p:  147585.79861718777
5d1b89573f24444e47efbb68
p:  171084.8808919319
5d1b898ea38bc94b8eefbb5e
p:  460127.8855203688
5d1b89ae9d44df9da0efbb83
p:  105691.91309413833
5d1b89f43e89ac66d6efbb73
p:  307039.7064090445
5d1b8a9cb3205d6f98efbba4
p:  115879.70340607704
5d1b8b650a1cbc8e6fefbb6b
p:  250000.6497415306
5d1b8b8b3f24444e47efbb6b
p:  103619.2555408387
5d1b8c26173a5e63bbefbb69
p:  93684.14007209774
5d1b8c9de9a67db486efbb82
p:  154349.88167085196
5d1b8e059d44df9da0efbb8d
p:  95900.9569953669
5d1b8e213f24444e47efbb6f
p:  210774.93614659493
5d1b8e22b3205d6f98efbbb0
p:  63653.234289466636
5d1b8e221b803fbd97efbb73
p:  121157.53969881254
5d1b8e68b3205d6f98efbbb1
p:  97618.39167132831
5d1b8e969d44df9da0efbb8e
p:  102092.44176591327
5d1b8f093f24444e47efbb70
p:  172378.2418419105
5d1b8f2c9d44df9da0efbb8f
p:  234349.06730285974
5d1b8f423f24444e47efbb72
p:  82010.32494679162
5d1b8f49b3205d6f98efbbb4
p:  102040.93638296421
5d1b8f953f24444e47efbb73
p:  122635.18172297862
5d1b90f21b803fbd97efbb78
p:  134386.8249529843
5d1b91233f24444e47efbb76
p:  66303.7842656428
5d1b9131a38bc94b8eefbb67
p:  499298.1000668305
5d1b9144dbebfd779eefbb83
p:  75432.68075893805
5d1b917f173a5e63bbefbb6f
p:  85432.5227834364
5d1b920ce9a67db486efbb8a
p:  78749.06231115946
5d1b9232a38bc94b8eefbb68
p:  197940.30977067637
5d1b924e9d44df9da0efbb91
p:  255885.65134546126
5d1b92533f24444e47efbb77
p:  92404.39560611258
5d1b926ca38bc94b8eefbb69
p:  151740.8162946953
5d1b929a1b803fbd97efbb7b
p:  177277.9055058444
5d1b92afcb0fc72085efbb77
p:  98392.88363589499
5d1b92d03e89ac66d6efbb7e
p:  184000.76450255237
5d1b92d11b803fbd97efbb7c
p:  279610.5474650113
5d1b92e3b3205d6f98efbbc0
p:  91929.63064600065
5d1b932db3205d6f98efbbc1
p:  74485.63393266143
5d1b93ef3f24444e47efbb78
p:  238858.78741575798
5d1b9460e9a67db486efbb8d
p:  143418.45747692368
5d1b94b19d44df9da0efbb93
p:  126858.06504286912
5d1b94e3d2d19febacefbb74
p:  422467.8136225833
5d1b9506a38bc94b8eefbb72
p:  381896.40227347467
5d1b9510dbebfd779eefbb88
p:  93184.8439938025
5d1b956ebedd19d16befbb7f
p:  304637.1258386183
5d1b95f0dbebfd779eefbb89
p:  83127.45946712118
5d1b9613173a5e63bbefbb75
p:  101396.85775315488
5d1b9674b3205d6f98efbbc6
p:  70423.89851850332
5d1b968b3f24444e47efbb7b
p:  258954.86847308383
5d1b96c30a1cbc8e6fefbb73
p:  79717.27196898177
5d1b9784e9a67db486efbb90
p:  221733.55653161052
5d1b9922d2d19febacefbb7f
p:  172204.001158943
5d1b9939dbebfd779eefbb8c
p:  163910.6906777589
5d1b999abedd19d16befbb82
p:  241590.23196764733
5d1b99a21b803fbd97efbb90
p:  254725.08972810023
5d1b99a7dbebfd779eefbb8d
p:  98098.13938511742
5d1b99f5b3205d6f98efbbcc
p:  59227.856057672354
5d1b9a3c3f24444e47efbb7e
p:  142448.80112246555
5d1b9a8b544e27061defbb9a
p:  168671.2973096747
5d1b9af9dbebfd779eefbb8e
p:  120459.00718666227
5d1b9b12bedd19d16befbb84
p:  363894.89801034017
5d1b9b690a1cbc8e6fefbb7b
p:  116162.03270701063
5d1b9cf73e89ac66d6efbb99
p:  246043.75696747424
5d1b9d14a38bc94b8eefbb7a
p:  87559.66621164439
5d1b9d92544e27061defbba5
p:  169817.7843412287
5d1b9e519d44df9da0efbb9f
p:  102092.44176591327
5d1b9eb0a38bc94b8eefbb7b
p:  142467.99283112903
5d1b9fcc544e27061defbbad
p:  78589.21412896423
5d1b9fde02e1f427a5efbb7c
p:  98925.66143628089
5d1ba00902e1f427a5efbb7d
p:  284254.6569776328
5d1ba05ab3205d6f98efbbd0
p:  58763.5210241309
5d1ba0bebedd19d16befbb89
p:  414350.9768781067
5d1ba0f73f24444e47efbb86
p:  117685.28661896993
5d1ba18be9a67db486efbb97
p:  98371.89410578905
5d1ba1aa3e89ac66d6efbba8
p:  120247.75051498506
5d1ba1ff02e1f427a5efbb81
p:  81969.55872918598
5d1ba2513e89ac66d6efbbaa
p:  169528.0740398015
5d1ba285a38bc94b8eefbb81
p:  86848.94422897554
5d1ba2cd99af182c90efbb89
p:  176012.75435259833
5d1ba30999af182c90efbb8a
p:  256249.68583214
5d1ba343a38bc94b8eefbb86
p:  116911.03990431468
5d1ba34799af182c90efbb8b
p:  197416.70763142296
5d1ba3a0e9a67db486efbb98
p:  53293.892186551035
5d1ba3a99d44df9da0efbba7
p:  102092.44176591327
5d1ba3a9d2d19febacefbbae
p:  25164.99456327689
5d1ba3b599af182c90efbb8c
p:  138834.83979577082
5d1ba3c8dbebfd779eefbb9e
p:  70938.07318411994
5d1ba3c8bedd19d16befbb8d
p:  334444.41524480877
5d1ba3d9173a5e63bbefbb85
p:  77014.83277207041
5d1ba3fa99af182c90efbb8d
p:  332125.2983717095
5d1ba475d2d19febacefbbb2
p:  75736.78319161799
5d1ba4a3e9a67db486efbb99
p:  79321.3162434401
5d1ba502d2d19febacefbbb5
p:  62061.475079815005
5d1ba507b3205d6f98efbbd5
p:  37488.322850005796
5d1ba51ee9a67db486efbb9a
p:  157287.22236524025
5d1ba520bedd19d16befbb91
p:  374507.3746002619
5d1ba5dcbedd19d16befbb92
p:  391096.7579510502
5d1ba5e79d44df9da0efbbaa
p:  83638.62279658446
5d1ba635dbebfd779eefbba2
p:  149428.83873218394
5d1ba729b3205d6f98efbbd9
p:  44492.04142853565
5d1ba81eb3205d6f98efbbdb
p:  91929.63064600065
5d1ba82fe9a67db486efbb9f
p:  123273.80273813085
5d1ba8bf3f24444e47efbb8f
p:  143506.40967869258
5d1ba9ccbedd19d16befbb98
p:  283705.8850924781
5d1ba9d81b803fbd97efbbb4
p:  156648.98131882906
5d1baa24a38bc94b8eefbb8c
p:  81440.22656592765
5d1baa683e89ac66d6efbbb2
p:  299415.90616735915
5d1baa6abedd19d16befbb99
p:  247030.8573357331
5d1baa8a3f24444e47efbb93
p:  116806.15214297285
5d1baa973e89ac66d6efbbb3
p:  323421.5721199601
5d1bab510a1cbc8e6fefbb8f
p:  417678.2329122118
5d1bab7199af182c90efbb95
p:  170337.96370769147
5d1bab8d9d44df9da0efbbb0
p:  128525.69856715058
5d1bac021b803fbd97efbbb6
p:  94332.1932404527
5d1bac1db3205d6f98efbbe0
p:  190887.73785128875
5d1bac3e544e27061defbbd8
p:  148445.06858517465
5d1bac653f24444e47efbb94
p:  280322.47856691846
5d1bac80dbebfd779eefbbaa
p:  174631.43188696448
5d1bac8b544e27061defbbd9
p:  185911.04363049398
5d1bacc0e9a67db486efbba5
p:  67632.43315833753
5d1bad20a38bc94b8eefbb91
p:  168800.07095985394
5d1bad853f24444e47efbb96
p:  116806.15214297285
5d1bae18e9a67db486efbba8
p:  94278.24094465529
5d1bae4ccb0fc72085efbbad
p:  310892.8930673409
5d1baea79d44df9da0efbbb2
p:  77005.56966382053
5d1baecacb0fc72085efbbb1
p:  124778.34134762391
5d1baf33cb0fc72085efbbb5
p:  177684.30841294496
5d1baf8c0a1cbc8e6fefbb9d
p:  144742.65471936238
5d1bafaf3f24444e47efbb97
p:  175825.16607241827
5d1bafcccb0fc72085efbbb7
p:  167732.44688267977
5d1bafd10a1cbc8e6fefbb9e
p:  174868.11360104725
5d1bafded2d19febacefbbc3
p:  74377.87236063123
5d1bb0190a1cbc8e6fefbb9f
p:  398837.694044618
5d1bb035cb0fc72085efbbb9
p:  179457.37029493228
5d1bb040dbebfd779eefbbad
p:  201824.84154422162
5d1bb05acb0fc72085efbbba
p:  229647.82932881947
5d1bb06ecb0fc72085efbbbb
p:  320645.08658098435
5d1bb097cb0fc72085efbbbc
p:  309586.10601071053
5d1bb161d2d19febacefbbc5
p:  202125.48532773415
5d1bb197e9a67db486efbbab
p:  249711.3088851204
5d1bb1aecb0fc72085efbbc2
p:  177523.62287830265
5d1bb1bc0a1cbc8e6fefbba5
p:  104840.20355143925
5d1bb1dbcb0fc72085efbbc3
p:  184207.1323239328
5d1bb20ce9a67db486efbbad
p:  72415.46993765964
5d1bb2133f24444e47efbb9a
p:  115251.3079280291
5d1bb23ab3205d6f98efbbe8
p:  75209.3550892032
5d1bb2470a1cbc8e6fefbba7
p:  144649.17019853942
5d1bb2629d44df9da0efbbb8
p:  156158.41287666222
5d1bb26dcb0fc72085efbbc6
p:  167716.99520299956
5d1bb2d4dbebfd779eefbbb2
p:  87404.22947568946
5d1bb2f99d44df9da0efbbb9
p:  81222.25790879148
5d1bb30f02e1f427a5efbb8e
p:  190135.65831722465
5d1bb3c1cb0fc72085efbbcd
p:  129878.37562637645
5d1bb3ebcb0fc72085efbbcf
p:  149567.9828698918
5d1bb3ffcb0fc72085efbbd0
p:  205860.2998445714
5d1bb461544e27061defbbf4
p:  229924.12358362335
5d1bb4760a1cbc8e6fefbbaf
p:  116900.01941163975
5d1bb4a7cb0fc72085efbbd4
p:  83560.09941480341
5d1bb4a8544e27061defbbf5
p:  161144.02955456515
5d1bb4f7dbebfd779eefbbb5
p:  162298.54361271008
5d1bb51902e1f427a5efbb90
p:  271037.2148320874
5d1bb52acb0fc72085efbbd8
p:  127280.34366146248
5d1bb5d30a1cbc8e6fefbbb4
p:  94593.08177656349
5d1bb5e0d2d19febacefbbce
p:  214371.69465285158
5d1bb5fe3f24444e47efbb9d
p:  279087.1284636721
5d1bb5ff02e1f427a5efbb9a
p:  221687.88631707855
5d1bb62d02e1f427a5efbb9b
p:  153602.94803725454
5d1bb64999af182c90efbba0
p:  94999.43715030447
5d1bb65b02e1f427a5efbb9c
p:  264382.1877182521
5d1bb65c0a1cbc8e6fefbbb6
p:  107586.67485408194
5d1bb65d3f24444e47efbb9e
p:  271895.64457944524
5d1bb65ecb0fc72085efbbdf
p:  113001.8632091977
5d1bb676a38bc94b8eefbbb6
p:  71752.26817596893
5d1bb687cb0fc72085efbbe0
p:  210342.42888119942
5d1bb6993f24444e47efbb9f
p:  254178.3862343859
5d1bb6a1d2d19febacefbbd2
p:  173263.24193849537
5d1bb6b599af182c90efbba1
p:  89701.30921569675
5d1bb6bcd2d19febacefbbd3
p:  244016.90772015642
5d1bb6c3cb0fc72085efbbe1
p:  177097.751212476
5d1bb6e9cb0fc72085efbbe2
p:  113432.5902821449
5d1bb7733f24444e47efbba0
p:  139935.6456015288
5d1bb7dbbedd19d16befbbaf
p:  261712.05979391932
5d1bb7e5cb0fc72085efbbe7
p:  184207.1323239328
5d1bb7efd2d19febacefbbdd
p:  147492.24947836518
5d1bb849cb0fc72085efbbe9
p:  141280.55780580064
5d1bb86aa38bc94b8eefbbba
p:  256271.01036187157
5d1bb8830a1cbc8e6fefbbbe
p:  156509.0796768965
5d1bb8a13f24444e47efbba2
p:  98850.90379011675
5d1bb8cccb0fc72085efbbed
p:  233158.00659183034
5d1bb8d099af182c90efbba2
p:  291816.48684014456
5d1bb8e7cb0fc72085efbbee
p:  113001.8632091977
5d1bb8fed2d19febacefbbe4
p:  137691.4688427262
5d1bb90b3f24444e47efbba3
p:  184282.5324405777
5d1bb927cb0fc72085efbbf0
p:  182655.86046940985
5d1bb988bedd19d16befbbb2
p:  418960.4520168771
5d1bb9a4544e27061defbc06
p:  98602.61865019625
5d1bb9d80a1cbc8e6fefbbc3
p:  82842.11285403399
5d1bb9e8bedd19d16befbbb3
p:  261735.34452852415
5d1bb9ec544e27061defbc07
p:  221100.9399836614
5d1bba1499af182c90efbba5
p:  93351.80759579304
5d1bba1c0a1cbc8e6fefbbc4
p:  111503.12550549352
5d1bba32544e27061defbc08
p:  236570.84154034563
5d1bba49cb0fc72085efbbf6
p:  95890.17407744538
5d1bba620a1cbc8e6fefbbc5
p:  149298.1641829289
5d1bba6602e1f427a5efbb9e
p:  164584.0073814668
5d1bba7599af182c90efbba7
p:  153930.22551592265
5d1bba78544e27061defbc09
p:  114736.79948008485
5d1bbad03f24444e47efbba7
p:  432186.22798881715
5d1bbb07cb0fc72085efbbfc
p:  194698.56235333392
5d1bbb45cb0fc72085efbbfe
p:  240297.40197461465
5d1bbb60544e27061defbc0c
p:  215333.56739204004
5d1bbbc3cb0fc72085efbc02
p:  108420.79486842224
5d1bbbc499af182c90efbba8
p:  186467.56411614115
5d1bbc2299af182c90efbba9
p:  89701.30921569675
5d1bbc263f24444e47efbba8
p:  229557.89825149998
5d1bbc33544e27061defbc0f
p:  226812.96941012537
5d1bbc4ca38bc94b8eefbbc2
p:  95432.17817280714
5d1bbc78544e27061defbc10
p:  217598.52801554516
5d1bbc8adbebfd779eefbbbb
p:  157330.727309149
5d1bbc8ca38bc94b8eefbbc3
p:  98151.8093301443
5d1bbc9ecb0fc72085efbc07
p:  255953.50822861172
5d1bbccea38bc94b8eefbbc4
p:  195367.07416728063
5d1bbcd202e1f427a5efbba1
p:  158146.00230265275
5d1bbcf9a38bc94b8eefbbc5
p:  94014.5656386122
5d1bbd24a38bc94b8eefbbc6
p:  78625.47646894031
5d1bbd4d544e27061defbc13
p:  113701.05751560768
5d1bbd4ed2d19febacefbbe7
p:  134335.93378066458
5d1bbd66a38bc94b8eefbbc7
p:  144404.83790963682
5d1bbd95544e27061defbc14
p:  108938.79680043744
5d1bbdafa38bc94b8eefbbc8
p:  102894.60548834343
5d1bbdb3dbebfd779eefbbbd
p:  108081.68365590036
5d1bbdb30a1cbc8e6fefbbc7
p:  141447.372198776
5d1bbdb702e1f427a5efbba2
p:  251265.90492688317
5d1bbdeda38bc94b8eefbbc9
p:  123630.61656112899
5d1bbea8a38bc94b8eefbbcc
p:  195772.23683126067
5d1bbebf99af182c90efbbad
p:  123992.30010677778
5d1bbed7a38bc94b8eefbbcd
p:  170839.043877665
5d1bbefeb3205d6f98efbbfa
p:  1219535.9994943999
5d1bbf363f24444e47efbbaa
p:  239392.23482929537
5d1bbf65dbebfd779eefbbc0
p:  122166.41617532045
5d1bbf6902e1f427a5efbba3
p:  173992.9765728967
5d1bbf7699af182c90efbbae
p:  301437.68186781765
5d1bbf7cd2d19febacefbbe9
p:  183694.41230569762
5d1bbf91173a5e63bbefbb99
p:  130232.43937348019
5d1bbf97b3205d6f98efbbfb
p:  121753.84132014183
5d1bbfe9a38bc94b8eefbbd1
p:  102813.40597577022
5d1bc0050a1cbc8e6fefbbc9
p:  308737.02110607945
5d1bc00e544e27061defbc1d
p:  230047.8020066898
5d1bc01e3f24444e47efbbac
p:  768909.0791488645
5d1bc031a38bc94b8eefbbd2
p:  106206.36932797244
5d1bc06eb3205d6f98efbbfd
p:  133506.07573975975
5d1bc082bedd19d16befbbc1
p:  79411.15487744469
5d1bc0b6e9a67db486efbbbe
p:  170424.80594943848
5d1bc0ea544e27061defbc20
p:  311248.66844043357
5d1bc12dbedd19d16befbbc2
p:  131289.064608854
5d1bc132a38bc94b8eefbbd6
p:  118284.623211647
5d1bc15e0a1cbc8e6fefbbcb
p:  117961.94830741538
5d1bc172544e27061defbc22
p:  130577.59451674159
5d1bc1990a1cbc8e6fefbbcc
p:  130848.92137929499
5d1bc1b2cb0fc72085efbc12
p:  151743.79715904564
5d1bc1b5544e27061defbc23
p:  124874.01017861062
5d1bc1bca38bc94b8eefbbd8
p:  144333.14435214913
5d1bc200a38bc94b8eefbbd9
p:  170476.88219637008
5d1bc221cb0fc72085efbc13
p:  170045.36362964174
5d1bc230544e27061defbc25
p:  128462.48980086608
5d1bc23a02e1f427a5efbba5
p:  283362.029168078
5d1bc241544e27061defbc26
p:  132387.9785065034
5d1bc2883f24444e47efbbae
p:  136813.0858223951
5d1bc2eacb0fc72085efbc14
p:  114470.77005350156
5d1bc363a38bc94b8eefbbdd
p:  199113.49294328748
5d1bc3773f24444e47efbbaf
p:  191084.90312628355
5d1bc39da38bc94b8eefbbde
p:  90223.6046057356
5d1bc3c9173a5e63bbefbb9e
p:  95868.11962448113
5d1bc3e3a38bc94b8eefbbdf
p:  87252.5425923846
5d1bc424cb0fc72085efbc16
p:  136130.96990785224
5d1bc427dbebfd779eefbbd1
p:  115182.6914649109
5d1bc434a38bc94b8eefbbe0
p:  104125.99852906959
5d1bc473e9a67db486efbbc1
p:  195784.70835025088
5d1bc47ba38bc94b8eefbbe1
p:  125795.23617791818
5d1bc485544e27061defbc29
p:  121189.12164533339
5d1bc48b0a1cbc8e6fefbbce
p:  197399.36982253502
5d1bc4e6dbebfd779eefbbd2
p:  97584.48435436556
5d1bc4e6e9a67db486efbbc2
p:  195693.40414008434
5d1bc52fbedd19d16befbbc7
p:  423831.4134757731
5d1bc563e9a67db486efbbc3
p:  161727.7187714376
5d1bc564bedd19d16befbbc8
p:  102863.38251453103
5d1bc598544e27061defbc2b
p:  203335.777928592
5d1bc5b60a1cbc8e6fefbbcf
p:  333832.26744473213
5d1bc5c6a38bc94b8eefbbe6
p:  151931.72408246715
5d1bc5f8a38bc94b8eefbbe7
p:  60831.3534170472
5d1bc605cb0fc72085efbc19
p:  182024.9823179347
5d1bc61e173a5e63bbefbb9f
p:  112952.41250086154
5d1bc63499af182c90efbbbf
p:  103872.6717927075
5d1bc6513f24444e47efbbb1
p:  212768.2031303233
5d1bc659173a5e63bbefbba0
p:  274223.74627163145
5d1bc685dbebfd779eefbbd4
p:  221743.53455531507
5d1bc6d1bedd19d16befbbca
p:  100674.98089428985
5d1bc6f2a38bc94b8eefbbeb
p:  132759.44378284027
5d1bc702b3205d6f98efbc03
p:  276444.8576009163
5d1bc7100a1cbc8e6fefbbd0
p:  194693.05811161883
5d1bc770a38bc94b8eefbbed
p:  112540.38714251977
5d1bc771bedd19d16befbbcd
p:  109725.02458834577
5d1bc788dbebfd779eefbbd8
p:  257345.43439785586
5d1bc79802e1f427a5efbba9
p:  238516.59463388007
5d1bc7b2a38bc94b8eefbbee
p:  88799.43826636884
5d1bc7b3e9a67db486efbbc4
p:  385707.64181838906
5d1bc7c6544e27061defbc2d
p:  135320.814141648
5d1bc7c9dbebfd779eefbbd9
p:  101044.02471683413
5d1bc7f1bedd19d16befbbce
p:  109725.02458834577
5d1bc7f202e1f427a5efbbaa
p:  187022.3245183571
5d1bc7fba38bc94b8eefbbef
p:  110609.24504421465
5d1bc810dbebfd779eefbbda
p:  174784.81000546843
5d1bc844a38bc94b8eefbbf0
p:  81524.71307335785
5d1bc85cdbebfd779eefbbdb
p:  220192.51629619402
5d1bc87c173a5e63bbefbba3
p:  161738.8204359723
5d1bc882d2d19febacefbbf1
p:  153395.27150372777
5d1bc8bb544e27061defbc2e
p:  128359.45192300517
5d1bc8d9d2d19febacefbbf2
p:  222562.54023532418
5d1bc8dae9a67db486efbbc5
p:  191964.81348926947
5d1bc90bbedd19d16befbbd1
p:  321823.0611890856
5d1bc91f173a5e63bbefbba4
p:  187680.55550696413
5d1bc92a544e27061defbc2f
p:  145570.513240714
5d1bc92cdbebfd779eefbbde
p:  106317.18072943512
5d1bc9450a1cbc8e6fefbbd3
p:  243147.69105569477
5d1bc951bedd19d16befbbd2
p:  89442.02680147291
5d1bc954e9a67db486efbbc7
p:  185960.46534879948
5d1bc974dbebfd779eefbbdf
p:  92644.84022510896
5d1bc9abb3205d6f98efbc06
p:  134637.79315058992
5d1bc9aebedd19d16befbbd3
p:  252616.50045925
5d1bc9b3cb0fc72085efbc1c
p:  159039.1314392679
5d1bc9badbebfd779eefbbe0
p:  387189.06408107013
5d1bc9c3544e27061defbc31
p:  314565.10528017045
5d1bca1d544e27061defbc32
p:  342625.6998598883
5d1bca24e9a67db486efbbc8
p:  321782.2111808999
5d1bca301b803fbd97efbbdb
p:  97869.33259876513
5d1bca5ecb0fc72085efbc1d
p:  221260.1636998436
5d1bca7ca38bc94b8eefbbf5
p:  145830.89904848242
5d1bca8802e1f427a5efbbae
p:  208904.27627695823
5d1bca89dbebfd779eefbbe3
p:  100449.57936990634
5d1bcace99af182c90efbbc8
p:  123487.20921263345
5d1bcacfe9a67db486efbbc9
p:  190232.92712720676
5d1bcaea02e1f427a5efbbaf
p:  166911.1501158058
5d1bcb20173a5e63bbefbba5
p:  174712.63668470792
5d1bcb390a1cbc8e6fefbbd4
p:  134561.41504536077
5d1bcb7de9a67db486efbbca
p:  152359.2492728412
5d1bcbd0173a5e63bbefbba6
p:  316262.6019187247
5d1bcbdc9d44df9da0efbbdc
p:  120351.66017665458
5d1bcbe10a1cbc8e6fefbbd5
p:  264404.69204817986
5d1bcc25bedd19d16befbbd7
p:  122101.9194979294
5d1bcc60bedd19d16befbbd8
p:  99952.54034254239
5d1bcc7002e1f427a5efbbb1
p:  156640.66629632632
5d1bcc9acb0fc72085efbc21
p:  216845.9549786384
5d1bccae02e1f427a5efbbb2
p:  187022.3245183571
5d1bcd31cb0fc72085efbc22
p:  114470.77005350156
5d1bcd4199af182c90efbbca
p:  149374.74265447422
5d1bcd48173a5e63bbefbba8
p:  244242.29680936405
5d1bcd663e89ac66d6efbbe0
p:  300367.39055993885
5d1bcd7802e1f427a5efbbb3
p:  347932.3139882965
5d1bcd94d2d19febacefbbf9
p:  138164.70699918873
5d1bce34a38bc94b8eefbbf9
p:  109214.47212353646
5d1bce3ae9a67db486efbbcd
p:  170424.80594943848
5d1bce58cb0fc72085efbc24
p:  332819.22216803744
5d1bce8fd2d19febacefbbfa
p:  539060.606538784
5d1bceae9d44df9da0efbbde
p:  127745.93671692554
5d1bcebf0a1cbc8e6fefbbd8
p:  301247.33393000724
5d1bcec1bedd19d16befbbda
p:  234260.9216736455
5d1bcec7cb0fc72085efbc25
p:  114852.14179680998
5d1bceca02e1f427a5efbbb5
p:  330040.2454030978
5d1bcf41bedd19d16befbbdb
p:  119932.7288286534
5d1bcf799d44df9da0efbbdf
p:  108709.13373767049
5d1bcfa8a38bc94b8eefbbfb
p:  77320.7975511896
5d1bcfbf544e27061defbc38
p:  235851.14850230276
5d1bcfd63f24444e47efbbb8
p:  166957.50040246907
5d1bd019b3205d6f98efbc0c
p:  214985.1426457878
5d1bd0289d44df9da0efbbe1
p:  139298.87143654327
5d1bd069a38bc94b8eefbbfd
p:  96168.25924756346
5d1bd072173a5e63bbefbbab
p:  631047.5950531894
5d1bd0883f24444e47efbbb9
p:  196736.57509882783
5d1bd09102e1f427a5efbbb7
p:  167352.64477434597
5d1bd09ce9a67db486efbbd0
p:  239767.88575413125
5d1bd0c39d44df9da0efbbe2
p:  104111.38505484015
5d1bd0ebdbebfd779eefbbfa
p:  333868.1447023146
5d1bd132e9a67db486efbbd1
p:  170424.80594943848
5d1bd13adbebfd779eefbbfb
p:  318868.0703371654
5d1bd152544e27061defbc3b
p:  260419.11892010164
5d1bd184dbebfd779eefbbfc
p:  166061.34522697644
5d1bd1949d44df9da0efbbe3
p:  205401.95579687043
5d1bd1c7dbebfd779eefbbfd
p:  122924.71605159929
5d1bd218e9a67db486efbbd3
p:  200731.97155597876
5d1bd21b0a1cbc8e6fefbbdb
p:  191519.57907995928
5d1bd2293f24444e47efbbba
p:  129736.06139452345
5d1bd24c1b803fbd97efbbe8
p:  144695.05241779122
5d1bd279cb0fc72085efbc2b
p:  162247.99758446252
5d1bd2cf1b803fbd97efbbe9
p:  131302.36299377494
5d1bd2d20a1cbc8e6fefbbdc
p:  326460.1104366953
5d1bd2d83e89ac66d6efbbe7
p:  681115.5743336226
5d1bd320544e27061defbc3d
p:  204589.26280533458
5d1bd3670a1cbc8e6fefbbdd
p:  144861.56920177795
5d1bd3bedbebfd779eefbc04
p:  188908.76701430988
5d1bd3ce3f24444e47efbbbb
p:  141825.64493519644
5d1bd400dbebfd779eefbc05
p:  122924.71605159929
5d1bd429544e27061defbc3e
p:  193576.5330619731
5d1bd48bdbebfd779eefbc07
p:  205813.85119837613
5d1bd4b99d44df9da0efbbe6
p:  170977.55616815016
5d1bd528544e27061defbc3f
p:  128989.0998219375
5d1bd568e9a67db486efbbd4
p:  253620.07394161026
5d1bd58d0a1cbc8e6fefbbdf
p:  138607.66208217887
5d1bd59cdbebfd779eefbc0b
p:  178271.65282897043
5d1bd5c20a1cbc8e6fefbbe0
p:  118501.65451807043
5d1bd5cc1b803fbd97efbbeb
p:  262659.15051194327
5d1bd5ee02e1f427a5efbbbb
p:  252521.7519971518
5d1bd5fdcb0fc72085efbc2e
p:  160343.3988026061
5d1bd61d02e1f427a5efbbbc
p:  327901.37884523155
5d1bd61f0a1cbc8e6fefbbe1
p:  118926.2088616027
5d1bd624544e27061defbc40
p:  330545.90209153644
5d1bd646bedd19d16befbbe8
p:  124957.90102013179
5d1bd668dbebfd779eefbc0e
p:  251418.6930771023
5d1bd69d3f24444e47efbbbc
p:  277973.39288472733
5d1bd6a302e1f427a5efbbbe
p:  314898.17105936125
5d1bd6db9d44df9da0efbbeb
p:  178316.4707064348
5d1bd6dda38bc94b8eefbc02
p:  102375.8314619613
5d1bd72d9d44df9da0efbbed
p:  161294.02148096234
5d1bd72e02e1f427a5efbbc0
p:  340458.63457755256
5d1bd7343f24444e47efbbbd
p:  130746.08737848612
5d1bd739173a5e63bbefbbb1
p:  494374.19439636025
5d1bd7569d44df9da0efbbee
p:  97983.83431378752
5d1bd7790a1cbc8e6fefbbe2
p:  203946.94194354955
5d1bd796b3205d6f98efbc19
p:  122240.4704069075
5d1bd7afa38bc94b8eefbc03
p:  92231.88377436879
5d1bd7b01b803fbd97efbbed
p:  179147.46302520143
5d1bd7e0e9a67db486efbbd7
p:  211577.93926289392
5d1bd7e99d44df9da0efbbf1
p:  105899.82998700856
5d1bd7ef0a1cbc8e6fefbbe3
p:  208029.71596882722
5d1bd80d9d44df9da0efbbf2
p:  193402.32585443062
5d1bd811a38bc94b8eefbc04
p:  90232.96987559137
5d1bd81ad2d19febacefbc07
p:  256119.3344539362
5d1bd849b3205d6f98efbc1a
p:  292120.63834698533
5d1bd849e9a67db486efbbd8
p:  129588.74230551545
5d1bd85002e1f427a5efbbc4
p:  340585.9702228757
5d1bd8523f24444e47efbbbf
p:  103538.82139608805
5d1bd89be9a67db486efbbd9
p:  161727.7187714376
5d1bd8a61b803fbd97efbbee
p:  119423.89661509788
5d1bd8f71b803fbd97efbbef
p:  215106.42824738618
5d1bd9173f24444e47efbbc0
p:  166957.50040246907
5d1bd92f02e1f427a5efbbc7
p:  177927.51108201046
5d1bd93ab3205d6f98efbc1c
p:  132219.29757487425
5d1bd957e9a67db486efbbda
p:  204474.25231979997
5d1bd99a3f24444e47efbbc1
p:  285671.4699164207
5d1bd9c49d44df9da0efbbf5
p:  235068.0469203781
5d1bd9dd544e27061defbc42
p:  347517.6821395772
5d1bd9e7a38bc94b8eefbc05
p:  146666.62126343732
5d1bda1e9d44df9da0efbbf7
p:  213027.0833132602
5d1bda281b803fbd97efbbf1
p:  149083.17231808283
5d1bda76a38bc94b8eefbc06
p:  188830.70186063874
5d1bdab6e9a67db486efbbdb
p:  131044.25823642379
5d1bdae61b803fbd97efbbf4
p:  222405.98298148502
5d1bdb00e9a67db486efbbdc
p:  252560.6598678354
5d1bdb0ca38bc94b8eefbc07
p:  102538.854637392
5d1bdb379d44df9da0efbbf8
p:  135467.30239184102
5d1bdb6cb3205d6f98efbc1e
p:  139111.18274000718
5d1bdb879d44df9da0efbbf9
p:  105811.45353152751
5d1bdbda0a1cbc8e6fefbbe5
p:  325142.639430398
5d1bdc1cb3205d6f98efbc1f
p:  125616.00599178746
5d1bdc3b1b803fbd97efbbf6
p:  215106.42824738618
5d1bdc40e9a67db486efbbde
p:  239310.19383445694
5d1bdc6e02e1f427a5efbbd3
p:  164945.45422759734
5d1bdc77e9a67db486efbbdf
p:  146111.21051234799
5d1bdcb702e1f427a5efbbd4
p:  228738.69929863204
5d1bdcc5e9a67db486efbbe0
p:  296077.3315265892
5d1bdce00a1cbc8e6fefbbe6
p:  130694.33983383802
5d1bdce8b3205d6f98efbc20
p:  132258.84000418655
5d1bdd149d44df9da0efbbfc
p:  95310.81390453727
5d1bdd480a1cbc8e6fefbbe7
p:  291692.84270051314
5d1bddb21b803fbd97efbbf7
p:  352573.49311117904
5d1bdddce9a67db486efbbe2
p:  197319.59016244498
5d1bddefa38bc94b8eefbc08
p:  167853.95738137077
5d1bde691b803fbd97efbbf8
p:  241819.7238140483
5d1bde820a1cbc8e6fefbbe8
p:  227578.61124595586
5d1bdebedbebfd779eefbc1b
p:  162095.64656724836
5d1bded6d2d19febacefbc12
p:  383491.437038296
5d1bdef3a38bc94b8eefbc09
p:  194245.29303341813
5d1bdf0e0a1cbc8e6fefbbea
p:  190868.89953246695
5d1bdf1e3f24444e47efbbc4
p:  221872.33715596524
5d1bdf21e9a67db486efbbe3
p:  294595.4397790591
5d1bdf33b3205d6f98efbc22
p:  139836.79655378818
5d1bdf560a1cbc8e6fefbbeb
p:  110079.59146901654
5d1bdf6aa38bc94b8eefbc0a
p:  149627.30298906227
5d1bdf8702e1f427a5efbbde
p:  256095.20339491195
5d1bdf9d99af182c90efbbdc
p:  162786.3062586155
5d1bdf9d0a1cbc8e6fefbbec
p:  129505.34580236714
5d1bdfac3f24444e47efbbc5
p:  291806.8175883421
5d1bdfeca38bc94b8eefbc0b
p:  71963.9972052525
5d1be0173f24444e47efbbc6
p:  210312.61623841745
5d1be027cb0fc72085efbc35
p:  108721.49797854028
5d1be0411b803fbd97efbbfa
p:  289160.32514784497
5d1be042e9a67db486efbbe5
p:  335015.93436825456
5d1be04d3f24444e47efbbc7
p:  216553.22883143811
5d1be05802e1f427a5efbbe1
p:  177927.51108201046
5d1be07e0a1cbc8e6fefbbef
p:  226050.3939310932
5d1be091a38bc94b8eefbc0c
p:  95973.484527275
5d1be09d02e1f427a5efbbe2
p:  144267.4791278967
5d1be0c20a1cbc8e6fefbbf0
p:  183106.09387580503
5d1be105b3205d6f98efbc25
p:  148180.17471914255
5d1be146dbebfd779eefbc20
p:  103046.97758364398
5d1be1480a1cbc8e6fefbbf2
p:  400774.97288907145
5d1be184544e27061defbc49
p:  217623.9907299006
5d1be1a2b3205d6f98efbc27
p:  207497.81416041986
5d1be1b01b803fbd97efbbfb
p:  152056.97714385495
5d1be1d6a38bc94b8eefbc0d
p:  191719.25060029438
5d1be220bedd19d16befbbf4
p:  275734.41467953316
5d1be2423f24444e47efbbc9
p:  103538.82139608805
5d1be24e173a5e63bbefbbbe
p:  90526.3928536547
5d1be2791b803fbd97efbbfe
p:  285560.27811883786
5d1be2a30a1cbc8e6fefbbf7
p:  117961.94830741538
5d1be2a3544e27061defbc4a
p:  246956.93211625866
5d1be2baa38bc94b8eefbc0e
p:  80915.37669713343
5d1be2be1b803fbd97efbbff
p:  306067.51797618053
5d1be2ccb3205d6f98efbc2b
p:  178608.87511661774
5d1be2e60a1cbc8e6fefbbf8
p:  130848.7759722799
5d1be32abedd19d16befbbf5
p:  201900.10623916044
5d1be345544e27061defbc4c
p:  267643.2362453431
5d1be35299af182c90efbbe3
p:  139995.30490155434
5d1be354b3205d6f98efbc2d
p:  176717.3009284864
5d1be38902e1f427a5efbbed
p:  177927.51108201046
5d1be398b3205d6f98efbc2e
p:  119818.25047140157
5d1be3dfe9a67db486efbbe9
p:  161727.7187714376
5d1be3f4dbebfd779eefbc22
p:  124331.29491940247
5d1be467dbebfd779eefbc24
p:  118707.76957868613
5d1be4710a1cbc8e6fefbbf9
p:  203003.65521601104
5d1be473544e27061defbc4e
p:  138813.