Current date and time: 2020-06-07 15:34:20
Successfully connect to DB.
For ['Bristol', 'Providence']#################################################################
train score for random_forest: 0.9522247858962034
test score for random_forest: 0.5499311965471871
The mean absolute error is:$ 85445.89145387392
r_Score: 0.6056530810740173
Voting Regressor (in): 0.9737956543572764
Voting Regressor: 0.6056530810740173
5d0a47351ee4a5076f581dc7
p:  267874.51947981963
5d0a479eb2f75d3df5581dc8
p:  304948.8039174945
5d0a4880acb7179046581dcc
p:  186570.0044901367
5d0a4961b2f75d3df5581dd3
p:  248955.8516929874
5d0a4965b2f75d3df5581dd4
p:  243088.91381574777
5d0a497ff2d5a48797581dca
p:  184428.69039007172
5d0a499e39dc69b348581dc8
p:  340835.0223879999
5d0a49ad1ee4a5076f581dcc
p:  336459.4940989504
5d0a49cd3f34c8bd3a581dcf
p:  357863.7961820303
5d0a4a001ee4a5076f581dcf
p:  323353.90622752206
5d0a4a0d3f34c8bd3a581dd0
p:  379447.3116725816
5d0a4a4ff2d5a48797581dce
p:  364874.3463044808
5d0a4aa33f34c8bd3a581dd2
p:  647411.8910171548
5d0a4ad7f2d5a48797581dd1
p:  196660.32296905795
5d0a4b421ee4a5076f581dd1
p:  268765.9562145354
5d0a4c313f34c8bd3a581dd8
p:  360780.28337322886
5d0a4c43e8823e5412581dd8
p:  256170.89063405612
5d0a4cb73f34c8bd3a581dda
p:  363140.99752654624
5d0a4d413f34c8bd3a581ddc
p:  492609.9067069366
5d0a4d7e61a878035f581dd4
p:  168919.85884582408
5d0a4dc43f34c8bd3a581dde
p:  333858.0616297303
5d0a4eb261a878035f581dd8
p:  323735.7077147145
5d0a4f7a6797570b8b581df5
p:  274533.51159064303
5d0a4f7fe0fd852f28581ddf
p:  256244.86918243452
5d0a50496797570b8b581df8
p:  214980.63231914057
5d0a50516797570b8b581df9
p:  159999.5204226276
5d0a505b6797570b8b581dfa
p:  281848.9863199744
5d0a5182e0fd852f28581de2
p:  201778.27947591757
5d0a518f6797570b8b581e02
p:  143984.85482198093
5d0a51946797570b8b581e03
p:  208375.95103394293
5d0a52253f34c8bd3a581ded
p:  439194.05220214
5d0a523a6797570b8b581e08
p:  269428.91673490487
5d0a52456797570b8b581e0a
p:  185131.8626929806
5d0a524a6797570b8b581e0b
p:  269661.239296903
5d0a524f6797570b8b581e0c
p:  260198.31666705804
5d0a5250e0fd852f28581de4
p:  292887.7571525841
5d0a52566797570b8b581e0d
p:  219042.58249937568
5d0a525a6797570b8b581e0e
p:  243889.26139874913
5d0a5273e0fd852f28581de5
p:  237936.98120760894
5d0a528ae0fd852f28581de6
p:  292887.7571525841
5d0a529839dc69b348581def
p:  309332.6077093214
5d0a529c39dc69b348581df0
p:  226801.82945110858
5d0a529db2f75d3df5581e00
p:  239263.84273164155
5d0a52afb2f75d3df5581e01
p:  266137.66178118327
5d0a52b5b2f75d3df5581e02
p:  110284.86801892053
5d0a52bdb2f75d3df5581e03
p:  720431.1098478558
5d0a52c1b2f75d3df5581e04
p:  133738.26311258163
5d0a52e23f34c8bd3a581df0
p:  547575.471677717
5d0a52e86797570b8b581e11
p:  224765.99863856245
5d0a52ea61a878035f581de1
p:  177061.71589039467
5d0a52f16797570b8b581e12
p:  190451.79872983578
5d0a52fa6797570b8b581e13
p:  259804.08992701775
5d0a52ff61a878035f581de2
p:  177061.71589039467
5d0a530c6797570b8b581e15
p:  212443.4791050045
5d0a531561a878035f581de3
p:  289400.0948679848
5d0a531839dc69b348581df1
p:  435047.0673671504
5d0a532161a878035f581de4
p:  184986.0098706513
5d0a53223f34c8bd3a581df1
p:  553303.7005559076
5d0a533161a878035f581de5
p:  177061.71589039467
5d0a533be0fd852f28581de9
p:  293021.43635986955
5d0a534c39dc69b348581df3
p:  266654.9385132595
5d0a53516797570b8b581e16
p:  153487.01184196578
5d0a5379f2d5a48797581df0
p:  209048.1534659993
5d0a537e6797570b8b581e17
p:  360922.68873292685
5d0a5384acb7179046581df5
p:  212232.76853522647
5d0a53856797570b8b581e18
p:  229462.96598662727
5d0a538dacb7179046581df6
p:  156026.08431550302
5d0a53d36797570b8b581e19
p:  263371.346943575
5d0a53e53f34c8bd3a581df4
p:  1248538.347916658
5d0a53e939dc69b348581df5
p:  300461.5485306658
5d0a5415f2d5a48797581df7
p:  275396.72443633643
5d0a5421f2d5a48797581df8
p:  152500.84463579458
5d0a543461a878035f581deb
p:  311155.7497430406
5d0a543f6797570b8b581e1c
p:  230257.03466461925
5d0a545eacb7179046581df7
p:  205010.33600961324
5d0a5469acb7179046581df8
p:  248500.38253088275
5d0a5471acb7179046581df9
p:  280332.7604859088
5d0a5478acb7179046581dfa
p:  122248.1856883644
5d0a54b339dc69b348581dfb
p:  273053.8525600872
5d0a54b4acb7179046581dff
p:  240344.85529482475
5d0a54b8336c0983a1581e0f
p:  372817.17235675163
5d0a54bc39dc69b348581dfc
p:  231388.6819126749
5d0a54e0e0fd852f28581dec
p:  457461.9688038409
5d0a54e33f34c8bd3a581df8
p:  189445.28625268262
5d0a54e8e0fd852f28581ded
p:  233457.77718094757
5d0a54efe0fd852f28581dee
p:  894816.2014771348
5d0a54f9e0fd852f28581def
p:  233457.77718094757
5d0a54ffe0fd852f28581df0
p:  310589.3551385201
5d0a55253f34c8bd3a581df9
p:  200115.90246049155
5d0a55643f34c8bd3a581dfa
p:  163651.76425399978
5d0a5592b2f75d3df5581e0e
p:  201794.92937758414
5d0a55a53f34c8bd3a581dfb
p:  269482.63599319436
5d0a55ea3f34c8bd3a581dfc
p:  316798.2977471223
5d0a56393f34c8bd3a581dfd
p:  329167.4448471838
5d0a567a3f34c8bd3a581dfe
p:  433789.35913464084
5d0a56b83f34c8bd3a581dff
p:  288695.4767220847
5d0a56f83f34c8bd3a581e00
p:  711814.5265609487
5d0a57373f34c8bd3a581e01
p:  302573.05720210756
5d0a574639dc69b348581e04
p:  241066.50175341737
5d0a57763f34c8bd3a581e02
p:  290408.8580499456
5d0a57f23f34c8bd3a581e04
p:  238149.56662344595
5d0a57fd39dc69b348581e0b
p:  252098.05336443905
5d0a58333f34c8bd3a581e05
p:  1052184.05323495
5d0a58b43f34c8bd3a581e07
p:  875879.1445756949
5d0a59393f34c8bd3a581e09
p:  163651.76425399978
5d0a59803f34c8bd3a581e0a
p:  297758.4658885059
5d0a59d53f34c8bd3a581e0b
p:  300784.71261098294
5d0a5a143f34c8bd3a581e0c
p:  583212.3890367474
5d0a5a563f34c8bd3a581e0d
p:  348263.15861529094
5d0a5adb3f34c8bd3a581e0f
p:  158934.92982066775
5d0a5b6a3f34c8bd3a581e11
p:  253932.37931450005
5d0a5bf63f34c8bd3a581e13
p:  257405.44425327968
5d0a5c343f34c8bd3a581e14
p:  378351.2602227457
5d0a5d2a3f34c8bd3a581e17
p:  490636.186303209
5d0a5d6c3f34c8bd3a581e18
p:  442898.92295030307
5d0a5dfd3f34c8bd3a581e1a
p:  326938.30745054747
5d0a5e4b3f34c8bd3a581e1b
p:  420291.1923172908
5d0a5f6d3f34c8bd3a581e1f
p:  406310.11281156645
5d0a60013f34c8bd3a581e21
p:  203901.30830892106
5d0a617a3f34c8bd3a581e27
p:  163017.7733014594
5d0a628a3f34c8bd3a581e2b
p:  336655.5983217163
5d0a63083f34c8bd3a581e2d
p:  301217.07040021586
5d0a63493f34c8bd3a581e2e
p:  481721.71379821695
5d0a63883f34c8bd3a581e2f
p:  564079.8983542557
5d0a63c93f34c8bd3a581e30
p:  618551.9582539134
5d0a64083f34c8bd3a581e31
p:  476328.12831680215
5d0d19ee43207cb60914ad78
p:  232584.07387089034
5d479138d57846aad03cb4c4
p:  340936.9529955212
For ['Kent']#################################################################
train score for random_forest: 0.9506881748356794
test score for random_forest: 0.6750538697917745
The mean absolute error is:$ 65333.756380775085
r_Score: 0.6732184407522076
Voting Regressor (in): 0.9771761480398773
Voting Regressor: 0.6732184407522076
5d0a4809336c0983a1581dc9
p:  380833.52088403463
5d0a484be8823e5412581dcb
p:  166685.60990844067
5d0a485ae8823e5412581dcc
p:  372924.5979684824
5d0a48bae0fd852f28581dd1
p:  746047.6704611226
5d0a48d1e8823e5412581dce
p:  175214.49082795798
5d0a490be8823e5412581dd0
p:  269222.7172228866
5d0a4915e8823e5412581dd1
p:  325034.98543506674
5d0a49a0e8823e5412581dd2
p:  270718.3215018575
5d0a49b3e8823e5412581dd3
p:  627563.2878041008
5d0a4d056797570b8b581de5
p:  147088.50971806952
5d0a4d156797570b8b581de8
p:  322892.48686724994
5d0a4d3f39dc69b348581ddb
p:  306963.33887090866
5d0a4dafe8823e5412581de2
p:  191972.04927437165
5d0a4e056797570b8b581de9
p:  382378.5997411853
5d0a4e31e8823e5412581de3
p:  243050.7329179746
5d0a4e3ae8823e5412581de4
p:  229238.17199364712
5d0a4e5339dc69b348581de4
p:  176212.15726717
5d0a4e6139dc69b348581de5
p:  841589.1331750368
5d0a4ee839dc69b348581de7
p:  195603.1268602812
5d0a4f0c6797570b8b581ded
p:  272435.4824556227
5d0a4f6d39dc69b348581de9
p:  248710.377019523
5d0a5005e8823e5412581df1
p:  164712.62946362508
5d0a5025e8823e5412581df2
p:  223743.68408279732
5d0a50a4e8823e5412581df3
p:  106303.60217080935
5d0a5106e8823e5412581df6
p:  187510.854703415
5d0a517be8823e5412581dfa
p:  233451.98375572418
For ['Washington', 'Newport']#################################################################
train score for random_forest: 0.9046764060588822
test score for random_forest: 0.4244905912344575
The mean absolute error is:$ 423798.6815877668
r_Score: 0.4340098934565657
Voting Regressor (in): 0.9463590802560197
Voting Regressor: 0.4340098934565657
5d0a477c8b3ebca59b581dc7
p:  603652.2351391655
5d0a47c51ee4a5076f581dc8
p:  560542.6159649461
5d0a47d88b3ebca59b581dcb
p:  246369.26845257368
5d0a47e48b3ebca59b581dcc
p:  246369.26845257368
5d0a47f46797570b8b581dcb
p:  656405.2009518882
5d0a47fb6797570b8b581dcc
p:  609781.8325431162
5d0a47fd8b3ebca59b581dcd
p:  1274727.112572853
5d0a48076797570b8b581dcd
p:  585247.5435766303
5d0a480e6797570b8b581dce
p:  408225.47310334013
5d0a481c6797570b8b581dcf
p:  709719.4723580388
5d0a48256797570b8b581dd0
p:  432417.0673705711
5d0a48316797570b8b581dd1
p:  652809.310995056
5d0a483c6797570b8b581dd2
p:  304120.56520632165
5d0a48426797570b8b581dd3
p:  607809.2368348166
5d0a484b6797570b8b581dd4
p:  665047.4923204707
5d0a48566797570b8b581dd5
p:  688322.8654142255
5d0a48626797570b8b581dd6
p:  1067880.5151960496
5d0a48ac336c0983a1581dcd
p:  255558.1858422185
5d0a48b3336c0983a1581dce
p:  247038.01481733785
5d0a49198b3ebca59b581dcf
p:  603076.1758249317
5d0a491d336c0983a1581dd0
p:  763042.6489933415
5d0a492f336c0983a1581dd1
p:  550011.0985956031
5d0a493db2f75d3df5581dd1
p:  285336.8647405971
5d0a494b8b3ebca59b581dd2
p:  368702.32531814196
5d0a49af61a878035f581dca
p:  533756.4289927833
5d0a4a3bb2f75d3df5581ddc
p:  342012.3834014782
5d0a4a4a8b3ebca59b581dd4
p:  473539.33604498766
5d0a4a4c336c0983a1581dd2
p:  311030.5184086699
5d0a4a538b3ebca59b581dd5
p:  636778.2676580469
5d0a4a5e8b3ebca59b581dd7
p:  482930.79836088035
5d0a4a6a8b3ebca59b581dd8
p:  525913.3376743426
5d0a4a9a336c0983a1581dd3
p:  409243.4486144894
5d0a4aab336c0983a1581dd4
p:  255558.1858422185
5d0a4ac4336c0983a1581dd5
p:  968594.0194251197
5d0a4acb8b3ebca59b581ddb
p:  2318698.5202521984
5d0a4ad9336c0983a1581dd6
p:  328707.1744255988
5d0a4aed336c0983a1581dd7
p:  488818.8942801673
5d0a4b308b3ebca59b581ddc
p:  503481.3981376414
5d0a4b4339dc69b348581dcf
p:  410743.2824950857
5d0a4b4839dc69b348581dd0
p:  474266.6920293317
5d0a4b4e8b3ebca59b581ddd
p:  845405.1259858159
5d0a4b658b3ebca59b581dde
p:  902328.4388424797
5d0a4b698b3ebca59b581ddf
p:  346627.79167432257
5d0a4b6d8b3ebca59b581de0
p:  297563.65077163023
5d0a4b728b3ebca59b581de1
p:  614112.3282374294
5d0a4b7e8b3ebca59b581de2
p:  889139.1333082456
5d0a4b86b2f75d3df5581dde
p:  403429.1716034672
5d0a4b861ee4a5076f581dd5
p:  574752.3396515213
5d0a4b8939dc69b348581dd2
p:  273256.96899650607
5d0a4b9439dc69b348581dd4
p:  303139.2072989636
5d0a4b9ab2f75d3df5581ddf
p:  626587.9709771118
5d0a4ba0b2f75d3df5581de0
p:  539094.141007239
5d0a4ba7b2f75d3df5581de1
p:  217027.05561843616
5d0a4baab2f75d3df5581de2
p:  627005.8080580055
5d0a4bb56797570b8b581ddc
p:  309554.43968711194
5d0a4bbfb2f75d3df5581de3
p:  347316.44619690295
5d0a4be4b2f75d3df5581de4
p:  464603.4608050764
5d0a4be8b2f75d3df5581de5
p:  383654.81656810245
5d0a4bf16797570b8b581ddd
p:  387377.1041979259
5d0a4c1c336c0983a1581dd8
p:  602042.3350085798
5d0a4c24336c0983a1581dd9
p:  309410.32614323194
5d0a4c3bf2d5a48797581dd4
p:  324337.9312348294
5d0a4c4ff2d5a48797581dd5
p:  324294.335010628
5d0a4c71b2f75d3df5581de6
p:  827264.4000077986
5d0a4c75f2d5a48797581dd6
p:  389691.8941363599
5d0a4c75336c0983a1581dda
p:  589230.5865854612
5d0a4c91336c0983a1581ddb
p:  1440633.4746220668
5d0a4c9ab2f75d3df5581de7
p:  393963.3171521879
5d0a4c9b336c0983a1581ddc
p:  433743.8753723545
5d0a4ca3336c0983a1581ddd
p:  425406.47276713117
5d0a4cbdb2f75d3df5581de8
p:  263654.0959972752
5d0a4cfa1ee4a5076f581ddd
p:  501725.73868283525
5d0a4d051ee4a5076f581dde
p:  413004.74795676104
5d0a4d36f2d5a48797581dd7
p:  466041.51419823366
5d0a4d3cb2f75d3df5581de9
p:  481241.45460664923
5d0a4d3e8b3ebca59b581de3
p:  1430259.6079664251
5d0a4d478b3ebca59b581de4
p:  444272.4578543911
5d0a4d4af2d5a48797581dd8
p:  421576.4772548268
5d0a4d4b336c0983a1581dde
p:  402385.7164625599
5d0a4d528b3ebca59b581de5
p:  1369770.7760155504
5d0a4d5b8b3ebca59b581de6
p:  447172.94823459
5d0a4d5facb7179046581dd6
p:  424393.43673479033
5d0a4d678b3ebca59b581de7
p:  630398.6448342083
5d0a4d6e8b3ebca59b581de8
p:  1360645.988958457
5d0a4d788b3ebca59b581de9
p:  282496.34391653386
5d0a4d868b3ebca59b581dea
p:  478854.29453570035
5d0a4d908b3ebca59b581deb
p:  526505.3397183127
5d0a4d988b3ebca59b581dec
p:  439907.6727644213
5d0a4dc3b2f75d3df5581ded
p:  503451.7764656346
5d0a4dd4b2f75d3df5581dee
p:  389410.3912318254
5d0a4de7b2f75d3df5581def
p:  392287.1224736038
5d0a4e02b2f75d3df5581df0
p:  308459.7578227208
5d0a4e07336c0983a1581ddf
p:  384857.65479982144
5d0a4e13f2d5a48797581ddb
p:  535638.1263305235
5d0a4e2db2f75d3df5581df2
p:  366306.79948898195
5d0a4e3bacb7179046581dd8
p:  457193.44376038056
5d0a4e3e1ee4a5076f581de2
p:  510877.986166569
5d0a4e4aacb7179046581dda
p:  544834.2908097415
5d0a4e4eb2f75d3df5581df3
p:  564531.358232669
5d0a4e5db2f75d3df5581df4
p:  477378.6136218021
5d0a4e5eacb7179046581ddd
p:  502725.0688215707
5d0a4e63acb7179046581dde
p:  509974.85231788515
5d0a4e681ee4a5076f581de4
p:  1243870.695742888
5d0a4e801ee4a5076f581de5
p:  801958.267007947
5d0a4e8e1ee4a5076f581de6
p:  753686.9595148703
5d0a4eb1b2f75d3df5581df7
p:  386708.72556977667
5d0a4ec8acb7179046581de0
p:  334440.21668567276
5d0a4eda1ee4a5076f581de9
p:  406995.4680276554
5d0a4eed1ee4a5076f581dea
p:  501073.4461119296
5d0a4ef7336c0983a1581de0
p:  569711.267382262
5d0a4efb336c0983a1581de1
p:  569711.267382262
5d0a4f01336c0983a1581de2
p:  419319.8499155141
5d0a4f05b2f75d3df5581dfa
p:  464603.4608050764
5d0a4f05acb7179046581de1
p:  270586.0873379422
5d0a4f07336c0983a1581de3
p:  480733.5612297142
5d0a4f0d336c0983a1581de4
p:  298781.78530703596
5d0a4f101ee4a5076f581dec
p:  1103452.168796992
5d0a4f11336c0983a1581de5
p:  1813866.9822602842
5d0a4f23acb7179046581de2
p:  668279.0007765789
5d0a4f2c1ee4a5076f581ded
p:  553558.9107834015
5d0a4f39f2d5a48797581ddf
p:  293819.9421012409
5d0a4f3e1ee4a5076f581dee
p:  400373.98304847185
5d0a4f44acb7179046581de3
p:  334440.21668567276
5d0a4f4b8b3ebca59b581ded
p:  838932.0933614544
5d0a4f581ee4a5076f581def
p:  626211.5948883638
5d0a4f711ee4a5076f581df0
p:  643276.4650291061
5d0a4f841ee4a5076f581df1
p:  1390559.325130774
5d0a4f8b8b3ebca59b581dee
p:  1033343.1583462623
5d0a4fa01ee4a5076f581df2
p:  518807.1721707882
5d0a4fa4b2f75d3df5581dfb
p:  486422.79213023407
5d0a4fb11ee4a5076f581df3
p:  552366.8813019991
5d0a4fca1ee4a5076f581df4
p:  457905.12295346346
5d0a4fcff2d5a48797581de1
p:  192296.59618614803
5d0a4fd08b3ebca59b581def
p:  851054.5468995105
5d0a4fe28b3ebca59b581df0
p:  636990.6390806828
5d0a4fe21ee4a5076f581df5
p:  348424.40732944256
5d0a4ff0f2d5a48797581de2
p:  1114298.8487170984
5d0a4ff31ee4a5076f581df6
p:  464238.03307610506
5d0a4ff6f2d5a48797581de3
p:  617515.6710951776
5d0a50151ee4a5076f581df8
p:  1205175.2827844857
5d0a50368b3ebca59b581df1
p:  495803.447021918
5d0a5038b2f75d3df5581dfc
p:  447713.7713151763
5d0a5040336c0983a1581de6
p:  1638574.5346747334
5d0a5049336c0983a1581de7
p:  491996.18784521497
5d0a5051336c0983a1581de8
p:  763534.9417083792
5d0a50618b3ebca59b581df2
p:  1308674.8855443606
5d0a5066336c0983a1581de9
p:  2769616.344945263
5d0a5069acb7179046581de5
p:  2732827.3854753803
5d0a506ef2d5a48797581de4
p:  324844.67666842666
5d0a5073acb7179046581de7
p:  334440.21668567276
5d0a50898b3ebca59b581df3
p:  598503.1744167444
5d0a509cf2d5a48797581de5
p:  258779.50364418962
5d0a50a18b3ebca59b581df5
p:  1466689.9014979913
5d0a50bb8b3ebca59b581df6
p:  1226401.619519851
5d0a50ca8b3ebca59b581df7
p:  402346.566774903
5d0a50db1ee4a5076f581df9
p:  531112.1757957302
5d0a50df8b3ebca59b581df8
p:  813419.5406578677
5d0a50e78b3ebca59b581df9
p:  414470.0911049328
5d0a50fe8b3ebca59b581dfa
p:  570392.4901152008
5d0a510f1ee4a5076f581dfa
p:  775180.7576535278
5d0a5110336c0983a1581dea
p:  2170320.3957788693
5d0a511b336c0983a1581deb
p:  318641.03825197427
5d0a5124336c0983a1581dec
p:  495464.9618628266
5d0a512c336c0983a1581ded
p:  559514.1276417727
5d0a5138336c0983a1581dee
p:  342834.77245980245
5d0a5141336c0983a1581def
p:  747924.7671686492
5d0a514c1ee4a5076f581dfb
p:  482801.2001072422
5d0a514d336c0983a1581df0
p:  1956197.1152636402
5d0a51541ee4a5076f581dfc
p:  833744.2947037658/home/testapiuser/HouseApp_2/PricePrediction/RIPrice.py:270: SettingWithCopyWarning: 
A value is trying to be set on a copy of a slice from a DataFrame.
Try using .loc[row_indexer,col_indexer] = value instead

See the caveats in the documentation: http://pandas.pydata.org/pandas-docs/stable/indexing.html#indexing-view-versus-copy
  df2['AreaSpace_SQFT'] = df2['AreaSpace_SQFT'].astype(int)
/home/testapiuser/HouseApp_2/PricePrediction/RIPrice.py:282: SettingWithCopyWarning: 
A value is trying to be set on a copy of a slice from a DataFrame.
Try using .loc[row_indexer,col_indexer] = value instead

See the caveats in the documentation: http://pandas.pydata.org/pandas-docs/stable/indexing.html#indexing-view-versus-copy
  df2['Price'] = z1
/home/testapiuser/HouseApp_2/PricePrediction/RIPrice.py:289: SettingWithCopyWarning: 
A value is trying to be set on a copy of a slice from a DataFrame.
Try using .loc[row_indexer,col_indexer] = value instead

See the caveats in the documentation: http://pandas.pydata.org/pandas-docs/stable/indexing.html#indexing-view-versus-copy
  df2['AreaSpace_SQFT'] = z2
/home/testapiuser/HouseApp_2/PricePrediction/RIPrice.py:270: SettingWithCopyWarning: 
A value is trying to be set on a copy of a slice from a DataFrame.
Try using .loc[row_indexer,col_indexer] = value instead

See the caveats in the documentation: http://pandas.pydata.org/pandas-docs/stable/indexing.html#indexing-view-versus-copy
  df2['AreaSpace_SQFT'] = df2['AreaSpace_SQFT'].astype(int)
/home/testapiuser/HouseApp_2/PricePrediction/RIPrice.py:282: SettingWithCopyWarning: 
A value is trying to be set on a copy of a slice from a DataFrame.
Try using .loc[row_indexer,col_indexer] = value instead

See the caveats in the documentation: http://pandas.pydata.org/pandas-docs/stable/indexing.html#indexing-view-versus-copy
  df2['Price'] = z1
/home/testapiuser/HouseApp_2/PricePrediction/RIPrice.py:289: SettingWithCopyWarning: 
A value is trying to be set on a copy of a slice from a DataFrame.
Try using .loc[row_indexer,col_indexer] = value instead

See the caveats in the documentation: http://pandas.pydata.org/pandas-docs/stable/indexing.html#indexing-view-versus-copy
  df2['AreaSpace_SQFT'] = z2
/home/testapiuser/HouseApp_2/PricePrediction/RIPrice.py:270: SettingWithCopyWarning: 
A value is trying to be set on a copy of a slice from a DataFrame.
Try using .loc[row_indexer,col_indexer] = value instead

See the caveats in the documentation: http://pandas.pydata.org/pandas-docs/stable/indexing.html#indexing-view-versus-copy
  df2['AreaSpace_SQFT'] = df2['AreaSpace_SQFT'].astype(int)
/home/testapiuser/HouseApp_2/PricePrediction/RIPrice.py:282: SettingWithCopyWarning: 
A value is trying to be set on a copy of a slice from a DataFrame.
Try using .loc[row_indexer,col_indexer] = value instead

See the caveats in the documentation: http://pandas.pydata.org/pandas-docs/stable/indexing.html#indexing-view-versus-copy
  df2['Price'] = z1
/home/testapiuser/HouseApp_2/PricePrediction/RIPrice.py:289: SettingWithCopyWarning: 
A value is trying to be set on a copy of a slice from a DataFrame.
Try using .loc[row_indexer,col_indexer] = value instead

See the caveats in the documentation: http://pandas.pydata.org/pandas-docs/stable/indexing.html#indexing-view-versus-copy
  df2['AreaSpace_SQFT'] = z2

5d0a515c1ee4a5076f581dfd
p:  486012.91488061054
5d0a515df2d5a48797581de6
p:  478792.21021699236
5d0a51621ee4a5076f581dfe
p:  635698.9005102443
5d0a5176f2d5a48797581de7
p:  472123.5896066969
5d0a51891ee4a5076f581dff
p:  527308.7714139239
5d0a518e1ee4a5076f581e00
p:  518710.28293015074
5d0a51b3f2d5a48797581de8
p:  462329.4907841609
5d0a51d71ee4a5076f581e02
p:  414039.2040407695
5d0a5213336c0983a1581df1
p:  464474.35313881317
5d0a5229336c0983a1581df2
p:  1339227.1829002174
5d0a5231336c0983a1581df3
p:  448338.70800772606
5d0a523c336c0983a1581df4
p:  479494.871171094
5d0a5245336c0983a1581df5
p:  435298.9561604558
5d0a5252336c0983a1581df6
p:  318641.03825197427
5d0a5257336c0983a1581df7
p:  448338.70800772606
5d0a526d1ee4a5076f581e03
p:  1095234.416079774
5d0a5292336c0983a1581dfb
p:  561609.9111820776
5d0a5294f2d5a48797581de9
p:  247195.8243564453
5d0a5296336c0983a1581dfc
p:  1994704.6310189855
5d0a52ab1ee4a5076f581e04
p:  1123914.898445263
5d0a52c1f2d5a48797581dea
p:  1322144.6046019697
5d0a52c6f2d5a48797581deb
p:  487451.5706044324
5d0a52d3f2d5a48797581dec
p:  428368.441287423
5d0a52dd1ee4a5076f581e05
p:  494550.85720836814
5d0a53051ee4a5076f581e06
p:  501073.4461119296
5d0a53241ee4a5076f581e07
p:  1545201.8135240353
5d0a53781ee4a5076f581e08
p:  1519005.4856707007
5d0a538b1ee4a5076f581e09
p:  614815.8112695626
5d0a538f1ee4a5076f581e0a
p:  1024447.777782458
5d0a53961ee4a5076f581e0b
p:  585266.4043012046
5d0a539b1ee4a5076f581e0c
p:  691084.0719613641
5d0a53a21ee4a5076f581e0d
p:  1083590.241559601
5d0a54358b3ebca59b581dfb
p:  828175.6630183707
5d0a545d8b3ebca59b581dfc
p:  550890.5334881905
5d0a54868b3ebca59b581dfd
p:  356066.7733676977
5d0a54af8b3ebca59b581dff
p:  824995.5134296115
5d0a54c78b3ebca59b581e00
p:  415416.5971010324
5d0a54d58b3ebca59b581e01
p:  357191.3646625733
5d0a54e48b3ebca59b581e02
p:  477129.6601705041
5d0a54f48b3ebca59b581e03
p:  689752.7614537824
5d0a55038b3ebca59b581e04
p:  511315.5704895903
5d0a55228b3ebca59b581e06
p:  530925.3553164563
5d0a553c8b3ebca59b581e08
p:  580183.0704236762
5d0a55738b3ebca59b581e0a
p:  616905.66182403
5d0a55928b3ebca59b581e0b
p:  622022.8097694768
5d0a55b48b3ebca59b581e0c
p:  296210.20620233554
5d0a55d38b3ebca59b581e0d
p:  1189674.8012875177
5d0a55f58b3ebca59b581e0e
p:  768041.1530236152
5d0a560c8b3ebca59b581e0f
p:  573691.5389649869
5d0a56208b3ebca59b581e10
p:  1198680.8830190932
5d0a566c8b3ebca59b581e13
p:  1105333.3058744455
5d0a568b8b3ebca59b581e14
p:  537826.0970618376
5d0a569d8b3ebca59b581e15
p:  495803.447021918
5d0a56d68b3ebca59b581e16
p:  774780.6693413844
5d0a56e48b3ebca59b581e17
p:  629947.6851317892
5d0a56f78b3ebca59b581e18
p:  390900.6695808361
5d0a57388b3ebca59b581e19
p:  465563.70240667235
5d0a574b8b3ebca59b581e1a
p:  580282.7188034625
5d0a576f8b3ebca59b581e1c
p:  465563.70240667235
5d0a57808b3ebca59b581e1d
p:  814288.5108719049
5d0a57918b3ebca59b581e1e
p:  324807.6116725267
5d0a57a38b3ebca59b581e1f
p:  1585569.3637455115
5d0a57bd8b3ebca59b581e20
p:  774780.6693413844
5d0a585c8b3ebca59b581e21
p:  591432.6280066946
5d0a588e8b3ebca59b581e22
p:  465563.70240667235
5d0a58ab8b3ebca59b581e23
p:  266394.85809929157
5d0a58da8b3ebca59b581e24
p:  983275.25729236
5d0a58f58b3ebca59b581e25
p:  921530.9498955507
5d0a58fe8b3ebca59b581e26
p:  266394.85809929157
5d0a59078b3ebca59b581e27
p:  2282610.900211662
5d0a590e8b3ebca59b581e28
p:  1566917.7269114936
5d0a59178b3ebca59b581e29
p:  331182.2094508006
5d0a5aac8b3ebca59b581e2a
p:  1544978.1775204563
5d0a5b028b3ebca59b581e2b
p:  692616.1628991481
5d0a5b0a8b3ebca59b581e2c
p:  517013.739588355
5d0a5b398b3ebca59b581e2d
p:  391289.5659548628
5d0a5b4a8b3ebca59b581e2e
p:  721396.3455805071
5d0a5b658b3ebca59b581e2f
p:  635469.0306648555
5d0a5b748b3ebca59b581e30
p:  576295.875177836
5d0a5b7e8b3ebca59b581e31
p:  360348.7302252846
5d0a5b9e8b3ebca59b581e32
p:  566549.9792451194
5d0a5ba78b3ebca59b581e33
p:  297688.58492211666
5d0a5d5b8b3ebca59b581e34
p:  686464.1269666186
5d0a5d618b3ebca59b581e35
p:  300744.14465878636
5d0a5dcc8b3ebca59b581e36
p:  485948.99645900214
5d0a5dfd8b3ebca59b581e38
p:  904084.0288776874
5d0a5e178b3ebca59b581e39
p:  666198.8010127018
5d0a5f148b3ebca59b581e3a
p:  691096.5575580623
5d0a5f288b3ebca59b581e3b
p:  774780.6693413844
5d0a5f2e8b3ebca59b581e3c
p:  1925446.5235875116
5d0a5f468b3ebca59b581e3d
p:  411844.77436362405
5d0a5f768b3ebca59b581e3f
p:  496922.9641836824
5d0a5f898b3ebca59b581e40
p:  566929.4010649459
5d0a5f9f8b3ebca59b581e41
p:  380173.7893681406
5d0a5fb08b3ebca59b581e42
p:  329715.700982174
5d0a5fb68b3ebca59b581e43
p:  504602.9449656635
5d0a60d48b3ebca59b581e45
p:  1013267.8791705854
5d0a60eb8b3ebca59b581e46
p:  341526.1623165121
5d0a61708b3ebca59b581e47
p:  395018.35945750086
5d0a618c8b3ebca59b581e48
p:  266394.85809929157
5d0a619c8b3ebca59b581e49
p:  514309.7359227377
5d0a61a78b3ebca59b581e4a
p:  847460.1318432067
5d0a61c08b3ebca59b581e4b
p:  613205.210182135
5d0a61c78b3ebca59b581e4c
p:  330481.92086007306
5d0a61ce8b3ebca59b581e4d
p:  1634326.8720471915
5d0a61db8b3ebca59b581e4e
p:  499304.9056053653
5d0a61ea8b3ebca59b581e4f
p:  2084334.4858316567
5d0a61f38b3ebca59b581e50
p:  1838210.8752765125
5d0a61fb8b3ebca59b581e51
p:  990826.8307985059
5d0a62038b3ebca59b581e52
p:  570967.803179463
5d0a62078b3ebca59b581e53
p:  399863.9170241143
5d0a620c8b3ebca59b581e54
p:  1138115.7314599766
5d0a62118b3ebca59b581e55
p:  1273489.7068908287
5d0a63b78b3ebca59b581e56
p:  483017.56869988004
5d0a63c38b3ebca59b581e57
p:  1072312.6113916694
5d0a63c98b3ebca59b581e58
p:  509323.1861549542
5d0a65458b3ebca59b581e59
p:  583933.9294973835
5d0a65498b3ebca59b581e5a
p:  591432.6280066946
5d0a659b8b3ebca59b581e5b
p:  360348.7302252846
5d0a65a08b3ebca59b581e5c
p:  1748963.0676650666
5d0a65a58b3ebca59b581e5d
p:  831236.6103478791
5d0a65a98b3ebca59b581e5e
p:  566549.9792451194
5d0a65af8b3ebca59b581e5f
p:  689055.1138151591
5d0a66f38b3ebca59b581e60
p:  993089.3720184473
5d0a671d8b3ebca59b581e61
p:  860046.2676006455
5d0a67248b3ebca59b581e62
p:  387307.93295732763
5d0a67448b3ebca59b581e63
p:  1348025.9324754626
5d0a67498b3ebca59b581e64
p:  503677.6556567934
5d0a694e8b3ebca59b581e65
p:  708480.0681344562
5d2f656e8b6c8df1a080b68a
p:  531752.1330682577
5d2f76e98b6c8df1a080b6cb
p:  405150.5396667791
5d442ef90c2b93cba458ae1a
p:  562037.4699248087
5d474f47acae7a72623cb49a
p:  383856.2442965179
Current date and time: 2020-06-08 15:34:11
Successfully connect to DB.
For ['Bristol', 'Providence']#################################################################
train score for random_forest: 0.9512328760552092
test score for random_forest: 0.5629434651155414
The mean absolute error is:$ 84784.95696267852
r_Score: 0.6053342823749537
Voting Regressor (in): 0.9736939513579415
Voting Regressor: 0.6053342823749537
5d0a47351ee4a5076f581dc7
p:  273984.9956268073
5d0a479eb2f75d3df5581dc8
p:  278782.91430386633
5d0a4880acb7179046581dcc
p:  183536.01996562807
5d0a4961b2f75d3df5581dd3
p:  235899.61587456107
5d0a4965b2f75d3df5581dd4
p:  240799.99406456097
5d0a497ff2d5a48797581dca
p:  182271.5368656334
5d0a499e39dc69b348581dc8
p:  361812.1497760769
5d0a49ad1ee4a5076f581dcc
p:  340488.4774561649
5d0a49cd3f34c8bd3a581dcf
p:  322632.62982435804
5d0a4a001ee4a5076f581dcf
p:  504304.7628974112
5d0a4a0d3f34c8bd3a581dd0
p:  369475.8159993844
5d0a4a4ff2d5a48797581dce
p:  385314.6634148994
5d0a4aa33f34c8bd3a581dd2
p:  612822.321384712
5d0a4ad7f2d5a48797581dd1
p:  195450.97996008303
5d0a4b421ee4a5076f581dd1
p:  266039.286796617
5d0a4c313f34c8bd3a581dd8
p:  367726.5252286097
5d0a4c43e8823e5412581dd8
p:  244044.92831258726
5d0a4cb73f34c8bd3a581dda
p:  347996.1580347938
5d0a4d413f34c8bd3a581ddc
p:  517836.64799496054
5d0a4d7e61a878035f581dd4
p:  163922.97966075665
5d0a4dc43f34c8bd3a581dde
p:  328439.56811259355
5d0a4eb261a878035f581dd8
p:  322822.9282711657
5d0a4f7a6797570b8b581df5
p:  279098.91754413245
5d0a4f7fe0fd852f28581ddf
p:  234821.31465341043
5d0a50496797570b8b581df8
p:  210552.17211448797
5d0a50516797570b8b581df9
p:  157961.887800861
5d0a505b6797570b8b581dfa
p:  319983.38499516505
5d0a5182e0fd852f28581de2
p:  205345.06402469566
5d0a518f6797570b8b581e02
p:  137376.77280397585
5d0a51946797570b8b581e03
p:  209325.48335785803
5d0a52253f34c8bd3a581ded
p:  426901.5981449883
5d0a523a6797570b8b581e08
p:  277380.2655717875
5d0a52456797570b8b581e0a
p:  184951.65617942018
5d0a524a6797570b8b581e0b
p:  452763.8980516784
5d0a524f6797570b8b581e0c
p:  448859.6514039105
5d0a5250e0fd852f28581de4
p:  294145.9314970907
5d0a52566797570b8b581e0d
p:  220102.18782122456
5d0a525a6797570b8b581e0e
p:  246482.138004801
5d0a5273e0fd852f28581de5
p:  221331.188372669
5d0a528ae0fd852f28581de6
p:  294145.9314970907
5d0a529839dc69b348581def
p:  313999.6988675243
5d0a529c39dc69b348581df0
p:  243225.25695225762
5d0a529db2f75d3df5581e00
p:  242419.24783155153
5d0a52afb2f75d3df5581e01
p:  455391.5512902103
5d0a52b5b2f75d3df5581e02
p:  110771.40700574365
5d0a52bdb2f75d3df5581e03
p:  742394.8014964471
5d0a52c1b2f75d3df5581e04
p:  134117.2219610871
5d0a52e23f34c8bd3a581df0
p:  537872.3064011603
5d0a52e86797570b8b581e11
p:  221007.566240425
5d0a52ea61a878035f581de1
p:  180477.77429621175
5d0a52f16797570b8b581e12
p:  190000.938531471
5d0a52fa6797570b8b581e13
p:  269376.8709458644
5d0a52ff61a878035f581de2
p:  180477.77429621175
5d0a530c6797570b8b581e15
p:  214224.19024311757
5d0a531561a878035f581de3
p:  313828.6070568036
5d0a531839dc69b348581df1
p:  440670.4971821305
5d0a532161a878035f581de4
p:  187843.82514438196
5d0a53223f34c8bd3a581df1
p:  543502.9749691933
5d0a533161a878035f581de5
p:  180477.77429621175
5d0a533be0fd852f28581de9
p:  294203.1538042852
5d0a534c39dc69b348581df3
p:  261518.43348880296
5d0a53516797570b8b581e16
p:  151960.47959748414
5d0a5379f2d5a48797581df0
p:  208481.61504837277
5d0a537e6797570b8b581e17
p:  332083.49692739954
5d0a5384acb7179046581df5
p:  213122.96988715482
5d0a53856797570b8b581e18
p:  257400.20295785632
5d0a538dacb7179046581df6
p:  158218.78022764684
5d0a53d36797570b8b581e19
p:  332083.49982981733
5d0a53e53f34c8bd3a581df4
p:  1497645.0228406275
5d0a53e939dc69b348581df5
p:  267601.20305502205
5d0a5415f2d5a48797581df7
p:  271042.80649725004
5d0a5421f2d5a48797581df8
p:  155376.3256212562
5d0a543461a878035f581deb
p:  307856.59337245766
5d0a543f6797570b8b581e1c
p:  231595.31989905576
5d0a545eacb7179046581df7
p:  206716.9473758333
5d0a5469acb7179046581df8
p:  263842.7547674444
5d0a5471acb7179046581df9
p:  461785.22521464713
5d0a5478acb7179046581dfa
p:  127657.56301729227
5d0a54b339dc69b348581dfb
p:  270219.76877545397
5d0a54b4acb7179046581dff
p:  237599.9739679023
5d0a54b8336c0983a1581e0f
p:  364702.71940480534
5d0a54bc39dc69b348581dfc
p:  235908.887165235
5d0a54e0e0fd852f28581dec
p:  469694.76142319187
5d0a54e33f34c8bd3a581df8
p:  190712.55235984473
5d0a54e8e0fd852f28581ded
p:  237036.81855193846
5d0a54efe0fd852f28581dee
p:  920392.3656399857
5d0a54f9e0fd852f28581def
p:  237036.81855193846
5d0a54ffe0fd852f28581df0
p:  311435.2160898729
5d0a55253f34c8bd3a581df9
p:  206898.48939886375
5d0a55643f34c8bd3a581dfa
p:  152299.88378492498
5d0a5592b2f75d3df5581e0e
p:  205640.92505132948
5d0a55a53f34c8bd3a581dfb
p:  275988.99119655596
5d0a55ea3f34c8bd3a581dfc
p:  330155.37674821616
5d0a56393f34c8bd3a581dfd
p:  338371.2441129766
5d0a567a3f34c8bd3a581dfe
p:  419516.1057140872
5d0a56b83f34c8bd3a581dff
p:  287788.3310730943
5d0a56f83f34c8bd3a581e00
p:  744849.5646304907
5d0a57373f34c8bd3a581e01
p:  307358.8925181242
5d0a574639dc69b348581e04
p:  301279.0766052635
5d0a57763f34c8bd3a581e02
p:  296252.19270946615
5d0a57f23f34c8bd3a581e04
p:  240195.97229138558
5d0a57fd39dc69b348581e0b
p:  241011.28604378342
5d0a58333f34c8bd3a581e05
p:  1095502.9928511258
5d0a58b43f34c8bd3a581e07
p:  900304.7819728365
5d0a59393f34c8bd3a581e09
p:  152299.88378492498
5d0a59803f34c8bd3a581e0a
p:  311855.7843096518
5d0a59d53f34c8bd3a581e0b
p:  297867.4360349885
5d0a5a143f34c8bd3a581e0c
p:  542159.2348685341
5d0a5a563f34c8bd3a581e0d
p:  325129.6806282388
5d0a5adb3f34c8bd3a581e0f
p:  162491.39310577587
5d0a5b6a3f34c8bd3a581e11
p:  250419.34056686144
5d0a5bf63f34c8bd3a581e13
p:  255076.33613369084
5d0a5c343f34c8bd3a581e14
p:  348964.80190149706
5d0a5d2a3f34c8bd3a581e17
p:  494916.20871226606
5d0a5d6c3f34c8bd3a581e18
p:  415968.9902604189
5d0a5dfd3f34c8bd3a581e1a
p:  508872.97266090626
5d0a5e4b3f34c8bd3a581e1b
p:  413571.3355311157
5d0a5f6d3f34c8bd3a581e1f
p:  411779.36376947805
5d0a60013f34c8bd3a581e21
p:  213739.76066139934
5d0a617a3f34c8bd3a581e27
p:  148927.85484832572
5d0a628a3f34c8bd3a581e2b
p:  375481.44891694793
5d0a63083f34c8bd3a581e2d
p:  355476.63631849753
5d0a63493f34c8bd3a581e2e
p:  534379.5968235384
5d0a63883f34c8bd3a581e2f
p:  587161.6049039157
5d0a63c93f34c8bd3a581e30
p:  585285.4886591503
5d0a64083f34c8bd3a581e31
p:  432699.96629738016
5d0d19ee43207cb60914ad78
p:  238053.33392003362
5d479138d57846aad03cb4c4
p:  339950.395352208
For ['Kent']#################################################################
train score for random_forest: 0.9524971411264764
test score for random_forest: 0.6620640891676657
The mean absolute error is:$ 65322.49479307374
r_Score: 0.6616809226241694
Voting Regressor (in): 0.9769922372817889
Voting Regressor: 0.6616809226241694
5d0a4809336c0983a1581dc9
p:  375748.960933726
5d0a484be8823e5412581dcb
p:  177575.45273203013
5d0a485ae8823e5412581dcc
p:  375995.0433300792
5d0a48bae0fd852f28581dd1
p:  772945.8237124395
5d0a48d1e8823e5412581dce
p:  175978.42908496072
5d0a490be8823e5412581dd0
p:  272399.33614146564
5d0a4915e8823e5412581dd1
p:  330458.38551628235
5d0a49a0e8823e5412581dd2
p:  271818.03230832564
5d0a49b3e8823e5412581dd3
p:  636841.467166865
5d0a4d056797570b8b581de5
p:  146387.76246645342
5d0a4d156797570b8b581de8
p:  325024.7389691222
5d0a4d3f39dc69b348581ddb
p:  305798.06186184345
5d0a4dafe8823e5412581de2
p:  192045.96098865365
5d0a4e056797570b8b581de9
p:  389066.2851142125
5d0a4e31e8823e5412581de3
p:  238897.04294980183
5d0a4e3ae8823e5412581de4
p:  221325.12479528465
5d0a4e5339dc69b348581de4
p:  175767.90686252972
5d0a4e6139dc69b348581de5
p:  851668.9163081199
5d0a4ee839dc69b348581de7
p:  197031.3595535272
5d0a4f0c6797570b8b581ded
p:  271123.29902647785
5d0a4f6d39dc69b348581de9
p:  242366.96460937453
5d0a5005e8823e5412581df1
p:  166068.17405705713
5d0a5025e8823e5412581df2
p:  225399.1863846276
5d0a50a4e8823e5412581df3
p:  104848.80388671451
5d0a5106e8823e5412581df6
p:  185536.14454034655
5d0a517be8823e5412581dfa
p:  233251.16361477098
For ['Washington', 'Newport']#################################################################
train score for random_forest: 0.9097201765522919
test score for random_forest: 0.4405214071665607
The mean absolute error is:$ 420014.5230834869
r_Score: 0.4314957755725354
Voting Regressor (in): 0.9455435585197612
Voting Regressor: 0.4314957755725354
5d0a477c8b3ebca59b581dc7
p:  625362.8784303081
5d0a47c51ee4a5076f581dc8
p:  548467.1906326837
5d0a47d88b3ebca59b581dcb
p:  267862.5095671587
5d0a47e48b3ebca59b581dcc
p:  267862.5095671587
5d0a47f46797570b8b581dcb
p:  658199.1665798672
5d0a47fb6797570b8b581dcc
p:  595511.1931720122
5d0a47fd8b3ebca59b581dcd
p:  1130866.3976237394
5d0a48076797570b8b581dcd
p:  532702.7176069161
5d0a480e6797570b8b581dce
p:  418583.0002720914
5d0a481c6797570b8b581dcf
p:  736809.9033081231
5d0a48256797570b8b581dd0
p:  429351.7331852155
5d0a48316797570b8b581dd1
p:  648696.0119231495
5d0a483c6797570b8b581dd2
p:  300887.6848818662
5d0a48426797570b8b581dd3
p:  610831.5465463554
5d0a484b6797570b8b581dd4
p:  705776.4701242378
5d0a48566797570b8b581dd5
p:  727753.9538530803
5d0a48626797570b8b581dd6
p:  1042984.1936503388
5d0a48ac336c0983a1581dcd
p:  259791.69754964282
5d0a48b3336c0983a1581dce
p:  257241.88469460013
5d0a49198b3ebca59b581dcf
p:  585509.8295819497
5d0a491d336c0983a1581dd0
p:  737084.8032789386
5d0a492f336c0983a1581dd1
p:  488665.72536160215
5d0a493db2f75d3df5581dd1
p:  303160.1075421659
5d0a494b8b3ebca59b581dd2
p:  376178.91256604355
5d0a49af61a878035f581dca
p:  441672.62373956485
5d0a4a3bb2f75d3df5581ddc
p:  341169.3224270863
5d0a4a4a8b3ebca59b581dd4
p:  446063.46633606404
5d0a4a4c336c0983a1581dd2
p:  321899.2882981248
5d0a4a538b3ebca59b581dd5
p:  632718.2699639518
5d0a4a5e8b3ebca59b581dd7
p:  493103.06808094424
5d0a4a6a8b3ebca59b581dd8
p:  532670.5521817853
5d0a4a9a336c0983a1581dd3
p:  434673.42262931017
5d0a4aab336c0983a1581dd4
p:  259791.69754964282
5d0a4ac4336c0983a1581dd5
p:  1156029.7812602716
5d0a4acb8b3ebca59b581ddb
p:  2210456.3207260435
5d0a4ad9336c0983a1581dd6
p:  344375.85611411906
5d0a4aed336c0983a1581dd7
p:  451781.94703393587
5d0a4b308b3ebca59b581ddc
p:  502258.77740806865
5d0a4b4339dc69b348581dcf
p:  411452.3669336244
5d0a4b4839dc69b348581dd0
p:  436843.5221255354
5d0a4b4e8b3ebca59b581ddd
p:  933678.258822008
5d0a4b658b3ebca59b581dde
p:  864489.9943417573
5d0a4b698b3ebca59b581ddf
p:  354347.93871837854
5d0a4b6d8b3ebca59b581de0
p:  302646.59520976455
5d0a4b728b3ebca59b581de1
p:  616211.6775878891
5d0a4b7e8b3ebca59b581de2
p:  876418.0019531487
5d0a4b86b2f75d3df5581dde
p:  364039.9661905342
5d0a4b861ee4a5076f581dd5
p:  565410.1326390503
5d0a4b8939dc69b348581dd2
p:  266621.294835874
5d0a4b9439dc69b348581dd4
p:  285377.5629931649
5d0a4b9ab2f75d3df5581ddf
p:  625802.7075499003
5d0a4ba0b2f75d3df5581de0
p:  511166.7737050061
5d0a4ba7b2f75d3df5581de1
p:  226297.64103450946
5d0a4baab2f75d3df5581de2
p:  574829.2240212515
5d0a4bb56797570b8b581ddc
p:  315849.5543443139
5d0a4bbfb2f75d3df5581de3
p:  348405.6037418073
5d0a4be4b2f75d3df5581de4
p:  458450.9512920581
5d0a4be8b2f75d3df5581de5
p:  374304.38616151654
5d0a4bf16797570b8b581ddd
p:  414199.64757993096
5d0a4c1c336c0983a1581dd8
p:  610904.1712805156
5d0a4c24336c0983a1581dd9
p:  281729.16726986255
5d0a4c3bf2d5a48797581dd4
p:  354027.7056452065
5d0a4c4ff2d5a48797581dd5
p:  338229.55310551886
5d0a4c71b2f75d3df5581de6
p:  825358.3815934123
5d0a4c75f2d5a48797581dd6
p:  388439.96737522737
5d0a4c75336c0983a1581dda
p:  581873.2689092204
5d0a4c91336c0983a1581ddb
p:  1375788.6333822315
5d0a4c9ab2f75d3df5581de7
p:  404155.9193024065
5d0a4c9b336c0983a1581ddc
p:  413201.0897526654
5d0a4ca3336c0983a1581ddd
p:  433666.942158851
5d0a4cbdb2f75d3df5581de8
p:  259600.16620763892
5d0a4cfa1ee4a5076f581ddd
p:  501334.6860789788
5d0a4d051ee4a5076f581dde
p:  414162.4734356506
5d0a4d36f2d5a48797581dd7
p:  481766.4248933394
5d0a4d3cb2f75d3df5581de9
p:  447299.3184014411
5d0a4d3e8b3ebca59b581de3
p:  1378510.4672742465
5d0a4d478b3ebca59b581de4
p:  443362.93110443174
5d0a4d4af2d5a48797581dd8
p:  409944.6527941087
5d0a4d4b336c0983a1581dde
p:  396252.05394918396
5d0a4d528b3ebca59b581de5
p:  1041930.278888184
5d0a4d5b8b3ebca59b581de6
p:  439318.8129320027
5d0a4d5facb7179046581dd6
p:  437028.66896047007
5d0a4d678b3ebca59b581de7
p:  621080.1441624591
5d0a4d6e8b3ebca59b581de8
p:  1343110.7134061377
5d0a4d788b3ebca59b581de9
p:  288119.56620505685
5d0a4d868b3ebca59b581dea
p:  525224.4535602307
5d0a4d908b3ebca59b581deb
p:  520333.8397389356
5d0a4d988b3ebca59b581dec
p:  417693.5127109751
5d0a4dc3b2f75d3df5581ded
p:  449408.7544347069
5d0a4dd4b2f75d3df5581dee
p:  413377.0484319461
5d0a4de7b2f75d3df5581def
p:  390983.2692067096
5d0a4e02b2f75d3df5581df0
p:  305382.7318634201
5d0a4e07336c0983a1581ddf
p:  299730.74547379534
5d0a4e13f2d5a48797581ddb
p:  498938.79643761524
5d0a4e2db2f75d3df5581df2
p:  389403.90974184417
5d0a4e3bacb7179046581dd8
p:  467996.45501865674
5d0a4e3e1ee4a5076f581de2
p:  525428.761254087
5d0a4e4aacb7179046581dda
p:  533208.9225882784
5d0a4e4eb2f75d3df5581df3
p:  564796.5215126819
5d0a4e5db2f75d3df5581df4
p:  506045.2450919532
5d0a4e5eacb7179046581ddd
p:  558577.9764669742
5d0a4e63acb7179046581dde
p:  525206.0508041618
5d0a4e681ee4a5076f581de4
p:  1027068.8561685045
5d0a4e801ee4a5076f581de5
p:  788297.1634852232
5d0a4e8e1ee4a5076f581de6
p:  760319.8072224923
5d0a4eb1b2f75d3df5581df7
p:  358602.8543902626
5d0a4ec8acb7179046581de0
p:  375861.3760839925
5d0a4eda1ee4a5076f581de9
p:  621498.9679467452
5d0a4eed1ee4a5076f581dea
p:  537631.836742204
5d0a4ef7336c0983a1581de0
p:  548749.8770428178
5d0a4efb336c0983a1581de1
p:  548749.8770428178
5d0a4f01336c0983a1581de2
p:  393357.48292281624
5d0a4f05b2f75d3df5581dfa
p:  458450.9512920581
5d0a4f05acb7179046581de1
p:  272157.0451555286
5d0a4f07336c0983a1581de3
p:  478239.80640296405
5d0a4f0d336c0983a1581de4
p:  283053.30190650886
5d0a4f101ee4a5076f581dec
p:  1112452.5186230736
5d0a4f11336c0983a1581de5
p:  1589160.294480707
5d0a4f23acb7179046581de2
p:  701504.1779015376
5d0a4f2c1ee4a5076f581ded
p:  562060.5531818483
5d0a4f39f2d5a48797581ddf
p:  305761.1335907015
5d0a4f3e1ee4a5076f581dee
p:  411140.0705580552
5d0a4f44acb7179046581de3
p:  375861.3760839925
5d0a4f4b8b3ebca59b581ded
p:  808761.0195249128
5d0a4f581ee4a5076f581def
p:  662494.4386983844
5d0a4f711ee4a5076f581df0
p:  611731.5153973778
5d0a4f841ee4a5076f581df1
p:  1371991.6456943923
5d0a4f8b8b3ebca59b581dee
p:  1134900.8340473082
5d0a4fa01ee4a5076f581df2
p:  516530.7582977239
5d0a4fa4b2f75d3df5581dfb
p:  496279.66109690483
5d0a4fb11ee4a5076f581df3
p:  594958.4528106459
5d0a4fca1ee4a5076f581df4
p:  460466.640857846
5d0a4fcff2d5a48797581de1
p:  193131.2859248857
5d0a4fd08b3ebca59b581def
p:  903382.7437700796
5d0a4fe28b3ebca59b581df0
p:  615284.6329608113
5d0a4fe21ee4a5076f581df5
p:  384115.2121144332
5d0a4ff0f2d5a48797581de2
p:  1240048.6183840653
5d0a4ff31ee4a5076f581df6
p:  490750.585767543
5d0a4ff6f2d5a48797581de3
p:  617203.1160052773
5d0a50151ee4a5076f581df8
p:  1184007.8615064507
5d0a50368b3ebca59b581df1
p:  495564.57834650786
5d0a5038b2f75d3df5581dfc
p:  429640.3129971509
5d0a5040336c0983a1581de6
p:  1561953.1085501742
5d0a5049336c0983a1581de7
p:  549531.8724206341
5d0a5051336c0983a1581de8
p:  784762.891026167
5d0a50618b3ebca59b581df2
p:  1432787.1886397074
5d0a5066336c0983a1581de9
p:  2659602.8285228233
5d0a5069acb7179046581de5
p:  2680337.5211335355
5d0a506ef2d5a48797581de4
p:  341320.30509164603
5d0a5073acb7179046581de7
p:  375861.3760839925
5d0a50898b3ebca59b581df3
p:  580242.6102455268
5d0a509cf2d5a48797581de5
p:  246640.0414928965
5d0a50a18b3ebca59b581df5
p:  1537453.7531964292
5d0a50bb8b3ebca59b581df6
p:  1222760.5030481871
5d0a50ca8b3ebca59b581df7
p:  387326.59596957266
5d0a50db1ee4a5076f581df9
p:  545103.7242047454
5d0a50df8b3ebca59b581df8
p:  917892.5021973893
5d0a50e78b3ebca59b581df9
p:  396078.06463014754
5d0a50fe8b3ebca59b581dfa
p:  571389.8738011653
5d0a510f1ee4a5076f581dfa
p:  689582.86222002
5d0a5110336c0983a1581dea
p:  2292095.0161132994
5d0a511b336c0983a1581deb
p:  329570.33666460676
5d0a5124336c0983a1581dec
p:  515520.0527164886
5d0a512c336c0983a1581ded
p:  576275.4024179752
5d0a5138336c0983a1581dee
p:  337510.0079219466
5d0a5141336c0983a1581def
p:  897356.1565016734
5d0a514c1ee4a5076f581dfb
p:  507304.18062801013
5d0a514d336c0983a1581df0
p:  2077960.5853703069
5d0a51541ee4a5076f581dfc
p:  825077.5901017739/home/testapiuser/HouseApp_2/PricePrediction/RIPrice.py:270: SettingWithCopyWarning: 
A value is trying to be set on a copy of a slice from a DataFrame.
Try using .loc[row_indexer,col_indexer] = value instead

See the caveats in the documentation: http://pandas.pydata.org/pandas-docs/stable/indexing.html#indexing-view-versus-copy
  df2['AreaSpace_SQFT'] = df2['AreaSpace_SQFT'].astype(int)
/home/testapiuser/HouseApp_2/PricePrediction/RIPrice.py:282: SettingWithCopyWarning: 
A value is trying to be set on a copy of a slice from a DataFrame.
Try using .loc[row_indexer,col_indexer] = value instead

See the caveats in the documentation: http://pandas.pydata.org/pandas-docs/stable/indexing.html#indexing-view-versus-copy
  df2['Price'] = z1
/home/testapiuser/HouseApp_2/PricePrediction/RIPrice.py:289: SettingWithCopyWarning: 
A value is trying to be set on a copy of a slice from a DataFrame.
Try using .loc[row_indexer,col_indexer] = value instead

See the caveats in the documentation: http://pandas.pydata.org/pandas-docs/stable/indexing.html#indexing-view-versus-copy
  df2['AreaSpace_SQFT'] = z2
/home/testapiuser/HouseApp_2/PricePrediction/RIPrice.py:270: SettingWithCopyWarning: 
A value is trying to be set on a copy of a slice from a DataFrame.
Try using .loc[row_indexer,col_indexer] = value instead

See the caveats in the documentation: http://pandas.pydata.org/pandas-docs/stable/indexing.html#indexing-view-versus-copy
  df2['AreaSpace_SQFT'] = df2['AreaSpace_SQFT'].astype(int)
/home/testapiuser/HouseApp_2/PricePrediction/RIPrice.py:282: SettingWithCopyWarning: 
A value is trying to be set on a copy of a slice from a DataFrame.
Try using .loc[row_indexer,col_indexer] = value instead

See the caveats in the documentation: http://pandas.pydata.org/pandas-docs/stable/indexing.html#indexing-view-versus-copy
  df2['Price'] = z1
/home/testapiuser/HouseApp_2/PricePrediction/RIPrice.py:289: SettingWithCopyWarning: 
A value is trying to be set on a copy of a slice from a DataFrame.
Try using .loc[row_indexer,col_indexer] = value instead

See the caveats in the documentation: http://pandas.pydata.org/pandas-docs/stable/indexing.html#indexing-view-versus-copy
  df2['AreaSpace_SQFT'] = z2
/home/testapiuser/HouseApp_2/PricePrediction/RIPrice.py:270: SettingWithCopyWarning: 
A value is trying to be set on a copy of a slice from a DataFrame.
Try using .loc[row_indexer,col_indexer] = value instead

See the caveats in the documentation: http://pandas.pydata.org/pandas-docs/stable/indexing.html#indexing-view-versus-copy
  df2['AreaSpace_SQFT'] = df2['AreaSpace_SQFT'].astype(int)
/home/testapiuser/HouseApp_2/PricePrediction/RIPrice.py:282: SettingWithCopyWarning: 
A value is trying to be set on a copy of a slice from a DataFrame.
Try using .loc[row_indexer,col_indexer] = value instead

See the caveats in the documentation: http://pandas.pydata.org/pandas-docs/stable/indexing.html#indexing-view-versus-copy
  df2['Price'] = z1
/home/testapiuser/HouseApp_2/PricePrediction/RIPrice.py:289: SettingWithCopyWarning: 
A value is trying to be set on a copy of a slice from a DataFrame.
Try using .loc[row_indexer,col_indexer] = value instead

See the caveats in the documentation: http://pandas.pydata.org/pandas-docs/stable/indexing.html#indexing-view-versus-copy
  df2['AreaSpace_SQFT'] = z2

5d0a515c1ee4a5076f581dfd
p:  436174.6401512461
5d0a515df2d5a48797581de6
p:  493888.0597757988
5d0a51621ee4a5076f581dfe
p:  634700.1216777032
5d0a5176f2d5a48797581de7
p:  471891.4729854029
5d0a51891ee4a5076f581dff
p:  521644.5199359624
5d0a518e1ee4a5076f581e00
p:  528136.1689716404
5d0a51b3f2d5a48797581de8
p:  443020.82438211725
5d0a51d71ee4a5076f581e02
p:  432891.95117204415
5d0a5213336c0983a1581df1
p:  461003.07630675344
5d0a5229336c0983a1581df2
p:  1370089.843032782
5d0a5231336c0983a1581df3
p:  436785.4489787703
5d0a523c336c0983a1581df4
p:  515852.89744883304
5d0a5245336c0983a1581df5
p:  421162.407809011
5d0a5252336c0983a1581df6
p:  329570.33666460676
5d0a5257336c0983a1581df7
p:  436785.4489787703
5d0a526d1ee4a5076f581e03
p:  1111770.6565563248
5d0a5292336c0983a1581dfb
p:  577730.3090152732
5d0a5294f2d5a48797581de9
p:  255606.42463678255
5d0a5296336c0983a1581dfc
p:  2016258.388077313
5d0a52ab1ee4a5076f581e04
p:  1187985.5095405218
5d0a52c1f2d5a48797581dea
p:  1324473.0131746486
5d0a52c6f2d5a48797581deb
p:  525648.4786574122
5d0a52d3f2d5a48797581dec
p:  426658.19002536393
5d0a52dd1ee4a5076f581e05
p:  505112.7350203856
5d0a53051ee4a5076f581e06
p:  537631.836742204
5d0a53241ee4a5076f581e07
p:  1693126.468146463
5d0a53781ee4a5076f581e08
p:  1663121.7572101885
5d0a538b1ee4a5076f581e09
p:  713301.4686637451
5d0a538f1ee4a5076f581e0a
p:  917950.3990856272
5d0a53961ee4a5076f581e0b
p:  561705.1300083471
5d0a539b1ee4a5076f581e0c
p:  681540.0864937429
5d0a53a21ee4a5076f581e0d
p:  1040032.3291555706
5d0a54358b3ebca59b581dfb
p:  847649.1277112454
5d0a545d8b3ebca59b581dfc
p:  571466.2989397985
5d0a54868b3ebca59b581dfd
p:  386125.3673888816
5d0a54af8b3ebca59b581dff
p:  803888.511789301
5d0a54c78b3ebca59b581e00
p:  412061.6627005816
5d0a54d58b3ebca59b581e01
p:  372484.2846450592
5d0a54e48b3ebca59b581e02
p:  523008.7342277861
5d0a54f48b3ebca59b581e03
p:  769963.6852866962
5d0a55038b3ebca59b581e04
p:  501118.80896788684
5d0a55228b3ebca59b581e06
p:  555829.299945524
5d0a553c8b3ebca59b581e08
p:  599453.3339263194
5d0a55738b3ebca59b581e0a
p:  616646.4093840428
5d0a55928b3ebca59b581e0b
p:  589982.9300555126
5d0a55b48b3ebca59b581e0c
p:  300694.9662410553
5d0a55d38b3ebca59b581e0d
p:  1145192.296614042
5d0a55f58b3ebca59b581e0e
p:  755885.9487062383
5d0a560c8b3ebca59b581e0f
p:  610013.1364098961
5d0a56208b3ebca59b581e10
p:  1119952.9380382656
5d0a566c8b3ebca59b581e13
p:  977163.4752693018
5d0a568b8b3ebca59b581e14
p:  524606.5865374554
5d0a569d8b3ebca59b581e15
p:  495564.57834650786
5d0a56d68b3ebca59b581e16
p:  774284.1426494122
5d0a56e48b3ebca59b581e17
p:  626405.9195702118
5d0a56f78b3ebca59b581e18
p:  395629.7946877008
5d0a57388b3ebca59b581e19
p:  452335.35083457176
5d0a574b8b3ebca59b581e1a
p:  568119.0126137906
5d0a576f8b3ebca59b581e1c
p:  452335.35083457176
5d0a57808b3ebca59b581e1d
p:  757010.322712641
5d0a57918b3ebca59b581e1e
p:  324617.8133126827
5d0a57a38b3ebca59b581e1f
p:  1622540.192325951
5d0a57bd8b3ebca59b581e20
p:  774284.1426494122
5d0a585c8b3ebca59b581e21
p:  591253.7138635879
5d0a588e8b3ebca59b581e22
p:  452335.35083457176
5d0a58ab8b3ebca59b581e23
p:  254189.26937378483
5d0a58da8b3ebca59b581e24
p:  1004579.6623128108
5d0a58f58b3ebca59b581e25
p:  848113.5530714709
5d0a58fe8b3ebca59b581e26
p:  254189.26937378483
5d0a59078b3ebca59b581e27
p:  2268411.535657281
5d0a590e8b3ebca59b581e28
p:  1595802.8909844775
5d0a59178b3ebca59b581e29
p:  311995.9313684528
5d0a5aac8b3ebca59b581e2a
p:  1503588.7112407424
5d0a5b028b3ebca59b581e2b
p:  651350.9292546102
5d0a5b0a8b3ebca59b581e2c
p:  465815.4129066473
5d0a5b398b3ebca59b581e2d
p:  492186.1933078956
5d0a5b4a8b3ebca59b581e2e
p:  701511.3205991047
5d0a5b658b3ebca59b581e2f
p:  687740.693267765
5d0a5b748b3ebca59b581e30
p:  584822.217556908
5d0a5b7e8b3ebca59b581e31
p:  354207.33373981825
5d0a5b9e8b3ebca59b581e32
p:  566060.9555688137
5d0a5ba78b3ebca59b581e33
p:  303401.07246081665
5d0a5d5b8b3ebca59b581e34
p:  792837.5733785157
5d0a5d618b3ebca59b581e35
p:  298541.53053312877
5d0a5dcc8b3ebca59b581e36
p:  485754.5899920522
5d0a5dfd8b3ebca59b581e38
p:  886134.4528363079
5d0a5e178b3ebca59b581e39
p:  684759.0556046574
5d0a5f148b3ebca59b581e3a
p:  738058.6390280898
5d0a5f288b3ebca59b581e3b
p:  774284.1426494122
5d0a5f2e8b3ebca59b581e3c
p:  1981826.246266917
5d0a5f468b3ebca59b581e3d
p:  414921.97141193016
5d0a5f768b3ebca59b581e3f
p:  477541.3253385568
5d0a5f898b3ebca59b581e40
p:  580369.2349696893
5d0a5f9f8b3ebca59b581e41
p:  373030.52884629206
5d0a5fb08b3ebca59b581e42
p:  331390.2818376357
5d0a5fb68b3ebca59b581e43
p:  467640.7274000759
5d0a60d48b3ebca59b581e45
p:  1247402.0366865157
5d0a60eb8b3ebca59b581e46
p:  371118.7416609712
5d0a61708b3ebca59b581e47
p:  392170.7513526898
5d0a618c8b3ebca59b581e48
p:  254189.26937378483
5d0a619c8b3ebca59b581e49
p:  477920.32493309886
5d0a61a78b3ebca59b581e4a
p:  896572.1218135967
5d0a61c08b3ebca59b581e4b
p:  575724.5303930903
5d0a61c78b3ebca59b581e4c
p:  340534.05577326374
5d0a61ce8b3ebca59b581e4d
p:  1457415.2844628438
5d0a61db8b3ebca59b581e4e
p:  483129.9596456175
5d0a61ea8b3ebca59b581e4f
p:  2152310.5937387752
5d0a61f38b3ebca59b581e50
p:  1697534.967199698
5d0a61fb8b3ebca59b581e51
p:  900853.7900995165
5d0a62038b3ebca59b581e52
p:  580168.7885881116
5d0a62078b3ebca59b581e53
p:  402118.0309088819
5d0a620c8b3ebca59b581e54
p:  1194815.0390245472
5d0a62118b3ebca59b581e55
p:  1358537.2987672132
5d0a63b78b3ebca59b581e56
p:  545422.9766602763
5d0a63c38b3ebca59b581e57
p:  1076883.100291316
5d0a63c98b3ebca59b581e58
p:  436867.6039605066
5d0a65458b3ebca59b581e59
p:  564323.5557297901
5d0a65498b3ebca59b581e5a
p:  591253.7138635879
5d0a659b8b3ebca59b581e5b
p:  354207.33373981825
5d0a65a08b3ebca59b581e5c
p:  1706153.6433097215
5d0a65a58b3ebca59b581e5d
p:  803817.3168672192
5d0a65a98b3ebca59b581e5e
p:  566060.9555688137
5d0a65af8b3ebca59b581e5f
p:  695513.881945394
5d0a66f38b3ebca59b581e60
p:  1098610.7189990715
5d0a671d8b3ebca59b581e61
p:  830125.803009241
5d0a67248b3ebca59b581e62
p:  385161.0663353333
5d0a67448b3ebca59b581e63
p:  1348796.797428683
5d0a67498b3ebca59b581e64
p:  563349.2616505474
5d0a694e8b3ebca59b581e65
p:  812941.6783169337
5d2f656e8b6c8df1a080b68a
p:  512536.69375551573
5d2f76e98b6c8df1a080b6cb
p:  385257.9164767094
5d442ef90c2b93cba458ae1a
p:  428595.32222930645
5d474f47acae7a72623cb49a
p:  396303.84242579003
Current date and time: 2020-06-09 15:34:10
Successfully connect to DB.
For ['Bristol', 'Providence']#################################################################
train score for random_forest: 0.9509646691046866
test score for random_forest: 0.5583891933325433
The mean absolute error is:$ 84784.95696267852
r_Score: 0.6053342823749537
Voting Regressor (in): 0.9736939513579415
Voting Regressor: 0.6053342823749537
5d0a47351ee4a5076f581dc7
p:  273984.9956268073
5d0a479eb2f75d3df5581dc8
p:  278782.91430386633
5d0a4880acb7179046581dcc
p:  183536.01996562807
5d0a4961b2f75d3df5581dd3
p:  235899.61587456107
5d0a4965b2f75d3df5581dd4
p:  240799.99406456097
5d0a497ff2d5a48797581dca
p:  182271.5368656334
5d0a499e39dc69b348581dc8
p:  361812.1497760769
5d0a49ad1ee4a5076f581dcc
p:  340488.4774561649
5d0a49cd3f34c8bd3a581dcf
p:  322632.62982435804
5d0a4a001ee4a5076f581dcf
p:  504304.7628974112
5d0a4a0d3f34c8bd3a581dd0
p:  369475.8159993844
5d0a4a4ff2d5a48797581dce
p:  385314.6634148994
5d0a4aa33f34c8bd3a581dd2
p:  612822.321384712
5d0a4ad7f2d5a48797581dd1
p:  195450.97996008303
5d0a4b421ee4a5076f581dd1
p:  266039.286796617
5d0a4c313f34c8bd3a581dd8
p:  367726.5252286097
5d0a4c43e8823e5412581dd8
p:  244044.92831258726
5d0a4cb73f34c8bd3a581dda
p:  347996.1580347938
5d0a4d413f34c8bd3a581ddc
p:  517836.64799496054
5d0a4d7e61a878035f581dd4
p:  163922.97966075665
5d0a4dc43f34c8bd3a581dde
p:  328439.56811259355
5d0a4eb261a878035f581dd8
p:  322822.9282711657
5d0a4f7a6797570b8b581df5
p:  279098.91754413245
5d0a4f7fe0fd852f28581ddf
p:  234821.31465341043
5d0a50496797570b8b581df8
p:  210552.17211448797
5d0a50516797570b8b581df9
p:  157961.887800861
5d0a505b6797570b8b581dfa
p:  319983.38499516505
5d0a5182e0fd852f28581de2
p:  205345.06402469566
5d0a518f6797570b8b581e02
p:  137376.77280397585
5d0a51946797570b8b581e03
p:  209325.48335785803
5d0a52253f34c8bd3a581ded
p:  426901.5981449883
5d0a523a6797570b8b581e08
p:  277380.2655717875
5d0a52456797570b8b581e0a
p:  184951.65617942018
5d0a524a6797570b8b581e0b
p:  452763.8980516784
5d0a524f6797570b8b581e0c
p:  448859.6514039105
5d0a5250e0fd852f28581de4
p:  294145.9314970907
5d0a52566797570b8b581e0d
p:  220102.18782122456
5d0a525a6797570b8b581e0e
p:  246482.138004801
5d0a5273e0fd852f28581de5
p:  221331.188372669
5d0a528ae0fd852f28581de6
p:  294145.9314970907
5d0a529839dc69b348581def
p:  313999.6988675243
5d0a529c39dc69b348581df0
p:  243225.25695225762
5d0a529db2f75d3df5581e00
p:  242419.24783155153
5d0a52afb2f75d3df5581e01
p:  455391.5512902103
5d0a52b5b2f75d3df5581e02
p:  110771.40700574365
5d0a52bdb2f75d3df5581e03
p:  742394.8014964471
5d0a52c1b2f75d3df5581e04
p:  134117.2219610871
5d0a52e23f34c8bd3a581df0
p:  537872.3064011603
5d0a52e86797570b8b581e11
p:  221007.566240425
5d0a52ea61a878035f581de1
p:  180477.77429621175
5d0a52f16797570b8b581e12
p:  190000.938531471
5d0a52fa6797570b8b581e13
p:  269376.8709458644
5d0a52ff61a878035f581de2
p:  180477.77429621175
5d0a530c6797570b8b581e15
p:  214224.19024311757
5d0a531561a878035f581de3
p:  313828.6070568036
5d0a531839dc69b348581df1
p:  440670.4971821305
5d0a532161a878035f581de4
p:  187843.82514438196
5d0a53223f34c8bd3a581df1
p:  543502.9749691933
5d0a533161a878035f581de5
p:  180477.77429621175
5d0a533be0fd852f28581de9
p:  294203.1538042852
5d0a534c39dc69b348581df3
p:  261518.43348880296
5d0a53516797570b8b581e16
p:  151960.47959748414
5d0a5379f2d5a48797581df0
p:  208481.61504837277
5d0a537e6797570b8b581e17
p:  332083.49692739954
5d0a5384acb7179046581df5
p:  213122.96988715482
5d0a53856797570b8b581e18
p:  257400.20295785632
5d0a538dacb7179046581df6
p:  158218.78022764684
5d0a53d36797570b8b581e19
p:  332083.49982981733
5d0a53e53f34c8bd3a581df4
p:  1497645.0228406275
5d0a53e939dc69b348581df5
p:  267601.20305502205
5d0a5415f2d5a48797581df7
p:  271042.80649725004
5d0a5421f2d5a48797581df8
p:  155376.3256212562
5d0a543461a878035f581deb
p:  307856.59337245766
5d0a543f6797570b8b581e1c
p:  231595.31989905576
5d0a545eacb7179046581df7
p:  206716.9473758333
5d0a5469acb7179046581df8
p:  263842.7547674444
5d0a5471acb7179046581df9
p:  461785.22521464713
5d0a5478acb7179046581dfa
p:  127657.56301729227
5d0a54b339dc69b348581dfb
p:  270219.76877545397
5d0a54b4acb7179046581dff
p:  237599.9739679023
5d0a54b8336c0983a1581e0f
p:  364702.71940480534
5d0a54bc39dc69b348581dfc
p:  235908.887165235
5d0a54e0e0fd852f28581dec
p:  469694.76142319187
5d0a54e33f34c8bd3a581df8
p:  190712.55235984473
5d0a54e8e0fd852f28581ded
p:  237036.81855193846
5d0a54efe0fd852f28581dee
p:  920392.3656399857
5d0a54f9e0fd852f28581def
p:  237036.81855193846
5d0a54ffe0fd852f28581df0
p:  311435.2160898729
5d0a55253f34c8bd3a581df9
p:  206898.48939886375
5d0a55643f34c8bd3a581dfa
p:  152299.88378492498
5d0a5592b2f75d3df5581e0e
p:  205640.92505132948
5d0a55a53f34c8bd3a581dfb
p:  275988.99119655596
5d0a55ea3f34c8bd3a581dfc
p:  330155.37674821616
5d0a56393f34c8bd3a581dfd
p:  338371.2441129766
5d0a567a3f34c8bd3a581dfe
p:  419516.1057140872
5d0a56b83f34c8bd3a581dff
p:  287788.3310730943
5d0a56f83f34c8bd3a581e00
p:  744849.5646304907
5d0a57373f34c8bd3a581e01
p:  307358.8925181242
5d0a574639dc69b348581e04
p:  301279.0766052635
5d0a57763f34c8bd3a581e02
p:  296252.19270946615
5d0a57f23f34c8bd3a581e04
p:  240195.97229138558
5d0a57fd39dc69b348581e0b
p:  241011.28604378342
5d0a58333f34c8bd3a581e05
p:  1095502.9928511258
5d0a58b43f34c8bd3a581e07
p:  900304.7819728365
5d0a59393f34c8bd3a581e09
p:  152299.88378492498
5d0a59803f34c8bd3a581e0a
p:  311855.7843096518
5d0a59d53f34c8bd3a581e0b
p:  297867.4360349885
5d0a5a143f34c8bd3a581e0c
p:  542159.2348685341
5d0a5a563f34c8bd3a581e0d
p:  325129.6806282388
5d0a5adb3f34c8bd3a581e0f
p:  162491.39310577587
5d0a5b6a3f34c8bd3a581e11
p:  250419.34056686144
5d0a5bf63f34c8bd3a581e13
p:  255076.33613369084
5d0a5c343f34c8bd3a581e14
p:  348964.80190149706
5d0a5d2a3f34c8bd3a581e17
p:  494916.20871226606
5d0a5d6c3f34c8bd3a581e18
p:  415968.9902604189
5d0a5dfd3f34c8bd3a581e1a
p:  508872.97266090626
5d0a5e4b3f34c8bd3a581e1b
p:  413571.3355311157
5d0a5f6d3f34c8bd3a581e1f
p:  411779.36376947805
5d0a60013f34c8bd3a581e21
p:  213739.76066139934
5d0a617a3f34c8bd3a581e27
p:  148927.85484832572
5d0a628a3f34c8bd3a581e2b
p:  375481.44891694793
5d0a63083f34c8bd3a581e2d
p:  355476.63631849753
5d0a63493f34c8bd3a581e2e
p:  534379.5968235384
5d0a63883f34c8bd3a581e2f
p:  587161.6049039157
5d0a63c93f34c8bd3a581e30
p:  585285.4886591503
5d0a64083f34c8bd3a581e31
p:  432699.96629738016
5d0d19ee43207cb60914ad78
p:  238053.33392003362
5d479138d57846aad03cb4c4
p:  339950.395352208
For ['Kent']#################################################################
train score for random_forest: 0.9474499555753195
test score for random_forest: 0.6781118727914808
The mean absolute error is:$ 64971.651118629066
r_Score: 0.6603940411728463
Voting Regressor (in): 0.9771706221954952
Voting Regressor: 0.6603940411728463
5d0a4809336c0983a1581dc9
p:  376197.9561033477
5d0a484be8823e5412581dcb
p:  159388.6087361488
5d0a485ae8823e5412581dcc
p:  382461.63953467016
5d0a48bae0fd852f28581dd1
p:  768442.1768239181
5d0a48d1e8823e5412581dce
p:  174462.64964217582
5d0a490be8823e5412581dd0
p:  266611.4535649314
5d0a4915e8823e5412581dd1
p:  311637.2218428888
5d0a49a0e8823e5412581dd2
p:  266936.6989324868
5d0a49b3e8823e5412581dd3
p:  637572.3742215885
5d0a4d056797570b8b581de5
p:  148259.30114584256
5d0a4d156797570b8b581de8
p:  336569.71707790555
5d0a4d3f39dc69b348581ddb
p:  302533.1900885798
5d0a4dafe8823e5412581de2
p:  190981.26073370085
5d0a4e056797570b8b581de9
p:  338035.68486274744
5d0a4e31e8823e5412581de3
p:  240210.10660365372
5d0a4e3ae8823e5412581de4
p:  233402.7591695664
5d0a4e5339dc69b348581de4
p:  175956.40217305423
5d0a4e6139dc69b348581de5
p:  833177.0510178371
5d0a4ee839dc69b348581de7
p:  197001.4542112621
5d0a4f0c6797570b8b581ded
p:  273130.6676826083
5d0a4f6d39dc69b348581de9
p:  248124.44417249516
5d0a5005e8823e5412581df1
p:  166101.62011079612
5d0a5025e8823e5412581df2
p:  223471.47332790238
5d0a50a4e8823e5412581df3
p:  110372.52300592966
5d0a5106e8823e5412581df6
p:  188742.51382999297
5d0a517be8823e5412581dfa
p:  235620.80207407166
For ['Washington', 'Newport']#################################################################
train score for random_forest: 0.904387545400548
test score for random_forest: 0.41399786429252905
The mean absolute error is:$ 420014.5230834869
r_Score: 0.4314957755725354
Voting Regressor (in): 0.9455435585197612
Voting Regressor: 0.4314957755725354
5d0a477c8b3ebca59b581dc7
p:  625362.8784303081
5d0a47c51ee4a5076f581dc8
p:  548467.1906326837
5d0a47d88b3ebca59b581dcb
p:  267862.5095671587
5d0a47e48b3ebca59b581dcc
p:  267862.5095671587
5d0a47f46797570b8b581dcb
p:  658199.1665798672
5d0a47fb6797570b8b581dcc
p:  595511.1931720122
5d0a47fd8b3ebca59b581dcd
p:  1130866.3976237394
5d0a48076797570b8b581dcd
p:  532702.7176069161
5d0a480e6797570b8b581dce
p:  418583.0002720914
5d0a481c6797570b8b581dcf
p:  736809.9033081231
5d0a48256797570b8b581dd0
p:  429351.7331852155
5d0a48316797570b8b581dd1
p:  648696.0119231495
5d0a483c6797570b8b581dd2
p:  300887.6848818662
5d0a48426797570b8b581dd3
p:  610831.5465463554
5d0a484b6797570b8b581dd4
p:  705776.4701242378
5d0a48566797570b8b581dd5
p:  727753.9538530803
5d0a48626797570b8b581dd6
p:  1042984.1936503388
5d0a48ac336c0983a1581dcd
p:  259791.69754964282
5d0a48b3336c0983a1581dce
p:  257241.88469460013
5d0a49198b3ebca59b581dcf
p:  585509.8295819497
5d0a491d336c0983a1581dd0
p:  737084.8032789386
5d0a492f336c0983a1581dd1
p:  488665.72536160215
5d0a493db2f75d3df5581dd1
p:  303160.1075421659
5d0a494b8b3ebca59b581dd2
p:  376178.91256604355
5d0a49af61a878035f581dca
p:  441672.62373956485
5d0a4a3bb2f75d3df5581ddc
p:  341169.3224270863
5d0a4a4a8b3ebca59b581dd4
p:  446063.46633606404
5d0a4a4c336c0983a1581dd2
p:  321899.2882981248
5d0a4a538b3ebca59b581dd5
p:  632718.2699639518
5d0a4a5e8b3ebca59b581dd7
p:  493103.06808094424
5d0a4a6a8b3ebca59b581dd8
p:  532670.5521817853
5d0a4a9a336c0983a1581dd3
p:  434673.42262931017
5d0a4aab336c0983a1581dd4
p:  259791.69754964282
5d0a4ac4336c0983a1581dd5
p:  1156029.7812602716
5d0a4acb8b3ebca59b581ddb
p:  2210456.3207260435
5d0a4ad9336c0983a1581dd6
p:  344375.85611411906
5d0a4aed336c0983a1581dd7
p:  451781.94703393587
5d0a4b308b3ebca59b581ddc
p:  502258.77740806865
5d0a4b4339dc69b348581dcf
p:  411452.3669336244
5d0a4b4839dc69b348581dd0
p:  436843.5221255354
5d0a4b4e8b3ebca59b581ddd
p:  933678.258822008
5d0a4b658b3ebca59b581dde
p:  864489.9943417573
5d0a4b698b3ebca59b581ddf
p:  354347.93871837854
5d0a4b6d8b3ebca59b581de0
p:  302646.59520976455
5d0a4b728b3ebca59b581de1
p:  616211.6775878891
5d0a4b7e8b3ebca59b581de2
p:  876418.0019531487
5d0a4b86b2f75d3df5581dde
p:  364039.9661905342
5d0a4b861ee4a5076f581dd5
p:  565410.1326390503
5d0a4b8939dc69b348581dd2
p:  266621.294835874
5d0a4b9439dc69b348581dd4
p:  285377.5629931649
5d0a4b9ab2f75d3df5581ddf
p:  625802.7075499003
5d0a4ba0b2f75d3df5581de0
p:  511166.7737050061
5d0a4ba7b2f75d3df5581de1
p:  226297.64103450946
5d0a4baab2f75d3df5581de2
p:  574829.2240212515
5d0a4bb56797570b8b581ddc
p:  315849.5543443139
5d0a4bbfb2f75d3df5581de3
p:  348405.6037418073
5d0a4be4b2f75d3df5581de4
p:  458450.9512920581
5d0a4be8b2f75d3df5581de5
p:  374304.38616151654
5d0a4bf16797570b8b581ddd
p:  414199.64757993096
5d0a4c1c336c0983a1581dd8
p:  610904.1712805156
5d0a4c24336c0983a1581dd9
p:  281729.16726986255
5d0a4c3bf2d5a48797581dd4
p:  354027.7056452065
5d0a4c4ff2d5a48797581dd5
p:  338229.55310551886
5d0a4c71b2f75d3df5581de6
p:  825358.3815934123
5d0a4c75f2d5a48797581dd6
p:  388439.96737522737
5d0a4c75336c0983a1581dda
p:  581873.2689092204
5d0a4c91336c0983a1581ddb
p:  1375788.6333822315
5d0a4c9ab2f75d3df5581de7
p:  404155.9193024065
5d0a4c9b336c0983a1581ddc
p:  413201.0897526654
5d0a4ca3336c0983a1581ddd
p:  433666.942158851
5d0a4cbdb2f75d3df5581de8
p:  259600.16620763892
5d0a4cfa1ee4a5076f581ddd
p:  501334.6860789788
5d0a4d051ee4a5076f581dde
p:  414162.4734356506
5d0a4d36f2d5a48797581dd7
p:  481766.4248933394
5d0a4d3cb2f75d3df5581de9
p:  447299.3184014411
5d0a4d3e8b3ebca59b581de3
p:  1378510.4672742465
5d0a4d478b3ebca59b581de4
p:  443362.93110443174
5d0a4d4af2d5a48797581dd8
p:  409944.6527941087
5d0a4d4b336c0983a1581dde
p:  396252.05394918396
5d0a4d528b3ebca59b581de5
p:  1041930.278888184
5d0a4d5b8b3ebca59b581de6
p:  439318.8129320027
5d0a4d5facb7179046581dd6
p:  437028.66896047007
5d0a4d678b3ebca59b581de7
p:  621080.1441624591
5d0a4d6e8b3ebca59b581de8
p:  1343110.7134061377
5d0a4d788b3ebca59b581de9
p:  288119.56620505685
5d0a4d868b3ebca59b581dea
p:  525224.4535602307
5d0a4d908b3ebca59b581deb
p:  520333.8397389356
5d0a4d988b3ebca59b581dec
p:  417693.5127109751
5d0a4dc3b2f75d3df5581ded
p:  449408.7544347069
5d0a4dd4b2f75d3df5581dee
p:  413377.0484319461
5d0a4de7b2f75d3df5581def
p:  390983.2692067096
5d0a4e02b2f75d3df5581df0
p:  305382.7318634201
5d0a4e07336c0983a1581ddf
p:  299730.74547379534
5d0a4e13f2d5a48797581ddb
p:  498938.79643761524
5d0a4e2db2f75d3df5581df2
p:  389403.90974184417
5d0a4e3bacb7179046581dd8
p:  467996.45501865674
5d0a4e3e1ee4a5076f581de2
p:  525428.761254087
5d0a4e4aacb7179046581dda
p:  533208.9225882784
5d0a4e4eb2f75d3df5581df3
p:  564796.5215126819
5d0a4e5db2f75d3df5581df4
p:  506045.2450919532
5d0a4e5eacb7179046581ddd
p:  558577.9764669742
5d0a4e63acb7179046581dde
p:  525206.0508041618
5d0a4e681ee4a5076f581de4
p:  1027068.8561685045
5d0a4e801ee4a5076f581de5
p:  788297.1634852232
5d0a4e8e1ee4a5076f581de6
p:  760319.8072224923
5d0a4eb1b2f75d3df5581df7
p:  358602.8543902626
5d0a4ec8acb7179046581de0
p:  375861.3760839925
5d0a4eda1ee4a5076f581de9
p:  621498.9679467452
5d0a4eed1ee4