Current date and time: 2020-06-07 15:34:20
Successfully connect to DB.
For ['harleston', 'Berkley', 'Dorchester', 'Colleton', 'Beaufort', 'Jasper', 'Hampton', 'Allendale', 'Bamberg', 'Orangeburg', 'Calhoun']#################################################################
train score for random_forest: 0.9395183478589635
test score for random_forest: 0.3929982639773527
The mean absolute error is:$ 153200.3475676681
r_Score: 0.46063485216606903
Voting Regressor (in): 0.9506629902715061
Voting Regressor: 0.460634852166069
5d0e947919f56a0d5b8f8db4
p:  263419.4825893169
5d408d89176b1add8579d51e
p:  72472.03143149184
5d408e6bb31f5fa8fc79d520
p:  260390.90002895333
5d408e888b06a4735479d51c
p:  128133.30107140128
5d408f56e08e05f6ce79d524
p:  125423.43992559816
5d40906e176b1add8579d526
p:  137427.01645439622
5d40a088e802b273fa79d54d
p:  65247.516162037035
5d40a0ace802b273fa79d54e
p:  74325.99356850985
5d40a0d3e802b273fa79d54f
p:  168184.4161609247
5d40a0fbe802b273fa79d550
p:  77200.32323716233
5d40a123e802b273fa79d551
p:  74325.99356850985
5d40a149e802b273fa79d552
p:  46650.176900448874
5d40a170e802b273fa79d553
p:  46650.176900448874
5d40a1718b06a4735479d541
p:  90017.04796379148
5d40a1a78b06a4735479d542
p:  80857.79536211552
5d40a1bfe802b273fa79d555
p:  84033.12177119199
5d40a244e802b273fa79d558
p:  118710.88531853762
5d40a2b9e802b273fa79d55b
p:  119210.49626215675
5d40a335e802b273fa79d55e
p:  69187.12222150438
5d40a3ade802b273fa79d561
p:  127678.42538591404
5d40a3d6e802b273fa79d562
p:  104208.41787883549
5d40a428e802b273fa79d564
p:  84891.99603921716
5d40a966e802b273fa79d573
p:  84033.12177119199
5d40abe9e802b273fa79d576
p:  78223.1716657137
5d40ae05e802b273fa79d577
p:  76132.46264794866
5d40b00be802b273fa79d57e
p:  96922.1592909715
5d40b1efe802b273fa79d582
p:  84033.12177119199
5d40c9a0e802b273fa79d5b0
p:  226905.81013839354
5d4125038b06a4735479d627
p:  210806.73505068754
5d4125278b06a4735479d628
p:  220710.70846971998
5d4127aa8b06a4735479d62b
p:  193131.66607682977
5d41283a8b06a4735479d62d
p:  125322.28697172928
5d4128778b06a4735479d62e
p:  300546.5353104209
5d4129178b06a4735479d632
p:  187527.45861084518
5d412ac08b06a4735479d635
p:  322785.3934975583
5d41317b8b06a4735479d63b
p:  262005.99543295492
5d4131908b06a4735479d63c
p:  211077.44852015044
5d4134ee8b06a4735479d643
p:  243607.83630306192
5d4141678b06a4735479d657
p:  283593.44536091364
5d4144c78b06a4735479d65e
p:  272298.5455154624
5d414b50fc28f9954479d6cc
p:  197185.76879862353
5d414e9ffc28f9954479d6d4
p:  126918.41607708883
5d415b3efc28f9954479d6df
p:  435376.2640938069
5d415baafc28f9954479d6e0
p:  218175.89309489587
5d415c45fc28f9954479d6e3
p:  211699.7505840644
5d415c77fc28f9954479d6e4
p:  400097.57904909167
5d415d44fc28f9954479d6e7
p:  233556.51229329035
5d415e02fc28f9954479d6ea
p:  218847.01061117678
5d415eb1283fe02bb579d812
p:  284162.5848221994
5d415faa283fe02bb579d813
p:  194788.07221174738
5d4160a4fc28f9954479d6f0
p:  191083.4696547885
5d41638efc28f9954479d6f7
p:  329632.69270521647
5d416428fc28f9954479d6f9
p:  175098.3155374742
5d4164df283fe02bb579d81c
p:  171505.52053418942
5d416522283fe02bb579d81e
p:  311630.1298633341
5d416535283fe02bb579d81f
p:  182430.271092098
5d41664e283fe02bb579d820
p:  195314.9950658586
5d41666e283fe02bb579d821
p:  190388.11307168036
5d416976283fe02bb579d828
p:  252063.88908665316
5d416987283fe02bb579d829
p:  187287.31635136597
5d4169a3283fe02bb579d82a
p:  300947.74912787264
5d416a3d8b06a4735479d6af
p:  225684.8907498163
5d416a82fc28f9954479d6ff
p:  193813.5776661255
5d416b20fc28f9954479d701
p:  222176.9193265515
5d416b278b06a4735479d6b1
p:  166934.76496096217
5d416e028b06a4735479d6b8
p:  389692.88774040644
5d417004283fe02bb579d83e
p:  643236.4078524921
5d417016283fe02bb579d83f
p:  150276.48786753038
5d4170658b06a4735479d6bf
p:  226498.25105136374
5d4170c1283fe02bb579d840
p:  232057.42642328632
5d417131283fe02bb579d843
p:  202958.3558113193
5d4174228b06a4735479d6cf
p:  114646.24418252506
5d4175a2fc28f9954479d707
p:  314677.81882434944
5d4175d2d54ff06ee879d721
p:  224308.49665890826
5d4176c9283fe02bb579d84d
p:  193227.48224357312
5d4177b4283fe02bb579d850
p:  150276.48786753038
5d417804283fe02bb579d851
p:  353747.04527826415
5d41785d8b06a4735479d6df
p:  157059.49363114682
5d417990283fe02bb579d856
p:  175321.36749961693
5d417a77283fe02bb579d859
p:  244753.15506957273
5d417bab283fe02bb579d85d
p:  224278.0183313667
5d417bc78b06a4735479d6eb
p:  116301.23553243023
5d417e258b06a4735479d6ef
p:  239153.5282501959
5d417eb4283fe02bb579d867
p:  241280.797467365
5d417f00283fe02bb579d868
p:  177725.924278571
5d417f008b06a4735479d6f0
p:  200321.46072704793
5d4180748b06a4735479d6f1
p:  328692.56096051255
5d4180cd283fe02bb579d86e
p:  246997.41301385555
5d4181f78b06a4735479d6f5
p:  151285.47057314016
5d418260283fe02bb579d873
p:  209698.84159406283
5d41839e283fe02bb579d877
p:  212510.1847895143
5d41886f8b06a4735479d703
p:  150323.66395586188
5d418a078b06a4735479d707
p:  257533.44013814858
5d418a59283fe02bb579d88d
p:  300844.6973380856
5d418c2f283fe02bb579d893
p:  293593.7968517167
5d418e088b06a4735479d713
p:  299273.94574279746
5d418f82283fe02bb579d89d
p:  192797.37192355387
5d4191c98b06a4735479d720
p:  324475.2589480959
5d419290283fe02bb579d8a7
p:  262470.99875599734
5d41932c283fe02bb579d8a9
p:  308004.12891378277
5d4194f8283fe02bb579d8af
p:  277230.37821697816
5d419592283fe02bb579d8b1
p:  247838.6838674405
5d41992f8b06a4735479d731
p:  231938.1554986047
5d4199858b06a4735479d733
p:  120063.12376296881
5d419b088b06a4735479d73a
p:  351699.5392436553
5d419ba4283fe02bb579d8c5
p:  175321.36749961693
5d419d198b06a4735479d73e
p:  325103.4286626087
5d419e18283fe02bb579d8cd
p:  200698.37976394477
5d419e988b06a4735479d740
p:  336018.95636784774
5d41a3368b06a4735479d747
p:  440947.94794781384
5d41a3b68b06a4735479d74a
p:  266530.57710974023
5d41a3e48b06a4735479d74b
p:  300703.64425268635
5d41a4018b06a4735479d74c
p:  328198.6698512387
5d41a4168b06a4735479d74d
p:  335041.3710521243
5d41a65b283fe02bb579d8dc
p:  179360.65671808438
5d41a9f98b06a4735479d763
p:  128340.50943631388
5d41aa298b06a4735479d764
p:  309368.4816858618
5d41abcb283fe02bb579d8e5
p:  209054.70064774773
5d41af62283fe02bb579d8ea
p:  174193.71917042468
5d41afda283fe02bb579d8eb
p:  311974.2118020966
5d41bdef8b06a4735479d792
p:  398322.1147035762
5d41c2548b06a4735479d79e
p:  330785.53281178884
5d41c26d8b06a4735479d7a0
p:  247776.9292365384
5d41c6da8b06a4735479d7af
p:  330785.53281178884
5d42b0dd5885cfee6779da87
p:  183172.18852591072
5d42b1065885cfee6779da88
p:  338462.88492477464
5d42b1d0e08e05f6ce79da03
p:  271203.1503885432
5d42b1f05885cfee6779da8c
p:  291675.4974133504
5d42b33f5885cfee6779da8f
p:  404935.557464154
5d42b3b05885cfee6779da91
p:  433160.4635259905
5d42b487119659588279da09
p:  188518.32666505524
5d42b4cb119659588279da0a
p:  301857.16844550153
5d42b55d5885cfee6779da93
p:  307740.4594937097
5d42b6035885cfee6779da96
p:  261246.73730955267
5d42b63b5885cfee6779da97
p:  329947.61794367176
5d42b6eb119659588279da0f
p:  564295.3152749896
5d42b6f25885cfee6779da99
p:  322016.3129891729
5d42b7975885cfee6779da9b
p:  235271.02724387337
5d42bac0d54ff06ee879dc56
p:  463604.5299987705
5d42bb04d54ff06ee879dc59
p:  147656.38842814552
5d42bb4ba5bb10730e79da53
p:  387633.0133667578
5d42bbe6119659588279da17
p:  268670.5449828105
5d42bd9d119659588279da1e
p:  269310.95435743174
5d42bdee4db5294e7279daf2
p:  264981.24923489563
5d42be11a5bb10730e79da57
p:  445529.6202240665
5d42be82119659588279da20
p:  451806.96432262176
5d42beef228bee2f4279da28
p:  324300.8636933927
5d42bf864db5294e7279dafe
p:  262145.6162474264
5d42bf9d4db5294e7279daff
p:  457999.56010331615
5d42c0415885cfee6779daaf
p:  187991.80118774815
5d42c10e119659588279da22
p:  289036.2543051997
5d42c1804db5294e7279db0f
p:  472746.50336837163
5d42c276119659588279da27
p:  195365.3210401548
5d42c3e3e08e05f6ce79da20
p:  309443.6420175922
5d42c47a5885cfee6779dabc
p:  362782.6906608195
5d42c482e08e05f6ce79da22
p:  292946.1164160783
5d42c4a64db5294e7279db27
p:  317331.8708589359
5d42c4d2d54ff06ee879dc66
p:  266436.5921033294
5d42c5a5a5bb10730e79da64
p:  268863.3369866317
5d42c611119659588279da29
p:  183162.0539993918
5d42c6d34db5294e7279db3b
p:  158383.08301097585
5d42c721119659588279da2c
p:  295880.23359364795
5d42c751119659588279da2d
p:  376307.62923635414
5d42c8ee119659588279da34
p:  382592.74490996345
5d42ca9dc6b44c35cb79da30
p:  567736.819394992
5d42cabec6b44c35cb79da31
p:  534645.5097010859
5d42cb10d54ff06ee879dc75
p:  335667.5225876822
5d42cb35d54ff06ee879dc76
p:  390033.24267130764
5d42cb54d54ff06ee879dc77
p:  262327.72307289246
5d42cb77a5bb10730e79da6a
p:  249672.79637341027
5d42cd0da5bb10730e79da6c
p:  174514.02842597422
5d42cdfce08e05f6ce79da2d
p:  194443.41353209608
5d42ce8b176b1add8579da96
p:  787604.311062969
5d42cf275885cfee6779dad2
p:  335284.89652992156
5d42cf76a5bb10730e79da70
p:  460547.8831459038
5d42d00bd54ff06ee879dc80
p:  447163.21380629676
5d42d093c6b44c35cb79da38
p:  570686.1955836196
5d42d1a4d54ff06ee879dc83
p:  144818.37878909253
5d42d1df5885cfee6779dad6
p:  437676.8045393035
5d42d1f8d54ff06ee879dc85
p:  313841.1017091817
5d42d22cd54ff06ee879dc86
p:  436077.3711846159
5d42d360d54ff06ee879dc87
p:  304426.50887819566
5d42d41e119659588279da54
p:  297579.253755181
5d42d4c75885cfee6779dada
p:  351047.264666946
5d42d50e8b06a4735479d9fc
p:  106166.08258985424
5d42d54d119659588279da58
p:  297395.1800080225
5d42d55b8b06a4735479d9fd
p:  408967.3488187264
5d42d588228bee2f4279da63
p:  164427.1199777666
5d42d598b31f5fa8fc79da79
p:  513770.16168726486
5d42d5c4228bee2f4279da64
p:  164427.1199777666
5d42d68be08e05f6ce79da3a
p:  355444.86909899244
5d42d6bae08e05f6ce79da3b
p:  326084.2878964054
5d42d702228bee2f4279da66
p:  231447.5570893113
5d42d8acb31f5fa8fc79da7e
p:  670775.4968400454
5d42d94db31f5fa8fc79da80
p:  531777.4856339458
5d42d974228bee2f4279da69
p:  212401.72532665875
5d42d997228bee2f4279da6a
p:  229300.7996622549
5d42d9d2176b1add8579dab6
p:  357445.98522359575
5d42db3ec6b44c35cb79da4e
p:  449762.8673050341
5d42db54228bee2f4279da6c
p:  432850.57372942
5d42db5a176b1add8579dabc
p:  428208.2963005818
5d42dbbec6b44c35cb79da51
p:  589297.9858842404
5d42dbf9d54ff06ee879dc93
p:  269591.5048241089
5d42dc3c228bee2f4279da6f
p:  563596.4399079317
5d42dc7a228bee2f4279da70
p:  181711.19193469966
5d42dce7d54ff06ee879dc95
p:  404250.41303818696
5d42dd1cd54ff06ee879dc96
p:  255668.70788611434
5d42dda1b31f5fa8fc79da87
p:  761018.0638802858
5d42de31d54ff06ee879dc98
p:  248374.32919767487
5d42defbb31f5fa8fc79da8d
p:  663449.1801859662
5d42df07119659588279da77
p:  413416.7586079815
5d42df33228bee2f4279da7a
p:  184527.22954718216
5d42e395e802b273fa79dc1a
p:  80300.27012367766
5d42e471b31f5fa8fc79da95
p:  562630.5090616867
5d42e5afc6b44c35cb79da71
p:  332116.7846780118
5d42e606c6b44c35cb79da72
p:  1412937.9781789565
5d42e65fb31f5fa8fc79da9f
p:  397143.18745831656
5d42e6b2b31f5fa8fc79daa1
p:  652896.1687536541
5d42e9a2d54ff06ee879dca0
p:  210392.44887754438
5d42ea50c6b44c35cb79da7e
p:  372094.2909028025
5d42eba2b31f5fa8fc79dab3
p:  369744.33298889204
5d42ec00b31f5fa8fc79dab5
p:  217732.2150362787
5d42eecbd54ff06ee879dcac
p:  405987.07883423165
5d42efacb31f5fa8fc79daba
p:  2015361.1053839698
5d42f057a5bb10730e79da81
p:  311781.337700322
5d42f0dcc6b44c35cb79da8a
p:  792141.7948482909
5d42f16eb31f5fa8fc79dabe
p:  515740.4802407194
5d42f626d54ff06ee879dcbe
p:  435072.8089012762
5d42f652d54ff06ee879dcbf
p:  427074.11791196885
5d42f661b31f5fa8fc79dacc
p:  1185757.328676283
5d42f67dd54ff06ee879dcc0
p:  549413.5559106208
5d42f6d5b31f5fa8fc79dacf
p:  936865.0319992248
5d42f7add54ff06ee879dcc3
p:  2391233.355099059
5d42f802a5bb10730e79da8a
p:  394148.46063656005
5d42fc8ad54ff06ee879dcc8
p:  285173.17337794683
5d42fe61d54ff06ee879dcd0
p:  248374.32919767487
5d42fea2b31f5fa8fc79daec
p:  604214.1889971781
5d4304e5a5bb10730e79da9c
p:  263921.19521067187
5d430784a5bb10730e79da9f
p:  225075.19661437275
5d43087da5bb10730e79daa1
p:  173059.65473736456
5d4309b9d54ff06ee879dce4
p:  430904.48678971815
5d430e85d54ff06ee879dcee
p:  400783.8873508045
5d430f03b31f5fa8fc79db0c
p:  939150.4082257485
5d431310d54ff06ee879dcfb
p:  411502.62135798484
5d431599d54ff06ee879dcfe
p:  405300.06370766426
5d431979a5bb10730e79dac0
p:  216494.75491824298
5d431b59a5bb10730e79dac6
p:  173520.58930326725
5d431bdea5bb10730e79dac7
p:  643244.0489742013
5d431c29d54ff06ee879dd10
p:  379966.30808316264
5d4320d0d54ff06ee879dd12
p:  625304.3728801103
5d43248ea5bb10730e79dad1
p:  299996.6493062668
5d4325b8d54ff06ee879dd25
p:  428920.6442762009
5d4327e1c6b44c35cb79db17
p:  340948.5174298638
5d432875d54ff06ee879dd2a
p:  320311.5415989529
5d432c24a5bb10730e79dae1
p:  250496.98253956452
5d433382d54ff06ee879dd4e
p:  375809.800816244
5d4335f4d54ff06ee879dd55
p:  424058.48679251474
5d4336a7c6b44c35cb79db42
p:  348495.0637062506
5d434113d54ff06ee879dd7a
p:  211510.36887657968
5d434a58a5bb10730e79db21
p:  485958.6725258869
5d434de5a5bb10730e79db28
p:  355723.6378764764
5d4361e3a5bb10730e79db67
p:  812701.2639613587
For ['Georgetown', 'Horry', 'Williamsburg', 'Florence', 'Marion', 'Dillon', 'Clarendon', 'Sumter', 'Lee', 'Darlington', 'Marlboro', 'Chesterfield']#################################################################
train score for random_forest: 0.9203615377860493
test score for random_forest: 0.6344613271266335
The mean absolute error is:$ 80486.28310872296
r_Score: 0.6691453792771074
Voting Regressor (in): 0.9276694502612284
Voting Regressor: 0.6691453792771073
5d0b5f86f12fac82e26efb7d
p:  431065.679055997
5d12c4d4b7ae3de20d8d6f6d
p:  98510.91872613964
5d12c4dcb7ae3de20d8d6f6e
p:  131648.40345300996
5d1bfae8dbebfd779eefbc67
p:  281950.42798474093
5d1bfb1edbebfd779eefbc68
p:  149211.61267033702
5d1c5dd20a1cbc8e6fefbce4
p:  135273.28596827277
5d1c8582dbebfd779eefbd8d
p:  183804.21427732086
5d29718e199bf96b6045ac84
p:  102826.99710323359
5d299b63199bf96b6045ad09
p:  138949.3027776773
5d2d21c6aa1ce31ade80b164
p:  151519.34733445875
5d2d21d2aa1ce31ade80b165
p:  183838.443637151
5d2d21ddaa1ce31ade80b166
p:  197642.92167342379
5d2d21e8aa1ce31ade80b167
p:  170479.6655630545
5d2d21f5aa1ce31ade80b168
p:  119837.6716649787
5d408df8e802b273fa79d51c
p:  155856.55883297097
5d408e2ee802b273fa79d51e
p:  149211.61267033702
5d408e55e802b273fa79d51f
p:  115953.80632362212
5d408e76e802b273fa79d520
p:  137694.85662185715
5d408f12e802b273fa79d522
p:  145399.6683675028
5d408f22b32bbb8cb679d521
p:  130776.90999811486
5d408f58b32bbb8cb679d522
p:  89334.5755168147
5d408fc9e802b273fa79d524
p:  146555.78181664314
5d409170b32bbb8cb679d526
p:  161629.16058833344
5d409517e802b273fa79d52b
p:  106471.4509543057
5d40954de802b273fa79d52c
p:  114422.9718861288
5d40959fe802b273fa79d52d
p:  155831.43805501773
5d4096a3e802b273fa79d52e
p:  162832.85555697905
5d4096cfe802b273fa79d52f
p:  104621.14097942071
5d4096f2e802b273fa79d530
p:  160856.42813726078
5d409940e802b273fa79d535
p:  144237.3136004139
5d409a16e802b273fa79d536
p:  233913.07275867945
5d409a5ee802b273fa79d537
p:  160856.42813726078
5d409b288b06a4735479d536
p:  147514.4771521266
5d409bade802b273fa79d538
p:  128210.99513133356
5d409c04e802b273fa79d539
p:  113923.27064174745
5d409c37e802b273fa79d53a
p:  107415.1044517892
5d409c7ab32bbb8cb679d542
p:  266892.87749274157
5d409f6fb31f5fa8fc79d551
p:  180239.0632464431
5d409fd0e802b273fa79d54c
p:  107905.32303339356
5d409ff2b31f5fa8fc79d554
p:  141090.24669024342
5d40a2b5283fe02bb579d537
p:  247387.94477074177
5d40a4c5283fe02bb579d53e
p:  164164.55079479067
5d40ac53a5bb10730e79d555
p:  224672.6531833503
5d40accbb31f5fa8fc79d562
p:  271982.2269054982
5d40ae4c4db5294e7279d564
p:  159653.64730398907
5d40ae9ba5bb10730e79d559
p:  45975.29268671765
5d40aee4e08e05f6ce79d572
p:  114277.08933431697
5d40af4bb32bbb8cb679d568
p:  63701.08808000563
5d40af84b31f5fa8fc79d567
p:  376401.9029719977
5d40afcc4db5294e7279d567
p:  161828.49464401288
5d40b14ce08e05f6ce79d575
p:  139114.057284916
5d40b30de08e05f6ce79d578
p:  59645.79210974854
5d40b3125885cfee6779d564
p:  356018.14943028113
5d40b3fb4db5294e7279d56d
p:  135248.3944812114
5d40b4bea5bb10730e79d562
p:  304897.3716074303
5d40b4eb4db5294e7279d572
p:  54272.70374594233
5d40b578e08e05f6ce79d57c
p:  59645.79210974854
5d40b5b5e08e05f6ce79d57d
p:  59645.79210974854
5d40b5fce08e05f6ce79d57e
p:  221288.4237668577
5d40b615e08e05f6ce79d57f
p:  71146.13739734524
5d40b815e08e05f6ce79d582
p:  147824.3306668106
5d40b9e9a5bb10730e79d570
p:  69445.09779040291
5d40ba37b31f5fa8fc79d57d
p:  257516.28655727496
5d40bb4ba5bb10730e79d572
p:  86524.80575476581
5d40bc64a5bb10730e79d577
p:  152869.30384957916
5d40bd18e08e05f6ce79d58f
p:  207608.04824977822
5d40c083e08e05f6ce79d59c
p:  151994.43193768454
5d40c4fda5bb10730e79d587
p:  58881.94248726076
5d40c57fa5bb10730e79d58a
p:  234635.24250727898
5d40c68fa5bb10730e79d58b
p:  198322.89124793588
5d40c87ea5bb10730e79d58d
p:  75624.2329061412
5d40cabea5bb10730e79d58f
p:  108088.57831994854
5d40cb76a5bb10730e79d590
p:  287088.7057614147
5d40ce8ba5bb10730e79d597
p:  86524.80575476581
5d40cfd9a5bb10730e79d59a
p:  163547.0932946946
5d40d0b0e08e05f6ce79d5c6
p:  131995.88648465223
5d40d0c3a5bb10730e79d59d
p:  166763.01012792366
5d40d112e08e05f6ce79d5c7
p:  105295.76805782612
5d40d298e08e05f6ce79d5c9
p:  161451.5108502601
5d40d55de08e05f6ce79d5cc
p:  128784.96133859172
5d40d5eda5bb10730e79d5aa
p:  57664.62922893217
5d40d61aa5bb10730e79d5ab
p:  206043.626720823
5d40d64be08e05f6ce79d5cd
p:  173288.42717477225
5d40d67ca5bb10730e79d5ac
p:  85871.93865328722
5d40d6e4e08e05f6ce79d5ce
p:  118124.73957340981
5d40d73be08e05f6ce79d5d0
p:  93020.19606450421
5d40d952e08e05f6ce79d5d5
p:  152513.3771197804
5d40d9b5a5bb10730e79d5af
p:  171250.14187967055
5d40da04e08e05f6ce79d5d8
p:  125806.452154239
5d40db5ae08e05f6ce79d5dd
p:  192307.344590497
5d40dc2ee08e05f6ce79d5df
p:  164327.76182641223
5d40dc49e08e05f6ce79d5e0
p:  169123.27872887062
5d40dc67e08e05f6ce79d5e1
p:  201502.60119889924
5d40ddf0a5bb10730e79d5b9
p:  76788.38676918669
5d40defce08e05f6ce79d5e6
p:  137599.08260268066
5d40e034e08e05f6ce79d5ea
p:  135986.6547604
5d40e0b1e08e05f6ce79d5eb
p:  205293.64950053836
5d40e2e4e08e05f6ce79d5f0
p:  216695.44083883407
5d40e364a5bb10730e79d5c4
p:  111015.02120470618
5d40e635e08e05f6ce79d5f3
p:  170851.43433307443
5d40e666e08e05f6ce79d5f4
p:  95372.6347898623
5d40e82ea5bb10730e79d5cf
p:  94340.41964220618
5d40ebe8a5bb10730e79d5d8
p:  80918.72222939094
5d40ed7be08e05f6ce79d604
p:  71914.08395023987
5d40edaae08e05f6ce79d605
p:  202975.38282337392
5d40f520a5bb10730e79d5ea
p:  201929.95260203784
5d40f869e08e05f6ce79d61e
p:  227197.84519196505
5d413c1dc6b44c35cb79d69a
p:  363848.5259269263
5d4140f2c6b44c35cb79d6a8
p:  175722.79503988312
5d414af5c6b44c35cb79d6b9
p:  173746.8576844753
5d4180fed54ff06ee879d762
p:  110151.8659662421
5d4182a7d54ff06ee879d76b
p:  153982.78795761766
5d4182d1d54ff06ee879d76c
p:  141615.85605497652
5d4184dad54ff06ee879d777
p:  256157.51846613642
5d418673d54ff06ee879d780
p:  179199.22835967297
5d418797c6b44c35cb79d726
p:  209173.00751438818
5d418808fc28f9954479d71c
p:  92233.75591755006
5d41881ab31f5fa8fc79d74a
p:  106578.29569195554
5d418857fc28f9954479d71e
p:  159208.56716746333
5d418a76228bee2f4279d775
p:  63528.69068461977
5d418fdec6b44c35cb79d740
p:  85730.6735731604
5d418ff5d54ff06ee879d7b6
p:  101924.0035999566
5d419146fc28f9954479d734
p:  179647.81935667054
5d41918cfc28f9954479d736
p:  243626.12060725017
5d41919c176b1add8579d7d2
p:  154993.52711638427
5d41922b176b1add8579d7d4
p:  109285.92327071937
5d41938fe802b273fa79d8bd
p:  98336.75357796934
5d4194029ec6023bff79d76e
p:  147305.2788625997
5d41946db31f5fa8fc79d766
p:  50316.45891290737
5d41951ffc28f9954479d73e
p:  77614.94292484615
5d419575176b1add8579d7d7
p:  168237.8439309833
5d4196ccfc28f9954479d743
p:  213911.46042263444
5d4197079ec6023bff79d774
p:  133888.62484408182
5d419769d54ff06ee879d7e1
p:  179199.22835967297
5d41977b228bee2f4279d795
p:  85074.91037584032
5d41981f9ec6023bff79d778
p:  126022.1108138503
5d419824d54ff06ee879d7e5
p:  117205.90427675724
5d419852d54ff06ee879d7e6
p:  195183.33773467297
5d419c3fd54ff06ee879d7fe
p:  132212.79047001083
5d419d81d54ff06ee879d806
p:  136600.07437353185
5d419d8c9ec6023bff79d77f
p:  192506.44392875175
5d419e46d54ff06ee879d80b
p:  103618.49139162965
5d419ee69ec6023bff79d784
p:  231262.80131977465
5d41a1c1fc28f9954479d756
p:  168346.48130738066
5d41a25ffc28f9954479d758
p:  63440.65698283448
5d41a27efc28f9954479d759
p:  153918.23575386076
5d41a31ffc28f9954479d75c
p:  127983.51743769032
5d41a382b31f5fa8fc79d791
p:  89207.58827476524
5d41a403d54ff06ee879d82f
p:  132212.79047001083
5d41a52dfc28f9954479d75f
p:  156888.34148015504
5d41a573b31f5fa8fc79d793
p:  57619.45491831271
5d41a62f176b1add8579d7f4
p:  132888.2973932096
5d41a79be802b273fa79d8fc
p:  132433.3525944625
5d41ac50e802b273fa79d908
p:  141207.72073032244
5d41ad26176b1add8579d808
p:  220599.0352805865
5d41ae72fc28f9954479d770
p:  145677.24106684746
5d41af62176b1add8579d80c
p:  282966.5974509178
5d41b1f0a5bb10730e79d7b1
p:  160177.54648740322
5d41b36f4db5294e7279d79e
p:  131756.16323332427
5d41b6ca176b1add8579d821
p:  165643.46173731535
5d41b7274db5294e7279d7a4
p:  142028.73471236593
5d41b7e7b31f5fa8fc79d7c4
p:  185979.9571462561
5d41b81dd54ff06ee879d8a5
p:  229306.70878326334
5d41b846d54ff06ee879d8a6
p:  230585.35687107255
5d41b8464db5294e7279d7a9
p:  447129.594694966
5d41b89a176b1add8579d823
p:  96208.6639278873
5d41b99bd54ff06ee879d8ae
p:  85866.95330083104
5d41ba58228bee2f4279d7df
p:  146088.05950686056
5d41ba6e176b1add8579d829
p:  220303.78652172035
5d41ba8c176b1add8579d82b
p:  156932.59778848419
5d41bb659ec6023bff79d7b8
p:  66529.94438745189
5d41bd1c9ec6023bff79d7c0
p:  127049.07317230482
5d41bd47228bee2f4279d7e8
p:  136930.66478984675
5d41bdc04db5294e7279d7b5
p:  211084.9060782133
5d41bde3fc28f9954479d7a4
p:  92647.16994762182
5d41bdee4db5294e7279d7b6
p:  203636.11182635947
5d41be1cd54ff06ee879d8ca
p:  566660.7053954585
5d41be53176b1add8579d834
p:  162210.80094476324
5d41c059c6b44c35cb79d7b8
p:  89067.84601044079
5d41c077b31f5fa8fc79d7dc
p:  254627.19512651974
5d41c09ffc28f9954479d7c1
p:  90330.145649054
5d41c126228bee2f4279d7ef
p:  135136.23891197788
5d41c184228bee2f4279d7f0
p:  142476.23148029458
5d41c20f228bee2f4279d7f2
p:  264129.0630455313
5d41c262d54ff06ee879d8e5
p:  345950.70419650327
5d41c48efc28f9954479d7f4
p:  97446.79959310446
5d41c4c5fc28f9954479d7f7
p:  871545.2362427722
5d41c65ec6b44c35cb79d7c2
p:  109305.22335544623
5d41c78afc28f9954479d819
p:  90330.145649054
5d41c80cd54ff06ee879d908
p:  246848.3184247302
5d41c833d54ff06ee879d909
p:  203284.73600824992
5d41c8d6d54ff06ee879d90d
p:  166444.75878333254
5d41ca724db5294e7279d7d0
p:  155076.47268174257
5d41cad8c6b44c35cb79d7cd
p:  437151.0570912092
5d41caead54ff06ee879d91a
p:  151492.56330784952
5d41cba9b31f5fa8fc79d7ee
p:  296799.07537778694
5d41cbc5176b1add8579d85d
p:  139054.77758442564
5d41cc0cd54ff06ee879d921
p:  269698.5469475286
5d41ce2e176b1add8579d869
p:  156618.06946313518
5d41ce41b31f5fa8fc79d7f2
p:  232658.66268813706
5d41ce66d54ff06ee879d92e
p:  221421.04180714476
5d41ce71c6b44c35cb79d7d0
p:  121475.32448859516
5d41cf08c6b44c35cb79d7d2
p:  192324.57904055653
5d41cf4fc6b44c35cb79d7d3
p:  133581.52446113227
5d41d0d24db5294e7279d7df
p:  131756.16323332427
5d41d15ac6b44c35cb79d7d6
p:  295024.44468308566
5d41d1bcfc28f9954479d84f
p:  173008.54727113165
5d41d27ec6b44c35cb79d7d8
p:  267478.43264974275
5d41d2b7a5bb10730e79d80c
p:  129114.51314281992
5d41d3bafc28f9954479d856
p:  328059.0185122263
5d41d3cb283fe02bb579d938
p:  226916.20188099635
5d41d3e6fc28f9954479d857
p:  171044.7391326644
5d41d4e1d54ff06ee879d953
p:  237718.66901365638
5d41d5e55885cfee6779d85f
p:  177456.83159158268
5d41d6f1228bee2f4279d81c
p:  75615.93211186407
5d41d814283fe02bb579d941
p:  192774.18383323017
5d41d8185885cfee6779d867
p:  213583.31623022293
5d41d8b5283fe02bb579d943
p:  189790.95002079938
5d41d8ffd54ff06ee879d96b
p:  246074.6891990347
5d41d942c6b44c35cb79d7ee
p:  157315.60781090832
5d41d979176b1add8579d885
p:  158137.74222905826
5d41d9ffc6b44c35cb79d7f3
p:  189772.73486025562
5d41dae4a5bb10730e79d823
p:  97446.0178483496
5d41db4f228bee2f4279d827
p:  233410.09881924506
5d41db72c6b44c35cb79d7fd
p:  298172.3853854048
5d41ddc5c6b44c35cb79d80d
p:  299320.0467180809
5d41de0ec6b44c35cb79d80f
p:  327744.14756614715
5d41de115885cfee6779d86f
p:  266477.0027760323
5d41de9fc6b44c35cb79d813
p:  431746.3373809157
5d41decbd54ff06ee879d98f
p:  370581.8377955922
5d41deeac6b44c35cb79d815
p:  148915.17700115844
5d41df01283fe02bb579d951
p:  91919.54729276884
5d41df10c6b44c35cb79d816
p:  116429.44844164728
5d41e05a8b06a4735479d7e1
p:  194333.81083412174
5d41e11cb31f5fa8fc79d816
p:  169646.5571752279
5d41e1e1176b1add8579d89c
p:  167108.01597940736
5d41e262176b1add8579d89d
p:  179642.00785405826
5d41e266d54ff06ee879d9a3
p:  193519.4898349797
5d41e28f283fe02bb579d959
p:  216072.6575235578
5d41e39afc28f9954479d87e
p:  135953.00197367882
5d41e68e228bee2f4279d84b
p:  115875.41842177234
5d41e788a5bb10730e79d848
p:  109672.24041388353
5d41e7cc5885cfee6779d888
p:  440995.540284763
5d41e7f44db5294e7279d81e
p:  163500.29392646757
5d41e840c6b44c35cb79d82d
p:  407531.5302770669
5d41e8f9176b1add8579d8a8
p:  143242.2471233298
5d41e9afc6b44c35cb79d82e
p:  240161.56838283653
5d41e9d2283fe02bb579d96e
p:  204785.7524075573
5d41e9d4c6b44c35cb79d82f
p:  552557.4424329655
5d41eb20176b1add8579d8ae
p:  269375.91678693506
5d41ebc4283fe02bb579d971
p:  204785.7524075573
5d41ebce283fe02bb579d972
p:  187102.6312276487
5d41ebfb176b1add8579d8b3
p:  266339.974746385
5d41ed0fc6b44c35cb79d835
p:  220906.70900783653
5d41f062b31f5fa8fc79d835
p:  301868.49137084535
5d41f18e283fe02bb579d97a
p:  166804.2999210218
5d41f263228bee2f4279d86c
p:  114588.77177981894
5d41f390283fe02bb579d981
p:  191840.02073589785
5d41f520176b1add8579d8cb
p:  121249.78423330717
5d41f5e3176b1add8579d8cc
p:  121249.78423330717
5d41f66cb31f5fa8fc79d850
p:  221681.31720850893
5d41f68a176b1add8579d8ce
p:  170862.51764069978
5d41f759176b1add8579d8d0
p:  191925.073716845
5d41f7c6a5bb10730e79d872
p:  218366.20561957438
5d41f7eeb31f5fa8fc79d855
p:  270243.4704788235
5d41f91b283fe02bb579d98d
p:  205185.6942360522
5d41f925176b1add8579d8d7
p:  173820.63834613387
5d41f996fc28f9954479d8ae
p:  186467.9759259416
5d41f9a7fc28f9954479d8af
p:  111184.5650944812
5d41fd45176b1add8579d8e0
p:  124209.89097636881
5d41ff3d283fe02bb579d9a8
p:  150212.37226797114
5d4200bac6b44c35cb79d859
p:  435179.64961559104
5d42028d176b1add8579d8e9
p:  108467.45141423753
5d4203c5c6b44c35cb79d863
p:  146012.48881171911
5d42049ec6b44c35cb79d865
p:  156962.25583150587
5d4204e74db5294e7279d87a
p:  252677.76988376013
5d420508c6b44c35cb79d868
p:  283728.80575683434
5d4205f15885cfee6779d8cb
p:  668245.9355916067
5d420685c6b44c35cb79d86c
p:  253061.7847776676
5d4208ed176b1add8579d8fc
p:  66760.83603600768
5d420a695885cfee6779d8d9
p:  186257.58310535984
5d420a7ffc28f9954479d8d7
p:  257955.34768103564
5d420f86b31f5fa8fc79d895
p:  642312.3296962247
5d42112f283fe02bb579d9d1
p:  194564.8695950573
5d4215705885cfee6779d8eb
p:  213583.31623022293
5d421824c6b44c35cb79d8a1
p:  439633.68627096445
5d421873283fe02bb579d9e9
p:  194564.8695950573
5d421915c6b44c35cb79d8a4
p:  154433.63364027478
5d421e25fc28f9954479d928
p:  495694.8907132356
5d42253bfc28f9954479d936
p:  116950.2291569812
5d422a8a4db5294e7279d905
p:  306864.4927735874
5d422dd9b31f5fa8fc79d8e0
p:  178176.79779441864
5d42345cfc28f9954479d954
p:  332197.1320334821
5d423879c6b44c35cb79d8d5
p:  260774.121015235
5d424066c6b44c35cb79d8e1
p:  157315.60781090832
5d4242c1c6b44c35cb79d8e8
p:  170526.36378152604
5d4245515885cfee6779d96a
p:  1052868.3640826405
5d477c59d57846aad03cb44e
p:  277223.9302380716
For ['Richland', 'Lexington', 'Newberry', 'Fairfield', 'Kershaw', 'Lancaster', 'Chester', 'York', 'Edgefield', 'Aiken', 'Barnwell']#################################################################
train score for random_forest: 0.9358187044223607
test score for random_forest: 0.6039424130017061
The mean absolute error is:$ 87013.98409915343
r_Score: 0.6111934234737538
Voting Regressor (in): 0.9401623730802827
Voting Regressor: 0.6111934234737538
5d07f6217c1d83daee248ae5
p:  171049.71968945186
5d0819767c1d83daee248b89
p:  127347.39872905187
5d0d2ab0ae78f7f2d314adca
p:  347502.63831213856
5d0e92562b8f60b82b8f8d54
p:  169010.97279274074
5d0ea7292b8f60b82b8f8dbd
p:  198875.04029171658
5d0ea80c2b8f60b82b8f8dc2
p:  106280.94998053073
5d0ea8142b8f60b82b8f8dc3
p:  106280.94998053073
5d129b3cb7ae3de20d8d6e58
p:  247547.5836519347
5d12a742b7ae3de20d8d6e9d
p:  146178.8919110512
5d1c0a0d02e1f427a5efbc70
p:  373601.0238063797
5d26bb03107c1d579eeb69d3
p:  270336.5797228168
5d29a1b8199bf96b6045ad1a
p:  131548.4031494588
5d29bed6199bf96b6045ad7b
p:  143255.69066632696
5d2e4341b39b58f1d2167d2b
p:  69506.79028993503
5d2e4349b39b58f1d2167d2c
p:  57013.863135786596
5d2e5c27b39b58f1d2167d6a
p:  239153.33164479153
5d31adb5d708b0a3d0a64ea7
p:  216390.10693340292
5d34eced18f8dde30a0abcfc
p:  70786.3089408181
5d34fabb18f8dde30a0abd13
p:  182670.2748202066
5d34fb4018f8dde30a0abd14
p:  66513.7804770082
5d3837b1571b606843b03b66
p:  188676.12931890343
5d38391c571b606843b03b68
p:  189470.68199136824
5d3839e6571b606843b03b6b
p:  119911.98160331603
5d383a88571b606843b03b6c
p:  43488.93498190485
5d383aba571b606843b03b6d
p:  103546.0779311085
5d383e2a571b606843b03b74
p:  77999.85230940487
5d38888edd2d94d3c8b03ba7
p:  276856.3218144409
5d38b47f7110e453a0b03ae4
p:  172172.89866152432
5d3e507c17bde571b007b54b
p:  151654.42905029812
5d3e562417bde571b007b556
p:  121455.04259465242
5d408d69b31f5fa8fc79d51d
p:  275591.81138812157
5d408e20283fe02bb579d520
p:  189463.51336526568
5d408e3d283fe02bb579d521
p:  221859.8686711681
5d408e5afc28f9954479d51e
p:  281407.7389102372
5d408eff9ec6023bff79d51e
p:  105956.52551524533
5d408f36283fe02bb579d523
p:  115197.25627792595
5d408f884db5294e7279d51f
p:  219722.30429447073
5d409019fc28f9954479d522
p:  273612.0063041845
5d409053283fe02bb579d526
p:  473602.93530859484
5d409097b31f5fa8fc79d52b
p:  181825.74707243103
5d4091e39ec6023bff79d521
p:  180253.8473481994
5d4091fbb31f5fa8fc79d533
p:  193957.54527031054
5d4092699ec6023bff79d523
p:  134210.8212952906
5d40933bd54ff06ee879d52d
p:  164255.1032407877
5d4093d6fc28f9954479d525
p:  279039.0842789381
5d409409d54ff06ee879d530
p:  142599.01291080774
5d409501119659588279d538
p:  127929.33253840129
5d4096e85885cfee6779d529
p:  102610.47303736332
5d4097bfd54ff06ee879d536
p:  108864.66628688172
5d4097d1a5bb10730e79d537
p:  175335.04618193448
5d4097f5d54ff06ee879d537
p:  243770.73638067645
5d4098135885cfee6779d52d
p:  114708.80894931566
5d409814d54ff06ee879d538
p:  122311.47873018094
5d409832d54ff06ee879d539
p:  183227.3229997701
5d409846119659588279d540
p:  154637.64448917995
5d409855d54ff06ee879d53a
p:  415550.53849689034
5d4098c3d54ff06ee879d53d
p:  121974.53928920747
5d409a2c283fe02bb579d52b
p:  130074.51050687724
5d409a58283fe02bb579d52c
p:  130074.51050687724
5d409b28a5bb10730e79d53c
p:  110813.06140231427
5d409bae283fe02bb579d52f
p:  161251.9080418959
5d409bb15885cfee6779d535
p:  113201.58747117374
5d409be95885cfee6779d536
p:  113201.58747117374
5d409c30d54ff06ee879d542
p:  192040.8515557419
5d409c54d54ff06ee879d543
p:  156071.22774553718
5d409cfa283fe02bb579d531
p:  149852.78830021073
5d409d355885cfee6779d53a
p:  365467.6232685938
5d409dc15885cfee6779d53d
p:  156341.9172134159
5d409dced54ff06ee879d546
p:  154768.40571970548
5d409e6ac6b44c35cb79d546
p:  92005.41791049906
5d409e954db5294e7279d53d
p:  121544.8382860668
5d409ea45885cfee6779d53f
p:  154703.31612125004
5d409fc6e08e05f6ce79d54d
p:  306817.09774091444
5d409fddfc28f9954479d539
p:  285575.2532399693
5d409ff9e08e05f6ce79d54e
p:  310138.60917641874
5d40a08ba5bb10730e79d548
p:  124337.19157367488
5d40a246d54ff06ee879d555
p:  228317.95485155386
5d40a24b4db5294e7279d547
p:  93198.64733404346
5d40a259d54ff06ee879d556
p:  123742.7776797922
5d40a25c4db5294e7279d548
p:  219170.30641775613
5d40a287d54ff06ee879d558
p:  190161.8460558491
5d40a2a3d54ff06ee879d559
p:  172070.16376554943
5d40a351119659588279d551
p:  200416.3166405491
5d40a3575885cfee6779d54c
p:  98319.8809978216
5d40a377c6b44c35cb79d550
p:  99783.8273366481
5d40a46d4db5294e7279d54b
p:  204720.99195797747
5d40a52ad54ff06ee879d55c
p:  129364.96829142456
5d40a54ed54ff06ee879d55d
p:  262926.69868753594
5d40a55e5885cfee6779d551
p:  142056.06458809535
5d40a5eca5bb10730e79d54b
p:  137514.14137502539
5d40a615119659588279d559
p:  177277.69349362532
5d40a672119659588279d55a
p:  118514.89044635165
5d40a84f119659588279d55e
p:  171663.73209902528
5d40a8ba4db5294e7279d550
p:  99136.91655251489
5d40a8be119659588279d562
p:  183719.9243816262
5d40a98be08e05f6ce79d561
p:  145798.15888005224
5d40ac9fd54ff06ee879d56a
p:  139523.6118982602
5d40af37228bee2f4279d559
p:  216273.56904365285
5d40af5c9ec6023bff79d557
p:  237308.40416915424
5d40af98228bee2f4279d55b
p:  299501.5864748312
5d40b13bd54ff06ee879d56f
p:  133967.2163373605
5d40b2959ec6023bff79d568
p:  251017.4126907533
5d40b3bcd54ff06ee879d573
p:  382601.0733195251
5d40b4cec6b44c35cb79d579
p:  112670.33987938333
5d40b6aeb32bbb8cb679d580
p:  243447.0904751005
5d40b707b32bbb8cb679d582
p:  175419.07071098135
5d40b769d54ff06ee879d580
p:  139523.6118982602
5d40b920b32bbb8cb679d58c
p:  150522.36432490207
5d40b969d54ff06ee879d585
p:  170633.56394557536
5d40b9d5c6b44c35cb79d581
p:  118243.1149657318
5d40b9ffc6b44c35cb79d582
p:  126146.53209289888
5d40ba1eb32bbb8cb679d58f
p:  183486.3888223826
5d40ba52176b1add8579d578
p:  140348.85406685522
5d40ba74176b1add8579d579
p:  136246.41257134182
5d40bacc283fe02bb579d57d
p:  238920.23696620815
5d40bb22c6b44c35cb79d588
p:  100632.97211988295
5d40bb3fc6b44c35cb79d589
p:  100976.87559805902
5d40bb50c6b44c35cb79d58a
p:  117865.75356427667
5d40bb8efc28f9954479d57c
p:  241015.35983784945
5d40bbb1c6b44c35cb79d58e
p:  155133.22754894884
5d40bbf0c6b44c35cb79d591
p:  175211.39824168678
5d40bcd69ec6023bff79d57d
p:  213332.28084949928
5d40bd5e283fe02bb579d585
p:  315802.2269239191
5d40be67283fe02bb579d587
p:  92979.39873249829
5d40beaffc28f9954479d581
p:  255904.73155497364
5d40bed7fc28f9954479d582
p:  584745.1528273529
5d40bf7c283fe02bb579d58b
p:  116852.68499112007
5d40c01a4db5294e7279d58a
p:  124663.05275476996
5d40c07e4db5294e7279d58b
p:  97565.87395948602
5d40c0cf228bee2f4279d582
p:  153084.7387481982
5d40c141283fe02bb579d58f
p:  78896.2520753929
5d40c1a9b32bbb8cb679d5a4
p:  159152.65454935413
5d40c269283fe02bb579d595
p:  135143.42621794058
5d40c48cb32bbb8cb679d5ac
p:  106194.69790655546
5d40c55fb31f5fa8fc79d59f
p:  179084.45125949208
5d40c56f62298fb1f879d5a5
p:  117018.2047647855
5d40c5e362298fb1f879d5a7
p:  58078.68392499374
5d40c61a62298fb1f879d5a8
p:  71638.27207794588
5d40c67d8b06a4735479d594
p:  122994.35956521293
5d40c6c962298fb1f879d5ab
p:  131389.17460315817
5d40c71cb31f5fa8fc79d5a4
p:  59038.208165196505
5d40c753b31f5fa8fc79d5a5
p:  137906.8710961443
5d40c75cfc28f9954479d594
p:  204962.57252662163
5d40c77f62298fb1f879d5ae
p:  62595.088734919715
5d40c78bb31f5fa8fc79d5a6
p:  158034.50308875344
5d40c7b85885cfee6779d58f
p:  86653.0015676952
5d40c7c0b31f5fa8fc79d5a7
p:  70758.43261945058
5d40c811176b1add8579d586
p:  120287.6586337437
5d40c81db31f5fa8fc79d5a9
p:  68338.2953726495
5d40c8335885cfee6779d594
p:  72742.65352021527
5d40c8338b06a4735479d597
p:  140586.21594351786
5d40c840119659588279d5a5
p:  300003.41170538735
5d40c85e5885cfee6779d595
p:  199101.089242147
5d40c8778b06a4735479d598
p:  134508.31227805014
5d40c8a05885cfee6779d596
p:  134671.8552095509
5d40c8c85885cfee6779d597
p:  70130.26986634133
5d40c8d55885cfee6779d598
p:  109527.24239687892
5d40c8dd62298fb1f879d5b3
p:  81651.63117027703
5d40c9004db5294e7279d592
p:  199021.83015405707
5d40c91462298fb1f879d5b4
p:  170678.2171685826
5d40c92d176b1add8579d58a
p:  283297.03434763337
5d40c97b5885cfee6779d599
p:  67637.55542131538
5d40c98a5885cfee6779d59a
p:  135879.32742360656
5d40c9bbb31f5fa8fc79d5b0
p:  86474.05701782074
5d40c9c34db5294e7279d593
p:  215544.96095737058
5d40c9f2176b1add8579d58d
p:  117060.60097103493
5d40c9f94db5294e7279d594
p:  216598.50659283088
5d40c9fbb31f5fa8fc79d5b1
p:  153219.9671486523
5d40ca0a8b06a4735479d599
p:  256102.00026695826
5d40ca22c6b44c35cb79d5ba
p:  43880.791778161074
5d40ca234db5294e7279d595
p:  187691.9498187082
5d40ca3dc6b44c35cb79d5bb
p:  145362.44428678125
5d40ca3e62298fb1f879d5ba
p:  80288.60781590377
5d40ca51119659588279d5af
p:  188810.76837349625
5d40ca8c8b06a4735479d59b
p:  77440.06214877812
5d40ca97b31f5fa8fc79d5b3
p:  78113.41510903194
5d40caa18b06a4735479d59c
p:  338040.14902567334
5d40caf062298fb1f879d5be
p:  82210.30033471498
5d40cb1f5885cfee6779d59b
p:  63985.14263747305
5d40cb21b31f5fa8fc79d5b6
p:  108618.08773596538
5d40cb294db5294e7279d599
p:  139374.95436266408
5d40cb3e4db5294e7279d59a
p:  215362.74767157272
5d40cb43d54ff06ee879d5aa
p:  195378.66589889582
5d40cb45119659588279d5b2
p:  173254.67287388848
5d40cb49b31f5fa8fc79d5b7
p:  51652.72228882351
5d40cb5a4db5294e7279d59b
p:  124714.70929035085
5d40cb6e5885cfee6779d59c
p:  137719.20622195455
5d40cb804db5294e7279d59c
p:  110631.14471917311
5d40cbc9176b1add8579d58f
p:  129755.87692003384
5d40cc08176b1add8579d590
p:  133116.86588139433
5d40cc1c119659588279d5b3
p:  160945.42919374246
5d40cc5162298fb1f879d5c6
p:  58195.42431730591
5d40cc524db5294e7279d59e
p:  90861.2916722349
5d40cc735885cfee6779d59d
p:  118680.33082929163
5d40cc7c62298fb1f879d5c7
p:  104197.84628702817
5d40cd4e4db5294e7279d59f
p:  101111.31982988733
5d40cda362298fb1f879d5cd
p:  64238.836976317594
5d40cdbac6b44c35cb79d5c2
p:  103632.8361194455
5d40ce6eb31f5fa8fc79d5bc
p:  66932.24389079241
5d40ceac4db5294e7279d5a2
p:  160621.53974428296
5d40ceb962298fb1f879d5d2
p:  154830.56712652344
5d40cf0db31f5fa8fc79d5be
p:  63433.173828896965
5d40cf8c4db5294e7279d5a3
p:  174191.6407824204
5d40cfb14db5294e7279d5a4
p:  145426.21496688004
5d40cfd34db5294e7279d5a5
p:  174786.70178929827
5d40cfd6c6b44c35cb79d5c3
p:  112787.26061242772
5d40d032176b1add8579d599
p:  124271.78839835757
5d40d06ac6b44c35cb79d5c5
p:  154207.12778454222
5d40d0adb31f5fa8fc79d5c2
p:  54935.95202507173
5d40d105283fe02bb579d5aa
p:  87307.00235413562
5d40d1284db5294e7279d5aa
p:  130966.93770790417
5d40d14e62298fb1f879d5e1
p:  111735.02645622572
5d40d1504db5294e7279d5ab
p:  185988.5513812082
5d40d18bc6b44c35cb79d5c9
p:  213169.67779597687
5d40d1c74db5294e7279d5ad
p:  108321.22502116575
5d40d1fbc6b44c35cb79d5cc
p:  46694.90824570144
5d40d1fb62298fb1f879d5e5
p:  176429.41658129852
5d40d2045885cfee6779d5a4
p:  144141.20817260817
5d40d25162298fb1f879d5e7
p:  174926.3508034214
5d40d27f4db5294e7279d5b0
p:  285581.10247854504
5d40d2c962298fb1f879d5e9
p:  187538.32727744675
5d40d2e55885cfee6779d5a5
p:  149427.51041445468
5d40d2f162298fb1f879d5ea
p:  125519.29701971562
5d40d3205885cfee6779d5a6
p:  120840.01853318905
5d40d3405885cfee6779d5a7
p:  109362.4466016932
5d40d36f5885cfee6779d5a8
p:  227615.21362813996
5d40d3cec6b44c35cb79d5d2
p:  96614.87566781405
5d40d41f62298fb1f879d5f1
p:  133755.00937529007
5d40d466176b1add8579d5a2
p:  181476.3007448197
5d40d46a283fe02bb579d5b4
p:  149727.50573684886
5d40d4894db5294e7279d5b2
p:  105238.59699175585
5d40d4cb5885cfee6779d5a9
p:  105208.47704134526
5d40d4d0b32bbb8cb679d5d8
p:  170496.2158452642
5d40d4e6228bee2f4279d5d4
p:  217998.59451613732
5d40d5085885cfee6779d5aa
p:  137719.20622195455
5d40d538283fe02bb579d5b7
p:  94441.4910616157
5d40d55362298fb1f879d5f8
p:  145951.37112347968
5d40d5615885cfee6779d5ac
p:  117986.1958623174
5d40d5794db5294e7279d5b3
p:  176741.6467739275
5d40d5a6d54ff06ee879d5bf
p:  117506.74134005382
5d40d5da228bee2f4279d5d7
p:  511519.7754767348
5d40d5dce802b273fa79d5c9
p:  116672.60205399618
5d40d5f762298fb1f879d5fc
p:  139342.503496359
5d40d628e802b273fa79d5ca
p:  164183.08628530428
5d40d62d119659588279d5d0
p:  210634.07407742756
5d40d639b31f5fa8fc79d5cd
p:  68752.4750154769
5d40d66c5885cfee6779d5ae
p:  75341.4953719141
5d40d66f283fe02bb579d5ba
p:  205239.17432973773
5d40d7005885cfee6779d5af
p:  186365.3189913863
5d40d70cc6b44c35cb79d5d4
p:  99733.14863678461
5d40d77b283fe02bb579d5be
p:  100949.12212896135
5d40d78462298fb1f879d605
p:  187771.74243369087
5d40d797b31f5fa8fc79d5d3
p:  54308.23059763304
5d40d7d662298fb1f879d607
p:  124737.80903659237
5d40d811283fe02bb579d5bf
p:  57050.31776801916
5d40d82dc6b44c35cb79d5d6
p:  94916.59136809249
5d40d83162298fb1f879d609
p:  130982.74813261433
5d40d858283fe02bb579d5c1
p:  46053.306291793415
5d40d86d228bee2f4279d5dd
p:  303786.9595274807
5d40d8bad54ff06ee879d5c7
p:  150787.8003844276
5d40d92f283fe02bb579d5c4
p:  132560.13072057694
5d40d95cb31f5fa8fc79d5d4
p:  98670.29911375657
5d40d966283fe02bb579d5c5
p:  132924.32163980452
5d40d966b31f5fa8fc79d5d5
p:  69164.65586349835
5d40d97d283fe02bb579d5c6
p:  135864.3068265954
5d40d9c5b31f5fa8fc79d5d6
p:  109080.57992346538
5d40d9c55885cfee6779d5b1
p:  53823.99874560268
5d40d9f2283fe02bb579d5c8
p:  100550.18679070323
5d40da1a4db5294e7279d5b6
p:  128206.12586243045
5d40da44c6b44c35cb79d5db
p:  80997.81188040027
5d40da764db5294e7279d5b7
p:  164681.22313389444
5d40da8062298fb1f879d617
p:  139645.213016284
5d40daf4e802b273fa79d5d4
p:  266815.15869711875
5d40db95e802b273fa79d5db
p:  166003.59654663352
5d40dbac283fe02bb579d5ca
p:  95455.9715303657
5d40dc0be802b273fa79d5e2
p:  109878.24911677968
5d40dc0d5885cfee6779d5b3
p:  219236.21283994283
5d40dc385885cfee6779d5b4
p:  150642.60728178255
5d40dc55c6b44c35cb79d5e0
p:  98965.15682675342
5d40dc56e802b273fa79d5e6
p:  177375.95704300306
5d40dc8d62298fb1f879d620
p:  138396.0158801151
5d40dc965885cfee6779d5b8
p:  80381.42831071024
5d40dc9ed54ff06ee879d5cd
p:  287457.82823291986
5d40dcc8e802b273fa79d5f0
p:  234287.07595724534
5d40dccf5885cfee6779d5bb
p:  144513.85236417467
5d40dcd2e802b273fa79d5f1
p:  166894.90398582254
5d40dcf35885cfee6779d5bc
p:  138701.37262359922
5d40dcf7c6b44c35cb79d5e2
p:  142400.9920888787
5d40dd2b4db5294e7279d5bc
p:  203801.3224498405
5d40dd49e802b273fa79d5f7
p:  118784.67272599251
5d40dd53d54ff06ee879d5d0
p:  137789.83838194713
5d40dd5cc6b44c35cb79d5e6
p:  116962.32923296778
5d40dd8d5885cfee6779d5c0
p:  137230.3269136678
5d40dd99fc28f9954479d5ce
p:  196391.63897847064
5d40dda3e802b273fa79d5fc
p:  122993.31370494052
5d40ddb1283fe02bb579d5cf
p:  60817.47613940717
5d40ddc15885cfee6779d5c2
p:  207653.03539318457
5d40ddcbb31f5fa8fc79d5e0
p:  73782.89930293422
5d40ddd1e802b273fa79d5ff
p:  200715.57855325076
5d40ddd45885cfee6779d5c3
p:  236592.54269934283
5d40dddbe802b273fa79d600
p:  132130.32637267665
5d40de18283fe02bb579d5d1
p:  179498.7087581359
5d40de555885cfee6779d5c5
p:  150642.60728178255
5d40de62e802b273fa79d60a
p:  136117.5803145194
5d40de6de802b273fa79d60b
p:  189289.76706230818
5d40de6ed54ff06ee879d5d5
p:  132064.28875586047
5d40de7d5885cfee6779d5c7
p:  256411.80596498208
5d40de89228bee2f4279d5ea
p:  649048.7601126049
5d40de90283fe02bb579d5d3
p:  103188.09645958513
5d40de9d5885cfee6779d5c9
p:  423306.55690152885
5d40dec562298fb1f879d62d
p:  136226.4223621344
5d40df315885cfee6779d5d0
p:  149958.17265903333
5d40df475885cfee6779d5d1
p:  240494.53671708505
5d40df6a5885cfee6779d5d2
p:  75341.4953719141
5d40dfa2e802b273fa79d622
p:  179709.66591571632
5d40dfd562298fb1f879d632
p:  138767.26808293466
5d40e01d5885cfee6779d5d7
p:  113154.19888378943
5d40e02b62298fb1f879d634
p:  113959.70752020937
5d40e0495885cfee6779d5d9
p:  138615.77034844772
5d40e0524db5294e7279d5c4
p:  103306.7930133268
5d40e1025885cfee6779d5dd
p:  134444.86415382318
5d40e12b5885cfee6779d5df
p:  288630.2201367694
5d40e144b31f5fa8fc79d5e4
p:  65031.93874332524
5d40e1455885cfee6779d5e1
p:  67637.55542131538
5d40e15b5885cfee6779d5e3
p:  194904.74114848778
5d40e18fd54ff06ee879d5d9
p:  187305.92862016291
5d40e19862298fb1f879d63c
p:  181757.93322663623
5d40e1a9b31f5fa8fc79d5e6
p:  94509.4169254859
5d40e1b6283fe02bb579d5da
p:  119577.32916786763
5d40e2225885cfee6779d5eb
p:  338969.72371322755
5d40e235283fe02bb579d5dd
p:  157966.68344467942
5d40e256b31f5fa8fc79d5e7
p:  59047.19065623247
5d40e2a4e802b273fa79d652
p:  259249.73548616597
5d40e2af5885cfee6779d5f1
p:  67637.55542131538
5d40e2cce802b273fa79d655
p:  131379.87718566332
5d40e2dae802b273fa79d656
p:  145172.7043002803
5d40e2f15885cfee6779d5f2
p:  109527.24239687892
5d40e2f2b31f5fa8fc79d5e8
p:  74252.65526629359
5d40e31a5885cfee6779d5f3
p:  248791.1180562434
5d40e31fd54ff06ee879d5db
p:  201816.0084856978
5d40e32d5885cfee6779d5f4
p:  319064.22224906983
5d40e36cd54ff06ee879d5dc
p:  258800.33057301526
5d40e3b65885cfee6779d5f9
p:  72742.65352021527
5d40e590c6b44c35cb79d5f2
p:  134445.20988893596
5d40e5b6e802b273fa79d65a
p:  79464.75242360384
5d40e5b6c6b44c35cb79d5f3
p:  214191.49301459797
5d40e6244db5294e7279d5d3
p:  107415.1238861478
5d40e688119659588279d5fb
p:  297939.5597531318
5d40e7295885cfee6779d60a
p:  73454.5008358212
5d40e741e802b273fa79d65d
p:  142447.3876958187
5d40e7a29ec6023bff79d5ed
p:  175526.08734820999
5d40e7d3c6b44c35cb79d5f5
p:  109641.2310334782
5d40e8b7283fe02bb579d5ed
p:  117389.19821200421
5d40e8f5283fe02bb579d5ee
p:  129067.02945845728
5d40e90d5885cfee6779d611
p:  133368.26386692334
5d40ea9f8b06a4735479d5ca
p:  285936.90148771397
5d40eb88283fe02bb579d5f3
p:  94441.4910616157
5d40ec2db31f5fa8fc79d602
p:  50786.92116520024
5d40ec485885cfee6779d617
p:  146377.42605896597
5d40ec72d54ff06ee879d5e7
p:  310324.7584748062
5d40ec8762298fb1f879d679
p:  140940.25330958897
5d40ed745885cfee6779d619
p:  146377.42605896597
5d40edb5b31f5fa8fc79d607
p:  104366.6611120021
5d40ede7283fe02bb579d5f7
p:  163703.9445970874
5d40ee64c6b44c35cb79d600
p:  43880.791778161074
5d40ee7d5885cfee6779d61b
p:  138701.37262359922
5d40eed0c6b44c35cb79d602
p:  88509.82112019934
5d40efa85885cfee6779d61f
p:  53823.99874560268
5d40efb1d54ff06ee879d5ec
p:  131493.25680180488
5d40f118b31f5fa8fc79d60b
p:  174765.55233509114
5d40f2dad54ff06ee879d5f3
p:  166531.68639550504
5d40f3bad54ff06ee879d5f7
p:  184768.8617128238
5d40f3edd54ff06ee879d5f8
p:  177687.6265826638
5d40f436c6b44c35cb79d60d
p:  99498.7148736465
5d40f4ae228bee2f4279d612
p:  308250.80521742324
5d40f57b5885cfee6779d62a
p:  140630.26632846805
5d40f8b3119659588279d624
p:  171221.63356993793
5d40f8bbd54ff06ee879d5fc
p:  225754.82225304338
5d40fb88119659588279d627
p:  144236.7522265827
5d40fbb3d54ff06ee879d602
p:  323911.2414081943
5d40fc0ed54ff06ee879d604
p:  288587.07767883554
5d40fce5119659588279d62a
p:  181681.47678687458
5d40fe28d54ff06ee879d607
p:  167623.78403638245
5d40feacd54ff06ee879d609
p:  121954.24278343239
5d40fed7d54ff06ee879d60a
p:  119743.37150353295
5d410072d54ff06ee879d60c
p:  140258.74959818192
5d4100b0d54ff06ee879d60d
p:  211328.91877518
5d410ac0d54ff06ee879d61e
p:  160638.90127048118
5d410b1ad54ff06ee879d61f
p:  207833.92096768727
5d410f4ad54ff06ee879d626
p:  128969.57933421434
5d411188d54ff06ee879d62d
p:  210550.07652843278
5d4112cad54ff06ee879d630
p:  283278.97377887944
5d4112f3d54ff06ee879d631
p:  63639.21565420199
5d4113afd54ff06ee879d632
p:  159846.64856184775
5d411451d54ff06ee879d633
p:  280319.8579950656
5d411c51d54ff06ee879d646
p:  280403.6459661011
5d411dcfd54ff06ee879d649
p:  121954.24278343239
5d411e85d54ff06ee879d64c
p:  219339.77557233884
5d411eabfc28f9954479d672
p:  382410.86582321615
5d411fc9d54ff06ee879d650
p:  219932.31324577192
5d41202ad54ff06ee879d651
p:  207492.35682087927
5d412487d54ff06ee879d659
p:  117506.74134005382
5d41295cd54ff06ee879d65f
p:  185772.29485146052
5d412a79d54ff06ee879d661
p:  147663.4714819798
5d41308bd54ff06ee879d670
p:  139214.7269655901
5d41323cfc28f9954479d6a4
p:  256051.62641511078
5d4132fdd54ff06ee879d679
p:  155430.88878454565
5d41350dd54ff06ee879d67f
p:  118266.38576715605
5d4135bfd54ff06ee879d682
p:  120634.58496467257
5d413607d54ff06ee879d683
p:  121963.18472578103
5d413f51d54ff06ee879d69c
p:  233321.42225012282
5d415d20d54ff06ee879d6d0
p:  196785.72507016518
5d42673d283fe02bb579dabe
p:  246878.5243391625
5d426759283fe02bb579dabf
p:  262463.37087680865
5d4267c6fc28f9954479d9e6
p:  547734.3066445339
5d4268a5fc28f9954479d9ed
p:  286801.2920220166
5d4268dafc28f9954479d9ee
p:  459178.0173468748
5d426b3efc28f9954479d9f5
p:  298544.4251140801
5d426de14db5294e7279d9a7
p:  138091.1906453494
5d426f08283fe02bb579dac9
p:  302613.9368652238
5d4270029ec6023bff79da11
p:  328660.2201838445
5d427387b31f5fa8fc79d988
p:  70708.29707852588
5d427463b31f5fa8fc79d98d
p:  79896.5651983525
5d427580e08e05f6ce79d992
p:  88677.15669185545
5d427635fc28f9954479da00
p:  274436.04296578444
5d427669e08e05f6ce79d994
p:  141968.73221823727
5d4276dae08e05f6ce79d998
p:  146241.28994479834
5d4276ecfc28f9954479da02
p:  197840.05998650257
5d42777ae08e05f6ce79d99a
p:  371685.94014445494
5d4278969ec6023bff79da20
p:  219247.2657767788
5d4278bb283fe02bb579dadc
p:  580896.4113733368
5d4278dbc6b44c35cb79d964
p:  255578.0174807939
5d427a30c6b44c35cb79d968
p:  158841.64071752215
5d427a599ec6023bff79da24
p:  247544.60672033112
5d427b84c6b44c35cb79d96a
p:  144125.85963677277
5d427bacc6b44c35cb79d96c
p:  166514.95156034612
5d427ce3c6b44c35cb79d971
p:  122582.31567009244
5d427d06119659588279d904
p:  160236.4072422261
5d427d11e08e05f6ce79d99f
p:  72560.93107226402
5d427d7fc6b44c35cb79d974
p:  138764.19198871547
5d427e44e08e05f6ce79d9a2
p:  70569.7206033321
5d427f4da5bb10730e79d9d3
p:  115651.33794052672
5d4280e7e08e05f6ce79d9a5
p:  124845.53593259596
5d428149c6b44c35cb79d97f
p:  255578.0174807939
5d4281d5e08e05f6ce79d9a6
p:  137642.59650610876
5d4281d6c6b44c35cb79d980/home/testapiuser/HouseApp_2/PricePrediction/SCPrice.py:269: SettingWithCopyWarning: 
A value is trying to be set on a copy of a slice from a DataFrame.
Try using .loc[row_indexer,col_indexer] = value instead

See the caveats in the documentation: http://pandas.pydata.org/pandas-docs/stable/indexing.html#indexing-view-versus-copy
  df2['AreaSpace_SQFT'] = df2['AreaSpace_SQFT'].astype(int)
/home/testapiuser/HouseApp_2/PricePrediction/SCPrice.py:281: SettingWithCopyWarning: 
A value is trying to be set on a copy of a slice from a DataFrame.
Try using .loc[row_indexer,col_indexer] = value instead

See the caveats in the documentation: http://pandas.pydata.org/pandas-docs/stable/indexing.html#indexing-view-versus-copy
  df2['Price'] = z1
/home/testapiuser/HouseApp_2/PricePrediction/SCPrice.py:288: SettingWithCopyWarning: 
A value is trying to be set on a copy of a slice from a DataFrame.
Try using .loc[row_indexer,col_indexer] = value instead

See the caveats in the documentation: http://pandas.pydata.org/pandas-docs/stable/indexing.html#indexing-view-versus-copy
  df2['AreaSpace_SQFT'] = z2
/home/testapiuser/HouseApp_2/PricePrediction/SCPrice.py:269: SettingWithCopyWarning: 
A value is trying to be set on a copy of a slice from a DataFrame.
Try using .loc[row_indexer,col_indexer] = value instead

See the caveats in the documentation: http://pandas.pydata.org/pandas-docs/stable/indexing.html#indexing-view-versus-copy
  df2['AreaSpace_SQFT'] = df2['AreaSpace_SQFT'].astype(int)
/home/testapiuser/HouseApp_2/PricePrediction/SCPrice.py:281: SettingWithCopyWarning: 
A value is trying to be set on a copy of a slice from a DataFrame.
Try using .loc[row_indexer,col_indexer] = value instead

See the caveats in the documentation: http://pandas.pydata.org/pandas-docs/stable/indexing.html#indexing-view-versus-copy
  df2['Price'] = z1
/home/testapiuser/HouseApp_2/PricePrediction/SCPrice.py:288: SettingWithCopyWarning: 
A value is trying to be set on a copy of a slice from a DataFrame.
Try using .loc[row_indexer,col_indexer] = value instead

See the caveats in the documentation: http://pandas.pydata.org/pandas-docs/stable/indexing.html#indexing-view-versus-copy
  df2['AreaSpace_SQFT'] = z2
/home/testapiuser/HouseApp_2/PricePrediction/SCPrice.py:269: SettingWithCopyWarning: 
A value is trying to be set on a copy of a slice from a DataFrame.
Try using .loc[row_indexer,col_indexer] = value instead

See the caveats in the documentation: http://pandas.pydata.org/pandas-docs/stable/indexing.html#indexing-view-versus-copy
  df2['AreaSpace_SQFT'] = df2['AreaSpace_SQFT'].astype(int)
/home/testapiuser/HouseApp_2/PricePrediction/SCPrice.py:281: SettingWithCopyWarning: 
A value is trying to be set on a copy of a slice from a DataFrame.
Try using .loc[row_indexer,col_indexer] = value instead

See the caveats in the documentation: http://pandas.pydata.org/pandas-docs/stable/indexing.html#indexing-view-versus-copy
  df2['Price'] = z1
/home/testapiuser/HouseApp_2/PricePrediction/SCPrice.py:288: SettingWithCopyWarning: 
A value is trying to be set on a copy of a slice from a DataFrame.
Try using .loc[row_indexer,col_indexer] = value instead

See the caveats in the documentation: http://pandas.pydata.org/pandas-docs/stable/indexing.html#indexing-view-versus-copy
  df2['AreaSpace_SQFT'] = z2

p:  241293.98895768242
5d4281fbe08e05f6ce79d9a7
p:  137642.59650610876
5d4282ff283fe02bb579dae9
p:  319572.9471552536
5d428341e08e05f6ce79d9aa
p:  114041.99452779596
5d428369e802b273fa79db1d
p:  237389.2851576775
5d4283cdfc28f9954479da1f
p:  486472.02874549985
5d42847eb32bbb8cb679d9a6
p:  54681.60068605488
5d4284d8b32bbb8cb679d9a7
p:  150510.938205788
5d428512228bee2f4279d9ad
p:  137848.97794276924
5d428537b31f5fa8fc79d9bf
p:  77662.04955913527
5d428589e802b273fa79db20
p:  211213.8219948248
5d4285a2fc28f9954479da27
p:  242375.45494787156
5d42869be08e05f6ce79d9ad
p:  85395.36652896414
5d4287b44db5294e7279d9e6
p:  204011.60568431296
5d428833e802b273fa79db25
p:  307727.6476347282
5d428860b31f5fa8fc79d9d2
p:  134998.06850351612
5d4288afc6b44c35cb79d98e
p:  142081.55478002215
5d42891cc6b44c35cb79d992
p:  129422.2468899423
5d428971c6b44c35cb79d993
p:  241293.98895768242
5d4289b84db5294e7279d9ea
p:  236666.35904855176
5d428a02fc28f9954479da34
p:  277992.300242606
5d428a4bb32bbb8cb679d9b7
p:  54681.60068605488
5d428a7afc28f9954479da36
p:  326795.80616515025
5d428ab3a5bb10730e79d9ef
p:  314387.8218319077
5d428adec6b44c35cb79d997
p:  163254.7220918662
5d428b42c6b44c35cb79d99b
p:  104289.4002530392
5d428b47e802b273fa79db31
p:  166141.38057997607
5d428b4e9ec6023bff79da36
p:  317471.4943988361
5d428bf7e08e05f6ce79d9b3
p:  66376.17887335316
5d428c2dfc28f9954479da3c
p:  403279.90214317414
5d428c4fc6b44c35cb79d99d
p:  102124.22200108026
5d428cd1c6b44c35cb79d99e
p:  141470.9643378314
5d428d50283fe02bb579daf7
p:  236811.3488810354
5d428d6d119659588279d968
p:  155544.97794078643
5d428d98b31f5fa8fc79d9e3
p:  126657.0583001821
5d428d9a119659588279d969
p:  128965.8931679933
5d428e0bc6b44c35cb79d9a0
p:  153379.9213025677
5d428e9f119659588279d96f
p:  180330.79060483625
5d428f77e802b273fa79db36
p:  269441.94627499743
5d428f9fc6b44c35cb79d9a5
p:  86683.9666592892
5d428ff7228bee2f4279d9c0
p:  78085.60401292544
5d429017228bee2f4279d9c2
p:  88381.69433998343
5d4290ca9ec6023bff79da39
p:  293084.819679679
5d429135fc28f9954479da4a
p:  259054.9855791129
5d429191c6b44c35cb79d9a8
p:  158841.64071752215
5d4291afc6b44c35cb79d9a9
p:  251586.15067753565
5d4291d5e08e05f6ce79d9c0
p:  72560.93107226402
5d429295c6b44c35cb79d9ad
p:  126289.10395579197
5d429359c6b44c35cb79d9af
p:  153778.54367210233
5d4293bbc6b44c35cb79d9b0
p:  123244.16855121547
5d429402fc28f9954479da4e
p:  382041.00928166846
5d4294cfe802b273fa79db41
p:  89294.73457185463
5d4294dec6b44c35cb79d9b3
p:  86683.9666592892
5d4294e5fc28f9954479da50
p:  266947.73738881754
5d4294f1e802b273fa79db42
p:  199702.87672153034
5d429527c6b44c35cb79d9b5
p:  168408.87460999005
5d4295e2e08e05f6ce79d9c5
p:  123232.0007133389
5d42962ae802b273fa79db44
p:  458237.4730775102
5d429678e802b273fa79db46
p:  70239.89161516007
5d42977ffc28f9954479da5b
p:  254828.66366219957
5d42978ae802b273fa79db48
p:  72222.27546347419
5d4297fafc28f9954479da5c
p:  212854.48878962145
5d429807b32bbb8cb679d9cc
p:  131356.924880245
5d42982fe08e05f6ce79d9ca
p:  422231.33621064556
5d429834fc28f9954479da5d
p:  405461.923136618
5d4298fbfc28f9954479da61
p:  451063.28832383023
5d4298fbe08e05f6ce79d9cc
p:  61857.07524168033
5d429911fc28f9954479da62
p:  217463.4319782869
5d42991ac6b44c35cb79d9be
p:  157170.70121486892
5d429a9ae802b273fa79db4c
p:  73554.12871403006
5d429bd4283fe02bb579db10
p:  372042.5108073293
5d429be0e08e05f6ce79d9d2
p:  151803.36688234913
5d429c39b32bbb8cb679d9d6
p:  383900.24703018076
5d429c5d283fe02bb579db13
p:  342967.6701638912
5d429cb6e802b273fa79db51
p:  137368.2418200215
5d429d15e08e05f6ce79d9d6
p:  137642.59650610876
5d429d174db5294e7279da10
p:  201580.0609801988
5d429df5228bee2f4279d9dd
p:  119911.98160331603
5d429e44c6b44c35cb79d9cd
p:  86683.9666592892
5d429f3efc28f9954479da71
p:  102954.68096261217
5d429f4ae802b273fa79db55
p:  163263.7198683241
5d42a039228bee2f4279d9e2
p:  62711.12682313683
5d42a062119659588279d9d4
p:  141483.49042381655
5d42a0f5c6b44c35cb79d9d3
p:  121065.47075709979
5d42a1b1119659588279d9dc
p:  141483.49042381655
5d42a300c6b44c35cb79d9d8
p:  415134.00674511597
5d42a323b32bbb8cb679d9e7
p:  274795.7915404908
5d42a333c6b44c35cb79d9d9
p:  218829.5674942283
5d42a37cc6b44c35cb79d9da
p:  121065.47075709979
5d42a385228bee2f4279d9ec
p:  147660.58230547493
5d42a3b1c6b44c35cb79d9db
p:  142081.55478002215
5d42a4734db5294e7279da26
p:  259752.51837854646
5d42a766e08e05f6ce79d9e9
p:  255907.82055875857
5d42a770b31f5fa8fc79da18
p:  282409.42925864353
5d42aa61e802b273fa79db6b
p:  191933.87090498957
5d42aa70119659588279d9f4
p:  65969.12608717717
5d42ab004db5294e7279da52
p:  426242.56391837075
5d42ab1f228bee2f4279d9fd
p:  321356.77632943523
5d42ab9dc6b44c35cb79d9e9
p:  354061.8451827681
5d42ac8bd54ff06ee879dbf8
p:  153109.66315387213
5d42acfb119659588279d9fa
p:  205342.1939263584
5d42ad05d54ff06ee879dbfb
p:  199258.83721479052
5d42ada2d54ff06ee879dbff
p:  228830.83070033247
5d42ae99e802b273fa79db77
p:  265082.0352095703
5d42af8b9ec6023bff79da63
p:  390549.09338731715
5d42b02ae802b273fa79db78
p:  85142.51501059842
5d42b032b32bbb8cb679d9fe
p:  189693.76871480394
5d42b0389ec6023bff79da64
p:  202565.30825508514
5d42b0a59ec6023bff79da66
p:  401821.3705218208
5d42b17a9ec6023bff79da67
p:  191134.2610028781
5d42b1ffd54ff06ee879dc1e
p:  240739.53929149226
5d42b244e802b273fa79db7a
p:  72580.28273942588
5d42b286228bee2f4279da09
p:  77999.85230940487
5d42b2919ec6023bff79da69
p:  183116.51764152566
5d42b3a19ec6023bff79da6e
p:  352057.10993403604
5d42b3d3b32bbb8cb679da03
p:  280998.1937939131
5d42b409283fe02bb579db2f
p:  404706.0208845205
5d42b611d54ff06ee879dc38
p:  76567.3484425531
5d42b7f6fc28f9954479daab
p:  233191.22476421547
5d42ba99c6b44c35cb79da0a
p:  270336.5797228168
5d42bb26228bee2f4279da20
p:  273531.6542781459
5d42bb8c4db5294e7279dadd
p:  480775.55333537376
5d42bcd2fc28f9954479dab3
p:  163947.82028645626
5d42be5eb31f5fa8fc79da51
p:  167287.71972587338
5d42be99fc28f9954479daba
p:  287460.5024604511
5d42bf23b31f5fa8fc79da53
p:  661424.2659736082
5d42bffefc28f9954479dabc
p:  345020.5894467996
5d42c1cc283fe02bb579db42
p:  456010.09602275956
5d42c549b32bbb8cb679da24
p:  246163.82962191853
5d42c56bfc28f9954479dac7
p:  179459.55910243304
5d42cc5cb32bbb8cb679da2d
p:  255331.0641783087
5d42cf71e802b273fa79dbda
p:  688624.1480426884
5d42d286283fe02bb579db68
p:  197578.18090631292
5d42d2f9e802b273fa79dbee
p:  211766.74766568985
5d42d6b6fc28f9954479dae1
p:  368105.2816758932
5d42d6dab32bbb8cb679da5d
p:  233372.92483398557
5d42d6f6fc28f9954479dae3
p:  330236.4689886846
5d42da839ec6023bff79da98
p:  513751.71624788677
5d42dbb8283fe02bb579db76
p:  307356.99174849177
5d42ddc59ec6023bff79daa0
p:  293935.51678539836
5d42e11cb32bbb8cb679da80
p:  180919.67706263997
5d42e8ea9ec6023bff79dab2
p:  219089.39929965232
5d42e97bb32bbb8cb679da96
p:  101092.37133437657
5d42edab283fe02bb579dba4
p:  292456.619646332
5d42f48ab32bbb8cb679daa6
p:  131356.924880245
5d42f4ceb32bbb8cb679daa7
p:  184859.220468147
5d42f7a79ec6023bff79dace
p:  251716.90770458482
5d42fa4d9ec6023bff79dad1
p:  172025.68404559838
5d42fbdd9ec6023bff79dad4
p:  418795.67627387354
5d43008d9ec6023bff79dadb
p:  226704.23630237512
5d47625ed57846aad03cb3f2
p:  119075.37812281003
5d477193d57846aad03cb417
p:  106712.17682903158
5d478ab1d57846aad03cb49a
p:  107923.02835645716
Current date and time: 2020-06-08 15:34:11
Successfully connect to DB.
For ['harleston', 'Berkley', 'Dorchester', 'Colleton', 'Beaufort', 'Jasper', 'Hampton', 'Allendale', 'Bamberg', 'Orangeburg', 'Calhoun']#################################################################
train score for random_forest: 0.9403231951646152
test score for random_forest: 0.3951721135326055
The mean absolute error is:$ 153158.22541882424
r_Score: 0.44768684389127156
Voting Regressor (in): 0.9508518036974423
Voting Regressor: 0.44768684389127156
5d0e947919f56a0d5b8f8db4
p:  260851.88033013305
5d408d89176b1add8579d51e
p:  81262.22020646372
5d408e6bb31f5fa8fc79d520
p:  229902.10778044927
5d408e888b06a4735479d51c
p:  116069.62732641307
5d408f56e08e05f6ce79d524
p:  129495.69080375168
5d40906e176b1add8579d526
p:  123915.97080942697
5d40a088e802b273fa79d54d
p:  62605.33137064538
5d40a0ace802b273fa79d54e
p:  76123.22526358723
5d40a0d3e802b273fa79d54f
p:  184601.90395866815
5d40a0fbe802b273fa79d550
p:  84673.41483995965
5d40a123e802b273fa79d551
p:  76123.22526358723
5d40a149e802b273fa79d552
p:  47972.83261195691
5d40a170e802b273fa79d553
p:  47972.83261195691
5d40a1718b06a4735479d541
p:  84003.05517585747
5d40a1a78b06a4735479d542
p:  85873.43394144373
5d40a1bfe802b273fa79d555
p:  86064.65702745965
5d40a244e802b273fa79d558
p:  120888.05165438345
5d40a2b9e802b273fa79d55b
p:  120482.55071333575
5d40a335e802b273fa79d55e
p:  68879.20148062106
5d40a3ade802b273fa79d561
p:  114135.82619558662
5d40a3d6e802b273fa79d562
p:  101228.42787941515
5d40a428e802b273fa79d564
p:  87011.80949218452
5d40a966e802b273fa79d573
p:  86064.65702745965
5d40abe9e802b273fa79d576
p:  78957.03421927473
5d40ae05e802b273fa79d577
p:  77857.27535779114
5d40b00be802b273fa79d57e
p:  99408.71363337181
5d40b1efe802b273fa79d582
p:  86064.65702745965
5d40c9a0e802b273fa79d5b0
p:  231017.6304315794
5d4125038b06a4735479d627
p:  208946.44072793523
5d4125278b06a4735479d628
p:  232876.85746023135
5d4127aa8b06a4735479d62b
p:  187179.10117165104
5d41283a8b06a4735479d62d
p:  140396.60429762868
5d4128778b06a4735479d62e
p:  223846.55558263022
5d4129178b06a4735479d632
p:  178704.43908254371
5d412ac08b06a4735479d635
p:  271994.42444863624
5d41317b8b06a4735479d63b
p:  253359.73254609166
5d4131908b06a4735479d63c
p:  223227.92650935956
5d4134ee8b06a4735479d643
p:  236134.25669246685
5d4141678b06a4735479d657
p:  316728.4826649642
5d4144c78b06a4735479d65e
p:  231900.836561103
5d414b50fc28f9954479d6cc
p:  201036.9828792529
5d414e9ffc28f9954479d6d4
p:  126396.81388529387
5d415b3efc28f9954479d6df
p:  521919.1326965013
5d415baafc28f9954479d6e0
p:  221517.06715165696
5d415c45fc28f9954479d6e3
p:  213077.70745800633
5d415c77fc28f9954479d6e4
p:  407666.9648314683
5d415d44fc28f9954479d6e7
p:  235863.6916932358
5d415e02fc28f9954479d6ea
p:  216010.54250437487
5d415eb1283fe02bb579d812
p:  267840.48679701454
5d415faa283fe02bb579d813
p:  199524.8257314787
5d4160a4fc28f9954479d6f0
p:  182108.9245046802
5d41638efc28f9954479d6f7
p:  314571.87041919195
5d416428fc28f9954479d6f9
p:  172986.8398342991
5d4164df283fe02bb579d81c
p:  171330.9575231063
5d416522283fe02bb579d81e
p:  302185.20085086575
5d416535283fe02bb579d81f
p:  184566.31638836942
5d41664e283fe02bb579d820
p:  192929.74629090418
5d41666e283fe02bb579d821
p:  189016.01434496767
5d416976283fe02bb579d828
p:  250435.3227379413
5d416987283fe02bb579d829
p:  200114.98319608747
5d4169a3283fe02bb579d82a
p:  255928.94148162776
5d416a3d8b06a4735479d6af
p:  220849.8537880349
5d416a82fc28f9954479d6ff
p:  215342.81171976408
5d416b20fc28f9954479d701
p:  213384.58063358365
5d416b278b06a4735479d6b1
p:  157860.17835917452
5d416e028b06a4735479d6b8
p:  382064.379780682
5d417004283fe02bb579d83e
p:  634995.3814392266
5d417016283fe02bb579d83f
p:  132840.35028747458
5d4170658b06a4735479d6bf
p:  224270.24521170164
5d4170c1283fe02bb579d840
p:  228043.40421415865
5d417131283fe02bb579d843
p:  192864.95365047117
5d4174228b06a4735479d6cf
p:  126371.09812176267
5d4175a2fc28f9954479d707
p:  311757.7891908636
5d4175d2d54ff06ee879d721
p:  231063.837969487
5d4176c9283fe02bb579d84d
p:  202024.21175188356
5d4177b4283fe02bb579d850
p:  132840.35028747458
5d417804283fe02bb579d851
p:  367727.11102100275
5d41785d8b06a4735479d6df
p:  166249.57048040058
5d417990283fe02bb579d856
p:  173865.57872641188
5d417a77283fe02bb579d859
p:  263059.623996635
5d417bab283fe02bb579d85d
p:  232470.60213332958
5d417bc78b06a4735479d6eb
p:  127957.2509176156
5d417e258b06a4735479d6ef
p:  238082.68267328088
5d417eb4283fe02bb579d867
p:  236996.44709966087
5d417f00283fe02bb579d868
p:  180027.13705882558
5d417f008b06a4735479d6f0
p:  201766.2364139553
5d4180748b06a4735479d6f1
p:  290649.97263629775
5d4180cd283fe02bb579d86e
p:  246220.32341274153
5d4181f78b06a4735479d6f5
p:  137390.25948151242
5d418260283fe02bb579d873
p:  205888.4098652809
5d41839e283fe02bb579d877
p:  201218.02948102524
5d41886f8b06a4735479d703
p:  129698.47629733413
5d418a078b06a4735479d707
p:  241211.80499959906
5d418a59283fe02bb579d88d
p:  296773.7138829462
5d418c2f283fe02bb579d893
p:  276227.0592733118
5d418e088b06a4735479d713
p:  303269.74672374513
5d418f82283fe02bb579d89d
p:  193595.01972840418
5d4191c98b06a4735479d720
p:  289577.7912722975
5d419290283fe02bb579d8a7
p:  263574.88282944774
5d41932c283fe02bb579d8a9
p:  317882.1760471789
5d4194f8283fe02bb579d8af
p:  276938.68771169015
5d419592283fe02bb579d8b1
p:  254299.63227483782
5d41992f8b06a4735479d731
p:  235287.70436285276
5d4199858b06a4735479d733
p:  119362.5022341178
5d419b088b06a4735479d73a
p:  326781.6970701541
5d419ba4283fe02bb579d8c5
p:  173865.57872641188
5d419d198b06a4735479d73e
p:  292275.6028578826
5d419e18283fe02bb579d8cd
p:  202170.88970339383
5d419e988b06a4735479d740
p:  294104.0583634125
5d41a3368b06a4735479d747
p:  429314.62755363487
5d41a3b68b06a47