Current date and time: 2020-06-07 15:34:19
Successfully connect to DB.
For ['Aurora', 'Beadle', 'Bennett', 'Bon Homme', 'Brookings', 'Brown', 'Brule', 'Buffalo', 'Butte', 'Campbell', 'Charles Mix', 'Clark', 'Clay', 'Codington', 'Corson', 'Custer', 'Davison', 'Day', 'Deuel', 'Dewey', 'Douglas', 'Edmunds', 'Fall River', 'Faulk', 'Grant', 'Gregory', 'Haakon', 'Hamlin', 'Hand', 'Hanson', 'Harding', 'Hughes', 'Hutchinson', 'Hyde', 'Jackson', 'Jerauld', 'Jones', 'Kingsbury', 'Lake', 'Lawrence', 'Lincoln', 'Lyman', 'Marshall', 'McCook', 'McPherson', 'Meade', 'Mellette', 'Miner', 'Minnehaha', 'Moody', 'Oglala Lakota', 'Pennington', 'Perkins', 'Potter', 'Roberts', 'Sanborn', 'Spink', 'Stanley', 'Sully', 'Todd', 'Tripp', 'Turner', 'Union', 'Walworth', 'Yankton', 'Ziebach']#################################################################
train score for random_forest: 0.9435234510151577
test score for random_forest: 0.5732213116835825
The mean absolute error is:$ 76673.3253406358
r_Score: 0.5980791928956026
Voting Regressor (in): 0.9501338760015972
Voting Regressor: 0.5980791928956026
5d09ac7068613c89dc5aee2c
p:  107631.36506323834
5d09abbafdcb6460a85aee28
p:  160883.1693699453
5d09b086fdcb6460a85aee31
p:  184209.95038698387
5d09c4568d6ebfd0935aee7a
p:  215757.83226384484
5d09abc5785518147e5aee23
p:  109230.17062221553
5d09abe8785518147e5aee24
p:  178110.00668132186
5d09be9d699b701c1c5aee45
p:  325114.61547267
5d09bdfb2374d31a675aee44
p:  295119.7987444317
5d09c50cace7bbf5475aee5f
p:  253300.18433952873
5d09caec699b701c1c5aee65
p:  221010.09798803926
5d09c7dd699b701c1c5aee59
p:  222289.9210087633
5d09c480ace7bbf5475aee5c
p:  200433.40372274435
5d09c3c9699b701c1c5aee51
p:  296793.7430219766
5d09c25cace7bbf5475aee53
p:  406414.3854612565
5d09ccedace7bbf5475aee6b
p:  228724.798048964
5d09c522ace7bbf5475aee60
p:  137430.9450065608
5d09c298c2feed0be45aee5a
p:  281175.2527373729
5d09c2e2699b701c1c5aee4c
p:  204425.55880988413
5d09ab0ad7990147de5aee26
p:  237569.19731423014
5d09bd232374d31a675aee40
p:  295622.52411237254
5d09c23fd7990147de5aee60
p:  300507.452873664
5d09a44568613c89dc5aee1a
p:  132360.92620891216
5d09b474388f6376025aee39
p:  160626.84822968804
5d09b7b18d6ebfd0935aee55
p:  209251.05605658528
5d09b19f8d6ebfd0935aee34
p:  114551.90092277172
5d09b6158d6ebfd0935aee4b
p:  211162.43623747965
5d09a4442374d31a675aee1a
p:  547336.8565352557
5d09a9369bd62eb5705aee1e
p:  157984.85392070134
5d09a926c2feed0be45aee23
p:  255176.75163718977
5d09a43ffdcb6460a85aee16
p:  120626.85349757946
5d09abbcace7bbf5475aee21
p:  146600.5022228808
5d09a4ddfdcb6460a85aee1a
p:  204066.63764192004
5d09c1f3699b701c1c5aee4b
p:  293136.8428031231
5d09a6c6fdcb6460a85aee21
p:  136016.76921712607
5d09ad389bd62eb5705aee2a
p:  189004.2635805171
5d09afa7388f6376025aee32
p:  214162.84884976989
5d09c2c0785518147e5aee6c
p:  155657.42254738568
5d09c306785518147e5aee6d
p:  155657.42254738568
5d09c34d785518147e5aee6e
p:  155657.42254738568
5d09c391785518147e5aee6f
p:  155657.42254738568
5d09c3d6785518147e5aee70
p:  155657.42254738568
5d09c41f785518147e5aee71
p:  155657.42254738568
5d09c4ab785518147e5aee73
p:  155657.42254738568
5d09c4f2785518147e5aee74
p:  155657.42254738568
5d09b110dbb316f4455aee2d
p:  171944.63908450303
5d09b9399bd62eb5705aee45
p:  76525.67226236354
5d09b95b9bd62eb5705aee46
p:  76525.67226236354
5d09c7c0699b701c1c5aee58
p:  126324.9140723958
5d09ad1fc2feed0be45aee2f
p:  188045.2400489535
5d09b1ec1cd95646795aee2f
p:  269484.90276168264
5d09a4c68d6ebfd0935aee18
p:  130766.09584968326
5d09a60bc6ed94fefc5aee22
p:  194591.79287743705
5d09b19468613c89dc5aee37
p:  134747.87876455864
5d09bde92374d31a675aee43
p:  217052.25577116126
5d09a7f8c6ed94fefc5aee26
p:  194591.79287743705
5d09b3ecace7bbf5475aee32
p:  171735.34252170753
5d09b6cb1cd95646795aee3a
p:  81307.57203782935
5d09ac34699b701c1c5aee24
p:  241923.03687653205
5d09bd95699b701c1c5aee40
p:  139870.43209176365
5d09cec1ace7bbf5475aee75
p:  179725.55879724547
5d09cacc699b701c1c5aee63
p:  166515.72649554512
5d09b80b8d6ebfd0935aee58
p:  169172.8262429
5d09b2fffdcb6460a85aee39
p:  120626.85349757946
5d09c6468d6ebfd0935aee80
p:  175285.70624073566
5d09aa73d7990147de5aee25
p:  182901.10498398432
5d09c8c8388f6376025aee66
p:  280320.4844777107
5d09cb988d6ebfd0935aee8d
p:  304519.12358231907
5d09c8f2699b701c1c5aee5b
p:  218634.31882168172
5d09c8cf699b701c1c5aee5a
p:  211732.48483987356
5d09bb1d388f6376025aee40
p:  314026.04807685653
5d09b077ace7bbf5475aee2d
p:  172255.9822585726
5d09ae51fdcb6460a85aee2e
p:  150309.63295599417
5d09b741388f6376025aee3b
p:  301448.2714736097
5d09a5ecc6ed94fefc5aee21
p:  227133.96084033966
5d09a645699b701c1c5aee1a
p:  146261.34725113717
5d09bccc388f6376025aee45
p:  260962.97992935014
5d09aff7fdcb6460a85aee2f
p:  122677.41867732457
5d09c981388f6376025aee67
p:  235916.36875229166
5d09a6342374d31a675aee1f
p:  115999.9535404203
5d09a438c6ed94fefc5aee1c
p:  195593.3662029965
5d09ac1cc6ed94fefc5aee2a
p:  215239.73376353175
5d09ae88c2feed0be45aee33
p:  272859.976368912
5d09c1ebace7bbf5475aee4e
p:  148225.4804720122
5d09b7fad7990147de5aee47
p:  240537.15990053848
5d09b352785518147e5aee35
p:  80146.69039260196
5d09bdb6388f6376025aee46
p:  270381.5052481184
5d09c6c28d6ebfd0935aee81
p:  306524.79191026243
5d09be4968613c89dc5aee5d
p:  154500.77615264631
5d09a47dfdcb6460a85aee17
p:  208391.92338902256
5d09ad32ace7bbf5475aee24
p:  127347.69175614152
5d09c282c2feed0be45aee59
p:  140871.94743925816
5d09ce95699b701c1c5aee72
p:  128299.33252710875
5d09b0cffdcb6460a85aee32
p:  199608.43583968628
5d09ab96fdcb6460a85aee27
p:  148456.4745501181
5d09b36e785518147e5aee36
p:  110355.1250457427
5d09b4908d6ebfd0935aee41
p:  206285.4373682817
5d09a8568d6ebfd0935aee1d
p:  231171.68957321387
5d09b463ace7bbf5475aee34
p:  187990.42477289977
5d09c499ace7bbf5475aee5d
p:  124508.93516243533
5d09c4f3ace7bbf5475aee5e
p:  250974.81006815794
5d09ca34699b701c1c5aee5e
p:  145577.36786805792
5d09c952699b701c1c5aee5c
p:  203621.13242803497
5d09bda9699b701c1c5aee41
p:  132803.05157639165
5d09c3f8699b701c1c5aee52
p:  119806.98604850273
5d09caae699b701c1c5aee61
p:  113233.55689199676
5d09c9af699b701c1c5aee5d
p:  220928.49940929792
5d09bfacace7bbf5475aee49
p:  228024.1232034418
5d09c6e4ace7bbf5475aee62
p:  259454.54742191726
5d09c3f7ace7bbf5475aee5b
p:  374145.7764244388
5d09ca89699b701c1c5aee60
p:  147416.86443142415
5d09cabc699b701c1c5aee62
p:  145577.36786805792
5d09c78c699b701c1c5aee57
p:  167643.32994375375
5d09c213ace7bbf5475aee50
p:  321368.26417195634
5d09c8c1ace7bbf5475aee66
p:  238806.63698512936
5d09cd4aace7bbf5475aee6d
p:  217087.32772579673
5d09bddbace7bbf5475aee45
p:  328481.83240456146
5d09c3aec2feed0be45aee5c
p:  119767.68562833831
5d09cadc699b701c1c5aee64
p:  123630.98691513081
5d09c817ace7bbf5475aee65
p:  246314.96689867566
5d09bc94d7990147de5aee51
p:  220031.01951204133
5d09bc6dd7990147de5aee50
p:  220031.01951204133
5d09b84bd7990147de5aee4a
p:  111852.35679238988
5d09a406c2feed0be45aee19
p:  126103.57210063894
5d09ae17fdcb6460a85aee2c
p:  181200.74039771516
5d09b273fdcb6460a85aee37
p:  174149.50999333436
5d09ac37fdcb6460a85aee29
p:  203245.81150374125
5d09b14ffdcb6460a85aee33
p:  234146.14684530257
5d09b1e7fdcb6460a85aee35
p:  236888.18405217855
5d09b2bafdcb6460a85aee38
p:  303363.35071172466
5d09adcefdcb6460a85aee2b
p:  192120.33256687797
5d09a87cfdcb6460a85aee23
p:  208464.93350672966
5d09b19cfdcb6460a85aee34
p:  164412.16334080504
5d09ae36fdcb6460a85aee2d
p:  139337.67145921185
5d09a626d7990147de5aee19
p:  176723.29889998023
5d09a990d7990147de5aee23
p:  145969.48448148923
5d09a9bbd7990147de5aee24
p:  229670.64392390393
5d09b6c28d6ebfd0935aee4f
p:  208286.75917513348
5d09bab68d6ebfd0935aee61
p:  209251.05605658528
5d09beba388f6376025aee4d
p:  307409.7901294861
5d09a980388f6376025aee28
p:  246457.02172948804
5d09c01a388f6376025aee52
p:  315401.3724693395
5d09b7e78d6ebfd0935aee57
p:  180652.89454085525
5d09afe3699b701c1c5aee28
p:  95814.40421018792
5d09abd02374d31a675aee2b
p:  207809.22686513537
5d09b246dbb316f4455aee31
p:  283810.31151478784
5d09ae15c6ed94fefc5aee30
p:  197494.80993030925
5d09b7068d6ebfd0935aee51
p:  176650.96149308846
5d09aa599bd62eb5705aee1f
p:  210035.80351186008
5d09b3e79bd62eb5705aee38
p:  207184.79627956793/home/testapiuser/HouseApp_2/PricePrediction/SDPrice.py:331: SettingWithCopyWarning: 
A value is trying to be set on a copy of a slice from a DataFrame.
Try using .loc[row_indexer,col_indexer] = value instead

See the caveats in the documentation: http://pandas.pydata.org/pandas-docs/stable/indexing.html#indexing-view-versus-copy
  df2['AreaSpace_SQFT'] = df2['AreaSpace_SQFT'].astype(int)
/home/testapiuser/HouseApp_2/PricePrediction/SDPrice.py:343: SettingWithCopyWarning: 
A value is trying to be set on a copy of a slice from a DataFrame.
Try using .loc[row_indexer,col_indexer] = value instead

See the caveats in the documentation: http://pandas.pydata.org/pandas-docs/stable/indexing.html#indexing-view-versus-copy
  df2['Price'] = z1
/home/testapiuser/HouseApp_2/PricePrediction/SDPrice.py:350: SettingWithCopyWarning: 
A value is trying to be set on a copy of a slice from a DataFrame.
Try using .loc[row_indexer,col_indexer] = value instead

See the caveats in the documentation: http://pandas.pydata.org/pandas-docs/stable/indexing.html#indexing-view-versus-copy
  df2['AreaSpace_SQFT'] = z2

5d09a8c72374d31a675aee23
p:  203224.45607475
5d09ada09bd62eb5705aee2c
p:  171711.03409613593
5d09b4312374d31a675aee3a
p:  191130.7284863402
5d09b0a7d7990147de5aee31
p:  112159.00719736193
5d09b3d0d7990147de5aee37
p:  106386.09178361499
5d09b42ad7990147de5aee39
p:  168859.33810514922
5d09af2d9bd62eb5705aee31
p:  207359.98949377873
5d09aa20c6ed94fefc5aee28
p:  235610.5782989438
5d09b055ace7bbf5475aee2c
p:  159850.1327320374
5d09acf2d7990147de5aee29
p:  151749.24575604906
5d09b12e2374d31a675aee35
p:  149468.2640583911
5d09aa591cd95646795aee21
p:  184358.85963108862
5d09b5bc68613c89dc5aee42
p:  223325.75169450615
5d09b3f3d7990147de5aee38
p:  176466.45374211288
5d09aa5768613c89dc5aee25
p:  125886.31702176522
5d09af4cace7bbf5475aee2a
p:  144288.477919664
5d09b02dace7bbf5475aee2b
p:  475706.5323202521
5d09b205ace7bbf5475aee2f
p:  187303.74986447778
5d09b04268613c89dc5aee35
p:  130348.91497577826
5d09aded2374d31a675aee2c
p:  209945.8991185067
5d09a85d2374d31a675aee22
p:  148067.547171197
5d09b5211cd95646795aee35
p:  113956.30152202323
5d09aa991cd95646795aee22
p:  297665.2833255576
5d09afae699b701c1c5aee27
p:  125076.13853310629
5d09b36e699b701c1c5aee30
p:  155934.97091763
5d09b462d7990147de5aee3a
p:  174017.06703271694
5d09b2b568613c89dc5aee3b
p:  326412.62912517355
5d09ab449bd62eb5705aee20
p:  125076.13853310629
5d09ac4bace7bbf5475aee22
p:  151947.66717987295
5d09b28868613c89dc5aee39
p:  102250.29394542385
5d09b3e52374d31a675aee39
p:  185464.66322536115
5d09af92d7990147de5aee2e
p:  105478.87858333011
5d09b1c41cd95646795aee2e
p:  203535.29067669366
5d09b3608d6ebfd0935aee3c
p:  219604.99418457854
5d09b0608d6ebfd0935aee2c
p:  277734.13770017383
5d09b14cd7990147de5aee34
p:  118127.95241135923
5d09b193d7990147de5aee35
p:  128319.26114022621
5d09b23a68613c89dc5aee38
p:  138545.6407816088
5d09afb9d7990147de5aee2f
p:  129254.8292151728
5d09b3789bd62eb5705aee36
p:  110449.70457903304
5d09b321ace7bbf5475aee31
p:  260814.07133734348
5d09ab722374d31a675aee2a
p:  163780.89555274812
5d09b35c2374d31a675aee38
p:  165448.75429414673
5d09a46c9bd62eb5705aee17
p:  209969.8358388907
5d0a452a40950ee40dfecf0f
p:  131774.24534459072
5d0a45f716f21939aafecf10
p:  106128.76974766358
5d0a464abeaaaddb9bfecf12
p:  244225.1724902873
5d0a46572b32655074fecf0f
p:  218085.97590615973
5d0a46afddd865915ffecf0f
p:  281024.2792654758
5d0a4754c45d017bd3fecf14
p:  206175.00915722776
5d0a47be16feedd6c1fecf10
p:  148602.5229034735
5d0a47cdddd865915ffecf11
p:  136016.76921712607
5d0a480440950ee40dfecf18
p:  235100.36038571427
5d0a480c16f21939aafecf16
p:  262779.0604591627
5d0a482516f21939aafecf17
p:  194343.85351684765
5d0a4849df5ee7b124fecf15
p:  119544.31526944131
5d0a4865beaaaddb9bfecf17
p:  119544.31526944131
5d0a48b2d4dab7bb72fecf13
p:  203062.5864305034
5d0a48c9ddd865915ffecf14
p:  122677.41867732457
5d0a48d0df5ee7b124fecf17
p:  158447.89891305988
5d0a48ef16feedd6c1fecf15
p:  189802.64948897914
5d0a48ff40950ee40dfecf19
p:  143775.93910477398
5d0a4908d4dab7bb72fecf14
p:  207037.8738164865
5d0a4980df5ee7b124fecf19
p:  201464.01094021063
5d0a4a03d4dab7bb72fecf15
p:  188681.86082256425
5d0a4a0740950ee40dfecf1a
p:  144060.46273695922
5d0a4a1616feedd6c1fecf17
p:  241229.76167023683
5d0a4a46df5ee7b124fecf1a
p:  97830.77876855414
5d0a4b5416f21939aafecf1d
p:  271269.84922541876
5d0a4b8716f21939aafecf1e
p:  293204.68583131675
5d0a4bb02b32655074fecf22
p:  176989.6949431352
5d0a4cd922708b69dffecf15
p:  337481.0599868231
5d0a4f1922708b69dffecf18
p:  193770.7221109667
5d0a4f68df5ee7b124fecf28
p:  384395.1510392967
5d0a4f6a16f21939aafecf27
p:  270708.8316749764
5d0a4fa222708b69dffecf19
p:  195175.83910442042
5d0a501616feedd6c1fecf22
p:  123514.40814629401
5d0a504e22708b69dffecf1a
p:  141910.24931698057
5d0a5076df5ee7b124fecf2a
p:  208020.18333379112
5d0a50ef22708b69dffecf1d
p:  219536.97011223863
5d0a510e22708b69dffecf1e
p:  218009.6961418354
5d0a512122708b69dffecf1f
p:  180486.57196243375
5d0a513722708b69dffecf20
p:  147373.31817341785
5d0a514c22708b69dffecf21
p:  193879.24684754456
5d0a5234df5ee7b124fecf2b
p:  418973.844283594
5d0a5322df5ee7b124fecf30
p:  260990.61986375484
5d0a5354df5ee7b124fecf31
p:  396903.4791472317
5d1c0ae302e1f427a5efbc73
p:  124538.12041290759
5d29c0e2199bf96b6045ad84
p:  329184.84051590174
5d470b4cacae7a72623cb3eb
p:  208278.12859501728
Current date and time: 2020-06-08 15:34:11
Successfully connect to DB.
For ['Aurora', 'Beadle', 'Bennett', 'Bon Homme', 'Brookings', 'Brown', 'Brule', 'Buffalo', 'Butte', 'Campbell', 'Charles Mix', 'Clark', 'Clay', 'Codington', 'Corson', 'Custer', 'Davison', 'Day', 'Deuel', 'Dewey', 'Douglas', 'Edmunds', 'Fall River', 'Faulk', 'Grant', 'Gregory', 'Haakon', 'Hamlin', 'Hand', 'Hanson', 'Harding', 'Hughes', 'Hutchinson', 'Hyde', 'Jackson', 'Jerauld', 'Jones', 'Kingsbury', 'Lake', 'Lawrence', 'Lincoln', 'Lyman', 'Marshall', 'McCook', 'McPherson', 'Meade', 'Mellette', 'Miner', 'Minnehaha', 'Moody', 'Oglala Lakota', 'Pennington', 'Perkins', 'Potter', 'Roberts', 'Sanborn', 'Spink', 'Stanley', 'Sully', 'Todd', 'Tripp', 'Turner', 'Union', 'Walworth', 'Yankton', 'Ziebach']#################################################################
train score for random_forest: 0.9432605029626224
test score for random_forest: 0.5800916269613148
The mean absolute error is:$ 75674.28700431848
r_Score: 0.6051156112848346
Voting Regressor (in): 0.9502468124016332
Voting Regressor: 0.6051156112848346
5d09ac7068613c89dc5aee2c
p:  89935.25487752754
5d09abbafdcb6460a85aee28
p:  166939.08125687315
5d09b086fdcb6460a85aee31
p:  183318.5739568498
5d09c4568d6ebfd0935aee7a
p:  225577.79323130194
5d09abc5785518147e5aee23
p:  108603.37964075009
5d09abe8785518147e5aee24
p:  184258.89363973975
5d09be9d699b701c1c5aee45
p:  347243.14127540553
5d09bdfb2374d31a675aee44
p:  284702.12764355115
5d09c50cace7bbf5475aee5f
p:  259541.08873021527
5d09caec699b701c1c5aee65
p:  232071.95489566837
5d09c7dd699b701c1c5aee59
p:  214733.40660674014
5d09c480ace7bbf5475aee5c
p:  206581.43110060017
5d09c3c9699b701c1c5aee51
p:  328168.4320412956
5d09c25cace7bbf5475aee53
p:  374831.7051317504
5d09ccedace7bbf5475aee6b
p:  230051.31354495324
5d09c522ace7bbf5475aee60
p:  147165.26874834165
5d09c298c2feed0be45aee5a
p:  295224.0495798226
5d09c2e2699b701c1c5aee4c
p:  185787.9635828244
5d09ab0ad7990147de5aee26
p:  229534.88810895878
5d09bd232374d31a675aee40
p:  299074.6559654568
5d09c23fd7990147de5aee60
p:  332650.6537751772
5d09a44568613c89dc5aee1a
p:  126767.48053452533
5d09b474388f6376025aee39
p:  167347.64188874437
5d09b7b18d6ebfd0935aee55
p:  209490.84784177638
5d09b19f8d6ebfd0935aee34
p:  119582.52594254665
5d09b6158d6ebfd0935aee4b
p:  215540.85318901326
5d09a4442374d31a675aee1a
p:  583966.2313402842
5d09a9369bd62eb5705aee1e
p:  159013.66948223603
5d09a926c2feed0be45aee23
p:  269874.65968616784
5d09a43ffdcb6460a85aee16
p:  112341.41471658385
5d09abbcace7bbf5475aee21
p:  125952.18107243079
5d09a4ddfdcb6460a85aee1a
p:  206920.96149533195
5d09c1f3699b701c1c5aee4b
p:  258934.83204188704
5d09a6c6fdcb6460a85aee21
p:  152725.37602802808
5d09ad389bd62eb5705aee2a
p:  193167.07774332992
5d09afa7388f6376025aee32
p:  209668.42751249083
5d09c2c0785518147e5aee6c
p:  155691.92185095907
5d09c306785518147e5aee6d
p:  155691.92185095907
5d09c34d785518147e5aee6e
p:  155691.92185095907
5d09c391785518147e5aee6f
p:  155691.92185095907
5d09c3d6785518147e5aee70
p:  155691.92185095907
5d09c41f785518147e5aee71
p:  155691.92185095907
5d09c4ab785518147e5aee73
p:  155691.92185095907
5d09c4f2785518147e5aee74
p:  155691.92185095907
5d09b110dbb316f4455aee2d
p:  178205.27612739615
5d09b9399bd62eb5705aee45
p:  83313.06824398323
5d09b95b9bd62eb5705aee46
p:  83313.06824398323
5d09c7c0699b701c1c5aee58
p:  149965.57867443375
5d09ad1fc2feed0be45aee2f
p:  191752.1488298876
5d09b1ec1cd95646795aee2f
p:  264092.9501488679
5d09a4c68d6ebfd0935aee18
p:  125575.42844838498
5d09a60bc6ed94fefc5aee22
p:  197359.1261298086
5d09b19468613c89dc5aee37
p:  134040.7471714029
5d09bde92374d31a675aee43
p:  234180.03549864245
5d09a7f8c6ed94fefc5aee26
p:  197359.1261298086
5d09b3ecace7bbf5475aee32
p:  171984.8706059525
5d09b6cb1cd95646795aee3a
p:  94555.21930580292
5d09ac34699b701c1c5aee24
p:  243052.03259353756
5d09bd95699b701c1c5aee40
p:  148768.91158381733
5d09cec1ace7bbf5475aee75
p:  179941.63263065787
5d09cacc699b701c1c5aee63
p:  183961.000561379
5d09b80b8d6ebfd0935aee58
p:  168940.42773133965
5d09b2fffdcb6460a85aee39
p:  112341.41471658385
5d09c6468d6ebfd0935aee80
p:  185159.00669449684
5d09aa73d7990147de5aee25
p:  187883.16051954834
5d09c8c8388f6376025aee66
p:  264415.7081492917
5d09cb988d6ebfd0935aee8d
p:  276556.8777679031
5d09c8f2699b701c1c5aee5b
p:  220917.66856032252
5d09c8cf699b701c1c5aee5a
p:  219508.22741712147
5d09bb1d388f6376025aee40
p:  318500.59385436325
5d09b077ace7bbf5475aee2d
p:  170808.99127215508
5d09ae51fdcb6460a85aee2e
p:  147778.52241542033
5d09b741388f6376025aee3b
p:  293074.68570073333
5d09a5ecc6ed94fefc5aee21
p:  220422.52496375062
5d09a645699b701c1c5aee1a
p:  134979.39052443515
5d09bccc388f6376025aee45
p:  251749.82658016047
5d09aff7fdcb6460a85aee2f
p:  132496.30126935276
5d09c981388f6376025aee67
p:  229969.3686167461
5d09a6342374d31a675aee1f
p:  129533.8387023928
5d09a438c6ed94fefc5aee1c
p:  196324.60464743545
5d09ac1cc6ed94fefc5aee2a
p:  207617.90440559946
5d09ae88c2feed0be45aee33
p:  294847.71881003364
5d09c1ebace7bbf5475aee4e
p:  181457.4325039158
5d09b7fad7990147de5aee47
p:  239155.07458837662
5d09b352785518147e5aee35
p:  71093.57525257216
5d09bdb6388f6376025aee46
p:  248489.1532474964
5d09c6c28d6ebfd0935aee81
p:  336467.5461806356
5d09be4968613c89dc5aee5d
p:  153843.84531779215
5d09a47dfdcb6460a85aee17
p:  201937.0242474529
5d09ad32ace7bbf5475aee24
p:  122455.6534015455
5d09c282c2feed0be45aee59
p:  163683.79724920576
5d09ce95699b701c1c5aee72
p:  133021.51771609683
5d09b0cffdcb6460a85aee32
p:  201475.43608711916
5d09ab96fdcb6460a85aee27
p:  145372.78583283344
5d09b36e785518147e5aee36
p:  119363.97934112995
5d09b4908d6ebfd0935aee41
p:  210353.81542051106
5d09a8568d6ebfd0935aee1d
p:  240196.93689983047
5d09b463ace7bbf5475aee34
p:  193743.41766051127
5d09c499ace7bbf5475aee5d
p:  154400.96945672567
5d09c4f3ace7bbf5475aee5e
p:  262157.0104977801
5d09ca34699b701c1c5aee5e
p:  151852.94009155693
5d09c952699b701c1c5aee5c
p:  198634.96339705458
5d09bda9699b701c1c5aee41
p:  138572.1961179886
5d09c3f8699b701c1c5aee52
p:  120652.28952953234
5d09caae699b701c1c5aee61
p:  113715.65712838637
5d09c9af699b701c1c5aee5d
p:  226250.63906938324
5d09bfacace7bbf5475aee49
p:  224738.33080945077
5d09c6e4ace7bbf5475aee62
p:  247175.9693745479
5d09c3f7ace7bbf5475aee5b
p:  365194.56539509376
5d09ca89699b701c1c5aee60
p:  147772.00635500276
5d09cabc699b701c1c5aee62
p:  152959.4074701203
5d09c78c699b701c1c5aee57
p:  165396.48076096963
5d09c213ace7bbf5475aee50
p:  323752.8061569935
5d09c8c1ace7bbf5475aee66
p:  197442.74244697095
5d09cd4aace7bbf5475aee6d
p:  216462.899544081
5d09bddbace7bbf5475aee45
p:  333049.01416645147
5d09c3aec2feed0be45aee5c
p:  129641.28839184364
5d09cadc699b701c1c5aee64
p:  138413.7972251351
5d09c817ace7bbf5475aee65
p:  247239.22733026015
5d09bc94d7990147de5aee51
p:  197097.06973529147
5d09bc6dd7990147de5aee50
p:  197097.06973529147
5d09b84bd7990147de5aee4a
p:  148269.92884820985
5d09a406c2feed0be45aee19
p:  126623.03437273527
5d09ae17fdcb6460a85aee2c
p:  172851.14837004815
5d09b273fdcb6460a85aee37
p:  174263.75005504917
5d09ac37fdcb6460a85aee29
p:  193279.6732144494
5d09b14ffdcb6460a85aee33
p:  230930.12226547787
5d09b1e7fdcb6460a85aee35
p:  229293.63903113845
5d09b2bafdcb6460a85aee38
p:  301679.4321420678
5d09adcefdcb6460a85aee2b
p:  192272.47953360135
5d09a87cfdcb6460a85aee23
p:  221522.23747040145
5d09b19cfdcb6460a85aee34
p:  162246.21927631262
5d09ae36fdcb6460a85aee2d
p:  140134.8076409437
5d09a626d7990147de5aee19
p:  172919.9807554686
5d09a990d7990147de5aee23
p:  153268.56352093373
5d09a9bbd7990147de5aee24
p:  222361.59234648186
5d09b6c28d6ebfd0935aee4f
p:  206921.66246309702
5d09bab68d6ebfd0935aee61
p:  209490.84784177638
5d09beba388f6376025aee4d
p:  305878.94193139917
5d09a980388f6376025aee28
p:  249931.94944550752
5d09c01a388f6376025aee52
p:  316915.13732152525
5d09b7e78d6ebfd0935aee57
p:  186296.19073658972
5d09afe3699b701c1c5aee28
p:  94913.40140048755
5d09abd02374d31a675aee2b
p:  204665.45644377562
5d09b246dbb316f4455aee31
p:  294843.0013432215
5d09ae15c6ed94fefc5aee30
p:  196607.2712815674
5d09b7068d6ebfd0935aee51
p:  178305.77841543872
5d09aa599bd62eb5705aee1f
p:  179025.81338296493
5d09b3e79bd62eb5705aee38
p:  205659.45046190862/home/testapiuser/HouseApp_2/PricePrediction/SDPrice.py:331: SettingWithCopyWarning: 
A value is trying to be set on a copy of a slice from a DataFrame.
Try using .loc[row_indexer,col_indexer] = value instead

See the caveats in the documentation: http://pandas.pydata.org/pandas-docs/stable/indexing.html#indexing-view-versus-copy
  df2['AreaSpace_SQFT'] = df2['AreaSpace_SQFT'].astype(int)
/home/testapiuser/HouseApp_2/PricePrediction/SDPrice.py:343: SettingWithCopyWarning: 
A value is trying to be set on a copy of a slice from a DataFrame.
Try using .loc[row_indexer,col_indexer] = value instead

See the caveats in the documentation: http://pandas.pydata.org/pandas-docs/stable/indexing.html#indexing-view-versus-copy
  df2['Price'] = z1
/home/testapiuser/HouseApp_2/PricePrediction/SDPrice.py:350: SettingWithCopyWarning: 
A value is trying to be set on a copy of a slice from a DataFrame.
Try using .loc[row_indexer,col_indexer] = value instead

See the caveats in the documentation: http://pandas.pydata.org/pandas-docs/stable/indexing.html#indexing-view-versus-copy
  df2['AreaSpace_SQFT'] = z2

5d09a8c72374d31a675aee23
p:  198678.30334235966
5d09ada09bd62eb5705aee2c
p:  172867.24555567806
5d09b4312374d31a675aee3a
p:  193959.07389327837
5d09b0a7d7990147de5aee31
p:  118912.66657961317
5d09b3d0d7990147de5aee37
p:  90383.77438977666
5d09b42ad7990147de5aee39
p:  157380.45955287956
5d09af2d9bd62eb5705aee31
p:  198376.72533089534
5d09aa20c6ed94fefc5aee28
p:  229459.11132612394
5d09b055ace7bbf5475aee2c
p:  157020.6326180377
5d09acf2d7990147de5aee29
p:  142446.18645623376
5d09b12e2374d31a675aee35
p:  141687.12901345367
5d09aa591cd95646795aee21
p:  172510.09288630373
5d09b5bc68613c89dc5aee42
p:  226036.02131062467
5d09b3f3d7990147de5aee38
p:  189118.726401741
5d09aa5768613c89dc5aee25
p:  129939.11734435702
5d09af4cace7bbf5475aee2a
p:  135751.75190798292
5d09b02dace7bbf5475aee2b
p:  471896.0788285971
5d09b205ace7bbf5475aee2f
p:  185710.55533090816
5d09b04268613c89dc5aee35
p:  133124.6240718484
5d09aded2374d31a675aee2c
p:  196367.43675415445
5d09a85d2374d31a675aee22
p:  148625.1500056308
5d09b5211cd95646795aee35
p:  114257.95521194211
5d09aa991cd95646795aee22
p:  280727.29267009813
5d09afae699b701c1c5aee27
p:  126409.42716575837
5d09b36e699b701c1c5aee30
p:  156403.73408776967
5d09b462d7990147de5aee3a
p:  162829.57501518604
5d09b2b568613c89dc5aee3b
p:  307183.1005724102
5d09ab449bd62eb5705aee20
p:  126409.42716575837
5d09ac4bace7bbf5475aee22
p:  155133.79077511746
5d09b28868613c89dc5aee39
p:  102672.67065825443
5d09b3e52374d31a675aee39
p:  184448.9520978966
5d09af92d7990147de5aee2e
p:  120872.44505510383
5d09b1c41cd95646795aee2e
p:  206514.45471389306
5d09b3608d6ebfd0935aee3c
p:  216945.29597770944
5d09b0608d6ebfd0935aee2c
p:  277090.3415974016
5d09b14cd7990147de5aee34
p:  118320.27999227095
5d09b193d7990147de5aee35
p:  130235.35289752821
5d09b23a68613c89dc5aee38
p:  140764.75170785884
5d09afb9d7990147de5aee2f
p:  131138.08165932796
5d09b3789bd62eb5705aee36
p:  116273.09430171832
5d09b321ace7bbf5475aee31
p:  263472.79845824913
5d09ab722374d31a675aee2a
p:  165387.2901031454
5d09b35c2374d31a675aee38
p:  166403.60796181974
5d09a46c9bd62eb5705aee17
p:  223231.831811519
5d0a452a40950ee40dfecf0f
p:  131312.44683876692
5d0a45f716f21939aafecf10
p:  112185.17302028634
5d0a464abeaaaddb9bfecf12
p:  239690.5294085399
5d0a46572b32655074fecf0f
p:  232559.22243751175
5d0a46afddd865915ffecf0f
p:  266945.1149481675
5d0a4754c45d017bd3fecf14
p:  199775.56211193674
5d0a47be16feedd6c1fecf10
p:  140391.22034589463
5d0a47cdddd865915ffecf11
p:  152725.37602802808
5d0a480440950ee40dfecf18
p:  233647.0107450528
5d0a480c16f21939aafecf16
p:  258359.9658817755
5d0a482516f21939aafecf17
p:  196180.52558873047
5d0a4849df5ee7b124fecf15
p:  126656.60169277243
5d0a4865beaaaddb9bfecf17
p:  126656.60169277243
5d0a48b2d4dab7bb72fecf13
p:  206835.98348513705
5d0a48c9ddd865915ffecf14
p:  132496.30126935276
5d0a48d0df5ee7b124fecf17
p:  165121.07697660453
5d0a48ef16feedd6c1fecf15
p:  196239.6852415704
5d0a48ff40950ee40dfecf19
p:  144336.27181108407
5d0a4908d4dab7bb72fecf14
p:  208999.98723984527
5d0a4980df5ee7b124fecf19
p:  201314.33951964043
5d0a4a03d4dab7bb72fecf15
p:  187441.83302648703
5d0a4a0740950ee40dfecf1a
p:  141111.3666296369
5d0a4a1616feedd6c1fecf17
p:  255002.38904012984
5d0a4a46df5ee7b124fecf1a
p:  102637.13158697664
5d0a4b5416f21939aafecf1d
p:  269138.5220417648
5d0a4b8716f21939aafecf1e
p:  297916.1374760018
5d0a4bb02b32655074fecf22
p:  174289.34934699046
5d0a4cd922708b69dffecf15
p:  328306.0536018967
5d0a4f1922708b69dffecf18
p:  189868.6109672287
5d0a4f68df5ee7b124fecf28
p:  376394.55060848035
5d0a4f6a16f21939aafecf27
p:  277925.04871475254
5d0a4fa222708b69dffecf19
p:  168366.10098465558
5d0a501616feedd6c1fecf22
p:  124432.36430865026
5d0a504e22708b69dffecf1a
p:  142247.9904627601
5d0a5076df5ee7b124fecf2a
p:  197197.95834558544
5d0a50ef22708b69dffecf1d
p:  226001.21540787656
5d0a510e22708b69dffecf1e
p:  229801.7396969598
5d0a512122708b69dffecf1f
p:  182115.45093528222
5d0a513722708b69dffecf20
p:  144461.40297342755
5d0a514c22708b69dffecf21
p:  194445.91799830063
5d0a5234df5ee7b124fecf2b
p:  400642.5125570246
5d0a5322df5ee7b124fecf30
p:  259998.72445986743
5d0a5354df5ee7b124fecf31
p:  380978.8720342078
5d1c0ae302e1f427a5efbc73
p:  133643.67295275757
5d29c0e2199bf96b6045ad84
p:  325453.3177412385
5d470b4cacae7a72623cb3eb
p:  204715.0150571016
Current date and time: 2020-06-09 15:34:11
Successfully connect to DB.
For ['Aurora', 'Beadle', 'Bennett', 'Bon Homme', 'Brookings', 'Brown', 'Brule', 'Buffalo', 'Butte', 'Campbell', 'Charles Mix', 'Clark', 'Clay', 'Codington', 'Corson', 'Custer', 'Davison', 'Day', 'Deuel', 'Dewey', 'Douglas', 'Edmunds', 'Fall River', 'Faulk', 'Grant', 'Gregory', 'Haakon', 'Hamlin', 'Hand', 'Hanson', 'Harding', 'Hughes', 'Hutchinson', 'Hyde', 'Jackson', 'Jerauld', 'Jones', 'Kingsbury', 'Lake', 'Lawrence', 'Lincoln', 'Lyman', 'Marshall', 'McCook', 'McPherson', 'Meade', 'Mellette', 'Miner', 'Minnehaha', 'Moody', 'Oglala Lakota', 'Pennington', 'Perkins', 'Potter', 'Roberts', 'Sanborn', 'Spink', 'Stanley', 'Sully', 'Todd', 'Tripp', 'Turner', 'Union', 'Walworth', 'Yankton', 'Ziebach']#################################################################
train score for random_forest: 0.9437475130311531
test score for random_forest: 0.5779450149087125
The mean absolute error is:$ 76673.3253406358
r_Score: 0.5980791928956026
Voting Regressor (in): 0.9501338760015972
Voting Regressor: 0.5980791928956026
5d09ac7068613c89dc5aee2c
p:  107631.36506323834
5d09abbafdcb6460a85aee28
p:  160883.1693699453
5d09b086fdcb6460a85aee31
p:  184209.95038698387
5d09c4568d6ebfd0935aee7a
p:  215757.83226384484
5d09abc5785518147e5aee23
p:  109230.17062221553
5d09abe8785518147e5aee24
p:  178110.00668132186
5d09be9d699b701c1c5aee45
p:  325114.61547267
5d09bdfb2374d31a675aee44
p:  295119.7987444317
5d09c50cace7bbf5475aee5f
p:  253300.18433952873
5d09caec699b701c1c5aee65
p:  221010.09798803926
5d09c7dd699b701c1c5aee59
p:  222289.9210087633
5d09c480ace7bbf5475aee5c
p:  200433.40372274435
5d09c3c9699b701c1c5aee51
p:  296793.7430219766
5d09c25cace7bbf5475aee53
p:  406414.3854612565
5d09ccedace7bbf5475aee6b
p:  228724.798048964
5d09c522ace7bbf5475aee60
p:  137430.9450065608
5d09c298c2feed0be45aee5a
p:  281175.2527373729
5d09c2e2699b701c1c5aee4c
p:  204425.55880988413
5d09ab0ad7990147de5aee26
p:  237569.19731423014
5d09bd232374d31a675aee40
p:  295622.52411237254
5d09c23fd7990147de5aee60
p:  300507.452873664
5d09a44568613c89dc5aee1a
p:  132360.92620891216
5d09b474388f6376025aee39
p:  160626.84822968804
5d09b7b18d6ebfd0935aee55
p:  209251.05605658528
5d09b19f8d6ebfd0935aee34
p:  114551.90092277172
5d09b6158d6ebfd0935aee4b
p:  211162.43623747965
5d09a4442374d31a675aee1a
p:  547336.8565352557
5d09a9369bd62eb5705aee1e
p:  157984.85392070134
5d09a926c2feed0be45aee23
p:  255176.75163718977
5d09a43ffdcb6460a85aee16
p:  120626.85349757946
5d09abbcace7bbf5475aee21
p:  146600.5022228808
5d09a4ddfdcb6460a85aee1a
p:  204066.63764192004
5d09c1f3699b701c1c5aee4b
p:  293136.8428031231
5d09a6c6fdcb6460a85aee21
p:  136016.76921712607
5d09ad389bd62eb5705aee2a
p:  189004.2635805171
5d09afa7388f6376025aee32
p:  214162.84884976989
5d09c2c0785518147e5aee6c
p:  155657.42254738568
5d09c306785518147e5aee6d
p:  155657.42254738568
5d09c34d785518147e5aee6e
p:  155657.42254738568
5d09c391785518147e5aee6f
p:  155657.42254738568
5d09c3d6785518147e5aee70
p:  155657.42254738568
5d09c41f785518147e5aee71
p:  155657.42254738568
5d09c4ab785518147e5aee73
p:  155657.42254738568
5d09c4f2785518147e5aee74
p:  155657.42254738568
5d09b110dbb316f4455aee2d
p:  171944.63908450303
5d09b9399bd62eb5705aee45
p:  76525.67226236354
5d09b95b9bd62eb5705aee46
p:  76525.67226236354
5d09c7c0699b701c1c5aee58
p:  126324.9140723958
5d09ad1fc2feed0be45aee2f
p:  188045.2400489535
5d09b1ec1cd95646795aee2f
p:  269484.90276168264
5d09a4c68d6ebfd0935aee18
p:  130766.09584968326
5d09a60bc6ed94fefc5aee22
p:  194591.79287743705
5d09b19468613c89dc5aee37
p:  134747.87876455864
5d09bde92374d31a675aee43
p:  217052.25577116126
5d09a7f8c6ed94fefc5aee26
p:  194591.79287743705
5d09b3ecace7bbf5475aee32
p:  171735.34252170753
5d09b6cb1cd95646795aee3a
p:  81307.57203782935
5d09ac34699b701c1c5aee24
p:  241923.03687653205
5d09bd95699b701c1c5aee40
p:  139870.43209176365
5d09cec1ace7bbf5475aee75
p:  179725.55879724547
5d09cacc699b701c1c5aee63
p:  166515.72649554512
5d09b80b8d6ebfd0935aee58
p:  169172.8262429
5d09b2fffdcb6460a85aee39
p:  120626.85349757946
5d09c6468d6ebfd0935aee80
p:  175285.70624073566
5d09aa73d7990147de5aee25
p:  182901.10498398432
5d09c8c8388f6376025aee66
p:  280320.4844777107
5d09cb988d6ebfd0935aee8d
p:  304519.12358231907
5d09c8f2699b701c1c5aee5b
p:  218634.31882168172
5d09c8cf699b701c1c5aee5a
p:  211732.48483987356
5d09bb1d388f6376025aee40
p:  314026.04807685653
5d09b077ace7bbf5475aee2d
p:  172255.9822585726
5d09ae51fdcb6460a85aee2e
p:  150309.63295599417
5d09b741388f6376025aee3b
p:  301448.2714736097
5d09a5ecc6ed94fefc5aee21
p:  227133.96084033966
5d09a645699b701c1c5aee1a
p:  146261.34725113717
5d09bccc388f6376025aee45
p:  260962.97992935014
5d09aff7fdcb6460a85aee2f
p:  122677.41867732457
5d09c981388f6376025aee67
p:  235916.36875229166
5d09a6342374d31a675aee1f
p:  115999.9535404203
5d09a438c6ed94fefc5aee1c
p:  195593.3662029965
5d09ac1cc6ed94fefc5aee2a
p:  215239.73376353175
5d09ae88c2feed0be45aee33
p:  272859.976368912
5d09c1ebace7bbf5475aee4e
p:  148225.4804720122
5d09b7fad7990147de5aee47
p:  240537.15990053848
5d09b352785518147e5aee35
p:  80146.69039260196
5d09bdb6388f6376025aee46
p:  270381.5052481184
5d09c6c28d6ebfd0935aee81
p:  306524.79191026243
5d09be4968613c89dc5aee5d
p:  154500.77615264631
5d09a47dfdcb6460a85aee17
p:  208391.92338902256
5d09ad32ace7bbf5475aee24
p:  127347.69175614152
5d09c282c2feed0be45aee59
p:  140871.94743925816
5d09ce95699b701c1c5aee72
p:  128299.33252710875
5d09b0cffdcb6460a85aee32
p:  199608.43583968628
5d09ab96fdcb6460a85aee27
p:  148456.4745501181
5d09b36e785518147e5aee36
p:  110355.1250457427
5d09b4908d6ebfd0935aee41
p:  206285.4373682817
5d09a8568d6ebfd0935aee1d
p:  231171.68957321387
5d09b463ace7bbf5475aee34
p:  187990.42477289977
5d09c499ace7bbf5475aee5d
p:  124508.93516243533
5d09c4f3ace7bbf5475aee5e
p:  250974.81006815794
5d09ca34699b701c1c5aee5e
p:  145577.36786805792
5d09c952699b701c1c5aee5c
p:  203621.13242803497
5d09bda9699b701c1c5aee41
p:  132803.05157639165
5d09c3f8699b701c1c5aee52
p:  119806.98604850273
5d09caae699b701c1c5aee61
p:  113233.55689199676
5d09c9af699b701c1c5aee5d
p:  220928.49940929792
5d09bfacace7bbf5475aee49
p:  228024.1232034418
5d09c6e4ace7bbf5475aee62
p:  259454.54742191726
5d09c3f7ace7bbf5475aee5b
p:  374145.7764244388
5d09ca89699b701c1c5aee60
p:  147416.86443142415
5d09cabc699b701c1c5aee62
p:  145577.36786805792
5d09c78c699b701c1c5aee57
p:  167643.32994375375
5d09c213ace7bbf5475aee50
p:  321368.26417195634
5d09c8c1ace7bbf5475aee66
p:  238806.63698512936
5d09cd4aace7bbf5475aee6d
p:  217087.32772579673
5d09bddbace7bbf5475aee45
p:  328481.83240456146
5d09c3aec2feed0be45aee5c
p:  119767.68562833831
5d09cadc699b701c1c5aee64
p:  123630.98691513081
5d09c817ace7bbf5475aee65
p:  246314.96689867566
5d09bc94d7990147de5aee51
p:  220031.01951204133
5d09bc6dd7990147de5aee50
p:  220031.01951204133
5d09b84bd7990147de5aee4a
p:  111852.35679238988
5d09a406c2feed0be45aee19
p:  126103.57210063894
5d09ae17fdcb6460a85aee2c
p:  181200.74039771516
5d09b273fdcb6460a85aee37
p:  174149.50999333436
5d09ac37fdcb6460a85aee29
p:  203245.81150374125
5d09b14ffdcb6460a85aee33
p:  234146.14684530257
5d09b1e7fdcb6460a85aee35
p:  236888.18405217855
5d09b2bafdcb6460a85aee38
p:  303363.35071172466
5d09adcefdcb6460a85aee2b
p:  192120.33256687797
5d09a87cfdcb6460a85aee23
p:  208464.93350672966
5d09b19cfdcb6460a85aee34
p:  164412.16334080504
5d09ae36fdcb6460a85aee2d
p:  139337.67145921185
5d09a626d7990147de5aee19
p:  176723.29889998023
5d09a990d7990147de5aee23
p:  145969.48448148923
5d09a9bbd7990147de5aee24
p:  229670.64392390393
5d09b6c28d6ebfd0935aee4f
p:  208286.75917513348
5d09bab68d6ebfd0935aee61
p:  209251.05605658528
5d09beba388f6376025aee4d
p:  307409.7901294861
5d09a980388f6376025aee28
p:  246457.02172948804
5d09c01a388f6376025aee52
p:  315401.3724693395
5d09b7e78d6ebfd0935aee57
p:  180652.89454085525
5d09afe3699b701c1c5aee28
p:  95814.40421018792
5d09abd02374d31a675aee2b
p:  207809.22686513537
5d09b246dbb316f4455aee31
p:  283810.31151478784
5d09ae15c6ed94fefc5aee30
p:  197494.80993030925
5d09b7068d6ebfd0935aee51
p:  176650.96149308846
5d09aa599bd62eb5705aee1f
p:  210035.80351186008
5d09b3e79bd62eb5705aee38
p:  207184.79627956793/home/testapiuser/HouseApp_2/PricePrediction/SDPrice.py:331: SettingWithCopyWarning: 
A value is trying to be set on a copy of a slice from a DataFrame.
Try using .loc[row_indexer,col_indexer] = value instead

See the caveats in the documentation: http://pandas.pydata.org/pandas-docs/stable/indexing.html#indexing-view-versus-copy
  df2['AreaSpace_SQFT'] = df2['AreaSpace_SQFT'].astype(int)
/home/testapiuser/HouseApp_2/PricePrediction/SDPrice.py:343: SettingWithCopyWarning: 
A value is trying to be set on a copy of a slice from a DataFrame.
Try using .loc[row_indexer,col_indexer] = value instead

See the caveats in the documentation: http://pandas.pydata.org/pandas-docs/stable/indexing.html#indexing-view-versus-copy
  df2['Price'] = z1
/home/testapiuser/HouseApp_2/PricePrediction/SDPrice.py:350: SettingWithCopyWarning: 
A value is trying to be set on a copy of a slice from a DataFrame.
Try using .loc[row_indexer,col_indexer] = value instead

See the caveats in the documentation: http://pandas.pydata.org/pandas-docs/stable/indexing.html#indexing-view-versus-copy
  df2['AreaSpace_SQFT'] = z2

5d09a8c72374d31a675aee23
p:  203224.45607475
5d09ada09bd62eb5705aee2c
p:  171711.03409613593
5d09b4312374d31a675aee3a
p:  191130.7284863402
5d09b0a7d7990147de5aee31
p:  112159.00719736193
5d09b3d0d7990147de5aee37
p:  106386.09178361499
5d09b42ad7990147de5aee39
p:  168859.33810514922
5d09af2d9bd62eb5705aee31
p:  207359.98949377873
5d09aa20c6ed94fefc5aee28
p:  235610.5782989438
5d09b055ace7bbf5475aee2c
p:  159850.1327320374
5d09acf2d7990147de5aee29
p:  151749.24575604906
5d09b12e2374d31a675aee35
p:  149468.2640583911
5d09aa591cd95646795aee21
p:  184358.85963108862
5d09b5bc68613c89dc5aee42
p:  223325.75169450615
5d09b3f3d7990147de5aee38
p:  176466.45374211288
5d09aa5768613c89dc5aee25
p:  125886.31702176522
5d09af4cace7bbf5475aee2a
p:  144288.477919664
5d09b02dace7bbf5475aee2b
p:  475706.5323202521
5d09b205ace7bbf5475aee2f
p:  187303.74986447778
5d09b04268613c89dc5aee35
p:  130348.91497577826
5d09aded2374d31a675aee2c
p:  209945.8991185067
5d09a85d2374d31a675aee22
p:  148067.547171197
5d09b5211cd95646795aee35
p:  113956.30152202323
5d09aa991cd95646795aee22
p:  297665.2833255576
5d09afae699b701c1c5aee27
p:  125076.13853310629
5d09b36e699b701c1c5aee30
p:  155934.97091763
5d09b462d7990147de5aee3a
p:  174017.06703271694
5d09b2b568613c89dc5aee3b
p:  326412.62912517355
5d09ab449bd62eb5705aee20
p:  125076.13853310629
5d09ac4bace7bbf5475aee22
p:  151947.66717987295
5d09b28868613c89dc5aee39
p:  102250.29394542385
5d09b3e52374d31a675aee39
p:  185464.66322536115
5d09af92d7990147de5aee2e
p:  105478.87858333011
5d09b1c41cd95646795aee2e
p:  203535.29067669366
5d09b3608d6ebfd0935aee3c
p:  219604.99418457854
5d09b0608d6ebfd0935aee2c
p:  277734.13770017383
5d09b14cd7990147de5aee34
p:  118127.95241135923
5d09b193d7990147de5aee35
p:  128319.26114022621
5d09b23a68613c89dc5aee38
p:  138545.6407816088
5d09afb9d7990147de5aee2f
p:  129254.8292151728
5d09b3789bd62eb5705aee36
p:  110449.70457903304
5d09b321ace7bbf5475aee31
p:  260814.07133734348
5d09ab722374d31a675aee2a
p:  163780.89555274812
5d09b35c2374d31a675aee38
p:  165448.75429414673
5d09a46c9bd62eb5705aee17
p:  209969.8358388907
5d0a452a40950ee40dfecf0f
p:  131774.24534459072
5d0a45f716f21939aafecf10
p:  106128.76974766358
5d0a464abeaaaddb9bfecf12
p:  244225.1724902873
5d0a46572b32655074fecf0f
p:  218085.97590615973
5d0a46afddd865915ffecf0f
p:  281024.2792654758
5d0a4754c45d017bd3fecf14
p:  206175.00915722776
5d0a47be16feedd6c1fecf10
p:  148602.5229034735
5d0a47cdddd865915ffecf11
p:  136016.76921712607
5d0a480440950ee40dfecf18
p:  235100.36038571427
5d0a480c16f21939aafecf16
p:  262779.0604591627
5d0a482516f21939aafecf17
p:  194343.85351684765
5d0a4849df5ee7b124fecf15
p:  119544.31526944131
5d0a4865beaaaddb9bfecf17
p:  119544.31526944131
5d0a48b2d4dab7bb72fecf13
p:  203062.5864305034
5d0a48c9ddd865915ffecf14
p:  122677.41867732457
5d0a48d0df5ee7b124fecf17
p:  158447.89891305988
5d0a48ef16feedd6c1fecf15
p:  189802.64948897914
5d0a48ff40950ee40dfecf19
p:  143775.93910477398
5d0a4908d4dab7bb72fecf14
p:  207037.8738164865
5d0a4980df5ee7b124fecf19
p:  201464.01094021063
5d0a4a03d4dab7bb72fecf15
p:  188681.86082256425
5d0a4a0740950ee40dfecf1a
p:  144060.46273695922
5d0a4a1616feedd6c1fecf17
p:  241229.76167023683
5d0a4a46df5ee7b124fecf1a
p:  97830.77876855414
5d0a4b5416f21939aafecf1d
p:  271269.84922541876
5d0a4b8716f21939aafecf1e
p:  293204.68583131675
5d0a4bb02b32655074fecf22
p:  176989.6949431352
5d0a4cd922708b69dffecf15
p:  337481.0599868231
5d0a4f1922708b69dffecf18
p:  193770.7221109667
5d0a4f68df5ee7b124fecf28
p:  384395.1510392967
5d0a4f6a16f21939aafecf27
p:  270708.8316749764
5d0a4fa222708b69dffecf19
p:  195175.83910442042
5d0a501616feedd6c1fecf22
p:  123514.40814629401
5d0a504e22708b69dffecf1a
p:  141910.24931698057
5d0a5076df5ee7b124fecf2a
p:  208020.18333379112
5d0a50ef22708b69dffecf1d
p:  219536.97011223863
5d0a510e22708b69dffecf1e
p:  218009.6961418354
5d0a512122708b69dffecf1f
p:  180486.57196243375
5d0a513722708b69dffecf20
p:  147373.31817341785
5d0a514c22708b69dffecf21
p:  193879.24684754456
5d0a5234df5ee7b124fecf2b
p:  418973.844283594
5d0a5322df5ee7b124fecf30
p:  260990.61986375484
5d0a5354df5ee7b124fecf31
p:  396903.4791472317
5d1c0ae302e1f427a5efbc73
p:  124538.12041290759
5d29c0e2199bf96b6045ad84
p:  329184.84051590174
5d470b4cacae7a72623cb3eb
p:  208278.12859501728
Current date and time: 2020-06-10 15:34:10
Successfully connect to DB.
For ['Aurora', 'Beadle', 'Bennett', 'Bon Homme', 'Brookings', 'Brown', 'Brule', 'Buffalo', 'Butte', 'Campbell', 'Charles Mix', 'Clark', 'Clay', 'Codington', 'Corson', 'Custer', 'Davison', 'Day', 'Deuel', 'Dewey', 'Douglas', 'Edmunds', 'Fall River', 'Faulk', 'Grant', 'Gregory', 'Haakon', 'Hamlin', 'Hand', 'Hanson', 'Harding', 'Hughes', 'Hutchinson', 'Hyde', 'Jackson', 'Jerauld', 'Jones', 'Kingsbury', 'Lake', 'Lawrence', 'Lincoln', 'Lyman', 'Marshall', 'McCook', 'McPherson', 'Meade', 'Mellette', 'Miner', 'Minnehaha', 'Moody', 'Oglala Lakota', 'Pennington', 'Perkins', 'Potter', 'Roberts', 'Sanborn', 'Spink', 'Stanley', 'Sully', 'Todd', 'Tripp', 'Turner', 'Union', 'Walworth', 'Yankton', 'Ziebach']#################################################################
train score for random_forest: 0.9431962604211201
test score for random_forest: 0.5773693881072561
The mean absolute error is:$ 76696.05594758273
r_Score: 0.5951205814145176
Voting Regressor (in): 0.9497446778822636
Voting Regressor: 0.5951205814145176
5d09ac7068613c89dc5aee2c
p:  95094.51027453897
5d09abbafdcb6460a85aee28
p:  157055.16946626027
5d09b086fdcb6460a85aee31
p:  180496.97603732254
5d09c4568d6ebfd0935aee7a
p:  217624.54636133465
5d09abc5785518147e5aee23
p:  111018.5580858237
5d09abe8785518147e5aee24
p:  173694.9070269256
5d09be9d699b701c1c5aee45
p:  325317.4683037461
5d09bdfb2374d31a675aee44
p:  302566.2143188671
5d09c50cace7bbf5475aee5f
p:  258184.20580967155
5d09caec699b701c1c5aee65
p:  230962.2069505831
5d09c7dd699b701c1c5aee59
p:  222507.04292504545
5d09c480ace7bbf5475aee5c
p:  199392.47371775814
5d09c3c9699b701c1c5aee51
p:  302907.2618687131
5d09c25cace7bbf5475aee53
p:  366999.6379403471
5d09ccedace7bbf5475aee6b
p:  225865.2617589198
5d09c522ace7bbf5475aee60
p:  145062.32052668062
5d09c298c2feed0be45aee5a
p:  273545.6042790822
5d09c2e2699b701c1c5aee4c
p:  204307.85035777648
5d09ab0ad7990147de5aee26
p:  234836.47529102542
5d09bd232374d31a675aee40
p:  316590.5421871429
5d09c23fd7990147de5aee60
p:  322507.2634888658
5d09a44568613c89dc5aee1a
p:  151421.9473517193
5d09b474388f6376025aee39
p:  165184.39269384905
5d09b7b18d6ebfd0935aee55
p:  214575.31946549128
5d09b19f8d6ebfd0935aee34
p:  126572.019327606
5d09b6158d6ebfd0935aee4b
p:  210730.9215254552
5d09a4442374d31a675aee1a
p:  577627.2763095375
5d09a9369bd62eb5705aee1e
p:  154230.7833756677
5d09a926c2feed0be45aee23
p:  270486.48569316405
5d09a43ffdcb6460a85aee16
p:  111039.95693902858
5d09abbcace7bbf5475aee21
p:  130949.08827653565
5d09a4ddfdcb6460a85aee1a
p:  200518.2022873527
5d09c1f3699b701c1c5aee4b
p:  254776.35440534845
5d09a6c6fdcb6460a85aee21
p:  146535.48540349986
5d09ad389bd62eb5705aee2a
p:  211779.62840423564
5d09afa7388f6376025aee32
p:  213690.17536718992
5d09c2c0785518147e5aee6c
p:  158437.1375894507
5d09c306785518147e5aee6d
p:  158437.1375894507
5d09c34d785518147e5aee6e
p:  158437.1375894507
5d09c391785518147e5aee6f
p:  158437.1375894507
5d09c3d6785518147e5aee70
p:  158437.1375894507
5d09c41f785518147e5aee71
p:  158437.1375894507
5d09c4ab785518147e5aee73
p:  158437.1375894507
5d09c4f2785518147e5aee74
p:  158437.1375894507
5d09b110dbb316f4455aee2d
p:  172714.6339475368
5d09b9399bd62eb5705aee45
p:  81489.66600826573
5d09b95b9bd62eb5705aee46
p:  81489.66600826573
5d09c7c0699b701c1c5aee58
p:  135683.16950886062
5d09ad1fc2feed0be45aee2f
p:  198009.62872122563
5d09b1ec1cd95646795aee2f
p:  229483.91580537736
5d09a4c68d6ebfd0935aee18
p:  121971.90548825986
5d09a60bc6ed94fefc5aee22
p:  197002.77903320076
5d09b19468613c89dc5aee37
p:  126483.32489783112
5d09bde92374d31a675aee43
p:  227888.42991142627
5d09a7f8c6ed94fefc5aee26
p:  197002.77903320076
5d09b3ecace7bbf5475aee32
p:  169787.32534922316
5d09b6cb1cd95646795aee3a
p:  81360.81726970203
5d09ac34699b701c1c5aee24
p:  241104.96128141673
5d09bd95699b701c1c5aee40
p:  134267.55290783316
5d09cec1ace7bbf5475aee75
p:  181738.3359674068
5d09cacc699b701c1c5aee63
p:  164345.9426569009
5d09b80b8d6ebfd0935aee58
p:  168850.18990111662
5d09b2fffdcb6460a85aee39
p:  111039.95693902858
5d09c6468d6ebfd0935aee80
p:  159439.58268511062
5d09aa73d7990147de5aee25
p:  179867.04513993167
5d09c8c8388f6376025aee66
p:  267627.3677165507
5d09cb988d6ebfd0935aee8d
p:  277277.8819847941
5d09c8f2699b701c1c5aee5b
p:  215235.9312634099
5d09c8cf699b701c1c5aee5a
p:  212016.27666065242
5d09bb1d388f6376025aee40
p:  313595.62265259854
5d09b077ace7bbf5475aee2d
p:  181706.9096979422
5d09ae51fdcb6460a85aee2e
p:  150469.233635569
5d09b741388f6376025aee3b
p:  283661.33002059814
5d09a5ecc6ed94fefc5aee21
p:  230959.67841825692
5d09a645699b701c1c5aee1a
p:  129045.58966313767
5d09bccc388f6376025aee45
p:  259308.74063833928
5d09aff7fdcb6460a85aee2f
p:  128006.67908183456
5d09c981388f6376025aee67
p:  253122.6101241235
5d09a6342374d31a675aee1f
p:  117409.78367505776
5d09a438c6ed94fefc5aee1c
p:  206335.29174311087
5d09ac1cc6ed94fefc5aee2a
p:  194733.73877955915
5d09ae88c2feed0be45aee33
p:  277577.728114497
5d09c1ebace7bbf5475aee4e
p:  194666.23461078727
5d09b7fad7990147de5aee47
p:  240426.00622909848
5d09b352785518147e5aee35
p:  76370.07969537274
5d09bdb6388f6376025aee46
p:  266135.3457746429
5d09c6c28d6ebfd0935aee81
p:  300186.22746072715
5d09be4968613c89dc5aee5d
p:  154173.36263039248
5d09a47dfdcb6460a85aee17
p:  207919.80764078657
5d09ad32ace7bbf5475aee24
p:  131279.19660342846
5d09c282c2feed0be45aee59
p:  154531.9281054247
5d09ce95699b701c1c5aee72
p:  128282.85991090749
5d09b0cffdcb6460a85aee32
p:  205582.53891957464
5d09ab96fdcb6460a85aee27
p:  159402.2679903637
5d09b36e785518147e5aee36
p:  116088.70812505977
5d09b4908d6ebfd0935aee41
p:  204061.46334691247
5d09a8568d6ebfd0935aee1d
p:  235126.43150082286
5d09b463ace7bbf5475aee34
p:  189760.63961405936
5d09c499ace7bbf5475aee5d
p:  151006.94627865654
5d09c4f3ace7bbf5475aee5e
p:  245250.92130318406
5d09ca34699b701c1c5aee5e
p:  143062.24018067884
5d09c952699b701c1c5aee5c
p:  209320.58905271607
5d09bda9699b701c1c5aee41
p:  135210.54459387402
5d09c3f8699b701c1c5aee52
p:  121418.11163530931
5d09caae699b701c1c5aee61
p:  114536.69469745702
5d09c9af699b701c1c5aee5d
p:  234007.83482663627
5d09bfacace7bbf5475aee49
p:  228489.71297396137
5d09c6e4ace7bbf5475aee62
p:  257224.23769571324
5d09c3f7ace7bbf5475aee5b
p:  369617.8283396668
5d09ca89699b701c1c5aee60
p:  145472.87304869443
5d09cabc699b701c1c5aee62
p:  143062.24018067884
5d09c78c699b701c1c5aee57
p:  176854.16971327225
5d09c213ace7bbf5475aee50
p:  315921.07479535195
5d09c8c1ace7bbf5475aee66
p:  244165.2771643298
5d09cd4aace7bbf5475aee6d
p:  208277.17553473482
5d09bddbace7bbf5475aee45
p:  316323.6331465859
5d09c3aec2feed0be45aee5c
p:  174113.84227903248
5d09cadc699b701c1c5aee64
p:  140581.94681023486
5d09c817ace7bbf5475aee65
p:  254058.18178511187
5d09bc94d7990147de5aee51
p:  242940.0589646728
5d09bc6dd7990147de5aee50
p:  242940.0589646728
5d09b84bd7990147de5aee4a
p:  104854.34777599375
5d09a406c2feed0be45aee19
p:  123479.30057767135
5d09ae17fdcb6460a85aee2c
p:  178424.53025602442
5d09b273fdcb6460a85aee37
p:  167709.36542351043
5d09ac37fdcb6460a85aee29
p:  184264.553334859
5d09b14ffdcb6460a85aee33
p:  225460.82445252413
5d09b1e7fdcb6460a85aee35
p:  230504.9094609692
5d09b2bafdcb6460a85aee38
p:  315504.83772206336
5d09adcefdcb6460a85aee2b
p:  196389.0794072954
5d09a87cfdcb6460a85aee23
p:  196173.76664438192
5d09b19cfdcb6460a85aee34
p:  175421.40094619838
5d09ae36fdcb6460a85aee2d
p:  135435.5474138644
5d09a626d7990147de5aee19
p:  171520.15216726623
5d09a990d7990147de5aee23
p:  161244.8240176019
5d09a9bbd7990147de5aee24
p:  218456.7786867763
5d09b6c28d6ebfd0935aee4f
p:  210104.19585181813
5d09bab68d6ebfd0935aee61
p:  214575.31946549128
5d09beba388f6376025aee4d
p:  298141.70127041044
5d09a980388f6376025aee28
p:  251263.43965073006
5d09c01a388f6376025aee52
p:  332329.6164886021
5d09b7e78d6ebfd0935aee57
p:  179988.7297775774
5d09afe3699b701c1c5aee28
p:  93373.4357837407
5d09abd02374d31a675aee2b
p:  207707.67440998973
5d09b246dbb316f4455aee31
p:  287028.58299710974
5d09ae15c6ed94fefc5aee30
p:  199519.44053754635
5d09b7068d6ebfd0935aee51
p:  175410.91941028612
5d09aa599bd62eb5705aee1f
p:  185760.46368726704
5d09b3e79bd62eb5705aee38
p:  207090.19982426302
5d09a8c72374d31a675aee23/home/testapiuser/HouseApp_2/PricePrediction/SDPrice.py:331: SettingWithCopyWarning: 
A value is trying to be set on a copy of a slice from a DataFrame.
Try using .loc[row_indexer,col_indexer] = value instead

See the caveats in the documentation: http://pandas.pydata.org/pandas-docs/stable/indexing.html#indexing-view-versus-copy
  df2['AreaSpace_SQFT'] = df2['AreaSpace_SQFT'].astype(int)
/home/testapiuser/HouseApp_2/PricePrediction/SDPrice.py:343: SettingWithCopyWarning: 
A value is trying to be set on a copy of a slice from a DataFrame.
Try using .loc[row_indexer,col_indexer] = value instead

See the caveats in the documentation: http://pandas.pydata.org/pandas-docs/stable/indexing.html#indexing-view-versus-copy
  df2['Price'] = z1
/home/testapiuser/HouseApp_2/PricePrediction/SDPrice.py:350: SettingWithCopyWarning: 
A value is trying to be set on a copy of a slice from a DataFrame.
Try using .loc[row_indexer,col_indexer] = value instead

See the caveats in the documentation: http://pandas.pydata.org/pandas-docs/stable/indexing.html#indexing-view-versus-copy
  df2['AreaSpace_SQFT'] = z2

p:  201196.2553896404
5d09ada09bd62eb5705aee2c
p:  169649.36872928333
5d09b4312374d31a675aee3a
p:  190177.64343503892
5d09b0a7d7990147de5aee31
p:  113178.38738635287
5d09b3d0d7990147de5aee37
p:  90914.51149833226
5d09b42ad7990147de5aee39
p:  158555.29800432932
5d09af2d9bd62eb5705aee31
p:  183577.5877952341
5d09aa20c6ed94fefc5aee28
p:  252424.7569551439
5d09b055ace7bbf5475aee2c
p:  159621.15822511993
5d09acf2d7990147de5aee29
p:  156684.07504833888
5d09b12e2374d31a675aee35
p:  144864.55306334177
5d09aa591cd95646795aee21
p:  173299.6455141719
5d09b5bc68613c89dc5aee42
p:  223669.20108255706
5d09b3f3d7990147de5aee38
p:  218717.2185840923
5d09aa5768613c89dc5aee25
p:  129111.63284620977
5d09af4cace7bbf5475aee2a
p:  135060.69292945415
5d09b02dace7bbf5475aee2b
p:  508375.62803166884
5d09b205ace7bbf5475aee2f
p:  187691.2175015938
5d09b04268613c89dc5aee35
p:  132199.22175582423
5d09aded2374d31a675aee2c
p:  229997.8384456479
5d09a85d2374d31a675aee22
p:  146949.19430618116
5d09b5211cd95646795aee35
p:  112557.77930342528
5d09aa991cd95646795aee22
p:  281332.7376337094
5d09afae699b701c1c5aee27
p:  126807.93105211738
5d09b36e699b701c1c5aee30
p:  159132.11529701005
5d09b462d7990147de5aee3a
p:  173911.2794366232
5d09b2b568613c89dc5aee3b
p:  317029.7988795854
5d09ab449bd62eb5705aee20
p:  126807.93105211738
5d09ac4bace7bbf5475aee22
p:  155028.40553261782
5d09b28868613c89dc5aee39
p:  119660.1936700095
5d09b3e52374d31a675aee39
p:  190111.72333516832
5d09af92d7990147de5aee2e
p:  117575.7505550693
5d09b1c41cd95646795aee2e
p:  202766.96572690562
5d09b3608d6ebfd0935aee3c
p:  223147.19060004008
5d09b0608d6ebfd0935aee2c
p:  281074.2837242597
5d09b14cd7990147de5aee34
p:  118859.62315155621
5d09b193d7990147de5aee35
p:  131127.89140329784
5d09b23a68613c89dc5aee38
p:  142715.5233630781
5d09afb9d7990147de5aee2f
p:  129945.63122146047
5d09b3789bd62eb5705aee36
p:  112225.24760980466
5d09b321ace7bbf5475aee31
p:  247521.49102652844
5d09ab722374d31a675aee2a
p:  171490.80820068048
5d09b35c2374d31a675aee38
p:  165001.44673220656
5d09a46c9bd62eb5705aee17
p:  224086.61557012046
5d0a452a40950ee40dfecf0f
p:  131769.70012415654
5d0a45f716f21939aafecf10
p:  100671.33132622804
5d0a464abeaaaddb9bfecf12
p:  270068.7625401107
5d0a46572b32655074fecf0f
p:  238139.89580660214
5d0a46afddd865915ffecf0f
p:  257775.2998918323
5d0a4754c45d017bd3fecf14
p:  215828.78855103033
5d0a47be16feedd6c1fecf10
p:  148073.82424931682
5d0a47cdddd865915ffecf11
p:  146535.48540349986
5d0a480440950ee40dfecf18
p:  228760.47004477872
5d0a480c16f21939aafecf16
p:  260106.67055126335
5d0a482516f21939aafecf17
p:  199442.17227256804
5d0a4849df5ee7b124fecf15
p:  127897.96535197843
5d0a4865beaaaddb9bfecf17
p:  127897.96535197843
5d0a48b2d4dab7bb72fecf13
p:  199694.1436699349
5d0a48c9ddd865915ffecf14
p:  128006.67908183456
5d0a48d0df5ee7b124fecf17
p:  161591.26753635542
5d0a48ef16feedd6c1fecf15
p:  198503.30054006074
5d0a48ff40950ee40dfecf19
p:  156652.08484922763
5d0a4908d4dab7bb72fecf14
p:  207603.16493094323
5d0a4980df5ee7b124fecf19
p:  206199.33154372993
5d0a4a03d4dab7bb72fecf15
p:  189922.01734217152
5d0a4a0740950ee40dfecf1a
p:  145811.13748099137
5d0a4a1616feedd6c1fecf17
p:  251067.69162728632
5d0a4a46df5ee7b124fecf1a
p:  97770.9403022078
5d0a4b5416f21939aafecf1d
p:  270993.68295043707
5d0a4b8716f21939aafecf1e
p:  303119.28300660045
5d0a4bb02b32655074fecf22
p:  174494.80781807116
5d0a4cd922708b69dffecf15
p:  325743.0037127229
5d0a4f1922708b69dffecf18
p:  189553.07258768423
5d0a4f68df5ee7b124fecf28
p:  378620.5736499773
5d0a4f6a16f21939aafecf27
p:  265318.6925704706
5d0a4fa222708b69dffecf19
p:  183788.87580250844
5d0a501616feedd6c1fecf22
p:  124859.55954774097
5d0a504e22708b69dffecf1a
p:  149134.62530143996
5d0a5076df5ee7b124fecf2a
p:  207605.98949262535
5d0a50ef22708b69dffecf1d
p:  224560.99386749638
5d0a510e22708b69dffecf1e
p:  221477.23895943258
5d0a512122708b69dffecf1f
p:  190597.06410026617
5d0a513722708b69dffecf20
p:  150703.47600977647
5d0a514c22708b69dffecf21
p:  195045.86123663848
5d0a5234df5ee7b124fecf2b
p:  435340.70939005655
5d0a5322df5ee7b124fecf30
p:  265361.89619242057
5d0a5354df5ee7b124fecf31
p:  389727.53144238726
5d1c0ae302e1f427a5efbc73
p:  149000.04466041678
5d29c0e2199bf96b6045ad84
p:  329410.14389101916
5d470b4cacae7a72623cb3eb
p:  189047.01822972205
Current date and time: 2020-06-11 15:34:11
Successfully connect to DB.
For ['Aurora', 'Beadle', 'Bennett', 'Bon Homme', 'Brookings', 'Brown', 'Brule', 'Buffalo', 'Butte', 'Campbell', 'Charles Mix', 'Clark', 'Clay', 'Codington', 'Corson', 'Custer', 'Davison', 'Day', 'Deuel', 'Dewey', 'Douglas', 'Edmunds', 'Fall River', 'Faulk', 'Grant', 'Gregory', 'Haakon', 'Hamlin', 'Hand', 'Hanson', 'Harding', 'Hughes', 'Hutchinson', 'Hyde', 'Jackson', 'Jerauld', 'Jones', 'Kingsbury', 'Lake', 'Lawrence', 'Lincoln', 'Lyman', 'Marshall', 'McCook', 'McPherson', 'Meade', 'Mellette', 'Miner', 'Minnehaha', 'Moody', 'Oglala Lakota', 'Pennington', 'Perkins', 'Potter', 'Roberts', 'Sanborn', 'Spink', 'Stanley', 'Sully', 'Todd', 'Tripp', 'Turner', 'Union', 'Walworth', 'Yankton', 'Ziebach']#################################################################
train score for random_forest: 0.9445963478708649
test score for random_forest: 0.5796655081408396
The mean absolute error is:$ 76461.48403540252
r_Score: 0.6031845651731234
Voting Regressor (in): 0.9499182409448647
Voting Regressor: 0.6031845651731234
5d09ac7068613c89dc5aee2c
p:  100961.37782790686
5d09abbafdcb6460a85aee28
p:  162120.45081271895
5d09b086fdcb6460a85aee31
p:  183689.93414396318
5d09c4568d6ebfd0935aee7a
p:  209358.20858511317
5d09abc5785518147e5aee23
p:  112017.7390930774
5d09abe8785518147e5aee24
p:  182274.81925840484
5d09be9d699b701c1c5aee45
p:  330117.29913550674
5d09bdfb2374d31a675aee44
p:  300875.2756686114
5d09c50cace7bbf5475aee5f
p:  258623.96117199893
5d09caec699b701c1c5aee65
p:  220994.35917637992
5d09c7dd699b701c1c5aee59
p:  217785.96187950333
5d09c480ace7bbf5475aee5c
p:  204833.44082082348
5d09c3c9699b701c1c5aee51
p:  309320.5600331981
5d09c25cace7bbf5475aee53
p:  428738.2412266905
5d09ccedace7bbf5475aee6b
p:  232819.3656962303
5d09c522ace7bbf5475aee60
p:  150232.3708203364
5d09c298c2feed0be45aee5a
p:  293348.19929366553
5d09c2e2699b701c1c5aee4c
p:  199148.35887916456
5d09ab0ad7990147de5aee26
p:  243977.44975422323
5d09bd232374d31a675aee40
p:  293488.19334142643
5d09c23fd7990147de5aee60
p:  289760.52637694357
5d09a44568613c89dc5aee1a
p:  149740.58829680082
5d09b474388f6376025aee39
p:  168059.1664761611
5d09b7b18d6ebfd0935aee55
p:  209849.30727861164
5d09b19f8d6ebfd0935aee34
p:  121507.23729414913
5d09b6158d6ebfd0935aee4b
p:  210282.29646543262
5d09a4442374d31a675aee1a
p:  526630.5552002245
5d09a9369bd62eb5705aee1e
p:  153677.0189050818
5d09a926c2feed0be45aee23
p:  258168.15306853835
5d09a43ffdcb6460a85aee16
p:  103579.72124066747
5d09abbcace7bbf5475aee21
p:  130281.71536072883
5d09a4ddfdcb6460a85aee1a
p:  199015.0442886569
5d09c1f3699b701c1c5aee4b
p:  269302.28199380304
5d09a6c6fdcb6460a85aee21
p:  151544.85003885368
5d09ad389bd62eb5705aee2a
p:  187373.16208308525
5d09afa7388f6376025aee32
p:  214588.56950898236
5d09c2c0785518147e5aee6c
p:  154378.2578462467
5d09c306785518147e5aee6d
p:  154378.2578462467
5d09c34d785518147e5aee6e
p:  154378.2578462467
5d09c391785518147e5aee6f
p:  154378.2578462467
5d09c3d6785518147e5aee70
p:  154378.2578462467
5d09c41f785518147e5aee71
p:  154378.2578462467
5d09c4ab785518147e5aee73
p:  154378.2578462467
5d09c4f2785518147e5aee74
p:  154378.2578462467
5d09b110dbb316f4455aee2d
p:  170293.38740670407
5d09b9399bd62eb5705aee45
p:  91347.95728076198
5d09b95b9bd62eb5705aee46
p:  91347.95728076198
5d09c7c0699b701c1c5aee58
p:  141004.31714464727
5d09ad1fc2feed0be45aee2f
p:  194627.4921899929
5d09b1ec1cd95646795aee2f
p:  277750.3289263272
5d09a4c68d6ebfd0935aee18
p:  114723.28126508839
5d09a60bc6ed94fefc5aee22
p:  193731.76855245806
5d09b19468613c89dc5aee37
p:  121289.26241491993
5d09bde92374d31a675aee43
p:  233809.67421189946
5d09a7f8c6ed94fefc5aee26
p:  193731.76855245806
5d09b3ecace7bbf5475aee32
p:  168638.30435100183
5d09b6cb1cd95646795aee3a
p:  80098.80512567665
5d09ac34699b701c1c5aee24
p:  244471.29925289567
5d09bd95699b701c1c5aee40
p:  139640.87393466238
5d09cec1ace7bbf5475aee75
p:  180669.38630051698
5d09cacc699b701c1c5aee63
p:  178261.90546733578
5d09b80b8d6ebfd0935aee58
p:  170008.55763952236
5d09b2fffdcb6460a85aee39
p:  103579.72124066747
5d09c6468d6ebfd0935aee80
p:  170078.90914563218
5d09aa73d7990147de5aee25
p:  178688.15744618088
5d09c8c8388f6376025aee66
p:  258803.50851641546
5d09cb988d6ebfd0935aee8d
p:  288244.1334805395
5d09c8f2699b701c1c5aee5b
p:  229078.59157962096
5d09c8cf699b701c1c5aee5a
p:  212982.03384952364
5d09bb1d388f6376025aee40
p:  311553.2339027571
5d09b077ace7bbf5475aee2d
p:  169289.09410678985
5d09ae51fdcb6460a85aee2e
p:  156459.98020946962
5d09b741388f6376025aee3b
p:  279416.704811811
5d09a5ecc6ed94fefc5aee21
p:  216935.542257905
5d09a645699b701c1c5aee1a
p:  134388.90575532097
5d09bccc388f6376025aee45
p:  248906.88051285932
5d09aff7fdcb6460a85aee2f
p:  131709.24531856825
5d09c981388f6376025aee67
p:  226158.19147546275
5d09a6342374d31a675aee1f
p:  127147.66427580788
5d09a438c6ed94fefc5aee1c
p:  215819.07258977738
5d09ac1cc6ed94fefc5aee2a
p:  201617.77507702657
5d09ae88c2feed0be45aee33
p:  295392.8506800784
5d09c1ebace7bbf5475aee4e
p:  146983.29339579312
5d09b7fad7990147de5aee47
p:  238320.1228133299
5d09b352785518147e5aee35
p:  70764.52334456527
5d09bdb6388f6376025aee46
p:  245125.1206441021
5d09c6c28d6ebfd0935aee81
p:  338245.1594580454
5d09be4968613c89dc5aee5d
p:  152138.93111113133
5d09a47dfdcb6460a85aee17
p:  211740.71258673602
5d09ad32ace7bbf5475aee24
p:  129347.31928403927
5d09c282c2feed0be45aee59
p:  161648.60349559144
5d09ce95699b701c1c5aee72
p:  132313.6642768585
5d09b0cffdcb6460a85aee32
p:  207915.55395909993
5d09ab96fdcb6460a85aee27
p:  159094.1218259558
5d09b36e785518147e5aee36
p:  135029.0688586967
5d09b4908d6ebfd0935aee41
p:  200545.00888816157
5d09a8568d6ebfd0935aee1d
p:  242452.9179605724
5d09b463ace7bbf5475aee34
p:  191408.7292917048
5d09c499ace7bbf5475aee5d
p:  128077.1035963887
5d09c4f3ace7bbf5475aee5e
p:  256427.1478591333
5d09ca34699b701c1c5aee5e
p:  161694.90254165293
5d09c952699b701c1c5aee5c
p:  200198.6418439868
5d09bda9699b701c1c5aee41
p:  134052.85601939983
5d09c3f8699b701c1c5aee52
p:  120706.88259323017
5d09caae699b701c1c5aee61
p:  113462.08747684359
5d09c9af699b701c1c5aee5d
p:  229626.52356200846
5d09bfacace7bbf5475aee49
p:  227154.8772221445
5d09c6e4ace7bbf5475aee62
p:  236617.58818714795
5d09c3f7ace7bbf5475aee5b
p:  365864.35345407284
5d09ca89699b701c1c5aee60
p:  147330.12326806042
5d09cabc699b701c1c5aee62
p:  161753.44448812678
5d09c78c699b701c1c5aee57
p:  166493.26961124444
5d09c213ace7bbf5475aee50
p:  319497.41158126155
5d09c8c1ace7bbf5475aee66
p:  244017.5375865575
5d09cd4aace7bbf5475aee6d
p:  215039.69066850372
5d09bddbace7bbf5475aee45
p:  328043.7954483656
5d09c3aec2feed0be45aee5c
p:  147886.69590253994
5d09cadc699b701c1c5aee64
p:  133389.74765864608
5d09c817ace7bbf5475aee65
p:  254427.04602938564
5d09bc94d7990147de5aee51
p:  254987.26792476428
5d09bc6dd7990147de5aee50
p:  254987.26792476428
5d09b84bd7990147de5aee4a
p:  104565.62237348135
5d09a406c2feed0be45aee19
p:  118937.0410365882
5d09ae17fdcb6460a85aee2c
p:  179679.00827167107
5d09b273fdcb6460a85aee37
p:  168952.28480711265
5d09ac37fdcb6460a85aee29
p:  208472.46342828235
5d09b14ffdcb6460a85aee33
p:  228125.12335930983
5d09b1e7fdcb6460a85aee35
p:  227736.8565256843
5d09b2bafdcb6460a85aee38
p:  290695.479586432
5d09adcefdcb6460a85aee2b
p:  198825.17351561255
5d09a87cfdcb6460a85aee23
p:  196833.49949756113
5d09b19cfdcb6460a85aee34
p:  149711.1270809733
5d09ae36fdcb6460a85aee2d
p:  140182.75004531388
5d09a626d7990147de5aee19
p:  172504.1087044903
5d09a990d7990147de5aee23
p:  153250.05012113717
5d09a9bbd7990147de5aee24
p:  222927.427180189
5d09b6c28d6ebfd0935aee4f
p:  208918.54113715567
5d09bab68d6ebfd0935aee61
p:  209849.30727861164
5d09beba388f6376025aee4d
p:  299713.3040954978
5d09a980388f6376025aee28
p:  249143.31358488768
5d09c01a388f6376025aee52
p:  318300.73937589873
5d09b7e78d6ebfd0935aee57
p:  183286.01627811074
5d09afe3699b701c1c5aee28
p:  95285.03226180669
5d09abd02374d31a675aee2b
p:  208660.54868077926
5d09b246dbb316f4455aee31
p:  294104.48255942995
5d09ae15c6ed94fefc5aee30
p:  197041.72025650044
5d09b7068d6ebfd0935aee51
p:  174818.40194395062
5d09aa599bd62eb5705aee1f
p:  207906.51569443353
5d09b3e79bd62eb5705aee38
p:  204965.9386894995
5d09a8c72374d31a675aee23/home/testapiuser/HouseApp_2/PricePrediction/SDPrice.py:331: SettingWithCopyWarning: 
A value is trying to be set on a copy of a slice from a DataFrame.
Try using .loc[row_indexer,col_indexer] = value instead

See the caveats in the documentation: http://pandas.pydata.org/pandas-docs/stable/indexing.html#indexing-view-versus-copy
  df2['AreaSpace_SQFT'] = df2['AreaSpace_SQFT'].astype(int)
/home/testapiuser/HouseApp_2/PricePrediction/SDPrice.py:343: SettingWithCopyWarning: 
A value is trying to be set on a copy of a slice from a DataFrame.
Try using .loc[row_indexer,col_indexer] = value instead

See the caveats in the documentation: http://pandas.pydata.org/pandas-docs/stable/indexing.html#indexing-view-versus-copy
  df2['Price'] = z1
/home/testapiuser/HouseApp_2/PricePrediction/SDPrice.py:350: SettingWithCopyWarning: 
A value is trying to be set on a copy of a slice from a DataFrame.
Try using .loc[row_indexer,col_indexer] = value instead

See the caveats in the documentation: http://pandas.pydata.org/pandas-docs/stable/indexing.html#indexing-view-versus-copy
  df2['AreaSpace_SQFT'] = z2

p:  200683.43795686192
5d09ada09bd62eb5705aee2c
p:  168056.36016907575
5d09b4312374d31a675aee3a
p:  188581.10539567302
5d09b0a7d7990147de5aee31
p:  110244.04821246155
5d09b3d0d7990147de5aee37
p:  102390.5323704137
5d09b42ad7990147de5aee39
p:  162672.4480475732
5d09af2d9bd62eb5705aee31
p:  187803.35452112375
5d09aa20c6ed94fefc5aee28
p:  243657.55761656884
5d09b055ace7bbf5475aee2c
p:  153162.67210365026
5d09acf2d7990147de5aee29
p:  142378.5107369004
5d09b12e2374d31a675aee35
p:  140941.46306999942
5d09aa591cd95646795aee21
p:  169552.86699901888
5d09b5bc68613c89dc5aee42
p:  226992.7919011072
5d09b3f3d7990147de5aee38
p:  187172.4447997443
5d09aa5768613c89dc5aee25
p:  127950.18858865801
5d09af4cace7bbf5475aee2a
p:  136665.67287289342
5d09b02dace7bbf5475aee2b
p:  483138.81740322546
5d09b205ace7bbf5475aee2f
p:  189833.8624135609
5d09b04268613c89dc5aee35
p:  128265.67235732917
5d09aded2374d31a675aee2c
p:  209693.9281038781
5d09a85d2374d31a675aee22
p:  145878.8077727108
5d09b5211cd95646795aee35
p:  119767.45030695945
5d09aa991cd95646795aee22
p:  291814.41566549835
5d09afae699b701c1c5aee27
p:  127858.52946760289
5d09b36e699b701c1c5aee30
p:  161667.11771201092
5d09b462d7990147de5aee3a
p:  156552.4387143441
5d09b2b568613c89dc5aee3b
p:  324922.32721590425
5d09ab449bd62eb5705aee20
p:  127858.52946760289
5d09ac4bace7bbf5475aee22
p:  152748.50153428566
5d09b28868613c89dc5aee39
p:  107748.81795366254
5d09b3e52374d31a675aee39
p:  181917.08555619838
5d09af92d7990147de5aee2e
p:  112151.4864980002
5d09b1c41cd95646795aee2e
p:  198087.5668000033
5d09b3608d6ebfd0935aee3c
p:  215105.70498232363
5d09b0608d6ebfd0935aee2c
p:  276412.9776585237
5d09b14cd7990147de5aee34
p:  116682.36412685306
5d09b193d7990147de5aee35
p:  128616.7360806751
5d09b23a68613c89dc5aee38
p:  142794.72548015657
5d09afb9d7990147de5aee2f
p:  132531.36838336298
5d09b3789bd62eb5705aee36
p:  10