Current date and time: 2020-06-07 15:34:20
Successfully connect to DB.
For ['Anderson', 'Blount', 'Campbell', 'Carter', 'Claiborne', 'Cocke', 'Grainger', 'Greene', 'Hamblen', 'Hancock', 'Hawkins', 'Jefferson', 'Johnson', 'Knox', 'Loudon', 'Monroe', 'Morgan', 'Roane', 'Scott', 'Sevier', 'Sullivan', 'Unicoi', 'Union', 'Washington']#################################################################
train score for random_forest: 0.9347909562171463
test score for random_forest: 0.6095409738851261
The mean absolute error is:$ 110149.79254848305
r_Score: 0.6302047688016895
Voting Regressor (in): 0.924750835396402
Voting Regressor: 0.6302047688016894
5d0e71b719f56a0d5b8f8cd3
p:  176060.08541863674
5d1c58690a1cbc8e6fefbcb9
p:  139365.39012576168
5d2b4a4e47cfe46363877b90
p:  267243.8354203481
5d3e6e88f046cd7a6407b598
p:  229229.2884700477
5d41a79051eb9031b62f9ddc
p:  117041.99722677656
5d41b966fe721277b32f9db9
p:  209238.9750880549
5d41d30e2fc141f3692f9e0c
p:  76299.34019111414
5d41d38b50914cd6572f9e46
p:  85641.36495381017
5d41d40150914cd6572f9e4a
p:  337582.71525883744
5d41d4292fc141f3692f9e0d
p:  83663.7085526514
5d41d45a2fc141f3692f9e0e
p:  147727.2605370485
5d41d4f32fc141f3692f9e0f
p:  202797.3808220324
5d41d53e50914cd6572f9e52
p:  122994.17719178896
5d41d62b50914cd6572f9e58
p:  131874.32106707094
5d41d6322fc141f3692f9e11
p:  147239.25305995755
5d41d70150914cd6572f9e5d
p:  114319.48554601122
5d41d76c968e871dda2f9e2f
p:  104006.1095062599
5d41d7a050914cd6572f9e61
p:  181731.8728313939
5d41d7b7968e871dda2f9e31
p:  105009.11048749089
5d41d8222fc141f3692f9e14
p:  161155.7196640618
5d41d86b50914cd6572f9e65
p:  100701.16405480995
5d41d9092fc141f3692f9e15
p:  115425.5807312367
5d41d9a550914cd6572f9e6e
p:  67039.2743513454
5d41db962fc141f3692f9e19
p:  76535.02423876546
5d41dc84efdfe892e32f9e62
p:  95996.56369841323
5d41dd5a2fc141f3692f9e21
p:  256826.3381597688
5d41de0fc2a68f303a2f9e3a
p:  88478.31428526339
5d41df4c2fc141f3692f9e24
p:  97454.22467026778
5d41e056c2a68f303a2f9e43
p:  176178.9961482986
5d41e0b5968e871dda2f9e4a
p:  229182.98454558855
5d41e12c2fc141f3692f9e26
p:  66056.18303145292
5d41e13a968e871dda2f9e4c
p:  196192.04246474872
5d41e1c42fc141f3692f9e28
p:  96556.18556749377
5d41e1f32fc141f3692f9e29
p:  170019.9533965997
5d41e2562fc141f3692f9e2a
p:  133712.5589478521
5d41e25dc2a68f303a2f9e4b
p:  198579.1749810112
5d41e26f2ef9443f632f9ec6
p:  139266.2045154948
5d41e2f22fc141f3692f9e2c
p:  140683.27755034802
5d41e55ffe721277b32f9e1f
p:  107978.39217872304
5d41e62d50914cd6572f9ebc
p:  136108.74785205815
5d41e84150914cd6572f9ec9
p:  167436.70640491386
5d41e8b650914cd6572f9ecc
p:  156316.8163821058
5d41ea855059a34d102f9f05
p:  183252.8339151065
5d41eaab5059a34d102f9f06
p:  204786.10457679396
5d41eb3c761b8fa98e2f9f13
p:  121336.3776596377
5d41eb472fc141f3692f9e3b
p:  75218.87390139987
5d41eb6a5059a34d102f9f0d
p:  198649.07952160173
5d41eb88efdfe892e32f9e84
p:  95885.94156250395
5d41ec1a5059a34d102f9f13
p:  134423.12680899713
5d41ec25efdfe892e32f9e87
p:  101204.42801242956
5d41ec6d1f445c32ba2f9f71
p:  60095.10766647766
5d41eca02fc141f3692f9e48
p:  140683.27755034802
5d41eca35059a34d102f9f19
p:  190958.80660911556
5d41eccb5059a34d102f9f1a
p:  128532.26582231805
5d41ecee2fc141f3692f9e4a
p:  1441954.104750953
5d41edd8f6c489720e2f9e80
p:  264179.6003196256
5d41eeb0f6c489720e2f9e81
p:  213195.2838446278
5d41ef51af3d6afbe62f9e77
p:  245258.47950903705
5d41efbb761b8fa98e2f9f1d
p:  255799.07363884957
5d41f02650914cd6572f9eeb
p:  205305.92121607898
5d41f24ffe721277b32f9e3e
p:  143688.21940659775
5d41f292fe721277b32f9e41
p:  211107.3744168103
5d41f2adfe721277b32f9e42
p:  146843.56402612626
5d41f307fe721277b32f9e45
p:  109906.49192565159
5d41f32ffe721277b32f9e46
p:  163746.00731490314
5d41f4e5f6c489720e2f9e93
p:  103304.325830916
5d41f607761b8fa98e2f9f47
p:  110130.64778574358
5d41f6a6761b8fa98e2f9f55
p:  183209.97532125347
5d41f7652fc141f3692f9e66
p:  124505.83903120211
5d41f7a5fe721277b32f9e6b
p:  188411.8015655324
5d41f804ef069a886a2f9ea8
p:  139855.6811573655
5d41f842ef069a886a2f9eaa
p:  225349.77832430234
5d41fa4cfe721277b32f9e71
p:  209247.02140201797
5d41fc4e1f445c32ba2f9f9d
p:  174820.5073362519
5d41fcb6fe721277b32f9e7c
p:  225955.31809221403
5d41fcfc50914cd6572f9f0b
p:  220336.32219865412
5d41fe70fe721277b32f9e84
p:  181607.99815001158
5d41ff1bef069a886a2f9eb6
p:  202113.0604540474
5d41ff391f445c32ba2f9fab
p:  258867.55332797632
5d41ffd82fc141f3692f9e75
p:  267212.3651579408
5d42010a2fc141f3692f9e76
p:  167201.19066429144
5d420170c2a68f303a2f9ea3
p:  502051.9534456927
5d4201dbc2a68f303a2f9eaa
p:  218179.94025506062
5d4201e2f6c489720e2f9eb2
p:  112738.74404422069
5d4202055059a34d102f9f85
p:  186099.03081044822
5d420302c2a68f303a2f9ebc
p:  107958.16705887893
5d42030cc2a68f303a2f9ebd
p:  81966.54333901356
5d42033a2fc141f3692f9e7e
p:  198685.67641326218
5d420392fe721277b32f9e8d
p:  232419.56368647842
5d4203ca2fc141f3692f9e7f
p:  172245.50568308466
5d4204c6efdfe892e32f9ec2
p:  72852.71697858258
5d420556c2a68f303a2f9eeb
p:  161231.89916489355
5d420598f6c489720e2f9ebb
p:  136899.04544427033
5d4205e5c2a68f303a2f9ef3
p:  502689.8840873189
5d420628ef069a886a2f9eca
p:  180306.00967594457
5d42071ff6c489720e2f9ebf
p:  63075.86400508138
5d42081d968e871dda2f9ea2
p:  162890.79410537076
5d42082150914cd6572f9f2e
p:  233873.63692235813
5d42084aaf3d6afbe62f9f29
p:  218045.1616107022
5d4208b62ef9443f632f9f22
p:  140489.16157777543
5d4208d6c2a68f303a2f9f25
p:  172151.50923760133
5d4208dec2a68f303a2f9f26
p:  251028.00785000538
5d4208e72ef9443f632f9f24
p:  261153.7689877379
5d4209cd2fc141f3692f9e88
p:  392725.8367237695
5d4209f82ef9443f632f9f27
p:  209875.91652842183
5d420a9b2fc141f3692f9e8f
p:  228233.93290637882
5d420aa8efdfe892e32f9ecf
p:  568601.264484365
5d420ba4fe721277b32f9e9c
p:  95534.86713834055
5d420c252ef9443f632f9f2d
p:  114802.21252474442
5d420d46ef069a886a2f9ee1
p:  360550.27846820094
5d420d5550914cd6572f9f41
p:  213043.36622276081
5d420e29ef069a886a2f9ee5
p:  191530.6746703129
5d420e4d41a90110252f9eb8
p:  214110.5178259213
5d420e632ef9443f632f9f32
p:  111691.46959527908
5d420edec2a68f303a2f9f7d
p:  244884.32395277423
5d420f2af6c489720e2f9ed6
p:  307188.3378712343
5d420fd7f6c489720e2f9eda
p:  226334.77879677177
5d4210072ef9443f632f9f35
p:  267823.03433834005
5d42104ef6c489720e2f9edd
p:  194714.3743962724
5d421077761b8fa98e2f9f8d
p:  121742.70689540112
5d4210ad2ef9443f632f9f38
p:  278170.97736510506
5d4210c9f6c489720e2f9ee0
p:  148129.6054002824
5d421135761b8fa98e2f9f8f
p:  109778.04585729084
5d421166761b8fa98e2f9f90
p:  388637.0139759218
5d421207968e871dda2f9ebc
p:  236769.09840562893
5d421212f6c489720e2f9ee3
p:  169632.98350223404
5d4212342ef9443f632f9f3e
p:  206959.62416319211
5d421262c2a68f303a2f9f85
p:  368460.0106392773
5d4212b0761b8fa98e2f9f91
p:  321322.08264111297
5d42138aaf3d6afbe62f9f9b
p:  310398.3439657894
5d4214095059a34d102f9fc0
p:  176482.50596882054
5d4215e9f6c489720e2f9eeb
p:  207901.22471118293
5d4217b0761b8fa98e2f9fa0
p:  163074.314991014
5d4217c81f445c32ba2fa02e
p:  166357.2976427363
5d4217e5761b8fa98e2f9fa1
p:  163507.16433393906
5d4217eb968e871dda2f9ec9
p:  140200.59815627927
5d4218f25059a34d102f9fc7
p:  102990.46484686215
5d421920c2a68f303a2f9f92
p:  221543.69573977924
5d42198bfe721277b32f9eb7
p:  557529.6372517375
5d4219c9fe721277b32f9eb8
p:  227205.18799882726
5d421a5befdfe892e32f9efa
p:  183885.57774227852
5d421b00f6c489720e2f9ef8
p:  268965.24391593615
5d421c57968e871dda2f9ed7
p:  100626.87609176603
5d421cac2fc141f3692f9ebb
p:  122809.1222644635
5d421d99c2a68f303a2f9f9a
p:  339046.53756354563
5d421dc72ef9443f632f9f5c
p:  200681.24495545702
5d421f5e2ef9443f632f9f62
p:  201855.45937624451
5d421f8a2ef9443f632f9f63
p:  118343.55582293178
5d421ff5c2a68f303a2f9fa1
p:  304031.9358860574
5d422065fe721277b32f9ec6
p:  237084.2326991179
5d42208bc2a68f303a2f9fa2
p:  208886.42677598755
5d4220fcfe721277b32f9ec9
p:  266992.9888389734
5d42214c2ef9443f632f9f6b
p:  191983.59126615227
5d42221a2ef9443f632f9f6e
p:  104961.50785981907
5d4222b4815ded12652f9f3e
p:  206816.8999203608
5d4222faf6c489720e2f9f0e
p:  114391.105797375
5d42234cf6c489720e2f9f10
p:  214829.49284711163
5d42238ef6c489720e2f9f12
p:  213340.64578864537
5d4223b32ef9443f632f9f73
p:  113132.46451448389
5d4225032ef9443f632f9f77
p:  113132.46451448389
5d4225dd41a90110252f9eec
p:  134626.87337112156
5d4226132bf577e9662f9f12
p:  222189.86898693684
5d4227432bf577e9662f9f18
p:  110055.89298159111
5d4227e5815ded12652f9f45
p:  161943.94439398558
5d4228172ef9443f632f9f83
p:  113132.46451448389
5d422840efdfe892e32f9f1c
p:  198468.77915929275
5d42299bc2a68f303a2f9fb3
p:  156474.26425320943
5d422a50815ded12652f9f4c
p:  346324.67844160344
5d422afb761b8fa98e2f9fcf
p:  288403.40103651164
5d422bee2ef9443f632f9f8e
p:  130001.82855372012
5d422ca751eb9031b62f9f16
p:  156602.12700491713
5d4238bc50914cd6572f9f90
p:  254226.46331594727
5d4239211f445c32ba2fa06f
p:  132404.74891033035
5d423a9350914cd6572f9f92
p:  209430.22354019497
5d423d241f445c32ba2fa082
p:  299936.5373939727
5d423dc8761b8fa98e2f9ffb
p:  217894.2890821548
5d423e291f445c32ba2fa088
p:  141444.99450549477
5d423edf1f445c32ba2fa08b
p:  149433.87636082876
5d423f232ef9443f632f9fb6
p:  295040.3915328431
5d423f7eaf3d6afbe62fa015
p:  207239.8238978814
5d423f851f445c32ba2fa08e
p:  263684.85155475815
5d4240d31f445c32ba2fa092
p:  175486.83109594064
5d42411ac2a68f303a2f9fe9
p:  114067.6484900219
5d424154c2a68f303a2f9feb
p:  192073.88625112525
5d4241acc2a68f303a2f9fee
p:  205262.83306807413
5d424280c2a68f303a2f9fef
p:  103614.7437108345
5d42431b761b8fa98e2fa002
p:  111446.63890736399
5d42431d41a90110252f9f3f
p:  114796.03041466093
5d424329815ded12652f9f82
p:  115482.29326440225
5d42434bc2a68f303a2f9ff3
p:  112320.84631477052
5d42439241a90110252f9f40
p:  129802.04178853078
5d4243925059a34d102fa028
p:  135074.8975790677
5d4243a941a90110252f9f41
p:  209432.96382440685
5d4243d641a90110252f9f42
p:  114796.03041466093
5d42446d815ded12652f9f86
p:  121093.38193567394
5d4244745059a34d102fa02a
p:  181115.55843985773
5d42447841a90110252f9f44
p:  187322.68119321865
5d424485c2a68f303a2f9ff6
p:  98515.82905766246
5d4244a941a90110252f9f46
p:  218750.08529835913
5d4244ad815ded12652f9f87
p:  105809.65201253616
5d4244bc2fc141f3692f9f14
p:  159796.71335430242
5d4244f3968e871dda2f9f35
p:  189619.37973325452
5d424528968e871dda2f9f37
p:  236977.86326886373
5d42453f2fc141f3692f9f16
p:  221448.7783353874
5d4245712fc141f3692f9f17
p:  286615.02540147305
5d42458d968e871dda2f9f38
p:  245992.24325612752
5d4245a72ef9443f632f9fc1
p:  473958.45220582664
5d42469a968e871dda2f9f3a
p:  214314.13585786088
5d4246bf815ded12652f9f8b
p:  126655.34528433779
5d4246c951eb9031b62f9f50
p:  338746.4022272483
5d42470451eb9031b62f9f51
p:  254454.22053819522
5d4247142ef9443f632f9fc7
p:  323569.8929156407
5d424724815ded12652f9f8e
p:  142993.48334737204
5d42473bc2a68f303a2f9ffd
p:  92796.57847130968
5d42477b815ded12652f9f8f
p:  101458.38890748312
5d424783968e871dda2f9f3c
p:  90007.188437008
5d424798c2a68f303a2f9fff
p:  123076.89718515269
5d4247a3761b8fa98e2fa00d
p:  262764.6646348594
5d4247c8815ded12652f9f90
p:  96223.03807158042
5d4247dc815ded12652f9f91
p:  125800.79641067366
5d424815761b8fa98e2fa00f
p:  333994.95077780273
5d4248512fc141f3692f9f1c
p:  154346.1066125285
5d42486a761b8fa98e2fa010
p:  307349.6004599479
5d4248cc51eb9031b62f9f54
p:  114438.88509733792
5d4248e651eb9031b62f9f55
p:  116396.29922989174
5d4249502ef9443f632f9fcc
p:  574618.0879198465
5d4249f51f445c32ba2fa09e
p:  371920.1240327533
5d4249f8c2a68f303a2fa005
p:  179563.30316527592
5d424a15761b8fa98e2fa013
p:  81346.3556118363
5d424a3551eb9031b62f9f58
p:  150490.89691001386
5d424a6a761b8fa98e2fa014
p:  156245.60270361643
5d424a9951eb9031b62f9f59
p:  202147.64174887008
5d424aa82ef9443f632f9fd1
p:  459311.1225337087
5d424ada815ded12652f9f93
p:  165817.38239764428
5d424b8a968e871dda2f9f40
p:  208722.21061541035
5d424bb1fe721277b32f9f41
p:  276596.74458231195
5d424bc2761b8fa98e2fa017
p:  100345.62043724004
5d424bd32fc141f3692f9f23
p:  90644.92845550754
5d424c03761b8fa98e2fa018
p:  252455.37473700053
5d424c2efe721277b32f9f42
p:  163008.98692333075
5d424c7bfe721277b32f9f44
p:  311090.03360180417
5d424c8cfe721277b32f9f45
p:  167578.35854072997
5d424caa41a90110252f9f53
p:  172219.365967047
5d424cb82bf577e9662f9f61
p:  248494.4905219496
5d424cc82fc141f3692f9f28
p:  247708.07383932383
5d424ce051eb9031b62f9f62
p:  119297.98531010654
5d424d4851eb9031b62f9f63
p:  244082.03185310174
5d424d52968e871dda2f9f41
p:  138828.55211611738
5d424d622bf577e9662f9f65
p:  326779.4254952874
5d424d6351eb9031b62f9f64
p:  134076.93329506987
5d424d77fe721277b32f9f46
p:  254252.5712608762
5d424dfe2bf577e9662f9f68
p:  309024.46847338194
5d424e46761b8fa98e2fa01f
p:  102452.15865584445
5d424e8c761b8fa98e2fa021
p:  264368.4272468776
5d424e945059a34d102fa04f
p:  169533.0171873275
5d424ea72fc141f3692f9f2f
p:  241379.32521153986
5d424eb7968e871dda2f9f46
p:  181693.14657050147
5d424f8b50914cd6572f9fc4
p:  420054.94349270826
5d424fbf761b8fa98e2fa022
p:  213335.95028686855
5d424fec50914cd6572f9fc6
p:  269349.06455769646
5d42500f51eb9031b62f9f66
p:  278717.18766011426
5d4250261f445c32ba2fa0a4
p:  173692.20328881365
5d42509cfe721277b32f9f4e
p:  317289.6264762342
5d4250f2968e871dda2f9f4a
p:  198524.7700270007
5d42510b2bf577e9662f9f6b
p:  248946.50207555306
5d4251ad1f445c32ba2fa0a9
p:  235395.73894371715
5d4251ba2fc141f3692f9f38
p:  184673.86125863047
5d4251c92fc141f3692f9f39
p:  216456.99850575536
5d42520b2fc141f3692f9f3a
p:  233410.75816017395
5d425218815ded12652f9f9c
p:  129017.72755526208
5d4252182ef9443f632f9fd8
p:  453182.17229807895
5d4252401f445c32ba2fa0ac
p:  234147.12130346987
5d425283761b8fa98e2fa028
p:  139811.48362685
5d42528c1f445c32ba2fa0ad
p:  264308.913082566
5d4252922bf577e9662f9f71
p:  264350.65557193145
5d4252ef1f445c32ba2fa0af
p:  241661.05794406094
5d4253172ef9443f632f9fd9
p:  271227.4339615419
5d42532a968e871dda2f9f4e
p:  246854.65314036905
5d4253745059a34d102fa056
p:  368626.27649445337
5d42537c2bf577e9662f9f74
p:  361436.45551956265
5d42539e5059a34d102fa057
p:  173147.71397931033
5d4253d05059a34d102fa058
p:  173147.71397931033
5d4253dc968e871dda2f9f54
p:  171848.61711018078
5d4254391f445c32ba2fa0b5
p:  194958.9761611073
5d4254642bf577e9662f9f78
p:  284091.6896769855
5d4254742bf577e9662f9f79
p:  213833.15863616002
5d42549e51eb9031b62f9f70
p:  92364.71968394221
5d4254c92bf577e9662f9f7d
p:  366161.1984847479
5d4254e11f445c32ba2fa0b8
p:  201386.82812047878
5d4255132ef9443f632f9fdd
p:  290638.2191334869
5d425518815ded12652f9fa4
p:  159778.2365464145
5d4255265059a34d102fa05c
p:  177609.16712532844
5d42553b2fc141f3692f9f43
p:  177674.82197304745
5d42554d815ded12652f9fa5
p:  174236.05277015927
5d425568815ded12652f9fa6
p:  102922.11270112272
5d42557c1f445c32ba2fa0b9
p:  205271.00048079586
5d4255bf2ef9443f632f9fde
p:  281551.1630811136
5d4255c92bf577e9662f9f82
p:  268859.7104358496
5d4255d3761b8fa98e2fa030
p:  208480.46119314566
5d4255f6968e871dda2f9f5a
p:  151786.52527469548
5d42563a2fc141f3692f9f47
p:  212415.4074385698
5d42567cfe721277b32f9f57
p:  296491.7906894987
5d425780815ded12652f9faa
p:  239412.0203568263
5d4257c72ef9443f632f9fe1
p:  337605.77438672853
5d42583f2ef9443f632f9fe2
p:  351547.47019338794
5d4259d9761b8fa98e2fa03d
p:  158304.1600167647
5d4259e9efdfe892e32f9f79
p:  235409.25131391318
5d425a0f2bf577e9662f9f89
p:  399216.452035358
5d425ab9efdfe892e32f9f7a
p:  446189.84183648
5d425abc968e871dda2f9f65
p:  317277.0562211409
5d425abf2bf577e9662f9f8b
p:  336561.34376003454
5d425aea968e871dda2f9f67
p:  186476.5974256897
5d425b192ef9443f632f9fec
p:  482857.7320571068
5d425b512bf577e9662f9f90
p:  232372.63937662903
5d425bd4fe721277b32f9f5a
p:  179564.15189723804
5d425c012fc141f3692f9f4d
p:  160879.14215021272
5d425c3b2bf577e9662f9f93
p:  353071.57766941603
5d425c752ef9443f632f9ff0
p:  477756.88060637587
5d425cdf761b8fa98e2fa041
p:  185630.02862858132
5d425d14761b8fa98e2fa043
p:  258866.64815933857
5d425d1b2bf577e9662f9f98
p:  207850.50536603987
5d425d3c2bf577e9662f9f99
p:  421004.5735574299
5d425ddb2ef9443f632f9ff5
p:  263847.07228916074
5d425edd761b8fa98e2fa048
p:  745824.334393831
5d425f56968e871dda2f9f6c
p:  234094.66888126364
5d425faf761b8fa98e2fa04d
p:  281974.5868833556
5d425fb8968e871dda2f9f6e
p:  171722.9731938949
5d4260142ef9443f632fa000
p:  229195.9255146485
5d426020fe721277b32f9f5d
p:  236379.24723816183
5d4260712bf577e9662f9fa5
p:  266948.195101773
5d42609d2ef9443f632fa002
p:  295707.2052631733
5d4261ae2ef9443f632fa006
p:  312709.12897922297
5d426220761b8fa98e2fa05c
p:  209288.46258330374
5d4263bc761b8fa98e2fa064
p:  511138.1769885125
5d4263ed2bf577e9662f9fae
p:  268195.8209935179
5d426441efdfe892e32f9f82
p:  382927.7356162282
5d4266e22ef9443f632fa01c
p:  1338532.3589063163
5d42673a2ef9443f632fa01f
p:  346420.7003514683
5d42691fefdfe892e32f9f84
p:  286685.03853376815
5d426972efdfe892e32f9f87
p:  203880.96321663813
5d4269d0fe721277b32f9f68
p:  158076.63351814484
5d426a96761b8fa98e2fa073
p:  216223.5378222735
5d426bc92bf577e9662f9fca
p:  268195.8209935179
5d426ec6fe721277b32f9f6f
p:  310828.14223243884
5d426eea2fc141f3692f9f7d
p:  242276.05292818244
5d426ffe2ef9443f632fa035
p:  385553.3717277844
5d427156efdfe892e32f9f8f
p:  179667.10137166554
5d42732a2ef9443f632fa03f
p:  237221.22697720927
5d4273c32fc141f3692f9f84
p:  221072.85006825536
5d42745ffe721277b32f9f75
p:  286550.73127352796
5d42761afe721277b32f9f79
p:  212806.50604708024
5d427969fe721277b32f9f7d
p:  225974.21195966582
5d4286aaefdfe892e32f9fa3
p:  223896.47344355832
5d4287f82ef9443f632fa06d
p:  262666.53009709826
5d439deec26f60468958ac37
p:  247772.71767626735
5d439e1ec26f60468958ac38
p:  104192.11842678199
5d439e8c1fb5636ed558ac68
p:  87634.9031439455
5d43a04d1fb5636ed558ac6d
p:  178117.29067923472
5d43a0e21fb5636ed558ac6e
p:  75489.36911783213
5d43a147842eea6e0658ac82
p:  186458.76692383166
5d43a204c26f60468958ac3c
p:  114319.48554601122
5d43a2091fb5636ed558ac71
p:  134022.44766740483
5d43a3383fb029ffcf58ac5a
p:  124400.79356212965
5d43a4441fb5636ed558ac77
p:  149993.17520381403
5d43a46c4566c8e5ab58ac09
p:  68072.1807989941
5d43a481c26f60468958ac47
p:  108467.43358605995
5d43a8d2b5276ec56658ac6d
p:  137157.91112971242
5d43a96d1fb5636ed558ac89
p:  195851.7039271115
5d43a9f7b5db14b0bf58ac31
p:  185272.11150171922
5d43aa26842eea6e0658ac98
p:  71359.24823423334
5d43aa8cb5db14b0bf58ac37
p:  241340.607371718
5d43abb11fb5636ed558ac8f
p:  189134.70230043115
5d43aceeb5276ec56658ac71
p:  215776.99048144423
5d43ad58b5276ec56658ac72
p:  149657.99516290124
5d43ae0e4566c8e5ab58ac1e
p:  199480.5505602457
5d43aff9c26f60468958ac60
p:  463786.0064066469
5d43b05fb5db14b0bf58ac3f
p:  235914.70032200473
5d43b0aeb5db14b0bf58ac40
p:  397170.91094655526
5d43b115b5db14b0bf58ac42
p:  191494.2164785687
5d43b1453a466e607d58ac45
p:  112818.13278632128
5d43b1cd1fb5636ed558ac92
p:  221543.69573977924
5d43b2887a2007ab8a58ac59
p:  243750.75447069266
5d43b3527a2007ab8a58ac5c
p:  246872.59204759373
5d43b5fab5db14b0bf58ac5b
p:  141672.2985259904
5d43b6f79b657f551b58ac7b
p:  138140.0897067401
5d43b77896e51681ea58ac7c
p:  305953.7842829846
5d43b871b5db14b0bf58ac60
p:  159688.2898793759
5d43ba371fb5636ed558aca7
p:  382727.8406519202
5d43bc894566c8e5ab58ac45
p:  211671.82672461274
5d43be904566c8e5ab58ac49
p:  352303.974788799
5d43bed6b5276ec56658ac9c
p:  93090.02987588565
5d43bf0eb5276ec56658ac9e
p:  137939.2165325383
5d43bf36b5276ec56658ac9f
p:  150866.7508288448
5d43bf7c4566c8e5ab58ac4a
p:  295040.3915328431
5d43bf9e7a2007ab8a58ac75
p:  135626.35281165346
5d43c0047a2007ab8a58ac76
p:  141668.62599586323
5d43c01e4566c8e5ab58ac4b
p:  317896.78423523455
5d43c066b5276ec56658aca0
p:  193094.04721300857
5d43c095842eea6e0658acda
p:  108947.77078585635
5d43c0b6b5276ec56658aca1
p:  153352.85457779537
5d43c0ef842eea6e0658acdb
p:  111220.48347097295
5d43c12cb5276ec56658aca2
p:  246338.78139930547
5d43c2074566c8e5ab58ac4d
p:  698150.7195286076
5d43c22b3fb029ffcf58ac9d
p:  277285.15674105514
5d43c257726886f48558ad4d
p:  157876.0637144594
5d43c274726886f48558ad4e
p:  151569.13638763566
5d43c276b5276ec56658aca4
p:  238323.6432078526
5d43c2a7726886f48558ad4f
p:  259876.59883612744
5d43c2b87a2007ab8a58ac80
p:  261221.7676541931
5d43c2bc4566c8e5ab58ac4e
p:  266538.2119797005
5d43c2c058b2be706b58acca
p:  183290.1434796652
5d43c2c5c26f60468958ac8d
p:  178450.02301437678
5d43c2d9b5276ec56658aca9
p:  280384.46599867876
5d43c2dc4566c8e5ab58ac4f
p:  284067.10997344775
5d43c2eeb5276ec56658acaa
p:  200715.19794016687
5d43c2f758b2be706b58accb
p:  86753.24769940149
5d43c35cb5276ec56658acaf
p:  218783.8130567057
5d43c384726886f48558ad50
p:  119446.42891961703
5d43c391b5276ec56658acb1
p:  243885.3892008482
5d43c3b6b5276ec56658acb2
p:  398948.25030428765
5d43c3e2c26f60468958ac93
p:  255607.6012805776
5d43c3ee726886f48558ad53
p:  135181.57297722338
5d43c3f1b5276ec56658acb4
p:  226977.03287004732
5d43c3fe3fb029ffcf58aca1
p:  398880.03653676657
5d43c437c26f60468958ac94
p:  247615.7893136362
5d43c4cf842eea6e0658ace4
p:  217730.75171506428
5d43c512842eea6e0658ace6
p:  160228.94145450194
5d43c5ef58b2be706b58acd0
p:  150981.2509038439
5d43c663c26f60468958ac97
p:  173147.71397931033
5d43c6631fb5636ed558acc8
p:  284864.6509125554
5d43c67ccc3a7a8a2058ac37
p:  91506.79540024229
5d43c69acc3a7a8a2058ac38
p:  173206.70496219548
5d43c6aa726886f48558ad55
p:  122036.20266070633
5d43c6ad4566c8e5ab58ac57
p:  259486.61635845626
5d43c6e1cc3a7a8a2058ac39
p:  150302.7778813949
5d43c746cc3a7a8a2058ac3b
p:  286532.6895222106
5d43c7f0842eea6e0658acea
p:  278308.78866718814
5d43c8b01fb5636ed558acd0
p:  264577.0720153364
5d43c8e0842eea6e0658acec
p:  316030.53063657647
5d43c909842eea6e0658aced
p:  276301.73926349
5d43c9ca726886f48558ad5b
p:  79378.85780036655
5d43ca51842eea6e0658acf2
p:  217730.75171506428
5d43cb81842eea6e0658acf6
p:  159241.972634751
5d43cc0c842eea6e0658acf8
p:  148738.3808733504
5d43ce02842eea6e0658acfd
p:  153145.10155451024
5d43ce6996e51681ea58ac97
p:  183995.87400633784
5d43d0844566c8e5ab58ac6f
p:  280968.4183365419
5d43d46e4566c8e5ab58ac7a
p:  376099.03655012464
5d43dd604566c8e5ab58ac8b
p:  376518.7848250198
For ['Bledsoe', 'Bradley', 'Cannon', 'Clay', 'Coffee', 'Cumberland', 'Decatur', 'Fentress', 'Franklin', 'Grundy', 'Hamilton', 'Jackson', 'McMinn', 'Marion', 'Meigs', 'Overton', 'Pickett', 'Polk', 'Putnam', 'Rhea', 'Sequatchie', 'Van Buren', 'Weakley']#################################################################
train score for random_forest: 0.9363921234147266
test score for random_forest: 0.6074700285093657
The mean absolute error is:$ 88473.34768729299
r_Score: 0.6168141731467354
Voting Regressor (in): 0.9312306930168539
Voting Regressor: 0.6168141731467354
5d0b561ef12fac82e26efb4b
p:  155439.08824373866
5d0b5ed319aeb54ebe6efc01
p:  183549.6209450411
5d185c33253e7cfd9b98bd33
p:  334636.30187246215
5d408d48ef069a886a2f9b50
p:  180103.12566231028
5d40f9e8e3a87001ca64b901
p:  210413.6719313647
5d4137fc1f445c32ba2f9dda
p:  546017.8342670064
5d417f50f6c489720e2f9d67
p:  236520.58045507254
5d417f8bf6c489720e2f9d69
p:  91659.10277588357
5d41808ef6c489720e2f9d72
p:  95466.19165504535
5d4181482fc141f3692f9d4b
p:  92633.57553749447
5d4182585059a34d102f9d75
p:  194970.59761518618
5d4182695059a34d102f9d76
p:  208634.96056331962
5d41845f5059a34d102f9d88
p:  78263.30126183807
5d4184795059a34d102f9d89
p:  109751.63604609459
5d41849f5059a34d102f9d8a
p:  89978.08435231527
5d4184c85059a34d102f9d8b
p:  161852.60108435818
5d4184e751eb9031b62f9da0
p:  342994.8937496982
5d4184ed5059a34d102f9d8c
p:  156823.4046603231
5d4185955059a34d102f9d92
p:  133499.1350885462
5d4185b55059a34d102f9d94
p:  161259.3179748598
5d4186125059a34d102f9d98
p:  101124.6780549926
5d4186d1968e871dda2f9d78
p:  218402.96275512592
5d4186f75059a34d102f9da0
p:  140024.2523032321
5d4188145059a34d102f9dab
p:  110260.91348572707
5d4189db2bf577e9662f9da5
p:  205519.0027609836
5d418a36968e871dda2f9d7e
p:  521245.4478246489
5d418a7c5059a34d102f9dbd
p:  74034.87306495411
5d418c0341a90110252f9d8b
p:  105800.15257220146
5d41907a968e871dda2f9d87
p:  279714.59359699715
5d41914a968e871dda2f9d8a
p:  191256.15235170443
5d4192db761b8fa98e2f9e48
p:  145836.99175723718
5d41952941a90110252f9d9f
p:  133028.30867844072
5d41962b968e871dda2f9d94
p:  163179.7517560036
5d41965f2ef9443f632f9da5
p:  272025.71394733805
5d419889968e871dda2f9d9b
p:  208220.8451513151
5d4198aafe721277b32f9d6e
p:  113267.51580910082
5d4199a5968e871dda2f9d9c
p:  110653.80301970511
5d419a401f445c32ba2f9eb1
p:  243153.8734835555
5d419a6c968e871dda2f9d9f
p:  183652.2008728739
5d419de8968e871dda2f9da4
p:  185069.05002041694
5d41a09c41a90110252f9dbe
p:  141058.27890962933
5d41a2a21f445c32ba2f9ec5
p:  183000.5290520941
5d41a4d81f445c32ba2f9ec9
p:  342860.34667419246
5d41a5271f445c32ba2f9ed2
p:  163707.11887309968
5d41a7b7c2a68f303a2f9da9
p:  190641.85594668787
5d41a969c2a68f303a2f9dac
p:  206125.16890299754
5d41a985c2a68f303a2f9dad
p:  317481.7433433615
5d41aad2c2a68f303a2f9db0
p:  181752.87061043765
5d41ab092bf577e9662f9e02
p:  176864.6939126148
5d41ab1e2fc141f3692f9d9d
p:  208291.9350317606
5d41abe72fc141f3692f9da0
p:  175874.51803263655
5d41ac732fc141f3692f9da1
p:  166687.2913232429
5d41acf6c2a68f303a2f9db9
p:  192123.24833624857
5d41ad0dc2a68f303a2f9dba
p:  167577.3212056512
5d41af9e2fc141f3692f9dae
p:  307898.66490909434
5d41b1431f445c32ba2f9eee
p:  319737.0969683153
5d41b2835059a34d102f9e27
p:  196286.07106495308
5d41b3581f445c32ba2f9ef2
p:  334715.7153974934
5d41b6c25059a34d102f9e30
p:  475387.2938105521
5d41b70f5059a34d102f9e31
p:  210905.2859596065
5d41b978761b8fa98e2f9ea2
p:  190567.61108426537
5d41b9acef069a886a2f9e1a
p:  172613.4364182401
5d41b9bd1f445c32ba2f9f01
p:  206004.83464006736
5d41bb102bf577e9662f9e1c
p:  453231.78951081756
5d41bb4ac2a68f303a2f9dd7
p:  157126.03594170552
5d41bbaa1f445c32ba2f9f02
p:  214549.4582367275
5d41bcb72ef9443f632f9e12
p:  106648.78315270579
5d41bd072ef9443f632f9e16
p:  215360.2803425559
5d41be1d5059a34d102f9e40
p:  214958.8892027554
5d41be612bf577e9662f9e26
p:  347918.76298984274
5d41be672ef9443f632f9e22
p:  144014.0189369117
5d41be761f445c32ba2f9f0b
p:  187749.9932698989
5d41beaa5059a34d102f9e41
p:  528327.3590639709
5d41beb51f445c32ba2f9f0d
p:  281954.64261178137
5d41bf221f445c32ba2f9f10
p:  203575.46747179137
5d41bfbdc2a68f303a2f9de7
p:  136018.83905938812
5d41c0a22ef9443f632f9e34
p:  173598.2651599641
5d41c1b951eb9031b62f9e2f
p:  179132.53048199718
5d41c26bef069a886a2f9e25
p:  179246.11587302358
5d41c2a02bf577e9662f9e31
p:  199026.40709228403
5d41c2a2ef069a886a2f9e26
p:  390212.05650345475
5d41c2b12ef9443f632f9e47
p:  180442.43923350875
5d41c3081f445c32ba2f9f17
p:  262068.07523851082
5d41c391761b8fa98e2f9ec9
p:  195186.8015241623
5d41c3c3ef069a886a2f9e2a
p:  289180.3144602396
5d41c4935059a34d102f9e4a
p:  343535.35282580997
5d41c4a050914cd6572f9de9
p:  515091.41424284154
5d41c4b52bf577e9662f9e34
p:  148829.77282058547
5d41c559af3d6afbe62f9e11
p:  220334.8846982356
5d41c58daf3d6afbe62f9e12
p:  156479.1810820177
5d41c5d450914cd6572f9df1
p:  329750.9260965933
5d41c6165059a34d102f9e4c
p:  122760.25560589311
5d41c61e50914cd6572f9df4
p:  197408.97718631767
5d41c6801f445c32ba2f9f20
p:  411376.0531138291
5d41c6c82bf577e9662f9e38
p:  168264.01101946356
5d41c6f150914cd6572f9df9
p:  288987.79287785734
5d41c728af3d6afbe62f9e14
p:  100468.60939374175
5d41c7352ef9443f632f9e6e
p:  386188.0415280404
5d41c75450914cd6572f9dfc
p:  335668.3514801277
5d41c757af3d6afbe62f9e15
p:  330480.0630850296
5d41c772af3d6afbe62f9e16
p:  351944.1381901029
5d41c79641a90110252f9e14
p:  174098.40277566045
5d41c7a0af3d6afbe62f9e17
p:  166173.29515024065
5d41c7ac50914cd6572f9dff
p:  215152.41808033726
5d41c7c341a90110252f9e15
p:  248557.2117389866
5d41c8062ef9443f632f9e74
p:  110843.71696722475
5d41c810af3d6afbe62f9e19
p:  124961.42488080135
5d41c81550914cd6572f9e01
p:  284480.84474588913
5d41c8172bf577e9662f9e3c
p:  320635.6829981007
5d41c827af3d6afbe62f9e1a
p:  218530.77048958023
5d41c82e2ef9443f632f9e75
p:  110843.71696722475
5d41c84baf3d6afbe62f9e1b
p:  365773.9152977372
5d41c8812ef9443f632f9e78
p:  116630.79198314299
5d41c89cc2a68f303a2f9e01
p:  217802.78436900285
5d41c8b241a90110252f9e17
p:  206920.72490870708
5d41c8baef069a886a2f9e35
p:  123224.43828807463
5d41c8c12ef9443f632f9e7a
p:  121362.178890006
5d41c8c32bf577e9662f9e3f
p:  304478.5773593398
5d41c8c95059a34d102f9e4e
p:  386583.41343236866
5d41c8d3968e871dda2f9e0a
p:  359865.8985879802
5d41c8e52ef9443f632f9e7c
p:  380763.37095451157
5d41c8e7ef069a886a2f9e36
p:  144976.38747116027
5d41c92e2ef9443f632f9e7e
p:  235649.04209635305
5d41c93241a90110252f9e18
p:  474379.201232004
5d41c93950914cd6572f9e08
p:  129328.87502698391
5d41c93e1f445c32ba2f9f24
p:  169620.26456984016
5d41c940c2a68f303a2f9e03
p:  115135.56878645197
5d41c945968e871dda2f9e0b
p:  187586.86963418414
5d41c95441a90110252f9e19
p:  171506.86914556782
5d41c98c968e871dda2f9e0c
p:  320550.00601837307
5d41c99c50914cd6572f9e0b
p:  176458.1282140233
5d41c9c241a90110252f9e1b
p:  367325.15511216933
5d41c9c35059a34d102f9e4f
p:  306969.7947582794
5d41c9dbc2a68f303a2f9e05
p:  140460.9152840944
5d41ca01c2a68f303a2f9e06
p:  142159.07371633116
5d41ca3950914cd6572f9e0f
p:  157500.40660403433
5d41ca69968e871dda2f9e0e
p:  423247.95179189485
5d41ca6b2bf577e9662f9e44
p:  362142.9315769661
5d41caafef069a886a2f9e3b
p:  171539.76723126048
5d41cb03968e871dda2f9e10
p:  149225.3901113478
5d41cb26968e871dda2f9e11
p:  289035.4220725227
5d41cb35ef069a886a2f9e3c
p:  81681.9531978075
5d41cb6741a90110252f9e1d
p:  212025.3133886673
5d41cb7250914cd6572f9e15
p:  89396.42853122966
5d41cbbc2bf577e9662f9e47
p:  222470.34154639088
5d41cbc250914cd6572f9e17
p:  119918.96289818396
5d41cbe1c2a68f303a2f9e0a
p:  217802.78436900285
5d41cbe950914cd6572f9e18
p:  151843.50740660907
5d41cbefaf3d6afbe62f9e1c
p:  173393.640187643
5d41cbf5968e871dda2f9e13
p:  242911.87132504527
5d41cc3750914cd6572f9e1a
p:  195609.43380432756
5d41cc402ef9443f632f9e8d
p:  188105.66409460793
5d41cc5a2bf577e9662f9e4a
p:  203633.49258154814
5d41cc631f445c32ba2f9f2f
p:  165124.05103803467
5d41cc8e968e871dda2f9e14
p:  319891.0001975227
5d41ccf0f6c489720e2f9e34
p:  175898.94957746952
5d41ccfe50914cd6572f9e1f
p:  131243.82938115118
5d41cd0e968e871dda2f9e15
p:  295972.4042213146
5d41cd27c2a68f303a2f9e0e
p:  217802.78436900285
5d41cd332ef9443f632f9e90
p:  107387.5478435937
5d41cd4e50914cd6572f9e21
p:  93818.09465684372
5d41cd592ef9443f632f9e91
p:  110929.41113154474
5d41cd8a41a90110252f9e24
p:  552799.1008200359
5d41cd9c968e871dda2f9e17
p:  301871.26821665955
5d41cdad50914cd6572f9e24
p:  105342.97588921087
5d41cded50914cd6572f9e26
p:  196399.92233347497
5d41ce0550914cd6572f9e28
p:  91730.37414378818
5d41ce31ef069a886a2f9e42
p:  257206.21408531722
5d41ce505059a34d102f9e5a
p:  368820.74876789126
5d41ce6450914cd6572f9e2b
p:  119722.30156265547
5d41ce93af3d6afbe62f9e24
p:  133258.9269889169
5d41cf3041a90110252f9e26
p:  163898.50964761627
5d41cf6c2ef9443f632f9e95
p:  155107.0492260152
5d41cf9750914cd6572f9e33
p:  256017.66411940748
5d41cf9e2ef9443f632f9e96
p:  222424.3237382393
5d41d06041a90110252f9e2a
p:  261353.17039643525
5d41d07e2bf577e9662f9e56
p:  126430.5656964644
5d41d08450914cd6572f9e3a
p:  95798.72500005744
5d41d0d12ef9443f632f9e99
p:  108832.49118298126
5d41d0d941a90110252f9e2c
p:  272521.395323779
5d41d0ee2bf577e9662f9e57
p:  210343.9523151294
5d41d13e50914cd6572f9e3f
p:  142430.07462163968
5d41d225fe721277b32f9dee
p:  118212.14376061059
5d41d23a815ded12652f9e33
p:  218498.31120761592
5d41d26641a90110252f9e30
p:  201821.69013929737
5d41d26d815ded12652f9e34
p:  139108.02624597066
5d41d28d815ded12652f9e35
p:  186588.69520725738
5d41d29451eb9031b62f9e4f
p:  250075.8993888715
5d41d2fd815ded12652f9e38
p:  180041.21262850898
5d41d315ef069a886a2f9e51
p:  141938.53152501513
5d41d43efe721277b32f9df2
p:  101875.06975302924
5d41d44caf3d6afbe62f9e2f
p:  281383.05753433803
5d41d45651eb9031b62f9e51
p:  323435.0376678051
5d41d4722bf577e9662f9e64
p:  221246.48641194517
5d41d4992ef9443f632f9ea2
p:  304685.5509745134
5d41d4da2ef9443f632f9ea3
p:  141770.76870360327
5d41d4ebf6c489720e2f9e47
p:  217613.41511277616
5d41d53f2ef9443f632f9ea4
p:  242473.0090307564
5d41d54faf3d6afbe62f9e31
p:  160429.42040262558
5d41d580ef069a886a2f9e58
p:  265854.21699804603
5d41d5ce41a90110252f9e39
p:  173623.2566552661
5d41d5d3ef069a886a2f9e59
p:  275662.87061703147
5d41d5df2ef9443f632f9ea6
p:  162987.58091799845
5d41d5fd41a90110252f9e3a
p:  372313.1499996078
5d41d60aaf3d6afbe62f9e32
p:  183737.63307763494
5d41d6272bf577e9662f9e69
p:  491937.97439132404
5d41d65f2ef9443f632f9eab
p:  149467.93478441148
5d41d69151eb9031b62f9e53
p:  191009.8212813572
5d41d6ef2ef9443f632f9eac
p:  175829.97364584616
5d41d71841a90110252f9e3e
p:  1106449.918480022
5d41d75b2ef9443f632f9eae
p:  138368.57897628009
5d41d7615059a34d102f9e6c
p:  569502.9226272427
5d41d7bf2ef9443f632f9eb0
p:  210937.55123278446
5d41d7eefe721277b32f9df8
p:  182844.74819376826
5d41d82241a90110252f9e40
p:  250929.16250320096
5d41d8955059a34d102f9e77
p:  418631.5925936636
5d41d8b95059a34d102f9e78
p:  381091.44011106703
5d41d8f92bf577e9662f9e70
p:  320635.6829981007
5d41d91e51eb9031b62f9e5a
p:  239454.01881466075
5d41d9355059a34d102f9e7c
p:  393375.1666853225
5d41d945ef069a886a2f9e5d
p:  111367.7554084028
5d41d98541a90110252f9e41
p:  697743.594166534
5d41d9a62ef9443f632f9eb3
p:  164176.48165478947
5d41d9f651eb9031b62f9e5c
p:  215588.68889350153
5d41da512bf577e9662f9e74
p:  374191.60405021335
5d41daa7815ded12652f9e45
p:  171321.0491192381
5d41dabb51eb9031b62f9e5e
p:  186705.1641134282
5d41db1051eb9031b62f9e60
p:  315132.0931598343
5d41db4bef069a886a2f9e64
p:  412711.62934724253
5d41db832ef9443f632f9eb8
p:  102705.82154607552
5d41db8c5059a34d102f9e8f
p:  325715.6791581025
5d41dbb8f6c489720e2f9e56
p:  469720.11971595115
5d41dbd9815ded12652f9e4a
p:  231975.1274595381
5d41dbfa41a90110252f9e45
p:  355793.1585106069
5d41dc2b815ded12652f9e4c
p:  231445.78877388878
5d41dc6d1f445c32ba2f9f53
p:  344657.3859368131
5d41dca841a90110252f9e47
p:  277822.325059594
5d41dd3e815ded12652f9e4e
p:  216629.79274218893
5d41ddb741a90110252f9e4a
p:  248562.56609693106
5d41e073815ded12652f9e54
p:  177544.55765247665
5d41e0bc41a90110252f9e50
p:  433794.6133599416
5d41e213ef069a886a2f9e73
p:  110069.66527580401
5d41e24451eb9031b62f9e74
p:  306019.9771710001
5d41e47f815ded12652f9e5d
p:  256775.5987853949
5d41e4a5815ded12652f9e5e
p:  285269.7079195379
5d41e55741a90110252f9e58
p:  436021.3791706759
5d41e5e1815ded12652f9e64
p:  193461.72554138483
5d41e78951eb9031b62f9e81
p:  364293.4512864682
5d41e7e3815ded12652f9e67
p:  212161.65519361332
5d41e8ad41a90110252f9e61
p:  306442.575059594
5d41e8d0815ded12652f9e69
p:  200029.96499078302
5d41e9c0815ded12652f9e6f
p:  188111.4228222598
5d41ea43815ded12652f9e73
p:  199370.1292698348
5d41ea5b815ded12652f9e74
p:  91623.66652474817
5d41eab3815ded12652f9e76
p:  187907.53914223937
5d41eb11815ded12652f9e79
p:  238176.16354971146
5d41eb73815ded12652f9e7d
p:  176313.49114082335
5d41ec29815ded12652f9e86
p:  242139.1924290933
5d41ed3d815ded12652f9e90
p:  282603.3901045178
5d41ee51815ded12652f9e9a
p:  209016.41032494354
5d41f2782bf577e9662f9ea2
p:  325731.34951603296
5d41f383815ded12652f9ec3
p:  235119.9739742168
5d4217172bf577e9662f9ee8
p:  302860.4069296206
5d421b36815ded12652f9f2e
p:  237618.56751998616
5d42baa551eb9031b62fa056
p:  175554.76896555017
5d42bb2e51eb9031b62fa058
p:  65575.36802431682
5d42bba451eb9031b62fa059
p:  166523.27638085326
5d42bf4caf3d6afbe62fa19b
p:  124744.79854018634
5d42c494ef069a886a2fa13d
p:  161632.43751776486
5d42eeb12bf577e9662fa0f1
p:  178508.36868934974
5d42f055ef069a886a2fa1bc
p:  102068.25873846076
5d42f078ef069a886a2fa1bd
p:  259345.3833409752
5d42f078fe721277b32fa057
p:  182900.99984387483
5d42f08ffe721277b32fa058
p:  115296.75115122495
5d42f1192fc141f3692fa0a4
p:  213984.48663089733
5d42f1b3fe721277b32fa05b
p:  167522.93909886037
5d42f1e750914cd6572fa141
p:  215358.07408356032
5d42f25b2fc141f3692fa0a5
p:  158336.00314394536
5d42f2fafe721277b32fa05d
p:  89179.52887760008
5d42f31fef069a886a2fa1c3
p:  211099.00274033018
5d42f370fe721277b32fa061
p:  214293.14936185232
5d42f470fe721277b32fa062
p:  162826.58330787753
5d42f5abefdfe892e32fa083
p:  124312.22378603253
5d42f76cefdfe892e32fa085
p:  274101.36286713695
5d42f792fe721277b32fa06d
p:  186340.7733576657
5d42f801ef069a886a2fa1d7
p:  170916.99046329196
5d42f84cef069a886a2fa1d8
p:  179487.71492198473
5d42f873ef069a886a2fa1d9
p:  189341.90567653865
5d42f936af3d6afbe62fa2c1
p:  220019.79728711635
5d42f9c9efdfe892e32fa088
p:  167082.9681915461
5d42fa27fe721277b32fa073
p:  226142.37196057127
5d42fa3eefdfe892e32fa08a
p:  201202.97873022105
5d42fa60af3d6afbe62fa2ca
p:  249837.41407018976
5d42fa78fe721277b32fa074
p:  168467.28807394856
5d42faacaf3d6afbe62fa2cd
p:  199893.04046326166
5d42fb57af3d6afbe62fa2d3
p:  170950.5912808972
5d42fb8c761b8fa98e2fa1a4
p:  213429.4998049055
5d42fb92fe721277b32fa077
p:  174788.61394434588
5d42fcf9ef069a886a2fa1e4
p:  105498.61883728133
5d42fd91efdfe892e32fa090
p:  116824.06083760422
5d430038761b8fa98e2fa1b2
p:  135799.82463633805
5d4300d9efdfe892e32fa096
p:  130634.01211835793
5d430269fe721277b32fa080
p:  218316.88360974233
5d43027e761b8fa98e2fa1bd
p:  116409.96502751704
5d4302d8fe721277b32fa082
p:  107639.6456239727
5d4302fcef069a886a2fa1f2
p:  108584.81939327084
5d4304881f445c32ba2fa23a
p:  110694.07904065165
5d43052cef069a886a2fa1f9
p:  196299.40307954326
5d43056a51eb9031b62fa0e7
p:  150338.05256075447
5d430625968e871dda2fa0f8
p:  118605.86368286645
5d43072afe721277b32fa08a
p:  127838.54010662994
5d4307c9fe721277b32fa08d
p:  225349.5228156886
5d43086e761b8fa98e2fa1c9
p:  271349.84064998664
5d4309b3efdfe892e32fa0b2
p:  274101.36286713695
5d430ac3fe721277b32fa093
p:  218316.88360974233
5d430adbfe721277b32fa094
p:  133543.15959960956
5d430e99fe721277b32fa09c
p:  179170.68482179093
5d431294fe721277b32fa0a7
p:  166073.3521679681
5d4313e6fe721277b32fa0aa
p:  102374.66120037994
5d4314be41a90110252fa10d
p:  84483.37980758675
5d43157041a90110252fa10f
p:  84483.37980758675
5d4383f44566c8e5ab58abd1
p:  364883.7722303926
5d4385383fb029ffcf58ac21
p:  138411.26709260314
5d43867358b2be706b58abff
p:  161852.60108435818
5d4387173fb029ffcf58ac25
p:  236520.58045507254
5d43882f96e51681ea58abdd
p:  165859.68356978102
5d43886696e51681ea58abde
p:  185069.05002041694
5d438a73726886f48558acaa
p:  179902.29666876912
5d438aff7a2007ab8a58ac04
p:  159679.7990067409
5d438cf73a466e607d58ac03
p:  69084.92658306473
5d43903296e51681ea58ac0d
p:  117649.3580878459
5d439069726886f48558acc5
p:  154885.9787050538
5d43910796e51681ea58ac14
p:  259872.54887931698
5d43911a726886f48558acc9
p:  188727.15501562963
5d43913496e51681ea58ac15
p:  125000.36534644834
5d439150726886f48558acca
p:  155717.24949502523
5d4392dd3a466e607d58ac0d
p:  230005.96477228127
5d4392f03a466e607d58ac0e
p:  196907.7358492705
5d43934e726886f48558acd4
p:  146989.57396176548
5d439483b5db14b0bf58ac05
p:  283828.7252059474
5d4394d83a466e607d58ac13
p:  290386.75216025475
5d4395173a466e607d58ac15
p:  271387.39933061064
5d43953a3a466e607d58ac16
p:  178376.1438493531
5d4395521fb5636ed558ac4d
p:  231737.83846210077
5d43959f3a466e607d58ac18
p:  290386.75216025475
5d43960196e51681ea58ac28
p:  169017.55986404745
5d43962d96e51681ea58ac29
p:  369421.9525130488
5d43965696e51681ea58ac2a
p:  162655.0349483553
5d4396703fb029ffcf58ac3f
p:  465687.18938855676
5d4397841fb5636ed558ac53
p:  134441.49092746965
5d43988c3fb029ffcf58ac48
p:  122187.1192844603
5d4399469b657f551b58ac3c
p:  211252.2899452389
5d439986b5db14b0bf58ac0e
p:  80823.57523378731
5d4399d33fb029ffcf58ac49
p:  335923.15664168575
5d4399d696e51681ea58ac37
p:  275009.3222650781
5d439a403fb029ffcf58ac4a
p:  285937.5131735486
5d439a533fb029ffcf58ac4b
p:  329907.57288738166
5d439a6258b2be706b58ac4a
p:  355365.3892055637
5d439a91b5db14b0bf58ac10
p:  90615.97708913012
5d439ac2b5db14b0bf58ac11
p:  276009.64331913245
5d439aef58b2be706b58ac4d
p:  284424.15586137865
5d439b10842eea6e0658ac76
p:  146457.4488291858
5d439bc43a466e607d58ac1e
p:  286589.66631972813
5d439bdbb5276ec56658ac50
p:  70086.25044572557
5d439c0a726886f48558acf2
p:  132568.60806835807
5d439c501fb5636ed558ac5e
p:  320198.0268928995
5d439c9f842eea6e0658ac79
p:  88705.97732815461
5d439cde4566c8e5ab58abf3
p:  130457.30311471218
5d439cfc7a2007ab8a58ac35
p:  255985.40745490592
5d439d4b842eea6e0658ac7b
p:  236828.60314015517
5d439d7f7a2007ab8a58ac36
p:  172382.00530036687
5d439d9e7a2007ab8a58ac37
p:  312967.3847461118
5d439df3842eea6e0658ac7c
p:  236828.60314015517
5d439e5a4566c8e5ab58abf8
p:  125252.73775775317
5d439efb7a2007ab8a58ac39
p:  230528.4363931982
5d43a21d3a466e607d58ac28
p:  416708.0751980319
5d43a4937a2007ab8a58ac41
p:  178173.6538013393
5d43aa123a466e607d58ac32
p:  321405.7756568462
5d43ac343a466e607d58ac38
p:  302953.2289323718
5d43bb91b5276ec56658ac95
p:  368394.70263258566
5d43e7dacc3a7a8a2058ac75
p:  86445.04260732279
5d43f567726886f48558adb8
p:  124312.22378603253
5d43f6589b657f551b58ad46
p:  284011.39845673623
5d43f6c29b657f551b58ad47
p:  127838.54010662994
5d43f8a89b657f551b58ad4a
p:  124366.99604726581
5d43f90f9b657f551b58ad4b
p:  185337.0657227378
5d43f9449b657f551b58ad4c
p:  146076.5020943868
5d43fb00c26f60468958ad03
p:  174397.66864374542
5d43fbf6c26f60468958ad05
p:  84483.37980758675
5d43fd159b657f551b58ad4f
p:  185050.62834255886
5d44313c0c2b93cba458ae3e
p:  217024.82410747753
5d45771df6b4c2439b8b20aa
p:  193596.87605716335
5d47289bd57846aad03cb34d
p:  187059.85080400272
For ['Bedford', 'Cheatham', 'Davidson', 'Dickson', 'Giles', 'Hickman', 'Houston', 'Humphreys', 'Lawrence', 'Lewis', 'Lincoln', 'Macon', 'Marshall', 'Maury', 'Montgomery', 'Moore', 'Perry', 'Robertson', 'Rutherford', 'Smith', 'Stewart', 'Sumner', 'Trousdale', 'Warren', 'Wayne', 'Williamson', 'Wilson']#################################################################
train score for random_forest: 0.9368360498272327
test score for random_forest: 0.4938656936382513
The mean absolute error is:$ 122643.45937026163
r_Score: 0.49337690905925713
Voting Regressor (in): 0.9350463189852469
Voting Regressor: 0.49337690905925713
5d0d1ca2ae78f7f2d314ad70
p:  262446.6917107045
5d0e659b45ebd0b4c32fce70
p:  211842.13765864933
5d0e70212b8f60b82b8f8cb9
p:  249359.54154843817
5d0e831519f56a0d5b8f8d34
p:  161471.3863612957
5d0e8a972b8f60b82b8f8d31
p:  490191.5445386319
5d129c49b7ae3de20d8d6e5b
p:  256199.1650748608
5d1bcc6c7e6c493d59458813
p:  182848.52474619332
5d1c011ddbebfd779eefbc6c
p:  222448.73255970568
5d1c07737e6c493d594588df
p:  361576.37681089924
5d1c5dfe0a1cbc8e6fefbce5
p:  260488.6496730196
5d1c8c9bdbebfd779eefbd9c
p:  207050.8939386069
5d2cf730aa1ce31ade80b0fb
p:  362227.1467213462
5d2e5836b39b58f1d2167d61
p:  627939.2241672729
5d34bca418f8dde30a0abca4
p:  434408.22636126704
5d388a3b02947826d9b03b78
p:  203194.3493693198
5d388e1402947826d9b03b84
p:  261694.19639925635
5d38bd6c02947826d9b03c14
p:  242680.981670552
5d38c6ee02947826d9b03c2a
p:  388625.3039270054
5d38ce0002947826d9b03c4c
p:  212343.41940363406
5d408c05815ded12652f9b50
p:  215126.5116625625
5d408d2b50914cd6572f9b51
p:  686835.7844864368
5d408d5f5059a34d102f9b51
p:  135202.72478030875
5d408da82fc141f3692f9b52
p:  378082.24811861693
5d408dbe50914cd6572f9b54
p:  322880.91256098566
5d408dce761b8fa98e2f9b52
p:  271435.96403594856
5d408de350914cd6572f9b55
p:  318216.3887863661
5d408de6761b8fa98e2f9b53
p:  272074.36970667844
5d408e002fc141f3692f9b53
p:  352162.25566072983
5d408e01761b8fa98e2f9b54
p:  272629.38455658895
5d408e0ff6c489720e2f9b54
p:  303182.1413540202
5d408e3a815ded12652f9b56
p:  251313.5497486001
5d408e8a2bf577e9662f9b59
p:  281198.3367049257
5d408e992bf577e9662f9b5a
p:  279894.00397510757
5d408f80761b8fa98e2f9b55
p:  281552.9289257629
5d4090592fc141f3692f9b57
p:  543398.8546703395
5d4090822fc141f3692f9b58
p:  634965.7630316331
5d40908241a90110252f9b5b
p:  290143.5606929532
5d40917e2ef9443f632f9b64
p:  383057.5526043595
5d4091c82ef9443f632f9b6a
p:  252988.24977890003
5d4092082fc141f3692f9b5b
p:  291551.4460879332
5d40922f41a90110252f9b60
p:  331387.56870949495
5d40924b2ef9443f632f9b70
p:  318989.32482835016
5d4092d651eb9031b62f9b5d
p:  169324.17019865641
5d4092e251eb9031b62f9b5e
p:  182286.97347627173
5d40938741a90110252f9b64
p:  197189.25015553084
5d409421efdfe892e32f9b60
p:  260365.916405724
5d40947c41a90110252f9b65
p:  338494.14880437177
5d4094f541a90110252f9b66
p:  264080.59565152286
5d4095422bf577e9662f9b88
p:  171534.3279178253
5d40954c761b8fa98e2f9b63
p:  214407.63208200553
5d4095ce761b8fa98e2f9b66
p:  199220.554467862
5d4095d8efdfe892e32f9b61
p:  319930.05935931695
5d4095e42bf577e9662f9b8c
p:  107544.97633244892
5d409602761b8fa98e2f9b67
p:  262311.7215598718
5d4096602bf577e9662f9b8f
p:  225254.65414144847
5d4096c42bf577e9662f9b93
p:  415047.86128323147
5d4096d551eb9031b62f9b62
p:  63078.23952132625
5d4096f5761b8fa98e2f9b6d
p:  208991.70078697853
5d40971b761b8fa98e2f9b6e
p:  212400.193210496
5d40976d51eb9031b62f9b63
p:  101827.77681999604
5d40979651eb9031b62f9b64
p:  507387.3662719892
5d4097ad41a90110252f9b6a
p:  152830.94427551806
5d4097c051eb9031b62f9b65
p:  175662.14912367656
5d4097ea50914cd6572f9b70
p:  100399.28826637495
5d4097eb51eb9031b62f9b66
p:  507387.3662719892
5d40984b50914cd6572f9b72
p:  213481.82716106132
5d40987341a90110252f9b6b
p:  141276.82047913419
5d40987b761b8fa98e2f9b77
p:  209558.38117712626
5d4098ca761b8fa98e2f9b79
p:  209237.53729844763
5d4098df41a90110252f9b6c
p:  305936.4845956515
5d4098f2761b8fa98e2f9b7a
p:  226587.4947938981
5d409908815ded12652f9b67
p:  143733.26125948393
5d40991e41a90110252f9b6d
p:  194284.72053338715
5d409975761b8fa98e2f9b7c
p:  324534.6341255204
5d4099ed761b8fa98e2f9b7f
p:  243601.09669272276
5d409a2851eb9031b62f9b73
p:  113809.80774083312
5d409a2c815ded12652f9b69
p:  291562.3028169957
5d409a3a761b8fa98e2f9b81
p:  348121.84669310716
5d409a492ef9443f632f9b9c
p:  565405.372199944
5d409a5151eb9031b62f9b74
p:  221806.15533238876
5d409a7951eb9031b62f9b75
p:  191400.5758006782
5d409ac92ef9443f632f9b9d
p:  609247.6072589774
5d409acd2fc141f3692f9b6c
p:  280502.8074395171
5d409ae1761b8fa98e2f9b85
p:  248188.0898691035
5d409b2050914cd6572f9b7a
p:  240575.25760102418
5d409b32761b8fa98e2f9b87
p:  199220.554467862
5d409b59761b8fa98e2f9b88
p:  271245.4243851475
5d409b66efdfe892e32f9b69
p:  320671.89049036463
5d409ba6761b8fa98e2f9b8a
p:  281612.7427887074
5d409bc22ef9443f632f9b9f
p:  378942.0476267234
5d409be951eb9031b62f9b7e
p:  238816.67336067295
5d409c38761b8fa98e2f9b8d
p:  183849.7031949166
5d409c7b1f445c32ba2f9b6b
p:  402968.7367471928
5d409c7c50914cd6572f9b7e
p:  808664.4845109992
5d409c90761b8fa98e2f9b8f
p:  248188.0898691035
5d409cb21f445c32ba2f9b6c
p:  584001.3520730658
5d409ce851eb9031b62f9b84
p:  196921.3439303032
5d409cf72fc141f3692f9b6d
p:  311013.48689074814
5d409cfeaf3d6afbe62f9b82
p:  603481.3747061159
5d409d30af3d6afbe62f9b85
p:  829864.4333157422
5d409d351f445c32ba2f9b6d
p:  345333.2484515882
5d409d45af3d6afbe62f9b86
p:  243224.08074400265
5d409d6451eb9031b62f9b87
p:  188810.18666592974
5d409d69af3d6afbe62f9b88
p:  317485.6951270096
5d409d8b761b8fa98e2f9b94
p:  241988.3567565105
5d409d8c51eb9031b62f9b88
p:  103519.86742232778
5d409db551eb9031b62f9b89
p:  370100.2473408411
5d409dc2af3d6afbe62f9b8b
p:  313066.182964901
5d409ddc41a90110252f9b73
p:  163954.0868892589
5d409ddeaf3d6afbe62f9b8d
p:  595780.2197529327
5d409de651eb9031b62f9b8a
p:  135689.36868256846
5d409e0f51eb9031b62f9b8b
p:  126749.94965892966
5d409e2b2fc141f3692f9b6f
p:  285551.1098273585
5d409e3a41a90110252f9b75
p:  201574.8728068198
5d409e3faf3d6afbe62f9b90
p:  779900.9091171734
5d409e8c51eb9031b62f9b8e
p:  158745.27877538666
5d409ea7761b8fa98e2f9b9b
p:  272074.36970667844
5d409eb451eb9031b62f9b8f
p:  150041.08263451315
5d409ecdef069a886a2f9b69
p:  264781.51138445357
5d409ed01f445c32ba2f9b71
p:  335006.7694014569
5d409ee35059a34d102f9b73
p:  335511.6476256995
5d409eebaf3d6afbe62f9b9a
p:  344637.4032867395
5d409f0851eb9031b62f9b91
p:  140278.97037738384
5d409f1e761b8fa98e2f9b9e
p:  320843.661200896
5d409f81efdfe892e32f9b6f
p:  218442.28448217135
5d409f89efdfe892e32f9b70
p:  192356.59393857885
5d409ffa41a90110252f9b78
p:  152830.94427551806
5d40a00351eb9031b62f9b97
p:  143064.1115287135
5d40a004f6c489720e2f9b74
p:  199339.6029184982
5d40a02b51eb9031b62f9b98
p:  151294.10326872178
5d40a049761b8fa98e2f9ba5
p:  194243.4010597523
5d40a05551eb9031b62f9b99
p:  288195.85150242114
5d40a088761b8fa98e2f9ba6
p:  143808.81948623277
5d40a09a2fc141f3692f9b70
p:  438619.07374288025
5d40a0a951eb9031b62f9b9b
p:  120529.06792652952
5d40a0cd41a90110252f9b79
p:  255050.97235635927
5d40a10141a90110252f9b7a
p:  226076.17401388843
5d40a12751eb9031b62f9b9e
p:  171443.72758987272
5d40a15151eb9031b62f9b9f
p:  141314.6044878887
5d40a16c2fc141f3692f9b75
p:  360030.03115487006
5d40a17c51eb9031b62f9ba0
p:  218151.4992351168
5d40a184efdfe892e32f9b76
p:  303624.9357540107
5d40a1a851eb9031b62f9ba1
p:  151294.10326872178
5d40a1da51eb9031b62f9ba2
p:  216206.3701108474
5d40a22e51eb9031b62f9ba4
p:  129400.22292499314
5d40a25751eb9031b62f9ba5
p:  140278.97037738384
5d40a258761b8fa98e2f9bb1
p:  212444.69525323948
5d40a2802fc141f3692f9b7e
p:  505908.78692551877
5d40a29eefdfe892e32f9b7b
p:  255065.00654754526
5d40a2d0761b8fa98e2f9bb4
p:  248188.0898691035
5d40a2f7761b8fa98e2f9bb5
p:  277511.74914044095
5d40a2fb51eb9031b62f9ba9
p:  61711.392801410104
5d40a320761b8fa98e2f9bb6
p:  282621.6404209071
5d40a32251eb9031b62f9baa
p:  129008.02659298523
5d40a34a761b8fa98e2f9bb7
p:  260786.61656440474
5d40a34b51eb9031b62f9bab
p:  68868.81079008749
5d40a370761b8fa98e2f9bb8
p:  208336.45989562667
5d40a37451eb9031b62f9bac
p:  246676.41287048504
5d40a39daf3d6afbe62f9ba3
p:  564728.3394828545
5d40a39e51eb9031b62f9bad
p:  153432.79116001574
5d40a3a52fc141f3692f9b86
p:  300297.54498321284
5d40a3ca51eb9031b62f9bae
p:  101827.77681999604
5d40a3cdaf3d6afbe62f9ba4
p:  306908.54395626974
5d40a3f551eb9031b62f9baf
p:  124347.57852296034
5d40a41f761b8fa98e2f9bbc
p:  308461.48108221067
5d40a426af3d6afbe62f9ba7
p:  407429.69446857844
5d40a44751eb9031b62f9bb1
p:  132707.9269975799
5d40a51a2fc141f3692f9b91
p:  385409.63573563343
5d40a53e761b8fa98e2f9bc2
p:  241467.96489715888
5d40a56d2fc141f3692f9b93
p:  269815.0741951909
5d40a59751eb9031b62f9bb9
p:  178042.1491486729
5d40a5bd2fc141f3692f9b95
p:  374272.056225301
5d40a5d451eb9031b62f9bba
p:  247299.06564334256
5d40a5dc2ef9443f632f9ba9
p:  508663.0115920839
5d40a5e32fc141f3692f9b96
p:  524011.07954715594
5d40a5f2761b8fa98e2f9bc6
p:  206685.37439721805
5d40a5fe51eb9031b62f9bbb
p:  192234.7748837301
5d40a6582fc141f3692f9b99
p:  609863.81016149
5d40a730761b8fa98e2f9bc8
p:  437791.7682011762
5d40a73141a90110252f9b87
p:  307959.19163710787
5d40a7395059a34d102f9b82
p:  188735.75257387213
5d40a75041a90110252f9b88
p:  90844.27476063423
5d40a78941a90110252f9b89
p:  118529.24053345197
5d40a7b941a90110252f9b8a
p:  163954.0868892589
5d40a81850914cd6572f9b98
p:  369283.2110785796
5d40a81cf6c489720e2f9b88
p:  198308.48654006785
5d40a86b50914cd6572f9b9a
p:  187556.21358083302
5d40a886761b8fa98e2f9bcb
p:  196480.36624508438
5d40a88741a90110252f9b8c
p:  137083.0795983323
5d40a8a5815ded12652f9b90
p:  341148.2207546839
5d40a8bf761b8fa98e2f9bcc
p:  322963.2028247624
5d40a8ee50914cd6572f9b9d
p:  229983.1808826945
5d40a99aef069a886a2f9b7c
p:  313530.1905634403
5d40a9bb41a90110252f9b8d
p:  133438.25701750422
5d40a9e0ef069a886a2f9b7d
p:  371453.60592042014
5d40a9e52ef9443f632f9bb1
p:  368453.8750000668
5d40a9faefdfe892e32f9b8a
p:  201911.5870086967
5d40aa1bfe721277b32f9b7d
p:  179370.31374835834
5d40aa26761b8fa98e2f9bcd
p:  288322.3256511248
5d40aa4250914cd6572f9ba0
p:  154243.8509331823
5d40aa95968e871dda2f9b8d
p:  272867.913518257
5d40aaeb2fc141f3692f9ba0
p:  382532.3792143571
5d40ab4f5059a34d102f9b8c
p:  204254.69642642574
5d40ab6941a90110252f9b94
p:  201119.96497942478
5d40ab9eefdfe892e32f9b8e
p:  119015.16351216039
5d40aba31f445c32ba2f9b81
p:  478319.98177192383
5d40abb12ef9443f632f9bb2
p:  422359.30869400385
5d40ac03fe721277b32f9b81
p:  578894.3521646939
5d40ac052fc141f3692f9ba3
p:  584757.4890656311
5d40ac19efdfe892e32f9b90
p:  228037.0866458139
5d40ac34761b8fa98e2f9bd1
p:  178286.51455162372
5d40acbe51eb9031b62f9bca
p:  115197.09149308088
5d40acdb761b8fa98e2f9bd3
p:  281552.9289257629
5d40acf1af3d6afbe62f9bb6
p:  670054.986556056
5d40acfe41a90110252f9b99
p:  79943.29952726793
5d40ad0e1f445c32ba2f9b82
p:  550906.8006333278
5d40ad241f445c32ba2f9b83
p:  340767.44486968365
5d40ad4341a90110252f9b9a
p:  135173.51483000422
5d40ad64ef069a886a2f9b81
p:  249989.14918710288
5d40add4761b8fa98e2f9bd6
p:  269493.6318314569
5d40ae18ef069a886a2f9b82
p:  249989.14918710288
5d40ae67fe721277b32f9b89
p:  448327.62896570005
5d40ae8e2ef9443f632f9bb6
p:  386897.45340572036
5d40aec9f6c489720e2f9b91
p:  224564.7949099516
5d40af0750914cd6572f9ba5
p:  289071.88494859973
5d40af1d50914cd6572f9ba6
p:  256532.0055347684
5d40af6d41a90110252f9b9e
p:  266929.0428564027
5d40af88efdfe892e32f9b9b
p:  168087.5706573893
5d40af8a41a90110252f9b9f
p:  201574.8728068198
5d40afe841a90110252f9ba1
p:  238070.89358395373
5d40aff61f445c32ba2f9b87
p:  688008.8041725587
5d40b0101f445c32ba2f9b88
p:  364232.7160959032
5d40b04241a90110252f9ba3
p:  135173.51483000422
5d40b0642fc141f3692f9bae
p:  522977.9920412709
5d40b06cefdfe892e32f9b9e
p:  221393.64656738442
5d40b07151eb9031b62f9bd1
p:  224797.56175530364
5d40b0d750914cd6572f9ba8
p:  268730.96474467136
5d40b0d92fc141f3692f9bb1
p:  376231.17885056784
5d40b100761b8fa98e2f9bdc
p:  250416.72327777266
5d40b145ef069a886a2f9b83
p:  198472.0551939065
5d40b172761b8fa98e2f9bdf
p:  427695.6427196729
5d40b1e5ef069a886a2f9b87
p:  255848.59211333306
5d40b33051eb9031b62f9bd7
p:  174135.31560950697
5d40b33c1f445c32ba2f9b8c
p:  556925.657992372
5d40b34d50914cd6572f9bb4
p:  239489.36238410155
5d40b37f1f445c32ba2f9b8d
p:  431626.8439596988
5d40b3ae2ef9443f632f9bbe
p:  386034.92944599414
5d40b3de2fc141f3692f9bb6
p:  860894.248476974
5d40b405ef069a886a2f9b8e
p:  394186.74168006645
5d40b44b5059a34d102f9b9f
p:  377262.6679954497
5d40b4b251eb9031b62f9bd9
p:  191286.8494353625
5d40b50950914cd6572f9bb7
p:  267301.552426782
5d40b51c50914cd6572f9bb8
p:  207138.31007918838
5d40b525efdfe892e32f9ba9
p:  330705.38917383994
5d40b5432ef9443f632f9bc0
p:  201360.4816820004
5d40b547761b8fa98e2f9be7
p:  312973.4771521415
5d40b57b761b8fa98e2f9be8
p:  311266.4648521199
5d40b58e761b8fa98e2f9be9
p:  312973.4771521415
5d40b5d5968e871dda2f9ba6
p:  163620.91513090808
5d40b5ed761b8fa98e2f9beb
p:  267324.3833342821
5d40b625761b8fa98e2f9bec
p:  243601.09669272276
5d40b63941a90110252f9bad
p:  184118.0563492444
5d40b67a1f445c32ba2f9b94
p:  441363.90868676524
5d40b6b72fc141f3692f9bba
p:  351038.43702573667
5d40b6b941a90110252f9baf
p:  217126.71607664664
5d40b749761b8fa98e2f9bed
p:  339929.2568099796
5d40b76d41a90110252f9bb0
p:  147039.88647383818
5d40b80e761b8fa98e2f9bee
p:  250125.13845519966
5d40b8111f445c32ba2f9b96
p:  554732.6927221564
5d40b84951eb9031b62f9bdf
p:  237814.80108633847
5d40b857ef069a886a2f9b97
p:  198887.3009031947
5d40b86a761b8fa98e2f9bf1
p:  263897.321401941
5d40b876968e871dda2f9bad
p:  279775.1517390556
5d40b8971f445c32ba2f9b99
p:  378200.80908552615
5d40b8a241a90110252f9bb5
p:  1194870.4321590504
5d40b94f761b8fa98e2f9bf2
p:  276728.4921580313
5d40b967761b8fa98e2f9bf3
p:  255963.97567807688
5d40b9845059a34d102f9ba8
p:  406874.2736666973
5d40b9c62fc141f3692f9bbc
p:  791120.9436366486
5d40ba7f1f445c32ba2f9b9d
p:  374542.8946051299
5d40baf851eb9031b62f9be3
p:  148756.7151841675
5d40bb0951eb9031b62f9be4
p:  143114.55093603703
5d40bb771f445c32ba2f9ba0
p:  773210.1941078807
5d40bb921f445c32ba2f9ba1
p:  845797.7483100253
5d40bbc650914cd6572f9bc0
p:  262775.9353686582
5d40bc0141a90110252f9bbe
p:  217065.70553876794
5d40bc2a1f445c32ba2f9ba3
p:  322713.3056924415
5d40bc4b2ef9443f632f9bd5
p:  462943.07790541946
5d40bc651f445c32ba2f9ba4
p:  858646.7752417543
5d40bc9d51eb9031b62f9be5
p:  181313.33178145415
5d40bce35059a34d102f9bad
p:  138146.74256817024
5d40bdb62fc141f3692f9bc3
p:  796009.8692460388
5d40bdc11f445c32ba2f9bae
p:  339530.55504780036
5d40be30fe721277b32f9b99
p:  307743.26598177664
5d40be312fc141f3692f9bc5
p:  425023.9143534418
5d40be4450914cd6572f9bc4
p:  189906.3192098187
5d40be581f445c32ba2f9bb0
p:  431417.6608136239
5d40be932ef9443f632f9bdd
p:  886994.4429289061
5d40be9b1f445c32ba2f9bb1
p:  454742.07687772985
5d40beb92ef9443f632f9bde
p:  419901.9414146721
5d40bec441a90110252f9bc3
p:  225951.4520243406
5d40bed32fc141f3692f9bc8
p:  562681.5439466906
5d40beef761b8fa98e2f9bfd
p:  197656.06653451163
5d40bf0a2fc141f3692f9bc9
p:  561839.7836744512
5d40bf3e50914cd6572f9bc6
p:  240295.821621218
5d40c044968e871dda2f9bb7
p:  236478.74524797144
5d40c07b1f445c32ba2f9bb5
p:  520351.8691858602
5d40c0ab51eb9031b62f9bed
p:  66543.22677428095
5d40c0ca50914cd6572f9bcd
p:  544898.3083216145
5d40c0e151eb9031b62f9bee
p:  231623.14102033776
5d40c0f31f445c32ba2f9bb7
p:  358645.2923523061
5d40c122761b8fa98e2f9c02
p:  286152.0448918282
5d40c1491f445c32ba2f9bb8
p:  497727.4912329091
5d40c14aefdfe892e32f9bc0
p:  257590.29103704757
5d40c14f761b8fa98e2f9c03
p:  241659.30181870083
5d40c19541a90110252f9bc7
p:  124266.29207092522
5d40c22c41a90110252f9bc8
p:  420615.5563286861
5d40c25741a90110252f9bc9
p:  178711.57571681237
5d40c27f2ef9443f632f9be6
p:  552855.5646917623
5d40c2cc51eb9031b62f9bf1
p:  190288.63725657563
5d40c2dc968e871dda2f9bc0
p:  374987.1371655979
5d40c2fd51eb9031b62f9bf2
p:  150041.08263451315
5d40c33bf6c489720e2f9bbb
p:  281337.4909704805
5d40c344ef069a886a2f9bab
p:  406719.7284870586
5d40c34541a90110252f9bca
p:  195571.72805843572
5d40c35d1f445c32ba2f9bbd
p:  513631.6260714584
5d40c36351eb9031b62f9bf4
p:  194834.47313844893
5d40c40441a90110252f9bce
p:  153750.32624039386
5d40c4f4f6c489720e2f9bbe
p:  197124.03742405484
5d40c4f8761b8fa98e2f9c0b
p:  282826.93328852346
5d40c51150914cd6572f9bdb
p:  241271.14360386567
5d40c52750914cd6572f9bdc
p:  244610.65855151697
5d40c53650914cd6572f9bdd
p:  145999.26156594278
5d40c53b2ef9443f632f9bed
p:  567962.5014730482
5d40c567761b8fa98e2f9c0f
p:  286326.1203927427
5d40c57bef069a886a2f9bb4
p:  348822.3842761661
5d40c599f6c489720e2f9bbf
p:  264128.35310993256
5d40c5d1f6c489720e2f9bc0
p:  278330.9926316226
5d40c5d2761b8fa98e2f9c10
p:  184811.7212560585
5d40c602761b8fa98e2f9c12
p:  291442.50589761825
5d40c633af3d6afbe62f9be3
p:  328983.6490561204
5d40c655968e871dda2f9bcb
p:  237994.5067203752
5d40c669f6c489720e2f9bc1
p:  254698.59031337732
5d40c69f2fc141f3692f9bd5
p:  589897.6247491695
5d40c6e2761b8fa98e2f9c15
p:  243991.81728177727
5d40c717761b8fa98e2f9c16
p:  237400.29350461566
5d40c7a2f6c489720e2f9bc5
p:  188748.84015053936
5d40c7c3ef069a886a2f9bbd
p:  190181.36080432238
5d40c7e02ef9443f632f9bf3
p:  553213.5676433697
5d40c7e81f445c32ba2f9bc4
p:  272492.6194973556
5d40c8085059a34d102f9bbd
p:  269431.2195758552
5d40c8122fc141f3692f9bd8
p:  366845.24063441297
5d40c81d51eb9031b62f9bfa
p:  362435.4141994169
5d40c82defdfe892e32f9bd2
p:  384300.98355049564
5d40c8ae2ef9443f632f9bf6
p:  498307.1846625939
5d40c8b350914cd6572f9be2
p:  187233.91986909637
5d40c8bc2ef9443f632f9bf7
p:  443921.1616363798
5d40c8f551eb9031b62f9bfc
p:  101827.77681999604
5d40c9082ef9443f632f9bf9
p:  364458.91130477795
5d40c928761b8fa98e2f9c1a
p:  188315.4269802714
5d40c92c2ef9443f632f9bfa
p:  539225.5129133018
5d40c9f250914cd6572f9be5
p:  269942.6720293155
5d40ca2150914cd6572f9be6
p:  293241.9750457006
5d40ca2d2ef9443f632f9bfb
p:  364163.221340875
5d40ca4bf6c489720e2f9bc9
p:  257947.59641377768
5d40ca671f445c32ba2f9bc7
p:  384796.85318779363
5d40ca802fc141f3692f9bdd
p:  1173788.0761365988
5d40ca862ef9443f632f9bfc
p:  384248.3563460823
5d40ca9e50914cd6572f9be8
p:  206658.36541881273
5d40cab051eb9031b62f9c00
p:  235052.84531905816
5d40cad02fc141f3692f9bdf
p:  442206.2776772841
5d40cb035059a34d102f9bbe
p:  268730.96474467136
5d40cb282ef9443f632f9bfe
p:  509876.80127275083
5d40cb85f6c489720e2f9bcc
p:  222269.5881979601
5d40cb9d5059a34d102f9bc1
p:  352837.52234180697
5d40cc1d761b8fa98e2f9c1b
p:  315452.9701434071
5d40cc6b761b8fa98e2f9c1c
p:  285310.5033976388
5d40cca35059a34d102f9bc4
p:  425767.4139277541
5d40cca51f445c32ba2f9bcd
p:  544870.6361482975
5d40cca950914cd6572f9bf0
p:  341773.2564663681
5d40ccbe50914cd6572f9bf1
p:  229983.1808826945
5d40ccd42ef9443f632f9c04
p:  579673.3887681057
5d40cd6151eb9031b62f9c02
p:  158425.4728919305
5d40cd7af6c489720e2f9bd1
p:  257220.27244413272
5d40cdca51eb9031b62f9c04
p:  216505.41974385382
5d40cde15059a34d102f9bc8
p:  324948.2498737052
5d40cdf42ef9443f632f9c06
p:  438663.3910022812
5d40cdfbf6c489720e2f9bd4
p:  222938.4252885659
5d40ce0551eb9031b62f9c05
p:  115415.49110170346
5d40ce132ef9443f632f9c07
p:  563124.0008160893
5d40ce5751eb9031b62f9c06
p:  216188.9322091529
5d40ce6e5059a34d102f9bc9
p:  346537.6276786288
5d40ce77815ded12652f9bdf
p:  432722.22809280764
5d40ce7f51eb9031b62f9c07
p:  152334.34655675027
5d40ceb5ef069a886a2f9bd3
p:  158668.74346071863
5d40cec951eb9031b62f9c08
p:  131682.93549259152
5d40cedb1f445c32ba2f9bd1
p:  641159.0780338186
5d40cf1251eb9031b62f9c09
p:  156252.38320461992
5d40cf1b41a90110252f9be6
p:  120319.71701985678
5d40cf425059a34d102f9bcd
p:  386857.92151439877
5d40cf4cf6c489720e2f9bd5
p:  196969.19314902343
5d40cf8d51eb9031b62f9c0a
p:  129400.22292499314
5d40cfac51eb9031b62f9c0b
p:  213742.8740769381
5d40cfc3968e871dda2f9bea
p:  292741.14547798585
5d40d0c5f6c489720e2f9bd7
p:  417840.5171671001
5d40d12a761b8fa98e2f9c22
p:  285541.70816805586
5d40d1a8f6c489720e2f9bd9
p:  233973.50335969945
5d40d1b1815ded12652f9bf2
p:  267533.384605724
5d40d22a5059a34d102f9bd6
p:  269942.6720293155
5d40d269968e871dda2f9bf0
p:  235320.60716510226
5d40d2d151eb9031b62f9c0e
p:  237245.74813896843
5d40d343f6c489720e2f9bdc
p:  256947.72880609432
5d40d3752fc141f3692f9bf6
p:  416375.79509468516
5d40d375f6c489720e2f9bdd
p:  278238.48882878246
5d40d37550914cd6572f9c00
p:  194590.06668811804
5d40d379968e871dda2f9bf6
p:  441482.43372673524
5d40d3a3968e871dda2f9bf7
p:  285719.19068072166
5d40d3b1968e871dda2f9bf8
p:  236478.74524797144
5d40d41baf3d6afbe62f9bfd
p:  617230.6529596029
5d40d425efdfe892e32f9bef
p:  296912.5177444618
5d40d42ef6c489720e2f9bdf
p:  197124.03742405484
5d40d430761b8fa98e2f9c25
p:  276502.9206960059
5d40d46241a90110252f9bf1
p:  250950.96276631657
5d40d532761b8fa98e2f9c28
p:  212476.85820402647
5d40d562761b8fa98e2f9c29
p:  387467.26221735147
5d40d5b7f6c489720e2f9be0
p:  210366.06068802686
5d40d5f6f6c489720e2f9be1
p:  206651.48595773696
5d40d668968e871dda2f9bfd
p:  429224.6624563181
5d40d66faf3d6afbe62f9c04
p:  327304.53938972834
5d40d67bf6c489720e2f9be2
p:  204323.16352414465
5d40d6a22ef9443f632f9c13
p:  304455.2561262232
5d40d6a950914cd6572f9c09
p:  259606.73757710896
5d40d6b5968e871dda2f9bff
p:  245455.77695842605
5d40d6bcf6c489720e2f9be3
p:  252014.98254262237
5d40d6e2f6c489720e2f9be4
p:  333705.8962663234
5d40d750c2a68f303a2f9be9
p:  232697.57409714255
5d40d7802fc141f3692f9c01
p:  300297.54498321284
5d40d78b968e871dda2f9c03
p:  369570.8886485413
5d40d78dc2a68f303a2f9bec
p:  213748.60265777967
5d40d7912ef9443f632f9c16
p:  308321.07267472055
5d40d7c650914cd6572f9c0c
p:  340744.68148639065
5d40d7d3efdfe892e32f9bf9
p:  146710.5950914902
5d40d7e0815ded12652f9c17
p:  201708.9459891576
5d40d84950914cd6572f9c0e
p:  313814.6442246997
5d40d87aefdfe892e32f9bfa
p:  199688.90375537064
5d40d89650914cd6572f9c10
p:  209355.05060990553
5d40d8b0f6c489720e2f9be6
p:  205225.11260621875
5d40d8bf41a90110252f9bfd
p:  137212.8798265141
5d40d8d541a90110252f9bfe
p:  126774.38772598747
5d40d8e3f6c489720e2f9be7
p:  350434.07056924084
5d40d8ff1f445c32ba2f9be3
p:  255292.77655746965
5d40d9125059a34d102f9be1
p:  214302.3750886154
5d40d91e5059a34d102f9be2
p:  343073.40945483913
5d40d93af6c489720e2f9be8
p:  209405.5367902417
5d40d99650914cd6572f9c12
p:  293842.6338670645
5d40da4c41a90110252f9c03
p:  145670.3459906575
5d40daa451eb9031b62f9c1a
p:  127916.47344566541
5d40daf52fc141f3692f9c06
p:  285551.1098273585
5d40db41968e871dda2f9c08
p:  296233.4283523372
5d40db5f968e871dda2f9c09
p:  236478.74524797144
5d40dc0ff6c489720e2f9beb
p:  247569.84397751803
5d40dc2a761b8fa98e2f9c33
p:  283055.2042559442
5d40dc765059a34d102f9be9
p:  288151.1855068599
5d40dc7a51eb9031b62f9c1e
p:  154365.11049354816
5d40dcae761b8fa98e2f9c34
p:  288395.2673088912
5d40dcd9f6c489720e2f9bec
p:  248349.51936163643
5d40dd4341a90110252f9c04
p:  126080.39212456487
5d40ddbd50914cd6572f9c17
p:  236780.60287641588
5d40ddf2f6c489720e2f9bef
p:  241246.53126993368
5d40de11f6c489720e2f9bf0
p:  278771.46104481013
5d40de2851eb9031b62f9c21
p:  129061.2143463896
5d40de7c5059a34d102f9bea
p:  264216.01600800117
5d40de7f968e871dda2f9c10
p:  201036.6086224073
5d40dec95059a34d102f9beb
p:  341268.0072184422
5d40dedef6c489720e2f9bf2
p:  286481.17209389724
5d40dfa12bf577e9662f9c34
p:  173547.9245803164
5d40dfe9f6c489720e2f9bf3
p:  257947.59641377768
5d40e01541a90110252f9c0b
p:  251062.70183599548
5d40e01c761b8fa98e2f9c37
p:  254226.57553094285
5d40e060ef069a886a2f9bf4
p:  248507.90078900324
5d40e063fe721277b32f9be2
p:  281108.673988831
5d40e08efe721277b32f9be3
p:  294087.7505311685
5d40e14ff6c489720e2f9bf9
p:  246702.22698782722
5d40e18defdfe892e32f9c18
p:  365519.2376999365
5d40e1b451eb9031b62f9c27
p:  127916.47344566541
5d40e2772fc141f3692f9c16
p:  174236.02941352903
5d40e2862ef9443f632f9c25
p:  549660.3583890353
5d40e2ac2fc141f3692f9c17
p:  316384.033298632
5d40e2b92ef9443f632f9c26
p:  841478.8666771558
5d40e2c7ef069a886a2f9bfa
p:  189460.1230313237
5d40e32651eb9031b62f9c2d
p:  226655.14494283107
5d40e36951eb9031b62f9c2f
p:  127916.47344566541
5d40e380ef069a886a2f9bfc
p:  120334.4410091648
5d40e3c1f6c489720e2f9c01
p:  251142.19881748222
5d40e3fb2fc141f3692f9c19
p:  285551.1098273585
5d40e40e51eb9031b62f9c32
p:  106992.0891392733
5d40e43e51eb9031b62f9c33
p:  219531.88877778035
5d40e472ef069a886a2f9bff
p:  176806.5981031909
5d