Current date and time: 2020-06-07 15:34:19
Successfully connect to DB.
For ['Atascosa', 'Bandera', 'Bexar', 'Calhoun', 'Comal', 'Dewitt', 'Frio', 'Gillespie', 'Goliad', 'Gonzales', 'Guadalupe', 'Jackson', 'Karnes', 'Kendall', 'Kerr', 'Lavaca', 'Medina', 'Victoria', 'Wilson']#################################################################
train score for random_forest: 0.9354439615205068
test score for random_forest: 0.5305967374556941
The mean absolute error is:$ 110783.1140891526
r_Score: 0.5504591479851684
Voting Regressor (in): 0.9221815705154606
Voting Regressor: 0.5504591479851684
5d07ebd77c1d83daee248ac4
p:  523678.15470076725
5d0815227c1d83daee248b6d
p:  164289.70469975437
5d0a4f21fa7544d5f27ba68d
p:  406761.67543564516
5d0a5102fa7544d5f27ba694
p:  117030.44541818538
5d0d295eae78f7f2d314adc2
p:  234444.41627700825
5d1223873c125a7704423e03
p:  110905.04571001456
5d1223eabb44302838423d58
p:  224829.37643890845
5d12248ebb44302838423d5b
p:  299903.3198334721
5d1224f8bb44302838423d5d
p:  236330.31367025367
5d1226283c125a7704423e06
p:  225482.26003531783
5d122b1a3c125a7704423e13
p:  139406.83701234809
5d122b9f1230660100423d14
p:  149687.15850285435
5d122ce8bb44302838423d6c
p:  198289.40823238072
5d1230c71230660100423d1c
p:  110797.16599868279
5d123baecc109836ee424033
p:  217581.74203822197
5d123e7fffa0001193423f16
p:  375276.9544417771
5d123ea9ffa0001193423f17
p:  201376.5330912941
5d123ec0cc109836ee424040
p:  207406.926555338
5d123f27cc109836ee424042
p:  344943.5257878022
5d124038ffa0001193423f1e
p:  327786.8254139618
5d124085ffa0001193423f1f
p:  514440.9819618397
5d1240c7cc109836ee424049
p:  239991.90260627278
5d12415ecc109836ee42404c
p:  325872.5312980887
5d124344ffa0001193423f2f
p:  181253.94293836458
5d12437dffa0001193423f30
p:  348135.4954586371
5d1246991230660100423d94
p:  427205.5308578022
5d12476ceb3bdbd07f423fe7
p:  348897.8037133103
5d12482aeb3bdbd07f423feb
p:  209975.95625878012
5d1249411230660100423da5
p:  429464.3396287748
5d1249efeb3bdbd07f423ff4
p:  269918.44937300356
5d124b60ffa0001193423f48
p:  471024.77112344187
5d124bc54b501536b8423fdf
p:  324144.51562047785
5d124cbb53275a0156423d5a
p:  413869.9826882042
5d124ce053275a0156423d5b
p:  314507.02265196596
5d124d11cc109836ee424073
p:  170541.54459365612
5d124d574b501536b8423fe1
p:  272322.7922976578
5d124d91ffa0001193423f56
p:  424379.1176079239
5d124d9353275a0156423d60
p:  351803.16948347073
5d124dd053275a0156423d62
p:  238736.93283660998
5d124dd7ffa0001193423f58
p:  394481.4398694495
5d124e6553275a0156423d66
p:  207683.1437603188
5d124e9f4b501536b8423fe6
p:  302701.65896755824
5d124f0e4b501536b8423fe9
p:  338576.96276062855
5d12504e1230660100423db6
p:  246346.9997045763
5d125065ffa0001193423f64
p:  373349.6546006467
5d1250a3ffa0001193423f65
p:  370516.18865339755
5d1250b0eb3bdbd07f42400f
p:  211470.16907474864
5d1250e4ffa0001193423f66
p:  449769.1762368431
5d12511cffa0001193423f67
p:  337466.09690543194
5d125174cc109836ee42408c
p:  271007.3334616448
5d1251903c125a7704423e6d
p:  507827.6899563874
5d1251bccc109836ee42408e
p:  213648.1088182291
5d125350cc109836ee424097
p:  210190.5285573866
5d1256a0ffa0001193423f84
p:  198304.8259107997
5d125820ffa0001193423f8c
p:  272143.8416406347
5d125a01cc109836ee4240b1
p:  213648.1088182291
5d125ac03c125a7704423ea4
p:  342816.49860244093
5d125b96cc109836ee4240b7
p:  242517.5622074284
5d125befffa0001193423f9e
p:  400978.32144957787
5d125d06ffa0001193423fa3
p:  354740.32545952656
5d125ef34b501536b8423fff
p:  251734.27001441587
5d125ff24b501536b8424003
p:  430282.9871419428
5d1261714b501536b842400a
p:  335416.04652307206
5d1262b44b501536b842400f
p:  202666.91458153405
5d1263054b501536b8424010
p:  336926.1373993866
5d1263384b501536b8424011
p:  288928.1702616041
5d12639a4b501536b8424013
p:  265757.07705218997
5d126442ffa0001193423fbe
p:  465857.9543882953
5d1266873c125a7704423ed7
p:  277469.0751726128
5d12668b4b501536b842401c
p:  371319.41188286326
5d1267864b501536b842401d
p:  293015.2095842975
5d1268433c125a7704423ee4
p:  403632.36977546447
5d126894cc109836ee4240f2
p:  164303.27661826427
5d126ac94b501536b8424027
p:  284739.77208403125
5d126be43c125a7704423f01
p:  261020.61203991325
5d126d9e3c125a7704423f0b
p:  343300.2270822477
5d126f45ffa0001193423ff1
p:  441038.44170926354
5d1271951230660100423e21
p:  657403.4722756019
5d1271c3ffa0001193423ffe
p:  418732.43257073476
5d1272681230660100423e27
p:  1544232.8344995
5d1273ceffa0001193424008
p:  311006.98958791565
5d1273f6ffa0001193424009
p:  333693.38443376264
5d127423ffa000119342400a
p:  563967.9600531985
5d127455ffa000119342400b
p:  342812.3334413521
5d127a0f1230660100423e5b
p:  158312.624110333
5d127ace1230660100423e5f
p:  289946.16904044384
5d127b041230660100423e60
p:  145565.64359722374
5d127c001230660100423e64
p:  296886.20785477426
5d127c651230660100423e66
p:  286580.98987770104
5d127c68cc109836ee424157
p:  158044.4206767528
5d127d6cf3fb2f2cf3423e9c
p:  259085.9670681461
5d127da6eb3bdbd07f42407e
p:  188364.91916598173
5d127dd04b501536b8424040
p:  343834.8374267415
5d1280783c125a7704423f50
p:  294268.6681295765
5d1280caffa0001193424038
p:  317556.99593082734
5d12818effa000119342403c
p:  381817.9262230389
5d1282843c125a7704423f58
p:  261885.85791927832
5d12836c4b501536b842404b
p:  809743.8375270613
5d12857dffa000119342404a
p:  438097.70676068193
5d12861e4b501536b8424058
p:  607993.1109390659
5d128665eb3bdbd07f4240a7
p:  195456.50734606513
5d128721cc109836ee424185
p:  273302.1002067119
5d1289e3eb3bdbd07f4240b1
p:  338042.6349274772
5d1289e8ffa000119342405a
p:  548287.7429773598
5d128b28f3fb2f2cf3423eaa
p:  320209.4456546252
5d128b5a4b501536b842406c
p:  228766.12089920562
5d128c28eb3bdbd07f4240ba
p:  246592.3386381611
5d128ca0ffa0001193424065
p:  464947.8515267528
5d128d06cc109836ee424196
p:  385218.38155132707
5d128d59cc109836ee424198
p:  437636.6595901323
5d128d81cc109836ee424199
p:  265790.73280448397
5d128dabcc109836ee42419a
p:  284215.0485221357
5d128dd1cc109836ee42419b
p:  355713.4713584629
5d128df1cc109836ee42419c
p:  215679.28341111992
5d128e70ffa0001193424071
p:  343843.6060892213
5d129058ffa000119342407b
p:  415507.93394941423
5d129060bdd80ed7ba4240ca
p:  175414.00822965574
5d129091eb3bdbd07f4240d1
p:  1834977.808561707
5d1290f5eb3bdbd07f4240d2
p:  476269.17113182414
5d129205eb3bdbd07f4240d6
p:  216964.45722691668
5d12922ff3fb2f2cf3423ebf
p:  430256.99523018644
5d129269cc109836ee4241b5
p:  221999.87331571776
5d1294e9cc109836ee4241bf
p:  183091.35534800438
5d1297aef3fb2f2cf3423ed5
p:  230059.7648044831
5d129821cc109836ee4241cc
p:  284210.92930427694
5d1298c9cc109836ee4241d0
p:  370158.8586471075
5d12991c4b501536b842408f
p:  669660.1922622113
5d1299394b501536b8424090
p:  333890.19467576867
5d12993cffa000119342409e
p:  314813.83321822644
5d129950f3fb2f2cf3423edb
p:  347556.5660423611
5d12996dffa000119342409f
p:  371624.52719960944
5d129ac74b501536b8424095
p:  193158.38528496973
5d129adcf3fb2f2cf3423ee6
p:  458895.3549042163
5d129b4acc109836ee4241df
p:  205864.12317548698
5d129b7fcc109836ee4241e0
p:  243847.00000496494
5d129bcff3fb2f2cf3423eed
p:  229592.72407804063
5d129c6bbdd80ed7ba4240d6
p:  269559.96324352146
5d129ca7eb3bdbd07f4240ea
p:  178661.03452772318
5d129cf5bdd80ed7ba4240d9
p:  229465.16532485947
5d129d51cc109836ee4241e4
p:  242552.59339260543
5d129d8ccc109836ee4241e5
p:  225047.0295462445
5d129e3ebdd80ed7ba4240e2
p:  190062.33398825763
5d129e43ffa00011934240b5
p:  381964.26723910705
5d129e43cc109836ee4241ea
p:  323284.26407945
5d129e601230660100423eb6
p:  444551.35159858933
5d129e761230660100423eb7
p:  559182.4833484817
5d129ef0bdd80ed7ba4240e5
p:  214225.6463108183
5d129f25bdd80ed7ba4240e6
p:  237754.66250125706
5d129fb81230660100423eb9
p:  262093.28717186628
5d12a008cc109836ee4241f7
p:  301516.07195138256
5d12a0171230660100423ebe
p:  272061.3418123474
5d12a05cb7ae3de20d8d6e6f
p:  255855.30325127096
5d12a075bdd80ed7ba4240eb
p:  212700.90439799038
5d12a0821230660100423ec2
p:  358023.43256133364
5d12a0b2cc109836ee4241fa
p:  259139.14462804483
5d12a12d53275a0156423e18
p:  395237.29264171113
5d12a167cc109836ee4241ff
p:  299650.7486978754
5d12a1904b501536b84240b6
p:  313083.57659816626
5d12a1991230660100423eca
p:  308587.3708398659
5d12a1c0f3fb2f2cf3423f0c
p:  845804.2959929826
5d12a23fffa00011934240c8
p:  386970.39715158986
5d12a2c34b501536b84240b9
p:  262484.7835150091
5d12a2d61230660100423ecc
p:  405182.224580838
5d12a3061230660100423ecd
p:  288963.8076065326
5d12a3431230660100423ecf
p:  289481.50327720295
5d12a368cc109836ee42420c
p:  335753.2741298499
5d12a3da1230660100423ed4
p:  230475.5771217067
5d12a46d1230660100423ed7
p:  244617.91925258137
5d12a4b7bdd80ed7ba4240ff
p:  196225.93992029934
5d12a5c4f3fb2f2cf3423f25
p:  240409.8448906917
5d12a623bdd80ed7ba424105
p:  236770.29068359698
5d12a68e1230660100423edc
p:  337762.47885523806
5d12a6b8bdd80ed7ba424108
p:  219884.54025174965
5d12a7041230660100423ee0
p:  364357.4992771414
5d12a705bb44302838423eb4
p:  204324.1991875697
5d12a71dcc109836ee424221
p:  165162.32507027805
5d12a71e1230660100423ee1
p:  266050.54226830066
5d12a7401230660100423ee2
p:  293863.1859989847
5d12a750bdd80ed7ba42410b
p:  185756.6367533247
5d12a7591230660100423ee3
p:  288292.7057078403
5d12a78ecc109836ee424223
p:  1751928.69798866
5d12a7cccc109836ee424224
p:  284420.85692161066
5d12a878bb44302838423ebc
p:  236918.80795394222
5d12a8c1ffa00011934240e6
p:  525557.3301262616
5d12a91ff3fb2f2cf3423f38
p:  243810.7183526782
5d12aa3cbdd80ed7ba424116
p:  190062.33398825763
5d12aa6dbdd80ed7ba424117
p:  222143.62964760215
5d12aa8cbdd80ed7ba424118
p:  228700.29348752735
5d12aababdd80ed7ba424119
p:  340123.3066162197
5d12aae5bdd80ed7ba42411a
p:  206582.02951689548
5d12ab52f3fb2f2cf3423f46
p:  300068.8751103785
5d12ab701230660100423eed
p:  338150.5302312401
5d12ac61bdd80ed7ba424121
p:  296046.3115925695
5d12ac9c1230660100423ef2
p:  315070.0608693735
5d12acb0bdd80ed7ba424123
p:  174437.31213952406
5d12accc1230660100423ef3
p:  238333.4061208772
5d12acdf1230660100423ef4
p:  260788.65164330063
5d12add93c125a7704424005
p:  213927.04834740475
5d12adf7cc109836ee424243
p:  293047.71855715784
5d12ae0dbdd80ed7ba42412a
p:  122091.63810684561
5d12ae35bdd80ed7ba42412b
p:  224707.80939057423
5d12ae43cc109836ee424244
p:  351899.38708837377
5d12aef6cc109836ee424248
p:  310252.9313768863
5d12af20cc109836ee424249
p:  293496.42263614654
5d12af3b1230660100423f00
p:  273470.17634596385
5d12af581230660100423f01
p:  258485.35752892416
5d12af64bdd80ed7ba424132
p:  175114.08961270307
5d12afbf3c125a7704424006
p:  256173.6300162703
5d12afe63c125a7704424007
p:  221132.41277053795
5d12b01dbb44302838423eea
p:  392919.4394042848
5d12b0c71230660100423f08
p:  267902.1096766584
5d12b198bb44302838423ef0
p:  236626.53742425004
5d12b19e3c125a7704424008
p:  133059.27145211856
5d12b1d11230660100423f0b
p:  259381.8343138629
5d12b1e81230660100423f0c
p:  302781.2481003335
5d12b1efeb3bdbd07f42412c
p:  210238.38394179888
5d12b2031230660100423f0d
p:  219292.77247018684
5d12b237cc109836ee424259
p:  225047.0295462445
5d12b249eb3bdbd07f42412d
p:  326222.95839264523
5d12b24a1230660100423f0e
p:  244284.27467842482
5d12b274bdd80ed7ba424142
p:  165178.38133593538
5d12b29acc109836ee42425b
p:  400475.2681349347
5d12b2bfbb44302838423ef7
p:  255204.28719227295
5d12b2c2cc109836ee42425c
p:  215487.3777711435
5d12b3963c125a770442400c
p:  201381.30012177967
5d12b3b13c125a770442400d
p:  270331.30719222967
5d12b3cbbb44302838423efe
p:  150305.1988334032
5d12b4493c125a770442400f
p:  308020.36918922776
5d12b4fdbb44302838423f05
p:  377433.43028800096
5d12b52253275a0156423e41
p:  391769.2455616077
5d12b529bb44302838423f06
p:  197849.66821864276
5d12b588cc109836ee42426d
p:  180474.67934623396
5d12b58beb3bdbd07f424130
p:  284576.52262173046
5d12b59d3c125a7704424013
p:  215654.06952073955
5d12b5c0cc109836ee42426e
p:  225047.0295462445
5d12b5d94b501536b84240df
p:  469094.3648495994
5d12b61ccc109836ee42426f
p:  230203.8890459166
5d12b6774b501536b84240e2
p:  173901.18397371832
5d12b680bdd80ed7ba424153
p:  219293.65717745305
5d12b6a94b501536b84240e3
p:  322766.0469248179
5d12b6b6bdd80ed7ba424154
p:  282475.8526127607
5d12b6f94b501536b84240e5
p:  377630.6365163063
5d12b73c4b501536b84240e6
p:  137116.6301653279
5d12b7a14b501536b84240e9
p:  293427.3205710364
5d12b7b4cc109836ee424276
p:  254203.01970674912
5d12b7f5bdd80ed7ba424158
p:  250810.00747854734
5d12b824bdd80ed7ba424159
p:  209484.45738492673
5d12b855bdd80ed7ba42415a
p:  133371.11180315758
5d12b860eb3bdbd07f424133
p:  233343.76216684876
5d12b88ceb3bdbd07f424134
p:  459239.49888625613
5d12b8eceb3bdbd07f424136
p:  267090.3212052993
5d12b9054b501536b84240f0
p:  124044.66848015424
5d12b9214b501536b84240f1
p:  408351.91615436604
5d12b9434b501536b84240f2
p:  1036249.0776373557
5d12b97f4b501536b84240f3
p:  182943.33466005558
5d12b9b94b501536b84240f4
p:  317197.76160372514
5d12b9fc4b501536b84240f6
p:  247943.2917934194
5d12ba2b4b501536b84240f7
p:  305066.7895431061
5d12ba2beb3bdbd07f42413e
p:  336630.56894148217
5d12ba951230660100423f18
p:  290932.4377946191
5d12baba4b501536b84240f8
p:  167192.8815169744
5d12bac0f3fb2f2cf3423f90
p:  366996.7045691786
5d12bae24b501536b84240f9
p:  398698.9070056805
5d12bb904b501536b84240fa
p:  265080.3882598822
5d12bbc44b501536b84240fb
p:  295288.88098072284
5d12bbd63c125a7704424017
p:  172658.04666022502
5d12bc134b501536b84240fc
p:  282169.1300973525
5d12bc3beb3bdbd07f424147
p:  308927.14209953864
5d12bc8a4b501536b84240fd
p:  140492.38773469185
5d12bd2f4b501536b84240ff
p:  171095.9652587055
5d12bdb14b501536b8424100
p:  223494.6525719227
5d12bdff4b501536b8424101
p:  558723.8998893877
5d12be1ecc109836ee424289
p:  593820.9651729028
5d12be234b501536b8424102
p:  303143.73392296804
5d12be794b501536b8424103
p:  454268.5344659855
5d12bf004b501536b8424105
p:  174693.6700984579
5d12c00bffa0001193424133
p:  179272.69525952014
5d12c01ceb3bdbd07f424156
p:  442064.2329431758
5d12c044bb44302838423f31
p:  237703.06656301292
5d12c0bfbb44302838423f33
p:  309681.50976859045
5d12c0f64b501536b842410b
p:  266547.65607848624
5d12c167eb3bdbd07f42415a
p:  195064.43856987104
5d12c19fffa0001193424137
p:  146978.64110811046
5d12c1bbeb3bdbd07f42415b
p:  339224.8005910287
5d12c239eb3bdbd07f42415c
p:  231395.0719302626
5d12c23bffa0001193424139
p:  268846.937384035
5d12c40bffa0001193424141
p:  202547.0206696845
5d12c456eb3bdbd07f424165
p:  245737.50533082726
5d12c489eb3bdbd07f424166
p:  229246.9677218016
5d12c4a7ffa0001193424145
p:  222735.4001797879
5d12c4adeb3bdbd07f424167
p:  311953.58349010407
5d12c4d14b501536b8424115
p:  433650.0618054907
5d12c4d7eb3bdbd07f424168
p:  295846.7103744849
5d12c505ffa0001193424147
p:  202722.23163106595
5d12c50bbb44302838423f3c
p:  257417.8806065502
5d12c531bdd80ed7ba42415f
p:  227465.63648557418
5d12c59bbb44302838423f3e
p:  250010.82731707714
5d12c59dbdd80ed7ba424160
p:  228156.4176395165
5d12c5bcffa000119342414a
p:  185369.84236596973
5d12c5cbeb3bdbd07f42416c
p:  297523.59304158844
5d12c5e7ffa000119342414b
p:  318178.0228206975
5d12c5fecc109836ee4242a5
p:  283159.566671778
5d12c60dffa000119342414c
p:  203344.5668873217
5d12c6471230660100423f1d
p:  239971.33504538785
5d12c659cc109836ee4242a7
p:  398857.00259198697
5d12c670ffa000119342414e
p:  386232.2169963927
5d12c69deb3bdbd07f424170
p:  226442.37962247027
5d12c6a1ffa000119342414f
p:  167572.30498646025
5d12c70beb3bdbd07f424172
p:  211873.37364172513
5d12c7354b501536b8424121
p:  251219.11261056326
5d12c7f6eb3bdbd07f424174
p:  220851.0986982232
5d12c81dffa0001193424153
p:  236067.7674208785
5d12c822eb3bdbd07f424175
p:  242806.91092757578
5d12c8caffa0001193424156
p:  291261.0562180467
5d12c90feb3bdbd07f42417a
p:  348602.0069721673
5d12c9344b501536b8424124
p:  190905.44947207917
5d12c934ffa0001193424158
p:  198831.382968933
5d12ca2bffa000119342415b
p:  167572.30498646025
5d12ca51bb44302838423f5b
p:  251991.22042114168
5d12ca55cc109836ee4242ba
p:  177561.15097590047
5d12ca7dcc109836ee4242bb
p:  354707.0761584954
5d12cabebb44302838423f5d
p:  490586.8255233328
5d12cb3fbb44302838423f5e
p:  183074.53889859963
5d12cbc3ffa0001193424163
p:  196534.96291313134
5d12cbf3bb44302838423f61
p:  155218.06492421735
5d12cc1d4b501536b8424125
p:  172185.3729339598
5d12cc6cbdd80ed7ba42416f
p:  255005.35163919994
5d12cc71ffa0001193424165
p:  246418.21994649398
5d12cc8beb3bdbd07f424187
p:  292530.2021217537
5d12ccd7bdd80ed7ba424171
p:  382322.05941169185
5d12ccd8eb3bdbd07f424188
p:  253426.97872472298
5d12ccf5ffa0001193424167
p:  232422.29702558418
5d12cd04bdd80ed7ba424172
p:  251175.71212054454
5d12cd14eb3bdbd07f424189
p:  347212.2007685639
5d12cd42ffa0001193424168
p:  169468.12730673264
5d12cdb34b501536b8424128
p:  251012.5870610383
5d12cea84b501536b842412b
p:  254667.0698457745
5d12cec6bdd80ed7ba424179
p:  138626.1226655722
5d12ced9ffa000119342416a
p:  267526.71372406196
5d12cfb64b501536b842412c
p:  167159.07041744422
5d12cfc2cc109836ee4242cb
p:  293496.42263614654
5d12cfd64b501536b842412d
p:  138418.59930333096
5d12d0564b501536b8424131
p:  140245.0488672084
5d12d09f4b501536b8424133
p:  259503.99561179447
5d12d0d13c125a7704424023
p:  212890.2646801552
5d12d0e2eb3bdbd07f42418f
p:  311375.2833434236
5d12d0f4bdd80ed7ba42417a
p:  164171.33971981
5d12d1104b501536b8424136
p:  274913.5380972084
5d12d126f3fb2f2cf3423fc0
p:  387863.9135742711
5d12d1304b501536b8424137
p:  336662.8988358201
5d12d15fcc109836ee4242d4
p:  326296.9325014469
5d12d17cffa000119342416c
p:  249984.9877905912
5d12d17e4b501536b8424139
p:  291000.37295555824
5d12d1dbcc109836ee4242d7
p:  326296.9325014469
5d12d22cbb44302838423f7c
p:  119760.96204981426
5d12d23cffa000119342416f
p:  226884.92845600648
5d12d299bdd80ed7ba42417d
p:  245148.936523844
5d12d29fcc109836ee4242dc
p:  286929.12181663106
5d12d2d3ffa0001193424172
p:  176910.05816219177
5d12d3011230660100423f2f
p:  241237.70274107088
5d12d316cc109836ee4242df
p:  188703.1657358927
5d12d32dbdd80ed7ba42417f
p:  217338.51875123358
5d12d33c1230660100423f31
p:  237178.84862113112
5d12d3a54b501536b8424146
p:  143646.5188325812
5d12d3bccc109836ee4242e0
p:  203831.83622467073
5d12d3eb3c125a7704424026
p:  350413.484704904
5d12d3eebdd80ed7ba424181
p:  190062.33398825763
5d12d424eb3bdbd07f424192
p:  415328.34448768955
5d12d460bdd80ed7ba424184
p:  175114.08961270307
5d12d48eeb3bdbd07f424194
p:  368168.60569223657
5d12d5044b501536b8424152
p:  171534.28580867924
5d12d55dcc109836ee4242ed
p:  216436.1834114897
5d12d5673c125a770442402b
p:  164560.9920353202
5d12d5ba3c125a770442402d
p:  382667.1873440458
5d12d61d4b501536b842415b
p:  319229.9570440677
5d12d631cc109836ee4242f3
p:  248915.362608489
5d12d6a33c125a7704424032
p:  155660.9621073231
5d12d6dccc109836ee4242f7
p:  478073.0722478955
5d12d704bb44302838423f86
p:  373895.20923951204
5d12d704cc109836ee4242f8
p:  201858.73329966966
5d12d71a4b501536b8424162
p:  284951.0283405739
5d12d79d53275a0156423e66
p:  346101.3013567841
5d12d7e4bdd80ed7ba424187
p:  231512.1438232151
5d12d7f44b501536b8424168
p:  164005.3187611039
5d12d843ffa000119342417d
p:  189901.25108759355
5d12d882bdd80ed7ba42418a
p:  190048.18486591574
5d12d8e7eb3bdbd07f424199
p:  211418.0817680499
5d12d8eb3c125a770442403a
p:  654204.9734216477
5d12d8f7ffa0001193424181
p:  138362.50401155467
5d12d90d1230660100423f40
p:  272464.79893285333
5d12d914eb3bdbd07f42419a
p:  127573.56963510597
5d12d93abdd80ed7ba42418d
p:  164171.33971981
5d12d945cc109836ee424307
p:  259192.5116449567
5d12d94feb3bdbd07f42419b
p:  206558.2758777358
5d12d975bdd80ed7ba42418e
p:  415758.00798819005
5d12d979cc109836ee424308
p:  271390.88332343334
5d12d99eeb3bdbd07f42419c
p:  160895.6324491609
5d12d9ea53275a0156423e77
p:  256664.91449642053
5d12d9f0bdd80ed7ba42418f
p:  165664.1042860047
5d12d9fd1230660100423f43
p:  261232.29559889692
5d12da29bdd80ed7ba424191
p:  215317.4971126729
5d12da5bbdd80ed7ba424192
p:  221371.82756880397
5d12da8d3c125a7704424044
p:  437295.41002539167
5d12dacdffa0001193424186
p:  188543.44883482967
5d12dad7bdd80ed7ba424195
p:  125693.65593969687
5d12db071230660100423f4a
p:  267096.341091645
5d12db10cc109836ee42430f
p:  294244.40228295705
5d12dba6bdd80ed7ba424199
p:  193494.14799192426
5d12dbb53c125a7704424047
p:  181033.9256869321
5d12dbcfbdd80ed7ba42419a
p:  216238.25581481456
5d12dc4f3c125a770442404a
p:  136435.81794395437
5d12dc54eb3bdbd07f4241a4
p:  400254.70165661664
5d12dc58bdd80ed7ba42419d
p:  276617.90183092025
5d12dd69bdd80ed7ba4241a4
p:  222143.62964760215
5d12ddbabdd80ed7ba4241a6
p:  354890.2867724759
5d12ddefeb3bdbd07f4241aa
p:  188134.3139082457
5d12de5bbdd80ed7ba4241a9
p:  167962.78235443373
5d12de8fbb44302838423fa0
p:  141898.0355523013
5d12de94bdd80ed7ba4241aa
p:  190048.18486591574
5d12dea0ffa0001193424197
p:  167425.82696042987
5d12dec6bb44302838423fa1
p:  123114.2970112543
5d12deee3c125a7704424057
p:  289203.3868531259
5d12df2cbdd80ed7ba4241ad
p:  230032.8578180008
5d12df66eb3bdbd07f4241b0
p:  324199.581534707
5d12df78bb44302838423fa4
p:  149909.24485560466
5d12dfaa1230660100423f5a
p:  335378.96086349775
5d12dfc2eb3bdbd07f4241b2
p:  230370.7693990277
5d12e01cffa000119342419c
p:  162641.37892724745
5d12e01abdd80ed7ba4241b1
p:  262845.7688602351
5d12e026bb44302838423fa6
p:  67458.23633338195
5d12e04bbdd80ed7ba4241b2
p:  182144.58468346583
5d12e0664b501536b8424187
p:  170205.39901812345
5d12e070bdd80ed7ba4241b3
p:  269792.12384686095
5d12e0a9bb44302838423fa9
p:  114111.53639898234
5d12e0acbdd80ed7ba4241b5
p:  192421.60591628266
5d12e0d0bdd80ed7ba4241b6
p:  202198.962312348
5d12e0fd4b501536b842418b
p:  312254.8685155675
5d12e12cffa00011934241a0
p:  177609.75786834263
5d12e133eb3bdbd07f4241b6
p:  249874.26656879354
5d12e178bdd80ed7ba4241b8
p:  242841.36320350136
5d12e1834b501536b842418d
p:  138241.6299276068
5d12e1a8bdd80ed7ba4241b9
p:  175114.08961270307
5d12e1c2bdd80ed7ba4241ba
p:  191308.25258756964
5d12e1e0cc109836ee424315
p:  244978.81629548763
5d12e1e24b501536b8424190
p:  114320.87136996402
5d12e1e2bdd80ed7ba4241bb
p:  81513.2406119654
5d12e2141230660100423f5d
p:  238333.4061208772
5d12e255cc109836ee424317
p:  414528.9617578627
5d12e269bb44302838423fb0
p:  127353.48220972659
5d12e28deb3bdbd07f4241bb
p:  299802.7992296724
5d12e2e64b501536b8424197
p:  266281.43493140733
5d12e313bdd80ed7ba4241c3
p:  222143.62964760215
5d12e33feb3bdbd07f4241be
p:  312137.8611703914
5d12e33fbb44302838423fb4
p:  138680.66887749385
5d12e34b4b501536b8424199
p:  400061.4673010835
5d12e3aa4b501536b842419b
p:  217501.40948944812
5d12e3ec4b501536b842419d
p:  222516.47106145087
5d12e4124b501536b842419e
p:  309868.2582297523
5d12e43cbdd80ed7ba4241c9
p:  253481.52075617752
5d12e4684b501536b84241a0
p:  302646.28749952035
5d12e4a0cc109836ee42431a
p:  313721.7056817658
5d12e4f8bdd80ed7ba4241cd
p:  174437.31213952406
5d12e62deb3bdbd07f4241c3
p:  301231.08477900445
5d12e62ff3fb2f2cf3424002
p:  158364.83266710545
5d12e6b3eb3bdbd07f4241c5
p:  301145.70954738714
5d12e71aeb3bdbd07f4241c7
p:  324063.18230248964
5d12e74a4b501536b84241ac
p:  303057.2653783198
5d12e7abeb3bdbd07f4241ca
p:  339120.9991425078
5d12e80fffa00011934241b5
p:  832153.9346348285
5d12e8263c125a7704424062
p:  207109.49808739414
5d12e83feb3bdbd07f4241cc
p:  259478.65740588546
5d12e858ffa00011934241b6
p:  240170.936906462
5d12e880ffa00011934241b7
p:  199393.29375201592
5d12e880eb3bdbd07f4241cd
p:  233343.76216684876
5d12e8b7eb3bdbd07f4241ce
p:  355694.89929260453
5d12e8d24b501536b84241b3
p:  370722.69543674483
5d12e8fabb44302838423fc5
p:  125445.42355469539
5d12e917eb3bdbd07f4241d0
p:  273886.27106878
5d12e919ffa00011934241bb
p:  190652.44401965413
5d12e94c3c125a7704424069
p:  175287.8242634245
5d12e95affa00011934241bc
p:  184191.57531656948
5d12e997bdd80ed7ba4241d8
p:  221162.11137972175
5d12e9c84b501536b84241b7
p:  250406.21856579825
5d12ea013c125a770442406c
p:  205594.17164223647
5d12ea94cc109836ee42431d
p:  216013.1585940813
5d12eaa23c125a770442406f
p:  212746.13586156978
5d12eaaaffa00011934241c2
p:  239438.8436538846
5d12eb35bb44302838423fcb
p:  121690.11724081883
5d12eb4b1230660100423f69
p:  422572.69246393204
5d12ebb71230660100423f6c
p:  367081.2636946415
5d12ebd81230660100423f6d
p:  239205.6454872867
5d12ebf51230660100423f6e
p:  341378.30863162404
5d12ec014b501536b84241c1
p:  366890.7981922537
5d12ec22ffa00011934241c7
p:  301170.85948764323
5d12ec2fbdd80ed7ba4241d9
p:  229709.28508365763
5d12ec994b501536b84241c3
p:  450059.711064179
5d12ec9affa00011934241c8
p:  305588.5473011987
5d12ecadbdd80ed7ba4241da
p:  217338.51875123358
5d12ece74b501536b84241c4
p:  193543.93635584996
5d12ecefbdd80ed7ba4241db
p:  253481.52075617752
5d12ed5cbdd80ed7ba4241dd
p:  175600.51233452663
5d12ed5d3c125a7704424078
p:  177682.36193321925
5d12edb9bb44302838423fcf
p:  110177.12177828918
5d12ede44b501536b84241c8
p:  383033.2042478109
5d12ee12eb3bdbd07f4241e3
p:  298820.8272909309
5d12ee13bb44302838423fd0
p:  151344.94255498357
5d12ee17f3fb2f2cf3424027
p:  377946.14935400314
5d12ee2bffa00011934241cc
p:  272296.1718892619
5d12ee64eb3bdbd07f4241e5
p:  296160.5460150077
5d12eebef3fb2f2cf342402a
p:  148248.50749973956
5d12eed7bdd80ed7ba4241e5
p:  245114.4936628624
5d12efbc4b501536b84241cf
p:  1243258.7093098196
5d12f01c4b501536b84241d0
p:  215822.46104218002
5d12f0253c125a7704424081
p:  153004.64957958268
5d12f067bdd80ed7ba4241ea
p:  164171.33971981
5d12f075ffa00011934241d7
p:  378173.1749364288
5d12f0a8ffa00011934241d8
p:  174405.7028434149
5d12f0e13c125a7704424084
p:  307661.23491975653
5d12f0fbbb44302838423fda
p:  148053.98204486514
5d12f0fcbdd80ed7ba4241ed
p:  174611.5301695767
5d12f1193c125a7704424085
p:  229486.25341883578
5d12f1644b501536b84241d7
p:  164694.19295569038
5d12f1decc109836ee42433c
p:  385218.38155132707
5d12f2013c125a7704424088
p:  346356.28483905585
5d12f23dbdd80ed7ba4241f1
p:  251175.71212054454
5d12f24effa00011934241e0
p:  269519.07516729226
5d12f2934b501536b84241da
p:  192687.2108980663
5d12f2a53c125a770442408a
p:  241061.3127702583
5d12f2e4bdd80ed7ba4241f4
p:  284446.47261764394
5d12f3ad1230660100423f74
p:  272146.36243825546
5d12f3cb4b501536b84241dd
p:  187673.69895148766
5d12f3ed3c125a770442408e
p:  209149.07612773695
5d12f3fd4b501536b84241de
p:  595180.8012206049
5d12f4284b501536b84241df
p:  567931.0453799219
5d12f4303c125a770442408f
p:  253640.67912334495
5d12f434eb3bdbd07f4241f8
p:  307250.8389518192
5d12f440ffa00011934241e4
p:  240767.13420102757
5d12f457bdd80ed7ba4241f5
p:  115471.77913823552
5d12f45d4b501536b84241e0
p:  194777.94317376518
5d12f4713c125a7704424090
p:  197354.54348925225
5d12f49d4b501536b84241e1
p:  370059.25028364465
5d12f4a1ffa00011934241e6
p:  247224.2849604957
5d12f58fffa00011934241e9
p:  167576.1723892943
5d12f5c4bdd80ed7ba4241f9
p:  165178.38133593538
5d12f5eb4b501536b84241e6
p:  306801.75647649204
5d12f6021230660100423f78
p:  353973.3571805458
5d12f633ffa00011934241ed
p:  356383.5280495407
5d12f64f4b501536b84241e8
p:  342109.0491445466
5d12f65abdd80ed7ba4241fb
p:  186419.67883414333
5d12f695ffa00011934241ef
p:  266416.28121123486
5d12f6ccffa00011934241f0
p:  191977.90054400492
5d12f74f4b501536b84241ee
p:  222516.47106145087
5d12f76abb44302838423fec
p:  253129.04136868886
5d12f7f9ffa00011934241f7
p:  146545.3671729351
5d12f8294b501536b84241f2
p:  338793.21319154976
5d12f8524b501536b84241f3
p:  392409.23230997205
5d12f8e5bb44302838423ff2
p:  166045.70536084264
5d12f8f74b501536b84241f7
p:  461655.19646762684
5d12f91feb3bdbd07f42420f
p:  272264.39224596845
5d12f925bdd80ed7ba424204
p:  189309.37758828956
5d12f9704b501536b84241f9
p:  388502.8718039645
5d12f97abdd80ed7ba424205
p:  308736.7616656894
5d12f9f04b501536b84241fa
p:  352981.3902950325
5d12fa34ffa0001193424201
p:  170114.9380142943
5d12faf14b501536b8424200
p:  409509.22415970295
5d12fb5bbb44302838423fff
p:  127583.66660936782
5d12fb77bdd80ed7ba424208
p:  258448.9666632507
5d12fb78eb3bdbd07f424216
p:  280108.4846547294
5d12fb96bb44302838424000
p:  132456.28213875892
5d12fbc54b501536b8424205
p:  286959.0844885986
5d12fbd1ffa000119342420c
p:  172621.23262785643
5d12fc50bdd80ed7ba42420b
p:  199978.79874196457
5d12fc624b501536b8424206
p:  397547.797185218
5d12fca24b501536b8424207
p:  256513.3756318387
5d12fcb6bdd80ed7ba42420d
p:  182493.54157127003
5d12fd2abdd80ed7ba424211
p:  192799.5687657082
5d12fd40bb44302838424007
p:  152776.5809131983
5d12fd47bdd80ed7ba424212
p:  237107.56056798238
5d12fd77ffa0001193424210
p:  256565.05460636696
5d12fda5bb44302838424009
p:  201678.4715272684
5d12fdc94b501536b842420d
p:  444886.70153537067
5d12fdcfbb4430283842400a
p:  282360.69017164386
5d12fdf1bdd80ed7ba424217
p:  216856.41690220055
5d12fe294b501536b842420f
p:  275882.1473643348
5d12fe6fffa0001193424212
p:  336730.60778948467
5d12fea5ffa0001193424213
p:  176617.4153657465
5d12fee94b501536b8424212
p:  490411.33115756756
5d12ff3effa0001193424216
p:  156018.13676538458
5d12ffa11230660100423f82
p:  213287.1477535589
5d12ffa34b501536b8424216
p:  305324.5625632839
5d130000ffa000119342421b
p:  160733.55554644205
5d130039ffa000119342421c
p:  348214.93016332015
5d130058ffa000119342421d
p:  267018.51939418865
5d1300e93c125a7704424098
p:  275700.90928010724
5d130145cc109836ee424376
p:  192569.61065192492
5d13017dbdd80ed7ba42422b
p:  192164.60252350036
5d1301b2cc109836ee424378
p:  125044.15782314511
5d1301c64b501536b8424220
p:  249487.92802459502
5d1301d6cc109836ee424379
p:  202392.27716547513
5d13024f3c125a7704424099
p:  305792.5797112093
5d13028d3c125a770442409a
p:  206112.20174516045
5d13028dcc109836ee42437b
p:  113835.84151177455
5d1302cccc109836ee42437c
p:  112013.99381274136
5d1302debdd80ed7ba424232
p:  233901.93857991468
5d130349ffa000119342422f
p:  172338.61858829303
5d13036dffa0001193424230
p:  354785.69630973577
5d130414bdd80ed7ba42423b
p:  212777.83499571434
5d130439bdd80ed7ba42423c
p:  180098.9841346288
5d13045dbdd80ed7ba42423d
p:  190029.90013025666
5d1304684b501536b8424226
p:  373918.89899900544
5d130490ffa0001193424238
p:  355495.7528252109
5d130528ffa000119342423c
p:  228424.75503607737
5d130544eb3bdbd07f42423e
p:  543726.4165852069
5d130560cc109836ee42437e
p:  206113.64281412435
5d1305c91230660100423f9e
p:  262549.0133881726
5d1305febdd80ed7ba424248
p:  347139.98023733706
5d13060dffa0001193424241
p:  344703.8435507254
5d13061abdd80ed7ba424249
p:  264657.74944541464
5d1306744b501536b842422f
p:  213284.7787396948
5d1306a84b501536b8424230
p:  687051.305263392
5d1306d1cc109836ee424383
p:  274030.32449696783
5d130736eb3bdbd07f424240
p:  136273.60067413072
5d1307724b501536b8424235
p:  428422.6832633336
5d1307a34b501536b8424236
p:  286425.5382617919
5d1307e6eb3bdbd07f424242
p:  111718.1641550104
5d13080d3c125a77044240a0
p:  330056.4635429322
5d130841cc109836ee424388
p:  202303.86167805165
5d1308943c125a77044240a1
p:  209290.32876703196
5d13089fcc109836ee42438a
p:  157780.15821212105
5d1308a14b501536b842423b
p:  204719.20482053177
5d1308b4eb3bdbd07f424243
p:  124267.34308002269
5d1308d2cc109836ee42438b
p:  202456.94842006778
5d1308dbbb44302838424037
p:  239110.45751698173
5d1308ee1230660100423fb4
p:  383973.3328402411
5d13096beb3bdbd07f424245
p:  186594.16466381002
5d13096c4b501536b842423d
p:  196242.07537029503
5d130974cc109836ee42438d
p:  231861.58151526062
5d13097abdd80ed7ba42425d
p:  202173.21849621207
5d1309a0eb3bdbd07f424246
p:  127840.22882478687
5d130a05bb4430283842403b
p:  217416.2233482955
5d130a3deb3bdbd07f424249
p:  196537.04894746206
5d130ab8eb3bdbd07f42424a
p:  135576.56904281158
5d130ab83c125a77044240a8
p:  264489.6749058336
5d130b50bdd80ed7ba424265
p:  213159.17641341593
5d130b80eb3bdbd07f42424e
p:  172216.38885119863
5d130bb8eb3bdbd07f42424f
p:  153315.48109933792
5d130beeeb3bdbd07f424250
p:  203518.52974240558
5d130c08cc109836ee424398
p:  224954.81500841104
5d130c26eb3bdbd07f424251
p:  199025.90947552442
5d130c7ceb3bdbd07f424252
p:  185356.03705422147
5d130cb6cc109836ee42439b
p:  96514.23463103044
5d130ce5cc109836ee42439c
p:  270395.100983083
5d130d873c125a77044240b5
p:  229516.25156662462
5d130d9beb3bdbd07f424256
p:  173457.12439334777
5d130dc7cc109836ee42439f
p:  204858.53295567766
5d130dd93c125a77044240b6
p:  197354.54348925225
5d130e12bb4430283842404a
p:  174729.92248611263
5d130e9dcc109836ee4243a3
p:  81145.91765305647
5d130eb0eb3bdbd07f42425a
p:  156113.55418133625
5d130ec8bb4430283842404c
p:  220318.93110727146
5d130ee0eb3bdbd07f42425b
p:  168344.59999211048
5d130f63cc109836ee4243a7
p:  218017.0827259223
5d130f643c125a77044240bd
p:  236397.6147534041
5d130f9aeb3bdbd07f42425f
p:  259222.30478525764
5d131020eb3bdbd07f424260
p:  185377.83572533593
5d131022bdd80ed7ba424276
p:  266809.23512425297
5d131074eb3bdbd07f424262
p:  254842.12065282787
5d1310eccc109836ee4243ac
p:  232544.81445319406
5d131134bb44302838424052
p:  174257.3979013567
5d131135bdd80ed7ba42427c
p:  361151.22681619244
5d131162eb3bdbd07f424267
p:  176158.56811389
5d131194ffa0001193424277
p:  121436.60589339986
5d13119cbb44302838424053
p:  184414.3580972462
5d1311a1eb3bdbd07f424269
p:  176664.86203867168
5d1311f6bdd80ed7ba424280
p:  190029.90013025666
5d131281eb3bdbd07f42426d
p:  168298.2447175642
5d1312c9eb3bdbd07f42426e
p:  136011.2279591576
5d131316eb3bdbd07f42426f
p:  161757.4486174781
5d13131fbb44302838424058
p:  164272.83650746
5d131341bb44302838424059
p:  201873.59247164964
5d131352eb3bdbd07f424270
p:  135863.14766191607
5d131362bb4430283842405a
p:  141316.19258340303
5d131366bdd80ed7ba424284
p:  156266.26576681313
5d131374eb3bdbd07f424271
p:  160748.63666668267
5d131386bb4430283842405b
p:  121537.97964110284
5d1313a2eb3bdbd07f424272
p:  122617.56825325653
5d1313e1bb4430283842405d
p:  170034.21947524458
5d1314acbdd80ed7ba42428c
p:  123783.62891579448
5d1314c3eb3bdbd07f424278
p:  114574.45582191469
5d1314cabb44302838424062
p:  127416.101709946
5d131552eb3bdbd07f42427b
p:  171227.68759546388
5d131573bb44302838424065
p:  184414.3580972462
5d1315763c125a77044240c2
p:  319754.26297941525
5d13158aeb3bdbd07f42427c
p:  216384.6815700827
5d1315c1bb44302838424066
p:  241711.56035513518
5d1315edbdd80ed7ba424293
p:  113917.87483062866
5d1315ef1230660100423fc9
p:  269745.63601135206
5d1315f2eb3bdbd07f42427e
p:  178496.23442931572
5d1315f34b501536b8424258
p:  268319.75494425214
5d1316391230660100423fca
p:  233437.47020229365
5d13166253275a0156423ecf
p:  346101.3013567841
5d1316ac3c125a77044240c7
p:  305141.92241702473
5d1316bfcc109836ee4243b6
p:  170489.16549993263
5d1316db4b501536b842425c
p:  424385.84019652137
5d1316e13c125a77044240c8
p:  287759.55281772604
5d13181ebdd80ed7ba42429b
p:  156437.0589008521
5d13189ebdd80ed7ba42429c
p:  125933.18583718344
5d1318b8eb3bdbd07f424286
p:  124308.70940839933
5d1318d1bb44302838424070
p:  211460.63230471697
5d1318fabb44302838424071
p:  168682.5201533005
5d1319343c125a77044240d3
p:  404786.7224914098
5d13196aeb3bdbd07f42428a
p:  211977.03530127153
5d1319fc3c125a77044240d5
p:  447954.1788799443
5d131a30bb44302838424074
p:  202497.97948570107
5d131a451230660100423fcb
p:  246149.35657233448
5d131a603c125a77044240d7
p:  155965.69612044469
5d131a62cc109836ee4243c0
p:  436154.135882344
5d131a77bdd80ed7ba4242a5
p:  154222.81743007168
5d131aa5bb44302838424076
p:  169946.35832842626
5d131aad3c125a77044240d8
p:  245606.6645318609
5d131ae03c125a77044240d9
p:  261232.86381674674
5d131ae5cc109836ee4243c3
p:  111760.52653465248
5d131b3ecc109836ee4243c4
p:  184976.5211729355
5d131b6cbb44302838424078
p:  197284.34726005277
5d131b7c3c125a77044240da
p:  261232.86381674674
5d131b9fbdd80ed7ba4242aa
p:  107300.13778594829
5d131c3beb3bdbd07f424290
p:  224763.2008192283
5d131c60bdd80ed7ba4242ac
p:  97379.01753103215
5d131cb2bdd80ed7ba4242ae
p:  127255.78312109603
5d131cb34b501536b8424268
p:  340102.716164535
5d131d0a4b501536b842426a
p:  200009.78169554932
5d131d0dffa0001193424284
p:  153663.36659433995
5d131d69eb3bdbd07f424296
p:  166092.8476372959
5d131d9cbdd80ed7ba4242b2
p:  130155.70040571206
5d131e30bb4430283842407e
p:  171327.17088288124
5d131e76f3fb2f2cf3424088
p:  155769.20788363722
5d131e7d3c125a77044240e7
p:  268814.558038951
5d131e911230660100423fcc
p:  309714.2038569096
5d131e91bdd80ed7ba4242b6
p:  109640.45003272204
5d131e9dbb44302838424080
p:  208989.0892198304
5d131eaccc109836ee4243d4
p:  136838.18435094444
5d131ebc4b501536b8424273
p:  382830.50091865717
5d131ec8f3fb2f2cf342408a
p:  217022.96256761678
5d131f03bb44302838424082
p:  107743.7951905757
5d131f201230660100423fcf
p:  268290.90492773533
5d131f451230660100423fd0
p:  246149.35657233448
5d131f4abb44302838424083
p:  147450.26639234577
5d131f74cc109836ee4243d8
p:  214705.29009878586
5d13201abb44302838424087
p:  169737.64125099377
5d1320704b501536b842427c
p:  549874.2138777331
5d1320d2bb4430283842408b
p:  188177.09169913648
5d132115cc109836ee4243df
p:  260728.46760291595
5d13212f3c125a77044240ef
p:  308187.3914970165
5d132148bb4430283842408d
p:  130164.40534958389
5d1321a3cc109836ee4243e1
p:  194549.6674818212
5d132257bb44302838424091
p:  192989.2565866698
5d13227ebb44302838424092
p:  257178.489562459
5d1322c83c125a77044240f5
p:  155965.69612044469
5d1322f753275a0156423ed6
p:  1402458.5255392434
5d13233cbb44302838424095
p:  185056.4985241092
5d1323514b501536b842428c
p:  173954.81180312324
5d132378ffa0001193424288
p:  154139.8566811992
5d1323d4bb44302838424098
p:  162876.75585472467
5d132476cc109836ee4243f1
p:  137612.09892477968
5d13247abb4430283842409b
p:  128625.81687654267
5d1324c953275a0156423edf
p:  454296.82135791716
5d1324f653275a0156423ee1
p:  153106.40583048793
5d1324fbffa000119342428e
p:  168935.5274558865
5d13250cbdd80ed7ba4242ca
p:  124335.00935497574
5d13259dffa0001193424290
p:  206157.101456418
5d1325c1ffa0001193424291
p:  152310.2013468304
5d1325c2bb443028384240a0
p:  480881.1174009658
5d1325faf3fb2f2cf34240ad
p:  114639.24178758594
5d13262ef3fb2f2cf34240ae
p:  166355.3073314188
5d1326daffa0001193424296
p:  186801.04706489766
5d132706bb443028384240a4
p:  196560.22036491276
5d1327773c125a77044240ff
p:  203345.40654121322
5d1327954b501536b842429f
p:  468920.3032186855
5d1327bf3c125a7704424101
p:  301920.8496915401
5d1328234b501536b84242a3
p:  607959.2694106599
5d1328621230660100423fd5
p:  361612.64797596657
5d13291c1230660100423fd7
p:  379620.5043281015
5d13294d4b501536b84242aa
p:  308846.25499396457
5d132a30f3fb2f2cf34240c5
p:  103648.62928314776
5d132a533c125a7704424110
p:  105796.92398233304
5d132a893c125a7704424111
p:  101233.81989261284
5d132ab4bdd80ed7ba4242e6
p:  205909.75249682917
5d132ac43c125a7704424112
p:  168170.42378547334
5d132b5e3c125a7704424114
p:  118156.3994169628
5d132becbdd80ed7ba4242ea
p:  121388.39040484582
5d132c60bdd80ed7ba4242eb
p:  111842.04951254209
5d132c8abdd80ed7ba4242ec
p:  156447.53801879502
5d132d114b501536b84242bc
p:  305324.5625632839
5d132d75bdd80ed7ba4242f1
p:  117033.1637033091
5d132de8bdd80ed7ba4242f2
p:  115738.18546514836
5d132e12bb443028384240b7
p:  207756.83437955228
5d132e39f3fb2f2cf34240d7
p:  305364.54105521506
5d132e42bb443028384240b8
p:  203607.0236962833
5d132e53cc109836ee424407
p:  117339.55661594485
5d132ecdcc109836ee42440a
p:  176591.56426316593
5d132ed93c125a7704424124
p:  178316.4261064325
5d132f8cffa00011934242a8
p:  94552.45934046406
5d133008bdd80ed7ba4242f5
p:  234983.0200132283
5d133054cc109836ee42440f
p:  200860.56283496734
5d1330cbcc109836ee424411
p:  96507.54855046478
5d1330f8bdd80ed7ba4242f8
p:  119965.93324142833
5d1331ecf3fb2f2cf34240e4
p:  151176.9431199862
5d133219bdd80ed7ba4242fa
p:  218190.61772430397
5d13323fffa00011934242b0
p:  123500.81083459177
5d133261cc109836ee424416
p:  124445.26496742942
5d13328fcc109836ee424417
p:  100001.6199611696
5d133325cc109836ee42441a
p:  105960.18353076323
5d1333b4bb443028384240c0
p:  136350.3360040321
5d1333b7cc109836ee42441c
p:  179468.76825002494
5d1333e23c125a7704424131
p:  184395.9943128617
5d1334283c125a7704424132
p:  200959.79572972428
5d133432bdd80ed7ba424303
p:  159959.74400617369
5d133442bb443028384240c2
p:  107010.69776027586
5d133480bb443028384240c4
p:  177829.81504412828
5d13349ceb3bdbd07f4242ab
p:  243115.93999564985
5d1334a2bb443028384240c5
p:  153523.9688599939
5d1334a2bdd80ed7ba424307
p:  151587.28264382863
5d1334eaeb3bdbd07f4242ac
p:  195169.29320911446
5d1335343c125a7704424133
p:  157336.69805003877
5d13357aeb3bdbd07f4242af
p:  203586.64471776912
5d133582bdd80ed7ba42430d
p:  122495.09673906869
5d1335a0eb3bdbd07f4242b0
p:  203586.64471776912
5d1335d23c125a7704424135
p:  164914.7396293357
5d13361b3c125a7704424136
p:  133883.8812668848
5d1336284b501536b84242e3
p:  260173.7927289501
5d13367bbdd80ed7ba424313
p:  161714.49224604797
5d133697cc109836ee42441f
p:  97979.67584278424
5d1336cceb3bdbd07f4242b8
p:  200884.64485042187
5d1336f1eb3bdbd07f4242b9
p:  205188.79517310794
5d1336f13c125a770442413a
p:  173075.75686217137
5d1336febdd80ed7ba424315
p:  202353.3154501089
5d133760eb3bdbd07f4242bb
p:  207943.00596263132
5d1337863c125a770442413d
p:  173075.75686217137
5d1337a2cc109836ee424421
p:  161650.75281274735
5d1337eabb443028384240ca
p:  337925.56966295256
5d133813eb3bdbd07f4242bf
p:  1010610.2978839534
5d1338573c125a7704424141
p:  103566.25951311126
5d1338983c125a7704424142
p:  137020.34115905425
5d1338f74b501536b84242f2
p:  481387.2795430199
5d133906ffa00011934242ce
p:  168433.31092269177
5d13397cbdd80ed7ba424317
p:  251421.98908821802
5d1339883c125a7704424145
p:  379010.2251585922
5d1339b5eb3bdbd07f4242c6
p:  132857.1850461874
5d133a863c125a7704424148
p:  156524.30321976767
5d133a95bdd80ed7ba42431b
p:  203217.64223408964
5d133ab8cc109836ee424430
p:  252161.65660405482
5d133b02bb443028384240d9
p:  90758.41243661399
5d133b4acc109836ee424433
p:  186017.41444334004
5d133b55bb443028384240db
p:  90563.66411521437
5d133b771230660100423ff0
p:  256539.75039062917
5d133bc33c125a770442414d
p:  184221.26519057574
5d133bd4eb3bdbd07f4242d0
p:  261617.19805956868
5d133c6a3c125a7704424150
p:  218865.14942472434
5d133c9acc109836ee42443b
p:  103966.37337932715
5d133ceabdd80ed7ba424320
p:  133313.4852697772
5d133d394b501536b8424306
p:  119473.20389757813
5d133d5eeb3bdbd07f4242d8
p:  287703.5397220685
5d133df8cc109836ee424444
p:  117448.38686921998
5d133e30cc109836ee424445
p:  232497.72425959515
5d133e72eb3bdbd07f4242de
p:  222180.4793192448
5d133ebdcc109836ee424448
p:  176200.81155064102
5d133f55eb3bdbd07f4242e3
p:  195243.47842652374
5d133f84f3fb2f2cf34240ff
p:  260025.6690309224
5d133fbdeb3bdbd07f4242e5
p:  386041.4385665563
5d133fcbbb443028384240ec
p:  223699.74601480493
5d1340d0f3fb2f2cf3424104
p:  275048.0933686625
5d13418effa00011934242de
p:  183657.80991894894
5d1341a4bb443028384240f4
p:  111424.11117788055
5d1341b43c125a770442415b
p:  237881.91517879622
5d1341cef3fb2f2cf3424109
p:  273285.5807508832
5d13427dbb443028384240f6
p:  139674.4249065373
5d134281f3fb2f2cf342410b
p:  194427.2318688068
5d134314eb3bdbd07f4242ed
p:  137281.03110256608
5d13433dcc109836ee42445a
p:  281605.90906815114
5d1343becc109836ee42445c
p:  177058.07634478773
5d1343d3f3fb2f2cf3424111
p:  239040.35279843464
5d1343e7ffa00011934242eb
p:  195427.40901954196
5d1343f7f3fb2f2cf3424112
p:  301692.5312822565
5d1344504b501536b8424324
p:  193543.93635584996
5d1344a33c125a7704424169
p:  170918.10723651643
5d1345113c125a770442416a
p:  135515.0795781144
5d1345b4f3fb2f2cf3424118
p:  192028.35522502437
5d13464f3c125a7704424170
p:  200122.34573762649
5d1347301230660100423ff9
p:  295007.2715840904
5d134777bb44302838424107
p:  187857.20153904025
5d13478bf3fb2f2cf3424120
p:  283060.4954547015
5d1347cb4b501536b842432c
p:  149605.77193662996
5d134840ffa00011934242fb
p:  120315.2802578794
5d1348471230660100423ffc
p:  269255.8983939539
5d13486fbb4430283842410c
p:  147928.71369621472
5d1348d1bb4430283842410e
p:  227408.08038440222
5d1349444b501536b842432d
p:  148671.83332203247
5d1349751230660100424001
p:  215336.02347703336
5d1349773c125a770442417a
p:  838946.1021513051
5d1349a3bb44302838424110
p:  208010.9853753366
5d1349dbf3fb2f2cf3424127
p:  218416.8781490632
5d134a16f3fb2f2cf3424128
p:  209116.84055427692
5d134a323c125a770442417e
p:  156059.66002836017
5d134a733c125a770442417f
p:  172324.12918991706
5d134aa8cc109836ee424470
p:  99267.78469844922
5d134ab73c125a7704424180
p:  184692.90664315168
5d134ad4bb44302838424116
p:  148633.10221033837
5d134ae1cc109836ee424471
p:  108988.48512413047
5d134ae63c125a7704424181
p:  194172.56000014558
5d134b41cc109836ee424473
p:  97726.95551769465
5d134b72bb44302838424119
p:  147928.71369621472
5d134ba53c125a7704424184
p:  174034.2836711964
5d134bbb4b501536b842432f
p:  91292.14936948134
5d134bcabb4430283842411a
p:  147928.71369621472
5d134bf3cc109836ee424476
p:  169576.9823708683
5d134c2ebb4430283842411b
p:  148633.10221033837
5d134c8a3c125a7704424186
p:  372285.1584060095
5d134ca6bb4430283842411c
p:  161078.67664420028
5d134ccabb4430283842411d
p:  209105.92858445004
5d134ccc3c125a7704424187
p:  183308.65620090673
5d134cd1eb3bdbd07f4242f1
p:  331387.43351429334
5d134d52bb44302838424120
p:  243786.13433436645
5d134d71ffa0001193424310
p:  96726.83281026299
5d134d7a3c125a770442418b
p:  260362.89833305153
5d134d8af3fb2f2cf342412f
p:  162413.6089854913
5d134dd33c125a770442418d
p:  180317.73755772898
5d134df93c125a770442418e
p:  210606.98548238655
5d134e28f3fb2f2cf3424132
p:  190126.3622150432
5d134e524b501536b8424334
p:  206364.3105755896
5d134e5c3c125a7704424190
p:  145293.98200197922
5d134e953c125a7704424191
p:  182314.2193791693
5d134ec0bb44302838424125
p:  147928.71369621472
5d134f053c125a7704424193
p:  142653.68244627374
5d134f87cc109836ee42448a
p:  157805.28617586853
5d134fc6bb4430283842412a
p:  147928.71369621472
5d13508cbb4430283842412c
p:  148633.10221033837
5d13508ceb3bdbd07f4242f8
p:  210705.13309000604
5d1350c2bb4430283842412d
p:  147928.71369621472
5d135130bb4430283842412f
p:  215283.95895367832
5d1351351230660100424018
p:  290139.3372122169
5d13514effa000119342431d
p:  156632.28072318732
5d1351a6123066010042401a
p:  295019.02440849063
5d1351f2eb3bdbd07f4242ff
p:  268116.0247723098
5d1352dbbb44302838424136
p:  265582.9790958698
5d1352e8eb3bdbd07f424303
p:  294975.34688486124
5d13532cbb44302838424138
p:  162344.6590619469
5d135338cc109836ee424497
p:  133610.2665599118
5d135369eb3bdbd07f424306
p:  202336.77858862156
5d135386cc109836ee424499
p:  184430.51534467711
5d1353c1bb4430283842413c
p:  173266.49372645986
5d1353d2ffa0001193424327
p:  293680.4852383848
5d1353f2bb4430283842413d
p:  153466.2366204271
5d135422bb4430283842413e
p:  173425.9531428923
5d13542aeb3bdbd07f42430a
p:  339555.4993479575
5d13545bbb4430283842413f
p:  196963.0609153697
5d13545cffa000119342432a
p:  569133.2738333899
5d13546c3c125a7704424197
p:  202449.33832445316
5d13549f1230660100424027
p:  166261.80416352063
5d1354a653275a0156423f27
p:  176930.0477442363
5d1354e71230660100424028
p:  194240.3206788901
5d1355691230660100424029
p:  440221.50248027116
5d135584eb3bdbd07f42430e
p:  311517.48247700336
5d1355d9123066010042402b
p:  147991.73409346497
5d135644bb44302838424145
p:  170219.7946985963
5d135657eb3bdbd07f424311
p:  266990.3933791169
5d135677ffa0001193424332
p:  445700.84613452904
5d135690123066010042402e
p:  209341.02187499474
5d1356913c125a7704424198
p:  250512.53698564682
5d1356baffa0001193424333
p:  318563.1740384405
5d1356bdbb44302838424147
p:  178026.51458052074
5d1356c2123066010042402f
p:  177395.60391934044
5d1356e14b501536b842433c
p:  175101.5720935993
5d1357081230660100424030
p:  275970.988397775
5d1357a9ffa0001193424336
p:  265335.816699115
5d1357f1eb3bdbd07f424315
p:  133503.17539683517
5d1357fabdd80ed7ba424332
p:  232051.51048656483
5d13580c4b501536b842433d
p:  244477.95709098107
5d1358121230660100424033
p:  250523.22304524013
5d13582abdd80ed7ba424333
p:  252293.58668770906
5d13589c3c125a770442419a
p:  173991.2381747759
5d1359213c125a770442419b
p:  278514.9546948936
5d13592beb3bdbd07f424318
p:  218813.76635697187
5d13592fffa000119342433c
p:  445177.7020281452
5d135950bdd80ed7ba424336
p:  192350.34657827838
5d1359d53c125a770442419e
p:  188923.7537784028
5d1359e7bdd80ed7ba424338
p:  200795.1637209846
5d1359fc1230660100424038
p:  242317.5450373079
5d135a1bbb44302838424154
p:  177808.47142619354
5d135a21bdd80ed7ba424339
p:  118635.78252750763
5d135a26eb3bdbd07f42431c
p:  250342.89710202382
5d135a46bdd80ed7ba42433a
p:  198385.19454766109
5d135a4a3c125a77044241a1
p:  174438.87513907492
5d135aa8123066010042403c
p:  243877.48219414064
5d135ac93c125a77044241a4
p:  269511.78382395743
5d135ade123066010042403d
p:  177395.60391934044
5d135af2bb44302838424159
p:  224540.23952011694
5d135b13123066010042403e
p:  177600.52116908785
5d135b323c125a77044241a6
p:  177304.31157034618
5d135b38bb4430283842415a
p:  179588.35131606268
5d135b5cf3fb2f2cf3424147
p:  260025.6690309224
5d135b5deb3bdbd07f424323
p:  187603.99267610078
5d135b8cbdd80ed7ba42433e
p:  169830.3946015676
5d135bcfffa000119342433e
p:  207827.51277074552
5d135bd83c125a77044241aa
p:  157479.6247851199
5d135bea1230660100424043
p:  178874.2888037996
5d135c00eb3bdbd07f424326
p:  280003.3456930256
5d135c07ffa000119342433f
p:  178127.7267467823
5d135c1a3c125a77044241ab
p:  241791.72758966696
5d135ca253275a0156423f2e
p:  221300.3176238841
5d135cac1230660100424047
p:  288427.7420713458
5d135cbe3c125a77044241ae
p:  196831.7958366618
5d135cd9bb44302838424164
p:  311408.7885334699
5d135d16cc109836ee4244b6
p:  194280.78911946598
5d135d351230660100424049
p:  224296.57771298784
5d135d56bb44302838424166
p:  238771.40868056647
5d135dafcc109836ee4244b7
p:  194280.78911946598
5d135dc3ffa0001193424344
p:  445700.84613452904
5d135dc33c125a77044241b0
p:  193667.49735971654
5d135e213c125a77044241b2
p:  205142.93449730708
5d14d656016dd66f5b75af8b
p:  200599.87752638763
5d14d6919cac3032c875af8b
p:  205455.16636654647
5d14d6c5016dd66f5b75af8e
p:  235696.55267017882
5d14d6ee016dd66f5b75af8f
p:  312971.51982510684
5d14d72dfdb0b6617a75af8b
p:  183203.93265374965
5d14d77451c2aaa53f75af8a
p:  244675.04453756555
5d14d7755c9a34054275af8c
p:  233806.92045811703
5d14d7892707801f9075af8a
p:  396099.13415109686
5d14d7b841967efe2475af8b
p:  322286.83820193436
5d14d7d751c2aaa53f75af8b
p:  346419.43509168486
5d14d7fc41967efe2475af8c
p:  618030.7518144796
5d14d813016dd66f5b75af94
p:  286343.7245280832
5d14d86dfb6bf97d8975af8f
p:  182905.27551215776
5d14d87841967efe2475af8d
p:  167933.92162043805
5d14d8985c9a34054275af90
p:  129821.51365549427
5d14d8e1fdb0b6617a75af91
p:  205092.74218229236
5d14d8e2e4f091455e75af8e
p:  339388.8347344657
5d14d8e79cac3032c875af8d
p:  241840.52983419367
5d14d8f6016dd66f5b75af96
p:  176669.11534841213
5d14d8f841967efe2475af8e
p:  208936.22503031563
5d14d8fcfb6bf97d8975af90
p:  245474.21463415085
5d14d94441967efe2475af8f
p:  189023.5523963704
5d14d9565c9a34054275af92
p:  192213.69680699627
5d14d9719cac3032c875af8f
p:  226624.01866737474
5d14d9a241967efe2475af90
p:  193628.888635499
5d14d9bf2707801f9075af92
p:  247516.3263296825
5d14da1141967efe2475af91
p:  212365.38966384254
5d14da85fdb0b6617a75af97
p:  174561.47913154014
5d14da8a2707801f9075af94
p:  297217.979405316
5d14da9141967efe2475af92
p:  177093.35416242806
5d14da945c9a34054275af94
p:  177309.46890180727
5d14dad3fdb0b6617a75af98
p:  138772.1965425774
5d14db1041967efe2475af93
p:  242631.92300361508
5d14db179cac3032c875af95
p:  202457.69103805866
5d14db44b5ba1e08eb75af8a
p:  479890.716959774
5d14db6d41967efe2475af94
p:  246746.9693142138
5d14dbbb41967efe2475af95
p:  205363.20252338226
5d14dbf52707801f9075af99
p:  352499.78549249074
5d14dc05e4f091455e75af99
p:  199116.72733410273
5d14dc1a572f53d20175af8d
p:  250777.9753359807
5d14dc402707801f9075af9a
p:  384853.3510236391
5d14dc64572f53d20175af8e
p:  280899.5139152288
5d14dc6241967efe2475af97
p:  184450.66523319276
5d14dc689cac3032c875af9a
p:  226085.48223240842
5d14dc7c51c2aaa53f75af90
p:  444237.0915737207
5d14dc8ce4f091455e75af9a
p:  296971.3429108296
5d14dccafdb0b6617a75af9f
p:  184894.15818677278
5d14dcf251c2aaa53f75af92
p:  347646.2245630397
5d14dd3551c2aaa53f75af93
p:  350351.2244015681
5d14dd4a2707801f9075af9c
p:  346280.8227709811
5d14dd78572f53d20175af92
p:  285332.0219160337
5d14ddd051c2aaa53f75af96
p:  451551.98542841454
5d14dddcfdb0b6617a75afa2
p:  200603.95038672147
5d14ddddb5ba1e08eb75af93
p:  293297.2102732644
5d14ddf4016dd66f5b75af9c
p:  304638.3672027574
5d14de14fb6bf97d8975afa1
p:  246147.9208902573
5d14de142707801f9075af9f
p:  246992.73799883455
5d14de1bb5ba1e08eb75af94
p:  293297.2102732644
5d14de562707801f9075afa0
p:  349162.8501213299
5d14de6251c2aaa53f75af99
p:  219730.51376463193
5d14df26b5ba1e08eb75af96
p:  293297.2102732644
5d14df365c9a34054275af96
p:  251487.87055601802
5d14df5d51c2aaa53f75af9b
p:  266282.2490530333
5d14df79b5ba1e08eb75af97
p:  293297.2102732644
5d14df85921ecf9c2875af8c
p:  301021.3187076842
5d14df995c9a34054275af97
p:  254268.0806573724
5d14dfb39cac3032c875af9c
p:  179102.94622585073
5d14dfba41967efe2475af9d
p:  273572.42879511963
5d14dfea5c9a34054275af98
p:  202278.24882177316
5d14e01141967efe2475af9e
p:  196028.6908525188
5d14e02cb5ba1e08eb75af99
p:  905412.0707960778
5d14e03f016dd66f5b75af9f
p:  214134.03201666666
5d14e045921ecf9c2875af8e
p:  301021.3187076842
5d14e0639cac3032c875af9e
p:  195612.0468462361
5d14e06a5c9a34054275af99
p:  145420.14873084569
5d14e073e4f091455e75afa1
p:  432155.70339264884
5d14e084ae5d064cb175af9b
p:  188291.18935646076
5d14e0969cac3032c875af9f
p:  230084.51327810087
5d14e1229cac3032c875afa0
p:  202442.99610108856
5d14e1255c9a34054275af9a
p:  191361.3773980803
5d14e1719cac3032c875afa1
p:  219286.02427410308
5d14e1f99cac3032c875afa3
p:  279400.7951255052
5d14e21a41967efe2475afa1
p:  188867.3631328022
5d14e21f2707801f9075afa8
p:  360733.23375039094
5d14e26451c2aaa53f75afa3
p:  258270.08796332416
5d14e26dfdb0b6617a75afa6
p:  196918.6472400538
5d14e27041967efe2475afa2
p:  236057.5565406172
5d14e2acb5ba1e08eb75af9e
p:  526349.0567682588
5d14e2ae9cac3032c875afa5
p:  200503.28121384408
5d14e2c0921ecf9c2875af96
p:  335125.30191628996
5d14e3229cac3032c875afa6
p:  224528.51602930867
5d14e32b41967efe2475afa4
p:  295870.4277860524
5d14e36e9cac3032c875afa7
p:  183815.54223848443
5d14e3c5e4f091455e75afac
p:  309719.9160428918
5d14e40ee4f091455e75afad
p:  324783.07749280985
5d14e4bcae5d064cb175afa8
p:  234080.12778203178
5d14e4d6016dd66f5b75afad
p:  198019.75464369194
5d14e4d8fb6bf97d8975afb2
p:  232273.25820730216
5d14e517ae5d064cb175afa9
p:  249610.0467821915
5d14e54941967efe2475afab
p:  191321.7616273834
5d14e5a55c9a34054275af9e
p:  211475.2004382772
5d14e5c6fdb0b6617a75afa9
p:  136898.4162970322
5d14e5f9572f53d20175af9a
p:  172396.2837998158
5d14e65a5c9a34054275afa0
p:  200329.1802124236
5d14e67241967efe2475afae
p:  273572.42879511963
5d14e690fdb0b6617a75afad
p:  174561.47913154014
5d14e6c341967efe2475afaf
p:  326291.7348147371
5d14e6d5fb6bf97d8975afb7
p:  257353.8343208692
5d14e6eefdb0b6617a75afae
p:  192521.06209400145
5d14e707572f53d20175af9f
p:  284828.7274722962
5d14e753572f53d20175afa0
p:  320978.368412756
5d14e75612a146632e75af9b
p:  288693.2489885206
5d14e772572f53d20175afa1
p:  211121.8355441962
5d14e77651c2aaa53f75afa9
p:  629883.0848006143
5d14e77a921ecf9c2875af9f
p:  403531.12954842893
5d14e7a651c2aaa53f75afaa
p:  327833.2595524591
5d14e7c95c9a34054275afa5
p:  267537.1637617371
5d14e824fdb0b6617a75afb1
p:  223721.34392993932
5d14e8545c9a34054275afa6
p:  165547.18298595535
5d14e88f572f53d20175afa5
p:  186233.83079073025
5d14e8b05c9a34054275afa7
p:  253142.78544562546
5d14e8f85c9a34054275afa8
p:  149691.03260629583
5d14e958ae5d064cb175afb4
p:  165045.4523905703
5d14e9635c9a34054275afa9
p:  228808.03216113805
5d14e9d65c9a34054275afaa
p:  181088.85511483718
5d14ea0d51c2aaa53f75afb1
p:  361180.61399454536
5d14ea615c9a34054275afac
p:  180800.791931645
5d14ea6751c2aaa53f75afb2
p:  292044.8318466558
5d14ea8cfdb0b6617a75afba
p:  158791.3745962967
5d14eaf45c9a34054275afad
p:  146919.70606634172
5d14eb01572f53d20175afad
p:  185399.55093955668
5d14eb3e5c9a34054275afae
p:  184489.4139687216
5d14eb57ae5d064cb175afba
p:  240839.27422171747
5d14eb73016dd66f5b75afc1
p:  181733.57689674734
5d14eb94fdb0b6617a75afbb
p:  309732.82969457586
5d14eb985c9a34054275afaf
p:  260844.5638995773
5d14ec20fb6bf97d8975afc8
p:  285416.5297968816
5d14ec2f12a146632e75af9d
p:  357968.6165182884
5d14ec60016dd66f5b75afc3
p:  216732.44155589474
5d14ecd0016dd66f5b75afc4
p:  297318.04534229555
5d14ecde572f53d20175afb4
p:  227549.53255051497
5d14ed4c51c2aaa53f75afba
p:  251739.16131807325
5d14eda851c2aaa53f75afbb
p:  292044.8318466558
5d14ee1e921ecf9c2875afac
p:  476581.60553677403
5d14ee60016dd66f5b75afca
p:  304484.9359894528
5d14ee6c5c9a34054275afb0
p:  223836.19112970936
5d14ee975c9a34054275afb1
p:  188471.66998383898
5d14eecb5c9a34054275afb2
p:  252085.13315631147
5d14eee55c9a34054275afb3
p:  184765.6817251742
5d14ef175c9a34054275afb4
p:  250523.22304524013
5d14ef19016dd66f5b75afcd
p:  229452.41110028146
5d14ef475c9a34054275afb5
p:  187140.68846763312
5d14efa15c9a34054275afb6
p:  268671.8356144313
5d14efdb5c9a34054275afb7
p:  179438.18654886135
5d14f01d5c9a34054275afb8
p:  227999.35732252686
5d14f06c5c9a34054275afb9
p:  188504.1078017892
5d14f085921ecf9c2875afb4
p:  328084.3278710953
5d14f0905c9a34054275afba
p:  251120.4873912873
5d14f0d55c9a34054275afbb
p:  196437.8768813936
5d14f0e051c2aaa53f75afc4
p:  361180.61399454536
5d14f0f55c9a34054275afbc
p:  243877.48219414064
5d14f11151c2aaa53f75afc5
p:  327833.2595524591
5d14f1295c9a34054275afbd
p:  145774.2777149895
5d14f1545c9a34054275afbe
p:  258316.25431144732
5d14f1ae921ecf9c2875afb9
p:  240721.4986776521
5d14f1ca5c9a34054275afbf
p:  264991.064697656
5d14f22e921ecf9c2875afbb
p:  416119.1849170347
5d14f31c9cac3032c875afb0
p:  253593.78123400902
5d14f36b9cac3032c875afb2
p:  225142.68510550272
5d14f3a6b5ba1e08eb75afbc
p:  817484.8041035436
5d14f42dfb6bf97d8975afe6
p:  218655.62769808737
5d14f441fdb0b6617a75afbf
p:  127407.4727296491
5d14f4a241967efe2475afb9
p:  196619.39868457132
5d14f4c25c9a34054275afc2
p:  282461.49881542596
5d14f4d0e4f091455e75afd3
p:  1000716.387650485
5d14f4e5fdb0b6617a75afc1
p:  142332.84783847164
5d14f4f62707801f9075afb0
p:  310676.86894278636
5d14f517fdb0b6617a75afc2
p:  230089.09119470837
5d14f593fdb0b6617a75afc3
p:  295900.1253686105
5d14f5ccfdb0b6617a75afc4
p:  267656.2720374191
5d14f601fdb0b6617a75afc5
p:  164735.34043675536
5d14f63a51c2aaa53f75afc9
p:  216647.51364473702
5d14f65efdb0b6617a75afc6
p:  207541.76930532366
5d14f660016dd66f5b75afe4
p:  176930.0477442363
5d14f6bdfdb0b6617a75afc7
p:  166049.92907295382
5d14f6e1ae5d064cb175afce
p:  198683.10728725087
5d14f6ecfdb0b6617a75afc8
p:  224749.24159090625
5d14f731fdb0b6617a75afc9
p:  175667.706392089
5d14f7499cac3032c875afb6
p:  385159.53796275327
5d14f75b12a146632e75afa2
p:  641193.2139937975
5d14f779fdb0b6617a75afca
p:  165219.6304853289
5d14f78e9cac3032c875afb7
p:  180782.78883066884
5d14f7aa12a146632e75afa3
p:  459619.0079037433
5d14f7cefdb0b6617a75afcb
p:  142358.41848546756
5d14f80f9cac3032c875afb9
p:  189791.9760282067
5d14f81dfdb0b6617a75afcc
p:  201188.37467082436
5d14f85ffdb0b6617a75afcd
p:  196280.0364205168
5d14f86a572f53d20175afd5
p:  231523.10248532123
5d14f86b9cac3032c875afbb
p:  222052.1017086921
5d14f88efb6bf97d8975afeb
p:  410051.2620994464
5d14f8ae572f53d20175afd6
p:  265331.27649464656
5d14f8af9cac3032c875afbc
p:  187739.97152436868
5d14f91bfdb0b6617a75afcf
p:  213834.7620105344
5d14f926016dd66f5b75afe6
p:  226492.7602683469
5d14f92bfb6bf97d8975afec
p:  255809.4167629768
5d14f968fb6bf97d8975afed
p:  226923.33872845123
5d14f977fdb0b6617a75afd0
p:  297331.8690243719
5d14f9959cac3032c875afbf
p:  229424.78525859065
5d14f9bb41967efe2475afbc
p:  196836.66667882985
5d14f9bdfdb0b6617a75afd1
p:  172474.25468151242
5d14f9cafb6bf97d8975afee
p:  324162.525544084
5d14f9de9cac3032c875afc0
p:  189791.9760282067
5d14fa0c41967efe2475afbd
p:  279127.78113705636
5d14fa8bfdb0b6617a75afd3
p:  323441.00853112456
5d14faa951c2aaa53f75afcb
p:  212528.54535046025
5d14faf2fdb0b6617a75afd4
p:  142314.96305391594
5d14fba0fdb0b6617a75afd5
p:  203756.00242264007
5d14fbdf572f53d20175afe0
p:  266236.6468003231
5d14fbf6fdb0b6617a75afd6
p:  184043.22558643718
5d14fc3341967efe2475afc4
p:  122110.35624921208
5d14fc63016dd66f5b75afed
p:  144749.8643884434
5d14fc73fdb0b6617a75afd7
p:  136902.7942833072
5d14fccf12a146632e75afb1
p:  381845.8635407771
5d14fce951c2aaa53f75afd1
p:  280503.0865492659
5d14fd1541967efe2475afc6
p:  182534.42586537858
5d14fd3d51c2aaa53f75afd2
p:  248020.71428874007
5d14fd6c9cac3032c875afc7
p:  222221.37486178146
5d14fd9b51c2aaa53f75afd3
p:  307644.25256015395
5d14fe01fdb0b6617a75afd9
p:  240036.8691843315
5d14fe02572f53d20175afe6
p:  253609.4802032832
5d14fe66572f53d20175afe7
p:  231701.75199657585
5d14fe76fb6bf97d8975aff0
p:  298965.6286148173
5d14fea6fdb0b6617a75afdb
p:  255450.02981510374
5d14fed051c2aaa53f75afd6
p:  300267.21907886735
5d14fed8016dd66f5b75aff4
p:  191694.82914984878
5d14fef3fdb0b6617a75afdc
p:  184894.15818677278
5d14fef541967efe2475afcc
p:  180526.36732918347
5d14ff1051c2aaa53f75afd7
p:  341751.748066422
5d14ff21016dd66f5b75aff5
p:  221300.3176238841
5d14ff3ffdb0b6617a75afdd
p:  134963.9240073199
5d14ff5151c2aaa53f75afd8
p:  315013.0064728052
5d14ff5d2707801f9075afc6
p:  290614.8928992378
5d14ffd55c9a34054275afcd
p:  386416.40941844974
5d15005b016dd66f5b75affa
p:  131478.9309757099
5d15011851c2aaa53f75afde
p:  285198.3559390986
5d150184fb6bf97d8975aff9
p:  233700.8614112712
5d150254016dd66f5b75b003
p:  225875.35127315996
5d1502a641967efe2475afd8
p:  205461.32797979453
5d15031aae5d064cb175afeb
p:  201447.10476828954
5d150324921ecf9c2875afd0
p:  371744.17204518383
5d1503b041967efe2475afdb
p:  213541.4507497829
5d1503c6fb6bf97d8975b004
p:  213088.22154722904
5d150405fb6bf97d8975b005
p:  284418.9748198904
5d150441fb6bf97d8975b006
p:  283852.84490489156
5d150518e4f091455e75afe8
p:  205819.85307935043
5d15054a016dd66f5b75b00f
p:  160491.44084564882
5d15056141967efe2475afe2
p:  197087.2443012006
5d150664fb6bf97d8975b00f
p:  293776.86933583085
5d15072041967efe2475afe7
p:  170898.06666643242
5d15072a51c2aaa53f75aff1
p:  282379.75725335884
5d15074b12a146632e75afbd
p:  288460.10257733916
5d15079d5c9a34054275afe1
p:  377382.7902921035
5d15079f51c2aaa53f75aff3
p:  303045.61085186
5d1507f2e4f091455e75aff0
p:  246133.544984817
5d15086f9cac3032c875afcc
p:  95518.30079025478
5d150893921ecf9c2875afd3
p:  378684.93102141225
5d1508d8921ecf9c2875afd4
p:  371806.6187549841
5d1508e15c9a34054275afe6
p:  471039.3602693959
5d15096efb6bf97d8975b01c
p:  205730.2560180789
5d1509705c9a34054275afea
p:  286892.4939645709
5d1509a3ae5d064cb175aff8
p:  188416.12231948975
5d150b2ce4f091455e75b000
p:  253323.34702139284
5d150b3c016dd66f5b75b011
p:  254854.79922950745
5d150b7051c2aaa53f75affc
p:  292044.8318466558
5d150b96016dd66f5b75b012
p:  251757.259276039
5d150ba0b5ba1e08eb75afef
p:  422565.4750439129
5d150bd4016dd66f5b75b013
p:  211745.54572255063
5d150c39016dd66f5b75b014
p:  214134.03201666666
5d150d5e51c2aaa53f75b000
p:  231179.3089378467
5d150dd551c2aaa53f75b001
p:  244449.81419679028
5d150df0fb6bf97d8975b029
p:  288486.0271380818
5d150e20ae5d064cb175affb
p:  170956.29581778476
5d150e215c9a34054275affb
p:  534188.223540908
5d150e46ae5d064cb175affc
p:  141411.8788739536
5d150e53b5ba1e08eb75aff8
p:  526817.3795064258
5d150e5dfb6bf97d8975b02a
p:  251555.76235287607
5d150e5f9cac3032c875afce
p:  230050.3339096722
5d150e95fb6bf97d8975b02b
p:  273320.3948286652
5d150ebd921ecf9c2875afd7
p:  282629.432409852
5d150ec5b5ba1e08eb75affa
p:  242018.07892419008
5d150f0451c2aaa53f75b002
p:  291249.5617606183
5d150f4d9cac3032c875afcf
p:  319706.4905303685
5d150f7b41967efe2475afeb
p:  237761.70193794818
5d150fb2ae5d064cb175b003
p:  256080.91863559996
5d150fc341967efe2475afec
p:  353919.9772109946
5d15108b41967efe2475afee
p:  258567.03906527616
5d1510a59cac3032c875afd3
p:  194014.65071395284
5d1510c241967efe2475afef
p:  281946.48184196407
5d151109fb6bf97d8975b031
p:  405122.2779365339
5d1511169cac3032c875afd5
p:  565120.11223787
5d1511599cac3032c875afd6
p:  306790.34056260344
5d15117de4f091455e75b00b
p:  280960.0788446721
5d1511fa41967efe2475aff2
p:  203039.99091481898
5d15122d9cac3032c875afd9
p:  377990.47685095586
5d15123d572f53d20175b009
p:  295270.80427237606
5d151275572f53d20175b00a
p:  295270.80427237606
5d1512c141967efe2475aff4
p:  208965.41409194493
5d15130f41967efe2475aff5
p:  260228.05772672404
5d15133aae5d064cb175b00b
p:  165045.4523905703
5d151426b5ba1e08eb75b00e
p:  526269.5052517701
5d151463e4f091455e75b012
p:  447479.4759883107
5d151484921ecf9c2875afe8
p:  331048.0189199513
5d1514bc921ecf9c2875afe9
p:  365165.159882667
5d1514d0ae5d064cb175b00c
p:  187286.79324629554
5d1515bcfb6bf97d8975b046
p:  284560.97435356706
5d1515fae4f091455e75b014
p:  425150.40794686216
5d1516099cac3032c875afe1
p:  169529.7757965384
5d151642fb6bf97d8975b048
p:  272621.89859119663
5d15166941967efe2475aff8
p:  191010.3944827697
5d151692016dd66f5b75b044
p:  208468.68001722143
5d1516c4016dd66f5b75b045
p:  275303.38239935844
5d1516cc921ecf9c2875aff4
p:  345962.04156001203
5d1516fce4f091455e75b018
p:  411966.329115082
5d1517055c9a34054275b009
p:  523927.3902625402
5d151708921ecf9c2875aff5
p:  296487.9922240377
5d15171a9cac3032c875afe7
p:  226846.17778332834
5d151749921ecf9c2875aff6
p:  273441.71048297413
5d1517575c9a34054275b00a
p:  417773.97263765265
5d151762fb6bf97d8975b04d
p:  321650.32991524204
5d1517f39cac3032c875afec
p:  312029.4216942425
5d15182dfb6bf97d8975b051
p:  315643.65657104785
5d15185a016dd66f5b75b04c
p:  178476.2709905799
5d15185b572f53d20175b020
p:  226132.4665555538
5d1518baae5d064cb175b015
p:  214932.22528908163
5d1518d6016dd66f5b75b04d
p:  144749.8643884434
5d15193b41967efe2475affa
p:  210458.27615991508
5d15193e9cac3032c875aff1
p:  218618.5586750034
5d15196541967efe2475affb
p:  191321.7616273834
5d15197efb6bf97d8975b056
p:  262298.1808978656
5d1519b15c9a34054275b011
p:  234713.92250561272
5d1519c7e4f091455e75b021
p:  344621.7920031174
5d1519d5fb6bf97d8975b057
p:  291654.52097248903
5d151a32e4f091455e75b022
p:  514420.4332576923
5d151a3f41967efe2475affe
p:  151191.49765673303
5d151ac8ae5d064cb175b01b
p:  199021.07507433876
5d151ad5016dd66f5b75b054
p:  217949.35369288758
5d151b5341967efe2475b003
p:  216869.59277598432
5d1