Current date and time: 2020-06-07 15:34:19
Successfully connect to DB.
For ['Box Elder', 'Cache', 'Davis', 'Morgan', 'Rich', 'Weber']#################################################################
train score for random_forest: 0.9419428568132078
test score for random_forest: 0.519550013740202
The mean absolute error is:$ 92409.61073303703
r_Score: 0.5883583292040986
Voting Regressor (in): 0.975321202401612
Voting Regressor: 0.5883583292040986
5d0b547ff12fac82e26efb41
p:  328035.80220323766
5d117e7c79cf91db17b058ae
p:  242091.33728732876
5d1184a179cf91db17b058cb
p:  273616.73933883174
5d1185d279cf91db17b058d6
p:  229790.42570766027
5d1197a179cf91db17b0593e
p:  321831.1898353008
5d2b06fb47cfe46363877b1d
p:  298390.0931818413
5d38d7d1dd2d94d3c8b03c83
p:  277124.96130404214
5d391e79b5bd79a92d2a0155
p:  240087.92946269183
5d391f66b5bd79a92d2a0157
p:  245509.22904783243
5d391f812610f367b42a0157
p:  250786.38448154036
5d391f9369798e61932a0155
p:  321971.3184901041
5d391ffbe00376e4c72a0159
p:  411166.2895190751
5d39201f2610f367b42a015a
p:  268707.0625848071
5d3920662610f367b42a015b
p:  238266.10792168733
5d392369e00376e4c72a015e
p:  244815.4260712742
5d392436e00376e4c72a0160
p:  290736.05058266746
5d39244db5bd79a92d2a015e
p:  357513.7204491808
5d392637e00376e4c72a0163
p:  511321.83716248034
5d39270be00376e4c72a0164
p:  330853.4321179766
5d39270d2610f367b42a0164
p:  349535.1037122718
5d392830e00376e4c72a0165
p:  258677.04093827103
5d39291be00376e4c72a0166
p:  248310.9786087383
5d39292869798e61932a0163
p:  324291.7771452467
5d392dfc69798e61932a0168
p:  337052.439802801
5d392f1fe00376e4c72a0169
p:  279626.0368299194
5d39349069798e61932a016f
p:  307095.01845612307
5d3937b36fe6913fef2a017f
p:  316599.10049812036
5d393aebd041f957652a0178
p:  316996.2059024014
5d3940b9e00376e4c72a017b
p:  202289.5408493554
5d39428d6ff3cff2f02a017c
p:  290063.24503060174
5d394c2ae00376e4c72a018d
p:  284568.7796164491
5d394d8869798e61932a0186
p:  301528.44335208286
5d394ff86ff3cff2f02a0189
p:  346302.2385173311
5d395242e00376e4c72a0193
p:  466980.6545182453
5d3954196ff3cff2f02a018e
p:  265473.8789397494
5d395455d041f957652a0199
p:  250395.5384668794
5d39561e6ff3cff2f02a0191
p:  425700.07416018203
5d39598de00376e4c72a019b
p:  321547.9602770697
5d395acee00376e4c72a019c
p:  272287.9354340071
5d396032e00376e4c72a01a4
p:  279626.0368299194
5d3968d26ff3cff2f02a01a0
p:  270017.49298421195
5d396f286ff3cff2f02a01a8
p:  321033.5138595558
5d3975466fe6913fef2a01c3
p:  269514.09015883866
5d39759f6fe6913fef2a01c4
p:  231569.11627823813
5d3977b2e00376e4c72a01bb
p:  253514.30677639955
5d3977b96fe6913fef2a01c5
p:  269722.03045123303
5d3978e76fe6913fef2a01c7
p:  294592.7367220655
5d3979916fe6913fef2a01c8
p:  324277.21478907415
5d397b976fe6913fef2a01cb
p:  343211.6893046289
5d397bbc6ff3cff2f02a01b8
p:  422386.7351147885
5d397d596fe6913fef2a01cd
p:  293578.75942403823
5d397eb96fe6913fef2a01cf
p:  283999.1551004252
5d3980eb6fe6913fef2a01d2
p:  338389.8813769301
5d3988076fe6913fef2a01d6
p:  371903.13628056605
5d39a3296fe6913fef2a01f3
p:  268269.81029785343
5d39b8c26fe6913fef2a0202
p:  261504.3635487839
5d39b90b6fe6913fef2a0203
p:  290932.6129418493
5d39be046fe6913fef2a0208
p:  272443.33062701905
5d39bffee00376e4c72a020c
p:  455197.47937458276
5d39c0006fe6913fef2a0209
p:  276150.36987204896
5d39c0956fe6913fef2a020a
p:  275617.7803538531
5d39c17b2610f367b42a0219
p:  466729.12193718215
5d39c21ae00376e4c72a020f
p:  294358.5860444896
5d39cba3e00376e4c72a021c
p:  271421.0824883707
5d39ef14e00376e4c72a0248
p:  275502.8173375568
5d39f080e00376e4c72a0249
p:  282144.7556181296
5d3a68a7d041f957652a02dd
p:  318633.90120265645
5d3a79cb2610f367b42a0307
p:  269314.04641723953
5d3a7b15d041f957652a0306
p:  370893.57024430356
5d3a862c2610f367b42a0313
p:  824967.1354248221
5d3a876769798e61932a032b
p:  316861.03039275133
5d3a87fc69798e61932a032c
p:  368582.90411595034
5d3a89cf69798e61932a0330
p:  307473.34665880597
5d3a8ab169798e61932a0332
p:  233447.48346209162
5d3a8d4b8b2425ad2c2a0331
p:  201533.7670427825
5d3a8d4cd041f957652a0321
p:  252460.60452926936
5d3a8eafd041f957652a0323
p:  292781.36479185807
5d3a8ff069798e61932a0336
p:  361170.61258452403
5d3a919a6ff3cff2f02a0351
p:  240109.16904898395
5d3a91eb69798e61932a033b
p:  204022.07285669495
5d3a9269741bf68f862a0349
p:  119141.62978376474
5d3a951b2610f367b42a0342
p:  489715.4400978171
5d3a95b62610f367b42a0345
p:  365093.50348635565
5d3a960bb5bd79a92d2a03b4
p:  351183.1626537378
5d3a96742610f367b42a0349
p:  428581.4697914692
5d3a96f08b2425ad2c2a033e
p:  189735.03669409754
5d3a97d7d041f957652a0334
p:  282527.17717891105
5d3a984e69798e61932a0342
p:  203628.1635645671
5d3a98add041f957652a0335
p:  269422.87308481213
5d3a99482610f367b42a0356
p:  211220.44713799388
5d3a99acd041f957652a0339
p:  304057.10189467575
5d3a99c32610f367b42a0358
p:  235850.5848054893
5d3a99f82610f367b42a0359
p:  241617.42694214563
5d3a9a87d041f957652a033b
p:  274887.71612231934
5d3a9b9206f3ac752d2a0350
p:  176841.79006719706
5d3a9be2741bf68f862a0362
p:  304923.15391945816
5d3a9c452610f367b42a0363
p:  357899.9670660506
5d3a9d8ed041f957652a033e
p:  294953.6127613131
5d3a9e776ff3cff2f02a0361
p:  275471.29866410804
5d3a9e792610f367b42a036d
p:  357899.9670660506
5d3a9f24d041f957652a0342
p:  274887.71612231934
5d3a9fb02610f367b42a0373
p:  327833.62133204564
5d3aa04d2610f367b42a0376
p:  161169.06770253676
5d3aa07e2610f367b42a0377
p:  202126.474407679
5d3aa1732610f367b42a037b
p:  365163.38476331887
5d3aa2162610f367b42a037e
p:  226362.75419916393
5d3aa220b5bd79a92d2a03c4
p:  219828.46505218244
5d3aa23f69798e61932a0351
p:  121271.88549476539
5d3aa242b5bd79a92d2a03c5
p:  173482.96823192568
5d3aa24a2610f367b42a037f
p:  185802.3444951112
5d3aa33069798e61932a0353
p:  207450.6076919547
5d3aa345b5bd79a92d2a03c8
p:  287880.72055854776
5d3aa3d2741bf68f862a0376
p:  305960.5358658774
5d3aa41d06f3ac752d2a035b
p:  267819.25328214094
5d3aa4312610f367b42a0388
p:  259223.8324751582
5d3aa47206f3ac752d2a035c
p:  236366.44756462448
5d3aa47cd041f957652a0347
p:  193477.02599153575
5d3aa57fd041f957652a0348
p:  342381.78833776026
5d3aa5b369798e61932a035a
p:  382193.8746713409
5d3aa7d3b5bd79a92d2a03cb
p:  243011.0309732571
5d3aa8419011784a002a03a3
p:  225891.4779152567
5d3aa8add041f957652a034c
p:  274887.71612231934
5d3aa8c469798e61932a035c
p:  486030.43180353846
5d3aa8fbb5bd79a92d2a03cd
p:  151986.37017654517
5d3aa96c69798e61932a035d
p:  209322.04101413407
5d3aaa04d041f957652a034f
p:  205301.20274997805
5d3aaa7f2610f367b42a03a2
p:  357899.9670660506
5d3aaafa6ff3cff2f02a037a
p:  197854.63390526653
5d3aab1569798e61932a035f
p:  118810.56538665398
5d3aab5106f3ac752d2a0366
p:  236181.7565972454
5d3aabb2d041f957652a0352
p:  337640.6842613533
5d3aabec2610f367b42a03a8
p:  183888.4555903467
5d3aabfbd041f957652a0353
p:  299136.9204403802
5d3aac1b06f3ac752d2a0367
p:  277028.212963816
5d3aac922610f367b42a03ab
p:  199171.56396052253
5d3aac9969798e61932a0364
p:  424678.4422327931
5d3aacb806f3ac752d2a0369
p:  306228.7051103815
5d3aacd7d041f957652a0354
p:  154602.20835709816
5d3aacf269798e61932a0365
p:  144420.85947998913
5d3aad26741bf68f862a038f
p:  309253.93615043943
5d3aad602610f367b42a03af
p:  197203.60523676587
5d3aad902610f367b42a03b0
p:  256218.84778618073
5d3ab0d369798e61932a0367
p:  303122.5173375285
5d3ab447d041f957652a035c
p:  265006.67459074396
5d3ab496d041f957652a035d
p:  320523.63472444937
5d3ab51469798e61932a0370
p:  205732.3571638742
5d3ab53469798e61932a0371
p:  255988.78262274194
5d3ab5ffd041f957652a0362
p:  265006.67459074396
5d3ab66069798e61932a0375
p:  319508.64576480543
5d3ab776b5bd79a92d2a03df
p:  223580.32786373296
5d3ab89ad041f957652a0367
p:  232902.33223426598
5d3abc3669798e61932a037c
p:  322061.31560499815
5d3abcc669798e61932a037d
p:  257182.23013989505
5d3abd80741bf68f862a03bb
p:  391739.31464588887
5d3ac1549011784a002a03c3
p:  296961.18493752804
5d3ac21a9011784a002a03c5
p:  313773.57312900433
5d3ac3739011784a002a03c7
p:  396368.2229584702
5d3ac4fab5bd79a92d2a03f5
p:  212673.82139241637
5d3ac58c9011784a002a03c9
p:  185839.95055687835
5d3ac7ed6ff3cff2f02a03c1
p:  439050.07806451607
5d3ac8f0b5bd79a92d2a03f9
p:  262307.8987588094
5d3acb0b9011784a002a03d3
p:  272810.6559642678
5d3acb9d9011784a002a03d4
p:  357844.92348357395
5d3ace909011784a002a03d6
p:  133267.69846353677
5d3ad812b5bd79a92d2a0410
p:  288997.48286210524
5d3ae27cb5bd79a92d2a041e
p:  220810.13761349316
5d3ae73bb5bd79a92d2a0425
p:  277568.3816183513
5d3ae74db5bd79a92d2a0426
p:  369625.09168497915
5d3aea5fb5bd79a92d2a042f
p:  268902.43827989383
5d3e9a1c2c3a06b7a107b640
p:  192037.1425836363
For ['Carbon', 'Daggett', 'Duchesne', 'Juab', 'Salt Lake', 'Summit', 'Tooele', 'Uintah', 'Utah', 'Wasatch']#################################################################
train score for random_forest: 0.9616370026100985
test score for random_forest: 0.7172263256575113
The mean absolute error is:$ 194034.91632936898
r_Score: 0.7516845192262475
Voting Regressor (in): 0.9730113079972585
Voting Regressor: 0.7516845192262475
5d0813877c1d83daee248b62
p:  833190.4109398453
5d0d2ca3e2ea012a7414ade8
p:  428844.2678888587
5d0eaab22b8f60b82b8f8de7
p:  366124.66401657555
5d117b5979cf91db17b058a5
p:  252032.875108556
5d117de679cf91db17b058ab
p:  483437.1534894876
5d117e5f79cf91db17b058ad
p:  295922.75901202904
5d11834579cf91db17b058c4
p:  577434.4744425071
5d11834c79cf91db17b058c5
p:  569061.2121683642
5d1183a479cf91db17b058c7
p:  237344.52053804157
5d11847e79cf91db17b058ca
p:  225349.41302395042
5d1184bc79cf91db17b058cd
p:  366826.8379332704
5d11859279cf91db17b058d4
p:  269118.6465052422
5d11859e79cf91db17b058d5
p:  492771.0670067414
5d11876e79cf91db17b058d9
p:  411917.37552216824
5d1187be79cf91db17b058dd
p:  468571.3927939264
5d11880279cf91db17b058e0
p:  151390.79724489947
5d11880d79cf91db17b058e1
p:  360832.7357244331
5d11881679cf91db17b058e2
p:  298647.46620210644
5d11881e79cf91db17b058e3
p:  492240.84625263966
5d118bc479cf91db17b05901
p:  214460.4741261609
5d118c7b79cf91db17b05906
p:  551392.2112894969
5d1192e579cf91db17b0592e
p:  387870.1059599469
5d11951f79cf91db17b05936
p:  309461.6723958664
5d1195ca79cf91db17b05939
p:  507371.58371395234
5d11963679cf91db17b0593b
p:  247627.752408246
5d11963f79cf91db17b0593c
p:  234881.35609678528
5d11964879cf91db17b0593d
p:  349431.5151939003
5d1197af79cf91db17b0593f
p:  244838.7460179948
5d1197bd79cf91db17b05940
p:  290844.4458591907
5d11980879cf91db17b05945
p:  377496.0049802406
5d11982679cf91db17b05947
p:  371880.49647437705
5d1198a379cf91db17b0594d
p:  349558.89520594914
5d119cd679cf91db17b0595f
p:  176808.9088868142
5d119da679cf91db17b05962
p:  531495.2889429398
5d119dde79cf91db17b05965
p:  400964.34950423794
5d12937cb7ae3de20d8d6e2a
p:  400030.42810705636
5d1be6c47e6c493d5945887d
p:  312572.6398345466
5d1c0306dbebfd779eefbc71
p:  172807.22223511332
5d1c294cdbebfd779eefbcd6
p:  562848.0299113065
5d1c598c0a1cbc8e6fefbcc3
p:  320904.69347467076
5d1c59ac0a1cbc8e6fefbcc4
p:  164169.7187800008
5d1c59f80a1cbc8e6fefbcc6
p:  253373.49452361476
5d1c8c56dbebfd779eefbd99
p:  172031.37496815727
5d297ca2199bf96b6045aca5
p:  225835.15021436545
5d2995b3199bf96b6045acf4
p:  601154.1291628049
5d299a31199bf96b6045ad08
p:  267584.6502936203
5d2dfe31b39b58f1d2167cb2
p:  261232.3202890767
5d2f6c0e8b6c8df1a080b6a5
p:  283421.6064434536
5d350a0918f8dde30a0abd30
p:  231241.72443136421
5d38e20cdd2d94d3c8b03ca3
p:  773804.8277345253
5d38e8377110e453a0b03b6f
p:  256471.80751517654
5d38f68c02947826d9b03cfd
p:  478649.14952994586
5d391cbc27eaeae6e22a0153
p:  476964.3659256052
5d391ce335a7630bce2a0153
p:  118191.0812002651
5d391cf4741bf68f862a0153
p:  192796.33425943437
5d391e88d041f957652a0154
p:  270309.8492767222
5d391eef741bf68f862a0155
p:  869466.3145116525
5d3922518b2425ad2c2a015a
p:  323451.2962748825
5d39230e27eaeae6e22a0159
p:  321783.9450973343
5d39236727eaeae6e22a015a
p:  391322.8999697189
5d3923b427eaeae6e22a015b
p:  315198.90936597646
5d3923e29011784a002a015a
p:  331937.73960259726
5d39276027eaeae6e22a015f
p:  446263.18236959015
5d3929ac9011784a002a0165
p:  463411.2054136819
5d3929e09011784a002a0166
p:  380793.9450146257
5d392a949011784a002a0169
p:  467429.4309567838
5d392ad19011784a002a016a
p:  467429.4309567838
5d392bd027eaeae6e22a0165
p:  356854.7506028528
5d392f9227eaeae6e22a0168
p:  264064.5948449009
5d39304d27eaeae6e22a016a
p:  550155.1067658052
5d39317b27eaeae6e22a016c
p:  241513.0713119586
5d39328327eaeae6e22a016e
p:  375933.9561969873
5d3932c327eaeae6e22a016f
p:  366928.05604099715
5d39333cb5bd79a92d2a016c
p:  541756.0660870284
5d39338135a7630bce2a0179
p:  904226.312763864
5d3934e735a7630bce2a017d
p:  1199018.3916797955
5d39354f27eaeae6e22a0171
p:  374736.17616176145
5d39357827eaeae6e22a0172
p:  565967.515027486
5d393584741bf68f862a0171
p:  429925.4057791622
5d39367b27eaeae6e22a0174
p:  457105.3210549423
5d3937752610f367b42a0178
p:  598362.6004829796
5d39391b35a7630bce2a0183
p:  708209.9794991508
5d393ba835a7630bce2a0185
p:  766005.2289813583
5d393c879011784a002a0180
p:  646578.7399985333
5d393da5741bf68f862a017c
p:  220353.1728321427
5d393f579011784a002a0183
p:  227898.8086497109
5d39406c27eaeae6e22a0181
p:  429759.7977946755
5d3941259011784a002a0186
p:  322754.77164443134
5d3943b1741bf68f862a0185
p:  227757.03607759502
5d39448127eaeae6e22a0184
p:  374803.9377727773
5d39452435a7630bce2a0190
p:  598706.7115766825
5d3945342610f367b42a0184
p:  511745.46120668534
5d3945ec741bf68f862a0187
p:  278808.7558945402
5d3946e39011784a002a0193
p:  197993.66531657497
5d39476b9011784a002a0194
p:  467695.368942976
5d39481d27eaeae6e22a0188
p:  350641.8986210167
5d39495027eaeae6e22a018b
p:  368259.26970007434
5d3949b227eaeae6e22a018d
p:  313288.51490177814
5d394aabbb70ee6b3d2a0198
p:  315281.21921724675
5d394b73bb70ee6b3d2a0199
p:  382737.11712384876
5d394b9c9011784a002a019a
p:  203809.54468154447
5d394d8b741bf68f862a018e
p:  279647.64030521346
5d394df1bb70ee6b3d2a019d
p:  374784.68511353247
5d394e2e27eaeae6e22a0192
p:  532652.9917240308
5d394e43bb70ee6b3d2a019e
p:  501892.18047486426
5d394e5cbb70ee6b3d2a019f
p:  351858.86160218774
5d394ec127eaeae6e22a0193
p:  544674.0342045674
5d395061b5bd79a92d2a0193
p:  399960.90419141285
5d395131741bf68f862a0191
p:  423643.51756652363
5d3951eeb5bd79a92d2a0195
p:  479967.21771631367
5d3952d4741bf68f862a0196
p:  274890.43579806935
5d3954569011784a002a01a6
p:  257110.3077933641
5d39567e741bf68f862a0198
p:  296560.79370379495
5d3956fb8b2425ad2c2a01ab
p:  419023.9132719848
5d3957a62610f367b42a0198
p:  216362.02326271363
5d3957cf741bf68f862a019a
p:  417300.94071376626
5d39585cbb70ee6b3d2a01ac
p:  457739.0803834599
5d395b1327eaeae6e22a01a2
p:  501954.62966260174
5d395b699011784a002a01aa
p:  307121.3197709451
5d395bb8bb70ee6b3d2a01b1
p:  391436.678381598
5d395bf1bb70ee6b3d2a01b2
p:  380200.2821313304
5d395c27bb70ee6b3d2a01b3
p:  321688.0378291316
5d395c2c2610f367b42a019c
p:  320694.00919849286
5d395da88b2425ad2c2a01b0
p:  208319.5502816974
5d395dc92610f367b42a019e
p:  358875.7807049173
5d395e3d8b2425ad2c2a01b1
p:  444589.06236795307
5d395fdfbb70ee6b3d2a01b6
p:  267898.5132082006
5d3960f527eaeae6e22a01ac
p:  321783.9450973343
5d3962febb70ee6b3d2a01b8
p:  359723.77924616786
5d396388bb70ee6b3d2a01b9
p:  361719.2265351919
5d39650ebb70ee6b3d2a01bb
p:  359486.32572707324
5d3966899011784a002a01b4
p:  374535.66974433674
5d396749bb70ee6b3d2a01bf
p:  341941.5772673214
5d39693669798e61932a01a0
p:  329786.81483877474
5d396b4069798e61932a01a5
p:  280189.55808191793
5d396b6669798e61932a01a6
p:  174895.24177854625
5d396cfc69798e61932a01a8
p:  276066.95883050485
5d396d6a6fe6913fef2a01bb
p:  315111.29848439
5d396db027eaeae6e22a01b8
p:  392427.1702996059
5d396defbb70ee6b3d2a01c9
p:  349794.5644166746
5d396e48741bf68f862a01b4
p:  437887.2309365635
5d396e9b8b2425ad2c2a01c0
p:  340349.7126014626
5d396f258b2425ad2c2a01c1
p:  429688.34137111035
5d396fc869798e61932a01ab
p:  459210.54747440387
5d396fd4741bf68f862a01ba
p:  330043.3087807214
5d39713c27eaeae6e22a01bd
p:  386981.88803122065
5d3971d6bb70ee6b3d2a01ca
p:  396936.62437320116
5d3972be69798e61932a01b0
p:  313082.7221298067
5d39741869798e61932a01b1
p:  356674.00344203884
5d39743069798e61932a01b2
p:  224858.0221257871
5d39744369798e61932a01b3
p:  235197.21668513044
5d397467bb70ee6b3d2a01cd
p:  680782.6268354738
5d39747169798e61932a01b4
p:  280096.79485674354
5d3974ee69798e61932a01b5
p:  226842.39427348337
5d3975e869798e61932a01b6
p:  145317.7492375977
5d39761127eaeae6e22a01c5
p:  423108.90052322816
5d39771b9011784a002a01c2
p:  377988.0286826076
5d397731bb70ee6b3d2a01d0
p:  563261.8906024704
5d39773269798e61932a01b7
p:  254356.563343296
5d397992bb70ee6b3d2a01d2
p:  403035.3723420566
5d3979d469798e61932a01ba
p:  333652.47697665193
5d397aa269798e61932a01bd
p:  330964.96778392093
5d397c769011784a002a01cd
p:  404054.89263301477
5d397cd169798e61932a01c0
p:  146057.73195193656
5d397eade00376e4c72a01c7
p:  326927.2968086056
5d397ef4e00376e4c72a01c8
p:  196889.80827192706
5d397f332610f367b42a01bf
p:  369877.41220003704
5d3980e9bb70ee6b3d2a01d6
p:  241967.72932269104
5d3981a4bb70ee6b3d2a01d9
p:  487205.19356742885
5d3981f135a7630bce2a01de
p:  586347.2308132498
5d3981fae00376e4c72a01cb
p:  209306.65106469204
5d3982b835a7630bce2a01df
p:  354340.89820360584
5d3983a2e00376e4c72a01ce
p:  399448.35387041746
5d3984852610f367b42a01ca
p:  236104.2700356651
5d398543741bf68f862a01d5
p:  344205.00858589576
5d3985bf35a7630bce2a01e3
p:  336371.6154621118
5d39864335a7630bce2a01e4
p:  338252.8084844879
5d398667e00376e4c72a01d1
p:  365588.12853440305
5d398727e00376e4c72a01d2
p:  369910.51607590815
5d39875d8b2425ad2c2a01eb
p:  345857.7583022281
5d39882b8b2425ad2c2a01ec
p:  254799.5232840622
5d39885035a7630bce2a01e7
p:  249131.6187515598
5d3988bb9011784a002a01de
p:  463411.2054136819
5d3988d669798e61932a01c9
p:  1832241.0430129198
5d398a61e00376e4c72a01d3
p:  207097.6649301097
5d398aa99011784a002a01e0
p:  343467.40185617877
5d398aff35a7630bce2a01e9
p:  532055.5754710069
5d398b81e00376e4c72a01d4
p:  460446.4428999672
5d398be835a7630bce2a01eb
p:  360151.1159519827
5d398c2335a7630bce2a01ec
p:  188844.75492781884
5d398cd169798e61932a01ce
p:  3467074.2003213707
5d398cd4d041f957652a01e5
p:  210943.11328915838
5d398cff69798e61932a01cf
p:  2059915.623493925
5d398e61d041f957652a01e8
p:  391856.2992799472
5d398e7a27eaeae6e22a01e0
p:  598298.7416239931
5d398ec035a7630bce2a01ee
p:  334896.2478276226
5d398ef6d041f957652a01e9
p:  290706.1679344408
5d399151d041f957652a01ea
p:  360345.0804621436
5d39920be00376e4c72a01dc
p:  1251712.7718797778
5d39930135a7630bce2a01f5
p:  439599.79863430624
5d399305d041f957652a01ed
p:  244809.41593360069
5d39930ee00376e4c72a01de
p:  281323.88022317964
5d39934b35a7630bce2a01f6
p:  359830.09009665553
5d39939abb70ee6b3d2a01ea
p:  557191.2843166956
5d3993bb35a7630bce2a01f7
p:  518123.3423144194
5d3993f235a7630bce2a01f9
p:  389383.3664290479
5d399413d041f957652a01ef
p:  266392.2512098261
5d39942ae00376e4c72a01e0
p:  375276.10775466135
5d3994a1e00376e4c72a01e1
p:  240933.30346069206
5d3994b269798e61932a01d9
p:  517669.6945868145
5d3994dfbb70ee6b3d2a01eb
p:  312930.5992415055
5d39960f69798e61932a01db
p:  1355945.6664204204
5d39961c35a7630bce2a0200
p:  481399.7634385232
5d399770b5bd79a92d2a020e
p:  214798.873905856
5d39977635a7630bce2a0202
p:  388270.0691213415
5d39978ae00376e4c72a01e3
p:  254638.6458570869
5d39983e9011784a002a01ec
p:  379468.68201793294
5d3998c18b2425ad2c2a01fe
p:  290228.0602536786
5d3998cbb5bd79a92d2a0214
p:  1342015.587456577
5d3998e2d041f957652a01f3
p:  226466.6393051511
5d39993ee00376e4c72a01e6
p:  251065.13622520326
5d39995435a7630bce2a0204
p:  237965.9745132606
5d3999cfbb70ee6b3d2a01f2
p:  446758.93057257787
5d3999d835a7630bce2a0205
p:  388270.0691213415
5d399a709011784a002a01ef
p:  322754.77164443134
5d399b15e00376e4c72a01e8
p:  210751.1771395495
5d399c2535a7630bce2a0207
p:  244129.6033028675
5d399c99d041f957652a01f6
p:  269863.52625824336
5d399cbfb5bd79a92d2a0222
p:  215785.51476680508
5d399cf9d041f957652a01f7
p:  206210.2607615958
5d399d35b5bd79a92d2a0224
p:  410068.0743665889
5d399e3abb70ee6b3d2a01f7
p:  344904.57662628905
5d399ee469798e61932a01e7
p:  1961932.588937748
5d399fe0b5bd79a92d2a0230
p:  427683.9691015453
5d399ff52610f367b42a01f3
p:  299662.9907427606
5d39a0652610f367b42a01f4
p:  234791.92986429652
5d39a1b6d041f957652a01f9
p:  231529.51874878822
5d39a1c9b5bd79a92d2a0238
p:  352282.3877241854
5d39a20ab5bd79a92d2a0239
p:  361677.9232057492
5d39a21035a7630bce2a020f
p:  463572.32846999867
5d39a27bd041f957652a01fb
p:  267902.6248465264
5d39a2adbb70ee6b3d2a0203
p:  352130.12634736777
5d39a2efb5bd79a92d2a023d
p:  418917.54914737487
5d39a35b741bf68f862a01f7
p:  200610.45982760235
5d39a361b5bd79a92d2a023f
p:  265302.6332460118
5d39a395b5bd79a92d2a0240
p:  511523.3770006854
5d39a40bb5bd79a92d2a0242
p:  412140.6957802211
5d39a422bb70ee6b3d2a0208
p:  323667.7566583258
5d39a443b5bd79a92d2a0243
p:  313654.8518503349
5d39a47fb5bd79a92d2a0244
p:  349914.097037858
5d39a4abbb70ee6b3d2a020a
p:  314957.0418492092
5d39a4bab5bd79a92d2a0245
p:  338816.29461962497
5d39a4eb8b2425ad2c2a020b
p:  237009.4272229735
5d39a52b35a7630bce2a0213
p:  532730.2334154327
5d39a580b5bd79a92d2a0248
p:  301075.2757824238
5d39a5a1d041f957652a01fd
p:  276045.78152993723
5d39a5fcb5bd79a92d2a024a
p:  125732.07051280873
5d39a6542610f367b42a01fa
p:  341255.779501179
5d39a6c1b5bd79a92d2a024d
p:  459519.53515414265
5d39a6c1bb70ee6b3d2a0210
p:  534936.4846100875
5d39a6f8b5bd79a92d2a024e
p:  338816.29461962497
5d39a769b5bd79a92d2a0250
p:  326286.1342573248
5d39a76fbb70ee6b3d2a0212
p:  341941.5772673214
5d39a7adbb70ee6b3d2a0213
p:  449060.53699129267
5d39a8c4bb70ee6b3d2a0217
p:  412703.6960533154
5d39a95dbb70ee6b3d2a0219
p:  364391.97853825183
5d39aa91741bf68f862a0204
p:  295583.98213189817
5d39aaacd041f957652a0202
p:  255653.47033637995
5d39ac028b2425ad2c2a0212
p:  375197.2347537939
5d39ac0ab5bd79a92d2a0255
p:  324285.707159807
5d39ac3dbb70ee6b3d2a0223
p:  344275.4586165055
5d39ac91b5bd79a92d2a0258
p:  303981.965768229
5d39ad812610f367b42a0206
p:  191445.2721656246
5d39ae6b35a7630bce2a021a
p:  166146.09936277755
5d39af01d041f957652a0206
p:  695610.7671175086
5d39b123bb70ee6b3d2a0230
p:  433328.9886061845
5d39b1e869798e61932a01f8
p:  492665.50812499283
5d39b35b8b2425ad2c2a0218
p:  447396.86011948675
5d39b3928b2425ad2c2a0219
p:  526781.8158960596
5d39b4e6d041f957652a020e
p:  142521.56367347043
5d39b5552610f367b42a020c
p:  209851.75887364312
5d39b5c49011784a002a0207
p:  467429.4309567838
5d39b60d9011784a002a0208
p:  366732.1236040144
5d39b6a327eaeae6e22a020d
p:  200935.92338754277
5d39b8508b2425ad2c2a021b
p:  170874.52225397003
5d39b85027eaeae6e22a020f
p:  75815.16225835479
5d39bb5f8b2425ad2c2a021c
p:  366045.25058272877
5d39bcab6ff3cff2f02a0228
p:  319800.03203880775
5d39bd5127eaeae6e22a0213
p:  204928.65570999775
5d39be85d041f957652a0217
p:  226237.17181585028
5d39c20c27eaeae6e22a0217
p:  157605.58560221194
5d39c29f8b2425ad2c2a022b
p:  285665.1217531565
5d39c2f76ff3cff2f02a0235
p:  353650.50522221887
5d39c37f8b2425ad2c2a022d
p:  292650.48386918026
5d39c62a9011784a002a021c
p:  321700.52715943486
5d39c6d7741bf68f862a0222
p:  312100.5136956612
5d39c8426ff3cff2f02a023e
p:  309178.92749903805
5d39ca5635a7630bce2a0236
p:  241410.63453829347
5d39cb5e27eaeae6e22a0220
p:  345851.571670598
5d39cde827eaeae6e22a0223
p:  288044.7083772118
5d39ce3727eaeae6e22a0225
p:  164141.66852871384
5d39ce4b8b2425ad2c2a0237
p:  283644.5491720346
5d39ce6c6ff3cff2f02a0245
p:  254186.28191171307
5d39cee569798e61932a0222
p:  1070151.9557378425
5d39cf8435a7630bce2a023d
p:  302768.35947873443
5d39cfbb27eaeae6e22a0228
p:  232139.16355062
5d39d133d041f957652a022c
p:  262124.67665429207
5d39d13b6fe6913fef2a021d
p:  458593.0941085145
5d39d3aa6fe6913fef2a0220
p:  490826.1931890186
5d39d4db6fe6913fef2a0221
p:  384778.9934863808
5d39d5478b2425ad2c2a023b
p:  357064.8240011529
5d39d55a6fe6913fef2a0222
p:  406107.75602772157
5d39d56035a7630bce2a0244
p:  440799.421867977
5d39d62569798e61932a022d
p:  1875272.82785788
5d39d750b5bd79a92d2a0287
p:  327132.9156233732
5d39d7a469798e61932a0230
p:  603668.7636753806
5d39d7be6fe6913fef2a0224
p:  361130.5030461562
5d39d7e706f3ac752d2a0213
p:  554010.381494606
5d39d973741bf68f862a0238
p:  399418.1562715041
5d39d9906fe6913fef2a0226
p:  376035.2837020658
5d39d9c6bb70ee6b3d2a0259
p:  512781.93164369604
5d39da882610f367b42a023b
p:  728166.6045144341
5d39dbd5741bf68f862a023b
p:  325884.5514835375
5d39dbdd6fe6913fef2a0228
p:  343832.9390447446
5d39dbf26fe6913fef2a0229
p:  416716.12862381106
5d39dc6a2610f367b42a023e
p:  444742.99416908517
5d39dcc72610f367b42a023f
p:  462019.38803529285
5d39dcf627eaeae6e22a0232
p:  185836.68497459538
5d39dd3e35a7630bce2a024a
p:  231158.75989691156
5d39dd9169798e61932a023a
p:  492665.50812499283
5d39df0c06f3ac752d2a0219
p:  764029.8590774003
5d39df4b06f3ac752d2a021a
p:  545966.5949786218
5d39dfd9b5bd79a92d2a028e
p:  347850.7881010644
5d39dfe36fe6913fef2a022b
p:  465200.93214903714
5d39e12e06f3ac752d2a021b
p:  640553.5708878335
5d39e1df8b2425ad2c2a0248
p:  264891.90802503284
5d39e32ed041f957652a0245
p:  332186.60864090093
5d39e3f66fe6913fef2a0231
p:  478495.4836051902
5d39e45f6fe6913fef2a0232
p:  433870.48814678367
5d39e545d041f957652a0249
p:  541370.3202024604
5d39e5d206f3ac752d2a021e
p:  684401.3068808098
5d39e5e0bb70ee6b3d2a0267
p:  232718.97666077228
5d39e6b6b5bd79a92d2a0296
p:  729956.2986935037
5d39e6d806f3ac752d2a0220
p:  619131.8600931043
5d39e72cb5bd79a92d2a0297
p:  504849.2161065786
5d39e7cf9011784a002a0242
p:  861916.8456579329
5d39e82569798e61932a0246
p:  1109515.9696988557
5d39e8a8741bf68f862a024b
p:  389933.5571210553
5d39e90ed041f957652a024e
p:  385776.52240345185
5d39ea39bb70ee6b3d2a026d
p:  331888.74278681306
5d39eb7e741bf68f862a024f
p:  388532.8714048612
5d39ebc7d041f957652a0251
p:  401051.01382782415
5d39ebfd27eaeae6e22a0242
p:  207002.78331600805
5d39ecaf6fe6913fef2a0239
p:  563178.129355676
5d39efc4741bf68f862a0252
p:  487803.5276309127
5d39f03f06f3ac752d2a022a
p:  501077.2884328423
5d39f05e741bf68f862a0253
p:  731078.633472672
5d39f06c9011784a002a024d
p:  1649009.1128536146
5d39f110d041f957652a0259
p:  327459.64730359055
5d39f18a6ff3cff2f02a026f
p:  225529.09174176038
5d39f2146ff3cff2f02a0270
p:  142688.92793528212
5d39f28f6ff3cff2f02a0271
p:  234328.77716489308
5d39f2bbb5bd79a92d2a02a7
p:  448280.48667093576
5d39f319d041f957652a025a
p:  476670.3353278644
5d39f3992610f367b42a025a
p:  521824.186623596
5d39f3c8d041f957652a025b
p:  597935.1748068046
5d39f7f16ff3cff2f02a0277
p:  336460.42557203036
5d39f83bd041f957652a025d
p:  325666.04482174735
5d39f85e9011784a002a025b
p:  728929.1755132412
5d39f876d041f957652a025e
p:  572893.9387499319
5d39f8ab6ff3cff2f02a0278
p:  336460.42557203036
5d39f8bed041f957652a025f
p:  528504.465311348
5d39f8c99011784a002a025c
p:  471072.33545273676
5d39fa0e6fe6913fef2a0249
p:  521055.4970509992
5d39fa41741bf68f862a025b
p:  437831.592826326
5d39fa8fd041f957652a0262
p:  407562.99330151954
5d39fab4741bf68f862a025c
p:  312725.7851092664
5d39fae9bb70ee6b3d2a027a
p:  374107.75618066045
5d39fb636ff3cff2f02a0279
p:  335840.68971870816
5d39fb7d741bf68f862a025d
p:  330715.4166385172
5d39fc396ff3cff2f02a027a
p:  371662.80545095203
5d39fc726fe6913fef2a024a
p:  1995181.720562128
5d39fcec6ff3cff2f02a027b
p:  1010119.7842984883
5d39fe7c6fe6913fef2a024b
p:  231064.6047433415
5d39fed735a7630bce2a0271
p:  191096.5751398232
5d39ff89bb70ee6b3d2a0281
p:  220374.8725963299
5d39ffb1d041f957652a0263
p:  369799.90259349626
5d3a002f6fe6913fef2a024e
p:  177922.55659722464
5d3a00679011784a002a0265
p:  911682.8498531487
5d3a00a16fe6913fef2a024f
p:  488336.2972110186
5d3a00f56ff3cff2f02a0281
p:  575579.8481481471
5d3a012f741bf68f862a0263
p:  465442.51803979033
5d3a01466fe6913fef2a0251
p:  266982.52496371476
5d3a01838b2425ad2c2a0266
p:  444541.1160658204
5d3a01a42610f367b42a0266
p:  485651.7352307605
5d3a01f22610f367b42a0267
p:  494943.83167467173
5d3a0259d041f957652a0265
p:  481294.73149565473
5d3a0329b5bd79a92d2a02c2
p:  320880.1551080463
5d3a037dd041f957652a0266
p:  384981.77815772704
5d3a04048b2425ad2c2a0268
p:  312730.0434530261
5d3a04679011784a002a026a
p:  942687.0100917909
5d3a04756ff3cff2f02a0287
p:  449959.0414927134
5d3a04e8d041f957652a0268
p:  304206.86396933673
5d3a05ec9011784a002a026c
p:  1351123.6670443602
5d3a05f1741bf68f862a0268
p:  441652.4378517318
5d3a0608d041f957652a026a
p:  408380.53641485993
5d3a064c741bf68f862a0269
p:  515026.83863823494
5d3a07016ff3cff2f02a028b
p:  461878.2634556843
5d3a0715741bf68f862a026a
p:  324054.75287399575
5d3a071db5bd79a92d2a02d0
p:  704648.0183678416
5d3a07ac6fe6913fef2a0258
p:  231064.6047433415
5d3a08018b2425ad2c2a026c
p:  380235.7408410243
5d3a08106ff3cff2f02a028c
p:  315337.2797734786
5d3a08928b2425ad2c2a026d
p:  336244.0119392767
5d3a08d46fe6913fef2a0259
p:  231064.6047433415
5d3a09112610f367b42a026c
p:  400050.61456882604
5d3a09bb2610f367b42a026d
p:  274183.9615260805
5d3a09da6ff3cff2f02a028f
p:  565034.442127002
5d3a0a579011784a002a0272
p:  1004625.4704480955
5d3a0a70741bf68f862a026c
p:  313067.33358744695
5d3a0b956ff3cff2f02a0291
p:  524606.6084385632
5d3a0cc72610f367b42a0270
p:  530521.1893488623
5d3a0d18bb70ee6b3d2a0295
p:  280216.9561067365
5d3a0de506f3ac752d2a024c
p:  853202.3465693493
5d3a0df1e00376e4c72a0265
p:  387396.92909441364
5d3a0e35e00376e4c72a0267
p:  370958.8814712593
5d3a0e8e6ff3cff2f02a0294
p:  616959.7779230744
5d3a0f87741bf68f862a026e
p:  439926.0235311695
5d3a0fee06f3ac752d2a024e
p:  684122.3079092482
5d3a107cbb70ee6b3d2a02a8
p:  249001.4226015373
5d3a108d6fe6913fef2a0262
p:  391944.2988457603
5d3a109f06f3ac752d2a024f
p:  570086.412635589
5d3a10c2741bf68f862a0270
p:  562794.397536882
5d3a110cbb70ee6b3d2a02ac
p:  332901.6667576508
5d3a116f741bf68f862a0271
p:  441652.4378517318
5d3a11de06f3ac752d2a0250
p:  413102.82658451283
5d3a124b741bf68f862a0273
p:  431238.50256213854
5d3a12542610f367b42a0275
p:  385578.1423466679
5d3a126cb5bd79a92d2a02f3
p:  528275.6994874703
5d3a132d6ff3cff2f02a0296
p:  418146.22751835594
5d3a135f6ff3cff2f02a0297
p:  408858.7544321257
5d3a13a46ff3cff2f02a0298
p:  1463124.6994321062
5d3a13bd741bf68f862a0275
p:  520630.61628688197
5d3a13eeb5bd79a92d2a02f5
p:  516596.0406624941
5d3a14672610f367b42a0277
p:  398991.8870750073
5d3a15b32610f367b42a027a
p:  412877.2247667313
5d3a15f5e00376e4c72a0272
p:  775722.3511717513
5d3a16198b2425ad2c2a027b
p:  312413.9803602861
5d3a1646b5bd79a92d2a02f7
p:  545946.1293808122
5d3a1667bb70ee6b3d2a02c8
p:  503835.3210071471
5d3a171ab5bd79a92d2a02f9
p:  955050.4382191157
5d3a1747e00376e4c72a0274
p:  403457.210524266
5d3a17b96ff3cff2f02a029e
p:  352759.64049975225
5d3a17c7e00376e4c72a0275
p:  453089.9629918304
5d3a1806b5bd79a92d2a02fa
p:  611692.0446782605
5d3a18146ff3cff2f02a029f
p:  408858.7544321257
5d3a184eb5bd79a92d2a02fb
p:  612386.3286521281
5d3a18bde00376e4c72a0276
p:  946262.0463546386
5d3a1900b5bd79a92d2a02fc
p:  601565.0996454401
5d3a19122610f367b42a027c
p:  463554.0760070096
5d3a194b6fe6913fef2a026b
p:  325986.8675213276
5d3a19c4e00376e4c72a0277
p:  515912.9166778358
5d3a19ccbb70ee6b3d2a02db
p:  372362.73346875125
5d3a1a1ae00376e4c72a0278
p:  350391.8226148031
5d3a1a52e00376e4c72a0279
p:  442152.8816230891
5d3a1a528b2425ad2c2a0282
p:  378342.7578628921
5d3a1a93d041f957652a027b
p:  395401.4711908825
5d3a1ac68b2425ad2c2a0284
p:  240396.7897569817
5d3a1b15bb70ee6b3d2a02e2
p:  400766.4612849632
5d3a1b6a9011784a002a0287
p:  833609.8560931815
5d3a1b828b2425ad2c2a0287
p:  296697.1841066305
5d3a1bb48b2425ad2c2a0288
p:  301220.8768754358
5d3a1bc1bb70ee6b3d2a02e5
p:  470777.449557376
5d3a1bcce00376e4c72a027a
p:  439413.1526112101
5d3a1be78b2425ad2c2a0289
p:  382639.3698979259
5d3a1c1c8b2425ad2c2a028a
p:  296697.1841066305
5d3a1c3ebb70ee6b3d2a02e9
p:  410691.87025476445
5d3a1c5ad041f957652a027c
p:  400944.5493158825
5d3a1c5d2610f367b42a027f
p:  291919.94776775583
5d3a1dd08b2425ad2c2a0291
p:  475964.3492645218
5d3a1f1ce00376e4c72a027e
p:  683718.1557401151
5d3a1f21d041f957652a027e
p:  254818.02971142787
5d3a1f7006f3ac752d2a0268
p:  487932.64026277035
5d3a1f8c06f3ac752d2a0269
p:  474874.38786269946
5d3a1fa606f3ac752d2a026a
p:  247377.31223588256
5d3a207e9011784a002a028f
p:  956932.0383530237
5d3a20aa9011784a002a0290
p:  782471.9303507288
5d3a20f78b2425ad2c2a029d
p:  392636.1944146482
5d3a214d2610f367b42a0287
p:  527159.6864829861
5d3a216c9011784a002a0292
p:  676222.7133526318
5d3a21f706f3ac752d2a0273
p:  290417.0606011874
5d3a229206f3ac752d2a0277
p:  372702.52200297674
5d3a2308d041f957652a0282
p:  555649.5188428292
5d3a2404bb70ee6b3d2a0301
p:  343838.0892341872
5d3a2437e00376e4c72a0281
p:  426408.3206890186
5d3a2563e00376e4c72a0283
p:  324465.87667243765
5d3a25a32610f367b42a0289
p:  434011.5619423912
5d3a26ea2610f367b42a028b
p:  392316.6175906237
5d3a276ed041f957652a0285
p:  385598.15617258014
5d3a276f35a7630bce2a029a
p:  168923.41651319066
5d3a28206fe6913fef2a027d
p:  692325.2072085134
5d3a2825d041f957652a0286
p:  448540.99726596347
5d3a2aaf9011784a002a029a
p:  553922.9727715962
5d3a2ca88b2425ad2c2a02a8
p:  341897.6572529155
5d3a2cb02610f367b42a0291
p:  318633.5587028876
5d3a2cd82610f367b42a0292
p:  423677.0970046108
5d3a2d7c9011784a002a02a1
p:  845040.6026642343
5d3a2e43741bf68f862a0298
p:  327309.036486485
5d3a2f682610f367b42a0296
p:  391146.6222425967
5d3a2fa5741bf68f862a02a1
p:  545801.7261751955
5d3a2fa88b2425ad2c2a02ab
p:  386413.88400283863
5d3a2ff5d041f957652a028f
p:  469343.3689477276
5d3a309ab5bd79a92d2a0312
p:  256792.84167954253
5d3a332d2610f367b42a029f
p:  302532.6514193081
5d3a33748b2425ad2c2a02b0
p:  382639.3698979259
5d3a337cb5bd79a92d2a031b
p:  208667.83383492287
5d3a34208b2425ad2c2a02b2
p:  284709.8386816286
5d3a34c8b5bd79a92d2a031c
p:  162745.77032126192
5d3a35719011784a002a02b0
p:  1032363.013711102
5d3a35f6b5bd79a92d2a031e
p:  171765.59538338578
5d3a3659d041f957652a0299
p:  292796.7127612728
5d3a36c506f3ac752d2a0299
p:  149371.5707413783
5d3a36ebd041f957652a029a
p:  202663.0281069547
5d3a383bb5bd79a92d2a0323
p:  303906.5122171838
5d3a39512610f367b42a02aa
p:  235724.27569431489
5d3a3a2769798e61932a02b3
p:  319303.716117893
5d3a3a66b5bd79a92d2a0329
p:  242446.54229285958
5d3a3bdb69798e61932a02b6
p:  336589.0168090796
5d3a3c20b5bd79a92d2a032b
p:  288249.3797131547
5d3a3d2169798e61932a02b9
p:  605871.8073108469
5d3a3d91b5bd79a92d2a032f
p:  218019.22636505164
5d3a3ec569798e61932a02bc
p:  284201.70951625874
5d3a402469798e61932a02bd
p:  289064.9135117909
5d3a41d29011784a002a02c5
p:  975826.439152176
5d3a431169798e61932a02c2
p:  341647.566169836
5d3a434bd041f957652a02af
p:  348181.2304435945
5d3a44e769798e61932a02c7
p:  161921.9817452426
5d3a455e2610f367b42a02ba
p:  361189.94713485974
5d3a45759011784a002a02cd
p:  457083.32534612063
5d3a471e8b2425ad2c2a02c8
p:  415397.0526942437
5d3a48e3741bf68f862a02cb
p:  157627.0859346753
5d3a48fe741bf68f862a02cc
p:  624385.6002701556
5d3a4925741bf68f862a02cd
p:  367179.9932214267
5d3a4951741bf68f862a02ce
p:  339471.33946741576
5d3a4a03741bf68f862a02d3
p:  379314.9737786608
5d3a4a3f69798e61932a02d0
p:  312130.1203861325
5d3a4b43d041f957652a02b7
p:  354813.546180357
5d3a4e10741bf68f862a02d9
p:  362478.8162492538
5d3a4e1cb5bd79a92d2a034d
p:  389303.5510288172
5d3a4e80b5bd79a92d2a034e
p:  382489.48089547886
5d3a4ecd2610f367b42a02c9
p:  427750.7541101173
5d3a4f502610f367b42a02ca
p:  199224.9515266253
5d3a4fe0b5bd79a92d2a0351
p:  339864.83435156057
5d3a512f2610f367b42a02ce
p:  446845.1121568023
5d3a525969798e61932a02df
p:  391607.98527089646
5d3a529a9011784a002a02f0
p:  1113758.8105346723
5d3a52b369798e61932a02e0
p:  330282.1958948507
5d3a52dc69798e61932a02e1
p:  338211.9484463177
5d3a52ea2610f367b42a02d2
p:  476861.92504864646
5d3a5314741bf68f862a02e0
p:  458084.4290110724
5d3a54192610f367b42a02d6
p:  178891.26594751765
5d3a54229011784a002a02f3
p:  850851.2602334741
5d3a54758b2425ad2c2a02dc
p:  312349.425740764
5d3a575b2610f367b42a02db
p:  688319.8172160159
5d3a57d6741bf68f862a02e6
p:  465772.3299030872
5d3a58a6741bf68f862a02e7
p:  392148.55617165193
5d3a59bc6ff3cff2f02a02f9
p:  219000.55776041263
5d3a5ab4741bf68f862a02ea
p:  347804.59101119713
5d3a5b7b6ff3cff2f02a02fc
p:  397193.4553821569
5d3a5b8c69798e61932a02e9
p:  397193.4553821569
5d3a5cad69798e61932a02ed
p:  310092.9139008501
5d3a5cf6741bf68f862a02eb
p:  471911.44676329975
5d3a5d4269798e61932a02ef
p:  221493.7030425177
5d3a5d7bb5bd79a92d2a0366
p:  400980.8830054486
5d3a5df32610f367b42a02e3
p:  861058.1431526719
5d3a5e882610f367b42a02e5
p:  480702.54673384037
5d3a5eb069798e61932a02f4
p:  335840.68971870816
5d3a5ed76ff3cff2f02a02fe
p:  335840.68971870816
5d3a5f0469798e61932a02f6
p:  498221.6956811671
5d3a5f26d041f957652a02cf
p:  299581.30827762623
5d3a5ff869798e61932a02fa
p:  355559.0767783307
5d3a6041b5bd79a92d2a0369
p:  457908.7452237216
5d3a606c6ff3cff2f02a02ff
p:  336409.72244289395
5d3a60e02610f367b42a02e9
p:  647744.011100024
5d3a613a741bf68f862a02f1
p:  460549.67206540634
5d3a61d76ff3cff2f02a0303
p:  256325.93124071212
5d3a62996ff3cff2f02a0305
p:  441652.4378517318
5d3a62afb5bd79a92d2a036e
p:  441652.4378517318
5d3a62b8741bf68f862a02f4
p:  566386.6439178901
5d3a63e9741bf68f862a02f7
p:  372237.2878261858
5d3a64132610f367b42a02ef
p:  739715.9639437147
5d3a64d99011784a002a0317
p:  996234.2125882995
5d3a6537741bf68f862a02fa
p:  432615.9603783978
5d3a66e46ff3cff2f02a0309
p:  572838.3348527473
5d3a675269798e61932a0300
p:  344109.0393281766
5d3a67fa6ff3cff2f02a030a
p:  219381.85637327316
5d3a680c69798e61932a0301
p:  219381.85637327316
5d3a6827b5bd79a92d2a0375
p:  252061.11660756654
5d3a68676ff3cff2f02a030b
p:  282007.3823827078
5d3a69b92610f367b42a02f6
p:  397678.30293212575
5d3a6b326ff3cff2f02a030f
p:  343610.4664889568
5d3a6b476ff3cff2f02a0310
p:  673018.6504259526
5d3a6d206ff3cff2f02a0314
p:  616364.552229186
5d3a6e1269798e61932a030c
p:  433782.81376866845
5d3a6e3a741bf68f862a030a
p:  422040.0092956236
5d3a6f486ff3cff2f02a031a
p:  304805.3729509707
5d3a6fa2741bf68f862a030f
p:  642711.9003485567
5d3a70bc6ff3cff2f02a031f
p:  563819.1850420746
5d3a71026ff3cff2f02a0320
p:  585538.6037334476
5d3a722a741bf68f862a0311
p:  366120.0942170697
5d3a72586ff3cff2f02a0324
p:  389684.1197806805
5d3a72bd6ff3cff2f02a0325
p:  370036.45838377427
5d3a72f46ff3cff2f02a0326
p:  518600.77132573555
5d3a7393b5bd79a92d2a0383
p:  406502.44985576026
5d3a73fb741bf68f862a031a
p:  296967.34736844373
5d3a755d69798e61932a0314
p:  321491.75864313985
5d3a786b6ff3cff2f02a032d
p:  374411.3961283354
5d3a78de69798e61932a031a
p:  286455.57410206355
5d3a7b9c6ff3cff2f02a0330
p:  458791.96163241833
5d3a7c7769798e61932a031d
p:  201200.83592661424
5d3a7cd2741bf68f862a0324
p:  533684.6999079976
5d3a7d1cb5bd79a92d2a038d
p:  273493.88346690417
5d3a80096ff3cff2f02a0336
p:  252289.6779331846
5d3a8311b5bd79a92d2a0398
p:  255762.7364938517
5d3a8ec7741bf68f862a0343
p:  1837503.6288758824
5d3ac1e42610f367b42a03f5
p:  93634.78885245422
5d3ac6bc69798e61932a038e
p:  246780.85662202974
5d3ac76c741bf68f862a03d5
p:  183021.17964479543
5d3ac7af69798e61932a038f
p:  314713.7168812851
5d3ac81a69798e61932a0391
p:  238082.75530387397
5d3ac88f741bf68f862a03d8
p:  191473.26627872116
5d3ac8d969798e61932a0393
p:  317769.2631808204
5d3ac90dd041f957652a0383
p:  432261.6502645345
5d3ac93969798e61932a0394
p:  241595.16736169404
5d3ac9b2741bf68f862a03db
p:  366109.202103716
5d3ac9dd69798e61932a0395
p:  389264.7820777163
5d3aca13741bf68f862a03dc
p:  254569.21915798174
5d3aca34d041f957652a0384
p:  829439.1515809747
5d3acad5741bf68f862a03de
p:  194622.22653452208
5d3acb36741bf68f862a03df
p:  205973.46600716072
5d3acb91d041f957652a0387
p:  247641.28239597954
5d3acb96741bf68f862a03e0
p:  360909.5356203823
5d3accb7741bf68f862a03e3
p:  426804.5578073383
5d3acd7a741bf68f862a03e5
p:  645113.1532775208
5d3acecf69798e61932a039a
p:  156914.1990653224
5d3acf61741bf68f862a03ea
p:  339734.57305193297
5d3ad01269798e61932a039b
p:  351741.66521248827
5d3ad025741bf68f862a03ec
p:  374256.54538283794
5d3ad086741bf68f862a03ed
p:  417459.65787732095
5d3ad148741bf68f862a03ef
p:  271017.58360949927
5d3ad19f69798e61932a039d
p:  187540.2821832959
5d3ad1aa741bf68f862a03f0
p:  231299.34676577558
5d3ad1bbd041f957652a038d
p:  765487.5191343368
5d3ad29769798e61932a039e
p:  345327.2177894465
5d3ad395741bf68f862a03f5
p:  470783.63347524556
5d3ad3aa69798e61932a03a2
p:  371395.9097057482
5d3ad3f9741bf68f862a03f6
p:  269415.3334469284
5d3ad543d041f957652a0391
p:  469467.998583921
5d3ad69b69798e61932a03a5
p:  458761.2348733291
5d3ad6a4741bf68f862a03fd
p:  423218.10961690906
5d3ad6cc69798e61932a03a6
p:  272957.88701852784
5d3ad703741bf68f862a03fe
p:  555946.5232285325
5d3ad74d69798e61932a03a7
p:  317182.9653164311
5d3ad84cd041f957652a0395
p:  437063.3206567534
5d3ad87169798e61932a03a9
p:  345327.2177894465
5d3ad8a1d041f957652a0396
p:  394236.02868441236
5d3ad951741bf68f862a0404
p:  205258.9082746595
5d3adb3d741bf68f862a0409
p:  416796.2542259663
5d3adbf469798e61932a03b1
p:  245266.69017371346
5d3adc4569798e61932a03b2
p:  193135.44149585042
5d3adc7bd041f957652a039c
p:  221432.46178847278
5d3add81d041f957652a039e
p:  276214.0843506385
5d3add8d741bf68f862a040f
p:  200636.02231679892
5d3addcfd041f957652a039f
p:  441177.7921706487
5d3addec741bf68f862a0410
p:  211148.17290865793
5d3ade4d741bf68f862a0411
p:  154117.59590399882
5d3ae02c69798e61932a03b8
p:  292235.44337338704
5d3ae05a69798e61932a03b9
p:  236244.10363990025
5d3ae0a669798e61932a03ba
p:  156914.1990653224
5d3ae0e306f3ac752d2a03e1
p:  356303.77344823466
5d3ae14d6ff3cff2f02a03eb
p:  359876.6743000226
5d3ae344d041f957652a03a4
p:  341010.7494615403
5d3ae3566ff3cff2f02a03f6
p:  388963.18713341735
5d3ae3a0d041f957652a03a6
p:  288997.9777654442
5d3ae3f906f3ac752d2a03e3
p:  116409.40995132722
5d3ae49bd041f957652a03a8
p:  307379.98384949827
5d3ae4ead041f957652a03a9
p:  547433.7240636812
5d3ae5508b2425ad2c2a03cb
p:  303943.49341970636
5d3ae5966ff3cff2f02a0402
p:  235573.55735555047
5d3ae5c28b2425ad2c2a03cd
p:  337040.98696076684
5d3ae5ec69798e61932a03c1
p:  275704.8146653349
5d3ae6dd741bf68f862a0419
p:  233637.28317436657
5d3ae7389011784a002a0403
p:  213733.08470487315
5d3ae7508b2425ad2c2a03d1
p:  379326.93315012293
5d3ae7da6ff3cff2f02a040e
p:  302856.14113289036
5d3ae826d041f957652a03ab
p:  416588.4555300449
5d3ae96f9011784a002a0409
p:  379471.75965235574
5d3aeafa9011784a002a040c
p:  355253.38062257366
5d3aec576ff3cff2f02a0426
p:  382716.36061489314
5d3aee01d041f957652a03ac
p:  238178.08764050266
5d3aef482610f367b42a0442
p:  314573.5927676159
5d3af120d041f957652a03b1
p:  463083.9611334079
5d3af1932610f367b42a0447
p:  262795.9543828649
5d3af2519011784a002a0417
p:  246307.45132489834
5d3af2f0d041f957652a03b3
p:  425055.1989312552
5d3af4542610f367b42a044d
p:  453238.1749952872
5d3af5168b2425ad2c2a03e0
p:  270650.65359941986
5d3af65d9011784a002a041e
p:  385219.12048157
5d3af6958b2425ad2c2a03e1
p:  231590.03917472885
5d3af6fb8b2425ad2c2a03e3
p:  205851.02510748373
5d3afb608b2425ad2c2a03e9
p:  290264.6264282553
5d3afb8dd041f957652a03bd
p:  221432.46178847278
5d3afbe68b2425ad2c2a03ea
p:  125009.1122687394
5d3afe958b2425ad2c2a03ed
p:  225569.22546996298
5d3b03ab8b2425ad2c2a03f2
p:  184287.7921222424
5d3b08242610f367b42a0463
p:  313793.43380927714
5d3b0f229011784a002a0442
p:  323408.3797900019
5d3b13339011784a002a0445
p:  539545.6373040054
5d3e6e90f046cd7a6407b599
p:  361958.56580687955
5d3e9e5abd7b3d656007b66f
p:  572256.3385480911
5d44f24df6b4c2439b8b2007
p:  280057.8574609904
5d456c00f6b4c2439b8b209e
p:  724014.3850375607
5d4572bff6b4c2439b8b20a5
p:  326576.28169832355
For ['Beaver', 'Emery', 'Garfield', 'Grand', 'Iron', 'Kane', 'Millard', 'Piute', 'San Juan', 'Sanpete', 'Sevier', 'Washington', 'Wayne']#################################################################
train score for random_forest: 0.9276773611802129
test score for random_forest: 0.6703632430567907
The mean absolute error is:$ 112238.65435205087
r_Score: 0.6774248860940607
Voting Regressor (in): 0.9570226010951235
Voting Regressor: 0.6774248860940607
5d0d476f43207cb60914ae95
p:  169862.40218763915
5d31a701d708b0a3d0a64e98
p:  269379.74202273006
5d3ab1ad8b2425ad2c2a0362
p:  194865.2829123116
5d3ab3028b2425ad2c2a0364
p:  617792.9587892351
5d3ab32c8b2425ad2c2a0365
p:  192177.25505206338
5d3ad1988b2425ad2c2a03a8
p:  431444.2323316564
5d3ad67c06f3ac752d2a03b1
p:  158617.27103698425
5d3aee4569798e61932a03cd
p:  238679.25045143213
5d3af9c306f3ac752d2a0405
p:  440766.8010672708
5d3afa3b6ff3cff2f02a0470
p:  403124.58127438254
5d3afa666ff3cff2f02a0471
p:  247939.53531596
5d3afac36ff3cff2f02a0473
p:  232547.92420302035
5d3afb226ff3cff2f02a0475
p:  216294.59628181736
5d3afc1806f3ac752d2a0407
p:  225151.98440338994
5d3afd916ff3cff2f02a0482
p:  229194.51794686177
5d3afdbf6ff3cff2f02a0483
p:  251791.4653031191
5d3afe776ff3cff2f02a0487
p:  153020.8964099331
5d3aff036ff3cff2f02a048a
p:  153020.8964099331
5d3aff2f6ff3cff2f02a048b
p:  266586.04913616145
5d3affbc6ff3cff2f02a048e
p:  212108.520954502
5d3b003206f3ac752d2a040c
p:  433657.7360386953
5d3b03796ff3cff2f02a04a2
p:  172704.46013620624
5d3b04946ff3cff2f02a04a8
p:  310774.0719114028
5d3b05f706f3ac752d2a0410
p:  163787.10916781524
5d3b075d6ff3cff2f02a04b7
p:  261364.5018158104
5d3b0e846ff3cff2f02a04de
p:  258869.4291237657
5d3b0f4e06f3ac752d2a041f
p:  255461.7790274402
5d3b10ec741bf68f862a0459
p:  250085.11683428855
5d3b10ee06f3ac752d2a0424
p:  225151.98440338994
5d3b12be69798e61932a040b
p:  294210.507827261
5d3b145406f3ac752d2a0427
p:  179264.46986593056
5d3b1505b5bd79a92d2a046c
p:  441316.52513059083
5d3b15c18b2425ad2c2a040c
p:  300094.3521159814
5d3b164fb5bd79a92d2a046f
p:  265817.20998409134
5d3b16d706f3ac752d2a042b
p:  285427.9582180896
5d3b171606f3ac752d2a042c
p:  217508.19058102474
5d3b174006f3ac752d2a042d
p:  145174.0213225539
5d3b1809741bf68f862a0463
p:  221831.91018208757
5d3b18ab741bf68f862a0466
p:  266211.36906661734
5d3b19258b2425ad2c2a0412
p:  256364.4276454136
5d3b197b8b2425ad2c2a0414
p:  376645.2920928707
5d3b1a6b06f3ac752d2a0432
p:  244760.60062747597
5d3b1a6c741bf68f862a046d
p:  230346.76651341503
5d3b1ad98b2425ad2c2a0415
p:  238039.80037524214
5d3b1ada741bf68f862a046f
p:  417614.4794072239
5d3b1b79741bf68f862a0472
p:  298506.04820903006
5d3b1ce12610f367b42a047e
p:  235375.2987147513
5d3b1d1406f3ac752d2a0436
p:  313410.4848458299
5d3b1d7cb5bd79a92d2a0487
p:  226528.02755939728
5d3b1e5db5bd79a92d2a048b
p:  226483.19361475762
5d3b1e698b2425ad2c2a041a
p:  446643.28124756867
5d3b20bb741bf68f862a0478
p:  140255.11587514155
5d3b214b741bf68f862a0479
p:  425901.0002544916
5d3b216b741bf68f862a047a
p:  446663.0202579406
5d3b21c5741bf68f862a047b
p:  275152.5023253737
5d3b2401b5bd79a92d2a04a6
p:  204272.51132867258
5d3b264b06f3ac752d2a0448
p:  251774.0251061697
5d3b275bb5bd79a92d2a04b4
p:  234143.42507693073
5d3b285a9011784a002a045d
p:  307185.5344238725
5d3b29dbd041f957652a03f8
p:  295644.0799342672
5d3b2a8fb5bd79a92d2a04c3
p:  313228.7756272869
5d3b2abfb5bd79a92d2a04c4
p:  330920.55285292503
5d3b2b162610f367b42a0492
p:  306316.5590942089
5d3b2cf86ff3cff2f02a0526
p:  323346.6487162991
5d3b2d9f6ff3cff2f02a0527
p:  321844.4484781516
5d3b2e35d041f957652a03fc
p:  448651.86881080316
5d3b2e526ff3cff2f02a0529
p:  257343.03915118467
5d3b2ec406f3ac752d2a0459
p:  145174.0213225539
5d3b2ec7d041f957652a03fd
p:  340129.2440621158
5d3b30982610f367b42a0497
p:  873709.4969726624
5d3b31fbd041f957652a0402
p:  494888.77872407134
5d3b3240b5bd79a92d2a04e8
p:  197380.29677896795
5d3b332b8b2425ad2c2a0436
p:  279849.9596605364
5d3b33422610f367b42a049b
p:  299508.2308259496
5d3b35728b2425ad2c2a0438
p:  295384.8887274562
5d3b38ae2610f367b42a04a1
p:  518181.9198297147
5d3b3a112610f367b42a04a3
p:  634681.0397097096
5d3b3ce38b2425ad2c2a0442
p:  601308.8574206757
5d3b3da42610f367b42a04a7
p:  478589.7458205244
5d3b3da68b2425ad2c2a0445
p:  425497.95968615165
5d3b3fe78b2425ad2c2a044e
p:  431315.2965839914
5d3b402b2610f367b42a04ad
p:  299508.2308259496
5d3b40558b2425ad2c2a0451
p:  235962.0719658344
5d3b41358b2425ad2c2a0456
p:  295384.8887274562
5d3b41478b2425ad2c2a0457
p:  285898.37314840563
5d3b42348b2425ad2c2a045e
p:  270400.4900682877
5d3b42e78b2425ad2c2a0463
p:  397649.789665623
5d3b43372610f367b42a04b4
p:  299182.64649865957
5d3b43ea2610f367b42a04b5
p:  394769.3341273508
5d3b45bd8b2425ad2c2a0475
p:  267187.08843944897
5d3b47688b2425ad2c2a0484
p:  285171.8212444449
5d3b480f2610f367b42a04ba
p:  382962.05882389005
5d3b4a448b2425ad2c2a0496
p:  237196.463850107
5d3b4abe8b2425ad2c2a0499
p:  447266.87576465675
5d3b4aee8b2425ad2c2a049a
p:  415233.0167980216
5d3b4b198b2425ad2c2a049b
p:  272017.2096809675
5d3b4b988b2425ad2c2a049e
p:  321019.51901220344
5d3b4cc02610f367b42a04c5
p:  409186.84053346387
5d3b4ddd2610f367b42a04c8
p:  487996.860979737
5d3b4e9a8b2425ad2c2a04b6
p:  335632.926314514
5d3b4eae8b2425ad2c2a04b7
p:  418321.6377298387
5d3b52f62610f367b42a04d1
p:  316651.7047153432
5d3b53a52610f367b42a04d7
p:  423277.939847173
5d3b55a72610f367b42a04ee
p:  404376.39187480265
5d3b55cf2610f367b42a04f0
p:  432125.89380402537
5d3b569a2610f367b42a04f9
p:  490377.88501316035
5d3b56c02610f367b42a04fa
p:  269413.27577704476
5d3b57012610f367b42a04fd
p:  379496.34695407044
5d3b57262610f367b42a04ff
p:  255467.3014881228
5d3b57268b2425ad2c2a04ef
p:  288594.5328955183
5d3b573c2610f367b42a0500
p:  498871.4841205793
5d3b58172610f367b42a0509
p:  315749.3379219994
5d3b5a008b2425ad2c2a0500
p:  515306.04861356935
5d3b614a2610f367b42a0521
p:  467492.00002132845
5d3b638b2610f367b42a0525
p:  382083.62852510205
5d3b640a2610f367b42a0526
p:  419965.37427496887
5d3b6f692610f367b42a0538
p:  271137.62004055595/home/testapiuser/HouseApp_2/PricePrediction/UTPrice.py:266: SettingWithCopyWarning: 
A value is trying to be set on a copy of a slice from a DataFrame.
Try using .loc[row_indexer,col_indexer] = value instead

See the caveats in the documentation: http://pandas.pydata.org/pandas-docs/stable/indexing.html#indexing-view-versus-copy
  df2['AreaSpace_SQFT'] = df2['AreaSpace_SQFT'].astype(int)
/home/testapiuser/HouseApp_2/PricePrediction/UTPrice.py:278: SettingWithCopyWarning: 
A value is trying to be set on a copy of a slice from a DataFrame.
Try using .loc[row_indexer,col_indexer] = value instead

See the caveats in the documentation: http://pandas.pydata.org/pandas-docs/stable/indexing.html#indexing-view-versus-copy
  df2['Price'] = z1
/home/testapiuser/HouseApp_2/PricePrediction/UTPrice.py:285: SettingWithCopyWarning: 
A value is trying to be set on a copy of a slice from a DataFrame.
Try using .loc[row_indexer,col_indexer] = value instead

See the caveats in the documentation: http://pandas.pydata.org/pandas-docs/stable/indexing.html#indexing-view-versus-copy
  df2['AreaSpace_SQFT'] = z2
/home/testapiuser/HouseApp_2/PricePrediction/UTPrice.py:266: SettingWithCopyWarning: 
A value is trying to be set on a copy of a slice from a DataFrame.
Try using .loc[row_indexer,col_indexer] = value instead

See the caveats in the documentation: http://pandas.pydata.org/pandas-docs/stable/indexing.html#indexing-view-versus-copy
  df2['AreaSpace_SQFT'] = df2['AreaSpace_SQFT'].astype(int)
/home/testapiuser/HouseApp_2/PricePrediction/UTPrice.py:278: SettingWithCopyWarning: 
A value is trying to be set on a copy of a slice from a DataFrame.
Try using .loc[row_indexer,col_indexer] = value instead

See the caveats in the documentation: http://pandas.pydata.org/pandas-docs/stable/indexing.html#indexing-view-versus-copy
  df2['Price'] = z1
/home/testapiuser/HouseApp_2/PricePrediction/UTPrice.py:285: SettingWithCopyWarning: 
A value is trying to be set on a copy of a slice from a DataFrame.
Try using .loc[row_indexer,col_indexer] = value instead

See the caveats in the documentation: http://pandas.pydata.org/pandas-docs/stable/indexing.html#indexing-view-versus-copy
  df2['AreaSpace_SQFT'] = z2
/home/testapiuser/HouseApp_2/PricePrediction/UTPrice.py:266: SettingWithCopyWarning: 
A value is trying to be set on a copy of a slice from a DataFrame.
Try using .loc[row_indexer,col_indexer] = value instead

See the caveats in the documentation: http://pandas.pydata.org/pandas-docs/stable/indexing.html#indexing-view-versus-copy
  df2['AreaSpace_SQFT'] = df2['AreaSpace_SQFT'].astype(int)
/home/testapiuser/HouseApp_2/PricePrediction/UTPrice.py:278: SettingWithCopyWarning: 
A value is trying to be set on a copy of a slice from a DataFrame.
Try using .loc[row_indexer,col_indexer] = value instead

See the caveats in the documentation: http://pandas.pydata.org/pandas-docs/stable/indexing.html#indexing-view-versus-copy
  df2['Price'] = z1
/home/testapiuser/HouseApp_2/PricePrediction/UTPrice.py:285: SettingWithCopyWarning: 
A value is trying to be set on a copy of a slice from a DataFrame.
Try using .loc[row_indexer,col_indexer] = value instead

See the caveats in the documentation: http://pandas.pydata.org/pandas-docs/stable/indexing.html#indexing-view-versus-copy
  df2['AreaSpace_SQFT'] = z2

Current date and time: 2020-06-08 15:34:11
Successfully connect to DB.
For ['Box Elder', 'Cache', 'Davis', 'Morgan', 'Rich', 'Weber']#################################################################
train score for random_forest: 0.9373315750663219
test score for random_forest: 0.5366552145323363
The mean absolute error is:$ 91602.27644471623
r_Score: 0.5953761166343516
Voting Regressor (in): 0.9755454940911839
Voting Regressor: 0.5953761166343516
5d0b547ff12fac82e26efb41
p:  331697.15790602204
5d117e7c79cf91db17b058ae
p:  239946.43151772936
5d1184a179cf91db17b058cb
p:  282828.294585528
5d1185d279cf91db17b058d6
p:  238993.2665523184
5d1197a179cf91db17b0593e
p:  317533.7718034453
5d2b06fb47cfe46363877b1d
p:  306011.7445783961
5d38d7d1dd2d94d3c8b03c83
p:  282489.6900633151
5d391e79b5bd79a92d2a0155
p:  241492.15947544613
5d391f66b5bd79a92d2a0157
p:  247379.61570466548
5d391f812610f367b42a0157
p:  259335.4353900409
5d391f9369798e61932a0155
p:  311495.5206850448
5d391ffbe00376e4c72a0159
p:  411963.8487866122
5d39201f2610f367b42a015a
p:  284340.0261204777
5d3920662610f367b42a015b
p:  219418.30725469493
5d392369e00376e4c72a015e
p:  243556.33278025058
5d392436e00376e4c72a0160
p:  293455.0655847222
5d39244db5bd79a92d2a015e
p:  364542.55008960736
5d392637e00376e4c72a0163
p:  531204.321998013
5d39270be00376e4c72a0164
p:  326780.4218085777
5d39270d2610f367b42a0164
p:  352937.4551397662
5d392830e00376e4c72a0165
p:  257827.25870621158
5d39291be00376e4c72a0166
p:  252256.47993697802
5d39292869798e61932a0163
p:  318658.2136147653
5d392dfc69798e61932a0168
p:  346060.34788866783
5d392f1fe00376e4c72a0169
p:  273973.4761313703
5d39349069798e61932a016f
p:  316128.44691462646
5d3937b36fe6913fef2a017f
p:  308791.7211236956
5d393aebd041f957652a0178
p:  324766.0329553925
5d3940b9e00376e4c72a017b
p:  200419.86976128514
5d39428d6ff3cff2f02a017c
p:  285902.52344902075
5d394c2ae00376e4c72a018d
p:  287754.66051355295
5d394d8869798e61932a0186
p:  301530.9386016469
5d394ff86ff3cff2f02a0189
p:  354220.05201113364
5d395242e00376e4c72a0193
p:  477305.07217448787
5d3954196ff3cff2f02a018e
p:  278451.7116433417
5d395455d041f957652a0199
p:  262697.28540921095
5d39561e6ff3cff2f02a0191
p:  443421.71583104564
5d39598de00376e4c72a019b
p:  322348.6974055669
5d395acee00376e4c72a019c
p:  275672.9146697143
5d396032e00376e4c72a01a4
p:  273973.4761313703
5d3968d26ff3cff2f02a01a0
p:  268627.8880410064
5d396f286ff3cff2f02a01a8
p:  316241.43852454855
5d3975466fe6913fef2a01c3
p:  269643.498291417
5d39759f6fe6913fef2a01c4
p:  237056.2640524697
5d3977b2e00376e4c72a01bb
p:  266850.3470120223
5d3977b96fe6913fef2a01c5
p:  269646.9081324742
5d3978e76fe6913fef2a01c7
p:  297312.9259865355
5d3979916fe6913fef2a01c8
p:  316016.63888991426
5d397b976fe6913fef2a01cb
p:  332922.6820236546
5d397bbc6ff3cff2f02a01b8
p:  404902.72977743787
5d397d596fe6913fef2a01cd
p:  295982.04506571294
5d397eb96fe6913fef2a01cf
p:  270668.33993072435
5d3980eb6fe6913fef2a01d2
p:  336670.4728244883
5d3988076fe6913fef2a01d6
p:  363174.83039099636
5d39a3296fe6913fef2a01f3
p:  267245.543301756
5d39b8c26fe6913fef2a0202
p:  262503.02771684504
5d39b90b6fe6913fef2a0203
p:  289733.1157896227
5d39be046fe6913fef2a0208
p:  271999.6522172647
5d39bffee00376e4c72a020c
p:  432696.57460392185
5d39c0006fe6913fef2a0209
p:  273986.771142854
5d39c0956fe6913fef2a020a
p:  275322.0839906094
5d39c17b2610f367b42a0219
p:  450784.6339843377
5d39c21ae00376e4c72a020f
p:  297191.18525199255
5d39cba3e00376e4c72a021c
p:  272821.5761555381
5d39ef14e00376e4c72a0248
p:  277314.80671640043
5d39f080e00376e4c72a0249
p:  287679.97680157924
5d3a68a7d041f957652a02dd
p:  328993.7072492186
5d3a79cb2610f367b42a0307
p:  260095.42438795956
5d3a7b15d041f957652a0306
p:  384855.1771284408
5d3a862c2610f367b42a0313
p:  804725.2764579928
5d3a876769798e61932a032b
p:  333738.84007903864
5d3a87fc69798e61932a032c
p:  349811.43568822456
5d3a89cf69798e61932a0330
p:  314687.604847659
5d3a8ab169798e61932a0332
p:  233518.50008113263
5d3a8d4b8b2425ad2c2a0331
p:  194009.06286857772
5d3a8d4cd041f957652a0321
p:  255830.51547977803
5d3a8eafd041f957652a0323
p:  283198.20756790333
5d3a8ff069798e61932a0336
p:  339259.7483157698
5d3a919a6ff3cff2f02a0351
p:  241453.45466014036
5d3a91eb69798e61932a033b
p:  205440.76907382478
5d3a9269741bf68f862a0349
p:  122603.65002442642
5d3a951b2610f367b42a0342
p:  509053.4817403634
5d3a95b62610f367b42a0345
p:  403624.1938104499
5d3a960bb5bd79a92d2a03b4
p:  348299.43938557256
5d3a96742610f367b42a0349
p:  429737.6755081933
5d3a96f08b2425ad2c2a033e
p:  187310.0008187072
5d3a97d7d041f957652a0334
p:  278386.2880689936
5d3a984e69798e61932a0342
p:  202294.1467779688
5d3a98add041f957652a0335
p:  275527.2044598768
5d3a99482610f367b42a0356
p:  212642.87054401124
5d3a99acd041f957652a0339
p:  313202.2339632619
5d3a99c32610f367b42a0358
p:  235469.14229475346
5d3a99f82610f367b42a0359
p:  249276.30222701863
5d3a9a87d041f957652a033b
p:  258754.65190858458
5d3a9b9206f3ac752d2a0350
p:  180482.551906235
5d3a9be2741bf68f862a0362
p:  294865.5517043717
5d3a9c452610f367b42a0363
p:  306346.0402397
5d3a9d8ed041f957652a033e
p:  292864.72916669084
5d3a9e776ff3cff2f02a0361
p:  271509.43238292355
5d3a9e792610f367b42a036d
p:  306346.0402397
5d3a9f24d041f957652a0342
p:  258754.65190858458
5d3a9fb02610f367b42a0373
p:  329104.45292269415
5d3aa04d2610f367b42a0376
p:  160305.0241595265
5d3aa07e2610f367b42a0377
p:  201447.84504221735
5d3aa1732610f367b42a037b
p:  349264.556238238
5d3aa2162610f367b42a037e
p:  226243.87594303972
5d3aa220b5bd79a92d2a03c4
p:  221891.90607120522
5d3aa23f69798e61932a0351
p:  131428.2481091895
5d3aa242b5bd79a92d2a03c5
p:  171985.360670561
5d3aa24a2610f367b42a037f
p:  187641.40799931082
5d3aa33069798e61932a0353
p:  210492.02779577748
5d3aa345b5bd79a92d2a03c8
p:  287369.06824166403
5d3aa3d2741bf68f862a0376
p:  322636.2039960694
5d3aa41d06f3ac752d2a035b
p:  278002.975736242
5d3aa4312610f367b42a0388
p:  258186.33727679006
5d3aa47206f3ac752d2a035c
p:  236890.09106565695
5d3aa47cd041f957652a0347
p:  182317.78030443948
5d3aa57fd041f957652a0348
p:  354990.48874568567
5d3aa5b369798e61932a035a
p:  364883.1578242248
5d3aa7d3b5bd79a92d2a03cb
p:  245032.33463527932
5d3aa8419011784a002a03a3
p:  225038.11088935166
5d3aa8add041f957652a034c
p:  258754.65190858458
5d3aa8c469798e61932a035c
p:  480934.6374201239
5d3aa8fbb5bd79a92d2a03cd
p:  148998.71841491223
5d3aa96c69798e61932a035d
p:  209898.50825996848
5d3aaa04d041f957652a034f
p:  198703.03065977796
5d3aaa7f2610f367b42a03a2
p:  306346.0402397
5d3aaafa6ff3cff2f02a037a
p:  206590.49091141706
5d3aab1569798e61932a035f
p:  123381.57918518948
5d3aab5106f3ac752d2a0366
p:  247876.289214928
5d3aabb2d041f957652a0352
p:  329319.0421482513
5d3aabec2610f367b42a03a8
p:  186915.4333315182
5d3aabfbd041f957652a0353
p:  295039.57285524526
5d3aac1b06f3ac752d2a0367
p:  271928.5140315905
5d3aac922610f367b42a03ab
p:  198520.02756012458
5d3aac9969798e61932a0364
p:  427719.70035857474
5d3aacb806f3ac752d2a0369
p:  302689.72717229585
5d3aacd7d041f957652a0354
p:  152305.7918504754
5d3aacf269798e61932a0365
p:  137085.89928876443
5d3aad26741bf68f862a038f
p:  302218.41408196755
5d3aad602610f367b42a03af
p:  186971.4193157957
5d3aad902610f367b42a03b0
p:  241845.8564660546
5d3ab0d369798e61932a0367
p:  308230.50302262395
5d3ab447d041f957652a035c
p:  256728.882928266
5d3ab496d041f957652a035d
p:  317614.8534818784
5d3ab51469798e61932a0370
p:  204828.014480786
5d3ab53469798e61932a0371
p:  256119.10354629857
5d3ab5ffd041f957652a0362
p:  256728.882928266
5d3ab66069798e61932a0375
p:  290929.2771699937
5d3ab776b5bd79a92d2a03df
p:  224321.2522719284
5d3ab89ad041f957652a0367
p:  228608.41893899918
5d3abc3669798e61932a037c
p:  317313.3119751072
5d3abcc669798e61932a037d
p:  237196.9700603657
5d3abd80741bf68f862a03bb
p:  385448.8378002771
5d3ac1549011784a002a03c3
p:  294611.68258773396
5d3ac21a9011784a002a03c5
p:  309273.5164817169
5d3ac3739011784a002a03c7
p:  405474.2151170608
5d3ac4fab5bd79a92d2a03f5
p:  214184.51309151648
5d3ac58c9011784a002a03c9
p:  183105.1447225288
5d3ac7ed6ff3cff2f02a03c1
p:  442427.22875851183
5d3ac8f0b5bd79a92d2a03f9
p:  262580.3161037241
5d3acb0b9011784a002a03d3
p:  263070.09190898156
5d3acb9d9011784a002a03d4
p:  358195.90105680475
5d3ace909011784a002a03d6
p:  129354.17481129606
5d3ad812b5bd79a92d2a0410
p:  282558.3529019915
5d3ae27cb5bd79a92d2a041e
p:  222059.80940459424
5d3ae73bb5bd79a92d2a0425
p:  278068.4137133084
5d3ae74db5bd79a92d2a0426
p:  312953.4400976896
5d3aea5fb5bd79a92d2a042f
p:  275720.5362507848
5d3e9a1c2c3a06b7a107b640
p:  195418.8676366368
For ['Carbon', 'Daggett', 'Duchesne', 'Juab', 'Salt Lake', 'Summit', 'Tooele', 'Uintah', 'Utah', 'Wasatch']#################################################################
train score for random_forest: 0.9606700876930118
test score for random_forest: 0.7151136445513581
The mean absolute error is:$ 191654.10645358972
r_Score: 0.76066867044611
Voting Regressor (in): 0.9731012636219861
Voting Regressor: 0.76066867044611
5d0813877c1d83daee248b62
p:  845025.5508170509
5d0d2ca3e2ea012a7414ade8
p:  422771.31433044217
5d0eaab22b8f60b82b8f8de7
p:  333104.3526094797
5d117b5979cf91db17b058a5
p:  253728.53050348256
5d117de679cf91db17b058ab
p:  478114.26034651126
5d117e5f79cf91db17b058ad
p:  296682.52088688966
5d11834579cf91db17b058c4
p:  510194.2399036235
5d11834c79cf91db17b058c5
p:  492679.8186414804
5d1183a479cf91db17b058c7
p:  228731.92115858733
5d11847e79cf91db17b058ca
p:  220422.36080232263
5d1184bc79cf91db17b058cd
p:  416658.69626768795
5d11859279cf91db17b058d4
p:  260268.45901562707
5d11859e79cf91db17b058d5
p:  492966.52480814897
5d11876e79cf91db17b058d9
p:  460342.3353115381
5d1187be79cf91db17b058dd
p:  477867.92866876675
5d11880279cf91db17b058e0
p:  106778.37931826692
5d11880d79cf91db17b058e1
p:  351208.29868613125
5d11881679cf91db17b058e2
p:  297107.05980106624
5d11881e79cf91db17b058e3
p:  493257.10983653273
5d118bc479cf91db17b05901
p:  225276.8267536225
5d118c7b79cf91db17b05906
p:  547405.0603028244
5d1192e579cf91db17b0592e
p:  384768.3713508663
5d11951f79cf91db17b05936
p:  315538.0087315141
5d1195ca79cf91db17b05939
p:  463087.45614785294
5d11963679cf91db17b0593b
p:  271594.41138714465
5d11963f79cf91db17b0593c
p:  263460.41953078867
5d11964879cf91db17b0593d
p:  349207.84177962726
5d1197af79cf91db17b0593f
p:  238516.6783413221
5d1197bd79cf91db17b05940
p:  271096.21677500743
5d11980879cf91db17b05945
p:  361666.856316425
5d11982679cf91db17b05947
p:  375765.18865930394
5d1198a379cf91db17b0594d
p:  370247.0979277231
5d119cd679cf91db17b0595f
p:  160884.41926962754
5d119da679cf91db17b05962
p:  486931.6945328029
5d119dde79cf91db17b05965
p:  413999.24675528693
5d12937cb7ae3de20d8d6e2a
p:  410307.64249518083
5d1be6c47e6c493d5945887d
p:  328891.8400028255
5d1c0306dbebfd779eefbc71
p:  173060.0936091805
5d1c294cdbebfd779eefbcd6
p:  564462.7505664169
5d1c598c0a1cbc8e6fefbcc3
p:  296408.8148809649
5d1c59ac0a1cbc8e6fefbcc4
p:  127720.74345672419
5d1c59f80a1cbc8e6fefbcc6
p:  264401.6166688708
5d1c8c56dbebfd779eefbd99
p:  172135.7914924578
5d297ca2199bf96b6045aca5
p:  230901.82112167773
5d2995b3199bf96b6045acf4
p:  620886.3282807695
5d299a31199bf96b6045ad08
p:  256852.4410422412
5d2dfe31b39b58f1d2167cb2
p:  264755.1049871054
5d2f6c0e8b6c8df1a080b6a5
p:  278045.5030227627
5d350a0918f8dde30a0abd30
p:  241212.6283367879
5d38e20cdd2d94d3c8b03ca3
p:  752358.0177798155
5d38e8377110e453a0b03b6f
p:  258267.75786290728
5d38f68c02947826d9b03cfd
p:  473219.8520102632
5d391cbc27eaeae6e22a0153
p:  475583.0501247932
5d391ce335a7630bce2a0153
p:  105991.18720878693
5d391cf4741bf68f862a0153
p:  155710.85070282553
5d391e88d041f957652a0154
p:  253217.99090070376
5d391eef741bf68f862a0155
p:  957708.6132399561
5d3922518b2425ad2c2a015a
p:  347985.95813307347
5d39230e27eaeae6e22a0159
p:  323059.61644472316
5d39236727eaeae6e22a015a
p:  393942.333046688
5d3923b427eaeae6e22a015b
p:  315289.69588772085
5d3923e29011784a002a015a
p:  347403.0481632483
5d39276027eaeae6e22a015f
p:  457915.08947791497
5d3929ac9011784a002a0165
p:  469563.3700189437
5d3929e09011784a002a0166
p:  357030.3321397591
5d392a949011784a002a0169
p:  467477.82519244717
5d392ad19011784a002a016a
p:  467477.82519244717
5d392bd027eaeae6e22a0165
p:  355710.3364249707
5d392f9227eaeae6e22a0168
p:  238278.42668001572
5d39304d27eaeae6e22a016a
p:  549849.3328260343
5d39317b27eaeae6e22a016c
p:  215236.6860173905
5d39328327eaeae6e22a016e
p:  380599.68494500284
5d3932c327eaeae6e22a016f
p:  372657.8414720113
5d39333cb5bd79a92d2a016c
p:  530690.3797694969
5d39338135a7630bce2a0179
p:  919917.7080486405
5d3934e735a7630bce2a017d
p:  1250114.8386186096
5d39354f27eaeae6e22a0171
p:  372184.5753427694
5d39357827eaeae6e22a0172
p:  570813.3368942649
5d393584741bf68f862a0171
p:  396268.2077312877
5d39367b27eaeae6e22a0174
p:  461117.1669327116
5d3937752610f367b42a0178
p:  611955.8177831231
5d39391b35a7630bce2a0183
p:  697399.188497182
5d393ba835a7630bce2a0185
p:  706665.1650514386
5d393c879011784a002a0180
p:  507728.86216405383
5d393da5741bf68f862a017c
p:  218629.1184054004
5d393f579011784a002a0183
p:  223869.01510271995
5d39406c27eae