Current date and time: 2020-06-07 15:34:20
Successfully connect to DB.
For ['Accomack', 'Isle of Wight', 'Northampton', 'Prince George', 'Southampton', 'Surry', 'Sussex', 'Essex', 'Gloucester', 'James City', 'King and Queen', 'King William', 'Lancaster', 'Mathews', 'Middlesex', 'Northumberland', 'Richmond', 'Westmoreland', 'York']#################################################################
AreaSpace_SQFT    3957
Bedrooms          3957
Bathrooms         3957
Parking           3957
ZipCode           3957
Price             3957
dtype: int64
train score for random_forest: 0.9412251199540604
test score for random_forest: 0.5570806941420836
The mean absolute error is:$ 105873.3456172795
r_Score: 0.5829257267057384
Voting Regressor (in): 0.9424667316808196
Voting Regressor: 0.5829257267057384
5d091eba0fbb310e3ca12f49
p:  175091.96071046614
5d091408072e9845d71f6dd1
p:  328597.73576996627
5d093d7b4fd5b08338f69e6d
p:  269829.84403882426
5d093d55535d7bfa9ba12f9d
p:  228920.91902253986
5d094064b59a848613a12f6e
p:  387579.1019215225
5d091593b00c76e4d3a12f27
p:  170151.91054771806
5d091433766f29fba01f6da7
p:  194308.05099275586
5d091708766f29fba01f6db3
p:  292591.29571304057
5d091afb766f29fba01f6dc6
p:  193879.66281229415
5d091772766f29fba01f6db8
p:  186082.40443653648
5d091786766f29fba01f6db9
p:  187639.50687521114
5d0919f8b00c76e4d3a12f32
p:  420584.2320156025
5d0915d2b00c76e4d3a12f29
p:  241438.6204257347
5d094837535d7bfa9ba12fbc
p:  286142.6143599588
5d093e5cd328444104f69e84
p:  272439.2767855677
5d091838766f29fba01f6dbb
p:  241438.6204257347
5d091961766f29fba01f6dc2
p:  195347.33221239378
5d094981062b139c9af69ebf
p:  206222.93519321462
5d095182b59a848613a12fb2
p:  670021.8714968284
5d094076b59a848613a12f6f
p:  201557.78821542684
5d093dcf670576135df69e73
p:  340492.9367514432
5d0940494fd5b08338f69e88
p:  193694.19451492574
5d0941325c942921d5f69e87
p:  523211.1119035225
5d0940595c942921d5f69e80
p:  218791.74106339758
5d0942695c942921d5f69e8f
p:  262578.74166000256
5d094089b59a848613a12f70
p:  315743.3371190961
5d093ffc7936181291f69e81
p:  276935.18030466425
5d0940ee7936181291f69e89
p:  355593.7741921707
5d0940127936181291f69e82
p:  281490.3448701027
5d0941c67936181291f69e92
p:  310647.61935419874
5d0943c37936181291f69e9a
p:  213862.3294025027
5d0941e07936181291f69e94
p:  312700.8894054755
5d09451dad5f9e9b4ca12f9b
p:  130654.62529591526
5d0944594638b5e2c7f69e91
p:  95342.9356788097
5d0940014fd5b08338f69e83
p:  247587.33198310868
5d09423a4fd5b08338f69e8f
p:  275484.3369736646
5d0942134fd5b08338f69e8e
p:  342403.6885786877
5d093eda4fd5b08338f69e76
p:  541687.7979246974
5d093fc24fd5b08338f69e7f
p:  172238.5115123663
5d0942a300e60707bfa12fcc
p:  132685.72931710948
5d0942b100e60707bfa12fcd
p:  160327.9091267335
5d09422d00e60707bfa12fca
p:  162084.07271129946
5d09400d4fd5b08338f69e84
p:  184336.08838980884
5d0942ad5c942921d5f69e90
p:  125834.78121554074
5d09414e5c942921d5f69e8b
p:  205323.62504778037
5d0943385c942921d5f69e94
p:  183384.63877021335
5d09432a77fd8ce7c4a12f76
p:  129255.47823894443
5d0943585c942921d5f69e98
p:  201257.55607271477
5d093fb497370b13e6f69e7f
p:  434180.21806839656
5d093d2397370b13e6f69e72
p:  351428.36549177393
5d093e1d97370b13e6f69e78
p:  421441.9552174163
5d093f23670576135df69e8f
p:  349617.943627705
5d094ae3670576135df69ec1
p:  657229.3210717526
5d094334670576135df69ea2
p:  310489.41707558895
5d09406c4638b5e2c7f69e86
p:  245786.0873110334
5d093eea670576135df69e8a
p:  302967.1581711285
5d093f0f670576135df69e8d
p:  302967.1581711285
5d093f01670576135df69e8c
p:  303288.82182765857
5d094340670576135df69ea4
p:  294745.6637442363
5d094896670576135df69ebc
p:  380241.17602919147
5d0943324638b5e2c7f69e8e
p:  186571.81988567126
5d09441b535d7bfa9ba12fa8
p:  578959.5906316697
5d093f64670576135df69e96
p:  321414.5684601837
5d0944eb670576135df69ea9
p:  399299.3577695651
5d094df5ad5f9e9b4ca12faf
p:  298467.5878512208
5d093f59670576135df69e94
p:  341952.79167882947
5d09469a670576135df69eb2
p:  341672.02708534175
5d094145ad5f9e9b4ca12f8c
p:  211446.4762593229
5d0943284638b5e2c7f69e8d
p:  225580.1812244189
5d09466b670576135df69eb0
p:  404825.83446669567
5d094121ad5f9e9b4ca12f8b
p:  117909.79417631659
5d0940cbad5f9e9b4ca12f87
p:  233211.47113524267
5d0947fb535d7bfa9ba12fb9
p:  364146.7936135829
5d09471c535d7bfa9ba12fb2
p:  377159.7854115338
5d094025670576135df69e99
p:  453561.97846494557
5d09443d4638b5e2c7f69e8f
p:  199717.78270619255
5d094269ad5f9e9b4ca12f90
p:  160181.59902557416
5d094154ad5f9e9b4ca12f8d
p:  173607.38993906198
5d0940f5ad5f9e9b4ca12f88
p:  150167.6641248816
5d0944efad5f9e9b4ca12f99
p:  132339.87030933995
5d0944bbad5f9e9b4ca12f97
p:  89130.8563530232
5d093e7a4638b5e2c7f69e83
p:  176269.49458615916
5d094503ad5f9e9b4ca12f9a
p:  149220.4312835849
5d0940844638b5e2c7f69e87
p:  190395.59663674084
5d094104ad5f9e9b4ca12f89
p:  113518.32425900383
5d09438d5c942921d5f69e9e
p:  240602.2774414866
5d093fed4fd5b08338f69e82
p:  240288.5556381261
5d09413f5c942921d5f69e89
p:  113340.58240663001
5d0943705c942921d5f69e9b
p:  157438.4475878476
5d0943495c942921d5f69e96
p:  173984.84822827132
5d09402a4fd5b08338f69e86
p:  252384.997253627
5d093f584fd5b08338f69e78
p:  164501.6413573358
5d0940564fd5b08338f69e89
p:  252999.75151863717
5d093f494fd5b08338f69e77
p:  308008.29421778437
5d09433e77fd8ce7c4a12f77
p:  283483.9248680838
5d09425a5c942921d5f69e8e
p:  203790.52289135958
5d09403c4fd5b08338f69e87
p:  212545.48265249853
5d09401a4fd5b08338f69e85
p:  163183.56967188301
5d093ed34fd5b08338f69e75
p:  194137.1901496668
5d09435f5c942921d5f69e99
p:  160918.4004740275
5d09425377fd8ce7c4a12f73
p:  154969.69574340724
5d0941f977fd8ce7c4a12f70
p:  138596.92842840863
5d0941455c942921d5f69e8a
p:  95862.46676005346
5d0940cc5c942921d5f69e85
p:  284144.18230444717
5d093e47670576135df69e7c
p:  169931.3451630359
5d09411e535d7bfa9ba12fa2
p:  442211.9898765348
5d093f30670576135df69e90
p:  321847.3426757625
5d094083670576135df69e9e
p:  334632.4625038534
5d093f80670576135df69e98
p:  237881.95500629384
5d093ebf670576135df69e86
p:  271973.15853629593
5d09467b670576135df69eb1
p:  441200.0568984152
5d09450d670576135df69eab
p:  440414.5779338237
5d0947e4535d7bfa9ba12fb8
p:  524083.21728125756
5d093e29670576135df69e7a
p:  390161.663694834
5d0944a8535d7bfa9ba12fa9
p:  351625.58732701716
5d094a14535d7bfa9ba12fc6
p:  253253.24946434103
5d0949de535d7bfa9ba12fc4
p:  339917.36245060014
5d0945a3670576135df69ead
p:  363073.3418925138
5d0946a0670576135df69eb3
p:  334778.0674646805
5d0946ab670576135df69eb5
p:  363073.3418925138
5d09429e535d7bfa9ba12fa5
p:  267779.34288208967
5d094850535d7bfa9ba12fbd
p:  274359.31914067845
5d093e53670576135df69e7d
p:  243004.81827499665
5d0949b6535d7bfa9ba12fc2
p:  364146.7936135829
5d094864535d7bfa9ba12fbe
p:  373321.0354813698
5d093e05670576135df69e77
p:  308820.2311091479
5d0947c4670576135df69eb9
p:  308820.2311091479
5d093e98670576135df69e83
p:  252243.99653103622
5d094c6bad5f9e9b4ca12fae
p:  190524.31566898257
5d09480a535d7bfa9ba12fba
p:  237620.0028542076
5d094b0a670576135df69ec2
p:  262888.10307748284
5d094b17670576135df69ec4
p:  532509.5570415037
5d0946a4670576135df69eb4
p:  1429276.3962262673
5d094414670576135df69ea7
p:  684093.8435932635
5d0944c7535d7bfa9ba12faa
p:  373068.66677280935
5d094820535d7bfa9ba12fbb
p:  188401.58615183432
5d09420454e8aec3c2f69e79
p:  996873.6362749427
5d0941d31d24705599a12fb5
p:  463956.05122611887
5d0940ea54e8aec3c2f69e77
p:  469354.7208195168
5d09409f1d24705599a12fb1
p:  349734.2683234939
5d093f4754e8aec3c2f69e73
p:  375459.23898203357
5d09408c54e8aec3c2f69e75
p:  382503.98518525495
5d093e6254e8aec3c2f69e72
p:  391661.105542429
5d093f6554e8aec3c2f69e74
p:  201408.3840842822
5d0940c51d24705599a12fb3
p:  248636.1109722149
5d093e4954e8aec3c2f69e71
p:  315505.69707632135
5d0940901d24705599a12fb0
p:  211614.11420914583
5d0940ad1d24705599a12fb2
p:  229398.74606173264
5d09409c54e8aec3c2f69e76
p:  294985.492860044
5d0941f87936181291f69e95
p:  266093.49906202
5d09407a7936181291f69e85
p:  256033.56562267616
5d09409c7936181291f69e86
p:  179525.5801799552
5d0940ae7936181291f69e87
p:  350349.0260181106
5d0941847936181291f69e8e
p:  182192.3130464279
5d09418e7936181291f69e8f
p:  241313.32699626868
5d0941d37936181291f69e93
p:  360746.19412220054
5d0945427936181291f69e9f
p:  359814.9581059238
5d0941297936181291f69e8b
p:  249488.5912510847
5d0942aa7936181291f69e98
p:  212550.14293927373
5d0941af7936181291f69e91
p:  298742.51698773226
5d0951f41d24705599a12ff6
p:  401775.8159057698
5d093d8b97370b13e6f69e74
p:  898111.3462775399
5d0940ec97370b13e6f69e86
p:  603336.3752172545
5d093f37670576135df69e91
p:  343157.23462319607
5d093688b00c76e4d3a12f8e
p:  241741.0514915404
5d094694ad5f9e9b4ca12fa0
p:  249804.23728144018
5d0946a6ad5f9e9b4ca12fa1
p:  238579.80622361402
5d0946bdad5f9e9b4ca12fa2
p:  200995.18231840333
5d0946d3ad5f9e9b4ca12fa3
p:  238579.80622361402
5d0947c7ad5f9e9b4ca12fa4
p:  291003.562914557
5d09486fad5f9e9b4ca12fa5
p:  238579.80622361402
5d0948cead5f9e9b4ca12fa6
p:  200995.18231840333
5d094931ad5f9e9b4ca12fa7
p:  291003.562914557
5d0949bfad5f9e9b4ca12fa8
p:  238579.80622361402
5d094a14ad5f9e9b4ca12fa9
p:  238579.80622361402
5d094a4fad5f9e9b4ca12faa
p:  238579.80622361402
5d094a68ad5f9e9b4ca12fab
p:  291003.562914557
5d0932414638b5e2c7f69e4d
p:  466636.7623734508
5d09406a1d24705599a12fae
p:  211727.7165622873
5d093df9670576135df69e76
p:  262160.8055992507
5d09412b062b139c9af69e90
p:  135168.92123418336
5d094111ad5f9e9b4ca12f8a
p:  136336.98895582522
5d094492062b139c9af69ea1
p:  298973.9614887363
5d09437f062b139c9af69e9b
p:  201818.69368296984
5d0969abb00c76e4d3a1302e
p:  117643.72462721547
5d096a20b00c76e4d3a13030
p:  115731.06395347015
5d094877c716532b94a12f9c
p:  209871.7981366829
5d09423b77fd8ce7c4a12f72
p:  106150.17721996087
5d09342d4638b5e2c7f69e5a
p:  241549.3521594397
5d0941385c942921d5f69e88
p:  137740.07776013628
5d094293a4279e2ff0f69e9b
p:  377710.3318610209
5d0952ff1d24705599a12ffa
p:  251652.1493221873
5d09473a535d7bfa9ba12fb3
p:  582012.6747921938
5d09474a535d7bfa9ba12fb4
p:  446776.418363215
5d0938b454e8aec3c2f69e67
p:  226558.90041572548
5d095236b00c76e4d3a12fe6
p:  247124.4876477848
5d091858766f29fba01f6dbc
p:  171814.15177401275
5d091f280fbb310e3ca12f4a
p:  206255.78456241937
5d0942c654e8aec3c2f69e7a
p:  478388.08750913147
5d09348616a3ec2b42f69e5a
p:  250101.51584611105
5d0916bceaf509c71ba12f11
p:  173166.13734664698
5d094074670576135df69e9c
p:  325497.94376572873
5d09691fb00c76e4d3a1302d
p:  91749.06751252961
5d09416aad5f9e9b4ca12f8e
p:  247471.79301347258
5d09476c062b139c9af69eb7
p:  214561.28782418848
5d095680c716532b94a12fd5
p:  185597.33939029055
5d09488a670576135df69ebb
p:  284539.188228356
5d091ab2766f29fba01f6dc4
p:  382110.42904087517
5d09340d16a3ec2b42f69e58
p:  195561.26306570496
5d093f17670576135df69e8e
p:  755086.8054425775
5d0938624638b5e2c7f69e69
p:  136326.23458572937
5d0949f5535d7bfa9ba12fc5
p:  176430.53795241562
5d093f41670576135df69e92
p:  225937.30610148006
5d094507535d7bfa9ba12fad
p:  218934.28697929948
5d093d4b97370b13e6f69e73
p:  211476.1197675707
5d091719766f29fba01f6db5
p:  190819.75414508441
5d0937404638b5e2c7f69e65
p:  136326.23458572937
5d0944f2535d7bfa9ba12fac
p:  354941.91158221837
5d09430c670576135df69ea0
p:  176430.53795241562
5d0969eeb00c76e4d3a1302f
p:  161225.92706173734
5d094fd0c716532b94a12fc1
p:  337262.8225000178
5d09501eb00c76e4d3a12fdf
p:  407036.5407597789
5d094b1e535d7bfa9ba12fc9
p:  234053.74824818937
5d093e1fd328444104f69e7d
p:  346807.97960464424
5d094884b00c76e4d3a12fca
p:  254350.78563243305
5d096adbb00c76e4d3a13031
p:  117643.72462721547
5d093e1c670576135df69e79
p:  262888.10307748284
5d094418670576135df69ea8
p:  253020.74542241407
5d0946427936181291f69ea3
p:  170823.88833801722
5d0950c0b00c76e4d3a12fe0
p:  430020.2817753028
5d0943a9b00c76e4d3a12faf
p:  279575.0178403598
5d09440f670576135df69ea6
p:  176430.53795241562
5d09456e4638b5e2c7f69e93
p:  122788.64200267763
5d093f4a670576135df69e93
p:  188401.58615183432
5d09485e670576135df69eba
p:  254014.83895486523
5d0940e25c942921d5f69e86
p:  133976.43932046706
5d0943505c942921d5f69e97
p:  106150.17721996087
5d0915ee766f29fba01f6db2
p:  234933.30932355992
5d0942f35c942921d5f69e92
p:  106150.17721996087
5d093df997370b13e6f69e77
p:  212379.17620647064
5d093e10670576135df69e78
p:  173656.25071962847
5d09401eb59a848613a12f6c
p:  223905.55083141514
5d093d117936181291f69e74
p:  204403.3314091975
5d093f247936181291f69e7a
p:  194772.632116888
5d0952bab00c76e4d3a12fe8
p:  269514.25936664833
5d09457cb00c76e4d3a12fba
p:  321220.84328837297
5d09406b062b139c9af69e8d
p:  759908.636085127
5d09453bb00c76e4d3a12fb8
p:  291204.68429810886
5d094d66062b139c9af69ec9
p:  260385.47091314947
5d094a79c716532b94a12fa3
p:  230222.9078995831
5d0954ef062b139c9af69ee6
p:  490806.43057793984
5d094284a4279e2ff0f69e9a
p:  298508.48493794654
5d09300b0e7b637eb21f6e3d
p:  251853.7011960928
5d0944f454e8aec3c2f69e7e
p:  118843.69566168377
5d09424c97370b13e6f69e89
p:  111511.00000161253
5d091b6d766f29fba01f6dc8
p:  256975.83021237544
5d0915c4766f29fba01f6db0
p:  241441.9070418266
5d091ada766f29fba01f6dc5
p:  197610.48120023898
5d0914e9766f29fba01f6dac
p:  256975.83021237544
5d0914cf766f29fba01f6dab
p:  241438.6204257347
5d091b37766f29fba01f6dc7
p:  256975.83021237544
5d091522766f29fba01f6dad
p:  285494.2711345391
5d0915b8766f29fba01f6daf
p:  169457.05834485858
5d091875766f29fba01f6dbd
p:  241438.6204257347
5d0915af766f29fba01f6dae
p:  241438.6204257347
5d094dfc062b139c9af69ece
p:  346915.73157150304
5d094dd9c716532b94a12fb6
p:  309423.61130230606
5d0933384638b5e2c7f69e55
p:  306056.66768614086
5d094653062b139c9af69ea8
p:  359019.30166679097
5d09182d766f29fba01f6dba
p:  241438.6204257347
5d096af0b00c76e4d3a13032
p:  117643.72462721547
5d0944e0535d7bfa9ba12fab
p:  373068.66677280935
5d093fd77936181291f69e7f
p:  203246.8621343741
5d0946b5535d7bfa9ba12fb1
p:  338406.3712328271
5d0945b5670576135df69eaf
p:  330381.54897310946
5d093f774fd5b08338f69e7a
p:  176573.47670823638
5d093ef9670576135df69e8b
p:  399540.1050468632
5d093f5f670576135df69e95
p:  221242.91043965603
5d0945aa670576135df69eae
p:  343157.23462319607
5d093eda670576135df69e89
p:  368263.53939396597
5d093ed4670576135df69e88
p:  367871.30908654287
5d093eca670576135df69e87
p:  366371.5714740944
5d094041670576135df69e9a
p:  425970.13161991443
5d094506670576135df69eaa
p:  442171.0343240615
5d094758670576135df69eb6
p:  375226.0899482652
5d0940674fd5b08338f69e8a
p:  228639.89524675175
5d094777535d7bfa9ba12fb6
p:  417129.72602384497
5d09434ec716532b94a12f88
p:  328413.92349120823
5d094fe8c716532b94a12fc2
p:  169239.57561972307
5d0946d0062b139c9af69eb3
p:  278251.82085958763
5d0954f7062b139c9af69ee7
p:  169962.81033612113
5d094c5d062b139c9af69ec8
p:  156306.38249371224
5d094683062b139c9af69eac
p:  410477.1488106332
5d094a91c716532b94a12fa4
p:  263751.6992241369
5d09513cb00c76e4d3a12fe4
p:  461331.6496866242
5d094624b00c76e4d3a12fbf
p:  238037.01467235523
5d094d02b00c76e4d3a12fd5
p:  232271.32287072018
5d0945a8b00c76e4d3a12fbc
p:  272978.58180177433
5d095b6bb00c76e4d3a13006
p:  341831.53854374005
5d094611b00c76e4d3a12fbe
p:  259270.06541317585
5d093e0fd328444104f69e7b
p:  251882.4125516896
5d095b54b00c76e4d3a13005
p:  228178.32661481082
5d095104b00c76e4d3a12fe2
p:  182613.579190497
5d094273b00c76e4d3a12fae
p:  856657.809729138
5d0944d4b00c76e4d3a12fb5
p:  279644.59457299067
5d094600b00c76e4d3a12fbd
p:  564261.4831376593
5d094d5db00c76e4d3a12fd7
p:  301860.50308315235
5d094524b00c76e4d3a12fb7
p:  272091.93194205064
5d094a48b00c76e4d3a12fd0
p:  398364.960885582
5d094f98b00c76e4d3a12fda
p:  164841.21126719264
5d09484eb00c76e4d3a12fc9
p:  174757.6923312886
5d09526db00c76e4d3a12fe7
p:  217374.054990109
5d094d36b00c76e4d3a12fd6
p:  174757.6923312886
5d0954c6b00c76e4d3a12fed
p:  164841.21126719264
5d09458fb00c76e4d3a12fbb
p:  193556.32734766247
5d0946b0b00c76e4d3a12fc5
p:  309819.8975261375
5d093e63d328444104f69e85
p:  325654.7804455121
5d0944a1b00c76e4d3a12fb3
p:  316184.51696283737
5d094b03b00c76e4d3a12fd1
p:  137508.08466014086
5d09479c062b139c9af69eb8
p:  365635.63220228045
5d0956adc716532b94a12fd7
p:  883287.5393855482
5d0941e2c716532b94a12f84
p:  262982.6851378266
5d0946f2062b139c9af69eb6
p:  751177.724656225
5d0946c6062b139c9af69eb2
p:  213507.14206734585
5d0947e8c716532b94a12f99
p:  191641.3763596333
5d094668062b139c9af69eaa
p:  192630.27685673186
5d09465e062b139c9af69ea9
p:  432865.6855040351
5d0946be062b139c9af69eb1
p:  367381.22750248876
5d0953acb00c76e4d3a12fe9
p:  221322.28296202887
5d09583cc716532b94a12fdd
p:  356732.5178085923
5d094eaec716532b94a12fb9
p:  372771.8054348916
5d0947f7c716532b94a12f9a
p:  169666.8295044338
5d0946e5062b139c9af69eb5
p:  151763.955292681
5d094367062b139c9af69e9a
p:  283519.4645475926
5d095586c716532b94a12fd1
p:  151369.92798659485
5d095344062b139c9af69edf
p:  177696.86855680618
5d0946aec716532b94a12f8f
p:  335359.5616085809
5d093e07062b139c9af69e89
p:  369256.1199524566
5d094ab1c716532b94a12fa6
p:  351580.57203071995
5d0950e2c716532b94a12fc7
p:  446725.9107495531
5d094b95c716532b94a12fa8
p:  323268.6260174847
5d09469f062b139c9af69eae
p:  342941.17997703527
5d094487062b139c9af69ea0
p:  417863.0473220275
5d09525e062b139c9af69eda
p:  308586.06882881076
5d0955e9c716532b94a12fd4
p:  207148.16877685167
5d0952d5062b139c9af69edd
p:  248745.65292532713
5d094324062b139c9af69e95
p:  284281.6186106262
5d09599fc716532b94a12fe1
p:  202165.36398672624
5d095236062b139c9af69ed9
p:  200224.44501749804
5d093871c716532b94a12f6f
p:  312672.6733224431
5d0932ee16a3ec2b42f69e53
p:  273906.89470782154
5d0933b14638b5e2c7f69e58
p:  286946.07404998835
5d0933144638b5e2c7f69e53
p:  286277.36330102466
5d0933d84638b5e2c7f69e59
p:  323487.52760910254
5d0952af1d24705599a12ff8
p:  286898.72396886814
5d096726b00c76e4d3a13024
p:  160946.3840746995
5d096831b00c76e4d3a1302a
p:  192958.69972750286
5d094c8ac716532b94a12fb1
p:  217682.09569102668
5d0945c3c716532b94a12f8e
p:  244891.91558355466
5d094fbcc716532b94a12fc0
p:  230934.8981988946
5d095285062b139c9af69edb
p:  381000.9925319807
5d094c73c716532b94a12fb0
p:  235961.80113903747
5d09464ab00c76e4d3a12fc1
p:  235598.16800509114
5d094088b00c76e4d3a12fa6
p:  113461.2512207595
5d094e7bc716532b94a12fb8
p:  689917.5944187441
5d0947ae062b139c9af69eb9
p:  135547.78484697855
5d093d40062b139c9af69e86
p:  224773.71112768108
5d0946da062b139c9af69eb4
p:  139499.58835169292
5d0946b6062b139c9af69eb0
p:  207739.81639076993
5d0951e2062b139c9af69ed7
p:  231270.8805796125
5d094df7c716532b94a12fb7
p:  394945.1490740293
5d0941d6c716532b94a12f83
p:  363672.1214732435
5d094649062b139c9af69ea7
p:  273189.83557826903
5d094237535d7bfa9ba12fa3
p:  351625.58732701716
5d09426a535d7bfa9ba12fa4
p:  350618.2128398384
5d093e4097370b13e6f69e79
p:  256353.58806085016
5d093eaf670576135df69e85
p:  418347.2500378343
5d09402f535d7bfa9ba12fa1
p:  350618.2128398384
5d094078062b139c9af69e8e
p:  414459.0436431784
5d094774c716532b94a12f95
p:  395941.09779971547
5d094322670576135df69ea1
p:  176430.53795241562
5d094a0eb00c76e4d3a12fcf
p:  625140.3265834989
5d093df47936181291f69e75
p:  456964.4285495438
5d0932c116a3ec2b42f69e4e
p:  260635.9668675325
5d09346816a3ec2b42f69e59
p:  490876.1562854814
5d093c0ac716532b94a12f75
p:  300364.6393772287
5d09337d4638b5e2c7f69e57
p:  204104.94130052836
5d09343a4638b5e2c7f69e5b
p:  246968.30422008914
5d0936b616a3ec2b42f69e5d
p:  320760.6710338703
5d0950eb1d24705599a12ff3
p:  554022.6521837858
5d094f8c1d24705599a12fef
p:  275262.7173662842
5d0950c21d24705599a12ff2
p:  255574.17241907347
5d094fc7b00c76e4d3a12fdc
p:  202675.1704954353
5d0946d9b00c76e4d3a12fc7
p:  240567.17170877027
5d094635b00c76e4d3a12fc0
p:  308197.66765400046
5d093e37d328444104f69e80
p:  210807.5569759766
5d094a67c716532b94a12fa2
p:  247377.17308521745
5d0946aa062b139c9af69eaf
p:  232005.58176487032
5d094030b59a848613a12f6d
p:  205003.9462707186
5d093e2fd328444104f69e7f
p:  311058.2366532517
5d1bebdf7e6c493d59458888
p:  182325.23523152818
5d1bebe87e6c493d59458889
p:  279415.50287004095
5d29d5e2199bf96b6045add2
p:  357385.02132768446
5d2f49048b6c8df1a080b639
p:  223073.37358942852
5d2f4adf8b6c8df1a080b645
p:  351157.10015761503
5d2f4b548b6c8df1a080b64c
p:  211169.49205427733
For ['Arlington', 'Fairfax', 'Loudoun', 'Prince William']#################################################################
AreaSpace_SQFT    5020
Bedrooms          5020
Bathrooms         5020
Parking           5020
ZipCode           5020
Price             5020
dtype: int64
train score for random_forest: 0.9584146313326772
test score for random_forest: 0.715509247838699
The mean absolute error is:$ 139310.34852712517
r_Score: 0.7419146974098418
Voting Regressor (in): 0.9598414988304963
Voting Regressor: 0.7419146974098418
5d07d7863708bed881fd7b28
p:  353568.3000015514
5d07eb1169c90f3132fd7b52
p:  708462.4088500217
5d09086b766f29fba01f6d73
p:  504557.15451181366
5d07eb3869c90f3132fd7b53
p:  619692.2083996366
5d07d73ba28a788588fd7b1a
p:  543324.3014225401
5d07d59afa6ab3161a248a76
p:  568577.977729663
5d09077839ce141523a12efb
p:  461312.01659826975
5d09092f766f29fba01f6d7c
p:  403281.9542676986
5d07e2b2f3f8b421cefd7b42
p:  634717.6867681642
5d0901d1d01f3b059f1f6d69
p:  706624.8558384697
5d07db9b7c1d83daee248aa4
p:  837824.6684924453
5d07f3a669c90f3132fd7b76
p:  460291.7707646234
5d0810849383f39db9fd7bd3
p:  605963.0866469867
5d07de4a9383f39db9fd7b2c
p:  977690.5202309925
5d07d0190602544f70248a76
p:  626566.9599203751
5d07db14e533a13e3bfd7b14
p:  551045.7300267587
5d07d969b0865c5a81248a94
p:  651595.663037309
5d0797f4d30117bde3553f33
p:  694515.2246226511
5d07d9b50602544f70248a91
p:  614992.7115826779
5d07e33d9383f39db9fd7b41
p:  639207.014798112
5d09042a921408c9441f6d65
p:  844040.0513379916
5d07d7c9b0865c5a81248a90
p:  571218.0577681115
5d08fb659cc606d88ea12ed4
p:  282444.7490426621
5d07d922c108c7d724248a87
p:  603897.6566734145
5d0900a108448253271f6d57
p:  648119.7501995263
5d07d978b0865c5a81248a96
p:  576064.5457719419
5d07df5cf3f8b421cefd7b28
p:  952225.846000086
5d07daa29383f39db9fd7b23
p:  537035.0158711112
5d08f8f9eb17a0dedb1f6d3f
p:  458315.2964106451
5d08f7b239ce141523a12ece
p:  452225.8370333516
5d0902be7ffaf8e459a12eef
p:  946474.1672170984
5d0904b70bfb99f7e91f6d68
p:  1226614.4402497655
5d09032077fd8ce7c4a12eda
p:  1100227.3889644183
5d08fbd7eb17a0dedb1f6d4a
p:  556659.6946201926
5d09070608448253271f6da1
p:  632321.6719953868
5d09035d08448253271f6d6a
p:  415126.1529254515
5d090e1a1b753472bc1f6da0
p:  529090.2982745976
5d0810ad9383f39db9fd7bd4
p:  471901.70950798667
5d090ba6535d7bfa9ba12ef5
p:  516606.5315877921
5d07de3a9383f39db9fd7b2b
p:  406068.56459339184
5d07dcaab0865c5a81248a9a
p:  377871.601573562
5d07d4ab0602544f70248a8a
p:  601604.9923327413
5d07e68c9383f39db9fd7b4f
p:  673822.9713324874
5d08fdb0eb17a0dedb1f6d56
p:  680693.9134315376
5d07d796b0865c5a81248a8b
p:  430521.79290926596
5d090a9d766f29fba01f6d88
p:  496530.3801101843
5d07d2dbd144fc73f1248a7e
p:  480312.84341134777
5d07d3b49383f39db9fd7b0c
p:  602084.6342778981
5d07d424c108c7d724248a7b
p:  446721.3034355459
5d07d66e1da3e8dc7a248a82
p:  573479.6865847963
5d08fc8aeb17a0dedb1f6d4e
p:  461903.57667958736
5d08fbe4eb17a0dedb1f6d4b
p:  556737.738568968
5d07d36c9383f39db9fd7b0b
p:  480312.84341134777
5d07d243e533a13e3bfd7b07
p:  433963.7251067282
5d07d988b0865c5a81248a98
p:  421742.03322089976
5d07a34e107e08a7da67a6fa
p:  432784.63615737297
5d08f92e6c9deed2081f6d40
p:  425545.3248724367
5d07cfb059e10909f0fd7b05
p:  423109.17767918
5d07d6691da3e8dc7a248a81
p:  572433.811989024
5d07d5fa0602544f70248a8d
p:  689163.8564683711
5d07d66ee533a13e3bfd7b0d
p:  447682.0874927278
5d07def0f3f8b421cefd7b26
p:  443955.5581948619
5d07dff39383f39db9fd7b34
p:  741472.2447959746
5d07d1b3c108c7d724248a73
p:  632051.9054878396
5d07f3c1a28a788588fd7b92
p:  746529.0136363402
5d07fccda28a788588fd7bb0
p:  588259.2934268015
5d07ed6ba28a788588fd7b73
p:  553765.3460449484
5d08fb3c1b753472bc1f6d44
p:  752033.4514148383
5d090437f25c021be11f6d57
p:  580831.8036039886
5d09035677fd8ce7c4a12edb
p:  986179.1658350317
5d090a055c1807236b1f6d7c
p:  776711.2059230693
5d090a845c1807236b1f6d82
p:  2504012.4299746063
5d0907a35c1807236b1f6d7a
p:  758294.6206518279
5d090a7d5c1807236b1f6d81
p:  1006473.0267556566
5d090281c716532b94a12ee9
p:  885015.6930522029
5d0904686c9deed2081f6d67
p:  1007446.5049945292
5d0903a577fd8ce7c4a12ede
p:  979215.134103961
5d090a1f5c1807236b1f6d7d
p:  1727982.8081941193
5d0905c25c1807236b1f6d70
p:  1103608.5341203674
5d09090dad5f9e9b4ca12f01
p:  965773.6746889452
5d0905cf5c1807236b1f6d71
p:  613088.2424579712
5d090be8ad5f9e9b4ca12f11
p:  835135.2396230092
5d090457ad5f9e9b4ca12ef5
p:  875055.8278205373
5d090b08ad5f9e9b4ca12f07
p:  1131253.3212098647
5d0905db5c1807236b1f6d73
p:  955203.6436183029
5d090a455c1807236b1f6d80
p:  1002403.3922166582
5d0905d55c1807236b1f6d72
p:  1359320.371132866
5d090b33ad5f9e9b4ca12f09
p:  913669.7312073781
5d0905a3ad5f9e9b4ca12efb
p:  727032.6165314086
5d0904ae5c1807236b1f6d6d
p:  1146897.1223410396
5d090b985c1807236b1f6d85
p:  1257472.3394699933
5d090bd3ad5f9e9b4ca12f10
p:  1777161.7687566958
5d090c185c1807236b1f6d88
p:  1082786.3278613216
5d090baead5f9e9b4ca12f0e
p:  513801.661370085
5d0902535c1807236b1f6d63
p:  897726.4302916161
5d0902245c1807236b1f6d61
p:  720116.8391236827
5d090b24ad5f9e9b4ca12f08
p:  797462.5567564984
5d09079d5c1807236b1f6d79
p:  867322.0550990709
5d0905ba5c1807236b1f6d6f
p:  830515.7588297224
5d090b95ad5f9e9b4ca12f0d
p:  553018.8672788399
5d09098dd01f3b059f1f6d78
p:  1359994.7665697483
5d090c19ad5f9e9b4ca12f13
p:  1341627.3079598285
5d09024c5c1807236b1f6d62
p:  2034297.7789625376
5d0902655c1807236b1f6d65
p:  884695.4860233583
5d0909c15c1807236b1f6d7b
p:  961501.0807027193
5d0907faad5f9e9b4ca12eff
p:  701735.5917280742
5d090826ad5f9e9b4ca12f00
p:  454986.9316955756
5d0904a1ad5f9e9b4ca12ef8
p:  533686.1452310993
5d090bc3ad5f9e9b4ca12f0f
p:  693229.2939921085
5d09095aad5f9e9b4ca12f02
p:  735502.1431769468
5d0907995c1807236b1f6d78
p:  832533.8410636624
5d09040c5c1807236b1f6d6b
p:  889427.5834896737
5d0909e2ad5f9e9b4ca12f03
p:  805015.7857451539
5d090b44ad5f9e9b4ca12f0a
p:  890782.6329991745
5d090a345c1807236b1f6d7f
p:  716205.8405713825
5d09025b5c1807236b1f6d64
p:  675002.52489103
5d09026fc716532b94a12ee8
p:  946236.2351560824
5d090396c716532b94a12ef3
p:  763457.3972986359
5d090377c716532b94a12ef2
p:  713224.0440173575
5d09014fc716532b94a12ee0
p:  257554.2429882856
5d09016bc716532b94a12ee1
p:  709702.4970042025
5d09029ec716532b94a12eea
p:  776981.2575212616
5d09025bc716532b94a12ee7
p:  696371.8357078857
5d0902d6c716532b94a12eec
p:  624172.9159305012
5d090183c716532b94a12ee2
p:  1380924.293466073
5d09022cc716532b94a12ee5
p:  1014666.7976936832
5d0901eac716532b94a12ee4
p:  815768.4710444431
5d0902e16c9deed2081f6d61
p:  658274.6159165609
5d09013dc716532b94a12edf
p:  610393.7701280374
5d0903b1c716532b94a12ef4
p:  988098.6177369901
5d0903106c9deed2081f6d62
p:  738069.9539890543
5d0903156c9deed2081f6d63
p:  822392.440923057
5d0901ccc716532b94a12ee3
p:  1090508.5449222578
5d090123c716532b94a12ede
p:  718771.2544272164
5d09031e6c9deed2081f6d65
p:  1065476.6774704787
5d0903b3921408c9441f6d5e
p:  930143.1787466798
5d0902f1c716532b94a12eed
p:  691996.0816856781
5d0901ef6c9deed2081f6d5c
p:  682197.7455543752
5d0906586c9deed2081f6d75
p:  767370.2356586412
5d090412921408c9441f6d61
p:  783269.5469273935
5d0903cc535d7bfa9ba12ee2
p:  770714.4258341759
5d09041e921408c9441f6d63
p:  935163.9808664816
5d090232921408c9441f6d5b
p:  844386.0210490627
5d0904d2921408c9441f6d6a
p:  1228429.25070165
5d0904d16c9deed2081f6d69
p:  996516.993026642
5d090068921408c9441f6d55
p:  602406.623435259
5d08ffba921408c9441f6d50
p:  662862.8508243386
5d090240921408c9441f6d5c
p:  1243688.8492784463
5d09037a921408c9441f6d5d
p:  571507.105240654
5d090419921408c9441f6d62
p:  827944.8309323875
5d090431921408c9441f6d66
p:  633785.2873491371
5d0902b6535d7bfa9ba12ee1
p:  666331.809873824
5d090216921408c9441f6d5a
p:  595429.8496512172
5d090536c716532b94a12ef7
p:  724913.6549536248
5d0901add01f3b059f1f6d67
p:  878154.6620119407
5d090124d01f3b059f1f6d5f
p:  700480.7383248548
5d0904e9c716532b94a12ef5
p:  768748.7861612407
5d09054cc716532b94a12ef8
p:  424834.4088193134
5d09011ed01f3b059f1f6d5e
p:  1406957.961808358
5d090442eaf509c71ba12ee8
p:  576447.1313558702
5d0906676c9deed2081f6d76
p:  650804.4216484497
5d0905356c9deed2081f6d6a
p:  1051858.8010495636
5d090129d01f3b059f1f6d60
p:  1038151.915059647
5d0905f66c9deed2081f6d70
p:  834619.0897052682
5d08fef6d01f3b059f1f6d53
p:  911000.3358882909
5d09050fd01f3b059f1f6d74
p:  581313.0012891612
5d0906086c9deed2081f6d71
p:  1200279.3134337175
5d0904ced01f3b059f1f6d71
p:  734456.5269602591
5d090187d01f3b059f1f6d63
p:  1421034.754085945
5d090405d01f3b059f1f6d6f
p:  626273.7367793289
5d08ff84eaf509c71ba12edd
p:  1270318.2150598806
5d0905d66c9deed2081f6d6e
p:  575314.6870865051
5d0905a3921408c9441f6d6e
p:  922374.4089439282
5d0903da921408c9441f6d5f
p:  686098.0004591069
5d08ff59d01f3b059f1f6d54
p:  835711.2775728295
5d09019bd01f3b059f1f6d64
p:  1620730.7081278553
5d09083bd01f3b059f1f6d77
p:  1283483.329027357
5d09080b921408c9441f6d78
p:  1358246.2986004944
5d09008dd01f3b059f1f6d57
p:  761633.7618450713
5d090414d01f3b059f1f6d70
p:  678373.3048769877
5d0903b1072e9845d71f6d68
p:  1095794.1942190344
5d0902d87ffaf8e459a12ef0
p:  955499.3548719208
5d0900b0d01f3b059f1f6d59
p:  844042.7092835603
5d0905e6072e9845d71f6d6f
p:  1460315.4951612172
5d0906507ffaf8e459a12ef5
p:  584448.5445396964
5d0906c2eaf509c71ba12ef6
p:  419888.7288152197
5d0900f0d01f3b059f1f6d5d
p:  323382.7439062551
5d090524d01f3b059f1f6d75
p:  303701.80554064806
5d0905a1072e9845d71f6d6c
p:  1040537.5246040729
5d0904e5072e9845d71f6d69
p:  486562.35829697247
5d090331072e9845d71f6d66
p:  287955.6422056998
5d090814f25c021be11f6d65
p:  225710.68347805706
5d090061d01f3b059f1f6d56
p:  602206.277151166
5d0903ebd01f3b059f1f6d6b
p:  1559002.0469297268
5d090615eaf509c71ba12ef3
p:  765343.8269081339
5d090a75eaf509c71ba12efb
p:  1045374.4863479459
5d08ffcdeaf509c71ba12ee1
p:  832883.2955681405
5d0905e3eaf509c71ba12ef2
p:  1451401.7954955986
5d090479b59a848613a12eed
p:  1087247.6361136679
5d090a3aeaf509c71ba12ef8
p:  542620.6009774581
5d0901c7d01f3b059f1f6d68
p:  911455.3698410706
5d0901a1d01f3b059f1f6d65
p:  615627.2552253138
5d0903e4eaf509c71ba12ee7
p:  927254.124890814
5d09047e921408c9441f6d67
p:  1021031.650837155
5d08fff9eaf509c71ba12ee3
p:  758347.5755506441
5d0904d6eaf509c71ba12eeb
p:  817908.2227317017
5d09040c921408c9441f6d60
p:  1122571.663614512
5d090cd884d36f4c6d1f6d96
p:  699332.9948925795
5d090ea31d24705599a12f14
p:  816542.9280229434
5d09076884d36f4c6d1f6d86
p:  949745.1315121335
5d09056584d36f4c6d1f6d7e
p:  614985.956889732
5d09052c84d36f4c6d1f6d7c
p:  627532.0251649113
5d09079784d36f4c6d1f6d8b
p:  640510.4992687069
5d09077b84d36f4c6d1f6d88
p:  963445.9429004639
5d09002c1d24705599a12ee3
p:  689056.0446953485
5d090be51d24705599a12f10
p:  1043394.9928271823
5d0901111d24705599a12eec
p:  744896.8889843451
5d090dd984d36f4c6d1f6d9e
p:  651064.4323474334
5d09077184d36f4c6d1f6d87
p:  694839.2849997776
5d0905b41d24705599a12efc
p:  641139.8307406658
5d09078484d36f4c6d1f6d89
p:  957623.5843943448
5d0900b31d24705599a12ee9
p:  766275.0621135773
5d090c1a1d24705599a12f12
p:  270034.28956218704
5d09075984d36f4c6d1f6d85
p:  691254.2170966836
5d09016984d36f4c6d1f6d7a
p:  774598.1870110179
5d0900131d24705599a12ee2
p:  638784.6780492759
5d09042e1d24705599a12ef6
p:  653592.2188028482
5d09083d1d24705599a12f02
p:  669900.0221011932
5d090bd11d24705599a12f0f
p:  478144.6885848128
5d0901f41d24705599a12ef1
p:  394436.56307329197
5d09096984d36f4c6d1f6d90
p:  858931.5627339741
5d0901b61d24705599a12eef
p:  630781.3826384717
5d090d0e84d36f4c6d1f6d97
p:  801655.4659828409
5d0902311d24705599a12ef2
p:  625999.2661250158
5d09093f84d36f4c6d1f6d8f
p:  1397398.4436434102
5d09062e84d36f4c6d1f6d81
p:  338141.99168506707
5d090ba61d24705599a12f0d
p:  1193926.0463813054
5d09009e1d24705599a12ee8
p:  681111.1932428661
5d0900f51d24705599a12eeb
p:  765804.1928892528
5d090a1e84d36f4c6d1f6d93
p:  395130.05430674355
5d0906a884d36f4c6d1f6d84
p:  757591.0656658509
5d0907ce0bfb99f7e91f6d78
p:  638935.5692386869
5d0908c20bfb99f7e91f6d7d
p:  640575.6176558512
5d090dd284d36f4c6d1f6d9d
p:  353988.0737269663
5d09015d1d24705599a12eed
p:  631844.1092329491
5d09078e84d36f4c6d1f6d8a
p:  769848.5912948537
5d09044d0bfb99f7e91f6d64
p:  696187.8041148758
5d0906189cc606d88ea12ee0
p:  661565.917300187
5d09033b0bfb99f7e91f6d5a
p:  711753.4674174397
5d0904930bfb99f7e91f6d67
p:  369901.0159902806
5d09087d0bfb99f7e91f6d7c
p:  284203.91849237395
5d0906ba0bfb99f7e91f6d72
p:  351577.7969801482
5d0903cc0bfb99f7e91f6d62
p:  374164.35816081817
5d0904559cc606d88ea12edf
p:  638009.31349491
5d0903c50bfb99f7e91f6d61
p:  418314.35060401494
5d0903a90bfb99f7e91f6d5e
p:  312180.24630383716
5d0905550bfb99f7e91f6d69
p:  606766.8666408804
5d0904660bfb99f7e91f6d65
p:  536991.6671829609
5d0905a40bfb99f7e91f6d6c
p:  318759.244126544
5d0903ae0bfb99f7e91f6d5f
p:  1123682.3746724823
5d0903670bfb99f7e91f6d5b
p:  573846.6179123451
5d0905c50bfb99f7e91f6d6d
p:  569529.2731169433
5d0903a40bfb99f7e91f6d5d
p:  312180.24630383716
5d0907a184d36f4c6d1f6d8c
p:  599845.9903537033
5d090c041d24705599a12f11
p:  699240.2521215547
5d08fff91d24705599a12ee1
p:  716940.2289462108
5d0905c31d24705599a12efd
p:  437006.793766208
5d090a1584d36f4c6d1f6d92
p:  1274207.7568275207
5d090dfa84d36f4c6d1f6da1
p:  635696.9672478926
5d0906a184d36f4c6d1f6d83
p:  721424.0921519902
5d0902870bfb99f7e91f6d57
p:  378209.74816981354
5d09085a0bfb99f7e91f6d7b
p:  314470.2040878391
5d090d3984d36f4c6d1f6d9b
p:  566790.1797770064
5d0903ec1d24705599a12ef5
p:  362767.88964214537
5d09067784d36f4c6d1f6d82
p:  323437.58550188574
5d090d1384d36f4c6d1f6d98
p:  856531.3455100171
5d090a651d24705599a12f09
p:  432136.81118609593
5d090a561d24705599a12f08
p:  704181.7579925777
5d090b8d1d24705599a12f0c
p:  667215.6026759302
5d0905da1d24705599a12efe
p:  678249.506256208
5d09017d84d36f4c6d1f6d7b
p:  530324.2234522414
5d090106eb17a0dedb1f6d6d
p:  301820.95560861245
5d090584b00c76e4d3a12ee3
p:  720772.4920719983
5d09050377fd8ce7c4a12ee2
p:  944418.4494486763
5d090695f25c021be11f6d61
p:  686559.1340933889
5d090399eb17a0dedb1f6d78
p:  2200566.7889513187
5d0906f9eb17a0dedb1f6d84
p:  481845.9562995647
5d0901cceb17a0dedb1f6d72
p:  1088305.1017179294
5d0901e1eb17a0dedb1f6d74
p:  710358.7498069745
5d0901bceb17a0dedb1f6d70
p:  858354.9046842848
5d090f7877fd8ce7c4a12ef1
p:  1075540.965995646
5d0903ebeb17a0dedb1f6d7d
p:  786499.7479493825
5d0900faeb17a0dedb1f6d6b
p:  1033374.0598587436
5d0903cdeb17a0dedb1f6d7a
p:  712690.8373198227
5d090279b00c76e4d3a12edb
p:  605288.5068073063
5d0901adeb17a0dedb1f6d6e
p:  756716.3992836248
5d090062eb17a0dedb1f6d64
p:  403482.8367586159
5d090100eb17a0dedb1f6d6c
p:  1007784.051367168
5d0904f2b00c76e4d3a12ee2
p:  679414.6668842314
5d0900b9eb17a0dedb1f6d69
p:  1049787.926113143
5d0901c3eb17a0dedb1f6d71
p:  751287.8121663898
5d0905c0eb17a0dedb1f6d80
p:  1033374.0598587436
5d0903e5eb17a0dedb1f6d7c
p:  725531.618161061
5d0906a3b00c76e4d3a12ee4
p:  611920.7940808223
5d0900daeb17a0dedb1f6d6a
p:  1195800.1418638874
5d08ffafeb17a0dedb1f6d61
p:  1234970.396648374
5d0900a9eb17a0dedb1f6d68
p:  790764.3456225558
5d0902c5b00c76e4d3a12edd
p:  1053113.494484
5d0901d6eb17a0dedb1f6d73
p:  749723.4822410455
5d08ffc7eb17a0dedb1f6d63
p:  886709.6638401614
5d0906190bfb99f7e91f6d70
p:  810159.3684932323
5d090303b00c76e4d3a12edf
p:  626768.5813877978
5d09029db00c76e4d3a12edc
p:  837056.034141297
5d090756b00c76e4d3a12eea
p:  1414232.1300365943
5d08ff9feb17a0dedb1f6d60
p:  1269102.5934802545
5d09031139ce141523a12eec
p:  301605.7292466018
5d07ef60f3f8b421cefd7b72
p:  1019792.0838816077
5d07ce463708bed881fd7b03
p:  678682.7609617738
5d07e3cc9383f39db9fd7b45
p:  394948.95746483724
5d07d1e6c108c7d724248a76
p:  650755.1039028291
5d07e6e69383f39db9fd7b50
p:  617427.0583978558
5d084fdc9383f39db9fd7cab
p:  706715.7550662912
5d07dff87c1d83daee248ab4
p:  2726892.0752292555
5d07d8181da3e8dc7a248a8f
p:  588327.0075537842
5d07d7753708bed881fd7b27
p:  562061.0367612536
5d0905d3072e9845d71f6d6d
p:  658771.6662359107
5d090a54766f29fba01f6d82
p:  303274.2007732779
5d07d68f3708bed881fd7b24
p:  540379.7497928524
5d07d0c30602544f70248a77
p:  591000.8897171384
5d079b3b107e08a7da67a6e8
p:  553541.9734412581
5d07a49e107e08a7da67a703
p:  507236.3237647502
5d07d94db0865c5a81248a91
p:  430521.79290926596
5d07d71cf3f8b421cefd7b1b
p:  467167.6152786322
5d07cf13d144fc73f1248a6f
p:  719890.1891312238
5d07ddd3c108c7d724248a93
p:  419031.9929725054
5d08f9656c9deed2081f6d45
p:  490932.46328648226
5d07e1c3f3f8b421cefd7b3a
p:  241681.86391185853
5d07e7149383f39db9fd7b51
p:  459636.902594934
5d07a332107e08a7da67a6f8
p:  708691.2723719412
5d07e16cf3f8b421cefd7b33
p:  446721.3034355459
5d07dc750602544f70248a9b
p:  462888.6295850506
5d07dfba9383f39db9fd7b30
p:  406110.950479129
5d08faa7eb17a0dedb1f6d43
p:  616615.9209477343
5d08fcc1eb17a0dedb1f6d51
p:  625813.4743415155
5d07d3c4d144fc73f1248a82
p:  418846.00285103486
5d07dbe37c1d83daee248aa6
p:  542283.2567928224
5d07eac39383f39db9fd7b58
p:  394948.95746483724
5d07d4ccb0865c5a81248a89
p:  421742.03322089976
5d07d8759383f39db9fd7b1d
p:  496554.5328697638
5d07cf44d144fc73f1248a73
p:  470217.7665034116
5d07db209383f39db9fd7b24
p:  496457.5230869218
5d07da0d0602544f70248a92
p:  625813.4743415155
5d07e100f3f8b421cefd7b2c
p:  443955.5581948619
5d07d7c0b0865c5a81248a8e
p:  455970.78429793415
5d07dec4c108c7d724248a94
p:  691365.373277836
5d07d7901da3e8dc7a248a87
p:  590227.4520550728
5d07cfadd144fc73f1248a74
p:  496457.5230869218
5d07e4f29383f39db9fd7b4a
p:  757904.3499269257
5d07f903a28a788588fd7b9e
p:  682492.2942777121
5d07f2caa28a788588fd7b85
p:  588137.2309268015
5d09059b08448253271f6d8d
p:  323508.4830571714
5d090a58766f29fba01f6d83
p:  494536.15171809035
5d0901e4766f29fba01f6d61
p:  275856.4843291438
5d09073139ce141523a12efa
p:  698330.7112456125
5d08fbd908448253271f6d43
p:  690377.072460484
5d07dc73ab81ebbdff248aa2
p:  337292.4611375445
5d07db1da28a788588fd7b35
p:  820587.5932165505
5d07ee44e9b8d1f4befd7b7e
p:  689057.2254430492
5d07f388c108c7d724248ae0
p:  858668.4558060672
5d07f6f1c108c7d724248aed
p:  1030633.4460821217
5d07f767e9b8d1f4befd7b9d
p:  660090.9249716979
5d07f293c108c7d724248add
p:  355943.5182432435
5d07f34be9b8d1f4befd7b95
p:  704634.2628658313
5d07ef84e9b8d1f4befd7b82
p:  525362.9112625232
5d07f465c108c7d724248ae4
p:  674690.6638549885
5d07f29ea28a788588fd7b82
p:  538271.8869796149
5d07f9629383f39db9fd7b89
p:  1042882.9374836476
5d07f138e9b8d1f4befd7b8b
p:  563417.1474995344
5d07f161e9b8d1f4befd7b8d
p:  598231.3126743023
5d07edc2e9b8d1f4befd7b7b
p:  833495.7625134984
5d07ed00e9b8d1f4befd7b75
p:  680403.845464933
5d07f5f0c108c7d724248ae9
p:  754079.9744040288
5d07f8d2a28a788588fd7b9c
p:  477607.77960323315
5d07f354a28a788588fd7b8d
p:  614707.5627090586
5d07d4308364cfb040248a7e
p:  478349.65244318533
5d07d64a8364cfb040248a89
p:  572830.3466331601
5d07dab869c90f3132fd7b20
p:  502041.5501882589
5d07d5e88364cfb040248a85
p:  486068.60231113795
5d08fccf84d36f4c6d1f6d69
p:  1010122.0471625272
5d07d6357c1d83daee248a85
p:  354832.43398654874
5d07d6ef69c90f3132fd7b1c
p:  437647.112554839
5d07d29769c90f3132fd7b07
p:  670439.1308826611
5d07daff69c90f3132fd7b23
p:  745623.0740521668
5d07d5ff8364cfb040248a86
p:  450664.7168145259
5d07d5b169c90f3132fd7b19
p:  214993.5177254303
5d07d4568364cfb040248a7f
p:  780461.060433164
5d07d3eb8364cfb040248a7c
p:  660800.711401249
5d07d4e869c90f3132fd7b16
p:  457950.0911598585
5d07d2ba69c90f3132fd7b09
p:  532298.1640150044
5d07d9808364cfb040248a8c
p:  438840.8815173557
5d07d6a97c1d83daee248a88
p:  530698.4328512978
5d07d9a27c1d83daee248a9b
p:  285058.56014148984
5d07d8967c1d83daee248a94
p:  426276.1242959922
5d07d8477c1d83daee248a92
p:  387584.376464831
5d07d7477c1d83daee248a8c
p:  407753.01508830197
5d07d76d7c1d83daee248a8d
p:  290174.2364306408
5d07d60f7c1d83daee248a84
p:  367595.77644719346
5d07d97c7c1d83daee248a9a
p:  581992.1534596472
5d07d4bb69c90f3132fd7b15
p:  657406.2972547789
5d07d4e38364cfb040248a83
p:  326425.09633198736
5d07db1c8364cfb040248a8f
p:  724284.1535859548
5d07d2a769c90f3132fd7b08
p:  405145.43369744066
5d07d6158364cfb040248a87
p:  533507.6651938339
5d07d8217c1d83daee248a91
p:  240574.7370085747
5d07d2337c1d83daee248a7d
p:  242853.56502087147
5d07d7937c1d83daee248a8e
p:  202608.59506185626
5d07d71a7c1d83daee248a8b
p:  417109.5541574126
5d07d6837c1d83daee248a87
p:  606015.9803046316
5d07d79f1da3e8dc7a248a88
p:  470111.6024903469
5d07d2c369c90f3132fd7b0a
p:  478349.65244318533
5d07d7ae8364cfb040248a8a
p:  242027.4001205694
5d07d85969c90f3132fd7b1e
p:  523231.1031185265
5d07d4f569c90f3132fd7b17
p:  455517.6963909642
5d07d4708364cfb040248a80
p:  362640.4502033855
5d07d32569c90f3132fd7b0d
p:  345596.5782548437
5d07d3a28364cfb040248a7a
p:  460936.88594090723
5d07d28c69c90f3132fd7b06
p:  514490.63577903697
5d07d6318364cfb040248a88
p:  255515.35229468596
5d07d5ede533a13e3bfd7b0b
p:  461783.9992674567
5d07da2d8364cfb040248a8e
p:  508322.6156235888
5d07d7d01da3e8dc7a248a8b
p:  424619.9841473241
5d07d7851da3e8dc7a248a86
p:  429350.60654531163
5d07d7771da3e8dc7a248a85
p:  429350.60654531163
5d07d356e533a13e3bfd7b08
p:  278947.1565499755
5d07d7c11da3e8dc7a248a8a
p:  482832.92468749365
5d07d6f57c1d83daee248a8a
p:  440578.58633421606
5d07d6d07c1d83daee248a89
p:  250850.18433282827
5d07d86c7c1d83daee248a93
p:  288973.00923304685
5d07d8e27c1d83daee248a96
p:  294210.1396046361
5d07d8bd7c1d83daee248a95
p:  391965.2271809081
5d07d9077c1d83daee248a97
p:  349274.4365104103
5d07e6e9f3f8b421cefd7b4f
p:  487411.72199402866
5d07e00fc108c7d724248a9a
p:  403077.6825487471
5d07d15ac108c7d724248a71
p:  433251.7057444969
5d07e21cf3f8b421cefd7b3f
p:  505881.4881579208
5d07d4d2f3f8b421cefd7b13
p:  417490.9095382125
5d07d16fc108c7d724248a72
p:  394395.64119682036
5d07e2cdc108c7d724248aaa
p:  402777.71690835204
5d07da53f3f8b421cefd7b23
p:  746251.7596026723
5d07d4c7f3f8b421cefd7b12
p:  462581.1625827112
5d07e281f3f8b421cefd7b40
p:  319379.1935176479
5d07e2d2f3f8b421cefd7b44
p:  710218.6383259092
5d07d929c108c7d724248a88
p:  392338.0636313316
5d07e5c2f3f8b421cefd7b4b
p:  384177.4966028681
5d07ddb8c108c7d724248a90
p:  664961.426900489
5d07ddc3c108c7d724248a91
p:  463934.48474485916
5d07d645c108c7d724248a84
p:  463738.4121659876
5d07d7aaf3f8b421cefd7b1f
p:  484829.99421845516
5d07e184f3f8b421cefd7b35
p:  414400.60116803437
5d07e313c108c7d724248aac
p:  514384.4752904305
5d07dfbbc108c7d724248a98
p:  534486.6324004323
5d07d8aff3f8b421cefd7b21
p:  499639.2362233122
5d07d5f9f3f8b421cefd7b1a
p:  499639.2362233122
5d07e495f3f8b421cefd7b46
p:  644837.5728535224
5d07d4b5f3f8b421cefd7b11
p:  491852.45568882854
5d07e199c108c7d724248aa4
p:  483622.4761258301
5d07de57e9b8d1f4befd7b34
p:  485328.3602400211
5d07d92ee9b8d1f4befd7b1c
p:  665218.1091149428
5d07dec4e9b8d1f4befd7b3b
p:  671296.8454244434
5d08fa3feb17a0dedb1f6d42
p:  496457.5230869218
5d07cb87d144fc73f1248a67
p:  759083.8552601861
5d07d92fc108c7d724248a89
p:  428626.9802324881
5d07e098c108c7d724248a9e
p:  477910.9417743983
5d07d767f3f8b421cefd7b1c
p:  437902.6460112586
5d07d450c108c7d724248a7d
p:  467138.29110276705
5d07e616c108c7d724248ab8
p:  298087.6367943438
5d07d79df3f8b421cefd7b1e
p:  427599.9054279814
5d07e247c108c7d724248aa7
p:  432639.43208846345
5d07d66c9383f39db9fd7b0f
p:  413712.65093937964
5d08fc7ceb17a0dedb1f6d4d
p:  432807.6135316896
5d07dcb5b0865c5a81248a9c
p:  466696.82104741014
5d07d4bab0865c5a81248a86
p:  733828.4587900027
5d08f93f6c9deed2081f6d41
p:  405775.7535055063
5d07d4b2b0865c5a81248a85
p:  452463.2981933572
5d07d4d6b0865c5a81248a8a
p:  440776.2577318732
5d07ddacfa6ab3161a248a8d
p:  430801.3137602253
5d07d7fb9383f39db9fd7b15
p:  432054.3133921416
5d07d982b0865c5a81248a97
p:  460949.9754315596
5d07e168e9b8d1f4befd7b48
p:  348597.81292136456
5d07ddf8e9b8d1f4befd7b2f
p:  314000.8563995393
5d07de5cfa6ab3161a248a90
p:  559383.033056516
5d07da45e9b8d1f4befd7b26
p:  355298.0451348848
5d07deb9e9b8d1f4befd7b3a
p:  532739.9955748077
5d07df417c1d83daee248ab0
p:  637867.0372349424
5d07dc097c1d83daee248aa7
p:  604814.789628305
5d07e18e1a3592d292fd7b38
p:  682033.4413367722
5d07b29335cb4395c646641e
p:  648009.5915607081
5d07db04e533a13e3bfd7b13
p:  432015.63055569254
5d07e1b71a3592d292fd7b3b
p:  435471.7376085081
5d07deaa7c1d83daee248aad
p:  267156.0227381474
5d07d94f1a3592d292fd7b28
p:  343662.64725019
5d07e2aa7c1d83daee248aba
p:  495451.51648389176
5d07e0ff1a3592d292fd7b32
p:  673149.8104647254
5d07ddbb7c1d83daee248aa9
p:  833513.6955881959
5d07e2b8fa6ab3161a248a97
p:  769147.9352557356
5d07dbbf7c1d83daee248aa5
p:  479166.8111266712
5d07e1367c1d83daee248ab6
p:  578425.6726885566
5d07dad67c1d83daee248aa1
p:  1151578.743507754
5d07dc34e533a13e3bfd7b19
p:  343871.27110688825
5d07dc1be533a13e3bfd7b18
p:  512551.5665555553
5d07dbf0595ea212d9248aa2
p:  529676.1270960233
5d07d1921da3e8dc7a248a78
p:  468310.28601774335
5d07d8a3595ea212d9248a9a
p:  739907.7234036298
5d07d2d61da3e8dc7a248a7d
p:  599375.5697134923
5d07ced125df24a0bffd7b07
p:  440962.3258277308
5d07cc467c1d83daee248a6d
p:  507399.53761916095
5d07da311a3592d292fd7b2d
p:  647051.4716790031
5d07ccbb1da3e8dc7a248a67
p:  388001.2458804875
5d07cc391da3e8dc7a248a65
p:  1063656.9986178682
5d07ce101a3592d292fd7b03
p:  581304.2642262768
5d07ceabc108c7d724248a6c
p:  681210.6392322376
5d07d11269c90f3132fd7b04
p:  358110.6412580064
5d07cc7a1da3e8dc7a248a66
p:  1087054.684821984
5d090ce4f29b8bbffb1f6da2
p:  361090.20278324414
5d08fbe108448253271f6d44
p:  466660.6327707049
5d08fb819cc606d88ea12ed5
p:  662433.4669851023
5d08fa209cc606d88ea12ed2
p:  271951.5510709746
5d07ebf069c90f3132fd7b5b
p:  456490.818825147
5d090e0639ce141523a12f11
p:  453163.62331784755
5d07cd9d8364cfb040248a69
p:  355352.73671209335
5d07ce748364cfb040248a6d
p:  379584.6684336017
5d090928766f29fba01f6d7b
p:  1151300.3341752244
5d07d81e595ea212d9248a8f
p:  589829.6460210831
5d07cd628364cfb040248a68
p:  288533.655525224
5d07cef50617c26b39fd7b03
p:  283934.77539167786
5d07cafe595ea212d9248a68
p:  252746.96370453088
5d090813f29b8bbffb1f6d77
p:  326532.3124485493
5d0907a5f29b8bbffb1f6d72
p:  306801.80939538474
5d09048a00e60707bfa12eeb
p:  322001.50638891384
5d090a8ef29b8bbffb1f6d8c
p:  449093.7315809352
5d0907ee00e60707bfa12ef5
p:  429770.1037544027
5d09088df29b8bbffb1f6d7f
p:  406726.3248057687
5d0904a700e60707bfa12eec
p:  298455.9641921626
5d090032f29b8bbffb1f6d54
p:  321545.7520751491
5d090ac4f29b8bbffb1f6d8e
p:  359094.08182634343
5d0906cd00e60707bfa12ef1
p:  301031.318627976
5d08ffc2f29b8bbffb1f6d53
p:  457696.7193817124
5d0909e1f29b8bbffb1f6d8a
p:  360371.6813844971
5d090cb5f29b8bbffb1f6d9f
p:  272587.6105692636
5d0907d9766f29fba01f6d70
p:  407698.46499383997
5d090866766f29fba01f6d72
p:  332988.1446412663
5d09105939ce141523a12f19
p:  501560.0405355197
5d090d10766f29fba01f6d91
p:  401247.14908353594
5d0906ea39ce141523a12ef9
p:  360797.0681801327
5d09084e39ce141523a12efe
p:  318950.35545892955
5d090d1c39ce141523a12f0e
p:  320722.2767156027
5d090614766f29fba01f6d6f
p:  369788.44087038795
5d09038b08448253271f6d6b
p:  332839.60167852574
5d08feb1028bdce2e8a12eda
p:  268783.2492718856
5d09053908448253271f6d87
p:  338174.311759791
5d07ecd3f3f8b421cefd7b66
p:  322340.82738544035
5d07f2a4f3f8b421cefd7b8a
p:  287222.837421911
5d07e9f7f3f8b421cefd7b5e
p:  346542.6669070865
5d07ee06f3f8b421cefd7b6c
p:  322340.82738544035
5d07efd9f3f8b421cefd7b78
p:  282683.65798688313
5d09094800e60707bfa12ef8
p:  285782.86973759247
5d090585f29b8bbffb1f6d71
p:  371309.6311642149
5d09057df29b8bbffb1f6d70
p:  287270.5630325645
5d090cc808448253271f6dbd
p:  540229.3822663788
5d0904a308448253271f6d7e
p:  395645.57200282946
5d090cb308448253271f6dba
p:  330060.33173369966
5d09060508448253271f6d93
p:  285896.71336948936
5d090957028bdce2e8a12ef4
p:  303501.34541700187
5d09014800e60707bfa12ee2
p:  380997.37764207774
5d0904b408448253271f6d7f
p:  348273.23984776926
5d090bcff29b8bbffb1f6d94
p:  359922.09329386544
5d08ffe0eaf509c71ba12ee2
p:  622343.3826195477
5d090bd8f29b8bbffb1f6d95
p:  341831.94527801196
5d090554f29b8bbffb1f6d6d
p:  318643.3174800328
5d090c7100e60707bfa12ef9
p:  397722.65308670106
5d090bc1766f29fba01f6d8e
p:  387777.7826607735
5d0904dbf29b8bbffb1f6d6c
p:  366680.9608252576
5d07ea8469c90f3132fd7b50
p:  330684.9978771377
5d090cadf29b8bbffb1f6d9e
p:  400531.90096904285
5d0904d508448253271f6d81
p:  377257.2454430743
5d07a10f107e08a7da67a6f6
p:  968854.4276451109
5d09004008448253271f6d4f
p:  550932.0295388746
5d08fbc6eb17a0dedb1f6d49
p:  470376.00274177745
5d09092400e60707bfa12ef7
p:  280146.39424373826
5d090c4df29b8bbffb1f6d96
p:  279544.727124557
5d07eba369c90f3132fd7b56
p:  354303.5236874238
5d0903cb08448253271f6d70
p:  320083.52969578997
5d0901b408448253271f6d61
p:  617518.4305150979
5d090a3f08448253271f6db1
p:  566344.8804290885
5d07ebd369c90f3132fd7b58
p:  495014.8177961965
5d09056108448253271f6d89
p:  302153.5291755062
5d07eb7669c90f3132fd7b54
p:  423951.883264792
5d07eaf469c90f3132fd7b51
p:  396903.1813367145
5d0903bd08448253271f6d6f
p:  279369.40583381
5d09058008448253271f6d8b
p:  651253.9886937272
5d0903d908448253271f6d71
p:  182193.7681667198
5d0798de1f17569585553f44
p:  549375.8182396058
5d09050408448253271f6d84
p:  215569.13220714816
5d09048008448253271f6d7c
p:  297421.140621783
5d09005208448253271f6d52
p:  533953.731513436
5d0903e4f29b8bbffb1f6d64
p:  323390.635298616
5d0903a139ce141523a12eee
p:  317009.2890298581
5d09057239ce141523a12ef4
p:  297056.48821018176
5d07d8283708bed881fd7b2d
p:  544426.431764619
5d09047308448253271f6d7b
p:  643141.1911887254
5d07ef00f3f8b421cefd7b71
p:  378275.27496667556
5d07cf4abc6da53d12fd7b04
p:  322941.626024603
5d090951f29b8bbffb1f6d81
p:  437827.2589124355
5d09052608448253271f6d86
p:  333426.04196203384
5d09045b00e60707bfa12ee9
p:  298519.43417344114
5d0905a808448253271f6d8e
p:  403567.106389819
5d09046008448253271f6d7a
p:  451268.7854871964
5d09068108448253271f6d9a
p:  593006.7027983472
5d0905e408448253271f6d91
p:  349668.1059702865
5d0904c308448253271f6d80
p:  446816.72899652424
5d07ed7469c90f3132fd7b60
p:  347455.22950534493
5d07ebfd69c90f3132fd7b5c
p:  387808.0169407051
5d08fa049cc606d88ea12ed1
p:  273719.8907667355
5d090805f29b8bbffb1f6d75
p:  321317.02752411226
5d0902d4f29b8bbffb1f6d61
p:  302633.32938626525
5d090c8bf29b8bbffb1f6d9b
p:  336372.8585299308
5d0905ca00e60707bfa12eef
p:  311360.3426559076
5d08fff108448253271f6d4c
p:  565614.203917786
5d09064c08448253271f6d97
p:  370813.9904191189
5d07d8f0595ea212d9248a9c
p:  498636.72680627374
5d07cda38364cfb040248a6a
p:  367230.0107054706
5d07cd588364cfb040248a67
p:  329787.2409223241
5d07ecfeab81ebbdff248ac3
p:  764355.7431175493
5d07cd5e595ea212d9248a74
p:  324852.18658357195
5d07cd65595ea212d9248a75
p:  256539.30439294927
5d07ce7d8364cfb040248a6e
p:  342839.98468327074
5d09090400e60707bfa12ef6
p:  323852.0504735486
5d07ed9169c90f3132fd7b63
p:  571206.352773028
5d07edef8364cfb040248af6
p:  394180.9870166385
5d07cfcc595ea212d9248a85
p:  806182.3905508115
5d0903c200e60707bfa12ee7
p:  314441.38190632616
5d09055108448253271f6d88
p:  506971.1793434188
5d07ef84f3f8b421cefd7b74
p:  332417.9500148818
5d0903f208448253271f6d73
p:  315734.1779398711
5d0903b208448253271f6d6e
p:  314881.9560544768
5d0906c108448253271f6d9d
p:  321402.8314535265
5d07ed7e69c90f3132fd7b61
p:  333470.64430073596
5d07eee1f3f8b421cefd7b70
p:  338567.43438002677
5d07cebe595ea212d9248a7c
p:  316124.648927327
5d09075208448253271f6da3
p:  511723.1848428806
5d09089208448253271f6da8
p:  328112.20608077815
5d090baa39ce141523a12f09
p:  553372.7804144023
5d07994b1f17569585553f4b
p:  561899.144862728
5d07d5c53708bed881fd7b22
p:  410892.1822858439
5d090833f29b8bbffb1f6d79
p:  291468.78885698714
5d07ed6669c90f3132fd7b5f
p:  391764.88106779504
5d07d935c108c7d724248a8a
p:  406842.98354740825
5d07d5d6f3f8b421cefd7b19
p:  388961.0684687543
5d07de2b9383f39db9fd7b2a
p:  458315.2964106451
5d0798fa1f17569585553f47
p:  390466.1728723454
5d07f7bb1da3e8dc7a248ac7
p:  791445.3472237509
5d07ece9e9b8d1f4befd7b73
p:  690246.3840625994
5d07dac6bc6da53d12fd7b15
p:  785180.9735489332
5d07f0e0f3f8b421cefd7b80
p:  596061.680724883
5d0900ca921408c9441f6d57
p:  1234940.6126226245
5d09062a6c9deed2081f6d73
p:  1238508.6717534754
5d07a459107e08a7da67a6ff
p:  421384.8680682356
5d0798c051ab1a9d92450f2f
p:  508134.97950188915
5d08f88eeb17a0dedb1f6d3c
p:  432807.6135316896
5d08fcb91b753472bc1f6d4a
p:  941085.2170785803
5d07fa49a28a788588fd7baa
p:  693469.9380876103
5d07eab41da3e8dc7a248ab3
p:  387470.1372827398
5d0910826c9deed2081f6da3
p:  280274.43146334373
5d090ce36c9deed2081f6d93
p:  229933.6653793793
5d0912430fbb310e3ca12f2a
p:  244571.1560377851
5d09111f6c9deed2081f6da7
p:  524622.494145938
5d0914486c9deed2081f6dac
p:  283757.0286124728
5d090fb90fbb310e3ca12f22
p:  283757.0286124728
5d0910d76c9deed2081f6da5
p:  271297.66439586587
5d0910586c9deed2081f6da2
p:  582341.6966921831
5d08f89e84d36f4c6d1f6d3c
p:  1051383.7970369393
5d08f895d01f3b059f1f6d3c
p:  379411.5412485403
5d07dab17c1d83daee248aa0
p:  283907.60144180217
5d08fec6028bdce2e8a12edb
p:  521843.84547461616
5d09001008448253271f6d4d
p:  258873.20401430124
5d07e9baf3f8b421cefd7b5b
p:  294218.75967143377
5d07d310a28a788588fd7b0f
p:  367847.4129790182
5d07d3a225df24a0bffd7b0c
p:  408978.78767727676
5d08f89200e60707bfa12ecf
p:  522773.7592894526
5d07ecd3e9b8d1f4befd7b71
p:  510560.8714397908
5d07e0513708bed881fd7b71
p:  476304.7317958531
5d0901a26c9deed2081f6d5b
p:  362162.12117446645
5d090865535d7bfa9ba12eea
p:  490317.6795823887
5d090042766f29fba01f6d56
p:  234179.74623961456
5d09029d5c1807236b1f6d66
p:  764979.0225281471
5d0902166c9deed2081f6d5d
p:  1592653.902407528
5d09009608448253271f6d55
p:  160857.15574254887
5d090134028bdce2e8a12edc
p:  338175.880075315
5d090bfe072e9845d71f6da8
p:  416026.93832920236
5d08fe4e072e9845d71f6d4e
p:  1116365.0347350282
5d07d99dbc6da53d12fd7b10
p:  475627.2065105128
5d0900db39ce141523a12ee5
p:  353750.02866247424
5d083a489383f39db9fd7c6d
p:  407912.8506249988
5d090139766f29fba01f6d5a
p:  303274.2007732779
5d08f9d2d01f3b059f1f6d41
p:  464587.63296344166
5d07e6e5e533a13e3bfd7b3b
p:  429302.3436201628
5d08fcfb0fbb310e3ca12edd
p:  522757.1338793685
5d07fdffe9b8d1f4befd7bba
p:  274981.0090510017
5d07e8123708bed881fd7b9b
p:  271772.3973748738
5d07ed7f8364cfb040248af3
p:  286195.69132448465
5d07d549c108c7d724248a81
p:  483622.4761258301
5d0852ee9383f39db9fd7cb1
p:  385231.6210209296
5d07d4ae69c90f3132fd7b14
p:  479008.27373070107
5d07d4938364cfb040248a81
p:  447987.7904155159
5d07d65e7c1d83daee248a86
p:  269626.3210794465
5d08fb14b59a848613a12ed7
p:  553683.6164813833
5d07d231595ea212d9248a8c
p:  361777.91988661466
5d090133d01f3b059f1f6d61
p:  704431.0826946634
5d07d2439d65644a27248a83
p:  455790.41937444266
5d0902a41d24705599a12ef3
p:  405222.8490529659
5d0903c10bfb99f7e91f6d60
p:  536991.6671829609
5d090485ad5f9e9b4ca12ef7
p:  855024.3427594195
5d07e1f9ab81ebbdff248aac
p:  419429.68592051824
5d090dbe6c9deed2081f6d99
p:  382956.3418121842
5d0901a8d01f3b059f1f6d66
p:  452476.2800068854
5d07d4219d65644a27248a86
p:  441845.73784406926
5d07dfe1e533a13e3bfd7b20
p:  288483.2262471166
5d07d4279d65644a27248a87
p:  240318.46098093595
5d0900d6921408c9441f6d58
p:  1019856.0236196091
5d090175535d7bfa9ba12edf
p:  1300129.1230460568
5d07f315a28a788588fd7b8b
p:  554818.3382449488
5d0904d1ad5f9e9b4ca12efa
p:  344264.5793424662
5d0904d839ce141523a12ef2
p:  323640.8545529777
5d08fb2984d36f4c6d1f6d49
p:  587126.1216854037
5d09041008448253271f6d75
p:  303688.93369255844
5d07ec0f3708bed881fd7baa
p:  575149.1137744398
5d0903e1d01f3b059f1f6d6a
p:  400828.33593725343
5d090d32072e9845d71f6dae
p:  385140.2417404924
5d0903f2d01f3b059f1f6d6c
p:  448873.47032859566
5d090538766f29fba01f6d6c
p:  297279.6883986525
5d0905cc766f29fba01f6d6e
p:  285300.25950923807
5d07ede68364cfb040248af5
p:  133286.95965328906
5d090d78d01f3b059f1f6d83
p:  661992.2383197447
5d07f7a169c90f3132fd7b81
p:  377605.93499930773
5d07f7e969c90f3132fd7b83
p:  447075.2349914779
5d0907b3f29b8bbffb1f6d73
p:  397893.4755039186
5d08fd23ad5f9e9b4ca12ee1
p:  665481.6807468557
5d07b15d35cb4395c6466417
p:  492889.351806416
5d07dc307c1d83daee248aa8
p:  341775.67416537367
5d07cbfa7c1d83daee248a69
p:  395313.95399266214
5d08fd52ad5f9e9b4ca12ee3
p:  547850.2962122137
5d07e1f53708bed881fd7b82
p:  312721.157419611
5d07f30ee9b8d1f4befd7b90
p:  875439.6641435486
5d07f92c69c90f3132fd7b8c
p:  446509.5045321459
5d09056f0bfb99f7e91f6d6a
p:  418027.3950360373
5d09054eeaf509c71ba12ef0
p:  1047319.4742841069
5d08fd83ad5f9e9b4ca12ee5
p:  307597.32349948754
5d0819e09383f39db9fd7bf2
p:  1051030.0330666532
5d08fad49cc606d88ea12ed3
p:  799553.1899896362
5d0798c81f17569585553f42
p:  428968.04786822083
5d0902bac716532b94a12eeb
p:  362162.12117446645
5d0905820bfb99f7e91f6d6b
p:  549307.5719817758
5d09089539ce141523a12eff
p:  311679.56565815816
5d07e975e533a13e3bfd7b50
p:  325842.6248535622
5d07dd0fc108c7d724248a8e
p:  397518.6748659791
5d07f381c108c7d724248adf
p:  551931.8982216824
5d0906150bfb99f7e91f6d6f
p:  536991.6671829609
5d090861766f29fba01f6d71
p:  234179.74623961456
5d090b201b753472bc1f6d93
p:  272417.5136877141
5d07f3b3c108c7d724248ae1
p:  499273.7606239044
5d07d7fc7c1d83daee248a90
p:  406339.63757360633
5d07ce6e595ea212d9248a7a
p:  197866.14251732395
5d07e9dde533a13e3bfd7b54
p:  433345.8392847259
5d0800a1e9b8d1f4befd7bcf
p:  891558.8418091533
5d07b20135cb4395c6466419
p:  496793.7670875422
5d07df49f3f8b421cefd7b27
p:  513993.4515559545
5d07ce96595ea212d9248a7b
p:  304072.4576465716
5d090e3cb00c76e4d3a12f08
p:  222311.78002361534
5d07dfac7c1d83daee248ab2
p:  284886.37016450835
5d090c889cc606d88ea12eed
p:  306274.5765858701
5d09034e1b753472bc1f6d6c
p:  729186.917047766
5d07f47bc108c7d724248ae5
p:  609728.0850703378
5d0903196c9deed2081f6d64
p:  807667.1836041177
5d07dfecc108c7d724248a99
p:  394469.93494251475
5d07e031c108c7d724248a9b
p:  580935.2979630418
5d07e01f7c1d83daee248ab5
p:  259607.022993349
5d07e076c108c7d724248a9d
p:  403584.51902852155
5d07e7af1da3e8dc7a248aa7
p:  459103.0228832066
5d0900d2b59a848613a12ee3
p:  704563.8569308743
5d09099484d36f4c6d1f6d91
p:  420664.4479365357
5d090423921408c9441f6d64
p:  385277.0343150636
5d07fa1f69c90f3132fd7b9c
p:  421599.12991439074
5d090a31766f29fba01f6d81
p:  394348.9415622804
5d090c58535d7bfa9ba12efa
p:  286733.9207468593
5d07cf25595ea212d9248a7f
p:  293402.8294725943
5d07e44fab81ebbdff248abb
p:  340655.2523808631
5d07cf3f595ea212d9248a80
p:  313559.71989450144
5d07e117e9b8d1f4befd7b45
p:  625485.468975062
5d090a8b5c1807236b1f6d83
p:  727837.3432352557
5d090014ad5f9e9b4ca12eed
p:  547850.2962122137
5d07ea871da3e8dc7a248ab2
p:  448468.13516019157
5d07da36ab81ebbdff248a8d
p:  301929.2686497357
5d07e2693708bed881fd7b8a
p:  411112.98607189895
5d090b95766f29fba01f6d8d
p:  331380.855117433
5d080aeda28a788588fd7bf5
p:  329375.3390916693
5d090ee5072e9845d71f6dba
p:  416026.93832920236
5d090540535d7bfa9ba12ee3
p:  1228429.25070165
5d0905e56c9deed2081f6d6f
p:  753599.6637970343
5d090c8939ce141523a12f0c
p:  353750.02866247424
5d0903ddeb17a0dedb1f6d7b
p:  656739.6468199778
5d07eca4c108c7d724248ad5
p:  335723.97778082977
5d07e5d98364cfb040248abc
p:  371609.8465892739
5d09088308448253271f6da7
p:  255712.47013817413
5d07f7e7e9b8d1f4befd7ba2
p:  471925.5810417963
5d090dae39ce141523a12f10
p:  306470.99726797256
5d09102fb00c76e4d3a12f17
p:  352371.592055887
5d07db7eab81ebbdff248a98
p:  660807.7383423549
5d07e9888364cfb040248acf
p:  337105.71191966406
5d07db8fab81ebbdff248a9a
p:  518737.15725314093
5d0905e4eb17a0dedb1f6d81
p:  462573.51582450833
5d090acd08448253271f6db2
p:  220234.6223067984
5d07edc3f3f8b421cefd7b6a
p:  400202.37843810115
5d090ddf84d36f4c6d1f6d9f
p:  322444.0387852861
5d09047100e60707bfa12eea
p:  377369.91238532524
5d07ecdef3f8b421cefd7b67
p:  351022.05685122096
5d090fcd39ce141523a12f17
p:  299135.02279771015
5d0900b0f29b8bbffb1f6d56
p:  315026.31845700706
5d07d0101a3592d292fd7b14
p:  502404.13688114675
5d07d0d98364cfb040248a74
p:  131582.8267460448
5d0907ff1b753472bc1f6d84
p:  509924.41385619517
5d07d931595ea212d9248aa0
p:  366999.1648857085
5d0902a3072e9845d71f6d61
p:  537637.6138302775
5d0909a5766f29fba01f6d7e
p:  234179.74623961456
5d0901a75c1807236b1f6d5e
p:  1916308.8867566935
5d07cce090d16c2f4b87c5f3
p:  320019.2395638041
5d07d518ab81ebbdff248a81
p:  270399.9493481115
5d0904d0766f29fba01f6d6b
p:  205015.96444138273
5d08fbcd84d36f4c6d1f6d53
p:  701350.8790616812
5d07d9f6ab81ebbdff248a88
p:  434659.07188566076
5d0901f2921408c9441f6d59
p:  1019856.0236196091
5d07d6d7fa6ab3161a248a79
p:  437701.92766414693
5d083d269383f39db9fd7c77
p:  441912.5534206653
5d07d11d8364cfb040248a76
p:  131582.8267460448
5d07e6cfe533a13e3bfd7b39
p:  171601.44450663368
5d090bbc1d24705599a12f0e
p:  360688.9622964512
5d07cd411da3e8dc7a248a69
p:  335712.10017204337
5d0904840bfb99f7e91f6d66
p:  369901.0159902806
5d07cb0a595ea212d9248a6a
p:  229584.25202137523
5d08ffd6921408c9441f6d53
p:  669448.5926296336
5d08f87139ce141523a12ed1
p:  395970.1690760383
5d08fd031b753472bc1f6d51
p:  203641.24827932194
5d07d0053708bed881fd7b0b
p:  644131.6328928942
5d0908ba1d24705599a12f03
p:  695042.170320567
5d07cb04595ea212d9248a69
p:  311471.08205132454
5d07ce271a3592d292fd7b05
p:  243105.7147577895
5d09001c766f29fba01f6d55
p:  475395.5987936254
5d091076072e9845d71f6dbd
p:  352371.592055887
5d07cf2fbc6da53d12fd7b03
p:  197866.14251732395
5d07e12ff3f8b421cefd7b2f
p:  871790.6538856362
5d07e4231a3592d292fd7b42
p:  561043.4937420667
5d0901711d24705599a12eee
p:  695042.170320567
5d07f5b53708bed881fd7bcd
p:  325855.5072861979
5d07f6733708bed881fd7bd3
p:  362413.7620056524
5d083e8b9383f39db9fd7c79
p:  464587.63296344166
5d07e2ee8364cfb040248aa7
p:  516368.1617493809
5d09104ab00c76e4d3a12f18
p:  352371.592055887
5d0799fe3aef37d4d0553f3e
p:  434168.93162659486
5d07e5098364cfb040248ab6
p:  547052.6446874273
5d08018d69c90f3132fd7bd7
p:  285246.8572077508
5d07e2ca1da3e8dc7a248a9b
p:  539308.9298109789
5d08fbb7072e9845d71f6d45
p:  484508.6612964655
5d07f1b03708bed881fd7bc3
p:  232099.8073010712
5d07d471c108c7d724248a80
p:  501760.376020393
5d0907bf1b753472bc1f6d83
p:  824454.8741682454
5d09088c535d7bfa9ba12eeb
p:  238852.6741836408
5d090726b00c76e4d3a12ee7
p:  1165713.54362961
5d07ee62e9b8d1f4befd7b7f
p:  434669.14661887754
5d090fd4b00c76e4d3a12f14
p:  217632.57195665658
5d0900bcd01f3b059f1f6d5a
p:  572766.9528853735
5d07d3293708bed881fd7b17
p:  604223.178106843
5d08fda51d24705599a12edb
p:  304351.0121865758
5d090cf1f29b8bbffb1f6da3
p:  149553.15766320418
5d09055184d36f4c6d1f6d7d
p:  599564.958508123
5d08fbfdf29b8bbffb1f6d42
p:  510743.33968905197
5d08f7c4c716532b94a12ece
p:  601045.3639999994
5d07f2eba28a788588fd7b88
p:  284353.9355341096
5d07e0c9c108c7d724248a9f
p:  394012.07424093696
5d0904d6d01f3b059f1f6d72
p:  397668.958603916
5d08f92ab59a848613a12ecf
p:  823747.8732396372
5d08fd5bc716532b94a12ed3
p:  346152.1770755544
5d07cd56595ea212d9248a73
p:  159557.00187971396
5d080961a28a788588fd7be9
p:  298865.7945561697
5d090cae6c9deed2081f6d92
p:  414118.2808418692
5d090bb784d36f4c6d1f6d94
p:  723084.5439679322
5d07e41eab81ebbdff248ab7
p:  604713.0915602599
5d07f37ce9b8d1f4befd7b97
p:  230303.28163118073
5d090c0e766f29fba01f6d8f
p:  332283.78364572284
5d09050f1d24705599a12ef7
p:  459689.14322861296
5d07fb45f3f8b421cefd7b9a
p:  352216.1592417855
5d07fe79c108c7d724248b0d
p:  533005.0176248581
5d090a061d24705599a12f05
p:  394436.56307329197
5d090da084d36f4c6d1f6d9c
p:  583495.5768554044
5d09035739ce141523a12eed
p:  313459.10952315363
5d07e6f2a28a788588fd7b62
p:  302808.64700571296
5d090d911b753472bc1f6d9d
p:  308060.2355394189
5d07e3a48364cfb040248aaf
p:  371609.8465892739
5d07ec9dc108c7d724248ad4
p:  439966.2192341859
5d090629921408c9441f6d6f
p:  209968.57592751313
5d07fe35a28a788588fd7bb8
p:  508119.3907305483
5d07cff21a3592d292fd7b12
p:  375766.6216760441
5d07fd4e69c90f3132fd7bca
p:  242119.30798152176
5d0904e308448253271f6d82
p:  278512.14505038556
5d07e2977c1d83daee248ab9
p:  438473.0643437058
5d07d16a9d65644a27248a80
p:  278597.9239184383
5d0906920bfb99f7e91f6d71
p:  351577.7969801482
5d09118e08448253271f6ddf
p:  393397.54005319613
5d07fd72a28a788588fd7bb3
p:  520499.09921243973
5d07fbbee9b8d1f4befd7baf
p:  360661.94231511373
5d0903bd7ffaf8e459a12ef3
p:  948154.7130693682
5d07df57e9b8d1f4befd7b40
p:  462461.6127549418
5d07f792e9b8d1f4befd7ba0
p:  313653.1751702119
5d0844f09383f39db9fd7c8c
p:  348231.2409130632
5d090a60072e9845d71f6d8b
p:  272898.6688739035
5d08ffc8921408c9441f6d51
p:  451691.42270549224
5d0901cd1d24705599a12ef0
p:  701205.6835775833
5d08ffadeaf509c71ba12edf
p:  575967.9442713895
5d07eca9e9b8d1f4befd7b6e
p:  408189.7618361064
5d0907bb84d36f4c6d1f6d8e
p:  272012.52444008127
5d07ffacf3f8b421cefd7bb4
p:  322956.0090734584
5d090736b00c76e4d3a12ee8
p:  1510753.8761005467
5d0903b01d24705599a12ef4
p:  398892.33887625893
5d090b551d24705599a12f0b
p:  648058.3951758575
5d08fdf10bfb99f7e91f6d4d
p:  276712.7868409628
5d08fd10072e9845d71f6d4b
p:  657869.1530158746
5d07cf54595ea212d9248a81
p:  193394.14985136501
5d07f3b6a28a788588fd7b91
p:  730747.8036643453
5d07f8dca28a788588fd7b9d
p:  520499.09921243973
5d07cbdb9d357b8da6248a6a
p:  498010.3645973737
5d0908370bfb99f7e91f6d7a
p:  371518.7623035789
5d09046bad5f9e9b4ca12ef6
p:  460137.9953190397
5d08f96c535d7bfa9ba12ecf
p:  599633.6790718412
5d0903ffd01f3b059f1f6d6e
p:  433441.2403575325
5d0904c6921408c9441f6d69
p:  1228429.25070165
5d08fc54d01f3b059f1f6d47
p:  1266261.5027465336
5d07f93569c90f3132fd7b8d
p:  377605.93499930773
5d07d5a99d65644a27248a96
p:  278597.9239184383
5d0907a80bfb99f7e91f6d77
p:  349052.66440151096
5d07a397107e08a7da67a6fc
p:  423660.6379542934
5d090745b00c76e4d3a12ee9
p:  680877.5432841392
5d07e2d88364cfb040248aa5
p:  576836.8181550945
5d0911646c9deed2081f6da9
p:  475094.9687774456
5d09052a1d24705599a12e