/home/testapiuser/HouseApp_2/PricePrediction/VTPrice.py:280: SettingWithCopyWarning: 
A value is trying to be set on a copy of a slice from a DataFrame.
Try using .loc[row_indexer,col_indexer] = value instead

See the caveats in the documentation: http://pandas.pydata.org/pandas-docs/stable/indexing.html#indexing-view-versus-copy
  df2['AreaSpace_SQFT'] = df2['AreaSpace_SQFT'].astype(int)
/home/testapiuser/HouseApp_2/PricePrediction/VTPrice.py:292: SettingWithCopyWarning: 
A value is trying to be set on a copy of a slice from a DataFrame.
Try using .loc[row_indexer,col_indexer] = value instead

See the caveats in the documentation: http://pandas.pydata.org/pandas-docs/stable/indexing.html#indexing-view-versus-copy
  df2['Price'] = z1
/home/testapiuser/HouseApp_2/PricePrediction/VTPrice.py:299: SettingWithCopyWarning: 
A value is trying to be set on a copy of a slice from a DataFrame.
Try using .loc[row_indexer,col_indexer] = value instead

See the caveats in the documentation: http://pandas.pydata.org/pandas-docs/stable/indexing.html#indexing-view-versus-copy
  df2['AreaSpace_SQFT'] = z2
Current date and time: 2020-06-07 15:34:20
Successfully connect to DB.
For ['Addison', 'Bennington', 'Caledonia', 'Chittenden', 'Essex', 'Franklin', 'Grand Isle', 'Lamoille', 'Orange', 'Orleans', 'Rutland', 'Washington', 'Windham', 'Windsor']#################################################################
train score for random_forest: 0.9237542866354185
test score for random_forest: 0.4835733540808138
The mean absolute error is:$ 119651.6186957993
r_Score: 0.5127130199418943
Voting Regressor (in): 0.9214893948819373
Voting Regressor: 0.5127130199418943
5d09be52f184f611416d9888
p:  231342.44076110134
5d0b5b4bf12fac82e26efb5a
p:  340272.8782263224
5d0b5b90f12fac82e26efb5b
p:  209722.97858585944
5d0b6391f12fac82e26efb8f
p:  213432.99710242508
5d0b6d2cf12fac82e26efbbc
p:  216997.17429845443
5d10c2154a916044723cc1d4
p:  237285.6275251833
5d10c2b3c42484339f3cc1df
p:  174142.8401523413
5d10c2f6c42484339f3cc1e1
p:  122353.43349665741
5d10c3270e66b397b63cc1dd
p:  358377.3698952347
5d10c33a0e66b397b63cc1de
p:  356071.71899697825
5d10c38b5e695b58563cc1e8
p:  330510.8170080798
5d10c3965e695b58563cc1e9
p:  375693.38400930207
5d10c3a29794f5b2323cc1e0
p:  84721.15499729887
5d10c3aa5e695b58563cc1ea
p:  411181.5685849205
5d10c3b9af5e956fca3cc1d6
p:  547882.7082430569
5d10c3d0af5e956fca3cc1d7
p:  358459.52457887586
5d10c51ecf93362d193cc1d6
p:  249037.45467713103
5d10c53ec42484339f3cc1ed
p:  204976.6903092962
5d10c553941a5771153cc1d6
p:  418046.23445202166
5d10c56a207ce4ea3a3cc1d9
p:  169646.26340402482
5d10c58c207ce4ea3a3cc1da
p:  211717.79582377005
5d10c5904a916044723cc1e8
p:  181717.54187790048
5d10c59ec42484339f3cc1ee
p:  128935.95703430774
5d10c5cec42484339f3cc1ef
p:  128935.95703430774
5d10c5ff0e66b397b63cc1e9
p:  382653.6487393328
5d10c645941a5771153cc1d7
p:  112867.0455336384
5d10c6f09794f5b2323cc1ec
p:  265883.7651485071
5d10c74bc42484339f3cc1f0
p:  127858.53945897374
5d10c7532ed566e5493cc1dd
p:  232838.50166932237
5d10c79c2ed566e5493cc1de
p:  830760.3482778799
5d10c7c8af5e956fca3cc1e2
p:  312652.96612950834
5d10c7cfca90dfd7023cc1e5
p:  339165.5229220374
5d10c8390e66b397b63cc1ed
p:  269951.07754993887
5d10c846cf93362d193cc1dd
p:  394675.77696866007
5d10c88d207ce4ea3a3cc1e9
p:  318076.9376386631
5d10c8b7941a5771153cc1de
p:  269312.40065177454
5d10c8c0cf93362d193cc1df
p:  389155.12853832054
5d10c8d3ca90dfd7023cc1e9
p:  242086.30079332896
5d10c8fecf93362d193cc1e0
p:  372536.06590268237
5d10c916ca90dfd7023cc1ea
p:  339502.6267222888
5d10c932af5e956fca3cc1e7
p:  517530.6838274751
5d10c9b7cf93362d193cc1e1
p:  453304.7792482475
5d10c9c0cf93362d193cc1e2
p:  411387.22086682497
5d10c9c7cf93362d193cc1e3
p:  353718.91132429114
5d10c9f3af5e956fca3cc1ea
p:  923757.9765610226
5d10c9f9ca90dfd7023cc1ed
p:  221768.63983699697
5d10c9fc5321db98673cc1f1
p:  384002.6637508176
5d10c9fd941a5771153cc1e0
p:  315075.25270063314
5d10ca0d2ed566e5493cc1e3
p:  217133.2728346304
5d10ca105321db98673cc1f2
p:  331569.11977721617
5d10ca195e695b58563cc20a
p:  149988.08998029632
5d10ca34cf93362d193cc1e5
p:  444534.65201819036
5d10ca3acf93362d193cc1e6
p:  399797.0719466355
5d10ca735321db98673cc1f7
p:  207790.47542764194
5d10ca845321db98673cc1f8
p:  216890.06707418908
5d10ca8d4a916044723cc1fe
p:  243966.5694868844
5d10ca964a916044723cc1ff
p:  196730.69012655984
5d10caaa4a916044723cc201
p:  247035.28576793004
5d10cb132ed566e5493cc1e4
p:  237253.2993876291
5d10cb61941a5771153cc1e2
p:  211246.15142297733
5d10cba42ed566e5493cc1e6
p:  278920.41480212874
5d10cbc5941a5771153cc1e4
p:  276831.40504858
5d10cbe9941a5771153cc1e5
p:  319360.09834065754
5d10cc472ed566e5493cc1e9
p:  232576.1184389211
5d10cc55af5e956fca3cc1f3
p:  194111.2943800807
5d10cc7b2ed566e5493cc1ed
p:  359132.467818663
5d10cc805e695b58563cc218
p:  266776.64609264105
5d10cc995e695b58563cc21a
p:  274743.61727612035
5d10cca25e695b58563cc21b
p:  329782.1826431258
5d10ccab5e695b58563cc21c
p:  340901.10732974263
5d10ccc45e695b58563cc21d
p:  386260.81868967216
5d10ccd82ed566e5493cc1ef
p:  402407.40358561795
5d10cd865e695b58563cc221
p:  339661.05373403366
5d10cda9941a5771153cc1e9
p:  186527.07328416937
5d10cdeb5e695b58563cc226
p:  270282.67316266976
5d10ce265e695b58563cc229
p:  208422.44751928005
5d10ce394a916044723cc213
p:  462097.19019788416
5d10cec59794f5b2323cc217
p:  279288.24419553916
5d10cedfcf93362d193cc1fe
p:  187363.55635011254
5d10cf014a916044723cc216
p:  281220.3300729812
5d10cf0f4a916044723cc217
p:  462097.19019788416
5d10cf555e695b58563cc22c
p:  280554.2440552665
5d10cfa1c42484339f3cc217
p:  197261.27104888507
5d10d0569794f5b2323cc21d
p:  195832.530148908
5d10d05d1d525edd023cc221
p:  192255.7395345705
5d10d084c42484339f3cc21e
p:  820240.719233107
5d10d08c941a5771153cc1f2
p:  371649.7944345818
5d10d09b941a5771153cc1f4
p:  371649.7944345818
5d10d0a3c42484339f3cc21f
p:  263663.10718283174
5d10d0c35e695b58563cc233
p:  208578.4329581397
5d10d10e0e66b397b63cc20e
p:  203471.56901353537
5d10d128c42484339f3cc223
p:  241281.6515401272
5d10d3879794f5b2323cc235
p:  223010.34307551372
5d10d616c42484339f3cc238
p:  219976.13106926315
5d10d6719794f5b2323cc243
p:  360178.20446383266
5d10d6950e66b397b63cc21e
p:  527257.8547693726
5d10d6ab2ed566e5493cc21d
p:  324349.75284960563
5d10d6bf2ed566e5493cc21e
p:  208319.12831188523
5d10d6d4c42484339f3cc239
p:  141175.40810215523
5d10d78e5321db98673cc22d
p:  173777.3709907283
5d10d81b9794f5b2323cc257
p:  156904.29149051325
5d10d875c42484339f3cc246
p:  207050.79511018682
5d2ce922aa1ce31ade80b0cb
p:  166472.4566484711
/home/testapiuser/HouseApp_2/PricePrediction/VTPrice.py:280: SettingWithCopyWarning: 
A value is trying to be set on a copy of a slice from a DataFrame.
Try using .loc[row_indexer,col_indexer] = value instead

See the caveats in the documentation: http://pandas.pydata.org/pandas-docs/stable/indexing.html#indexing-view-versus-copy
  df2['AreaSpace_SQFT'] = df2['AreaSpace_SQFT'].astype(int)
/home/testapiuser/HouseApp_2/PricePrediction/VTPrice.py:292: SettingWithCopyWarning: 
A value is trying to be set on a copy of a slice from a DataFrame.
Try using .loc[row_indexer,col_indexer] = value instead

See the caveats in the documentation: http://pandas.pydata.org/pandas-docs/stable/indexing.html#indexing-view-versus-copy
  df2['Price'] = z1
/home/testapiuser/HouseApp_2/PricePrediction/VTPrice.py:299: SettingWithCopyWarning: 
A value is trying to be set on a copy of a slice from a DataFrame.
Try using .loc[row_indexer,col_indexer] = value instead

See the caveats in the documentation: http://pandas.pydata.org/pandas-docs/stable/indexing.html#indexing-view-versus-copy
  df2['AreaSpace_SQFT'] = z2
Current date and time: 2020-06-08 15:34:11
Successfully connect to DB.
For ['Addison', 'Bennington', 'Caledonia', 'Chittenden', 'Essex', 'Franklin', 'Grand Isle', 'Lamoille', 'Orange', 'Orleans', 'Rutland', 'Washington', 'Windham', 'Windsor']#################################################################
train score for random_forest: 0.9243700574615332
test score for random_forest: 0.47537062505786165
The mean absolute error is:$ 118901.91529271138
r_Score: 0.5183856473496335
Voting Regressor (in): 0.9224940950535646
Voting Regressor: 0.5183856473496335
5d09be52f184f611416d9888
p:  236352.53006608385
5d0b5b4bf12fac82e26efb5a
p:  340212.02984685707
5d0b5b90f12fac82e26efb5b
p:  214463.30180810447
5d0b6391f12fac82e26efb8f
p:  206770.2329757001
5d0b6d2cf12fac82e26efbbc
p:  200716.46105546557
5d10c2154a916044723cc1d4
p:  230441.76689623695
5d10c2b3c42484339f3cc1df
p:  170274.0757200072
5d10c2f6c42484339f3cc1e1
p:  126309.28375758542
5d10c3270e66b397b63cc1dd
p:  347539.313427532
5d10c33a0e66b397b63cc1de
p:  344288.0949362607
5d10c38b5e695b58563cc1e8
p:  334040.0918587033
5d10c3965e695b58563cc1e9
p:  360483.73577832535
5d10c3a29794f5b2323cc1e0
p:  84440.83441219555
5d10c3aa5e695b58563cc1ea
p:  406427.90025586425
5d10c3b9af5e956fca3cc1d6
p:  481839.9252770258
5d10c3d0af5e956fca3cc1d7
p:  352282.922078751
5d10c51ecf93362d193cc1d6
p:  237541.50020205608
5d10c53ec42484339f3cc1ed
p:  200533.51267446642
5d10c553941a5771153cc1d6
p:  442014.7622794559
5d10c56a207ce4ea3a3cc1d9
p:  156839.53957067674
5d10c58c207ce4ea3a3cc1da
p:  189270.64965065414
5d10c5904a916044723cc1e8
p:  219427.88983900446
5d10c59ec42484339f3cc1ee
p:  130254.2618598226
5d10c5cec42484339f3cc1ef
p:  130254.2618598226
5d10c5ff0e66b397b63cc1e9
p:  367132.3580997356
5d10c645941a5771153cc1d7
p:  118108.93495884832
5d10c6f09794f5b2323cc1ec
p:  295912.8440373186
5d10c74bc42484339f3cc1f0
p:  122147.92867523148
5d10c7532ed566e5493cc1dd
p:  236213.01355616335
5d10c79c2ed566e5493cc1de
p:  841140.5541308171
5d10c7c8af5e956fca3cc1e2
p:  310912.07987485535
5d10c7cfca90dfd7023cc1e5
p:  350346.93484497676
5d10c8390e66b397b63cc1ed
p:  296100.5237639358
5d10c846cf93362d193cc1dd
p:  380986.09191601136
5d10c88d207ce4ea3a3cc1e9
p:  307205.4019384119
5d10c8b7941a5771153cc1de
p:  253786.38946303597
5d10c8c0cf93362d193cc1df
p:  350665.9923608386
5d10c8d3ca90dfd7023cc1e9
p:  236693.06345291203
5d10c8fecf93362d193cc1e0
p:  411790.78588798014
5d10c916ca90dfd7023cc1ea
p:  342268.0353025721
5d10c932af5e956fca3cc1e7
p:  492483.2054525207
5d10c9b7cf93362d193cc1e1
p:  496873.33544148685
5d10c9c0cf93362d193cc1e2
p:  398214.0068896053
5d10c9c7cf93362d193cc1e3
p:  373634.96027241
5d10c9f3af5e956fca3cc1ea
p:  892758.5411440271
5d10c9f9ca90dfd7023cc1ed
p:  277709.8277072741
5d10c9fc5321db98673cc1f1
p:  377304.504518928
5d10c9fd941a5771153cc1e0
p:  313722.8504618468
5d10ca0d2ed566e5493cc1e3
p:  241625.4360337079
5d10ca105321db98673cc1f2
p:  324459.0323267118
5d10ca195e695b58563cc20a
p:  150419.6036655769
5d10ca34cf93362d193cc1e5
p:  477659.44369876734
5d10ca3acf93362d193cc1e6
p:  421480.700799807
5d10ca735321db98673cc1f7
p:  210339.2849679886
5d10ca845321db98673cc1f8
p:  257423.3879444069
5d10ca8d4a916044723cc1fe
p:  242748.94129463847
5d10ca964a916044723cc1ff
p:  196660.05158941168
5d10caaa4a916044723cc201
p:  269536.78943814896
5d10cb132ed566e5493cc1e4
p:  229374.9238507124
5d10cb61941a5771153cc1e2
p:  226645.326064714
5d10cba42ed566e5493cc1e6
p:  293678.8339302052
5d10cbc5941a5771153cc1e4
p:  290829.41783630016
5d10cbe9941a5771153cc1e5
p:  350257.69494156237
5d10cc472ed566e5493cc1e9
p:  254129.53162867008
5d10cc55af5e956fca3cc1f3
p:  177735.61357839173
5d10cc7b2ed566e5493cc1ed
p:  347899.3356340289
5d10cc805e695b58563cc218
p:  256301.57362627154
5d10cc995e695b58563cc21a
p:  267143.26511032763
5d10cca25e695b58563cc21b
p:  343138.3741620644
5d10ccab5e695b58563cc21c
p:  356560.60200290993
5d10ccc45e695b58563cc21d
p:  403069.3415556736
5d10ccd82ed566e5493cc1ef
p:  407662.5550855391
5d10cd865e695b58563cc221
p:  342367.1579782033
5d10cda9941a5771153cc1e9
p:  183210.024043602
5d10cdeb5e695b58563cc226
p:  288878.855256542
5d10ce265e695b58563cc229
p:  202156.2896333767
5d10ce394a916044723cc213
p:  465254.52706886386
5d10cec59794f5b2323cc217
p:  257792.26232015475
5d10cedfcf93362d193cc1fe
p:  193682.8079523582
5d10cf014a916044723cc216
p:  280429.2573024159
5d10cf0f4a916044723cc217
p:  465254.52706886386
5d10cf555e695b58563cc22c
p:  268613.4697632876
5d10cfa1c42484339f3cc217
p:  210352.87863467232
5d10d0569794f5b2323cc21d
p:  199116.05831259972
5d10d05d1d525edd023cc221
p:  201398.7687308276
5d10d084c42484339f3cc21e
p:  892121.3713144213
5d10d08c941a5771153cc1f2
p:  365856.85444505676
5d10d09b941a5771153cc1f4
p:  365856.85444505676
5d10d0a3c42484339f3cc21f
p:  280653.26984265365
5d10d0c35e695b58563cc233
p:  216695.06767363477
5d10d10e0e66b397b63cc20e
p:  205949.273757815
5d10d128c42484339f3cc223
p:  235865.39174618755
5d10d3879794f5b2323cc235
p:  269344.0958998272
5d10d616c42484339f3cc238
p:  243014.61175986938
5d10d6719794f5b2323cc243
p:  389622.0194872015
5d10d6950e66b397b63cc21e
p:  442548.89544080716
5d10d6ab2ed566e5493cc21d
p:  291811.1890210109
5d10d6bf2ed566e5493cc21e
p:  190547.3150342385
5d10d6d4c42484339f3cc239
p:  137028.136476276
5d10d78e5321db98673cc22d
p:  178312.5661396166
5d10d81b9794f5b2323cc257
p:  156497.46102041155
5d10d875c42484339f3cc246
p:  200374.39825935828
5d2ce922aa1ce31ade80b0cb
p:  153932.91479197532
/home/testapiuser/HouseApp_2/PricePrediction/VTPrice.py:280: SettingWithCopyWarning: 
A value is trying to be set on a copy of a slice from a DataFrame.
Try using .loc[row_indexer,col_indexer] = value instead

See the caveats in the documentation: http://pandas.pydata.org/pandas-docs/stable/indexing.html#indexing-view-versus-copy
  df2['AreaSpace_SQFT'] = df2['AreaSpace_SQFT'].astype(int)
/home/testapiuser/HouseApp_2/PricePrediction/VTPrice.py:292: SettingWithCopyWarning: 
A value is trying to be set on a copy of a slice from a DataFrame.
Try using .loc[row_indexer,col_indexer] = value instead

See the caveats in the documentation: http://pandas.pydata.org/pandas-docs/stable/indexing.html#indexing-view-versus-copy
  df2['Price'] = z1
/home/testapiuser/HouseApp_2/PricePrediction/VTPrice.py:299: SettingWithCopyWarning: 
A value is trying to be set on a copy of a slice from a DataFrame.
Try using .loc[row_indexer,col_indexer] = value instead

See the caveats in the documentation: http://pandas.pydata.org/pandas-docs/stable/indexing.html#indexing-view-versus-copy
  df2['AreaSpace_SQFT'] = z2
Current date and time: 2020-06-09 15:34:11
Successfully connect to DB.
For ['Addison', 'Bennington', 'Caledonia', 'Chittenden', 'Essex', 'Franklin', 'Grand Isle', 'Lamoille', 'Orange', 'Orleans', 'Rutland', 'Washington', 'Windham', 'Windsor']#################################################################
train score for random_forest: 0.9253014506574891
test score for random_forest: 0.4796048420995172
The mean absolute error is:$ 118318.12030335984
r_Score: 0.5214663081610158
Voting Regressor (in): 0.922183817294834
Voting Regressor: 0.5214663081610158
5d09be52f184f611416d9888
p:  240221.20488589656
5d0b5b4bf12fac82e26efb5a
p:  339735.64361097675
5d0b5b90f12fac82e26efb5b
p:  213775.73093870643
5d0b6391f12fac82e26efb8f
p:  204277.2931702681
5d0b6d2cf12fac82e26efbbc
p:  210331.39308936213
5d10c2154a916044723cc1d4
p:  243344.94944301312
5d10c2b3c42484339f3cc1df
p:  171619.964398694
5d10c2f6c42484339f3cc1e1
p:  128430.41278605277
5d10c3270e66b397b63cc1dd
p:  388985.6606667226
5d10c33a0e66b397b63cc1de
p:  390605.31240004976
5d10c38b5e695b58563cc1e8
p:  301384.838197593
5d10c3965e695b58563cc1e9
p:  380223.39172436506
5d10c3a29794f5b2323cc1e0
p:  88432.42001748155
5d10c3aa5e695b58563cc1ea
p:  430836.2892660571
5d10c3b9af5e956fca3cc1d6
p:  529975.3973495748
5d10c3d0af5e956fca3cc1d7
p:  358057.0695840549
5d10c51ecf93362d193cc1d6
p:  262242.34790137864
5d10c53ec42484339f3cc1ed
p:  196448.56650204456
5d10c553941a5771153cc1d6
p:  401339.90022698155
5d10c56a207ce4ea3a3cc1d9
p:  172665.86958614129
5d10c58c207ce4ea3a3cc1da
p:  210340.2324763316
5d10c5904a916044723cc1e8
p:  204368.47713409807
5d10c59ec42484339f3cc1ee
p:  127529.33262007977
5d10c5cec42484339f3cc1ef
p:  127529.33262007977
5d10c5ff0e66b397b63cc1e9
p:  394225.88972337754
5d10c645941a5771153cc1d7
p:  118684.60065768188
5d10c6f09794f5b2323cc1ec
p:  274468.46815087635
5d10c74bc42484339f3cc1f0
p:  135140.16720359062
5d10c7532ed566e5493cc1dd
p:  239875.89498930104
5d10c79c2ed566e5493cc1de
p:  847596.9575991614
5d10c7c8af5e956fca3cc1e2
p:  313740.77599310473
5d10c7cfca90dfd7023cc1e5
p:  355447.90965955425
5d10c8390e66b397b63cc1ed
p:  328977.7177080786
5d10c846cf93362d193cc1dd
p:  399709.1240392276
5d10c88d207ce4ea3a3cc1e9
p:  318886.0820189924
5d10c8b7941a5771153cc1de
p:  264565.58396340127
5d10c8c0cf93362d193cc1df
p:  351279.6861942741
5d10c8d3ca90dfd7023cc1e9
p:  235687.3011990894
5d10c8fecf93362d193cc1e0
p:  379450.45455546404
5d10c916ca90dfd7023cc1ea
p:  349117.26379207143
5d10c932af5e956fca3cc1e7
p:  501680.6614476502
5d10c9b7cf93362d193cc1e1
p:  477621.66552794684
5d10c9c0cf93362d193cc1e2
p:  408676.40881424607
5d10c9c7cf93362d193cc1e3
p:  358183.39710390393
5d10c9f3af5e956fca3cc1ea
p:  1002661.9982179664
5d10c9f9ca90dfd7023cc1ed
p:  240099.0325085868
5d10c9fc5321db98673cc1f1
p:  375801.87206243176
5d10c9fd941a5771153cc1e0
p:  309028.79066561477
5d10ca0d2ed566e5493cc1e3
p:  236789.3840042357
5d10ca105321db98673cc1f2
p:  326466.5447722572
5d10ca195e695b58563cc20a
p:  157147.07417159562
5d10ca34cf93362d193cc1e5
p:  397889.49936384836
5d10ca3acf93362d193cc1e6
p:  421565.5630227778
5d10ca735321db98673cc1f7
p:  201647.84981652937
5d10ca845321db98673cc1f8
p:  263172.973766521
5d10ca8d4a916044723cc1fe
p:  243089.8567350564
5d10ca964a916044723cc1ff
p:  196332.8915754953
5d10caaa4a916044723cc201
p:  257403.95533521083
5d10cb132ed566e5493cc1e4
p:  239600.36159302428
5d10cb61941a5771153cc1e2
p:  209978.97158836963
5d10cba42ed566e5493cc1e6
p:  305900.21256772714
5d10cbc5941a5771153cc1e4
p:  297112.75263177895
5d10cbe9941a5771153cc1e5
p:  351922.12925947504
5d10cc472ed566e5493cc1e9
p:  233904.3882657615
5d10cc55af5e956fca3cc1f3
p:  176241.85531519732
5d10cc7b2ed566e5493cc1ed
p:  367557.06532724306
5d10cc805e695b58563cc218
p:  242308.78756690287
5d10cc995e695b58563cc21a
p:  281777.1126507089
5d10cca25e695b58563cc21b
p:  348262.5972570468
5d10ccab5e695b58563cc21c
p:  316417.16512457
5d10ccc45e695b58563cc21d
p:  336228.18237962277
5d10ccd82ed566e5493cc1ef
p:  399789.8966730416
5d10cd865e695b58563cc221
p:  337402.9689917939
5d10cda9941a5771153cc1e9
p:  186450.63003310055
5d10cdeb5e695b58563cc226
p:  274487.35149667226
5d10ce265e695b58563cc229
p:  214000.31508741854
5d10ce394a916044723cc213
p:  478168.98216331215
5d10cec59794f5b2323cc217
p:  265801.66709247424
5d10cedfcf93362d193cc1fe
p:  176892.15843022137
5d10cf014a916044723cc216
p:  281213.4289364085
5d10cf0f4a916044723cc217
p:  478168.98216331215
5d10cf555e695b58563cc22c
p:  251699.38067676796
5d10cfa1c42484339f3cc217
p:  188779.16777847812
5d10d0569794f5b2323cc21d
p:  190567.80623960652
5d10d05d1d525edd023cc221
p:  187929.78247077635
5d10d084c42484339f3cc21e
p:  866078.4241224215
5d10d08c941a5771153cc1f2
p:  363126.3910606989
5d10d09b941a5771153cc1f4
p:  363126.3910606989
5d10d0a3c42484339f3cc21f
p:  265034.76848748815
5d10d0c35e695b58563cc233
p:  199029.39895637124
5d10d10e0e66b397b63cc20e
p:  201011.63977147877
5d10d128c42484339f3cc223
p:  241093.28882242448
5d10d3879794f5b2323cc235
p:  249377.2934866628
5d10d616c42484339f3cc238
p:  244370.72395610335
5d10d6719794f5b2323cc243
p:  367874.5477781275
5d10d6950e66b397b63cc21e
p:  444376.36180713034
5d10d6ab2ed566e5493cc21d
p:  314019.5652639824
5d10d6bf2ed566e5493cc21e
p:  191479.72470086918
5d10d6d4c42484339f3cc239
p:  134895.54651007365
5d10d78e5321db98673cc22d
p:  163214.09413156495
5d10d81b9794f5b2323cc257
p:  158466.52302842424
5d10d875c42484339f3cc246
p:  204403.5823385708
5d2ce922aa1ce31ade80b0cb
p:  164957.44185722288
/home/testapiuser/HouseApp_2/PricePrediction/VTPrice.py:280: SettingWithCopyWarning: 
A value is trying to be set on a copy of a slice from a DataFrame.
Try using .loc[row_indexer,col_indexer] = value instead

See the caveats in the documentation: http://pandas.pydata.org/pandas-docs/stable/indexing.html#indexing-view-versus-copy
  df2['AreaSpace_SQFT'] = df2['AreaSpace_SQFT'].astype(int)
/home/testapiuser/HouseApp_2/PricePrediction/VTPrice.py:292: SettingWithCopyWarning: 
A value is trying to be set on a copy of a slice from a DataFrame.
Try using .loc[row_indexer,col_indexer] = value instead

See the caveats in the documentation: http://pandas.pydata.org/pandas-docs/stable/indexing.html#indexing-view-versus-copy
  df2['Price'] = z1
/home/testapiuser/HouseApp_2/PricePrediction/VTPrice.py:299: SettingWithCopyWarning: 
A value is trying to be set on a copy of a slice from a DataFrame.
Try using .loc[row_indexer,col_indexer] = value instead

See the caveats in the documentation: http://pandas.pydata.org/pandas-docs/stable/indexing.html#indexing-view-versus-copy
  df2['AreaSpace_SQFT'] = z2
Current date and time: 2020-06-10 15:34:11
Successfully connect to DB.
For ['Addison', 'Bennington', 'Caledonia', 'Chittenden', 'Essex', 'Franklin', 'Grand Isle', 'Lamoille', 'Orange', 'Orleans', 'Rutland', 'Washington', 'Windham', 'Windsor']#################################################################
train score for random_forest: 0.9244162580221175
test score for random_forest: 0.4876173574281586
The mean absolute error is:$ 118901.91529271138
r_Score: 0.5183856473496335
Voting Regressor (in): 0.9224940950535646
Voting Regressor: 0.5183856473496335
5d09be52f184f611416d9888
p:  236352.53006608385
5d0b5b4bf12fac82e26efb5a
p:  340212.02984685707
5d0b5b90f12fac82e26efb5b
p:  214463.30180810447
5d0b6391f12fac82e26efb8f
p:  206770.2329757001
5d0b6d2cf12fac82e26efbbc
p:  200716.46105546557
5d10c2154a916044723cc1d4
p:  230441.76689623695
5d10c2b3c42484339f3cc1df
p:  170274.0757200072
5d10c2f6c42484339f3cc1e1
p:  126309.28375758542
5d10c3270e66b397b63cc1dd
p:  347539.313427532
5d10c33a0e66b397b63cc1de
p:  344288.0949362607
5d10c38b5e695b58563cc1e8
p:  334040.0918587033
5d10c3965e695b58563cc1e9
p:  360483.73577832535
5d10c3a29794f5b2323cc1e0
p:  84440.83441219555
5d10c3aa5e695b58563cc1ea
p:  406427.90025586425
5d10c3b9af5e956fca3cc1d6
p:  481839.9252770258
5d10c3d0af5e956fca3cc1d7
p:  352282.922078751
5d10c51ecf93362d193cc1d6
p:  237541.50020205608
5d10c53ec42484339f3cc1ed
p:  200533.51267446642
5d10c553941a5771153cc1d6
p:  442014.7622794559
5d10c56a207ce4ea3a3cc1d9
p:  156839.53957067674
5d10c58c207ce4ea3a3cc1da
p:  189270.64965065414
5d10c5904a916044723cc1e8
p:  219427.88983900446
5d10c59ec42484339f3cc1ee
p:  130254.2618598226
5d10c5cec42484339f3cc1ef
p:  130254.2618598226
5d10c5ff0e66b397b63cc1e9
p:  367132.3580997356
5d10c645941a5771153cc1d7
p:  118108.93495884832
5d10c6f09794f5b2323cc1ec
p:  295912.8440373186
5d10c74bc42484339f3cc1f0
p:  122147.92867523148
5d10c7532ed566e5493cc1dd
p:  236213.01355616335
5d10c79c2ed566e5493cc1de
p:  841140.5541308171
5d10c7c8af5e956fca3cc1e2
p:  310912.07987485535
5d10c7cfca90dfd7023cc1e5
p:  350346.93484497676
5d10c8390e66b397b63cc1ed
p:  296100.5237639358
5d10c846cf93362d193cc1dd
p:  380986.09191601136
5d10c88d207ce4ea3a3cc1e9
p:  307205.4019384119
5d10c8b7941a5771153cc1de
p:  253786.38946303597
5d10c8c0cf93362d193cc1df
p:  350665.9923608386
5d10c8d3ca90dfd7023cc1e9
p:  236693.06345291203
5d10c8fecf93362d193cc1e0
p:  411790.78588798014
5d10c916ca90dfd7023cc1ea
p:  342268.0353025721
5d10c932af5e956fca3cc1e7
p:  492483.2054525207
5d10c9b7cf93362d193cc1e1
p:  496873.33544148685
5d10c9c0cf93362d193cc1e2
p:  398214.0068896053
5d10c9c7cf93362d193cc1e3
p:  373634.96027241
5d10c9f3af5e956fca3cc1ea
p:  892758.5411440271
5d10c9f9ca90dfd7023cc1ed
p:  277709.8277072741
5d10c9fc5321db98673cc1f1
p:  377304.504518928
5d10c9fd941a5771153cc1e0
p:  313722.8504618468
5d10ca0d2ed566e5493cc1e3
p:  241625.4360337079
5d10ca105321db98673cc1f2
p:  324459.0323267118
5d10ca195e695b58563cc20a
p:  150419.6036655769
5d10ca34cf93362d193cc1e5
p:  477659.44369876734
5d10ca3acf93362d193cc1e6
p:  421480.700799807
5d10ca735321db98673cc1f7
p:  210339.2849679886
5d10ca845321db98673cc1f8
p:  257423.3879444069
5d10ca8d4a916044723cc1fe
p:  242748.94129463847
5d10ca964a916044723cc1ff
p:  196660.05158941168
5d10caaa4a916044723cc201
p:  269536.78943814896
5d10cb132ed566e5493cc1e4
p:  229374.9238507124
5d10cb61941a5771153cc1e2
p:  226645.326064714
5d10cba42ed566e5493cc1e6
p:  293678.8339302052
5d10cbc5941a5771153cc1e4
p:  290829.41783630016
5d10cbe9941a5771153cc1e5
p:  350257.69494156237
5d10cc472ed566e5493cc1e9
p:  254129.53162867008
5d10cc55af5e956fca3cc1f3
p:  177735.61357839173
5d10cc7b2ed566e5493cc1ed
p:  347899.3356340289
5d10cc805e695b58563cc218
p:  256301.57362627154
5d10cc995e695b58563cc21a
p:  267143.26511032763
5d10cca25e695b58563cc21b
p:  343138.3741620644
5d10ccab5e695b58563cc21c
p:  356560.60200290993
5d10ccc45e695b58563cc21d
p:  403069.3415556736
5d10ccd82ed566e5493cc1ef
p:  407662.5550855391
5d10cd865e695b58563cc221
p:  342367.1579782033
5d10cda9941a5771153cc1e9
p:  183210.024043602
5d10cdeb5e695b58563cc226
p:  288878.855256542
5d10ce265e695b58563cc229
p:  202156.2896333767
5d10ce394a916044723cc213
p:  465254.52706886386
5d10cec59794f5b2323cc217
p:  257792.26232015475
5d10cedfcf93362d193cc1fe
p:  193682.8079523582
5d10cf014a916044723cc216
p:  280429.2573024159
5d10cf0f4a916044723cc217
p:  465254.52706886386
5d10cf555e695b58563cc22c
p:  268613.4697632876
5d10cfa1c42484339f3cc217
p:  210352.87863467232
5d10d0569794f5b2323cc21d
p:  199116.05831259972
5d10d05d1d525edd023cc221
p:  201398.7687308276
5d10d084c42484339f3cc21e
p:  892121.3713144213
5d10d08c941a5771153cc1f2
p:  365856.85444505676
5d10d09b941a5771153cc1f4
p:  365856.85444505676
5d10d0a3c42484339f3cc21f
p:  280653.26984265365
5d10d0c35e695b58563cc233
p:  216695.06767363477
5d10d10e0e66b397b63cc20e
p:  205949.273757815
5d10d128c42484339f3cc223
p:  235865.39174618755
5d10d3879794f5b2323cc235
p:  269344.0958998272
5d10d616c42484339f3cc238
p:  243014.61175986938
5d10d6719794f5b2323cc243
p:  389622.0194872015
5d10d6950e66b397b63cc21e
p:  442548.89544080716
5d10d6ab2ed566e5493cc21d
p:  291811.1890210109
5d10d6bf2ed566e5493cc21e
p:  190547.3150342385
5d10d6d4c42484339f3cc239
p:  137028.136476276
5d10d78e5321db98673cc22d
p:  178312.5661396166
5d10d81b9794f5b2323cc257
p:  156497.46102041155
5d10d875c42484339f3cc246
p:  200374.39825935828
5d2ce922aa1ce31ade80b0cb
p:  153932.91479197532
/home/testapiuser/HouseApp_2/PricePrediction/VTPrice.py:280: SettingWithCopyWarning: 
A value is trying to be set on a copy of a slice from a DataFrame.
Try using .loc[row_indexer,col_indexer] = value instead

See the caveats in the documentation: http://pandas.pydata.org/pandas-docs/stable/indexing.html#indexing-view-versus-copy
  df2['AreaSpace_SQFT'] = df2['AreaSpace_SQFT'].astype(int)
/home/testapiuser/HouseApp_2/PricePrediction/VTPrice.py:292: SettingWithCopyWarning: 
A value is trying to be set on a copy of a slice from a DataFrame.
Try using .loc[row_indexer,col_indexer] = value instead

See the caveats in the documentation: http://pandas.pydata.org/pandas-docs/stable/indexing.html#indexing-view-versus-copy
  df2['Price'] = z1
/home/testapiuser/HouseApp_2/PricePrediction/VTPrice.py:299: SettingWithCopyWarning: 
A value is trying to be set on a copy of a slice from a DataFrame.
Try using .loc[row_indexer,col_indexer] = value instead

See the caveats in the documentation: http://pandas.pydata.org/pandas-docs/stable/indexing.html#indexing-view-versus-copy
  df2['AreaSpace_SQFT'] = z2
Current date and time: 2020-06-11 15:34:11
Successfully connect to DB.
For ['Addison', 'Bennington', 'Caledonia', 'Chittenden', 'Essex', 'Franklin', 'Grand Isle', 'Lamoille', 'Orange', 'Orleans', 'Rutland', 'Washington', 'Windham', 'Windsor']#################################################################
train score for random_forest: 0.9241457987120681
test score for random_forest: 0.48623977682075836
The mean absolute error is:$ 118318.12030335984
r_Score: 0.5214663081610158
Voting Regressor (in): 0.922183817294834
Voting Regressor: 0.5214663081610158
5d09be52f184f611416d9888
p:  240221.20488589656
5d0b5b4bf12fac82e26efb5a
p:  339735.64361097675
5d0b5b90f12fac82e26efb5b
p:  213775.73093870643
5d0b6391f12fac82e26efb8f
p:  204277.2931702681
5d0b6d2cf12fac82e26efbbc
p:  210331.39308936213
5d10c2154a916044723cc1d4
p:  243344.94944301312
5d10c2b3c42484339f3cc1df
p:  171619.964398694
5d10c2f6c42484339f3cc1e1
p:  128430.41278605277
5d10c3270e66b397b63cc1dd
p:  388985.6606667226
5d10c33a0e66b397b63cc1de
p:  390605.31240004976
5d10c38b5e695b58563cc1e8
p:  301384.838197593
5d10c3965e695b58563cc1e9
p:  380223.39172436506
5d10c3a29794f5b2323cc1e0
p:  88432.42001748155
5d10c3aa5e695b58563cc1ea
p:  430836.2892660571
5d10c3b9af5e956fca3cc1d6
p:  529975.3973495748
5d10c3d0af5e956fca3cc1d7
p:  358057.0695840549
5d10c51ecf93362d193cc1d6
p:  262242.34790137864
5d10c53ec42484339f3cc1ed
p:  196448.56650204456
5d10c553941a5771153cc1d6
p:  401339.90022698155
5d10c56a207ce4ea3a3cc1d9
p:  172665.86958614129
5d10c58c207ce4ea3a3cc1da
p:  210340.2324763316
5d10c5904a916044723cc1e8
p:  204368.47713409807
5d10c59ec42484339f3cc1ee
p:  127529.33262007977
5d10c5cec42484339f3cc1ef
p:  127529.33262007977
5d10c5ff0e66b397b63cc1e9
p:  394225.88972337754
5d10c645941a5771153cc1d7
p:  118684.60065768188
5d10c6f09794f5b2323cc1ec
p:  274468.46815087635
5d10c74bc42484339f3cc1f0
p:  135140.16720359062
5d10c7532ed566e5493cc1dd
p:  239875.89498930104
5d10c79c2ed566e5493cc1de
p:  847596.9575991614
5d10c7c8af5e956fca3cc1e2
p:  313740.77599310473
5d10c7cfca90dfd7023cc1e5
p:  355447.90965955425
5d10c8390e66b397b63cc1ed
p:  328977.7177080786
5d10c846cf93362d193cc1dd
p:  399709.1240392276
5d10c88d207ce4ea3a3cc1e9
p:  318886.0820189924
5d10c8b7941a5771153cc1de
p:  264565.58396340127
5d10c8c0cf93362d193cc1df
p:  351279.6861942741
5d10c8d3ca90dfd7023cc1e9
p:  235687.3011990894
5d10c8fecf93362d193cc1e0
p:  379450.45455546404
5d10c916ca90dfd7023cc1ea
p:  349117.26379207143
5d10c932af5e956fca3cc1e7
p:  501680.6614476502
5d10c9b7cf93362d193cc1e1
p:  477621.66552794684
5d10c9c0cf93362d193cc1e2
p:  408676.40881424607
5d10c9c7cf93362d193cc1e3
p:  358183.39710390393
5d10c9f3af5e956fca3cc1ea
p:  1002661.9982179664
5d10c9f9ca90dfd7023cc1ed
p:  240099.0325085868
5d10c9fc5321db98673cc1f1
p:  375801.87206243176
5d10c9fd941a5771153cc1e0
p:  309028.79066561477
5d10ca0d2ed566e5493cc1e3
p:  236789.3840042357
5d10ca105321db98673cc1f2
p:  326466.5447722572
5d10ca195e695b58563cc20a
p:  157147.07417159562
5d10ca34cf93362d193cc1e5
p:  397889.49936384836
5d10ca3acf93362d193cc1e6
p:  421565.5630227778
5d10ca735321db98673cc1f7
p:  201647.84981652937
5d10ca845321db98673cc1f8
p:  263172.973766521
5d10ca8d4a916044723cc1fe
p:  243089.8567350564
5d10ca964a916044723cc1ff
p:  196332.8915754953
5d10caaa4a916044723cc201
p:  257403.95533521083
5d10cb132ed566e5493cc1e4
p:  239600.36159302428
5d10cb61941a5771153cc1e2
p:  209978.97158836963
5d10cba42ed566e5493cc1e6
p:  305900.21256772714
5d10cbc5941a5771153cc1e4
p:  297112.75263177895
5d10cbe9941a5771153cc1e5
p:  351922.12925947504
5d10cc472ed566e5493cc1e9
p:  233904.3882657615
5d10cc55af5e956fca3cc1f3
p:  176241.85531519732
5d10cc7b2ed566e5493cc1ed
p:  367557.06532724306
5d10cc805e695b58563cc218
p:  242308.78756690287
5d10cc995e695b58563cc21a
p:  281777.1126507089
5d10cca25e695b58563cc21b
p:  348262.5972570468
5d10ccab5e695b58563cc21c
p:  316417.16512457
5d10ccc45e695b58563cc21d
p:  336228.18237962277
5d10ccd82ed566e5493cc1ef
p:  399789.8966730416
5d10cd865e695b58563cc221
p:  337402.9689917939
5d10cda9941a5771153cc1e9
p:  186450.63003310055
5d10cdeb5e695b58563cc226
p:  274487.35149667226
5d10ce265e695b58563cc229
p:  214000.31508741854
5d10ce394a916044723cc213
p:  478168.98216331215
5d10cec59794f5b2323cc217
p:  265801.66709247424
5d10cedfcf93362d193cc1fe
p:  176892.15843022137
5d10cf014a916044723cc216
p:  281213.4289364085
5d10cf0f4a916044723cc217
p:  478168.98216331215
5d10cf555e695b58563cc22c
p:  251699.38067676796
5d10cfa1c42484339f3cc217
p:  188779.16777847812
5d10d0569794f5b2323cc21d
p:  190567.80623960652
5d10d05d1d525edd023cc221
p:  187929.78247077635
5d10d084c42484339f3cc21e
p:  866078.4241224215
5d10d08c941a5771153cc1f2
p:  363126.3910606989
5d10d09b941a5771153cc1f4
p:  363126.3910606989
5d10d0a3c42484339f3cc21f
p:  265034.76848748815
5d10d0c35e695b58563cc233
p:  199029.39895637124
5d10d10e0e66b397b63cc20e
p:  201011.63977147877
5d10d128c42484339f3cc223
p:  241093.28882242448
5d10d3879794f5b2323cc235
p:  249377.2934866628
5d10d616c42484339f3cc238
p:  244370.72395610335
5d10d6719794f5b2323cc243
p:  367874.5477781275
5d10d6950e66b397b63cc21e
p:  444376.36180713034
5d10d6ab2ed566e5493cc21d
p:  314019.5652639824
5d10d6bf2ed566e5493cc21e
p:  191479.72470086918
5d10d6d4c42484339f3cc239
p:  134895.54651007365
5d10d78e5321db98673cc22d
p:  163214.09413156495
5d10d81b9794f5b2323cc257
p:  158466.52302842424
5d10d875c42484339f3cc246
p:  204403.5823385708
5d2ce922aa1ce31ade80b0cb
p:  164957.44185722288
/home/testapiuser/HouseApp_2/PricePrediction/VTPrice.py:280: SettingWithCopyWarning: 
A value is trying to be set on a copy of a slice from a DataFrame.
Try using .loc[row_indexer,col_indexer] = value instead

See the caveats in the documentation: http://pandas.pydata.org/pandas-docs/stable/indexing.html#indexing-view-versus-copy
  df2['AreaSpace_SQFT'] = df2['AreaSpace_SQFT'].astype(int)
/home/testapiuser/HouseApp_2/PricePrediction/VTPrice.py:292: SettingWithCopyWarning: 
A value is trying to be set on a copy of a slice from a DataFrame.
Try using .loc[row_indexer,col_indexer] = value instead

See the caveats in the documentation: http://pandas.pydata.org/pandas-docs/stable/indexing.html#indexing-view-versus-copy
  df2['Price'] = z1
/home/testapiuser/HouseApp_2/PricePrediction/VTPrice.py:299: SettingWithCopyWarning: 
A value is trying to be set on a copy of a slice from a DataFrame.
Try using .loc[row_indexer,col_indexer] = value instead

See the caveats in the documentation: http://pandas.pydata.org/pandas-docs/stable/indexing.html#indexing-view-versus-copy
  df2['AreaSpace_SQFT'] = z2
Current date and time: 2020-06-12 15:34:10
Successfully connect to DB.
For ['Addison', 'Bennington', 'Caledonia', 'Chittenden', 'Essex', 'Franklin', 'Grand Isle', 'Lamoille', 'Orange', 'Orleans', 'Rutland', 'Washington', 'Windham', 'Windsor']#################################################################
train score for random_forest: 0.9269637168528564
test score for random_forest: 0.48816401793244973
The mean absolute error is:$ 119345.07122262729
r_Score: 0.5081498653428429
Voting Regressor (in): 0.9221685491959919
Voting Regressor: 0.5081498653428429
5d09be52f184f611416d9888
p:  215711.60190409556
5d0b5b4bf12fac82e26efb5a
p:  339484.58548829285
5d0b5b90f12fac82e26efb5b
p:  197458.3937091845
5d0b6391f12fac82e26efb8f
p:  222603.61750541336
5d0b6d2cf12fac82e26efbbc
p:  208840.46165878384
5d10c2154a916044723cc1d4
p:  248730.78578772128
5d10c2b3c42484339f3cc1df
p:  176090.12422193168
5d10c2f6c42484339f3cc1e1
p:  117722.28754014324
5d10c3270e66b397b63cc1dd
p:  349423.2657224577
5d10c33a0e66b397b63cc1de
p:  359573.50885032176
5d10c38b5e695b58563cc1e8
p:  324594.88059181115
5d10c3965e695b58563cc1e9
p:  388243.2652427441
5d10c3a29794f5b2323cc1e0
p:  80046.7683558689
5d10c3aa5e695b58563cc1ea
p:  436187.81413133454
5d10c3b9af5e956fca3cc1d6
p:  508892.78811061627
5d10c3d0af5e956fca3cc1d7
p:  353818.3551038166
5d10c51ecf93362d193cc1d6
p:  224644.37101577324
5d10c53ec42484339f3cc1ed
p:  200311.0437450761
5d10c553941a5771153cc1d6
p:  411738.7868048786
5d10c56a207ce4ea3a3cc1d9
p:  156388.60732828782
5d10c58c207ce4ea3a3cc1da
p:  199788.25951076986
5d10c5904a916044723cc1e8
p:  192291.26408771635
5d10c59ec42484339f3cc1ee
p:  125131.5001744749
5d10c5cec42484339f3cc1ef
p:  125131.5001744749
5d10c5ff0e66b397b63cc1e9
p:  360097.2635583053
5d10c645941a5771153cc1d7
p:  115360.74501689078
5d10c6f09794f5b2323cc1ec
p:  287286.31117015006
5d10c74bc42484339f3cc1f0
p:  128810.7104157468
5d10c7532ed566e5493cc1dd
p:  239296.7166410492
5d10c79c2ed566e5493cc1de
p:  838468.1029484959
5d10c7c8af5e956fca3cc1e2
p:  317930.59624276735
5d10c7cfca90dfd7023cc1e5
p:  348414.46364001103
5d10c8390e66b397b63cc1ed
p:  312111.8649857555
5d10c846cf93362d193cc1dd
p:  387523.15208532393
5d10c88d207ce4ea3a3cc1e9
p:  328104.00785304705
5d10c8b7941a5771153cc1de
p:  263481.6238054291
5d10c8c0cf93362d193cc1df
p:  364723.5457066891
5d10c8d3ca90dfd7023cc1e9
p:  229884.83153542853
5d10c8fecf93362d193cc1e0
p:  397415.20616217074
5d10c916ca90dfd7023cc1ea
p:  360482.52764679655
5d10c932af5e956fca3cc1e7
p:  488914.0116285209
5d10c9b7cf93362d193cc1e1
p:  475626.89517990686
5d10c9c0cf93362d193cc1e2
p:  386573.83907240524
5d10c9c7cf93362d193cc1e3
p:  335758.0878209274
5d10c9f3af5e956fca3cc1ea
p:  894246.2527963812
5d10c9f9ca90dfd7023cc1ed
p:  268070.5667517016
5d10c9fc5321db98673cc1f1
p:  372720.6003537177
5d10c9fd941a5771153cc1e0
p:  320970.6550100885
5d10ca0d2ed566e5493cc1e3
p:  229186.6124716885
5d10ca105321db98673cc1f2
p:  332498.9493273627
5d10ca195e695b58563cc20a
p:  149788.46333735288
5d10ca34cf93362d193cc1e5
p:  434246.0546389804
5d10ca3acf93362d193cc1e6
p:  377546.59523262223
5d10ca735321db98673cc1f7
p:  212755.5437659644
5d10ca845321db98673cc1f8
p:  256676.31030714212
5d10ca8d4a916044723cc1fe
p:  243229.3053872091
5d10ca964a916044723cc1ff
p:  195251.3765021743
5d10caaa4a916044723cc201
p:  247332.92108077137
5d10cb132ed566e5493cc1e4
p:  221842.86197999632
5d10cb61941a5771153cc1e2
p:  206439.21194783156
5d10cba42ed566e5493cc1e6
p:  327927.0743596621
5d10cbc5941a5771153cc1e4
p:  292485.2582865474
5d10cbe9941a5771153cc1e5
p:  344415.92815443367
5d10cc472ed566e5493cc1e9
p:  233605.93934881507
5d10cc55af5e956fca3cc1f3
p:  186205.70329568477
5d10cc7b2ed566e5493cc1ed
p:  383842.41309577477
5d10cc805e695b58563cc218
p:  237573.70361952423
5d10cc995e695b58563cc21a
p:  278136.30510463606
5d10cca25e695b58563cc21b
p:  339170.2904787463
5d10ccab5e695b58563cc21c
p:  355372.3790338615
5d10ccc45e695b58563cc21d
p:  390197.64132805297
5d10ccd82ed566e5493cc1ef
p:  392588.0169443849
5d10cd865e695b58563cc221
p:  309070.2113211941
5d10cda9941a5771153cc1e9
p:  182509.76977871603
5d10cdeb5e695b58563cc226
p:  276012.8643350502
5d10ce265e695b58563cc229
p:  208309.56488826626
5d10ce394a916044723cc213
p:  462702.1917555332
5d10cec59794f5b2323cc217
p:  251055.14952263565
5d10cedfcf93362d193cc1fe
p:  185183.98265561476
5d10cf014a916044723cc216
p:  279346.4950308357
5d10cf0f4a916044723cc217
p:  462702.1917555332
5d10cf555e695b58563cc22c
p:  244338.82750196834
5d10cfa1c42484339f3cc217
p:  191083.9143083105
5d10d0569794f5b2323cc21d
p:  205763.61052560632
5d10d05d1d525edd023cc221
p:  189358.5306511629
5d10d084c42484339f3cc21e
p:  800479.6020327937
5d10d08c941a5771153cc1f2
p:  340017.747306018
5d10d09b941a5771153cc1f4
p:  340017.747306018
5d10d0a3c42484339f3cc21f
p:  265649.04232071055
5d10d0c35e695b58563cc233
p:  194844.1113334489
5d10d10e0e66b397b63cc20e
p:  200528.79386584507
5d10d128c42484339f3cc223
p:  248729.62014041428
5d10d3879794f5b2323cc235
p:  208708.98073883058
5d10d616c42484339f3cc238
p:  260213.5640437017
5d10d6719794f5b2323cc243
p:  356778.75295355846
5d10d6950e66b397b63cc21e
p:  467751.97552230355
5d10d6ab2ed566e5493cc21d
p:  311884.29780452943
5d10d6bf2ed566e5493cc21e
p:  200641.81191256
5d10d6d4c42484339f3cc239
p:  128091.68828797937
5d10d78e5321db98673cc22d
p:  166048.35557542508
5d10d81b9794f5b2323cc257
p:  156218.33894436818
5d10d875c42484339f3cc246
p:  212025.15532450224
5d2ce922aa1ce31ade80b0cb
p:  162822.66443666886
/home/testapiuser/HouseApp_2/PricePrediction/VTPrice.py:280: SettingWithCopyWarning: 
A value is trying to be set on a copy of a slice from a DataFrame.
Try using .loc[row_indexer,col_indexer] = value instead

See the caveats in the documentation: http://pandas.pydata.org/pandas-docs/stable/indexing.html#indexing-view-versus-copy
  df2['AreaSpace_SQFT'] = df2['AreaSpace_SQFT'].astype(int)
/home/testapiuser/HouseApp_2/PricePrediction/VTPrice.py:292: SettingWithCopyWarning: 
A value is trying to be set on a copy of a slice from a DataFrame.
Try using .loc[row_indexer,col_indexer] = value instead

See the caveats in the documentation: http://pandas.pydata.org/pandas-docs/stable/indexing.html#indexing-view-versus-copy
  df2['Price'] = z1
/home/testapiuser/HouseApp_2/PricePrediction/VTPrice.py:299: SettingWithCopyWarning: 
A value is trying to be set on a copy of a slice from a DataFrame.
Try using .loc[row_indexer,col_indexer] = value instead

See the caveats in the documentation: http://pandas.pydata.org/pandas-docs/stable/indexing.html#indexing-view-versus-copy
  df2['AreaSpace_SQFT'] = z2
Current date and time: 2020-06-13 15:34:10
Successfully connect to DB.
For ['Addison', 'Bennington', 'Caledonia', 'Chittenden', 'Essex', 'Franklin', 'Grand Isle', 'Lamoille', 'Orange', 'Orleans', 'Rutland', 'Washington', 'Windham', 'Windsor']#################################################################
train score for random_forest: 0.92578276771601
test score for random_forest: 0.48407036192451547
The mean absolute error is:$ 119345.07122262729
r_Score: 0.5081498653428429
Voting Regressor (in): 0.9221685491959919
Voting Regressor: 0.5081498653428429
5d09be52f184f611416d9888
p:  215711.60190409556
5d0b5b4bf12fac82e26efb5a
p:  339484.58548829285
5d0b5b90f12fac82e26efb5b
p:  197458.3937091845
5d0b6391f12fac82e26efb8f
p:  222603.61750541336
5d0b6d2cf12fac82e26efbbc
p:  208840.46165878384
5d10c2154a916044723cc1d4
p:  248730.78578772128
5d10c2b3c42484339f3cc1df
p:  176090.12422193168
5d10c2f6c42484339f3cc1e1
p:  117722.28754014324
5d10c3270e66b397b63cc1dd
p:  349423.2657224577
5d10c33a0e66b397b63cc1de
p:  359573.50885032176
5d10c38b5e695b58563cc1e8
p:  324594.88059181115
5d10c3965e695b58563cc1e9
p:  388243.2652427441
5d10c3a29794f5b2323cc1e0
p:  80046.7683558689
5d10c3aa5e695b58563cc1ea
p:  436187.81413133454
5d10c3b9af5e956fca3cc1d6
p:  508892.78811061627
5d10c3d0af5e956fca3cc1d7
p:  353818.3551038166
5d10c51ecf93362d193cc1d6
p:  224644.37101577324
5d10c53ec42484339f3cc1ed
p:  200311.0437450761
5d10c553941a5771153cc1d6
p:  411738.7868048786
5d10c56a207ce4ea3a3cc1d9
p:  156388.60732828782
5d10c58c207ce4ea3a3cc1da
p:  199788.25951076986
5d10c5904a916044723cc1e8
p:  192291.26408771635
5d10c59ec42484339f3cc1ee
p:  125131.5001744749
5d10c5cec42484339f3cc1ef
p:  125131.5001744749
5d10c5ff0e66b397b63cc1e9
p:  360097.2635583053
5d10c645941a5771153cc1d7
p:  115360.74501689078
5d10c6f09794f5b2323cc1ec
p:  287286.31117015006
5d10c74bc42484339f3cc1f0
p:  128810.7104157468
5d10c7532ed566e5493cc1dd
p:  239296.7166410492
5d10c79c2ed566e5493cc1de
p:  838468.1029484959
5d10c7c8af5e956fca3cc1e2
p:  317930.59624276735
5d10c7cfca90dfd7023cc1e5
p:  348414.46364001103
5d10c8390e66b397b63cc1ed
p:  312111.8649857555
5d10c846cf93362d193cc1dd
p:  387523.15208532393
5d10c88d207ce4ea3a3cc1e9
p:  328104.00785304705
5d10c8b7941a5771153cc1de
p:  263481.6238054291
5d10c8c0cf93362d193cc1df
p:  364723.5457066891
5d10c8d3ca90dfd7023cc1e9
p:  229884.83153542853
5d10c8fecf93362d193cc1e0
p:  397415.20616217074
5d10c916ca90dfd7023cc1ea
p:  360482.52764679655
5d10c932af5e956fca3cc1e7
p:  488914.0116285209
5d10c9b7cf93362d193cc1e1
p:  475626.89517990686
5d10c9c0cf93362d193cc1e2
p:  386573.83907240524
5d10c9c7cf93362d193cc1e3
p:  335758.0878209274
5d10c9f3af5e956fca3cc1ea
p:  894246.2527963812
5d10c9f9ca90dfd7023cc1ed
p:  268070.5667517016
5d10c9fc5321db98673cc1f1
p:  372720.6003537177
5d10c9fd941a5771153cc1e0
p:  320970.6550100885
5d10ca0d2ed566e5493cc1e3
p:  229186.6124716885
5d10ca105321db98673cc1f2
p:  332498.9493273627
5d10ca195e695b58563cc20a
p:  149788.46333735288
5d10ca34cf93362d193cc1e5
p:  434246.0546389804
5d10ca3acf93362d193cc1e6
p:  377546.59523262223
5d10ca735321db98673cc1f7
p:  212755.5437659644
5d10ca845321db98673cc1f8
p:  256676.31030714212
5d10ca8d4a916044723cc1fe
p:  243229.3053872091
5d10ca964a916044723cc1ff
p:  195251.3765021743
5d10caaa4a916044723cc201
p:  247332.92108077137
5d10cb132ed566e5493cc1e4
p:  221842.86197999632
5d10cb61941a5771153cc1e2
p:  206439.21194783156
5d10cba42ed566e5493cc1e6
p:  327927.0743596621
5d10cbc5941a5771153cc1e4
p:  292485.2582865474
5d10cbe9941a5771153cc1e5
p:  344415.92815443367
5d10cc472ed566e5493cc1e9
p:  233605.93934881507
5d10cc55af5e956fca3cc1f3
p:  186205.70329568477
5d10cc7b2ed566e5493cc1ed
p:  383842.41309577477
5d10cc805e695b58563cc218
p:  237573.70361952423
5d10cc995e695b58563cc21a
p:  278136.30510463606
5d10cca25e695b58563cc21b
p:  339170.2904787463
5d10ccab5e695b58563cc21c
p:  355372.3790338615
5d10ccc45e695b58563cc21d
p:  390197.64132805297
5d10ccd82ed566e5493cc1ef
p:  392588.0169443849
5d10cd865e695b58563cc221
p:  309070.2113211941
5d10cda9941a5771153cc1e9
p:  182509.76977871603
5d10cdeb5e695b58563cc226
p:  276012.8643350502
5d10ce265e695b58563cc229
p:  208309.56488826626
5d10ce394a916044723cc213
p:  462702.1917555332
5d10cec59794f5b2323cc217
p:  251055.14952263565
5d10cedfcf93362d193cc1fe
p:  185183.98265561476
5d10cf014a916044723cc216
p:  279346.4950308357
5d10cf0f4a916044723cc217
p:  462702.1917555332
5d10cf555e695b58563cc22c
p:  244338.82750196834
5d10cfa1c42484339f3cc217
p:  191083.9143083105
5d10d0569794f5b2323cc21d
p:  205763.61052560632
5d10d05d1d525edd023cc221
p:  189358.5306511629
5d10d084c42484339f3cc21e
p:  800479.6020327937
5d10d08c941a5771153cc1f2
p:  340017.747306018
5d10d09b941a5771153cc1f4
p:  340017.747306018
5d10d0a3c42484339f3cc21f
p:  265649.04232071055
5d10d0c35e695b58563cc233
p:  194844.1113334489
5d10d10e0e66b397b63cc20e
p:  200528.79386584507
5d10d128c42484339f3cc223
p:  248729.62014041428
5d10d3879794f5b2323cc235
p:  208708.98073883058
5d10d616c42484339f3cc238
p:  260213.5640437017
5d10d6719794f5b2323cc243
p:  356778.75295355846
5d10d6950e66b397b63cc21e
p:  467751.97552230355
5d10d6ab2ed566e5493cc21d
p:  311884.29780452943
5d10d6bf2ed566e5493cc21e
p:  200641.81191256
5d10d6d4c42484339f3cc239
p:  128091.68828797937
5d10d78e5321db98673cc22d
p:  166048.35557542508
5d10d81b9794f5b2323cc257
p:  156218.33894436818
5d10d875c42484339f3cc246
p:  212025.15532450224
5d2ce922aa1ce31ade80b0cb
p:  162822.66443666886
/home/testapiuser/HouseApp_2/PricePrediction/VTPrice.py:280: SettingWithCopyWarning: 
A value is trying to be set on a copy of a slice from a DataFrame.
Try using .loc[row_indexer,col_indexer] = value instead

See the caveats in the documentation: http://pandas.pydata.org/pandas-docs/stable/indexing.html#indexing-view-versus-copy
  df2['AreaSpace_SQFT'] = df2['AreaSpace_SQFT'].astype(int)
/home/testapiuser/HouseApp_2/PricePrediction/VTPrice.py:292: SettingWithCopyWarning: 
A value is trying to be set on a copy of a slice from a DataFrame.
Try using .loc[row_indexer,col_indexer] = value instead

See the caveats in the documentation: http://pandas.pydata.org/pandas-docs/stable/indexing.html#indexing-view-versus-copy
  df2['Price'] = z1
/home/testapiuser/HouseApp_2/PricePrediction/VTPrice.py:299: SettingWithCopyWarning: 
A value is trying to be set on a copy of a slice from a DataFrame.
Try using .loc[row_indexer,col_indexer] = value instead

See the caveats in the documentation: http://pandas.pydata.org/pandas-docs/stable/indexing.html#indexing-view-versus-copy
  df2['AreaSpace_SQFT'] = z2
Current date and time: 2020-06-14 15:34:11
Successfully connect to DB.
For ['Addison', 'Bennington', 'Caledonia', 'Chittenden', 'Essex', 'Franklin', 'Grand Isle', 'Lamoille', 'Orange', 'Orleans', 'Rutland', 'Washington', 'Windham', 'Windsor']#################################################################
train score for random_forest: 0.922494274765252
test score for random_forest: 0.47577355988034703
The mean absolute error is:$ 120070.53263434138
r_Score: 0.5038572568420757
Voting Regressor (in): 0.9220610218008085
Voting Regressor: 0.5038572568420757
5d09be52f184f611416d9888
p:  236832.77080267662
5d0b5b4bf12fac82e26efb5a
p:  340361.1923781063
5d0b5b90f12fac82e26efb5b
p:  208908.19195681062
5d0b6391f12fac82e26efb8f
p:  217410.75761479983
5d0b6d2cf12fac82e26efbbc
p:  221669.51764285116
5d10c2154a916044723cc1d4
p:  237972.24154715336
5d10c2b3c42484339f3cc1df
p:  182686.62499955582
5d10c2f6c42484339f3cc1e1
p:  126884.2076785379
5d10c3270e66b397b63cc1dd
p:  383554.2419817082
5d10c33a0e66b397b63cc1de
p:  364777.78145278606
5d10c38b5e695b58563cc1e8
p:  330698.28564350423
5d10c3965e695b58563cc1e9
p:  387333.22559568123
5d10c3a29794f5b2323cc1e0
p:  85943.70717527177
5d10c3aa5e695b58563cc1ea
p:  419331.8123335466
5d10c3b9af5e956fca3cc1d6
p:  548927.7190369007
5d10c3d0af5e956fca3cc1d7
p:  352332.8020884007
5d10c51ecf93362d193cc1d6
p:  236174.05606354092
5d10c53ec42484339f3cc1ed
p:  206319.8864956458
5d10c553941a5771153cc1d6
p:  360717.9203071268
5d10c56a207ce4ea3a3cc1d9
p:  168794.06991914034
5d10c58c207ce4ea3a3cc1da
p:  189586.03696551448
5d10c5904a916044723cc1e8
p:  206190.4631426206
5d10c59ec42484339f3cc1ee
p:  130698.79073910305
5d10c5cec42484339f3cc1ef
p:  130698.79073910305
5d10c5ff0e66b397b63cc1e9
p:  355907.1458052455
5d10c645941a5771153cc1d7
p:  123576.075221476
5d10c6f09794f5b2323cc1ec
p:  291717.09836142254
5d10c74bc42484339f3cc1f0
p:  130295.61938252066
5d10c7532ed566e5493cc1dd
p:  240953.7569102768
5d10c79c2ed566e5493cc1de
p:  842644.8022487403
5d10c7c8af5e956fca3cc1e2
p:  313426.7280350609
5d10c7cfca90dfd7023cc1e5
p:  349761.4018911623
5d10c8390e66b397b63cc1ed
p:  280787.1859474371
5d10c846cf93362d193cc1dd
p:  394956.29196413816
5d10c88d207ce4ea3a3cc1e9
p:  314100.7851088268
5d10c8b7941a5771153cc1de
p:  261732.2102498162
5d10c8c0cf93362d193cc1df
p:  385018.39287810144
5d10c8d3ca90dfd7023cc1e9
p:  241132.66035621281
5d10c8fecf93362d193cc1e0
p:  375192.5743564863
5d10c916ca90dfd7023cc1ea
p:  355451.669312791
5d10c932af5e956fca3cc1e7
p:  518324.5134091308
5d10c9b7cf93362d193cc1e1
p:  473737.1657738412
5d10c9c0cf93362d193cc1e2
p:  394994.6992769822
5d10c9c7cf93362d193cc1e3
p:  354932.4542800289
5d10c9f3af5e956fca3cc1ea
p:  962766.6310871206
5d10c9f9ca90dfd7023cc1ed
p:  244352.28812511405
5d10c9fc5321db98673cc1f1
p:  389283.58392778557
5d10c9fd941a5771153cc1e0
p:  320146.59096550755
5d10ca0d2ed566e5493cc1e3
p:  239989.19955661288
5d10ca105321db98673cc1f2
p:  321983.73839436914
5d10ca195e695b58563cc20a
p:  154767.1105626638
5d10ca34cf93362d193cc1e5
p:  373712.1120980175
5d10ca3acf93362d193cc1e6
p:  403409.2620857338
5d10ca735321db98673cc1f7
p:  198473.93726631207
5d10ca845321db98673cc1f8
p:  231823.47417588363
5d10ca8d4a916044723cc1fe
p:  246176.6329862633
5d10ca964a916044723cc1ff
p:  192629.3995986089
5d10caaa4a916044723cc201
p:  266932.51975306903
5d10cb132ed566e5493cc1e4
p:  241834.3429856053
5d10cb61941a5771153cc1e2
p:  213030.63380415505
5d10cba42ed566e5493cc1e6
p:  285954.40716361115
5d10cbc5941a5771153cc1e4
p:  311176.6668249719
5d10cbe9941a5771153cc1e5
p:  339440.6849479985
5d10cc472ed566e5493cc1e9
p:  228912.20524632517
5d10cc55af5e956fca3cc1f3
p:  176307.7958163959
5d10cc7b2ed566e5493cc1ed
p:  375432.0959997565
5d10cc805e695b58563cc218
p:  241656.17371362666
5d10cc995e695b58563cc21a
p:  271007.0160662996
5d10cca25e695b58563cc21b
p:  343434.21707154944
5d10ccab5e695b58563cc21c
p:  348766.3621771066
5d10ccc45e695b58563cc21d
p:  371707.23363773664
5d10ccd82ed566e5493cc1ef
p:  393415.24026119104
5d10cd865e695b58563cc221
p:  318498.84243543795
5d10cda9941a5771153cc1e9
p:  188028.3942433661
5d10cdeb5e695b58563cc226
p:  274643.513205888
5d10ce265e695b58563cc229
p:  220069.86972754422
5d10ce394a916044723cc213
p:  502382.1976462307
5d10cec59794f5b2323cc217
p:  251208.4740268354
5d10cedfcf93362d193cc1fe
p:  185261.00816703707
5d10cf014a916044723cc216
p:  289196.7911364922
5d10cf0f4a916044723cc217
p:  502382.1976462307
5d10cf555e695b58563cc22c
p:  297269.242418755
5d10cfa1c42484339f3cc217
p:  213693.8412774406
5d10d0569794f5b2323cc21d
p:  208517.87243794676
5d10d05d1d525edd023cc221
p:  190111.07392280505
5d10d084c42484339f3cc21e
p:  854073.6984678187
5d10d08c941a5771153cc1f2
p:  364429.9331915424
5d10d09b941a5771153cc1f4
p:  364429.9331915424
5d10d0a3c42484339f3cc21f
p:  236660.18749922802
5d10d0c35e695b58563cc233
p:  195335.11200472724
5d10d10e0e66b397b63cc20e
p:  208292.993602367
5d10d128c42484339f3cc223
p:  240573.9670733804
5d10d3879794f5b2323cc235
p:  252776.67495011148
5d10d616c42484339f3cc238
p:  263208.02330072934
5d10d6719794f5b2323cc243
p:  360024.9817703362
5d10d6950e66b397b63cc21e
p:  431893.71913817036
5d10d6ab2ed566e5493cc21d
p:  309514.58934281237
5d10d6bf2ed566e5493cc21e
p:  197123.49747347058
5d10d6d4c42484339f3cc239
p:  133111.51389579807
5d10d78e5321db98673cc22d
p:  168094.75579433885
5d10d81b9794f5b2323cc257
p:  151871.3802934409
5d10d875c42484339f3cc246
p:  209386.0488842799
5d2ce922aa1ce31ade80b0cb
p:  167065.53084335255
/home/testapiuser/HouseApp_2/PricePrediction/VTPrice.py:280: SettingWithCopyWarning: 
A value is trying to be set on a copy of a slice from a DataFrame.
Try using .loc[row_indexer,col_indexer] = value instead

See the caveats in the documentation: http://pandas.pydata.org/pandas-docs/stable/indexing.html#indexing-view-versus-copy
  df2['AreaSpace_SQFT'] = df2['AreaSpace_SQFT'].astype(int)
/home/testapiuser/HouseApp_2/PricePrediction/VTPrice.py:292: SettingWithCopyWarning: 
A value is trying to be set on a copy of a slice from a DataFrame.
Try using .loc[row_indexer,col_indexer] = value instead

See the caveats in the documentation: http://pandas.pydata.org/pandas-docs/stable/indexing.html#indexing-view-versus-copy
  df2['Price'] = z1
/home/testapiuser/HouseApp_2/PricePrediction/VTPrice.py:299: SettingWithCopyWarning: 
A value is trying to be set on a copy of a slice from a DataFrame.
Try using .loc[row_indexer,col_indexer] = value instead

See the caveats in the documentation: http://pandas.pydata.org/pandas-docs/stable/indexing.html#indexing-view-versus-copy
  df2['AreaSpace_SQFT'] = z2
Current date and time: 2020-06-15 15:34:10
Successfully connect to DB.
For ['Addison', 'Bennington', 'Caledonia', 'Chittenden', 'Essex', 'Franklin', 'Grand Isle', 'Lamoille', 'Orange', 'Orleans', 'Rutland', 'Washington', 'Windham', 'Windsor']#################################################################
train score for random_forest: 0.925643792011111
test score for random_forest: 0.4867173229924794
The mean absolute error is:$ 120070.53263434138
r_Score: 0.5038572568420757
Voting Regressor (in): 0.9220610218008085
Voting Regressor: 0.5038572568420757
5d09be52f184f611416d9888
p:  236832.77080267662
5d0b5b4bf12fac82e26efb5a
p:  340361.1923781063
5d0b5b90f12fac82e26efb5b
p:  208908.19195681062
5d0b6391f12fac82e26efb8f
p:  217410.75761479983
5d0b6d2cf12fac82e26efbbc
p:  221669.51764285116
5d10c2154a916044723cc1d4
p:  237972.24154715336
5d10c2b3c42484339f3cc1df
p:  182686.62499955582
5d10c2f6c42484339f3cc1e1
p:  126884.2076785379
5d10c3270e66b397b63cc1dd
p:  383554.2419817082
5d10c33a0e66b397b63cc1de
p:  364777.78145278606
5d10c38b5e695b58563cc1e8
p:  330698.28564350423
5d10c3965e695b58563cc1e9
p:  387333.22559568123
5d10c3a29794f5b2323cc1e0
p:  85943.70717527177
5d10c3aa5e695b58563cc1ea
p:  419331.8123335466
5d10c3b9af5e956fca3cc1d6
p:  548927.7190369007
5d10c3d0af5e956fca3cc1d7
p:  352332.8020884007
5d10c51ecf93362d193cc1d6
p:  236174.05606354092
5d10c53ec42484339f3cc1ed
p:  206319.8864956458
5d10c553941a5771153cc1d6
p:  360717.9203071268
5d10c56a207ce4ea3a3cc1d9
p:  168794.06991914034
5d10c58c207ce4ea3a3cc1da
p:  189586.03696551448
5d10c5904a916044723cc1e8
p:  206190.4631426206
5d10c59ec42484339f3cc1ee
p:  130698.79073910305
5d10c5cec42484339f3cc1ef
p:  130698.79073910305
5d10c5ff0e66b397b63cc1e9
p:  355907.1458052455
5d10c645941a5771153cc1d7
p:  123576.075221476
5d10c6f09794f5b2323cc1ec
p:  291717.09836142254
5d10c74bc42484339f3cc1f0
p:  130295.61938252066
5d10c7532ed566e5493cc1dd
p:  240953.7569102768
5d10c79c2ed566e5493cc1de
p:  842644.8022487403
5d10c7c8af5e956fca3cc1e2
p:  313426.7280350609
5d10c7cfca90dfd7023cc1e5
p:  349761.4018911623
5d10c8390e66b397b63cc1ed
p:  280787.1859474371
5d10c846cf93362d193cc1dd
p:  394956.29196413816
5d10c88d207ce4ea3a3cc1e9
p:  314100.7851088268
5d10c8b7941a5771153cc1de
p:  261732.2102498162
5d10c8c0cf93362d193cc1df
p:  385018.39287810144
5d10c8d3ca90dfd7023cc1e9
p:  241132.66035621281
5d10c8fecf93362d193cc1e0
p:  375192.5743564863
5d10c916ca90dfd7023cc1ea
p:  355451.669312791
5d10c932af5e956fca3cc1e7
p:  518324.5134091308
5d10c9b7cf93362d193cc1e1
p:  473737.1657738412
5d10c9c0cf93362d193cc1e2
p:  394994.6992769822
5d10c9c7cf93362d193cc1e3
p:  354932.4542800289
5d10c9f3af5e956fca3cc1ea
p:  962766.6310871206
5d10c9f9ca90dfd7023cc1ed
p:  244352.28812511405
5d10c9fc5321db98673cc1f1
p:  389283.58392778557
5d10c9fd941a5771153cc1e0
p:  320146.59096550755
5d10ca0d2ed566e5493cc1e3
p:  239989.19955661288
5d10ca105321db98673cc1f2
p:  321983.73839436914
5d10ca195e695b58563cc20a
p:  154767.1105626638
5d10ca34cf93362d193cc1e5
p:  373712.1120980175
5d10ca3acf93362d193cc1e6
p:  403409.2620857338
5d10ca735321db98673cc1f7
p:  198473.93726631207
5d10ca845321db98673cc1f8
p:  231823.47417588363
5d10ca8d4a916044723cc1fe
p:  246176.6329862633
5d10ca964a916044723cc1ff
p:  192629.3995986089
5d10caaa4a916044723cc201
p:  266932.51975306903
5d10cb132ed566e5493cc1e4
p:  241834.3429856053
5d10cb61941a5771153cc1e2
p:  213030.63380415505
5d10cba42ed566e5493cc1e6
p:  285954.40716361115
5d10cbc5941a5771153cc1e4
p:  311176.6668249719
5d10cbe9941a5771153cc1e5
p:  339440.6849479985
5d10cc472ed566e5493cc1e9
p:  228912.20524632517
5d10cc55af5e956fca3cc1f3
p:  176307.7958163959
5d10cc7b2ed566e5493cc1ed
p:  375432.0959997565
5d10cc805e695b58563cc218
p:  241656.17371362666
5d10cc995e695b58563cc21a
p:  271007.0160662996
5d10cca25e695b58563cc21b
p:  343434.21707154944
5d10ccab5e695b58563cc21c
p:  348766.3621771066
5d10ccc45e695b58563cc21d
p:  371707.23363773664
5d10ccd82ed566e5493cc1ef
p:  393415.24026119104
5d10cd865e695b58563cc221
p:  318498.84243543795
5d10cda9941a5771153cc1e9
p:  188028.3942433661
5d10cdeb5e695b58563cc226
p:  274643.513205888
5d10ce265e695b58563cc229
p:  220069.86972754422
5d10ce394a916044723cc213
p:  502382.1976462307
5d10cec59794f5b2323cc217
p:  251208.4740268354
5d10cedfcf93362d193cc1fe
p:  185261.00816703707
5d10cf014a916044723cc216
p:  289196.7911364922
5d10cf0f4a916044723cc217
p:  502382.1976462307
5d10cf555e695b58563cc22c
p:  297269.242418755
5d10cfa1c42484339f3cc217
p:  213693.8412774406
5d10d0569794f5b2323cc21d
p:  208517.87243794676
5d10d05d1d525edd023cc221
p:  190111.07392280505
5d10d084c42484339f3cc21e
p:  854073.6984678187
5d10d08c941a5771153cc1f2
p:  364429.9331915424
5d10d09b941a5771153cc1f4
p:  364429.9331915424
5d10d0a3c42484339f3cc21f
p:  236660.18749922802
5d10d0c35e695b58563cc233
p:  195335.11200472724
5d10d10e0e66b397b63cc20e
p:  208292.993602367
5d10d128c42484339f3cc223
p:  240573.9670733804
5d10d3879794f5b2323cc235
p:  252776.67495011148
5d10d616c42484339f3cc238
p:  263208.02330072934
5d10d6719794f5b2323cc243
p:  360024.9817703362
5d10d6950e66b397b63cc21e
p:  431893.71913817036
5d10d6ab2ed566e5493cc21d
p:  309514.58934281237
5d10d6bf2ed566e5493cc21e
p:  197123.49747347058
5d10d6d4c42484339f3cc239
p:  133111.51389579807
5d10d78e5321db98673cc22d
p:  168094.75579433885
5d10d81b9794f5b2323cc257
p:  151871.3802934409
5d10d875c42484339f3cc246
p:  209386.0488842799
5d2ce922aa1ce31ade80b0cb
p:  167065.53084335255
/home/testapiuser/HouseApp_2/PricePrediction/VTPrice.py:280: SettingWithCopyWarning: 
A value is trying to be set on a copy of a slice from a DataFrame.
Try using .loc[row_indexer,col_indexer] = value instead

See the caveats in the documentation: http://pandas.pydata.org/pandas-docs/stable/indexing.html#indexing-view-versus-copy
  df2['AreaSpace_SQFT'] = df2['AreaSpace_SQFT'].astype(int)
/home/testapiuser/HouseApp_2/PricePrediction/VTPrice.py:292: SettingWithCopyWarning: 
A value is trying to be set on a copy of a slice from a DataFrame.
Try using .loc[row_indexer,col_indexer] = value instead

See the caveats in the documentation: http://pandas.pydata.org/pandas-docs/stable/indexing.html#indexing-view-versus-copy
  df2['Price'] = z1
/home/testapiuser/HouseApp_2/PricePrediction/VTPrice.py:299: SettingWithCopyWarning: 
A value is trying to be set on a copy of a slice from a DataFrame.
Try using .loc[row_indexer,col_indexer] = value instead

See the caveats in the documentation: http://pandas.pydata.org/pandas-docs/stable/indexing.html#indexing-view-versus-copy
  df2['AreaSpace_SQFT'] = z2
Current date and time: 2020-06-16 15:34:11
Successfully connect to DB.
For ['Addison', 'Bennington', 'Caledonia', 'Chittenden', 'Essex', 'Franklin', 'Grand Isle', 'Lamoille', 'Orange', 'Orleans', 'Rutland', 'Washington', 'Windham', 'Windsor']#################################################################
train score for random_forest: 0.9265082337588472
test score for random_forest: 0.48352680272732296
The mean absolute error is:$ 119340.1431853709
r_Score: 0.5167377424789679
Voting Regressor (in): 0.9221104316146957
Voting Regressor: 0.5167377424789679
5d09be52f184f611416d9888
p:  226956.8242554044
5d0b5b4bf12fac82e26efb5a
p:  339433.93099586474
5d0b5b90f12fac82e26efb5b
p:  184636.59188053547
5d0b6391f12fac82e26efb8f
p:  198035.8615948452
5d0b6d2cf12fac82e26efbbc
p:  206772.9637640486
5d10c2154a916044723cc1d4
p:  245902.0113988734
5d10c2b3c42484339f3cc1df
p:  163016.89263395555
5d10c2f6c42484339f3cc1e1
p:  124991.33084570878
5d10c3270e66b397b63cc1dd
p:  335650.7069683464
5d10c33a0e66b397b63cc1de
p:  336352.7181395136
5d10c38b5e695b58563cc1e8
p:  316164.8045076092
5d10c3965e695b58563cc1e9
p:  380282.15369458974
5d10c3a29794f5b2323cc1e0
p:  82926.41945659528
5d10c3aa5e695b58563cc1ea
p:  419898.0737290004
5d10c3b9af5e956fca3cc1d6
p:  506375.16641720664
5d10c3d0af5e956fca3cc1d7
p:  354124.2974089916
5d10c51ecf93362d193cc1d6
p:  234983.48683758883
5d10c53ec42484339f3cc1ed
p:  207689.62376106554
5d10c553941a5771153cc1d6
p:  397205.2432533581
5d10c56a207ce4ea3a3cc1d9
p:  170265.64860950626
5d10c58c207ce4ea3a3cc1da
p:  203135.53701442323
5d10c5904a916044723cc1e8
p:  204365.79988627258
5d10c59ec42484339f3cc1ee
p:  130712.5161070509
5d10c5cec42484339f3cc1ef
p:  130712.5161070509
5d10c5ff0e66b397b63cc1e9
p:  380152.621158434
5d10c645941a5771153cc1d7
p:  113363.50407813386
5d10c6f09794f5b2323cc1ec
p:  274899.5084977136
5d10c74bc42484339f3cc1f0
p:  131048.75484514456
5d10c7532ed566e5493cc1dd
p:  242763.71154734204
5d10c79c2ed566e5493cc1de
p:  825292.4673264569
5d10c7c8af5e956fca3cc1e2
p:  307762.04460193316
5d10c7cfca90dfd7023cc1e5
p:  352864.29262884054
5d10c8390e66b397b63cc1ed
p:  306451.92240403604
5d10c846cf93362d193cc1dd
p:  404480.9510191927
5d10c88d207ce4ea3a3cc1e9
p:  307295.3094625161
5d10c8b7941a5771153cc1de
p:  259165.3019918208
5d10c8c0cf93362d193cc1df
p:  365432.95583319536
5d10c8d3ca90dfd7023cc1e9
p:  246088.1329097434
5d10c8fecf93362d193cc1e0
p:  411231.00527114095
5d10c916ca90dfd7023cc1ea
p:  346075.5202887836
5d10c932af5e956fca3cc1e7
p:  515438.6421036547
5d10c9b7cf93362d193cc1e1
p:  473043.4226090956
5d10c9c0cf93362d193cc1e2
p:  408970.4019026122
5d10c9c7cf93362d193cc1e3
p:  335106.70486326487
5d10c9f3af5e956fca3cc1ea
p:  1115922.859904421
5d10c9f9ca90dfd7023cc1ed
p:  257363.24731276897
5d10c9fc5321db98673cc1f1
p:  383256.9156075184
5d10c9fd941a5771153cc1e0
p:  318320.93434852164
5d10ca0d2ed566e5493cc1e3
p:  227135.92470938477
5d10ca105321db98673cc1f2
p:  321643.35046422225
5d10ca195e695b58563cc20a
p:  151657.83655549242
5d10ca34cf93362d193cc1e5
p:  437593.5886374415
5d10ca3acf93362d193cc1e6
p:  423258.18474406353
5d10ca735321db98673cc1f7
p:  201334.280599844
5d10ca845321db98673cc1f8
p:  280687.003083064
5d10ca8d4a916044723cc1fe
p:  236606.27504686653
5d10ca964a916044723cc1ff
p:  199808.35997349123
5d10caaa4a916044723cc201
p:  255061.96063173888
5d10cb132ed566e5493cc1e4
p:  233833.91777206794
5d10cb61941a5771153cc1e2
p:  187890.81992401864
5d10cba42ed566e5493cc1e6
p:  297803.41097729345
5d10cbc5941a5771153cc1e4
p:  294937.55466338585
5d10cbe9941a5771153cc1e5
p:  348708.26553772995
5d10cc472ed566e5493cc1e9
p:  227776.34983692746
5d10cc55af5e956fca3cc1f3
p:  186463.32857898856
5d10cc7b2ed566e5493cc1ed
p:  376174.14620566973
5d10cc805e695b58563cc218
p:  239146.2218444007
5d10cc995e695b58563cc21a
p:  291543.16177481646
5d10cca25e695b58563cc21b
p:  342607.01583871583
5d10ccab5e695b58563cc21c
p:  335339.6883348608
5d10ccc45e695b58563cc21d
p:  327967.19280613586
5d10ccd82ed566e5493cc1ef
p:  400350.5530012474
5d10cd865e695b58563cc221
p:  328424.9844922824
5d10cda9941a5771153cc1e9
p:  182199.4185078562
5d10cdeb5e695b58563cc226
p:  272466.33107293316
5d10ce265e695b58563cc229
p:  216794.35500255984
5d10ce394a916044723cc213
p:  469879.91264759004
5d10cec59794f5b2323cc217
p:  257577.89760396368
5d10cedfcf93362d193cc1fe
p:  179941.60717957787
5d10cf014a916044723cc216
p:  291637.9458043319
5d10cf0f4a916044723cc217
p:  469879.91264759004
5d10cf555e695b58563cc22c
p:  288513.69254145015
5d10cfa1c42484339f3cc217
p:  187499.48645511575
5d10d0569794f5b2323cc21d
p:  196803.07128661496
5d10d05d1d525edd023cc221
p:  189718.31178952812
5d10d084c42484339f3cc21e
p:  954127.5955920457
5d10d08c941a5771153cc1f2
p:  350553.8814753294
5d10d09b941a5771153cc1f4
p:  350553.8814753294
5d10d0a3c42484339f3cc21f
p:  257625.91386928366
5d10d0c35e695b58563cc233
p:  201548.66216388153
5d10d10e0e66b397b63cc20e
p:  197191.86413008225
5d10d128c42484339f3cc223
p:  247340.7725284667
5d10d3879794f5b2323cc235
p:  245987.25694933036
5d10d616c42484339f3cc238
p:  276219.6355500815
5d10d6719794f5b2323cc243
p:  314420.6022566471
5d10d6950e66b397b63cc21e
p:  459475.7874081845
5d10d6ab2ed566e5493cc21d
p:  290667.10855323914
5d10d6bf2ed566e5493cc21e
p:  195951.41375178742
5d10d6d4c42484339f3cc239
p:  135627.9804295489
5d10d78e5321db98673cc22d
p:  170525.96186342416
5d10d81b9794f5b2323cc257
p:  157640.52785929875
5d10d875c42484339f3cc246
p:  206768.39602962884
5d