Current date and time: 2020-06-07 15:34:19
Successfully connect to DB.
For ['Clallam', 'Jefferson', 'Grays Harbor']#################################################################
train score for random_forest: 0.9219972636913886
test score for random_forest: 0.31952845220575665
The mean absolute error is:$ 146182.69195794777
r_Score: 0.3517990919501577
Voting Regressor (in): 0.974365945605573
Voting Regressor: 0.35179909195015774
5d35851ddf2a87a5efe8045c
p:  353911.2381071787
5d358ff4d6d9c10252e8040f
p:  265090.6650270716
5d35905f552180f3c9e803fd
p:  395865.67848809564
5d35923c8ccc37b8a0e803ca
p:  572648.0372053582
5d3593cd552180f3c9e80404
p:  825647.4264007937
5d3594408ccc37b8a0e803cd
p:  352110.42767299915
5d35973fc305878ba7e803ea
p:  513814.97408337705
5d3597528ccc37b8a0e803d4
p:  553381.6492795683
5d3597d0552180f3c9e8040b
p:  370244.84762179805
5d359e8cd84f3ea356e80520
p:  179666.86370689492
5d359f3ed84f3ea356e80528
p:  498268.12170842296
5d359fa4d84f3ea356e8052e
p:  689826.8996691988
5d359fd8d84f3ea356e80533
p:  295035.2712553395
5d35a951d84f3ea356e80554
p:  553225.3479245033
5d35aee2d84f3ea356e8055d
p:  406048.99251826585
5d35b110d84f3ea356e8055f
p:  320147.8270203819
5d35b2fcd84f3ea356e80564
p:  306656.0837317513
5d35b38dd84f3ea356e80567
p:  223408.34685029532
5d35b3acd84f3ea356e80568
p:  401681.867222823
5d35b87ad84f3ea356e80574
p:  570507.4758910369
5d35bac0d84f3ea356e80577
p:  403384.6642129871
5d35bc74d84f3ea356e80580
p:  891112.5856233732
5d35cbd5df2a87a5efe804fe
p:  105949.36968553043
5d35cc2fdf2a87a5efe804ff
p:  184942.99110846507
5d35d2f1df2a87a5efe80503
p:  100395.78373481243
5d35d354b511361836e805e1
p:  300236.4425633302
5d35d39ca97cd49329e80446
p:  415242.09739948483
5d35d3b7df2a87a5efe80505
p:  148444.45785427844
5d35d4e8a1413cc1d1e80488
p:  188506.3903570484
5d35d869df2a87a5efe80516
p:  1297442.7750830404
5d35dbbe8ccc37b8a0e804f1
p:  418705.5285784389
5d35e3f2df2a87a5efe80530
p:  1338583.2937092907
5d442fb40c2b93cba458ae27
p:  316040.91185991035
5d442fc10c2b93cba458ae28
p:  473094.3830778649
5d442fcc0c2b93cba458ae29
p:  278990.29701009043
For ['Lewis', 'Pacific', 'Wahkiakum', 'Cowlitz', 'Clark', 'Skamania']#################################################################
train score for random_forest: 0.9310827399743241
test score for random_forest: 0.5717844114307282
The mean absolute error is:$ 126310.73011417115
r_Score: 0.6019620761754889
Voting Regressor (in): 0.9621511153822837
Voting Regressor: 0.6019620761754889
5d0e806945ebd0b4c32fcf2c
p:  490246.0536470781
5d12b125b7ae3de20d8d6ee0
p:  319789.31780027313
5d12b12ab7ae3de20d8d6ee1
p:  280957.7575231211
5d17a35ffb6bf97d8975b5f4
p:  279099.19582785654
5d298674199bf96b6045acb9
p:  480130.0990262858
5d2988cc199bf96b6045acc2
p:  114320.8153247076
5d29d726199bf96b6045add7
p:  309701.49676548294
5d31c40ad708b0a3d0a64ee2
p:  212909.38016693128
5d35d20aa598070535e806eb
p:  170114.06347418175
5d35d218094ca4e7d8e80455
p:  116271.81393558183
5d35d4e8094ca4e7d8e8045e
p:  333985.65576563525
5d35d5a4a598070535e806f9
p:  196329.11693334655
5d35d64fa598070535e80702
p:  200039.6485324329
5d35d7b1094ca4e7d8e80465
p:  372386.7782428379
5d35eb728ccc37b8a0e8052e
p:  447608.5955996616
5d35ed1d094ca4e7d8e8049c
p:  166384.12970809345
5d35ed608ccc37b8a0e80536
p:  432045.5296737545
5d35ee1aa598070535e80743
p:  275393.1589567738
5d35eea2a1413cc1d1e804be
p:  605186.7866044759
5d35eeb3101bda9d93e8055c
p:  432151.0764538726
5d35f2088ccc37b8a0e8054d
p:  304965.76086058933
5d35f21a8ccc37b8a0e8054e
p:  548903.1170067047
5d35f2cf552180f3c9e804db
p:  264421.9898315524
5d35f3cfa97cd49329e80483
p:  212657.0854730496
5d35f44bc305878ba7e804c4
p:  482269.9154213321
5d35f4e5a1413cc1d1e804c8
p:  365480.40195287263
5d35f56edf2a87a5efe80563
p:  428925.87030424597
5d35f57ea1413cc1d1e804c9
p:  527633.7870521555
5d35f59a8ccc37b8a0e8055a
p:  481673.6071141134
5d35f640a97cd49329e8048b
p:  172230.347415704
5d35f76edf2a87a5efe80565
p:  173441.00832235138
5d35f84da97cd49329e80493
p:  735773.256049678
5d35f8f1df2a87a5efe8056a
p:  330374.4589236508
5d35fa35c305878ba7e804ce
p:  194655.34787706938
5d35fb4b101bda9d93e8057c
p:  394767.54324262915
5d35fb7a101bda9d93e8057d
p:  371479.04901357484
5d35fda6a1413cc1d1e804e0
p:  622879.4383132724
5d35fe53a1413cc1d1e804e1
p:  663029.2252686583
5d35ff8aa1413cc1d1e804e4
p:  811643.8026262429
5d35ffc3a1413cc1d1e804e5
p:  641654.417779741
5d35fffd101bda9d93e80586
p:  206254.17826942133
5d36004a101bda9d93e80587
p:  295447.229998981
5d360058df2a87a5efe80577
p:  281977.5405659713
5d36006ed6d9c10252e80566
p:  418616.77032396384
5d3600fa094ca4e7d8e804d5
p:  273830.32810356363
5d360188c305878ba7e804de
p:  239663.59253013984
5d3602e5552180f3c9e80506
p:  275599.37943696644
5d36032e552180f3c9e80507
p:  280977.9428391963
5d3603b2094ca4e7d8e804de
p:  343001.22885030985
5d36042f552180f3c9e8050a
p:  413285.782299125
5d3604e4a1413cc1d1e804ec
p:  624751.6383312787
5d360503d84f3ea356e80625
p:  347528.85325927683
5d360516552180f3c9e8050d
p:  297532.02557617857
5d360560a97cd49329e804ab
p:  329625.5638023043
5d36056fa1413cc1d1e804ee
p:  523943.29647875787
5d36057e552180f3c9e8050e
p:  257831.99818024115
5d36058cd84f3ea356e80627
p:  271306.0866025334
5d3605a6552180f3c9e8050f
p:  287407.0126617435
5d3605c5a97cd49329e804ac
p:  302763.0257558569
5d3605f2a1413cc1d1e804f2
p:  520392.77331699856
5d36061f067237183ee80522
p:  235511.27488857065
5d360630552180f3c9e80512
p:  273600.92866068205
5d360654c305878ba7e804ee
p:  275014.210749488
5d360681a97cd49329e804ad
p:  359165.6185409066
5d3606b5067237183ee80525
p:  318932.40375222487
5d36077ad84f3ea356e8062a
p:  440211.16477232816
5d36078f552180f3c9e80516
p:  284794.9113147308
5d3607d2a97cd49329e804b2
p:  356929.0640265188
5d36081fa97cd49329e804b4
p:  327126.64966347895
5d360823bf28697279e80584
p:  273127.9105160396
5d36082fbf28697279e80585
p:  279973.34521741467
5d360837bf28697279e80586
p:  364816.43709221703
5d360851bf28697279e80587
p:  305532.1378461007
5d360867c305878ba7e804f1
p:  266671.59449791844
5d360872094ca4e7d8e804e4
p:  339938.5223058748
5d36088b094ca4e7d8e804e5
p:  340211.89383925556
5d36088dbf28697279e80589
p:  297744.8704119383
5d360897bf28697279e8058a
p:  369416.34146992886
5d3608dfd6d9c10252e80572
p:  452884.8140877242
5d360927094ca4e7d8e804e7
p:  212942.11564243637
5d36098a094ca4e7d8e804e9
p:  325333.3447545678
5d36098ec305878ba7e804f5
p:  271462.4234962553
5d3609ee094ca4e7d8e804ea
p:  325333.3447545678
5d3609ff067237183ee8052d
p:  280937.50084848865
5d360a38067237183ee8052e
p:  353241.6857066996
5d360a5ba97cd49329e804b9
p:  340187.5645250548
5d360a7aa1413cc1d1e804fd
p:  688943.6945713586
5d360a80a97cd49329e804ba
p:  309953.126816547
5d360aa4a97cd49329e804bb
p:  267223.3074195499
5d360aeda97cd49329e804be
p:  347722.1887206014
5d360b2d094ca4e7d8e804ee
p:  325333.3447545678
5d360b3da97cd49329e804c0
p:  359165.6185409066
5d360b77067237183ee80531
p:  395554.9943690968
5d360ba5c305878ba7e804f9
p:  374066.35967764596
5d360baad84f3ea356e8062e
p:  350735.6964942569
5d360baf094ca4e7d8e804ef
p:  341841.551581342
5d360c0b094ca4e7d8e804f1
p:  340281.55552837416
5d360c41094ca4e7d8e804f2
p:  325333.3447545678
5d360c45c305878ba7e804fd
p:  374901.48850005155
5d360c57a1413cc1d1e80509
p:  779936.5246119665
5d360ca1a1413cc1d1e8050b
p:  541197.9581224794
5d360ce3d84f3ea356e80631
p:  357860.6553989498
5d360d06d84f3ea356e80633
p:  361485.73137028184
5d360d64d84f3ea356e80635
p:  296139.89641441614
5d360d7ca1413cc1d1e8050e
p:  496034.61482671346
5d360dced84f3ea356e80636
p:  293128.7372982313
5d360e11a1413cc1d1e80518
p:  779936.5246119665
5d360e14d84f3ea356e80637
p:  278689.01644157874
5d360e1aa1413cc1d1e80519
p:  739387.3619762873
5d360e23094ca4e7d8e804f8
p:  392082.93448688573
5d360e23a1413cc1d1e8051a
p:  592385.269143279
5d360e6fd6d9c10252e8057f
p:  425757.7237069302
5d360e7aa1413cc1d1e8051c
p:  529896.594744538
5d360f02a97cd49329e804c5
p:  267223.3074195499
5d360f49094ca4e7d8e804fa
p:  320218.4130081254
5d360f65c305878ba7e80508
p:  302685.6602113007
5d360fa3df2a87a5efe805a2
p:  332351.3721896905
5d360faba1413cc1d1e8051f
p:  483480.6002394431
5d360ff8d84f3ea356e80639
p:  283633.6015327205
5d361018094ca4e7d8e804fc
p:  271684.14579696424
5d361050552180f3c9e80529
p:  278501.26295288134
5d3610eb094ca4e7d8e804fd
p:  370804.8170933003
5d36111dd6d9c10252e80586
p:  340697.7366085546
5d36113ac305878ba7e8050b
p:  380829.5749740554
5d3611fb067237183ee8053c
p:  296631.23344260815
5d361209101bda9d93e805ae
p:  162593.25810194027
5d361260a598070535e8079d
p:  267844.93103061256
5d3612de552180f3c9e8052c
p:  410931.60508788883
5d3612f7094ca4e7d8e80500
p:  308876.7789342149
5d361364094ca4e7d8e80503
p:  316662.8406938887
5d361391552180f3c9e8052e
p:  432232.7416770864
5d3613bac305878ba7e80510
p:  333601.7517526384
5d3613dbd6d9c10252e8058e
p:  388060.7949671247
5d3613f9d84f3ea356e8063f
p:  296094.227549521
5d36145ea97cd49329e804cd
p:  324128.0920762891
5d361460552180f3c9e80530
p:  351169.36314636545
5d361476101bda9d93e805b5
p:  347898.278789901
5d36148ba97cd49329e804ce
p:  391879.72608335863
5d3614b08ccc37b8a0e8059d
p:  428024.30884927465
5d3614e8a1413cc1d1e80530
p:  607121.9161486714
5d3614e9c305878ba7e80512
p:  419977.730557867
5d3614f3d84f3ea356e80640
p:  294300.1383727159
5d361568df2a87a5efe805ae
p:  374281.8987294276
5d361569067237183ee80541
p:  776271.2059682783
5d36157ea97cd49329e804d2
p:  286388.92140433926
5d3616052fa7f1ed39e80548
p:  308924.7069426194
5d361613d84f3ea356e80641
p:  189140.572754637
5d361661067237183ee80546
p:  419562.9946445831
5d361691d84f3ea356e80643
p:  759625.0882522113
5d36169c067237183ee80547
p:  342954.54626664973
5d3617a9067237183ee8054a
p:  332230.91993754986
5d3617aaa97cd49329e804d9
p:  376793.3848137326
5d3617b7094ca4e7d8e8050a
p:  291875.930598657
5d36181adf2a87a5efe805b5
p:  446982.2540119806
5d361831094ca4e7d8e8050b
p:  428180.91893815226
5d3618352fa7f1ed39e8054b
p:  361975.2964539128
5d36184a094ca4e7d8e8050c
p:  275245.3036496414
5d361864a97cd49329e804dc
p:  334328.69084893994
5d361877c305878ba7e8051e
p:  304363.94513545476
5d361878094ca4e7d8e8050d
p:  449073.7206595429
5d3618e6094ca4e7d8e8050f
p:  277122.88900892
5d36191b067237183ee8054e
p:  308669.0244304519
5d361949067237183ee8054f
p:  441252.2959051083
5d361980df2a87a5efe805b6
p:  417089.3575080603
5d3619a62fa7f1ed39e8054d
p:  283545.9506932406
5d3619b3067237183ee80550
p:  431674.48500771064
5d361a21a97cd49329e804e1
p:  360526.24029951217
5d361a6dd84f3ea356e8064e
p:  394643.71072744124
5d361ac2a97cd49329e804e2
p:  316206.6507558569
5d361ae3094ca4e7d8e80516
p:  271684.14579696424
5d361ae8a598070535e807b3
p:  442041.10880413477
5d361b022fa7f1ed39e80550
p:  524266.89278801985
5d361b1abf28697279e805ae
p:  606071.4166615418
5d361b1cd84f3ea356e80650
p:  266902.5705924923
5d361bcda97cd49329e804e3
p:  323071.5429038056
5d361c03067237183ee80556
p:  441252.2959051083
5d361c5fa97cd49329e804e5
p:  421917.82258639205
5d361cbd067237183ee80559
p:  387846.11805868195
5d361d37d6d9c10252e8059f
p:  436674.4095859699
5d361d4ea97cd49329e804e6
p:  694724.4190690101
5d361d682fa7f1ed39e80552
p:  352784.2937844908
5d361d91d84f3ea356e80653
p:  293128.7372982313
5d361dd7094ca4e7d8e8051d
p:  340915.7896752084
5d361e052fa7f1ed39e80555
p:  333599.7030200698
5d361e312fa7f1ed39e80556
p:  333599.7030200698
5d361e57067237183ee8055b
p:  453226.31056317355
5d361e6e2fa7f1ed39e80557
p:  318227.43892717396
5d361e6fd84f3ea356e80656
p:  556780.7292404006
5d361e77552180f3c9e80545
p:  320256.8365288342
5d361e81df2a87a5efe805bc
p:  329373.3836664053
5d361ed9df2a87a5efe805be
p:  605793.3419494625
5d361f7cbf28697279e805bb
p:  362676.4429991455
5d361f9d2fa7f1ed39e8055a
p:  421054.72414868936
5d361fa8a97cd49329e804ed
p:  374675.96086698934
5d362024d84f3ea356e8065b
p:  322154.69655159063
5d3620632fa7f1ed39e8055b
p:  346968.5708538004
5d362094067237183ee8055d
p:  309007.347536988
5d3620af094ca4e7d8e80522
p:  363196.3221930437
5d36210f552180f3c9e8054e
p:  321229.4045547083
5d362117067237183ee8055e
p:  308669.0244304519
5d362181067237183ee80560
p:  336604.11832499754
5d3621ed2fa7f1ed39e8055f
p:  377218.24733935983
5d3621f7a97cd49329e804f2
p:  360170.7558725199
5d362250552180f3c9e80554
p:  543859.3400673055
5d36227ba97cd49329e804f5
p:  359582.360588092
5d36228d094ca4e7d8e80525
p:  386237.2071290378
5d362294df2a87a5efe805ca
p:  373251.47915440943
5d3622a02fa7f1ed39e80563
p:  344453.7391966758
5d3622e82fa7f1ed39e80564
p:  376575.89525559085
5d3623112fa7f1ed39e80565
p:  344345.37500697427
5d36231c094ca4e7d8e80528
p:  476345.45606270444
5d3623fc094ca4e7d8e8052b
p:  306714.14454287465
5d3624a0bf28697279e805c8
p:  432309.61383892637
5d3624faa97cd49329e804fb
p:  282126.04974210187
5d36253bdf2a87a5efe805ce
p:  427532.5277775554
5d362552bf28697279e805ca
p:  367035.4025765535
5d362646552180f3c9e8055a
p:  433152.8024269199
5d362678552180f3c9e8055c
p:  397739.9060633531
5d36274ebf28697279e805cd
p:  345507.1132035926
5d3627bc8ccc37b8a0e805c8
p:  522673.63211048103
5d3627e72fa7f1ed39e80572
p:  382811.7056247266
5d36283ad6d9c10252e805b9
p:  437790.44824961445
5d3628e9067237183ee8056c
p:  333927.00543398224
5d3629b4bf28697279e805d2
p:  204321.6048396008
5d362a0b552180f3c9e80567
p:  279859.0850548188
5d362a38a97cd49329e8050c
p:  454355.8323463001
5d362a512fa7f1ed39e80578
p:  393669.9131911262
5d362a56a97cd49329e8050d
p:  426255.27944406006
5d362a932fa7f1ed39e80579
p:  346968.5708538004
5d362b1c552180f3c9e8056b
p:  430760.47046673385
5d362c87552180f3c9e8056d
p:  433756.7657818794
5d362c932fa7f1ed39e8057f
p:  329431.2992844528
5d362cbb067237183ee80576
p:  381515.748032448
5d362db9094ca4e7d8e80540
p:  270374.6059946219
5d362e01067237183ee80578
p:  334554.1466765822
5d362e34bf28697279e805dd
p:  342552.39450502914
5d362e81bf28697279e805de
p:  526495.5767471979
5d362ea4c305878ba7e80553
p:  450616.442244764
5d362f1c094ca4e7d8e80545
p:  302105.1968476335
5d362ff0a1413cc1d1e8056e
p:  901135.7119952625
5d363040c305878ba7e80559
p:  335418.1750726006
5d363069bf28697279e805e2
p:  429739.66160494776
5d36316ebf28697279e805e5
p:  396094.8718685962
5d363184c305878ba7e8055d
p:  408099.96441300417
5d36318bbf28697279e805e6
p:  345489.85708216554
5d36325ebf28697279e805e8
p:  626914.7597577717
5d36328ad6d9c10252e805cc
p:  539565.5795039613
5d3632e7c305878ba7e80561
p:  443501.72541516635
5d363307d6d9c10252e805ce
p:  421710.7249540763
5d36332f552180f3c9e8057f
p:  456193.8679239715
5d36338ac305878ba7e80565
p:  444845.4516987163
5d363397df2a87a5efe805f0
p:  556611.0826759106
5d3637a7bf28697279e805f5
p:  526822.5052488747
5d3639ccc305878ba7e80576
p:  399069.9821770075
5d363adfbf28697279e805ff
p:  310933.8153022387
5d363b5b552180f3c9e8058e
p:  328819.4927074511
5d363c31552180f3c9e80592
p:  386420.091214275
5d363c55bf28697279e80602
p:  458709.16765380127
5d363c59552180f3c9e80593
p:  500124.9115425611
5d363d35d6d9c10252e805e6
p:  411417.69710844377
5d363fa2bf28697279e8060c
p:  440372.2669422222
5d363faad6d9c10252e805ef
p:  426922.4521856669
5d363fc4552180f3c9e8059a
p:  292183.7256798188
5d3640cdd6d9c10252e805f3
p:  543423.9245677692
5d36449f552180f3c9e805a9
p:  321641.0308791114
5d3644c6552180f3c9e805aa
p:  309867.0551149872
5d364694552180f3c9e805b4
p:  420260.9036848274
5d3646d0552180f3c9e805ba
p:  354147.7583438081
5d3646db552180f3c9e805bb
p:  369174.808957867
5d364824552180f3c9e805d5
p:  334371.6684520721
5d3648df552180f3c9e805e2
p:  408699.4996355714
5d364aea552180f3c9e805e7
p:  333526.71128978964
5d3e7e1af046cd7a6407b5c9
p:  447966.0761243346
5d3e80792c3a06b7a107b609
p:  294298.9060703728
For ['King', 'Pierce', 'Kitsap', 'Mason', 'Thurston', 'Snohomish']#################################################################
train score for random_forest: 0.9517905769508255
test score for random_forest: 0.6310387240901065
The mean absolute error is:$ 177630.73683918035
r_Score: 0.6781174157629759
Voting Regressor (in): 0.9504521529994269
Voting Regressor: 0.6781174157629759
5d09b72cf184f611416d9869
p:  658555.4373736505
5d09b795f184f611416d986b
p:  179836.20498869877
5d09baaff184f611416d9875
p:  711965.3355166116
5d09bb77f184f611416d987c
p:  500997.11969316704
5d09b2bff184f611416d9851
p:  793326.2412491345
5d09b3b8f184f611416d9857
p:  425911.7430370421
5d09b90bf184f611416d9870
p:  1191960.0498309
5d09bc43f184f611416d987e
p:  575696.7227887101
5d09b3b3f184f611416d9856
p:  437662.25420061685
5d09bb63f184f611416d9879
p:  443004.9870087615
5d09cc2df184f611416d98db
p:  796775.4691029887
5d09b4ebf184f611416d985d
p:  775439.8878596989
5d09b658f184f611416d9864
p:  331872.0083298003
5d09b663f184f611416d9865
p:  765158.5312898428
5d09b2e4f184f611416d9852
p:  878122.3830162175
5d09b73af184f611416d986a
p:  490596.7124047647
5d09bb5af184f611416d9878
p:  611898.0387456225
5d09b3c5f184f611416d9859
p:  459128.49323023774
5d09bb69f184f611416d987a
p:  291400.4830516416
5d09ba64f184f611416d9874
p:  734262.8702595935
5d09bad2f184f611416d9877
p:  589112.4395244354
5d09bc4af184f611416d987f
p:  375044.4862218859
5d09b5fdf184f611416d9862
p:  818005.5021605997
5d09bab8f184f611416d9876
p:  577052.0875771535
5d0d2e4943207cb60914adf1
p:  495630.42622423684
5d0d3332e2ea012a7414ae39
p:  937756.0958484269
5d0e746119f56a0d5b8f8ce9
p:  799984.9993072937
5d0e7ae345ebd0b4c32fcf0b
p:  910174.4692810415
5d0e7b7945ebd0b4c32fcf0e
p:  418892.8162197828
5d0e7ba245ebd0b4c32fcf13
p:  611980.5427422919
5d0e7cbd19f56a0d5b8f8d19
p:  695082.2821366466
5d0e7fd845ebd0b4c32fcf26
p:  908001.3764567348
5d0e7fdf45ebd0b4c32fcf27
p:  656373.7726640092
5d0e8a052b8f60b82b8f8d2f
p:  692450.9439768824
5d0e9b8c2b8f60b82b8f8d78
p:  478654.4103979693
5d12a883b7ae3de20d8d6ea7
p:  465436.97834801156
5d12a88bb7ae3de20d8d6ea8
p:  426783.40555567516
5d12abe3b7ae3de20d8d6ec9
p:  372527.5944429676
5d12b99eb7ae3de20d8d6f07
p:  602374.9197668966
5d17a053fb6bf97d8975b5ec
p:  753411.8725293089
5d17a0a4fb6bf97d8975b5ed
p:  701819.8256566122
5d184cea253e7cfd9b98bcd6
p:  363453.5719420294
5d184e5a253e7cfd9b98bce1
p:  1041405.2635535854
5d185d7a253e7cfd9b98bd3c
p:  606325.0916140138
5d18603e253e7cfd9b98bd50
p:  860689.9708594269
5d19b439a22b896835d02eab
p:  532873.0908704431
5d19b662a22b896835d02ece
p:  854431.9232185371
5d19c591a22b896835d02f50
p:  729301.2882950973
5d1ba64503ecbb08e0bf6141
p:  500742.6407969229
5d1bbb3e03ecbb08e0bf6198
p:  705159.1420347771
5d1bedc17e6c493d5945888e
p:  342543.76685235125
5d1bfa187e6c493d594588b5
p:  792672.8099524388
5d1c141c0a1cbc8e6fefbc3a
p:  864055.9455931459
5d1c16bbdbebfd779eefbc92
p:  205987.71730518204
5d1c24ce02e1f427a5efbcc2
p:  373453.61127037107
5d1c294a02e1f427a5efbcd7
p:  337254.8882689221
5d1c32cc02e1f427a5efbce4
p:  401976.6677336679
5d1c4888dbebfd779eefbd3c
p:  1093452.055661111
5d269881107c1d579eeb6986
p:  406937.92603014776
5d297122199bf96b6045ac82
p:  413263.5115548902
5d298ae8199bf96b6045accd
p:  334957.6657479954
5d299f67199bf96b6045ad0d
p:  317171.3409095454
5d29c11c199bf96b6045ad85
p:  512953.04534556204
5d29d750199bf96b6045adda
p:  211243.4727531224
5d2b544847cfe46363877b9d
p:  295605.21053861803
5d2b5f9647cfe46363877bad
p:  659008.7193551832
5d2b822147cfe46363877be1
p:  331135.84578340536
5d2caacbaa1ce31ade80b03c
p:  467371.38405881234
5d2d1e70aa1ce31ade80b15c
p:  405206.47643301066
5d2d1e88aa1ce31ade80b15d
p:  382926.84508363804
5d2d1e9eaa1ce31ade80b15e
p:  362658.473754297
5d2d1edfaa1ce31ade80b15f
p:  429946.82748230704
5d2d1f0eaa1ce31ade80b160
p:  333974.7978054036
5d2d1f5faa1ce31ade80b161
p:  418396.0389590426
5d2d1fb1aa1ce31ade80b162
p:  432605.5463530822
5d2d262aaa1ce31ade80b175
p:  533033.3178786417
5d2e0c00b39b58f1d2167ccd
p:  391828.48385940085
5d2f8e5c8b6c8df1a080b714
p:  265601.95143769914
5d317e05d708b0a3d0a64e44
p:  848469.0618706392
5d3190bed708b0a3d0a64e63
p:  401784.4216744041
5d3190f4d708b0a3d0a64e64
p:  330381.06899928045
5d34663a552180f3c9e80145
p:  552872.1689624088
5d34668ea1413cc1d1e80145
p:  433802.3491407452
5d3466a3df2a87a5efe80146
p:  597992.6956249592
5d3466af094ca4e7d8e80147
p:  683433.9551984904
5d3466bea598070535e80145
p:  685167.4029490124
5d3466c3552180f3c9e80146
p:  558219.6180490949
5d346714c305878ba7e80145
p:  468808.5261341252
5d346714094ca4e7d8e80148
p:  932517.5673462579
5d346719a598070535e80146
p:  798689.3307415331
5d34672f8ccc37b8a0e80145
p:  1415401.7881987207
5d346734d84f3ea356e80147
p:  557991.7316589341
5d346738a598070535e80147
p:  405361.7795086957
5d3467502fa7f1ed39e80148
p:  537752.7725671607
5d34678ea598070535e80148
p:  322614.13337958977
5d3467a7bf28697279e80146
p:  971316.5939130536
5d3467aea598070535e80149
p:  651754.6269393999
5d346813094ca4e7d8e8014b
p:  1004622.1517089608
5d34684b8ccc37b8a0e80148
p:  1116116.7065757033
5d346886d6d9c10252e80146
p:  765484.7397860985
5d3468acd6d9c10252e80147
p:  1387390.703559183
5d3468b22fa7f1ed39e80151
p:  701420.9069370191
5d3468c2067237183ee80149
p:  443913.25601882313
5d3468d8a1413cc1d1e8014a
p:  443913.25601882313
5d346943101bda9d93e80152
p:  547366.7242530419
5d34695fbf28697279e80147
p:  912825.3847539301
5d34698bbf28697279e80148
p:  291006.11522851966
5d3469a2c305878ba7e80149
p:  248936.25720660784
5d3469b9bf28697279e80149
p:  997102.7750585269
5d3469baa1413cc1d1e80150
p:  314538.4409364967
5d3469cabf28697279e8014a
p:  719999.8273052324
5d346a472fa7f1ed39e80158
p:  637131.4266615042
5d346a57067237183ee8014f
p:  497359.03088131454
5d346a6ba598070535e8014a
p:  596051.525885635
5d346a75094ca4e7d8e8014e
p:  915367.7032150922
5d346a9cb511361836e8014d
p:  610345.060339371
5d346aab094ca4e7d8e80150
p:  925574.1022534037
5d346aadc305878ba7e8014c
p:  267523.8321199352
5d346add094ca4e7d8e80152
p:  491917.2743486798
5d346af2094ca4e7d8e80153
p:  981710.4291483712
5d346af58ccc37b8a0e8014c
p:  2023209.4177186373
5d346af6101bda9d93e80156
p:  421781.0981587556
5d346b18b511361836e8014f
p:  469070.39214952686
5d346b1da598070535e8014b
p:  558093.8997966852
5d346b1ed6d9c10252e8014c
p:  758139.4715397512
5d346b23bf28697279e8014c
p:  602256.1426553815
5d346b2ba97cd49329e80149
p:  882194.1993814164
5d346b58101bda9d93e80157
p:  595451.8630415214
5d346b6fc305878ba7e8014d
p:  221435.34835788526
5d346b90bf28697279e8014d
p:  1041068.3096695864
5d346b9ca97cd49329e8014c
p:  1928022.826913911
5d346ba8c305878ba7e8014f
p:  109955.62631918686
5d346ba8bf28697279e8014e
p:  409086.69180679135
5d346bc6a1413cc1d1e80156
p:  463254.75018658914
5d346bc8df2a87a5efe80158
p:  545861.5839586717
5d346bced6d9c10252e8014e
p:  1160734.096360071
5d346bead6d9c10252e8014f
p:  779398.3070943133
5d346c06552180f3c9e80151
p:  734425.9757324106
5d346c12067237183ee80152
p:  463254.75018658914
5d346c3bb511361836e80151
p:  171531.44466124332
5d346c4e101bda9d93e8015c
p:  217165.72753239225
5d346c51067237183ee80153
p:  452868.33626270655
5d346c74552180f3c9e80157
p:  561682.444079216
5d346ca9c305878ba7e80151
p:  291264.5365960826
5d346caa094ca4e7d8e80155
p:  804895.930142581
5d346d15a97cd49329e8014f
p:  775012.448661523
5d346d17df2a87a5efe80159
p:  608943.0512062158
5d346d1db511361836e80152
p:  579739.0181121326
5d346d43a598070535e80152
p:  542916.1587490861
5d346d86094ca4e7d8e80156
p:  782146.6498407549
5d346d91c305878ba7e80154
p:  471964.8907934044
5d346daec305878ba7e80155
p:  361689.9574791421
5d346de8bf28697279e80152
p:  402699.47555224865
5d346dfbbf28697279e80153
p:  1014912.7947588332
5d346dff101bda9d93e80162
p:  494549.3130260076
5d346e05c305878ba7e80157
p:  482213.55389976123
5d346e22c305878ba7e80158
p:  458171.13271179947
5d346e2ac305878ba7e80159
p:  637619.9120509338
5d346e30c305878ba7e8015a
p:  451010.24207983003
5d346e30bf28697279e80154
p:  1059581.2630644967
5d346e31094ca4e7d8e80158
p:  710276.3371616985
5d346e35b511361836e80154
p:  414902.35208043
5d346e39c305878ba7e8015b
p:  422370.97436336963
5d346e48a97cd49329e80150
p:  756210.0869449863
5d346e61094ca4e7d8e80159
p:  782894.7012575839
5d346e64a97cd49329e80151
p:  732041.451626165
5d346e8a094ca4e7d8e8015a
p:  620697.4735435308
5d346ea0a97cd49329e80152
p:  402926.9235683151
5d346eb0094ca4e7d8e8015b
p:  1846471.4070281736
5d346edea97cd49329e80153
p:  555696.5819376728
5d346f19c305878ba7e8015e
p:  318318.65272444836
5d346f5dbf28697279e80156
p:  787381.317911871
5d346f7cbf28697279e80157
p:  936094.677473313
5d346fad101bda9d93e80165
p:  494549.3130260076
5d346fb4a97cd49329e80156
p:  430713.45416373026
5d346fc52fa7f1ed39e80168
p:  776789.9230567021
5d346fcb101bda9d93e80166
p:  374893.51693762414
5d346fdbbf28697279e80158
p:  1603324.0680041984
5d346feac305878ba7e80161
p:  186524.09357573686
5d34700f2fa7f1ed39e80169
p:  748715.2871024162
5d347043c305878ba7e80162
p:  458444.7458462808
5d347071b511361836e80158
p:  494673.65109205747
5d347078d6d9c10252e80158
p:  2382212.8525002366
5d34708b067237183ee8015c
p:  342798.0893136163
5d347096a1413cc1d1e8015d
p:  936656.6176384208
5d34709c067237183ee8015d
p:  429319.8960157452
5d3470a1d6d9c10252e80159
p:  969588.9082714168
5d3470e3101bda9d93e80168
p:  571359.4693811128
5d3470ee094ca4e7d8e8015e
p:  2272557.1251908215
5d3470f8a1413cc1d1e8015e
p:  429319.8960157452
5d3471058ccc37b8a0e80152
p:  1361259.9449792532
5d34710ebf28697279e8015b
p:  1798038.8508121197
5d34711cb511361836e8015c
p:  652931.6860651965
5d347126d6d9c10252e8015b
p:  956313.3404229626
5d3471298ccc37b8a0e80153
p:  507480.7656523166
5d347140bf28697279e8015c
p:  835859.8146812266
5d347151b511361836e8015d
p:  504062.9919516136
5d347162a97cd49329e8015a
p:  1400600.9561418311
5d34717f094ca4e7d8e80161
p:  767137.5033459861
5d347180d6d9c10252e8015c
p:  838856.6949617877
5d34718fa97cd49329e8015b
p:  1014617.2823923096
5d3471ab552180f3c9e8015d
p:  575719.5387169528
5d3471cfd6d9c10252e8015d
p:  1391067.5751281478
5d347202b511361836e8015f
p:  632648.169305599
5d347225a97cd49329e8015d
p:  525459.2682789552
5d347231bf28697279e8015e
p:  423270.31059977727
5d347254a97cd49329e8015e
p:  812744.3642703216
5d347272a97cd49329e8015f
p:  743845.2963893414
5d347272d6d9c10252e8015f
p:  1323350.5394045203
5d3472cfa97cd49329e80161
p:  793482.7427271922
5d3472e6101bda9d93e8016d
p:  425287.75608097605
5d34734d094ca4e7d8e80164
p:  950413.8453871222
5d34735dd6d9c10252e80161
p:  1535044.0759288087
5d3473b2067237183ee80162
p:  320487.7103623989
5d3473bfa97cd49329e80165
p:  994034.8498480533
5d3473ca094ca4e7d8e80166
p:  987592.1662940031
5d3473ce8ccc37b8a0e80158
p:  640821.7707384024
5d3473f68ccc37b8a0e80159
p:  2300080.5593156964
5d34740e067237183ee80163
p:  430722.9854945843
5d34742ab511361836e80161
p:  636141.906482544
5d34745bb511361836e80163
p:  635846.8869829995
5d34748fa97cd49329e80166
p:  788214.6640456505
5d3474a3094ca4e7d8e80167
p:  782984.1106409119
5d3474cb094ca4e7d8e80168
p:  811514.1480080006
5d3474ce552180f3c9e80163
p:  533893.3804423548
5d3474f0a97cd49329e80168
p:  387567.0778090112
5d34751a8ccc37b8a0e8015c
p:  1522778.296358116
5d34751fa97cd49329e80169
p:  1557625.719003936
5d34753bd6d9c10252e80164
p:  996904.5713459871
5d34754da97cd49329e8016a
p:  684622.8689889171
5d3475b1a97cd49329e8016b
p:  404608.1035228117
5d3475c4d6d9c10252e80165
p:  366255.71134388587
5d3475edd6d9c10252e80166
p:  816039.6223718147
5d3475fea598070535e80159
p:  769756.9717074218
5d347616bf28697279e80163
p:  607246.1465511967
5d34762d8ccc37b8a0e8015d
p:  1164995.6441636453
5d34763ad6d9c10252e80167
p:  540251.1186073268
5d347640a97cd49329e8016d
p:  799704.8404031977
5d347659bf28697279e80164
p:  1360668.0861004875
5d34766c2fa7f1ed39e80174
p:  821061.0176262627
5d34769ba1413cc1d1e8016c
p:  420541.4624293619
5d347745a598070535e8015d
p:  1094628.8930667182
5d3477492fa7f1ed39e8017a
p:  419504.29840622866
5d347751094ca4e7d8e8016c
p:  467861.3608997836
5d3477c8067237183ee80169
p:  492102.316488022
5d3477ea8ccc37b8a0e80161
p:  2270188.206570683
5d347827067237183ee8016a
p:  675055.8055703382
5d347858c305878ba7e80172
p:  310749.7537036192
5d347883b511361836e8016c
p:  989659.6784736693
5d347896a97cd49329e80173
p:  467946.01181610115
5d3478b2d6d9c10252e80168
p:  568247.837569623
5d3478bf094ca4e7d8e8016f
p:  783084.6930938545
5d3478bf8ccc37b8a0e80162
p:  779659.0822252759
5d34792f8ccc37b8a0e80163
p:  3206555.8330098027
5d347974101bda9d93e80179
p:  654157.0932282829
5d347992d6d9c10252e8016b
p:  2303799.9242661735
5d3479f88ccc37b8a0e80165
p:  3576833.4950664295
5d347a258ccc37b8a0e80166
p:  1530737.5505161907
5d347a31bf28697279e8016b
p:  1175628.0174147827
5d347a4dd6d9c10252e80170
p:  926721.659548491
5d347a628ccc37b8a0e80167
p:  1098288.441105707
5d347a86552180f3c9e8016f
p:  490936.187235147
5d347a93bf28697279e8016c
p:  1494384.1200556487
5d347a998ccc37b8a0e80168
p:  1589818.5070039
5d347aa1a97cd49329e80174
p:  573155.421391462
5d347ad28ccc37b8a0e80169
p:  1728759.9762363909
5d347b06bf28697279e8016e
p:  673801.6296033498
5d347b298ccc37b8a0e8016b
p:  743874.5870969002
5d347b43df2a87a5efe8017c
p:  441614.1137916612
5d347b658ccc37b8a0e8016c
p:  1161602.3804764226
5d347b6ad6d9c10252e80172
p:  1391625.8577494053
5d347b8cd6d9c10252e80173
p:  817152.3765450383
5d347baa094ca4e7d8e80172
p:  835006.23521333
5d347bb3a598070535e80164
p:  582006.7624755749
5d347bbd8ccc37b8a0e8016e
p:  2299848.1791299917
5d347bf3a97cd49329e80176
p:  934689.7242422777
5d347c0c552180f3c9e80175
p:  730457.384146665
5d347c29101bda9d93e8017e
p:  523218.75166343286
5d347c378ccc37b8a0e80170
p:  1546265.2713438831
5d347c50b511361836e80175
p:  654615.5321099563
5d347c5d8ccc37b8a0e80171
p:  924035.448686047
5d347c838ccc37b8a0e80172
p:  1135394.7914947981
5d347c85d6d9c10252e80177
p:  799889.190821577
5d347c97552180f3c9e80177
p:  596660.8274517094
5d347caf8ccc37b8a0e80173
p:  594227.7247978372
5d347cb2d6d9c10252e80178
p:  1015020.118001161
5d347cb78ccc37b8a0e80174
p:  2900189.346534273
5d347cd68ccc37b8a0e80175
p:  2038661.9815095663
5d347cda2fa7f1ed39e80187
p:  978524.4493518929
5d347ce0d6d9c10252e80179
p:  1156039.0935994806
5d347ce58ccc37b8a0e80176
p:  1736283.2724494364
5d347ce7094ca4e7d8e80176
p:  763232.9403230723
5d347cf8bf28697279e80174
p:  3644098.1686900854
5d347d378ccc37b8a0e80177
p:  1651827.7199786084
5d347db48ccc37b8a0e80179
p:  4223935.640306402
5d347deaa598070535e80166
p:  571554.3275160061
5d347e438ccc37b8a0e8017a
p:  1108540.653151148
5d347eb5df2a87a5efe8018d
p:  468093.3727082084
5d347ecac305878ba7e80184
p:  462435.28194751224
5d347ee4bf28697279e80177
p:  593286.3963845086
5d347f25a598070535e8016a
p:  354320.5002506673
5d347f49d6d9c10252e8017d
p:  1625261.3510697954
5d347f7ad6d9c10252e8017e
p:  1494397.4032545057
5d347fb9bf28697279e8017a
p:  985141.8166501559
5d348053a97cd49329e8017b
p:  960360.9519529447
5d348060a598070535e8016c
p:  673167.1785256144
5d34806fd6d9c10252e80181
p:  981403.0783670023
5d348117067237183ee8017a
p:  606420.1947142188
5d348165a97cd49329e8017d
p:  555696.5819376728
5d348191df2a87a5efe8019c
p:  356171.20654364803
5d34819d8ccc37b8a0e80181
p:  1199391.4592211302
5d3481bed6d9c10252e80183
p:  793771.7048136347
5d3481e08ccc37b8a0e80182
p:  605140.8178021477
5d3481f3094ca4e7d8e80179
p:  804917.8572544002
5d34824ed6d9c10252e80184
p:  1295276.8139658137
5d348257a598070535e80171
p:  557545.4221481859
5d3482698ccc37b8a0e80183
p:  1605498.1268768962
5d348278d6d9c10252e80185
p:  568162.5879909891
5d34827e8ccc37b8a0e80184
p:  1776772.6614472177
5d3482a2d6d9c10252e80186
p:  1495971.4797815238
5d3482a2a598070535e80172
p:  548859.5162456352
5d3482c68ccc37b8a0e80185
p:  3501650.0212266566
5d3482d5d6d9c10252e80187
p:  1212924.5008592005
5d3482e3df2a87a5efe801a3
p:  510926.29069143935
5d3482ee067237183ee8017d
p:  643465.3639799544
5d348314df2a87a5efe801a4
p:  463348.4137622366
5d348345552180f3c9e8018c
p:  707085.6376291392
5d34836c067237183ee8017f
p:  422223.59545347275
5d34836fdf2a87a5efe801a6
p:  558403.5769954375
5d3483cd2fa7f1ed39e80194
p:  380433.4870747645
5d3483cfb511361836e8018e
p:  749820.2093259855
5d34843da97cd49329e80183
p:  684208.3891850952
5d348441a1413cc1d1e80184
p:  331669.9193731691
5d3484492fa7f1ed39e80196
p:  810209.9622282616
5d348481a598070535e80174
p:  557545.4221481859
5d3484b3552180f3c9e8018f
p:  757220.8365610845
5d3484c1df2a87a5efe801ac
p:  794623.207467666
5d3484c2b511361836e8018f
p:  1225478.103307304
5d3484f1b511361836e80190
p:  612725.086383417
5d34851c094ca4e7d8e8017d
p:  1245458.8971739202
5d34855fdf2a87a5efe801af
p:  692542.991661625
5d34856fb511361836e80191
p:  2115664.683980871
5d348587d6d9c10252e8018a
p:  798804.1533373098
5d34858adf2a87a5efe801b1
p:  429195.82964668615
5d34858da598070535e80177
p:  705501.4602225265
5d3485aad6d9c10252e8018b
p:  861799.2761005608
5d3485adb511361836e80193
p:  1100223.578333465
5d3485dbb511361836e80194
p:  722534.5650110069
5d3485db067237183ee80185
p:  1307986.1674982756
5d3485eddf2a87a5efe801b3
p:  472681.83442226413
5d348633d6d9c10252e8018d
p:  956355.9712885136
5d34863ab511361836e80197
p:  803387.0484654924
5d34866fd6d9c10252e8018f
p:  757377.5425446949
5d3486a88ccc37b8a0e8018a
p:  1191808.7994926171
5d3486aedf2a87a5efe801b7
p:  749905.4731627028
5d348702b511361836e801a0
p:  690738.3930415635
5d348711df2a87a5efe801b9
p:  756291.0951702849
5d348721a97cd49329e80188
p:  535456.6353360524
5d348739a97cd49329e80189
p:  316638.5983938043
5d34876dd6d9c10252e80196
p:  1483413.887871724
5d348773df2a87a5efe801bb
p:  490755.48591019405
5d348783094ca4e7d8e80183
p:  740577.771134928
5d3487cc094ca4e7d8e80184
p:  931331.5239506222
5d3487e1a97cd49329e8018a
p:  628395.7875961626
5d3487e2094ca4e7d8e80185
p:  792088.2552741272
5d348804094ca4e7d8e80186
p:  1747728.698995005
5d34882a094ca4e7d8e80187
p:  1152321.582060603
5d34883fa598070535e8017b
p:  662397.2128069536
5d34885ca97cd49329e8018b
p:  120530.55862620973
5d34886a067237183ee8018d
p:  622680.8496929612
5d34886e552180f3c9e80197
p:  408986.96763517207
5d34886f8ccc37b8a0e8018d
p:  1728759.9762363909
5d3488a78ccc37b8a0e8018f
p:  602084.7785495691
5d3488ccbf28697279e8018a
p:  352029.9696511242
5d348948094ca4e7d8e8018a
p:  555336.6958204568
5d34895fdf2a87a5efe801c4
p:  1140800.806574542
5d34898e8ccc37b8a0e80190
p:  1399521.6376198991
5d348a0f094ca4e7d8e8018b
p:  778685.1363027802
5d348a1edf2a87a5efe801c8
p:  797016.519967666
5d348a3a094ca4e7d8e8018c
p:  539234.6743098584
5d348a52552180f3c9e8019a
p:  702117.2486096659
5d348a9dbf28697279e80191
p:  388267.85660150263
5d348ac6d84f3ea356e80187
p:  367949.59722424933
5d348ac8a97cd49329e8018d
p:  513650.086396436
5d348adb552180f3c9e8019c
p:  350959.056198817
5d348b08a1413cc1d1e80195
p:  469095.7986233761
5d348b0eb511361836e801a7
p:  644906.5867364262
5d348b60552180f3c9e8019e
p:  291964.3516360206
5d348b8ca97cd49329e80190
p:  325770.01738296094
5d348b9ea1413cc1d1e80196
p:  647774.6052193322
5d348babb511361836e801a8
p:  712466.6742648191
5d348bcdb511361836e801a9
p:  720574.6014894611
5d348bffd84f3ea356e80188
p:  1646224.1065817452
5d348c38d84f3ea356e80189
p:  1099722.4945409878
5d348c38bf28697279e80196
p:  507978.06340522226
5d348c55552180f3c9e801a2
p:  637756.8312578797
5d348c85067237183ee80195
p:  609217.5567436717
5d348c852fa7f1ed39e801a7
p:  765534.5990471968
5d348ca2b511361836e801ab
p:  718367.0446670223
5d348caa2fa7f1ed39e801a8
p:  557812.2968934935
5d348cbe2fa7f1ed39e801a9
p:  713981.0373396834
5d348ce0d6d9c10252e801a6
p:  2261965.9343032613
5d348d23094ca4e7d8e80191
p:  1227751.3287051385
5d348d28bf28697279e80199
p:  520697.92445715884
5d348d3d8ccc37b8a0e80199
p:  557563.905349244
5d348d4cdf2a87a5efe801d8
p:  587679.8575118693
5d348d68067237183ee80197
p:  594699.543703484
5d348d78101bda9d93e801a2
p:  480515.7512880249
5d348d88df2a87a5efe801d9
p:  552218.546789486
5d348dcd094ca4e7d8e80193
p:  616761.3401999702
5d348e1d552180f3c9e801a3
p:  533100.8430360404
5d348e3bb511361836e801b4
p:  580787.6472824079
5d348e46094ca4e7d8e80194
p:  638926.208299007
5d348e682fa7f1ed39e801ac
p:  571479.9900000279
5d348e87552180f3c9e801a4
p:  310249.03450222383
5d348eacd84f3ea356e8018b
p:  960795.5740543328
5d348ec1101bda9d93e801a7
p:  470312.08205831517
5d348ed8bf28697279e8019c
p:  347486.9835059745
5d348ed8a97cd49329e80194
p:  780180.1895337795
5d348f0fd84f3ea356e8018d
p:  311282.393289311
5d348f14101bda9d93e801a9
p:  471180.727351789
5d348f1edf2a87a5efe801e2
p:  926205.8149367488
5d348f2aa598070535e8018b
p:  579687.8906519559
5d348f43d6d9c10252e801af
p:  1767784.7039667103
5d348f44d84f3ea356e8018e
p:  495682.9655832895
5d348f77067237183ee80198
p:  759796.1764788094
5d348f84d84f3ea356e80190
p:  938187.480079958
5d348f96067237183ee80199
p:  746693.2210678566
5d348fb6a598070535e8018d
p:  561279.2804809363
5d348fd7067237183ee8019a
p:  630712.3126828147
5d348fe4094ca4e7d8e80195
p:  1335579.8750005956
5d34902abf28697279e8019d
p:  201330.5809701655
5d349051a97cd49329e80196
p:  470500.9841824599
5d34905ea1413cc1d1e8019b
p:  424638.94582035806
5d349063df2a87a5efe801e8
p:  422588.6131685105
5d349071b511361836e801c0
p:  711892.1074794739
5d349097067237183ee8019c
p:  638118.3506662768
5d349105a97cd49329e80197
p:  868403.5535030344
5d349110101bda9d93e801b8
p:  473757.67632044153
5d349135a97cd49329e80198
p:  528501.8734690009
5d349145d84f3ea356e80192
p:  950318.3532634003
5d34918a101bda9d93e801bc
p:  877581.3714320925
5d349192067237183ee8019e
p:  430325.15522576973
5d349198bf28697279e801a2
p:  621616.7215757158
5d3491a3a598070535e80191
p:  541811.1141187884
5d3491aed6d9c10252e801b4
p:  289763.9941038107
5d3491fb101bda9d93e801bf
p:  604034.439717618
5d349221101bda9d93e801c0
p:  451899.5206614864
5d34923ba97cd49329e8019c
p:  469441.7873673308
5d349271a598070535e80192
p:  716164.578819775
5d349290a598070535e80193
p:  566594.6056567433
5d3492a3b511361836e801c3
p:  599263.4171529156
5d3492c3101bda9d93e801c5
p:  600557.9876308045
5d3492e5bf28697279e801a7
p:  650574.1853934532
5d349345b511361836e801c5
p:  2222726.0882961224
5d349346c305878ba7e801a1
p:  639728.973480272
5d349348a1413cc1d1e8019e
p:  199129.3961304297
5d349372d84f3ea356e80196
p:  509604.09088879474
5d349395a598070535e80196
p:  892917.6948312657
5d34939b101bda9d93e801cc
p:  851908.3400991308
5d3493d5a598070535e80197
p:  820305.5631167754
5d3493e7101bda9d93e801ce
p:  581971.2265642921
5d349402a97cd49329e8019f
p:  1327874.3595605658
5d3494052fa7f1ed39e801b6
p:  783223.8479662919
5d349425d84f3ea356e80198
p:  681857.6761792367
5d34942fa598070535e80198
p:  762516.2420393436
5d349440552180f3c9e801a8
p:  501617.0655691364
5d349459552180f3c9e801a9
p:  513824.14191099245
5d34945fd84f3ea356e80199
p:  738046.7968101033
5d34947f101bda9d93e801d2
p:  513833.8556767052
5d3494a5101bda9d93e801d5
p:  749830.6005904442
5d3494b6a598070535e80199
p:  1066702.887587699
5d3494e9a97cd49329e801a4
p:  452201.5796610964
5d3494fb2fa7f1ed39e801b9
p:  808128.3644264593
5d3494fdbf28697279e801a9
p:  441083.8371990052
5d349509d84f3ea356e8019c
p:  1100889.1279289844
5d349517094ca4e7d8e8019d
p:  1034821.4706319955
5d34954bd84f3ea356e8019d
p:  1129962.7538381864
5d349550a1413cc1d1e801a4
p:  285621.0105531704
5d349555067237183ee801a9
p:  696321.9437926242
5d349574d84f3ea356e8019e
p:  797869.1624331239
5d34958f067237183ee801b0
p:  790098.3656900288
5d34959dd84f3ea356e8019f
p:  724726.7167313274
5d3495ab094ca4e7d8e8019f
p:  757693.1214015796
5d3495ada598070535e8019a
p:  752889.6602635263
5d3495c1101bda9d93e801dd
p:  729683.4422991958
5d3495c6d84f3ea356e801a0
p:  780160.1458730386
5d3495c7a1413cc1d1e801a6
p:  285621.0105531704
5d3495e7101bda9d93e801de
p:  367522.4728082305
5d3495e8c305878ba7e801a3
p:  615698.2760977149
5d3495f3a97cd49329e801a8
p:  656993.1388680206
5d34961d094ca4e7d8e801a3
p:  784470.8072093655
5d3496208ccc37b8a0e801ac
p:  3350207.663240291
5d349634101bda9d93e801e1
p:  1168775.0403465035
5d349648a598070535e8019c
p:  725593.5153414861
5d349653094ca4e7d8e801a4
p:  419461.5142662775
5d34966bc305878ba7e801a4
p:  1189261.8207563686
5d34968a552180f3c9e801ae
p:  490636.76099862315
5d3496a4101bda9d93e801e4
p:  333146.84351321484
5d3496bca598070535e8019d
p:  372016.9681398201
5d3496d7101bda9d93e801e6
p:  1312468.0391598428
5d3496fbb511361836e801cc
p:  439657.41058056615
5d349714c305878ba7e801a6
p:  688968.1522161526
5d3497202fa7f1ed39e801c9
p:  804257.9821947324
5d349730b511361836e801cd
p:  622147.5160546822
5d349739a1413cc1d1e801ab
p:  179185.73009147373
5d34976aa1413cc1d1e801ad
p:  342456.05245248723
5d349776094ca4e7d8e801a5
p:  971319.0214014674
5d3497a5df2a87a5efe8020f
p:  595689.8515654502
5d3497f2a598070535e8019e
p:  589901.6988036345
5d349803b511361836e801cf
p:  793454.5098651818
5d349828bf28697279e801ad
p:  329234.081492791
5d34982ba598070535e8019f
p:  393108.0377550048
5d349844b511361836e801d0
p:  1051611.1032418758
5d349847df2a87a5efe80212
p:  804531.6106000275
5d349863a1413cc1d1e801ae
p:  337424.8099981691
5d349870df2a87a5efe80213
p:  1215104.6551486724
5d34989edf2a87a5efe80214
p:  408932.9490740738
5d3498a8b511361836e801d1
p:  595743.9629691674
5d3498c8d84f3ea356e801a1
p:  573371.041623128
5d3498f2df2a87a5efe80216
p:  484297.9128262227
5d349913c305878ba7e801a9
p:  495443.9458841772
5d349930552180f3c9e801b0
p:  541134.3402181377
5d349936a97cd49329e801b2
p:  908163.0488052485
5d349941d84f3ea356e801a2
p:  1069323.2033720533
5d349959bf28697279e801ae
p:  620534.7345784612
5d349978d84f3ea356e801a3
p:  1061709.6291323677
5d349992067237183ee801be
p:  642258.4093165768
5d349999d84f3ea356e801a4
p:  809261.1483169401
5d3499d2552180f3c9e801b2
p:  645075.268942137
5d3499efbf28697279e801b1
p:  617466.6694861979
5d349a10d84f3ea356e801a6
p:  1546684.8145760535
5d349a3cdf2a87a5efe8021d
p:  476566.83149453066
5d349a99b511361836e801d3
p:  450642.7483230764
5d349a99a598070535e801a2
p:  493427.38355465245
5d349a9e552180f3c9e801b5
p:  485202.7776772883
5d349ad1094ca4e7d8e801ac
p:  526321.1024418039
5d349adec305878ba7e801ab
p:  573075.3828564025
5d349aee094ca4e7d8e801ad
p:  797535.0673534834
5d349afea1413cc1d1e801b0
p:  472425.59793443495
5d349affa598070535e801a3
p:  587015.8372528312
5d349affd6d9c10252e801ce
p:  355890.62417347386
5d349b08b511361836e801d4
p:  602326.3279133711
5d349b24d84f3ea356e801a9
p:  818899.8823888067
5d349b37d84f3ea356e801aa
p:  788733.6120875734
5d349b4aa97cd49329e801b9
p:  1556855.0452361503
5d349b4fd84f3ea356e801ab
p:  1160896.3474096046
5d349b76a598070535e801a4
p:  397662.2887828286
5d349b7e2fa7f1ed39e801d5
p:  824407.1878486285
5d349bc6b511361836e801d6
p:  468781.6006354898
5d349bcba1413cc1d1e801b2
p:  484112.6699070056
5d349bf9a598070535e801a6
p:  1200142.2102957093
5d349c2c101bda9d93e8020c
p:  928659.154370118
5d349c50a598070535e801a8
p:  729566.0164780519
5d349c53c305878ba7e801ac
p:  360675.369636852
5d349c76a598070535e801a9
p:  724672.8038430212
5d349c9e101bda9d93e8020f
p:  1546262.9762335843
5d349cb7a598070535e801aa
p:  690570.6389464065
5d349cee552180f3c9e801ba
p:  628957.2123571055
5d349cfda598070535e801ab
p:  611123.7827651051
5d349d1cbf28697279e801bf
p:  553757.133734935
5d349d35101bda9d93e80213
p:  1068482.1211942844
5d349d5ed6d9c10252e801d6
p:  501890.6021532104
5d349d7bbf28697279e801c4
p:  606786.6012241163
5d349d91094ca4e7d8e801af
p:  1119620.3893992375
5d349d99c305878ba7e801b0
p:  350587.71989201626
5d349dd4094ca4e7d8e801b1
p:  566343.5745110896
5d349dfa101bda9d93e80219
p:  931767.4207355205
5d349e0c552180f3c9e801bc
p:  883112.2132479121
5d349e1f101bda9d93e8021a
p:  399766.9119884655
5d349e21552180f3c9e801bd
p:  469299.841984462
5d349e36b511361836e801db
p:  536171.3933156142
5d349e3ca97cd49329e801bd
p:  1695041.8310649982
5d349e6aa97cd49329e801be
p:  3319699.6332191373
5d349e702fa7f1ed39e801e4
p:  564815.8116417069
5d349e72c305878ba7e801b3
p:  763193.5339946842
5d349e76df2a87a5efe80222
p:  220934.54001982356
5d349e90df2a87a5efe80223
p:  415621.2487969911
5d349e9d101bda9d93e8021e
p:  2196770.114626148
5d349ec3101bda9d93e8021f
p:  1310741.8232492262
5d349ecfc305878ba7e801b4
p:  583912.0256539332
5d349eeb094ca4e7d8e801b6
p:  653799.5577889129
5d349f05101bda9d93e80222
p:  1370394.5434744593
5d349f38101bda9d93e80224
p:  1092991.5359171974
5d349f3c8ccc37b8a0e801bf
p:  1825403.330673704
5d349f4b094ca4e7d8e801b9
p:  837103.1228057756
5d349f5f101bda9d93e80225
p:  1496586.281789064
5d349f66d84f3ea356e801b7
p:  783737.8100356932
5d349f66c305878ba7e801b5
p:  765497.1877145765
5d349f82a97cd49329e801bf
p:  3117159.650143229
5d349f85101bda9d93e80226
p:  1581682.677508706
5d349f98d84f3ea356e801b8
p:  1305611.801518984
5d349fc6c305878ba7e801b7
p:  728770.7181941494
5d349ff6c305878ba7e801b8
p:  503061.7849345749
5d34a001df2a87a5efe80229
p:  561740.1803573737
5d34a00b067237183ee801cf
p:  562409.290667438
5d34a01f101bda9d93e8022a
p:  917488.3500579877
5d34a021a598070535e801b1
p:  661539.0783380031
5d34a02d067237183ee801d0
p:  605984.4629646413
5d34a04b067237183ee801d1
p:  381812.68098777643
5d34a05ba598070535e801b2
p:  443844.69486811844
5d34a064067237183ee801d2
p:  528934.9688513755
5d34a06f552180f3c9e801bf
p:  743200.3573399939
5d34a081067237183ee801d3
p:  560255.4450180238
5d34a091101bda9d93e8022d
p:  743127.2636027609
5d34a09f067237183ee801d4
p:  329481.7497386866
5d34a0b7101bda9d93e8022e
p:  1419221.9458216683
5d34a0be067237183ee801d5
p:  733990.8698933875
5d34a0e3d6d9c10252e801e1
p:  567033.5274397049
5d34a0fa067237183ee801d7
p:  552752.3208520573
5d34a178d84f3ea356e801b9
p:  728655.7834293495
5d34a189101bda9d93e80237
p:  841763.1567412793
5d34a198067237183ee801d8
p:  442111.4524018768
5d34a1c7101bda9d93e80239
p:  909937.017535405
5d34a1e6a598070535e801b3
p:  552782.8110801381
5d34a1e9d84f3ea356e801bc
p:  1305479.0844033535
5d34a1fa101bda9d93e8023b
p:  2598663.9134414694
5d34a1ff552180f3c9e801c4
p:  789761.3285434204
5d34a202d84f3ea356e801bd
p:  1004452.0349304123
5d34a206101bda9d93e8023c
p:  1728837.7959200335
5d34a20c067237183ee801d9
p:  413376.7796190587
5d34a2182fa7f1ed39e801ee
p:  354442.20279691526
5d34a22d101bda9d93e8023d
p:  1020892.3582681417
5d34a22f094ca4e7d8e801c3
p:  421934.66951676225
5d34a23dd84f3ea356e801be
p:  615546.5442899151
5d34a25edf2a87a5efe8022d
p:  342636.60393191373
5d34a278101bda9d93e8023f
p:  1314229.0102236522
5d34a2f6094ca4e7d8e801c6
p:  792037.6669133075
5d34a345101bda9d93e80247
p:  2625866.0776455333
5d34a375c305878ba7e801c0
p:  570160.6493785994
5d34a37cdf2a87a5efe80230
p:  726061.351993309
5d34a37c067237183ee801db
p:  544439.6653023076
5d34a3cd8ccc37b8a0e801ca
p:  1102786.5743030705
5d34a3de101bda9d93e8024b
p:  1010470.4560979073
5d34a404101bda9d93e8024c
p:  1086766.1421824056
5d34a447a598070535e801b9
p:  864114.8053510255
5d34a477c305878ba7e801c2
p:  773516.0576321483
5d34a4e0d84f3ea356e801c3
p:  533643.7885875489
5d34a4e0101bda9d93e80253
p:  1185494.5817745351
5d34a4f6d84f3ea356e801c4
p:  312079.9911825965
5d34a50ab511361836e801e7
p:  439993.32941872714
5d34a52e101bda9d93e80255
p:  1089216.5134068164
5d34a534d84f3ea356e801c7
p:  697847.7014077213
5d34a53a101bda9d93e80256
p:  1001258.9443791565
5d34a548d84f3ea356e801c8
p:  1311452.5057016176
5d34a57edf2a87a5efe8023c
p:  669682.189429529
5d34a586101bda9d93e80258
p:  2544131.9336049813
5d34a589d84f3ea356e801cb
p:  432117.91161380534
5d34a5c3d84f3ea356e801ce
p:  813640.1544426191
5d34a5d6d84f3ea356e801cf
p:  924642.1907780549
5d34a613094ca4e7d8e801d0
p:  2170100.7448301273
5d34a613a598070535e801bd
p:  550082.040787804
5d34a639a598070535e801be
p:  679953.1686299073
5d34a63e101bda9d93e8025f
p:  853937.6496195621
5d34a646094ca4e7d8e801d1
p:  1356334.3445691648
5d34a664101bda9d93e80260
p:  1348722.9781087134
5d34a696a598070535e801bf
p:  613841.1613570282
5d34a71da1413cc1d1e801c9
p:  690165.9136124733
5d34a720b511361836e801e9
p:  389045.48401338054
5d34a73fbf28697279e801d7
p:  532238.6032695505
5d34a750a1413cc1d1e801ca
p:  749061.7123008966
5d34a761d6d9c10252e801ee
p:  894810.2516397578
5d34a793067237183ee801e6
p:  1817633.7314175826
5d34a8038ccc37b8a0e801d1
p:  598184.6728320557
5d34a803a1413cc1d1e801cc
p:  693989.4678738669
5d34a81cbf28697279e801db
p:  620534.7345784612
5d34a83c067237183ee801e8
p:  631855.9503908367
5d34a857101bda9d93e8026f
p:  1283870.9053259923
5d34a861d6d9c10252e801f4
p:  607812.2623712171
5d34a86ed6d9c10252e801f5
p:  735907.2771723338
5d34a8a78ccc37b8a0e801d2
p:  419291.92788793263
5d34a8b0d84f3ea356e801d6
p:  996397.2811781028
5d34a8b72fa7f1ed39e801f9
p:  388064.9228899798
5d34a9182fa7f1ed39e801fb
p:  724670.1299931759
5d34a981067237183ee801ef
p:  999389.064035865
5d34a9a4a598070535e801c5
p:  579687.8906519559
5d34a9bf067237183ee801f0
p:  727105.8140180724
5d34a9ceb511361836e801f2
p:  713531.6600027723
5d34a9d3101bda9d93e8027b
p:  750244.7978766405
5d34a9d9067237183ee801f1
p:  433942.8672770472
5d34a9df094ca4e7d8e801d7
p:  844490.1559694419
5d34aa0fd84f3ea356e801db
p:  1445797.062434378
5d34aa34067237183ee801f2
p:  488026.84373045043
5d34aa6f067237183ee801f3
p:  815804.4585244972
5d34ab5cbf28697279e801ea
p:  622041.6584454473
5d34ab65067237183ee801f5
p:  1034286.711415874
5d34ab8e094ca4e7d8e801d8
p:  604060.1835545051
5d34ab9ca1413cc1d1e801d6
p:  1186922.8350796236
5d34abb9067237183ee801f7
p:  704433.4816163548
5d34ac04552180f3c9e801e8
p:  432494.625595088
5d34ac14101bda9d93e8028e
p:  462102.41963963094
5d34ac5b067237183ee801f9
p:  750647.0396530395
5d34ac6fd84f3ea356e801dd
p:  764480.1061780935
5d34acab101bda9d93e80292
p:  631511.5554103735
5d34acf7552180f3c9e801eb
p:  709982.9007572045
5d34acffa1413cc1d1e801da
p:  700885.6709582126
5d34ad12067237183ee801fb
p:  1347643.9796105642
5d34ad1f101bda9d93e80295
p:  794888.9463467435
5d34ad202fa7f1ed39e80201
p:  1121982.3206099472
5d34ad2a101bda9d93e80296
p:  696979.0612929417
5d34ad2c094ca4e7d8e801dd
p:  1923285.0750792017
5d34ad35101bda9d93e80297
p:  546892.1309092704
5d34ad3edf2a87a5efe80247
p:  736422.0276961898
5d34ad5b101bda9d93e80298
p:  828240.2552784104
5d34ad692fa7f1ed39e80202
p:  921715.6115283712
5d34ad6edf2a87a5efe80248
p:  764865.1440671117
5d34ad772fa7f1ed39e80203
p:  852108.038037942
5d34ad852fa7f1ed39e80204
p:  896865.2840907484
5d34ad98552180f3c9e801ec
p:  426631.702147036
5d34ada42fa7f1ed39e80206
p:  848337.2429957674
5d34adb22fa7f1ed39e80207
p:  655273.8589263724
5d34adbcd84f3ea356e801e2
p:  446784.22266854456
5d34add3df2a87a5efe8024b
p:  509004.41175523965
5d34ade4067237183ee801fe
p:  736795.1611280428
5d34ae0e067237183ee801ff
p:  919192.2805770868
5d34ae0ea1413cc1d1e801dd
p:  649144.2608039797
5d34ae22df2a87a5efe8024c
p:  527154.9784794851
5d34ae2f2fa7f1ed39e80208
p:  655273.8589263724
5d34ae50094ca4e7d8e801e2
p:  624770.1032523159
5d34ae50101bda9d93e8029b
p:  414923.318799158
5d34ae5bc305878ba7e801d7
p:  731559.866484101
5d34ae73094ca4e7d8e801e3
p:  685089.3261725157
5d34ae92101bda9d93e8029c
p:  660986.9613673703
5d34ae9da97cd49329e801de
p:  236168.0288025774
5d34aeaf2fa7f1ed39e80209
p:  760189.7021374311
5d34aee3d84f3ea356e801e4
p:  688723.7863161406
5d34af14067237183ee80204
p:  736294.1763879878
5d34af2c067237183ee80205
p:  530540.4918491114
5d34af38a1413cc1d1e801e1
p:  387773.5422225675
5d34af42a598070535e801d1
p:  624150.8821950713
5d34af66d84f3ea356e801e5
p:  1216887.5562115642
5d34af86067237183ee80209
p:  493527.498881835
5d34af94a598070535e801d3
p:  802328.0565936076
5d34afee094ca4e7d8e801e6
p:  473825.4147527412
5d34b019a97cd49329e801e4
p:  714670.0612271407
5d34b089d6d9c10252e80206
p:  479953.2433024175
5d34b0d6df2a87a5efe80251
p:  336426.9862312194
5d34b0f2df2a87a5efe80252
p:  372789.2420730772
5d34b0f2a1413cc1d1e801e9
p:  583132.9913624573
5d34b10dc305878ba7e801db
p:  378664.11222267593
5d34b12f067237183ee8020b
p:  1362362.2903103034
5d34b135d84f3ea356e801e7
p:  905598.6713208747
5d34b16ca97cd49329e801e6
p:  1015328.7506455209
5d34b177d84f3ea356e801e9
p:  782310.2847207272
5d34b1e8094ca4e7d8e801f3
p:  911414.3677746549
5d34b225b511361836e80207
p:  516007.9833495457
5d34b2388ccc37b8a0e801ea
p:  537697.6342616141
5d34b2ceb511361836e8020d
p:  752076.5622276
5d34b2e6b511361836e8020e
p:  732886.1707542223
5d34b2eea97cd49329e801e8
p:  595885.4262459301
5d34b305b511361836e8020f
p:  703662.465377593
5d34b30adf2a87a5efe80256
p:  713947.2077868453
5d34b310a1413cc1d1e801ef
p:  389956.21803933836
5d34b320a598070535e801e8
p:  801851.1606869912
5d34b32da598070535e801e9
p:  1217381.4265933256
5d34b32e101bda9d93e802a1
p:  651267.8261874204
5d34b36f2fa7f1ed39e80212
p:  1504224.3562395815
5d34b377a598070535e801ee
p:  583515.0799651507
5d34b37fb511361836e80214
p:  586137.8562199669
5d34b384a598070535e801ef
p:  1363738.6655918881
5d34b3a9b511361836e80215
p:  459713.97889076767
5d34b3ab2fa7f1ed39e80217
p:  1682107.4242067765
5d34b3f5a598070535e801f8
p:  583085.2178496749
5d34b4442fa7f1ed39e8021b
p:  1137757.7429752168
5d34b44e067237183ee8020e
p:  409653.4519262918
5d34b4612fa7f1ed39e8021c
p:  616908.9434149975
5d34b4822fa7f1ed39e8021d
p:  696811.1259980119
5d34b4aa067237183ee80210
p:  1230188.4819467175
5d34b4c5067237183ee80211
p:  462984.7198780192
5d34b4d1101bda9d93e802a4
p:  643914.2543336111
5d34b4f0a598070535e80208
p:  444988.7558513591
5d34b4f3bf28697279e80200
p:  513357.72406467766
5d34b4f7067237183ee80212
p:  273505.9805843568
5d34b505b511361836e80220
p:  992022.9154234454
5d34b5162fa7f1ed39e80221
p:  696811.1259980119
5d34b51a067237183ee80213
p:  747703.1818241596
5d34b51fb511361836e80221
p:  482499.449379564
5d34b525a97cd49329e801ed
p:  468496.72888353537
5d34b529101bda9d93e802a5
p:  556906.4224258584
5d34b52aa598070535e8020a
p:  810762.9312000191
5d34b563a598070535e8020c
p:  641694.0905903333
5d34b56ea598070535e8020d
p:  433218.31670170283
5d34b56eb511361836e80223
p:  785545.2144227072
5d34b578a598070535e8020e
p:  645606.856618839
5d34b58b067237183ee80214
p:  599219.407120308
5d34b5aa2fa7f1ed39e80225
p:  696811.1259980119
5d34b5aeb511361836e80225
p:  653461.5605897452
5d34b5b1a598070535e80213
p:  405513.0441703348
5d34b5d1101bda9d93e802a6
p:  686106.1630596863
5d34b5daa598070535e80217
p:  493560.18028742645
5d34b5db067237183ee80215
p:  400917.1599181618
5d34b5efdf2a87a5efe80260
p:  392275.0831591897
5d34b5f5067237183ee80216
p:  1218550.1138348754
5d34b5f7a598070535e8021a
p:  605234.78758281
5d34b615a598070535e8021d
p:  576537.0500457904
5d34b61cdf2a87a5efe80261
p:  664662.5023116779
5d34b62ad6d9c10252e80213
p:  556926.4265093054
5d34b637067237183ee80217
p:  983945.0764425513
5d34b651a97cd49329e801ee
p:  509333.2472333953
5d34b655df2a87a5efe80262
p:  455613.12005117326
5d34b666101bda9d93e802a7
p:  662370.7267879136
5d34b680a598070535e80225
p:  624252.38282191
5d34b685df2a87a5efe80263
p:  876413.0060941505
5d34b691101bda9d93e802a8
p:  436717.6232446398
5d34b69b067237183ee80218
p:  411884.412601341
5d34b6a1df2a87a5efe80264
p:  764865.1440671117
5d34b6a5d84f3ea356e801ed
p:  1066654.530582463
5d34b6a72fa7f1ed39e80227
p:  628081.9218385144
5d34b6b2101bda9d93e802a9
p:  558832.0547746613
5d34b6cadf2a87a5efe80265
p:  613354.9213741483
5d34b6ec101bda9d93e802ab
p:  593288.6341015439
5d34b714bf28697279e80206
p:  714757.7473407313
5d34b71fa598070535e80230
p:  809683.483629504
5d34b728a598070535e80231
p:  884724.8383882812
5d34b747a598070535e80234
p:  770640.6189666416
5d34b79fa598070535e8023d
p:  594180.4855281503
5d34b7d9094ca4e7d8e80205
p:  864329.0358558515
5d34b7dedf2a87a5efe80268
p:  1864155.7598349254
5d34b7fca598070535e80245
p:  1053910.321693562
5d34b8038ccc37b8a0e801f1
p:  733405.9412773482
5d34b80fa598070535e80246
p:  656488.913174616
5d34b81ba598070535e80247
p:  716194.7920961974
5d34b822552180f3c9e80215
p:  856029.8327947976
5d34b835552180f3c9e80216
p:  778738.8185262914
5d34b851067237183ee80219
p:  828451.2056465991
5d34b85b552180f3c9e80217
p:  1576119.2450054234
5d34b889b511361836e80239
p:  644447.7742932534
5d34b89ed84f3ea356e801f1
p:  811457.4785722455
5d34b8aaa598070535e80252
p:  703239.653499644
5d34b8ca2fa7f1ed39e8022d
p:  824976.0720931747
5d34b8f5552180f3c9e8021b
p:  946532.4947676128
5d34b912a598070535e8025c
p:  1191651.6407530773
5d34b917c305878ba7e801f4
p:  559525.1185879387
5d34b91d552180f3c9e8021c
p:  1607398.6748451688
5d34b930067237183ee8021c
p:  492105.78759464144
5d34b940d6d9c10252e8021a
p:  488205.9335990307
5d34b95a094ca4e7d8e80209
p:  1322648.8064432484
5d34b960a598070535e80262
p:  1251968.267768274
5d34b962552180f3c9e8021e
p:  1765054.773832568
5d34b97aa598070535e80264
p:  564787.989851282
5d34b98da598070535e80266
p:  669208.897643226
5d34b999d6d9c10252e8021c
p:  618492.7892955763
5d34b99bc305878ba7e801f5
p:  446079.0119186677
5d34b9b8067237183ee8021d
p:  838749.7870499045
5d34b9cda598070535e8026b
p:  850590.9752101505
5d34b9e1a598070535e8026d
p:  1950570.2878443385
5d34b9f5552180f3c9e80223
p:  1472538.439046349
5d34ba08bf28697279e8020e
p:  513583.2014426008
5d34ba49df2a87a5efe80270
p:  794829.9609489786
5d34ba52a598070535e80271
p:  546207.9992081698
5d34baa1552180f3c9e80226
p:  803381.6516275965
5d34bad9552180f3c9e80228
p:  1458652.638108312
5d34badd101bda9d93e802b4
p:  678616.7446023691
5d34badea598070535e80279
p:  876085.4465953264
5d34baf2a598070535e8027b
p:  1194734.1419292726
5d34bb00552180f3c9e8022a
p:  1147431.4177697678
5d34bb1eb511361836e8024a
p:  1109619.971517319
5d34bb25df2a87a5efe80273
p:  428069.7280677214
5d34bb2c067237183ee80223
p:  881062.3319132319
5d34bb30a598070535e80280
p:  686453.557757376
5d34bb4da598070535e80283
p:  927458.8734200785
5d34bb51067237183ee80224
p:  1201318.0889905326
5d34bb90101bda9d93e802b6
p:  555910.9712811508
5d34bbc4df2a87a5efe80274
p:  728140.2347613731
5d34bbdb552180f3c9e8022d
p:  1625468.6047741193
5d34bc05a97cd49329e801f8
p:  825984.9046707031
5d34bc13d6d9c10252e8021f
p:  694604.0565734117
5d34bc51552180f3c9e80230
p:  763112.4940645017
5d34bcd3c305878ba7e801fb
p:  700299.6361186675
5d34bd03101bda9d93e802b8
p:  246783.00764603727
5d34bd1e101bda9d93e802b9
p:  399346.08398377476
5d34bd21a97cd49329e801f9
p:  656496.6513012196
5d34bd44d6d9c10252e80227
p:  585161.0961965119
5d34bd928ccc37b8a0e801fe
p:  655455.4768460414
5d34bda8b511361836e8024e
p:  1696961.4831104884
5d34bdc48ccc37b8a0e801ff
p:  677984.3384312165
5d34bdd78ccc37b8a0e80200
p:  271210.8011685738
5d34bde9b511361836e8024f
p:  1144663.1663097653
5d34be00b511361836e80250
p:  1800334.0375947794
5d34be02101bda9d93e802bb
p:  833191.1004516996
5d34be09a97cd49329e801fa
p:  812920.4050549677
5d34be13a1413cc1d1e8020e
p:  486756.19258905784
5d34be17552180f3c9e80233
p:  1179321.1758607887
5d34be40bf28697279e80213
p:  444171.11506220046
5d34be53a598070535e802bd
p:  424402.55444856593
5d34be57a1413cc1d1e8020f
p:  532243.0793846757
5d34be9cd6d9c10252e80228
p:  575053.9990152317
5d34bea4a1413cc1d1e80210
p:  536767.5293862111
5d34beaedf2a87a5efe80278
p:  513512.2145821026
5d34bee8a1413cc1d1e80211
p:  428718.777554106
5d34bf168ccc37b8a0e80209
p:  691628.961206938
5d34bf34067237183ee80229
p:  320619.6231300682
5d34bf7b067237183ee8022a
p:  678641.9950156321
5d34bf82df2a87a5efe80279
p:  455349.4519603924
5d34bf84552180f3c9e80234
p:  807276.8013607217
5d34bf9f552180f3c9e80235
p:  432146.7450686483
5d34bfa9067237183ee8022b
p:  758448.4468390176
5d34bfaba598070535e802d7
p:  509455.9996260308
5d34bfde552180f3c9e80237
p:  1225931.4646361996
5d34bfe0a598070535e802db
p:  558215.1462800244
5d34c000067237183ee8022d
p:  663918.3785847453
5d34c033a598070535e802e2
p:  691682.9964425713
5d34c060094ca4e7d8e80216
p:  2140709.5006249486
5d34c066a598070535e802e6
p:  2387672.5721964696
5d34c069df2a87a5efe8027c
p:  408148.11953920085
5d34c080a598070535e802e8
p:  628520.7954380749
5d34c093552180f3c9e8023b
p:  1315595.8526503253
5d34c0c9a598070535e802ee
p:  599287.127651128
5d34c0ccd84f3ea356e801f9
p:  1983957.1545058468
5d34c0e2067237183ee8022f
p:  672804.7604581952
5d34c0f2a598070535e802f2
p:  598210.7669435001
5d34c0f4552180f3c9e8023c
p:  823138.2081453025
5d34c0fdd6d9c10252e8022f
p:  835906.8938981169
5d34c105a598070535e802f4
p:  674465.1480742719
5d34c107067237183ee80230
p:  736294.1763879878
5d34c10da598070535e802f5
p:  523601.63804240315
5d34c116a1413cc1d1e80217
p:  654058.6481187423
5d34c120a598070535e802f7
p:  633770.4288498187
5d34c126067237183ee80231
p:  844244.8396045612
5d34c163bf28697279e8021c
p:  628610.4098982234
5d34c16aa598070535e802fd
p:  543197.7669268342
5d34c17fd84f3ea356e801fa
p:  777306.9708089363
5d34c1b6067237183ee80233
p:  555635.0526068539
5d34c1d1067237183ee80234
p:  420544.5588263755
5d34c1d9df2a87a5efe80280
p:  331641.7494519551
5d34c21da598070535e8030e
p:  350772.13298600406
5d34c25da598070535e80313
p:  791538.6038910765
5d34c26e8ccc37b8a0e80213
p:  840032.1066287193
5d34c27da598070535e80316
p:  745327.8719261714
5d34c280067237183ee80236
p:  1267120.985739376
5d34c28a8ccc37b8a0e80214
p:  1087013.309090162
5d34c28f552180f3c9e8023f
p:  1192355.9719392175
5d34c2c1067237183ee80237
p:  708070.3045643384
5d34c2cea598070535e8031d
p:  628914.1444095105
5d34c2d5067237183ee80238
p:  984776.8214524251
5d34c2f4067237183ee80239
p:  791777.795641043
5d34c30bc305878ba7e8020a
p:  450564.347092199
5d34c32fdf2a87a5efe80283
p:  402999.7246779116
5d34c3322fa7f1ed39e80243
p:  1826405.0576803898
5d34c38f552180f3c9e80240
p:  1215511.9429783453
5d34c3998ccc37b8a0e80215
p:  665725.5960832434
5d34c3b0a598070535e8032e
p:  617213.165548479
5d34c3c2a97cd49329e80201
p:  928352.2488080173
5d34c3d2552180f3c9e80241
p:  779793.5181768939
5d34c3f9a97cd49329e80202
p:  722202.9958960207
5d34c4632fa7f1ed39e80249
p:  663489.3110333974
5d34c465df2a87a5efe80284
p:  954611.6511166566
5d34c473101bda9d93e802c7
p:  927558.2068351826
5d34c498df2a87a5efe80285
p:  809548.2668785108
5d34c4b1101bda9d93e802c8
p:  927558.2068351826
5d34c4bfdf2a87a5efe80286
p:  939029.3380842414
5d34c4dd8ccc37b8a0e80217
p:  1033719.4670025841
5d34c4f0094ca4e7d8e8021f
p:  826989.5504547614
5d34c4f68ccc37b8a0e80218
p:  541443.31908254
5d34c4fa2fa7f1ed39e8024a
p:  898892.0318260903
5d34c52e552180f3c9e80245
p:  757165.6627555662
5d34c582a97cd49329e80204
p:  741636.0846444068
5d34c598a1413cc1d1e80222
p:  552872.2202108523
5d34c5bfa97cd49329e80206
p:  822701.9733264239
5d34c5e0067237183ee8023c
p:  730102.3289194991
5d34c5e7a598070535e8035a
p:  817135.6764410113
5d34c60ba97cd49329e8020a
p:  750963.9114839622
5d34c625a598070535e8035f
p:  401451.0793041978
5d34c630a97cd49329e8020b
p:  708914.6568927635
5d34c638a598070535e80361
p:  487345.8130296428
5d34c64d552180f3c9e80249
p:  829409.6611609408
5d34c65fa598070535e80364
p:  666972.6862906249
5d34c66a2fa7f1ed39e8024e
p:  866733.0185743284
5d34c68a552180f3c9e8024a
p:  942108.8143162767
5d34c690a598070535e80368
p:  478207.4295372617
5d34c6a0094ca4e7d8e80222
p:  410220.0761007211
5d34c6b7a97cd49329e8020f
p:  629175.5948063888
5d34c6c42fa7f1ed39e8024f
p:  714177.739084489
5d34c6c48ccc37b8a0e8021a
p:  821368.0130546405
5d34c6ccc305878ba7e80213
p:  752947.9428820305
5d34c6e8101bda9d93e802cf
p:  746971.8303660266
5d34c6fb8ccc37b8a0e8021c
p:  540542.1584224424
5d34c709a1413cc1d1e80223
p:  375062.45554696536
5d34c760067237183ee8023f
p:  761812.5648687505
5d34c76d8ccc37b8a0e8021d
p:  440744.17151916644
5d34c76d552180f3c9e8024d
p:  558718.1102525962
5d34c782067237183ee80240
p:  806540.7099457867
5d34c79ba97cd49329e80214
p:  807537.1465202586
5d34c7aea1413cc1d1e80225
p:  621199.3046824622
5d34c7bda97cd49329e80215
p:  575290.005585389
5d34c80e101bda9d93e802d0
p:  413229.77159184904
5d34c817d84f3ea356e80205
p:  434861.30888289853
5d34c855a598070535e8038b
p:  613456.3572065863
5d34c886067237183ee80243
p:  1181743.6658959351
5d34c8b9a598070535e80392
p:  1331983.5744821494
5d34c8c5a598070535e80393
p:  944132.6509055165
5d34c8cea598070535e80394
p:  1778163.3263017368
5d34c8e1a598070535e80396
p:  832608.5976563266
5d34c8eaa598070535e80397
p:  720299.0818637888
5d34c8f4a598070535e80398
p:  789762.6685074167
5d34c8fca598070535e80399
p:  614099.1934865772
5d34c91ca598070535e8039c
p:  514852.8907546961
5d34c925a598070535e8039d
p:  707975.1192455185
5d34c93ea598070535e8039f
p:  1355843.7479948136
5d34c961a598070535e803a2
p:  702866.1635035479
5d34c96ba598070535e803a3
p:  2480257.2759037544
5d34c974a598070535e803a4
p:  1151713.5186903456
5d34c97ea598070535e803a5
p:  843218.9308483349
5d34c988a598070535e803a6
p:  946861.6306042068
5d34c990a598070535e803a7
p:  721651.772172744
5d34c9a3a598070535e803a9
p:  718369.8931765158
5d34c9b2067237183ee80248
p:  660061.8858724784
5d34c9bda598070535e803ab
p:  462371.11734724033
5d34c9c7a598070535e803ac
p:  658722.7179229159
5d34c9d3a1413cc1d1e80229
p:  485799.08411557844
5d34c9dba598070535e803ae
p:  1162227.826327207
5d34c9e42fa7f1ed39e80256
p:  519892.46407117613
5d34c9e6a598070535e803af
p:  507395.5758064382
5d34c9ee094ca4e7d8e80228
p:  417299.7882275097
5d34ca14a598070535e803b3
p:  514852.8907546961
5d34ca2da598070535e803b5
p:  946861.6306042068
5d34ca5aa598070535e803b7
p:  510178.2064733942
5d34ca6da598070535e803b9
p:  796002.5382884257
5d34ca81a598070535e803bb
p:  866029.4079806162
5d34ca8aa598070535e803bc
p:  915311.3195283397
5d34cab3a598070535e803bf
p:  736539.9819980089
5d34cab4094ca4e7d8e8022a
p:  423014.52480984107
5d34cab5bf28697279e80234
p:  1942660.6021735251
5d34cae8a598070535e803c3
p:  794786.5199716848
5d34cafda598070535e803c5
p:  847283.0557775302
5d34cb01a97cd49329e8021a
p:  731668.8346391668
5d34cb102fa7f1ed39e80257
p:  1574375.3193252822
5d34cb27a598070535e803c9
p:  462380.5024223033
5d34cb36067237183ee8024a
p:  546257.5287915592
5d34cb4e067237183ee8024b
p:  702935.2351953343
5d34cb572fa7f1ed39e80258
p:  827006.5616043371
5d34cb72a598070535e803cf
p:  588493.7339808956
5d34cb7e067237183ee8024c
p:  906509.8163952624
5d34cbe4a598070535e803d8
p:  691865.1624808286
5d34cbfca598070535e803da
p:  956318.9961031728
5d34cc04a598070535e803db
p:  1287846.6560097951
5d34cc2aa598070535e803df
p:  347844.312679895
5d34cc8ca598070535e803e7
p:  1240362.9518198548
5d34ccb0a598070535e803ea
p:  1338106.5710034906
5d34ccb9a598070535e803eb
p:  1079917.6374205288
5d34ccc3a598070535e803ec
p:  1249371.6112094154
5d34ccc5094ca4e7d8e80231
p:  1118231.669173571
5d34ccc7067237183ee8024d
p:  683148.5134350213
5d34cccda598070535e803ed
p:  1638741.0552220405
5d34cd1aa598070535e803ef
p:  1057282.478175282
5d34cd1c067237183ee8024f
p:  1606118.5314926282
5d34cd24a598070535e803f0
p:  901133.4069036621
5d34cd2da598070535e803f1
p:  2488514.717251305
5d34cd35a598070535e803f2
p:  670033.6332465883
5d34cd47a598070535e803f4
p:  1057909.6160130305
5d34cd4f2fa7f1ed39e8025a
p:  747368.5048618224
5d34cd73101bda9d93e802da
p:  531075.4280120139
5d34cd7ea598070535e803f8
p:  791555.5808942101
5d34cd94a598070535e803fa
p:  75800