Current date and time: 2020-06-07 15:34:20
Successfully connect to DB.
For ['Adams', 'Columbia', 'Crawford', 'Dane', 'Dodge', 'Grant', 'Green', 'Iowa', 'Juneau', 'Lafayette', 'Richland', 'Rock', 'Sauk', 'Vernon']#################################################################
train score for random_forest: 0.9152593171384504
test score for random_forest: 0.4340276705553273
The mean absolute error is:$ 98630.57283883283
r_Score: 0.49274788723140495
Voting Regressor (in): 0.900087000943757
Voting Regressor: 0.49274788723140495
5d0d3166ae78f7f2d314ade0
p:  383751.63627883315
5d0e6c1c19f56a0d5b8f8cba
p:  248468.11014817242
5d298084199bf96b6045acac
p:  77100.60824598212
5d3942a0512dee30aabf07f7
p:  212135.82908804936
5d39458a512dee30aabf07fe
p:  130615.67148598531
5d39bcfc8b26634dbabf090d
p:  65299.98112962127
5d39c2abe1af5e0e68bf093a
p:  93652.63577594186
5d39c5a8e1af5e0e68bf0942
p:  100344.022716451
5d39c6396e2324d097bf0915
p:  400806.35368892166
5d39c68a6e2324d097bf0916
p:  197628.21115318878
5d39c802e1af5e0e68bf0945
p:  133553.69553843618
5d39c824b0e4717db8bf0914
p:  216696.99988571662
5d39c9b80493f3ea4bbf0912
p:  183965.29050480225
5d39c9bee1af5e0e68bf094a
p:  132300.58445082855
5d39c9df6e2324d097bf0919
p:  190550.83631079612
5d39cb61e1af5e0e68bf0953
p:  66606.10708534178
5d39cefc6e2324d097bf0924
p:  400806.35368892166
5d39d258e1af5e0e68bf0964
p:  81790.00732016368
5d39d26d8b26634dbabf0931
p:  167964.85423911552
5d39d500ab3273e7b0bf0939
p:  285006.29938539444
5d39d553e1af5e0e68bf096c
p:  76442.77910349445
5d39d579b0e4717db8bf092e
p:  344193.00141933246
5d39d582ab3273e7b0bf093c
p:  93502.5136773763
5d39d65a07eb7806e7bf0963
p:  347783.8933228456
5d39d712ab3273e7b0bf093f
p:  168529.62868407794
5d39d77907eb7806e7bf0965
p:  257153.3811965748
5d39d7ceb0e4717db8bf0934
p:  338739.0213363331
5d39d833512dee30aabf097d
p:  300943.3671595571
5d39d8558b26634dbabf094b
p:  465717.8862574417
5d39d86c512dee30aabf097e
p:  592153.6859987733
5d39d8f1512dee30aabf0980
p:  241776.9448249939
5d39da9ce797136178bf093a
p:  135118.7509282095
5d39daeee797136178bf093c
p:  285097.27062445786
5d39dc19e797136178bf0944
p:  91053.58688235676
5d39dc54e1af5e0e68bf0977
p:  105520.81375008181
5d39dc5887816da7f4bf095e
p:  163404.0200974348
5d39dc61e797136178bf0945
p:  99410.94228500416
5d39de2e8b26634dbabf0954
p:  175921.8594325726
5d39df444ece0f2c57bf0a30
p:  174645.61654769618
5d39e080e797136178bf094e
p:  132418.54158370802
5d39e13eb0e4717db8bf0948
p:  203898.94792536186
5d39e17207eb7806e7bf0987
p:  203208.6483998195
5d39e1988b26634dbabf095f
p:  165115.7734172042
5d39e200b0e4717db8bf094b
p:  491119.24852037866
5d39e2078b26634dbabf0962
p:  178250.50451319537
5d39e2f26ff152a211bf0a03
p:  160749.73120246624
5d39e305e1af5e0e68bf097f
p:  113468.96879768364
5d39e3445fbbd58ddfbf0984
p:  466063.72158694133
5d39e34aab3273e7b0bf095e
p:  196357.99795757903
5d39e36ae1af5e0e68bf0981
p:  107215.01557413899
5d39e372512dee30aabf0995
p:  189168.69584147126
5d39e42c512dee30aabf0996
p:  217114.6055060769
5d39e492b0e4717db8bf0950
p:  325604.87069818005
5d39e66339cf233831bf0995
p:  238875.88779911393
5d39e6a24ece0f2c57bf0a61
p:  70420.22127598
5d39e7a587816da7f4bf097e
p:  278821.5623462223
5d39e8023df92b766dbf0a9b
p:  292826.80121497315
5d39e8928b26634dbabf0981
p:  331483.37445332436
5d39e8f5512dee30aabf09a1
p:  245639.73355527068
5d39e96f512dee30aabf09a5
p:  273039.8231991016
5d39e9d14ece0f2c57bf0a73
p:  286504.9750627553
5d39ea27512dee30aabf09a6
p:  481287.4957955803
5d39eaa04ece0f2c57bf0a78
p:  190389.09850771312
5d39eac74ece0f2c57bf0a79
p:  203450.58716371184
5d39eaef4ece0f2c57bf0a7a
p:  224232.87752125657
5d39ece18b26634dbabf098e
p:  164575.20708472008
5d39edb83df92b766dbf0aa4
p:  185510.18172379717
5d39edcb87816da7f4bf098a
p:  388243.83271294483
5d39ede3e797136178bf0968
p:  288804.14030622394
5d39ee05e797136178bf0969
p:  288804.14030622394
5d39ee1c0493f3ea4bbf0969
p:  210806.29199613348
5d39ee9e0493f3ea4bbf096a
p:  311575.18307624006
5d39f0180493f3ea4bbf096f
p:  348362.8407468245
5d39f06d0493f3ea4bbf0970
p:  238195.2478024197
5d39f0918b26634dbabf0999
p:  190433.06773128966
5d39f0be0493f3ea4bbf0972
p:  275156.68216448894
5d39f1168b26634dbabf099b
p:  190433.06773128966
5d39f13a8b26634dbabf099c
p:  204023.97625264002
5d39f15e8b26634dbabf099d
p:  190433.06773128966
5d39f1840493f3ea4bbf0975
p:  227858.3321550676
5d39f3248b26634dbabf09a9
p:  271313.235794722
5d39f36be797136178bf0978
p:  299071.6021666614
5d39f3820493f3ea4bbf0976
p:  275156.68216448894
5d39f59e07eb7806e7bf09be
p:  363200.9813931012
5d39f7795fbbd58ddfbf09aa
p:  449588.90660427255
5d39f7a7e797136178bf0982
p:  216178.00491989354
5d39f7beb0e4717db8bf0982
p:  413960.56484233175
5d39f7f107eb7806e7bf09c5
p:  238152.99880494358
5d39f83a5fbbd58ddfbf09ad
p:  232801.0074274994
5d39f85d07eb7806e7bf09c6
p:  349301.0172231351
5d39f886e1af5e0e68bf09b2
p:  175045.0938700289
5d39f88d07eb7806e7bf09c7
p:  255631.37949424647
5d39f96e3df92b766dbf0ab6
p:  305723.2833438644
5d39f9865fbbd58ddfbf09ae
p:  152713.1957931942
5d39f9c9b0e4717db8bf0985
p:  176030.48126459745
5d39f9ef5fbbd58ddfbf09af
p:  152713.1957931942
5d39fa44ab3273e7b0bf0982
p:  191806.31829260488
5d39fa758b26634dbabf09b3
p:  227264.40507779305
5d39fa9d5fbbd58ddfbf09b0
p:  234837.66909201612
5d39fcf539cf233831bf09c7
p:  358778.6971177844
5d39fdd80493f3ea4bbf097f
p:  398629.58760779223
5d39fe4eab3273e7b0bf0997
p:  452024.35333425953
5d39fe6507eb7806e7bf09d7
p:  548701.1057162953
5d39feb55fbbd58ddfbf09b7
p:  228654.86583008146
5d39ff2907eb7806e7bf09da
p:  302021.947554147
5d39ff2aab3273e7b0bf099a
p:  626045.8071300606
5d39ff330493f3ea4bbf0984
p:  301046.32857643056
5d39ff6be1af5e0e68bf09b9
p:  259820.20319944987
5d39ff8e39cf233831bf09ca
p:  277474.50178027473
5d39ff9e6e2324d097bf0996
p:  315698.9229756361
5d39ffd96e2324d097bf0997
p:  322412.5148262539
5d3a00115fbbd58ddfbf09b9
p:  152713.1957931942
5d3a00185fbbd58ddfbf09ba
p:  228482.10912610486
5d3a00275fbbd58ddfbf09bc
p:  285038.7460206444
5d3a002e5fbbd58ddfbf09bd
p:  391853.5098309317
5d3a00365fbbd58ddfbf09be
p:  269265.5958744914
5d3a006bab3273e7b0bf099d
p:  397169.79438156734
5d3a00eeab3273e7b0bf099e
p:  377261.1240252063
5d3a015c07eb7806e7bf09dd
p:  230557.42616007724
5d3a017c5fbbd58ddfbf09bf
p:  222456.35912279662
5d3a01ad0493f3ea4bbf0988
p:  298132.8104678762
5d3a01b9e797136178bf099b
p:  166195.0588805668
5d3a01b96e2324d097bf0999
p:  271507.2097969252
5d3a0202e1af5e0e68bf09bc
p:  173783.95772265864
5d3a02485fbbd58ddfbf09c1
p:  161949.7937436648
5d3a028eab3273e7b0bf09a4
p:  356693.80647300347
5d3a0296e797136178bf099d
p:  261862.61880129558
5d3a02f7512dee30aabf09de
p:  109946.19361933507
5d3a03005fbbd58ddfbf09c3
p:  305660.97980215447
5d3a030e0493f3ea4bbf098b
p:  319017.0725915127
5d3a03f5e797136178bf09a3
p:  239517.88101422423
5d3a046d6e2324d097bf099b
p:  350053.55810082995
5d3a04c08b26634dbabf09cb
p:  305864.43771211244
5d3a04fb4ece0f2c57bf0aba
p:  154646.393168819
5d3a05400493f3ea4bbf098e
p:  392751.8839922695
5d3a055d4ece0f2c57bf0abc
p:  154646.393168819
5d3a0594e797136178bf09a9
p:  207831.9088411698
5d3a059fe1af5e0e68bf09c0
p:  261834.79133809364
5d3a05c6e1af5e0e68bf09c3
p:  148400.60097700753
5d3a05dfe1af5e0e68bf09c5
p:  166154.34107604352
5d3a06020493f3ea4bbf0991
p:  363023.00094679033
5d3a06b6e1af5e0e68bf09ce
p:  231178.381976186
5d3a0724e1af5e0e68bf09d0
p:  373210.93551832193
5d3a075607eb7806e7bf09e9
p:  361537.53674529813
5d3a077dab3273e7b0bf09af
p:  318800.7522761608
5d3a07f6e1af5e0e68bf09d8
p:  243796.46902902512
5d3a085907eb7806e7bf09ed
p:  230996.4845921467
5d3a08830493f3ea4bbf099b
p:  293981.40062213846
5d3a088d0493f3ea4bbf099c
p:  316406.1675045389
5d3a0954e797136178bf09b4
p:  481183.9629327481
5d3a0b5f5fbbd58ddfbf09d0
p:  167656.44352924588
5d3a0b6a39cf233831bf09e3
p:  228688.19681286393
5d3a0b9039cf233831bf09e4
p:  162004.0018024136
5d3a0bda5fbbd58ddfbf09d3
p:  327568.04886755324
5d3a0bf6e1af5e0e68bf09e2
p:  196646.17247529817
5d3a0c45b0e4717db8bf09a4
p:  244248.2014609238
5d3a0caee1af5e0e68bf09e3
p:  162004.0018024136
5d3a0d105fbbd58ddfbf09d6
p:  313024.8540919008
5d3a0d2539cf233831bf09e5
p:  217117.83757766918
5d3a0d485fbbd58ddfbf09d9
p:  275219.685839931
5d3a0d5a39cf233831bf09e6
p:  217117.83757766918
5d3a0d5a512dee30aabf09fe
p:  340560.6317820551
5d3a0d7ce1af5e0e68bf09e5
p:  154320.53014727007
5d3a0da139cf233831bf09e7
p:  235094.12231174827
5d3a0dc639cf233831bf09e8
p:  217117.83757766918
5d3a0e1239cf233831bf09eb
p:  243796.46902902512
5d3a0e17512dee30aabf0a00
p:  252733.5118362013
5d3a0eb8e1af5e0e68bf09e7
p:  196646.17247529817
5d3a0ee8e1af5e0e68bf09e8
p:  217117.83757766918
5d3a0f755fbbd58ddfbf09de
p:  183308.11676167176
5d3a0fc14ece0f2c57bf0ade
p:  461132.8985820228
5d3a0ff1512dee30aabf0a05
p:  417979.9524761789
5d3a112b3df92b766dbf0aee
p:  121845.88430703568
5d3a13b2ab3273e7b0bf09e5
p:  626045.8071300606
5d3a14346ff152a211bf0a89
p:  56330.29686018413
5d3a15f407eb7806e7bf0a38
p:  149106.33027289785
5d3a16ae0493f3ea4bbf09d6
p:  136587.65810156486
5d3a16bf3df92b766dbf0b02
p:  635686.123767557
5d3a16d307eb7806e7bf0a42
p:  202177.90884462936
5d3a16ea0493f3ea4bbf09d8
p:  181668.7568083406
5d3a172e5fbbd58ddfbf09e9
p:  258070.45686474492
5d3a175707eb7806e7bf0a4b
p:  112674.0776912485
5d3a175b5fbbd58ddfbf09ea
p:  122397.41406487198
5d3a17a70493f3ea4bbf09db
p:  56310.54984315036
5d3a17d45fbbd58ddfbf09eb
p:  275923.74640713714
5d3a19014ece0f2c57bf0af2
p:  280824.59237332246
5d3a191f4ece0f2c57bf0af4
p:  261105.59608028585
5d3a1964512dee30aabf0a21
p:  159931.42916056124
5d3a197d5fbbd58ddfbf09f1
p:  394452.8555122275
5d3a1b595fbbd58ddfbf09f6
p:  281875.1798669096
5d3a1d095fbbd58ddfbf09fe
p:  108942.98659199939
5d3a1f755fbbd58ddfbf0a08
p:  571060.3454871036
5d3a20300493f3ea4bbf09f3
p:  56310.54984315036
5d3a206d8b26634dbabf0a04
p:  155023.47559584188
5d3a20e76e2324d097bf09dc
p:  340455.1545754613
5d3a21c4e1af5e0e68bf0a10
p:  120632.94911365151
5d3a21eee1af5e0e68bf0a11
p:  164173.282289173
5d3a23870493f3ea4bbf09f5
p:  56310.54984315036
5d3a25b539cf233831bf0a2c
p:  165055.08032121655
5d3a25d96ff152a211bf0ac1
p:  577624.9241423783
5d3a271e0493f3ea4bbf09fe
p:  159823.48193870392
5d3b122d3df92b766dbf0d88
p:  140521.77105591545
5d3cfde5764b652c8458f0f9
p:  212857.44148005
5d3d0ef9ea6d207a8d58f11f
p:  125637.79461608417
5d3d3342282d2ca2d958f157
p:  113468.96879768364
5d3d3371282d2ca2d958f158
p:  81790.00732016368
5d3d3618ba2290c77758f172
p:  325674.66840508475
5d3d372c045b23e40558f163
p:  424150.1695197283
5d3d38ab045b23e40558f16a
p:  120243.97335678802
5d3d394404ef3ad78358f167
p:  95204.48523202303
5d3d3996045b23e40558f16f
p:  165014.97307431133
5d3d39b4fb5800125058f173
p:  347783.8933228456
5d3d39e5d5d0ae621f58f178
p:  135245.8912954925
5d3d3a60282d2ca2d958f16b
p:  96737.69544095799
5d3d3aa7cb6f1da60258f17c
p:  211483.63065595116
5d3d3b2a04ef3ad78358f16b
p:  177486.7052740747
5d3d3b9c04ef3ad78358f16d
p:  141324.2363427558
5d3d3d05fb5800125058f178
p:  273039.8231991016
5d3d3dee045b23e40558f176
p:  100742.646188957
5d3d3e1a282d2ca2d958f173
p:  94842.34610040537
5d3d3f4aba2290c77758f187
p:  272601.56703841465
5d3d3fa49abc03ec5258f19e
p:  272393.6649896959
5d3d4026d4d8b1edfb58f163
p:  385734.9752216778
5d3d40b8764b652c8458f15f
p:  327231.3203132849
5d3d4143986332275358f17b
p:  163600.95687403492
5d3d417d1e5201913558f188
p:  299208.35495124006
5d3d418e12ab06144e58f187
p:  220791.18357380212
5d3d42241e5201913558f18a
p:  363887.14420859865
5d3d424c1e5201913558f18b
p:  298138.02609667985
5d3d42e9f7a5ed1c1058f182
p:  190474.8849678131
5d3d439f9abc03ec5258f1a7
p:  418923.53386501386
5d3d43c49abc03ec5258f1a9
p:  348280.6815278845
5d3d4409282d2ca2d958f17a
p:  234217.55892550625
5d3d441f5cd54e3ab558f16c
p:  252045.11256513387
5d3d44619abc03ec5258f1ad
p:  196280.42340653366
5d3d448cfb5800125058f182
p:  207704.5102031485
5d3d44a504ef3ad78358f182
p:  363200.9813931012
5d3d44dcf7a5ed1c1058f183
p:  206974.5549446395
5d3d45325cd54e3ab558f170
p:  213648.88497294288
5d3d458212ab06144e58f18c
p:  254660.6295553819
5d3d463f04ef3ad78358f185
p:  232060.39855163707
5d3d46a3764b652c8458f16f
p:  260396.7319590844
5d3d4738fb5800125058f188
p:  634019.7562187794
5d3d47a012ab06144e58f193
p:  185788.79879128083
5d3d47e11e5201913558f194
p:  175428.43979866442
5d3d47e712ab06144e58f194
p:  383637.9611485956
5d3d48081e5201913558f195
p:  564992.6963551536
5d3d4826d4d8b1edfb58f176
p:  392561.28961601376
5d3d488512ab06144e58f196
p:  102496.7241170237
5d3d488df7a5ed1c1058f18d
p:  200065.94171874778
5d3d49f912ab06144e58f19b
p:  356783.81785555894
5d3d4b20045b23e40558f19a
p:  203140.61762896663
5d3d4c9ecb6f1da60258f19c
p:  74281.95609605318
5d3d4db4764b652c8458f17e
p:  347445.88472692034
5d3d4de3764b652c8458f181
p:  287679.34632598236
5d3d4ed312ab06144e58f1a5
p:  231747.82436413981
5d3d4edb764b652c8458f18d
p:  258730.3992799646
5d3d51319abc03ec5258f1c8
p:  217643.4140799584
5d3d517bd5d0ae621f58f1ab
p:  164173.282289173
5d3d55eb9abc03ec5258f1d7
p:  254747.23121143453
5d3d5de49abc03ec5258f1ed
p:  325261.1382037904
5d3d5dfe9abc03ec5258f1ef
p:  244904.7130759916
5d3d68dc9abc03ec5258f208
p:  258591.61779287638
5d3d69259abc03ec5258f209
p:  270200.45760941796
5d3d69479abc03ec5258f20a
p:  246300.29922456376
5d3d6bc69abc03ec5258f213
p:  338674.8191309774
5d3d6bd99abc03ec5258f214
p:  303267.3322248116
5d3d6c5c9abc03ec5258f215
p:  214052.0361835644
5d3d745f9abc03ec5258f226
p:  329790.64189554355
5d3d7b739abc03ec5258f232
p:  285917.10763322935
5d3d85ed9abc03ec5258f246
p:  279895.94075507275
5d3d8af49abc03ec5258f251
p:  244700.8404040419
5d456965f6b4c2439b8b2098
p:  129493.36706010561
For ['Jefferson', 'Kenosha', 'Milwaukee', 'Ozaukee', 'Racine', 'Walworth', 'Washington', 'Waukesha']#################################################################
train score for random_forest: 0.9307848922093926
test score for random_forest: 0.49980645939801926
The mean absolute error is:$ 110266.65344942093
r_Score: 0.5300202740753126
Voting Regressor (in): 0.9250245797317519
Voting Regressor: 0.5300202740753126
5d1b963903ecbb08e0bf6118
p:  121294.01587353714
5d1c0aa202e1f427a5efbc72
p:  129406.20524974255
5d299730199bf96b6045ad03
p:  219448.37268165627
5d2ad91a47cfe46363877ac7
p:  156471.13447162943
5d2ae39447cfe46363877ada
p:  88128.53263342504
5d2b33be47cfe46363877b68
p:  244431.92981627886
5d2ce9a9aa1ce31ade80b0ce
p:  168339.06295753093
5d38c44002947826d9b03c25
p:  194037.83821986167
5d38e86302947826d9b03ca1
p:  355447.8726541761
5d391a664db9b53e7d033982
p:  255245.6090511192
5d391c27512dee30aabf079d
p:  205815.60028196563
5d391c724ece0f2c57bf079a
p:  427769.9444020782
5d391cd0b0e4717db8bf079b
p:  248648.48111951974
5d391d454ece0f2c57bf079c
p:  245406.2923973872
5d391d724ece0f2c57bf079e
p:  406872.40294758993
5d3920ea4ece0f2c57bf07a7
p:  430563.25323942467
5d392108ab3273e7b0bf07a1
p:  339893.3875982313
5d3923c60493f3ea4bbf07af
p:  379402.4814506201
5d39254539cf233831bf07b1
p:  179432.09992495718
5d3926e307eb7806e7bf07c5
p:  252440.43326289326
5d39285d0493f3ea4bbf07b6
p:  619517.0623605266
5d3928644ece0f2c57bf07b7
p:  359186.04514258215
5d3928c84ece0f2c57bf07b9
p:  246641.06657271786
5d392a560493f3ea4bbf07bf
p:  278621.88042926986
5d392d070493f3ea4bbf07c1
p:  165423.26943539805
5d392d583df92b766dbf07ba
p:  336370.8840314413
5d392eb907eb7806e7bf07d7
p:  334618.20622023824
5d392f1b0493f3ea4bbf07c4
p:  440621.05313180387
5d392f9c3df92b766dbf07be
p:  191907.04841317906
5d3930db3df92b766dbf07c2
p:  256381.6610640999
5d39317e07eb7806e7bf07df
p:  575461.2508279899
5d39343b3df92b766dbf07c9
p:  165448.81048199066
5d3934dd6e2324d097bf07de
p:  852140.1000736911
5d3934dd07eb7806e7bf07e4
p:  297931.4218080996
5d3934f66e2324d097bf07df
p:  248054.8954998203
5d3937e63df92b766dbf07d4
p:  224531.88358639658
5d3938823df92b766dbf07d6
p:  321886.82033997873
5d3938cce1af5e0e68bf07d3
p:  242814.004290418
5d3939450493f3ea4bbf07e5
p:  319446.0967631829
5d3939ae3df92b766dbf07db
p:  564026.3978344749
5d393a113df92b766dbf07dc
p:  281826.0748454688
5d393adf3df92b766dbf07e1
p:  313623.4627943045
5d393b545fbbd58ddfbf07e4
p:  194509.9621269743
5d393ba8e1af5e0e68bf07e2
p:  326293.80100554845
5d393e586e2324d097bf07f3
p:  367515.8602133818
5d393e71e1af5e0e68bf07f5
p:  272715.2019731536
5d39404a07eb7806e7bf0801
p:  260296.80774662207
5d39427a0493f3ea4bbf07f3
p:  324417.6172575529
5d3943a10493f3ea4bbf07f8
p:  353469.825660913
5d394456e1af5e0e68bf07fe
p:  394733.765417514
5d39449f5fbbd58ddfbf07f7
p:  174439.68394575012
5d3944cae1af5e0e68bf0801
p:  346907.87826424005
5d3946a95fbbd58ddfbf07f8
p:  336682.38338664756
5d3947656e2324d097bf080a
p:  273694.7094458466
5d394a783df92b766dbf07fc
p:  403714.2336696172
5d394b916ff152a211bf07f7
p:  225212.23074539588
5d394c966e2324d097bf0816
p:  263954.1533291227
5d394e330493f3ea4bbf0811
p:  165571.85423291585
5d3950ab512dee30aabf0812
p:  139344.21837018855
5d3953cd512dee30aabf0819
p:  260249.29673587385
5d395431512dee30aabf081a
p:  221305.88188654353
5d39554c0493f3ea4bbf0825
p:  158077.53035101446
5d395b1fe1af5e0e68bf0832
p:  110145.08768977581
5d395cae6ff152a211bf082d
p:  80510.75826104311
5d395d40b0e4717db8bf0825
p:  336934.96565316245
5d395dba8b26634dbabf0834
p:  167781.4278644825
5d395e130493f3ea4bbf0834
p:  288614.5201847723
5d395f018b26634dbabf0836
p:  131909.7929914671
5d395f3f3df92b766dbf0825
p:  170617.18960137264
5d395fa587816da7f4bf083d
p:  237404.56355107468
5d3960af07eb7806e7bf0872
p:  200477.19773964665
5d3960f33df92b766dbf082a
p:  126443.77318026012
5d39610a07eb7806e7bf0874
p:  269046.1628736773
5d3961e50493f3ea4bbf0840
p:  349268.81220175023
5d3962075fbbd58ddfbf083b
p:  152596.37103377996
5d3962b66ff152a211bf083b
p:  212221.7098367657
5d3963086ff152a211bf083d
p:  335458.81077670126
5d39637f39cf233831bf0831
p:  213708.32948470025
5d39643887816da7f4bf0845
p:  283843.408670024
5d39649a5fbbd58ddfbf0842
p:  124887.75919283433
5d3965513df92b766dbf0830
p:  175293.17720638146
5d39656db0e4717db8bf083e
p:  248496.46793660405
5d3965fb6ff152a211bf084e
p:  170050.96272449306
5d3966833df92b766dbf0832
p:  151378.48659306398
5d3967876ff152a211bf0864
p:  223676.970366076
5d3967b407eb7806e7bf087e
p:  184944.71975297935
5d3968a2e797136178bf0837
p:  194689.73659207387
5d396978e797136178bf0839
p:  235272.57965313454
5d396a966ff152a211bf0898
p:  463335.3031720746
5d396b5f6ff152a211bf08a9
p:  222477.3024243546
5d396cc107eb7806e7bf088a
p:  202430.73148793596
5d396cd9e1af5e0e68bf0868
p:  228211.53847823414
5d396cf307eb7806e7bf088b
p:  250441.91401892074
5d396d7a6ff152a211bf08d1
p:  371011.9413498824
5d396dbfe797136178bf0844
p:  180606.3177893674
5d396dfd6ff152a211bf08da
p:  207191.4637765908
5d3970415fbbd58ddfbf0864
p:  149794.82768921717
5d39706b5fbbd58ddfbf0867
p:  150503.4512836213
5d3970c05fbbd58ddfbf086d
p:  189546.0870434802
5d3970c73df92b766dbf0847
p:  170824.63054906885
5d3970ea3df92b766dbf0848
p:  160668.37653809937
5d3971258b26634dbabf0850
p:  159758.231496957
5d3971395fbbd58ddfbf0875
p:  150833.35426768695
5d39724b3df92b766dbf0852
p:  144311.2291630205
5d397491e797136178bf085b
p:  170917.11717580224
5d3974d66ff152a211bf0945
p:  411802.81319977925
5d3974d707eb7806e7bf0899
p:  276274.91923502967
5d3974d98b26634dbabf0859
p:  180886.24950623704
5d397609e797136178bf085d
p:  274746.109529965
5d397647e1af5e0e68bf087e
p:  248347.16957522917
5d397757e797136178bf0863
p:  189801.77100930392
5d3977986ff152a211bf094c
p:  204529.37085583902
5d39782b3df92b766dbf0857
p:  133789.16892882163
5d3978826ff152a211bf094e
p:  270217.8827496062
5d3978fbb0e4717db8bf086c
p:  221454.81195076808
5d39796ee797136178bf086e
p:  139140.28683155586
5d397d0d512dee30aabf0870
p:  147477.3112844613
5d397d93512dee30aabf0872
p:  209307.6165588649
5d397de83df92b766dbf0866
p:  213297.70111265843
5d397ea13df92b766dbf086c
p:  271026.66529590404
5d3980d4b0e4717db8bf088a
p:  360121.23264564644
5d3981c7b0e4717db8bf088f
p:  452845.13109221315
5d39827ce797136178bf088d
p:  226327.98142222
5d3983036e2324d097bf0885
p:  288183.6305283895
5d3984974ece0f2c57bf0898
p:  206852.00626481255
5d398502ab3273e7b0bf088c
p:  155940.67573021073
5d3985ad512dee30aabf0883
p:  172388.23797122092
5d39864c6ff152a211bf0964
p:  26641.855154144534
5d3986676ff152a211bf0965
p:  49481.52154331219
5d3986d34ece0f2c57bf089d
p:  116808.75455118634
5d3986ef4ece0f2c57bf089e
p:  122623.47485401563
5d3986fe4ece0f2c57bf089f
p:  165305.09553243185
5d3987dd6ff152a211bf0966
p:  60711.09194145011
5d39884a512dee30aabf088b
p:  86224.54426338356
5d398851e797136178bf0895
p:  196520.85644642927
5d398874512dee30aabf088c
p:  93629.93466265031
5d3988be512dee30aabf088d
p:  73163.74953252368
5d3988f6512dee30aabf088e
p:  110481.16711287964
5d3989696ff152a211bf096a
p:  53713.82014222345
5d3989976e2324d097bf088e
p:  204302.9043875414
5d3989973df92b766dbf0883
p:  53553.2558068488
5d3989a63df92b766dbf0884
p:  55920.47824513068
5d398a0c512dee30aabf0892
p:  107945.76182492517
5d398a3ae1af5e0e68bf08af
p:  80370.00708712805
5d398a403df92b766dbf088c
p:  152072.9288353144
5d398a4c3df92b766dbf088d
p:  119398.22078574118
5d398a5e3df92b766dbf088e
p:  114444.26448193353
5d398a67e1af5e0e68bf08b0
p:  80370.00708712805
5d398a783df92b766dbf0890
p:  130955.32957809817
5d398a833df92b766dbf0891
p:  117032.07378927723
5d398aa6ab3273e7b0bf0896
p:  140469.54246350646
5d398aa84ece0f2c57bf08a7
p:  151104.85918003385
5d398aca3df92b766dbf0895
p:  128636.32736900725
5d398ad4e1af5e0e68bf08b2
p:  80370.00708712805
5d398ad93df92b766dbf0896
p:  101634.47612135505
5d398aec3df92b766dbf0897
p:  59649.02585714792
5d398b0e3df92b766dbf089a
p:  102905.9597148542
5d398b343df92b766dbf089d
p:  70172.80899801881
5d398b3d6ff152a211bf096b
p:  46038.307894114994
5d398b618b26634dbabf0886
p:  77779.47164158951
5d398b7c3df92b766dbf08a1
p:  67111.57748728512
5d398b8b3df92b766dbf08a2
p:  123268.10644678498
5d398b973df92b766dbf08a3
p:  59649.02585714792
5d398bd93df92b766dbf08a7
p:  123602.00867346316
5d398c393df92b766dbf08ae
p:  97951.3257215344
5d398c405fbbd58ddfbf08b6
p:  244821.554354982
5d398d0c8b26634dbabf088b
p:  84527.23415193436
5d398d2d6ff152a211bf096f
p:  26641.855154144534
5d398d516ff152a211bf0970
p:  41925.904891280494
5d398dc9ab3273e7b0bf089c
p:  142356.88609994017
5d398ddee1af5e0e68bf08b8
p:  101952.91858898611
5d398de8e797136178bf08a0
p:  219420.61327859818
5d398e043df92b766dbf08c6
p:  114915.61145102115
5d398e3be1af5e0e68bf08bb
p:  90778.44229709727
5d398e4a3df92b766dbf08c8
p:  702505.5937035251
5d398e6fe1af5e0e68bf08bd
p:  134297.0412621087
5d398e843df92b766dbf08cc
p:  422933.603111948
5d398ebf3df92b766dbf08cf
p:  125489.40582841658
5d398ecae1af5e0e68bf08c0
p:  208099.85810304253
5d398ecb3df92b766dbf08d0
p:  184501.19298743084
5d398ed3ab3273e7b0bf089e
p:  200637.14395030827
5d398edc3df92b766dbf08d1
p:  78718.61253617433
5d398eec3df92b766dbf08d2
p:  125489.40582841658
5d398f0f8b26634dbabf088d
p:  93758.9603748275
5d398f2a3df92b766dbf08d5
p:  184474.23310392184
5d398f3a3df92b766dbf08d6
p:  498013.76339912444
5d398f7a3df92b766dbf08d9
p:  163284.92707491442
5d398f8d3df92b766dbf08da
p:  169894.3076746448
5d398ffc3df92b766dbf08e1
p:  280890.0782267601
5d3990113df92b766dbf08e3
p:  184225.9248621448
5d39901c3df92b766dbf08e4
p:  154564.19399649542
5d3990423df92b766dbf08e7
p:  134775.37731638586
5d3990623df92b766dbf08ea
p:  147868.17506922167
5d39906c3df92b766dbf08eb
p:  236697.68473490785
5d3990773df92b766dbf08ec
p:  182455.0702097303
5d3990803df92b766dbf08ed
p:  397038.968775231
5d39909e3df92b766dbf08ee
p:  315167.74444293557
5d3990cc3df92b766dbf08f0
p:  125489.40582841658
5d3990e539cf233831bf08d1
p:  154714.59339515198
5d3991173df92b766dbf08f5
p:  327651.2889586989
5d39913a3df92b766dbf08f8
p:  125489.40582841658
5d3991763df92b766dbf08fd
p:  169894.3076746448
5d399193b0e4717db8bf08be
p:  94567.02023441007
5d3991a8b0e4717db8bf08bf
p:  92279.79206200357
5d3991cb3df92b766dbf0905
p:  139400.63623862818
5d3991da6ff152a211bf097a
p:  64011.30157461471
5d3991e58b26634dbabf0892
p:  91867.57437552251
5d3991ede797136178bf08af
p:  326244.9971441932
5d3991fee1af5e0e68bf08cb
p:  110523.87328227486
5d3992333df92b766dbf090d
p:  193417.7619677253
5d3992375fbbd58ddfbf08f0
p:  104609.63583457237
5d39923f3df92b766dbf090e
p:  125489.40582841658
5d3992415fbbd58ddfbf08f1
p:  395211.54991787893
5d39924f3df92b766dbf090f
p:  164967.1515305551
5d3992cc3df92b766dbf091a
p:  168339.06295753093
5d3992ea3df92b766dbf091b
p:  280890.0782267601
5d39930e3df92b766dbf091e
p:  168181.1356403196
5d39932dab3273e7b0bf08a7
p:  173656.02805681567
5d3993573df92b766dbf0923
p:  375990.89526991156
5d3993773df92b766dbf0926
p:  505477.3023700138
5d3993883df92b766dbf0927
p:  505477.3023700138
5d39939739cf233831bf08d5
p:  297563.62887621555
5d3993b53df92b766dbf092b
p:  169894.3076746448
5d3993c407eb7806e7bf08e0
p:  136520.28332866332
5d3993d43df92b766dbf092e
p:  168181.1356403196
5d3993f887816da7f4bf08b0
p:  251989.82990804955
5d3993fcab3273e7b0bf08ab
p:  227216.31879901985
5d3994123df92b766dbf0932
p:  134775.37731638586
5d39941eab3273e7b0bf08ac
p:  114628.74072146727
5d39943b5fbbd58ddfbf08f4
p:  119202.25356223919
5d39943e3df92b766dbf0936
p:  169894.3076746448
5d39944a3df92b766dbf0937
p:  140763.88216968163
5d39945eb0e4717db8bf08c1
p:  159092.01792728622
5d39946eab3273e7b0bf08ae
p:  124318.62167413611
5d39946f8b26634dbabf089b
p:  94929.8894782247
5d3994b1ab3273e7b0bf08b1
p:  181844.39983161687
5d3995584ece0f2c57bf08b9
p:  299514.2807553126
5d39956a3df92b766dbf094d
p:  259275.46030501398
5d39956d6ff152a211bf097f
p:  46323.49741225717
5d3995753df92b766dbf094e
p:  203531.93153163238
5d39958e6ff152a211bf0980
p:  66172.06638174207
5d3995923df92b766dbf094f
p:  371052.9248899779
5d3995924ece0f2c57bf08ba
p:  216723.18732037966
5d3995e64ece0f2c57bf08bb
p:  118886.24774727039
5d3995e98b26634dbabf089f
p:  113038.16873822038
5d39962f6ff152a211bf0982
p:  37765.881575603766
5d39963eb0e4717db8bf08c3
p:  132760.89095635922
5d399649e1af5e0e68bf08d2
p:  85411.77453042618
5d39966b4ece0f2c57bf08bd
p:  117384.44782295852
5d39966c3df92b766dbf0960
p:  152067.90928577835
5d3996743df92b766dbf0961
p:  201493.50820133026
5d39970d8b26634dbabf08a6
p:  103394.9531272205
5d399738512dee30aabf08a9
p:  104068.28903480977
5d3997afab3273e7b0bf08b9
p:  192074.70112292355
5d3997b28b26634dbabf08aa
p:  195658.33660869958
5d3998074ece0f2c57bf08c4
p:  175035.67156085273
5d399830ab3273e7b0bf08bb
p:  125114.39426519124
5d3998393df92b766dbf0985
p:  268329.30244222435
5d39985d5fbbd58ddfbf08ff
p:  129191.40001325982
5d3998683df92b766dbf0989
p:  372078.120413768
5d39988539cf233831bf08de
p:  245083.07425282273
5d39989d5fbbd58ddfbf0900
p:  421937.44654713635
5d3998a907eb7806e7bf08e5
p:  106578.40364377532
5d3998bce1af5e0e68bf08d9
p:  132873.87841792838
5d3998bd3df92b766dbf098e
p:  201570.16349120776
5d3998ce512dee30aabf08ac
p:  148516.5566651253
5d3998e2e1af5e0e68bf08da
p:  109449.45218125681
5d3998fbb0e4717db8bf08ca
p:  156081.5878696895
5d3999154ece0f2c57bf08c9
p:  199610.50029423903
5d39992fb0e4717db8bf08cb
p:  155347.31131157963
5d399938512dee30aabf08ad
p:  199996.0537977423
5d39994207eb7806e7bf08e7
p:  156554.40280533067
5d39994d8b26634dbabf08b5
p:  627450.1037754916
5d399990e1af5e0e68bf08dd
p:  106190.79381616565
5d3999973df92b766dbf09a1
p:  288954.96705895744
5d3999cee1af5e0e68bf08de
p:  113985.02467528911
5d399a073df92b766dbf09a9
p:  318660.28040281957
5d399a5b5fbbd58ddfbf0903
p:  198369.80740701605
5d399a7e3df92b766dbf09b2
p:  228142.4306418447
5d399a885fbbd58ddfbf0904
p:  354692.5400982272
5d399a8d3df92b766dbf09b3
p:  697231.3380958939
5d399ac08b26634dbabf08bd
p:  104106.81657647091
5d399ae14ece0f2c57bf08d1
p:  118886.24774727039
5d399ae46ff152a211bf0985
p:  41925.904891280494
5d399b018b26634dbabf08bf
p:  67518.03666555024
5d399b05ab3273e7b0bf08c3
p:  180821.70908608855
5d399b08e1af5e0e68bf08e0
p:  115999.44360497106
5d399b1b5fbbd58ddfbf0906
p:  393893.45357075136
5d399b21e1af5e0e68bf08e1
p:  101807.22441869754
5d399b60b0e4717db8bf08cf
p:  135244.31319548597
5d399b89b0e4717db8bf08d0
p:  94567.02023441007
5d399bd23df92b766dbf09ce
p:  468469.45847501257
5d399bde3df92b766dbf09cf
p:  287435.78190750815
5d399bf54ece0f2c57bf08d5
p:  532941.5370121556
5d399c553df92b766dbf09d8
p:  297359.8931266888
5d399cb23df92b766dbf09e0
p:  93923.85560434533
5d399cd13df92b766dbf09e1
p:  75083.50860427768
5d399cdc3df92b766dbf09e2
p:  100076.20190655664
5d399cdc4ece0f2c57bf08d9
p:  200864.82599841687
5d399cfeab3273e7b0bf08cd
p:  205553.0862482963
5d399dd407eb7806e7bf08f6
p:  105117.83653329712
5d399dd639cf233831bf08ec
p:  252225.86848457885
5d399de33df92b766dbf09e6
p:  107256.75342217076
5d399eb6b0e4717db8bf08d7
p:  183945.62801061047
5d399eed3df92b766dbf09ea
p:  82269.95666272368
5d399f153df92b766dbf09eb
p:  96778.62640418517
5d399fd53df92b766dbf09ef
p:  84256.76578528468
5d399fe407eb7806e7bf08f8
p:  117779.18311983488
5d399feae1af5e0e68bf08ec
p:  97253.99548653264
5d399ffd4ece0f2c57bf08e7
p:  257496.11562589696
5d39a01507eb7806e7bf08f9
p:  104613.02198301704
5d39a094e1af5e0e68bf08ee
p:  248611.12697392522
5d39a0a93df92b766dbf09f0
p:  132729.0890118272
5d39a0b1e1af5e0e68bf08ef
p:  109449.45218125681
5d39a0c107eb7806e7bf08fc
p:  202886.46059882676
5d39a11a39cf233831bf08f5
p:  147348.3690805385
5d39a1c36e2324d097bf08ba
p:  134671.63154322465
5d39a29107eb7806e7bf08fd
p:  158852.69747017254
5d39a304ab3273e7b0bf08da
p:  89878.25031949699
5d39a32d4ece0f2c57bf08f5
p:  532941.5370121556
5d39a34a87816da7f4bf08d7
p:  105337.74114335552
5d39a37487816da7f4bf08d8
p:  143315.4249471221
5d39a3f43df92b766dbf09f5
p:  105540.90817444448
5d39a41e87816da7f4bf08dc
p:  141811.54322759443
5d39a44cb0e4717db8bf08de
p:  179191.41854769865
5d39a50087816da7f4bf08e1
p:  130212.45865779664
5d39a5103df92b766dbf09f7
p:  94118.33011898572
5d39a51d07eb7806e7bf08ff
p:  106159.62741270945
5d39a53d39cf233831bf08fe
p:  108445.0908493986
5d39a55d87816da7f4bf08e3
p:  124319.27419842512
5d39a5c0ab3273e7b0bf08df
p:  160028.61109311134
5d39a5e6e797136178bf08ce
p:  231201.81005988843
5d39a62739cf233831bf0901
p:  134612.95902108058
5d39a7003df92b766dbf09fa
p:  98820.112346795
5d39a70b512dee30aabf08e5
p:  137547.92131170415
5d39a74e512dee30aabf08e8
p:  103822.7741986007
5d39a7c2ab3273e7b0bf08e4
p:  119087.85009646727
5d39a7cd3df92b766dbf09fd
p:  76308.20740107224
5d39a808512dee30aabf08ed
p:  152939.61571385828
5d39a8364ece0f2c57bf090f
p:  187095.56505675774
5d39a85a512dee30aabf08ef
p:  134878.3702960189
5d39a94487816da7f4bf08f2
p:  149929.88040632606
5d39a97187816da7f4bf08f3
p:  125697.86130075731
5d39a9ad6ff152a211bf09a0
p:  104409.07979054721
5d39a9c639cf233831bf0903
p:  136429.1371097486
5d39a9c86ff152a211bf09a1
p:  180427.63996813283
5d39a9d8512dee30aabf08f8
p:  155052.99879716692
5d39aa733df92b766dbf0a05
p:  118813.12935502798
5d39aaca4ece0f2c57bf091d
p:  242494.50187508474
5d39aacc6ff152a211bf09a3
p:  133079.68467516586
5d39aae73df92b766dbf0a07
p:  93923.85560434533
5d39ab704ece0f2c57bf0920
p:  157434.89527345326
5d39ab72ab3273e7b0bf08ea
p:  273819.8049206791
5d39aba74ece0f2c57bf0921
p:  157434.89527345326
5d39ac265fbbd58ddfbf0923
p:  186942.04023749498
5d39ac90e1af5e0e68bf0907
p:  117381.04219776488
5d39ac948b26634dbabf08e9
p:  142912.449424601
5d39ace239cf233831bf090f
p:  154022.31605819287
5d39ace68b26634dbabf08eb
p:  142912.449424601
5d39adec39cf233831bf0913
p:  129658.83097651984
5d39ae47e1af5e0e68bf090c
p:  78029.21452895454
5d39aecbb0e4717db8bf08ef
p:  94567.02023441007
5d39af2d3df92b766dbf0a0b
p:  94118.33011898572
5d39af4f0493f3ea4bbf08e9
p:  119596.0068887315
5d39afa14ece0f2c57bf0932
p:  154992.1723640844
5d39b1310493f3ea4bbf08ec
p:  100829.18051314673
5d39b20c6ff152a211bf09b1
p:  169640.56798597047
5d39b26f07eb7806e7bf091a
p:  112217.29992730288
5d39b2dab0e4717db8bf08f3
p:  244431.92981627886
5d39b2fb87816da7f4bf0903
p:  117991.6290669261
5d39b2fb6ff152a211bf09b2
p:  244431.92981627886
5d39b31a07eb7806e7bf091b
p:  143997.13228289355
5d39b33a6ff152a211bf09b3
p:  133432.54937065678
5d39b3656ff152a211bf09b4
p:  164979.6173623872
5d39b367b0e4717db8bf08f4
p:  164979.6173623872
5d39b37d0493f3ea4bbf08ef
p:  159451.47638047085
5d39b3813df92b766dbf0a14
p:  82269.95666272368
5d39b3e70493f3ea4bbf08f1
p:  131629.21636700473
5d39b4556ff152a211bf09b9
p:  150548.61333733358
5d39b470b0e4717db8bf08f6
p:  72466.35916219797
5d39b47239cf233831bf091e
p:  103576.35393669082
5d39b4886ff152a211bf09ba
p:  72466.35916219797
5d39b4d96ff152a211bf09bb
p:  53808.29996732237
5d39b5734ece0f2c57bf094e
p:  309984.4847551084
5d39b691b0e4717db8bf08f8
p:  54287.84362613514
5d39b699512dee30aabf0936
p:  154369.26672574627
5d39b6b25fbbd58ddfbf092f
p:  120566.9933387795
5d39b7610493f3ea4bbf08f2
p:  118464.17245113754
5d39b7616ff152a211bf09c0
p:  105481.2066708821
5d39b7b85fbbd58ddfbf0931
p:  148371.50362501317
5d39b932b0e4717db8bf08fc
p:  57725.110369794675
5d39b93e512dee30aabf0938
p:  125857.4955244014
5d39b9ba0493f3ea4bbf08f6
p:  80370.00708712805
5d39ba5207eb7806e7bf0923
p:  96161.23262578782
5d39ba5b87816da7f4bf090c
p:  122787.752243254
5d39bbd0512dee30aabf093c
p:  129476.57462307878
5d39bc17b0e4717db8bf08fd
p:  52573.18687752616
5d39bf005fbbd58ddfbf0938
p:  146061.75445137543
5d39c00f6ff152a211bf09c6
p:  92030.00328918513
5d39c04d39cf233831bf0938
p:  113390.43936131321
5d39c05db0e4717db8bf0905
p:  92030.00328918513
5d39c0e14ece0f2c57bf0988
p:  417944.8578545048
5d39c10887816da7f4bf091c
p:  160712.7754149154
5d39c1330493f3ea4bbf08fe
p:  80370.00708712805
5d39c13e3df92b766dbf0a2c
p:  154985.0586965068
5d39c19b0493f3ea4bbf08ff
p:  178517.54688518678
5d39c1b54ece0f2c57bf098c
p:  149185.70275984844
5d39c3c55fbbd58ddfbf093f
p:  135356.0822218581
5d39c4140493f3ea4bbf0905
p:  211900.64268451737
5d39c4874ece0f2c57bf0998
p:  184935.99471005565
5d39c55f0493f3ea4bbf0909
p:  186436.8117984194
5d39c5a10493f3ea4bbf090a
p:  233828.6395901874
5d39c72b4ece0f2c57bf09a6
p:  493430.5824003521
5d39c7970493f3ea4bbf090d
p:  198832.45424680013
5d39ca8e39cf233831bf094f
p:  142095.76540761834
5d39cacd5fbbd58ddfbf094e
p:  112944.38665807972
5d39ccd25fbbd58ddfbf0955
p:  157379.5512469972
5d39d0275fbbd58ddfbf095b
p:  208432.8373464663
5d39d18e512dee30aabf096e
p:  521294.64228758425
5d39d18f6ff152a211bf09df
p:  328879.8486891765
5d39d4073df92b766dbf0a67
p:  619106.3499963987
5d39d4626ff152a211bf09e6
p:  125295.72386046825
5d3d003312ab06144e58f0fe
p:  240522.07137104403
5d3d006004ef3ad78358f0fe
p:  253138.44628315308
5d3d00ef5cd54e3ab558f0fd
p:  205101.98951340237
5d3d00f1986332275358f0ff
p:  202536.8294968154
5d3d037efb5800125058f109
p:  1022118.9620902562
5d3d05939abc03ec5258f107
p:  205135.96151369202
5d3d06f5ba2290c77758f10f
p:  296288.15572799416
5d3d080f764b652c8458f10a
p:  249990.06306543172
5d3d09b1282d2ca2d958f112
p:  582542.0071137958
5d3d09b75cd54e3ab558f106
p:  334956.2829251489
5d3d09f8ba2290c77758f117
p:  283830.7727234689
5d3d0acb5cd54e3ab558f108
p:  793762.0678360404
5d3d0d5112ab06144e58f11c
p:  508540.67542866827
5d3d0ec8282d2ca2d958f11d
p:  560391.5793962586
5d3d0ee65cd54e3ab558f112
p:  246985.18924718036
5d3d0ef3764b652c8458f114
p:  233193.95478147955
5d3d0f8fba2290c77758f120
p:  367468.0946548634
5d3d112204ef3ad78358f12b
p:  256601.7291515384
5d3d1127986332275358f121
p:  654906.113398264
5d3d122104ef3ad78358f12e
p:  413232.00945655914
5d3d128ed4d8b1edfb58f120
p:  136029.05619485557
5d3d1305ba2290c77758f131
p:  168553.76307034717
5d3d1347764b652c8458f11a
p:  266842.19265244954
5d3d1393045b23e40558f124
p:  314881.3477595629
5d3d13c304ef3ad78358f132
p:  377268.6778455538
5d3d148a12ab06144e58f129
p:  777164.9805130684
5d3d149dd4d8b1edfb58f128
p:  136029.05619485557
5d3d14e9cb6f1da60258f133
p:  722356.8313366291
5d3d15ae9abc03ec5258f13e
p:  188199.0493699737
5d3d15e5d4d8b1edfb58f12d
p:  245719.6506305294
5d3d1730282d2ca2d958f130
p:  587617.6092730372
5d3d19971e5201913558f12a
p:  296906.7367562335
5d3d19ba986332275358f12b
p:  162900.96517180547
5d3d1acf33ec667f3e58f13c
p:  248480.32285414077
5d3d1b8a986332275358f131
p:  123750.41514329787
5d3d1dc9ea6d207a8d58f136
p:  260080.21443830046
5d3d1f84d5d0ae621f58f14d
p:  214799.90197520054
5d3d21e8764b652c8458f13a
p:  395273.3000366359
5d3d22489abc03ec5258f15f
p:  246139.62135040248
5d3d23fef7a5ed1c1058f14b
p:  103337.50704959044
5d3d248cd4d8b1edfb58f142
p:  80370.00708712805
5d3d24ab282d2ca2d958f146
p:  101149.0984180934
5d3d24cbd4d8b1edfb58f143
p:  136207.56478655565
5d3d257533ec667f3e58f148
p:  102339.2644111467
5d3d259933ec667f3e58f149
p:  124055.99251057922
5d3d25c333ec667f3e58f14a
p:  114658.20240504
5d3d25f05cd54e3ab558f142
p:  71976.78023533951
5d3d25f4cb6f1da60258f15f
p:  124149.88013051046
5d3d26f4cb6f1da60258f160
p:  146445.15474884945
5d3d2797282d2ca2d958f148
p:  121999.66184739918
5d3d279d33ec667f3e58f14d
p:  102670.99588283472
5d3d27f3282d2ca2d958f149
p:  109007.29699788096
5d3d288833ec667f3e58f14e
p:  388598.221453152
5d3d28c6cb6f1da60258f167
p:  106615.35729645216
5d3d28f4ba2290c77758f15b
p:  134775.37731638586
5d3d2927d4d8b1edfb58f148
p:  155553.94867663056
5d3d294f9abc03ec5258f16e
p:  139904.24301722072
5d3d299b04ef3ad78358f14d
p:  136100.0658377799
5d3d29a7282d2ca2d958f14a
p:  278004.35853162815
5d3d29bf5cd54e3ab558f147
p:  88262.58366105886
5d3d2a30fb5800125058f146
p:  147568.24093173858
5d3d2a475cd54e3ab558f148
p:  101822.78757740073
5d3d2a77282d2ca2d958f14c
p:  104068.28903480977
5d3d2b4712ab06144e58f15b
p:  90697.39693876676
5d3d2b4cba2290c77758f15d
p:  133034.6749309597
5d3d2b6dba2290c77758f15e
p:  170594.5062077979
5d3d2b9c5cd54e3ab558f149
p:  117547.32217236397
5d3d2baad5d0ae621f58f162
p:  173606.543329455
5d3d2bee12ab06144e58f15e
p:  95663.11352896862
5d3d2c0112ab06144e58f15f
p:  133725.56403269293
5d3d2c22ba2290c77758f162
p:  140240.04224256013
5d3d2cb704ef3ad78358f152
p:  144803.4912909717
5d3d2ccc986332275358f158
p:  138244.1810945923
5d3d2cf7f7a5ed1c1058f158
p:  44212.65401488116
5d3d2d249abc03ec5258f177
p:  92892.16674140806
5d3d2d60cb6f1da60258f173
p:  162909.41178159486
5d3d2dd3986332275358f15a
p:  151832.77235232346
5d3d2e0dfb5800125058f158
p:  150379.03766361595
5d3d2e50282d2ca2d958f153
p:  93027.1199515954
5d3d2f1112ab06144e58f164
p:  94345.17907347388
5d3d2f14764b652c8458f14e
p:  185339.12695080158
5d3d2f4112ab06144e58f165
p:  130636.67832439151
5d3d2f60cb6f1da60258f176
p:  316185.6201340399
5d3d2f951e5201913558f167
p:  316185.6201340399
5d3d3009ba2290c77758f16b
p:  132102.63228768148
5d3d30dbf7a5ed1c1058f15d
p:  182104.1724779792
5d3d31941e5201913558f168
p:  91038.46054074397
5d3d32b7f7a5ed1c1058f167
p:  96907.07297131266
5d3d34a1f7a5ed1c1058f168
p:  170237.03353584884
5d3d378e12ab06144e58f173
p:  113525.21607619182
5d3d38849abc03ec5258f193
p:  117515.19493637276
5d3d3dec9abc03ec5258f19a
p:  109901.19884262276
5d3d3ed812ab06144e58f17f
p:  92303.58750808224
5d42e7465059a34d102fa1c2
p:  94647.73676865944
5d477bcfacae7a72623cb50d
p:  155979.27593315678
For ['Brown', 'Calumet', 'Door', 'Fond du Lac', 'Green Lake', 'Kewaunee', 'Manitowoc', 'Marinette', 'Marquette', 'Menominee', 'Oconto', 'Outagamie', 'Shawano', 'Sheboygan', 'Waupaca', 'Waushara', 'Winnebago']#################################################################
train score for random_forest: 0.9273361251249062
test score for random_forest: 0.5564311049201232
The mean absolute error is:$ 87151.50080072026
r_Score: 0.5839031054382471
Voting Regressor (in): 0.9112245623410481
Voting Regressor: 0.5839031054382471
5d26b07f107c1d579eeb69b7
p:  111173.58751479178
5d26fc4e107c1d579eeb6a39
p:  68300.17303784788
5d2998e8199bf96b6045ad05
p:  123413.27966046747
5d391c3c3df92b766dbf079b
p:  250090.55235167843
5d392ec9e797136178bf07c1
p:  75610.18761197191
5d3932ef87816da7f4bf07d2
p:  112354.49872453939
5d39334587816da7f4bf07d7
p:  113737.6622310983
5d3936b38b26634dbabf07db
p:  93576.16106886853
5d39373387816da7f4bf07f2
p:  351019.7965302521
5d393f3c39cf233831bf07ec
p:  184112.60414294054
5d393fab87816da7f4bf0806
p:  220362.60998096736
5d395a5a8b26634dbabf0832
p:  196832.55267146038
5d3a40a687816da7f4bf0a46
p:  176879.8253567763
5d3a41c887816da7f4bf0a4d
p:  112434.5663709499
5d3a491587816da7f4bf0a59
p:  150702.5022339096
5d3a4aab39cf233831bf0a89
p:  86172.5172542373
5d3a4bce07eb7806e7bf0aed
p:  118053.94732545936
5d3a4d0b87816da7f4bf0a6a
p:  160929.443162556
5d3a4e840493f3ea4bbf0a69
p:  43476.5707877407
5d3a5587e797136178bf0a77
p:  34035.37152419216
5d3a571807eb7806e7bf0b2a
p:  93947.49665666814
5d3a587107eb7806e7bf0b41
p:  243079.21905699366
5d3a591707eb7806e7bf0b4e
p:  56270.437386326514
5d3a5c6a07eb7806e7bf0b88
p:  59737.701511663436
5d3a5dfb07eb7806e7bf0bad
p:  116664.32055904088
5d3a6152e797136178bf0a98
p:  220345.7554623196
5d3a63bd07eb7806e7bf0c24
p:  156983.98877225252
5d3a6cb7e797136178bf0ab9
p:  271212.90949468233
5d3a6ec54ece0f2c57bf0bf6
p:  186135.37584355095
5d3a7035ab3273e7b0bf0ae9
p:  103171.75442971606
5d3a7272ab3273e7b0bf0af8
p:  18969.14506720778
5d3a7324e797136178bf0ac9
p:  156208.21562727483
5d3a7338ab3273e7b0bf0afc
p:  86759.05503908367
5d3a7362ab3273e7b0bf0afd
p:  103171.75442971606
5d3a74106e2324d097bf0ac0
p:  196132.89303684048
5d3a75874ece0f2c57bf0c1c
p:  519668.69146969006
5d3a75a86e2324d097bf0ac4
p:  144337.1376003377
5d3a75b20493f3ea4bbf0ac1
p:  191237.9939452862
5d3a787b4ece0f2c57bf0c2e
p:  453416.24142613885
5d3a7c18ab3273e7b0bf0b0d
p:  75424.08282853357
5d3a7e360493f3ea4bbf0ad0
p:  60870.05563927598
5d3a7e4f6e2324d097bf0aca
p:  60165.24661856947
5d3a7e860493f3ea4bbf0ad1
p:  127820.10093331864
5d3a80765fbbd58ddfbf0adb
p:  70978.82979652175
5d3a8443e797136178bf0af0
p:  314905.0757730237
5d3a869739cf233831bf0b63
p:  196029.63316303972
5d3a8711e797136178bf0af5
p:  103615.88099362115
5d3a87730493f3ea4bbf0ae7
p:  141623.7875317575
5d3a87ee0493f3ea4bbf0ae8
p:  139283.71251884548
5d3a881c6e2324d097bf0ade
p:  143260.33605081652
5d3a88eb5fbbd58ddfbf0af5
p:  182349.98442782694
5d3a8d225fbbd58ddfbf0b00
p:  114241.42485409803
5d3a92995fbbd58ddfbf0b0b
p:  45394.65791487163
5d3a94120493f3ea4bbf0b07
p:  126965.45034223836
5d3a96515fbbd58ddfbf0b11
p:  154879.68480635693
5d3a96c739cf233831bf0b84
p:  169698.02298298397
5d3a99a93df92b766dbf0c49
p:  376248.2961864247
5d3aa2d13df92b766dbf0c55
p:  139596.94595893688
5d3b513f4ece0f2c57bf1086
p:  123631.75973383052
5d3b514e4ece0f2c57bf1087
p:  128205.11907341385
5d3b51a84ece0f2c57bf108c
p:  108429.75529723361
5d3b51c84ece0f2c57bf108e
p:  155536.24055095628
5d3b51da4ece0f2c57bf108f
p:  169847.38314947585
5d3b52134ece0f2c57bf1092
p:  134653.75065801162
5d3b522b4ece0f2c57bf1093
p:  275618.6865407055
5d3b52754ece0f2c57bf1095
p:  114759.814094136
5d3b52834ece0f2c57bf1096
p:  108250.81287590369
5d3b52994ece0f2c57bf1097
p:  52770.51301051925
5d3b52a94ece0f2c57bf1098
p:  60971.65468587447
5d3b52ea4ece0f2c57bf109b
p:  123768.15180995048
5d3b52f74ece0f2c57bf109c
p:  147123.7752499863
5d3b53454ece0f2c57bf109e
p:  151045.92066138878
5d3b53a34ece0f2c57bf10a2
p:  178421.9465974201
5d3b53c2e797136178bf0d12
p:  126871.07979082789
5d3b53e53df92b766dbf0e3a
p:  98207.40851513103
5d3b54e54ece0f2c57bf10b0
p:  159248.1968992335
5d3b555d4ece0f2c57bf10b7
p:  122609.65733205681
5d3b55a44ece0f2c57bf10bb
p:  273362.81178839866
5d3b55cd4ece0f2c57bf10bd
p:  221250.19519861008
5d3b55dc4ece0f2c57bf10be
p:  108249.40661285314
5d3b56744ece0f2c57bf10c5
p:  150638.71844079986
5d3b57004ece0f2c57bf10cc
p:  220001.53559646755
5d3b570e4ece0f2c57bf10cd
p:  87739.57265462447
5d3b57394ece0f2c57bf10d0
p:  164333.28682225652
5d3b57aa07eb7806e7bf0f40
p:  130360.91535140353
5d3b57ba3df92b766dbf0e40
p:  58450.547389999076
5d3b581e3df92b766dbf0e41
p:  376258.8924791181
5d3b58ae4ece0f2c57bf10e0
p:  119014.30493841038
5d3b58e84ece0f2c57bf10e2
p:  60971.65468587447
5d3b593e4ece0f2c57bf10e7
p:  102546.67730815479
5d3b59554ece0f2c57bf10e8
p:  107817.55206036798
5d3b5972e797136178bf0d24
p:  206769.50840724725
5d3b599a4ece0f2c57bf10ea
p:  165224.30946888623
5d3b59a54ece0f2c57bf10eb
p:  110194.35620645894
5d3b59f6512dee30aabf0d51
p:  336269.17003426835
5d3b5a464ece0f2c57bf10f5
p:  144136.8340412474
5d3b5a6b4ece0f2c57bf10f6
p:  99870.79824621245
5d3b5a996e2324d097bf0d23
p:  268344.96213564737
5d3b5aa24ece0f2c57bf10f8
p:  116029.41215563763
5d3b5ab34ece0f2c57bf10f9
p:  79538.41926051925
5d3b5ac14ece0f2c57bf10fa
p:  52770.51301051925
5d3b5b1fe797136178bf0d2b
p:  204434.85094625177
5d3b5b684ece0f2c57bf1102
p:  111667.64383734594
5d3b5b7c4ece0f2c57bf1103
p:  137300.95905036846
5d3b5b9fe797136178bf0d2d
p:  111056.11000749862
5d3b5ba24ece0f2c57bf1104
p:  178057.48689487722
5d3b5d2a512dee30aabf0d58
p:  91734.934159484
5d3b5e3a512dee30aabf0d5f
p:  117793.11844741183
5d3b5e5c87816da7f4bf0d2f
p:  186625.246577365
5d3b5e714ece0f2c57bf1120
p:  163348.68795441877
5d3b5e974ece0f2c57bf1121
p:  158970.2177273003
5d3b5ea84ece0f2c57bf1122
p:  107053.1309056288
5d3b5ed7e797136178bf0d38
p:  158631.2595447997
5d3b5ede4ece0f2c57bf1124
p:  162563.60324704903
5d3b623f512dee30aabf0d6a
p:  148085.27872903482
5d3b63bf87816da7f4bf0d3d
p:  159461.2134299134
5d3b655ee797136178bf0d4d
p:  138255.54753197628
5d3b6655512dee30aabf0d7d
p:  159336.7334353006
5d3b667a87816da7f4bf0d43
p:  169107.3924186225
5d3b667c0493f3ea4bbf0d3a
p:  98068.50357933101
5d3b66e8512dee30aabf0d80
p:  149278.35123097763
5d3b671c87816da7f4bf0d45
p:  96868.65389865417
5d3b672b3df92b766dbf0e64
p:  142183.0630609506
5d3b67e16ff152a211bf0e38
p:  176687.3793795284
5d3b6854e797136178bf0d55
p:  114539.48154607789
5d3b688f6ff152a211bf0e39
p:  300706.57351141144
5d3b68ef6ff152a211bf0e3d
p:  496621.1248954086
5d3b691d0493f3ea4bbf0d40
p:  103815.34063438894
5d3b69c43df92b766dbf0e6b
p:  218140.13823360438
5d3b6a940493f3ea4bbf0d42
p:  58932.976083692556
5d3b6ab16ff152a211bf0e44
p:  140256.48436795763
5d3b6c445fbbd58ddfbf0d49
p:  174942.75156394808
5d3b6d1f3df92b766dbf0e6f
p:  208065.3232010561
5d3b6e32512dee30aabf0d90
p:  254370.60359536056
5d3b702c87816da7f4bf0d5d
p:  134695.67064498022
5d3b70720493f3ea4bbf0d4e
p:  141749.89173889928
5d3b73b40493f3ea4bbf0d54
p:  139352.23193054425
5d3b741b07eb7806e7bf0f86
p:  217664.9420074527
5d3b742d87816da7f4bf0d6f
p:  157962.22063797765
5d3b745f0493f3ea4bbf0d55
p:  68300.17303784788
5d3b76d75fbbd58ddfbf0d69
p:  290086.9526237807
5d3b76e607eb7806e7bf0f8c
p:  452791.9866110488
5d3b79dc0493f3ea4bbf0d5c
p:  89687.17756856828
5d3b7b690493f3ea4bbf0d62
p:  90984.62528880477
5d3b7d2107eb7806e7bf0fa0
p:  109762.0096813911
5d3b7d2e87816da7f4bf0dad
p:  224551.5690496231
5d3b7e4b0493f3ea4bbf0d68
p:  187900.07074305794
5d3b7fcd07eb7806e7bf0fa6
p:  105378.01474671476
5d3b80294ece0f2c57bf1172
p:  149074.48075728485
5d3b86770493f3ea4bbf0d7e
p:  68300.17303784788
5d3b8b3a87816da7f4bf0df5
p:  112507.32758731736
5d3b8b7087816da7f4bf0df6
p:  434023.73908438504
5d3b8d670493f3ea4bbf0d8b
p:  68300.17303784788
5d3b8e6b0493f3ea4bbf0d8e
p:  68300.17303784788
5d3b9a9a0493f3ea4bbf0db1
p:  68300.17303784788
5d3b9bf10493f3ea4bbf0db3
p:  86351.79070214441
5d3b9f194ece0f2c57bf11bf
p:  113319.86874961309
5d3ba0e107eb7806e7bf0ff7
p:  76704.97512128213
5d3ba1400493f3ea4bbf0dc1
p:  131399.99517989877
5d3badfc0493f3ea4bbf0de1
p:  107873.70490779055
5d3d004cd4d8b1edfb58f0fc
p:  181868.54463036812
5d3d5409fb5800125058f1a6
p:  144189.97377322975
5d3d5427fb5800125058f1a7
p:  144189.97377322975
5d3d607ccb6f1da60258f1d1
p:  181236.28612959548
5d3d636104ef3ad78358f1bf
p:  111501.62352462957
5d3d6467282d2ca2d958f1bc
p:  347570.6000420761
5d3d69acd4d8b1edfb58f1b6
p:  152130.50766506387
5d3d6a30d4d8b1edfb58f1b8
p:  108926.166110473
5d3d6b9112ab06144e58f1fb
p:  125990.21963035033
5d3d6cd412ab06144e58f200
p:  167882.30951913318
5d3d6cdb986332275358f1e0
p:  45394.65791487163
5d3d6f7f04ef3ad78358f1cb
p:  93896.23731206176
5d3d74bdcb6f1da60258f1f1
p:  153359.99003794155
5d3da13d9abc03ec5258f271
p:  131830.2051912093
5d3da22bd5d0ae621f58f244
p:  275792.0525831399
5d3da24404ef3ad78358f227
p:  100836.39035216061
5d3da42afb5800125058f246
p:  122764.57338644231
5d3da4beea6d207a8d58f21a
p:  139045.1809289852
5d3da5539abc03ec5258f279
p:  153706.14248629735
5d3da643ba2290c77758f23c
p:  50196.15236839416
5d3da6b0986332275358f242
p:  495189.4340030064
5d3da7005cd54e3ab558f226
p:  97584.27106704905
5d3da76c282d2ca2d958f22b
p:  250708.79007802127
5d3da9a9045b23e40558f22e
p:  170729.07335702592
5d3da9bf045b23e40558f22f
p:  92587.43480985293
5d3daa90ba2290c77758f241
p:  68300.17303784788
5d3dae1b045b23e40558f23a
p:  106852.1641274018
5d3db071045b23e40558f23c
p:  170729.07335702592
5d3db1a3ba2290c77758f24c
p:  160243.66472937178
5d3db58aba2290c77758f24f
p:  86390.14315876871
For ['Barron', 'Buffalo', 'Burnett', 'Chippewa', 'Clark', 'Douglas', 'Dunn', 'Eau Claire', 'Jackson', 'La Crosse', 'Monroe', 'Pepin', 'Pierce', 'Polk', 'Rusk', 'St. Croix', 'Trempealeau', 'Washburn']#################################################################
train score for random_forest: 0.9145099131959066
test score for random_forest: 0.4356707851143765
The mean absolute error is:$ 87615.1826818447
r_Score: 0.4721146871902592
Voting Regressor (in): 0.9067627538472188
Voting Regressor: 0.4721146871902592
5d35118018f8dde30a0abd56
p:  198174.01392936823
5d3511a418f8dde30a0abd58
p:  142211.6870552377
5d3514b818f8dde30a0abd7c
p:  258347.46455652043
5d35152518f8dde30a0abd82
p:  226137.9628690199
5d3517c918f8dde30a0abd9e
p:  251252.53891266134
5d3517da18f8dde30a0abd9f
p:  251252.53891266134
5d351a3b18f8dde30a0abdbb
p:  251252.53891266134
5d351af618f8dde30a0abdc3
p:  251252.53891266134
5d352b9018f8dde30a0abde0
p:  160078.74398186262
5d352c4d18f8dde30a0abde2
p:  174686.2117861835
5d38ab937110e453a0b03ac2
p:  194352.32035749618
5d3a29f44ece0f2c57bf0b1f
p:  377526.3460671594
5d3a2a184ece0f2c57bf0b20
p:  372198.6367838192
5d3a2aa43df92b766dbf0b33
p:  204177.16532372055
5d3a2bc66e2324d097bf09ee
p:  134172.61532568967
5d3a2bef6e2324d097bf09ef
p:  262384.72381054016
5d3a2c8639cf233831bf0a55
p:  251252.53891266134
5d3a2d014ece0f2c57bf0b27
p:  265311.1733711064
5d3a2d4e4ece0f2c57bf0b29
p:  326127.0818551396
5d3a2e5e4ece0f2c57bf0b30
p:  630928.9398465937
5d3a2e854ece0f2c57bf0b31
p:  1241937.3512804701
5d3a2ee96e2324d097bf09f7
p:  128961.31943328111
5d3a2f494ece0f2c57bf0b36
p:  205782.76398272032
5d3a2f704ece0f2c57bf0b37
p:  298135.60736465093
5d3a30706e2324d097bf09f9
p:  252910.90821968415
5d3a30ca6e2324d097bf09fc
p:  332856.0349600925
5d3a30fe39cf233831bf0a5e
p:  173531.23321890313
5d3a31286e2324d097bf0a01
p:  303849.6347138859
5d3a33804ece0f2c57bf0b47
p:  410511.77072405355
5d3a33d56e2324d097bf0a04
p:  284362.6926845317
5d3a36a707eb7806e7bf0ab6
p:  202491.60831064862
5d3a386007eb7806e7bf0abb
p:  119502.85495006212
5d3a3a2d4ece0f2c57bf0b56
p:  295114.1400631709
5d3a3d494ece0f2c57bf0b65
p:  364907.73529215815
5d3a3ef85fbbd58ddfbf0a4e
p:  156892.12395536076
5d3a40cf4ece0f2c57bf0b6c
p:  679363.4792011781
5d3a4bc34ece0f2c57bf0b82
p:  283995.4182629759
5d3af06d39cf233831bf0c8d
p:  197725.1418464895
5d3af1ae39cf233831bf0c8e
p:  113502.88637613686
5d3af2a639cf233831bf0c91
p:  146989.16509762913
5d3af2c33df92b766dbf0d26
p:  146039.4030682986
5d3af3f63df92b766dbf0d28
p:  61211.67348632611
5d3af5573df92b766dbf0d2b
p:  83978.62704772691
5d3afb463df92b766dbf0d33
p:  142370.28235090722
5d3aff233df92b766dbf0d46
p:  113268.8997978698
5d3affea3df92b766dbf0d4b
p:  173880.62402144357
5d3b001d3df92b766dbf0d4c
p:  266055.0632931044
5d3b05d507eb7806e7bf0e2d
p:  167143.5680646134
5d3b09473df92b766dbf0d64
p:  143299.5519395754
5d3b0a8f3df92b766dbf0d6c
p:  183804.6035454711
5d3b0b7b6ff152a211bf0d1b
p:  119687.8420506393
5d3b0bc987816da7f4bf0c4d
p:  465119.53773816675
5d3b0bf76ff152a211bf0d1c
p:  206670.9679039048
5d3b0c316ff152a211bf0d1d
p:  219783.6814120482
5d3b0d166ff152a211bf0d21
p:  104727.43936277737
5d3b0d8b6ff152a211bf0d23
p:  119687.8420506393
5d3b0e706ff152a211bf0d27
p:  114869.51013524397
5d3b0fade797136178bf0c59
p:  110875.30381178693
5d3b13416e2324d097bf0c4c
p:  362811.1323879368
5d3b146d07eb7806e7bf0e4d
p:  223163.50517237862
5d3b1571ab3273e7b0bf0c70
p:  224853.73420564068
5d3b16855fbbd58ddfbf0c6b
p:  127910.11058829183
5d3b16bf6ff152a211bf0d46
p:  119687.8420506393
5d3b177a07eb7806e7bf0e50
p:  109076.18563315921
5d3b1791ab3273e7b0bf0c74
p:  180738.88912459998
5d3b184c5fbbd58ddfbf0c6d
p:  191111.49847205175
5d3b187a6ff152a211bf0d47
p:  171846.69448657875
5d3b192607eb7806e7bf0e55
p:  117700.64748716043
5d3b19ae07eb7806e7bf0e58
p:  189108.2355268003
5d3b19bb5fbbd58ddfbf0c71
p:  205193.98304737877
5d3b1a3887816da7f4bf0c6e
p:  243890.61590504769
5d3b1c6e07eb7806e7bf0e5c
p:  192809.62160425563
5d3b1cb35fbbd58ddfbf0c75
p:  236849.03776105557
5d3b1e06e797136178bf0c75
p:  377585.9200284087
5d3b1f2c5fbbd58ddfbf0c7d
p:  162510.42356742863
5d3b1f445fbbd58ddfbf0c7f
p:  145240.9320360914
5d3b22185fbbd58ddfbf0c85
p:  249728.9609676246
5d3b22365fbbd58ddfbf0c87
p:  205920.04113275604
5d3b224607eb7806e7bf0e69
p:  87752.67710824675
5d3b22f04ece0f2c57bf0e27
p:  162710.41040290392
5d3b23a84ece0f2c57bf0e32
p:  96976.63758233319
5d3b24b087816da7f4bf0c8b
p:  495513.3987020323
5d3b24cf4ece0f2c57bf0e42
p:  224209.44043486187
5d3b25426ff152a211bf0d67
p:  151242.33685054164
5d3b27e96ff152a211bf0d6f
p:  214274.5337143247
5d3b28ee5fbbd58ddfbf0c95
p:  201124.04619160068
5d3b291b6ff152a211bf0d71
p:  173820.56519483286
5d3b2d8f4ece0f2c57bf0ec0
p:  160286.17288918406
5d3b2dbf6ff152a211bf0d7d
p:  166147.7425907689
5d3b2e066ff152a211bf0d7e
p:  229141.85883359777
5d3b2e436ff152a211bf0d7f
p:  120037.36828813945
5d3b2e646ff152a211bf0d80
p:  98544.87204541077
5d3b2eb16ff152a211bf0d83
p:  174114.3407973459
5d3b2ed85fbbd58ddfbf0ca2
p:  194444.28841784588
5d3b2efc4ece0f2c57bf0ed2
p:  99426.30672980516
5d3b30c36ff152a211bf0d8d
p:  103963.14324645109
5d3b31ad6ff152a211bf0d8e
p:  241370.04733829334
5d3b31b907eb7806e7bf0e8b
p:  131879.75187554795
5d3b32906ff152a211bf0d92
p:  241370.04733829334
5d3b351d6ff152a211bf0d9c
p:  417039.6129209376
5d3b36a76ff152a211bf0da4
p:  103963.14324645109
5d3b36f96ff152a211bf0da5
p:  103963.14324645109
5d3b373f6ff152a211bf0da6
p:  64940.22397333884
5d3b37946ff152a211bf0da7
p:  105317.98645174934
5d3b37cf6ff152a211bf0da8
p:  117654.8085117972
5d3b38376ff152a211bf0da9
p:  97025.73923291077
5d3b39096ff152a211bf0daa
p:  105317.98645174934
5d3b39fb6ff152a211bf0dab
p:  120037.36828813945
5d3b3a2a6ff152a211bf0dac
p:  97025.73923291077
5d3b3a8d07eb7806e7bf0e98
p:  151611.66093732242
5d3b3b7f5fbbd58ddfbf0cc8
p:  218544.438077462
5d3b3e136ff152a211bf0db8
p:  92114.53329807965
5d3b40366ff152a211bf0dbc
p:  246859.77151044906
5d3b41aa512dee30aabf0d0f
p:  461883.1582827341
5d3b41c80493f3ea4bbf0cc2
p:  359020.2492058207
5d3b41de0493f3ea4bbf0cc3
p:  165740.14312607335
5d3b444a6ff152a211bf0dcb
p:  120037.36828813945
5d3b445039cf233831bf0d6f
p:  359458.24827594584
5d3b44656ff152a211bf0dcc
p:  131223.5395504671
5d3b45626ff152a211bf0dcd
p:  78742.93644752988
5d3b45966ff152a211bf0dce
p:  64940.22397333884
5d3b45c76ff152a211bf0dcf
p:  117654.8085117972
5d3b45f46ff152a211bf0dd0
p:  94120.11525854262
5d3b463d6ff152a211bf0dd2
p:  98544.87204541077
5d3b46d56ff152a211bf0dd3
p:  132231.91091986923
5d3b46f46ff152a211bf0dd4
p:  77932.75131708884
5d3b47216ff152a211bf0dd5
p:  64940.22397333884
5d3b475c6ff152a211bf0dd6
p:  117654.8085117972
5d3b47e26ff152a211bf0dd7
p:  158474.64724543778
5d3b47e307eb7806e7bf0ed4
p:  206003.6231735361
5d3b48046ff152a211bf0dd8
p:  95206.351004233
5d3b4aa087816da7f4bf0cf0
p:  243327.1251799963
5d3b4b1f6e2324d097bf0cd8
p:  150972.298070034
5d3b4d05ab3273e7b0bf0ceb
p:  175494.06395617628
5d3b4e7d5fbbd58ddfbf0cf1
p:  88695.98449413787
5d3b50124ece0f2c57bf1075
p:  149247.07489881734
5d3b51bc5fbbd58ddfbf0cfb
p:  110967.33295398219
5d3b54035fbbd58ddfbf0d04
p:  132505.90593756078
5d3b54705fbbd58ddfbf0d07
p:  142392.08616505685
5d3b55e15fbbd58ddfbf0d09
p:  115233.26654773219
5d3b57d25fbbd58ddfbf0d0c
p:  77748.62929849181
5d3b57fc5fbbd58ddfbf0d0d
p:  91446.56099553371
5d3b64945fbbd58ddfbf0d34
p:  236621.22089111115
5d3b64b15fbbd58ddfbf0d35
p:  132084.92014791816
5d3b64d05fbbd58ddfbf0d36
p:  129088.68617519608
5d3d56a4986332275358f19a
p:  150726.53308399447
5d3d5987986332275358f1ab
p:  129167.86857825579
5d3d59ff986332275358f1ac
p:  121585.57842111278
5d3d5a2c5cd54e3ab558f190
p:  348917.03753122105
5d3d5b901e5201913558f1bd
p:  251252.53891266134
5d3d5bddba2290c77758f1bc
p:  343212.8200753058
5d3d5c5b764b652c8458f1a8
p:  168142.54949180043
5d3d5d505cd54e3ab558f195
p:  192540.5666835285
5d3d5dff986332275358f1bc
p:  420813.7928187598
5d3d5e7c986332275358f1be
p:  1381235.15397587
5d3d6579ba2290c77758f1d1
p:  242062.86954929773
5d3d724712ab06144e58f214
p:  189887.05192473473
5d3d7584f7a5ed1c1058f1f5
p:  124277.21682944063
5d3d8a46ba2290c77758f218
p:  92635.49806378057
5d3d8a70fb5800125058f20f
p:  72639.09334565958
5d3d8a98fb5800125058f210
p:  173880.62402144357
5d3d8df9fb5800125058f215
p:  150129.02471419334
5d3d8f7c282d2ca2d958f202
p:  338034.6243305921
5d3d9050fb5800125058f219
p:  69711.94490815958
5d3d908fcb6f1da60258f214
p:  119898.55720090237
5d3d90c2fb5800125058f21b
p:  69711.94490815958
5d3d90e3fb5800125058f21c
p:  149351.54662378103
5d3d918dfb5800125058f21d
p:  128086.09077551469
5d3d91e75cd54e3ab558f1f4
p:  205193.98304737877
5d3d9299fb5800125058f21e
p:  99121.893119788
5d3d92ff5cd54e3ab558f1f8
p:  104890.53459050276
5d3d939cd4d8b1edfb58f20d
p:  496792.9984062615
5d3d940dcb6f1da60258f21c
p:  221235.35036416486
5d3d9524fb5800125058f224
p:  82120.84615618658
5d3d956bcb6f1da60258f21e
p:  329762.46122856473
5d3d95d412ab06144e58f253
p:  478848.5983272856
5d3d968e5cd54e3ab558f202
p:  87736.09309868484
5d3d96d2fb5800125058f22a
p:  170652.34145504562
5d3d97529abc03ec5258f25f
p:  92114.53329807965
5d3d97ea5cd54e3ab558f206
p:  87736.09309868484
5d3d98185cd54e3ab558f207
p:  87736.09309868484
5d3d98429abc03ec5258f262
p:  213614.38590307764
5d3d9f3c282d2ca2d958f21b
p:  247766.9650089008
5d3da01a9abc03ec5258f26d
p:  160721.79847825321
5d3da1a5045b23e40558f21d
p:  137457.77000627073
5d3da3b7fb5800125058f244
p:  99121.893119788
5d3da877045b23e40558f229
/home/testapiuser/HouseApp_2/PricePrediction/WIPrice.py:269: SettingWithCopyWarning: 
A value is trying to be set on a copy of a slice from a DataFrame.
Try using .loc[row_indexer,col_indexer] = value instead

See the caveats in the documentation: http://pandas.pydata.org/pandas-docs/stable/indexing.html#indexing-view-versus-copy
  df2['AreaSpace_SQFT'] = df2['AreaSpace_SQFT'].astype(int)
/home/testapiuser/HouseApp_2/PricePrediction/WIPrice.py:281: SettingWithCopyWarning: 
A value is trying to be set on a copy of a slice from a DataFrame.
Try using .loc[row_indexer,col_indexer] = value instead

See the caveats in the documentation: http://pandas.pydata.org/pandas-docs/stable/indexing.html#indexing-view-versus-copy
  df2['Price'] = z1
/home/testapiuser/HouseApp_2/PricePrediction/WIPrice.py:288: SettingWithCopyWarning: 
A value is trying to be set on a copy of a slice from a DataFrame.
Try using .loc[row_indexer,col_indexer] = value instead

See the caveats in the documentation: http://pandas.pydata.org/pandas-docs/stable/indexing.html#indexing-view-versus-copy
  df2['AreaSpace_SQFT'] = z2
/home/testapiuser/HouseApp_2/PricePrediction/WIPrice.py:269: SettingWithCopyWarning: 
A value is trying to be set on a copy of a slice from a DataFrame.
Try using .loc[row_indexer,col_indexer] = value instead

See the caveats in the documentation: http://pandas.pydata.org/pandas-docs/stable/indexing.html#indexing-view-versus-copy
  df2['AreaSpace_SQFT'] = df2['AreaSpace_SQFT'].astype(int)
/home/testapiuser/HouseApp_2/PricePrediction/WIPrice.py:281: SettingWithCopyWarning: 
A value is trying to be set on a copy of a slice from a DataFrame.
Try using .loc[row_indexer,col_indexer] = value instead

See the caveats in the documentation: http://pandas.pydata.org/pandas-docs/stable/indexing.html#indexing-view-versus-copy
  df2['Price'] = z1
/home/testapiuser/HouseApp_2/PricePrediction/WIPrice.py:288: SettingWithCopyWarning: 
A value is trying to be set on a copy of a slice from a DataFrame.
Try using .loc[row_indexer,col_indexer] = value instead

See the caveats in the documentation: http://pandas.pydata.org/pandas-docs/stable/indexing.html#indexing-view-versus-copy
  df2['AreaSpace_SQFT'] = z2
/home/testapiuser/HouseApp_2/PricePrediction/WIPrice.py:269: SettingWithCopyWarning: 
A value is trying to be set on a copy of a slice from a DataFrame.
Try using .loc[row_indexer,col_indexer] = value instead

See the caveats in the documentation: http://pandas.pydata.org/pandas-docs/stable/indexing.html#indexing-view-versus-copy
  df2['AreaSpace_SQFT'] = df2['AreaSpace_SQFT'].astype(int)
/home/testapiuser/HouseApp_2/PricePrediction/WIPrice.py:281: SettingWithCopyWarning: 
A value is trying to be set on a copy of a slice from a DataFrame.
Try using .loc[row_indexer,col_indexer] = value instead

See the caveats in the documentation: http://pandas.pydata.org/pandas-docs/stable/indexing.html#indexing-view-versus-copy
  df2['Price'] = z1
/home/testapiuser/HouseApp_2/PricePrediction/WIPrice.py:288: SettingWithCopyWarning: 
A value is trying to be set on a copy of a slice from a DataFrame.
Try using .loc[row_indexer,col_indexer] = value instead

See the caveats in the documentation: http://pandas.pydata.org/pandas-docs/stable/indexing.html#indexing-view-versus-copy
  df2['AreaSpace_SQFT'] = z2
/home/testapiuser/HouseApp_2/PricePrediction/WIPrice.py:269: SettingWithCopyWarning: 
A value is trying to be set on a copy of a slice from a DataFrame.
Try using .loc[row_indexer,col_indexer] = value instead

See the caveats in the documentation: http://pandas.pydata.org/pandas-docs/stable/indexing.html#indexing-view-versus-copy
  df2['AreaSpace_SQFT'] = df2['AreaSpace_SQFT'].astype(int)
/home/testapiuser/HouseApp_2/PricePrediction/WIPrice.py:281: SettingWithCopyWarning: 
A value is trying to be set on a copy of a slice from a DataFrame.
Try using .loc[row_indexer,col_indexer] = value instead

See the caveats in the documentation: http://pandas.pydata.org/pandas-docs/stable/indexing.html#indexing-view-versus-copy
  df2['Price'] = z1
/home/testapiuser/HouseApp_2/PricePrediction/WIPrice.py:288: SettingWithCopyWarning: 
A value is trying to be set on a copy of a slice from a DataFrame.
Try using .loc[row_indexer,col_indexer] = value instead

See the caveats in the documentation: http://pandas.pydata.org/pandas-docs/stable/indexing.html#indexing-view-versus-copy
  df2['AreaSpace_SQFT'] = z2
/home/testapiuser/HouseApp_2/PricePrediction/WIPrice.py:269: SettingWithCopyWarning: 
A value is trying to be set on a copy of a slice from a DataFrame.
Try using .loc[row_indexer,col_indexer] = value instead

See the caveats in the documentation: http://pandas.pydata.org/pandas-docs/stable/indexing.html#indexing-view-versus-copy
  df2['AreaSpace_SQFT'] = df2['AreaSpace_SQFT'].astype(int)
/home/testapiuser/HouseApp_2/PricePrediction/WIPrice.py:281: SettingWithCopyWarning: 
A value is trying to be set on a copy of a slice from a DataFrame.
Try using .loc[row_indexer,col_indexer] = value instead

See the caveats in the documentation: http://pandas.pydata.org/pandas-docs/stable/indexing.html#indexing-view-versus-copy
  df2['Price'] = z1
/home/testapiuser/HouseApp_2/PricePrediction/WIPrice.py:288: SettingWithCopyWarning: 
A value is trying to be set on a copy of a slice from a DataFrame.
Try using .loc[row_indexer,col_indexer] = value instead

See the caveats in the documentation: http://pandas.pydata.org/pandas-docs/stable/indexing.html#indexing-view-versus-copy
  df2['AreaSpace_SQFT'] = z2
p:  91446.56099553371
5d4405750c2b93cba458ad49
p:  98051.64302678371
5d4743d2d57846aad03cb39a
p:  304438.8542407733
For ['Ashland', 'Bayfield', 'Florence', 'Forest', 'Iron', 'Langlade', 'Lincoln', 'Marathon', 'Oneida', 'Portage', 'Price', 'Sawyer', 'Taylor', 'Vilas', 'Wood']#################################################################
train score for random_forest: 0.9203986286449923
test score for random_forest: 0.4254201415651424
The mean absolute error is:$ 99690.57040296443
r_Score: 0.42599395205842405
Voting Regressor (in): 0.9123582448210181
Voting Regressor: 0.42599395205842405
5d3a41330493f3ea4bbf0a49
p:  105779.31063414877
5d3a7cdd6ff152a211bf0bb5
p:  95438.09913791378
5d3a84a4ab3273e7b0bf0b26
p:  64811.91795987393
5d3a915187816da7f4bf0b1a
p:  203281.34368732577
5d3aa35087816da7f4bf0b48
p:  281938.1318801574
5d3aa36f87816da7f4bf0b49
p:  119942.06191046204
5d3aa4af6e2324d097bf0b2e
p:  105864.31026901922
5d3aa7765fbbd58ddfbf0b33
p:  68611.59162332458
5d3aaf8387816da7f4bf0b69
p:  94260.16256981742
5d3ab7ec07eb7806e7bf0d22
p:  112733.06848659963
5d3ab8cb39cf233831bf0be1
p:  186227.66722789156
5d3ab96707eb7806e7bf0d28
p:  304029.535205047
5d3aba8187816da7f4bf0b85
p:  224849.3886282916
5d3abe6f07eb7806e7bf0d37
p:  145671.2140945125
5d3abeca07eb7806e7bf0d38
p:  158759.40433925402
5d3ac591e797136178bf0ba6
p:  127097.93471515867
5d3ac67307eb7806e7bf0d50
p:  136204.26085618587
5d3ac74c39cf233831bf0bfa
p:  85841.40076535987
5d3ac7df0493f3ea4bbf0b8d
p:  160471.51455774496
5d3acc56512dee30aabf0bd7
p:  80426.45347783447
5d3ad02607eb7806e7bf0d6c
p:  150792.2151404532
5d3ad473e797136178bf0bd1
p:  247885.2341174712
5d3ad4d6ab3273e7b0bf0be5
p:  593806.6485908718
5d3ad9bd39cf233831bf0c2e
p:  338582.2272141294
5d3ae56e39cf233831bf0c71
p:  198379.58311785647
5d3ae68439cf233831bf0c75
p:  114903.55898705978
5d3b30ca4ece0f2c57bf0ee5
p:  86473.87236397824
5d3b36540493f3ea4bbf0c9c
p:  129519.97617546229
5d3d75ba5cd54e3ab558f1c2
p:  107654.8472537856
5d3d78b4986332275358f1f0
p:  146876.45412264817
5d3d7aadd5d0ae621f58f20b
p:  166344.79471639462
5d3d8301045b23e40558f1ef
p:  282815.11687305046
Current date and time: 2020-06-08 15:34:11
Successfully connect to DB.
For ['Adams', 'Columbia', 'Crawford', 'Dane', 'Dodge', 'Grant', 'Green', 'Iowa', 'Juneau', 'Lafayette', 'Richland', 'Rock', 'Sauk', 'Vernon']#################################################################
train score for random_forest: 0.9168680862203382
test score for random_forest: 0.4352846013733388
The mean absolute error is:$ 98921.68436439105
r_Score: 0.48925453349642645
Voting Regressor (in): 0.898