/home/testapiuser/HouseApp_2/PricePrediction/WVPrice.py:321: SettingWithCopyWarning: 
A value is trying to be set on a copy of a slice from a DataFrame.
Try using .loc[row_indexer,col_indexer] = value instead

See the caveats in the documentation: http://pandas.pydata.org/pandas-docs/stable/indexing.html#indexing-view-versus-copy
  df2['AreaSpace_SQFT'] = df2['AreaSpace_SQFT'].astype(int)
/home/testapiuser/HouseApp_2/PricePrediction/WVPrice.py:333: SettingWithCopyWarning: 
A value is trying to be set on a copy of a slice from a DataFrame.
Try using .loc[row_indexer,col_indexer] = value instead

See the caveats in the documentation: http://pandas.pydata.org/pandas-docs/stable/indexing.html#indexing-view-versus-copy
  df2['Price'] = z1
/home/testapiuser/HouseApp_2/PricePrediction/WVPrice.py:340: SettingWithCopyWarning: 
A value is trying to be set on a copy of a slice from a DataFrame.
Try using .loc[row_indexer,col_indexer] = value instead

See the caveats in the documentation: http://pandas.pydata.org/pandas-docs/stable/indexing.html#indexing-view-versus-copy
  df2['AreaSpace_SQFT'] = z2
Current date and time: 2020-06-07 15:34:20
Successfully connect to DB.
For ['Barbour', 'Berkeley', 'Boone', 'Braxton', 'Brooke', 'Cabell', 'Calhoun', 'Clay', 'Doddridge', 'Fayette', 'Gilmer', 'Grant', 'Greenbrier', 'Hampshire', 'Hancock', 'Hardy', 'Harrison', 'Jackson', 'Jefferson', 'Kanawha', 'Lewis', 'Lincoln', 'Logan', 'Marion', 'Marshall', 'Mason', 'McDowell', 'Mercer', 'Mineral', 'Mingo', 'Monongalia', 'Monroe', 'Morgan', 'Nicholas', 'Ohio', 'Pendleton', 'Pleasants', 'Pocahontas', 'Preston', 'Putnam', 'Raleigh', 'Randolph', 'Ritchie', 'Roane', 'Summers', 'Taylor', 'Tucker', 'Tyler', 'Upshur', 'Wayne', 'Webster', 'Wetzel', 'Wirt', 'Wood', 'Wyoming']#################################################################
train score for random_forest: 0.9252001747219031
test score for random_forest: 0.5926015158696549
The mean absolute error is:$ 65713.02018013985
r_Score: 0.6133572603768664
Voting Regressor (in): 0.9561527625924103
Voting Regressor: 0.6133572603768664
5d081c4a7c1d83daee248b99
p:  113082.05291641218
5d0e840d2b8f60b82b8f8d1f
p:  120954.79238134372
5d0eabed2b8f60b82b8f8dee
p:  179374.3623048482
5d1c0267dbebfd779eefbc70
p:  215490.68260736438
5d1c1d1502e1f427a5efbca1
p:  348340.7130689804
5d1c59140a1cbc8e6fefbcbe
p:  113082.05291641218
5d1c8fe0dbebfd779eefbda0
p:  91522.1324757564
5d2b7b8047cfe46363877bda
p:  115948.54432884423
5d2f6d7a8b6c8df1a080b6b8
p:  311969.2005211242
5d2f81848b6c8df1a080b6ea
p:  146346.3493916206
5d3e714dbd7b3d656007b5f8
p:  108708.07132535115
5d40f547e3a87001ca64b8f5
p:  123869.79840660354
5d45617af6b4c2439b8b208e
p:  142890.1138975073
5d472bf6d57846aad03cb359
p:  156379.825489211
5d52ef278b064ecea97a16c7
p:  43675.89414457919
5d52f0380ba9f7e47f7a16c9
p:  40706.4846491052
5d52f2198b064ecea97a16cb
p:  57541.02246301849
5d52f26e38a4e3597c7a16cb
p:  106512.77172289634
5d52f59c87f77a3ad87a16cf
p:  116413.4418475235
5d52f61c38a4e3597c7a16cf
p:  74754.63528029283
5d52f6af0ba9f7e47f7a16d0
p:  44417.30360220738
5d52fb470ba9f7e47f7a16d4
p:  147929.19605807491
5d52fcf90ba9f7e47f7a16d6
p:  89722.43026862256
5d52fe6338a4e3597c7a16d7
p:  165721.92097869318
5d5301f0fd2cdc4e177a16e2
p:  53976.97176332146
5d5303650ba9f7e47f7a16db
p:  80639.15812096026
5d53040ac9c8926c9a7a16df
p:  154015.2907401566
5d5304f529830a4d7d7a16e4
p:  65169.361696987085
5d53075829830a4d7d7a16ec
p:  156212.59565153607
5d53081838a4e3597c7a1707
p:  93294.93419217014
5d530c2906f750ae8f7a1711
p:  42626.73394064425
5d530d7949f2bde8e67a16e9
p:  58196.019528381476
5d530de50ba9f7e47f7a16ec
p:  37064.16762714367
5d530e0b2171b035b67a16f0
p:  84555.88524208509
5d530f0849f2bde8e67a16ec
p:  109685.02603023524
5d530fdc87f77a3ad87a1725
p:  49407.85034504211
5d530fef06f750ae8f7a1718
p:  76367.89979714388
5d530ff887f77a3ad87a1726
p:  89495.66684201866
5d53105d87f77a3ad87a1729
p:  67014.69372252157
5d5311c506f750ae8f7a171e
p:  108536.89110249205
5d53127849f2bde8e67a16f0
p:  303709.6294765247
5d53127a87f77a3ad87a1735
p:  68269.77353413642
5d5316074576d8d6447a16f5
p:  58884.014131583106
5d531afd4dbfca005b7a16fc
p:  201266.69476951796
5d531b354dbfca005b7a16fd
p:  75869.77166916511
5d531ba929830a4d7d7a1705
p:  124078.1347132528
5d531bdf4576d8d6447a16fe
p:  95984.28166123413
5d531d9294e59ba2e07a16ef
p:  54515.83788401156
5d531e2e94e59ba2e07a16f0
p:  52041.712118974465
5d531f3938a4e3597c7a1721
p:  78841.24807381103
5d531fb02171b035b67a1704
p:  135844.82171079292
5d5320328b064ecea97a171f
p:  133189.24606181117
5d5321044576d8d6447a1702
p:  69895.01682198318
5d5321e52171b035b67a1706
p:  257424.8746817612
5d5323608b064ecea97a1725
p:  150527.73061909943
5d5323922171b035b67a1707
p:  246910.68434147685
5d5324bf2171b035b67a1708
p:  132646.7992103609
5d53257a87f77a3ad87a1761
p:  150008.93422281276
5d53263538a4e3597c7a1727
p:  161476.05144612672
5d5326e887f77a3ad87a1764
p:  104037.31714392785
5d5327bd2171b035b67a170e
p:  184832.06136455486
5d5328f938a4e3597c7a172c
p:  432661.1159763087
5d53297594e59ba2e07a16fc
p:  190788.6998431933
5d532b3294e59ba2e07a16ff
p:  232189.2511410201
5d532c2294e59ba2e07a1700
p:  201025.5485652364
5d532d022171b035b67a1716
p:  98258.92504780843
5d532d05c9c8926c9a7a1706
p:  352638.9347581057
5d532f56a9ff052c027a1715
p:  113719.38015252133
5d533019a9ff052c027a1717
p:  114463.39154481194
5d533147a9ff052c027a1718
p:  97447.86724338545
5d5331552171b035b67a171e
p:  270973.24739128933
5d5331d649f2bde8e67a1710
p:  164237.20147962272
5d5333a649f2bde8e67a1713
p:  135738.7627770782
5d53345629830a4d7d7a1731
p:  214964.85690914385
5d53356cfd2cdc4e177a1722
p:  96667.90976481297
5d53358329830a4d7d7a1734
p:  187228.40901432798
5d5335c98b064ecea97a1736
p:  316456.2960770149
5d5337c4a9ff052c027a171d
p:  128605.23660253931
5d5338494576d8d6447a1724
p:  335552.4424013556
5d5338784576d8d6447a1725
p:  180718.11819791375
5d533905a9ff052c027a171f
p:  108523.24914994187
5d533962c9c8926c9a7a1714
p:  200766.86081989185
5d5339c9f77f8c15ba7a173a
p:  131230.60893039673
5d533a004dbfca005b7a174c
p:  280367.45606728276
5d533aaa29830a4d7d7a1739
p:  229814.0990264968
5d533aff4dbfca005b7a174e
p:  349247.71085540776
5d533c56fd2cdc4e177a172a
p:  233838.68211199524
5d533c974576d8d6447a172b
p:  216282.79891618347
5d533d1b06f750ae8f7a1756
p:  209600.5604238138
5d533d5cfd2cdc4e177a172d
p:  166752.9558479424
5d533da506f750ae8f7a1757
p:  255511.2494727202
5d533eb029830a4d7d7a173d
p:  214964.85690914385
5d533fbb4dbfca005b7a1752
p:  224214.8807985856
5d5340cdfd2cdc4e177a1731
p:  193903.43914969475
5d5340ff4576d8d6447a172e
p:  214246.25582788617
5d534165fd2cdc4e177a1733
p:  277336.0173109737
5d5341c787f77a3ad87a178b
p:  423640.31219189125
5d5341d84dbfca005b7a1755
p:  331206.9044995655
5d53424d4dbfca005b7a1756
p:  271999.25463026826
5d5342eb4dbfca005b7a1758
p:  455695.25299851724
5d53430094e59ba2e07a171f
p:  45891.015455361645
5d53432bf77f8c15ba7a1748
p:  124141.98037775501
5d53434da9ff052c027a1729
p:  200775.5461689497
5d5344e429830a4d7d7a1743
p:  183953.40911680055
5d53465d4dbfca005b7a175d
p:  223027.59430956419
5d5346d50ba9f7e47f7a1728
p:  103162.89680456545
5d534720f77f8c15ba7a1758
p:  121032.3413669177
5d53479e2171b035b67a173d
p:  133351.8801696598
5d5347ad29830a4d7d7a1744
p:  197096.22379021917
5d5347ce0ba9f7e47f7a172c
p:  148188.65597489674
5d5348414dbfca005b7a1760
p:  269927.0700612699
5d53485829830a4d7d7a1745
p:  145221.37132705306
5d5348a729830a4d7d7a1747
p:  192807.6442737961
5d5348d606f750ae8f7a1766
p:  205196.93242265115
5d5348e22171b035b67a1740
p:  349116.88824770995
5d5348e5f77f8c15ba7a175f
p:  203956.19092734234
5d534988a9ff052c027a1730
p:  73894.49993019941
5d534ac0fd2cdc4e177a173d
p:  117565.53310500391
5d534b6a0ba9f7e47f7a1730
p:  176448.75440471596
5d534b8a4dbfca005b7a1767
p:  223377.95460965607
5d534bacfd2cdc4e177a1740
p:  233838.68211199524
5d534c360ba9f7e47f7a1732
p:  107117.37869769691
5d534cf338a4e3597c7a174f
p:  93887.06779847681
5d534e29a9ff052c027a1736
p:  95496.12307555813
5d534f152171b035b67a174a
p:  451129.6363946876
5d534f4d49f2bde8e67a1735
p:  204486.7020462458
5d534f78fd2cdc4e177a1743
p:  178170.92500249564
5d534fa106f750ae8f7a176d
p:  793905.3434733633
5d5352df2171b035b67a174f
p:  200218.21262351057
5d53530f4dbfca005b7a1771
p:  301157.51980022236
5d5353d7c9c8926c9a7a172f
p:  75701.45663616415
5d5354064dbfca005b7a1772
p:  446958.9941953641
5d53543106f750ae8f7a1778
p:  215937.15616953885
5d5354b7c9c8926c9a7a1733
p:  339031.91437062505
5d53553429830a4d7d7a1753
p:  236634.32608634912
5d5356a329830a4d7d7a1757
p:  203872.18148318306
5d5357f04dbfca005b7a1776
p:  219659.1845300666
5d535a40f77f8c15ba7a179c
p:  200447.7602276982
5d535a7df77f8c15ba7a179d
p:  186969.0649098222
5d535c5938a4e3597c7a175e
p:  352924.55688267713
5d535d5efd2cdc4e177a1758
p:  226532.20181641073
5d535df429830a4d7d7a1766
p:  153653.62822068477
5d535f4d87f77a3ad87a17b1
p:  214115.78504487977
5d535f5ef77f8c15ba7a17aa
p:  200447.7602276982
5d535f5e4dbfca005b7a177d
p:  126105.01338360406
5d53613b4576d8d6447a175b
p:  393799.6058252709
5d536194f77f8c15ba7a17ac
p:  212342.99927380687
5d53623c94e59ba2e07a173b
p:  205896.50566733652
5d5363be29830a4d7d7a1771
p:  192807.6442737961
5d53647c4576d8d6447a1761
p:  326069.4386146879
/home/testapiuser/HouseApp_2/PricePrediction/WVPrice.py:321: SettingWithCopyWarning: 
A value is trying to be set on a copy of a slice from a DataFrame.
Try using .loc[row_indexer,col_indexer] = value instead

See the caveats in the documentation: http://pandas.pydata.org/pandas-docs/stable/indexing.html#indexing-view-versus-copy
  df2['AreaSpace_SQFT'] = df2['AreaSpace_SQFT'].astype(int)
/home/testapiuser/HouseApp_2/PricePrediction/WVPrice.py:333: SettingWithCopyWarning: 
A value is trying to be set on a copy of a slice from a DataFrame.
Try using .loc[row_indexer,col_indexer] = value instead

See the caveats in the documentation: http://pandas.pydata.org/pandas-docs/stable/indexing.html#indexing-view-versus-copy
  df2['Price'] = z1
/home/testapiuser/HouseApp_2/PricePrediction/WVPrice.py:340: SettingWithCopyWarning: 
A value is trying to be set on a copy of a slice from a DataFrame.
Try using .loc[row_indexer,col_indexer] = value instead

See the caveats in the documentation: http://pandas.pydata.org/pandas-docs/stable/indexing.html#indexing-view-versus-copy
  df2['AreaSpace_SQFT'] = z2
Current date and time: 2020-06-08 15:34:11
Successfully connect to DB.
For ['Barbour', 'Berkeley', 'Boone', 'Braxton', 'Brooke', 'Cabell', 'Calhoun', 'Clay', 'Doddridge', 'Fayette', 'Gilmer', 'Grant', 'Greenbrier', 'Hampshire', 'Hancock', 'Hardy', 'Harrison', 'Jackson', 'Jefferson', 'Kanawha', 'Lewis', 'Lincoln', 'Logan', 'Marion', 'Marshall', 'Mason', 'McDowell', 'Mercer', 'Mineral', 'Mingo', 'Monongalia', 'Monroe', 'Morgan', 'Nicholas', 'Ohio', 'Pendleton', 'Pleasants', 'Pocahontas', 'Preston', 'Putnam', 'Raleigh', 'Randolph', 'Ritchie', 'Roane', 'Summers', 'Taylor', 'Tucker', 'Tyler', 'Upshur', 'Wayne', 'Webster', 'Wetzel', 'Wirt', 'Wood', 'Wyoming']#################################################################
train score for random_forest: 0.9299112964796342
test score for random_forest: 0.5946007172266616
The mean absolute error is:$ 65243.328784434656
r_Score: 0.6177007705613655
Voting Regressor (in): 0.9562532367916912
Voting Regressor: 0.6177007705613655
5d081c4a7c1d83daee248b99
p:  117556.64719261075
5d0e840d2b8f60b82b8f8d1f
p:  119850.09550667246
5d0eabed2b8f60b82b8f8dee
p:  187180.9207585979
5d1c0267dbebfd779eefbc70
p:  215385.2961802136
5d1c1d1502e1f427a5efbca1
p:  337462.3076392595
5d1c59140a1cbc8e6fefbcbe
p:  117556.64719261075
5d1c8fe0dbebfd779eefbda0
p:  92408.74720041969
5d2b7b8047cfe46363877bda
p:  120040.638507736
5d2f6d7a8b6c8df1a080b6b8
p:  313076.836039974
5d2f81848b6c8df1a080b6ea
p:  131616.5582360644
5d3e714dbd7b3d656007b5f8
p:  113787.6242831041
5d40f547e3a87001ca64b8f5
p:  123021.08915311766
5d45617af6b4c2439b8b208e
p:  132667.20788744534
5d472bf6d57846aad03cb359
p:  151707.8199541194
5d52ef278b064ecea97a16c7
p:  49931.419608438984
5d52f0380ba9f7e47f7a16c9
p:  47193.79880181703
5d52f2198b064ecea97a16cb
p:  59331.55705697322
5d52f26e38a4e3597c7a16cb
p:  100764.03967710937
5d52f59c87f77a3ad87a16cf
p:  129196.52468979746
5d52f61c38a4e3597c7a16cf
p:  71380.92481711494
5d52f6af0ba9f7e47f7a16d0
p:  49387.60744882999
5d52fb470ba9f7e47f7a16d4
p:  153435.9273619732
5d52fcf90ba9f7e47f7a16d6
p:  85701.45269329156
5d52fe6338a4e3597c7a16d7
p:  151053.47376235935
5d5301f0fd2cdc4e177a16e2
p:  53588.7986638999
5d5303650ba9f7e47f7a16db
p:  81634.5903684987
5d53040ac9c8926c9a7a16df
p:  157084.0580276782
5d5304f529830a4d7d7a16e4
p:  63896.74642386161
5d53075829830a4d7d7a16ec
p:  145651.65159963456
5d53081838a4e3597c7a1707
p:  90469.12216412707
5d530c2906f750ae8f7a1711
p:  44095.335725367855
5d530d7949f2bde8e67a16e9
p:  63118.081241876534
5d530de50ba9f7e47f7a16ec
p:  41670.29385104045
5d530e0b2171b035b67a16f0
p:  90765.22881249849
5d530f0849f2bde8e67a16ec
p:  109260.0335764357
5d530fdc87f77a3ad87a1725
p:  49390.968551947764
5d530fef06f750ae8f7a1718
p:  75110.91984322685
5d530ff887f77a3ad87a1726
p:  87787.40382391808
5d53105d87f77a3ad87a1729
p:  67099.66396528466
5d5311c506f750ae8f7a171e
p:  107478.79848373601
5d53127849f2bde8e67a16f0
p:  337879.50079207425
5d53127a87f77a3ad87a1735
p:  63330.64448423196
5d5316074576d8d6447a16f5
p:  63484.88949198303
5d531afd4dbfca005b7a16fc
p:  210006.24804097123
5d531b354dbfca005b7a16fd
p:  71436.72551065014
5d531ba929830a4d7d7a1705
p:  117372.24839116394
5d531bdf4576d8d6447a16fe
p:  93528.50294821318
5d531d9294e59ba2e07a16ef
p:  55953.36103214063
5d531e2e94e59ba2e07a16f0
p:  49574.82532396326
5d531f3938a4e3597c7a1721
p:  79199.63738014417
5d531fb02171b035b67a1704
p:  117949.5077721836
5d5320328b064ecea97a171f
p:  136553.81553618552
5d5321044576d8d6447a1702
p:  64342.69318921339
5d5321e52171b035b67a1706
p:  256484.9858464278
5d5323608b064ecea97a1725
p:  154441.81746481464
5d5323922171b035b67a1707
p:  233172.0681406747
5d5324bf2171b035b67a1708
p:  136022.62289979955
5d53257a87f77a3ad87a1761
p:  145746.92280818365
5d53263538a4e3597c7a1727
p:  169410.8286542365
5d5326e887f77a3ad87a1764
p:  106873.61469838925
5d5327bd2171b035b67a170e
p:  185293.72450167127
5d5328f938a4e3597c7a172c
p:  420692.2547580694
5d53297594e59ba2e07a16fc
p:  203443.14911304382
5d532b3294e59ba2e07a16ff
p:  261378.8825293081
5d532c2294e59ba2e07a1700
p:  186101.34033264715
5d532d022171b035b67a1716
p:  98888.0062786732
5d532d05c9c8926c9a7a1706
p:  352103.35333751276
5d532f56a9ff052c027a1715
p:  111883.94616797115
5d533019a9ff052c027a1717
p:  100571.40803526342
5d533147a9ff052c027a1718
p:  99019.65438090095
5d5331552171b035b67a171e
p:  271091.4675951308
5d5331d649f2bde8e67a1710
p:  161298.4973984201
5d5333a649f2bde8e67a1713
p:  136840.94895458245
5d53345629830a4d7d7a1731
p:  229126.69736604643
5d53356cfd2cdc4e177a1722
p:  95503.27684285128
5d53358329830a4d7d7a1734
p:  188879.46452732064
5d5335c98b064ecea97a1736
p:  314339.1146473043
5d5337c4a9ff052c027a171d
p:  128070.10998466023
5d5338494576d8d6447a1724
p:  386735.2630810574
5d5338784576d8d6447a1725
p:  173683.40958300562
5d533905a9ff052c027a171f
p:  101776.47682921021
5d533962c9c8926c9a7a1714
p:  192879.75565716467
5d5339c9f77f8c15ba7a173a
p:  130029.20243601341
5d533a004dbfca005b7a174c
p:  273851.45162181545
5d533aaa29830a4d7d7a1739
p:  222986.6025187368
5d533aff4dbfca005b7a174e
p:  355050.8431394184
5d533c56fd2cdc4e177a172a
p:  229152.34884373986
5d533c974576d8d6447a172b
p:  216583.6189257461
5d533d1b06f750ae8f7a1756
p:  224575.14482230018
5d533d5cfd2cdc4e177a172d
p:  169228.69643707795
5d533da506f750ae8f7a1757
p:  257453.84356151425
5d533eb029830a4d7d7a173d
p:  229126.69736604643
5d533fbb4dbfca005b7a1752
p:  241806.80497334723
5d5340cdfd2cdc4e177a1731
p:  188489.2125772378
5d5340ff4576d8d6447a172e
p:  213038.10001431435
5d534165fd2cdc4e177a1733
p:  263483.1674249262
5d5341c787f77a3ad87a178b
p:  426373.1939283962
5d5341d84dbfca005b7a1755
p:  305041.65552224463
5d53424d4dbfca005b7a1756
p:  283758.69373508403
5d5342eb4dbfca005b7a1758
p:  458374.1363742981
5d53430094e59ba2e07a171f
p:  42153.5547286949
5d53432bf77f8c15ba7a1748
p:  119610.31248076068
5d53434da9ff052c027a1729
p:  199616.85627944837
5d5344e429830a4d7d7a1743
p:  187852.69204520097
5d53465d4dbfca005b7a175d
p:  230700.88477115496
5d5346d50ba9f7e47f7a1728
p:  101625.52762311471
5d534720f77f8c15ba7a1758
p:  114599.88857853346
5d53479e2171b035b67a173d
p:  133420.22840993686
5d5347ad29830a4d7d7a1744
p:  202422.8531118076
5d5347ce0ba9f7e47f7a172c
p:  147671.64305864228
5d5348414dbfca005b7a1760
p:  278489.30117465963
5d53485829830a4d7d7a1745
p:  146050.50591671374
5d5348a729830a4d7d7a1747
p:  193476.86798968047
5d5348d606f750ae8f7a1766
p:  216589.6027224072
5d5348e22171b035b67a1740
p:  337020.443424052
5d5348e5f77f8c15ba7a175f
p:  214319.73131483444
5d534988a9ff052c027a1730
p:  71420.2053813987
5d534ac0fd2cdc4e177a173d
p:  183046.87244086762
5d534b6a0ba9f7e47f7a1730
p:  174845.44224220363
5d534b8a4dbfca005b7a1767
p:  220381.83096699967
5d534bacfd2cdc4e177a1740
p:  229152.34884373986
5d534c360ba9f7e47f7a1732
p:  107370.61880210348
5d534cf338a4e3597c7a174f
p:  94647.97083368711
5d534e29a9ff052c027a1736
p:  88050.45446728755
5d534f152171b035b67a174a
p:  474828.0367843297
5d534f4d49f2bde8e67a1735
p:  212157.30636540742
5d534f78fd2cdc4e177a1743
p:  164702.3865186321
5d534fa106f750ae8f7a176d
p:  794931.4889036621
5d5352df2171b035b67a174f
p:  200833.97214935918
5d53530f4dbfca005b7a1771
p:  293134.6802235706
5d5353d7c9c8926c9a7a172f
p:  75519.86668927799
5d5354064dbfca005b7a1772
p:  450562.15291413944
5d53543106f750ae8f7a1778
p:  220780.04145898958
5d5354b7c9c8926c9a7a1733
p:  332240.4783940716
5d53553429830a4d7d7a1753
p:  235873.2611970757
5d5356a329830a4d7d7a1757
p:  208857.7665380346
5d5357f04dbfca005b7a1776
p:  231993.19251288025
5d535a40f77f8c15ba7a179c
p:  199835.1499928643
5d535a7df77f8c15ba7a179d
p:  185052.06077051657
5d535c5938a4e3597c7a175e
p:  375399.06669398723
5d535d5efd2cdc4e177a1758
p:  222102.55413994542
5d535df429830a4d7d7a1766
p:  146923.40613471775
5d535f4d87f77a3ad87a17b1
p:  219908.65358772766
5d535f5ef77f8c15ba7a17aa
p:  199835.1499928643
5d535f5e4dbfca005b7a177d
p:  122634.72733300446
5d53613b4576d8d6447a175b
p:  407349.7697690289
5d536194f77f8c15ba7a17ac
p:  214795.92028092738
5d53623c94e59ba2e07a173b
p:  202341.75349868037
5d5363be29830a4d7d7a1771
p:  193476.86798968047
5d53647c4576d8d6447a1761
p:  324275.5793414055
/home/testapiuser/HouseApp_2/PricePrediction/WVPrice.py:321: SettingWithCopyWarning: 
A value is trying to be set on a copy of a slice from a DataFrame.
Try using .loc[row_indexer,col_indexer] = value instead

See the caveats in the documentation: http://pandas.pydata.org/pandas-docs/stable/indexing.html#indexing-view-versus-copy
  df2['AreaSpace_SQFT'] = df2['AreaSpace_SQFT'].astype(int)
/home/testapiuser/HouseApp_2/PricePrediction/WVPrice.py:333: SettingWithCopyWarning: 
A value is trying to be set on a copy of a slice from a DataFrame.
Try using .loc[row_indexer,col_indexer] = value instead

See the caveats in the documentation: http://pandas.pydata.org/pandas-docs/stable/indexing.html#indexing-view-versus-copy
  df2['Price'] = z1
/home/testapiuser/HouseApp_2/PricePrediction/WVPrice.py:340: SettingWithCopyWarning: 
A value is trying to be set on a copy of a slice from a DataFrame.
Try using .loc[row_indexer,col_indexer] = value instead

See the caveats in the documentation: http://pandas.pydata.org/pandas-docs/stable/indexing.html#indexing-view-versus-copy
  df2['AreaSpace_SQFT'] = z2
Current date and time: 2020-06-09 15:34:11
Successfully connect to DB.
For ['Barbour', 'Berkeley', 'Boone', 'Braxton', 'Brooke', 'Cabell', 'Calhoun', 'Clay', 'Doddridge', 'Fayette', 'Gilmer', 'Grant', 'Greenbrier', 'Hampshire', 'Hancock', 'Hardy', 'Harrison', 'Jackson', 'Jefferson', 'Kanawha', 'Lewis', 'Lincoln', 'Logan', 'Marion', 'Marshall', 'Mason', 'McDowell', 'Mercer', 'Mineral', 'Mingo', 'Monongalia', 'Monroe', 'Morgan', 'Nicholas', 'Ohio', 'Pendleton', 'Pleasants', 'Pocahontas', 'Preston', 'Putnam', 'Raleigh', 'Randolph', 'Ritchie', 'Roane', 'Summers', 'Taylor', 'Tucker', 'Tyler', 'Upshur', 'Wayne', 'Webster', 'Wetzel', 'Wirt', 'Wood', 'Wyoming']#################################################################
train score for random_forest: 0.9219021193804735
test score for random_forest: 0.5868106733085575
The mean absolute error is:$ 66480.14077841591
r_Score: 0.6093395908628432
Voting Regressor (in): 0.9568169713752092
Voting Regressor: 0.6093395908628432
5d081c4a7c1d83daee248b99
p:  115094.36525515834
5d0e840d2b8f60b82b8f8d1f
p:  126328.91769277392
5d0eabed2b8f60b82b8f8dee
p:  178081.49152177514
5d1c0267dbebfd779eefbc70
p:  223196.8133626376
5d1c1d1502e1f427a5efbca1
p:  352233.44422986906
5d1c59140a1cbc8e6fefbcbe
p:  115094.36525515834
5d1c8fe0dbebfd779eefbda0
p:  90108.35380529828
5d2b7b8047cfe46363877bda
p:  114745.05999202491
5d2f6d7a8b6c8df1a080b6b8
p:  303944.0104187955
5d2f81848b6c8df1a080b6ea
p:  134691.05993117858
5d3e714dbd7b3d656007b5f8
p:  109277.81654423474
5d40f547e3a87001ca64b8f5
p:  137496.1554588395
5d45617af6b4c2439b8b208e
p:  139333.69272191473
5d472bf6d57846aad03cb359
p:  162736.71388006775
5d52ef278b064ecea97a16c7
p:  56500.12436532338
5d52f0380ba9f7e47f7a16c9
p:  39977.55339310531
5d52f2198b064ecea97a16cb
p:  55800.73808599824
5d52f26e38a4e3597c7a16cb
p:  116051.29666987066
5d52f59c87f77a3ad87a16cf
p:  134605.21193032444
5d52f61c38a4e3597c7a16cf
p:  80160.53047100385
5d52f6af0ba9f7e47f7a16d0
p:  44330.35889729766
5d52fb470ba9f7e47f7a16d4
p:  150338.30426325864
5d52fcf90ba9f7e47f7a16d6
p:  86868.29665417189
5d52fe6338a4e3597c7a16d7
p:  171071.9060685711
5d5301f0fd2cdc4e177a16e2
p:  55934.5534003941
5d5303650ba9f7e47f7a16db
p:  79880.82022375727
5d53040ac9c8926c9a7a16df
p:  151389.62556129682
5d5304f529830a4d7d7a16e4
p:  63485.32762506943
5d53075829830a4d7d7a16ec
p:  153134.22607969597
5d53081838a4e3597c7a1707
p:  87340.4958925716
5d530c2906f750ae8f7a1711
p:  43245.99295754357
5d530d7949f2bde8e67a16e9
p:  63922.56767214554
5d530de50ba9f7e47f7a16ec
p:  36004.42801067285
5d530e0b2171b035b67a16f0
p:  89608.72738298512
5d530f0849f2bde8e67a16ec
p:  114744.22038840156
5d530fdc87f77a3ad87a1725
p:  50723.36739290423
5d530fef06f750ae8f7a1718
p:  79159.27296842598
5d530ff887f77a3ad87a1726
p:  89616.19841643654
5d53105d87f77a3ad87a1729
p:  69560.03068502127
5d5311c506f750ae8f7a171e
p:  106823.63518180205
5d53127849f2bde8e67a16f0
p:  320100.4845601166
5d53127a87f77a3ad87a1735
p:  62386.43434871885
5d5316074576d8d6447a16f5
p:  58260.652948599134
5d531afd4dbfca005b7a16fc
p:  215636.9280724262
5d531b354dbfca005b7a16fd
p:  75692.99085728594
5d531ba929830a4d7d7a1705
p:  116564.52428954362
5d531bdf4576d8d6447a16fe
p:  99678.77348867674
5d531d9294e59ba2e07a16ef
p:  55003.03360872937
5d531e2e94e59ba2e07a16f0
p:  47732.5945931468
5d531f3938a4e3597c7a1721
p:  78432.24542722033
5d531fb02171b035b67a1704
p:  129926.4104685877
5d5320328b064ecea97a171f
p:  136653.7468441364
5d5321044576d8d6447a1702
p:  67243.97973472707
5d5321e52171b035b67a1706
p:  257559.1539888803
5d5323608b064ecea97a1725
p:  150415.66749883385
5d5323922171b035b67a1707
p:  244302.89190416684
5d5324bf2171b035b67a1708
p:  125152.552248372
5d53257a87f77a3ad87a1761
p:  151149.28416689392
5d53263538a4e3597c7a1727
p:  160711.17160277738
5d5326e887f77a3ad87a1764
p:  104501.78657609787
5d5327bd2171b035b67a170e
p:  198300.4126790182
5d5328f938a4e3597c7a172c
p:  419432.4538683302
5d53297594e59ba2e07a16fc
p:  157425.17045763205
5d532b3294e59ba2e07a16ff
p:  230309.19780885766
5d532c2294e59ba2e07a1700
p:  175329.34763833258
5d532d022171b035b67a1716
p:  99603.08380032529
5d532d05c9c8926c9a7a1706
p:  359001.0563003849
5d532f56a9ff052c027a1715
p:  112227.55323806577
5d533019a9ff052c027a1717
p:  100354.87532169337
5d533147a9ff052c027a1718
p:  100832.0802023978
5d5331552171b035b67a171e
p:  264327.35272439255
5d5331d649f2bde8e67a1710
p:  162179.88662852612
5d5333a649f2bde8e67a1713
p:  157394.50981316462
5d53345629830a4d7d7a1731
p:  232084.72226094297
5d53356cfd2cdc4e177a1722
p:  95408.55216840211
5d53358329830a4d7d7a1734
p:  182205.33515356685
5d5335c98b064ecea97a1736
p:  335301.55739609944
5d5337c4a9ff052c027a171d
p:  123289.56522125655
5d5338494576d8d6447a1724
p:  406403.22708190046
5d5338784576d8d6447a1725
p:  186479.43327595125
5d533905a9ff052c027a171f
p:  108289.58210420099
5d533962c9c8926c9a7a1714
p:  206072.683531559
5d5339c9f77f8c15ba7a173a
p:  126715.49300675555
5d533a004dbfca005b7a174c
p:  271338.7195035084
5d533aaa29830a4d7d7a1739
p:  226150.3868199166
5d533aff4dbfca005b7a174e
p:  329623.93949393666
5d533c56fd2cdc4e177a172a
p:  246083.38607940316
5d533c974576d8d6447a172b
p:  219377.16772488155
5d533d1b06f750ae8f7a1756
p:  224247.6605771582
5d533d5cfd2cdc4e177a172d
p:  165946.5791089006
5d533da506f750ae8f7a1757
p:  261209.2217320007
5d533eb029830a4d7d7a173d
p:  232084.72226094297
5d533fbb4dbfca005b7a1752
p:  237000.102837594
5d5340cdfd2cdc4e177a1731
p:  194340.16189554916
5d5340ff4576d8d6447a172e
p:  216468.39199897164
5d534165fd2cdc4e177a1733
p:  281323.56797461165
5d5341c787f77a3ad87a178b
p:  397479.5192826444
5d5341d84dbfca005b7a1755
p:  307088.49456499505
5d53424d4dbfca005b7a1756
p:  287229.05603512155
5d5342eb4dbfca005b7a1758
p:  447369.1135088481
5d53430094e59ba2e07a171f
p:  43523.60960030397
5d53432bf77f8c15ba7a1748
p:  105832.02882273064
5d53434da9ff052c027a1729
p:  179117.4136037842
5d5344e429830a4d7d7a1743
p:  191311.62575947796
5d53465d4dbfca005b7a175d
p:  221940.24459268048
5d5346d50ba9f7e47f7a1728
p:  101087.86273662327
5d534720f77f8c15ba7a1758
p:  116214.07361239482
5d53479e2171b035b67a173d
p:  127261.6137307915
5d5347ad29830a4d7d7a1744
p:  196532.21795373713
5d5347ce0ba9f7e47f7a172c
p:  148363.72206440696
5d5348414dbfca005b7a1760
p:  268079.6358742778
5d53485829830a4d7d7a1745
p:  139042.51266163247
5d5348a729830a4d7d7a1747
p:  191058.71816706908
5d5348d606f750ae8f7a1766
p:  219197.26245199208
5d5348e22171b035b67a1740
p:  327326.73683681514
5d5348e5f77f8c15ba7a175f
p:  203488.24479239603
5d534988a9ff052c027a1730
p:  74834.40543619936
5d534ac0fd2cdc4e177a173d
p:  127861.81961842647
5d534b6a0ba9f7e47f7a1730
p:  173096.64794328646
5d534b8a4dbfca005b7a1767
p:  218935.70615373115
5d534bacfd2cdc4e177a1740
p:  246083.38607940316
5d534c360ba9f7e47f7a1732
p:  107108.53820618714
5d534cf338a4e3597c7a174f
p:  93000.9076809908
5d534e29a9ff052c027a1736
p:  90664.41340020168
5d534f152171b035b67a174a
p:  488284.0089915035
5d534f4d49f2bde8e67a1735
p:  210319.78683655674
5d534f78fd2cdc4e177a1743
p:  176392.1742905971
5d534fa106f750ae8f7a176d
p:  729088.5586621114
5d5352df2171b035b67a174f
p:  193776.56175327476
5d53530f4dbfca005b7a1771
p:  284801.00493518816
5d5353d7c9c8926c9a7a172f
p:  77208.31945220326
5d5354064dbfca005b7a1772
p:  448941.18252750824
5d53543106f750ae8f7a1778
p:  214782.75866473958
5d5354b7c9c8926c9a7a1733
p:  346417.73488957796
5d53553429830a4d7d7a1753
p:  221790.63713359268
5d5356a329830a4d7d7a1757
p:  204249.57625919383
5d5357f04dbfca005b7a1776
p:  227414.78135273937
5d535a40f77f8c15ba7a179c
p:  202047.91089332488
5d535a7df77f8c15ba7a179d
p:  187656.66822243162
5d535c5938a4e3597c7a175e
p:  368596.8206325576
5d535d5efd2cdc4e177a1758
p:  226305.0130908676
5d535df429830a4d7d7a1766
p:  147248.14757329912
5d535f4d87f77a3ad87a17b1
p:  203544.9221524287
5d535f5ef77f8c15ba7a17aa
p:  202047.91089332488
5d535f5e4dbfca005b7a177d
p:  110962.1887126067
5d53613b4576d8d6447a175b
p:  385711.7832953153
5d536194f77f8c15ba7a17ac
p:  209388.15748463775
5d53623c94e59ba2e07a173b
p:  188735.4055298349
5d5363be29830a4d7d7a1771
p:  191058.71816706908
5d53647c4576d8d6447a1761
p:  309538.156496614
/home/testapiuser/HouseApp_2/PricePrediction/WVPrice.py:321: SettingWithCopyWarning: 
A value is trying to be set on a copy of a slice from a DataFrame.
Try using .loc[row_indexer,col_indexer] = value instead

See the caveats in the documentation: http://pandas.pydata.org/pandas-docs/stable/indexing.html#indexing-view-versus-copy
  df2['AreaSpace_SQFT'] = df2['AreaSpace_SQFT'].astype(int)
/home/testapiuser/HouseApp_2/PricePrediction/WVPrice.py:333: SettingWithCopyWarning: 
A value is trying to be set on a copy of a slice from a DataFrame.
Try using .loc[row_indexer,col_indexer] = value instead

See the caveats in the documentation: http://pandas.pydata.org/pandas-docs/stable/indexing.html#indexing-view-versus-copy
  df2['Price'] = z1
/home/testapiuser/HouseApp_2/PricePrediction/WVPrice.py:340: SettingWithCopyWarning: 
A value is trying to be set on a copy of a slice from a DataFrame.
Try using .loc[row_indexer,col_indexer] = value instead

See the caveats in the documentation: http://pandas.pydata.org/pandas-docs/stable/indexing.html#indexing-view-versus-copy
  df2['AreaSpace_SQFT'] = z2
Current date and time: 2020-06-10 15:34:11
Successfully connect to DB.
For ['Barbour', 'Berkeley', 'Boone', 'Braxton', 'Brooke', 'Cabell', 'Calhoun', 'Clay', 'Doddridge', 'Fayette', 'Gilmer', 'Grant', 'Greenbrier', 'Hampshire', 'Hancock', 'Hardy', 'Harrison', 'Jackson', 'Jefferson', 'Kanawha', 'Lewis', 'Lincoln', 'Logan', 'Marion', 'Marshall', 'Mason', 'McDowell', 'Mercer', 'Mineral', 'Mingo', 'Monongalia', 'Monroe', 'Morgan', 'Nicholas', 'Ohio', 'Pendleton', 'Pleasants', 'Pocahontas', 'Preston', 'Putnam', 'Raleigh', 'Randolph', 'Ritchie', 'Roane', 'Summers', 'Taylor', 'Tucker', 'Tyler', 'Upshur', 'Wayne', 'Webster', 'Wetzel', 'Wirt', 'Wood', 'Wyoming']#################################################################
train score for random_forest: 0.9290327312086344
test score for random_forest: 0.6067143419118328
The mean absolute error is:$ 66935.83921743679
r_Score: 0.6051232384769167
Voting Regressor (in): 0.9563845699180551
Voting Regressor: 0.6051232384769167
5d081c4a7c1d83daee248b99
p:  117177.39726194253
5d0e840d2b8f60b82b8f8d1f
p:  124647.58118788495
5d0eabed2b8f60b82b8f8dee
p:  174876.6073910904
5d1c0267dbebfd779eefbc70
p:  211619.94217779857
5d1c1d1502e1f427a5efbca1
p:  338958.36019437364
5d1c59140a1cbc8e6fefbcbe
p:  117177.39726194253
5d1c8fe0dbebfd779eefbda0
p:  93253.01164502336
5d2b7b8047cfe46363877bda
p:  111108.13595284749
5d2f6d7a8b6c8df1a080b6b8
p:  310318.3971921543
5d2f81848b6c8df1a080b6ea
p:  142938.55808425968
5d3e714dbd7b3d656007b5f8
p:  112711.74490136115
5d40f547e3a87001ca64b8f5
p:  126869.52501204923
5d45617af6b4c2439b8b208e
p:  136807.07799847098
5d472bf6d57846aad03cb359
p:  158800.99991593853
5d52ef278b064ecea97a16c7
p:  50555.29142431025
5d52f0380ba9f7e47f7a16c9
p:  42000.54775904578
5d52f2198b064ecea97a16cb
p:  59885.284334737844
5d52f26e38a4e3597c7a16cb
p:  117734.78260577637
5d52f59c87f77a3ad87a16cf
p:  138781.82980467266
5d52f61c38a4e3597c7a16cf
p:  76339.11944138023
5d52f6af0ba9f7e47f7a16d0
p:  45390.84828306997
5d52fb470ba9f7e47f7a16d4
p:  144708.49051085487
5d52fcf90ba9f7e47f7a16d6
p:  88548.75025099675
5d52fe6338a4e3597c7a16d7
p:  167128.2799105893
5d5301f0fd2cdc4e177a16e2
p:  55056.19409234903
5d5303650ba9f7e47f7a16db
p:  80579.03448522282
5d53040ac9c8926c9a7a16df
p:  145928.21620096124
5d5304f529830a4d7d7a16e4
p:  63018.374914190805
5d53075829830a4d7d7a16ec
p:  152353.29053859782
5d53081838a4e3597c7a1707
p:  90213.09515202788
5d530c2906f750ae8f7a1711
p:  43466.72336642449
5d530d7949f2bde8e67a16e9
p:  63479.697212363506
5d530de50ba9f7e47f7a16ec
p:  35345.83165174357
5d530e0b2171b035b67a16f0
p:  83544.62781676349
5d530f0849f2bde8e67a16ec
p:  110167.91429467699
5d530fdc87f77a3ad87a1725
p:  51273.76122354736
5d530fef06f750ae8f7a1718
p:  77799.93465545605
5d530ff887f77a3ad87a1726
p:  89397.26105890283
5d53105d87f77a3ad87a1729
p:  68162.85037017117
5d5311c506f750ae8f7a171e
p:  109696.51210748308
5d53127849f2bde8e67a16f0
p:  302513.0322547113
5d53127a87f77a3ad87a1735
p:  63663.386133321415
5d5316074576d8d6447a16f5
p:  54640.707831633765
5d531afd4dbfca005b7a16fc
p:  216054.8631837573
5d531b354dbfca005b7a16fd
p:  66424.31387872143
5d531ba929830a4d7d7a1705
p:  112857.58431241776
5d531bdf4576d8d6447a16fe
p:  97929.30800002269
5d531d9294e59ba2e07a16ef
p:  56508.29699559156
5d531e2e94e59ba2e07a16f0
p:  47888.54540009474
5d531f3938a4e3597c7a1721
p:  77312.44979188383
5d531fb02171b035b67a1704
p:  115650.01999037196
5d5320328b064ecea97a171f
p:  129583.6914839214
5d5321044576d8d6447a1702
p:  62435.40005648581
5d5321e52171b035b67a1706
p:  256484.3107560414
5d5323608b064ecea97a1725
p:  152378.91970520408
5d5323922171b035b67a1707
p:  240978.68818360995
5d5324bf2171b035b67a1708
p:  126306.94898431012
5d53257a87f77a3ad87a1761
p:  151869.46493128926
5d53263538a4e3597c7a1727
p:  178562.04197207832
5d5326e887f77a3ad87a1764
p:  103613.18549900959
5d5327bd2171b035b67a170e
p:  186104.2092897523
5d5328f938a4e3597c7a172c
p:  421597.4198874505
5d53297594e59ba2e07a16fc
p:  205171.91156349925
5d532b3294e59ba2e07a16ff
p:  253490.56648868654
5d532c2294e59ba2e07a1700
p:  194511.48186838703
5d532d022171b035b67a1716
p:  96771.34105105439
5d532d05c9c8926c9a7a1706
p:  353835.3808040068
5d532f56a9ff052c027a1715
p:  115173.28289373894
5d533019a9ff052c027a1717
p:  94508.31147769335
5d533147a9ff052c027a1718
p:  112445.72922333083
5d5331552171b035b67a171e
p:  257921.10262010325
5d5331d649f2bde8e67a1710
p:  163002.92960529425
5d5333a649f2bde8e67a1713
p:  156538.10901374777
5d53345629830a4d7d7a1731
p:  229411.74022476876
5d53356cfd2cdc4e177a1722
p:  95487.89262921191
5d53358329830a4d7d7a1734
p:  177077.18943783775
5d5335c98b064ecea97a1736
p:  320720.78698418575
5d5337c4a9ff052c027a171d
p:  136396.78126558207
5d5338494576d8d6447a1724
p:  422840.68818158284
5d5338784576d8d6447a1725
p:  178157.7902905427
5d533905a9ff052c027a171f
p:  106342.34162147419
5d533962c9c8926c9a7a1714
p:  192191.570540265
5d5339c9f77f8c15ba7a173a
p:  132486.93547417782
5d533a004dbfca005b7a174c
p:  280734.49916938087
5d533aaa29830a4d7d7a1739
p:  221153.3686701723
5d533aff4dbfca005b7a174e
p:  319908.69634873455
5d533c56fd2cdc4e177a172a
p:  241168.71396834042
5d533c974576d8d6447a172b
p:  216331.57977401413
5d533d1b06f750ae8f7a1756
p:  220094.94638411375
5d533d5cfd2cdc4e177a172d
p:  165011.6100861816
5d533da506f750ae8f7a1757
p:  250147.42659730752
5d533eb029830a4d7d7a173d
p:  229411.74022476876
5d533fbb4dbfca005b7a1752
p:  233374.25478618674
5d5340cdfd2cdc4e177a1731
p:  211773.31296350755
5d5340ff4576d8d6447a172e
p:  220743.43682599842
5d534165fd2cdc4e177a1733
p:  249669.3952743453
5d5341c787f77a3ad87a178b
p:  431508.3428972106
5d5341d84dbfca005b7a1755
p:  308751.8357953167
5d53424d4dbfca005b7a1756
p:  287766.25674327917
5d5342eb4dbfca005b7a1758
p:  441863.8320303208
5d53430094e59ba2e07a171f
p:  40887.02798464491
5d53432bf77f8c15ba7a1748
p:  134658.77985064758
5d53434da9ff052c027a1729
p:  191558.2170711966
5d5344e429830a4d7d7a1743
p:  194201.61639909074
5d53465d4dbfca005b7a175d
p:  230389.94355767898
5d5346d50ba9f7e47f7a1728
p:  95602.4769755396
5d534720f77f8c15ba7a1758
p:  117528.39926848278
5d53479e2171b035b67a173d
p:  129739.1220127603
5d5347ad29830a4d7d7a1744
p:  195021.21525813887
5d5347ce0ba9f7e47f7a172c
p:  140960.9866875357
5d5348414dbfca005b7a1760
p:  273479.2982180608
5d53485829830a4d7d7a1745
p:  137563.4126822537
5d5348a729830a4d7d7a1747
p:  188377.31959927647
5d5348d606f750ae8f7a1766
p:  221194.3291226297
5d5348e22171b035b67a1740
p:  321149.64958654094
5d5348e5f77f8c15ba7a175f
p:  204657.45944537394
5d534988a9ff052c027a1730
p:  76166.61161147634
5d534ac0fd2cdc4e177a173d
p:  127612.56289340084
5d534b6a0ba9f7e47f7a1730
p:  176988.06428084616
5d534b8a4dbfca005b7a1767
p:  218705.25700143864
5d534bacfd2cdc4e177a1740
p:  241168.71396834042
5d534c360ba9f7e47f7a1732
p:  107806.1009170578
5d534cf338a4e3597c7a174f
p:  93437.83828333803
5d534e29a9ff052c027a1736
p:  90139.91379156642
5d534f152171b035b67a174a
p:  475812.3836211108
5d534f4d49f2bde8e67a1735
p:  213600.00987578108
5d534f78fd2cdc4e177a1743
p:  151632.85386966408
5d534fa106f750ae8f7a176d
p:  731588.437945739
5d5352df2171b035b67a174f
p:  204020.28483243432
5d53530f4dbfca005b7a1771
p:  272776.0244206819
5d5353d7c9c8926c9a7a172f
p:  74174.11741415143
5d5354064dbfca005b7a1772
p:  435438.5086483343
5d53543106f750ae8f7a1778
p:  218664.1542940853
5d5354b7c9c8926c9a7a1733
p:  357389.8195087415
5d53553429830a4d7d7a1753
p:  236967.8424622431
5d5356a329830a4d7d7a1757
p:  204723.65398685727
5d5357f04dbfca005b7a1776
p:  228985.08173055353
5d535a40f77f8c15ba7a179c
p:  202657.02382413347
5d535a7df77f8c15ba7a179d
p:  186453.9742160947
5d535c5938a4e3597c7a175e
p:  373367.02111767716
5d535d5efd2cdc4e177a1758
p:  233276.74082862027
5d535df429830a4d7d7a1766
p:  143018.19422488048
5d535f4d87f77a3ad87a17b1
p:  211904.8397169221
5d535f5ef77f8c15ba7a17aa
p:  202657.02382413347
5d535f5e4dbfca005b7a177d
p:  138346.42241586652
5d53613b4576d8d6447a175b
p:  406615.4704941207
5d536194f77f8c15ba7a17ac
p:  212665.50330651994
5d53623c94e59ba2e07a173b
p:  204005.5260061543
5d5363be29830a4d7d7a1771
p:  188377.31959927647
5d53647c4576d8d6447a1761
p:  329556.40522351663
/home/testapiuser/HouseApp_2/PricePrediction/WVPrice.py:321: SettingWithCopyWarning: 
A value is trying to be set on a copy of a slice from a DataFrame.
Try using .loc[row_indexer,col_indexer] = value instead

See the caveats in the documentation: http://pandas.pydata.org/pandas-docs/stable/indexing.html#indexing-view-versus-copy
  df2['AreaSpace_SQFT'] = df2['AreaSpace_SQFT'].astype(int)
/home/testapiuser/HouseApp_2/PricePrediction/WVPrice.py:333: SettingWithCopyWarning: 
A value is trying to be set on a copy of a slice from a DataFrame.
Try using .loc[row_indexer,col_indexer] = value instead

See the caveats in the documentation: http://pandas.pydata.org/pandas-docs/stable/indexing.html#indexing-view-versus-copy
  df2['Price'] = z1
/home/testapiuser/HouseApp_2/PricePrediction/WVPrice.py:340: SettingWithCopyWarning: 
A value is trying to be set on a copy of a slice from a DataFrame.
Try using .loc[row_indexer,col_indexer] = value instead

See the caveats in the documentation: http://pandas.pydata.org/pandas-docs/stable/indexing.html#indexing-view-versus-copy
  df2['AreaSpace_SQFT'] = z2
Current date and time: 2020-06-11 15:34:11
Successfully connect to DB.
For ['Barbour', 'Berkeley', 'Boone', 'Braxton', 'Brooke', 'Cabell', 'Calhoun', 'Clay', 'Doddridge', 'Fayette', 'Gilmer', 'Grant', 'Greenbrier', 'Hampshire', 'Hancock', 'Hardy', 'Harrison', 'Jackson', 'Jefferson', 'Kanawha', 'Lewis', 'Lincoln', 'Logan', 'Marion', 'Marshall', 'Mason', 'McDowell', 'Mercer', 'Mineral', 'Mingo', 'Monongalia', 'Monroe', 'Morgan', 'Nicholas', 'Ohio', 'Pendleton', 'Pleasants', 'Pocahontas', 'Preston', 'Putnam', 'Raleigh', 'Randolph', 'Ritchie', 'Roane', 'Summers', 'Taylor', 'Tucker', 'Tyler', 'Upshur', 'Wayne', 'Webster', 'Wetzel', 'Wirt', 'Wood', 'Wyoming']#################################################################
train score for random_forest: 0.9276800276855639
test score for random_forest: 0.6037714213652616
The mean absolute error is:$ 64350.09118257653
r_Score: 0.6308166467230993
Voting Regressor (in): 0.9562583748920097
Voting Regressor: 0.6308166467230993
5d081c4a7c1d83daee248b99
p:  116951.77534706081
5d0e840d2b8f60b82b8f8d1f
p:  113534.53802394753
5d0eabed2b8f60b82b8f8dee
p:  184577.00405782578
5d1c0267dbebfd779eefbc70
p:  223868.0296498672
5d1c1d1502e1f427a5efbca1
p:  353327.8321635268
5d1c59140a1cbc8e6fefbcbe
p:  116951.77534706081
5d1c8fe0dbebfd779eefbda0
p:  96526.15462528962
5d2b7b8047cfe46363877bda
p:  119657.56233560137
5d2f6d7a8b6c8df1a080b6b8
p:  293909.1691082439
5d2f81848b6c8df1a080b6ea
p:  149288.93460084376
5d3e714dbd7b3d656007b5f8
p:  116425.88192897636
5d40f547e3a87001ca64b8f5
p:  122352.4663006611
5d45617af6b4c2439b8b208e
p:  132795.9457271176
5d472bf6d57846aad03cb359
p:  157378.94751173333
5d52ef278b064ecea97a16c7
p:  42315.32862380314
5d52f0380ba9f7e47f7a16c9
p:  40156.283071088605
5d52f2198b064ecea97a16cb
p:  60489.20647362167
5d52f26e38a4e3597c7a16cb
p:  122815.5622544415
5d52f59c87f77a3ad87a16cf
p:  116873.68651347239
5d52f61c38a4e3597c7a16cf
p:  77274.97600965714
5d52f6af0ba9f7e47f7a16d0
p:  39697.270461960405
5d52fb470ba9f7e47f7a16d4
p:  149084.00849266685
5d52fcf90ba9f7e47f7a16d6
p:  78051.31785969189
5d52fe6338a4e3597c7a16d7
p:  133069.16005237427
5d5301f0fd2cdc4e177a16e2
p:  54914.58540118061
5d5303650ba9f7e47f7a16db
p:  82315.91892913438
5d53040ac9c8926c9a7a16df
p:  149899.3252899557
5d5304f529830a4d7d7a16e4
p:  61617.425434725475
5d53075829830a4d7d7a16ec
p:  147137.55849362304
5d53081838a4e3597c7a1707
p:  93950.02911226013
5d530c2906f750ae8f7a1711
p:  42027.99733336267
5d530d7949f2bde8e67a16e9
p:  58893.6853241142
5d530de50ba9f7e47f7a16ec
p:  35010.79577213785
5d530e0b2171b035b67a16f0
p:  85967.48170689095
5d530f0849f2bde8e67a16ec
p:  110407.57373825918
5d530fdc87f77a3ad87a1725
p:  51052.44017194833
5d530fef06f750ae8f7a1718
p:  76932.88398831227
5d530ff887f77a3ad87a1726
p:  92412.92035749339
5d53105d87f77a3ad87a1729
p:  67690.48167819851
5d5311c506f750ae8f7a171e
p:  105089.85153085721
5d53127849f2bde8e67a16f0
p:  316109.9236814602
5d53127a87f77a3ad87a1735
p:  63322.24992354899
5d5316074576d8d6447a16f5
p:  58463.148889259915
5d531afd4dbfca005b7a16fc
p:  213434.88380063808
5d531b354dbfca005b7a16fd
p:  75251.34549291398
5d531ba929830a4d7d7a1705
p:  111965.80127122904
5d531bdf4576d8d6447a16fe
p:  98705.87098984343
5d531d9294e59ba2e07a16ef
p:  56190.64192889439
5d531e2e94e59ba2e07a16f0
p:  49199.18438112951
5d531f3938a4e3597c7a1721
p:  79051.46727624419
5d531fb02171b035b67a1704
p:  119884.97290751626
5d5320328b064ecea97a171f
p:  141204.35222904646
5d5321044576d8d6447a1702
p:  63805.9989863807
5d5321e52171b035b67a1706
p:  239102.00254331695
5d5323608b064ecea97a1725
p:  146989.28619158358
5d5323922171b035b67a1707
p:  243206.63597930013
5d5324bf2171b035b67a1708
p:  128083.41892039066
5d53257a87f77a3ad87a1761
p:  141512.1210957664
5d53263538a4e3597c7a1727
p:  165549.90186730478
5d5326e887f77a3ad87a1764
p:  108287.04975957677
5d5327bd2171b035b67a170e
p:  200467.66611946042
5d5328f938a4e3597c7a172c
p:  433196.12554235174
5d53297594e59ba2e07a16fc
p:  159383.23482036282
5d532b3294e59ba2e07a16ff
p:  235063.22808124515
5d532c2294e59ba2e07a1700
p:  170653.712474172
5d532d022171b035b67a1716
p:  97130.7448658456
5d532d05c9c8926c9a7a1706
p:  345505.6700644544
5d532f56a9ff052c027a1715
p:  111636.51201072658
5d533019a9ff052c027a1717
p:  96204.12044464974
5d533147a9ff052c027a1718
p:  102169.63909334893
5d5331552171b035b67a171e
p:  257513.7312109377
5d5331d649f2bde8e67a1710
p:  159855.6201254565
5d5333a649f2bde8e67a1713
p:  151667.4578557922
5d53345629830a4d7d7a1731
p:  232830.6864650991
5d53356cfd2cdc4e177a1722
p:  96160.94543085221
5d53358329830a4d7d7a1734
p:  190062.40229213727
5d5335c98b064ecea97a1736
p:  330978.8903474394
5d5337c4a9ff052c027a171d
p:  140364.17098318803
5d5338494576d8d6447a1724
p:  368676.8180898513
5d5338784576d8d6447a1725
p:  170547.55561527828
5d533905a9ff052c027a171f
p:  114110.54982891947
5d533962c9c8926c9a7a1714
p:  207804.77751337033
5d5339c9f77f8c15ba7a173a
p:  132208.02598360862
5d533a004dbfca005b7a174c
p:  286577.27541941096
5d533aaa29830a4d7d7a1739
p:  227515.49835713656
5d533aff4dbfca005b7a174e
p:  353906.2548618372
5d533c56fd2cdc4e177a172a
p:  245410.5083742083
5d533c974576d8d6447a172b
p:  219608.5956521231
5d533d1b06f750ae8f7a1756
p:  225394.10998908736
5d533d5cfd2cdc4e177a172d
p:  167596.42398733614
5d533da506f750ae8f7a1757
p:  259126.9214353765
5d533eb029830a4d7d7a173d
p:  232830.6864650991
5d533fbb4dbfca005b7a1752
p:  229043.5761827948
5d5340cdfd2cdc4e177a1731
p:  198090.23141053872
5d5340ff4576d8d6447a172e
p:  227101.09903473867
5d534165fd2cdc4e177a1733
p:  254285.9389141103
5d5341c787f77a3ad87a178b
p:  422767.6876283592
5d5341d84dbfca005b7a1755
p:  295751.8163177787
5d53424d4dbfca005b7a1756
p:  283215.07940259285
5d5342eb4dbfca005b7a1758
p:  451251.4838193188
5d53430094e59ba2e07a171f
p:  43350.47158161261
5d53432bf77f8c15ba7a1748
p:  116126.3801161431
5d53434da9ff052c027a1729
p:  178856.7665581039
5d5344e429830a4d7d7a1743
p:  201680.92497932212
5d53465d4dbfca005b7a175d
p:  224090.6904129211
5d5346d50ba9f7e47f7a1728
p:  102443.94822649352
5d534720f77f8c15ba7a1758
p:  122598.11352249401
5d53479e2171b035b67a173d
p:  131627.85196165743
5d5347ad29830a4d7d7a1744
p:  197021.6208544037
5d5347ce0ba9f7e47f7a172c
p:  151153.65262103145
5d5348414dbfca005b7a1760
p:  278548.9038064282
5d53485829830a4d7d7a1745
p:  142474.7775814721
5d5348a729830a4d7d7a1747
p:  191864.78125509323
5d5348d606f750ae8f7a1766
p:  217273.58553566656
5d5348e22171b035b67a1740
p:  351719.037039738
5d5348e5f77f8c15ba7a175f
p:  202467.86696960902
5d534988a9ff052c027a1730
p:  71295.44561764832
5d534ac0fd2cdc4e177a173d
p:  127974.72347018728
5d534b6a0ba9f7e47f7a1730
p:  175932.05985717618
5d534b8a4dbfca005b7a1767
p:  224848.714332362
5d534bacfd2cdc4e177a1740
p:  245410.5083742083
5d534c360ba9f7e47f7a1732
p:  108032.40773345125
5d534cf338a4e3597c7a174f
p:  93512.24536548709
5d534e29a9ff052c027a1736
p:  96151.497249484
5d534f152171b035b67a174a
p:  496673.2710479024
5d534f4d49f2bde8e67a1735
p:  212470.60606431856
5d534f78fd2cdc4e177a1743
p:  157309.9845377513
5d534fa106f750ae8f7a176d
p:  558965.5079727718
5d5352df2171b035b67a174f
p:  190093.51324331702
5d53530f4dbfca005b7a1771
p:  263799.6617793798
5d5353d7c9c8926c9a7a172f
p:  80220.93979375705
5d5354064dbfca005b7a1772
p:  450076.5839928449
5d53543106f750ae8f7a1778
p:  210064.04081067763
5d5354b7c9c8926c9a7a1733
p:  331957.9712117356
5d53553429830a4d7d7a1753
p:  229129.11721508554
5d5356a329830a4d7d7a1757
p:  203262.626931817
5d5357f04dbfca005b7a1776
p:  228246.33045811922
5d535a40f77f8c15ba7a179c
p:  216239.15370052733
5d535a7df77f8c15ba7a179d
p:  187860.53168536973
5d535c5938a4e3597c7a175e
p:  368101.36470856844
5d535d5efd2cdc4e177a1758
p:  229712.86018974084
5d535df429830a4d7d7a1766
p:  142045.79221754166
5d535f4d87f77a3ad87a17b1
p:  217978.02553140506
5d535f5ef77f8c15ba7a17aa
p:  216239.15370052733
5d535f5e4dbfca005b7a177d
p:  116594.94365411848
5d53613b4576d8d6447a175b
p:  383113.3852762868
5d536194f77f8c15ba7a17ac
p:  216249.25706884867
5d53623c94e59ba2e07a173b
p:  223899.61748907715
5d5363be29830a4d7d7a1771
p:  191864.78125509323
5d53647c4576d8d6447a1761
p:  319719.09346068825
/home/testapiuser/HouseApp_2/PricePrediction/WVPrice.py:321: SettingWithCopyWarning: 
A value is trying to be set on a copy of a slice from a DataFrame.
Try using .loc[row_indexer,col_indexer] = value instead

See the caveats in the documentation: http://pandas.pydata.org/pandas-docs/stable/indexing.html#indexing-view-versus-copy
  df2['AreaSpace_SQFT'] = df2['AreaSpace_SQFT'].astype(int)
/home/testapiuser/HouseApp_2/PricePrediction/WVPrice.py:333: SettingWithCopyWarning: 
A value is trying to be set on a copy of a slice from a DataFrame.
Try using .loc[row_indexer,col_indexer] = value instead

See the caveats in the documentation: http://pandas.pydata.org/pandas-docs/stable/indexing.html#indexing-view-versus-copy
  df2['Price'] = z1
/home/testapiuser/HouseApp_2/PricePrediction/WVPrice.py:340: SettingWithCopyWarning: 
A value is trying to be set on a copy of a slice from a DataFrame.
Try using .loc[row_indexer,col_indexer] = value instead

See the caveats in the documentation: http://pandas.pydata.org/pandas-docs/stable/indexing.html#indexing-view-versus-copy
  df2['AreaSpace_SQFT'] = z2
Current date and time: 2020-06-12 15:34:11
Successfully connect to DB.
For ['Barbour', 'Berkeley', 'Boone', 'Braxton', 'Brooke', 'Cabell', 'Calhoun', 'Clay', 'Doddridge', 'Fayette', 'Gilmer', 'Grant', 'Greenbrier', 'Hampshire', 'Hancock', 'Hardy', 'Harrison', 'Jackson', 'Jefferson', 'Kanawha', 'Lewis', 'Lincoln', 'Logan', 'Marion', 'Marshall', 'Mason', 'McDowell', 'Mercer', 'Mineral', 'Mingo', 'Monongalia', 'Monroe', 'Morgan', 'Nicholas', 'Ohio', 'Pendleton', 'Pleasants', 'Pocahontas', 'Preston', 'Putnam', 'Raleigh', 'Randolph', 'Ritchie', 'Roane', 'Summers', 'Taylor', 'Tucker', 'Tyler', 'Upshur', 'Wayne', 'Webster', 'Wetzel', 'Wirt', 'Wood', 'Wyoming']#################################################################
train score for random_forest: 0.9277002505476832
test score for random_forest: 0.595494391801348
The mean absolute error is:$ 65995.06141654018
r_Score: 0.6088593057828372
Voting Regressor (in): 0.9556416833373755
Voting Regressor: 0.6088593057828372
5d081c4a7c1d83daee248b99
p:  114628.49374936565
5d0e840d2b8f60b82b8f8d1f
p:  128476.03679777394
5d0eabed2b8f60b82b8f8dee
p:  192343.97752474534
5d1c0267dbebfd779eefbc70
p:  215783.09274213167
5d1c1d1502e1f427a5efbca1
p:  352356.3524914221
5d1c59140a1cbc8e6fefbcbe
p:  114628.49374936565
5d1c8fe0dbebfd779eefbda0
p:  91335.54020095445
5d2b7b8047cfe46363877bda
p:  114979.39361783875
5d2f6d7a8b6c8df1a080b6b8
p:  296455.3044998491
5d2f81848b6c8df1a080b6ea
p:  141766.0631144676
5d3e714dbd7b3d656007b5f8
p:  110916.59487304263
5d40f547e3a87001ca64b8f5
p:  125142.11554559514
5d45617af6b4c2439b8b208e
p:  128105.02412615342
5d472bf6d57846aad03cb359
p:  164691.7504307411
5d52ef278b064ecea97a16c7
p:  52400.858582187386
5d52f0380ba9f7e47f7a16c9
p:  42380.357125582974
5d52f2198b064ecea97a16cb
p:  54671.59957912505
5d52f26e38a4e3597c7a16cb
p:  132035.98355720763
5d52f59c87f77a3ad87a16cf
p:  137945.7122228295
5d52f61c38a4e3597c7a16cf
p:  75129.79899143337
5d52f6af0ba9f7e47f7a16d0
p:  49951.15889787207
5d52fb470ba9f7e47f7a16d4
p:  151018.9562140241
5d52fcf90ba9f7e47f7a16d6
p:  85590.73248272631
5d52fe6338a4e3597c7a16d7
p:  168346.55771772366
5d5301f0fd2cdc4e177a16e2
p:  52655.51989724612
5d5303650ba9f7e47f7a16db
p:  79532.4136981852
5d53040ac9c8926c9a7a16df
p:  153520.60459313428
5d5304f529830a4d7d7a16e4
p:  63298.669517638584
5d53075829830a4d7d7a16ec
p:  147883.27028262574
5d53081838a4e3597c7a1707
p:  85395.96872423112
5d530c2906f750ae8f7a1711
p:  42907.17899191164
5d530d7949f2bde8e67a16e9
p:  60571.6085484954
5d530de50ba9f7e47f7a16ec
p:  32909.535821775215
5d530e0b2171b035b67a16f0
p:  81480.1867426055
5d530f0849f2bde8e67a16ec
p:  105781.15123723345
5d530fdc87f77a3ad87a1725
p:  51196.559739663346
5d530fef06f750ae8f7a1718
p:  78493.07909637262
5d530ff887f77a3ad87a1726
p:  90351.89833163493
5d53105d87f77a3ad87a1729
p:  69498.34085530632
5d5311c506f750ae8f7a171e
p:  106850.87051600785
5d53127849f2bde8e67a16f0
p:  305694.82616004127
5d53127a87f77a3ad87a1735
p:  66767.34422510322
5d5316074576d8d6447a16f5
p:  55322.23675609094
5d531afd4dbfca005b7a16fc
p:  206343.10120513928
5d531b354dbfca005b7a16fd
p:  79985.3222218391
5d531ba929830a4d7d7a1705
p:  119481.49450896175
5d531bdf4576d8d6447a16fe
p:  97102.20455485399
5d531d9294e59ba2e07a16ef
p:  56105.87585125724
5d531e2e94e59ba2e07a16f0
p:  50340.85934342291
5d531f3938a4e3597c7a1721
p:  77873.38614844192
5d531fb02171b035b67a1704
p:  121275.28905740877
5d5320328b064ecea97a171f
p:  134432.46974491345
5d5321044576d8d6447a1702
p:  64217.05189757697
5d5321e52171b035b67a1706
p:  246475.07547017606
5d5323608b064ecea97a1725
p:  147928.98361777965
5d5323922171b035b67a1707
p:  233617.7056438171
5d5324bf2171b035b67a1708
p:  129717.63509096173
5d53257a87f77a3ad87a1761
p:  151538.73688104813
5d53263538a4e3597c7a1727
p:  172850.539876477
5d5326e887f77a3ad87a1764
p:  104669.95557999052
5d5327bd2171b035b67a170e
p:  189916.11197694085
5d5328f938a4e3597c7a172c
p:  431182.6435886877
5d53297594e59ba2e07a16fc
p:  162209.0933411043
5d532b3294e59ba2e07a16ff
p:  244320.12762955518
5d532c2294e59ba2e07a1700
p:  190339.19553270392
5d532d022171b035b67a1716
p:  105508.26718236532
5d532d05c9c8926c9a7a1706
p:  349812.81719670864
5d532f56a9ff052c027a1715
p:  112926.14665491425
5d533019a9ff052c027a1717
p:  86432.49481185857
5d533147a9ff052c027a1718
p:  97319.39926619858
5d5331552171b035b67a171e
p:  280821.6523679838
5d5331d649f2bde8e67a1710
p:  160445.34618494823
5d5333a649f2bde8e67a1713
p:  154474.46641890702
5d53345629830a4d7d7a1731
p:  215438.2399045311
5d53356cfd2cdc4e177a1722
p:  96886.10150121257
5d53358329830a4d7d7a1734
p:  182515.8594804884
5d5335c98b064ecea97a1736
p:  326855.93492256
5d5337c4a9ff052c027a171d
p:  127916.6135222932
5d5338494576d8d6447a1724
p:  371534.31910288567
5d5338784576d8d6447a1725
p:  188466.5164024272
5d533905a9ff052c027a171f
p:  107485.0493771757
5d533962c9c8926c9a7a1714
p:  204420.3805788747
5d5339c9f77f8c15ba7a173a
p:  128140.5338468212
5d533a004dbfca005b7a174c
p:  271960.29778867215
5d533aaa29830a4d7d7a1739
p:  216843.47370099174
5d533aff4dbfca005b7a174e
p:  325723.73373115226
5d533c56fd2cdc4e177a172a
p:  239646.98681665226
5d533c974576d8d6447a172b
p:  211430.8512165589
5d533d1b06f750ae8f7a1756
p:  229717.8683215162
5d533d5cfd2cdc4e177a172d
p:  167631.691501198
5d533da506f750ae8f7a1757
p:  261354.31627871416
5d533eb029830a4d7d7a173d
p:  215438.2399045311
5d533fbb4dbfca005b7a1752
p:  236795.96823618386
5d5340cdfd2cdc4e177a1731
p:  203462.37522782656
5d5340ff4576d8d6447a172e
p:  217044.29484986322
5d534165fd2cdc4e177a1733
p:  264924.50454923825
5d5341c787f77a3ad87a178b
p:  407783.3101157892
5d5341d84dbfca005b7a1755
p:  305565.0415252871
5d53424d4dbfca005b7a1756
p:  278588.669302647
5d5342eb4dbfca005b7a1758
p:  454219.5090944022
5d53430094e59ba2e07a171f
p:  42737.26868984691
5d53432bf77f8c15ba7a1748
p:  110880.86956820618
5d53434da9ff052c027a1729
p:  191415.1441069111
5d5344e429830a4d7d7a1743
p:  188250.68775743782
5d53465d4dbfca005b7a175d
p:  223464.8594216208
5d5346d50ba9f7e47f7a1728
p:  104824.10216666048
5d534720f77f8c15ba7a1758
p:  115069.41274466824
5d53479e2171b035b67a173d
p:  128304.93657354332
5d5347ad29830a4d7d7a1744
p:  185845.87360595597
5d5347ce0ba9f7e47f7a172c
p:  143453.42649522322
5d5348414dbfca005b7a1760
p:  277455.15672547335
5d53485829830a4d7d7a1745
p:  139400.78726638356
5d5348a729830a4d7d7a1747
p:  187328.13416954066
5d5348d606f750ae8f7a1766
p:  218258.77422378265
5d5348e22171b035b67a1740
p:  346378.9280870685
5d5348e5f77f8c15ba7a175f
p:  207385.97016821936
5d534988a9ff052c027a1730
p:  75906.91194693258
5d534ac0fd2cdc4e177a173d
p:  179995.6919583698
5d534b6a0ba9f7e47f7a1730
p:  177069.96511738963
5d534b8a4dbfca005b7a1767
p:  220942.5948710368
5d534bacfd2cdc4e177a1740
p:  239646.98681665226
5d534c360ba9f7e47f7a1732
p:  108864.05903139018
5d534cf338a4e3597c7a174f
p:  93511.83839064321
5d534e29a9ff052c027a1736
p:  85201.95324250779
5d534f152171b035b67a174a
p:  515592.1846664809
5d534f4d49f2bde8e67a1735
p:  210313.1970343599
5d534f78fd2cdc4e177a1743
p:  168015.93001610495
5d534fa106f750ae8f7a176d
p:  825039.2965855076
5d5352df2171b035b67a174f
p:  198691.54503261734
5d53530f4dbfca005b7a1771
p:  272409.9863456725
5d5353d7c9c8926c9a7a172f
p:  75420.56553411444
5d5354064dbfca005b7a1772
p:  441017.70736088237
5d53543106f750ae8f7a1778
p:  215042.3380126094
5d5354b7c9c8926c9a7a1733
p:  345347.7969187915
5d53553429830a4d7d7a1753
p:  246267.641907125
5d5356a329830a4d7d7a1757
p:  199629.685566361
5d5357f04dbfca005b7a1776
p:  223450.22150708275
5d535a40f77f8c15ba7a179c
p:  205047.6647561342
5d535a7df77f8c15ba7a179d
p:  184661.27571343008
5d535c5938a4e3597c7a175e
p:  350659.46718663553
5d535d5efd2cdc4e177a1758
p:  225399.29548682424
5d535df429830a4d7d7a1766
p:  143522.17282945174
5d535f4d87f77a3ad87a17b1
p:  223131.27678662224
5d535f5ef77f8c15ba7a17aa
p:  205047.6647561342
5d535f5e4dbfca005b7a177d
p:  112151.6306720231
5d53613b4576d8d6447a175b
p:  397495.3981738902
5d536194f77f8c15ba7a17ac
p:  214687.35178494395
5d53623c94e59ba2e07a173b
p:  235146.62867548905
5d5363be29830a4d7d7a1771
p:  187328.13416954066
5d53647c4576d8d6447a1761
p:  328911.8749332718
/home/testapiuser/HouseApp_2/PricePrediction/WVPrice.py:321: SettingWithCopyWarning: 
A value is trying to be set on a copy of a slice from a DataFrame.
Try using .loc[row_indexer,col_indexer] = value instead

See the caveats in the documentation: http://pandas.pydata.org/pandas-docs/stable/indexing.html#indexing-view-versus-copy
  df2['AreaSpace_SQFT'] = df2['AreaSpace_SQFT'].astype(int)
/home/testapiuser/HouseApp_2/PricePrediction/WVPrice.py:333: SettingWithCopyWarning: 
A value is trying to be set on a copy of a slice from a DataFrame.
Try using .loc[row_indexer,col_indexer] = value instead

See the caveats in the documentation: http://pandas.pydata.org/pandas-docs/stable/indexing.html#indexing-view-versus-copy
  df2['Price'] = z1
/home/testapiuser/HouseApp_2/PricePrediction/WVPrice.py:340: SettingWithCopyWarning: 
A value is trying to be set on a copy of a slice from a DataFrame.
Try using .loc[row_indexer,col_indexer] = value instead

See the caveats in the documentation: http://pandas.pydata.org/pandas-docs/stable/indexing.html#indexing-view-versus-copy
  df2['AreaSpace_SQFT'] = z2
Current date and time: 2020-06-13 15:34:11
Successfully connect to DB.
For ['Barbour', 'Berkeley', 'Boone', 'Braxton', 'Brooke', 'Cabell', 'Calhoun', 'Clay', 'Doddridge', 'Fayette', 'Gilmer', 'Grant', 'Greenbrier', 'Hampshire', 'Hancock', 'Hardy', 'Harrison', 'Jackson', 'Jefferson', 'Kanawha', 'Lewis', 'Lincoln', 'Logan', 'Marion', 'Marshall', 'Mason', 'McDowell', 'Mercer', 'Mineral', 'Mingo', 'Monongalia', 'Monroe', 'Morgan', 'Nicholas', 'Ohio', 'Pendleton', 'Pleasants', 'Pocahontas', 'Preston', 'Putnam', 'Raleigh', 'Randolph', 'Ritchie', 'Roane', 'Summers', 'Taylor', 'Tucker', 'Tyler', 'Upshur', 'Wayne', 'Webster', 'Wetzel', 'Wirt', 'Wood', 'Wyoming']#################################################################
train score for random_forest: 0.9263591571651252
test score for random_forest: 0.6027266622414991
The mean absolute error is:$ 66935.83921743679
r_Score: 0.6051232384769167
Voting Regressor (in): 0.9563845699180551
Voting Regressor: 0.6051232384769167
5d081c4a7c1d83daee248b99
p:  117177.39726194253
5d0e840d2b8f60b82b8f8d1f
p:  124647.58118788495
5d0eabed2b8f60b82b8f8dee
p:  174876.6073910904
5d1c0267dbebfd779eefbc70
p:  211619.94217779857
5d1c1d1502e1f427a5efbca1
p:  338958.36019437364
5d1c59140a1cbc8e6fefbcbe
p:  117177.39726194253
5d1c8fe0dbebfd779eefbda0
p:  93253.01164502336
5d2b7b8047cfe46363877bda
p:  111108.13595284749
5d2f6d7a8b6c8df1a080b6b8
p:  310318.3971921543
5d2f81848b6c8df1a080b6ea
p:  142938.55808425968
5d3e714dbd7b3d656007b5f8
p:  112711.74490136115
5d40f547e3a87001ca64b8f5
p:  126869.52501204923
5d45617af6b4c2439b8b208e
p:  136807.07799847098
5d472bf6d57846aad03cb359
p:  158800.99991593853
5d52ef278b064ecea97a16c7
p:  50555.29142431025
5d52f0380ba9f7e47f7a16c9
p:  42000.54775904578
5d52f2198b064ecea97a16cb
p:  59885.284334737844
5d52f26e38a4e3597c7a16cb
p:  117734.78260577637
5d52f59c87f77a3ad87a16cf
p:  138781.82980467266
5d52f61c38a4e3597c7a16cf
p:  76339.11944138023
5d52f6af0ba9f7e47f7a16d0
p:  45390.84828306997
5d52fb470ba9f7e47f7a16d4
p:  144708.49051085487
5d52fcf90ba9f7e47f7a16d6
p:  88548.75025099675
5d52fe6338a4e3597c7a16d7
p:  167128.2799105893
5d5301f0fd2cdc4e177a16e2
p:  55056.19409234903
5d5303650ba9f7e47f7a16db
p:  80579.03448522282
5d53040ac9c8926c9a7a16df
p:  145928.21620096124
5d5304f529830a4d7d7a16e4
p:  63018.374914190805
5d53075829830a4d7d7a16ec
p:  152353.29053859782
5d53081838a4e3597c7a1707
p:  90213.09515202788
5d530c2906f750ae8f7a1711
p:  43466.72336642449
5d530d7949f2bde8e67a16e9
p:  63479.697212363506
5d530de50ba9f7e47f7a16ec
p:  35345.83165174357
5d530e0b2171b035b67a16f0
p:  83544.62781676349
5d530f0849f2bde8e67a16ec
p:  110167.91429467699
5d530fdc87f77a3ad87a1725
p:  51273.76122354736
5d530fef06f750ae8f7a1718
p:  77799.93465545605
5d530ff887f77a3ad87a1726
p:  89397.26105890283
5d53105d87f77a3ad87a1729
p:  68162.85037017117
5d5311c506f750ae8f7a171e
p:  109696.51210748308
5d53127849f2bde8e67a16f0
p:  302513.0322547113
5d53127a87f77a3ad87a1735
p:  63663.386133321415
5d5316074576d8d6447a16f5
p:  54640.707831633765
5d531afd4dbfca005b7a16fc
p:  216054.8631837573
5d531b354dbfca005b7a16fd
p:  66424.31387872143
5d531ba929830a4d7d7a1705
p:  112857.58431241776
5d531bdf4576d8d6447a16fe
p:  97929.30800002269
5d531d9294e59ba2e07a16ef
p:  56508.29699559156
5d531e2e94e59ba2e07a16f0
p:  47888.54540009474
5d531f3938a4e3597c7a1721
p:  77312.44979188383
5d531fb02171b035b67a1704
p:  115650.01999037196
5d5320328b064ecea97a171f
p:  129583.6914839214
5d5321044576d8d6447a1702
p:  62435.40005648581
5d5321e52171b035b67a1706
p:  256484.3107560414
5d5323608b064ecea97a1725
p:  152378.91970520408
5d5323922171b035b67a1707
p:  240978.68818360995
5d5324bf2171b035b67a1708
p:  126306.94898431012
5d53257a87f77a3ad87a1761
p:  151869.46493128926
5d53263538a4e3597c7a1727
p:  178562.04197207832
5d5326e887f77a3ad87a1764
p:  103613.18549900959
5d5327bd2171b035b67a170e
p:  186104.2092897523
5d5328f938a4e3597c7a172c
p:  421597.4198874505
5d53297594e59ba2e07a16fc
p:  205171.91156349925
5d532b3294e59ba2e07a16ff
p:  253490.56648868654
5d532c2294e59ba2e07a1700
p:  194511.48186838703
5d532d022171b035b67a1716
p:  96771.34105105439
5d532d05c9c8926c9a7a1706
p:  353835.3808040068
5d532f56a9ff052c027a1715
p:  115173.28289373894
5d533019a9ff052c027a1717
p:  94508.31147769335
5d533147a9ff052c027a1718
p:  112445.72922333083
5d5331552171b035b67a171e
p:  257921.10262010325
5d5331d649f2bde8e67a1710
p:  163002.92960529425
5d5333a649f2bde8e67a1713
p:  156538.10901374777
5d53345629830a4d7d7a1731
p:  229411.74022476876
5d53356cfd2cdc4e177a1722
p:  95487.89262921191
5d53358329830a4d7d7a1734
p:  177077.18943783775
5d5335c98b064ecea97a1736
p:  320720.78698418575
5d5337c4a9ff052c027a171d
p:  136396.78126558207
5d5338494576d8d6447a1724
p:  422840.68818158284
5d5338784576d8d6447a1725
p:  178157.7902905427
5d533905a9ff052c027a171f
p:  106342.34162147419
5d533962c9c8926c9a7a1714
p:  192191.570540265
5d5339c9f77f8c15ba7a173a
p:  132486.93547417782
5d533a004dbfca005b7a174c
p:  280734.49916938087
5d533aaa29830a4d7d7a1739
p:  221153.3686701723
5d533aff4dbfca005b7a174e
p:  319908.69634873455
5d533c56fd2cdc4e177a172a
p:  241168.71396834042
5d533c974576d8d6447a172b
p:  216331.57977401413
5d533d1b06f750ae8f7a1756
p:  220094.94638411375
5d533d5cfd2cdc4e177a172d
p:  165011.6100861816
5d533da506f750ae8f7a1757
p:  250147.42659730752
5d533eb029830a4d7d7a173d
p:  229411.74022476876
5d533fbb4dbfca005b7a1752
p:  233374.25478618674
5d5340cdfd2cdc4e177a1731
p:  211773.31296350755
5d5340ff4576d8d6447a172e
p:  220743.43682599842
5d534165fd2cdc4e177a1733
p:  249669.3952743453
5d5341c787f77a3ad87a178b
p:  431508.3428972106
5d5341d84dbfca005b7a1755
p:  308751.8357953167
5d53424d4dbfca005b7a1756
p:  287766.25674327917
5d5342eb4dbfca005b7a1758
p:  441863.8320303208
5d53430094e59ba2e07a171f
p:  40887.02798464491
5d53432bf77f8c15ba7a1748
p:  134658.77985064758
5d53434da9ff052c027a1729
p:  191558.2170711966
5d5344e429830a4d7d7a1743
p:  194201.61639909074
5d53465d4dbfca005b7a175d
p:  230389.94355767898
5d5346d50ba9f7e47f7a1728
p:  95602.4769755396
5d534720f77f8c15ba7a1758
p:  117528.39926848278
5d53479e2171b035b67a173d
p:  129739.1220127603
5d5347ad29830a4d7d7a1744
p:  195021.21525813887
5d5347ce0ba9f7e47f7a172c
p:  140960.9866875357
5d5348414dbfca005b7a1760
p:  273479.2982180608
5d53485829830a4d7d7a1745
p:  137563.4126822537
5d5348a729830a4d7d7a1747
p:  188377.31959927647
5d5348d606f750ae8f7a1766
p:  221194.3291226297
5d5348e22171b035b67a1740
p:  321149.64958654094
5d5348e5f77f8c15ba7a175f
p:  204657.45944537394
5d534988a9ff052c027a1730
p:  76166.61161147634
5d534ac0fd2cdc4e177a173d
p:  127612.56289340084
5d534b6a0ba9f7e47f7a1730
p:  176988.06428084616
5d534b8a4dbfca005b7a1767
p:  218705.25700143864
5d534bacfd2cdc4e177a1740
p:  241168.71396834042
5d534c360ba9f7e47f7a1732
p:  107806.1009170578
5d534cf338a4e3597c7a174f
p:  93437.83828333803
5d534e29a9ff052c027a1736
p:  90139.91379156642
5d534f152171b035b67a174a
p:  475812.3836211108
5d534f4d49f2bde8e67a1735
p:  213600.00987578108
5d534f78fd2cdc4e177a1743
p:  151632.85386966408
5d534fa106f750ae8f7a176d
p:  731588.437945739
5d5352df2171b035b67a174f
p:  204020.28483243432
5d53530f4dbfca005b7a1771
p:  272776.0244206819
5d5353d7c9c8926c9a7a172f
p:  74174.11741415143
5d5354064dbfca005b7a1772
p:  435438.5086483343
5d53543106f750ae8f7a1778
p:  218664.1542940853
5d5354b7c9c8926c9a7a1733
p:  357389.8195087415
5d53553429830a4d7d7a1753
p:  236967.8424622431
5d5356a329830a4d7d7a1757
p:  204723.65398685727
5d5357f04dbfca005b7a1776
p:  228985.08173055353
5d535a40f77f8c15ba7a179c
p:  202657.02382413347
5d535a7df77f8c15ba7a179d
p:  186453.9742160947
5d535c5938a4e3597c7a175e
p:  373367.02111767716
5d535d5efd2cdc4e177a1758
p:  233276.74082862027
5d535df429830a4d7d7a1766
p:  143018.19422488048
5d535f4d87f77a3ad87a17b1
p:  211904.8397169221
5d535f5ef77f8c15ba7a17aa
p:  202657.02382413347
5d535f5e4dbfca005b7a177d
p:  138346.42241586652
5d53613b4576d8d6447a175b
p:  406615.4704941207
5d536194f77f8c15ba7a17ac
p:  212665.50330651994
5d53623c94e59ba2e07a173b
p:  204005.5260061543
5d5363be29830a4d7d7a1771
p:  188377.31959927647
5d53647c4576d8d6447a1761
p:  329556.40522351663
/home/testapiuser/HouseApp_2/PricePrediction/WVPrice.py:321: SettingWithCopyWarning: 
A value is trying to be set on a copy of a slice from a DataFrame.
Try using .loc[row_indexer,col_indexer] = value instead

See the caveats in the documentation: http://pandas.pydata.org/pandas-docs/stable/indexing.html#indexing-view-versus-copy
  df2['AreaSpace_SQFT'] = df2['AreaSpace_SQFT'].astype(int)
/home/testapiuser/HouseApp_2/PricePrediction/WVPrice.py:333: SettingWithCopyWarning: 
A value is trying to be set on a copy of a slice from a DataFrame.
Try using .loc[row_indexer,col_indexer] = value instead

See the caveats in the documentation: http://pandas.pydata.org/pandas-docs/stable/indexing.html#indexing-view-versus-copy
  df2['Price'] = z1
/home/testapiuser/HouseApp_2/PricePrediction/WVPrice.py:340: SettingWithCopyWarning: 
A value is trying to be set on a copy of a slice from a DataFrame.
Try using .loc[row_indexer,col_indexer] = value instead

See the caveats in the documentation: http://pandas.pydata.org/pandas-docs/stable/indexing.html#indexing-view-versus-copy
  df2['Ar