Current date and time: 2020-06-07 15:34:19
Successfully connect to DB.
For ['Albany', 'Big Horn', 'Campbell', 'Carbon', 'Converse', 'Crook', 'Fremont', 'Goshen', 'Hot Springs', 'Johnson', 'Laramie', 'Lincoln', 'Natrona', 'Niobrara', 'Park', 'Platte', 'Sheridan', 'Sublette', 'Sweetwater', 'Teton', 'Uinta', 'Washakie', 'Weston']#################################################################
train score for random_forest: 0.9522110323459846
test score for random_forest: 0.7535684453829973
The mean absolute error is:$ 160455.29489793527
r_Score: 0.760810646229633
Voting Regressor (in): 0.9630567166070672
Voting Regressor: 0.760810646229633
5d0d4b70ae78f7f2d314ae8b
p:  118644.23287349299
5d1bbf5103ecbb08e0bf61b7
p:  185512.94425581227
5d297d3f199bf96b6045aca7
p:  240941.80915973644
5d2ccbf0aa1ce31ade80b07e
p:  124794.45267976905
5d31aac2d708b0a3d0a64e9e
p:  294678.0698223205
5d456607f6b4c2439b8b2093
p:  150960.7772732597
5d5b39808a8fc44dba0f1ff3
p:  247770.63272734804
5d5b398dffbcac0c940f1ff4
p:  253921.63180161046
5d5b39b83efe8b24c40f1ff3
p:  210850.6883808057
5d5b39e8e567a864ab0f1ff3
p:  229104.39053941704
5d5b39f1e567a864ab0f1ff4
p:  294434.745487766
5d5b3a2d5141e518830f1ff4
p:  299046.9505334711
5d5b3a45922ec2e50a0f1ff6
p:  161267.69130702678
5d5b3a7ee567a864ab0f1ff5
p:  217850.0424735924
5d5b3adac98f548a230f1ff5
p:  235998.80269893023
5d5b3b018a8fc44dba0f1ff6
p:  235998.80269893023
5d5b3b01e567a864ab0f1ff8
p:  188919.87167946243
5d5b3b2c8a8fc44dba0f1ff7
p:  309702.60994581215
5d5b3b38e567a864ab0f1ff9
p:  275113.3191993083
5d5b3b445141e518830f1ff9
p:  309702.60994581215
5d5b3b4a922ec2e50a0f1ff7
p:  219924.26402426962
5d5b3b5c8a8fc44dba0f1ff8
p:  234879.34915096784
5d5b3b685141e518830f1ffa
p:  234879.34915096784
5d5b3bc98a8fc44dba0f1ffa
p:  358979.24456805055
5d5b3be85141e518830f1ffc
p:  358979.24456805055
5d5b3c8bc98f548a230f1ffa
p:  248323.80774923976
5d5b3cabd4e13c37290f1ff8
p:  115234.34188116298
5d5b3ccad4e13c37290f1ff9
p:  297267.9900896795
5d5b3cd3dcc1f585270f1ffe
p:  129405.76352376687
5d5b3cdbd4e13c37290f1ffa
p:  189017.36964984037
5d5b3d26d4e13c37290f1ffb
p:  95907.65067899061
5d5b3d65922ec2e50a0f1ffd
p:  185627.35591313324
5d5b3d865141e518830f2004
p:  272868.19785598124
5d5b3d8f922ec2e50a0f1ffe
p:  290275.19269552844
5d5b3d9c2e40bdb7af0f1ffa
p:  165241.3004341317
5d5b3db7d4e13c37290f1ffc
p:  157765.62783376387
5d5b3dbd5141e518830f2005
p:  263352.37495433824
5d5b3dd4ffbcac0c940f1ffe
p:  154381.3298698355
5d5b3dd63efe8b24c40f1ffb
p:  437764.756625887
5d5b3ddd8a8fc44dba0f1ffe
p:  272868.19785598124
5d5b3de1e567a864ab0f2002
p:  172587.4288775645
5d5b3df6d4e13c37290f1ffd
p:  147234.65386384624
5d5b3e3f2e40bdb7af0f1ffb
p:  163977.93418428593
5d5b3e49c98f548a230f1ffe
p:  241608.4546262566
5d5b3e595141e518830f2006
p:  275685.8983945132
5d5b3e60c98f548a230f1fff
p:  257951.68933955816
5d5b3e852e40bdb7af0f1ffc
p:  96195.21975188909
5d5b3e8bdcc1f585270f2003
p:  84077.44265590872
5d5b3e97dcc1f585270f2004
p:  81055.19703838284
5d5b3ea2dcc1f585270f2005
p:  79618.58847325275
5d5b3eb8ffbcac0c940f2000
p:  239790.3332792328
5d5b3ebd5141e518830f2007
p:  177539.8978600098
5d5b3ec68a8fc44dba0f2000
p:  244596.24977818772
5d5b3ee4c98f548a230f2000
p:  239790.3332792328
5d5b3ef8e567a864ab0f2005
p:  183267.0748013394
5d5b3f05e44f296ffc0f1ffe
p:  97359.5642438632
5d5b3f24c98f548a230f2001
p:  299046.9505334711
5d5b3f3a922ec2e50a0f2001
p:  263690.5248315587
5d5b3f43e567a864ab0f2006
p:  232456.1939815376
5d5b3f593efe8b24c40f1ffd
p:  243495.65693084255
5d5b3f80c98f548a230f2003
p:  238944.13779677945
5d5b3f84dcc1f585270f2007
p:  194330.07269738542
5d5b3fbbe44f296ffc0f2000
p:  211899.70834670914
5d5b3fe9e567a864ab0f2008
p:  169407.59596465697
5d5b3ffdffbcac0c940f2004
p:  350961.40392704925
5d5b40265141e518830f200b
p:  241739.66732781753
5d5b402760afe00a320f200f
p:  351353.55092542735
5d5b404360afe00a320f2010
p:  266869.2383681487
5d5b404e5141e518830f200c
p:  157770.9798063783
5d5b40645141e518830f200d
p:  249256.64680300243
5d5b4073e567a864ab0f200a
p:  200139.07847415848
5d5b409cd4e13c37290f2002
p:  134696.51713628916
5d5b40a3922ec2e50a0f2005
p:  168021.4952677136
5d5b40a8e567a864ab0f200c
p:  165850.2093080423
5d5b40ad5141e518830f200f
p:  205132.41785072218
5d5b40f6ffbcac0c940f2006
p:  239790.3332792328
5d5b414ec98f548a230f2006
p:  342199.4154908331
5d5b418b5141e518830f2011
p:  216271.73914092506
5d5b418ce567a864ab0f2012
p:  219758.71332605983
5d5b41988a8fc44dba0f2006
p:  231073.4171333819
5d5b41a1ffbcac0c940f2009
p:  144331.08847979782
5d5b41fc5141e518830f2013
p:  218420.74308828375
5d5b42118a8fc44dba0f2008
p:  218420.74308828375
5d5b421a922ec2e50a0f2009
p:  147560.05456321794
5d5b423c8a8fc44dba0f200a
p:  253509.5408987248
5d5b42685141e518830f2014
p:  253509.5408987248
5d5b427c60afe00a320f2017
p:  353328.9442064745
5d5b430b60afe00a320f2018
p:  257491.6447629602
5d5b431e3efe8b24c40f2005
p:  251358.05940920848
5d5b4334c98f548a230f200b
p:  190163.25545500155
5d5b43495141e518830f2017
p:  190163.25545500155
5d5b43a65141e518830f2019
p:  363156.41751097713
5d5b43af2e40bdb7af0f200d
p:  382703.8344805276
5d5b43c45141e518830f201b
p:  131221.56158700233
5d5b43f28a8fc44dba0f200b
p:  363156.41751097713
5d5b442ac98f548a230f200f
p:  195210.06666955998
5d5b442b3efe8b24c40f2007
p:  359778.0725183065
5d5b44318a8fc44dba0f200c
p:  229898.16512680764
5d5b4456c98f548a230f2010
p:  212789.32217700145
5d5b446d8a8fc44dba0f200d
p:  212789.32217700145
5d5b447c5141e518830f201c
p:  159034.45985463084
5d5b447fc98f548a230f2011
p:  159034.45985463084
5d5b449a8a8fc44dba0f200e
p:  159034.45985463084
5d5b453a922ec2e50a0f200f
p:  158898.19490210345
5d5b45903efe8b24c40f2009
p:  176860.9597463172
5d5b46323efe8b24c40f200c
p:  307077.5168063841
5d5b46613efe8b24c40f200d
p:  401339.25971085776
5d5b46bcc98f548a230f2017
p:  307166.978609547
5d5b46c3bd0e6ec6fe0f2004
p:  100711.09637882926
5d5b46f0dcc1f585270f2017
p:  91381.25792716444
5d5b4726bd0e6ec6fe0f200c
p:  183605.18068463058
5d5b473cbd0e6ec6fe0f200e
p:  222481.4397953087
5d5b474dbd0e6ec6fe0f200f
p:  98951.38639972605
5d5b47a85141e518830f2024
p:  167392.42989689094
5d5b47d0dcc1f585270f2018
p:  110825.63546931747
5d5b49bebd0e6ec6fe0f2032
p:  199142.70323172305
5d5b4a25bd0e6ec6fe0f2034
p:  151524.8646977664
5d5b4a5dbd0e6ec6fe0f2035
p:  228819.62407461874
5d5b4b58dcc1f585270f201e
p:  218596.56164904477
5d5b4b5c3efe8b24c40f2017
p:  249302.50361880826
5d5b4b69dcc1f585270f201f
p:  195259.2792558007
5d5b4b85e44f296ffc0f201f
p:  299815.1903858819
5d5b4c3a3efe8b24c40f201e
p:  327272.31528868875
5d5b4c5dd4e13c37290f2018
p:  119397.97271955421
5d5b4cbddcc1f585270f2025
p:  124379.97640496359
5d5b4d1dffbcac0c940f201d
p:  136457.73650330002
5d5b4d732e40bdb7af0f2035
p:  183894.66663909343
5d5b4d78bd0e6ec6fe0f203e
p:  139616.24964904555
5d5b4e22ffbcac0c940f201f
p:  179333.38476022828
5d5b4e4fffbcac0c940f2020
p:  280332.8360497858
5d5b4f05ffbcac0c940f2021
p:  124112.88589884122
5d5b4f20e44f296ffc0f2027
p:  229516.89106064895
5d5b4f9bd4e13c37290f2023
p:  143278.50330224886
5d5b4fa9d4e13c37290f2024
p:  92164.69106582088
5d5b4fc62e40bdb7af0f2040
p:  166994.32127520815
5d5b506ed4e13c37290f2027
p:  74013.85787159912
5d5b509fffbcac0c940f2025
p:  328230.0495523402
5d5b51568a8fc44dba0f202a
p:  290883.71838505816
5d5b518fe567a864ab0f2045
p:  140068.42912724277
5d5b52412e40bdb7af0f2047
p:  177466.979236245
5d5b52a48a8fc44dba0f202d
p:  1972277.0710294582
5d5b53aa8a8fc44dba0f2032
p:  874491.000774951
5d5b53c12e40bdb7af0f204b
p:  80995.97479695527
5d5b5455e44f296ffc0f2038
p:  180071.11399812985
5d5b548ee44f296ffc0f203b
p:  187333.85641169694
5d5b54fb60afe00a320f204f
p:  235289.4625772981
5d5b55123efe8b24c40f2026
p:  393544.2993168121
5d5b552e8a8fc44dba0f203c
p:  717736.704882952
5d5b557d8a8fc44dba0f203e
p:  461063.62728788995
5d5b559c2e40bdb7af0f204d
p:  219850.56789629225
5d5b55f89cc23c1f940f203c
p:  235549.51974035276
5d5b56dd8a8fc44dba0f2047
p:  278755.0615215409
5d5b5745dcc1f585270f2040
p:  215703.05582931038
5d5b57b1dcc1f585270f2044
p:  140291.314225058
5d5b57e7dcc1f585270f2047
p:  191128.12626443896
5d5b57f6dcc1f585270f2048
p:  251779.0967762064
5d5b58d4dcc1f585270f204b
p:  233161.71433554764
5d5b598ddcc1f585270f204e
p:  250095.71637191658
5d5b5adc5141e518830f2043
p:  175803.8879299439/home/testapiuser/HouseApp_2/PricePrediction/WYPrice.py:289: SettingWithCopyWarning: 
A value is trying to be set on a copy of a slice from a DataFrame.
Try using .loc[row_indexer,col_indexer] = value instead

See the caveats in the documentation: http://pandas.pydata.org/pandas-docs/stable/indexing.html#indexing-view-versus-copy
  df2['AreaSpace_SQFT'] = df2['AreaSpace_SQFT'].astype(int)
/home/testapiuser/HouseApp_2/PricePrediction/WYPrice.py:301: SettingWithCopyWarning: 
A value is trying to be set on a copy of a slice from a DataFrame.
Try using .loc[row_indexer,col_indexer] = value instead

See the caveats in the documentation: http://pandas.pydata.org/pandas-docs/stable/indexing.html#indexing-view-versus-copy
  df2['Price'] = z1
/home/testapiuser/HouseApp_2/PricePrediction/WYPrice.py:308: SettingWithCopyWarning: 
A value is trying to be set on a copy of a slice from a DataFrame.
Try using .loc[row_indexer,col_indexer] = value instead

See the caveats in the documentation: http://pandas.pydata.org/pandas-docs/stable/indexing.html#indexing-view-versus-copy
  df2['AreaSpace_SQFT'] = z2

5d5b5bab3efe8b24c40f2034
p:  215855.91862085974
5d5b5bd23efe8b24c40f2036
p:  113242.40287898295
5d5b5beadcc1f585270f2057
p:  196819.1530458562
5d5b5c025141e518830f2048
p:  112613.21952233676
5d5b5c66922ec2e50a0f202f
p:  136176.1563210608
5d5b5ccae567a864ab0f205b
p:  1343148.7701919386
5d5b5cf03efe8b24c40f203d
p:  236668.3522406373
5d5b5d16dcc1f585270f205b
p:  125229.04447398504
5d5b5ddce567a864ab0f205f
p:  663266.4461416579
5d5b5e323efe8b24c40f2042
p:  122291.04825388521
5d5b5e40e44f296ffc0f204c
p:  450521.23772690666
5d5b5e84bd0e6ec6fe0f2059
p:  2591758.6756650833
5d5b5ee1e44f296ffc0f204e
p:  125422.10559168927
5d5b5f473efe8b24c40f2044
p:  440668.65485173
5d5b5f903efe8b24c40f2045
p:  237976.4218711768
5d5b5faddcc1f585270f205f
p:  218713.54277253308
5d5b6056e567a864ab0f2063
p:  1943580.6384974015
5d5b6072e44f296ffc0f2053
p:  170157.03765076143
5d5b6091d4e13c37290f2048
p:  398682.95517973346
5d5b60f9ffbcac0c940f2051
p:  233289.09260411042
5d5b61273efe8b24c40f2049
p:  122291.04825388521
5d5b614ee567a864ab0f2066
p:  1956449.3042207167
5d5b616fe44f296ffc0f2057
p:  373769.71321273845
5d5b618cbd0e6ec6fe0f2061
p:  1214024.7565220941
5d5b6268dcc1f585270f2067
p:  211906.27441796815
5d5b627ddcc1f585270f2068
p:  181426.45497957186
5d5b62a0bd0e6ec6fe0f2066
p:  1199557.6846480006
5d5b62adbd0e6ec6fe0f2067
p:  1036343.8685437221
5d5b64cedcc1f585270f206c
p:  233161.71433554764
5d5b6549bd0e6ec6fe0f206e
p:  1419675.1731639472
5d5b656bbd0e6ec6fe0f206f
p:  4158482.8072473872
5d5b6a2bdcc1f585270f207a
p:  424896.17404443084
5d5b6cd8bd0e6ec6fe0f2083
p:  1312317.7421438876
Current date and time: 2020-06-08 15:34:11
Successfully connect to DB.
For ['Albany', 'Big Horn', 'Campbell', 'Carbon', 'Converse', 'Crook', 'Fremont', 'Goshen', 'Hot Springs', 'Johnson', 'Laramie', 'Lincoln', 'Natrona', 'Niobrara', 'Park', 'Platte', 'Sheridan', 'Sublette', 'Sweetwater', 'Teton', 'Uinta', 'Washakie', 'Weston']#################################################################
train score for random_forest: 0.9513832126960494
test score for random_forest: 0.7506072986131228
The mean absolute error is:$ 163067.6477061746
r_Score: 0.7558366919204392
Voting Regressor (in): 0.9632276599415984
Voting Regressor: 0.7558366919204392
5d0d4b70ae78f7f2d314ae8b
p:  121478.20285606403
5d1bbf5103ecbb08e0bf61b7
p:  181321.797249352
5d297d3f199bf96b6045aca7
p:  237144.09966646438
5d2ccbf0aa1ce31ade80b07e
p:  121123.83587309792
5d31aac2d708b0a3d0a64e9e
p:  272932.37322250725
5d456607f6b4c2439b8b2093
p:  117720.93156176094
5d5b39808a8fc44dba0f1ff3
p:  245109.5779668656
5d5b398dffbcac0c940f1ff4
p:  257446.77550560312
5d5b39b83efe8b24c40f1ff3
p:  274160.2140166139
5d5b39e8e567a864ab0f1ff3
p:  235093.0146314369
5d5b39f1e567a864ab0f1ff4
p:  303797.05058501934
5d5b3a2d5141e518830f1ff4
p:  321495.9995891791
5d5b3a45922ec2e50a0f1ff6
p:  156314.9868099396
5d5b3a7ee567a864ab0f1ff5
p:  231497.95296207565
5d5b3adac98f548a230f1ff5
p:  215271.96545460453
5d5b3b018a8fc44dba0f1ff6
p:  215271.96545460453
5d5b3b01e567a864ab0f1ff8
p:  208488.42087098176
5d5b3b2c8a8fc44dba0f1ff7
p:  311983.7421100877
5d5b3b38e567a864ab0f1ff9
p:  270493.8764948714
5d5b3b445141e518830f1ff9
p:  311983.7421100877
5d5b3b4a922ec2e50a0f1ff7
p:  223441.83555032825
5d5b3b5c8a8fc44dba0f1ff8
p:  237410.50687452644
5d5b3b685141e518830f1ffa
p:  237410.50687452644
5d5b3bc98a8fc44dba0f1ffa
p:  268929.08539669216
5d5b3be85141e518830f1ffc
p:  268929.08539669216
5d5b3c8bc98f548a230f1ffa
p:  243438.8649022436
5d5b3cabd4e13c37290f1ff8
p:  113639.10769805199
5d5b3ccad4e13c37290f1ff9
p:  231680.88672739296
5d5b3cd3dcc1f585270f1ffe
p:  131645.87027392193
5d5b3cdbd4e13c37290f1ffa
p:  177369.10738966108
5d5b3d26d4e13c37290f1ffb
p:  94693.04252264375
5d5b3d65922ec2e50a0f1ffd
p:  173625.162231314
5d5b3d865141e518830f2004
p:  271887.7858387239
5d5b3d8f922ec2e50a0f1ffe
p:  294220.563807631
5d5b3d9c2e40bdb7af0f1ffa
p:  165115.11929358117
5d5b3db7d4e13c37290f1ffc
p:  148062.33435883524
5d5b3dbd5141e518830f2005
p:  263168.75492447364
5d5b3dd4ffbcac0c940f1ffe
p:  154987.51259527728
5d5b3dd63efe8b24c40f1ffb
p:  457773.386799037
5d5b3ddd8a8fc44dba0f1ffe
p:  271887.7858387239
5d5b3de1e567a864ab0f2002
p:  167589.76013717448
5d5b3df6d4e13c37290f1ffd
p:  150290.3288498057
5d5b3e3f2e40bdb7af0f1ffb
p:  176563.09907985185
5d5b3e49c98f548a230f1ffe
p:  237032.39936974796
5d5b3e595141e518830f2006
p:  270786.011548275
5d5b3e60c98f548a230f1fff
p:  261392.61519225838
5d5b3e852e40bdb7af0f1ffc
p:  90061.81673551255
5d5b3e8bdcc1f585270f2003
p:  81542.6009775766
5d5b3e97dcc1f585270f2004
p:  80887.3655841228
5d5b3ea2dcc1f585270f2005
p:  78344.07873809079
5d5b3eb8ffbcac0c940f2000
p:  240057.9427174803
5d5b3ebd5141e518830f2007
p:  177937.50400223673
5d5b3ec68a8fc44dba0f2000
p:  251257.0100151557
5d5b3ee4c98f548a230f2000
p:  240057.9427174803
5d5b3ef8e567a864ab0f2005
p:  173916.28335502808
5d5b3f05e44f296ffc0f1ffe
p:  87853.20012627139
5d5b3f24c98f548a230f2001
p:  321495.9995891791
5d5b3f3a922ec2e50a0f2001
p:  266084.1396976562
5d5b3f43e567a864ab0f2006
p:  241913.2778430634
5d5b3f593efe8b24c40f1ffd
p:  258763.79190906635
5d5b3f80c98f548a230f2003
p:  242586.67893778128
5d5b3f84dcc1f585270f2007
p:  194834.07855024008
5d5b3fbbe44f296ffc0f2000
p:  246593.5279101928
5d5b3fe9e567a864ab0f2008
p:  171631.45576549103
5d5b3ffdffbcac0c940f2004
p:  336215.0536261335
5d5b40265141e518830f200b
p:  266175.4984579617
5d5b402760afe00a320f200f
p:  397610.1021737947
5d5b404360afe00a320f2010
p:  276957.3597098635
5d5b404e5141e518830f200c
p:  144100.50440595875
5d5b40645141e518830f200d
p:  265241.2021440793
5d5b4073e567a864ab0f200a
p:  195141.00100721937
5d5b409cd4e13c37290f2002
p:  137166.7914530065
5d5b40a3922ec2e50a0f2005
p:  193416.12921028183
5d5b40a8e567a864ab0f200c
p:  148640.29516224886
5d5b40ad5141e518830f200f
p:  193382.91262898344
5d5b40f6ffbcac0c940f2006
p:  240057.9427174803
5d5b414ec98f548a230f2006
p:  304839.83194619825
5d5b418b5141e518830f2011
p:  220256.1932801933
5d5b418ce567a864ab0f2012
p:  196699.6969609678
5d5b41988a8fc44dba0f2006
p:  244809.83187203784
5d5b41a1ffbcac0c940f2009
p:  139198.13193055574
5d5b41fc5141e518830f2013
p:  243883.13697400095
5d5b42118a8fc44dba0f2008
p:  243883.13697400095
5d5b421a922ec2e50a0f2009
p:  155934.78890009536
5d5b423c8a8fc44dba0f200a
p:  257852.26608367852
5d5b42685141e518830f2014
p:  257852.26608367852
5d5b427c60afe00a320f2017
p:  353134.1598846705
5d5b430b60afe00a320f2018
p:  253546.21393057733
5d5b431e3efe8b24c40f2005
p:  245151.60508703333
5d5b4334c98f548a230f200b
p:  211218.0798055869
5d5b43495141e518830f2017
p:  211218.0798055869
5d5b43a65141e518830f2019
p:  336314.0038433876
5d5b43af2e40bdb7af0f200d
p:  324507.5347085568
5d5b43c45141e518830f201b
p:  122115.2798634406
5d5b43f28a8fc44dba0f200b
p:  336314.0038433876
5d5b442ac98f548a230f200f
p:  208828.87602015445
5d5b442b3efe8b24c40f2007
p:  327148.1864181598
5d5b44318a8fc44dba0f200c
p:  245406.51421939136
5d5b4456c98f548a230f2010
p:  205885.2736925566
5d5b446d8a8fc44dba0f200d
p:  205885.2736925566
5d5b447c5141e518830f201c
p:  155673.96851459032
5d5b447fc98f548a230f2011
p:  155673.96851459032
5d5b449a8a8fc44dba0f200e
p:  155673.96851459032
5d5b453a922ec2e50a0f200f
p:  170036.40770283085
5d5b45903efe8b24c40f2009
p:  174275.22062397955
5d5b46323efe8b24c40f200c
p:  325688.7959524818
5d5b46613efe8b24c40f200d
p:  407410.7586770273
5d5b46bcc98f548a230f2017
p:  300339.9471131017
5d5b46c3bd0e6ec6fe0f2004
p:  101855.52297502756
5d5b46f0dcc1f585270f2017
p:  92636.54207541308
5d5b4726bd0e6ec6fe0f200c
p:  185292.59457598627
5d5b473cbd0e6ec6fe0f200e
p:  202107.86742550114
5d5b474dbd0e6ec6fe0f200f
p:  110474.55508094266
5d5b47a85141e518830f2024
p:  151600.39585586987
5d5b47d0dcc1f585270f2018
p:  114583.99889741754
5d5b49bebd0e6ec6fe0f2032
p:  234959.43075193808
5d5b4a25bd0e6ec6fe0f2034
p:  152750.74671700568
5d5b4a5dbd0e6ec6fe0f2035
p:  240010.0806598188
5d5b4b58dcc1f585270f201e
p:  221376.67100110432
5d5b4b5c3efe8b24c40f2017
p:  255263.9883888504
5d5b4b69dcc1f585270f201f
p:  198533.79191646053
5d5b4b85e44f296ffc0f201f
p:  298073.6804331195
5d5b4c3a3efe8b24c40f201e
p:  334696.13777213753
5d5b4c5dd4e13c37290f2018
p:  122567.51305717994
5d5b4cbddcc1f585270f2025
p:  133331.77312577917
5d5b4d1dffbcac0c940f201d
p:  134802.96848125485
5d5b4d732e40bdb7af0f2035
p:  180590.89229582442
5d5b4d78bd0e6ec6fe0f203e
p:  142627.72364575168
5d5b4e22ffbcac0c940f201f
p:  175881.10848963313
5d5b4e4fffbcac0c940f2020
p:  284952.6518174064
5d5b4f05ffbcac0c940f2021
p:  117890.26704542154
5d5b4f20e44f296ffc0f2027
p:  219211.50706327028
5d5b4f9bd4e13c37290f2023
p:  135596.2556531342
5d5b4fa9d4e13c37290f2024
p:  95669.570659957
5d5b4fc62e40bdb7af0f2040
p:  163669.4129551668
5d5b506ed4e13c37290f2027
p:  50819.830521337724
5d5b509fffbcac0c940f2025
p:  329345.9883348169
5d5b51568a8fc44dba0f202a
p:  281527.1930178464
5d5b518fe567a864ab0f2045
p:  143392.94564083155
5d5b52412e40bdb7af0f2047
p:  180956.00445263693
5d5b52a48a8fc44dba0f202d
p:  1626261.8380702455
5d5b53aa8a8fc44dba0f2032
p:  1023649.3874115105
5d5b53c12e40bdb7af0f204b
p:  88469.57232271967
5d5b5455e44f296ffc0f2038
p:  175265.76282742817
5d5b548ee44f296ffc0f203b
p:  186745.39011357265
5d5b54fb60afe00a320f204f
p:  243177.65391077113
5d5b55123efe8b24c40f2026
p:  375044.95747518376
5d5b552e8a8fc44dba0f203c
p:  780062.051043768
5d5b557d8a8fc44dba0f203e
p:  563086.8063999515
5d5b559c2e40bdb7af0f204d
p:  228726.0030660525
5d5b55f89cc23c1f940f203c
p:  233565.71841548567
5d5b56dd8a8fc44dba0f2047
p:  271136.30845144927
5d5b5745dcc1f585270f2040
p:  225740.1660721919
5d5b57b1dcc1f585270f2044
p:  141961.73342376866
5d5b57e7dcc1f585270f2047
p:  203382.1107230665
5d5b57f6dcc1f585270f2048
p:  267130.5237109681
5d5b58d4dcc1f585270f204b
p:  243831.2575844024
5d5b598ddcc1f585270f204e
p:  254291.6560359346
5d5b5adc5141e518830f2043
p:  179818.22735349956/home/testapiuser/HouseApp_2/PricePrediction/WYPrice.py:289: SettingWithCopyWarning: 
A value is trying to be set on a copy of a slice from a DataFrame.
Try using .loc[row_indexer,col_indexer] = value instead

See the caveats in the documentation: http://pandas.pydata.org/pandas-docs/stable/indexing.html#indexing-view-versus-copy
  df2['AreaSpace_SQFT'] = df2['AreaSpace_SQFT'].astype(int)
/home/testapiuser/HouseApp_2/PricePrediction/WYPrice.py:301: SettingWithCopyWarning: 
A value is trying to be set on a copy of a slice from a DataFrame.
Try using .loc[row_indexer,col_indexer] = value instead

See the caveats in the documentation: http://pandas.pydata.org/pandas-docs/stable/indexing.html#indexing-view-versus-copy
  df2['Price'] = z1
/home/testapiuser/HouseApp_2/PricePrediction/WYPrice.py:308: SettingWithCopyWarning: 
A value is trying to be set on a copy of a slice from a DataFrame.
Try using .loc[row_indexer,col_indexer] = value instead

See the caveats in the documentation: http://pandas.pydata.org/pandas-docs/stable/indexing.html#indexing-view-versus-copy
  df2['AreaSpace_SQFT'] = z2

5d5b5bab3efe8b24c40f2034
p:  216655.2157496725
5d5b5bd23efe8b24c40f2036
p:  45346.695755875204
5d5b5beadcc1f585270f2057
p:  215462.50458545936
5d5b5c025141e518830f2048
p:  93358.1777159145
5d5b5c66922ec2e50a0f202f
p:  124902.3082756459
5d5b5ccae567a864ab0f205b
p:  1273901.4516082797
5d5b5cf03efe8b24c40f203d
p:  239522.54002033212
5d5b5d16dcc1f585270f205b
p:  108400.57246678817
5d5b5ddce567a864ab0f205f
p:  649583.4788616985
5d5b5e323efe8b24c40f2042
p:  62810.86182936492
5d5b5e40e44f296ffc0f204c
p:  390290.52105199517
5d5b5e84bd0e6ec6fe0f2059
p:  2347981.7520636003
5d5b5ee1e44f296ffc0f204e
p:  133738.36421941296
5d5b5f473efe8b24c40f2044
p:  435871.09115540807
5d5b5f903efe8b24c40f2045
p:  257316.2863081541
5d5b5faddcc1f585270f205f
p:  226423.0109264584
5d5b6056e567a864ab0f2063
p:  1771562.32782697
5d5b6072e44f296ffc0f2053
p:  178085.14449140435
5d5b6091d4e13c37290f2048
p:  293331.382844004
5d5b60f9ffbcac0c940f2051
p:  228702.09911688103
5d5b61273efe8b24c40f2049
p:  62810.86182936492
5d5b614ee567a864ab0f2066
p:  2079429.2642403138
5d5b616fe44f296ffc0f2057
p:  415062.14346771664
5d5b618cbd0e6ec6fe0f2061
p:  1496439.6773285533
5d5b6268dcc1f585270f2067
p:  267554.3480790132
5d5b627ddcc1f585270f2068
p:  163370.1939315599
5d5b62a0bd0e6ec6fe0f2066
p:  1290398.1372562307
5d5b62adbd0e6ec6fe0f2067
p:  1044623.028932491
5d5b64cedcc1f585270f206c
p:  243831.2575844024
5d5b6549bd0e6ec6fe0f206e
p:  1345818.8681600874
5d5b656bbd0e6ec6fe0f206f
p:  3870852.7438533003
5d5b6a2bdcc1f585270f207a
p:  433399.6994176483
5d5b6cd8bd0e6ec6fe0f2083
p:  1602477.2306339685
Current date and time: 2020-06-09 15:34:11
Successfully connect to DB.
For ['Albany', 'Big Horn', 'Campbell', 'Carbon', 'Converse', 'Crook', 'Fremont', 'Goshen', 'Hot Springs', 'Johnson', 'Laramie', 'Lincoln', 'Natrona', 'Niobrara', 'Park', 'Platte', 'Sheridan', 'Sublette', 'Sweetwater', 'Teton', 'Uinta', 'Washakie', 'Weston']#################################################################
train score for random_forest: 0.9496607852897946
test score for random_forest: 0.7485431892575078
The mean absolute error is:$ 162543.12071339565
r_Score: 0.7617804776365372
Voting Regressor (in): 0.9628219388082874
Voting Regressor: 0.7617804776365372
5d0d4b70ae78f7f2d314ae8b
p:  121620.93758799587
5d1bbf5103ecbb08e0bf61b7
p:  183981.63295364153
5d297d3f199bf96b6045aca7
p:  240612.86295072574
5d2ccbf0aa1ce31ade80b07e
p:  125236.26518657256
5d31aac2d708b0a3d0a64e9e
p:  264667.3415976097
5d456607f6b4c2439b8b2093
p:  169490.12886848336
5d5b39808a8fc44dba0f1ff3
p:  242490.31478618964
5d5b398dffbcac0c940f1ff4
p:  257750.9789450257
5d5b39b83efe8b24c40f1ff3
p:  233228.64266044897
5d5b39e8e567a864ab0f1ff3
p:  233412.26793576314
5d5b39f1e567a864ab0f1ff4
p:  301730.8384858652
5d5b3a2d5141e518830f1ff4
p:  308278.8444832513
5d5b3a45922ec2e50a0f1ff6
p:  163440.38214929512
5d5b3a7ee567a864ab0f1ff5
p:  236112.75221859993
5d5b3adac98f548a230f1ff5
p:  247255.94260945934
5d5b3b018a8fc44dba0f1ff6
p:  247255.94260945934
5d5b3b01e567a864ab0f1ff8
p:  198098.44217155216
5d5b3b2c8a8fc44dba0f1ff7
p:  311250.223354365
5d5b3b38e567a864ab0f1ff9
p:  273193.06552008755
5d5b3b445141e518830f1ff9
p:  311250.223354365
5d5b3b4a922ec2e50a0f1ff7
p:  227416.43697095095
5d5b3b5c8a8fc44dba0f1ff8
p:  231747.47550299752
5d5b3b685141e518830f1ffa
p:  231747.47550299752
5d5b3bc98a8fc44dba0f1ffa
p:  294344.3445257172
5d5b3be85141e518830f1ffc
p:  294344.3445257172
5d5b3c8bc98f548a230f1ffa
p:  242490.31478618964
5d5b3cabd4e13c37290f1ff8
p:  118027.15589662688
5d5b3ccad4e13c37290f1ff9
p:  194475.43196286052
5d5b3cd3dcc1f585270f1ffe
p:  122665.26086956193
5d5b3cdbd4e13c37290f1ffa
p:  159227.12747940025
5d5b3d26d4e13c37290f1ffb
p:  92115.53282009393
5d5b3d65922ec2e50a0f1ffd
p:  180510.93729450798
5d5b3d865141e518830f2004
p:  293997.83277770993
5d5b3d8f922ec2e50a0f1ffe
p:  259448.31468640114
5d5b3d9c2e40bdb7af0f1ffa
p:  189399.9875367242
5d5b3db7d4e13c37290f1ffc
p:  150243.80232706762
5d5b3dbd5141e518830f2005
p:  278086.59302731615
5d5b3dd4ffbcac0c940f1ffe
p:  159656.62689850625
5d5b3dd63efe8b24c40f1ffb
p:  490046.8144977043
5d5b3ddd8a8fc44dba0f1ffe
p:  293997.83277770993
5d5b3de1e567a864ab0f2002
p:  185882.949283905
5d5b3df6d4e13c37290f1ffd
p:  144456.59968253007
5d5b3e3f2e40bdb7af0f1ffb
p:  152183.68232557215
5d5b3e49c98f548a230f1ffe
p:  243083.9570758052
5d5b3e595141e518830f2006
p:  257286.10219780053
5d5b3e60c98f548a230f1fff
p:  254463.01223624608
5d5b3e852e40bdb7af0f1ffc
p:  84544.02023147047
5d5b3e8bdcc1f585270f2003
p:  99995.18392952956
5d5b3e97dcc1f585270f2004
p:  80939.89536345642
5d5b3ea2dcc1f585270f2005
p:  76544.59017026736
5d5b3eb8ffbcac0c940f2000
p:  244816.82735159967
5d5b3ebd5141e518830f2007
p:  166953.74526015314
5d5b3ec68a8fc44dba0f2000
p:  249175.02934541574
5d5b3ee4c98f548a230f2000
p:  244816.82735159967
5d5b3ef8e567a864ab0f2005
p:  181693.98485566684
5d5b3f05e44f296ffc0f1ffe
p:  85267.85396009975
5d5b3f24c98f548a230f2001
p:  308278.8444832513
5d5b3f3a922ec2e50a0f2001
p:  256280.68595927526
5d5b3f43e567a864ab0f2006
p:  225200.3123941575
5d5b3f593efe8b24c40f1ffd
p:  248658.8640962927
5d5b3f80c98f548a230f2003
p:  249097.84173704777
5d5b3f84dcc1f585270f2007
p:  218676.9624647118
5d5b3fbbe44f296ffc0f2000
p:  161277.43458550307
5d5b3fe9e567a864ab0f2008
p:  179147.96682860784
5d5b3ffdffbcac0c940f2004
p:  334790.0892139851
5d5b40265141e518830f200b
p:  261215.86066475135
5d5b402760afe00a320f200f
p:  391753.0717419513
5d5b404360afe00a320f2010
p:  281189.4548561677
5d5b404e5141e518830f200c
p:  154697.88359332827
5d5b40645141e518830f200d
p:  263579.5429773084
5d5b4073e567a864ab0f200a
p:  195045.87943366374
5d5b409cd4e13c37290f2002
p:  127711.5088123348
5d5b40a3922ec2e50a0f2005
p:  164260.03662969568
5d5b40a8e567a864ab0f200c
p:  154939.40214985627
5d5b40ad5141e518830f200f
p:  198012.58748956546
5d5b40f6ffbcac0c940f2006
p:  244816.82735159967
5d5b414ec98f548a230f2006
p:  302227.3905348702
5d5b418b5141e518830f2011
p:  212587.47343569648
5d5b418ce567a864ab0f2012
p:  196917.22126776408
5d5b41988a8fc44dba0f2006
p:  247529.92548600148
5d5b41a1ffbcac0c940f2009
p:  142302.51329053112
5d5b41fc5141e518830f2013
p:  243735.91864038658
5d5b42118a8fc44dba0f2008
p:  243735.91864038658
5d5b421a922ec2e50a0f2009
p:  149277.30048767076
5d5b423c8a8fc44dba0f200a
p:  263353.4245158853
5d5b42685141e518830f2014
p:  263353.4245158853
5d5b427c60afe00a320f2017
p:  344903.381617949
5d5b430b60afe00a320f2018
p:  262418.48145522544
5d5b431e3efe8b24c40f2005
p:  246402.4816979228
5d5b4334c98f548a230f200b
p:  193850.661622399
5d5b43495141e518830f2017
p:  193850.661622399
5d5b43a65141e518830f2019
p:  353930.95846800774
5d5b43af2e40bdb7af0f200d
p:  334405.07802022836
5d5b43c45141e518830f201b
p:  120635.06517285465
5d5b43f28a8fc44dba0f200b
p:  353930.95846800774
5d5b442ac98f548a230f200f
p:  182269.96795161883
5d5b442b3efe8b24c40f2007
p:  386765.89922176755
5d5b44318a8fc44dba0f200c
p:  235354.00988736708
5d5b4456c98f548a230f2010
p:  218363.66075460328
5d5b446d8a8fc44dba0f200d
p:  218363.66075460328
5d5b447c5141e518830f201c
p:  153766.63878005155
5d5b447fc98f548a230f2011
p:  153766.63878005155
5d5b449a8a8fc44dba0f200e
p:  153766.63878005155
5d5b453a922ec2e50a0f200f
p:  174958.89731001016
5d5b45903efe8b24c40f2009
p:  173383.9041502888
5d5b46323efe8b24c40f200c
p:  308870.59090480534
5d5b46613efe8b24c40f200d
p:  399432.0768787848
5d5b46bcc98f548a230f2017
p:  318158.2900049464
5d5b46c3bd0e6ec6fe0f2004
p:  151949.39311509178
5d5b46f0dcc1f585270f2017
p:  89669.41901999159
5d5b4726bd0e6ec6fe0f200c
p:  172097.1716252911
5d5b473cbd0e6ec6fe0f200e
p:  187074.3825504048
5d5b474dbd0e6ec6fe0f200f
p:  99229.91803018667
5d5b47a85141e518830f2024
p:  153924.15563791286
5d5b47d0dcc1f585270f2018
p:  114283.71027856052
5d5b49bebd0e6ec6fe0f2032
p:  228603.0194174733
5d5b4a25bd0e6ec6fe0f2034
p:  154941.51318758033
5d5b4a5dbd0e6ec6fe0f2035
p:  248003.74239987714
5d5b4b58dcc1f585270f201e
p:  207973.80108422312
5d5b4b5c3efe8b24c40f2017
p:  248628.6685387236
5d5b4b69dcc1f585270f201f
p:  195941.03778171347
5d5b4b85e44f296ffc0f201f
p:  283827.7472578938
5d5b4c3a3efe8b24c40f201e
p:  319837.01455765957
5d5b4c5dd4e13c37290f2018
p:  118734.221218385
5d5b4cbddcc1f585270f2025
p:  151132.06128037907
5d5b4d1dffbcac0c940f201d
p:  141377.13219346714
5d5b4d732e40bdb7af0f2035
p:  189201.31472959206
5d5b4d78bd0e6ec6fe0f203e
p:  138219.64353122783
5d5b4e22ffbcac0c940f201f
p:  171652.79517855297
5d5b4e4fffbcac0c940f2020
p:  281477.81345553644
5d5b4f05ffbcac0c940f2021
p:  124752.81762997653
5d5b4f20e44f296ffc0f2027
p:  215930.92988670332
5d5b4f9bd4e13c37290f2023
p:  142132.19335071446
5d5b4fa9d4e13c37290f2024
p:  102211.04991003286
5d5b4fc62e40bdb7af0f2040
p:  170751.76672415514
5d5b506ed4e13c37290f2027
p:  77146.94301120934
5d5b509fffbcac0c940f2025
p:  327058.927867952
5d5b51568a8fc44dba0f202a
p:  287482.7842360075
5d5b518fe567a864ab0f2045
p:  144691.50445075933
5d5b52412e40bdb7af0f2047
p:  173409.38865131018
5d5b52a48a8fc44dba0f202d
p:  1710357.427178882
5d5b53aa8a8fc44dba0f2032
p:  893329.1545772377
5d5b53c12e40bdb7af0f204b
p:  93577.81812719966
5d5b5455e44f296ffc0f2038
p:  193954.77949902037
5d5b548ee44f296ffc0f203b
p:  191162.4128256727
5d5b54fb60afe00a320f204f
p:  333271.10269482736
5d5b55123efe8b24c40f2026
p:  376900.9109480686
5d5b552e8a8fc44dba0f203c
p:  794124.3702233845
5d5b557d8a8fc44dba0f203e
p:  562489.4158719358
5d5b559c2e40bdb7af0f204d
p:  234412.27413235838
5d5b55f89cc23c1f940f203c
p:  229892.82273165823
5d5b56dd8a8fc44dba0f2047
p:  272788.812082513
5d5b5745dcc1f585270f2040
p:  223192.83353834436
5d5b57b1dcc1f585270f2044
p:  145048.8258388164
5d5b57e7dcc1f585270f2047
p:  195871.43947702428
5d5b57f6dcc1f585270f2048
p:  271818.62673159037
5d5b58d4dcc1f585270f204b
p:  242116.53374437767
5d5b598ddcc1f585270f204e
p:  258390.87407462276
5d5b5adc5141e518830f2043
p: /home/testapiuser/HouseApp_2/PricePrediction/WYPrice.py:289: SettingWithCopyWarning: 
A value is trying to be set on a copy of a slice from a DataFrame.
Try using .loc[row_indexer,col_indexer] = value instead

See the caveats in the documentation: http://pandas.pydata.org/pandas-docs/stable/indexing.html#indexing-view-versus-copy
  df2['AreaSpace_SQFT'] = df2['AreaSpace_SQFT'].astype(int)
/home/testapiuser/HouseApp_2/PricePrediction/WYPrice.py:301: SettingWithCopyWarning: 
A value is trying to be set on a copy of a slice from a DataFrame.
Try using .loc[row_indexer,col_indexer] = value instead

See the caveats in the documentation: http://pandas.pydata.org/pandas-docs/stable/indexing.html#indexing-view-versus-copy
  df2['Price'] = z1
/home/testapiuser/HouseApp_2/PricePrediction/WYPrice.py:308: SettingWithCopyWarning: 
A value is trying to be set on a copy of a slice from a DataFrame.
Try using .loc[row_indexer,col_indexer] = value instead

See the caveats in the documentation: http://pandas.pydata.org/pandas-docs/stable/indexing.html#indexing-view-versus-copy
  df2['AreaSpace_SQFT'] = z2
 174779.01165777986
5d5b5bab3efe8b24c40f2034
p:  218639.62619633658
5d5b5bd23efe8b24c40f2036
p:  143582.81310984876
5d5b5beadcc1f585270f2057
p:  275923.06284530077
5d5b5c025141e518830f2048
p:  118103.41043927065
5d5b5c66922ec2e50a0f202f
p:  138704.88172569012
5d5b5ccae567a864ab0f205b
p:  1277894.3304710323
5d5b5cf03efe8b24c40f203d
p:  244461.8535455957
5d5b5d16dcc1f585270f205b
p:  128893.03810872493
5d5b5ddce567a864ab0f205f
p:  655701.2279580822
5d5b5e323efe8b24c40f2042
p:  142359.20028902218
5d5b5e40e44f296ffc0f204c
p:  349852.8128504112
5d5b5e84bd0e6ec6fe0f2059
p:  2582173.2670800146
5d5b5ee1e44f296ffc0f204e
p:  126618.13666402962
5d5b5f473efe8b24c40f2044
p:  430942.2530878566
5d5b5f903efe8b24c40f2045
p:  249846.29373730777
5d5b5faddcc1f585270f205f
p:  223332.47530549648
5d5b6056e567a864ab0f2063
p:  2006712.2735306034
5d5b6072e44f296ffc0f2053
p:  176819.46287600358
5d5b6091d4e13c37290f2048
p:  412032.2969309929
5d5b60f9ffbcac0c940f2051
p:  230151.17437114537
5d5b61273efe8b24c40f2049
p:  142359.20028902218
5d5b614ee567a864ab0f2066
p:  1966972.4478341439
5d5b616fe44f296ffc0f2057
p:  409757.47514668683
5d5b618cbd0e6ec6fe0f2061
p:  1332820.8257115101
5d5b6268dcc1f585270f2067
p:  164275.2555263164
5d5b627ddcc1f585270f2068
p:  177373.2108475533
5d5b62a0bd0e6ec6fe0f2066
p:  1210361.4829360908
5d5b62adbd0e6ec6fe0f2067
p:  1033561.198900133
5d5b64cedcc1f585270f206c
p:  242116.53374437767
5d5b6549bd0e6ec6fe0f206e
p:  1509332.4751342498
5d5b656bbd0e6ec6fe0f206f
p:  4030530.7280273167
5d5b6a2bdcc1f585270f207a
p:  459545.55697391933
5d5b6cd8bd0e6ec6fe0f2083
p:  1429483.1346422033
Current date and time: 2020-06-10 15:34:11
Successfully connect to DB.
For ['Albany', 'Big Horn', 'Campbell', 'Carbon', 'Converse', 'Crook', 'Fremont', 'Goshen', 'Hot Springs', 'Johnson', 'Laramie', 'Lincoln', 'Natrona', 'Niobrara', 'Park', 'Platte', 'Sheridan', 'Sublette', 'Sweetwater', 'Teton', 'Uinta', 'Washakie', 'Weston']#################################################################
train score for random_forest: 0.9495332080402159
test score for random_forest: 0.7546481922113942
The mean absolute error is:$ 161089.1904776357
r_Score: 0.759244646573278
Voting Regressor (in): 0.9628345918636789
Voting Regressor: 0.759244646573278
5d0d4b70ae78f7f2d314ae8b
p:  132870.161776079
5d1bbf5103ecbb08e0bf61b7
p:  183786.15779857914
5d297d3f199bf96b6045aca7
p:  241236.49772596607
5d2ccbf0aa1ce31ade80b07e
p:  125297.19251302778
5d31aac2d708b0a3d0a64e9e
p:  260487.14700337645
5d456607f6b4c2439b8b2093
p:  141529.43367664248
5d5b39808a8fc44dba0f1ff3
p:  245538.70955825163
5d5b398dffbcac0c940f1ff4
p:  252816.09964001135
5d5b39b83efe8b24c40f1ff3
p:  232092.66837276457
5d5b39e8e567a864ab0f1ff3
p:  234077.08390389528
5d5b39f1e567a864ab0f1ff4
p:  291433.0116436575
5d5b3a2d5141e518830f1ff4
p:  324290.1628125542
5d5b3a45922ec2e50a0f1ff6
p:  167078.4982001495
5d5b3a7ee567a864ab0f1ff5
p:  214513.94278043642
5d5b3adac98f548a230f1ff5
p:  238604.2717451256
5d5b3b018a8fc44dba0f1ff6
p:  238604.2717451256
5d5b3b01e567a864ab0f1ff8
p:  181791.1820170055
5d5b3b2c8a8fc44dba0f1ff7
p:  304665.7082411607
5d5b3b38e567a864ab0f1ff9
p:  264413.4972896691
5d5b3b445141e518830f1ff9
p:  304665.7082411607
5d5b3b4a922ec2e50a0f1ff7
p:  225512.94478069126
5d5b3b5c8a8fc44dba0f1ff8
p:  236655.05343030932
5d5b3b685141e518830f1ffa
p:  236655.05343030932
5d5b3bc98a8fc44dba0f1ffa
p:  329137.46865342656
5d5b3be85141e518830f1ffc
p:  329137.46865342656
5d5b3c8bc98f548a230f1ffa
p:  243608.47304890637
5d5b3cabd4e13c37290f1ff8
p:  110064.8274241883
5d5b3ccad4e13c37290f1ff9
p:  270337.35452327755
5d5b3cd3dcc1f585270f1ffe
p:  104587.8730772128
5d5b3cdbd4e13c37290f1ffa
p:  179675.53567820624
5d5b3d26d4e13c37290f1ffb
p:  93906.60489215005
5d5b3d65922ec2e50a0f1ffd
p:  166327.8229739856
5d5b3d865141e518830f2004
p:  279087.99064420623
5d5b3d8f922ec2e50a0f1ffe
p:  266579.0733705096
5d5b3d9c2e40bdb7af0f1ffa
p:  167174.98637378737
5d5b3db7d4e13c37290f1ffc
p:  166829.41390827112
5d5b3dbd5141e518830f2005
p:  274018.08827000577
5d5b3dd4ffbcac0c940f1ffe
p:  152837.63356927974
5d5b3dd63efe8b24c40f1ffb
p:  463657.60906204954
5d5b3ddd8a8fc44dba0f1ffe
p:  279087.99064420623
5d5b3de1e567a864ab0f2002
p:  167558.7843993134
5d5b3df6d4e13c37290f1ffd
p:  148179.03637195576
5d5b3e3f2e40bdb7af0f1ffb
p:  172175.28094379674
5d5b3e49c98f548a230f1ffe
p:  231647.1208198869
5d5b3e595141e518830f2006
p:  267091.89277613326
5d5b3e60c98f548a230f1fff
p:  265533.1069487962
5d5b3e852e40bdb7af0f1ffc
p:  62391.187712239465
5d5b3e8bdcc1f585270f2003
p:  76532.31407493484
5d5b3e97dcc1f585270f2004
p:  87111.76922514022
5d5b3ea2dcc1f585270f2005
p:  75409.50080876664
5d5b3eb8ffbcac0c940f2000
p:  246071.04812925117
5d5b3ebd5141e518830f2007
p:  167381.23588456027
5d5b3ec68a8fc44dba0f2000
p:  253619.5696915253
5d5b3ee4c98f548a230f2000
p:  246071.04812925117
5d5b3ef8e567a864ab0f2005
p:  166476.50089610918
5d5b3f05e44f296ffc0f1ffe
p:  87496.74047330141
5d5b3f24c98f548a230f2001
p:  324290.1628125542
5d5b3f3a922ec2e50a0f2001
p:  256741.55710359133
5d5b3f43e567a864ab0f2006
p:  217047.36058725673
5d5b3f593efe8b24c40f1ffd
p:  245212.8383091194
5d5b3f80c98f548a230f2003
p:  244719.40067724173
5d5b3f84dcc1f585270f2007
p:  187835.03279676652
5d5b3fbbe44f296ffc0f2000
p:  131178.8828381558
5d5b3fe9e567a864ab0f2008
p:  172094.35887540726
5d5b3ffdffbcac0c940f2004
p:  350329.8804516291
5d5b40265141e518830f200b
p:  244433.7617602091
5d5b402760afe00a320f200f
p:  359270.8131114133
5d5b404360afe00a320f2010
p:  278311.0740337035
5d5b404e5141e518830f200c
p:  165006.53473551472
5d5b40645141e518830f200d
p:  250648.92733858628
5d5b4073e567a864ab0f200a
p:  196288.9771656
5d5b409cd4e13c37290f2002
p:  131476.22246128536
5d5b40a3922ec2e50a0f2005
p:  153876.53392708354
5d5b40a8e567a864ab0f200c
p:  142728.94948777457
5d5b40ad5141e518830f200f
p:  196349.9254579756
5d5b40f6ffbcac0c940f2006
p:  246071.04812925117
5d5b414ec98f548a230f2006
p:  280592.1556429004
5d5b418b5141e518830f2011
p:  219599.26730371208
5d5b418ce567a864ab0f2012
p:  199538.4653872025
5d5b41988a8fc44dba0f2006
p:  228506.47733433094
5d5b41a1ffbcac0c940f2009
p:  156606.1422030034
5d5b41fc5141e518830f2013
p:  211310.30933130294
5d5b42118a8fc44dba0f2008
p:  211310.30933130294
5d5b421a922ec2e50a0f2009
p:  153127.24807630896
5d5b423c8a8fc44dba0f200a
p:  259560.20711709265
5d5b42685141e518830f2014
p:  259560.20711709265
5d5b427c60afe00a320f2017
p:  348739.72874638124
5d5b430b60afe00a320f2018
p:  257212.0951796344
5d5b431e3efe8b24c40f2005
p:  260832.00684872904
5d5b4334c98f548a230f200b
p:  225797.18110516027
5d5b43495141e518830f2017
p:  225797.18110516027
5d5b43a65141e518830f2019
p:  294009.8452028734
5d5b43af2e40bdb7af0f200d
p:  432615.3761242157
5d5b43c45141e518830f201b
p:  116447.72374656543
5d5b43f28a8fc44dba0f200b
p:  294009.8452028734
5d5b442ac98f548a230f200f
p:  206086.903533988
5d5b442b3efe8b24c40f2007
p:  348739.1640074949
5d5b44318a8fc44dba0f200c
p:  234555.77133816323
5d5b4456c98f548a230f2010
p:  182434.24833384174
5d5b446d8a8fc44dba0f200d
p:  182434.24833384174
5d5b447c5141e518830f201c
p:  151344.05549539835
5d5b447fc98f548a230f2011
p:  151344.05549539835
5d5b449a8a8fc44dba0f200e
p:  151344.05549539835
5d5b453a922ec2e50a0f200f
p:  167571.97670745518
5d5b45903efe8b24c40f2009
p:  173810.4912998173
5d5b46323efe8b24c40f200c
p:  328611.2293868392
5d5b46613efe8b24c40f200d
p:  394190.2410863759
5d5b46bcc98f548a230f2017
p:  315294.105462529
5d5b46c3bd0e6ec6fe0f2004
p:  85839.39732045843
5d5b46f0dcc1f585270f2017
p:  93147.87380312114
5d5b4726bd0e6ec6fe0f200c
p:  180483.93163191658
5d5b473cbd0e6ec6fe0f200e
p:  182867.7964691394
5d5b474dbd0e6ec6fe0f200f
p:  108758.52025355668
5d5b47a85141e518830f2024
p:  157871.65868360602
5d5b47d0dcc1f585270f2018
p:  111784.96010199795
5d5b49bebd0e6ec6fe0f2032
p:  207031.93647749833
5d5b4a25bd0e6ec6fe0f2034
p:  153781.35418413288
5d5b4a5dbd0e6ec6fe0f2035
p:  234409.56376304815
5d5b4b58dcc1f585270f201e
p:  222297.48609510539
5d5b4b5c3efe8b24c40f2017
p:  253774.7156919666
5d5b4b69dcc1f585270f201f
p:  200206.09659863086
5d5b4b85e44f296ffc0f201f
p:  293911.14910257084
5d5b4c3a3efe8b24c40f201e
p:  318676.06179900456
5d5b4c5dd4e13c37290f2018
p:  112668.67299803688
5d5b4cbddcc1f585270f2025
p:  119143.05896837532
5d5b4d1dffbcac0c940f201d
p:  134402.13467304021
5d5b4d732e40bdb7af0f2035
p:  187148.25607557036
5d5b4d78bd0e6ec6fe0f203e
p:  141154.54201450388
5d5b4e22ffbcac0c940f201f
p:  145454.74626418191
5d5b4e4fffbcac0c940f2020
p:  306050.58473650663
5d5b4f05ffbcac0c940f2021
p:  123325.80297415261
5d5b4f20e44f296ffc0f2027
p:  220195.6427822294
5d5b4f9bd4e13c37290f2023
p:  124272.58378370886
5d5b4fa9d4e13c37290f2024
p:  87774.5503817568
5d5b4fc62e40bdb7af0f2040
p:  173908.62533722556
5d5b506ed4e13c37290f2027
p:  64085.38342542123
5d5b509fffbcac0c940f2025
p:  323450.5641830099
5d5b51568a8fc44dba0f202a
p:  284432.80310780485
5d5b518fe567a864ab0f2045
p:  149351.64929915997
5d5b52412e40bdb7af0f2047
p:  171805.1588181119
5d5b52a48a8fc44dba0f202d
p:  2021061.6627886335
5d5b53aa8a8fc44dba0f2032
p:  959971.198346005
5d5b53c12e40bdb7af0f204b
p:  100267.9055213466
5d5b5455e44f296ffc0f2038
p:  197284.71087485523
5d5b548ee44f296ffc0f203b
p:  186126.7392022041
5d5b54fb60afe00a320f204f
p:  244482.67669106903
5d5b55123efe8b24c40f2026
p:  382344.542900744
5d5b552e8a8fc44dba0f203c
p:  758456.3687332519
5d5b557d8a8fc44dba0f203e
p:  565636.1550427713
5d5b559c2e40bdb7af0f204d
p:  226978.83189114754
5d5b55f89cc23c1f940f203c
p:  235184.42977398523
5d5b56dd8a8fc44dba0f2047
p:  253427.33086621272
5d5b5745dcc1f585270f2040
p:  226716.12565315343
5d5b57b1dcc1f585270f2044
p:  138987.76594672314
5d5b57e7dcc1f585270f2047
p:  218513.43902737487
5d5b57f6dcc1f585270f2048
p:  279158.1652868364
5d5b58d4dcc1f585270f204b
p:  248327.3873142547
5d5b598ddcc1f585270f204e
p:  263180.5769948176
5d5b5adc5141e518830f2043
p:  182842.94691619993/home/testapiuser/HouseApp_2/PricePrediction/WYPrice.py:289: SettingWithCopyWarning: 
A value is trying to be set on a copy of a slice from a DataFrame.
Try using .loc[row_indexer,col_indexer] = value instead

See the caveats in the documentation: http://pandas.pydata.org/pandas-docs/stable/indexing.html#indexing-view-versus-copy
  df2['AreaSpace_SQFT'] = df2['AreaSpace_SQFT'].astype(int)
/home/testapiuser/HouseApp_2/PricePrediction/WYPrice.py:301: SettingWithCopyWarning: 
A value is trying to be set on a copy of a slice from a DataFrame.
Try using .loc[row_indexer,col_indexer] = value instead

See the caveats in the documentation: http://pandas.pydata.org/pandas-docs/stable/indexing.html#indexing-view-versus-copy
  df2['Price'] = z1
/home/testapiuser/HouseApp_2/PricePrediction/WYPrice.py:308: SettingWithCopyWarning: 
A value is trying to be set on a copy of a slice from a DataFrame.
Try using .loc[row_indexer,col_indexer] = value instead

See the caveats in the documentation: http://pandas.pydata.org/pandas-docs/stable/indexing.html#indexing-view-versus-copy
  df2['AreaSpace_SQFT'] = z2

5d5b5bab3efe8b24c40f2034
p:  217142.41588169604
5d5b5bd23efe8b24c40f2036
p:  132462.2498192827
5d5b5beadcc1f585270f2057
p:  194873.7747211943
5d5b5c025141e518830f2048
p:  125631.01337200364
5d5b5c66922ec2e50a0f202f
p:  130404.65403630947
5d5b5ccae567a864ab0f205b
p:  1291715.25911912
5d5b5cf03efe8b24c40f203d
p:  242613.34011511903
5d5b5d16dcc1f585270f205b
p:  135831.98655648177
5d5b5ddce567a864ab0f205f
p:  661609.145640029
5d5b5e323efe8b24c40f2042
p:  137526.55730171286
5d5b5e40e44f296ffc0f204c
p:  348571.9187774448
5d5b5e84bd0e6ec6fe0f2059
p:  2286793.678271992
5d5b5ee1e44f296ffc0f204e
p:  126942.87540093913
5d5b5f473efe8b24c40f2044
p:  416926.291857773
5d5b5f903efe8b24c40f2045
p:  241709.1734140424
5d5b5faddcc1f585270f205f
p:  230661.15078889986
5d5b6056e567a864ab0f2063
p:  1974428.3457111565
5d5b6072e44f296ffc0f2053
p:  169132.26995114138
5d5b6091d4e13c37290f2048
p:  398164.70446259016
5d5b60f9ffbcac0c940f2051
p:  225230.93418106288
5d5b61273efe8b24c40f2049
p:  137526.55730171286
5d5b614ee567a864ab0f2066
p:  2184024.11512625
5d5b616fe44f296ffc0f2057
p:  393892.7681079386
5d5b618cbd0e6ec6fe0f2061
p:  1311591.8258989262
5d5b6268dcc1f585270f2067
p:  166582.31092992364
5d5b627ddcc1f585270f2068
p:  191127.27747582665
5d5b62a0bd0e6ec6fe0f2066
p:  1161952.1147993323
5d5b62adbd0e6ec6fe0f2067
p:  1044085.395112177
5d5b64cedcc1f585270f206c
p:  248327.3873142547
5d5b6549bd0e6ec6fe0f206e
p:  1445389.9797948205
5d5b656bbd0e6ec6fe0f206f
p:  4075471.8988487255
5d5b6a2bdcc1f585270f207a
p:  361061.75639161933
5d5b6cd8bd0e6ec6fe0f2083
p:  1437647.7875273367
Current date and time: 2020-06-11 15:34:11
Successfully connect to DB.
For ['Albany', 'Big Horn', 'Campbell', 'Carbon', 'Converse', 'Crook', 'Fremont', 'Goshen', 'Hot Springs', 'Johnson', 'Laramie', 'Lincoln', 'Natrona', 'Niobrara', 'Park', 'Platte', 'Sheridan', 'Sublette', 'Sweetwater', 'Teton', 'Uinta', 'Washakie', 'Weston']#################################################################
train score for random_forest: 0.9479292254033682
test score for random_forest: 0.7518004470162521
The mean absolute error is:$ 162086.48882364001
r_Score: 0.7596328544249372
Voting Regressor (in): 0.9634843931288154
Voting Regressor: 0.7596328544249372
5d0d4b70ae78f7f2d314ae8b
p:  108621.62690463249
5d1bbf5103ecbb08e0bf61b7
p:  173712.21350840246
5d297d3f199bf96b6045aca7
p:  241248.20908584833
5d2ccbf0aa1ce31ade80b07e
p:  120596.55176838113
5d31aac2d708b0a3d0a64e9e
p:  279308.9734475879
5d456607f6b4c2439b8b2093
p:  126213.93602713468
5d5b39808a8fc44dba0f1ff3
p:  248797.62728642928
5d5b398dffbcac0c940f1ff4
p:  257719.78482437017
5d5b39b83efe8b24c40f1ff3
p:  246410.72756886279
5d5b39e8e567a864ab0f1ff3
p:  234112.98438821943
5d5b39f1e567a864ab0f1ff4
p:  295736.41715182224
5d5b3a2d5141e518830f1ff4
p:  327555.0424106571
5d5b3a45922ec2e50a0f1ff6
p:  151677.56637654867
5d5b3a7ee567a864ab0f1ff5
p:  222707.37778938917
5d5b3adac98f548a230f1ff5
p:  238166.14796046616
5d5b3b018a8fc44dba0f1ff6
p:  238166.14796046616
5d5b3b01e567a864ab0f1ff8
p:  185225.42588462474
5d5b3b2c8a8fc44dba0f1ff7
p:  315772.5681692858
5d5b3b38e567a864ab0f1ff9
p:  257746.05199076305
5d5b3b445141e518830f1ff9
p:  315772.5681692858
5d5b3b4a922ec2e50a0f1ff7
p:  222668.81529944393
5d5b3b5c8a8fc44dba0f1ff8
p:  229723.99055766215
5d5b3b685141e518830f1ffa
p:  229723.99055766215
5d5b3bc98a8fc44dba0f1ffa
p:  320236.92189124227
5d5b3be85141e518830f1ffc
p:  320236.92189124227
5d5b3c8bc98f548a230f1ffa
p:  245872.48959440162
5d5b3cabd4e13c37290f1ff8
p:  119673.43260723997
5d5b3ccad4e13c37290f1ff9
p:  199162.32963615665
5d5b3cd3dcc1f585270f1ffe
p:  128266.25329431058
5d5b3cdbd4e13c37290f1ffa
p:  174342.12077510112
5d5b3d26d4e13c37290f1ffb
p:  88692.0171292951
5d5b3d65922ec2e50a0f1ffd
p:  176915.10027175368
5d5b3d865141e518830f2004
p:  275271.233725741
5d5b3d8f922ec2e50a0f1ffe
p:  269552.4329684976
5d5b3d9c2e40bdb7af0f1ffa
p:  174115.0378083802
5d5b3db7d4e13c37290f1ffc
p:  150888.7055833052
5d5b3dbd5141e518830f2005
p:  268578.38187929336
5d5b3dd4ffbcac0c940f1ffe
p:  144865.27480741168
5d5b3dd63efe8b24c40f1ffb
p:  442693.23519317695
5d5b3ddd8a8fc44dba0f1ffe
p:  275271.233725741
5d5b3de1e567a864ab0f2002
p:  179201.0900282306
5d5b3df6d4e13c37290f1ffd
p:  135156.08813612995
5d5b3e3f2e40bdb7af0f1ffb
p:  177217.1999770436
5d5b3e49c98f548a230f1ffe
p:  242605.19053776635
5d5b3e595141e518830f2006
p:  287987.1458677271
5d5b3e60c98f548a230f1fff
p:  278639.4171131576
5d5b3e852e40bdb7af0f1ffc
p:  82653.91001339283
5d5b3e8bdcc1f585270f2003
p:  81595.5374363026
5d5b3e97dcc1f585270f2004
p:  81113.41868521948
5d5b3ea2dcc1f585270f2005
p:  74999.9820268912
5d5b3eb8ffbcac0c940f2000
p:  246281.35321105277
5d5b3ebd5141e518830f2007
p:  162903.44462677624
5d5b3ec68a8fc44dba0f2000
p:  246972.15818286786
5d5b3ee4c98f548a230f2000
p:  246281.35321105277
5d5b3ef8e567a864ab0f2005
p:  177980.19251563243
5d5b3f05e44f296ffc0f1ffe
p:  84560.29901901464
5d5b3f24c98f548a230f2001
p:  327555.0424106571
5d5b3f3a922ec2e50a0f2001
p:  256528.4686965095
5d5b3f43e567a864ab0f2006
p:  250214.1476548218
5d5b3f593efe8b24c40f1ffd
p:  254358.24584196598
5d5b3f80c98f548a230f2003
p:  246188.66065867408
5d5b3f84dcc1f585270f2007
p:  258181.81511041443
5d5b3fbbe44f296ffc0f2000
p:  191321.72898445805
5d5b3fe9e567a864ab0f2008
p:  168423.87318961258
5d5b3ffdffbcac0c940f2004
p:  330657.0640108458
5d5b40265141e518830f200b
p:  266323.6020997531
5d5b402760afe00a320f200f
p:  372201.38070312375
5d5b404360afe00a320f2010
p:  277188.6486459569
5d5b404e5141e518830f200c
p:  140979.88002773724
5d5b40645141e518830f200d
p:  277943.9560175609
5d5b4073e567a864ab0f200a
p:  194370.88985086555
5d5b409cd4e13c37290f2002
p:  124771.73448873436
5d5b40a3922ec2e50a0f2005
p:  177743.649857464
5d5b40a8e567a864ab0f200c
p:  154317.14521292696
5d5b40ad5141e518830f200f
p:  213055.66796208575
5d5b40f6ffbcac0c940f2006
p:  246281.35321105277
5d5b414ec98f548a230f2006
p:  302131.30156529136
5d5b418b5141e518830f2011
p:  215212.2916496045
5d5b418ce567a864ab0f2012
p:  236783.29884341938
5d5b41988a8fc44dba0f2006
p:  248028.06727278227
5d5b41a1ffbcac0c940f2009
p:  139368.2700443062
5d5b41fc5141e518830f2013
p:  261205.553728767
5d5b42118a8fc44dba0f2008
p:  261205.553728767
5d5b421a922ec2e50a0f2009
p:  154595.50221598995
5d5b423c8a8fc44dba0f200a
p:  261995.70190197922
5d5b42685141e518830f2014
p:  261995.70190197922
5d5b427c60afe00a320f2017
p:  351916.8264877749
5d5b430b60afe00a320f2018
p:  260387.8831985445
5d5b431e3efe8b24c40f2005
p:  242690.98245889638
5d5b4334c98f548a230f200b
p:  198565.47729902214
5d5b43495141e518830f2017
p:  198565.47729902214
5d5b43a65141e518830f2019
p:  329107.56050283805
5d5b43af2e40bdb7af0f200d
p:  354426.5287361761
5d5b43c45141e518830f201b
p:  114777.5605774555
5d5b43f28a8fc44dba0f200b
p:  329107.56050283805
5d5b442ac98f548a230f200f
p:  201910.20754555694
5d5b442b3efe8b24c40f2007
p:  349597.4175974484
5d5b44318a8fc44dba0f200c
p:  216514.3268130763
5d5b4456c98f548a230f2010
p:  182100.4647684833
5d5b446d8a8fc44dba0f200d
p:  182100.4647684833
5d5b447c5141e518830f201c
p:  151825.48436497548
5d5b447fc98f548a230f2011
p:  151825.48436497548
5d5b449a8a8fc44dba0f200e
p:  151825.48436497548
5d5b453a922ec2e50a0f200f
p:  163858.65464743046
5d5b45903efe8b24c40f2009
p:  174399.11290064873
5d5b46323efe8b24c40f200c
p:  339483.62640458834
5d5b46613efe8b24c40f200d
p:  407964.1436212689
5d5b46bcc98f548a230f2017
p:  353090.58146257594
5d5b46c3bd0e6ec6fe0f2004
p:  107133.36937732672
5d5b46f0dcc1f585270f2017
p:  90339.7748403385
5d5b4726bd0e6ec6fe0f200c
p:  185295.192710465
5d5b473cbd0e6ec6fe0f200e
p:  207976.61727216947
5d5b474dbd0e6ec6fe0f200f
p:  86886.23113020626
5d5b47a85141e518830f2024
p:  154453.28111038666
5d5b47d0dcc1f585270f2018
p:  106950.63761429729
5d5b49bebd0e6ec6fe0f2032
p:  228928.41455464347
5d5b4a25bd0e6ec6fe0f2034
p:  155030.7038234868
5d5b4a5dbd0e6ec6fe0f2035
p:  230223.94867233062
5d5b4b58dcc1f585270f201e
p:  201659.39286781265
5d5b4b5c3efe8b24c40f2017
p:  257737.0046170057
5d5b4b69dcc1f585270f201f
p:  196190.40127293835
5d5b4b85e44f296ffc0f201f
p:  295528.5096405889
5d5b4c3a3efe8b24c40f201e
p:  319915.8957284955
5d5b4c5dd4e13c37290f2018
p:  117420.30275425488
5d5b4cbddcc1f585270f2025
p:  103677.05076471496
5d5b4d1dffbcac0c940f201d
p:  138629.42171469022
5d5b4d732e40bdb7af0f2035
p:  186004.61850552316
5d5b4d78bd0e6ec6fe0f203e
p:  136110.85241434435
5d5b4e22ffbcac0c940f201f
p:  166260.90274621153
5d5b4e4fffbcac0c940f2020
p:  270061.85414598003
5d5b4f05ffbcac0c940f2021
p:  140044.81995419023
5d5b4f20e44f296ffc0f2027
p:  232466.2708584093
5d5b4f9bd4e13c37290f2023
p:  131979.83661537713
5d5b4fa9d4e13c37290f2024
p:  86037.7470917934
5d5b4fc62e40bdb7af0f2040
p:  168541.14599418253
5d5b506ed4e13c37290f2027
p:  64610.135176861455
5d5b509fffbcac0c940f2025
p:  323660.6032700527
5d5b51568a8fc44dba0f202a
p:  288999.62280306336
5d5b518fe567a864ab0f2045
p:  143285.31290736067
5d5b52412e40bdb7af0f2047
p:  178552.55798838887
5d5b52a48a8fc44dba0f202d
p:  1826946.558047898
5d5b53aa8a8fc44dba0f2032
p:  925640.0927047096
5d5b53c12e40bdb7af0f204b
p:  78224.82969258679
5d5b5455e44f296ffc0f2038
p:  175587.55314633972
5d5b548ee44f296ffc0f203b
p:  188882.717041098
5d5b54fb60afe00a320f204f
p:  242204.60711531722
5d5b55123efe8b24c40f2026
p:  380302.78632679314
5d5b552e8a8fc44dba0f203c
p:  711112.6862108037
5d5b557d8a8fc44dba0f203e
p:  620315.1882579124
5d5b559c2e40bdb7af0f204d
p:  240902.06852298486
5d5b55f89cc23c1f940f203c
p:  232229.60701231082
5d5b56dd8a8fc44dba0f2047
p:  274124.1788099372
5d5b5745dcc1f585270f2040
p:  211706.9298023288
5d5b57b1dcc1f585270f2044
p:  142297.03327533967
5d5b57e7dcc1f585270f2047
p:  196959.52519661302
5d5b57f6dcc1f585270f2048
p:  261296.23291101394
5d5b58d4dcc1f585270f204b
p:  244779.08598588593
5d5b598ddcc1f585270f204e
p:  252842.68223557167
5d5b5adc5141e518830f2043
p:  173133.31110594614/home/testapiuser/HouseApp_2/PricePrediction/WYPrice.py:289: SettingWithCopyWarning: 
A value is trying to be set on a copy of a slice from a DataFrame.
Try using .loc[row_indexer,col_indexer] = value instead

See the caveats in the documentation: http://pandas.pydata.org/pandas-docs/stable/indexing.html#indexing-view-versus-copy
  df2['AreaSpace_SQFT'] = df2['AreaSpace_SQFT'].astype(int)
/home/testapiuser/HouseApp_2/PricePrediction/WYPrice.py:301: SettingWithCopyWarning: 
A value is trying to be set on a copy of a slice from a DataFrame.
Try using .loc[row_indexer,col_indexer] = value instead

See the caveats in the documentation: http://pandas.pydata.org/pandas-docs/stable/indexing.html#indexing-view-versus-copy
  df2['Price'] = z1
/home/testapiuser/HouseApp_2/PricePrediction/WYPrice.py:308: SettingWithCopyWarning: 
A value is trying to be set on a copy of a slice from a DataFrame.
Try using .loc[row_indexer,col_indexer] = value instead

See the caveats in the documentation: http://pandas.pydata.org/pandas-docs/stable/indexing.html#indexing-view-versus-copy
  df2['AreaSpace_SQFT'] = z2

5d5b5bab3efe8b24c40f2034
p:  214963.31592036138
5d5b5bd23efe8b24c40f2036
p:  134525.33208590557
5d5b5beadcc1f585270f2057
p:  185945.73822255994
5d5b5c025141e518830f2048
p:  133899.74288319016
5d5b5c66922ec2e50a0f202f
p:  125122.94576977474
5d5b5ccae567a864ab0f205b
p:  1275211.771346612
5d5b5cf03efe8b24c40f203d
p:  257551.62623345194
5d5b5d16dcc1f585270f205b
p:  125043.6551139277
5d5b5ddce567a864ab0f205f
p:  655652.3611737448
5d5b5e323efe8b24c40f2042
p:  140250.6977978693
5d5b5e40e44f296ffc0f204c
p:  384339.0384727648
5d5b5e84bd0e6ec6fe0f2059
p:  2537803.369698491
5d5b5ee1e44f296ffc0f204e
p:  111882.43164563418
5d5b5f473efe8b24c40f2044
p:  447212.45105133933
5d5b5f903efe8b24c40f2045
p:  249622.53662933718
5d5b5faddcc1f585270f205f
p:  226670.2987230274
5d5b6056e567a864ab0f2063
p:  1646039.8424873068
5d5b6072e44f296ffc0f2053
p:  171568.6267783135
5d5b6091d4e13c37290f2048
p:  313970.16107838124
5d5b60f9ffbcac0c940f2051
p:  233774.73447812122
5d5b61273efe8b24c40f2049
p:  140250.6977978693
5d5b614ee567a864ab0f2066
p:  2012677.3354522404
5d5b616fe44f296ffc0f2057
p:  445774.0249292825
5d5b618cbd0e6ec6fe0f2061
p:  1174893.7974324771
5d5b6268dcc1f585270f2067
p:  162030.74828952763
5d5b627ddcc1f585270f2068
p:  177402.82043071592
5d5b62a0bd0e6ec6fe0f2066
p:  1201591.72301359
5d5b62adbd0e6ec6fe0f2067
p:  1035811.582600566
5d5b64cedcc1f585270f206c
p:  244779.08598588593
5d5b6549bd0e6ec6fe0f206e
p:  1446296.288621998
5d5b656bbd0e6ec6fe0f206f
p:  3720040.2958303196
5d5b6a2bdcc1f585270f207a
p:  555622.9476853375
5d5b6cd8bd0e6ec6fe0f2083
p:  1262922.8273483734
Current date and time: 2020-06-12 15:34:11
Successfully connect to DB.
For ['Albany', 'Big Horn', 'Campbell', 'Carbon', 'Converse', 'Crook', 'Fremont', 'Goshen', 'Hot Springs', 'Johnson', 'Laramie', 'Lincoln', 'Natrona', 'Niobrara', 'Park', 'Platte', 'Sheridan', 'Sublette', 'Sweetwater', 'Teton', 'Uinta', 'Washakie', 'Weston']#################################################################
train score for random_forest: 0.9501068020376154
test score for random_forest: 0.756193976190048
The mean absolute error is:$ 157498.5247585286
r_Score: 0.7700951607916598
Voting Regressor (in): 0.9632516772200994
Voting Regressor: 0.7700951607916598
5d0d4b70ae78f7f2d314ae8b
p:  127677.92321620647
5d1bbf5103ecbb08e0bf61b7
p:  192482.48126247336
5d297d3f199bf96b6045aca7
p:  238224.78026166756
5d2ccbf0aa1ce31ade80b07e
p:  122737.5732834149
5d31aac2d708b0a3d0a64e9e
p:  320221.77605759574
5d456607f6b4c2439b8b2093
p:  147636.97702100326
5d5b39808a8fc44dba0f1ff3
p:  239826.2970503596
5d5b398dffbcac0c940f1ff4
p:  246483.8807921388
5d5b39b83efe8b24c40f1ff3
p:  227086.06037028527
5d5b39e8e567a864ab0f1ff3
p:  233134.487471813
5d5b39f1e567a864ab0f1ff4
p:  294840.2346792782
5d5b3a2d5141e518830f1ff4
p:  303357.30223607924
5d5b3a45922ec2e50a0f1ff6
p:  173456.2408531521
5d5b3a7ee567a864ab0f1ff5
p:  213900.7636526037
5d5b3adac98f548a230f1ff5
p:  230779.42725666426
5d5b3b018a8fc44dba0f1ff6
p:  230779.42725666426
5d5b3b01e567a864ab0f1ff8
p:  189582.37526509393
5d5b3b2c8a8fc44dba0f1ff7
p:  311496.95753146755
5d5b3b38e567a864ab0f1ff9
p:  267509.16456829535
5d5b3b445141e518830f1ff9
p:  311496.95753146755
5d5b3b4a922ec2e50a0f1ff7
p:  219475.3026166692
5d5b3b5c8a8fc44dba0f1ff8
p:  232271.02952101605
5d5b3b685141e518830f1ffa
p:  232271.02952101605
5d5b3bc98a8fc44dba0f1ffa
p:  273409.99048812466
5d5b3be85141e518830f1ffc
p:  273409.99048812466
5d5b3c8bc98f548a230f1ffa
p:  247089.2649152778
5d5b3cabd4e13c37290f1ff8
p:  122508.22955257396
5d5b3ccad4e13c37290f1ff9
p:  229500.81428282804
5d5b3cd3dcc1f585270f1ffe
p:  124990.06135461433
5d5b3cdbd4e13c37290f1ffa
p:  193826.3524646259
5d5b3d26d4e13c37290f1ffb
p:  96473.05243320059
5d5b3d65922ec2e50a0f1ffd
p:  180735.4580756519
5d5b3d865141e518830f2004
p:  277745.2790405999
5d5b3d8f922ec2e50a0f1ffe
p:  247952.06199612247
5d5b3d9c2e40bdb7af0f1ffa
p:  181800.50243204617
5d5b3db7d4e13c37290f1ffc
p:  161885.43613926315
5d5b3dbd5141e518830f2005
p:  267164.79096345167
5d5b3dd4ffbcac0c940f1ffe
p:  159374.37506769007
5d5b3dd63efe8b24c40f1ffb
p:  524372.5437198147
5d5b3ddd8a8fc44dba0f1ffe
p:  277745.2790405999
5d5b3de1e567a864ab0f2002
p:  169827.22517548196
5d5b3df6d4e13c37290f1ffd
p:  139292.32304782202
5d5b3e3f2e40bdb7af0f1ffb
p:  157660.65543614997
5d5b3e49c98f548a230f1ffe
p:  245276.94044770405
5d5b3e595141e518830f2006
p:  265058.31254789734
5d5b3e60c98f548a230f1fff
p:  253884.27983565524
5d5b3e852e40bdb7af0f1ffc
p:  90280.85785154153
5d5b3e8bdcc1f585270f2003
p:  86243.88059723742
5d5b3e97dcc1f585270f2004
p:  83577.2938454711
5d5b3ea2dcc1f585270f2005
p:  81947.37927260104
5d5b3eb8ffbcac0c940f2000
p:  234373.68550964884
5d5b3ebd5141e518830f2007
p:  176363.9154776123
5d5b3ec68a8fc44dba0f2000
p:  248338.7436083645
5d5b3ee4c98f548a230f2000
p:  234373.68550964884
5d5b3ef8e567a864ab0f2005
p:  177538.3856407428
5d5b3f05e44f296ffc0f1ffe
p:  93898.20475793845
5d5b3f24c98f548a230f2001
p:  303357.30223607924
5d5b3f3a922ec2e50a0f2001
p:  271393.857277599
5d5b3f43e567a864ab0f2006
p:  226914.99831144896
5d5b3f593efe8b24c40f1ffd
p:  230913.14025234905
5d5b3f80c98f548a230f2003
p:  241781.4823864081
5d5b3f84dcc1f585270f2007
p:  218068.75772640493
5d5b3fbbe44f296ffc0f2000
p:  116433.63028324401
5d5b3fe9e567a864ab0f2008
p:  176668.76811217138
5d5b3ffdffbcac0c940f2004
p:  325927.31102522317
5d5b40265141e518830f200b
p:  234694.13210016477
5d5b402760afe00a320f200f
p:  395517.8610966757
5d5b404360afe00a320f2010
p:  267372.6094906973
5d5b404e5141e518830f200c
p:  157859.69783508696
5d5b40645141e518830f200d
p:  258109.9854321283
5d5b4073e567a864ab0f200a
p:  202922.5960381605
5d5b409cd4e13c37290f2002
p:  130044.57739021613
5d5b40a3922ec2e50a0f2005
p:  161140.36593027913
5d5b40a8e567a864ab0f200c
p:  163933.19919400755
5d5b40ad5141e518830f200f
p:  200724.28183285095
5d5b40f6ffbcac0c940f2006
p:  234373.68550964884
5d5b414ec98f548a230f2006
p:  286410.4671340752
5d5b418b5141e518830f2011
p:  200567.99618314946
5d5b418ce567a864ab0f2012
p:  233226.83228836823
5d5b41988a8fc44dba0f2006
p:  241219.76080948455
5d5b41a1ffbcac0c940f2009
p:  147324.5352512268
5d5b41fc5141e518830f2013
p:  241689.1523296187
5d5b42118a8fc44dba0f2008
p:  241689.1523296187
5d5b421a922ec2e50a0f2009
p:  144256.431764226
5d5b423c8a8fc44dba0f200a
p:  243727.25812755426
5d5b42685141e518830f2014
p:  243727.25812755426
5d5b427c60afe00a320f2017
p:  341439.7484003224
5d5b430b60afe00a320f2018
p:  263467.9874763985
5d5b431e3efe8b24c40f2005
p:  246416.355652173
5d5b4334c98f548a230f200b
p:  230487.05856916594
5d5b43495141e518830f2017
p:  230487.05856916594
5d5b43a65141e518830f2019
p:  300497.90705414535
5d5b43af2e40bdb7af0f200d
p:  372988.91361077514
5d5b43c45141e518830f201b
p:  118462.14848797281
5d5b43f28a8fc44dba0f200b
p:  300497.90705414535
5d5b442ac98f548a230f200f
p:  222851.564163481
5d5b442b3efe8b24c40f2007
p:  347361.0827288538
5d5b44318a8fc44dba0f200c
p:  235996.81217176584
5d5b4456c98f548a230f2010
p:  188971.88954994667
5d5b446d8a8fc44dba0f200d
p:  188971.88954994667
5d5b447c5141e518830f201c
p:  154281.3113765179
5d5b447fc98f548a230f2011
p:  154281.3113765179
5d5b449a8a8fc44dba0f200e
p:  154281.3113765179
5d5b453a922ec2e50a0f200f
p:  168378.84878416016
5d5b45903efe8b24c40f2009
p:  175115.27722473297
5d5b46323efe8b24c40f200c
p:  312809.8898901016
5d5b46613efe8b24c40f200d
p:  402999.17364025465
5d5b46bcc98f548a230f2017
p:  326319.16079280514
5d5b46c3bd0e6ec6fe0f2004
p:  82109.37782624693
5d5b46f0dcc1f585270f2017
p:  85682.32818533597
5d5b4726bd0e6ec6fe0f200c
p:  176967.440807157
5d5b473cbd0e6ec6fe0f200e
p:  220361.05251511128
5d5b474dbd0e6ec6fe0f200f
p:  92820.87416348523
5d5b47a85141e518830f2024
p:  158523.08809763612
5d5b47d0dcc1f585270f2018
p:  112621.79734780805
5d5b49bebd0e6ec6fe0f2032
p:  220034.05061265954
5d5b4a25bd0e6ec6fe0f2034
p:  154416.75265527627
5d5b4a5dbd0e6ec6fe0f2035
p:  245770.79142112544
5d5b4b58dcc1f585270f201e
p:  199104.01152503706
5d5b4b5c3efe8b24c40f2017
p:  257745.80327368568
5d5b4b69dcc1f585270f201f
p:  195635.20007625147
5d5b4b85e44f296ffc0f201f
p:  302042.0025485897
5d5b4c3a3efe8b24c40f201e
p:  324680.4806599248
5d5b4c5dd4e13c37290f2018
p:  116059.23012937522
5d5b4cbddcc1f585270f2025
p:  122441.64157241394
5d5b4d1dffbcac0c940f201d
p:  133362.30546406357
5d5b4d732e40bdb7af0f2035
p:  181738.35310954438
5d5b4d78bd0e6ec6fe0f203e
p:  138597.73860093948
5d5b4e22ffbcac0c940f201f
p:  166578.11357807418
5d5b4e4fffbcac0c940f2020
p:  303018.4271223175
5d5b4f05ffbcac0c940f2021
p:  133495.95980469498
5d5b4f20e44f296ffc0f2027
p:  216925.98715203046
5d5b4f9bd4e13c37290f2023
p:  117689.89735422551
5d5b4fa9d4e13c37290f2024
p:  94291.74031533278
5d5b4fc62e40bdb7af0f2040
p:  169909.52494319458
5d5b506ed4e13c37290f2027
p:  73204.20743097983
5d5b509fffbcac0c940f2025
p:  330483.1909226305
5d5b51568a8fc44dba0f202a
p:  288078.8778887469
5d5b518fe567a864ab0f2045
p:  151464.22366839251
5d5b52412e40bdb7af0f2047
p:  176428.52939889225
5d5b52a48a8fc44dba0f202d
p:  1529716.9970788697
5d5b53aa8a8fc44dba0f2032
p:  974228.6703973777
5d5b53c12e40bdb7af0f204b
p:  89086.57867845392
5d5b5455e44f296ffc0f2038
p:  176816.40780699017
5d5b548ee44f296ffc0f203b
p:  184546.92300096893
5d5b54fb60afe00a320f204f
p:  244852.04476966098
5d5b55123efe8b24c40f2026
p:  369478.8633348004
5d5b552e8a8fc44dba0f203c
p:  763319.5532909611
5d5b557d8a8fc44dba0f203e
p:  617039.2251939543
5d5b559c2e40bdb7af0f204d
p:  222875.3395521708
5d5b55f89cc23c1f940f203c
p:  232256.72238731943
5d5b56dd8a8fc44dba0f2047
p:  263607.65876079537
5d5b5745dcc1f585270f2040
p:  205333.3451079317
5d5b57b1dcc1f585270f2044
p:  144097.19767807313
5d5b57e7dcc1f585270f2047
p:  209243.55658179172
5d5b57f6dcc1f585270f2048
p:  260949.85489779577
5d5b58d4dcc1f585270f204b
p:  241105.77053841582
5d5b598ddcc1f585270f204e
p:  251429.29745452924
5d5b5adc5141e518830f2043
p:  177430.22534866544/home/testapiuser/HouseApp_2/PricePrediction/WYPrice.py:289: SettingWithCopyWarning: 
A value is trying to be set on a copy of a slice from a DataFrame.
Try using .loc[row_indexer,col_indexer] = value instead

See the caveats in the documentation: http://pandas.pydata.org/pandas-docs/stable/indexing.html#indexing-view-versus-copy
  df2['AreaSpace_SQFT'] = df2['AreaSpace_SQFT'].astype(int)
/home/testapiuser/HouseApp_2/PricePrediction/WYPrice.py:301: SettingWithCopyWarning: 
A value is trying to be set on a copy of a slice from a DataFrame.
Try using .loc[row_indexer,col_indexer] = value instead

See the caveats in the documentation: http://pandas.pydata.org/pandas-docs/stable/indexing.html#indexing-view-versus-copy
  df2['Price'] = z1
/home/testapiuser/HouseApp_2/PricePrediction/WYPrice.py:308: SettingWithCopyWarning: 
A value is trying to be set on a copy of a slice from a DataFrame.
Try using .loc[row_indexer,col_indexer] = value instead

See the caveats in the documentation: http://pandas.pydata.org/pandas-docs/stable/indexing.html#indexing-view-versus-copy
  df2['AreaSpace_SQFT'] = z2

5d5b5bab3efe8b24c40f2034
p:  219566.98721764496
5d5b5bd23efe8b24c40f2036
p:  144886.11079532944
5d5b5beadcc1f585270f2057
p:  169424.86842886388
5d5b5c025141e518830f2048
p:  111036.48025533062
5d5b5c66922ec2e50a0f202f
p:  143696.90792072937
5d5b5ccae567a864ab0f205b
p:  1328996.6536087873
5d5b5cf03efe8b24c40f203d
p:  252375.83088076347
5d5b5d16dcc1f585270f205b
p:  135534.19404727867
5d5b5ddce567a864ab0f205f
p:  627753.9033824571
5d5b5e323efe8b24c40f2042
p:  153112.82208392431
5d5b5e40e44f296ffc0f204c
p:  450018.0379188127
5d5b5e84bd0e6ec6fe0f2059
p:  2757437.677265977
5d5b5ee1e44f296ffc0f204e
p:  115960.27330342679
5d5b5f473efe8b24c40f2044
p:  419695.4078687831
5d5b5f903efe8b24c40f2045
p:  229976.96091145126
5d5b5faddcc1f585270f205f
p:  215295.49618718587
5d5b6056e567a864ab0f2063
p:  2402143.0423004497
5d5b6072e44f296ffc0f2053
p:  172487.8655572455
5d5b6091d4e13c37290f2048
p:  405098.0208092528
5d5b60f9ffbcac0c940f2051
p:  231940.10269847373
5d5b61273efe8b24c40f2049
p:  153112.82208392431
5d5b614ee567a864ab0f2066
p:  2045859.9054495255
5d5b616fe44f296ffc0f2057
p:  322003.4910435265
5d5b618cbd0e6ec6fe0f2061
p:  1306065.6758690288
5d5b6268dcc1f585270f2067
p:  161913.83049057313
5d5b627ddcc1f585270f2068
p:  183826.65688412578
5d5b62a0bd0e6ec6fe0f2066
p:  1165762.891914806
5d5b62adbd0e6ec6fe0f2067
p:  1030448.0504478054
5d5b64cedcc1f585270f206c
p:  241105.77053841582
5d5b6549bd0e6ec6fe0f206e
p:  1333764.5647441992
5d5b656bbd0e6ec6fe0f206f
p:  3994025.2339037578
5d5b6a2bdcc1f585270f207a
p:  353016.94222027395
5d5b6cd8bd0e6ec6fe0f2083
p:  1298874.8500909107
Current date and time: 2020-06-13 15:34:11
Successfully connect to DB.
For ['Albany', 'Big Horn', 'Campbell', 'Carbon', 'Converse', 'Crook', 'Fremont', 'Goshen', 'Hot Springs', 'Johnson', 'Laramie', 'Lincoln', 'Natrona', 'Niobrara'