Current date and time: 2020-04-18 02:00:10
Successfully connect to DB.
For ['Aitkin', 'Anoka', 'Becker', 'Beltrami', 'Benton', 'Big Stone', 'Blue Earth', 'Brown', 'Carlton', 'Carver', 'Cass', 'Chippewa', 'Chisago', 'Clay', 'Clearwater', 'Cook', 'Cottonwood', 'Crow Wing', 'Dakota', 'Dodge', 'Douglas', 'Faribault', 'Fillmore', 'Freeborn', 'Goodhue', 'Grant', 'Hennepin', 'Houston', 'Hubbard', 'Isanti', 'Itasca', 'Jackson', 'Kanabec', 'Kandiyohi', 'Kittson', 'Koochiching', 'Lac qui Parle', 'Lake', 'Lake of the Woods', 'Le Sueur', 'Lincoln', 'Lyon', 'Mahnomen', 'Marshall', 'Martin', 'McLeod', 'Meeker', 'Mille Lacs', 'Morrison', 'Mower', 'Murray', 'Nicollet', 'Nobles', 'Norman', 'Olmsted', 'Otter Tail', 'Pennington', 'Pine', 'Pipestone', 'Polk', 'Pope', 'Ramsey', 'Red Lake', 'Redwood', 'Renville', 'Rice', 'Rock', 'Roseau', 'Scott', 'Sherburne', 'Sibley', 'St. Louis', 'Stearns', 'Steele', 'Stevens', 'Swift', 'Todd', 'Traverse', 'Wabasha', 'Wadena', 'Walsh', 'Waseca', 'Washington', 'Watonwan', 'Wilkin', 'Winona', 'Wright', 'Yellow Medicine']#################################################################
train score for random_forest: 0.9246024277162186
test score for random_forest: 0.35797933642167545
The mean absolute error is:$ 345.6255468027821
r_Score: 0.27249455192931527
Voting Regressor (in): 0.9986090329539037
Voting Regressor: 0.27249455192931527
5cf8aa110627bf22fecf2fb1
p:  2464.790402968196
5cf8ac460627bf22fecf2fba
p:  2531.166480697492
5cf8aa530627bf22fecf2fb2
p:  2698.225144016358
5cf8ac650627bf22fecf2fbc
p:  1788.7831312738608
5cf8abce0627bf22fecf2fb6
p:  2046.1583319935792
5cf8a9080627bf22fecf2fad
p:  2531.609306459074
5cf8a9cf0627bf22fecf2fb0
p:  2560.3957419004914
5cf8abdc0627bf22fecf2fb8
p:  1771.6890881331262
5cf8abd70627bf22fecf2fb7
p:  1745.9370527875135
5cf8a98d0627bf22fecf2faf
p:  2355.117922409983
5cf8c1840627bf22fecf302b
p:  2300.173889319416
5d007c1170941a08216bfc2b
p:  1205.027673185376
5cf8c1070627bf22fecf302a
p:  1769.5298985352963
5cf8c0c00627bf22fecf3026
p:  1666.0067350669167
5cf8bef00627bf22fecf301e
p:  2673.4073221367016
5cf8a8c70627bf22fecf2fac
p:  1728.7153362531285
5cf8bd410627bf22fecf3014
p:  1692.8396949657476
5d081a347c1d83daee248b90
p:  1937.9890081298367
5d0810107c1d83daee248b54
p:  1783.9264451975255
5cf8bd8f0627bf22fecf3018
p:  1481.4060669334951
5cf8ab1e0627bf22fecf2fb5
p:  1978.025612341367
5d08105c7c1d83daee248b55
p:  1739.0349654408983
5cf8aa950627bf22fecf2fb3
p:  1937.138729436783
5d0801f17c1d83daee248b25
p:  1247.1311142286938
5d00839370941a08216bfc5b
p:  1349.3504193410017
5cf8c0d60627bf22fecf3027
p:  2701.39721161114
5cf8ac5e0627bf22fecf2fbb
p:  2420.8507022459316
5cf8abe40627bf22fecf2fb9
p:  1892.2338721852814
5cf8aad70627bf22fecf2fb4
p:  1952.6151067626492
5d007c3270941a08216bfc2f
p:  1163.4083539142712
5cf8c1010627bf22fecf3029
p:  1515.6850666195267
5cf8a94b0627bf22fecf2fae
p:  1789.1752482750217
5cf8c0f60627bf22fecf3028
p:  2080.2783972397096
5d007c1b70941a08216bfc2c
p:  1248.6766389786262
5d0810b07c1d83daee248b56
p:  1046.0940082196148
5d0d2328ae78f7f2d314ad97
p:  1558.956818305795
5d0d233bae78f7f2d314ad98
p:  2394.3362124046744
5d0d249fae78f7f2d314ad9a
p:  2020.2356389112986
5d0d24b2ae78f7f2d314ad9b
p:  2116.3131881192367
5d0d24bbae78f7f2d314ad9c
p:  1783.3815289320712
5d0d24c4ae78f7f2d314ad9d
p:  1811.0746586972816
5d0d24caae78f7f2d314ad9e
p:  1033.0212150768584
5d0d24d2ae78f7f2d314ad9f
p:  1603.202608009367
5d0d24d8ae78f7f2d314ada0
p:  2548.825799772029
5d0d24e1ae78f7f2d314ada1
p:  2605.623447856486
5d0d24eaae78f7f2d314ada2
p:  1220.7565019067274
5d0d24f6ae78f7f2d314ada3
p:  2571.551842202024
5d0d250fae78f7f2d314ada4
p:  1798.8804562488988
5d0d251cae78f7f2d314ada5
p:  1328.0851587145262
5d0d2524ae78f7f2d314ada6
p:  1003.1331270859725
5d0d252bae78f7f2d314ada7
p:  1709.9253132424542
5d0d255aae78f7f2d314ada8
p:  1081.546110695669
5d0d256bae78f7f2d314ada9
p:  1547.9910219513583
5d0d25acae78f7f2d314adaa
p:  2385.7053499873628
5d0d289dae78f7f2d314adb4
p:  1892.4928677791224
5d0d28b8ae78f7f2d314adb5
p:  1663.981480522979
5d0d28c5ae78f7f2d314adb6
p:  2232.2219593265677
5d0d28d5ae78f7f2d314adb7
p:  1813.9272446746763
5d0d28dcae78f7f2d314adb8
p:  1707.3195415529945
5d0d28e8ae78f7f2d314adb9
p:  2571.554113841719
5d0d28f0ae78f7f2d314adba
p:  1337.8552648303184
5d0d2f78e2ea012a7414ae0e
p:  2582.623413566215
5d0d2f8ce2ea012a7414ae0f
p:  1663.8232378839793
5d0d2f9ce2ea012a7414ae10
p:  1808.0640182507946
5d0d2fb6e2ea012a7414ae11
p:  2066.2136262990534
5d0d2fe8e2ea012a7414ae14
p:  2638.795740168631
5d0d312ee2ea012a7414ae25
p:  914.0553855949754
5d0d314ae2ea012a7414ae26
p:  2350.3852917740114
5d0d3162e2ea012a7414ae27
p:  1882.8314046674873
5d0d3183e2ea012a7414ae28
p:  1505.5073149434998
5d0d31bbe2ea012a7414ae29
p:  2748.2924797676337
5d0d31d3e2ea012a7414ae2a
p:  1504.0033039242142
5d0d31ede2ea012a7414ae2b
p:  1928.9101755842762
5d0d3202e2ea012a7414ae2c
p:  1974.9198073837279
5d0d3218e2ea012a7414ae2d
p:  1766.2134091293074
5d0d323be2ea012a7414ae2e
p:  1913.1877085445867
5d0d324ee2ea012a7414ae2f
p:  852.5744787004467
5d0d328de2ea012a7414ae30
p:  999.3316315259724
5d0d3298e2ea012a7414ae31
p:  2466.1203156111214
5d0d32a6e2ea012a7414ae32
p:  2454.9349925411143
5d0d32b2e2ea012a7414ae33
p:  1754.6670811255249
5d0d32bfe2ea012a7414ae34
p:  1578.5693043741899
5d0d32d1e2ea012a7414ae35
p:  2736.73372926494
5d0d32e2e2ea012a7414ae36
p:  2577.4506459129616
5d0d32ede2ea012a7414ae37
p:  1815.9399567483056
5d0d32fae2ea012a7414ae38
p:  1340.6516640424918
5d0d370043207cb60914ae43
p:  1878.7121916287128
5d0d370743207cb60914ae44
p:  1548.8502779383807
5d0d37d6e2ea012a7414ae54
p:  1663.981480522979
5d0d37dce2ea012a7414ae55
p:  2531.166480697492
5d0d4b95ae78f7f2d314ae8c
p:  1800.5685978710496
5d0d4d4243207cb60914aea7
p:  1996.724108129897
5d0d4e2243207cb60914aea8
p:  1033.0212150768584
5d0d4e5643207cb60914aea9
p:  1762.5961107921598
5d0d4e7d43207cb60914aead
p:  1429.273517545119
5d0d4ed743207cb60914aeae
p:  1864.1666545454154
5d0d4eed43207cb60914aeaf
p:  1570.1744888075482
5d0d4f3943207cb60914aeb0
p:  1783.3269260039024
5d0e5c2745ebd0b4c32fce27
p:  1128.5084968480458
5d0e69c719f56a0d5b8f8ca9
p:  1885.5344662318194
5d0e77ed19f56a0d5b8f8cf9
p:  2000.2592014754664
5d0e784d45ebd0b4c32fcef3
p:  2092.0749222973236
5d0e7fd345ebd0b4c32fcf25
p:  947.8288095562884
5d0e864445ebd0b4c32fcf4e
p:  1400.7483558911656
5d0e87e12b8f60b82b8f8d2a
p:  1892.2338721852814
5d0e8e2445ebd0b4c32fcf6a
p:  1164.9469836396677
5d0e8e4919f56a0d5b8f8d8d
p:  2571.554113841719
5d0e8ffe2b8f60b82b8f8d4c
p:  2577.4506459129616
5d0e90452b8f60b82b8f8d4d
p:  1065.4631163973822
5d0e92962b8f60b82b8f8d5e
p:  2293.84013920482
5d0e979219f56a0d5b8f8dc0
p:  1402.6791580620586
5d12c51fb7ae3de20d8d6f73
p:  1483.8288132719654
5d185261253e7cfd9b98bcf8
p:  2397.285403231411
5d185287253e7cfd9b98bcf9
p:  1816.0354824037481
5d1852a4253e7cfd9b98bcfa
p:  1579.6443463064115
5d19c3a4a22b896835d02f40
p:  1330.1204435841378
5d1bbbf903ecbb08e0bf61a4
p:  1812.230650436395
5d1bbc0303ecbb08e0bf61a5
p:  1000.8274962923616
5d1bd94e7e6c493d59458843
p:  1867.1364585071665
5d1c231d0a1cbc8e6fefbc58
p:  1952.2452103159885
5d1c3d95dbebfd779eefbd21
p:  1892.2338721852814
5d1c79d2dbebfd779eefbd86
p:  2673.4073221367016
5d2647c3107c1d579eeb6903
p:  1112.634277452451
5d266e72107c1d579eeb6936
p:  1504.4854716635236
5d2685eaddcb4129edeb696b
p:  1737.5297939125987
5d268abf107c1d579eeb6969
p:  1347.5272232218554
5d268b01107c1d579eeb696a
p:  1996.3967418977004
5d268b57107c1d579eeb696b
p:  1809.2839657761615
5d26bb3bddcb4129edeb69cc
p:  1881.268474830821
5d29def4199bf96b6045adf5
p:  1720.7935256819173
5d29df2b199bf96b6045adf6
p:  1555.412576229631
5d29df59199bf96b6045adf7
p:  1718.6883777497983
5d2add4147cfe46363877acf
p:  1802.6223684046113
5d2b462e47cfe46363877b89
p:  1300.151629545438
5d2b5ef747cfe46363877bac
p:  1543.771617120246
5d2cd5aeaa1ce31ade80b096
p:  2029.768626401428
5d2e208fb39b58f1d2167cea
p:  1884.5720325064065
5d2e20aab39b58f1d2167ceb
p:  1571.03503361882
5d2e2107b39b58f1d2167cec
p:  2672.593299112972
5d2e2139b39b58f1d2167ced
p:  2819.253014109282
5d2e21d4b39b58f1d2167cee
p:  1801.6043802035238
5d2e2352b39b58f1d2167cef
p:  1095.202638555322
5d2e248eb39b58f1d2167cf0
p:  2160.4023800201567
5d2e24c7b39b58f1d2167cf1/home/testapiuser/HouseApp_2/RentPrediction/MNRent.py:354: SettingWithCopyWarning: 
A value is trying to be set on a copy of a slice from a DataFrame.
Try using .loc[row_indexer,col_indexer] = value instead

See the caveats in the documentation: http://pandas.pydata.org/pandas-docs/stable/user_guide/indexing.html#returning-a-view-versus-a-copy
  df2['AreaSpace_SQFT'] = df2['AreaSpace_SQFT'].astype(int)
/home/testapiuser/HouseApp_2/RentPrediction/MNRent.py:366: SettingWithCopyWarning: 
A value is trying to be set on a copy of a slice from a DataFrame.
Try using .loc[row_indexer,col_indexer] = value instead

See the caveats in the documentation: http://pandas.pydata.org/pandas-docs/stable/user_guide/indexing.html#returning-a-view-versus-a-copy
  df2['Rent'] = z1
/home/testapiuser/HouseApp_2/RentPrediction/MNRent.py:373: SettingWithCopyWarning: 
A value is trying to be set on a copy of a slice from a DataFrame.
Try using .loc[row_indexer,col_indexer] = value instead

See the caveats in the documentation: http://pandas.pydata.org/pandas-docs/stable/user_guide/indexing.html#returning-a-view-versus-a-copy
  df2['AreaSpace_SQFT'] = z2

p:  975.4105130252196
5d2e24f4b39b58f1d2167cf2
p:  2513.318092025617
5d2e33cab39b58f1d2167d0f
p:  1276.4415271473888
5d2e6000b39b58f1d2167d6f
p:  1503.587252836724
5d2e6090b39b58f1d2167d71
p:  1597.4730547867107
5d2e610db39b58f1d2167d72
p:  1031.215192872426
5d2f661f8b6c8df1a080b68e
p:  2238.118369327498
5d350f5118f8dde30a0abd3e
p:  1501.836592258422
5d350ffe18f8dde30a0abd45
p:  1538.3229065287123
5d35101218f8dde30a0abd46
p:  1447.1464658649866
5d35102618f8dde30a0abd47
p:  2815.7872320985557
5d35103a18f8dde30a0abd48
p:  2350.5114947308994
5d35106318f8dde30a0abd4a
p:  1294.4001418581183
5d3510a618f8dde30a0abd4d
p:  2430.6165405382735
5d3510bd18f8dde30a0abd4e
p:  2438.618249559519
5d35111218f8dde30a0abd52
p:  2673.4073221367016
5d35113018f8dde30a0abd53
p:  1676.8261804641943
5d35115018f8dde30a0abd54
p:  2638.795740168631
5d3511cc18f8dde30a0abd5a
p:  1757.2713498852513
5d35121618f8dde30a0abd5d
p:  1375.0437846021844
5d35126f18f8dde30a0abd61
p:  2589.638824709362
5d35129c18f8dde30a0abd63
p:  2437.63641392896
5d3512bb18f8dde30a0abd64
p:  2028.517587379944
5d3512ce18f8dde30a0abd65
p:  1420.330384050645
5d35131318f8dde30a0abd68
p:  2039.3414938736955
5d35135018f8dde30a0abd6a
p:  2184.6068571364767
5d35137a18f8dde30a0abd6c
p:  1456.1242310816665
5d35138d18f8dde30a0abd6d
p:  2638.795740168631
5d3513be18f8dde30a0abd6f
p:  1324.6582098087833
5d3513d218f8dde30a0abd70
p:  2095.6067614493354
5d3513fa18f8dde30a0abd72
p:  2356.7305566123964
5d35140b18f8dde30a0abd73
p:  1786.2633242816792
5d35145a18f8dde30a0abd77
p:  1857.3268727342029
5d35146d18f8dde30a0abd78
p:  1568.6797394075093
5d3514a818f8dde30a0abd7b
p:  1268.6219908800763
5d35153918f8dde30a0abd83
p:  2650.390030003735
5d35157918f8dde30a0abd84
p:  1729.42802052877
5d35158f18f8dde30a0abd85
p:  2781.931874125147
5d3515aa18f8dde30a0abd86
p:  1863.5460499802966
5d3515bd18f8dde30a0abd87
p:  1757.6063037029523
5d3515d018f8dde30a0abd88
p:  2092.0749222973236
5d35165a18f8dde30a0abd8f
p:  1127.4770874285387
5d35169c18f8dde30a0abd92
p:  1917.7977476705526
5d3516b018f8dde30a0abd93
p:  2430.308162114798
5d35170618f8dde30a0abd97
p:  1472.481973931438
5d35173818f8dde30a0abd99
p:  2544.545994737574
5d35178c18f8dde30a0abd9b
p:  1343.0419271060978
5d35179e18f8dde30a0abd9c
p:  2676.059081123698
5d35185818f8dde30a0abda5
p:  1729.909746804405
5d35187d18f8dde30a0abda7
p:  1557.644432024392
5d3518ab18f8dde30a0abda9
p:  2539.7258244348445
5d3518c318f8dde30a0abdaa
p:  1425.4669634105894
5d3518f618f8dde30a0abdac
p:  2005.815609158625
5d35193918f8dde30a0abdaf
p:  1803.3330960010198
5d35194c18f8dde30a0abdb0
p:  1781.1402056533284
5d35198618f8dde30a0abdb2
p:  1959.6241720721976
5d351a2918f8dde30a0abdba
p:  1543.771617120246
5d351a5318f8dde30a0abdbc
p:  1336.588717821522
5d351aba18f8dde30a0abdc0
p:  1312.7771553904813
5d351acc18f8dde30a0abdc1
p:  1757.2713498852513
5d351b4018f8dde30a0abdc6
p:  2092.0749222973236
5d351b5818f8dde30a0abdc7
p:  1481.4060669334951
5d351b6f18f8dde30a0abdc8
p:  2929.5212005588037
5d351b9a18f8dde30a0abdca
p:  1627.6396056801982
5d351baf18f8dde30a0abdcb
p:  1812.683794433593
5d351be018f8dde30a0abdcd
p:  1877.849489533004
5d351c3d18f8dde30a0abdd1
p:  1996.724108129897
5d351c5a18f8dde30a0abdd2
p:  1268.6219908800763
5d351cbe18f8dde30a0abdd5
p:  2545.360017761303
5d35225418f8dde30a0abdd8
p:  1336.6818048942127
5d3525dd18f8dde30a0abddc
p:  1865.3236117043011
5d352aac18f8dde30a0abddd
p:  1693.4409270465167
5d352b1d18f8dde30a0abddf
p:  1223.7399200996779
5d352bd618f8dde30a0abde1
p:  2109.733784024458
5d352d0118f8dde30a0abde3
p:  2544.545994737574
5d352f2f18f8dde30a0abde5
p:  1185.0081707309055
5d352f8218f8dde30a0abde6
p:  1688.978759766519
5d35302c18f8dde30a0abde7
p:  1978.7665954970134
5d35335c18f8dde30a0abde9
p:  1714.6588344367105
5d3533d918f8dde30a0abdea
p:  2002.3955066257147
5d35340518f8dde30a0abdeb
p:  1186.2410249931722
5d353bdf18f8dde30a0abdf7
p:  1842.6510246314579
5d387ed402947826d9b03b5f
p:  1992.2847123123165
5d389c407110e453a0b03a9f
p:  1998.4539975919454
5d38a73102947826d9b03bc8
p:  1203.6787330084403
5d38c51402947826d9b03c26
p:  1518.566831096422
5d38c52302947826d9b03c27
p:  1784.3156047761759
5d38c78d02947826d9b03c32
p:  1164.411400143574
5d38cf9202947826d9b03c54
p:  1883.5579376270653
5d38d0e57110e453a0b03b34
p:  1164.411400143574
5d38ef7c02947826d9b03cce
p:  1914.109106758599
5d38efa102947826d9b03ccf
p:  1065.4631163973822
5d38efc602947826d9b03cd0
p:  1931.5766725677063
5d38efeb02947826d9b03cd1
p:  2108.9937058781356
5d38f03802947826d9b03cd3
p:  1757.227753623478
5d38f05b02947826d9b03cd4
p:  968.4877891655386
5d38f08102947826d9b03cd5
p:  1760.8685581763061
5d38f0a602947826d9b03cd6
p:  1420.5691204617815
5d38fdf07110e453a0b03bae
p:  2455.445953551039
5d3d69d7045b23e40558f1ce
p:  1065.4631163973822
5d3e804b2c3a06b7a107b607
p:  1861.646706227815
5d3e93172c3a06b7a107b62d
p:  2108.9937058781356
5d3e93f82c3a06b7a107b62e
p:  2470.4429398667135
5d3e94412c3a06b7a107b62f
p:  1332.7221943461852
5d3e9991bd7b3d656007b663
p:  1874.0568281793007
5d3e99cabd7b3d656007b664
p:  1874.2953262280382
5d3e99ebbd7b3d656007b665
p:  2540.9791212999735
5d3ea1ea2c3a06b7a107b652
p:  2605.623447856486
5d3ea25abd7b3d656007b678
p:  2605.623447856486
5d3ea285bd7b3d656007b679
p:  1685.6979137684675
5d3ea2cabd7b3d656007b67b
p:  1370.187936143751
5d3ea2debd7b3d656007b67c
p:  1420.5691204617815
5d3ea350bd7b3d656007b67d
p:  2426.749505956869
5d3ea37bbd7b3d656007b67e
p:  2367.796232566615
5d3ea4252c3a06b7a107b65f
p:  1505.6701740414017
5d3ec27f2c3a06b7a107b6b0
p:  1963.7937343468648
5d3ec2aa2c3a06b7a107b6b1
p:  2781.931874125147
5d3ec2db2c3a06b7a107b6b2
p:  1881.268474830821
5d42ecb95059a34d102fa1ce
p:  1931.8808795924112
5d4324025059a34d102fa239
p:  1515.4159863117256
5d4325f85059a34d102fa23b
p:  1360.9237251700342
5d43261a5059a34d102fa23d
p:  1084.9939113869805
5d4327125059a34d102fa23e
p:  1644.1105813896793
5d43272f5059a34d102fa23f
p:  1848.8563554895195
5d43e9cf0c2b93cba458acfb
p:  1878.7121916287128
5d4431230c2b93cba458ae3c
p:  2638.795740168631
5d44ee0ff6b4c2439b8b1fe8
p:  1378.8077971133525
5d44f167f6b4c2439b8b2000
p:  1495.5395561773666
5d44f188f6b4c2439b8b2001
p:  2578.6786180399604
5d44f1a7f6b4c2439b8b2002
p:  2420.8529738856264
5d44f1cdf6b4c2439b8b2003
p:  1723.548889807455
5d45bb5cf6b4c2439b8b2118
p:  2570.9779896629616
5d45bdd5f6b4c2439b8b2130
p:  1737.5297939125987
5d477e54d57846aad03cb457
p:  1320.0130404383858
5d4780f2acae7a72623cb517
p:  1368.2008858145655
5d4791f6d57846aad03cb4ca
p:  2303.2746272604973
5d4c1bfac9cdd3b19d2c970d
p:  1065.4631163973822
Current date and time: 2020-04-18 03:00:14
Successfully connect to DB.
For ['Aitkin', 'Anoka', 'Becker', 'Beltrami', 'Benton', 'Big Stone', 'Blue Earth', 'Brown', 'Carlton', 'Carver', 'Cass', 'Chippewa', 'Chisago', 'Clay', 'Clearwater', 'Cook', 'Cottonwood', 'Crow Wing', 'Dakota', 'Dodge', 'Douglas', 'Faribault', 'Fillmore', 'Freeborn', 'Goodhue', 'Grant', 'Hennepin', 'Houston', 'Hubbard', 'Isanti', 'Itasca', 'Jackson', 'Kanabec', 'Kandiyohi', 'Kittson', 'Koochiching', 'Lac qui Parle', 'Lake', 'Lake of the Woods', 'Le Sueur', 'Lincoln', 'Lyon', 'Mahnomen', 'Marshall', 'Martin', 'McLeod', 'Meeker', 'Mille Lacs', 'Morrison', 'Mower', 'Murray', 'Nicollet', 'Nobles', 'Norman', 'Olmsted', 'Otter Tail', 'Pennington', 'Pine', 'Pipestone', 'Polk', 'Pope', 'Ramsey', 'Red Lake', 'Redwood', 'Renville', 'Rice', 'Rock', 'Roseau', 'Scott', 'Sherburne', 'Sibley', 'St. Louis', 'Stearns', 'Steele', 'Stevens', 'Swift', 'Todd', 'Traverse', 'Wabasha', 'Wadena', 'Walsh', 'Waseca', 'Washington', 'Watonwan', 'Wilkin', 'Winona', 'Wright', 'Yellow Medicine']#################################################################
train score for random_forest: 0.9211624205946218
test score for random_forest: 0.3725027329669565
The mean absolute error is:$ 347.4731935978426
r_Score: 0.2891871543687785
Voting Regressor (in): 0.9986090328811851
Voting Regressor: 0.2891871543687785
5cf8aa110627bf22fecf2fb1
p:  2435.2336341159667
5cf8ac460627bf22fecf2fba
p:  2567.3007916708884
5cf8aa530627bf22fecf2fb2
p:  2740.273565354461
5cf8ac650627bf22fecf2fbc
p:  1790.1469714830632
5cf8abce0627bf22fecf2fb6
p:  2143.674876311493
5cf8a9080627bf22fecf2fad
p:  2558.244785744761
5cf8a9cf0627bf22fecf2fb0
p:  2566.0495672406696
5cf8abdc0627bf22fecf2fb8
p:  1740.8792875693568
5cf8abd70627bf22fecf2fb7
p:  1739.356222796524
5cf8a98d0627bf22fecf2faf
p:  2318.7583257762117
5cf8c1840627bf22fecf302b
p:  2225.816441673687
5d007c1170941a08216bfc2b
p:  1175.8655382680868
5cf8c1070627bf22fecf302a
p:  1768.9170316420752
5cf8c0c00627bf22fecf3026
p:  1679.9700651674489
5cf8bef00627bf22fecf301e
p:  2670.0967260985017
5cf8a8c70627bf22fecf2fac
p:  1727.7895117477683
5cf8bd410627bf22fecf3014
p:  1687.309219521956
5d081a347c1d83daee248b90
p:  1921.663719843134
5d0810107c1d83daee248b54
p:  1780.1882893941136
5cf8bd8f0627bf22fecf3018
p:  1564.0308685416853
5cf8ab1e0627bf22fecf2fb5
p:  1995.4023046259708
5d08105c7c1d83daee248b55
p:  1722.5873762555714
5cf8aa950627bf22fecf2fb3
p:  1952.6181885629187
5d0801f17c1d83daee248b25
p:  1258.2869918895308
5d00839370941a08216bfc5b
p:  1354.3619889331521
5cf8c0d60627bf22fecf3027
p:  2671.1114774895136
5cf8ac5e0627bf22fecf2fbb
p:  2475.623715080547
5cf8abe40627bf22fecf2fb9
p:  1903.8175181044883
5cf8aad70627bf22fecf2fb4
p:  1936.2898184759465
5d007c3270941a08216bfc2f
p:  1195.2833932705207
5cf8c1010627bf22fecf3029
p:  1582.2127794906346
5cf8a94b0627bf22fecf2fae
p:  1761.2410277206654
5cf8c0f60627bf22fecf3028
p:  2173.421268107214
5d007c1b70941a08216bfc2c
p:  1269.822557551474
5d0810b07c1d83daee248b56
p:  1059.934105250906
5d0d2328ae78f7f2d314ad97
p:  1558.7300259771869
5d0d233bae78f7f2d314ad98
p:  2419.561453322545
5d0d249fae78f7f2d314ad9a
p:  1983.226819839753
5d0d24b2ae78f7f2d314ad9b
p:  2219.239489063324
5d0d24bbae78f7f2d314ad9c
p:  1788.6103266052987
5d0d24c4ae78f7f2d314ad9d
p:  1814.759593760241
5d0d24caae78f7f2d314ad9e
p:  1058.475799825041
5d0d24d2ae78f7f2d314ad9f
p:  1598.8732299337062
5d0d24d8ae78f7f2d314ada0
p:  2563.206656758677
5d0d24e1ae78f7f2d314ada1
p:  2652.931130473484
5d0d24eaae78f7f2d314ada2
p:  1216.0253173383614
5d0d24f6ae78f7f2d314ada3
p:  2623.2725837151484
5d0d250fae78f7f2d314ada4
p:  1792.9623567836952
5d0d251cae78f7f2d314ada5
p:  1331.4192840557412
5d0d2524ae78f7f2d314ada6
p:  1015.7065257600811
5d0d252bae78f7f2d314ada7
p:  1714.9248395734385
5d0d255aae78f7f2d314ada8
p:  1077.2906302321778
5d0d256bae78f7f2d314ada9
p:  1467.1834007589923
5d0d25acae78f7f2d314adaa
p:  2322.562943777944
5d0d289dae78f7f2d314adb4
p:  1902.7692926977224
5d0d28b8ae78f7f2d314adb5
p:  1664.0402098431991
5d0d28c5ae78f7f2d314adb6
p:  2247.7443624458538
5d0d28d5ae78f7f2d314adb7
p:  1810.4624846297847
5d0d28dcae78f7f2d314adb8
p:  1700.8329907580571
5d0d28e8ae78f7f2d314adb9
p:  2623.273665100621
5d0d28f0ae78f7f2d314adba
p:  1354.2768150855445
5d0d2f78e2ea012a7414ae0e
p:  2586.831618688971
5d0d2f8ce2ea012a7414ae0f
p:  1655.889031278139
5d0d2f9ce2ea012a7414ae10
p:  1787.400226639935
5d0d2fb6e2ea012a7414ae11
p:  2190.109784262623
5d0d2fe8e2ea012a7414ae14
p:  2634.587575751907
5d0d312ee2ea012a7414ae25
p:  883.3041126615866
5d0d314ae2ea012a7414ae26
p:  2339.1805503493956
5d0d3162e2ea012a7414ae27
p:  1882.7131455630486
5d0d3183e2ea012a7414ae28
p:  1463.045766810661
5d0d31bbe2ea012a7414ae29
p:  2690.2912465711383
5d0d31d3e2ea012a7414ae2a
p:  1570.611243844574
5d0d31ede2ea012a7414ae2b
p:  1792.2319776429085
5d0d3202e2ea012a7414ae2c
p:  1941.7368929074466
5d0d3218e2ea012a7414ae2d
p:  1767.7160399811441
5d0d323be2ea012a7414ae2e
p:  1896.5664256287523
5d0d324ee2ea012a7414ae2f
p:  895.2753517308074
5d0d328de2ea012a7414ae30
p:  1021.8960093163196
5d0d3298e2ea012a7414ae31
p:  2488.283586969049
5d0d32a6e2ea012a7414ae32
p:  2435.688225564664
5d0d32b2e2ea012a7414ae33
p:  1739.0115526593129
5d0d32bfe2ea012a7414ae34
p:  1572.8270592256586
5d0d32d1e2ea012a7414ae35
p:  2723.892907994318
5d0d32e2e2ea012a7414ae36
p:  2624.7453256902713
5d0d32ede2ea012a7414ae37
p:  1785.8497802581887
5d0d32fae2ea012a7414ae38
p:  1354.7979003355028
5d0d370043207cb60914ae43
p:  1884.9355879373347
5d0d370743207cb60914ae44
p:  1546.599482891982
5d0d37d6e2ea012a7414ae54
p:  1664.0402098431991
5d0d37dce2ea012a7414ae55
p:  2567.3007916708884
5d0d4b95ae78f7f2d314ae8c
p:  1855.7178174731982
5d0d4d4243207cb60914aea7
p:  2018.9214585452614
5d0d4e2243207cb60914aea8
p:  1058.475799825041
5d0d4e5643207cb60914aea9
p:  1727.6592497623044
5d0d4e7d43207cb60914aead
p:  1414.1443179392204
5d0d4ed743207cb60914aeae
p:  1864.1666781031977
5d0d4eed43207cb60914aeaf
p:  1540.6051645297769
5d0d4f3943207cb60914aeb0
p:  1787.7477048760163
5d0e5c2745ebd0b4c32fce27
p:  1128.5085031134909
5d0e69c719f56a0d5b8f8ca9
p:  1870.8301215321053
5d0e77ed19f56a0d5b8f8cf9
p:  2035.2326343036316
5d0e784d45ebd0b4c32fcef3
p:  2127.763680363364
5d0e7fd345ebd0b4c32fcf25
p:  885.7932324843209
5d0e864445ebd0b4c32fcf4e
p:  1418.0171616833609
5d0e87e12b8f60b82b8f8d2a
p:  1903.8175181044883
5d0e8e2445ebd0b4c32fcf6a
p:  1174.2021634321231
5d0e8e4919f56a0d5b8f8d8d
p:  2623.273665100621
5d0e8ffe2b8f60b82b8f8d4c
p:  2624.180975959952
5d0e90452b8f60b82b8f8d4d
p:  1079.3032134286732
5d0e92962b8f60b82b8f8d5e
p:  2227.869525669511
5d0e979219f56a0d5b8f8dc0
p:  1384.4154467745884
5d12c51fb7ae3de20d8d6f73
p:  1463.6156056822642
5d185261253e7cfd9b98bcf8
p:  2451.1650318542106
5d185287253e7cfd9b98bcf9
p:  1813.3874755400589
5d1852a4253e7cfd9b98bcfa
p:  1560.21685328918
5d19c3a4a22b896835d02f40
p:  1284.6220319805384
5d1bbbf903ecbb08e0bf61a4
p:  1812.2492137913187
5d1bbc0303ecbb08e0bf61a5
p:  1015.3670283870417
5d1bd94e7e6c493d59458843
p:  1896.9625818259833
5d1c231d0a1cbc8e6fefbc58
p:  1935.546262211727
5d1c3d95dbebfd779eefbd21
p:  1903.8175181044883
5d1c79d2dbebfd779eefbd86
p:  2670.0967260985017
5d2647c3107c1d579eeb6903
p:  1080.4763265747247
5d266e72107c1d579eeb6936
p:  1496.1903735858878
5d2685eaddcb4129edeb696b
p:  1709.7061011537537
5d268abf107c1d579eeb6969
p:  1370.9348452456684
5d268b01107c1d579eeb696a
p:  1980.6664540084882
5d268b57107c1d579eeb696b
p:  1864.7076994142603
5d26bb3bddcb4129edeb69cc
p:  1862.7806298225132
5d29def4199bf96b6045adf5
p:  1715.1818892889141
5d29df2b199bf96b6045adf6
p:  1482.5210273669873
5d29df59199bf96b6045adf7
p:  1732.452481816234
5d2add4147cfe46363877acf
p:  1760.8264930650005
5d2b462e47cfe46363877b89
p:  1304.4359327706861
5d2b5ef747cfe46363877bac
p:  1585.0056349065685
5d2cd5aeaa1ce31ade80b096
p:  2083.180212827512
5d2e208fb39b58f1d2167cea
p:  1944.0153487258633
5d2e20aab39b58f1d2167ceb
p:  1568.7842385724216
5d2e2107b39b58f1d2167cec
p:  2668.3850921049443
5d2e2139b39b58f1d2167ced
p:  2767.159011490543
5d2e21d4b39b58f1d2167cee
p:  1773.9225627490914
5d2e2352b39b58f1d2167cef
p:  1089.427121742045
5d2e248eb39b58f1d2167cf0
p:  2184.495193575204
5d2e24c7b39b58f1d2167cf1/home/testapiuser/HouseApp_2/RentPrediction/MNRent.py:354: SettingWithCopyWarning: 
A value is trying to be set on a copy of a slice from a DataFrame.
Try using .loc[row_indexer,col_indexer] = value instead

See the caveats in the documentation: http://pandas.pydata.org/pandas-docs/stable/user_guide/indexing.html#returning-a-view-versus-a-copy
  df2['AreaSpace_SQFT'] = df2['AreaSpace_SQFT'].astype(int)
/home/testapiuser/HouseApp_2/RentPrediction/MNRent.py:366: SettingWithCopyWarning: 
A value is trying to be set on a copy of a slice from a DataFrame.
Try using .loc[row_indexer,col_indexer] = value instead

See the caveats in the documentation: http://pandas.pydata.org/pandas-docs/stable/user_guide/indexing.html#returning-a-view-versus-a-copy
  df2['Rent'] = z1
/home/testapiuser/HouseApp_2/RentPrediction/MNRent.py:373: SettingWithCopyWarning: 
A value is trying to be set on a copy of a slice from a DataFrame.
Try using .loc[row_indexer,col_indexer] = value instead

See the caveats in the documentation: http://pandas.pydata.org/pandas-docs/stable/user_guide/indexing.html#returning-a-view-versus-a-copy
  df2['AreaSpace_SQFT'] = z2

p:  974.508672808869
5d2e24f4b39b58f1d2167cf2
p:  2552.1889900809115
5d2e33cab39b58f1d2167d0f
p:  1269.298192497699
5d2e6000b39b58f1d2167d6f
p:  1485.0969529439517
5d2e6090b39b58f1d2167d71
p:  1593.14367671105
5d2e610db39b58f1d2167d72
p:  1018.9730757122323
5d2f661f8b6c8df1a080b68e
p:  2248.651551234872
5d350f5118f8dde30a0abd3e
p:  1501.6749323800047
5d350ffe18f8dde30a0abd45
p:  1580.0303139445516
5d35101218f8dde30a0abd46
p:  1476.6310097189714
5d35102618f8dde30a0abd47
p:  2763.119216720849
5d35103a18f8dde30a0abd48
p:  2323.080280008525
5d35106318f8dde30a0abd4a
p:  1330.9177066251439
5d3510a618f8dde30a0abd4d
p:  2434.8421980668877
5d3510bd18f8dde30a0abd4e
p:  2412.8424504643162
5d35111218f8dde30a0abd52
p:  2670.0967260985017
5d35113018f8dde30a0abd53
p:  1676.7319416757978
5d35115018f8dde30a0abd54
p:  2634.587575751907
5d3511cc18f8dde30a0abd5a
p:  1762.1887840404383
5d35121618f8dde30a0abd5d
p:  1377.1592611868418
5d35126f18f8dde30a0abd61
p:  2614.8640656272323
5d35129c18f8dde30a0abd63
p:  2392.5513046985743
5d3512bb18f8dde30a0abd64
p:  2054.2792034872514
5d3512ce18f8dde30a0abd65
p:  1394.2989538163683
5d35131318f8dde30a0abd68
p:  2069.682583337736
5d35135018f8dde30a0abd6a
p:  2159.3821792097297
5d35137a18f8dde30a0abd6c
p:  1503.1372337395028
5d35138d18f8dde30a0abd6d
p:  2634.587575751907
5d3513be18f8dde30a0abd6f
p:  1316.598135386335
5d3513d218f8dde30a0abd70
p:  1975.0918500789037
5d3513fa18f8dde30a0abd72
p:  2329.023625523312
5d35140b18f8dde30a0abd73
p:  1852.9963862374773
5d35145a18f8dde30a0abd77
p:  1855.021635846047
5d35146d18f8dde30a0abd78
p:  1562.8974491843292
5d3514a818f8dde30a0abd7b
p:  1270.02133065009
5d35153918f8dde30a0abd83
p:  2565.881991180301
5d35157918f8dde30a0abd84
p:  1714.920650358619
5d35158f18f8dde30a0abd85
p:  2729.321700367811
5d3515aa18f8dde30a0abd86
p:  1861.2408130921408
5d3515bd18f8dde30a0abd87
p:  1717.991861592634
5d3515d018f8dde30a0abd88
p:  2127.763680363364
5d35165a18f8dde30a0abd8f
p:  1142.2669174796497
5d35169c18f8dde30a0abd92
p:  1877.156745319413
5d3516b018f8dde30a0abd93
p:  2396.9213085271176
5d35170618f8dde30a0abd97
p:  1387.0204392195647
5d35173818f8dde30a0abd99
p:  2554.7186409135284
5d35178c18f8dde30a0abd9b
p:  1362.1783207149526
5d35179e18f8dde30a0abd9c
p:  2675.1614739565366
5d35185818f8dde30a0abda5
p:  1668.8938342095803
5d35187d18f8dde30a0abda7
p:  1557.5249649237933
5d3518ab18f8dde30a0abda9
p:  2539.820022430113
5d3518c318f8dde30a0abdaa
p:  1435.5780422727355
5d3518f618f8dde30a0abdac
p:  2095.3138285649147
5d35193918f8dde30a0abdaf
p:  1772.0061682642108
5d35194c18f8dde30a0abdb0
p:  1767.9589564082755
5d35198618f8dde30a0abdb2
p:  1998.211011667988
5d351a2918f8dde30a0abdba
p:  1585.0056349065685
5d351a5318f8dde30a0abdbc
p:  1362.81425801256
5d351aba18f8dde30a0abdc0
p:  1298.834734831595
5d351acc18f8dde30a0abdc1
p:  1762.1887840404383
5d351b4018f8dde30a0abdc6
p:  2127.763680363364
5d351b5818f8dde30a0abdc7
p:  1564.0308685416853
5d351b6f18f8dde30a0abdc8
p:  2896.4715410704384
5d351b9a18f8dde30a0abdca
p:  1632.199613526891
5d351baf18f8dde30a0abdcb
p:  1692.684518770961
5d351be018f8dde30a0abdcd
p:  1863.4618327002318
5d351c3d18f8dde30a0abdd1
p:  2021.6580456271595
5d351c5a18f8dde30a0abdd2
p:  1270.02133065009
5d351cbe18f8dde30a0abdd5
p:  2556.4302749070853
5d35225418f8dde30a0abdd8
p:  1292.9310018025126
5d3525dd18f8dde30a0abddc
p:  1884.9259319745015
5d352aac18f8dde30a0abddd
p:  1652.0546719848642
5d352b1d18f8dde30a0abddf
p:  1238.7318822197226
5d352bd618f8dde30a0abde1
p:  2180.691041850957
5d352d0118f8dde30a0abde3
p:  2554.7186409135284
5d352f2f18f8dde30a0abde5
p:  1194.712844584467
5d352f8218f8dde30a0abde6
p:  1689.0589171084002
5d35302c18f8dde30a0abde7
p:  1823.8228421850336
5d35335c18f8dde30a0abde9
p:  1654.673030791554
5d3533d918f8dde30a0abdea
p:  1857.980589526956
5d35340518f8dde30a0abdeb
p:  1195.4147976404226
5d353bdf18f8dde30a0abdf7
p:  1824.2574588192028
5d387ed402947826d9b03b5f
p:  2019.534908099939
5d389c407110e453a0b03a9f
p:  1946.0626519563582
5d38a73102947826d9b03bc8
p:  1218.2212010673788
5d38c51402947826d9b03c26
p:  1599.2737572675815
5d38c52302947826d9b03c27
p:  1732.3024694111277
5d38c78d02947826d9b03c32
p:  1173.6665799360294
5d38cf9202947826d9b03c54
p:  1966.3808364471631
5d38d0e57110e453a0b03b34
p:  1173.6665799360294
5d38ef7c02947826d9b03cce
p:  1897.8780976679484
5d38efa102947826d9b03ccf
p:  1079.3032134286732
5d38efc602947826d9b03cd0
p:  1915.2326753665238
5d38efeb02947826d9b03cd1
p:  2235.153039609143
5d38f03802947826d9b03cd3
p:  1728.649089621538
5d38f05b02947826d9b03cd4
p:  1006.1968096029084
5d38f08102947826d9b03cd5
p:  1745.2130297100941
5d38f0a602947826d9b03cd6
p:  1421.3689337117416
5d38fdf07110e453a0b03bae
p:  2446.367775370254
5d3d69d7045b23e40558f1ce
p:  1079.3032134286732
5d3e804b2c3a06b7a107b607
p:  1891.7949835451882
5d3e93172c3a06b7a107b62d
p:  2235.153039609143
5d3e93f82c3a06b7a107b62e
p:  2593.090234146274
5d3e94412c3a06b7a107b62f
p:  1281.8249657447684
5d3e9991bd7b3d656007b663
p:  1874.674782953957
5d3e99cabd7b3d656007b664
p:  1838.2851277833502
5d3e99ebbd7b3d656007b665
p:  2549.9946063093494
5d3ea1ea2c3a06b7a107b652
p:  2652.931130473484
5d3ea25abd7b3d656007b678
p:  2652.931130473484
5d3ea285bd7b3d656007b679
p:  1676.652459012514
5d3ea2cabd7b3d656007b67b
p:  1386.6992415212117
5d3ea2debd7b3d656007b67c
p:  1421.3689337117416
5d3ea350bd7b3d656007b67d
p:  2477.09645705567
5d3ea37bbd7b3d656007b67e
p:  2346.570615516982
5d3ea4252c3a06b7a107b65f
p:  1572.1978869125096
5d3ec27f2c3a06b7a107b6b0
p:  1941.4377535723688
5d3ec2aa2c3a06b7a107b6b1
p:  2729.321700367811
5d3ec2db2c3a06b7a107b6b2
p:  1862.7806298225132
5d42ecb95059a34d102fa1ce
p:  1894.5794621140096
5d4324025059a34d102fa239
p:  1624.921307718782
5d4325f85059a34d102fa23b
p:  1368.5705941781061
5d43261a5059a34d102fa23d
p:  1082.3441732938843
5d4327125059a34d102fa23e
p:  1678.6943336799648
5d43272f5059a34d102fa23f
p:  1789.7294168599838
5d43e9cf0c2b93cba458acfb
p:  1884.9355879373347
5d4431230c2b93cba458ae3c
p:  2634.587575751907
5d44ee0ff6b4c2439b8b1fe8
p:  1392.4231322000524
5d44f167f6b4c2439b8b2000
p:  1576.4860765272006
5d44f188f6b4c2439b8b2001
p:  2604.859228417694
5d44f1a7f6b4c2439b8b2002
p:  2475.6247964660197
5d44f1cdf6b4c2439b8b2003
p:  1717.9303650791726
5d45bb5cf6b4c2439b8b2118
p:  2622.698731176086
5d45bdd5f6b4c2439b8b2130
p:  1709.7061011537537
5d477e54d57846aad03cb457
p:  1338.9276946403963
5d4780f2acae7a72623cb517
p:  1375.8477548226374
5d4791f6d57846aad03cb4ca
p:  2228.916475188743
5d4c1bfac9cdd3b19d2c970d
p:  1079.3032134286732
Current date and time: 2020-04-18 04:00:18
Successfully connect to DB.
For ['Aitkin', 'Anoka', 'Becker', 'Beltrami', 'Benton', 'Big Stone', 'Blue Earth', 'Brown', 'Carlton', 'Carver', 'Cass', 'Chippewa', 'Chisago', 'Clay', 'Clearwater', 'Cook', 'Cottonwood', 'Crow Wing', 'Dakota', 'Dodge', 'Douglas', 'Faribault', 'Fillmore', 'Freeborn', 'Goodhue', 'Grant', 'Hennepin', 'Houston', 'Hubbard', 'Isanti', 'Itasca', 'Jackson', 'Kanabec', 'Kandiyohi', 'Kittson', 'Koochiching', 'Lac qui Parle', 'Lake', 'Lake of the Woods', 'Le Sueur', 'Lincoln', 'Lyon', 'Mahnomen', 'Marshall', 'Martin', 'McLeod', 'Meeker', 'Mille Lacs', 'Morrison', 'Mower', 'Murray', 'Nicollet', 'Nobles', 'Norman', 'Olmsted', 'Otter Tail', 'Pennington', 'Pine', 'Pipestone', 'Polk', 'Pope', 'Ramsey', 'Red Lake', 'Redwood', 'Renville', 'Rice', 'Rock', 'Roseau', 'Scott', 'Sherburne', 'Sibley', 'St. Louis', 'Stearns', 'Steele', 'Stevens', 'Swift', 'Todd', 'Traverse', 'Wabasha', 'Wadena', 'Walsh', 'Waseca', 'Washington', 'Watonwan', 'Wilkin', 'Winona', 'Wright', 'Yellow Medicine']#################################################################
train score for random_forest: 0.9237754061235518
test score for random_forest: 0.28584547797864335
The mean absolute error is:$ 339.2359971565152
r_Score: 0.30994735127378226
Voting Regressor (in): 0.9986735963531221
Voting Regressor: 0.30994735127378226
5cf8aa110627bf22fecf2fb1
p:  2456.2646721337446
5cf8ac460627bf22fecf2fba
p:  2540.091578280784
5cf8aa530627bf22fecf2fb2
p:  2761.851248464296
5cf8ac650627bf22fecf2fbc
p:  1792.4146741099262
5cf8abce0627bf22fecf2fb6
p:  2116.049305091241
5cf8a9080627bf22fecf2fad
p:  2595.9669729019442
5cf8a9cf0627bf22fecf2fb0
p:  2559.198261682254
5cf8abdc0627bf22fecf2fb8
p:  1768.6403303488898
5cf8abd70627bf22fecf2fb7
p:  1713.4056902261598
5cf8a98d0627bf22fecf2faf
p:  2374.340524826618
5cf8c1840627bf22fecf302b
p:  2264.545133134193
5d007c1170941a08216bfc2b
p:  1223.9383284736755
5cf8c1070627bf22fecf302a
p:  1770.8086832436022
5cf8c0c00627bf22fecf3026
p:  1699.6444665546937
5cf8bef00627bf22fecf301e
p:  2665.497454013256
5cf8a8c70627bf22fecf2fac
p:  1723.233628074362
5cf8bd410627bf22fecf3014
p:  1649.2535491160743
5d081a347c1d83daee248b90
p:  1902.6368899986005
5d0810107c1d83daee248b54
p:  1864.2582493902305
5cf8bd8f0627bf22fecf3018
p:  1455.129363797059
5cf8ab1e0627bf22fecf2fb5
p:  1953.062690054231
5d08105c7c1d83daee248b55
p:  1721.5634980823897
5cf8aa950627bf22fecf2fb3
p:  1878.8780123207662
5d0801f17c1d83daee248b25
p:  1251.5414144320234
5d00839370941a08216bfc5b
p:  1353.5792514327004
5cf8c0d60627bf22fecf3027
p:  2661.263601073539
5cf8ac5e0627bf22fecf2fbb
p:  2470.763182662976
5cf8abe40627bf22fecf2fb9
p:  1936.176697062877
5cf8aad70627bf22fecf2fb4
p:  1916.583441193056
5d007c3270941a08216bfc2f
p:  1200.5312396543816
5cf8c1010627bf22fecf3029
p:  1571.2355903458315
5cf8a94b0627bf22fecf2fae
p:  1760.3388808921743
5cf8c0f60627bf22fecf3028
p:  2159.63592310414
5d007c1b70941a08216bfc2c
p:  1229.7230365540638
5d0810b07c1d83daee248b56
p:  1068.3900919366624
5d0d2328ae78f7f2d314ad97
p:  1532.1571978402894
5d0d233bae78f7f2d314ad98
p:  2403.7348004065925
5d0d249fae78f7f2d314ad9a
p:  1996.7929373751697
5d0d24b2ae78f7f2d314ad9b
p:  2202.4677606450464
5d0d24bbae78f7f2d314ad9c
p:  1805.2643357643783
5d0d24c4ae78f7f2d314ad9d
p:  1828.5281674092103
5d0d24caae78f7f2d314ad9e
p:  1021.0036105225994
5d0d24d2ae78f7f2d314ad9f
p:  1573.524583591528
5d0d24d8ae78f7f2d314ada0
p:  2540.2932396123088
5d0d24e1ae78f7f2d314ada1
p:  2631.875404378491
5d0d24eaae78f7f2d314ada2
p:  1194.3223170663073
5d0d24f6ae78f7f2d314ada3
p:  2628.297982782253
5d0d250fae78f7f2d314ada4
p:  1803.389196871405
5d0d251cae78f7f2d314ada5
p:  1336.3645155340996
5d0d2524ae78f7f2d314ada6
p:  1048.8891844540249
5d0d252bae78f7f2d314ada7
p:  1721.6697285034943
5d0d255aae78f7f2d314ada8
p:  1043.3978895969294
5d0d256bae78f7f2d314ada9
p:  1580.9420091340553
5d0d25acae78f7f2d314adaa
p:  2244.760155019406
5d0d289dae78f7f2d314adb4
p:  1934.8076405581844
5d0d28b8ae78f7f2d314adb5
p:  1655.8755220918933
5d0d28c5ae78f7f2d314adb6
p:  2207.532473444244
5d0d28d5ae78f7f2d314adb7
p:  1809.3601263039063
5d0d28dcae78f7f2d314adb8
p:  1679.1738257632123
5d0d28e8ae78f7f2d314adb9
p:  2628.29898737451
5d0d28f0ae78f7f2d314adba
p:  1349.7882504364256
5d0d2f78e2ea012a7414ae0e
p:  2589.5694808849357
5d0d2f8ce2ea012a7414ae0f
p:  1640.1162826321115
5d0d2f9ce2ea012a7414ae10
p:  1846.388947075162
5d0d2fb6e2ea012a7414ae11
p:  2185.7709129966133
5d0d2fe8e2ea012a7414ae14
p:  2635.1226732991868
5d0d312ee2ea012a7414ae25
p:  882.7472165840395
5d0d314ae2ea012a7414ae26
p:  2386.3974142635025
5d0d3162e2ea012a7414ae27
p:  1898.042557306129
5d0d3183e2ea012a7414ae28
p:  1518.51441520909
5d0d31bbe2ea012a7414ae29
p:  2672.02867461025
5d0d31d3e2ea012a7414ae2a
p:  1563.0334334452823
5d0d31ede2ea012a7414ae2b
p:  1956.1842971508904
5d0d3202e2ea012a7414ae2c
p:  1955.2710619190061
5d0d3218e2ea012a7414ae2d
p:  1764.4031806625344
5d0d323be2ea012a7414ae2e
p:  1913.0589011624306
5d0d324ee2ea012a7414ae2f
p:  868.9584353049121
5d0d328de2ea012a7414ae30
p:  1015.7292726075451
5d0d3298e2ea012a7414ae31
p:  2540.9180319315783
5d0d32a6e2ea012a7414ae32
p:  2414.915363623967
5d0d32b2e2ea012a7414ae33
p:  1773.2162744992197
5d0d32bfe2ea012a7414ae34
p:  1545.7899969934238
5d0d32d1e2ea012a7414ae35
p:  2710.8425718062404
5d0d32e2e2ea012a7414ae36
p:  2634.584115594753
5d0d32ede2ea012a7414ae37
p:  1779.915958098759
5d0d32fae2ea012a7414ae38
p:  1351.7273042044044
5d0d370043207cb60914ae43
p:  1911.6037583177267
5d0d370743207cb60914ae44
p:  1501.678675951479
5d0d37d6e2ea012a7414ae54
p:  1655.8755220918933
5d0d37dce2ea012a7414ae55
p:  2540.091578280784
5d0d4b95ae78f7f2d314ae8c
p:  1827.1099436471472
5d0d4d4243207cb60914aea7
p:  2037.6100969048452
5d0d4e2243207cb60914aea8
p:  1021.0036105225994
5d0d4e5643207cb60914aea9
p:  1725.5226188583201
5d0d4e7d43207cb60914aead
p:  1422.8647466214948
5d0d4ed743207cb60914aeae
p:  1861.3607237288575
5d0d4eed43207cb60914aeaf
p:  1647.5045595726926
5d0d4f3943207cb60914aeb0
p:  1788.821802304998
5d0e5c2745ebd0b4c32fce27
p:  1113.9553728934688
5d0e69c719f56a0d5b8f8ca9
p:  1906.661822322652
5d0e77ed19f56a0d5b8f8cf9
p:  1966.5244571537041
5d0e784d45ebd0b4c32fcef3
p:  2071.212046515042
5d0e7fd345ebd0b4c32fcf25
p:  880.2401124645012
5d0e864445ebd0b4c32fcf4e
p:  1429.3125803282437
5d0e87e12b8f60b82b8f8d2a
p:  1936.176697062877
5d0e8e2445ebd0b4c32fcf6a
p:  1185.2635748748785
5d0e8e4919f56a0d5b8f8d8d
p:  2628.29898737451
5d0e8ffe2b8f60b82b8f8d4c
p:  2634.584115594753
5d0e90452b8f60b82b8f8d4d
p:  1086.539534587086
5d0e92962b8f60b82b8f8d5e
p:  2272.3145630054614
5d0e979219f56a0d5b8f8dc0
p:  1345.3270854280918
5d12c51fb7ae3de20d8d6f73
p:  1571.1137524854428
5d185261253e7cfd9b98bcf8
p:  2443.4396276781094
5d185287253e7cfd9b98bcf9
p:  1846.8685424516807
5d1852a4253e7cfd9b98bcfa
p:  1615.5372208711924
5d19c3a4a22b896835d02f40
p:  1359.1985643199573
5d1bbbf903ecbb08e0bf61a4
p:  1821.0836055501986
5d1bbc0303ecbb08e0bf61a5
p:  1017.3899117278654
5d1bd94e7e6c493d59458843
p:  1935.5612834335152
5d1c231d0a1cbc8e6fefbc58
p:  1951.7711288923497
5d1c3d95dbebfd779eefbd21
p:  1936.176697062877
5d1c79d2dbebfd779eefbd86
p:  2665.497454013256
5d2647c3107c1d579eeb6903
p:  1125.7926768760162
5d266e72107c1d579eeb6936
p:  1482.8941338631623
5d2685eaddcb4129edeb696b
p:  1701.6617943794918
5d268abf107c1d579eeb6969
p:  1343.5768477192412
5d268b01107c1d579eeb696a
p:  1995.8436520968921
5d268b57107c1d579eeb696b
p:  1909.9819495627912
5d26bb3bddcb4129edeb69cc
p:  1843.0975461872226
5d29def4199bf96b6045adf5
p:  1679.822671617771
5d29df2b199bf96b6045adf6
p:  1421.1095741782228
5d29df59199bf96b6045adf7
p:  1753.9205719854358
5d2add4147cfe46363877acf
p:  1942.983868845339
5d2b462e47cfe46363877b89
p:  1304.882453366708
5d2b5ef747cfe46363877bac
p:  1568.9245794109613
5d2cd5aeaa1ce31ade80b096
p:  2037.86945989359
5d2e208fb39b58f1d2167cea
p:  2008.9266498642496
5d2e20aab39b58f1d2167ceb
p:  1531.2678450308067
5d2e2107b39b58f1d2167cec
p:  2664.569379356801
5d2e2139b39b58f1d2167ced
p:  2753.404742082462
5d2e21d4b39b58f1d2167cee
p:  1774.343214219158
5d2e2352b39b58f1d2167cef
p:  1125.3309099020535
5d2e248eb39b58f1d2167cf0
p:  2118.7034444427863
5d2e24c7b39b58f1d2167cf1/home/testapiuser/HouseApp_2/RentPrediction/MNRent.py:354: SettingWithCopyWarning: 
A value is trying to be set on a copy of a slice from a DataFrame.
Try using .loc[row_indexer,col_indexer] = value instead

See the caveats in the documentation: http://pandas.pydata.org/pandas-docs/stable/user_guide/indexing.html#returning-a-view-versus-a-copy
  df2['AreaSpace_SQFT'] = df2['AreaSpace_SQFT'].astype(int)
/home/testapiuser/HouseApp_2/RentPrediction/MNRent.py:366: SettingWithCopyWarning: 
A value is trying to be set on a copy of a slice from a DataFrame.
Try using .loc[row_indexer,col_indexer] = value instead

See the caveats in the documentation: http://pandas.pydata.org/pandas-docs/stable/user_guide/indexing.html#returning-a-view-versus-a-copy
  df2['Rent'] = z1
/home/testapiuser/HouseApp_2/RentPrediction/MNRent.py:373: SettingWithCopyWarning: 
A value is trying to be set on a copy of a slice from a DataFrame.
Try using .loc[row_indexer,col_indexer] = value instead

See the caveats in the documentation: http://pandas.pydata.org/pandas-docs/stable/user_guide/indexing.html#returning-a-view-versus-a-copy
  df2['AreaSpace_SQFT'] = z2

p:  973.1594785098044
5d2e24f4b39b58f1d2167cf2
p:  2506.9137321702474
5d2e33cab39b58f1d2167d0f
p:  1229.5522589514467
5d2e6000b39b58f1d2167d6f
p:  1497.6966150446738
5d2e6090b39b58f1d2167d71
p:  1570.8358018532467
5d2e610db39b58f1d2167d72
p:  997.342851796341
5d2f661f8b6c8df1a080b68e
p:  2213.8176016644866
5d350f5118f8dde30a0abd3e
p:  1474.9837660251756
5d350ffe18f8dde30a0abd45
p:  1558.1490618710905
5d35101218f8dde30a0abd46
p:  1473.3898425528646
5d35102618f8dde30a0abd47
p:  2749.720753603995
5d35103a18f8dde30a0abd48
p:  2268.0818139663465
5d35106318f8dde30a0abd4a
p:  1290.7884619786564
5d3510a618f8dde30a0abd4d
p:  2458.0291984035525
5d3510bd18f8dde30a0abd4e
p:  2415.213598222308
5d35111218f8dde30a0abd52
p:  2665.497454013256
5d35113018f8dde30a0abd53
p:  1669.9138881719564
5d35115018f8dde30a0abd54
p:  2635.1226732991868
5d3511cc18f8dde30a0abd5a
p:  1767.2761494414594
5d35121618f8dde30a0abd5d
p:  1354.1873280677596
5d35126f18f8dde30a0abd61
p:  2635.2904644690925
5d35129c18f8dde30a0abd63
p:  2386.487762133027
5d3512bb18f8dde30a0abd64
p:  1984.9018100941616
5d3512ce18f8dde30a0abd65
p:  1498.4321048240727
5d35131318f8dde30a0abd68
p:  2131.6503100476775
5d35135018f8dde30a0abd6a
p:  2109.340088391936
5d35137a18f8dde30a0abd6c
p:  1485.7127096112558
5d35138d18f8dde30a0abd6d
p:  2635.1226732991868
5d3513be18f8dde30a0abd6f
p:  1300.8055263105898
5d3513d218f8dde30a0abd70
p:  2045.6321019075624
5d3513fa18f8dde30a0abd72
p:  2273.247302447403
5d35140b18f8dde30a0abd73
p:  1866.2638756977594
5d35145a18f8dde30a0abd77
p:  1877.0725362384646
5d35146d18f8dde30a0abd78
p:  1535.5999772867399
5d3514a818f8dde30a0abd7b
p:  1328.9808956240804
5d35153918f8dde30a0abd83
p:  2530.5787657039914
5d35157918f8dde30a0abd84
p:  1759.6666542560179
5d35158f18f8dde30a0abd85
p:  2720.1022553708626
5d3515aa18f8dde30a0abd86
p:  1879.8630025470584
5d3515bd18f8dde30a0abd87
p:  1753.4666682387287
5d3515d018f8dde30a0abd88
p:  2071.212046515042
5d35165a18f8dde30a0abd8f
p:  1205.5644137816525
5d35169c18f8dde30a0abd92
p:  1870.4995590594435
5d3516b018f8dde30a0abd93
p:  2407.47297929822
5d35170618f8dde30a0abd97
p:  1483.235006849643
5d35173818f8dde30a0abd99
p:  2532.943861455111
5d35178c18f8dde30a0abd9b
p:  1355.177321599088
5d35179e18f8dde30a0abd9c
p:  2670.990682857544
5d35185818f8dde30a0abda5
p:  1620.220669018073
5d35187d18f8dde30a0abda7
p:  1533.3034991098207
5d3518ab18f8dde30a0abda9
p:  2547.9883337661354
5d3518c318f8dde30a0abdaa
p:  1439.2367078919615
5d3518f618f8dde30a0abdac
p:  2068.7835196847445
5d35193918f8dde30a0abdaf
p:  1804.3842467324848
5d35194c18f8dde30a0abdb0
p:  1754.4197375436152
5d35198618f8dde30a0abdb2
p:  1925.5093020672905
5d351a2918f8dde30a0abdba
p:  1568.9245794109613
5d351a5318f8dde30a0abdbc
p:  1314.3370938659525
5d351aba18f8dde30a0abdc0
p:  1273.050744071978
5d351acc18f8dde30a0abdc1
p:  1767.2761494414594
5d351b4018f8dde30a0abdc6
p:  2071.212046515042
5d351b5818f8dde30a0abdc7
p:  1455.129363797059
5d351b6f18f8dde30a0abdc8
p:  2946.812549669249
5d351b9a18f8dde30a0abdca
p:  1621.438245556817
5d351baf18f8dde30a0abdcb
p:  1830.5523187072897
5d351be018f8dde30a0abdcd
p:  1901.508485544093
5d351c3d18f8dde30a0abdd1
p:  2040.3474119271211
5d351c5a18f8dde30a0abdd2
p:  1328.9808956240804
5d351cbe18f8dde30a0abdd5
p:  2533.8719361115664
5d35225418f8dde30a0abdd8
p:  1286.6417182798943
5d3525dd18f8dde30a0abddc
p:  1823.305321450229
5d352aac18f8dde30a0abddd
p:  1691.5663963737575
5d352b1d18f8dde30a0abddf
p:  1242.162966567614
5d352bd618f8dde30a0abde1
p:  2204.3406158585617
5d352d0118f8dde30a0abde3
p:  2532.943861455111
5d352f2f18f8dde30a0abde5
p:  1206.0326588702906
5d352f8218f8dde30a0abde6
p:  1680.2484884051282
5d35302c18f8dde30a0abde7
p:  2006.1611830769148
5d35335c18f8dde30a0abde9
p:  1604.6328402475106
5d3533d918f8dde30a0abdea
p:  1921.3694695684217
5d35340518f8dde30a0abdeb
p:  1203.4910410303778
5d353bdf18f8dde30a0abdf7
p:  1808.865681724275
5d387ed402947826d9b03b5f
p:  1971.2723875318839
5d389c407110e453a0b03a9f
p:  1946.4041661281735
5d38a73102947826d9b03bc8
p:  1218.9138790369343
5d38c51402947826d9b03c26
p:  1496.500962906234
5d38c52302947826d9b03c27
p:  1853.5205690206624
5d38c78d02947826d9b03c32
p:  1182.2496588592535
5d38cf9202947826d9b03c54
p:  1989.5064032665675
5d38d0e57110e453a0b03b34
p:  1182.2496588592535
5d38ef7c02947826d9b03cce
p:  1882.676509910653
5d38efa102947826d9b03ccf
p:  1086.539534587086
5d38efc602947826d9b03cd0
p:  1895.5417541813372
5d38efeb02947826d9b03cd1
p:  2213.808627157489
5d38f03802947826d9b03cd3
p:  1729.68864422985
5d38f05b02947826d9b03cd4
p:  1000.8354092322487
5d38f08102947826d9b03cd5
p:  1776.9645044796885
5d38f0a602947826d9b03cd6
p:  1443.9075806097055
5d38fdf07110e453a0b03bae
p:  2503.027714573133
5d3d69d7045b23e40558f1ce
p:  1086.539534587086
5d3e804b2c3a06b7a107b607
p:  1826.8418598810063
5d3e93172c3a06b7a107b62d
p:  2213.9754539690975
5d3e93f82c3a06b7a107b62e
p:  2565.170077996872
5d3e94412c3a06b7a107b62f
p:  1293.9695282853213
5d3e9991bd7b3d656007b663
p:  1899.4080307551571
5d3e99cabd7b3d656007b664
p:  1821.3198376606174
5d3e99ebbd7b3d656007b665
p:  2616.9621465697137
5d3ea1ea2c3a06b7a107b652
p:  2631.875404378491
5d3ea25abd7b3d656007b678
p:  2631.875404378491
5d3ea285bd7b3d656007b679
p:  1662.5756392411504
5d3ea2cabd7b3d656007b67b
p:  1379.0205305741915
5d3ea2debd7b3d656007b67c
p:  1443.9075806097055
5d3ea350bd7b3d656007b67d
p:  2477.049315475476
5d3ea37bbd7b3d656007b67e
p:  2404.6463124929105
5d3ea4252c3a06b7a107b65f
p:  1571.2355903458315
5d3ec27f2c3a06b7a107b6b0
p:  1943.2661992717472
5d3ec2aa2c3a06b7a107b6b1
p:  2720.1022553708626
5d3ec2db2c3a06b7a107b6b2
p:  1843.0975461872226
5d42ecb95059a34d102fa1ce
p:  1883.6891098802212
5d4324025059a34d102fa239
p:  1503.092469083875
5d4325f85059a34d102fa23b
p:  1344.180011303792
5d43261a5059a34d102fa23d
p:  1112.27666382217
5d4327125059a34d102fa23e
p:  1650.022162041315
5d43272f5059a34d102fa23f
p:  1935.2091672209112
5d43e9cf0c2b93cba458acfb
p:  1911.6037583177267
5d4431230c2b93cba458ae3c
p:  2635.1226732991868
5d44ee0ff6b4c2439b8b1fe8
p:  1391.374664445355
5d44f167f6b4c2439b8b2000
p:  1462.3118090915318
5d44f188f6b4c2439b8b2001
p:  2628.5243062909876
5d44f1a7f6b4c2439b8b2002
p:  2470.764187255233
5d44f1cdf6b4c2439b8b2003
p:  1683.242890218257
5d45bb5cf6b4c2439b8b2118
p:  2628.297982782253
5d45bdd5f6b4c2439b8b2130
p:  1701.6617943794918
5d477e54d57846aad03cb457
p:  1325.7193009555704
5d4780f2acae7a72623cb517
p:  1352.9624209717608
5d4791f6d57846aad03cb4ca
p:  2291.1434689394528
5d4c1bfac9cdd3b19d2c970d
p:  1086.539534587086
