Current date and time: 2020-04-18 02:00:09
Successfully connect to DB.
For ['Adair', 'Andrew', 'Atchison', 'Audrain', 'Barry', 'Barton', 'Bates', 'Benton', 'Bollinger', 'Boone', 'Buchanan', 'Butler', 'Caldwell', 'Callaway', 'Camden', 'Cape Girardeau', 'Carroll', 'Carter', 'Cass', 'Cedar', 'Chariton', 'Christian', 'Clark', 'Clay', 'Clinton', 'Cole', 'Cooper', 'Crawford', 'Dade', 'Dallas', 'Daviess', 'DeKalb', 'Dent', 'Douglas', 'Dunklin', 'Franklin', 'Gasconade', 'Gentry', 'Greene', 'Grundy', 'Harrison', 'Henry', 'Hickory', 'Holt', 'Howard', 'Howell', 'Iron', 'Jackson', 'Jasper', 'Jefferson', 'Johnson', 'Knox', 'Laclede', 'Lafayette', 'Lawrence', 'Lewis', 'Lincoln', 'Linn', 'Livingston', 'Macon', 'Madison', 'Maries', 'Marion', 'McDonald', 'Mercer', 'Miller', 'Mississippi', 'Moniteau', 'Monroe', 'Montgomery', 'Morgan', 'New Madrid', 'Newton', 'Nodaway', 'Oregon', 'Osage', 'Ozark', 'Pemiscot', 'Perry', 'Pettis', 'Phelps', 'Pike', 'Platte', 'Polk', 'Pulaski', 'Putnam', 'Ralls', 'Randolph', 'Ray', 'Reynolds', 'Ripley', 'Saline', 'Schuyler', 'Scotland', 'Scott', 'Shannon', 'Shelby', 'St. Charles', 'St. Clair', 'St. Francois', 'St. Louis', 'Ste. Genevieve', 'Stoddard', 'Stone', 'Sullivan', 'Taney', 'Texas', 'Vernon', 'Warren', 'Washington', 'Wayne', 'Webster', 'Worth', 'Wright']#################################################################
train score for random_forest: 0.9368638975142504
test score for random_forest: -0.15824547135548572
The mean absolute error is:$ 241.9713776330757
r_Score: -0.04563930680159123
Voting Regressor (in): 0.9969864196706546
Voting Regressor: -0.04563930680159123
5d07f6e57c1d83daee248ae7
p:  1048.5508715140897
5d09ce55f184f611416d98f2
p:  801.0359757997155
5d09d075f184f611416d9913
p:  1794.1458373619437
5d09ce67f184f611416d98f3
p:  1488.0172154818902
5d0811f57c1d83daee248b5a
p:  1826.7228083836844
5cf8b26d0627bf22fecf2fd4
p:  1553.01494562277
5d0b4a21f12fac82e26efb1f
p:  1909.6378448499174
5d0b4b28f12fac82e26efb20
p:  897.9680620346192
5d0b4dbbf12fac82e26efb26
p:  1846.2696146882563
5d0b4dc821171180ce6efb64
p:  1573.347724930194
5d0b4f00f12fac82e26efb2b
p:  1088.9939920263632
5d0b4f1af12fac82e26efb2c
p:  1287.603091001508
5d0b52e921171180ce6efb81
p:  1665.3655856935989
5d0c975e3786587b8217ea31
p:  870.6550636842303
5d0c99673786587b8217ea38
p:  1809.7498960633282
5d0c99c43786587b8217ea3a
p:  1857.698735439576
5d0c99cf3786587b8217ea3c
p:  1447.5558101956917
5d0c99d63786587b8217ea3d
p:  1500.2610937073532
5d0c99e73786587b8217ea3f
p:  1793.383636046231
5d0c9a883786587b8217ea41
p:  1800.7073388557465
5d0c9b003786587b8217ea43
p:  1793.394960926059
5d0c9b0c3786587b8217ea44
p:  1793.383636046231
5d0d1308ae78f7f2d314ad41
p:  1568.801758904108
5d0d15fcae78f7f2d314ad4e
p:  1038.6417994241046
5d0d209be2ea012a7414adb3
p:  1457.7474437931141
5d0d20a8e2ea012a7414adb4
p:  1339.6051637113947
5d0d28b343207cb60914adda
p:  991.8151141045522
5d0d28f043207cb60914adde
p:  1603.323460174222
5d0d290e43207cb60914ade2
p:  826.7876924230308
5d0d291a43207cb60914ade4
p:  1794.1458373619437
5d0d292143207cb60914ade5
p:  1854.1837490448074
5d0d292843207cb60914ade6
p:  1151.7262388239237
5d0d3de3ae78f7f2d314ae40
p:  1504.7512810687554
5d0d3f8043207cb60914ae79
p:  1165.0942804122333
5d0d3fec43207cb60914ae7c
p:  604.424188387675
5d0d4665ae78f7f2d314ae74
p:  1794.1458373619437
5d0d46daae78f7f2d314ae75
p:  1141.3465143756362
5d0d46f643207cb60914ae92
p:  845.1079859893251
5d0d47a5ae78f7f2d314ae76
p:  1794.1458373619437
5d0d481eae78f7f2d314ae78
p:  815.5569082078259
5d0e67e745ebd0b4c32fce84
p:  1430.0628953805221
5d0e6d7819f56a0d5b8f8cc6
p:  1261.6868343332692
5d0e709c2b8f60b82b8f8cc2
p:  1115.1770325409384
5d0e7afc19f56a0d5b8f8d08
p:  815.569668028038
5d0e7e0f2b8f60b82b8f8cff
p:  1203.8035863112386
5d0e8c8b2b8f60b82b8f8d39
p:  1799.5272132943549
5d0e8ce645ebd0b4c32fcf62
p:  1736.611858008357
5d0e8cef45ebd0b4c32fcf63
p:  1628.170674187801
5d0e97eb2b8f60b82b8f8d6e
p:  1412.4539218059103
5d0e9b632b8f60b82b8f8d75
p:  1857.698735439576
5d0e9d8119f56a0d5b8f8de5
p:  781.9860513185404
5d0ea7462b8f60b82b8f8dbe
p:  1460.4146602378312
5d0ea9042b8f60b82b8f8dd5
p:  1620.7665290797506
5d1298d6b7ae3de20d8d6e4c
p:  1794.368508567185
5d12bf16b7ae3de20d8d6f14
p:  1019.3525556826006
5d1786dafb6bf97d8975b5a6
p:  1603.323460174222
5d185e12253e7cfd9b98bd40
p:  1202.5414917185403
5d185ecf253e7cfd9b98bd45
p:  1437.3778113978503
5d19b340a22b896835d02ea2
p:  1264.2867217767068
5d19b34ba22b896835d02ea3
p:  1122.6215592266922
5d19b544a22b896835d02eb7
p:  1231.8600118142801
5d19b54ea22b896835d02eb8
p:  1800.7073388557465
5d19b558a22b896835d02eb9
p:  1801.2266692929375
5d19b562a22b896835d02eba
p:  1140.7159023040401
5d19b56fa22b896835d02ebb
p:  1950.1580469053536
5d19b57ea22b896835d02ebc
p:  1853.5093243776203
5d19b588a22b896835d02ebd
p:  1233.0450810607156
5d19b59ea22b896835d02ebf
p:  658.901948481556
5d19b5aaa22b896835d02ec0
p:  1276.758587623609
5d19c391a22b896835d02f3e
p:  1293.1891401097841
5d1b868e03ecbb08e0bf60e8
p:  1809.7498960633282
5d1bb54a03ecbb08e0bf617f
p:  1203.6877526917442
5d1bb96e03ecbb08e0bf618c
p:  1809.7498960633282
5d1bb99303ecbb08e0bf618d
p:  874.8857063703094
5d1bb99a03ecbb08e0bf618e
p:  1423.6500024627796
5d1bcbfb03ecbb08e0bf61e8
p:  1669.861891856327
5d1bd0247e6c493d5945881d
p:  1854.1837490448074
5d1be0177e6c493d59458864
p:  763.8415725910005
5d1be5c87e6c493d59458873
p:  971.3731909182068
5d1be5de7e6c493d59458874
p:  1179.2417874485525
5d1c0942dbebfd779eefbc7a
p:  863.5218183956191
5d1c446edbebfd779eefbd3b
p:  644.4907766002908
5d1c5ed8dbebfd779eefbd4c
p:  1007.2466295424152
5d1c602edbebfd779eefbd4d
p:  1853.5093243776203
5d1c68000a1cbc8e6fefbd27
p:  1712.6116696422032
5d1c681d0a1cbc8e6fefbd28
p:  815.3262695234215
5d1c683e0a1cbc8e6fefbd29
p:  1857.698735439576
5d1c68550a1cbc8e6fefbd2a
p:  1334.6702767679562
5d1c6b460a1cbc8e6fefbd3f
p:  1265.7300744708832
5d1c6ed5dbebfd779eefbd69
p:  992.9854383210724
5d264785107c1d579eeb6901
p:  1793.383636046231
5d2675cf107c1d579eeb6942
p:  1870.8097340573872
5d268527ddcb4129edeb6964
p:  1466.81166590899
5d2693edddcb4129edeb6989
p:  1603.323460174222
5d26d517107c1d579eeb6a01
p:  937.0065352676243
5d26f8bd107c1d579eeb6a2f
p:  1782.5209063681064
5d29c634199bf96b6045ad98
p:  1031.3011866978368
5d29c97f199bf96b6045ada6
p:  1317.8235711250013
5d29cab8199bf96b6045ada7
p:  1448.4583753462853
5d29caf4199bf96b6045ada8
p:  1800.7073388557465
5d29cb04199bf96b6045ada9
p:  1829.6247635308814
5d2cb06faa1ce31ade80b045
p:  954.6367554333676
5d2cf10baa1ce31ade80b0e3
p:  1790.8540998061217
5d2cf152aa1ce31ade80b0e5
p:  790.2072036211538
5d2cf7e8aa1ce31ade80b0fd
p:  914.6258015358139
5d2cf7f7aa1ce31ade80b0fe
p:  969.5384418503213
5d2cf843aa1ce31ade80b0ff
p:  1421.5894194745824
5d2cf867aa1ce31ade80b100
p:  781.9860513185404
5d2cf8e8aa1ce31ade80b102
p:  1554.1579722427382
5d2cf915aa1ce31ade80b103
p:  1428.4756135115263
5d2cfaabaa1ce31ade80b104
p:  1238.910282545237
5d2cfc86aa1ce31ade80b105
p:  1880.575036513013
5d2d2bccaa1ce31ade80b184
p:  994.9068317525586
5d2d2c2eaa1ce31ade80b187
p:  840.0889492935445
5d2e2b09b39b58f1d2167d00
p:  1301.6525661438254
5d2e2b16b39b58f1d2167d01
p:  1181.3701853613118
5d2e6ce8b39b58f1d2167d8b
p:  1822.449515158784
5d2f76c88b6c8df1a080b6ca
p:  1223.0097432826437
5d3184ffd708b0a3d0a64e4f
p:  1076.6194369869816
5d318568d708b0a3d0a64e50
p:  1295.3585236404442
5d318691d708b0a3d0a64e52
p:  1800.7073388557465
5d31869fd708b0a3d0a64e53
p:  1659.8698398955103
5d34ad4318f8dde30a0abc82
p:  1329.7402205192811
5d34b72b18f8dde30a0abc98
p:  967.6406883804087
5d34d00c18f8dde30a0abcc9
p:  1296.1713754755974
5d388191dd2d94d3c8b03b91
p:  1214.670799118185
5d388d9d7110e453a0b03a80
p:  927.5858487173639
5d388e1e02947826d9b03b86
p:  1690.4680131460877
5d388faadd2d94d3c8b03bb3
p:  1853.4619891058687
5d389096dd2d94d3c8b03bb6
p:  865.2169526170587
5d3895bc02947826d9b03b9f
p:  1689.735356261021
5d38a06e7110e453a0b03aa8
p:  1854.1837490448074
5d38a07a7110e453a0b03aa9
p:  1194.976975640821
5d38af167110e453a0b03acf
p:  1764.5985382471597
5d38bca6dd2d94d3c8b03c2a
p:  1194.776309821068
5d38bd4b7110e453a0b03b03
p:  786.830757861793
5d38bd5b7110e453a0b03b04
p:  1429.6957225885185
5d38d22b02947826d9b03c5f
p:  831.669744525154
5d38d2c002947826d9b03c61/home/testapiuser/HouseApp_2/RentPrediction/MORent.py:379: SettingWithCopyWarning: 
A value is trying to be set on a copy of a slice from a DataFrame.
Try using .loc[row_indexer,col_indexer] = value instead

See the caveats in the documentation: http://pandas.pydata.org/pandas-docs/stable/user_guide/indexing.html#returning-a-view-versus-a-copy
  df2['AreaSpace_SQFT'] = df2['AreaSpace_SQFT'].astype(int)
/home/testapiuser/HouseApp_2/RentPrediction/MORent.py:391: SettingWithCopyWarning: 
A value is trying to be set on a copy of a slice from a DataFrame.
Try using .loc[row_indexer,col_indexer] = value instead

See the caveats in the documentation: http://pandas.pydata.org/pandas-docs/stable/user_guide/indexing.html#returning-a-view-versus-a-copy
  df2['Rent'] = z1
/home/testapiuser/HouseApp_2/RentPrediction/MORent.py:398: SettingWithCopyWarning: 
A value is trying to be set on a copy of a slice from a DataFrame.
Try using .loc[row_indexer,col_indexer] = value instead

See the caveats in the documentation: http://pandas.pydata.org/pandas-docs/stable/user_guide/indexing.html#returning-a-view-versus-a-copy
  df2['AreaSpace_SQFT'] = z2

p:  876.7946382932105
5d38d7ba7110e453a0b03b41
p:  1231.3465331013267
5d38dfe7dd2d94d3c8b03c9c
p:  596.7384140539359
5d38eb287110e453a0b03b7a
p:  1821.473549684477
5d38ef2c02947826d9b03ccc
p:  1133.6760081529235
5d38ef5302947826d9b03ccd
p:  1454.2948419011973
5d38f0bc7110e453a0b03b8f
p:  1724.3113641483735
5d38f2ec02947826d9b03ce5
p:  1464.2711672338319
5d3e69bff046cd7a6407b58b
p:  1794.1458373619437
5d3e88edbd7b3d656007b63a
p:  1087.7420271440965
5d3e90a12c3a06b7a107b626
p:  1587.5848806269694
5d3e964df046cd7a6407b638
p:  1433.9379915119707
5d3ea3672c3a06b7a107b65a
p:  1659.8698398955103
5d3ea3972c3a06b7a107b65b
p:  1835.0727855668963
5d3ea5fcbd7b3d656007b684
p:  1195.9226673521193
5d3ea618bd7b3d656007b685
p:  1909.6378448499174
5d3ea64fbd7b3d656007b686
p:  1190.798571728882
5d3ea674bd7b3d656007b687
p:  1217.952229641398
5d3eb9db2c3a06b7a107b69d
p:  1793.383636046231
5d40e141e3a87001ca64b8b9
p:  808.0447969228119
5d40f6f5e3a87001ca64b8f8
p:  1420.9449383194749
5d43108b5059a34d102fa20d
p:  1307.350067025703
5d4313e05059a34d102fa217
p:  1030.9762382257654
5d43f03f0c2b93cba458ad07
p:  1117.9929790557533
5d474efeacae7a72623cb494
p:  791.181049844185
5d475918d57846aad03cb3d9
p:  1909.6378448499174
5d47592ed57846aad03cb3da
p:  1099.1887309628219
5d475a91acae7a72623cb4bb
p:  915.7108340744956
5d4771e4d57846aad03cb41a
p:  1090.478593358946
5d4781d8d57846aad03cb467
p:  1271.262486248298
5d47878cacae7a72623cb51d
p:  1822.7734770575673
Current date and time: 2020-04-18 03:00:14
Successfully connect to DB.
For ['Adair', 'Andrew', 'Atchison', 'Audrain', 'Barry', 'Barton', 'Bates', 'Benton', 'Bollinger', 'Boone', 'Buchanan', 'Butler', 'Caldwell', 'Callaway', 'Camden', 'Cape Girardeau', 'Carroll', 'Carter', 'Cass', 'Cedar', 'Chariton', 'Christian', 'Clark', 'Clay', 'Clinton', 'Cole', 'Cooper', 'Crawford', 'Dade', 'Dallas', 'Daviess', 'DeKalb', 'Dent', 'Douglas', 'Dunklin', 'Franklin', 'Gasconade', 'Gentry', 'Greene', 'Grundy', 'Harrison', 'Henry', 'Hickory', 'Holt', 'Howard', 'Howell', 'Iron', 'Jackson', 'Jasper', 'Jefferson', 'Johnson', 'Knox', 'Laclede', 'Lafayette', 'Lawrence', 'Lewis', 'Lincoln', 'Linn', 'Livingston', 'Macon', 'Madison', 'Maries', 'Marion', 'McDonald', 'Mercer', 'Miller', 'Mississippi', 'Moniteau', 'Monroe', 'Montgomery', 'Morgan', 'New Madrid', 'Newton', 'Nodaway', 'Oregon', 'Osage', 'Ozark', 'Pemiscot', 'Perry', 'Pettis', 'Phelps', 'Pike', 'Platte', 'Polk', 'Pulaski', 'Putnam', 'Ralls', 'Randolph', 'Ray', 'Reynolds', 'Ripley', 'Saline', 'Schuyler', 'Scotland', 'Scott', 'Shannon', 'Shelby', 'St. Charles', 'St. Clair', 'St. Francois', 'St. Louis', 'Ste. Genevieve', 'Stoddard', 'Stone', 'Sullivan', 'Taney', 'Texas', 'Vernon', 'Warren', 'Washington', 'Wayne', 'Webster', 'Worth', 'Wright']#################################################################
train score for random_forest: 0.9248906422866496
test score for random_forest: -0.24226328152170384
The mean absolute error is:$ 243.2002652014029
r_Score: -0.029977379796497505
Voting Regressor (in): 0.9969864198895448
Voting Regressor: -0.02997737979649751
5d07f6e57c1d83daee248ae7
p:  1091.9580376331792
5d09ce55f184f611416d98f2
p:  786.7960264032286
5d09d075f184f611416d9913
p:  1765.0939681418681
5d09ce67f184f611416d98f3
p:  1496.5486744262
5d0811f57c1d83daee248b5a
p:  1797.61131206081
5cf8b26d0627bf22fecf2fd4
p:  1537.3994905930304
5d0b4a21f12fac82e26efb1f
p:  1903.1392015449812
5d0b4b28f12fac82e26efb20
p:  917.0031754592936
5d0b4dbbf12fac82e26efb26
p:  1817.7728481479714
5d0b4dc821171180ce6efb64
p:  1561.169318152275
5d0b4f00f12fac82e26efb2b
p:  1089.8374368451646
5d0b4f1af12fac82e26efb2c
p:  1270.1550714436382
5d0b52e921171180ce6efb81
p:  1661.564841522668
5d0c975e3786587b8217ea31
p:  868.1375243428453
5d0c99673786587b8217ea38
p:  1753.2194029730135
5d0c99c43786587b8217ea3a
p:  1848.9118233176973
5d0c99cf3786587b8217ea3c
p:  1497.5688389189422
5d0c99d63786587b8217ea3d
p:  1550.4079017377721
5d0c99e73786587b8217ea3f
p:  1774.079508202158
5d0c9a883786587b8217ea41
p:  1781.4058200649165
5d0c9b003786587b8217ea43
p:  1774.093442135229
5d0c9b0c3786587b8217ea44
p:  1774.079508202158
5d0d1308ae78f7f2d314ad41
p:  1583.0227654248015
5d0d15fcae78f7f2d314ad4e
p:  1065.764225734964
5d0d209be2ea012a7414adb3
p:  1457.7474321046543
5d0d20a8e2ea012a7414adb4
p:  1357.3446496836764
5d0d28b343207cb60914adda
p:  1013.4327744270748
5d0d28f043207cb60914adde
p:  1614.3008310899645
5d0d290e43207cb60914ade2
p:  820.6472640619351
5d0d291a43207cb60914ade4
p:  1765.0939681418681
5d0d292143207cb60914ade5
p:  1821.6326594846794
5d0d292843207cb60914ade6
p:  1150.2168782139074
5d0d3de3ae78f7f2d314ae40
p:  1510.2555669184926
5d0d3f8043207cb60914ae79
p:  1134.5279947496406
5d0d3fec43207cb60914ae7c
p:  593.2567649265744
5d0d4665ae78f7f2d314ae74
p:  1765.0939681418681
5d0d46daae78f7f2d314ae75
p:  1120.9962318108473
5d0d46f643207cb60914ae92
p:  865.9528752055992
5d0d47a5ae78f7f2d314ae76
p:  1765.0939681418681
5d0d481eae78f7f2d314ae78
p:  812.2601272107416
5d0e67e745ebd0b4c32fce84
p:  1437.3232153828449
5d0e6d7819f56a0d5b8f8cc6
p:  1290.4271640425238
5d0e709c2b8f60b82b8f8cc2
p:  1088.7282676547813
5d0e7afc19f56a0d5b8f8d08
p:  817.0310831710531
5d0e7e0f2b8f60b82b8f8cff
p:  1204.555019822934
5d0e8c8b2b8f60b82b8f8d39
p:  1768.2688390100448
5d0e8ce645ebd0b4c32fcf62
p:  1688.1238781840584
5d0e8cef45ebd0b4c32fcf63
p:  1667.1828471541412
5d0e97eb2b8f60b82b8f8d6e
p:  1415.9565759364318
5d0e9b632b8f60b82b8f8d75
p:  1848.9118233176973
5d0e9d8119f56a0d5b8f8de5
p:  783.7789648232979
5d0ea7462b8f60b82b8f8dbe
p:  1471.2722759966114
5d0ea9042b8f60b82b8f8dd5
p:  1652.5185661744226
5d1298d6b7ae3de20d8d6e4c
p:  1743.630217056099
5d12bf16b7ae3de20d8d6f14
p:  1023.3911023547814
5d1786dafb6bf97d8975b5a6
p:  1614.3008310899645
5d185e12253e7cfd9b98bd40
p:  1177.129918623158
5d185ecf253e7cfd9b98bd45
p:  1411.3685502720496
5d19b340a22b896835d02ea2
p:  1214.2969462652923
5d19b34ba22b896835d02ea3
p:  1155.4301317037089
5d19b544a22b896835d02eb7
p:  1215.6860106799072
5d19b54ea22b896835d02eb8
p:  1781.4058200649165
5d19b558a22b896835d02eb9
p:  1765.3569977703664
5d19b562a22b896835d02eba
p:  1117.2325666905408
5d19b56fa22b896835d02ebb
p:  1950.1560413978182
5d19b57ea22b896835d02ebc
p:  1844.7209735207302
5d19b588a22b896835d02ebd
p:  1199.7782596156894
5d19b59ea22b896835d02ebf
p:  653.2338621264819
5d19b5aaa22b896835d02ec0
p:  1271.0346601545432
5d19c391a22b896835d02f3e
p:  1283.0124621922141
5d1b868e03ecbb08e0bf60e8
p:  1753.2194029730135
5d1bb54a03ecbb08e0bf617f
p:  1177.9997300714426
5d1bb96e03ecbb08e0bf618c
p:  1753.2194029730135
5d1bb99303ecbb08e0bf618d
p:  887.308309766665
5d1bb99a03ecbb08e0bf618e
p:  1453.581227950472
5d1bcbfb03ecbb08e0bf61e8
p:  1646.5480130465432
5d1bd0247e6c493d5945881d
p:  1821.6326594846794
5d1be0177e6c493d59458864
p:  746.5295202693756
5d1be5c87e6c493d59458873
p:  965.2894003158781
5d1be5de7e6c493d59458874
p:  1152.7035326148261
5d1c0942dbebfd779eefbc7a
p:  875.2659687448518
5d1c446edbebfd779eefbd3b
p:  634.0532502342082
5d1c5ed8dbebfd779eefbd4c
p:  1022.5291325426527
5d1c602edbebfd779eefbd4d
p:  1844.7209735207302
5d1c68000a1cbc8e6fefbd27
p:  1668.7557423296678
5d1c681d0a1cbc8e6fefbd28
p:  814.2354913495254
5d1c683e0a1cbc8e6fefbd29
p:  1848.9118233176973
5d1c68550a1cbc8e6fefbd2a
p:  1329.1954384071546
5d1c6b460a1cbc8e6fefbd3f
p:  1260.003732394449
5d1c6ed5dbebfd779eefbd69
p:  985.0317598123071
5d264785107c1d579eeb6901
p:  1774.079508202158
5d2675cf107c1d579eeb6942
p:  1837.9970527228538
5d268527ddcb4129edeb6964
p:  1476.785352537512
5d2693edddcb4129edeb6989
p:  1614.3008310899645
5d26d517107c1d579eeb6a01
p:  944.0406878932598
5d26f8bd107c1d579eeb6a2f
p:  1727.4530671784896
5d29c634199bf96b6045ad98
p:  1030.7572128339184
5d29c97f199bf96b6045ada6
p:  1306.9591638029967
5d29cab8199bf96b6045ada7
p:  1410.2870620330082
5d29caf4199bf96b6045ada8
p:  1781.4058200649165
5d29cb04199bf96b6045ada9
p:  1811.258506580873
5d2cb06faa1ce31ade80b045
p:  966.4709816337072
5d2cf10baa1ce31ade80b0e3
p:  1737.3319977896504
5d2cf152aa1ce31ade80b0e5
p:  827.3797703587206
5d2cf7e8aa1ce31ade80b0fd
p:  928.6987490637634
5d2cf7f7aa1ce31ade80b0fe
p:  972.8175935446993
5d2cf843aa1ce31ade80b0ff
p:  1422.774169088471
5d2cf867aa1ce31ade80b100
p:  783.7789648232979
5d2cf8e8aa1ce31ade80b102
p:  1545.8428718780206
5d2cf915aa1ce31ade80b103
p:  1493.9293072806408
5d2cfaabaa1ce31ade80b104
p:  1248.3932001261066
5d2cfc86aa1ce31ade80b105
p:  1877.5159864453306
5d2d2bccaa1ce31ade80b184
p:  988.5413863863192
5d2d2c2eaa1ce31ade80b187
p:  860.9248789543572
5d2e2b09b39b58f1d2167d00
p:  1257.0064184317503
5d2e2b16b39b58f1d2167d01
p:  1159.9807853863786
5d2e6ce8b39b58f1d2167d8b
p:  1767.0788906372698
5d2f76c88b6c8df1a080b6ca
p:  1212.5205334631587
5d3184ffd708b0a3d0a64e4f
p:  1144.190855856474
5d318568d708b0a3d0a64e50
p:  1289.5411145657317
5d318691d708b0a3d0a64e52
p:  1781.4058200649165
5d31869fd708b0a3d0a64e53
p:  1676.8579799954327
5d34ad4318f8dde30a0abc82
p:  1305.5935292872687
5d34b72b18f8dde30a0abc98
p:  964.903348209491
5d34d00c18f8dde30a0abcc9
p:  1298.6202534288764
5d388191dd2d94d3c8b03b91
p:  1194.3155036017783
5d388d9d7110e453a0b03a80
p:  963.9732934647985
5d388e1e02947826d9b03b86
p:  1689.896209131387
5d388faadd2d94d3c8b03bb3
p:  1843.925618679502
5d389096dd2d94d3c8b03bb6
p:  875.7924213265419
5d3895bc02947826d9b03b9f
p:  1670.4449336588095
5d38a06e7110e453a0b03aa8
p:  1821.6326594846794
5d38a07a7110e453a0b03aa9
p:  1209.8897390692919
5d38af167110e453a0b03acf
p:  1713.8552343012384
5d38bca6dd2d94d3c8b03c2a
p:  1175.5469586031259
5d38bd4b7110e453a0b03b03
p:  799.5977354066731
5d38bd5b7110e453a0b03b04
p:  1431.11617961889
5d38d22b02947826d9b03c5f
p:  805.2371000942031
5d38d2c002947826d9b03c61/home/testapiuser/HouseApp_2/RentPrediction/MORent.py:379: SettingWithCopyWarning: 
A value is trying to be set on a copy of a slice from a DataFrame.
Try using .loc[row_indexer,col_indexer] = value instead

See the caveats in the documentation: http://pandas.pydata.org/pandas-docs/stable/user_guide/indexing.html#returning-a-view-versus-a-copy
  df2['AreaSpace_SQFT'] = df2['AreaSpace_SQFT'].astype(int)
/home/testapiuser/HouseApp_2/RentPrediction/MORent.py:391: SettingWithCopyWarning: 
A value is trying to be set on a copy of a slice from a DataFrame.
Try using .loc[row_indexer,col_indexer] = value instead

See the caveats in the documentation: http://pandas.pydata.org/pandas-docs/stable/user_guide/indexing.html#returning-a-view-versus-a-copy
  df2['Rent'] = z1
/home/testapiuser/HouseApp_2/RentPrediction/MORent.py:398: SettingWithCopyWarning: 
A value is trying to be set on a copy of a slice from a DataFrame.
Try using .loc[row_indexer,col_indexer] = value instead

See the caveats in the documentation: http://pandas.pydata.org/pandas-docs/stable/user_guide/indexing.html#returning-a-view-versus-a-copy
  df2['AreaSpace_SQFT'] = z2

p:  853.6907349428154
5d38d7ba7110e453a0b03b41
p:  1230.8345634425393
5d38dfe7dd2d94d3c8b03c9c
p:  596.7611325854577
5d38eb287110e453a0b03b7a
p:  1771.581624830957
5d38ef2c02947826d9b03ccc
p:  1133.0001011302397
5d38ef5302947826d9b03ccd
p:  1504.3340214380496
5d38f0bc7110e453a0b03b8f
p:  1717.1572101065228
5d38f2ec02947826d9b03ce5
p:  1501.811349543377
5d3e69bff046cd7a6407b58b
p:  1765.0939681418681
5d3e88edbd7b3d656007b63a
p:  1116.2083840502382
5d3e90a12c3a06b7a107b626
p:  1601.5782482598615
5d3e964df046cd7a6407b638
p:  1436.5144182901372
5d3ea3672c3a06b7a107b65a
p:  1676.8579799954327
5d3ea3972c3a06b7a107b65b
p:  1796.6970495926962
5d3ea5fcbd7b3d656007b684
p:  1226.930538035135
5d3ea618bd7b3d656007b685
p:  1903.1392015449812
5d3ea64fbd7b3d656007b686
p:  1190.0036212898078
5d3ea674bd7b3d656007b687
p:  1204.1687497112275
5d3eb9db2c3a06b7a107b69d
p:  1774.079508202158
5d40e141e3a87001ca64b8b9
p:  794.6712490593482
5d40f6f5e3a87001ca64b8f8
p:  1485.1802303734712
5d43108b5059a34d102fa20d
p:  1286.1930937017437
5d4313e05059a34d102fa217
p:  979.7292170785864
5d43f03f0c2b93cba458ad07
p:  1145.9142629631867
5d474efeacae7a72623cb494
p:  791.1810503452396
5d475918d57846aad03cb3d9
p:  1903.1392015449812
5d47592ed57846aad03cb3da
p:  1085.5617777197576
5d475a91acae7a72623cb4bb
p:  957.5432568694368
5d4771e4d57846aad03cb41a
p:  1108.4417190214085
5d4781d8d57846aad03cb467
p:  1229.226731550273
5d47878cacae7a72623cb51d
p:  1777.726401465984
Current date and time: 2020-04-18 04:00:18
Successfully connect to DB.
For ['Adair', 'Andrew', 'Atchison', 'Audrain', 'Barry', 'Barton', 'Bates', 'Benton', 'Bollinger', 'Boone', 'Buchanan', 'Butler', 'Caldwell', 'Callaway', 'Camden', 'Cape Girardeau', 'Carroll', 'Carter', 'Cass', 'Cedar', 'Chariton', 'Christian', 'Clark', 'Clay', 'Clinton', 'Cole', 'Cooper', 'Crawford', 'Dade', 'Dallas', 'Daviess', 'DeKalb', 'Dent', 'Douglas', 'Dunklin', 'Franklin', 'Gasconade', 'Gentry', 'Greene', 'Grundy', 'Harrison', 'Henry', 'Hickory', 'Holt', 'Howard', 'Howell', 'Iron', 'Jackson', 'Jasper', 'Jefferson', 'Johnson', 'Knox', 'Laclede', 'Lafayette', 'Lawrence', 'Lewis', 'Lincoln', 'Linn', 'Livingston', 'Macon', 'Madison', 'Maries', 'Marion', 'McDonald', 'Mercer', 'Miller', 'Mississippi', 'Moniteau', 'Monroe', 'Montgomery', 'Morgan', 'New Madrid', 'Newton', 'Nodaway', 'Oregon', 'Osage', 'Ozark', 'Pemiscot', 'Perry', 'Pettis', 'Phelps', 'Pike', 'Platte', 'Polk', 'Pulaski', 'Putnam', 'Ralls', 'Randolph', 'Ray', 'Reynolds', 'Ripley', 'Saline', 'Schuyler', 'Scotland', 'Scott', 'Shannon', 'Shelby', 'St. Charles', 'St. Clair', 'St. Francois', 'St. Louis', 'Ste. Genevieve', 'Stoddard', 'Stone', 'Sullivan', 'Taney', 'Texas', 'Vernon', 'Warren', 'Washington', 'Wayne', 'Webster', 'Worth', 'Wright']#################################################################
train score for random_forest: 0.9285715926134663
test score for random_forest: -0.20352541661112244
The mean absolute error is:$ 237.3193165928401
r_Score: -0.03788964014569629
Voting Regressor (in): 0.9969650269862461
Voting Regressor: -0.03788964014569629
5d07f6e57c1d83daee248ae7
p:  1062.3745143501415
5d09ce55f184f611416d98f2
p:  809.0765214520131
5d09d075f184f611416d9913
p:  1772.1677818353648
5d09ce67f184f611416d98f3
p:  1468.061145747503
5d0811f57c1d83daee248b5a
p:  1777.8353186175784
5cf8b26d0627bf22fecf2fd4
p:  1572.3203771181497
5d0b4a21f12fac82e26efb1f
p:  1911.5872001526534
5d0b4b28f12fac82e26efb20
p:  966.0887810517971
5d0b4dbbf12fac82e26efb26
p:  1803.2021228116128
5d0b4dc821171180ce6efb64
p:  1616.6571546201722
5d0b4f00f12fac82e26efb2b
p:  1051.1789338518192
5d0b4f1af12fac82e26efb2c
p:  1279.359344322198
5d0b52e921171180ce6efb81
p:  1654.127376560863
5d0c975e3786587b8217ea31
p:  867.2017821194187
5d0c99673786587b8217ea38
p:  1797.9150731680895
5d0c99c43786587b8217ea3a
p:  1810.264666414495
5d0c99cf3786587b8217ea3c
p:  1540.2693056815829
5d0c99d63786587b8217ea3d
p:  1566.8742987049225
5d0c99e73786587b8217ea3f
p:  1771.5535679167567
5d0c9a883786587b8217ea41
p:  1773.296793014413
5d0c9b003786587b8217ea43
p:  1770.5229893034755
5d0c9b0c3786587b8217ea44
p:  1771.5535679167567
5d0d1308ae78f7f2d314ad41
p:  1599.4431715258693
5d0d15fcae78f7f2d314ad4e
p:  1069.8860816832507
5d0d209be2ea012a7414adb3
p:  1454.4214087128025
5d0d20a8e2ea012a7414adb4
p:  1241.2493605831037
5d0d28b343207cb60914adda
p:  1045.3807415788199
5d0d28f043207cb60914adde
p:  1607.4544891498788
5d0d290e43207cb60914ade2
p:  831.6668144004574
5d0d291a43207cb60914ade4
p:  1772.1677818353648
5d0d292143207cb60914ade5
p:  1802.9385605677114
5d0d292843207cb60914ade6
p:  1166.3113874202936
5d0d3de3ae78f7f2d314ae40
p:  1487.5604499956398
5d0d3f8043207cb60914ae79
p:  1118.2167013360595
5d0d3fec43207cb60914ae7c
p:  586.4834203504031
5d0d4665ae78f7f2d314ae74
p:  1772.1677818353648
5d0d46daae78f7f2d314ae75
p:  1149.1485935101748
5d0d46f643207cb60914ae92
p:  898.1263272931526
5d0d47a5ae78f7f2d314ae76
p:  1772.1677818353648
5d0d481eae78f7f2d314ae78
p:  751.6947448190983
5d0e67e745ebd0b4c32fce84
p:  1430.2323022254013
5d0e6d7819f56a0d5b8f8cc6
p:  1214.816165606559
5d0e709c2b8f60b82b8f8cc2
p:  1097.356568352846
5d0e7afc19f56a0d5b8f8d08
p:  836.3399757026618
5d0e7e0f2b8f60b82b8f8cff
p:  1192.620549633369
5d0e8c8b2b8f60b82b8f8d39
p:  1761.4287137846297
5d0e8ce645ebd0b4c32fcf62
p:  1712.1572613290027
5d0e8cef45ebd0b4c32fcf63
p:  1653.2141573782167
5d0e97eb2b8f60b82b8f8d6e
p:  1476.9532062845242
5d0e9b632b8f60b82b8f8d75
p:  1810.264666414495
5d0e9d8119f56a0d5b8f8de5
p:  778.5909717904117
5d0ea7462b8f60b82b8f8dbe
p:  1411.614261880799
5d0ea9042b8f60b82b8f8dd5
p:  1672.3016885965003
5d1298d6b7ae3de20d8d6e4c
p:  1756.7682421314162
5d12bf16b7ae3de20d8d6f14
p:  1005.15683959468
5d1786dafb6bf97d8975b5a6
p:  1607.4544891498788
5d185e12253e7cfd9b98bd40
p:  1195.4323113850055
5d185ecf253e7cfd9b98bd45
p:  1420.661235354074
5d19b340a22b896835d02ea2
p:  1225.0415626279387
5d19b34ba22b896835d02ea3
p:  1122.0657191399155
5d19b544a22b896835d02eb7
p:  1211.3508603634605
5d19b54ea22b896835d02eb8
p:  1773.296793014413
5d19b558a22b896835d02eb9
p:  1779.3599270601494
5d19b562a22b896835d02eba
p:  1135.5265359829218
5d19b56fa22b896835d02ebb
p:  1942.8187702070888
5d19b57ea22b896835d02ebc
p:  1806.179306433804
5d19b588a22b896835d02ebd
p:  1216.3914829317482
5d19b59ea22b896835d02ebf
p:  640.1917684298395
5d19b5aaa22b896835d02ec0
p:  1265.0754573048873
5d19c391a22b896835d02f3e
p:  1292.1246846051863
5d1b868e03ecbb08e0bf60e8
p:  1797.9150731680895
5d1bb54a03ecbb08e0bf617f
p:  1195.4323113850055
5d1bb96e03ecbb08e0bf618c
p:  1797.9150731680895
5d1bb99303ecbb08e0bf618d
p:  861.6941625410129
5d1bb99a03ecbb08e0bf618e
p:  1460.4928618414715
5d1bcbfb03ecbb08e0bf61e8
p:  1652.945665190032
5d1bd0247e6c493d5945881d
p:  1802.9385605677114
5d1be0177e6c493d59458864
p:  758.8573403989519
5d1be5c87e6c493d59458873
p:  923.6820217241598
5d1be5de7e6c493d59458874
p:  1170.1730438500263
5d1c0942dbebfd779eefbc7a
p:  878.0181292014845
5d1c446edbebfd779eefbd3b
p:  641.9591245161446
5d1c5ed8dbebfd779eefbd4c
p:  991.3736733874077
5d1c602edbebfd779eefbd4d
p:  1806.179306433804
5d1c68000a1cbc8e6fefbd27
p:  1674.9418134686593
5d1c681d0a1cbc8e6fefbd28
p:  836.6665888616576
5d1c683e0a1cbc8e6fefbd29
p:  1816.795916414495
5d1c68550a1cbc8e6fefbd2a
p:  1272.8996860066327
5d1c6b460a1cbc8e6fefbd3f
p:  1250.0172887344663
5d1c6ed5dbebfd779eefbd69
p:  933.4874538377535
5d264785107c1d579eeb6901
p:  1771.5535679167567
5d2675cf107c1d579eeb6942
p:  1837.0850517885176
5d268527ddcb4129edeb6964
p:  1503.8345075991845
5d2693edddcb4129edeb6989
p:  1607.4544891498788
5d26d517107c1d579eeb6a01
p:  930.4434702968665
5d26f8bd107c1d579eeb6a2f
p:  1754.298116057928
5d29c634199bf96b6045ad98
p:  1034.5565812760992
5d29c97f199bf96b6045ada6
p:  1316.183917931773
5d29cab8199bf96b6045ada7
p:  1417.280051617117
5d29caf4199bf96b6045ada8
p:  1773.296793014413
5d29cb04199bf96b6045ada9
p:  1801.1366422528558
5d2cb06faa1ce31ade80b045
p:  915.1368067937336
5d2cf10baa1ce31ade80b0e3
p:  1773.739593056071
5d2cf152aa1ce31ade80b0e5
p:  801.3684231133848
5d2cf7e8aa1ce31ade80b0fd
p:  882.7820295655911
5d2cf7f7aa1ce31ade80b0fe
p:  973.0644656924077
5d2cf843aa1ce31ade80b0ff
p:  1473.9380273912575
5d2cf867aa1ce31ade80b100
p:  778.5909717904117
5d2cf8e8aa1ce31ade80b102
p:  1517.9395614638029
5d2cf915aa1ce31ade80b103
p:  1433.501589842892
5d2cfaabaa1ce31ade80b104
p:  1187.702670958696
5d2cfc86aa1ce31ade80b105
p:  1885.0960187493954
5d2d2bccaa1ce31ade80b184
p:  958.5151888091455
5d2d2c2eaa1ce31ade80b187
p:  823.0672449935191
5d2e2b09b39b58f1d2167d00
p:  1264.9344025613407
5d2e2b16b39b58f1d2167d01
p:  1191.15540862538
5d2e6ce8b39b58f1d2167d8b
p:  1792.6288684873662
5d2f76c88b6c8df1a080b6ca
p:  1217.585416743883
5d3184ffd708b0a3d0a64e4f
p:  1157.9860738676507
5d318568d708b0a3d0a64e50
p:  1295.2734568847304
5d318691d708b0a3d0a64e52
p:  1773.296793014413
5d31869fd708b0a3d0a64e53
p:  1729.7526403477332
5d34ad4318f8dde30a0abc82
p:  1287.5245854492812
5d34b72b18f8dde30a0abc98
p:  967.8960434555413
5d34d00c18f8dde30a0abcc9
p:  1264.6339620209146
5d388191dd2d94d3c8b03b91
p:  1192.1088673333477
5d388d9d7110e453a0b03a80
p:  992.9642547402062
5d388e1e02947826d9b03b86
p:  1700.7527136182016
5d388faadd2d94d3c8b03bb3
p:  1814.1974479602763
5d389096dd2d94d3c8b03bb6
p:  880.3977145163813
5d3895bc02947826d9b03b9f
p:  1691.4488378485712
5d38a06e7110e453a0b03aa8
p:  1802.9385605677114
5d38a07a7110e453a0b03aa9
p:  1118.1778111681822
5d38af167110e453a0b03acf
p:  1737.8782577253846
5d38bca6dd2d94d3c8b03c2a
p:  1175.882112128811
5d38bd4b7110e453a0b03b03
p:  791.5824920574853
5d38bd5b7110e453a0b03b04
p:  1369.0246432183676
5d38d22b02947826d9b03c5f
p:  833.9658871956735
5d38d2c002947826d9b03c61/home/testapiuser/HouseApp_2/RentPrediction/MORent.py:379: SettingWithCopyWarning: 
A value is trying to be set on a copy of a slice from a DataFrame.
Try using .loc[row_indexer,col_indexer] = value instead

See the caveats in the documentation: http://pandas.pydata.org/pandas-docs/stable/user_guide/indexing.html#returning-a-view-versus-a-copy
  df2['AreaSpace_SQFT'] = df2['AreaSpace_SQFT'].astype(int)
/home/testapiuser/HouseApp_2/RentPrediction/MORent.py:391: SettingWithCopyWarning: 
A value is trying to be set on a copy of a slice from a DataFrame.
Try using .loc[row_indexer,col_indexer] = value instead

See the caveats in the documentation: http://pandas.pydata.org/pandas-docs/stable/user_guide/indexing.html#returning-a-view-versus-a-copy
  df2['Rent'] = z1
/home/testapiuser/HouseApp_2/RentPrediction/MORent.py:398: SettingWithCopyWarning: 
A value is trying to be set on a copy of a slice from a DataFrame.
Try using .loc[row_indexer,col_indexer] = value instead

See the caveats in the documentation: http://pandas.pydata.org/pandas-docs/stable/user_guide/indexing.html#returning-a-view-versus-a-copy
  df2['AreaSpace_SQFT'] = z2

p:  832.692571365515
5d38d7ba7110e453a0b03b41
p:  1248.5258022058902
5d38dfe7dd2d94d3c8b03c9c
p:  587.7083013980905
5d38eb287110e453a0b03b7a
p:  1801.0828627128903
5d38ef2c02947826d9b03ccc
p:  1088.8137653268207
5d38ef5302947826d9b03ccd
p:  1537.6789736503329
5d38f0bc7110e453a0b03b8f
p:  1729.3720650053506
5d38f2ec02947826d9b03ce5
p:  1556.3862807189093
5d3e69bff046cd7a6407b58b
p:  1772.1677818353648
5d3e88edbd7b3d656007b63a
p:  1085.4379326905675
5d3e90a12c3a06b7a107b626
p:  1599.2761523864906
5d3e964df046cd7a6407b638
p:  1442.5083074984218
5d3ea3672c3a06b7a107b65a
p:  1729.7526403477332
5d3ea3972c3a06b7a107b65b
p:  1807.027465503304
5d3ea5fcbd7b3d656007b684
p:  1184.6092959733492
5d3ea618bd7b3d656007b685
p:  1911.5872001526534
5d3ea64fbd7b3d656007b686
p:  1218.6831956749334
5d3ea674bd7b3d656007b687
p:  1206.0693617447637
5d3eb9db2c3a06b7a107b69d
p:  1771.5535679167567
5d40e141e3a87001ca64b8b9
p:  789.2637112996197
5d40f6f5e3a87001ca64b8f8
p:  1469.2124225600228
5d43108b5059a34d102fa20d
p:  1237.0329275255563
5d4313e05059a34d102fa217
p:  990.8477955410281
5d43f03f0c2b93cba458ad07
p:  1120.8937503660782
5d474efeacae7a72623cb494
p:  788.6554024694094
5d475918d57846aad03cb3d9
p:  1911.5872001526534
5d47592ed57846aad03cb3da
p:  1099.3029464478154
5d475a91acae7a72623cb4bb
p:  988.4336377420954
5d4771e4d57846aad03cb41a
p:  1085.392000637016
5d4781d8d57846aad03cb467
p:  1294.9918858331557
5d47878cacae7a72623cb51d
p:  1783.9050204667737
